<?xml version='1.1' encoding='UTF-8'?>
<result plugin="junit@1.24">
  <suites>
    <suite>
      <file>/var/lib/jenkins/jobs/iTrust_Fuzzer/workspace/iTrust2/target/surefire-reports/TEST-edu.ncsu.csc.itrust2.apitest.APIAppointmentRequestTest.xml</file>
      <name>edu.ncsu.csc.itrust2.apitest.APIAppointmentRequestTest</name>
      <duration>0.001</duration>
      <time>0.001</time>
      <enclosingBlocks/>
      <enclosingBlockNames/>
      <cases>
        <case>
          <duration>0.0</duration>
          <className>edu.ncsu.csc.itrust2.apitest.APIAppointmentRequestTest</className>
          <testName>testCreateBadAppointmentRequest</testName>
          <skipped>false</skipped>
          <errorStackTrace>java.lang.AssertionError: Status expected:&lt;400&gt; but was:&lt;404&gt;
	at edu.ncsu.csc.itrust2.apitest.APIAppointmentRequestTest.testCreateBadAppointmentRequest(APIAppointmentRequestTest.java:107)
</errorStackTrace>
          <errorDetails>Status expected:&lt;400&gt; but was:&lt;404&gt;</errorDetails>
          <stdout>21:46:10.068 [main] DEBUG o.s.t.c.j.SpringJUnit4ClassRunner - SpringJUnit4ClassRunner constructor called with [class edu.ncsu.csc.itrust2.apitest.APIAppointmentRequestTest]
21:46:10.068 [main] DEBUG o.s.test.context.BootstrapUtils - Instantiating CacheAwareContextLoaderDelegate from class [org.springframework.test.context.cache.DefaultCacheAwareContextLoaderDelegate]
21:46:10.068 [main] DEBUG o.s.test.context.BootstrapUtils - Instantiating BootstrapContext using constructor [public org.springframework.test.context.support.DefaultBootstrapContext(java.lang.Class,org.springframework.test.context.CacheAwareContextLoaderDelegate)]
21:46:10.068 [main] DEBUG o.s.test.context.BootstrapUtils - Instantiating TestContextBootstrapper for test class [edu.ncsu.csc.itrust2.apitest.APIAppointmentRequestTest] from class [org.springframework.test.context.web.WebTestContextBootstrapper]
21:46:10.068 [main] DEBUG o.s.t.c.s.AbstractDelegatingSmartContextLoader - Delegating to AnnotationConfigWebContextLoader to process context configuration [ContextConfigurationAttributes@3e3831d1 declaringClass = &apos;edu.ncsu.csc.itrust2.apitest.APIAppointmentRequestTest&apos;, classes = &apos;{class edu.ncsu.csc.itrust2.config.RootConfiguration, class edu.ncsu.csc.itrust2.mvc.config.WebMvcConfiguration}&apos;, locations = &apos;{}&apos;, inheritLocations = true, initializers = &apos;{}&apos;, inheritInitializers = true, name = [null], contextLoaderClass = &apos;org.springframework.test.context.ContextLoader&apos;].
21:46:10.069 [main] DEBUG o.s.t.c.support.ActiveProfilesUtils - Could not find an &apos;annotation declaring class&apos; for annotation type [org.springframework.test.context.ActiveProfiles] and class [edu.ncsu.csc.itrust2.apitest.APIAppointmentRequestTest]
21:46:10.069 [main] DEBUG o.s.t.c.w.WebTestContextBootstrapper - @TestExecutionListeners is not present for class [edu.ncsu.csc.itrust2.apitest.APIAppointmentRequestTest]: using defaults.
21:46:10.070 [main] INFO  o.s.t.c.w.WebTestContextBootstrapper - Loaded default TestExecutionListener class names from location [META-INF/spring.factories]: [org.springframework.security.test.context.support.WithSecurityContextTestExecutionListener, org.springframework.test.context.web.ServletTestExecutionListener, org.springframework.test.context.support.DirtiesContextBeforeModesTestExecutionListener, org.springframework.test.context.support.DependencyInjectionTestExecutionListener, org.springframework.test.context.support.DirtiesContextTestExecutionListener, org.springframework.test.context.transaction.TransactionalTestExecutionListener, org.springframework.test.context.jdbc.SqlScriptsTestExecutionListener]
21:46:10.070 [main] INFO  o.s.t.c.w.WebTestContextBootstrapper - Using TestExecutionListeners: [org.springframework.test.context.web.ServletTestExecutionListener@58da8273, org.springframework.test.context.support.DirtiesContextBeforeModesTestExecutionListener@30e69c61, org.springframework.test.context.support.DependencyInjectionTestExecutionListener@52bdd6cb, org.springframework.test.context.support.DirtiesContextTestExecutionListener@588cbec6, org.springframework.test.context.transaction.TransactionalTestExecutionListener@54c976be, org.springframework.test.context.jdbc.SqlScriptsTestExecutionListener@50c8edd2, org.springframework.security.test.context.support.WithSecurityContextTestExecutionListener@6cff628e]
21:46:10.070 [main] DEBUG o.s.t.annotation.ProfileValueUtils - Retrieved @ProfileValueSourceConfiguration [null] for test class [edu.ncsu.csc.itrust2.apitest.APIAppointmentRequestTest]
21:46:10.070 [main] DEBUG o.s.t.annotation.ProfileValueUtils - Retrieved ProfileValueSource type [class org.springframework.test.annotation.SystemProfileValueSource] for class [edu.ncsu.csc.itrust2.apitest.APIAppointmentRequestTest]
21:46:10.070 [main] DEBUG o.s.t.annotation.ProfileValueUtils - Retrieved @ProfileValueSourceConfiguration [null] for test class [edu.ncsu.csc.itrust2.apitest.APIAppointmentRequestTest]
21:46:10.070 [main] DEBUG o.s.t.annotation.ProfileValueUtils - Retrieved ProfileValueSource type [class org.springframework.test.annotation.SystemProfileValueSource] for class [edu.ncsu.csc.itrust2.apitest.APIAppointmentRequestTest]
21:46:10.070 [main] DEBUG o.s.t.annotation.ProfileValueUtils - Retrieved @ProfileValueSourceConfiguration [null] for test class [edu.ncsu.csc.itrust2.apitest.APIAppointmentRequestTest]
21:46:10.070 [main] DEBUG o.s.t.annotation.ProfileValueUtils - Retrieved ProfileValueSource type [class org.springframework.test.annotation.SystemProfileValueSource] for class [edu.ncsu.csc.itrust2.apitest.APIAppointmentRequestTest]
21:46:10.070 [main] DEBUG o.s.t.c.s.AbstractDirtiesContextTestExecutionListener - Before test class: context [DefaultTestContext@51389b59 testClass = APIAppointmentRequestTest, testInstance = [null], testMethod = [null], testException = [null], mergedContextConfiguration = [WebMergedContextConfiguration@4e5b7b46 testClass = APIAppointmentRequestTest, locations = &apos;{}&apos;, classes = &apos;{class edu.ncsu.csc.itrust2.config.RootConfiguration, class edu.ncsu.csc.itrust2.mvc.config.WebMvcConfiguration}&apos;, contextInitializerClasses = &apos;[]&apos;, activeProfiles = &apos;{}&apos;, propertySourceLocations = &apos;{}&apos;, propertySourceProperties = &apos;{}&apos;, contextCustomizers = set[[empty]], resourceBasePath = &apos;src/main/webapp&apos;, contextLoader = &apos;org.springframework.test.context.web.WebDelegatingSmartContextLoader&apos;, parent = [null]]], class annotated with @DirtiesContext [false] with mode [null].
21:46:10.070 [main] DEBUG o.s.t.annotation.ProfileValueUtils - Retrieved @ProfileValueSourceConfiguration [null] for test class [edu.ncsu.csc.itrust2.apitest.APIAppointmentRequestTest]
21:46:10.070 [main] DEBUG o.s.t.annotation.ProfileValueUtils - Retrieved ProfileValueSource type [class org.springframework.test.annotation.SystemProfileValueSource] for class [edu.ncsu.csc.itrust2.apitest.APIAppointmentRequestTest]
21:46:10.070 [main] DEBUG o.s.t.c.c.DefaultCacheAwareContextLoaderDelegate - Retrieved ApplicationContext from cache with key [[WebMergedContextConfiguration@4e5b7b46 testClass = APIAppointmentRequestTest, locations = &apos;{}&apos;, classes = &apos;{class edu.ncsu.csc.itrust2.config.RootConfiguration, class edu.ncsu.csc.itrust2.mvc.config.WebMvcConfiguration}&apos;, contextInitializerClasses = &apos;[]&apos;, activeProfiles = &apos;{}&apos;, propertySourceLocations = &apos;{}&apos;, propertySourceProperties = &apos;{}&apos;, contextCustomizers = set[[empty]], resourceBasePath = &apos;src/main/webapp&apos;, contextLoader = &apos;org.springframework.test.context.web.WebDelegatingSmartContextLoader&apos;, parent = [null]]]
21:46:10.070 [main] DEBUG o.springframework.test.context.cache - Spring test ApplicationContext cache statistics: [DefaultContextCache@44f35879 size = 1, maxSize = 32, parentContextCount = 0, hitCount = 19, missCount = 1]
21:46:10.070 [main] DEBUG o.s.t.c.w.ServletTestExecutionListener - Setting up MockHttpServletRequest, MockHttpServletResponse, ServletWebRequest, and RequestContextHolder for test context [DefaultTestContext@51389b59 testClass = APIAppointmentRequestTest, testInstance = edu.ncsu.csc.itrust2.apitest.APIAppointmentRequestTest@59eab922, testMethod = [null], testException = [null], mergedContextConfiguration = [WebMergedContextConfiguration@4e5b7b46 testClass = APIAppointmentRequestTest, locations = &apos;{}&apos;, classes = &apos;{class edu.ncsu.csc.itrust2.config.RootConfiguration, class edu.ncsu.csc.itrust2.mvc.config.WebMvcConfiguration}&apos;, contextInitializerClasses = &apos;[]&apos;, activeProfiles = &apos;{}&apos;, propertySourceLocations = &apos;{}&apos;, propertySourceProperties = &apos;{}&apos;, contextCustomizers = set[[empty]], resourceBasePath = &apos;src/main/webapp&apos;, contextLoader = &apos;org.springframework.test.context.web.WebDelegatingSmartContextLoader&apos;, parent = [null]]].
21:46:10.070 [main] DEBUG o.s.t.c.s.DependencyInjectionTestExecutionListener - Performing dependency injection for test context [[DefaultTestContext@51389b59 testClass = APIAppointmentRequestTest, testInstance = edu.ncsu.csc.itrust2.apitest.APIAppointmentRequestTest@59eab922, testMethod = [null], testException = [null], mergedContextConfiguration = [WebMergedContextConfiguration@4e5b7b46 testClass = APIAppointmentRequestTest, locations = &apos;{}&apos;, classes = &apos;{class edu.ncsu.csc.itrust2.config.RootConfiguration, class edu.ncsu.csc.itrust2.mvc.config.WebMvcConfiguration}&apos;, contextInitializerClasses = &apos;[]&apos;, activeProfiles = &apos;{}&apos;, propertySourceLocations = &apos;{}&apos;, propertySourceProperties = &apos;{}&apos;, contextCustomizers = set[[empty]], resourceBasePath = &apos;src/main/webapp&apos;, contextLoader = &apos;org.springframework.test.context.web.WebDelegatingSmartContextLoader&apos;, parent = [null]]]].
21:46:10.071 [main] DEBUG o.s.t.c.c.DefaultCacheAwareContextLoaderDelegate - Retrieved ApplicationContext from cache with key [[WebMergedContextConfiguration@4e5b7b46 testClass = APIAppointmentRequestTest, locations = &apos;{}&apos;, classes = &apos;{class edu.ncsu.csc.itrust2.config.RootConfiguration, class edu.ncsu.csc.itrust2.mvc.config.WebMvcConfiguration}&apos;, contextInitializerClasses = &apos;[]&apos;, activeProfiles = &apos;{}&apos;, propertySourceLocations = &apos;{}&apos;, propertySourceProperties = &apos;{}&apos;, contextCustomizers = set[[empty]], resourceBasePath = &apos;src/main/webapp&apos;, contextLoader = &apos;org.springframework.test.context.web.WebDelegatingSmartContextLoader&apos;, parent = [null]]]
21:46:10.071 [main] DEBUG o.springframework.test.context.cache - Spring test ApplicationContext cache statistics: [DefaultContextCache@44f35879 size = 1, maxSize = 32, parentContextCount = 0, hitCount = 20, missCount = 1]
21:46:10.072 [main] DEBUG o.s.b.f.annotation.InjectionMetadata - Processing injected element of bean &apos;edu.ncsu.csc.itrust2.apitest.APIAppointmentRequestTest&apos;: AutowiredFieldElement for private org.springframework.web.context.WebApplicationContext edu.ncsu.csc.itrust2.apitest.APIAppointmentRequestTest.context
21:46:10.072 [main] DEBUG o.s.b.f.a.AutowiredAnnotationBeanPostProcessor - Autowiring by type from bean name &apos;edu.ncsu.csc.itrust2.apitest.APIAppointmentRequestTest&apos; to bean named &apos;org.springframework.web.context.support.GenericWebApplicationContext@25f7739c&apos;
21:46:10.072 [main] DEBUG o.s.b.f.s.DefaultListableBeanFactory - Returning cached instance of singleton bean &apos;metaDataSourceAdvisor&apos;
21:46:10.072 [main] DEBUG o.s.t.c.s.AbstractDirtiesContextTestExecutionListener - Before test method: context [DefaultTestContext@51389b59 testClass = APIAppointmentRequestTest, testInstance = edu.ncsu.csc.itrust2.apitest.APIAppointmentRequestTest@59eab922, testMethod = testCreateBadAppointmentRequest@APIAppointmentRequestTest, testException = [null], mergedContextConfiguration = [WebMergedContextConfiguration@4e5b7b46 testClass = APIAppointmentRequestTest, locations = &apos;{}&apos;, classes = &apos;{class edu.ncsu.csc.itrust2.config.RootConfiguration, class edu.ncsu.csc.itrust2.mvc.config.WebMvcConfiguration}&apos;, contextInitializerClasses = &apos;[]&apos;, activeProfiles = &apos;{}&apos;, propertySourceLocations = &apos;{}&apos;, propertySourceProperties = &apos;{}&apos;, contextCustomizers = set[[empty]], resourceBasePath = &apos;src/main/webapp&apos;, contextLoader = &apos;org.springframework.test.context.web.WebDelegatingSmartContextLoader&apos;, parent = [null]]], class annotated with @DirtiesContext [false] with mode [null], method annotated with @DirtiesContext [false] with mode [null].
21:46:10.072 [main] DEBUG o.s.t.w.s.TestDispatcherServlet - Initializing servlet &apos;&apos;
21:46:10.072 [main] DEBUG o.s.w.c.s.StandardServletEnvironment - Adding [servletConfigInitParams] PropertySource with lowest search precedence
21:46:10.073 [main] DEBUG o.s.w.c.s.StandardServletEnvironment - Adding [servletContextInitParams] PropertySource with lowest search precedence
21:46:10.073 [main] DEBUG o.s.w.c.s.StandardServletEnvironment - Adding [systemProperties] PropertySource with lowest search precedence
21:46:10.073 [main] DEBUG o.s.w.c.s.StandardServletEnvironment - Adding [systemEnvironment] PropertySource with lowest search precedence
21:46:10.073 [main] DEBUG o.s.w.c.s.StandardServletEnvironment - Initialized StandardServletEnvironment with PropertySources [servletConfigInitParams,servletContextInitParams,systemProperties,systemEnvironment]
21:46:10.073 [main] INFO  o.s.mock.web.MockServletContext - Initializing Spring FrameworkServlet &apos;&apos;
21:46:10.073 [main] INFO  o.s.t.w.s.TestDispatcherServlet - FrameworkServlet &apos;&apos;: initialization started
21:46:10.073 [main] DEBUG o.s.t.w.s.TestDispatcherServlet - Unable to locate MultipartResolver with name &apos;multipartResolver&apos;: no multipart request handling provided
21:46:10.073 [main] DEBUG o.s.b.f.s.DefaultListableBeanFactory - Creating instance of bean &apos;org.springframework.web.servlet.i18n.AcceptHeaderLocaleResolver&apos;
21:46:10.073 [main] DEBUG o.s.b.f.s.DefaultListableBeanFactory - Finished creating instance of bean &apos;org.springframework.web.servlet.i18n.AcceptHeaderLocaleResolver&apos;
21:46:10.073 [main] DEBUG o.s.t.w.s.TestDispatcherServlet - Unable to locate LocaleResolver with name &apos;localeResolver&apos;: using default [org.springframework.web.servlet.i18n.AcceptHeaderLocaleResolver@5b61e35b]
21:46:10.073 [main] DEBUG o.s.b.f.s.DefaultListableBeanFactory - Creating instance of bean &apos;org.springframework.web.servlet.theme.FixedThemeResolver&apos;
21:46:10.073 [main] DEBUG o.s.b.f.s.DefaultListableBeanFactory - Finished creating instance of bean &apos;org.springframework.web.servlet.theme.FixedThemeResolver&apos;
21:46:10.073 [main] DEBUG o.s.t.w.s.TestDispatcherServlet - Unable to locate ThemeResolver with name &apos;themeResolver&apos;: using default [org.springframework.web.servlet.theme.FixedThemeResolver@4ef5223a]
21:46:10.073 [main] DEBUG o.s.b.f.s.DefaultListableBeanFactory - Returning cached instance of singleton bean &apos;requestMappingHandlerMapping&apos;
21:46:10.073 [main] DEBUG o.s.b.f.s.DefaultListableBeanFactory - Returning cached instance of singleton bean &apos;viewControllerHandlerMapping&apos;
21:46:10.073 [main] DEBUG o.s.b.f.s.DefaultListableBeanFactory - Returning cached instance of singleton bean &apos;beanNameHandlerMapping&apos;
21:46:10.073 [main] DEBUG o.s.b.f.s.DefaultListableBeanFactory - Returning cached instance of singleton bean &apos;resourceHandlerMapping&apos;
21:46:10.073 [main] DEBUG o.s.b.f.s.DefaultListableBeanFactory - Returning cached instance of singleton bean &apos;defaultServletHandlerMapping&apos;
21:46:10.074 [main] DEBUG o.s.b.f.s.DefaultListableBeanFactory - Returning cached instance of singleton bean &apos;requestMappingHandlerAdapter&apos;
21:46:10.074 [main] DEBUG o.s.b.f.s.DefaultListableBeanFactory - Returning cached instance of singleton bean &apos;httpRequestHandlerAdapter&apos;
21:46:10.074 [main] DEBUG o.s.b.f.s.DefaultListableBeanFactory - Returning cached instance of singleton bean &apos;simpleControllerHandlerAdapter&apos;
21:46:10.074 [main] DEBUG o.s.b.f.s.DefaultListableBeanFactory - Returning cached instance of singleton bean &apos;handlerExceptionResolver&apos;
21:46:10.074 [main] DEBUG o.s.b.f.s.DefaultListableBeanFactory - Creating instance of bean &apos;org.springframework.web.servlet.view.DefaultRequestToViewNameTranslator&apos;
21:46:10.074 [main] DEBUG o.s.b.f.s.DefaultListableBeanFactory - Finished creating instance of bean &apos;org.springframework.web.servlet.view.DefaultRequestToViewNameTranslator&apos;
21:46:10.074 [main] DEBUG o.s.t.w.s.TestDispatcherServlet - Unable to locate RequestToViewNameTranslator with name &apos;viewNameTranslator&apos;: using default [org.springframework.web.servlet.view.DefaultRequestToViewNameTranslator@425aa16f]
21:46:10.074 [main] DEBUG o.s.b.f.s.DefaultListableBeanFactory - Returning cached instance of singleton bean &apos;mvcViewResolver&apos;
21:46:10.074 [main] DEBUG o.s.b.f.s.DefaultListableBeanFactory - Returning cached instance of singleton bean &apos;viewResolver&apos;
21:46:10.074 [main] DEBUG o.s.b.f.s.DefaultListableBeanFactory - Creating instance of bean &apos;org.springframework.web.servlet.support.SessionFlashMapManager&apos;
21:46:10.074 [main] DEBUG o.s.b.f.s.DefaultListableBeanFactory - Finished creating instance of bean &apos;org.springframework.web.servlet.support.SessionFlashMapManager&apos;
21:46:10.074 [main] DEBUG o.s.t.w.s.TestDispatcherServlet - Unable to locate FlashMapManager with name &apos;flashMapManager&apos;: using default [org.springframework.web.servlet.support.SessionFlashMapManager@3eecb0e4]
21:46:10.074 [main] DEBUG o.s.t.w.s.TestDispatcherServlet - Published WebApplicationContext of servlet &apos;&apos; as ServletContext attribute with name [org.springframework.web.servlet.FrameworkServlet.CONTEXT.]
21:46:10.074 [main] INFO  o.s.t.w.s.TestDispatcherServlet - FrameworkServlet &apos;&apos;: initialization completed in 1 ms
21:46:10.074 [main] DEBUG o.s.t.w.s.TestDispatcherServlet - Servlet &apos;&apos; configured successfully
21:46:10.075 [main] DEBUG o.s.t.w.s.TestDispatcherServlet - DispatcherServlet with name &apos;&apos; processing POST request for [/api/v1/users]
21:46:10.075 [main] DEBUG o.s.w.s.m.m.a.RequestMappingHandlerMapping - Looking up handler method for path /api/v1/users
21:46:10.078 [main] DEBUG o.s.w.s.m.m.a.RequestMappingHandlerMapping - Did not find handler method for [/api/v1/users]
21:46:10.078 [main] WARN  o.s.web.servlet.PageNotFound - No mapping found for HTTP request with URI [/api/v1/users] in DispatcherServlet with name &apos;&apos;
21:46:10.078 [main] DEBUG o.s.t.w.s.TestDispatcherServlet - Successfully completed request
21:46:10.078 [main] DEBUG o.s.t.w.s.TestDispatcherServlet - DispatcherServlet with name &apos;&apos; processing POST request for [/api/v1/users]
21:46:10.078 [main] DEBUG o.s.w.s.m.m.a.RequestMappingHandlerMapping - Looking up handler method for path /api/v1/users
21:46:10.080 [main] DEBUG o.s.w.s.m.m.a.RequestMappingHandlerMapping - Did not find handler method for [/api/v1/users]
21:46:10.080 [main] WARN  o.s.web.servlet.PageNotFound - No mapping found for HTTP request with URI [/api/v1/users] in DispatcherServlet with name &apos;&apos;
21:46:10.080 [main] DEBUG o.s.t.w.s.TestDispatcherServlet - Successfully completed request
21:46:10.081 [main] DEBUG o.s.t.w.s.TestDispatcherServlet - DispatcherServlet with name &apos;&apos; processing DELETE request for [/api/v1/appointmentrequests]
21:46:10.081 [main] DEBUG o.s.w.s.m.m.a.RequestMappingHandlerMapping - Looking up handler method for path /api/v1/appointmentrequests
21:46:10.083 [main] DEBUG o.s.w.s.m.m.a.RequestMappingHandlerMapping - Did not find handler method for [/api/v1/appointmentrequests]
21:46:10.083 [main] WARN  o.s.web.servlet.PageNotFound - No mapping found for HTTP request with URI [/api/v1/appointmentrequests] in DispatcherServlet with name &apos;&apos;
21:46:10.083 [main] DEBUG o.s.t.w.s.TestDispatcherServlet - Successfully completed request
21:46:10.084 [main] DEBUG o.s.t.w.s.TestDispatcherServlet - DispatcherServlet with name &apos;&apos; processing POST request for [/api/v1/appointmentrequests]
21:46:10.084 [main] DEBUG o.s.w.s.m.m.a.RequestMappingHandlerMapping - Looking up handler method for path /api/v1/appointmentrequests
21:46:10.086 [main] DEBUG o.s.w.s.m.m.a.RequestMappingHandlerMapping - Did not find handler method for [/api/v1/appointmentrequests]
21:46:10.086 [main] WARN  o.s.web.servlet.PageNotFound - No mapping found for HTTP request with URI [/api/v1/appointmentrequests] in DispatcherServlet with name &apos;&apos;
21:46:10.086 [main] DEBUG o.s.t.w.s.TestDispatcherServlet - Successfully completed request
21:46:10.086 [main] DEBUG o.s.t.c.s.AbstractDirtiesContextTestExecutionListener - After test method: context [DefaultTestContext@51389b59 testClass = APIAppointmentRequestTest, testInstance = edu.ncsu.csc.itrust2.apitest.APIAppointmentRequestTest@59eab922, testMethod = testCreateBadAppointmentRequest@APIAppointmentRequestTest, testException = java.lang.AssertionError: Status expected:&lt;400&gt; but was:&lt;404&gt;, mergedContextConfiguration = [WebMergedContextConfiguration@4e5b7b46 testClass = APIAppointmentRequestTest, locations = &apos;{}&apos;, classes = &apos;{class edu.ncsu.csc.itrust2.config.RootConfiguration, class edu.ncsu.csc.itrust2.mvc.config.WebMvcConfiguration}&apos;, contextInitializerClasses = &apos;[]&apos;, activeProfiles = &apos;{}&apos;, propertySourceLocations = &apos;{}&apos;, propertySourceProperties = &apos;{}&apos;, contextCustomizers = set[[empty]], resourceBasePath = &apos;src/main/webapp&apos;, contextLoader = &apos;org.springframework.test.context.web.WebDelegatingSmartContextLoader&apos;, parent = [null]]], class annotated with @DirtiesContext [false] with mode [null], method annotated with @DirtiesContext [false] with mode [null].
21:46:10.086 [main] DEBUG o.s.t.c.w.ServletTestExecutionListener - Resetting RequestContextHolder for test context [DefaultTestContext@51389b59 testClass = APIAppointmentRequestTest, testInstance = edu.ncsu.csc.itrust2.apitest.APIAppointmentRequestTest@59eab922, testMethod = testCreateBadAppointmentRequest@APIAppointmentRequestTest, testException = java.lang.AssertionError: Status expected:&lt;400&gt; but was:&lt;404&gt;, mergedContextConfiguration = [WebMergedContextConfiguration@4e5b7b46 testClass = APIAppointmentRequestTest, locations = &apos;{}&apos;, classes = &apos;{class edu.ncsu.csc.itrust2.config.RootConfiguration, class edu.ncsu.csc.itrust2.mvc.config.WebMvcConfiguration}&apos;, contextInitializerClasses = &apos;[]&apos;, activeProfiles = &apos;{}&apos;, propertySourceLocations = &apos;{}&apos;, propertySourceProperties = &apos;{}&apos;, contextCustomizers = set[[empty]], resourceBasePath = &apos;src/main/webapp&apos;, contextLoader = &apos;org.springframework.test.context.web.WebDelegatingSmartContextLoader&apos;, parent = [null]]].
</stdout>
          <failedSince>1</failedSince>
        </case>
        <case>
          <duration>0.0</duration>
          <className>edu.ncsu.csc.itrust2.apitest.APIAppointmentRequestTest</className>
          <testName>testAppointmentRequestAPI</testName>
          <skipped>false</skipped>
          <errorStackTrace>java.lang.AssertionError: Status expected:&lt;200&gt; but was:&lt;404&gt;
	at edu.ncsu.csc.itrust2.apitest.APIAppointmentRequestTest.testAppointmentRequestAPI(APIAppointmentRequestTest.java:146)
</errorStackTrace>
          <errorDetails>Status expected:&lt;200&gt; but was:&lt;404&gt;</errorDetails>
          <stdout>21:46:10.087 [main] DEBUG o.s.t.annotation.ProfileValueUtils - Retrieved @ProfileValueSourceConfiguration [null] for test class [edu.ncsu.csc.itrust2.apitest.APIAppointmentRequestTest]
21:46:10.087 [main] DEBUG o.s.t.annotation.ProfileValueUtils - Retrieved ProfileValueSource type [class org.springframework.test.annotation.SystemProfileValueSource] for class [edu.ncsu.csc.itrust2.apitest.APIAppointmentRequestTest]
21:46:10.087 [main] DEBUG o.s.t.c.c.DefaultCacheAwareContextLoaderDelegate - Retrieved ApplicationContext from cache with key [[WebMergedContextConfiguration@4e5b7b46 testClass = APIAppointmentRequestTest, locations = &apos;{}&apos;, classes = &apos;{class edu.ncsu.csc.itrust2.config.RootConfiguration, class edu.ncsu.csc.itrust2.mvc.config.WebMvcConfiguration}&apos;, contextInitializerClasses = &apos;[]&apos;, activeProfiles = &apos;{}&apos;, propertySourceLocations = &apos;{}&apos;, propertySourceProperties = &apos;{}&apos;, contextCustomizers = set[[empty]], resourceBasePath = &apos;src/main/webapp&apos;, contextLoader = &apos;org.springframework.test.context.web.WebDelegatingSmartContextLoader&apos;, parent = [null]]]
21:46:10.087 [main] DEBUG o.springframework.test.context.cache - Spring test ApplicationContext cache statistics: [DefaultContextCache@44f35879 size = 1, maxSize = 32, parentContextCount = 0, hitCount = 21, missCount = 1]
21:46:10.087 [main] DEBUG o.s.t.c.w.ServletTestExecutionListener - Setting up MockHttpServletRequest, MockHttpServletResponse, ServletWebRequest, and RequestContextHolder for test context [DefaultTestContext@51389b59 testClass = APIAppointmentRequestTest, testInstance = edu.ncsu.csc.itrust2.apitest.APIAppointmentRequestTest@1a8675c7, testMethod = [null], testException = [null], mergedContextConfiguration = [WebMergedContextConfiguration@4e5b7b46 testClass = APIAppointmentRequestTest, locations = &apos;{}&apos;, classes = &apos;{class edu.ncsu.csc.itrust2.config.RootConfiguration, class edu.ncsu.csc.itrust2.mvc.config.WebMvcConfiguration}&apos;, contextInitializerClasses = &apos;[]&apos;, activeProfiles = &apos;{}&apos;, propertySourceLocations = &apos;{}&apos;, propertySourceProperties = &apos;{}&apos;, contextCustomizers = set[[empty]], resourceBasePath = &apos;src/main/webapp&apos;, contextLoader = &apos;org.springframework.test.context.web.WebDelegatingSmartContextLoader&apos;, parent = [null]]].
21:46:10.087 [main] DEBUG o.s.t.c.s.DependencyInjectionTestExecutionListener - Performing dependency injection for test context [[DefaultTestContext@51389b59 testClass = APIAppointmentRequestTest, testInstance = edu.ncsu.csc.itrust2.apitest.APIAppointmentRequestTest@1a8675c7, testMethod = [null], testException = [null], mergedContextConfiguration = [WebMergedContextConfiguration@4e5b7b46 testClass = APIAppointmentRequestTest, locations = &apos;{}&apos;, classes = &apos;{class edu.ncsu.csc.itrust2.config.RootConfiguration, class edu.ncsu.csc.itrust2.mvc.config.WebMvcConfiguration}&apos;, contextInitializerClasses = &apos;[]&apos;, activeProfiles = &apos;{}&apos;, propertySourceLocations = &apos;{}&apos;, propertySourceProperties = &apos;{}&apos;, contextCustomizers = set[[empty]], resourceBasePath = &apos;src/main/webapp&apos;, contextLoader = &apos;org.springframework.test.context.web.WebDelegatingSmartContextLoader&apos;, parent = [null]]]].
21:46:10.087 [main] DEBUG o.s.t.c.c.DefaultCacheAwareContextLoaderDelegate - Retrieved ApplicationContext from cache with key [[WebMergedContextConfiguration@4e5b7b46 testClass = APIAppointmentRequestTest, locations = &apos;{}&apos;, classes = &apos;{class edu.ncsu.csc.itrust2.config.RootConfiguration, class edu.ncsu.csc.itrust2.mvc.config.WebMvcConfiguration}&apos;, contextInitializerClasses = &apos;[]&apos;, activeProfiles = &apos;{}&apos;, propertySourceLocations = &apos;{}&apos;, propertySourceProperties = &apos;{}&apos;, contextCustomizers = set[[empty]], resourceBasePath = &apos;src/main/webapp&apos;, contextLoader = &apos;org.springframework.test.context.web.WebDelegatingSmartContextLoader&apos;, parent = [null]]]
21:46:10.087 [main] DEBUG o.springframework.test.context.cache - Spring test ApplicationContext cache statistics: [DefaultContextCache@44f35879 size = 1, maxSize = 32, parentContextCount = 0, hitCount = 22, missCount = 1]
21:46:10.087 [main] DEBUG o.s.b.f.annotation.InjectionMetadata - Processing injected element of bean &apos;edu.ncsu.csc.itrust2.apitest.APIAppointmentRequestTest&apos;: AutowiredFieldElement for private org.springframework.web.context.WebApplicationContext edu.ncsu.csc.itrust2.apitest.APIAppointmentRequestTest.context
21:46:10.087 [main] DEBUG o.s.t.c.s.AbstractDirtiesContextTestExecutionListener - Before test method: context [DefaultTestContext@51389b59 testClass = APIAppointmentRequestTest, testInstance = edu.ncsu.csc.itrust2.apitest.APIAppointmentRequestTest@1a8675c7, testMethod = testAppointmentRequestAPI@APIAppointmentRequestTest, testException = [null], mergedContextConfiguration = [WebMergedContextConfiguration@4e5b7b46 testClass = APIAppointmentRequestTest, locations = &apos;{}&apos;, classes = &apos;{class edu.ncsu.csc.itrust2.config.RootConfiguration, class edu.ncsu.csc.itrust2.mvc.config.WebMvcConfiguration}&apos;, contextInitializerClasses = &apos;[]&apos;, activeProfiles = &apos;{}&apos;, propertySourceLocations = &apos;{}&apos;, propertySourceProperties = &apos;{}&apos;, contextCustomizers = set[[empty]], resourceBasePath = &apos;src/main/webapp&apos;, contextLoader = &apos;org.springframework.test.context.web.WebDelegatingSmartContextLoader&apos;, parent = [null]]], class annotated with @DirtiesContext [false] with mode [null], method annotated with @DirtiesContext [false] with mode [null].
21:46:10.088 [main] DEBUG o.s.t.w.s.TestDispatcherServlet - Initializing servlet &apos;&apos;
21:46:10.088 [main] DEBUG o.s.w.c.s.StandardServletEnvironment - Adding [servletConfigInitParams] PropertySource with lowest search precedence
21:46:10.088 [main] DEBUG o.s.w.c.s.StandardServletEnvironment - Adding [servletContextInitParams] PropertySource with lowest search precedence
21:46:10.088 [main] DEBUG o.s.w.c.s.StandardServletEnvironment - Adding [systemProperties] PropertySource with lowest search precedence
21:46:10.088 [main] DEBUG o.s.w.c.s.StandardServletEnvironment - Adding [systemEnvironment] PropertySource with lowest search precedence
21:46:10.088 [main] DEBUG o.s.w.c.s.StandardServletEnvironment - Initialized StandardServletEnvironment with PropertySources [servletConfigInitParams,servletContextInitParams,systemProperties,systemEnvironment]
21:46:10.088 [main] INFO  o.s.mock.web.MockServletContext - Initializing Spring FrameworkServlet &apos;&apos;
21:46:10.088 [main] INFO  o.s.t.w.s.TestDispatcherServlet - FrameworkServlet &apos;&apos;: initialization started
21:46:10.088 [main] DEBUG o.s.t.w.s.TestDispatcherServlet - Unable to locate MultipartResolver with name &apos;multipartResolver&apos;: no multipart request handling provided
21:46:10.088 [main] DEBUG o.s.b.f.s.DefaultListableBeanFactory - Creating instance of bean &apos;org.springframework.web.servlet.i18n.AcceptHeaderLocaleResolver&apos;
21:46:10.088 [main] DEBUG o.s.b.f.s.DefaultListableBeanFactory - Finished creating instance of bean &apos;org.springframework.web.servlet.i18n.AcceptHeaderLocaleResolver&apos;
21:46:10.088 [main] DEBUG o.s.t.w.s.TestDispatcherServlet - Unable to locate LocaleResolver with name &apos;localeResolver&apos;: using default [org.springframework.web.servlet.i18n.AcceptHeaderLocaleResolver@34bac3b3]
21:46:10.088 [main] DEBUG o.s.b.f.s.DefaultListableBeanFactory - Creating instance of bean &apos;org.springframework.web.servlet.theme.FixedThemeResolver&apos;
21:46:10.088 [main] DEBUG o.s.b.f.s.DefaultListableBeanFactory - Finished creating instance of bean &apos;org.springframework.web.servlet.theme.FixedThemeResolver&apos;
21:46:10.088 [main] DEBUG o.s.t.w.s.TestDispatcherServlet - Unable to locate ThemeResolver with name &apos;themeResolver&apos;: using default [org.springframework.web.servlet.theme.FixedThemeResolver@3e96d749]
21:46:10.088 [main] DEBUG o.s.b.f.s.DefaultListableBeanFactory - Returning cached instance of singleton bean &apos;requestMappingHandlerMapping&apos;
21:46:10.089 [main] DEBUG o.s.b.f.s.DefaultListableBeanFactory - Returning cached instance of singleton bean &apos;viewControllerHandlerMapping&apos;
21:46:10.089 [main] DEBUG o.s.b.f.s.DefaultListableBeanFactory - Returning cached instance of singleton bean &apos;beanNameHandlerMapping&apos;
21:46:10.089 [main] DEBUG o.s.b.f.s.DefaultListableBeanFactory - Returning cached instance of singleton bean &apos;resourceHandlerMapping&apos;
21:46:10.089 [main] DEBUG o.s.b.f.s.DefaultListableBeanFactory - Returning cached instance of singleton bean &apos;defaultServletHandlerMapping&apos;
21:46:10.089 [main] DEBUG o.s.b.f.s.DefaultListableBeanFactory - Returning cached instance of singleton bean &apos;requestMappingHandlerAdapter&apos;
21:46:10.089 [main] DEBUG o.s.b.f.s.DefaultListableBeanFactory - Returning cached instance of singleton bean &apos;httpRequestHandlerAdapter&apos;
21:46:10.089 [main] DEBUG o.s.b.f.s.DefaultListableBeanFactory - Returning cached instance of singleton bean &apos;simpleControllerHandlerAdapter&apos;
21:46:10.089 [main] DEBUG o.s.b.f.s.DefaultListableBeanFactory - Returning cached instance of singleton bean &apos;handlerExceptionResolver&apos;
21:46:10.089 [main] DEBUG o.s.b.f.s.DefaultListableBeanFactory - Creating instance of bean &apos;org.springframework.web.servlet.view.DefaultRequestToViewNameTranslator&apos;
21:46:10.089 [main] DEBUG o.s.b.f.s.DefaultListableBeanFactory - Finished creating instance of bean &apos;org.springframework.web.servlet.view.DefaultRequestToViewNameTranslator&apos;
21:46:10.089 [main] DEBUG o.s.t.w.s.TestDispatcherServlet - Unable to locate RequestToViewNameTranslator with name &apos;viewNameTranslator&apos;: using default [org.springframework.web.servlet.view.DefaultRequestToViewNameTranslator@1717b511]
21:46:10.089 [main] DEBUG o.s.b.f.s.DefaultListableBeanFactory - Returning cached instance of singleton bean &apos;mvcViewResolver&apos;
21:46:10.089 [main] DEBUG o.s.b.f.s.DefaultListableBeanFactory - Returning cached instance of singleton bean &apos;viewResolver&apos;
21:46:10.089 [main] DEBUG o.s.b.f.s.DefaultListableBeanFactory - Creating instance of bean &apos;org.springframework.web.servlet.support.SessionFlashMapManager&apos;
21:46:10.090 [main] DEBUG o.s.b.f.s.DefaultListableBeanFactory - Finished creating instance of bean &apos;org.springframework.web.servlet.support.SessionFlashMapManager&apos;
21:46:10.090 [main] DEBUG o.s.t.w.s.TestDispatcherServlet - Unable to locate FlashMapManager with name &apos;flashMapManager&apos;: using default [org.springframework.web.servlet.support.SessionFlashMapManager@623b7b95]
21:46:10.090 [main] DEBUG o.s.t.w.s.TestDispatcherServlet - Published WebApplicationContext of servlet &apos;&apos; as ServletContext attribute with name [org.springframework.web.servlet.FrameworkServlet.CONTEXT.]
21:46:10.090 [main] INFO  o.s.t.w.s.TestDispatcherServlet - FrameworkServlet &apos;&apos;: initialization completed in 2 ms
21:46:10.090 [main] DEBUG o.s.t.w.s.TestDispatcherServlet - Servlet &apos;&apos; configured successfully
21:46:10.090 [main] DEBUG o.s.t.w.s.TestDispatcherServlet - DispatcherServlet with name &apos;&apos; processing POST request for [/api/v1/users]
21:46:10.090 [main] DEBUG o.s.w.s.m.m.a.RequestMappingHandlerMapping - Looking up handler method for path /api/v1/users
21:46:10.092 [main] DEBUG o.s.w.s.m.m.a.RequestMappingHandlerMapping - Did not find handler method for [/api/v1/users]
21:46:10.092 [main] WARN  o.s.web.servlet.PageNotFound - No mapping found for HTTP request with URI [/api/v1/users] in DispatcherServlet with name &apos;&apos;
21:46:10.092 [main] DEBUG o.s.t.w.s.TestDispatcherServlet - Successfully completed request
21:46:10.092 [main] DEBUG o.s.t.w.s.TestDispatcherServlet - DispatcherServlet with name &apos;&apos; processing POST request for [/api/v1/users]
21:46:10.092 [main] DEBUG o.s.w.s.m.m.a.RequestMappingHandlerMapping - Looking up handler method for path /api/v1/users
21:46:10.094 [main] DEBUG o.s.w.s.m.m.a.RequestMappingHandlerMapping - Did not find handler method for [/api/v1/users]
21:46:10.094 [main] WARN  o.s.web.servlet.PageNotFound - No mapping found for HTTP request with URI [/api/v1/users] in DispatcherServlet with name &apos;&apos;
21:46:10.094 [main] DEBUG o.s.t.w.s.TestDispatcherServlet - Successfully completed request
21:46:10.094 [main] DEBUG o.s.t.w.s.TestDispatcherServlet - DispatcherServlet with name &apos;&apos; processing DELETE request for [/api/v1/appointmentrequests]
21:46:10.094 [main] DEBUG o.s.w.s.m.m.a.RequestMappingHandlerMapping - Looking up handler method for path /api/v1/appointmentrequests
21:46:10.095 [main] DEBUG o.s.w.s.m.m.a.RequestMappingHandlerMapping - Did not find handler method for [/api/v1/appointmentrequests]
21:46:10.095 [main] WARN  o.s.web.servlet.PageNotFound - No mapping found for HTTP request with URI [/api/v1/appointmentrequests] in DispatcherServlet with name &apos;&apos;
21:46:10.095 [main] DEBUG o.s.t.w.s.TestDispatcherServlet - Successfully completed request
21:46:10.096 [main] DEBUG o.s.t.w.s.TestDispatcherServlet - DispatcherServlet with name &apos;&apos; processing POST request for [/api/v1/appointmentrequests]
21:46:10.096 [main] DEBUG o.s.w.s.m.m.a.RequestMappingHandlerMapping - Looking up handler method for path /api/v1/appointmentrequests
21:46:10.097 [main] DEBUG o.s.w.s.m.m.a.RequestMappingHandlerMapping - Did not find handler method for [/api/v1/appointmentrequests]
21:46:10.097 [main] WARN  o.s.web.servlet.PageNotFound - No mapping found for HTTP request with URI [/api/v1/appointmentrequests] in DispatcherServlet with name &apos;&apos;
21:46:10.097 [main] DEBUG o.s.t.w.s.TestDispatcherServlet - Successfully completed request
21:46:10.098 [main] DEBUG o.s.t.w.s.TestDispatcherServlet - DispatcherServlet with name &apos;&apos; processing GET request for [/api/v1/appointmentrequests]
21:46:10.098 [main] DEBUG o.s.w.s.m.m.a.RequestMappingHandlerMapping - Looking up handler method for path /api/v1/appointmentrequests
21:46:10.099 [main] DEBUG o.s.w.s.m.m.a.RequestMappingHandlerMapping - Did not find handler method for [/api/v1/appointmentrequests]
21:46:10.099 [main] WARN  o.s.web.servlet.PageNotFound - No mapping found for HTTP request with URI [/api/v1/appointmentrequests] in DispatcherServlet with name &apos;&apos;
21:46:10.099 [main] DEBUG o.s.t.w.s.TestDispatcherServlet - Successfully completed request
21:46:10.100 [main] DEBUG o.s.t.c.s.AbstractDirtiesContextTestExecutionListener - After test method: context [DefaultTestContext@51389b59 testClass = APIAppointmentRequestTest, testInstance = edu.ncsu.csc.itrust2.apitest.APIAppointmentRequestTest@1a8675c7, testMethod = testAppointmentRequestAPI@APIAppointmentRequestTest, testException = java.lang.AssertionError: Status expected:&lt;200&gt; but was:&lt;404&gt;, mergedContextConfiguration = [WebMergedContextConfiguration@4e5b7b46 testClass = APIAppointmentRequestTest, locations = &apos;{}&apos;, classes = &apos;{class edu.ncsu.csc.itrust2.config.RootConfiguration, class edu.ncsu.csc.itrust2.mvc.config.WebMvcConfiguration}&apos;, contextInitializerClasses = &apos;[]&apos;, activeProfiles = &apos;{}&apos;, propertySourceLocations = &apos;{}&apos;, propertySourceProperties = &apos;{}&apos;, contextCustomizers = set[[empty]], resourceBasePath = &apos;src/main/webapp&apos;, contextLoader = &apos;org.springframework.test.context.web.WebDelegatingSmartContextLoader&apos;, parent = [null]]], class annotated with @DirtiesContext [false] with mode [null], method annotated with @DirtiesContext [false] with mode [null].
21:46:10.100 [main] DEBUG o.s.t.c.w.ServletTestExecutionListener - Resetting RequestContextHolder for test context [DefaultTestContext@51389b59 testClass = APIAppointmentRequestTest, testInstance = edu.ncsu.csc.itrust2.apitest.APIAppointmentRequestTest@1a8675c7, testMethod = testAppointmentRequestAPI@APIAppointmentRequestTest, testException = java.lang.AssertionError: Status expected:&lt;200&gt; but was:&lt;404&gt;, mergedContextConfiguration = [WebMergedContextConfiguration@4e5b7b46 testClass = APIAppointmentRequestTest, locations = &apos;{}&apos;, classes = &apos;{class edu.ncsu.csc.itrust2.config.RootConfiguration, class edu.ncsu.csc.itrust2.mvc.config.WebMvcConfiguration}&apos;, contextInitializerClasses = &apos;[]&apos;, activeProfiles = &apos;{}&apos;, propertySourceLocations = &apos;{}&apos;, propertySourceProperties = &apos;{}&apos;, contextCustomizers = set[[empty]], resourceBasePath = &apos;src/main/webapp&apos;, contextLoader = &apos;org.springframework.test.context.web.WebDelegatingSmartContextLoader&apos;, parent = [null]]].
</stdout>
          <failedSince>1</failedSince>
        </case>
        <case>
          <duration>0.0</duration>
          <className>edu.ncsu.csc.itrust2.apitest.APIAppointmentRequestTest</className>
          <testName>testDeleteNonExistentAppointment</testName>
          <skipped>false</skipped>
          <failedSince>0</failedSince>
        </case>
        <case>
          <duration>0.0</duration>
          <className>edu.ncsu.csc.itrust2.apitest.APIAppointmentRequestTest</className>
          <testName>testGetNonExistentAppointment</testName>
          <skipped>false</skipped>
          <failedSince>0</failedSince>
        </case>
      </cases>
    </suite>
    <suite>
      <file>/var/lib/jenkins/jobs/iTrust_Fuzzer/workspace/iTrust2/target/surefire-reports/TEST-edu.ncsu.csc.itrust2.apitest.APIDiagnosisTest.xml</file>
      <name>edu.ncsu.csc.itrust2.apitest.APIDiagnosisTest</name>
      <duration>0.0</duration>
      <time>0</time>
      <enclosingBlocks/>
      <enclosingBlockNames/>
      <cases>
        <case>
          <duration>0.0</duration>
          <className>edu.ncsu.csc.itrust2.apitest.APIDiagnosisTest</className>
          <testName>testDiagnoses</testName>
          <skipped>false</skipped>
          <errorStackTrace>java.lang.NoClassDefFoundError: Could not initialize class edu.ncsu.csc.itrust2.utils.HibernateUtil
	at edu.ncsu.csc.itrust2.apitest.APIDiagnosisTest.testDiagnoses(APIDiagnosisTest.java:88)
</errorStackTrace>
          <errorDetails>Could not initialize class edu.ncsu.csc.itrust2.utils.HibernateUtil</errorDetails>
          <stdout>21:46:10.175 [main] DEBUG o.s.t.c.j.SpringJUnit4ClassRunner - SpringJUnit4ClassRunner constructor called with [class edu.ncsu.csc.itrust2.apitest.APIDiagnosisTest]
21:46:10.175 [main] DEBUG o.s.test.context.BootstrapUtils - Instantiating CacheAwareContextLoaderDelegate from class [org.springframework.test.context.cache.DefaultCacheAwareContextLoaderDelegate]
21:46:10.175 [main] DEBUG o.s.test.context.BootstrapUtils - Instantiating BootstrapContext using constructor [public org.springframework.test.context.support.DefaultBootstrapContext(java.lang.Class,org.springframework.test.context.CacheAwareContextLoaderDelegate)]
21:46:10.175 [main] DEBUG o.s.test.context.BootstrapUtils - Instantiating TestContextBootstrapper for test class [edu.ncsu.csc.itrust2.apitest.APIDiagnosisTest] from class [org.springframework.test.context.web.WebTestContextBootstrapper]
21:46:10.178 [main] DEBUG o.s.t.c.s.AbstractDelegatingSmartContextLoader - Delegating to AnnotationConfigWebContextLoader to process context configuration [ContextConfigurationAttributes@5cbda91d declaringClass = &apos;edu.ncsu.csc.itrust2.apitest.APIDiagnosisTest&apos;, classes = &apos;{class edu.ncsu.csc.itrust2.config.RootConfiguration, class edu.ncsu.csc.itrust2.mvc.config.WebMvcConfiguration}&apos;, locations = &apos;{}&apos;, inheritLocations = true, initializers = &apos;{}&apos;, inheritInitializers = true, name = [null], contextLoaderClass = &apos;org.springframework.test.context.ContextLoader&apos;].
21:46:10.180 [main] DEBUG o.s.t.c.support.ActiveProfilesUtils - Could not find an &apos;annotation declaring class&apos; for annotation type [org.springframework.test.context.ActiveProfiles] and class [edu.ncsu.csc.itrust2.apitest.APIDiagnosisTest]
21:46:10.181 [main] DEBUG o.s.t.c.w.WebTestContextBootstrapper - @TestExecutionListeners is not present for class [edu.ncsu.csc.itrust2.apitest.APIDiagnosisTest]: using defaults.
21:46:10.182 [main] INFO  o.s.t.c.w.WebTestContextBootstrapper - Loaded default TestExecutionListener class names from location [META-INF/spring.factories]: [org.springframework.security.test.context.support.WithSecurityContextTestExecutionListener, org.springframework.test.context.web.ServletTestExecutionListener, org.springframework.test.context.support.DirtiesContextBeforeModesTestExecutionListener, org.springframework.test.context.support.DependencyInjectionTestExecutionListener, org.springframework.test.context.support.DirtiesContextTestExecutionListener, org.springframework.test.context.transaction.TransactionalTestExecutionListener, org.springframework.test.context.jdbc.SqlScriptsTestExecutionListener]
21:46:10.182 [main] INFO  o.s.t.c.w.WebTestContextBootstrapper - Using TestExecutionListeners: [org.springframework.test.context.web.ServletTestExecutionListener@1f95559f, org.springframework.test.context.support.DirtiesContextBeforeModesTestExecutionListener@17fe2e80, org.springframework.test.context.support.DependencyInjectionTestExecutionListener@3ed905ad, org.springframework.test.context.support.DirtiesContextTestExecutionListener@5cf70c4f, org.springframework.test.context.transaction.TransactionalTestExecutionListener@69fb83e3, org.springframework.test.context.jdbc.SqlScriptsTestExecutionListener@f973a72, org.springframework.security.test.context.support.WithSecurityContextTestExecutionListener@7915a240]
21:46:10.183 [main] DEBUG o.s.t.annotation.ProfileValueUtils - Retrieved @ProfileValueSourceConfiguration [null] for test class [edu.ncsu.csc.itrust2.apitest.APIDiagnosisTest]
21:46:10.183 [main] DEBUG o.s.t.annotation.ProfileValueUtils - Retrieved ProfileValueSource type [class org.springframework.test.annotation.SystemProfileValueSource] for class [edu.ncsu.csc.itrust2.apitest.APIDiagnosisTest]
21:46:10.183 [main] DEBUG o.s.t.annotation.ProfileValueUtils - Retrieved @ProfileValueSourceConfiguration [null] for test class [edu.ncsu.csc.itrust2.apitest.APIDiagnosisTest]
21:46:10.183 [main] DEBUG o.s.t.annotation.ProfileValueUtils - Retrieved ProfileValueSource type [class org.springframework.test.annotation.SystemProfileValueSource] for class [edu.ncsu.csc.itrust2.apitest.APIDiagnosisTest]
21:46:10.183 [main] DEBUG o.s.t.annotation.ProfileValueUtils - Retrieved @ProfileValueSourceConfiguration [null] for test class [edu.ncsu.csc.itrust2.apitest.APIDiagnosisTest]
21:46:10.183 [main] DEBUG o.s.t.annotation.ProfileValueUtils - Retrieved ProfileValueSource type [class org.springframework.test.annotation.SystemProfileValueSource] for class [edu.ncsu.csc.itrust2.apitest.APIDiagnosisTest]
21:46:10.183 [main] DEBUG o.s.t.c.s.AbstractDirtiesContextTestExecutionListener - Before test class: context [DefaultTestContext@1de44c59 testClass = APIDiagnosisTest, testInstance = [null], testMethod = [null], testException = [null], mergedContextConfiguration = [WebMergedContextConfiguration@2835309d testClass = APIDiagnosisTest, locations = &apos;{}&apos;, classes = &apos;{class edu.ncsu.csc.itrust2.config.RootConfiguration, class edu.ncsu.csc.itrust2.mvc.config.WebMvcConfiguration}&apos;, contextInitializerClasses = &apos;[]&apos;, activeProfiles = &apos;{}&apos;, propertySourceLocations = &apos;{}&apos;, propertySourceProperties = &apos;{}&apos;, contextCustomizers = set[[empty]], resourceBasePath = &apos;src/main/webapp&apos;, contextLoader = &apos;org.springframework.test.context.web.WebDelegatingSmartContextLoader&apos;, parent = [null]]], class annotated with @DirtiesContext [false] with mode [null].
21:46:10.183 [main] DEBUG o.s.t.annotation.ProfileValueUtils - Retrieved @ProfileValueSourceConfiguration [null] for test class [edu.ncsu.csc.itrust2.apitest.APIDiagnosisTest]
21:46:10.183 [main] DEBUG o.s.t.annotation.ProfileValueUtils - Retrieved ProfileValueSource type [class org.springframework.test.annotation.SystemProfileValueSource] for class [edu.ncsu.csc.itrust2.apitest.APIDiagnosisTest]
21:46:10.184 [main] DEBUG o.s.t.c.c.DefaultCacheAwareContextLoaderDelegate - Retrieved ApplicationContext from cache with key [[WebMergedContextConfiguration@2835309d testClass = APIDiagnosisTest, locations = &apos;{}&apos;, classes = &apos;{class edu.ncsu.csc.itrust2.config.RootConfiguration, class edu.ncsu.csc.itrust2.mvc.config.WebMvcConfiguration}&apos;, contextInitializerClasses = &apos;[]&apos;, activeProfiles = &apos;{}&apos;, propertySourceLocations = &apos;{}&apos;, propertySourceProperties = &apos;{}&apos;, contextCustomizers = set[[empty]], resourceBasePath = &apos;src/main/webapp&apos;, contextLoader = &apos;org.springframework.test.context.web.WebDelegatingSmartContextLoader&apos;, parent = [null]]]
21:46:10.184 [main] DEBUG o.springframework.test.context.cache - Spring test ApplicationContext cache statistics: [DefaultContextCache@44f35879 size = 1, maxSize = 32, parentContextCount = 0, hitCount = 45, missCount = 1]
21:46:10.184 [main] DEBUG o.s.t.c.w.ServletTestExecutionListener - Setting up MockHttpServletRequest, MockHttpServletResponse, ServletWebRequest, and RequestContextHolder for test context [DefaultTestContext@1de44c59 testClass = APIDiagnosisTest, testInstance = edu.ncsu.csc.itrust2.apitest.APIDiagnosisTest@1ec7db43, testMethod = [null], testException = [null], mergedContextConfiguration = [WebMergedContextConfiguration@2835309d testClass = APIDiagnosisTest, locations = &apos;{}&apos;, classes = &apos;{class edu.ncsu.csc.itrust2.config.RootConfiguration, class edu.ncsu.csc.itrust2.mvc.config.WebMvcConfiguration}&apos;, contextInitializerClasses = &apos;[]&apos;, activeProfiles = &apos;{}&apos;, propertySourceLocations = &apos;{}&apos;, propertySourceProperties = &apos;{}&apos;, contextCustomizers = set[[empty]], resourceBasePath = &apos;src/main/webapp&apos;, contextLoader = &apos;org.springframework.test.context.web.WebDelegatingSmartContextLoader&apos;, parent = [null]]].
21:46:10.184 [main] DEBUG o.s.t.c.s.DependencyInjectionTestExecutionListener - Performing dependency injection for test context [[DefaultTestContext@1de44c59 testClass = APIDiagnosisTest, testInstance = edu.ncsu.csc.itrust2.apitest.APIDiagnosisTest@1ec7db43, testMethod = [null], testException = [null], mergedContextConfiguration = [WebMergedContextConfiguration@2835309d testClass = APIDiagnosisTest, locations = &apos;{}&apos;, classes = &apos;{class edu.ncsu.csc.itrust2.config.RootConfiguration, class edu.ncsu.csc.itrust2.mvc.config.WebMvcConfiguration}&apos;, contextInitializerClasses = &apos;[]&apos;, activeProfiles = &apos;{}&apos;, propertySourceLocations = &apos;{}&apos;, propertySourceProperties = &apos;{}&apos;, contextCustomizers = set[[empty]], resourceBasePath = &apos;src/main/webapp&apos;, contextLoader = &apos;org.springframework.test.context.web.WebDelegatingSmartContextLoader&apos;, parent = [null]]]].
21:46:10.184 [main] DEBUG o.s.t.c.c.DefaultCacheAwareContextLoaderDelegate - Retrieved ApplicationContext from cache with key [[WebMergedContextConfiguration@2835309d testClass = APIDiagnosisTest, locations = &apos;{}&apos;, classes = &apos;{class edu.ncsu.csc.itrust2.config.RootConfiguration, class edu.ncsu.csc.itrust2.mvc.config.WebMvcConfiguration}&apos;, contextInitializerClasses = &apos;[]&apos;, activeProfiles = &apos;{}&apos;, propertySourceLocations = &apos;{}&apos;, propertySourceProperties = &apos;{}&apos;, contextCustomizers = set[[empty]], resourceBasePath = &apos;src/main/webapp&apos;, contextLoader = &apos;org.springframework.test.context.web.WebDelegatingSmartContextLoader&apos;, parent = [null]]]
21:46:10.184 [main] DEBUG o.springframework.test.context.cache - Spring test ApplicationContext cache statistics: [DefaultContextCache@44f35879 size = 1, maxSize = 32, parentContextCount = 0, hitCount = 46, missCount = 1]
21:46:10.185 [main] DEBUG o.s.b.f.annotation.InjectionMetadata - Processing injected element of bean &apos;edu.ncsu.csc.itrust2.apitest.APIDiagnosisTest&apos;: AutowiredFieldElement for private org.springframework.web.context.WebApplicationContext edu.ncsu.csc.itrust2.apitest.APIDiagnosisTest.context
21:46:10.185 [main] DEBUG o.s.b.f.a.AutowiredAnnotationBeanPostProcessor - Autowiring by type from bean name &apos;edu.ncsu.csc.itrust2.apitest.APIDiagnosisTest&apos; to bean named &apos;org.springframework.web.context.support.GenericWebApplicationContext@25f7739c&apos;
21:46:10.185 [main] DEBUG o.s.b.f.s.DefaultListableBeanFactory - Returning cached instance of singleton bean &apos;metaDataSourceAdvisor&apos;
21:46:10.188 [main] DEBUG o.s.t.c.s.AbstractDirtiesContextTestExecutionListener - Before test method: context [DefaultTestContext@1de44c59 testClass = APIDiagnosisTest, testInstance = edu.ncsu.csc.itrust2.apitest.APIDiagnosisTest@1ec7db43, testMethod = testDiagnoses@APIDiagnosisTest, testException = [null], mergedContextConfiguration = [WebMergedContextConfiguration@2835309d testClass = APIDiagnosisTest, locations = &apos;{}&apos;, classes = &apos;{class edu.ncsu.csc.itrust2.config.RootConfiguration, class edu.ncsu.csc.itrust2.mvc.config.WebMvcConfiguration}&apos;, contextInitializerClasses = &apos;[]&apos;, activeProfiles = &apos;{}&apos;, propertySourceLocations = &apos;{}&apos;, propertySourceProperties = &apos;{}&apos;, contextCustomizers = set[[empty]], resourceBasePath = &apos;src/main/webapp&apos;, contextLoader = &apos;org.springframework.test.context.web.WebDelegatingSmartContextLoader&apos;, parent = [null]]], class annotated with @DirtiesContext [false] with mode [null], method annotated with @DirtiesContext [false] with mode [null].
21:46:10.188 [main] DEBUG o.s.t.c.c.DefaultCacheAwareContextLoaderDelegate - Retrieved ApplicationContext from cache with key [[WebMergedContextConfiguration@2835309d testClass = APIDiagnosisTest, locations = &apos;{}&apos;, classes = &apos;{class edu.ncsu.csc.itrust2.config.RootConfiguration, class edu.ncsu.csc.itrust2.mvc.config.WebMvcConfiguration}&apos;, contextInitializerClasses = &apos;[]&apos;, activeProfiles = &apos;{}&apos;, propertySourceLocations = &apos;{}&apos;, propertySourceProperties = &apos;{}&apos;, contextCustomizers = set[[empty]], resourceBasePath = &apos;src/main/webapp&apos;, contextLoader = &apos;org.springframework.test.context.web.WebDelegatingSmartContextLoader&apos;, parent = [null]]]
21:46:10.189 [main] DEBUG o.springframework.test.context.cache - Spring test ApplicationContext cache statistics: [DefaultContextCache@44f35879 size = 1, maxSize = 32, parentContextCount = 0, hitCount = 47, missCount = 1]
21:46:10.189 [main] DEBUG o.s.b.f.s.DefaultListableBeanFactory - Creating instance of bean &apos;org.springframework.security.test.context.support.WithMockUserSecurityContextFactory&apos;
21:46:10.189 [main] DEBUG o.s.b.f.s.DefaultListableBeanFactory - Finished creating instance of bean &apos;org.springframework.security.test.context.support.WithMockUserSecurityContextFactory&apos;
21:46:10.189 [main] DEBUG o.s.t.w.s.TestDispatcherServlet - Initializing servlet &apos;&apos;
21:46:10.189 [main] DEBUG o.s.w.c.s.StandardServletEnvironment - Adding [servletConfigInitParams] PropertySource with lowest search precedence
21:46:10.189 [main] DEBUG o.s.w.c.s.StandardServletEnvironment - Adding [servletContextInitParams] PropertySource with lowest search precedence
21:46:10.189 [main] DEBUG o.s.w.c.s.StandardServletEnvironment - Adding [systemProperties] PropertySource with lowest search precedence
21:46:10.189 [main] DEBUG o.s.w.c.s.StandardServletEnvironment - Adding [systemEnvironment] PropertySource with lowest search precedence
21:46:10.189 [main] DEBUG o.s.w.c.s.StandardServletEnvironment - Initialized StandardServletEnvironment with PropertySources [servletConfigInitParams,servletContextInitParams,systemProperties,systemEnvironment]
21:46:10.189 [main] INFO  o.s.mock.web.MockServletContext - Initializing Spring FrameworkServlet &apos;&apos;
21:46:10.189 [main] INFO  o.s.t.w.s.TestDispatcherServlet - FrameworkServlet &apos;&apos;: initialization started
21:46:10.189 [main] DEBUG o.s.t.w.s.TestDispatcherServlet - Unable to locate MultipartResolver with name &apos;multipartResolver&apos;: no multipart request handling provided
21:46:10.189 [main] DEBUG o.s.b.f.s.DefaultListableBeanFactory - Creating instance of bean &apos;org.springframework.web.servlet.i18n.AcceptHeaderLocaleResolver&apos;
21:46:10.190 [main] DEBUG o.s.b.f.s.DefaultListableBeanFactory - Finished creating instance of bean &apos;org.springframework.web.servlet.i18n.AcceptHeaderLocaleResolver&apos;
21:46:10.190 [main] DEBUG o.s.t.w.s.TestDispatcherServlet - Unable to locate LocaleResolver with name &apos;localeResolver&apos;: using default [org.springframework.web.servlet.i18n.AcceptHeaderLocaleResolver@75ad66e6]
21:46:10.190 [main] DEBUG o.s.b.f.s.DefaultListableBeanFactory - Creating instance of bean &apos;org.springframework.web.servlet.theme.FixedThemeResolver&apos;
21:46:10.190 [main] DEBUG o.s.b.f.s.DefaultListableBeanFactory - Finished creating instance of bean &apos;org.springframework.web.servlet.theme.FixedThemeResolver&apos;
21:46:10.190 [main] DEBUG o.s.t.w.s.TestDispatcherServlet - Unable to locate ThemeResolver with name &apos;themeResolver&apos;: using default [org.springframework.web.servlet.theme.FixedThemeResolver@749d0116]
21:46:10.190 [main] DEBUG o.s.b.f.s.DefaultListableBeanFactory - Returning cached instance of singleton bean &apos;requestMappingHandlerMapping&apos;
21:46:10.190 [main] DEBUG o.s.b.f.s.DefaultListableBeanFactory - Returning cached instance of singleton bean &apos;viewControllerHandlerMapping&apos;
21:46:10.190 [main] DEBUG o.s.b.f.s.DefaultListableBeanFactory - Returning cached instance of singleton bean &apos;beanNameHandlerMapping&apos;
21:46:10.190 [main] DEBUG o.s.b.f.s.DefaultListableBeanFactory - Returning cached instance of singleton bean &apos;resourceHandlerMapping&apos;
21:46:10.190 [main] DEBUG o.s.b.f.s.DefaultListableBeanFactory - Returning cached instance of singleton bean &apos;defaultServletHandlerMapping&apos;
21:46:10.190 [main] DEBUG o.s.b.f.s.DefaultListableBeanFactory - Returning cached instance of singleton bean &apos;requestMappingHandlerAdapter&apos;
21:46:10.190 [main] DEBUG o.s.b.f.s.DefaultListableBeanFactory - Returning cached instance of singleton bean &apos;httpRequestHandlerAdapter&apos;
21:46:10.190 [main] DEBUG o.s.b.f.s.DefaultListableBeanFactory - Returning cached instance of singleton bean &apos;simpleControllerHandlerAdapter&apos;
21:46:10.191 [main] DEBUG o.s.b.f.s.DefaultListableBeanFactory - Returning cached instance of singleton bean &apos;handlerExceptionResolver&apos;
21:46:10.191 [main] DEBUG o.s.b.f.s.DefaultListableBeanFactory - Creating instance of bean &apos;org.springframework.web.servlet.view.DefaultRequestToViewNameTranslator&apos;
21:46:10.191 [main] DEBUG o.s.b.f.s.DefaultListableBeanFactory - Finished creating instance of bean &apos;org.springframework.web.servlet.view.DefaultRequestToViewNameTranslator&apos;
21:46:10.191 [main] DEBUG o.s.t.w.s.TestDispatcherServlet - Unable to locate RequestToViewNameTranslator with name &apos;viewNameTranslator&apos;: using default [org.springframework.web.servlet.view.DefaultRequestToViewNameTranslator@5420c105]
21:46:10.191 [main] DEBUG o.s.b.f.s.DefaultListableBeanFactory - Returning cached instance of singleton bean &apos;mvcViewResolver&apos;
21:46:10.191 [main] DEBUG o.s.b.f.s.DefaultListableBeanFactory - Returning cached instance of singleton bean &apos;viewResolver&apos;
21:46:10.191 [main] DEBUG o.s.b.f.s.DefaultListableBeanFactory - Creating instance of bean &apos;org.springframework.web.servlet.support.SessionFlashMapManager&apos;
21:46:10.191 [main] DEBUG o.s.b.f.s.DefaultListableBeanFactory - Finished creating instance of bean &apos;org.springframework.web.servlet.support.SessionFlashMapManager&apos;
21:46:10.191 [main] DEBUG o.s.t.w.s.TestDispatcherServlet - Unable to locate FlashMapManager with name &apos;flashMapManager&apos;: using default [org.springframework.web.servlet.support.SessionFlashMapManager@3db6115d]
21:46:10.191 [main] DEBUG o.s.t.w.s.TestDispatcherServlet - Published WebApplicationContext of servlet &apos;&apos; as ServletContext attribute with name [org.springframework.web.servlet.FrameworkServlet.CONTEXT.]
21:46:10.191 [main] INFO  o.s.t.w.s.TestDispatcherServlet - FrameworkServlet &apos;&apos;: initialization completed in 2 ms
21:46:10.191 [main] DEBUG o.s.t.w.s.TestDispatcherServlet - Servlet &apos;&apos; configured successfully
21:46:10.192 [main] DEBUG o.s.t.w.s.TestDispatcherServlet - DispatcherServlet with name &apos;&apos; processing POST request for [/api/v1/users]
21:46:10.192 [main] DEBUG o.s.w.s.m.m.a.RequestMappingHandlerMapping - Looking up handler method for path /api/v1/users
21:46:10.193 [main] DEBUG o.s.w.s.m.m.a.RequestMappingHandlerMapping - Did not find handler method for [/api/v1/users]
21:46:10.193 [main] WARN  o.s.web.servlet.PageNotFound - No mapping found for HTTP request with URI [/api/v1/users] in DispatcherServlet with name &apos;&apos;
21:46:10.193 [main] DEBUG o.s.t.w.s.TestDispatcherServlet - Successfully completed request
21:46:10.194 [main] DEBUG o.s.t.w.s.TestDispatcherServlet - DispatcherServlet with name &apos;&apos; processing POST request for [/api/v1/users]
21:46:10.194 [main] DEBUG o.s.w.s.m.m.a.RequestMappingHandlerMapping - Looking up handler method for path /api/v1/users
21:46:10.195 [main] DEBUG o.s.w.s.m.m.a.RequestMappingHandlerMapping - Did not find handler method for [/api/v1/users]
21:46:10.195 [main] WARN  o.s.web.servlet.PageNotFound - No mapping found for HTTP request with URI [/api/v1/users] in DispatcherServlet with name &apos;&apos;
21:46:10.195 [main] DEBUG o.s.t.w.s.TestDispatcherServlet - Successfully completed request
21:46:10.196 [main] DEBUG o.s.t.w.s.TestDispatcherServlet - DispatcherServlet with name &apos;&apos; processing POST request for [/api/v1/users]
21:46:10.196 [main] DEBUG o.s.w.s.m.m.a.RequestMappingHandlerMapping - Looking up handler method for path /api/v1/users
21:46:10.197 [main] DEBUG o.s.w.s.m.m.a.RequestMappingHandlerMapping - Did not find handler method for [/api/v1/users]
21:46:10.197 [main] WARN  o.s.web.servlet.PageNotFound - No mapping found for HTTP request with URI [/api/v1/users] in DispatcherServlet with name &apos;&apos;
21:46:10.197 [main] DEBUG o.s.t.w.s.TestDispatcherServlet - Successfully completed request
21:46:10.201 [main] DEBUG o.s.b.f.s.DefaultListableBeanFactory - Returning cached instance of singleton bean &apos;springSecurityFilterChain&apos;
21:46:10.204 [main] DEBUG o.s.test.util.ReflectionTestUtils - Invoking method &apos;getFilters&apos; on target object [FilterChainProxy[Filter Chains: [[ Ant [pattern=&apos;/api/v0/requestPasswordReset&apos;], []], [ Ant [pattern=&apos;/api/v1/resetPassword/*&apos;], []], [ Ant [pattern=&apos;/requestPasswordReset&apos;], []], [ Ant [pattern=&apos;robust&apos;], []], [ org.springframework.security.web.util.matcher.AnyRequestMatcher@1, [edu.ncsu.csc.itrust2.config.IPFilter@67d70df0, org.springframework.security.web.context.request.async.WebAsyncManagerIntegrationFilter@52e5ed3, org.springframework.security.web.context.SecurityContextPersistenceFilter@1275d648, org.springframework.security.web.header.HeaderWriterFilter@4dff92f1, org.springframework.security.web.csrf.CsrfFilter@47baf39d, org.springframework.security.web.authentication.logout.LogoutFilter@d46308f, org.springframework.security.web.authentication.UsernamePasswordAuthenticationFilter@3e5ca40, org.springframework.security.web.savedrequest.RequestCacheAwareFilter@4b1aa6, org.springframework.security.web.servletapi.SecurityContextHolderAwareRequestFilter@27fee228, org.springframework.security.web.authentication.AnonymousAuthenticationFilter@72b131f2, org.springframework.security.web.session.SessionManagementFilter@11d91f32, org.springframework.security.web.access.ExceptionTranslationFilter@78055a51, org.springframework.security.web.access.intercept.FilterSecurityInterceptor@115b552c]]]]] with arguments {org.springframework.mock.web.MockHttpServletRequest@60f39523}
21:46:10.204 [main] DEBUG o.s.s.w.u.m.AntPathRequestMatcher - Checking match of request : &apos;/login&apos;; against &apos;/api/v0/requestPasswordReset&apos;
21:46:10.204 [main] DEBUG o.s.s.w.u.m.AntPathRequestMatcher - Checking match of request : &apos;/login&apos;; against &apos;/api/v1/resetPassword/*&apos;
21:46:10.204 [main] DEBUG o.s.s.w.u.m.AntPathRequestMatcher - Checking match of request : &apos;/login&apos;; against &apos;/requestPasswordReset&apos;
21:46:10.204 [main] DEBUG o.s.s.w.u.m.AntPathRequestMatcher - Checking match of request : &apos;/login&apos;; against &apos;robust&apos;
21:46:10.204 [main] DEBUG o.s.test.util.ReflectionTestUtils - Getting field &apos;tokenRepository&apos; from target object [org.springframework.security.web.csrf.CsrfFilter@47baf39d] or target class [class org.springframework.security.web.csrf.CsrfFilter]
21:46:10.205 [main] DEBUG o.s.b.f.s.DefaultListableBeanFactory - Returning cached instance of singleton bean &apos;springSecurityFilterChain&apos;
21:46:10.205 [main] DEBUG o.s.test.util.ReflectionTestUtils - Invoking method &apos;getFilters&apos; on target object [FilterChainProxy[Filter Chains: [[ Ant [pattern=&apos;/api/v0/requestPasswordReset&apos;], []], [ Ant [pattern=&apos;/api/v1/resetPassword/*&apos;], []], [ Ant [pattern=&apos;/requestPasswordReset&apos;], []], [ Ant [pattern=&apos;robust&apos;], []], [ org.springframework.security.web.util.matcher.AnyRequestMatcher@1, [edu.ncsu.csc.itrust2.config.IPFilter@67d70df0, org.springframework.security.web.context.request.async.WebAsyncManagerIntegrationFilter@52e5ed3, org.springframework.security.web.context.SecurityContextPersistenceFilter@1275d648, org.springframework.security.web.header.HeaderWriterFilter@4dff92f1, org.springframework.security.web.csrf.CsrfFilter@47baf39d, org.springframework.security.web.authentication.logout.LogoutFilter@d46308f, org.springframework.security.web.authentication.UsernamePasswordAuthenticationFilter@3e5ca40, org.springframework.security.web.savedrequest.RequestCacheAwareFilter@4b1aa6, org.springframework.security.web.servletapi.SecurityContextHolderAwareRequestFilter@27fee228, org.springframework.security.web.authentication.AnonymousAuthenticationFilter@72b131f2, org.springframework.security.web.session.SessionManagementFilter@11d91f32, org.springframework.security.web.access.ExceptionTranslationFilter@78055a51, org.springframework.security.web.access.intercept.FilterSecurityInterceptor@115b552c]]]]] with arguments {org.springframework.mock.web.MockHttpServletRequest@60f39523}
21:46:10.205 [main] DEBUG o.s.s.w.u.m.AntPathRequestMatcher - Checking match of request : &apos;/login&apos;; against &apos;/api/v0/requestPasswordReset&apos;
21:46:10.206 [main] DEBUG o.s.s.w.u.m.AntPathRequestMatcher - Checking match of request : &apos;/login&apos;; against &apos;/api/v1/resetPassword/*&apos;
21:46:10.206 [main] DEBUG o.s.s.w.u.m.AntPathRequestMatcher - Checking match of request : &apos;/login&apos;; against &apos;/requestPasswordReset&apos;
21:46:10.206 [main] DEBUG o.s.s.w.u.m.AntPathRequestMatcher - Checking match of request : &apos;/login&apos;; against &apos;robust&apos;
21:46:10.206 [main] DEBUG o.s.test.util.ReflectionTestUtils - Setting field &apos;tokenRepository&apos; of type [null] on target object [org.springframework.security.web.csrf.CsrfFilter@47baf39d] or target class [class org.springframework.security.web.csrf.CsrfFilter] to value [org.springframework.security.test.web.servlet.request.SecurityMockMvcRequestPostProcessors$CsrfRequestPostProcessor$TestCsrfTokenRepository@1330aaaf]
21:46:10.206 [main] DEBUG o.s.t.w.s.TestDispatcherServlet - DispatcherServlet with name &apos;&apos; processing POST request for [/login]
21:46:10.207 [main] DEBUG o.s.w.s.h.SimpleUrlHandlerMapping - Mapping [/login] to HandlerExecutionChain with handler [org.springframework.web.servlet.mvc.ParameterizableViewController@34f267d0] and 1 interceptor
21:46:10.208 [main] DEBUG o.s.w.s.m.a.ResponseStatusExceptionResolver - Resolving exception from handler [org.springframework.web.servlet.mvc.ParameterizableViewController@34f267d0]: org.springframework.web.HttpRequestMethodNotSupportedException: Request method &apos;POST&apos; not supported
21:46:10.209 [main] DEBUG o.s.w.s.m.s.DefaultHandlerExceptionResolver - Resolving exception from handler [org.springframework.web.servlet.mvc.ParameterizableViewController@34f267d0]: org.springframework.web.HttpRequestMethodNotSupportedException: Request method &apos;POST&apos; not supported
21:46:10.209 [main] WARN  o.s.web.servlet.PageNotFound - Request method &apos;POST&apos; not supported
21:46:10.209 [main] DEBUG o.s.t.w.s.TestDispatcherServlet - Null ModelAndView returned to DispatcherServlet with name &apos;&apos;: assuming HandlerAdapter completed request handling
21:46:10.209 [main] DEBUG o.s.t.w.s.TestDispatcherServlet - Successfully completed request
21:46:10.210 [main] DEBUG o.s.t.c.s.AbstractDirtiesContextTestExecutionListener - After test method: context [DefaultTestContext@1de44c59 testClass = APIDiagnosisTest, testInstance = edu.ncsu.csc.itrust2.apitest.APIDiagnosisTest@1ec7db43, testMethod = testDiagnoses@APIDiagnosisTest, testException = java.lang.NoClassDefFoundError: Could not initialize class edu.ncsu.csc.itrust2.utils.HibernateUtil, mergedContextConfiguration = [WebMergedContextConfiguration@2835309d testClass = APIDiagnosisTest, locations = &apos;{}&apos;, classes = &apos;{class edu.ncsu.csc.itrust2.config.RootConfiguration, class edu.ncsu.csc.itrust2.mvc.config.WebMvcConfiguration}&apos;, contextInitializerClasses = &apos;[]&apos;, activeProfiles = &apos;{}&apos;, propertySourceLocations = &apos;{}&apos;, propertySourceProperties = &apos;{}&apos;, contextCustomizers = set[[empty]], resourceBasePath = &apos;src/main/webapp&apos;, contextLoader = &apos;org.springframework.test.context.web.WebDelegatingSmartContextLoader&apos;, parent = [null]]], class annotated with @DirtiesContext [false] with mode [null], method annotated with @DirtiesContext [false] with mode [null].
21:46:10.210 [main] DEBUG o.s.t.c.w.ServletTestExecutionListener - Resetting RequestContextHolder for test context [DefaultTestContext@1de44c59 testClass = APIDiagnosisTest, testInstance = edu.ncsu.csc.itrust2.apitest.APIDiagnosisTest@1ec7db43, testMethod = testDiagnoses@APIDiagnosisTest, testException = java.lang.NoClassDefFoundError: Could not initialize class edu.ncsu.csc.itrust2.utils.HibernateUtil, mergedContextConfiguration = [WebMergedContextConfiguration@2835309d testClass = APIDiagnosisTest, locations = &apos;{}&apos;, classes = &apos;{class edu.ncsu.csc.itrust2.config.RootConfiguration, class edu.ncsu.csc.itrust2.mvc.config.WebMvcConfiguration}&apos;, contextInitializerClasses = &apos;[]&apos;, activeProfiles = &apos;{}&apos;, propertySourceLocations = &apos;{}&apos;, propertySourceProperties = &apos;{}&apos;, contextCustomizers = set[[empty]], resourceBasePath = &apos;src/main/webapp&apos;, contextLoader = &apos;org.springframework.test.context.web.WebDelegatingSmartContextLoader&apos;, parent = [null]]].
</stdout>
          <failedSince>1</failedSince>
        </case>
      </cases>
    </suite>
    <suite>
      <file>/var/lib/jenkins/jobs/iTrust_Fuzzer/workspace/iTrust2/target/surefire-reports/TEST-edu.ncsu.csc.itrust2.apitest.APIDrugTest.xml</file>
      <name>edu.ncsu.csc.itrust2.apitest.APIDrugTest</name>
      <duration>0.0</duration>
      <time>0</time>
      <enclosingBlocks/>
      <enclosingBlockNames/>
      <cases>
        <case>
          <duration>0.0</duration>
          <className>edu.ncsu.csc.itrust2.apitest.APIDrugTest</className>
          <testName>testDrugAPI</testName>
          <skipped>false</skipped>
          <errorStackTrace>java.lang.AssertionError: Status expected:&lt;200&gt; but was:&lt;404&gt;
	at edu.ncsu.csc.itrust2.apitest.APIDrugTest.testDrugAPI(APIDrugTest.java:82)
</errorStackTrace>
          <errorDetails>Status expected:&lt;200&gt; but was:&lt;404&gt;</errorDetails>
          <stdout>21:46:10.037 [main] DEBUG o.s.t.c.j.SpringJUnit4ClassRunner - SpringJUnit4ClassRunner constructor called with [class edu.ncsu.csc.itrust2.apitest.APIDrugTest]
21:46:10.037 [main] DEBUG o.s.test.context.BootstrapUtils - Instantiating CacheAwareContextLoaderDelegate from class [org.springframework.test.context.cache.DefaultCacheAwareContextLoaderDelegate]
21:46:10.037 [main] DEBUG o.s.test.context.BootstrapUtils - Instantiating BootstrapContext using constructor [public org.springframework.test.context.support.DefaultBootstrapContext(java.lang.Class,org.springframework.test.context.CacheAwareContextLoaderDelegate)]
21:46:10.038 [main] DEBUG o.s.test.context.BootstrapUtils - Instantiating TestContextBootstrapper for test class [edu.ncsu.csc.itrust2.apitest.APIDrugTest] from class [org.springframework.test.context.web.WebTestContextBootstrapper]
21:46:10.038 [main] DEBUG o.s.t.c.s.AbstractDelegatingSmartContextLoader - Delegating to AnnotationConfigWebContextLoader to process context configuration [ContextConfigurationAttributes@122a96f9 declaringClass = &apos;edu.ncsu.csc.itrust2.apitest.APIDrugTest&apos;, classes = &apos;{class edu.ncsu.csc.itrust2.config.RootConfiguration, class edu.ncsu.csc.itrust2.mvc.config.WebMvcConfiguration}&apos;, locations = &apos;{}&apos;, inheritLocations = true, initializers = &apos;{}&apos;, inheritInitializers = true, name = [null], contextLoaderClass = &apos;org.springframework.test.context.ContextLoader&apos;].
21:46:10.039 [main] DEBUG o.s.t.c.support.ActiveProfilesUtils - Could not find an &apos;annotation declaring class&apos; for annotation type [org.springframework.test.context.ActiveProfiles] and class [edu.ncsu.csc.itrust2.apitest.APIDrugTest]
21:46:10.039 [main] DEBUG o.s.t.c.w.WebTestContextBootstrapper - @TestExecutionListeners is not present for class [edu.ncsu.csc.itrust2.apitest.APIDrugTest]: using defaults.
21:46:10.040 [main] INFO  o.s.t.c.w.WebTestContextBootstrapper - Loaded default TestExecutionListener class names from location [META-INF/spring.factories]: [org.springframework.security.test.context.support.WithSecurityContextTestExecutionListener, org.springframework.test.context.web.ServletTestExecutionListener, org.springframework.test.context.support.DirtiesContextBeforeModesTestExecutionListener, org.springframework.test.context.support.DependencyInjectionTestExecutionListener, org.springframework.test.context.support.DirtiesContextTestExecutionListener, org.springframework.test.context.transaction.TransactionalTestExecutionListener, org.springframework.test.context.jdbc.SqlScriptsTestExecutionListener]
21:46:10.040 [main] INFO  o.s.t.c.w.WebTestContextBootstrapper - Using TestExecutionListeners: [org.springframework.test.context.web.ServletTestExecutionListener@46d8824b, org.springframework.test.context.support.DirtiesContextBeforeModesTestExecutionListener@259b1ad0, org.springframework.test.context.support.DependencyInjectionTestExecutionListener@1117da0b, org.springframework.test.context.support.DirtiesContextTestExecutionListener@7a3930e0, org.springframework.test.context.transaction.TransactionalTestExecutionListener@78713f36, org.springframework.test.context.jdbc.SqlScriptsTestExecutionListener@5c1e772, org.springframework.security.test.context.support.WithSecurityContextTestExecutionListener@2a29b243]
21:46:10.040 [main] DEBUG o.s.t.annotation.ProfileValueUtils - Retrieved @ProfileValueSourceConfiguration [null] for test class [edu.ncsu.csc.itrust2.apitest.APIDrugTest]
21:46:10.040 [main] DEBUG o.s.t.annotation.ProfileValueUtils - Retrieved ProfileValueSource type [class org.springframework.test.annotation.SystemProfileValueSource] for class [edu.ncsu.csc.itrust2.apitest.APIDrugTest]
21:46:10.040 [main] DEBUG o.s.t.annotation.ProfileValueUtils - Retrieved @ProfileValueSourceConfiguration [null] for test class [edu.ncsu.csc.itrust2.apitest.APIDrugTest]
21:46:10.041 [main] DEBUG o.s.t.annotation.ProfileValueUtils - Retrieved ProfileValueSource type [class org.springframework.test.annotation.SystemProfileValueSource] for class [edu.ncsu.csc.itrust2.apitest.APIDrugTest]
21:46:10.041 [main] DEBUG o.s.t.annotation.ProfileValueUtils - Retrieved @ProfileValueSourceConfiguration [null] for test class [edu.ncsu.csc.itrust2.apitest.APIDrugTest]
21:46:10.041 [main] DEBUG o.s.t.annotation.ProfileValueUtils - Retrieved ProfileValueSource type [class org.springframework.test.annotation.SystemProfileValueSource] for class [edu.ncsu.csc.itrust2.apitest.APIDrugTest]
21:46:10.041 [main] DEBUG o.s.t.c.s.AbstractDirtiesContextTestExecutionListener - Before test class: context [DefaultTestContext@19a429d6 testClass = APIDrugTest, testInstance = [null], testMethod = [null], testException = [null], mergedContextConfiguration = [WebMergedContextConfiguration@68dd3d5b testClass = APIDrugTest, locations = &apos;{}&apos;, classes = &apos;{class edu.ncsu.csc.itrust2.config.RootConfiguration, class edu.ncsu.csc.itrust2.mvc.config.WebMvcConfiguration}&apos;, contextInitializerClasses = &apos;[]&apos;, activeProfiles = &apos;{}&apos;, propertySourceLocations = &apos;{}&apos;, propertySourceProperties = &apos;{}&apos;, contextCustomizers = set[[empty]], resourceBasePath = &apos;src/main/webapp&apos;, contextLoader = &apos;org.springframework.test.context.web.WebDelegatingSmartContextLoader&apos;, parent = [null]]], class annotated with @DirtiesContext [false] with mode [null].
21:46:10.041 [main] DEBUG o.s.t.annotation.ProfileValueUtils - Retrieved @ProfileValueSourceConfiguration [null] for test class [edu.ncsu.csc.itrust2.apitest.APIDrugTest]
21:46:10.041 [main] DEBUG o.s.t.annotation.ProfileValueUtils - Retrieved ProfileValueSource type [class org.springframework.test.annotation.SystemProfileValueSource] for class [edu.ncsu.csc.itrust2.apitest.APIDrugTest]
21:46:10.041 [main] DEBUG o.s.t.c.c.DefaultCacheAwareContextLoaderDelegate - Retrieved ApplicationContext from cache with key [[WebMergedContextConfiguration@68dd3d5b testClass = APIDrugTest, locations = &apos;{}&apos;, classes = &apos;{class edu.ncsu.csc.itrust2.config.RootConfiguration, class edu.ncsu.csc.itrust2.mvc.config.WebMvcConfiguration}&apos;, contextInitializerClasses = &apos;[]&apos;, activeProfiles = &apos;{}&apos;, propertySourceLocations = &apos;{}&apos;, propertySourceProperties = &apos;{}&apos;, contextCustomizers = set[[empty]], resourceBasePath = &apos;src/main/webapp&apos;, contextLoader = &apos;org.springframework.test.context.web.WebDelegatingSmartContextLoader&apos;, parent = [null]]]
21:46:10.041 [main] DEBUG o.springframework.test.context.cache - Spring test ApplicationContext cache statistics: [DefaultContextCache@44f35879 size = 1, maxSize = 32, parentContextCount = 0, hitCount = 12, missCount = 1]
21:46:10.041 [main] DEBUG o.s.t.c.w.ServletTestExecutionListener - Setting up MockHttpServletRequest, MockHttpServletResponse, ServletWebRequest, and RequestContextHolder for test context [DefaultTestContext@19a429d6 testClass = APIDrugTest, testInstance = edu.ncsu.csc.itrust2.apitest.APIDrugTest@62adbd45, testMethod = [null], testException = [null], mergedContextConfiguration = [WebMergedContextConfiguration@68dd3d5b testClass = APIDrugTest, locations = &apos;{}&apos;, classes = &apos;{class edu.ncsu.csc.itrust2.config.RootConfiguration, class edu.ncsu.csc.itrust2.mvc.config.WebMvcConfiguration}&apos;, contextInitializerClasses = &apos;[]&apos;, activeProfiles = &apos;{}&apos;, propertySourceLocations = &apos;{}&apos;, propertySourceProperties = &apos;{}&apos;, contextCustomizers = set[[empty]], resourceBasePath = &apos;src/main/webapp&apos;, contextLoader = &apos;org.springframework.test.context.web.WebDelegatingSmartContextLoader&apos;, parent = [null]]].
21:46:10.041 [main] DEBUG o.s.t.c.s.DependencyInjectionTestExecutionListener - Performing dependency injection for test context [[DefaultTestContext@19a429d6 testClass = APIDrugTest, testInstance = edu.ncsu.csc.itrust2.apitest.APIDrugTest@62adbd45, testMethod = [null], testException = [null], mergedContextConfiguration = [WebMergedContextConfiguration@68dd3d5b testClass = APIDrugTest, locations = &apos;{}&apos;, classes = &apos;{class edu.ncsu.csc.itrust2.config.RootConfiguration, class edu.ncsu.csc.itrust2.mvc.config.WebMvcConfiguration}&apos;, contextInitializerClasses = &apos;[]&apos;, activeProfiles = &apos;{}&apos;, propertySourceLocations = &apos;{}&apos;, propertySourceProperties = &apos;{}&apos;, contextCustomizers = set[[empty]], resourceBasePath = &apos;src/main/webapp&apos;, contextLoader = &apos;org.springframework.test.context.web.WebDelegatingSmartContextLoader&apos;, parent = [null]]]].
21:46:10.041 [main] DEBUG o.s.t.c.c.DefaultCacheAwareContextLoaderDelegate - Retrieved ApplicationContext from cache with key [[WebMergedContextConfiguration@68dd3d5b testClass = APIDrugTest, locations = &apos;{}&apos;, classes = &apos;{class edu.ncsu.csc.itrust2.config.RootConfiguration, class edu.ncsu.csc.itrust2.mvc.config.WebMvcConfiguration}&apos;, contextInitializerClasses = &apos;[]&apos;, activeProfiles = &apos;{}&apos;, propertySourceLocations = &apos;{}&apos;, propertySourceProperties = &apos;{}&apos;, contextCustomizers = set[[empty]], resourceBasePath = &apos;src/main/webapp&apos;, contextLoader = &apos;org.springframework.test.context.web.WebDelegatingSmartContextLoader&apos;, parent = [null]]]
21:46:10.041 [main] DEBUG o.springframework.test.context.cache - Spring test ApplicationContext cache statistics: [DefaultContextCache@44f35879 size = 1, maxSize = 32, parentContextCount = 0, hitCount = 13, missCount = 1]
21:46:10.043 [main] DEBUG o.s.b.f.annotation.InjectionMetadata - Processing injected element of bean &apos;edu.ncsu.csc.itrust2.apitest.APIDrugTest&apos;: AutowiredFieldElement for private org.springframework.web.context.WebApplicationContext edu.ncsu.csc.itrust2.apitest.APIDrugTest.context
21:46:10.043 [main] DEBUG o.s.b.f.a.AutowiredAnnotationBeanPostProcessor - Autowiring by type from bean name &apos;edu.ncsu.csc.itrust2.apitest.APIDrugTest&apos; to bean named &apos;org.springframework.web.context.support.GenericWebApplicationContext@25f7739c&apos;
21:46:10.043 [main] DEBUG o.s.b.f.s.DefaultListableBeanFactory - Returning cached instance of singleton bean &apos;metaDataSourceAdvisor&apos;
21:46:10.043 [main] DEBUG o.s.t.c.s.AbstractDirtiesContextTestExecutionListener - Before test method: context [DefaultTestContext@19a429d6 testClass = APIDrugTest, testInstance = edu.ncsu.csc.itrust2.apitest.APIDrugTest@62adbd45, testMethod = testDrugAPI@APIDrugTest, testException = [null], mergedContextConfiguration = [WebMergedContextConfiguration@68dd3d5b testClass = APIDrugTest, locations = &apos;{}&apos;, classes = &apos;{class edu.ncsu.csc.itrust2.config.RootConfiguration, class edu.ncsu.csc.itrust2.mvc.config.WebMvcConfiguration}&apos;, contextInitializerClasses = &apos;[]&apos;, activeProfiles = &apos;{}&apos;, propertySourceLocations = &apos;{}&apos;, propertySourceProperties = &apos;{}&apos;, contextCustomizers = set[[empty]], resourceBasePath = &apos;src/main/webapp&apos;, contextLoader = &apos;org.springframework.test.context.web.WebDelegatingSmartContextLoader&apos;, parent = [null]]], class annotated with @DirtiesContext [false] with mode [null], method annotated with @DirtiesContext [false] with mode [null].
21:46:10.044 [main] DEBUG o.s.t.c.c.DefaultCacheAwareContextLoaderDelegate - Retrieved ApplicationContext from cache with key [[WebMergedContextConfiguration@68dd3d5b testClass = APIDrugTest, locations = &apos;{}&apos;, classes = &apos;{class edu.ncsu.csc.itrust2.config.RootConfiguration, class edu.ncsu.csc.itrust2.mvc.config.WebMvcConfiguration}&apos;, contextInitializerClasses = &apos;[]&apos;, activeProfiles = &apos;{}&apos;, propertySourceLocations = &apos;{}&apos;, propertySourceProperties = &apos;{}&apos;, contextCustomizers = set[[empty]], resourceBasePath = &apos;src/main/webapp&apos;, contextLoader = &apos;org.springframework.test.context.web.WebDelegatingSmartContextLoader&apos;, parent = [null]]]
21:46:10.044 [main] DEBUG o.springframework.test.context.cache - Spring test ApplicationContext cache statistics: [DefaultContextCache@44f35879 size = 1, maxSize = 32, parentContextCount = 0, hitCount = 14, missCount = 1]
21:46:10.044 [main] DEBUG o.s.b.f.s.DefaultListableBeanFactory - Creating instance of bean &apos;org.springframework.security.test.context.support.WithMockUserSecurityContextFactory&apos;
21:46:10.044 [main] DEBUG o.s.b.f.s.DefaultListableBeanFactory - Finished creating instance of bean &apos;org.springframework.security.test.context.support.WithMockUserSecurityContextFactory&apos;
21:46:10.044 [main] DEBUG o.s.t.w.s.TestDispatcherServlet - Initializing servlet &apos;&apos;
21:46:10.044 [main] DEBUG o.s.w.c.s.StandardServletEnvironment - Adding [servletConfigInitParams] PropertySource with lowest search precedence
21:46:10.044 [main] DEBUG o.s.w.c.s.StandardServletEnvironment - Adding [servletContextInitParams] PropertySource with lowest search precedence
21:46:10.044 [main] DEBUG o.s.w.c.s.StandardServletEnvironment - Adding [systemProperties] PropertySource with lowest search precedence
21:46:10.044 [main] DEBUG o.s.w.c.s.StandardServletEnvironment - Adding [systemEnvironment] PropertySource with lowest search precedence
21:46:10.044 [main] DEBUG o.s.w.c.s.StandardServletEnvironment - Initialized StandardServletEnvironment with PropertySources [servletConfigInitParams,servletContextInitParams,systemProperties,systemEnvironment]
21:46:10.044 [main] INFO  o.s.mock.web.MockServletContext - Initializing Spring FrameworkServlet &apos;&apos;
21:46:10.044 [main] INFO  o.s.t.w.s.TestDispatcherServlet - FrameworkServlet &apos;&apos;: initialization started
21:46:10.044 [main] DEBUG o.s.t.w.s.TestDispatcherServlet - Unable to locate MultipartResolver with name &apos;multipartResolver&apos;: no multipart request handling provided
21:46:10.045 [main] DEBUG o.s.b.f.s.DefaultListableBeanFactory - Creating instance of bean &apos;org.springframework.web.servlet.i18n.AcceptHeaderLocaleResolver&apos;
21:46:10.045 [main] DEBUG o.s.b.f.s.DefaultListableBeanFactory - Finished creating instance of bean &apos;org.springframework.web.servlet.i18n.AcceptHeaderLocaleResolver&apos;
21:46:10.045 [main] DEBUG o.s.t.w.s.TestDispatcherServlet - Unable to locate LocaleResolver with name &apos;localeResolver&apos;: using default [org.springframework.web.servlet.i18n.AcceptHeaderLocaleResolver@3da3c308]
21:46:10.045 [main] DEBUG o.s.b.f.s.DefaultListableBeanFactory - Creating instance of bean &apos;org.springframework.web.servlet.theme.FixedThemeResolver&apos;
21:46:10.046 [main] DEBUG o.s.b.f.s.DefaultListableBeanFactory - Finished creating instance of bean &apos;org.springframework.web.servlet.theme.FixedThemeResolver&apos;
21:46:10.046 [main] DEBUG o.s.t.w.s.TestDispatcherServlet - Unable to locate ThemeResolver with name &apos;themeResolver&apos;: using default [org.springframework.web.servlet.theme.FixedThemeResolver@3c150602]
21:46:10.047 [main] DEBUG o.s.b.f.s.DefaultListableBeanFactory - Returning cached instance of singleton bean &apos;requestMappingHandlerMapping&apos;
21:46:10.047 [main] DEBUG o.s.b.f.s.DefaultListableBeanFactory - Returning cached instance of singleton bean &apos;viewControllerHandlerMapping&apos;
21:46:10.047 [main] DEBUG o.s.b.f.s.DefaultListableBeanFactory - Returning cached instance of singleton bean &apos;beanNameHandlerMapping&apos;
21:46:10.047 [main] DEBUG o.s.b.f.s.DefaultListableBeanFactory - Returning cached instance of singleton bean &apos;resourceHandlerMapping&apos;
21:46:10.047 [main] DEBUG o.s.b.f.s.DefaultListableBeanFactory - Returning cached instance of singleton bean &apos;defaultServletHandlerMapping&apos;
21:46:10.047 [main] DEBUG o.s.b.f.s.DefaultListableBeanFactory - Returning cached instance of singleton bean &apos;requestMappingHandlerAdapter&apos;
21:46:10.047 [main] DEBUG o.s.b.f.s.DefaultListableBeanFactory - Returning cached instance of singleton bean &apos;httpRequestHandlerAdapter&apos;
21:46:10.047 [main] DEBUG o.s.b.f.s.DefaultListableBeanFactory - Returning cached instance of singleton bean &apos;simpleControllerHandlerAdapter&apos;
21:46:10.047 [main] DEBUG o.s.b.f.s.DefaultListableBeanFactory - Returning cached instance of singleton bean &apos;handlerExceptionResolver&apos;
21:46:10.047 [main] DEBUG o.s.b.f.s.DefaultListableBeanFactory - Creating instance of bean &apos;org.springframework.web.servlet.view.DefaultRequestToViewNameTranslator&apos;
21:46:10.047 [main] DEBUG o.s.b.f.s.DefaultListableBeanFactory - Finished creating instance of bean &apos;org.springframework.web.servlet.view.DefaultRequestToViewNameTranslator&apos;
21:46:10.048 [main] DEBUG o.s.t.w.s.TestDispatcherServlet - Unable to locate RequestToViewNameTranslator with name &apos;viewNameTranslator&apos;: using default [org.springframework.web.servlet.view.DefaultRequestToViewNameTranslator@33ddd350]
21:46:10.048 [main] DEBUG o.s.b.f.s.DefaultListableBeanFactory - Returning cached instance of singleton bean &apos;mvcViewResolver&apos;
21:46:10.048 [main] DEBUG o.s.b.f.s.DefaultListableBeanFactory - Returning cached instance of singleton bean &apos;viewResolver&apos;
21:46:10.048 [main] DEBUG o.s.b.f.s.DefaultListableBeanFactory - Creating instance of bean &apos;org.springframework.web.servlet.support.SessionFlashMapManager&apos;
21:46:10.048 [main] DEBUG o.s.b.f.s.DefaultListableBeanFactory - Finished creating instance of bean &apos;org.springframework.web.servlet.support.SessionFlashMapManager&apos;
21:46:10.048 [main] DEBUG o.s.t.w.s.TestDispatcherServlet - Unable to locate FlashMapManager with name &apos;flashMapManager&apos;: using default [org.springframework.web.servlet.support.SessionFlashMapManager@3b23cbaa]
21:46:10.048 [main] DEBUG o.s.t.w.s.TestDispatcherServlet - Published WebApplicationContext of servlet &apos;&apos; as ServletContext attribute with name [org.springframework.web.servlet.FrameworkServlet.CONTEXT.]
21:46:10.048 [main] INFO  o.s.t.w.s.TestDispatcherServlet - FrameworkServlet &apos;&apos;: initialization completed in 4 ms
21:46:10.048 [main] DEBUG o.s.t.w.s.TestDispatcherServlet - Servlet &apos;&apos; configured successfully
21:46:10.049 [main] DEBUG o.s.t.w.s.TestDispatcherServlet - DispatcherServlet with name &apos;&apos; processing POST request for [/api/v1/drugs]
21:46:10.049 [main] DEBUG o.s.w.s.m.m.a.RequestMappingHandlerMapping - Looking up handler method for path /api/v1/drugs
21:46:10.051 [main] DEBUG o.s.w.s.m.m.a.RequestMappingHandlerMapping - Did not find handler method for [/api/v1/drugs]
21:46:10.052 [main] WARN  o.s.web.servlet.PageNotFound - No mapping found for HTTP request with URI [/api/v1/drugs] in DispatcherServlet with name &apos;&apos;
21:46:10.052 [main] DEBUG o.s.t.w.s.TestDispatcherServlet - Successfully completed request
21:46:10.052 [main] DEBUG o.s.t.c.s.AbstractDirtiesContextTestExecutionListener - After test method: context [DefaultTestContext@19a429d6 testClass = APIDrugTest, testInstance = edu.ncsu.csc.itrust2.apitest.APIDrugTest@62adbd45, testMethod = testDrugAPI@APIDrugTest, testException = java.lang.AssertionError: Status expected:&lt;200&gt; but was:&lt;404&gt;, mergedContextConfiguration = [WebMergedContextConfiguration@68dd3d5b testClass = APIDrugTest, locations = &apos;{}&apos;, classes = &apos;{class edu.ncsu.csc.itrust2.config.RootConfiguration, class edu.ncsu.csc.itrust2.mvc.config.WebMvcConfiguration}&apos;, contextInitializerClasses = &apos;[]&apos;, activeProfiles = &apos;{}&apos;, propertySourceLocations = &apos;{}&apos;, propertySourceProperties = &apos;{}&apos;, contextCustomizers = set[[empty]], resourceBasePath = &apos;src/main/webapp&apos;, contextLoader = &apos;org.springframework.test.context.web.WebDelegatingSmartContextLoader&apos;, parent = [null]]], class annotated with @DirtiesContext [false] with mode [null], method annotated with @DirtiesContext [false] with mode [null].
21:46:10.052 [main] DEBUG o.s.t.c.w.ServletTestExecutionListener - Resetting RequestContextHolder for test context [DefaultTestContext@19a429d6 testClass = APIDrugTest, testInstance = edu.ncsu.csc.itrust2.apitest.APIDrugTest@62adbd45, testMethod = testDrugAPI@APIDrugTest, testException = java.lang.AssertionError: Status expected:&lt;200&gt; but was:&lt;404&gt;, mergedContextConfiguration = [WebMergedContextConfiguration@68dd3d5b testClass = APIDrugTest, locations = &apos;{}&apos;, classes = &apos;{class edu.ncsu.csc.itrust2.config.RootConfiguration, class edu.ncsu.csc.itrust2.mvc.config.WebMvcConfiguration}&apos;, contextInitializerClasses = &apos;[]&apos;, activeProfiles = &apos;{}&apos;, propertySourceLocations = &apos;{}&apos;, propertySourceProperties = &apos;{}&apos;, contextCustomizers = set[[empty]], resourceBasePath = &apos;src/main/webapp&apos;, contextLoader = &apos;org.springframework.test.context.web.WebDelegatingSmartContextLoader&apos;, parent = [null]]].
</stdout>
          <failedSince>1</failedSince>
        </case>
      </cases>
    </suite>
    <suite>
      <file>/var/lib/jenkins/jobs/iTrust_Fuzzer/workspace/iTrust2/target/surefire-reports/TEST-edu.ncsu.csc.itrust2.apitest.APIEnumTest.xml</file>
      <name>edu.ncsu.csc.itrust2.apitest.APIEnumTest</name>
      <duration>0.0</duration>
      <time>0</time>
      <enclosingBlocks/>
      <enclosingBlockNames/>
      <cases>
        <case>
          <duration>0.0</duration>
          <className>edu.ncsu.csc.itrust2.apitest.APIEnumTest</className>
          <testName>testEnumAPI</testName>
          <skipped>false</skipped>
          <errorStackTrace>java.lang.AssertionError: Status expected:&lt;200&gt; but was:&lt;404&gt;
	at edu.ncsu.csc.itrust2.apitest.APIEnumTest.testEnumAPI(APIEnumTest.java:53)
</errorStackTrace>
          <errorDetails>Status expected:&lt;200&gt; but was:&lt;404&gt;</errorDetails>
          <stdout>21:46:10.278 [main] DEBUG o.s.t.c.j.SpringJUnit4ClassRunner - SpringJUnit4ClassRunner constructor called with [class edu.ncsu.csc.itrust2.apitest.APIEnumTest]
21:46:10.279 [main] DEBUG o.s.test.context.BootstrapUtils - Instantiating CacheAwareContextLoaderDelegate from class [org.springframework.test.context.cache.DefaultCacheAwareContextLoaderDelegate]
21:46:10.279 [main] DEBUG o.s.test.context.BootstrapUtils - Instantiating BootstrapContext using constructor [public org.springframework.test.context.support.DefaultBootstrapContext(java.lang.Class,org.springframework.test.context.CacheAwareContextLoaderDelegate)]
21:46:10.279 [main] DEBUG o.s.test.context.BootstrapUtils - Instantiating TestContextBootstrapper for test class [edu.ncsu.csc.itrust2.apitest.APIEnumTest] from class [org.springframework.test.context.web.WebTestContextBootstrapper]
21:46:10.279 [main] DEBUG o.s.t.c.s.AbstractDelegatingSmartContextLoader - Delegating to AnnotationConfigWebContextLoader to process context configuration [ContextConfigurationAttributes@ff2f2ae declaringClass = &apos;edu.ncsu.csc.itrust2.apitest.APIEnumTest&apos;, classes = &apos;{class edu.ncsu.csc.itrust2.config.RootConfiguration, class edu.ncsu.csc.itrust2.mvc.config.WebMvcConfiguration}&apos;, locations = &apos;{}&apos;, inheritLocations = true, initializers = &apos;{}&apos;, inheritInitializers = true, name = [null], contextLoaderClass = &apos;org.springframework.test.context.ContextLoader&apos;].
21:46:10.281 [main] DEBUG o.s.t.c.support.ActiveProfilesUtils - Could not find an &apos;annotation declaring class&apos; for annotation type [org.springframework.test.context.ActiveProfiles] and class [edu.ncsu.csc.itrust2.apitest.APIEnumTest]
21:46:10.282 [main] DEBUG o.s.t.c.w.WebTestContextBootstrapper - @TestExecutionListeners is not present for class [edu.ncsu.csc.itrust2.apitest.APIEnumTest]: using defaults.
21:46:10.282 [main] INFO  o.s.t.c.w.WebTestContextBootstrapper - Loaded default TestExecutionListener class names from location [META-INF/spring.factories]: [org.springframework.security.test.context.support.WithSecurityContextTestExecutionListener, org.springframework.test.context.web.ServletTestExecutionListener, org.springframework.test.context.support.DirtiesContextBeforeModesTestExecutionListener, org.springframework.test.context.support.DependencyInjectionTestExecutionListener, org.springframework.test.context.support.DirtiesContextTestExecutionListener, org.springframework.test.context.transaction.TransactionalTestExecutionListener, org.springframework.test.context.jdbc.SqlScriptsTestExecutionListener]
21:46:10.283 [main] INFO  o.s.t.c.w.WebTestContextBootstrapper - Using TestExecutionListeners: [org.springframework.test.context.web.ServletTestExecutionListener@587d9280, org.springframework.test.context.support.DirtiesContextBeforeModesTestExecutionListener@6d5983da, org.springframework.test.context.support.DependencyInjectionTestExecutionListener@3358e940, org.springframework.test.context.support.DirtiesContextTestExecutionListener@e3a85d4, org.springframework.test.context.transaction.TransactionalTestExecutionListener@3ae7ef01, org.springframework.test.context.jdbc.SqlScriptsTestExecutionListener@1b01ecd4, org.springframework.security.test.context.support.WithSecurityContextTestExecutionListener@6f67141d]
21:46:10.283 [main] DEBUG o.s.t.annotation.ProfileValueUtils - Retrieved @ProfileValueSourceConfiguration [null] for test class [edu.ncsu.csc.itrust2.apitest.APIEnumTest]
21:46:10.283 [main] DEBUG o.s.t.annotation.ProfileValueUtils - Retrieved ProfileValueSource type [class org.springframework.test.annotation.SystemProfileValueSource] for class [edu.ncsu.csc.itrust2.apitest.APIEnumTest]
21:46:10.283 [main] DEBUG o.s.t.annotation.ProfileValueUtils - Retrieved @ProfileValueSourceConfiguration [null] for test class [edu.ncsu.csc.itrust2.apitest.APIEnumTest]
21:46:10.283 [main] DEBUG o.s.t.annotation.ProfileValueUtils - Retrieved ProfileValueSource type [class org.springframework.test.annotation.SystemProfileValueSource] for class [edu.ncsu.csc.itrust2.apitest.APIEnumTest]
21:46:10.283 [main] DEBUG o.s.t.annotation.ProfileValueUtils - Retrieved @ProfileValueSourceConfiguration [null] for test class [edu.ncsu.csc.itrust2.apitest.APIEnumTest]
21:46:10.283 [main] DEBUG o.s.t.annotation.ProfileValueUtils - Retrieved ProfileValueSource type [class org.springframework.test.annotation.SystemProfileValueSource] for class [edu.ncsu.csc.itrust2.apitest.APIEnumTest]
21:46:10.283 [main] DEBUG o.s.t.c.s.AbstractDirtiesContextTestExecutionListener - Before test class: context [DefaultTestContext@35292800 testClass = APIEnumTest, testInstance = [null], testMethod = [null], testException = [null], mergedContextConfiguration = [WebMergedContextConfiguration@30335643 testClass = APIEnumTest, locations = &apos;{}&apos;, classes = &apos;{class edu.ncsu.csc.itrust2.config.RootConfiguration, class edu.ncsu.csc.itrust2.mvc.config.WebMvcConfiguration}&apos;, contextInitializerClasses = &apos;[]&apos;, activeProfiles = &apos;{}&apos;, propertySourceLocations = &apos;{}&apos;, propertySourceProperties = &apos;{}&apos;, contextCustomizers = set[[empty]], resourceBasePath = &apos;src/main/webapp&apos;, contextLoader = &apos;org.springframework.test.context.web.WebDelegatingSmartContextLoader&apos;, parent = [null]]], class annotated with @DirtiesContext [false] with mode [null].
21:46:10.283 [main] DEBUG o.s.t.annotation.ProfileValueUtils - Retrieved @ProfileValueSourceConfiguration [null] for test class [edu.ncsu.csc.itrust2.apitest.APIEnumTest]
21:46:10.283 [main] DEBUG o.s.t.annotation.ProfileValueUtils - Retrieved ProfileValueSource type [class org.springframework.test.annotation.SystemProfileValueSource] for class [edu.ncsu.csc.itrust2.apitest.APIEnumTest]
21:46:10.283 [main] DEBUG o.s.t.c.c.DefaultCacheAwareContextLoaderDelegate - Retrieved ApplicationContext from cache with key [[WebMergedContextConfiguration@30335643 testClass = APIEnumTest, locations = &apos;{}&apos;, classes = &apos;{class edu.ncsu.csc.itrust2.config.RootConfiguration, class edu.ncsu.csc.itrust2.mvc.config.WebMvcConfiguration}&apos;, contextInitializerClasses = &apos;[]&apos;, activeProfiles = &apos;{}&apos;, propertySourceLocations = &apos;{}&apos;, propertySourceProperties = &apos;{}&apos;, contextCustomizers = set[[empty]], resourceBasePath = &apos;src/main/webapp&apos;, contextLoader = &apos;org.springframework.test.context.web.WebDelegatingSmartContextLoader&apos;, parent = [null]]]
21:46:10.283 [main] DEBUG o.springframework.test.context.cache - Spring test ApplicationContext cache statistics: [DefaultContextCache@44f35879 size = 1, maxSize = 32, parentContextCount = 0, hitCount = 58, missCount = 1]
21:46:10.283 [main] DEBUG o.s.t.c.w.ServletTestExecutionListener - Setting up MockHttpServletRequest, MockHttpServletResponse, ServletWebRequest, and RequestContextHolder for test context [DefaultTestContext@35292800 testClass = APIEnumTest, testInstance = edu.ncsu.csc.itrust2.apitest.APIEnumTest@24406bdd, testMethod = [null], testException = [null], mergedContextConfiguration = [WebMergedContextConfiguration@30335643 testClass = APIEnumTest, locations = &apos;{}&apos;, classes = &apos;{class edu.ncsu.csc.itrust2.config.RootConfiguration, class edu.ncsu.csc.itrust2.mvc.config.WebMvcConfiguration}&apos;, contextInitializerClasses = &apos;[]&apos;, activeProfiles = &apos;{}&apos;, propertySourceLocations = &apos;{}&apos;, propertySourceProperties = &apos;{}&apos;, contextCustomizers = set[[empty]], resourceBasePath = &apos;src/main/webapp&apos;, contextLoader = &apos;org.springframework.test.context.web.WebDelegatingSmartContextLoader&apos;, parent = [null]]].
21:46:10.283 [main] DEBUG o.s.t.c.s.DependencyInjectionTestExecutionListener - Performing dependency injection for test context [[DefaultTestContext@35292800 testClass = APIEnumTest, testInstance = edu.ncsu.csc.itrust2.apitest.APIEnumTest@24406bdd, testMethod = [null], testException = [null], mergedContextConfiguration = [WebMergedContextConfiguration@30335643 testClass = APIEnumTest, locations = &apos;{}&apos;, classes = &apos;{class edu.ncsu.csc.itrust2.config.RootConfiguration, class edu.ncsu.csc.itrust2.mvc.config.WebMvcConfiguration}&apos;, contextInitializerClasses = &apos;[]&apos;, activeProfiles = &apos;{}&apos;, propertySourceLocations = &apos;{}&apos;, propertySourceProperties = &apos;{}&apos;, contextCustomizers = set[[empty]], resourceBasePath = &apos;src/main/webapp&apos;, contextLoader = &apos;org.springframework.test.context.web.WebDelegatingSmartContextLoader&apos;, parent = [null]]]].
21:46:10.283 [main] DEBUG o.s.t.c.c.DefaultCacheAwareContextLoaderDelegate - Retrieved ApplicationContext from cache with key [[WebMergedContextConfiguration@30335643 testClass = APIEnumTest, locations = &apos;{}&apos;, classes = &apos;{class edu.ncsu.csc.itrust2.config.RootConfiguration, class edu.ncsu.csc.itrust2.mvc.config.WebMvcConfiguration}&apos;, contextInitializerClasses = &apos;[]&apos;, activeProfiles = &apos;{}&apos;, propertySourceLocations = &apos;{}&apos;, propertySourceProperties = &apos;{}&apos;, contextCustomizers = set[[empty]], resourceBasePath = &apos;src/main/webapp&apos;, contextLoader = &apos;org.springframework.test.context.web.WebDelegatingSmartContextLoader&apos;, parent = [null]]]
21:46:10.283 [main] DEBUG o.springframework.test.context.cache - Spring test ApplicationContext cache statistics: [DefaultContextCache@44f35879 size = 1, maxSize = 32, parentContextCount = 0, hitCount = 59, missCount = 1]
21:46:10.285 [main] DEBUG o.s.b.f.annotation.InjectionMetadata - Processing injected element of bean &apos;edu.ncsu.csc.itrust2.apitest.APIEnumTest&apos;: AutowiredFieldElement for private org.springframework.web.context.WebApplicationContext edu.ncsu.csc.itrust2.apitest.APIEnumTest.context
21:46:10.285 [main] DEBUG o.s.b.f.a.AutowiredAnnotationBeanPostProcessor - Autowiring by type from bean name &apos;edu.ncsu.csc.itrust2.apitest.APIEnumTest&apos; to bean named &apos;org.springframework.web.context.support.GenericWebApplicationContext@25f7739c&apos;
21:46:10.285 [main] DEBUG o.s.b.f.s.DefaultListableBeanFactory - Returning cached instance of singleton bean &apos;metaDataSourceAdvisor&apos;
21:46:10.285 [main] DEBUG o.s.t.c.s.AbstractDirtiesContextTestExecutionListener - Before test method: context [DefaultTestContext@35292800 testClass = APIEnumTest, testInstance = edu.ncsu.csc.itrust2.apitest.APIEnumTest@24406bdd, testMethod = testEnumAPI@APIEnumTest, testException = [null], mergedContextConfiguration = [WebMergedContextConfiguration@30335643 testClass = APIEnumTest, locations = &apos;{}&apos;, classes = &apos;{class edu.ncsu.csc.itrust2.config.RootConfiguration, class edu.ncsu.csc.itrust2.mvc.config.WebMvcConfiguration}&apos;, contextInitializerClasses = &apos;[]&apos;, activeProfiles = &apos;{}&apos;, propertySourceLocations = &apos;{}&apos;, propertySourceProperties = &apos;{}&apos;, contextCustomizers = set[[empty]], resourceBasePath = &apos;src/main/webapp&apos;, contextLoader = &apos;org.springframework.test.context.web.WebDelegatingSmartContextLoader&apos;, parent = [null]]], class annotated with @DirtiesContext [false] with mode [null], method annotated with @DirtiesContext [false] with mode [null].
21:46:10.285 [main] DEBUG o.s.t.w.s.TestDispatcherServlet - Initializing servlet &apos;&apos;
21:46:10.286 [main] DEBUG o.s.w.c.s.StandardServletEnvironment - Adding [servletConfigInitParams] PropertySource with lowest search precedence
21:46:10.286 [main] DEBUG o.s.w.c.s.StandardServletEnvironment - Adding [servletContextInitParams] PropertySource with lowest search precedence
21:46:10.286 [main] DEBUG o.s.w.c.s.StandardServletEnvironment - Adding [systemProperties] PropertySource with lowest search precedence
21:46:10.286 [main] DEBUG o.s.w.c.s.StandardServletEnvironment - Adding [systemEnvironment] PropertySource with lowest search precedence
21:46:10.286 [main] DEBUG o.s.w.c.s.StandardServletEnvironment - Initialized StandardServletEnvironment with PropertySources [servletConfigInitParams,servletContextInitParams,systemProperties,systemEnvironment]
21:46:10.286 [main] INFO  o.s.mock.web.MockServletContext - Initializing Spring FrameworkServlet &apos;&apos;
21:46:10.286 [main] INFO  o.s.t.w.s.TestDispatcherServlet - FrameworkServlet &apos;&apos;: initialization started
21:46:10.286 [main] DEBUG o.s.t.w.s.TestDispatcherServlet - Unable to locate MultipartResolver with name &apos;multipartResolver&apos;: no multipart request handling provided
21:46:10.286 [main] DEBUG o.s.b.f.s.DefaultListableBeanFactory - Creating instance of bean &apos;org.springframework.web.servlet.i18n.AcceptHeaderLocaleResolver&apos;
21:46:10.286 [main] DEBUG o.s.b.f.s.DefaultListableBeanFactory - Finished creating instance of bean &apos;org.springframework.web.servlet.i18n.AcceptHeaderLocaleResolver&apos;
21:46:10.286 [main] DEBUG o.s.t.w.s.TestDispatcherServlet - Unable to locate LocaleResolver with name &apos;localeResolver&apos;: using default [org.springframework.web.servlet.i18n.AcceptHeaderLocaleResolver@fc51be6]
21:46:10.286 [main] DEBUG o.s.b.f.s.DefaultListableBeanFactory - Creating instance of bean &apos;org.springframework.web.servlet.theme.FixedThemeResolver&apos;
21:46:10.286 [main] DEBUG o.s.b.f.s.DefaultListableBeanFactory - Finished creating instance of bean &apos;org.springframework.web.servlet.theme.FixedThemeResolver&apos;
21:46:10.286 [main] DEBUG o.s.t.w.s.TestDispatcherServlet - Unable to locate ThemeResolver with name &apos;themeResolver&apos;: using default [org.springframework.web.servlet.theme.FixedThemeResolver@256ec513]
21:46:10.286 [main] DEBUG o.s.b.f.s.DefaultListableBeanFactory - Returning cached instance of singleton bean &apos;requestMappingHandlerMapping&apos;
21:46:10.286 [main] DEBUG o.s.b.f.s.DefaultListableBeanFactory - Returning cached instance of singleton bean &apos;viewControllerHandlerMapping&apos;
21:46:10.287 [main] DEBUG o.s.b.f.s.DefaultListableBeanFactory - Returning cached instance of singleton bean &apos;beanNameHandlerMapping&apos;
21:46:10.287 [main] DEBUG o.s.b.f.s.DefaultListableBeanFactory - Returning cached instance of singleton bean &apos;resourceHandlerMapping&apos;
21:46:10.287 [main] DEBUG o.s.b.f.s.DefaultListableBeanFactory - Returning cached instance of singleton bean &apos;defaultServletHandlerMapping&apos;
21:46:10.287 [main] DEBUG o.s.b.f.s.DefaultListableBeanFactory - Returning cached instance of singleton bean &apos;requestMappingHandlerAdapter&apos;
21:46:10.287 [main] DEBUG o.s.b.f.s.DefaultListableBeanFactory - Returning cached instance of singleton bean &apos;httpRequestHandlerAdapter&apos;
21:46:10.287 [main] DEBUG o.s.b.f.s.DefaultListableBeanFactory - Returning cached instance of singleton bean &apos;simpleControllerHandlerAdapter&apos;
21:46:10.287 [main] DEBUG o.s.b.f.s.DefaultListableBeanFactory - Returning cached instance of singleton bean &apos;handlerExceptionResolver&apos;
21:46:10.287 [main] DEBUG o.s.b.f.s.DefaultListableBeanFactory - Creating instance of bean &apos;org.springframework.web.servlet.view.DefaultRequestToViewNameTranslator&apos;
21:46:10.287 [main] DEBUG o.s.b.f.s.DefaultListableBeanFactory - Finished creating instance of bean &apos;org.springframework.web.servlet.view.DefaultRequestToViewNameTranslator&apos;
21:46:10.287 [main] DEBUG o.s.t.w.s.TestDispatcherServlet - Unable to locate RequestToViewNameTranslator with name &apos;viewNameTranslator&apos;: using default [org.springframework.web.servlet.view.DefaultRequestToViewNameTranslator@2d74ce0]
21:46:10.287 [main] DEBUG o.s.b.f.s.DefaultListableBeanFactory - Returning cached instance of singleton bean &apos;mvcViewResolver&apos;
21:46:10.287 [main] DEBUG o.s.b.f.s.DefaultListableBeanFactory - Returning cached instance of singleton bean &apos;viewResolver&apos;
21:46:10.287 [main] DEBUG o.s.b.f.s.DefaultListableBeanFactory - Creating instance of bean &apos;org.springframework.web.servlet.support.SessionFlashMapManager&apos;
21:46:10.287 [main] DEBUG o.s.b.f.s.DefaultListableBeanFactory - Finished creating instance of bean &apos;org.springframework.web.servlet.support.SessionFlashMapManager&apos;
21:46:10.287 [main] DEBUG o.s.t.w.s.TestDispatcherServlet - Unable to locate FlashMapManager with name &apos;flashMapManager&apos;: using default [org.springframework.web.servlet.support.SessionFlashMapManager@73535dea]
21:46:10.287 [main] DEBUG o.s.t.w.s.TestDispatcherServlet - Published WebApplicationContext of servlet &apos;&apos; as ServletContext attribute with name [org.springframework.web.servlet.FrameworkServlet.CONTEXT.]
21:46:10.287 [main] INFO  o.s.t.w.s.TestDispatcherServlet - FrameworkServlet &apos;&apos;: initialization completed in 1 ms
21:46:10.288 [main] DEBUG o.s.t.w.s.TestDispatcherServlet - Servlet &apos;&apos; configured successfully
21:46:10.289 [main] DEBUG o.s.t.w.s.TestDispatcherServlet - DispatcherServlet with name &apos;&apos; processing GET request for [/api/v1/appointmenttype]
21:46:10.289 [main] DEBUG o.s.w.s.m.m.a.RequestMappingHandlerMapping - Looking up handler method for path /api/v1/appointmenttype
21:46:10.290 [main] DEBUG o.s.w.s.m.m.a.RequestMappingHandlerMapping - Did not find handler method for [/api/v1/appointmenttype]
21:46:10.290 [main] WARN  o.s.web.servlet.PageNotFound - No mapping found for HTTP request with URI [/api/v1/appointmenttype] in DispatcherServlet with name &apos;&apos;
21:46:10.290 [main] DEBUG o.s.t.w.s.TestDispatcherServlet - Successfully completed request
21:46:10.291 [main] DEBUG o.s.t.c.s.AbstractDirtiesContextTestExecutionListener - After test method: context [DefaultTestContext@35292800 testClass = APIEnumTest, testInstance = edu.ncsu.csc.itrust2.apitest.APIEnumTest@24406bdd, testMethod = testEnumAPI@APIEnumTest, testException = java.lang.AssertionError: Status expected:&lt;200&gt; but was:&lt;404&gt;, mergedContextConfiguration = [WebMergedContextConfiguration@30335643 testClass = APIEnumTest, locations = &apos;{}&apos;, classes = &apos;{class edu.ncsu.csc.itrust2.config.RootConfiguration, class edu.ncsu.csc.itrust2.mvc.config.WebMvcConfiguration}&apos;, contextInitializerClasses = &apos;[]&apos;, activeProfiles = &apos;{}&apos;, propertySourceLocations = &apos;{}&apos;, propertySourceProperties = &apos;{}&apos;, contextCustomizers = set[[empty]], resourceBasePath = &apos;src/main/webapp&apos;, contextLoader = &apos;org.springframework.test.context.web.WebDelegatingSmartContextLoader&apos;, parent = [null]]], class annotated with @DirtiesContext [false] with mode [null], method annotated with @DirtiesContext [false] with mode [null].
21:46:10.291 [main] DEBUG o.s.t.c.w.ServletTestExecutionListener - Resetting RequestContextHolder for test context [DefaultTestContext@35292800 testClass = APIEnumTest, testInstance = edu.ncsu.csc.itrust2.apitest.APIEnumTest@24406bdd, testMethod = testEnumAPI@APIEnumTest, testException = java.lang.AssertionError: Status expected:&lt;200&gt; but was:&lt;404&gt;, mergedContextConfiguration = [WebMergedContextConfiguration@30335643 testClass = APIEnumTest, locations = &apos;{}&apos;, classes = &apos;{class edu.ncsu.csc.itrust2.config.RootConfiguration, class edu.ncsu.csc.itrust2.mvc.config.WebMvcConfiguration}&apos;, contextInitializerClasses = &apos;[]&apos;, activeProfiles = &apos;{}&apos;, propertySourceLocations = &apos;{}&apos;, propertySourceProperties = &apos;{}&apos;, contextCustomizers = set[[empty]], resourceBasePath = &apos;src/main/webapp&apos;, contextLoader = &apos;org.springframework.test.context.web.WebDelegatingSmartContextLoader&apos;, parent = [null]]].
</stdout>
          <failedSince>1</failedSince>
        </case>
      </cases>
    </suite>
    <suite>
      <file>/var/lib/jenkins/jobs/iTrust_Fuzzer/workspace/iTrust2/target/surefire-reports/TEST-edu.ncsu.csc.itrust2.apitest.APIHospitalTest.xml</file>
      <name>edu.ncsu.csc.itrust2.apitest.APIHospitalTest</name>
      <duration>0.0</duration>
      <time>0</time>
      <enclosingBlocks/>
      <enclosingBlockNames/>
      <cases>
        <case>
          <duration>0.0</duration>
          <className>edu.ncsu.csc.itrust2.apitest.APIHospitalTest</className>
          <testName>testGetNonExistentHospital</testName>
          <skipped>false</skipped>
          <failedSince>0</failedSince>
        </case>
        <case>
          <duration>0.0</duration>
          <className>edu.ncsu.csc.itrust2.apitest.APIHospitalTest</className>
          <testName>testHospitalAPI</testName>
          <skipped>false</skipped>
          <errorStackTrace>java.lang.AssertionError: Status expected:&lt;200&gt; but was:&lt;404&gt;
	at edu.ncsu.csc.itrust2.apitest.APIHospitalTest.testHospitalAPI(APIHospitalTest.java:72)
</errorStackTrace>
          <errorDetails>Status expected:&lt;200&gt; but was:&lt;404&gt;</errorDetails>
          <stdout>21:46:10.321 [main] DEBUG o.s.t.annotation.ProfileValueUtils - Retrieved @ProfileValueSourceConfiguration [null] for test class [edu.ncsu.csc.itrust2.apitest.APIHospitalTest]
21:46:10.321 [main] DEBUG o.s.t.annotation.ProfileValueUtils - Retrieved ProfileValueSource type [class org.springframework.test.annotation.SystemProfileValueSource] for class [edu.ncsu.csc.itrust2.apitest.APIHospitalTest]
21:46:10.321 [main] DEBUG o.s.t.c.c.DefaultCacheAwareContextLoaderDelegate - Retrieved ApplicationContext from cache with key [[WebMergedContextConfiguration@24ee1e7a testClass = APIHospitalTest, locations = &apos;{}&apos;, classes = &apos;{class edu.ncsu.csc.itrust2.config.RootConfiguration, class edu.ncsu.csc.itrust2.mvc.config.WebMvcConfiguration}&apos;, contextInitializerClasses = &apos;[]&apos;, activeProfiles = &apos;{}&apos;, propertySourceLocations = &apos;{}&apos;, propertySourceProperties = &apos;{}&apos;, contextCustomizers = set[[empty]], resourceBasePath = &apos;src/main/webapp&apos;, contextLoader = &apos;org.springframework.test.context.web.WebDelegatingSmartContextLoader&apos;, parent = [null]]]
21:46:10.322 [main] DEBUG o.springframework.test.context.cache - Spring test ApplicationContext cache statistics: [DefaultContextCache@44f35879 size = 1, maxSize = 32, parentContextCount = 0, hitCount = 65, missCount = 1]
21:46:10.322 [main] DEBUG o.s.t.c.w.ServletTestExecutionListener - Setting up MockHttpServletRequest, MockHttpServletResponse, ServletWebRequest, and RequestContextHolder for test context [DefaultTestContext@3d56e04f testClass = APIHospitalTest, testInstance = edu.ncsu.csc.itrust2.apitest.APIHospitalTest@64d580fe, testMethod = [null], testException = [null], mergedContextConfiguration = [WebMergedContextConfiguration@24ee1e7a testClass = APIHospitalTest, locations = &apos;{}&apos;, classes = &apos;{class edu.ncsu.csc.itrust2.config.RootConfiguration, class edu.ncsu.csc.itrust2.mvc.config.WebMvcConfiguration}&apos;, contextInitializerClasses = &apos;[]&apos;, activeProfiles = &apos;{}&apos;, propertySourceLocations = &apos;{}&apos;, propertySourceProperties = &apos;{}&apos;, contextCustomizers = set[[empty]], resourceBasePath = &apos;src/main/webapp&apos;, contextLoader = &apos;org.springframework.test.context.web.WebDelegatingSmartContextLoader&apos;, parent = [null]]].
21:46:10.322 [main] DEBUG o.s.t.c.s.DependencyInjectionTestExecutionListener - Performing dependency injection for test context [[DefaultTestContext@3d56e04f testClass = APIHospitalTest, testInstance = edu.ncsu.csc.itrust2.apitest.APIHospitalTest@64d580fe, testMethod = [null], testException = [null], mergedContextConfiguration = [WebMergedContextConfiguration@24ee1e7a testClass = APIHospitalTest, locations = &apos;{}&apos;, classes = &apos;{class edu.ncsu.csc.itrust2.config.RootConfiguration, class edu.ncsu.csc.itrust2.mvc.config.WebMvcConfiguration}&apos;, contextInitializerClasses = &apos;[]&apos;, activeProfiles = &apos;{}&apos;, propertySourceLocations = &apos;{}&apos;, propertySourceProperties = &apos;{}&apos;, contextCustomizers = set[[empty]], resourceBasePath = &apos;src/main/webapp&apos;, contextLoader = &apos;org.springframework.test.context.web.WebDelegatingSmartContextLoader&apos;, parent = [null]]]].
21:46:10.322 [main] DEBUG o.s.t.c.c.DefaultCacheAwareContextLoaderDelegate - Retrieved ApplicationContext from cache with key [[WebMergedContextConfiguration@24ee1e7a testClass = APIHospitalTest, locations = &apos;{}&apos;, classes = &apos;{class edu.ncsu.csc.itrust2.config.RootConfiguration, class edu.ncsu.csc.itrust2.mvc.config.WebMvcConfiguration}&apos;, contextInitializerClasses = &apos;[]&apos;, activeProfiles = &apos;{}&apos;, propertySourceLocations = &apos;{}&apos;, propertySourceProperties = &apos;{}&apos;, contextCustomizers = set[[empty]], resourceBasePath = &apos;src/main/webapp&apos;, contextLoader = &apos;org.springframework.test.context.web.WebDelegatingSmartContextLoader&apos;, parent = [null]]]
21:46:10.322 [main] DEBUG o.springframework.test.context.cache - Spring test ApplicationContext cache statistics: [DefaultContextCache@44f35879 size = 1, maxSize = 32, parentContextCount = 0, hitCount = 66, missCount = 1]
21:46:10.322 [main] DEBUG o.s.b.f.annotation.InjectionMetadata - Processing injected element of bean &apos;edu.ncsu.csc.itrust2.apitest.APIHospitalTest&apos;: AutowiredFieldElement for private org.springframework.web.context.WebApplicationContext edu.ncsu.csc.itrust2.apitest.APIHospitalTest.context
21:46:10.322 [main] DEBUG o.s.t.c.s.AbstractDirtiesContextTestExecutionListener - Before test method: context [DefaultTestContext@3d56e04f testClass = APIHospitalTest, testInstance = edu.ncsu.csc.itrust2.apitest.APIHospitalTest@64d580fe, testMethod = testHospitalAPI@APIHospitalTest, testException = [null], mergedContextConfiguration = [WebMergedContextConfiguration@24ee1e7a testClass = APIHospitalTest, locations = &apos;{}&apos;, classes = &apos;{class edu.ncsu.csc.itrust2.config.RootConfiguration, class edu.ncsu.csc.itrust2.mvc.config.WebMvcConfiguration}&apos;, contextInitializerClasses = &apos;[]&apos;, activeProfiles = &apos;{}&apos;, propertySourceLocations = &apos;{}&apos;, propertySourceProperties = &apos;{}&apos;, contextCustomizers = set[[empty]], resourceBasePath = &apos;src/main/webapp&apos;, contextLoader = &apos;org.springframework.test.context.web.WebDelegatingSmartContextLoader&apos;, parent = [null]]], class annotated with @DirtiesContext [false] with mode [null], method annotated with @DirtiesContext [false] with mode [null].
21:46:10.323 [main] DEBUG o.s.t.w.s.TestDispatcherServlet - Initializing servlet &apos;&apos;
21:46:10.323 [main] DEBUG o.s.w.c.s.StandardServletEnvironment - Adding [servletConfigInitParams] PropertySource with lowest search precedence
21:46:10.323 [main] DEBUG o.s.w.c.s.StandardServletEnvironment - Adding [servletContextInitParams] PropertySource with lowest search precedence
21:46:10.323 [main] DEBUG o.s.w.c.s.StandardServletEnvironment - Adding [systemProperties] PropertySource with lowest search precedence
21:46:10.323 [main] DEBUG o.s.w.c.s.StandardServletEnvironment - Adding [systemEnvironment] PropertySource with lowest search precedence
21:46:10.323 [main] DEBUG o.s.w.c.s.StandardServletEnvironment - Initialized StandardServletEnvironment with PropertySources [servletConfigInitParams,servletContextInitParams,systemProperties,systemEnvironment]
21:46:10.323 [main] INFO  o.s.mock.web.MockServletContext - Initializing Spring FrameworkServlet &apos;&apos;
21:46:10.323 [main] INFO  o.s.t.w.s.TestDispatcherServlet - FrameworkServlet &apos;&apos;: initialization started
21:46:10.324 [main] DEBUG o.s.t.w.s.TestDispatcherServlet - Unable to locate MultipartResolver with name &apos;multipartResolver&apos;: no multipart request handling provided
21:46:10.324 [main] DEBUG o.s.b.f.s.DefaultListableBeanFactory - Creating instance of bean &apos;org.springframework.web.servlet.i18n.AcceptHeaderLocaleResolver&apos;
21:46:10.327 [main] DEBUG o.s.b.f.s.DefaultListableBeanFactory - Finished creating instance of bean &apos;org.springframework.web.servlet.i18n.AcceptHeaderLocaleResolver&apos;
21:46:10.327 [main] DEBUG o.s.t.w.s.TestDispatcherServlet - Unable to locate LocaleResolver with name &apos;localeResolver&apos;: using default [org.springframework.web.servlet.i18n.AcceptHeaderLocaleResolver@6cdcceaf]
21:46:10.327 [main] DEBUG o.s.b.f.s.DefaultListableBeanFactory - Creating instance of bean &apos;org.springframework.web.servlet.theme.FixedThemeResolver&apos;
21:46:10.330 [main] DEBUG o.s.b.f.s.DefaultListableBeanFactory - Finished creating instance of bean &apos;org.springframework.web.servlet.theme.FixedThemeResolver&apos;
21:46:10.330 [main] DEBUG o.s.t.w.s.TestDispatcherServlet - Unable to locate ThemeResolver with name &apos;themeResolver&apos;: using default [org.springframework.web.servlet.theme.FixedThemeResolver@4b091c60]
21:46:10.330 [main] DEBUG o.s.b.f.s.DefaultListableBeanFactory - Returning cached instance of singleton bean &apos;requestMappingHandlerMapping&apos;
21:46:10.330 [main] DEBUG o.s.b.f.s.DefaultListableBeanFactory - Returning cached instance of singleton bean &apos;viewControllerHandlerMapping&apos;
21:46:10.330 [main] DEBUG o.s.b.f.s.DefaultListableBeanFactory - Returning cached instance of singleton bean &apos;beanNameHandlerMapping&apos;
21:46:10.330 [main] DEBUG o.s.b.f.s.DefaultListableBeanFactory - Returning cached instance of singleton bean &apos;resourceHandlerMapping&apos;
21:46:10.330 [main] DEBUG o.s.b.f.s.DefaultListableBeanFactory - Returning cached instance of singleton bean &apos;defaultServletHandlerMapping&apos;
21:46:10.331 [main] DEBUG o.s.b.f.s.DefaultListableBeanFactory - Returning cached instance of singleton bean &apos;requestMappingHandlerAdapter&apos;
21:46:10.331 [main] DEBUG o.s.b.f.s.DefaultListableBeanFactory - Returning cached instance of singleton bean &apos;httpRequestHandlerAdapter&apos;
21:46:10.331 [main] DEBUG o.s.b.f.s.DefaultListableBeanFactory - Returning cached instance of singleton bean &apos;simpleControllerHandlerAdapter&apos;
21:46:10.331 [main] DEBUG o.s.b.f.s.DefaultListableBeanFactory - Returning cached instance of singleton bean &apos;handlerExceptionResolver&apos;
21:46:10.331 [main] DEBUG o.s.b.f.s.DefaultListableBeanFactory - Creating instance of bean &apos;org.springframework.web.servlet.view.DefaultRequestToViewNameTranslator&apos;
21:46:10.331 [main] DEBUG o.s.b.f.s.DefaultListableBeanFactory - Finished creating instance of bean &apos;org.springframework.web.servlet.view.DefaultRequestToViewNameTranslator&apos;
21:46:10.331 [main] DEBUG o.s.t.w.s.TestDispatcherServlet - Unable to locate RequestToViewNameTranslator with name &apos;viewNameTranslator&apos;: using default [org.springframework.web.servlet.view.DefaultRequestToViewNameTranslator@393b78f]
21:46:10.331 [main] DEBUG o.s.b.f.s.DefaultListableBeanFactory - Returning cached instance of singleton bean &apos;mvcViewResolver&apos;
21:46:10.331 [main] DEBUG o.s.b.f.s.DefaultListableBeanFactory - Returning cached instance of singleton bean &apos;viewResolver&apos;
21:46:10.331 [main] DEBUG o.s.b.f.s.DefaultListableBeanFactory - Creating instance of bean &apos;org.springframework.web.servlet.support.SessionFlashMapManager&apos;
21:46:10.337 [main] DEBUG o.s.b.f.s.DefaultListableBeanFactory - Finished creating instance of bean &apos;org.springframework.web.servlet.support.SessionFlashMapManager&apos;
21:46:10.337 [main] DEBUG o.s.t.w.s.TestDispatcherServlet - Unable to locate FlashMapManager with name &apos;flashMapManager&apos;: using default [org.springframework.web.servlet.support.SessionFlashMapManager@35704de6]
21:46:10.337 [main] DEBUG o.s.t.w.s.TestDispatcherServlet - Published WebApplicationContext of servlet &apos;&apos; as ServletContext attribute with name [org.springframework.web.servlet.FrameworkServlet.CONTEXT.]
21:46:10.337 [main] INFO  o.s.t.w.s.TestDispatcherServlet - FrameworkServlet &apos;&apos;: initialization completed in 13 ms
21:46:10.337 [main] DEBUG o.s.t.w.s.TestDispatcherServlet - Servlet &apos;&apos; configured successfully
21:46:10.338 [main] DEBUG o.s.t.w.s.TestDispatcherServlet - DispatcherServlet with name &apos;&apos; processing DELETE request for [/api/v1/hospitals]
21:46:10.338 [main] DEBUG o.s.w.s.m.m.a.RequestMappingHandlerMapping - Looking up handler method for path /api/v1/hospitals
21:46:10.339 [main] DEBUG o.s.w.s.m.m.a.RequestMappingHandlerMapping - Did not find handler method for [/api/v1/hospitals]
21:46:10.339 [main] WARN  o.s.web.servlet.PageNotFound - No mapping found for HTTP request with URI [/api/v1/hospitals] in DispatcherServlet with name &apos;&apos;
21:46:10.339 [main] DEBUG o.s.t.w.s.TestDispatcherServlet - Successfully completed request
21:46:10.341 [main] DEBUG o.s.t.w.s.TestDispatcherServlet - DispatcherServlet with name &apos;&apos; processing POST request for [/api/v1/hospitals]
21:46:10.341 [main] DEBUG o.s.w.s.m.m.a.RequestMappingHandlerMapping - Looking up handler method for path /api/v1/hospitals
21:46:10.342 [main] DEBUG o.s.w.s.m.m.a.RequestMappingHandlerMapping - Did not find handler method for [/api/v1/hospitals]
21:46:10.342 [main] WARN  o.s.web.servlet.PageNotFound - No mapping found for HTTP request with URI [/api/v1/hospitals] in DispatcherServlet with name &apos;&apos;
21:46:10.342 [main] DEBUG o.s.t.w.s.TestDispatcherServlet - Successfully completed request
21:46:10.342 [main] DEBUG o.s.t.w.s.TestDispatcherServlet - DispatcherServlet with name &apos;&apos; processing GET request for [/api/v1/hospitals/iTrust%20Test%20Hospital%202]
21:46:10.342 [main] DEBUG o.s.w.s.m.m.a.RequestMappingHandlerMapping - Looking up handler method for path /api/v1/hospitals/iTrust Test Hospital 2
21:46:10.346 [main] DEBUG o.s.w.s.m.m.a.RequestMappingHandlerMapping - Did not find handler method for [/api/v1/hospitals/iTrust Test Hospital 2]
21:46:10.346 [main] WARN  o.s.web.servlet.PageNotFound - No mapping found for HTTP request with URI [/api/v1/hospitals/iTrust%20Test%20Hospital%202] in DispatcherServlet with name &apos;&apos;
21:46:10.347 [main] DEBUG o.s.t.w.s.TestDispatcherServlet - Successfully completed request
21:46:10.347 [main] DEBUG o.s.t.c.s.AbstractDirtiesContextTestExecutionListener - After test method: context [DefaultTestContext@3d56e04f testClass = APIHospitalTest, testInstance = edu.ncsu.csc.itrust2.apitest.APIHospitalTest@64d580fe, testMethod = testHospitalAPI@APIHospitalTest, testException = java.lang.AssertionError: Status expected:&lt;200&gt; but was:&lt;404&gt;, mergedContextConfiguration = [WebMergedContextConfiguration@24ee1e7a testClass = APIHospitalTest, locations = &apos;{}&apos;, classes = &apos;{class edu.ncsu.csc.itrust2.config.RootConfiguration, class edu.ncsu.csc.itrust2.mvc.config.WebMvcConfiguration}&apos;, contextInitializerClasses = &apos;[]&apos;, activeProfiles = &apos;{}&apos;, propertySourceLocations = &apos;{}&apos;, propertySourceProperties = &apos;{}&apos;, contextCustomizers = set[[empty]], resourceBasePath = &apos;src/main/webapp&apos;, contextLoader = &apos;org.springframework.test.context.web.WebDelegatingSmartContextLoader&apos;, parent = [null]]], class annotated with @DirtiesContext [false] with mode [null], method annotated with @DirtiesContext [false] with mode [null].
21:46:10.347 [main] DEBUG o.s.t.c.w.ServletTestExecutionListener - Resetting RequestContextHolder for test context [DefaultTestContext@3d56e04f testClass = APIHospitalTest, testInstance = edu.ncsu.csc.itrust2.apitest.APIHospitalTest@64d580fe, testMethod = testHospitalAPI@APIHospitalTest, testException = java.lang.AssertionError: Status expected:&lt;200&gt; but was:&lt;404&gt;, mergedContextConfiguration = [WebMergedContextConfiguration@24ee1e7a testClass = APIHospitalTest, locations = &apos;{}&apos;, classes = &apos;{class edu.ncsu.csc.itrust2.config.RootConfiguration, class edu.ncsu.csc.itrust2.mvc.config.WebMvcConfiguration}&apos;, contextInitializerClasses = &apos;[]&apos;, activeProfiles = &apos;{}&apos;, propertySourceLocations = &apos;{}&apos;, propertySourceProperties = &apos;{}&apos;, contextCustomizers = set[[empty]], resourceBasePath = &apos;src/main/webapp&apos;, contextLoader = &apos;org.springframework.test.context.web.WebDelegatingSmartContextLoader&apos;, parent = [null]]].
</stdout>
          <failedSince>1</failedSince>
        </case>
      </cases>
    </suite>
    <suite>
      <file>/var/lib/jenkins/jobs/iTrust_Fuzzer/workspace/iTrust2/target/surefire-reports/TEST-edu.ncsu.csc.itrust2.apitest.APIICDCodeTest.xml</file>
      <name>edu.ncsu.csc.itrust2.apitest.APIICDCodeTest</name>
      <duration>2.154</duration>
      <time>2.154</time>
      <enclosingBlocks/>
      <enclosingBlockNames/>
      <cases>
        <case>
          <duration>0.088</duration>
          <className>edu.ncsu.csc.itrust2.apitest.APIICDCodeTest</className>
          <testName>testCodeAPI</testName>
          <skipped>false</skipped>
          <errorStackTrace>java.lang.NullPointerException
	at edu.ncsu.csc.itrust2.apitest.APIICDCodeTest.testCodeAPI(APIICDCodeTest.java:62)
</errorStackTrace>
          <stdout>21:46:07.208 [main] DEBUG o.s.t.c.j.SpringJUnit4ClassRunner - SpringJUnit4ClassRunner constructor called with [class edu.ncsu.csc.itrust2.apitest.APIICDCodeTest]
21:46:07.210 [main] DEBUG o.s.test.context.BootstrapUtils - Instantiating CacheAwareContextLoaderDelegate from class [org.springframework.test.context.cache.DefaultCacheAwareContextLoaderDelegate]
21:46:07.219 [main] DEBUG o.s.test.context.BootstrapUtils - Instantiating BootstrapContext using constructor [public org.springframework.test.context.support.DefaultBootstrapContext(java.lang.Class,org.springframework.test.context.CacheAwareContextLoaderDelegate)]
21:46:07.236 [main] DEBUG o.s.test.context.BootstrapUtils - Instantiating TestContextBootstrapper for test class [edu.ncsu.csc.itrust2.apitest.APIICDCodeTest] from class [org.springframework.test.context.web.WebTestContextBootstrapper]
21:46:07.261 [main] DEBUG o.s.t.c.s.AbstractDelegatingSmartContextLoader - Delegating to AnnotationConfigWebContextLoader to process context configuration [ContextConfigurationAttributes@ebc1f14 declaringClass = &apos;edu.ncsu.csc.itrust2.apitest.APIICDCodeTest&apos;, classes = &apos;{class edu.ncsu.csc.itrust2.config.RootConfiguration, class edu.ncsu.csc.itrust2.mvc.config.WebMvcConfiguration}&apos;, locations = &apos;{}&apos;, inheritLocations = true, initializers = &apos;{}&apos;, inheritInitializers = true, name = [null], contextLoaderClass = &apos;org.springframework.test.context.ContextLoader&apos;].
21:46:07.277 [main] DEBUG o.s.t.c.support.ActiveProfilesUtils - Could not find an &apos;annotation declaring class&apos; for annotation type [org.springframework.test.context.ActiveProfiles] and class [edu.ncsu.csc.itrust2.apitest.APIICDCodeTest]
21:46:07.278 [main] DEBUG o.s.t.c.w.WebTestContextBootstrapper - @TestExecutionListeners is not present for class [edu.ncsu.csc.itrust2.apitest.APIICDCodeTest]: using defaults.
21:46:07.279 [main] INFO  o.s.t.c.w.WebTestContextBootstrapper - Loaded default TestExecutionListener class names from location [META-INF/spring.factories]: [org.springframework.security.test.context.support.WithSecurityContextTestExecutionListener, org.springframework.test.context.web.ServletTestExecutionListener, org.springframework.test.context.support.DirtiesContextBeforeModesTestExecutionListener, org.springframework.test.context.support.DependencyInjectionTestExecutionListener, org.springframework.test.context.support.DirtiesContextTestExecutionListener, org.springframework.test.context.transaction.TransactionalTestExecutionListener, org.springframework.test.context.jdbc.SqlScriptsTestExecutionListener]
21:46:07.296 [main] INFO  o.s.t.c.w.WebTestContextBootstrapper - Using TestExecutionListeners: [org.springframework.test.context.web.ServletTestExecutionListener@1936fe56, org.springframework.test.context.support.DirtiesContextBeforeModesTestExecutionListener@663a2d71, org.springframework.test.context.support.DependencyInjectionTestExecutionListener@3af1dda5, org.springframework.test.context.support.DirtiesContextTestExecutionListener@6e11dd6c, org.springframework.test.context.transaction.TransactionalTestExecutionListener@40fb5ab6, org.springframework.test.context.jdbc.SqlScriptsTestExecutionListener@771da67d, org.springframework.security.test.context.support.WithSecurityContextTestExecutionListener@43b551ce]
21:46:07.298 [main] DEBUG o.s.t.annotation.ProfileValueUtils - Retrieved @ProfileValueSourceConfiguration [null] for test class [edu.ncsu.csc.itrust2.apitest.APIICDCodeTest]
21:46:07.298 [main] DEBUG o.s.t.annotation.ProfileValueUtils - Retrieved ProfileValueSource type [class org.springframework.test.annotation.SystemProfileValueSource] for class [edu.ncsu.csc.itrust2.apitest.APIICDCodeTest]
21:46:07.298 [main] DEBUG o.s.t.annotation.ProfileValueUtils - Retrieved @ProfileValueSourceConfiguration [null] for test class [edu.ncsu.csc.itrust2.apitest.APIICDCodeTest]
21:46:07.298 [main] DEBUG o.s.t.annotation.ProfileValueUtils - Retrieved ProfileValueSource type [class org.springframework.test.annotation.SystemProfileValueSource] for class [edu.ncsu.csc.itrust2.apitest.APIICDCodeTest]
21:46:07.299 [main] DEBUG o.s.t.annotation.ProfileValueUtils - Retrieved @ProfileValueSourceConfiguration [null] for test class [edu.ncsu.csc.itrust2.apitest.APIICDCodeTest]
21:46:07.299 [main] DEBUG o.s.t.annotation.ProfileValueUtils - Retrieved ProfileValueSource type [class org.springframework.test.annotation.SystemProfileValueSource] for class [edu.ncsu.csc.itrust2.apitest.APIICDCodeTest]
21:46:07.300 [main] DEBUG o.s.t.c.s.AbstractDirtiesContextTestExecutionListener - Before test class: context [DefaultTestContext@82de8d1 testClass = APIICDCodeTest, testInstance = [null], testMethod = [null], testException = [null], mergedContextConfiguration = [WebMergedContextConfiguration@26cacb6e testClass = APIICDCodeTest, locations = &apos;{}&apos;, classes = &apos;{class edu.ncsu.csc.itrust2.config.RootConfiguration, class edu.ncsu.csc.itrust2.mvc.config.WebMvcConfiguration}&apos;, contextInitializerClasses = &apos;[]&apos;, activeProfiles = &apos;{}&apos;, propertySourceLocations = &apos;{}&apos;, propertySourceProperties = &apos;{}&apos;, contextCustomizers = set[[empty]], resourceBasePath = &apos;src/main/webapp&apos;, contextLoader = &apos;org.springframework.test.context.web.WebDelegatingSmartContextLoader&apos;, parent = [null]]], class annotated with @DirtiesContext [false] with mode [null].
21:46:07.301 [main] DEBUG o.s.t.annotation.ProfileValueUtils - Retrieved @ProfileValueSourceConfiguration [null] for test class [edu.ncsu.csc.itrust2.apitest.APIICDCodeTest]
21:46:07.301 [main] DEBUG o.s.t.annotation.ProfileValueUtils - Retrieved ProfileValueSource type [class org.springframework.test.annotation.SystemProfileValueSource] for class [edu.ncsu.csc.itrust2.apitest.APIICDCodeTest]
21:46:07.305 [main] DEBUG o.s.t.c.s.AbstractDelegatingSmartContextLoader - Delegating to AnnotationConfigWebContextLoader to load context from [WebMergedContextConfiguration@26cacb6e testClass = APIICDCodeTest, locations = &apos;{}&apos;, classes = &apos;{class edu.ncsu.csc.itrust2.config.RootConfiguration, class edu.ncsu.csc.itrust2.mvc.config.WebMvcConfiguration}&apos;, contextInitializerClasses = &apos;[]&apos;, activeProfiles = &apos;{}&apos;, propertySourceLocations = &apos;{}&apos;, propertySourceProperties = &apos;{}&apos;, contextCustomizers = set[[empty]], resourceBasePath = &apos;src/main/webapp&apos;, contextLoader = &apos;org.springframework.test.context.web.WebDelegatingSmartContextLoader&apos;, parent = [null]].
21:46:07.305 [main] DEBUG o.s.t.c.w.AbstractGenericWebContextLoader - Loading WebApplicationContext for merged context configuration [WebMergedContextConfiguration@26cacb6e testClass = APIICDCodeTest, locations = &apos;{}&apos;, classes = &apos;{class edu.ncsu.csc.itrust2.config.RootConfiguration, class edu.ncsu.csc.itrust2.mvc.config.WebMvcConfiguration}&apos;, contextInitializerClasses = &apos;[]&apos;, activeProfiles = &apos;{}&apos;, propertySourceLocations = &apos;{}&apos;, propertySourceProperties = &apos;{}&apos;, contextCustomizers = set[[empty]], resourceBasePath = &apos;src/main/webapp&apos;, contextLoader = &apos;org.springframework.test.context.web.WebDelegatingSmartContextLoader&apos;, parent = [null]].
21:46:07.373 [main] DEBUG o.s.w.c.s.StandardServletEnvironment - Adding [servletConfigInitParams] PropertySource with lowest search precedence
21:46:07.373 [main] DEBUG o.s.w.c.s.StandardServletEnvironment - Adding [servletContextInitParams] PropertySource with lowest search precedence
21:46:07.376 [main] DEBUG o.s.w.c.s.StandardServletEnvironment - Adding [systemProperties] PropertySource with lowest search precedence
21:46:07.378 [main] DEBUG o.s.w.c.s.StandardServletEnvironment - Adding [systemEnvironment] PropertySource with lowest search precedence
21:46:07.378 [main] DEBUG o.s.w.c.s.StandardServletEnvironment - Initialized StandardServletEnvironment with PropertySources [servletConfigInitParams,servletContextInitParams,systemProperties,systemEnvironment]
21:46:07.379 [main] DEBUG o.s.t.c.w.AnnotationConfigWebContextLoader - Registering annotated classes: {class edu.ncsu.csc.itrust2.config.RootConfiguration, class edu.ncsu.csc.itrust2.mvc.config.WebMvcConfiguration}
21:46:07.446 [main] INFO  o.s.w.c.s.GenericWebApplicationContext - Refreshing org.springframework.web.context.support.GenericWebApplicationContext@25f7739c: startup date [Thu Mar 22 21:46:07 UTC 2018]; root of context hierarchy
21:46:07.450 [main] DEBUG o.s.w.c.s.StandardServletEnvironment - Replacing [servletContextInitParams] PropertySource with [servletContextInitParams]
21:46:07.450 [main] DEBUG o.s.w.c.s.GenericWebApplicationContext - Bean factory for org.springframework.web.context.support.GenericWebApplicationContext@25f7739c: org.springframework.beans.factory.support.DefaultListableBeanFactory@242573cf: defining beans [org.springframework.context.annotation.internalConfigurationAnnotationProcessor,org.springframework.context.annotation.internalAutowiredAnnotationProcessor,org.springframework.context.annotation.internalRequiredAnnotationProcessor,org.springframework.context.annotation.internalCommonAnnotationProcessor,org.springframework.context.annotation.internalPersistenceAnnotationProcessor,org.springframework.context.event.internalEventListenerProcessor,org.springframework.context.event.internalEventListenerFactory,rootConfiguration,webMvcConfiguration]; root of factory hierarchy
21:46:07.463 [main] DEBUG o.s.b.f.s.DefaultListableBeanFactory - Registering scope &apos;request&apos; with implementation [org.springframework.web.context.request.RequestScope@34e7832d]
21:46:07.463 [main] DEBUG o.s.b.f.s.DefaultListableBeanFactory - Registering scope &apos;session&apos; with implementation [org.springframework.web.context.request.SessionScope@55f2a26d]
21:46:07.463 [main] DEBUG o.s.b.f.s.DefaultListableBeanFactory - Registering scope &apos;globalSession&apos; with implementation [org.springframework.web.context.request.SessionScope@761e1290]
21:46:07.464 [main] DEBUG o.s.b.f.s.DefaultListableBeanFactory - Registering scope &apos;application&apos; with implementation [org.springframework.web.context.support.ServletContextScope@7260f47f]
21:46:07.473 [main] DEBUG o.s.b.f.s.DefaultListableBeanFactory - Creating shared instance of singleton bean &apos;org.springframework.context.annotation.internalConfigurationAnnotationProcessor&apos;
21:46:07.473 [main] DEBUG o.s.b.f.s.DefaultListableBeanFactory - Creating instance of bean &apos;org.springframework.context.annotation.internalConfigurationAnnotationProcessor&apos;
21:46:07.498 [main] DEBUG o.s.b.f.s.DefaultListableBeanFactory - Eagerly caching bean &apos;org.springframework.context.annotation.internalConfigurationAnnotationProcessor&apos; to allow for resolving potential circular references
21:46:07.501 [main] DEBUG o.s.b.f.s.DefaultListableBeanFactory - Finished creating instance of bean &apos;org.springframework.context.annotation.internalConfigurationAnnotationProcessor&apos;
21:46:07.526 [main] DEBUG o.s.core.env.StandardEnvironment - Adding [systemProperties] PropertySource with lowest search precedence
21:46:07.526 [main] DEBUG o.s.core.env.StandardEnvironment - Adding [systemEnvironment] PropertySource with lowest search precedence
21:46:07.526 [main] DEBUG o.s.core.env.StandardEnvironment - Initialized StandardEnvironment with PropertySources [systemProperties,systemEnvironment]
21:46:07.532 [main] DEBUG o.s.c.i.s.PathMatchingResourcePatternResolver - Resolved classpath location [edu/ncsu/csc/itrust2/config/] to resources [URL [file:/var/lib/jenkins/jobs/iTrust_Fuzzer/workspace/iTrust2/target/classes/edu/ncsu/csc/itrust2/config/]]
21:46:07.533 [main] DEBUG o.s.c.i.s.PathMatchingResourcePatternResolver - Looking for matching resources in directory tree [/var/lib/jenkins/jobs/iTrust_Fuzzer/workspace/iTrust2/target/classes/edu/ncsu/csc/itrust2/config]
21:46:07.533 [main] DEBUG o.s.c.i.s.PathMatchingResourcePatternResolver - Searching directory [/var/lib/jenkins/jobs/iTrust_Fuzzer/workspace/iTrust2/target/classes/edu/ncsu/csc/itrust2/config] for files matching pattern [/var/lib/jenkins/jobs/iTrust_Fuzzer/workspace/iTrust2/target/classes/edu/ncsu/csc/itrust2/config/**/*.class]
21:46:07.540 [main] DEBUG o.s.c.i.s.PathMatchingResourcePatternResolver - Resolved location pattern [classpath*:edu/ncsu/csc/itrust2/config/**/*.class] to resources [file [/var/lib/jenkins/jobs/iTrust_Fuzzer/workspace/iTrust2/target/classes/edu/ncsu/csc/itrust2/config/ContextListener.class], file [/var/lib/jenkins/jobs/iTrust_Fuzzer/workspace/iTrust2/target/classes/edu/ncsu/csc/itrust2/config/DataConfiguration.class], file [/var/lib/jenkins/jobs/iTrust_Fuzzer/workspace/iTrust2/target/classes/edu/ncsu/csc/itrust2/config/FailureHandler.class], file [/var/lib/jenkins/jobs/iTrust_Fuzzer/workspace/iTrust2/target/classes/edu/ncsu/csc/itrust2/config/IPFilter.class], file [/var/lib/jenkins/jobs/iTrust_Fuzzer/workspace/iTrust2/target/classes/edu/ncsu/csc/itrust2/config/ITrust2ApplicationInitializer.class], file [/var/lib/jenkins/jobs/iTrust_Fuzzer/workspace/iTrust2/target/classes/edu/ncsu/csc/itrust2/config/ITrust2WebApplicationInitializer.class], file [/var/lib/jenkins/jobs/iTrust_Fuzzer/workspace/iTrust2/target/classes/edu/ncsu/csc/itrust2/config/LoginAuditingListener.class], file [/var/lib/jenkins/jobs/iTrust_Fuzzer/workspace/iTrust2/target/classes/edu/ncsu/csc/itrust2/config/RootConfiguration.class], file [/var/lib/jenkins/jobs/iTrust_Fuzzer/workspace/iTrust2/target/classes/edu/ncsu/csc/itrust2/config/SecurityConfig.class]]
21:46:07.572 [main] DEBUG o.s.c.a.ClassPathBeanDefinitionScanner - Identified candidate component class: file [/var/lib/jenkins/jobs/iTrust_Fuzzer/workspace/iTrust2/target/classes/edu/ncsu/csc/itrust2/config/DataConfiguration.class]
21:46:07.577 [main] DEBUG o.s.c.a.ClassPathBeanDefinitionScanner - Identified candidate component class: file [/var/lib/jenkins/jobs/iTrust_Fuzzer/workspace/iTrust2/target/classes/edu/ncsu/csc/itrust2/config/LoginAuditingListener.class]
21:46:07.582 [main] DEBUG o.s.c.a.ClassPathBeanDefinitionScanner - Identified candidate component class: file [/var/lib/jenkins/jobs/iTrust_Fuzzer/workspace/iTrust2/target/classes/edu/ncsu/csc/itrust2/config/SecurityConfig.class]
21:46:07.642 [main] DEBUG o.s.core.env.StandardEnvironment - Adding [systemProperties] PropertySource with lowest search precedence
21:46:07.642 [main] DEBUG o.s.core.env.StandardEnvironment - Adding [systemEnvironment] PropertySource with lowest search precedence
21:46:07.642 [main] DEBUG o.s.core.env.StandardEnvironment - Initialized StandardEnvironment with PropertySources [systemProperties,systemEnvironment]
21:46:07.644 [main] DEBUG o.s.c.i.s.PathMatchingResourcePatternResolver - Resolved classpath location [edu/ncsu/csc/itrust2/controllers/] to resources [URL [file:/var/lib/jenkins/jobs/iTrust_Fuzzer/workspace/iTrust2/target/classes/edu/ncsu/csc/itrust2/controllers/]]
21:46:07.644 [main] DEBUG o.s.c.i.s.PathMatchingResourcePatternResolver - Looking for matching resources in directory tree [/var/lib/jenkins/jobs/iTrust_Fuzzer/workspace/iTrust2/target/classes/edu/ncsu/csc/itrust2/controllers]
21:46:07.644 [main] DEBUG o.s.c.i.s.PathMatchingResourcePatternResolver - Searching directory [/var/lib/jenkins/jobs/iTrust_Fuzzer/workspace/iTrust2/target/classes/edu/ncsu/csc/itrust2/controllers] for files matching pattern [/var/lib/jenkins/jobs/iTrust_Fuzzer/workspace/iTrust2/target/classes/edu/ncsu/csc/itrust2/controllers/**/*.class]
21:46:07.644 [main] DEBUG o.s.c.i.s.PathMatchingResourcePatternResolver - Searching directory [/var/lib/jenkins/jobs/iTrust_Fuzzer/workspace/iTrust2/target/classes/edu/ncsu/csc/itrust2/controllers/admin] for files matching pattern [/var/lib/jenkins/jobs/iTrust_Fuzzer/workspace/iTrust2/target/classes/edu/ncsu/csc/itrust2/controllers/**/*.class]
21:46:07.644 [main] DEBUG o.s.c.i.s.PathMatchingResourcePatternResolver - Searching directory [/var/lib/jenkins/jobs/iTrust_Fuzzer/workspace/iTrust2/target/classes/edu/ncsu/csc/itrust2/controllers/api] for files matching pattern [/var/lib/jenkins/jobs/iTrust_Fuzzer/workspace/iTrust2/target/classes/edu/ncsu/csc/itrust2/controllers/**/*.class]
21:46:07.645 [main] DEBUG o.s.c.i.s.PathMatchingResourcePatternResolver - Searching directory [/var/lib/jenkins/jobs/iTrust_Fuzzer/workspace/iTrust2/target/classes/edu/ncsu/csc/itrust2/controllers/api/comm] for files matching pattern [/var/lib/jenkins/jobs/iTrust_Fuzzer/workspace/iTrust2/target/classes/edu/ncsu/csc/itrust2/controllers/**/*.class]
21:46:07.646 [main] DEBUG o.s.c.i.s.PathMatchingResourcePatternResolver - Searching directory [/var/lib/jenkins/jobs/iTrust_Fuzzer/workspace/iTrust2/target/classes/edu/ncsu/csc/itrust2/controllers/hcp] for files matching pattern [/var/lib/jenkins/jobs/iTrust_Fuzzer/workspace/iTrust2/target/classes/edu/ncsu/csc/itrust2/controllers/**/*.class]
21:46:07.646 [main] DEBUG o.s.c.i.s.PathMatchingResourcePatternResolver - Searching directory [/var/lib/jenkins/jobs/iTrust_Fuzzer/workspace/iTrust2/target/classes/edu/ncsu/csc/itrust2/controllers/patient] for files matching pattern [/var/lib/jenkins/jobs/iTrust_Fuzzer/workspace/iTrust2/target/classes/edu/ncsu/csc/itrust2/controllers/**/*.class]
21:46:07.646 [main] DEBUG o.s.c.i.s.PathMatchingResourcePatternResolver - Searching directory [/var/lib/jenkins/jobs/iTrust_Fuzzer/workspace/iTrust2/target/classes/edu/ncsu/csc/itrust2/controllers/personnel] for files matching pattern [/var/lib/jenkins/jobs/iTrust_Fuzzer/workspace/iTrust2/target/classes/edu/ncsu/csc/itrust2/controllers/**/*.class]
21:46:07.647 [main] DEBUG o.s.c.i.s.PathMatchingResourcePatternResolver - Resolved location pattern [classpath*:edu/ncsu/csc/itrust2/controllers/**/*.class] to resources [file [/var/lib/jenkins/jobs/iTrust_Fuzzer/workspace/iTrust2/target/classes/edu/ncsu/csc/itrust2/controllers/DefaultController.class], file [/var/lib/jenkins/jobs/iTrust_Fuzzer/workspace/iTrust2/target/classes/edu/ncsu/csc/itrust2/controllers/admin/AdminController.class], file [/var/lib/jenkins/jobs/iTrust_Fuzzer/workspace/iTrust2/target/classes/edu/ncsu/csc/itrust2/controllers/admin/AdminUserController$1.class], file [/var/lib/jenkins/jobs/iTrust_Fuzzer/workspace/iTrust2/target/classes/edu/ncsu/csc/itrust2/controllers/admin/AdminUserController.class], file [/var/lib/jenkins/jobs/iTrust_Fuzzer/workspace/iTrust2/target/classes/edu/ncsu/csc/itrust2/controllers/admin/HospitalController.class], file [/var/lib/jenkins/jobs/iTrust_Fuzzer/workspace/iTrust2/target/classes/edu/ncsu/csc/itrust2/controllers/admin/ICDCodesController.class], file [/var/lib/jenkins/jobs/iTrust_Fuzzer/workspace/iTrust2/target/classes/edu/ncsu/csc/itrust2/controllers/api/APIAppointmentRequestController.class], file [/var/lib/jenkins/jobs/iTrust_Fuzzer/workspace/iTrust2/target/classes/edu/ncsu/csc/itrust2/controllers/api/APIController$JSONResponse.class], file [/var/lib/jenkins/jobs/iTrust_Fuzzer/workspace/iTrust2/target/classes/edu/ncsu/csc/itrust2/controllers/api/APIController.class], file [/var/lib/jenkins/jobs/iTrust_Fuzzer/workspace/iTrust2/target/classes/edu/ncsu/csc/itrust2/controllers/api/APIDiagnosisController.class], file [/var/lib/jenkins/jobs/iTrust_Fuzzer/workspace/iTrust2/target/classes/edu/ncsu/csc/itrust2/controllers/api/APIDrugController.class], file [/var/lib/jenkins/jobs/iTrust_Fuzzer/workspace/iTrust2/target/classes/edu/ncsu/csc/itrust2/controllers/api/APIEnumController.class], file [/var/lib/jenkins/jobs/iTrust_Fuzzer/workspace/iTrust2/target/classes/edu/ncsu/csc/itrust2/controllers/api/APIHospitalController.class], file [/var/lib/jenkins/jobs/iTrust_Fuzzer/workspace/iTrust2/target/classes/edu/ncsu/csc/itrust2/controllers/api/APIICDCodeController.class], file [/var/lib/jenkins/jobs/iTrust_Fuzzer/workspace/iTrust2/target/classes/edu/ncsu/csc/itrust2/controllers/api/APILogEntryController.class], file [/var/lib/jenkins/jobs/iTrust_Fuzzer/workspace/iTrust2/target/classes/edu/ncsu/csc/itrust2/controllers/api/APIOfficeVisitController.class], file [/var/lib/jenkins/jobs/iTrust_Fuzzer/workspace/iTrust2/target/classes/edu/ncsu/csc/itrust2/controllers/api/APIPasswordController.class], file [/var/lib/jenkins/jobs/iTrust_Fuzzer/workspace/iTrust2/target/classes/edu/ncsu/csc/itrust2/controllers/api/APIPatientController.class], file [/var/lib/jenkins/jobs/iTrust_Fuzzer/workspace/iTrust2/target/classes/edu/ncsu/csc/itrust2/controllers/api/APIPersonnelController.class], file [/var/lib/jenkins/jobs/iTrust_Fuzzer/workspace/iTrust2/target/classes/edu/ncsu/csc/itrust2/controllers/api/APIPrescriptionController.class], file [/var/lib/jenkins/jobs/iTrust_Fuzzer/workspace/iTrust2/target/classes/edu/ncsu/csc/itrust2/controllers/api/APIUserController.class], file [/var/lib/jenkins/jobs/iTrust_Fuzzer/workspace/iTrust2/target/classes/edu/ncsu/csc/itrust2/controllers/api/comm/LogEntryRequestBody.class], file [/var/lib/jenkins/jobs/iTrust_Fuzzer/workspace/iTrust2/target/classes/edu/ncsu/csc/itrust2/controllers/api/comm/LogEntryTableRow.class], file [/var/lib/jenkins/jobs/iTrust_Fuzzer/workspace/iTrust2/target/classes/edu/ncsu/csc/itrust2/controllers/hcp/AppointmentControllerHCP.class], file [/var/lib/jenkins/jobs/iTrust_Fuzzer/workspace/iTrust2/target/classes/edu/ncsu/csc/itrust2/controllers/hcp/HCPController.class], file [/var/lib/jenkins/jobs/iTrust_Fuzzer/workspace/iTrust2/target/classes/edu/ncsu/csc/itrust2/controllers/hcp/OfficeVisitController.class], file [/var/lib/jenkins/jobs/iTrust_Fuzzer/workspace/iTrust2/target/classes/edu/ncsu/csc/itrust2/controllers/patient/AppointmentController.class], file [/var/lib/jenkins/jobs/iTrust_Fuzzer/workspace/iTrust2/target/classes/edu/ncsu/csc/itrust2/controllers/patient/DiagnosesController.class], file [/var/lib/jenkins/jobs/iTrust_Fuzzer/workspace/iTrust2/target/classes/edu/ncsu/csc/itrust2/controllers/patient/PatientController.class], file [/var/lib/jenkins/jobs/iTrust_Fuzzer/workspace/iTrust2/target/classes/edu/ncsu/csc/itrust2/controllers/personnel/PasswordController.class], file [/var/lib/jenkins/jobs/iTrust_Fuzzer/workspace/iTrust2/target/classes/edu/ncsu/csc/itrust2/controllers/personnel/UserController.class]]
21:46:07.651 [main] DEBUG o.s.c.a.ClassPathBeanDefinitionScanner - Identified candidate component class: file [/var/lib/jenkins/jobs/iTrust_Fuzzer/workspace/iTrust2/target/classes/edu/ncsu/csc/itrust2/controllers/DefaultController.class]
21:46:07.652 [main] DEBUG o.s.c.a.ClassPathBeanDefinitionScanner - Identified candidate component class: file [/var/lib/jenkins/jobs/iTrust_Fuzzer/workspace/iTrust2/target/classes/edu/ncsu/csc/itrust2/controllers/admin/AdminController.class]
21:46:07.656 [main] DEBUG o.s.c.a.ClassPathBeanDefinitionScanner - Identified candidate component class: file [/var/lib/jenkins/jobs/iTrust_Fuzzer/workspace/iTrust2/target/classes/edu/ncsu/csc/itrust2/controllers/admin/AdminUserController.class]
21:46:07.657 [main] DEBUG o.s.c.a.ClassPathBeanDefinitionScanner - Identified candidate component class: file [/var/lib/jenkins/jobs/iTrust_Fuzzer/workspace/iTrust2/target/classes/edu/ncsu/csc/itrust2/controllers/admin/HospitalController.class]
21:46:07.658 [main] DEBUG o.s.c.a.ClassPathBeanDefinitionScanner - Identified candidate component class: file [/var/lib/jenkins/jobs/iTrust_Fuzzer/workspace/iTrust2/target/classes/edu/ncsu/csc/itrust2/controllers/admin/ICDCodesController.class]
21:46:07.664 [main] DEBUG o.s.c.a.ClassPathBeanDefinitionScanner - Identified candidate component class: file [/var/lib/jenkins/jobs/iTrust_Fuzzer/workspace/iTrust2/target/classes/edu/ncsu/csc/itrust2/controllers/api/APIAppointmentRequestController.class]
21:46:07.665 [main] DEBUG o.s.c.a.ClassPathBeanDefinitionScanner - Identified candidate component class: file [/var/lib/jenkins/jobs/iTrust_Fuzzer/workspace/iTrust2/target/classes/edu/ncsu/csc/itrust2/controllers/api/APIDiagnosisController.class]
21:46:07.667 [main] DEBUG o.s.c.a.ClassPathBeanDefinitionScanner - Identified candidate component class: file [/var/lib/jenkins/jobs/iTrust_Fuzzer/workspace/iTrust2/target/classes/edu/ncsu/csc/itrust2/controllers/api/APIDrugController.class]
21:46:07.670 [main] DEBUG o.s.c.a.ClassPathBeanDefinitionScanner - Identified candidate component class: file [/var/lib/jenkins/jobs/iTrust_Fuzzer/workspace/iTrust2/target/classes/edu/ncsu/csc/itrust2/controllers/api/APIEnumController.class]
21:46:07.671 [main] DEBUG o.s.c.a.ClassPathBeanDefinitionScanner - Identified candidate component class: file [/var/lib/jenkins/jobs/iTrust_Fuzzer/workspace/iTrust2/target/classes/edu/ncsu/csc/itrust2/controllers/api/APIHospitalController.class]
21:46:07.673 [main] DEBUG o.s.c.a.ClassPathBeanDefinitionScanner - Identified candidate component class: file [/var/lib/jenkins/jobs/iTrust_Fuzzer/workspace/iTrust2/target/classes/edu/ncsu/csc/itrust2/controllers/api/APIICDCodeController.class]
21:46:07.673 [main] DEBUG o.s.c.a.ClassPathBeanDefinitionScanner - Identified candidate component class: file [/var/lib/jenkins/jobs/iTrust_Fuzzer/workspace/iTrust2/target/classes/edu/ncsu/csc/itrust2/controllers/api/APILogEntryController.class]
21:46:07.676 [main] DEBUG o.s.c.a.ClassPathBeanDefinitionScanner - Identified candidate component class: file [/var/lib/jenkins/jobs/iTrust_Fuzzer/workspace/iTrust2/target/classes/edu/ncsu/csc/itrust2/controllers/api/APIOfficeVisitController.class]
21:46:07.677 [main] DEBUG o.s.c.a.ClassPathBeanDefinitionScanner - Identified candidate component class: file [/var/lib/jenkins/jobs/iTrust_Fuzzer/workspace/iTrust2/target/classes/edu/ncsu/csc/itrust2/controllers/api/APIPasswordController.class]
21:46:07.678 [main] DEBUG o.s.c.a.ClassPathBeanDefinitionScanner - Identified candidate component class: file [/var/lib/jenkins/jobs/iTrust_Fuzzer/workspace/iTrust2/target/classes/edu/ncsu/csc/itrust2/controllers/api/APIPatientController.class]
21:46:07.679 [main] DEBUG o.s.c.a.ClassPathBeanDefinitionScanner - Identified candidate component class: file [/var/lib/jenkins/jobs/iTrust_Fuzzer/workspace/iTrust2/target/classes/edu/ncsu/csc/itrust2/controllers/api/APIPersonnelController.class]
21:46:07.681 [main] DEBUG o.s.c.a.ClassPathBeanDefinitionScanner - Identified candidate component class: file [/var/lib/jenkins/jobs/iTrust_Fuzzer/workspace/iTrust2/target/classes/edu/ncsu/csc/itrust2/controllers/api/APIPrescriptionController.class]
21:46:07.682 [main] DEBUG o.s.c.a.ClassPathBeanDefinitionScanner - Identified candidate component class: file [/var/lib/jenkins/jobs/iTrust_Fuzzer/workspace/iTrust2/target/classes/edu/ncsu/csc/itrust2/controllers/api/APIUserController.class]
21:46:07.683 [main] DEBUG o.s.c.a.ClassPathBeanDefinitionScanner - Identified candidate component class: file [/var/lib/jenkins/jobs/iTrust_Fuzzer/workspace/iTrust2/target/classes/edu/ncsu/csc/itrust2/controllers/hcp/AppointmentControllerHCP.class]
21:46:07.684 [main] DEBUG o.s.c.a.ClassPathBeanDefinitionScanner - Identified candidate component class: file [/var/lib/jenkins/jobs/iTrust_Fuzzer/workspace/iTrust2/target/classes/edu/ncsu/csc/itrust2/controllers/hcp/HCPController.class]
21:46:07.685 [main] DEBUG o.s.c.a.ClassPathBeanDefinitionScanner - Identified candidate component class: file [/var/lib/jenkins/jobs/iTrust_Fuzzer/workspace/iTrust2/target/classes/edu/ncsu/csc/itrust2/controllers/hcp/OfficeVisitController.class]
21:46:07.686 [main] DEBUG o.s.c.a.ClassPathBeanDefinitionScanner - Identified candidate component class: file [/var/lib/jenkins/jobs/iTrust_Fuzzer/workspace/iTrust2/target/classes/edu/ncsu/csc/itrust2/controllers/patient/AppointmentController.class]
21:46:07.686 [main] DEBUG o.s.c.a.ClassPathBeanDefinitionScanner - Identified candidate component class: file [/var/lib/jenkins/jobs/iTrust_Fuzzer/workspace/iTrust2/target/classes/edu/ncsu/csc/itrust2/controllers/patient/DiagnosesController.class]
21:46:07.687 [main] DEBUG o.s.c.a.ClassPathBeanDefinitionScanner - Identified candidate component class: file [/var/lib/jenkins/jobs/iTrust_Fuzzer/workspace/iTrust2/target/classes/edu/ncsu/csc/itrust2/controllers/patient/PatientController.class]
21:46:07.688 [main] DEBUG o.s.c.a.ClassPathBeanDefinitionScanner - Identified candidate component class: file [/var/lib/jenkins/jobs/iTrust_Fuzzer/workspace/iTrust2/target/classes/edu/ncsu/csc/itrust2/controllers/personnel/PasswordController.class]
21:46:07.688 [main] DEBUG o.s.c.a.ClassPathBeanDefinitionScanner - Identified candidate component class: file [/var/lib/jenkins/jobs/iTrust_Fuzzer/workspace/iTrust2/target/classes/edu/ncsu/csc/itrust2/controllers/personnel/UserController.class]
21:46:07.690 [main] DEBUG o.s.c.i.s.PathMatchingResourcePatternResolver - Resolved classpath location [Azerbaijan/] to resources []
21:46:07.690 [main] DEBUG o.s.c.i.s.PathMatchingResourcePatternResolver - Resolved location pattern [classpath*:Azerbaijan/**/*.class] to resources []
21:46:07.786 [main] DEBUG o.s.c.a.ConfigurationClassBeanDefinitionReader - Registering bean definition for @Bean method edu.ncsu.csc.itrust2.config.DataConfiguration.dataSource()
21:46:07.787 [main] DEBUG o.s.c.a.ConfigurationClassBeanDefinitionReader - Registered bean definition for imported class &apos;org.springframework.security.config.annotation.configuration.ObjectPostProcessorConfiguration&apos;
21:46:07.787 [main] DEBUG o.s.c.a.ConfigurationClassBeanDefinitionReader - Registering bean definition for @Bean method org.springframework.security.config.annotation.configuration.ObjectPostProcessorConfiguration.objectPostProcessor()
21:46:07.787 [main] DEBUG o.s.c.a.ConfigurationClassBeanDefinitionReader - Registered bean definition for imported class &apos;org.springframework.security.config.annotation.authentication.configuration.AuthenticationConfiguration&apos;
21:46:07.787 [main] DEBUG o.s.c.a.ConfigurationClassBeanDefinitionReader - Registering bean definition for @Bean method org.springframework.security.config.annotation.authentication.configuration.AuthenticationConfiguration.authenticationManagerBuilder()
21:46:07.787 [main] DEBUG o.s.c.a.ConfigurationClassBeanDefinitionReader - Registering bean definition for @Bean method org.springframework.security.config.annotation.authentication.configuration.AuthenticationConfiguration.enableGlobalAuthenticationAutowiredConfigurer()
21:46:07.787 [main] DEBUG o.s.c.a.ConfigurationClassBeanDefinitionReader - Registering bean definition for @Bean method org.springframework.security.config.annotation.authentication.configuration.AuthenticationConfiguration.initializeUserDetailsBeanManagerConfigurer()
21:46:07.787 [main] DEBUG o.s.c.a.ConfigurationClassBeanDefinitionReader - Registering bean definition for @Bean method org.springframework.security.config.annotation.authentication.configuration.AuthenticationConfiguration.initializeAuthenticationProviderBeanManagerConfigurer()
21:46:07.787 [main] DEBUG o.s.c.a.ConfigurationClassBeanDefinitionReader - Registered bean definition for imported class &apos;org.springframework.security.config.annotation.web.configuration.WebSecurityConfiguration&apos;
21:46:07.787 [main] DEBUG o.s.c.a.ConfigurationClassBeanDefinitionReader - Registering bean definition for @Bean method org.springframework.security.config.annotation.web.configuration.WebSecurityConfiguration.delegatingApplicationListener()
21:46:07.788 [main] DEBUG o.s.c.a.ConfigurationClassBeanDefinitionReader - Registering bean definition for @Bean method org.springframework.security.config.annotation.web.configuration.WebSecurityConfiguration.webSecurityExpressionHandler()
21:46:07.788 [main] DEBUG o.s.c.a.ConfigurationClassBeanDefinitionReader - Registering bean definition for @Bean method org.springframework.security.config.annotation.web.configuration.WebSecurityConfiguration.springSecurityFilterChain()
21:46:07.788 [main] DEBUG o.s.c.a.ConfigurationClassBeanDefinitionReader - Registering bean definition for @Bean method org.springframework.security.config.annotation.web.configuration.WebSecurityConfiguration.privilegeEvaluator()
21:46:07.788 [main] DEBUG o.s.c.a.ConfigurationClassBeanDefinitionReader - Registering bean definition for @Bean method org.springframework.security.config.annotation.web.configuration.WebSecurityConfiguration.autowiredWebSecurityConfigurersIgnoreParents()
21:46:07.788 [main] DEBUG o.s.c.a.ConfigurationClassBeanDefinitionReader - Registered bean definition for imported class &apos;org.springframework.security.config.annotation.web.configuration.WebMvcSecurityConfiguration&apos;
21:46:07.788 [main] DEBUG o.s.c.a.ConfigurationClassBeanDefinitionReader - Registering bean definition for @Bean method org.springframework.security.config.annotation.web.configuration.WebMvcSecurityConfiguration.requestDataValueProcessor()
21:46:07.788 [main] DEBUG o.s.c.a.ConfigurationClassBeanDefinitionReader - Registering bean definition for @Bean method edu.ncsu.csc.itrust2.config.SecurityConfig.passwordEncoder()
21:46:07.788 [main] DEBUG o.s.c.a.ConfigurationClassBeanDefinitionReader - Registering bean definition for @Bean method edu.ncsu.csc.itrust2.config.SecurityConfig.defaultAuthenticationEventPublisher()
21:46:07.788 [main] DEBUG o.s.c.a.ConfigurationClassBeanDefinitionReader - Registering bean definition for @Bean method edu.ncsu.csc.itrust2.config.SecurityConfig.failureHandler()
21:46:07.788 [main] DEBUG o.s.c.a.ConfigurationClassBeanDefinitionReader - Registering bean definition for @Bean method edu.ncsu.csc.itrust2.config.SecurityConfig.ipBlockFilter()
21:46:07.789 [main] DEBUG o.s.c.a.ConfigurationClassBeanDefinitionReader - Registered bean definition for imported class &apos;org.springframework.web.servlet.config.annotation.DelegatingWebMvcConfiguration&apos;
21:46:07.789 [main] DEBUG o.s.c.a.ConfigurationClassBeanDefinitionReader - Registering bean definition for @Bean method org.springframework.web.servlet.config.annotation.DelegatingWebMvcConfiguration.mvcConversionService()
21:46:07.789 [main] DEBUG o.s.c.a.ConfigurationClassBeanDefinitionReader - Registering bean definition for @Bean method org.springframework.web.servlet.config.annotation.DelegatingWebMvcConfiguration.requestMappingHandlerMapping()
21:46:07.790 [main] DEBUG o.s.c.a.ConfigurationClassBeanDefinitionReader - Registering bean definition for @Bean method org.springframework.web.servlet.config.annotation.DelegatingWebMvcConfiguration.mvcPathMatcher()
21:46:07.790 [main] DEBUG o.s.c.a.ConfigurationClassBeanDefinitionReader - Registering bean definition for @Bean method org.springframework.web.servlet.config.annotation.DelegatingWebMvcConfiguration.mvcUrlPathHelper()
21:46:07.790 [main] DEBUG o.s.c.a.ConfigurationClassBeanDefinitionReader - Registering bean definition for @Bean method org.springframework.web.servlet.config.annotation.DelegatingWebMvcConfiguration.mvcContentNegotiationManager()
21:46:07.790 [main] DEBUG o.s.c.a.ConfigurationClassBeanDefinitionReader - Registering bean definition for @Bean method org.springframework.web.servlet.config.annotation.DelegatingWebMvcConfiguration.viewControllerHandlerMapping()
21:46:07.790 [main] DEBUG o.s.c.a.ConfigurationClassBeanDefinitionReader - Registering bean definition for @Bean method org.springframework.web.servlet.config.annotation.DelegatingWebMvcConfiguration.beanNameHandlerMapping()
21:46:07.790 [main] DEBUG o.s.c.a.ConfigurationClassBeanDefinitionReader - Registering bean definition for @Bean method org.springframework.web.servlet.config.annotation.DelegatingWebMvcConfiguration.resourceHandlerMapping()
21:46:07.791 [main] DEBUG o.s.c.a.ConfigurationClassBeanDefinitionReader - Registering bean definition for @Bean method org.springframework.web.servlet.config.annotation.DelegatingWebMvcConfiguration.mvcResourceUrlProvider()
21:46:07.791 [main] DEBUG o.s.c.a.ConfigurationClassBeanDefinitionReader - Registering bean definition for @Bean method org.springframework.web.servlet.config.annotation.DelegatingWebMvcConfiguration.defaultServletHandlerMapping()
21:46:07.791 [main] DEBUG o.s.c.a.ConfigurationClassBeanDefinitionReader - Registering bean definition for @Bean method org.springframework.web.servlet.config.annotation.DelegatingWebMvcConfiguration.requestMappingHandlerAdapter()
21:46:07.791 [main] DEBUG o.s.c.a.ConfigurationClassBeanDefinitionReader - Registering bean definition for @Bean method org.springframework.web.servlet.config.annotation.DelegatingWebMvcConfiguration.mvcValidator()
21:46:07.791 [main] DEBUG o.s.c.a.ConfigurationClassBeanDefinitionReader - Registering bean definition for @Bean method org.springframework.web.servlet.config.annotation.DelegatingWebMvcConfiguration.mvcUriComponentsContributor()
21:46:07.792 [main] DEBUG o.s.c.a.ConfigurationClassBeanDefinitionReader - Registering bean definition for @Bean method org.springframework.web.servlet.config.annotation.DelegatingWebMvcConfiguration.httpRequestHandlerAdapter()
21:46:07.792 [main] DEBUG o.s.c.a.ConfigurationClassBeanDefinitionReader - Registering bean definition for @Bean method org.springframework.web.servlet.config.annotation.DelegatingWebMvcConfiguration.simpleControllerHandlerAdapter()
21:46:07.793 [main] DEBUG o.s.c.a.ConfigurationClassBeanDefinitionReader - Registering bean definition for @Bean method org.springframework.web.servlet.config.annotation.DelegatingWebMvcConfiguration.handlerExceptionResolver()
21:46:07.793 [main] DEBUG o.s.c.a.ConfigurationClassBeanDefinitionReader - Registering bean definition for @Bean method org.springframework.web.servlet.config.annotation.DelegatingWebMvcConfiguration.mvcViewResolver()
21:46:07.793 [main] DEBUG o.s.c.a.ConfigurationClassBeanDefinitionReader - Registered bean definition for imported class &apos;org.springframework.security.config.annotation.method.configuration.GlobalMethodSecurityConfiguration&apos;
21:46:07.793 [main] DEBUG o.s.c.a.ConfigurationClassBeanDefinitionReader - Registering bean definition for @Bean method org.springframework.security.config.annotation.method.configuration.GlobalMethodSecurityConfiguration.methodSecurityInterceptor()
21:46:07.794 [main] DEBUG o.s.c.a.ConfigurationClassBeanDefinitionReader - Registering bean definition for @Bean method org.springframework.security.config.annotation.method.configuration.GlobalMethodSecurityConfiguration.methodSecurityMetadataSource()
21:46:07.794 [main] DEBUG o.s.c.a.ConfigurationClassBeanDefinitionReader - Registering bean definition for @Bean method org.springframework.security.config.annotation.method.configuration.GlobalMethodSecurityConfiguration.preInvocationAuthorizationAdvice()
21:46:07.794 [main] DEBUG o.s.c.a.ConfigurationClassBeanDefinitionReader - Registering bean definition for @Bean method edu.ncsu.csc.itrust2.mvc.config.WebMvcConfiguration.viewResolver()
21:46:07.794 [main] DEBUG o.s.c.a.ConfigurationClassBeanDefinitionReader - Registering bean definition for @Bean method edu.ncsu.csc.itrust2.mvc.config.WebMvcConfiguration.templateEngine()
21:46:07.794 [main] DEBUG o.s.c.a.ConfigurationClassBeanDefinitionReader - Registering bean definition for @Bean method edu.ncsu.csc.itrust2.mvc.config.WebMvcConfiguration.domainClassConverter()
21:46:07.948 [main] DEBUG o.s.c.a.ConfigurationClassEnhancer - Successfully enhanced edu.ncsu.csc.itrust2.config.RootConfiguration; enhanced class name is: edu.ncsu.csc.itrust2.config.RootConfiguration$$EnhancerBySpringCGLIB$$169bf6c6
21:46:07.948 [main] DEBUG o.s.c.a.ConfigurationClassPostProcessor - Replacing bean definition &apos;rootConfiguration&apos; existing class &apos;edu.ncsu.csc.itrust2.config.RootConfiguration&apos; with enhanced class &apos;edu.ncsu.csc.itrust2.config.RootConfiguration$$EnhancerBySpringCGLIB$$169bf6c6&apos;
21:46:07.953 [main] DEBUG o.s.c.a.ConfigurationClassEnhancer - Successfully enhanced edu.ncsu.csc.itrust2.mvc.config.WebMvcConfiguration; enhanced class name is: edu.ncsu.csc.itrust2.mvc.config.WebMvcConfiguration$$EnhancerBySpringCGLIB$$3346fa16
21:46:07.953 [main] DEBUG o.s.c.a.ConfigurationClassPostProcessor - Replacing bean definition &apos;webMvcConfiguration&apos; existing class &apos;edu.ncsu.csc.itrust2.mvc.config.WebMvcConfiguration&apos; with enhanced class &apos;edu.ncsu.csc.itrust2.mvc.config.WebMvcConfiguration$$EnhancerBySpringCGLIB$$3346fa16&apos;
21:46:07.957 [main] DEBUG o.s.c.a.ConfigurationClassEnhancer - Successfully enhanced edu.ncsu.csc.itrust2.config.DataConfiguration; enhanced class name is: edu.ncsu.csc.itrust2.config.DataConfiguration$$EnhancerBySpringCGLIB$$5adb3bfe
21:46:07.957 [main] DEBUG o.s.c.a.ConfigurationClassPostProcessor - Replacing bean definition &apos;dataConfiguration&apos; existing class &apos;edu.ncsu.csc.itrust2.config.DataConfiguration&apos; with enhanced class &apos;edu.ncsu.csc.itrust2.config.DataConfiguration$$EnhancerBySpringCGLIB$$5adb3bfe&apos;
21:46:07.967 [main] DEBUG o.s.c.a.ConfigurationClassEnhancer - Successfully enhanced edu.ncsu.csc.itrust2.config.SecurityConfig; enhanced class name is: edu.ncsu.csc.itrust2.config.SecurityConfig$$EnhancerBySpringCGLIB$$4d5bc3a2
21:46:07.968 [main] DEBUG o.s.c.a.ConfigurationClassPostProcessor - Replacing bean definition &apos;securityConfig&apos; existing class &apos;edu.ncsu.csc.itrust2.config.SecurityConfig&apos; with enhanced class &apos;edu.ncsu.csc.itrust2.config.SecurityConfig$$EnhancerBySpringCGLIB$$4d5bc3a2&apos;
21:46:07.971 [main] DEBUG o.s.c.a.ConfigurationClassEnhancer - Successfully enhanced org.springframework.security.config.annotation.configuration.ObjectPostProcessorConfiguration; enhanced class name is: org.springframework.security.config.annotation.configuration.ObjectPostProcessorConfiguration$$EnhancerBySpringCGLIB$$5b510d6e
21:46:07.971 [main] DEBUG o.s.c.a.ConfigurationClassPostProcessor - Replacing bean definition &apos;org.springframework.security.config.annotation.configuration.ObjectPostProcessorConfiguration&apos; existing class &apos;org.springframework.security.config.annotation.configuration.ObjectPostProcessorConfiguration&apos; with enhanced class &apos;org.springframework.security.config.annotation.configuration.ObjectPostProcessorConfiguration$$EnhancerBySpringCGLIB$$5b510d6e&apos;
21:46:07.974 [main] DEBUG o.s.c.a.ConfigurationClassEnhancer - Successfully enhanced org.springframework.security.config.annotation.authentication.configuration.AuthenticationConfiguration; enhanced class name is: org.springframework.security.config.annotation.authentication.configuration.AuthenticationConfiguration$$EnhancerBySpringCGLIB$$a71a17e3
21:46:07.975 [main] DEBUG o.s.c.a.ConfigurationClassPostProcessor - Replacing bean definition &apos;org.springframework.security.config.annotation.authentication.configuration.AuthenticationConfiguration&apos; existing class &apos;org.springframework.security.config.annotation.authentication.configuration.AuthenticationConfiguration&apos; with enhanced class &apos;org.springframework.security.config.annotation.authentication.configuration.AuthenticationConfiguration$$EnhancerBySpringCGLIB$$a71a17e3&apos;
21:46:07.975 [main] DEBUG o.s.c.a.ConfigurationClassEnhancer - Successfully enhanced org.springframework.security.config.annotation.authentication.configuration.AuthenticationConfiguration; enhanced class name is: org.springframework.security.config.annotation.authentication.configuration.AuthenticationConfiguration$$EnhancerBySpringCGLIB$$a71a17e3
21:46:07.975 [main] DEBUG o.s.c.a.ConfigurationClassPostProcessor - Replacing bean definition &apos;enableGlobalAuthenticationAutowiredConfigurer&apos; existing class &apos;org.springframework.security.config.annotation.authentication.configuration.AuthenticationConfiguration&apos; with enhanced class &apos;org.springframework.security.config.annotation.authentication.configuration.AuthenticationConfiguration$$EnhancerBySpringCGLIB$$a71a17e3&apos;
21:46:07.975 [main] DEBUG o.s.c.a.ConfigurationClassEnhancer - Successfully enhanced org.springframework.security.config.annotation.authentication.configuration.AuthenticationConfiguration; enhanced class name is: org.springframework.security.config.annotation.authentication.configuration.AuthenticationConfiguration$$EnhancerBySpringCGLIB$$a71a17e3
21:46:07.975 [main] DEBUG o.s.c.a.ConfigurationClassPostProcessor - Replacing bean definition &apos;initializeUserDetailsBeanManagerConfigurer&apos; existing class &apos;org.springframework.security.config.annotation.authentication.configuration.AuthenticationConfiguration&apos; with enhanced class &apos;org.springframework.security.config.annotation.authentication.configuration.AuthenticationConfiguration$$EnhancerBySpringCGLIB$$a71a17e3&apos;
21:46:07.975 [main] DEBUG o.s.c.a.ConfigurationClassEnhancer - Successfully enhanced org.springframework.security.config.annotation.authentication.configuration.AuthenticationConfiguration; enhanced class name is: org.springframework.security.config.annotation.authentication.configuration.AuthenticationConfiguration$$EnhancerBySpringCGLIB$$a71a17e3
21:46:07.975 [main] DEBUG o.s.c.a.ConfigurationClassPostProcessor - Replacing bean definition &apos;initializeAuthenticationProviderBeanManagerConfigurer&apos; existing class &apos;org.springframework.security.config.annotation.authentication.configuration.AuthenticationConfiguration&apos; with enhanced class &apos;org.springframework.security.config.annotation.authentication.configuration.AuthenticationConfiguration$$EnhancerBySpringCGLIB$$a71a17e3&apos;
21:46:07.980 [main] DEBUG o.s.c.a.ConfigurationClassEnhancer - Successfully enhanced org.springframework.security.config.annotation.web.configuration.WebSecurityConfiguration; enhanced class name is: org.springframework.security.config.annotation.web.configuration.WebSecurityConfiguration$$EnhancerBySpringCGLIB$$69d47227
21:46:07.980 [main] DEBUG o.s.c.a.ConfigurationClassPostProcessor - Replacing bean definition &apos;org.springframework.security.config.annotation.web.configuration.WebSecurityConfiguration&apos; existing class &apos;org.springframework.security.config.annotation.web.configuration.WebSecurityConfiguration&apos; with enhanced class &apos;org.springframework.security.config.annotation.web.configuration.WebSecurityConfiguration$$EnhancerBySpringCGLIB$$69d47227&apos;
21:46:07.980 [main] DEBUG o.s.c.a.ConfigurationClassEnhancer - Successfully enhanced org.springframework.security.config.annotation.web.configuration.WebSecurityConfiguration; enhanced class name is: org.springframework.security.config.annotation.web.configuration.WebSecurityConfiguration$$EnhancerBySpringCGLIB$$69d47227
21:46:07.980 [main] DEBUG o.s.c.a.ConfigurationClassPostProcessor - Replacing bean definition &apos;delegatingApplicationListener&apos; existing class &apos;org.springframework.security.config.annotation.web.configuration.WebSecurityConfiguration&apos; with enhanced class &apos;org.springframework.security.config.annotation.web.configuration.WebSecurityConfiguration$$EnhancerBySpringCGLIB$$69d47227&apos;
21:46:07.993 [main] DEBUG o.s.c.a.ConfigurationClassEnhancer - Successfully enhanced org.springframework.web.servlet.config.annotation.DelegatingWebMvcConfiguration; enhanced class name is: org.springframework.web.servlet.config.annotation.DelegatingWebMvcConfiguration$$EnhancerBySpringCGLIB$$87642a6a
21:46:07.994 [main] DEBUG o.s.c.a.ConfigurationClassPostProcessor - Replacing bean definition &apos;org.springframework.web.servlet.config.annotation.DelegatingWebMvcConfiguration&apos; existing class &apos;org.springframework.web.servlet.config.annotation.DelegatingWebMvcConfiguration&apos; with enhanced class &apos;org.springframework.web.servlet.config.annotation.DelegatingWebMvcConfiguration$$EnhancerBySpringCGLIB$$87642a6a&apos;
21:46:07.998 [main] DEBUG o.s.c.a.ConfigurationClassEnhancer - Successfully enhanced org.springframework.security.config.annotation.method.configuration.GlobalMethodSecurityConfiguration; enhanced class name is: org.springframework.security.config.annotation.method.configuration.GlobalMethodSecurityConfiguration$$EnhancerBySpringCGLIB$$8025b020
21:46:07.998 [main] DEBUG o.s.c.a.ConfigurationClassPostProcessor - Replacing bean definition &apos;org.springframework.security.config.annotation.method.configuration.GlobalMethodSecurityConfiguration&apos; existing class &apos;org.springframework.security.config.annotation.method.configuration.GlobalMethodSecurityConfiguration&apos; with enhanced class &apos;org.springframework.security.config.annotation.method.configuration.GlobalMethodSecurityConfiguration$$EnhancerBySpringCGLIB$$8025b020&apos;
21:46:08.008 [main] DEBUG o.s.b.f.s.DefaultListableBeanFactory - Creating shared instance of singleton bean &apos;org.springframework.context.annotation.internalAutowiredAnnotationProcessor&apos;
21:46:08.008 [main] DEBUG o.s.b.f.s.DefaultListableBeanFactory - Creating instance of bean &apos;org.springframework.context.annotation.internalAutowiredAnnotationProcessor&apos;
21:46:08.009 [main] DEBUG o.s.b.f.s.DefaultListableBeanFactory - Eagerly caching bean &apos;org.springframework.context.annotation.internalAutowiredAnnotationProcessor&apos; to allow for resolving potential circular references
21:46:08.027 [main] DEBUG o.s.b.f.s.DefaultListableBeanFactory - Finished creating instance of bean &apos;org.springframework.context.annotation.internalAutowiredAnnotationProcessor&apos;
21:46:08.027 [main] DEBUG o.s.b.f.s.DefaultListableBeanFactory - Creating shared instance of singleton bean &apos;org.springframework.context.annotation.internalRequiredAnnotationProcessor&apos;
21:46:08.027 [main] DEBUG o.s.b.f.s.DefaultListableBeanFactory - Creating instance of bean &apos;org.springframework.context.annotation.internalRequiredAnnotationProcessor&apos;
21:46:08.027 [main] DEBUG o.s.b.f.s.DefaultListableBeanFactory - Eagerly caching bean &apos;org.springframework.context.annotation.internalRequiredAnnotationProcessor&apos; to allow for resolving potential circular references
21:46:08.030 [main] DEBUG o.s.b.f.s.DefaultListableBeanFactory - Finished creating instance of bean &apos;org.springframework.context.annotation.internalRequiredAnnotationProcessor&apos;
21:46:08.030 [main] DEBUG o.s.b.f.s.DefaultListableBeanFactory - Creating shared instance of singleton bean &apos;org.springframework.context.annotation.internalCommonAnnotationProcessor&apos;
21:46:08.030 [main] DEBUG o.s.b.f.s.DefaultListableBeanFactory - Creating instance of bean &apos;org.springframework.context.annotation.internalCommonAnnotationProcessor&apos;
21:46:08.034 [main] DEBUG o.s.b.f.s.DefaultListableBeanFactory - Eagerly caching bean &apos;org.springframework.context.annotation.internalCommonAnnotationProcessor&apos; to allow for resolving potential circular references
21:46:08.039 [main] DEBUG o.s.b.f.s.DefaultListableBeanFactory - Finished creating instance of bean &apos;org.springframework.context.annotation.internalCommonAnnotationProcessor&apos;
21:46:08.039 [main] DEBUG o.s.b.f.s.DefaultListableBeanFactory - Creating shared instance 
...[truncated 296694 chars]...
&apos;
21:46:09.324 [main] DEBUG o.s.b.f.s.DefaultListableBeanFactory - Creating instance of bean &apos;mvcUrlPathHelper&apos;
21:46:09.324 [main] DEBUG o.s.b.f.s.DefaultListableBeanFactory - Returning cached instance of singleton bean &apos;org.springframework.web.servlet.config.annotation.DelegatingWebMvcConfiguration&apos;
21:46:09.324 [main] DEBUG o.s.b.f.s.DefaultListableBeanFactory - Eagerly caching bean &apos;mvcUrlPathHelper&apos; to allow for resolving potential circular references
21:46:09.325 [main] DEBUG o.s.b.f.s.DefaultListableBeanFactory - Returning cached instance of singleton bean &apos;metaDataSourceAdvisor&apos;
21:46:09.326 [main] DEBUG o.s.b.f.s.DefaultListableBeanFactory - Finished creating instance of bean &apos;mvcUrlPathHelper&apos;
21:46:09.326 [main] DEBUG o.s.b.f.s.DefaultListableBeanFactory - Returning cached instance of singleton bean &apos;mvcContentNegotiationManager&apos;
21:46:09.326 [main] DEBUG o.s.b.f.s.DefaultListableBeanFactory - Creating shared instance of singleton bean &apos;viewControllerHandlerMapping&apos;
21:46:09.326 [main] DEBUG o.s.b.f.s.DefaultListableBeanFactory - Creating instance of bean &apos;viewControllerHandlerMapping&apos;
21:46:09.326 [main] DEBUG o.s.b.f.s.DefaultListableBeanFactory - Returning cached instance of singleton bean &apos;org.springframework.web.servlet.config.annotation.DelegatingWebMvcConfiguration&apos;
21:46:09.330 [main] DEBUG o.s.b.f.s.DefaultListableBeanFactory - Returning cached instance of singleton bean &apos;mvcPathMatcher&apos;
21:46:09.330 [main] DEBUG o.s.b.f.s.DefaultListableBeanFactory - Returning cached instance of singleton bean &apos;mvcUrlPathHelper&apos;
21:46:09.330 [main] DEBUG o.s.b.f.s.DefaultListableBeanFactory - Eagerly caching bean &apos;viewControllerHandlerMapping&apos; to allow for resolving potential circular references
21:46:09.335 [main] INFO  o.s.w.s.h.SimpleUrlHandlerMapping - Mapped URL path [/login] onto handler of type [class org.springframework.web.servlet.mvc.ParameterizableViewController]
21:46:09.335 [main] DEBUG o.s.b.f.s.DefaultListableBeanFactory - Returning cached instance of singleton bean &apos;metaDataSourceAdvisor&apos;
21:46:09.341 [main] DEBUG o.s.b.f.s.DefaultListableBeanFactory - Finished creating instance of bean &apos;viewControllerHandlerMapping&apos;
21:46:09.341 [main] DEBUG o.s.b.f.s.DefaultListableBeanFactory - Creating shared instance of singleton bean &apos;beanNameHandlerMapping&apos;
21:46:09.341 [main] DEBUG o.s.b.f.s.DefaultListableBeanFactory - Creating instance of bean &apos;beanNameHandlerMapping&apos;
21:46:09.341 [main] DEBUG o.s.b.f.s.DefaultListableBeanFactory - Returning cached instance of singleton bean &apos;org.springframework.web.servlet.config.annotation.DelegatingWebMvcConfiguration&apos;
21:46:09.342 [main] DEBUG o.s.b.f.s.DefaultListableBeanFactory - Eagerly caching bean &apos;beanNameHandlerMapping&apos; to allow for resolving potential circular references
21:46:09.346 [main] DEBUG o.s.w.s.h.BeanNameUrlHandlerMapping - Looking for URL mappings in application context: org.springframework.web.context.support.GenericWebApplicationContext@25f7739c: startup date [Thu Mar 22 21:46:07 UTC 2018]; root of context hierarchy
21:46:09.346 [main] DEBUG o.s.w.s.h.BeanNameUrlHandlerMapping - Rejected bean name &apos;org.springframework.context.annotation.internalConfigurationAnnotationProcessor&apos;: no URL paths identified
21:46:09.346 [main] DEBUG o.s.w.s.h.BeanNameUrlHandlerMapping - Rejected bean name &apos;org.springframework.context.annotation.internalAutowiredAnnotationProcessor&apos;: no URL paths identified
21:46:09.346 [main] DEBUG o.s.w.s.h.BeanNameUrlHandlerMapping - Rejected bean name &apos;org.springframework.context.annotation.internalRequiredAnnotationProcessor&apos;: no URL paths identified
21:46:09.346 [main] DEBUG o.s.w.s.h.BeanNameUrlHandlerMapping - Rejected bean name &apos;org.springframework.context.annotation.internalCommonAnnotationProcessor&apos;: no URL paths identified
21:46:09.346 [main] DEBUG o.s.w.s.h.BeanNameUrlHandlerMapping - Rejected bean name &apos;org.springframework.context.annotation.internalPersistenceAnnotationProcessor&apos;: no URL paths identified
21:46:09.346 [main] DEBUG o.s.w.s.h.BeanNameUrlHandlerMapping - Rejected bean name &apos;org.springframework.context.event.internalEventListenerProcessor&apos;: no URL paths identified
21:46:09.346 [main] DEBUG o.s.w.s.h.BeanNameUrlHandlerMapping - Rejected bean name &apos;org.springframework.context.event.internalEventListenerFactory&apos;: no URL paths identified
21:46:09.346 [main] DEBUG o.s.w.s.h.BeanNameUrlHandlerMapping - Rejected bean name &apos;rootConfiguration&apos;: no URL paths identified
21:46:09.346 [main] DEBUG o.s.w.s.h.BeanNameUrlHandlerMapping - Rejected bean name &apos;webMvcConfiguration&apos;: no URL paths identified
21:46:09.346 [main] DEBUG o.s.w.s.h.BeanNameUrlHandlerMapping - Rejected bean name &apos;dataConfiguration&apos;: no URL paths identified
21:46:09.346 [main] DEBUG o.s.w.s.h.BeanNameUrlHandlerMapping - Rejected bean name &apos;loginAuditingListener&apos;: no URL paths identified
21:46:09.346 [main] DEBUG o.s.w.s.h.BeanNameUrlHandlerMapping - Rejected bean name &apos;securityConfig&apos;: no URL paths identified
21:46:09.346 [main] DEBUG o.s.w.s.h.BeanNameUrlHandlerMapping - Rejected bean name &apos;defaultController&apos;: no URL paths identified
21:46:09.346 [main] DEBUG o.s.w.s.h.BeanNameUrlHandlerMapping - Rejected bean name &apos;adminController&apos;: no URL paths identified
21:46:09.346 [main] DEBUG o.s.w.s.h.BeanNameUrlHandlerMapping - Rejected bean name &apos;adminUserController&apos;: no URL paths identified
21:46:09.347 [main] DEBUG o.s.w.s.h.BeanNameUrlHandlerMapping - Rejected bean name &apos;hospitalController&apos;: no URL paths identified
21:46:09.347 [main] DEBUG o.s.w.s.h.BeanNameUrlHandlerMapping - Rejected bean name &apos;ICDCodesController&apos;: no URL paths identified
21:46:09.347 [main] DEBUG o.s.w.s.h.BeanNameUrlHandlerMapping - Rejected bean name &apos;APIAppointmentRequestController&apos;: no URL paths identified
21:46:09.347 [main] DEBUG o.s.w.s.h.BeanNameUrlHandlerMapping - Rejected bean name &apos;APIDiagnosisController&apos;: no URL paths identified
21:46:09.347 [main] DEBUG o.s.w.s.h.BeanNameUrlHandlerMapping - Rejected bean name &apos;APIDrugController&apos;: no URL paths identified
21:46:09.347 [main] DEBUG o.s.w.s.h.BeanNameUrlHandlerMapping - Rejected bean name &apos;APIEnumController&apos;: no URL paths identified
21:46:09.347 [main] DEBUG o.s.w.s.h.BeanNameUrlHandlerMapping - Rejected bean name &apos;APIHospitalController&apos;: no URL paths identified
21:46:09.347 [main] DEBUG o.s.w.s.h.BeanNameUrlHandlerMapping - Rejected bean name &apos;APIICDCodeController&apos;: no URL paths identified
21:46:09.347 [main] DEBUG o.s.w.s.h.BeanNameUrlHandlerMapping - Rejected bean name &apos;APILogEntryController&apos;: no URL paths identified
21:46:09.347 [main] DEBUG o.s.w.s.h.BeanNameUrlHandlerMapping - Rejected bean name &apos;APIOfficeVisitController&apos;: no URL paths identified
21:46:09.347 [main] DEBUG o.s.w.s.h.BeanNameUrlHandlerMapping - Rejected bean name &apos;APIPasswordController&apos;: no URL paths identified
21:46:09.347 [main] DEBUG o.s.w.s.h.BeanNameUrlHandlerMapping - Rejected bean name &apos;APIPatientController&apos;: no URL paths identified
21:46:09.347 [main] DEBUG o.s.w.s.h.BeanNameUrlHandlerMapping - Rejected bean name &apos;APIPersonnelController&apos;: no URL paths identified
21:46:09.347 [main] DEBUG o.s.w.s.h.BeanNameUrlHandlerMapping - Rejected bean name &apos;APIPrescriptionController&apos;: no URL paths identified
21:46:09.347 [main] DEBUG o.s.w.s.h.BeanNameUrlHandlerMapping - Rejected bean name &apos;APIUserController&apos;: no URL paths identified
21:46:09.347 [main] DEBUG o.s.w.s.h.BeanNameUrlHandlerMapping - Rejected bean name &apos;appointmentControllerHCP&apos;: no URL paths identified
21:46:09.347 [main] DEBUG o.s.w.s.h.BeanNameUrlHandlerMapping - Rejected bean name &apos;HCPController&apos;: no URL paths identified
21:46:09.347 [main] DEBUG o.s.w.s.h.BeanNameUrlHandlerMapping - Rejected bean name &apos;officeVisitController&apos;: no URL paths identified
21:46:09.347 [main] DEBUG o.s.w.s.h.BeanNameUrlHandlerMapping - Rejected bean name &apos;appointmentController&apos;: no URL paths identified
21:46:09.347 [main] DEBUG o.s.w.s.h.BeanNameUrlHandlerMapping - Rejected bean name &apos;diagnosesController&apos;: no URL paths identified
21:46:09.347 [main] DEBUG o.s.w.s.h.BeanNameUrlHandlerMapping - Rejected bean name &apos;patientController&apos;: no URL paths identified
21:46:09.347 [main] DEBUG o.s.w.s.h.BeanNameUrlHandlerMapping - Rejected bean name &apos;passwordController&apos;: no URL paths identified
21:46:09.347 [main] DEBUG o.s.w.s.h.BeanNameUrlHandlerMapping - Rejected bean name &apos;userController&apos;: no URL paths identified
21:46:09.347 [main] DEBUG o.s.w.s.h.BeanNameUrlHandlerMapping - Rejected bean name &apos;dataSource&apos;: no URL paths identified
21:46:09.347 [main] DEBUG o.s.w.s.h.BeanNameUrlHandlerMapping - Rejected bean name &apos;org.springframework.security.config.annotation.configuration.ObjectPostProcessorConfiguration&apos;: no URL paths identified
21:46:09.347 [main] DEBUG o.s.w.s.h.BeanNameUrlHandlerMapping - Rejected bean name &apos;objectPostProcessor&apos;: no URL paths identified
21:46:09.347 [main] DEBUG o.s.w.s.h.BeanNameUrlHandlerMapping - Rejected bean name &apos;org.springframework.security.config.annotation.authentication.configuration.AuthenticationConfiguration&apos;: no URL paths identified
21:46:09.347 [main] DEBUG o.s.w.s.h.BeanNameUrlHandlerMapping - Rejected bean name &apos;authenticationManagerBuilder&apos;: no URL paths identified
21:46:09.347 [main] DEBUG o.s.w.s.h.BeanNameUrlHandlerMapping - Rejected bean name &apos;enableGlobalAuthenticationAutowiredConfigurer&apos;: no URL paths identified
21:46:09.347 [main] DEBUG o.s.w.s.h.BeanNameUrlHandlerMapping - Rejected bean name &apos;initializeUserDetailsBeanManagerConfigurer&apos;: no URL paths identified
21:46:09.347 [main] DEBUG o.s.w.s.h.BeanNameUrlHandlerMapping - Rejected bean name &apos;initializeAuthenticationProviderBeanManagerConfigurer&apos;: no URL paths identified
21:46:09.347 [main] DEBUG o.s.w.s.h.BeanNameUrlHandlerMapping - Rejected bean name &apos;org.springframework.security.config.annotation.web.configuration.WebSecurityConfiguration&apos;: no URL paths identified
21:46:09.347 [main] DEBUG o.s.w.s.h.BeanNameUrlHandlerMapping - Rejected bean name &apos;delegatingApplicationListener&apos;: no URL paths identified
21:46:09.347 [main] DEBUG o.s.w.s.h.BeanNameUrlHandlerMapping - Rejected bean name &apos;webSecurityExpressionHandler&apos;: no URL paths identified
21:46:09.347 [main] DEBUG o.s.w.s.h.BeanNameUrlHandlerMapping - Rejected bean name &apos;springSecurityFilterChain&apos;: no URL paths identified
21:46:09.347 [main] DEBUG o.s.w.s.h.BeanNameUrlHandlerMapping - Rejected bean name &apos;privilegeEvaluator&apos;: no URL paths identified
21:46:09.347 [main] DEBUG o.s.w.s.h.BeanNameUrlHandlerMapping - Rejected bean name &apos;autowiredWebSecurityConfigurersIgnoreParents&apos;: no URL paths identified
21:46:09.347 [main] DEBUG o.s.w.s.h.BeanNameUrlHandlerMapping - Rejected bean name &apos;org.springframework.security.config.annotation.web.configuration.WebMvcSecurityConfiguration&apos;: no URL paths identified
21:46:09.347 [main] DEBUG o.s.w.s.h.BeanNameUrlHandlerMapping - Rejected bean name &apos;requestDataValueProcessor&apos;: no URL paths identified
21:46:09.347 [main] DEBUG o.s.w.s.h.BeanNameUrlHandlerMapping - Rejected bean name &apos;passwordEncoder&apos;: no URL paths identified
21:46:09.347 [main] DEBUG o.s.w.s.h.BeanNameUrlHandlerMapping - Rejected bean name &apos;defaultAuthenticationEventPublisher&apos;: no URL paths identified
21:46:09.347 [main] DEBUG o.s.w.s.h.BeanNameUrlHandlerMapping - Rejected bean name &apos;failureHandler&apos;: no URL paths identified
21:46:09.347 [main] DEBUG o.s.w.s.h.BeanNameUrlHandlerMapping - Rejected bean name &apos;ipBlockFilter&apos;: no URL paths identified
21:46:09.347 [main] DEBUG o.s.w.s.h.BeanNameUrlHandlerMapping - Rejected bean name &apos;org.springframework.web.servlet.config.annotation.DelegatingWebMvcConfiguration&apos;: no URL paths identified
21:46:09.347 [main] DEBUG o.s.w.s.h.BeanNameUrlHandlerMapping - Rejected bean name &apos;mvcConversionService&apos;: no URL paths identified
21:46:09.347 [main] DEBUG o.s.w.s.h.BeanNameUrlHandlerMapping - Rejected bean name &apos;requestMappingHandlerMapping&apos;: no URL paths identified
21:46:09.347 [main] DEBUG o.s.w.s.h.BeanNameUrlHandlerMapping - Rejected bean name &apos;mvcPathMatcher&apos;: no URL paths identified
21:46:09.347 [main] DEBUG o.s.w.s.h.BeanNameUrlHandlerMapping - Rejected bean name &apos;mvcUrlPathHelper&apos;: no URL paths identified
21:46:09.347 [main] DEBUG o.s.w.s.h.BeanNameUrlHandlerMapping - Rejected bean name &apos;mvcContentNegotiationManager&apos;: no URL paths identified
21:46:09.347 [main] DEBUG o.s.w.s.h.BeanNameUrlHandlerMapping - Rejected bean name &apos;viewControllerHandlerMapping&apos;: no URL paths identified
21:46:09.347 [main] DEBUG o.s.w.s.h.BeanNameUrlHandlerMapping - Rejected bean name &apos;beanNameHandlerMapping&apos;: no URL paths identified
21:46:09.347 [main] DEBUG o.s.w.s.h.BeanNameUrlHandlerMapping - Rejected bean name &apos;resourceHandlerMapping&apos;: no URL paths identified
21:46:09.347 [main] DEBUG o.s.w.s.h.BeanNameUrlHandlerMapping - Rejected bean name &apos;mvcResourceUrlProvider&apos;: no URL paths identified
21:46:09.347 [main] DEBUG o.s.w.s.h.BeanNameUrlHandlerMapping - Rejected bean name &apos;defaultServletHandlerMapping&apos;: no URL paths identified
21:46:09.347 [main] DEBUG o.s.w.s.h.BeanNameUrlHandlerMapping - Rejected bean name &apos;requestMappingHandlerAdapter&apos;: no URL paths identified
21:46:09.347 [main] DEBUG o.s.w.s.h.BeanNameUrlHandlerMapping - Rejected bean name &apos;mvcValidator&apos;: no URL paths identified
21:46:09.347 [main] DEBUG o.s.w.s.h.BeanNameUrlHandlerMapping - Rejected bean name &apos;mvcUriComponentsContributor&apos;: no URL paths identified
21:46:09.347 [main] DEBUG o.s.w.s.h.BeanNameUrlHandlerMapping - Rejected bean name &apos;httpRequestHandlerAdapter&apos;: no URL paths identified
21:46:09.347 [main] DEBUG o.s.w.s.h.BeanNameUrlHandlerMapping - Rejected bean name &apos;simpleControllerHandlerAdapter&apos;: no URL paths identified
21:46:09.347 [main] DEBUG o.s.w.s.h.BeanNameUrlHandlerMapping - Rejected bean name &apos;handlerExceptionResolver&apos;: no URL paths identified
21:46:09.347 [main] DEBUG o.s.w.s.h.BeanNameUrlHandlerMapping - Rejected bean name &apos;mvcViewResolver&apos;: no URL paths identified
21:46:09.347 [main] DEBUG o.s.w.s.h.BeanNameUrlHandlerMapping - Rejected bean name &apos;org.springframework.security.config.annotation.method.configuration.GlobalMethodSecurityConfiguration&apos;: no URL paths identified
21:46:09.347 [main] DEBUG o.s.w.s.h.BeanNameUrlHandlerMapping - Rejected bean name &apos;methodSecurityInterceptor&apos;: no URL paths identified
21:46:09.347 [main] DEBUG o.s.w.s.h.BeanNameUrlHandlerMapping - Rejected bean name &apos;methodSecurityMetadataSource&apos;: no URL paths identified
21:46:09.347 [main] DEBUG o.s.w.s.h.BeanNameUrlHandlerMapping - Rejected bean name &apos;preInvocationAuthorizationAdvice&apos;: no URL paths identified
21:46:09.347 [main] DEBUG o.s.w.s.h.BeanNameUrlHandlerMapping - Rejected bean name &apos;viewResolver&apos;: no URL paths identified
21:46:09.347 [main] DEBUG o.s.w.s.h.BeanNameUrlHandlerMapping - Rejected bean name &apos;templateEngine&apos;: no URL paths identified
21:46:09.347 [main] DEBUG o.s.w.s.h.BeanNameUrlHandlerMapping - Rejected bean name &apos;domainClassConverter&apos;: no URL paths identified
21:46:09.347 [main] DEBUG o.s.w.s.h.BeanNameUrlHandlerMapping - Rejected bean name &apos;metaDataSourceAdvisor&apos;: no URL paths identified
21:46:09.347 [main] DEBUG o.s.w.s.h.BeanNameUrlHandlerMapping - Rejected bean name &apos;org.springframework.aop.config.internalAutoProxyCreator&apos;: no URL paths identified
21:46:09.347 [main] DEBUG o.s.w.s.h.BeanNameUrlHandlerMapping - Rejected bean name &apos;environment&apos;: no URL paths identified
21:46:09.347 [main] DEBUG o.s.w.s.h.BeanNameUrlHandlerMapping - Rejected bean name &apos;systemProperties&apos;: no URL paths identified
21:46:09.347 [main] DEBUG o.s.w.s.h.BeanNameUrlHandlerMapping - Rejected bean name &apos;systemEnvironment&apos;: no URL paths identified
21:46:09.347 [main] DEBUG o.s.w.s.h.BeanNameUrlHandlerMapping - Rejected bean name &apos;servletContext&apos;: no URL paths identified
21:46:09.347 [main] DEBUG o.s.w.s.h.BeanNameUrlHandlerMapping - Rejected bean name &apos;contextParameters&apos;: no URL paths identified
21:46:09.347 [main] DEBUG o.s.w.s.h.BeanNameUrlHandlerMapping - Rejected bean name &apos;contextAttributes&apos;: no URL paths identified
21:46:09.347 [main] DEBUG o.s.w.s.h.BeanNameUrlHandlerMapping - Rejected bean name &apos;org.springframework.context.annotation.ConfigurationClassPostProcessor.importRegistry&apos;: no URL paths identified
21:46:09.347 [main] DEBUG o.s.w.s.h.BeanNameUrlHandlerMapping - Rejected bean name &apos;messageSource&apos;: no URL paths identified
21:46:09.347 [main] DEBUG o.s.w.s.h.BeanNameUrlHandlerMapping - Rejected bean name &apos;applicationEventMulticaster&apos;: no URL paths identified
21:46:09.347 [main] DEBUG o.s.b.f.s.DefaultListableBeanFactory - Returning cached instance of singleton bean &apos;metaDataSourceAdvisor&apos;
21:46:09.354 [main] DEBUG o.s.b.f.s.DefaultListableBeanFactory - Finished creating instance of bean &apos;beanNameHandlerMapping&apos;
21:46:09.354 [main] DEBUG o.s.b.f.s.DefaultListableBeanFactory - Creating shared instance of singleton bean &apos;resourceHandlerMapping&apos;
21:46:09.354 [main] DEBUG o.s.b.f.s.DefaultListableBeanFactory - Creating instance of bean &apos;resourceHandlerMapping&apos;
21:46:09.354 [main] DEBUG o.s.b.f.s.DefaultListableBeanFactory - Returning cached instance of singleton bean &apos;org.springframework.web.servlet.config.annotation.DelegatingWebMvcConfiguration&apos;
21:46:09.354 [main] DEBUG o.s.b.f.s.DefaultListableBeanFactory - Returning cached instance of singleton bean &apos;mvcContentNegotiationManager&apos;
21:46:09.362 [main] DEBUG o.s.b.f.s.DefaultListableBeanFactory - Returning cached instance of singleton bean &apos;mvcPathMatcher&apos;
21:46:09.362 [main] DEBUG o.s.b.f.s.DefaultListableBeanFactory - Returning cached instance of singleton bean &apos;mvcUrlPathHelper&apos;
21:46:09.362 [main] DEBUG o.s.b.f.s.DefaultListableBeanFactory - Returning cached instance of singleton bean &apos;mvcResourceUrlProvider&apos;
21:46:09.362 [main] DEBUG o.s.b.f.s.DefaultListableBeanFactory - Eagerly caching bean &apos;resourceHandlerMapping&apos; to allow for resolving potential circular references
21:46:09.362 [main] INFO  o.s.w.s.h.SimpleUrlHandlerMapping - Mapped URL path [/resources/**] onto handler of type [class org.springframework.web.servlet.resource.ResourceHttpRequestHandler]
21:46:09.363 [main] DEBUG o.s.b.f.s.DefaultListableBeanFactory - Returning cached instance of singleton bean &apos;metaDataSourceAdvisor&apos;
21:46:09.363 [main] DEBUG o.s.b.f.s.DefaultListableBeanFactory - Finished creating instance of bean &apos;resourceHandlerMapping&apos;
21:46:09.363 [main] DEBUG o.s.b.f.s.DefaultListableBeanFactory - Returning cached instance of singleton bean &apos;mvcResourceUrlProvider&apos;
21:46:09.363 [main] DEBUG o.s.b.f.s.DefaultListableBeanFactory - Creating shared instance of singleton bean &apos;defaultServletHandlerMapping&apos;
21:46:09.363 [main] DEBUG o.s.b.f.s.DefaultListableBeanFactory - Creating instance of bean &apos;defaultServletHandlerMapping&apos;
21:46:09.363 [main] DEBUG o.s.b.f.s.DefaultListableBeanFactory - Returning cached instance of singleton bean &apos;org.springframework.web.servlet.config.annotation.DelegatingWebMvcConfiguration&apos;
21:46:09.363 [main] DEBUG o.s.b.f.s.DefaultListableBeanFactory - Eagerly caching bean &apos;defaultServletHandlerMapping&apos; to allow for resolving potential circular references
21:46:09.366 [main] DEBUG o.s.b.f.s.DefaultListableBeanFactory - Returning cached instance of singleton bean &apos;metaDataSourceAdvisor&apos;
21:46:09.369 [main] DEBUG o.s.b.f.s.DefaultListableBeanFactory - Finished creating instance of bean &apos;defaultServletHandlerMapping&apos;
21:46:09.369 [main] DEBUG o.s.b.f.s.DefaultListableBeanFactory - Creating shared instance of singleton bean &apos;requestMappingHandlerAdapter&apos;
21:46:09.369 [main] DEBUG o.s.b.f.s.DefaultListableBeanFactory - Creating instance of bean &apos;requestMappingHandlerAdapter&apos;
21:46:09.370 [main] DEBUG o.s.b.f.s.DefaultListableBeanFactory - Returning cached instance of singleton bean &apos;org.springframework.web.servlet.config.annotation.DelegatingWebMvcConfiguration&apos;
21:46:09.447 [main] DEBUG o.s.b.f.s.DefaultListableBeanFactory - Returning cached instance of singleton bean &apos;mvcContentNegotiationManager&apos;
21:46:09.449 [main] DEBUG o.s.b.f.s.DefaultListableBeanFactory - Returning cached instance of singleton bean &apos;mvcConversionService&apos;
21:46:09.449 [main] DEBUG o.s.b.f.s.DefaultListableBeanFactory - Creating shared instance of singleton bean &apos;mvcValidator&apos;
21:46:09.449 [main] DEBUG o.s.b.f.s.DefaultListableBeanFactory - Creating instance of bean &apos;mvcValidator&apos;
21:46:09.449 [main] DEBUG o.s.b.f.s.DefaultListableBeanFactory - Returning cached instance of singleton bean &apos;org.springframework.web.servlet.config.annotation.DelegatingWebMvcConfiguration&apos;
21:46:09.455 [main] DEBUG o.s.b.f.s.DefaultListableBeanFactory - Eagerly caching bean &apos;mvcValidator&apos; to allow for resolving potential circular references
21:46:09.461 [main] DEBUG o.s.b.f.s.DefaultListableBeanFactory - Invoking afterPropertiesSet() on bean with name &apos;mvcValidator&apos;
21:46:09.462 [main] DEBUG o.h.v.i.e.r.DefaultTraversableResolver - Found javax.persistence.Persistence on classpath containing &apos;getPersistenceUtil&apos;. Assuming JPA 2 environment. Trying to instantiate JPA aware TraversableResolver
21:46:09.462 [main] DEBUG o.h.v.i.e.r.DefaultTraversableResolver - Instantiated JPA aware TraversableResolver of type org.hibernate.validator.internal.engine.resolver.JPATraversableResolver.
21:46:09.463 [main] DEBUG o.h.v.i.engine.ConfigurationImpl - Setting custom MessageInterpolator of type org.springframework.validation.beanvalidation.LocaleContextMessageInterpolator
21:46:09.464 [main] DEBUG o.h.v.i.engine.ConfigurationImpl - Setting custom ConstraintValidatorFactory of type org.springframework.validation.beanvalidation.SpringConstraintValidatorFactory
21:46:09.465 [main] DEBUG o.h.v.i.engine.ConfigurationImpl - Setting custom ParameterNameProvider of type com.sun.proxy.$Proxy83
21:46:09.465 [main] DEBUG o.h.v.i.xml.ValidationXmlParser - Trying to load META-INF/validation.xml for XML based Validator configuration.
21:46:09.465 [main] DEBUG o.h.v.i.xml.ResourceLoaderHelper - Trying to load META-INF/validation.xml via user class loader
21:46:09.465 [main] DEBUG o.h.v.i.xml.ResourceLoaderHelper - Trying to load META-INF/validation.xml via TCCL
21:46:09.465 [main] DEBUG o.h.v.i.xml.ResourceLoaderHelper - Trying to load META-INF/validation.xml via Hibernate Validator&apos;s class loader
21:46:09.465 [main] DEBUG o.h.v.i.xml.ValidationXmlParser - No META-INF/validation.xml found. Using annotation based configuration only.
21:46:09.468 [main] DEBUG o.s.b.f.s.DefaultListableBeanFactory - Returning cached instance of singleton bean &apos;metaDataSourceAdvisor&apos;
21:46:09.471 [main] DEBUG o.s.b.f.s.DefaultListableBeanFactory - Finished creating instance of bean &apos;mvcValidator&apos;
21:46:09.479 [main] DEBUG o.s.b.f.s.DefaultListableBeanFactory - Eagerly caching bean &apos;requestMappingHandlerAdapter&apos; to allow for resolving potential circular references
21:46:09.487 [main] DEBUG o.s.b.f.s.DefaultListableBeanFactory - Invoking afterPropertiesSet() on bean with name &apos;requestMappingHandlerAdapter&apos;
21:46:09.487 [main] INFO  o.s.w.s.m.m.a.RequestMappingHandlerAdapter - Looking for @ControllerAdvice: org.springframework.web.context.support.GenericWebApplicationContext@25f7739c: startup date [Thu Mar 22 21:46:07 UTC 2018]; root of context hierarchy
21:46:09.527 [main] DEBUG o.s.b.f.s.DefaultListableBeanFactory - Returning cached instance of singleton bean &apos;metaDataSourceAdvisor&apos;
21:46:09.537 [main] DEBUG o.s.b.f.s.DefaultListableBeanFactory - Finished creating instance of bean &apos;requestMappingHandlerAdapter&apos;
21:46:09.537 [main] DEBUG o.s.b.f.s.DefaultListableBeanFactory - Returning cached instance of singleton bean &apos;mvcValidator&apos;
21:46:09.537 [main] DEBUG o.s.b.f.s.DefaultListableBeanFactory - Creating shared instance of singleton bean &apos;mvcUriComponentsContributor&apos;
21:46:09.537 [main] DEBUG o.s.b.f.s.DefaultListableBeanFactory - Creating instance of bean &apos;mvcUriComponentsContributor&apos;
21:46:09.537 [main] DEBUG o.s.b.f.s.DefaultListableBeanFactory - Returning cached instance of singleton bean &apos;org.springframework.web.servlet.config.annotation.DelegatingWebMvcConfiguration&apos;
21:46:09.538 [main] DEBUG o.s.b.f.s.DefaultListableBeanFactory - Returning cached instance of singleton bean &apos;requestMappingHandlerAdapter&apos;
21:46:09.538 [main] DEBUG o.s.b.f.s.DefaultListableBeanFactory - Returning cached instance of singleton bean &apos;mvcConversionService&apos;
21:46:09.539 [main] DEBUG o.s.b.f.s.DefaultListableBeanFactory - Eagerly caching bean &apos;mvcUriComponentsContributor&apos; to allow for resolving potential circular references
21:46:09.541 [main] DEBUG o.s.b.f.s.DefaultListableBeanFactory - Returning cached instance of singleton bean &apos;metaDataSourceAdvisor&apos;
21:46:09.541 [main] DEBUG o.s.b.f.s.DefaultListableBeanFactory - Finished creating instance of bean &apos;mvcUriComponentsContributor&apos;
21:46:09.541 [main] DEBUG o.s.b.f.s.DefaultListableBeanFactory - Creating shared instance of singleton bean &apos;httpRequestHandlerAdapter&apos;
21:46:09.541 [main] DEBUG o.s.b.f.s.DefaultListableBeanFactory - Creating instance of bean &apos;httpRequestHandlerAdapter&apos;
21:46:09.542 [main] DEBUG o.s.b.f.s.DefaultListableBeanFactory - Returning cached instance of singleton bean &apos;org.springframework.web.servlet.config.annotation.DelegatingWebMvcConfiguration&apos;
21:46:09.542 [main] DEBUG o.s.b.f.s.DefaultListableBeanFactory - Eagerly caching bean &apos;httpRequestHandlerAdapter&apos; to allow for resolving potential circular references
21:46:09.544 [main] DEBUG o.s.b.f.s.DefaultListableBeanFactory - Returning cached instance of singleton bean &apos;metaDataSourceAdvisor&apos;
21:46:09.544 [main] DEBUG o.s.b.f.s.DefaultListableBeanFactory - Finished creating instance of bean &apos;httpRequestHandlerAdapter&apos;
21:46:09.544 [main] DEBUG o.s.b.f.s.DefaultListableBeanFactory - Creating shared instance of singleton bean &apos;simpleControllerHandlerAdapter&apos;
21:46:09.544 [main] DEBUG o.s.b.f.s.DefaultListableBeanFactory - Creating instance of bean &apos;simpleControllerHandlerAdapter&apos;
21:46:09.544 [main] DEBUG o.s.b.f.s.DefaultListableBeanFactory - Returning cached instance of singleton bean &apos;org.springframework.web.servlet.config.annotation.DelegatingWebMvcConfiguration&apos;
21:46:09.544 [main] DEBUG o.s.b.f.s.DefaultListableBeanFactory - Eagerly caching bean &apos;simpleControllerHandlerAdapter&apos; to allow for resolving potential circular references
21:46:09.545 [main] DEBUG o.s.b.f.s.DefaultListableBeanFactory - Returning cached instance of singleton bean &apos;metaDataSourceAdvisor&apos;
21:46:09.546 [main] DEBUG o.s.b.f.s.DefaultListableBeanFactory - Finished creating instance of bean &apos;simpleControllerHandlerAdapter&apos;
21:46:09.546 [main] DEBUG o.s.b.f.s.DefaultListableBeanFactory - Creating shared instance of singleton bean &apos;handlerExceptionResolver&apos;
21:46:09.546 [main] DEBUG o.s.b.f.s.DefaultListableBeanFactory - Creating instance of bean &apos;handlerExceptionResolver&apos;
21:46:09.546 [main] DEBUG o.s.b.f.s.DefaultListableBeanFactory - Returning cached instance of singleton bean &apos;org.springframework.web.servlet.config.annotation.DelegatingWebMvcConfiguration&apos;
21:46:09.549 [main] DEBUG o.s.b.f.s.DefaultListableBeanFactory - Returning cached instance of singleton bean &apos;mvcContentNegotiationManager&apos;
21:46:09.549 [main] DEBUG o.s.w.s.m.m.a.ExceptionHandlerExceptionResolver - Looking for exception mappings: org.springframework.web.context.support.GenericWebApplicationContext@25f7739c: startup date [Thu Mar 22 21:46:07 UTC 2018]; root of context hierarchy
21:46:09.553 [main] DEBUG o.s.b.f.s.DefaultListableBeanFactory - Eagerly caching bean &apos;handlerExceptionResolver&apos; to allow for resolving potential circular references
21:46:09.555 [main] DEBUG o.s.b.f.s.DefaultListableBeanFactory - Returning cached instance of singleton bean &apos;metaDataSourceAdvisor&apos;
21:46:09.556 [main] DEBUG o.s.b.f.s.DefaultListableBeanFactory - Finished creating instance of bean &apos;handlerExceptionResolver&apos;
21:46:09.556 [main] DEBUG o.s.b.f.s.DefaultListableBeanFactory - Creating shared instance of singleton bean &apos;mvcViewResolver&apos;
21:46:09.556 [main] DEBUG o.s.b.f.s.DefaultListableBeanFactory - Creating instance of bean &apos;mvcViewResolver&apos;
21:46:09.556 [main] DEBUG o.s.b.f.s.DefaultListableBeanFactory - Returning cached instance of singleton bean &apos;org.springframework.web.servlet.config.annotation.DelegatingWebMvcConfiguration&apos;
21:46:09.560 [main] DEBUG o.s.b.f.s.DefaultListableBeanFactory - Returning cached instance of singleton bean &apos;mvcContentNegotiationManager&apos;
21:46:09.561 [main] DEBUG o.s.b.f.s.DefaultListableBeanFactory - Eagerly caching bean &apos;mvcViewResolver&apos; to allow for resolving potential circular references
21:46:09.564 [main] DEBUG o.s.b.f.s.DefaultListableBeanFactory - Invoking afterPropertiesSet() on bean with name &apos;mvcViewResolver&apos;
21:46:09.564 [main] DEBUG o.s.b.f.s.DefaultListableBeanFactory - Returning cached instance of singleton bean &apos;metaDataSourceAdvisor&apos;
21:46:09.564 [main] DEBUG o.s.b.f.s.DefaultListableBeanFactory - Finished creating instance of bean &apos;mvcViewResolver&apos;
21:46:09.564 [main] DEBUG o.s.b.f.s.DefaultListableBeanFactory - Returning cached instance of singleton bean &apos;org.springframework.security.config.annotation.method.configuration.GlobalMethodSecurityConfiguration&apos;
21:46:09.564 [main] DEBUG o.s.b.f.s.DefaultListableBeanFactory - Returning cached instance of singleton bean &apos;methodSecurityInterceptor&apos;
21:46:09.564 [main] DEBUG o.s.b.f.s.DefaultListableBeanFactory - Returning cached instance of singleton bean &apos;methodSecurityMetadataSource&apos;
21:46:09.564 [main] DEBUG o.s.b.f.s.DefaultListableBeanFactory - Creating shared instance of singleton bean &apos;preInvocationAuthorizationAdvice&apos;
21:46:09.564 [main] DEBUG o.s.b.f.s.DefaultListableBeanFactory - Creating instance of bean &apos;preInvocationAuthorizationAdvice&apos;
21:46:09.564 [main] DEBUG o.s.b.f.s.DefaultListableBeanFactory - Returning cached instance of singleton bean &apos;org.springframework.security.config.annotation.method.configuration.GlobalMethodSecurityConfiguration&apos;
21:46:09.565 [main] DEBUG o.s.b.f.s.DefaultListableBeanFactory - Eagerly caching bean &apos;preInvocationAuthorizationAdvice&apos; to allow for resolving potential circular references
21:46:09.566 [main] DEBUG o.s.b.f.s.DefaultListableBeanFactory - Finished creating instance of bean &apos;preInvocationAuthorizationAdvice&apos;
21:46:09.566 [main] DEBUG o.s.b.f.s.DefaultListableBeanFactory - Creating shared instance of singleton bean &apos;viewResolver&apos;
21:46:09.566 [main] DEBUG o.s.b.f.s.DefaultListableBeanFactory - Creating instance of bean &apos;viewResolver&apos;
21:46:09.566 [main] DEBUG o.s.b.f.s.DefaultListableBeanFactory - Returning cached instance of singleton bean &apos;webMvcConfiguration&apos;
21:46:09.577 [main] DEBUG o.s.b.f.s.DefaultListableBeanFactory - Creating shared instance of singleton bean &apos;templateEngine&apos;
21:46:09.577 [main] DEBUG o.s.b.f.s.DefaultListableBeanFactory - Creating instance of bean &apos;templateEngine&apos;
21:46:09.577 [main] DEBUG o.s.b.f.s.DefaultListableBeanFactory - Returning cached instance of singleton bean &apos;webMvcConfiguration&apos;
21:46:09.609 [main] DEBUG o.s.b.f.s.DefaultListableBeanFactory - Eagerly caching bean &apos;templateEngine&apos; to allow for resolving potential circular references
21:46:09.613 [main] DEBUG o.s.b.f.s.DefaultListableBeanFactory - Invoking afterPropertiesSet() on bean with name &apos;templateEngine&apos;
21:46:09.614 [main] DEBUG o.s.b.f.s.DefaultListableBeanFactory - Returning cached instance of singleton bean &apos;metaDataSourceAdvisor&apos;
21:46:09.615 [main] DEBUG o.s.b.f.s.DefaultListableBeanFactory - Finished creating instance of bean &apos;templateEngine&apos;
21:46:09.615 [main] DEBUG o.s.b.f.s.DefaultListableBeanFactory - Eagerly caching bean &apos;viewResolver&apos; to allow for resolving potential circular references
21:46:09.619 [main] DEBUG o.s.b.f.s.DefaultListableBeanFactory - Returning cached instance of singleton bean &apos;metaDataSourceAdvisor&apos;
21:46:09.623 [main] DEBUG o.s.b.f.s.DefaultListableBeanFactory - Finished creating instance of bean &apos;viewResolver&apos;
21:46:09.623 [main] DEBUG o.s.b.f.s.DefaultListableBeanFactory - Returning cached instance of singleton bean &apos;templateEngine&apos;
21:46:09.623 [main] DEBUG o.s.b.f.s.DefaultListableBeanFactory - Creating shared instance of singleton bean &apos;domainClassConverter&apos;
21:46:09.623 [main] DEBUG o.s.b.f.s.DefaultListableBeanFactory - Creating instance of bean &apos;domainClassConverter&apos;
21:46:09.623 [main] DEBUG o.s.b.f.s.DefaultListableBeanFactory - Returning cached instance of singleton bean &apos;webMvcConfiguration&apos;
21:46:09.627 [main] DEBUG o.s.b.f.s.DefaultListableBeanFactory - Eagerly caching bean &apos;domainClassConverter&apos; to allow for resolving potential circular references
21:46:09.631 [main] DEBUG o.s.b.f.s.DefaultListableBeanFactory - Returning cached instance of singleton bean &apos;metaDataSourceAdvisor&apos;
21:46:09.631 [main] DEBUG o.s.b.f.s.DefaultListableBeanFactory - Finished creating instance of bean &apos;domainClassConverter&apos;
21:46:09.631 [main] DEBUG o.s.b.f.s.DefaultListableBeanFactory - Returning cached instance of singleton bean &apos;metaDataSourceAdvisor&apos;
21:46:09.631 [main] DEBUG o.s.b.f.s.DefaultListableBeanFactory - Returning cached instance of singleton bean &apos;org.springframework.aop.config.internalAutoProxyCreator&apos;
21:46:09.632 [main] DEBUG o.s.b.f.s.DefaultListableBeanFactory - Returning cached instance of singleton bean &apos;org.springframework.context.event.internalEventListenerFactory&apos;
21:46:09.659 [main] DEBUG o.s.b.f.s.DefaultListableBeanFactory - Returning cached instance of singleton bean &apos;metaDataSourceAdvisor&apos;
21:46:09.660 [main] DEBUG o.s.b.f.s.DefaultListableBeanFactory - Returning cached instance of singleton bean &apos;org.springframework.security.config.annotation.authentication.configuration.AuthenticationConfiguration&apos;
21:46:09.662 [main] DEBUG o.s.w.c.s.GenericWebApplicationContext - Unable to locate LifecycleProcessor with name &apos;lifecycleProcessor&apos;: using default [org.springframework.context.support.DefaultLifecycleProcessor@42708880]
21:46:09.662 [main] DEBUG o.s.b.f.s.DefaultListableBeanFactory - Returning cached instance of singleton bean &apos;lifecycleProcessor&apos;
21:46:09.664 [main] DEBUG o.s.b.f.s.DefaultListableBeanFactory - Returning cached instance of singleton bean &apos;loginAuditingListener&apos;
21:46:09.664 [main] DEBUG o.s.b.f.s.DefaultListableBeanFactory - Returning cached instance of singleton bean &apos;delegatingApplicationListener&apos;
21:46:09.664 [main] DEBUG o.s.b.f.s.DefaultListableBeanFactory - Returning cached instance of singleton bean &apos;mvcResourceUrlProvider&apos;
21:46:09.664 [main] DEBUG o.s.w.s.resource.ResourceUrlProvider - Looking for resource handler mappings
21:46:09.664 [main] DEBUG o.s.b.f.s.DefaultListableBeanFactory - Returning cached instance of singleton bean &apos;viewControllerHandlerMapping&apos;
21:46:09.664 [main] DEBUG o.s.b.f.s.DefaultListableBeanFactory - Returning cached instance of singleton bean &apos;resourceHandlerMapping&apos;
21:46:09.664 [main] DEBUG o.s.w.s.resource.ResourceUrlProvider - Found resource handler mapping: URL pattern=&quot;/resources/**&quot;, locations=[class path resource [resources/]], resolvers=[org.springframework.web.servlet.resource.PathResourceResolver@2a10a1e2]
21:46:09.666 [main] DEBUG o.s.c.e.PropertySourcesPropertyResolver - Could not find key &apos;spring.liveBeansView.mbeanDomain&apos; in any property source
21:46:09.668 [main] DEBUG o.s.t.c.c.DefaultCacheAwareContextLoaderDelegate - Storing ApplicationContext in cache under key [[WebMergedContextConfiguration@26cacb6e testClass = APIICDCodeTest, locations = &apos;{}&apos;, classes = &apos;{class edu.ncsu.csc.itrust2.config.RootConfiguration, class edu.ncsu.csc.itrust2.mvc.config.WebMvcConfiguration}&apos;, contextInitializerClasses = &apos;[]&apos;, activeProfiles = &apos;{}&apos;, propertySourceLocations = &apos;{}&apos;, propertySourceProperties = &apos;{}&apos;, contextCustomizers = set[[empty]], resourceBasePath = &apos;src/main/webapp&apos;, contextLoader = &apos;org.springframework.test.context.web.WebDelegatingSmartContextLoader&apos;, parent = [null]]]
21:46:09.668 [main] DEBUG o.springframework.test.context.cache - Spring test ApplicationContext cache statistics: [DefaultContextCache@44f35879 size = 1, maxSize = 32, parentContextCount = 0, hitCount = 0, missCount = 1]
21:46:09.668 [main] DEBUG o.s.t.c.w.ServletTestExecutionListener - Setting up MockHttpServletRequest, MockHttpServletResponse, ServletWebRequest, and RequestContextHolder for test context [DefaultTestContext@82de8d1 testClass = APIICDCodeTest, testInstance = edu.ncsu.csc.itrust2.apitest.APIICDCodeTest@1d30711e, testMethod = [null], testException = [null], mergedContextConfiguration = [WebMergedContextConfiguration@26cacb6e testClass = APIICDCodeTest, locations = &apos;{}&apos;, classes = &apos;{class edu.ncsu.csc.itrust2.config.RootConfiguration, class edu.ncsu.csc.itrust2.mvc.config.WebMvcConfiguration}&apos;, contextInitializerClasses = &apos;[]&apos;, activeProfiles = &apos;{}&apos;, propertySourceLocations = &apos;{}&apos;, propertySourceProperties = &apos;{}&apos;, contextCustomizers = set[[empty]], resourceBasePath = &apos;src/main/webapp&apos;, contextLoader = &apos;org.springframework.test.context.web.WebDelegatingSmartContextLoader&apos;, parent = [null]]].
21:46:09.683 [main] DEBUG o.s.t.c.s.DependencyInjectionTestExecutionListener - Performing dependency injection for test context [[DefaultTestContext@82de8d1 testClass = APIICDCodeTest, testInstance = edu.ncsu.csc.itrust2.apitest.APIICDCodeTest@1d30711e, testMethod = [null], testException = [null], mergedContextConfiguration = [WebMergedContextConfiguration@26cacb6e testClass = APIICDCodeTest, locations = &apos;{}&apos;, classes = &apos;{class edu.ncsu.csc.itrust2.config.RootConfiguration, class edu.ncsu.csc.itrust2.mvc.config.WebMvcConfiguration}&apos;, contextInitializerClasses = &apos;[]&apos;, activeProfiles = &apos;{}&apos;, propertySourceLocations = &apos;{}&apos;, propertySourceProperties = &apos;{}&apos;, contextCustomizers = set[[empty]], resourceBasePath = &apos;src/main/webapp&apos;, contextLoader = &apos;org.springframework.test.context.web.WebDelegatingSmartContextLoader&apos;, parent = [null]]]].
21:46:09.683 [main] DEBUG o.s.t.c.c.DefaultCacheAwareContextLoaderDelegate - Retrieved ApplicationContext from cache with key [[WebMergedContextConfiguration@26cacb6e testClass = APIICDCodeTest, locations = &apos;{}&apos;, classes = &apos;{class edu.ncsu.csc.itrust2.config.RootConfiguration, class edu.ncsu.csc.itrust2.mvc.config.WebMvcConfiguration}&apos;, contextInitializerClasses = &apos;[]&apos;, activeProfiles = &apos;{}&apos;, propertySourceLocations = &apos;{}&apos;, propertySourceProperties = &apos;{}&apos;, contextCustomizers = set[[empty]], resourceBasePath = &apos;src/main/webapp&apos;, contextLoader = &apos;org.springframework.test.context.web.WebDelegatingSmartContextLoader&apos;, parent = [null]]]
21:46:09.683 [main] DEBUG o.springframework.test.context.cache - Spring test ApplicationContext cache statistics: [DefaultContextCache@44f35879 size = 1, maxSize = 32, parentContextCount = 0, hitCount = 1, missCount = 1]
21:46:09.701 [main] DEBUG o.s.b.f.annotation.InjectionMetadata - Processing injected element of bean &apos;edu.ncsu.csc.itrust2.apitest.APIICDCodeTest&apos;: AutowiredFieldElement for private org.springframework.web.context.WebApplicationContext edu.ncsu.csc.itrust2.apitest.APIICDCodeTest.context
21:46:09.702 [main] DEBUG o.s.b.f.a.AutowiredAnnotationBeanPostProcessor - Autowiring by type from bean name &apos;edu.ncsu.csc.itrust2.apitest.APIICDCodeTest&apos; to bean named &apos;org.springframework.web.context.support.GenericWebApplicationContext@25f7739c&apos;
21:46:09.702 [main] DEBUG o.s.b.f.s.DefaultListableBeanFactory - Returning cached instance of singleton bean &apos;metaDataSourceAdvisor&apos;
21:46:09.705 [main] DEBUG o.s.t.c.s.AbstractDirtiesContextTestExecutionListener - Before test method: context [DefaultTestContext@82de8d1 testClass = APIICDCodeTest, testInstance = edu.ncsu.csc.itrust2.apitest.APIICDCodeTest@1d30711e, testMethod = testCodeAPI@APIICDCodeTest, testException = [null], mergedContextConfiguration = [WebMergedContextConfiguration@26cacb6e testClass = APIICDCodeTest, locations = &apos;{}&apos;, classes = &apos;{class edu.ncsu.csc.itrust2.config.RootConfiguration, class edu.ncsu.csc.itrust2.mvc.config.WebMvcConfiguration}&apos;, contextInitializerClasses = &apos;[]&apos;, activeProfiles = &apos;{}&apos;, propertySourceLocations = &apos;{}&apos;, propertySourceProperties = &apos;{}&apos;, contextCustomizers = set[[empty]], resourceBasePath = &apos;src/main/webapp&apos;, contextLoader = &apos;org.springframework.test.context.web.WebDelegatingSmartContextLoader&apos;, parent = [null]]], class annotated with @DirtiesContext [false] with mode [null], method annotated with @DirtiesContext [false] with mode [null].
21:46:09.708 [main] DEBUG o.s.t.c.c.DefaultCacheAwareContextLoaderDelegate - Retrieved ApplicationContext from cache with key [[WebMergedContextConfiguration@26cacb6e testClass = APIICDCodeTest, locations = &apos;{}&apos;, classes = &apos;{class edu.ncsu.csc.itrust2.config.RootConfiguration, class edu.ncsu.csc.itrust2.mvc.config.WebMvcConfiguration}&apos;, contextInitializerClasses = &apos;[]&apos;, activeProfiles = &apos;{}&apos;, propertySourceLocations = &apos;{}&apos;, propertySourceProperties = &apos;{}&apos;, contextCustomizers = set[[empty]], resourceBasePath = &apos;src/main/webapp&apos;, contextLoader = &apos;org.springframework.test.context.web.WebDelegatingSmartContextLoader&apos;, parent = [null]]]
21:46:09.708 [main] DEBUG o.springframework.test.context.cache - Spring test ApplicationContext cache statistics: [DefaultContextCache@44f35879 size = 1, maxSize = 32, parentContextCount = 0, hitCount = 2, missCount = 1]
21:46:09.708 [main] DEBUG o.s.b.f.s.DefaultListableBeanFactory - Creating instance of bean &apos;org.springframework.security.test.context.support.WithMockUserSecurityContextFactory&apos;
21:46:09.710 [main] DEBUG o.s.b.f.s.DefaultListableBeanFactory - Returning cached instance of singleton bean &apos;metaDataSourceAdvisor&apos;
21:46:09.710 [main] DEBUG o.s.b.f.s.DefaultListableBeanFactory - Finished creating instance of bean &apos;org.springframework.security.test.context.support.WithMockUserSecurityContextFactory&apos;
21:46:09.724 [main] DEBUG o.s.t.w.s.TestDispatcherServlet - Initializing servlet &apos;&apos;
21:46:09.725 [main] DEBUG o.s.w.c.s.StandardServletEnvironment - Adding [servletConfigInitParams] PropertySource with lowest search precedence
21:46:09.725 [main] DEBUG o.s.w.c.s.StandardServletEnvironment - Adding [servletContextInitParams] PropertySource with lowest search precedence
21:46:09.725 [main] DEBUG o.s.w.c.s.StandardServletEnvironment - Adding [systemProperties] PropertySource with lowest search precedence
21:46:09.725 [main] DEBUG o.s.w.c.s.StandardServletEnvironment - Adding [systemEnvironment] PropertySource with lowest search precedence
21:46:09.725 [main] DEBUG o.s.w.c.s.StandardServletEnvironment - Initialized StandardServletEnvironment with PropertySources [servletConfigInitParams,servletContextInitParams,systemProperties,systemEnvironment]
21:46:09.725 [main] INFO  o.s.mock.web.MockServletContext - Initializing Spring FrameworkServlet &apos;&apos;
21:46:09.725 [main] INFO  o.s.t.w.s.TestDispatcherServlet - FrameworkServlet &apos;&apos;: initialization started
21:46:09.728 [main] DEBUG o.s.t.w.s.TestDispatcherServlet - Unable to locate MultipartResolver with name &apos;multipartResolver&apos;: no multipart request handling provided
21:46:09.729 [main] DEBUG o.s.b.f.s.DefaultListableBeanFactory - Creating instance of bean &apos;org.springframework.web.servlet.i18n.AcceptHeaderLocaleResolver&apos;
21:46:09.731 [main] DEBUG o.s.b.f.s.DefaultListableBeanFactory - Returning cached instance of singleton bean &apos;metaDataSourceAdvisor&apos;
21:46:09.731 [main] DEBUG o.s.b.f.s.DefaultListableBeanFactory - Finished creating instance of bean &apos;org.springframework.web.servlet.i18n.AcceptHeaderLocaleResolver&apos;
21:46:09.731 [main] DEBUG o.s.t.w.s.TestDispatcherServlet - Unable to locate LocaleResolver with name &apos;localeResolver&apos;: using default [org.springframework.web.servlet.i18n.AcceptHeaderLocaleResolver@78537079]
21:46:09.732 [main] DEBUG o.s.b.f.s.DefaultListableBeanFactory - Creating instance of bean &apos;org.springframework.web.servlet.theme.FixedThemeResolver&apos;
21:46:09.734 [main] DEBUG o.s.b.f.s.DefaultListableBeanFactory - Returning cached instance of singleton bean &apos;metaDataSourceAdvisor&apos;
21:46:09.734 [main] DEBUG o.s.b.f.s.DefaultListableBeanFactory - Finished creating instance of bean &apos;org.springframework.web.servlet.theme.FixedThemeResolver&apos;
21:46:09.734 [main] DEBUG o.s.t.w.s.TestDispatcherServlet - Unable to locate ThemeResolver with name &apos;themeResolver&apos;: using default [org.springframework.web.servlet.theme.FixedThemeResolver@1dbe15c3]
21:46:09.735 [main] DEBUG o.s.b.f.s.DefaultListableBeanFactory - Returning cached instance of singleton bean &apos;requestMappingHandlerMapping&apos;
21:46:09.735 [main] DEBUG o.s.b.f.s.DefaultListableBeanFactory - Returning cached instance of singleton bean &apos;viewControllerHandlerMapping&apos;
21:46:09.735 [main] DEBUG o.s.b.f.s.DefaultListableBeanFactory - Returning cached instance of singleton bean &apos;beanNameHandlerMapping&apos;
21:46:09.735 [main] DEBUG o.s.b.f.s.DefaultListableBeanFactory - Returning cached instance of singleton bean &apos;resourceHandlerMapping&apos;
21:46:09.735 [main] DEBUG o.s.b.f.s.DefaultListableBeanFactory - Returning cached instance of singleton bean &apos;defaultServletHandlerMapping&apos;
21:46:09.735 [main] DEBUG o.s.b.f.s.DefaultListableBeanFactory - Returning cached instance of singleton bean &apos;requestMappingHandlerAdapter&apos;
21:46:09.735 [main] DEBUG o.s.b.f.s.DefaultListableBeanFactory - Returning cached instance of singleton bean &apos;httpRequestHandlerAdapter&apos;
21:46:09.735 [main] DEBUG o.s.b.f.s.DefaultListableBeanFactory - Returning cached instance of singleton bean &apos;simpleControllerHandlerAdapter&apos;
21:46:09.735 [main] DEBUG o.s.b.f.s.DefaultListableBeanFactory - Returning cached instance of singleton bean &apos;handlerExceptionResolver&apos;
21:46:09.736 [main] DEBUG o.s.b.f.s.DefaultListableBeanFactory - Creating instance of bean &apos;org.springframework.web.servlet.view.DefaultRequestToViewNameTranslator&apos;
21:46:09.738 [main] DEBUG o.s.b.f.s.DefaultListableBeanFactory - Returning cached instance of singleton bean &apos;metaDataSourceAdvisor&apos;
21:46:09.738 [main] DEBUG o.s.b.f.s.DefaultListableBeanFactory - Finished creating instance of bean &apos;org.springframework.web.servlet.view.DefaultRequestToViewNameTranslator&apos;
21:46:09.738 [main] DEBUG o.s.t.w.s.TestDispatcherServlet - Unable to locate RequestToViewNameTranslator with name &apos;viewNameTranslator&apos;: using default [org.springframework.web.servlet.view.DefaultRequestToViewNameTranslator@68305609]
21:46:09.738 [main] DEBUG o.s.b.f.s.DefaultListableBeanFactory - Returning cached instance of singleton bean &apos;mvcViewResolver&apos;
21:46:09.738 [main] DEBUG o.s.b.f.s.DefaultListableBeanFactory - Returning cached instance of singleton bean &apos;viewResolver&apos;
21:46:09.739 [main] DEBUG o.s.b.f.s.DefaultListableBeanFactory - Creating instance of bean &apos;org.springframework.web.servlet.support.SessionFlashMapManager&apos;
21:46:09.743 [main] DEBUG o.s.b.f.s.DefaultListableBeanFactory - Returning cached instance of singleton bean &apos;metaDataSourceAdvisor&apos;
21:46:09.743 [main] DEBUG o.s.b.f.s.DefaultListableBeanFactory - Finished creating instance of bean &apos;org.springframework.web.servlet.support.SessionFlashMapManager&apos;
21:46:09.743 [main] DEBUG o.s.t.w.s.TestDispatcherServlet - Unable to locate FlashMapManager with name &apos;flashMapManager&apos;: using default [org.springframework.web.servlet.support.SessionFlashMapManager@2b2d3732]
21:46:09.743 [main] DEBUG o.s.t.w.s.TestDispatcherServlet - Published WebApplicationContext of servlet &apos;&apos; as ServletContext attribute with name [org.springframework.web.servlet.FrameworkServlet.CONTEXT.]
21:46:09.743 [main] INFO  o.s.t.w.s.TestDispatcherServlet - FrameworkServlet &apos;&apos;: initialization completed in 18 ms
21:46:09.743 [main] DEBUG o.s.t.w.s.TestDispatcherServlet - Servlet &apos;&apos; configured successfully
21:46:09.775 [main] DEBUG o.s.t.w.s.TestDispatcherServlet - DispatcherServlet with name &apos;&apos; processing POST request for [/api/v1/icdcodes]
21:46:09.779 [main] DEBUG o.s.w.s.m.m.a.RequestMappingHandlerMapping - Looking up handler method for path /api/v1/icdcodes
21:46:09.786 [main] DEBUG o.s.w.s.m.m.a.RequestMappingHandlerMapping - Did not find handler method for [/api/v1/icdcodes]
21:46:09.786 [main] WARN  o.s.web.servlet.PageNotFound - No mapping found for HTTP request with URI [/api/v1/icdcodes] in DispatcherServlet with name &apos;&apos;
21:46:09.786 [main] DEBUG o.s.t.w.s.TestDispatcherServlet - Successfully completed request
21:46:09.786 [main] DEBUG o.s.b.f.s.DefaultListableBeanFactory - Returning cached instance of singleton bean &apos;loginAuditingListener&apos;
21:46:09.786 [main] DEBUG o.s.b.f.s.DefaultListableBeanFactory - Returning cached instance of singleton bean &apos;delegatingApplicationListener&apos;
21:46:09.791 [main] DEBUG o.s.t.c.s.AbstractDirtiesContextTestExecutionListener - After test method: context [DefaultTestContext@82de8d1 testClass = APIICDCodeTest, testInstance = edu.ncsu.csc.itrust2.apitest.APIICDCodeTest@1d30711e, testMethod = testCodeAPI@APIICDCodeTest, testException = java.lang.NullPointerException, mergedContextConfiguration = [WebMergedContextConfiguration@26cacb6e testClass = APIICDCodeTest, locations = &apos;{}&apos;, classes = &apos;{class edu.ncsu.csc.itrust2.config.RootConfiguration, class edu.ncsu.csc.itrust2.mvc.config.WebMvcConfiguration}&apos;, contextInitializerClasses = &apos;[]&apos;, activeProfiles = &apos;{}&apos;, propertySourceLocations = &apos;{}&apos;, propertySourceProperties = &apos;{}&apos;, contextCustomizers = set[[empty]], resourceBasePath = &apos;src/main/webapp&apos;, contextLoader = &apos;org.springframework.test.context.web.WebDelegatingSmartContextLoader&apos;, parent = [null]]], class annotated with @DirtiesContext [false] with mode [null], method annotated with @DirtiesContext [false] with mode [null].
21:46:09.791 [main] DEBUG o.s.t.c.w.ServletTestExecutionListener - Resetting RequestContextHolder for test context [DefaultTestContext@82de8d1 testClass = APIICDCodeTest, testInstance = edu.ncsu.csc.itrust2.apitest.APIICDCodeTest@1d30711e, testMethod = testCodeAPI@APIICDCodeTest, testException = java.lang.NullPointerException, mergedContextConfiguration = [WebMergedContextConfiguration@26cacb6e testClass = APIICDCodeTest, locations = &apos;{}&apos;, classes = &apos;{class edu.ncsu.csc.itrust2.config.RootConfiguration, class edu.ncsu.csc.itrust2.mvc.config.WebMvcConfiguration}&apos;, contextInitializerClasses = &apos;[]&apos;, activeProfiles = &apos;{}&apos;, propertySourceLocations = &apos;{}&apos;, propertySourceProperties = &apos;{}&apos;, contextCustomizers = set[[empty]], resourceBasePath = &apos;src/main/webapp&apos;, contextLoader = &apos;org.springframework.test.context.web.WebDelegatingSmartContextLoader&apos;, parent = [null]]].
</stdout>
          <failedSince>1</failedSince>
        </case>
      </cases>
    </suite>
    <suite>
      <file>/var/lib/jenkins/jobs/iTrust_Fuzzer/workspace/iTrust2/target/surefire-reports/TEST-edu.ncsu.csc.itrust2.apitest.APILogEntryTest.xml</file>
      <name>edu.ncsu.csc.itrust2.apitest.APILogEntryTest</name>
      <duration>0.001</duration>
      <time>0.001</time>
      <enclosingBlocks/>
      <enclosingBlockNames/>
      <cases>
        <case>
          <duration>0.0</duration>
          <className>edu.ncsu.csc.itrust2.apitest.APILogEntryTest</className>
          <testName>testLogByDateLarge</testName>
          <skipped>false</skipped>
          <errorStackTrace>java.lang.NoClassDefFoundError: Could not initialize class edu.ncsu.csc.itrust2.utils.HibernateUtil
	at edu.ncsu.csc.itrust2.apitest.APILogEntryTest.testLogByDateLarge(APILogEntryTest.java:78)
</errorStackTrace>
          <errorDetails>Could not initialize class edu.ncsu.csc.itrust2.utils.HibernateUtil</errorDetails>
          <stdout>21:46:10.211 [main] DEBUG o.s.t.c.j.SpringJUnit4ClassRunner - SpringJUnit4ClassRunner constructor called with [class edu.ncsu.csc.itrust2.apitest.APILogEntryTest]
21:46:10.211 [main] DEBUG o.s.test.context.BootstrapUtils - Instantiating CacheAwareContextLoaderDelegate from class [org.springframework.test.context.cache.DefaultCacheAwareContextLoaderDelegate]
21:46:10.211 [main] DEBUG o.s.test.context.BootstrapUtils - Instantiating BootstrapContext using constructor [public org.springframework.test.context.support.DefaultBootstrapContext(java.lang.Class,org.springframework.test.context.CacheAwareContextLoaderDelegate)]
21:46:10.211 [main] DEBUG o.s.test.context.BootstrapUtils - Instantiating TestContextBootstrapper for test class [edu.ncsu.csc.itrust2.apitest.APILogEntryTest] from class [org.springframework.test.context.web.WebTestContextBootstrapper]
21:46:10.212 [main] DEBUG o.s.t.c.s.AbstractDelegatingSmartContextLoader - Delegating to AnnotationConfigWebContextLoader to process context configuration [ContextConfigurationAttributes@7953145f declaringClass = &apos;edu.ncsu.csc.itrust2.apitest.APILogEntryTest&apos;, classes = &apos;{class edu.ncsu.csc.itrust2.config.RootConfiguration, class edu.ncsu.csc.itrust2.mvc.config.WebMvcConfiguration}&apos;, locations = &apos;{}&apos;, inheritLocations = true, initializers = &apos;{}&apos;, inheritInitializers = true, name = [null], contextLoaderClass = &apos;org.springframework.test.context.ContextLoader&apos;].
21:46:10.213 [main] DEBUG o.s.t.c.support.ActiveProfilesUtils - Could not find an &apos;annotation declaring class&apos; for annotation type [org.springframework.test.context.ActiveProfiles] and class [edu.ncsu.csc.itrust2.apitest.APILogEntryTest]
21:46:10.213 [main] DEBUG o.s.t.c.w.WebTestContextBootstrapper - @TestExecutionListeners is not present for class [edu.ncsu.csc.itrust2.apitest.APILogEntryTest]: using defaults.
21:46:10.214 [main] INFO  o.s.t.c.w.WebTestContextBootstrapper - Loaded default TestExecutionListener class names from location [META-INF/spring.factories]: [org.springframework.security.test.context.support.WithSecurityContextTestExecutionListener, org.springframework.test.context.web.ServletTestExecutionListener, org.springframework.test.context.support.DirtiesContextBeforeModesTestExecutionListener, org.springframework.test.context.support.DependencyInjectionTestExecutionListener, org.springframework.test.context.support.DirtiesContextTestExecutionListener, org.springframework.test.context.transaction.TransactionalTestExecutionListener, org.springframework.test.context.jdbc.SqlScriptsTestExecutionListener]
21:46:10.214 [main] INFO  o.s.t.c.w.WebTestContextBootstrapper - Using TestExecutionListeners: [org.springframework.test.context.web.ServletTestExecutionListener@3fe3fa69, org.springframework.test.context.support.DirtiesContextBeforeModesTestExecutionListener@5167eba7, org.springframework.test.context.support.DependencyInjectionTestExecutionListener@53758e21, org.springframework.test.context.support.DirtiesContextTestExecutionListener@43edb436, org.springframework.test.context.transaction.TransactionalTestExecutionListener@637d3e90, org.springframework.test.context.jdbc.SqlScriptsTestExecutionListener@da9cb8b, org.springframework.security.test.context.support.WithSecurityContextTestExecutionListener@72d24899]
21:46:10.214 [main] DEBUG o.s.t.annotation.ProfileValueUtils - Retrieved @ProfileValueSourceConfiguration [null] for test class [edu.ncsu.csc.itrust2.apitest.APILogEntryTest]
21:46:10.214 [main] DEBUG o.s.t.annotation.ProfileValueUtils - Retrieved ProfileValueSource type [class org.springframework.test.annotation.SystemProfileValueSource] for class [edu.ncsu.csc.itrust2.apitest.APILogEntryTest]
21:46:10.214 [main] DEBUG o.s.t.annotation.ProfileValueUtils - Retrieved @ProfileValueSourceConfiguration [null] for test class [edu.ncsu.csc.itrust2.apitest.APILogEntryTest]
21:46:10.214 [main] DEBUG o.s.t.annotation.ProfileValueUtils - Retrieved ProfileValueSource type [class org.springframework.test.annotation.SystemProfileValueSource] for class [edu.ncsu.csc.itrust2.apitest.APILogEntryTest]
21:46:10.214 [main] DEBUG o.s.t.annotation.ProfileValueUtils - Retrieved @ProfileValueSourceConfiguration [null] for test class [edu.ncsu.csc.itrust2.apitest.APILogEntryTest]
21:46:10.214 [main] DEBUG o.s.t.annotation.ProfileValueUtils - Retrieved ProfileValueSource type [class org.springframework.test.annotation.SystemProfileValueSource] for class [edu.ncsu.csc.itrust2.apitest.APILogEntryTest]
21:46:10.214 [main] DEBUG o.s.t.c.s.AbstractDirtiesContextTestExecutionListener - Before test class: context [DefaultTestContext@5cb00ef1 testClass = APILogEntryTest, testInstance = [null], testMethod = [null], testException = [null], mergedContextConfiguration = [WebMergedContextConfiguration@56333249 testClass = APILogEntryTest, locations = &apos;{}&apos;, classes = &apos;{class edu.ncsu.csc.itrust2.config.RootConfiguration, class edu.ncsu.csc.itrust2.mvc.config.WebMvcConfiguration}&apos;, contextInitializerClasses = &apos;[]&apos;, activeProfiles = &apos;{}&apos;, propertySourceLocations = &apos;{}&apos;, propertySourceProperties = &apos;{}&apos;, contextCustomizers = set[[empty]], resourceBasePath = &apos;src/main/webapp&apos;, contextLoader = &apos;org.springframework.test.context.web.WebDelegatingSmartContextLoader&apos;, parent = [null]]], class annotated with @DirtiesContext [false] with mode [null].
21:46:10.214 [main] DEBUG o.s.t.annotation.ProfileValueUtils - Retrieved @ProfileValueSourceConfiguration [null] for test class [edu.ncsu.csc.itrust2.apitest.APILogEntryTest]
21:46:10.214 [main] DEBUG o.s.t.annotation.ProfileValueUtils - Retrieved ProfileValueSource type [class org.springframework.test.annotation.SystemProfileValueSource] for class [edu.ncsu.csc.itrust2.apitest.APILogEntryTest]
21:46:10.214 [main] DEBUG o.s.t.c.c.DefaultCacheAwareContextLoaderDelegate - Retrieved ApplicationContext from cache with key [[WebMergedContextConfiguration@56333249 testClass = APILogEntryTest, locations = &apos;{}&apos;, classes = &apos;{class edu.ncsu.csc.itrust2.config.RootConfiguration, class edu.ncsu.csc.itrust2.mvc.config.WebMvcConfiguration}&apos;, contextInitializerClasses = &apos;[]&apos;, activeProfiles = &apos;{}&apos;, propertySourceLocations = &apos;{}&apos;, propertySourceProperties = &apos;{}&apos;, contextCustomizers = set[[empty]], resourceBasePath = &apos;src/main/webapp&apos;, contextLoader = &apos;org.springframework.test.context.web.WebDelegatingSmartContextLoader&apos;, parent = [null]]]
21:46:10.215 [main] DEBUG o.springframework.test.context.cache - Spring test ApplicationContext cache statistics: [DefaultContextCache@44f35879 size = 1, maxSize = 32, parentContextCount = 0, hitCount = 48, missCount = 1]
21:46:10.215 [main] DEBUG o.s.t.c.w.ServletTestExecutionListener - Setting up MockHttpServletRequest, MockHttpServletResponse, ServletWebRequest, and RequestContextHolder for test context [DefaultTestContext@5cb00ef1 testClass = APILogEntryTest, testInstance = edu.ncsu.csc.itrust2.apitest.APILogEntryTest@15855e97, testMethod = [null], testException = [null], mergedContextConfiguration = [WebMergedContextConfiguration@56333249 testClass = APILogEntryTest, locations = &apos;{}&apos;, classes = &apos;{class edu.ncsu.csc.itrust2.config.RootConfiguration, class edu.ncsu.csc.itrust2.mvc.config.WebMvcConfiguration}&apos;, contextInitializerClasses = &apos;[]&apos;, activeProfiles = &apos;{}&apos;, propertySourceLocations = &apos;{}&apos;, propertySourceProperties = &apos;{}&apos;, contextCustomizers = set[[empty]], resourceBasePath = &apos;src/main/webapp&apos;, contextLoader = &apos;org.springframework.test.context.web.WebDelegatingSmartContextLoader&apos;, parent = [null]]].
21:46:10.215 [main] DEBUG o.s.t.c.s.DependencyInjectionTestExecutionListener - Performing dependency injection for test context [[DefaultTestContext@5cb00ef1 testClass = APILogEntryTest, testInstance = edu.ncsu.csc.itrust2.apitest.APILogEntryTest@15855e97, testMethod = [null], testException = [null], mergedContextConfiguration = [WebMergedContextConfiguration@56333249 testClass = APILogEntryTest, locations = &apos;{}&apos;, classes = &apos;{class edu.ncsu.csc.itrust2.config.RootConfiguration, class edu.ncsu.csc.itrust2.mvc.config.WebMvcConfiguration}&apos;, contextInitializerClasses = &apos;[]&apos;, activeProfiles = &apos;{}&apos;, propertySourceLocations = &apos;{}&apos;, propertySourceProperties = &apos;{}&apos;, contextCustomizers = set[[empty]], resourceBasePath = &apos;src/main/webapp&apos;, contextLoader = &apos;org.springframework.test.context.web.WebDelegatingSmartContextLoader&apos;, parent = [null]]]].
21:46:10.215 [main] DEBUG o.s.t.c.c.DefaultCacheAwareContextLoaderDelegate - Retrieved ApplicationContext from cache with key [[WebMergedContextConfiguration@56333249 testClass = APILogEntryTest, locations = &apos;{}&apos;, classes = &apos;{class edu.ncsu.csc.itrust2.config.RootConfiguration, class edu.ncsu.csc.itrust2.mvc.config.WebMvcConfiguration}&apos;, contextInitializerClasses = &apos;[]&apos;, activeProfiles = &apos;{}&apos;, propertySourceLocations = &apos;{}&apos;, propertySourceProperties = &apos;{}&apos;, contextCustomizers = set[[empty]], resourceBasePath = &apos;src/main/webapp&apos;, contextLoader = &apos;org.springframework.test.context.web.WebDelegatingSmartContextLoader&apos;, parent = [null]]]
21:46:10.215 [main] DEBUG o.springframework.test.context.cache - Spring test ApplicationContext cache statistics: [DefaultContextCache@44f35879 size = 1, maxSize = 32, parentContextCount = 0, hitCount = 49, missCount = 1]
21:46:10.217 [main] DEBUG o.s.b.f.annotation.InjectionMetadata - Processing injected element of bean &apos;edu.ncsu.csc.itrust2.apitest.APILogEntryTest&apos;: AutowiredFieldElement for private org.springframework.web.context.WebApplicationContext edu.ncsu.csc.itrust2.apitest.APILogEntryTest.context
21:46:10.217 [main] DEBUG o.s.b.f.a.AutowiredAnnotationBeanPostProcessor - Autowiring by type from bean name &apos;edu.ncsu.csc.itrust2.apitest.APILogEntryTest&apos; to bean named &apos;org.springframework.web.context.support.GenericWebApplicationContext@25f7739c&apos;
21:46:10.217 [main] DEBUG o.s.b.f.s.DefaultListableBeanFactory - Returning cached instance of singleton bean &apos;metaDataSourceAdvisor&apos;
21:46:10.217 [main] DEBUG o.s.t.c.s.AbstractDirtiesContextTestExecutionListener - Before test method: context [DefaultTestContext@5cb00ef1 testClass = APILogEntryTest, testInstance = edu.ncsu.csc.itrust2.apitest.APILogEntryTest@15855e97, testMethod = testLogByDateLarge@APILogEntryTest, testException = [null], mergedContextConfiguration = [WebMergedContextConfiguration@56333249 testClass = APILogEntryTest, locations = &apos;{}&apos;, classes = &apos;{class edu.ncsu.csc.itrust2.config.RootConfiguration, class edu.ncsu.csc.itrust2.mvc.config.WebMvcConfiguration}&apos;, contextInitializerClasses = &apos;[]&apos;, activeProfiles = &apos;{}&apos;, propertySourceLocations = &apos;{}&apos;, propertySourceProperties = &apos;{}&apos;, contextCustomizers = set[[empty]], resourceBasePath = &apos;src/main/webapp&apos;, contextLoader = &apos;org.springframework.test.context.web.WebDelegatingSmartContextLoader&apos;, parent = [null]]], class annotated with @DirtiesContext [false] with mode [null], method annotated with @DirtiesContext [false] with mode [null].
21:46:10.218 [main] DEBUG o.s.t.c.c.DefaultCacheAwareContextLoaderDelegate - Retrieved ApplicationContext from cache with key [[WebMergedContextConfiguration@56333249 testClass = APILogEntryTest, locations = &apos;{}&apos;, classes = &apos;{class edu.ncsu.csc.itrust2.config.RootConfiguration, class edu.ncsu.csc.itrust2.mvc.config.WebMvcConfiguration}&apos;, contextInitializerClasses = &apos;[]&apos;, activeProfiles = &apos;{}&apos;, propertySourceLocations = &apos;{}&apos;, propertySourceProperties = &apos;{}&apos;, contextCustomizers = set[[empty]], resourceBasePath = &apos;src/main/webapp&apos;, contextLoader = &apos;org.springframework.test.context.web.WebDelegatingSmartContextLoader&apos;, parent = [null]]]
21:46:10.218 [main] DEBUG o.springframework.test.context.cache - Spring test ApplicationContext cache statistics: [DefaultContextCache@44f35879 size = 1, maxSize = 32, parentContextCount = 0, hitCount = 50, missCount = 1]
21:46:10.219 [main] DEBUG o.s.b.f.s.DefaultListableBeanFactory - Creating instance of bean &apos;org.springframework.security.test.context.support.WithMockUserSecurityContextFactory&apos;
21:46:10.219 [main] DEBUG o.s.b.f.s.DefaultListableBeanFactory - Finished creating instance of bean &apos;org.springframework.security.test.context.support.WithMockUserSecurityContextFactory&apos;
21:46:10.220 [main] DEBUG o.s.t.w.s.TestDispatcherServlet - Initializing servlet &apos;&apos;
21:46:10.220 [main] DEBUG o.s.w.c.s.StandardServletEnvironment - Adding [servletConfigInitParams] PropertySource with lowest search precedence
21:46:10.220 [main] DEBUG o.s.w.c.s.StandardServletEnvironment - Adding [servletContextInitParams] PropertySource with lowest search precedence
21:46:10.220 [main] DEBUG o.s.w.c.s.StandardServletEnvironment - Adding [systemProperties] PropertySource with lowest search precedence
21:46:10.220 [main] DEBUG o.s.w.c.s.StandardServletEnvironment - Adding [systemEnvironment] PropertySource with lowest search precedence
21:46:10.220 [main] DEBUG o.s.w.c.s.StandardServletEnvironment - Initialized StandardServletEnvironment with PropertySources [servletConfigInitParams,servletContextInitParams,systemProperties,systemEnvironment]
21:46:10.220 [main] INFO  o.s.mock.web.MockServletContext - Initializing Spring FrameworkServlet &apos;&apos;
21:46:10.220 [main] INFO  o.s.t.w.s.TestDispatcherServlet - FrameworkServlet &apos;&apos;: initialization started
21:46:10.220 [main] DEBUG o.s.t.w.s.TestDispatcherServlet - Unable to locate MultipartResolver with name &apos;multipartResolver&apos;: no multipart request handling provided
21:46:10.220 [main] DEBUG o.s.b.f.s.DefaultListableBeanFactory - Creating instance of bean &apos;org.springframework.web.servlet.i18n.AcceptHeaderLocaleResolver&apos;
21:46:10.224 [main] DEBUG o.s.b.f.s.DefaultListableBeanFactory - Finished creating instance of bean &apos;org.springframework.web.servlet.i18n.AcceptHeaderLocaleResolver&apos;
21:46:10.224 [main] DEBUG o.s.t.w.s.TestDispatcherServlet - Unable to locate LocaleResolver with name &apos;localeResolver&apos;: using default [org.springframework.web.servlet.i18n.AcceptHeaderLocaleResolver@29e815f7]
21:46:10.224 [main] DEBUG o.s.b.f.s.DefaultListableBeanFactory - Creating instance of bean &apos;org.springframework.web.servlet.theme.FixedThemeResolver&apos;
21:46:10.224 [main] DEBUG o.s.b.f.s.DefaultListableBeanFactory - Finished creating instance of bean &apos;org.springframework.web.servlet.theme.FixedThemeResolver&apos;
21:46:10.224 [main] DEBUG o.s.t.w.s.TestDispatcherServlet - Unable to locate ThemeResolver with name &apos;themeResolver&apos;: using default [org.springframework.web.servlet.theme.FixedThemeResolver@6686cbf9]
21:46:10.224 [main] DEBUG o.s.b.f.s.DefaultListableBeanFactory - Returning cached instance of singleton bean &apos;requestMappingHandlerMapping&apos;
21:46:10.224 [main] DEBUG o.s.b.f.s.DefaultListableBeanFactory - Returning cached instance of singleton bean &apos;viewControllerHandlerMapping&apos;
21:46:10.224 [main] DEBUG o.s.b.f.s.DefaultListableBeanFactory - Returning cached instance of singleton bean &apos;beanNameHandlerMapping&apos;
21:46:10.224 [main] DEBUG o.s.b.f.s.DefaultListableBeanFactory - Returning cached instance of singleton bean &apos;resourceHandlerMapping&apos;
21:46:10.224 [main] DEBUG o.s.b.f.s.DefaultListableBeanFactory - Returning cached instance of singleton bean &apos;defaultServletHandlerMapping&apos;
21:46:10.225 [main] DEBUG o.s.b.f.s.DefaultListableBeanFactory - Returning cached instance of singleton bean &apos;requestMappingHandlerAdapter&apos;
21:46:10.225 [main] DEBUG o.s.b.f.s.DefaultListableBeanFactory - Returning cached instance of singleton bean &apos;httpRequestHandlerAdapter&apos;
21:46:10.225 [main] DEBUG o.s.b.f.s.DefaultListableBeanFactory - Returning cached instance of singleton bean &apos;simpleControllerHandlerAdapter&apos;
21:46:10.225 [main] DEBUG o.s.b.f.s.DefaultListableBeanFactory - Returning cached instance of singleton bean &apos;handlerExceptionResolver&apos;
21:46:10.225 [main] DEBUG o.s.b.f.s.DefaultListableBeanFactory - Creating instance of bean &apos;org.springframework.web.servlet.view.DefaultRequestToViewNameTranslator&apos;
21:46:10.225 [main] DEBUG o.s.b.f.s.DefaultListableBeanFactory - Finished creating instance of bean &apos;org.springframework.web.servlet.view.DefaultRequestToViewNameTranslator&apos;
21:46:10.225 [main] DEBUG o.s.t.w.s.TestDispatcherServlet - Unable to locate RequestToViewNameTranslator with name &apos;viewNameTranslator&apos;: using default [org.springframework.web.servlet.view.DefaultRequestToViewNameTranslator@59c84058]
21:46:10.225 [main] DEBUG o.s.b.f.s.DefaultListableBeanFactory - Returning cached instance of singleton bean &apos;mvcViewResolver&apos;
21:46:10.225 [main] DEBUG o.s.b.f.s.DefaultListableBeanFactory - Returning cached instance of singleton bean &apos;viewResolver&apos;
21:46:10.226 [main] DEBUG o.s.b.f.s.DefaultListableBeanFactory - Creating instance of bean &apos;org.springframework.web.servlet.support.SessionFlashMapManager&apos;
21:46:10.226 [main] DEBUG o.s.b.f.s.DefaultListableBeanFactory - Finished creating instance of bean &apos;org.springframework.web.servlet.support.SessionFlashMapManager&apos;
21:46:10.226 [main] DEBUG o.s.t.w.s.TestDispatcherServlet - Unable to locate FlashMapManager with name &apos;flashMapManager&apos;: using default [org.springframework.web.servlet.support.SessionFlashMapManager@360543e5]
21:46:10.226 [main] DEBUG o.s.t.w.s.TestDispatcherServlet - Published WebApplicationContext of servlet &apos;&apos; as ServletContext attribute with name [org.springframework.web.servlet.FrameworkServlet.CONTEXT.]
21:46:10.226 [main] INFO  o.s.t.w.s.TestDispatcherServlet - FrameworkServlet &apos;&apos;: initialization completed in 6 ms
21:46:10.226 [main] DEBUG o.s.t.w.s.TestDispatcherServlet - Servlet &apos;&apos; configured successfully
21:46:10.226 [main] DEBUG o.s.t.c.s.AbstractDirtiesContextTestExecutionListener - After test method: context [DefaultTestContext@5cb00ef1 testClass = APILogEntryTest, testInstance = edu.ncsu.csc.itrust2.apitest.APILogEntryTest@15855e97, testMethod = testLogByDateLarge@APILogEntryTest, testException = java.lang.NoClassDefFoundError: Could not initialize class edu.ncsu.csc.itrust2.utils.HibernateUtil, mergedContextConfiguration = [WebMergedContextConfiguration@56333249 testClass = APILogEntryTest, locations = &apos;{}&apos;, classes = &apos;{class edu.ncsu.csc.itrust2.config.RootConfiguration, class edu.ncsu.csc.itrust2.mvc.config.WebMvcConfiguration}&apos;, contextInitializerClasses = &apos;[]&apos;, activeProfiles = &apos;{}&apos;, propertySourceLocations = &apos;{}&apos;, propertySourceProperties = &apos;{}&apos;, contextCustomizers = set[[empty]], resourceBasePath = &apos;src/main/webapp&apos;, contextLoader = &apos;org.springframework.test.context.web.WebDelegatingSmartContextLoader&apos;, parent = [null]]], class annotated with @DirtiesContext [false] with mode [null], method annotated with @DirtiesContext [false] with mode [null].
21:46:10.226 [main] DEBUG o.s.t.c.w.ServletTestExecutionListener - Resetting RequestContextHolder for test context [DefaultTestContext@5cb00ef1 testClass = APILogEntryTest, testInstance = edu.ncsu.csc.itrust2.apitest.APILogEntryTest@15855e97, testMethod = testLogByDateLarge@APILogEntryTest, testException = java.lang.NoClassDefFoundError: Could not initialize class edu.ncsu.csc.itrust2.utils.HibernateUtil, mergedContextConfiguration = [WebMergedContextConfiguration@56333249 testClass = APILogEntryTest, locations = &apos;{}&apos;, classes = &apos;{class edu.ncsu.csc.itrust2.config.RootConfiguration, class edu.ncsu.csc.itrust2.mvc.config.WebMvcConfiguration}&apos;, contextInitializerClasses = &apos;[]&apos;, activeProfiles = &apos;{}&apos;, propertySourceLocations = &apos;{}&apos;, propertySourceProperties = &apos;{}&apos;, contextCustomizers = set[[empty]], resourceBasePath = &apos;src/main/webapp&apos;, contextLoader = &apos;org.springframework.test.context.web.WebDelegatingSmartContextLoader&apos;, parent = [null]]].
</stdout>
          <failedSince>1</failedSince>
        </case>
        <case>
          <duration>0.0</duration>
          <className>edu.ncsu.csc.itrust2.apitest.APILogEntryTest</className>
          <testName>testLogByDate</testName>
          <skipped>false</skipped>
          <errorStackTrace>java.lang.AssertionError: Status expected:&lt;200&gt; but was:&lt;404&gt;
	at edu.ncsu.csc.itrust2.apitest.APILogEntryTest.testLogByDate(APILogEntryTest.java:69)
</errorStackTrace>
          <errorDetails>Status expected:&lt;200&gt; but was:&lt;404&gt;</errorDetails>
          <stdout>21:46:10.227 [main] DEBUG o.s.t.annotation.ProfileValueUtils - Retrieved @ProfileValueSourceConfiguration [null] for test class [edu.ncsu.csc.itrust2.apitest.APILogEntryTest]
21:46:10.227 [main] DEBUG o.s.t.annotation.ProfileValueUtils - Retrieved ProfileValueSource type [class org.springframework.test.annotation.SystemProfileValueSource] for class [edu.ncsu.csc.itrust2.apitest.APILogEntryTest]
21:46:10.227 [main] DEBUG o.s.t.c.c.DefaultCacheAwareContextLoaderDelegate - Retrieved ApplicationContext from cache with key [[WebMergedContextConfiguration@56333249 testClass = APILogEntryTest, locations = &apos;{}&apos;, classes = &apos;{class edu.ncsu.csc.itrust2.config.RootConfiguration, class edu.ncsu.csc.itrust2.mvc.config.WebMvcConfiguration}&apos;, contextInitializerClasses = &apos;[]&apos;, activeProfiles = &apos;{}&apos;, propertySourceLocations = &apos;{}&apos;, propertySourceProperties = &apos;{}&apos;, contextCustomizers = set[[empty]], resourceBasePath = &apos;src/main/webapp&apos;, contextLoader = &apos;org.springframework.test.context.web.WebDelegatingSmartContextLoader&apos;, parent = [null]]]
21:46:10.227 [main] DEBUG o.springframework.test.context.cache - Spring test ApplicationContext cache statistics: [DefaultContextCache@44f35879 size = 1, maxSize = 32, parentContextCount = 0, hitCount = 51, missCount = 1]
21:46:10.228 [main] DEBUG o.s.t.c.w.ServletTestExecutionListener - Setting up MockHttpServletRequest, MockHttpServletResponse, ServletWebRequest, and RequestContextHolder for test context [DefaultTestContext@5cb00ef1 testClass = APILogEntryTest, testInstance = edu.ncsu.csc.itrust2.apitest.APILogEntryTest@5f2bbf7f, testMethod = [null], testException = [null], mergedContextConfiguration = [WebMergedContextConfiguration@56333249 testClass = APILogEntryTest, locations = &apos;{}&apos;, classes = &apos;{class edu.ncsu.csc.itrust2.config.RootConfiguration, class edu.ncsu.csc.itrust2.mvc.config.WebMvcConfiguration}&apos;, contextInitializerClasses = &apos;[]&apos;, activeProfiles = &apos;{}&apos;, propertySourceLocations = &apos;{}&apos;, propertySourceProperties = &apos;{}&apos;, contextCustomizers = set[[empty]], resourceBasePath = &apos;src/main/webapp&apos;, contextLoader = &apos;org.springframework.test.context.web.WebDelegatingSmartContextLoader&apos;, parent = [null]]].
21:46:10.228 [main] DEBUG o.s.t.c.s.DependencyInjectionTestExecutionListener - Performing dependency injection for test context [[DefaultTestContext@5cb00ef1 testClass = APILogEntryTest, testInstance = edu.ncsu.csc.itrust2.apitest.APILogEntryTest@5f2bbf7f, testMethod = [null], testException = [null], mergedContextConfiguration = [WebMergedContextConfiguration@56333249 testClass = APILogEntryTest, locations = &apos;{}&apos;, classes = &apos;{class edu.ncsu.csc.itrust2.config.RootConfiguration, class edu.ncsu.csc.itrust2.mvc.config.WebMvcConfiguration}&apos;, contextInitializerClasses = &apos;[]&apos;, activeProfiles = &apos;{}&apos;, propertySourceLocations = &apos;{}&apos;, propertySourceProperties = &apos;{}&apos;, contextCustomizers = set[[empty]], resourceBasePath = &apos;src/main/webapp&apos;, contextLoader = &apos;org.springframework.test.context.web.WebDelegatingSmartContextLoader&apos;, parent = [null]]]].
21:46:10.228 [main] DEBUG o.s.t.c.c.DefaultCacheAwareContextLoaderDelegate - Retrieved ApplicationContext from cache with key [[WebMergedContextConfiguration@56333249 testClass = APILogEntryTest, locations = &apos;{}&apos;, classes = &apos;{class edu.ncsu.csc.itrust2.config.RootConfiguration, class edu.ncsu.csc.itrust2.mvc.config.WebMvcConfiguration}&apos;, contextInitializerClasses = &apos;[]&apos;, activeProfiles = &apos;{}&apos;, propertySourceLocations = &apos;{}&apos;, propertySourceProperties = &apos;{}&apos;, contextCustomizers = set[[empty]], resourceBasePath = &apos;src/main/webapp&apos;, contextLoader = &apos;org.springframework.test.context.web.WebDelegatingSmartContextLoader&apos;, parent = [null]]]
21:46:10.228 [main] DEBUG o.springframework.test.context.cache - Spring test ApplicationContext cache statistics: [DefaultContextCache@44f35879 size = 1, maxSize = 32, parentContextCount = 0, hitCount = 52, missCount = 1]
21:46:10.228 [main] DEBUG o.s.b.f.annotation.InjectionMetadata - Processing injected element of bean &apos;edu.ncsu.csc.itrust2.apitest.APILogEntryTest&apos;: AutowiredFieldElement for private org.springframework.web.context.WebApplicationContext edu.ncsu.csc.itrust2.apitest.APILogEntryTest.context
21:46:10.229 [main] DEBUG o.s.t.c.s.AbstractDirtiesContextTestExecutionListener - Before test method: context [DefaultTestContext@5cb00ef1 testClass = APILogEntryTest, testInstance = edu.ncsu.csc.itrust2.apitest.APILogEntryTest@5f2bbf7f, testMethod = testLogByDate@APILogEntryTest, testException = [null], mergedContextConfiguration = [WebMergedContextConfiguration@56333249 testClass = APILogEntryTest, locations = &apos;{}&apos;, classes = &apos;{class edu.ncsu.csc.itrust2.config.RootConfiguration, class edu.ncsu.csc.itrust2.mvc.config.WebMvcConfiguration}&apos;, contextInitializerClasses = &apos;[]&apos;, activeProfiles = &apos;{}&apos;, propertySourceLocations = &apos;{}&apos;, propertySourceProperties = &apos;{}&apos;, contextCustomizers = set[[empty]], resourceBasePath = &apos;src/main/webapp&apos;, contextLoader = &apos;org.springframework.test.context.web.WebDelegatingSmartContextLoader&apos;, parent = [null]]], class annotated with @DirtiesContext [false] with mode [null], method annotated with @DirtiesContext [false] with mode [null].
21:46:10.229 [main] DEBUG o.s.t.c.c.DefaultCacheAwareContextLoaderDelegate - Retrieved ApplicationContext from cache with key [[WebMergedContextConfiguration@56333249 testClass = APILogEntryTest, locations = &apos;{}&apos;, classes = &apos;{class edu.ncsu.csc.itrust2.config.RootConfiguration, class edu.ncsu.csc.itrust2.mvc.config.WebMvcConfiguration}&apos;, contextInitializerClasses = &apos;[]&apos;, activeProfiles = &apos;{}&apos;, propertySourceLocations = &apos;{}&apos;, propertySourceProperties = &apos;{}&apos;, contextCustomizers = set[[empty]], resourceBasePath = &apos;src/main/webapp&apos;, contextLoader = &apos;org.springframework.test.context.web.WebDelegatingSmartContextLoader&apos;, parent = [null]]]
21:46:10.229 [main] DEBUG o.springframework.test.context.cache - Spring test ApplicationContext cache statistics: [DefaultContextCache@44f35879 size = 1, maxSize = 32, parentContextCount = 0, hitCount = 53, missCount = 1]
21:46:10.229 [main] DEBUG o.s.b.f.s.DefaultListableBeanFactory - Creating instance of bean &apos;org.springframework.security.test.context.support.WithMockUserSecurityContextFactory&apos;
21:46:10.230 [main] DEBUG o.s.b.f.s.DefaultListableBeanFactory - Finished creating instance of bean &apos;org.springframework.security.test.context.support.WithMockUserSecurityContextFactory&apos;
21:46:10.230 [main] DEBUG o.s.t.w.s.TestDispatcherServlet - Initializing servlet &apos;&apos;
21:46:10.230 [main] DEBUG o.s.w.c.s.StandardServletEnvironment - Adding [servletConfigInitParams] PropertySource with lowest search precedence
21:46:10.230 [main] DEBUG o.s.w.c.s.StandardServletEnvironment - Adding [servletContextInitParams] PropertySource with lowest search precedence
21:46:10.230 [main] DEBUG o.s.w.c.s.StandardServletEnvironment - Adding [systemProperties] PropertySource with lowest search precedence
21:46:10.230 [main] DEBUG o.s.w.c.s.StandardServletEnvironment - Adding [systemEnvironment] PropertySource with lowest search precedence
21:46:10.230 [main] DEBUG o.s.w.c.s.StandardServletEnvironment - Initialized StandardServletEnvironment with PropertySources [servletConfigInitParams,servletContextInitParams,systemProperties,systemEnvironment]
21:46:10.230 [main] INFO  o.s.mock.web.MockServletContext - Initializing Spring FrameworkServlet &apos;&apos;
21:46:10.230 [main] INFO  o.s.t.w.s.TestDispatcherServlet - FrameworkServlet &apos;&apos;: initialization started
21:46:10.230 [main] DEBUG o.s.t.w.s.TestDispatcherServlet - Unable to locate MultipartResolver with name &apos;multipartResolver&apos;: no multipart request handling provided
21:46:10.231 [main] DEBUG o.s.b.f.s.DefaultListableBeanFactory - Creating instance of bean &apos;org.springframework.web.servlet.i18n.AcceptHeaderLocaleResolver&apos;
21:46:10.232 [main] DEBUG o.s.b.f.s.DefaultListableBeanFactory - Finished creating instance of bean &apos;org.springframework.web.servlet.i18n.AcceptHeaderLocaleResolver&apos;
21:46:10.232 [main] DEBUG o.s.t.w.s.TestDispatcherServlet - Unable to locate LocaleResolver with name &apos;localeResolver&apos;: using default [org.springframework.web.servlet.i18n.AcceptHeaderLocaleResolver@1473355c]
21:46:10.232 [main] DEBUG o.s.b.f.s.DefaultListableBeanFactory - Creating instance of bean &apos;org.springframework.web.servlet.theme.FixedThemeResolver&apos;
21:46:10.233 [main] DEBUG o.s.b.f.s.DefaultListableBeanFactory - Finished creating instance of bean &apos;org.springframework.web.servlet.theme.FixedThemeResolver&apos;
21:46:10.233 [main] DEBUG o.s.t.w.s.TestDispatcherServlet - Unable to locate ThemeResolver with name &apos;themeResolver&apos;: using default [org.springframework.web.servlet.theme.FixedThemeResolver@8f5565c]
21:46:10.233 [main] DEBUG o.s.b.f.s.DefaultListableBeanFactory - Returning cached instance of singleton bean &apos;requestMappingHandlerMapping&apos;
21:46:10.233 [main] DEBUG o.s.b.f.s.DefaultListableBeanFactory - Returning cached instance of singleton bean &apos;viewControllerHandlerMapping&apos;
21:46:10.233 [main] DEBUG o.s.b.f.s.DefaultListableBeanFactory - Returning cached instance of singleton bean &apos;beanNameHandlerMapping&apos;
21:46:10.233 [main] DEBUG o.s.b.f.s.DefaultListableBeanFactory - Returning cached instance of singleton bean &apos;resourceHandlerMapping&apos;
21:46:10.233 [main] DEBUG o.s.b.f.s.DefaultListableBeanFactory - Returning cached instance of singleton bean &apos;defaultServletHandlerMapping&apos;
21:46:10.233 [main] DEBUG o.s.b.f.s.DefaultListableBeanFactory - Returning cached instance of singleton bean &apos;requestMappingHandlerAdapter&apos;
21:46:10.233 [main] DEBUG o.s.b.f.s.DefaultListableBeanFactory - Returning cached instance of singleton bean &apos;httpRequestHandlerAdapter&apos;
21:46:10.233 [main] DEBUG o.s.b.f.s.DefaultListableBeanFactory - Returning cached instance of singleton bean &apos;simpleControllerHandlerAdapter&apos;
21:46:10.233 [main] DEBUG o.s.b.f.s.DefaultListableBeanFactory - Returning cached instance of singleton bean &apos;handlerExceptionResolver&apos;
21:46:10.233 [main] DEBUG o.s.b.f.s.DefaultListableBeanFactory - Creating instance of bean &apos;org.springframework.web.servlet.view.DefaultRequestToViewNameTranslator&apos;
21:46:10.238 [main] DEBUG o.s.b.f.s.DefaultListableBeanFactory - Finished creating instance of bean &apos;org.springframework.web.servlet.view.DefaultRequestToViewNameTranslator&apos;
21:46:10.238 [main] DEBUG o.s.t.w.s.TestDispatcherServlet - Unable to locate RequestToViewNameTranslator with name &apos;viewNameTranslator&apos;: using default [org.springframework.web.servlet.view.DefaultRequestToViewNameTranslator@aa7c07a]
21:46:10.238 [main] DEBUG o.s.b.f.s.DefaultListableBeanFactory - Returning cached instance of singleton bean &apos;mvcViewResolver&apos;
21:46:10.238 [main] DEBUG o.s.b.f.s.DefaultListableBeanFactory - Returning cached instance of singleton bean &apos;viewResolver&apos;
21:46:10.238 [main] DEBUG o.s.b.f.s.DefaultListableBeanFactory - Creating instance of bean &apos;org.springframework.web.servlet.support.SessionFlashMapManager&apos;
21:46:10.238 [main] DEBUG o.s.b.f.s.DefaultListableBeanFactory - Finished creating instance of bean &apos;org.springframework.web.servlet.support.SessionFlashMapManager&apos;
21:46:10.238 [main] DEBUG o.s.t.w.s.TestDispatcherServlet - Unable to locate FlashMapManager with name &apos;flashMapManager&apos;: using default [org.springframework.web.servlet.support.SessionFlashMapManager@166a7e30]
21:46:10.238 [main] DEBUG o.s.t.w.s.TestDispatcherServlet - Published WebApplicationContext of servlet &apos;&apos; as ServletContext attribute with name [org.springframework.web.servlet.FrameworkServlet.CONTEXT.]
21:46:10.238 [main] INFO  o.s.t.w.s.TestDispatcherServlet - FrameworkServlet &apos;&apos;: initialization completed in 8 ms
21:46:10.238 [main] DEBUG o.s.t.w.s.TestDispatcherServlet - Servlet &apos;&apos; configured successfully
21:46:10.239 [main] DEBUG o.s.t.w.s.TestDispatcherServlet - DispatcherServlet with name &apos;&apos; processing POST request for [/api/v1/logentries/range]
21:46:10.240 [main] DEBUG o.s.w.s.m.m.a.RequestMappingHandlerMapping - Looking up handler method for path /api/v1/logentries/range
21:46:10.241 [main] DEBUG o.s.w.s.m.m.a.RequestMappingHandlerMapping - Did not find handler method for [/api/v1/logentries/range]
21:46:10.241 [main] WARN  o.s.web.servlet.PageNotFound - No mapping found for HTTP request with URI [/api/v1/logentries/range] in DispatcherServlet with name &apos;&apos;
21:46:10.241 [main] DEBUG o.s.t.w.s.TestDispatcherServlet - Successfully completed request
21:46:10.241 [main] DEBUG o.s.t.c.s.AbstractDirtiesContextTestExecutionListener - After test method: context [DefaultTestContext@5cb00ef1 testClass = APILogEntryTest, testInstance = edu.ncsu.csc.itrust2.apitest.APILogEntryTest@5f2bbf7f, testMethod = testLogByDate@APILogEntryTest, testException = java.lang.AssertionError: Status expected:&lt;200&gt; but was:&lt;404&gt;, mergedContextConfiguration = [WebMergedContextConfiguration@56333249 testClass = APILogEntryTest, locations = &apos;{}&apos;, classes = &apos;{class edu.ncsu.csc.itrust2.config.RootConfiguration, class edu.ncsu.csc.itrust2.mvc.config.WebMvcConfiguration}&apos;, contextInitializerClasses = &apos;[]&apos;, activeProfiles = &apos;{}&apos;, propertySourceLocations = &apos;{}&apos;, propertySourceProperties = &apos;{}&apos;, contextCustomizers = set[[empty]], resourceBasePath = &apos;src/main/webapp&apos;, contextLoader = &apos;org.springframework.test.context.web.WebDelegatingSmartContextLoader&apos;, parent = [null]]], class annotated with @DirtiesContext [false] with mode [null], method annotated with @DirtiesContext [false] with mode [null].
21:46:10.241 [main] DEBUG o.s.t.c.w.ServletTestExecutionListener - Resetting RequestContextHolder for test context [DefaultTestContext@5cb00ef1 testClass = APILogEntryTest, testInstance = edu.ncsu.csc.itrust2.apitest.APILogEntryTest@5f2bbf7f, testMethod = testLogByDate@APILogEntryTest, testException = java.lang.AssertionError: Status expected:&lt;200&gt; but was:&lt;404&gt;, mergedContextConfiguration = [WebMergedContextConfiguration@56333249 testClass = APILogEntryTest, locations = &apos;{}&apos;, classes = &apos;{class edu.ncsu.csc.itrust2.config.RootConfiguration, class edu.ncsu.csc.itrust2.mvc.config.WebMvcConfiguration}&apos;, contextInitializerClasses = &apos;[]&apos;, activeProfiles = &apos;{}&apos;, propertySourceLocations = &apos;{}&apos;, propertySourceProperties = &apos;{}&apos;, contextCustomizers = set[[empty]], resourceBasePath = &apos;src/main/webapp&apos;, contextLoader = &apos;org.springframework.test.context.web.WebDelegatingSmartContextLoader&apos;, parent = [null]]].
</stdout>
          <failedSince>1</failedSince>
        </case>
      </cases>
    </suite>
    <suite>
      <file>/var/lib/jenkins/jobs/iTrust_Fuzzer/workspace/iTrust2/target/surefire-reports/TEST-edu.ncsu.csc.itrust2.apitest.APIOfficeVisitTest.xml</file>
      <name>edu.ncsu.csc.itrust2.apitest.APIOfficeVisitTest</name>
      <duration>0.001</duration>
      <time>0.001</time>
      <enclosingBlocks/>
      <enclosingBlockNames/>
      <cases>
        <case>
          <duration>0.0</duration>
          <className>edu.ncsu.csc.itrust2.apitest.APIOfficeVisitTest</className>
          <testName>testDeleteNonExistentOfficeVisit</testName>
          <skipped>false</skipped>
          <errorStackTrace>java.lang.NoClassDefFoundError: Could not initialize class edu.ncsu.csc.itrust2.utils.HibernateUtil
	at edu.ncsu.csc.itrust2.apitest.APIOfficeVisitTest.setup(APIOfficeVisitTest.java:73)
</errorStackTrace>
          <errorDetails>Could not initialize class edu.ncsu.csc.itrust2.utils.HibernateUtil</errorDetails>
          <stdout>21:46:10.110 [main] DEBUG o.s.t.c.j.SpringJUnit4ClassRunner - SpringJUnit4ClassRunner constructor called with [class edu.ncsu.csc.itrust2.apitest.APIOfficeVisitTest]
21:46:10.110 [main] DEBUG o.s.test.context.BootstrapUtils - Instantiating CacheAwareContextLoaderDelegate from class [org.springframework.test.context.cache.DefaultCacheAwareContextLoaderDelegate]
21:46:10.110 [main] DEBUG o.s.test.context.BootstrapUtils - Instantiating BootstrapContext using constructor [public org.springframework.test.context.support.DefaultBootstrapContext(java.lang.Class,org.springframework.test.context.CacheAwareContextLoaderDelegate)]
21:46:10.111 [main] DEBUG o.s.test.context.BootstrapUtils - Instantiating TestContextBootstrapper for test class [edu.ncsu.csc.itrust2.apitest.APIOfficeVisitTest] from class [org.springframework.test.context.web.WebTestContextBootstrapper]
21:46:10.111 [main] DEBUG o.s.t.c.s.AbstractDelegatingSmartContextLoader - Delegating to AnnotationConfigWebContextLoader to process context configuration [ContextConfigurationAttributes@39448700 declaringClass = &apos;edu.ncsu.csc.itrust2.apitest.APIOfficeVisitTest&apos;, classes = &apos;{class edu.ncsu.csc.itrust2.config.RootConfiguration, class edu.ncsu.csc.itrust2.mvc.config.WebMvcConfiguration}&apos;, locations = &apos;{}&apos;, inheritLocations = true, initializers = &apos;{}&apos;, inheritInitializers = true, name = [null], contextLoaderClass = &apos;org.springframework.test.context.ContextLoader&apos;].
21:46:10.112 [main] DEBUG o.s.t.c.support.ActiveProfilesUtils - Could not find an &apos;annotation declaring class&apos; for annotation type [org.springframework.test.context.ActiveProfiles] and class [edu.ncsu.csc.itrust2.apitest.APIOfficeVisitTest]
21:46:10.112 [main] DEBUG o.s.t.c.w.WebTestContextBootstrapper - @TestExecutionListeners is not present for class [edu.ncsu.csc.itrust2.apitest.APIOfficeVisitTest]: using defaults.
21:46:10.113 [main] INFO  o.s.t.c.w.WebTestContextBootstrapper - Loaded default TestExecutionListener class names from location [META-INF/spring.factories]: [org.springframework.security.test.context.support.WithSecurityContextTestExecutionListener, org.springframework.test.context.web.ServletTestExecutionListener, org.springframework.test.context.support.DirtiesContextBeforeModesTestExecutionListener, org.springframework.test.context.support.DependencyInjectionTestExecutionListener, org.springframework.test.context.support.DirtiesContextTestExecutionListener, org.springframework.test.context.transaction.TransactionalTestExecutionListener, org.springframework.test.context.jdbc.SqlScriptsTestExecutionListener]
21:46:10.113 [main] INFO  o.s.t.c.w.WebTestContextBootstrapper - Using TestExecutionListeners: [org.springframework.test.context.web.ServletTestExecutionListener@5fe27fd1, org.springframework.test.context.support.DirtiesContextBeforeModesTestExecutionListener@93686b5, org.springframework.test.context.support.DependencyInjectionTestExecutionListener@4939d03a, org.springframework.test.context.support.DirtiesContextTestExecutionListener@7f6a217f, org.springframework.test.context.transaction.TransactionalTestExecutionListener@33bad5b4, org.springframework.test.context.jdbc.SqlScriptsTestExecutionListener@e04fe58, org.springframework.security.test.context.support.WithSecurityContextTestExecutionListener@9bb57a2]
21:46:10.113 [main] DEBUG o.s.t.annotation.ProfileValueUtils - Retrieved @ProfileValueSourceConfiguration [null] for test class [edu.ncsu.csc.itrust2.apitest.APIOfficeVisitTest]
21:46:10.113 [main] DEBUG o.s.t.annotation.ProfileValueUtils - Retrieved ProfileValueSource type [class org.springframework.test.annotation.SystemProfileValueSource] for class [edu.ncsu.csc.itrust2.apitest.APIOfficeVisitTest]
21:46:10.113 [main] DEBUG o.s.t.annotation.ProfileValueUtils - Retrieved @ProfileValueSourceConfiguration [null] for test class [edu.ncsu.csc.itrust2.apitest.APIOfficeVisitTest]
21:46:10.113 [main] DEBUG o.s.t.annotation.ProfileValueUtils - Retrieved ProfileValueSource type [class org.springframework.test.annotation.SystemProfileValueSource] for class [edu.ncsu.csc.itrust2.apitest.APIOfficeVisitTest]
21:46:10.113 [main] DEBUG o.s.t.annotation.ProfileValueUtils - Retrieved @ProfileValueSourceConfiguration [null] for test class [edu.ncsu.csc.itrust2.apitest.APIOfficeVisitTest]
21:46:10.113 [main] DEBUG o.s.t.annotation.ProfileValueUtils - Retrieved ProfileValueSource type [class org.springframework.test.annotation.SystemProfileValueSource] for class [edu.ncsu.csc.itrust2.apitest.APIOfficeVisitTest]
21:46:10.113 [main] DEBUG o.s.t.c.s.AbstractDirtiesContextTestExecutionListener - Before test class: context [DefaultTestContext@2774fe33 testClass = APIOfficeVisitTest, testInstance = [null], testMethod = [null], testException = [null], mergedContextConfiguration = [WebMergedContextConfiguration@4286981c testClass = APIOfficeVisitTest, locations = &apos;{}&apos;, classes = &apos;{class edu.ncsu.csc.itrust2.config.RootConfiguration, class edu.ncsu.csc.itrust2.mvc.config.WebMvcConfiguration}&apos;, contextInitializerClasses = &apos;[]&apos;, activeProfiles = &apos;{}&apos;, propertySourceLocations = &apos;{}&apos;, propertySourceProperties = &apos;{}&apos;, contextCustomizers = set[[empty]], resourceBasePath = &apos;src/main/webapp&apos;, contextLoader = &apos;org.springframework.test.context.web.WebDelegatingSmartContextLoader&apos;, parent = [null]]], class annotated with @DirtiesContext [false] with mode [null].
21:46:10.114 [main] DEBUG o.s.t.annotation.ProfileValueUtils - Retrieved @ProfileValueSourceConfiguration [null] for test class [edu.ncsu.csc.itrust2.apitest.APIOfficeVisitTest]
21:46:10.114 [main] DEBUG o.s.t.annotation.ProfileValueUtils - Retrieved ProfileValueSource type [class org.springframework.test.annotation.SystemProfileValueSource] for class [edu.ncsu.csc.itrust2.apitest.APIOfficeVisitTest]
21:46:10.114 [main] DEBUG o.s.t.c.c.DefaultCacheAwareContextLoaderDelegate - Retrieved ApplicationContext from cache with key [[WebMergedContextConfiguration@4286981c testClass = APIOfficeVisitTest, locations = &apos;{}&apos;, classes = &apos;{class edu.ncsu.csc.itrust2.config.RootConfiguration, class edu.ncsu.csc.itrust2.mvc.config.WebMvcConfiguration}&apos;, contextInitializerClasses = &apos;[]&apos;, activeProfiles = &apos;{}&apos;, propertySourceLocations = &apos;{}&apos;, propertySourceProperties = &apos;{}&apos;, contextCustomizers = set[[empty]], resourceBasePath = &apos;src/main/webapp&apos;, contextLoader = &apos;org.springframework.test.context.web.WebDelegatingSmartContextLoader&apos;, parent = [null]]]
21:46:10.114 [main] DEBUG o.springframework.test.context.cache - Spring test ApplicationContext cache statistics: [DefaultContextCache@44f35879 size = 1, maxSize = 32, parentContextCount = 0, hitCount = 27, missCount = 1]
21:46:10.114 [main] DEBUG o.s.t.c.w.ServletTestExecutionListener - Setting up MockHttpServletRequest, MockHttpServletResponse, ServletWebRequest, and RequestContextHolder for test context [DefaultTestContext@2774fe33 testClass = APIOfficeVisitTest, testInstance = edu.ncsu.csc.itrust2.apitest.APIOfficeVisitTest@6bd9482a, testMethod = [null], testException = [null], mergedContextConfiguration = [WebMergedContextConfiguration@4286981c testClass = APIOfficeVisitTest, locations = &apos;{}&apos;, classes = &apos;{class edu.ncsu.csc.itrust2.config.RootConfiguration, class edu.ncsu.csc.itrust2.mvc.config.WebMvcConfiguration}&apos;, contextInitializerClasses = &apos;[]&apos;, activeProfiles = &apos;{}&apos;, propertySourceLocations = &apos;{}&apos;, propertySourceProperties = &apos;{}&apos;, contextCustomizers = set[[empty]], resourceBasePath = &apos;src/main/webapp&apos;, contextLoader = &apos;org.springframework.test.context.web.WebDelegatingSmartContextLoader&apos;, parent = [null]]].
21:46:10.114 [main] DEBUG o.s.t.c.s.DependencyInjectionTestExecutionListener - Performing dependency injection for test context [[DefaultTestContext@2774fe33 testClass = APIOfficeVisitTest, testInstance = edu.ncsu.csc.itrust2.apitest.APIOfficeVisitTest@6bd9482a, testMethod = [null], testException = [null], mergedContextConfiguration = [WebMergedContextConfiguration@4286981c testClass = APIOfficeVisitTest, locations = &apos;{}&apos;, classes = &apos;{class edu.ncsu.csc.itrust2.config.RootConfiguration, class edu.ncsu.csc.itrust2.mvc.config.WebMvcConfiguration}&apos;, contextInitializerClasses = &apos;[]&apos;, activeProfiles = &apos;{}&apos;, propertySourceLocations = &apos;{}&apos;, propertySourceProperties = &apos;{}&apos;, contextCustomizers = set[[empty]], resourceBasePath = &apos;src/main/webapp&apos;, contextLoader = &apos;org.springframework.test.context.web.WebDelegatingSmartContextLoader&apos;, parent = [null]]]].
21:46:10.114 [main] DEBUG o.s.t.c.c.DefaultCacheAwareContextLoaderDelegate - Retrieved ApplicationContext from cache with key [[WebMergedContextConfiguration@4286981c testClass = APIOfficeVisitTest, locations = &apos;{}&apos;, classes = &apos;{class edu.ncsu.csc.itrust2.config.RootConfiguration, class edu.ncsu.csc.itrust2.mvc.config.WebMvcConfiguration}&apos;, contextInitializerClasses = &apos;[]&apos;, activeProfiles = &apos;{}&apos;, propertySourceLocations = &apos;{}&apos;, propertySourceProperties = &apos;{}&apos;, contextCustomizers = set[[empty]], resourceBasePath = &apos;src/main/webapp&apos;, contextLoader = &apos;org.springframework.test.context.web.WebDelegatingSmartContextLoader&apos;, parent = [null]]]
21:46:10.114 [main] DEBUG o.springframework.test.context.cache - Spring test ApplicationContext cache statistics: [DefaultContextCache@44f35879 size = 1, maxSize = 32, parentContextCount = 0, hitCount = 28, missCount = 1]
21:46:10.115 [main] DEBUG o.s.b.f.annotation.InjectionMetadata - Processing injected element of bean &apos;edu.ncsu.csc.itrust2.apitest.APIOfficeVisitTest&apos;: AutowiredFieldElement for private org.springframework.web.context.WebApplicationContext edu.ncsu.csc.itrust2.apitest.APIOfficeVisitTest.context
21:46:10.115 [main] DEBUG o.s.b.f.a.AutowiredAnnotationBeanPostProcessor - Autowiring by type from bean name &apos;edu.ncsu.csc.itrust2.apitest.APIOfficeVisitTest&apos; to bean named &apos;org.springframework.web.context.support.GenericWebApplicationContext@25f7739c&apos;
21:46:10.115 [main] DEBUG o.s.b.f.s.DefaultListableBeanFactory - Returning cached instance of singleton bean &apos;metaDataSourceAdvisor&apos;
21:46:10.116 [main] DEBUG o.s.t.c.s.AbstractDirtiesContextTestExecutionListener - Before test method: context [DefaultTestContext@2774fe33 testClass = APIOfficeVisitTest, testInstance = edu.ncsu.csc.itrust2.apitest.APIOfficeVisitTest@6bd9482a, testMethod = testDeleteNonExistentOfficeVisit@APIOfficeVisitTest, testException = [null], mergedContextConfiguration = [WebMergedContextConfiguration@4286981c testClass = APIOfficeVisitTest, locations = &apos;{}&apos;, classes = &apos;{class edu.ncsu.csc.itrust2.config.RootConfiguration, class edu.ncsu.csc.itrust2.mvc.config.WebMvcConfiguration}&apos;, contextInitializerClasses = &apos;[]&apos;, activeProfiles = &apos;{}&apos;, propertySourceLocations = &apos;{}&apos;, propertySourceProperties = &apos;{}&apos;, contextCustomizers = set[[empty]], resourceBasePath = &apos;src/main/webapp&apos;, contextLoader = &apos;org.springframework.test.context.web.WebDelegatingSmartContextLoader&apos;, parent = [null]]], class annotated with @DirtiesContext [false] with mode [null], method annotated with @DirtiesContext [false] with mode [null].
21:46:10.116 [main] DEBUG o.s.t.w.s.TestDispatcherServlet - Initializing servlet &apos;&apos;
21:46:10.116 [main] DEBUG o.s.w.c.s.StandardServletEnvironment - Adding [servletConfigInitParams] PropertySource with lowest search precedence
21:46:10.116 [main] DEBUG o.s.w.c.s.StandardServletEnvironment - Adding [servletContextInitParams] PropertySource with lowest search precedence
21:46:10.116 [main] DEBUG o.s.w.c.s.StandardServletEnvironment - Adding [systemProperties] PropertySource with lowest search precedence
21:46:10.116 [main] DEBUG o.s.w.c.s.StandardServletEnvironment - Adding [systemEnvironment] PropertySource with lowest search precedence
21:46:10.116 [main] DEBUG o.s.w.c.s.StandardServletEnvironment - Initialized StandardServletEnvironment with PropertySources [servletConfigInitParams,servletContextInitParams,systemProperties,systemEnvironment]
21:46:10.116 [main] INFO  o.s.mock.web.MockServletContext - Initializing Spring FrameworkServlet &apos;&apos;
21:46:10.116 [main] INFO  o.s.t.w.s.TestDispatcherServlet - FrameworkServlet &apos;&apos;: initialization started
21:46:10.116 [main] DEBUG o.s.t.w.s.TestDispatcherServlet - Unable to locate MultipartResolver with name &apos;multipartResolver&apos;: no multipart request handling provided
21:46:10.116 [main] DEBUG o.s.b.f.s.DefaultListableBeanFactory - Creating instance of bean &apos;org.springframework.web.servlet.i18n.AcceptHeaderLocaleResolver&apos;
21:46:10.116 [main] DEBUG o.s.b.f.s.DefaultListableBeanFactory - Finished creating instance of bean &apos;org.springframework.web.servlet.i18n.AcceptHeaderLocaleResolver&apos;
21:46:10.116 [main] DEBUG o.s.t.w.s.TestDispatcherServlet - Unable to locate LocaleResolver with name &apos;localeResolver&apos;: using default [org.springframework.web.servlet.i18n.AcceptHeaderLocaleResolver@3889e0f0]
21:46:10.116 [main] DEBUG o.s.b.f.s.DefaultListableBeanFactory - Creating instance of bean &apos;org.springframework.web.servlet.theme.FixedThemeResolver&apos;
21:46:10.117 [main] DEBUG o.s.b.f.s.DefaultListableBeanFactory - Finished creating instance of bean &apos;org.springframework.web.servlet.theme.FixedThemeResolver&apos;
21:46:10.117 [main] DEBUG o.s.t.w.s.TestDispatcherServlet - Unable to locate ThemeResolver with name &apos;themeResolver&apos;: using default [org.springframework.web.servlet.theme.FixedThemeResolver@4e39c985]
21:46:10.117 [main] DEBUG o.s.b.f.s.DefaultListableBeanFactory - Returning cached instance of singleton bean &apos;requestMappingHandlerMapping&apos;
21:46:10.117 [main] DEBUG o.s.b.f.s.DefaultListableBeanFactory - Returning cached instance of singleton bean &apos;viewControllerHandlerMapping&apos;
21:46:10.117 [main] DEBUG o.s.b.f.s.DefaultListableBeanFactory - Returning cached instance of singleton bean &apos;beanNameHandlerMapping&apos;
21:46:10.117 [main] DEBUG o.s.b.f.s.DefaultListableBeanFactory - Returning cached instance of singleton bean &apos;resourceHandlerMapping&apos;
21:46:10.117 [main] DEBUG o.s.b.f.s.DefaultListableBeanFactory - Returning cached instance of singleton bean &apos;defaultServletHandlerMapping&apos;
21:46:10.117 [main] DEBUG o.s.b.f.s.DefaultListableBeanFactory - Returning cached instance of singleton bean &apos;requestMappingHandlerAdapter&apos;
21:46:10.117 [main] DEBUG o.s.b.f.s.DefaultListableBeanFactory - Returning cached instance of singleton bean &apos;httpRequestHandlerAdapter&apos;
21:46:10.117 [main] DEBUG o.s.b.f.s.DefaultListableBeanFactory - Returning cached instance of singleton bean &apos;simpleControllerHandlerAdapter&apos;
21:46:10.117 [main] DEBUG o.s.b.f.s.DefaultListableBeanFactory - Returning cached instance of singleton bean &apos;handlerExceptionResolver&apos;
21:46:10.117 [main] DEBUG o.s.b.f.s.DefaultListableBeanFactory - Creating instance of bean &apos;org.springframework.web.servlet.view.DefaultRequestToViewNameTranslator&apos;
21:46:10.117 [main] DEBUG o.s.b.f.s.DefaultListableBeanFactory - Finished creating instance of bean &apos;org.springframework.web.servlet.view.DefaultRequestToViewNameTranslator&apos;
21:46:10.117 [main] DEBUG o.s.t.w.s.TestDispatcherServlet - Unable to locate RequestToViewNameTranslator with name &apos;viewNameTranslator&apos;: using default [org.springframework.web.servlet.view.DefaultRequestToViewNameTranslator@6f004070]
21:46:10.118 [main] DEBUG o.s.b.f.s.DefaultListableBeanFactory - Returning cached instance of singleton bean &apos;mvcViewResolver&apos;
21:46:10.118 [main] DEBUG o.s.b.f.s.DefaultListableBeanFactory - Returning cached instance of singleton bean &apos;viewResolver&apos;
21:46:10.118 [main] DEBUG o.s.b.f.s.DefaultListableBeanFactory - Creating instance of bean &apos;org.springframework.web.servlet.support.SessionFlashMapManager&apos;
21:46:10.118 [main] DEBUG o.s.b.f.s.DefaultListableBeanFactory - Finished creating instance of bean &apos;org.springframework.web.servlet.support.SessionFlashMapManager&apos;
21:46:10.118 [main] DEBUG o.s.t.w.s.TestDispatcherServlet - Unable to locate FlashMapManager with name &apos;flashMapManager&apos;: using default [org.springframework.web.servlet.support.SessionFlashMapManager@37f15080]
21:46:10.118 [main] DEBUG o.s.t.w.s.TestDispatcherServlet - Published WebApplicationContext of servlet &apos;&apos; as ServletContext attribute with name [org.springframework.web.servlet.FrameworkServlet.CONTEXT.]
21:46:10.118 [main] INFO  o.s.t.w.s.TestDispatcherServlet - FrameworkServlet &apos;&apos;: initialization completed in 2 ms
21:46:10.118 [main] DEBUG o.s.t.w.s.TestDispatcherServlet - Servlet &apos;&apos; configured successfully
21:46:10.118 [main] DEBUG o.s.t.c.s.AbstractDirtiesContextTestExecutionListener - After test method: context [DefaultTestContext@2774fe33 testClass = APIOfficeVisitTest, testInstance = edu.ncsu.csc.itrust2.apitest.APIOfficeVisitTest@6bd9482a, testMethod = testDeleteNonExistentOfficeVisit@APIOfficeVisitTest, testException = java.lang.NoClassDefFoundError: Could not initialize class edu.ncsu.csc.itrust2.utils.HibernateUtil, mergedContextConfiguration = [WebMergedContextConfiguration@4286981c testClass = APIOfficeVisitTest, locations = &apos;{}&apos;, classes = &apos;{class edu.ncsu.csc.itrust2.config.RootConfiguration, class edu.ncsu.csc.itrust2.mvc.config.WebMvcConfiguration}&apos;, contextInitializerClasses = &apos;[]&apos;, activeProfiles = &apos;{}&apos;, propertySourceLocations = &apos;{}&apos;, propertySourceProperties = &apos;{}&apos;, contextCustomizers = set[[empty]], resourceBasePath = &apos;src/main/webapp&apos;, contextLoader = &apos;org.springframework.test.context.web.WebDelegatingSmartContextLoader&apos;, parent = [null]]], class annotated with @DirtiesContext [false] with mode [null], method annotated with @DirtiesContext [false] with mode [null].
21:46:10.118 [main] DEBUG o.s.t.c.w.ServletTestExecutionListener - Resetting RequestContextHolder for test context [DefaultTestContext@2774fe33 testClass = APIOfficeVisitTest, testInstance = edu.ncsu.csc.itrust2.apitest.APIOfficeVisitTest@6bd9482a, testMethod = testDeleteNonExistentOfficeVisit@APIOfficeVisitTest, testException = java.lang.NoClassDefFoundError: Could not initialize class edu.ncsu.csc.itrust2.utils.HibernateUtil, mergedContextConfiguration = [WebMergedContextConfiguration@4286981c testClass = APIOfficeVisitTest, locations = &apos;{}&apos;, classes = &apos;{class edu.ncsu.csc.itrust2.config.RootConfiguration, class edu.ncsu.csc.itrust2.mvc.config.WebMvcConfiguration}&apos;, contextInitializerClasses = &apos;[]&apos;, activeProfiles = &apos;{}&apos;, propertySourceLocations = &apos;{}&apos;, propertySourceProperties = &apos;{}&apos;, contextCustomizers = set[[empty]], resourceBasePath = &apos;src/main/webapp&apos;, contextLoader = &apos;org.springframework.test.context.web.WebDelegatingSmartContextLoader&apos;, parent = [null]]].
</stdout>
          <failedSince>1</failedSince>
        </case>
        <case>
          <duration>0.0</duration>
          <className>edu.ncsu.csc.itrust2.apitest.APIOfficeVisitTest</className>
          <testName>testGetNonExistentOfficeVisit</testName>
          <skipped>false</skipped>
          <errorStackTrace>java.lang.NoClassDefFoundError: Could not initialize class edu.ncsu.csc.itrust2.utils.HibernateUtil
	at edu.ncsu.csc.itrust2.apitest.APIOfficeVisitTest.setup(APIOfficeVisitTest.java:73)
</errorStackTrace>
          <errorDetails>Could not initialize class edu.ncsu.csc.itrust2.utils.HibernateUtil</errorDetails>
          <stdout>21:46:10.119 [main] DEBUG o.s.t.annotation.ProfileValueUtils - Retrieved @ProfileValueSourceConfiguration [null] for test class [edu.ncsu.csc.itrust2.apitest.APIOfficeVisitTest]
21:46:10.119 [main] DEBUG o.s.t.annotation.ProfileValueUtils - Retrieved ProfileValueSource type [class org.springframework.test.annotation.SystemProfileValueSource] for class [edu.ncsu.csc.itrust2.apitest.APIOfficeVisitTest]
21:46:10.119 [main] DEBUG o.s.t.c.c.DefaultCacheAwareContextLoaderDelegate - Retrieved ApplicationContext from cache with key [[WebMergedContextConfiguration@4286981c testClass = APIOfficeVisitTest, locations = &apos;{}&apos;, classes = &apos;{class edu.ncsu.csc.itrust2.config.RootConfiguration, class edu.ncsu.csc.itrust2.mvc.config.WebMvcConfiguration}&apos;, contextInitializerClasses = &apos;[]&apos;, activeProfiles = &apos;{}&apos;, propertySourceLocations = &apos;{}&apos;, propertySourceProperties = &apos;{}&apos;, contextCustomizers = set[[empty]], resourceBasePath = &apos;src/main/webapp&apos;, contextLoader = &apos;org.springframework.test.context.web.WebDelegatingSmartContextLoader&apos;, parent = [null]]]
21:46:10.119 [main] DEBUG o.springframework.test.context.cache - Spring test ApplicationContext cache statistics: [DefaultContextCache@44f35879 size = 1, maxSize = 32, parentContextCount = 0, hitCount = 29, missCount = 1]
21:46:10.119 [main] DEBUG o.s.t.c.w.ServletTestExecutionListener - Setting up MockHttpServletRequest, MockHttpServletResponse, ServletWebRequest, and RequestContextHolder for test context [DefaultTestContext@2774fe33 testClass = APIOfficeVisitTest, testInstance = edu.ncsu.csc.itrust2.apitest.APIOfficeVisitTest@4088a8ee, testMethod = [null], testException = [null], mergedContextConfiguration = [WebMergedContextConfiguration@4286981c testClass = APIOfficeVisitTest, locations = &apos;{}&apos;, classes = &apos;{class edu.ncsu.csc.itrust2.config.RootConfiguration, class edu.ncsu.csc.itrust2.mvc.config.WebMvcConfiguration}&apos;, contextInitializerClasses = &apos;[]&apos;, activeProfiles = &apos;{}&apos;, propertySourceLocations = &apos;{}&apos;, propertySourceProperties = &apos;{}&apos;, contextCustomizers = set[[empty]], resourceBasePath = &apos;src/main/webapp&apos;, contextLoader = &apos;org.springframework.test.context.web.WebDelegatingSmartContextLoader&apos;, parent = [null]]].
21:46:10.119 [main] DEBUG o.s.t.c.s.DependencyInjectionTestExecutionListener - Performing dependency injection for test context [[DefaultTestContext@2774fe33 testClass = APIOfficeVisitTest, testInstance = edu.ncsu.csc.itrust2.apitest.APIOfficeVisitTest@4088a8ee, testMethod = [null], testException = [null], mergedContextConfiguration = [WebMergedContextConfiguration@4286981c testClass = APIOfficeVisitTest, locations = &apos;{}&apos;, classes = &apos;{class edu.ncsu.csc.itrust2.config.RootConfiguration, class edu.ncsu.csc.itrust2.mvc.config.WebMvcConfiguration}&apos;, contextInitializerClasses = &apos;[]&apos;, activeProfiles = &apos;{}&apos;, propertySourceLocations = &apos;{}&apos;, propertySourceProperties = &apos;{}&apos;, contextCustomizers = set[[empty]], resourceBasePath = &apos;src/main/webapp&apos;, contextLoader = &apos;org.springframework.test.context.web.WebDelegatingSmartContextLoader&apos;, parent = [null]]]].
21:46:10.119 [main] DEBUG o.s.t.c.c.DefaultCacheAwareContextLoaderDelegate - Retrieved ApplicationContext from cache with key [[WebMergedContextConfiguration@4286981c testClass = APIOfficeVisitTest, locations = &apos;{}&apos;, classes = &apos;{class edu.ncsu.csc.itrust2.config.RootConfiguration, class edu.ncsu.csc.itrust2.mvc.config.WebMvcConfiguration}&apos;, contextInitializerClasses = &apos;[]&apos;, activeProfiles = &apos;{}&apos;, propertySourceLocations = &apos;{}&apos;, propertySourceProperties = &apos;{}&apos;, contextCustomizers = set[[empty]], resourceBasePath = &apos;src/main/webapp&apos;, contextLoader = &apos;org.springframework.test.context.web.WebDelegatingSmartContextLoader&apos;, parent = [null]]]
21:46:10.119 [main] DEBUG o.springframework.test.context.cache - Spring test ApplicationContext cache statistics: [DefaultContextCache@44f35879 size = 1, maxSize = 32, parentContextCount = 0, hitCount = 30, missCount = 1]
21:46:10.119 [main] DEBUG o.s.b.f.annotation.InjectionMetadata - Processing injected element of bean &apos;edu.ncsu.csc.itrust2.apitest.APIOfficeVisitTest&apos;: AutowiredFieldElement for private org.springframework.web.context.WebApplicationContext edu.ncsu.csc.itrust2.apitest.APIOfficeVisitTest.context
21:46:10.119 [main] DEBUG o.s.t.c.s.AbstractDirtiesContextTestExecutionListener - Before test method: context [DefaultTestContext@2774fe33 testClass = APIOfficeVisitTest, testInstance = edu.ncsu.csc.itrust2.apitest.APIOfficeVisitTest@4088a8ee, testMethod = testGetNonExistentOfficeVisit@APIOfficeVisitTest, testException = [null], mergedContextConfiguration = [WebMergedContextConfiguration@4286981c testClass = APIOfficeVisitTest, locations = &apos;{}&apos;, classes = &apos;{class edu.ncsu.csc.itrust2.config.RootConfiguration, class edu.ncsu.csc.itrust2.mvc.config.WebMvcConfiguration}&apos;, contextInitializerClasses = &apos;[]&apos;, activeProfiles = &apos;{}&apos;, propertySourceLocations = &apos;{}&apos;, propertySourceProperties = &apos;{}&apos;, contextCustomizers = set[[empty]], resourceBasePath = &apos;src/main/webapp&apos;, contextLoader = &apos;org.springframework.test.context.web.WebDelegatingSmartContextLoader&apos;, parent = [null]]], class annotated with @DirtiesContext [false] with mode [null], method annotated with @DirtiesContext [false] with mode [null].
21:46:10.119 [main] DEBUG o.s.t.w.s.TestDispatcherServlet - Initializing servlet &apos;&apos;
21:46:10.120 [main] DEBUG o.s.w.c.s.StandardServletEnvironment - Adding [servletConfigInitParams] PropertySource with lowest search precedence
21:46:10.120 [main] DEBUG o.s.w.c.s.StandardServletEnvironment - Adding [servletContextInitParams] PropertySource with lowest search precedence
21:46:10.120 [main] DEBUG o.s.w.c.s.StandardServletEnvironment - Adding [systemProperties] PropertySource with lowest search precedence
21:46:10.120 [main] DEBUG o.s.w.c.s.StandardServletEnvironment - Adding [systemEnvironment] PropertySource with lowest search precedence
21:46:10.120 [main] DEBUG o.s.w.c.s.StandardServletEnvironment - Initialized StandardServletEnvironment with PropertySources [servletConfigInitParams,servletContextInitParams,systemProperties,systemEnvironment]
21:46:10.120 [main] INFO  o.s.mock.web.MockServletContext - Initializing Spring FrameworkServlet &apos;&apos;
21:46:10.120 [main] INFO  o.s.t.w.s.TestDispatcherServlet - FrameworkServlet &apos;&apos;: initialization started
21:46:10.120 [main] DEBUG o.s.t.w.s.TestDispatcherServlet - Unable to locate MultipartResolver with name &apos;multipartResolver&apos;: no multipart request handling provided
21:46:10.120 [main] DEBUG o.s.b.f.s.DefaultListableBeanFactory - Creating instance of bean &apos;org.springframework.web.servlet.i18n.AcceptHeaderLocaleResolver&apos;
21:46:10.120 [main] DEBUG o.s.b.f.s.DefaultListableBeanFactory - Finished creating instance of bean &apos;org.springframework.web.servlet.i18n.AcceptHeaderLocaleResolver&apos;
21:46:10.120 [main] DEBUG o.s.t.w.s.TestDispatcherServlet - Unable to locate LocaleResolver with name &apos;localeResolver&apos;: using default [org.springframework.web.servlet.i18n.AcceptHeaderLocaleResolver@2d93ef24]
21:46:10.120 [main] DEBUG o.s.b.f.s.DefaultListableBeanFactory - Creating instance of bean &apos;org.springframework.web.servlet.theme.FixedThemeResolver&apos;
21:46:10.120 [main] DEBUG o.s.b.f.s.DefaultListableBeanFactory - Finished creating instance of bean &apos;org.springframework.web.servlet.theme.FixedThemeResolver&apos;
21:46:10.120 [main] DEBUG o.s.t.w.s.TestDispatcherServlet - Unable to locate ThemeResolver with name &apos;themeResolver&apos;: using default [org.springframework.web.servlet.theme.FixedThemeResolver@10dbcf46]
21:46:10.120 [main] DEBUG o.s.b.f.s.DefaultListableBeanFactory - Returning cached instance of singleton bean &apos;requestMappingHandlerMapping&apos;
21:46:10.120 [main] DEBUG o.s.b.f.s.DefaultListableBeanFactory - Returning cached instance of singleton bean &apos;viewControllerHandlerMapping&apos;
21:46:10.120 [main] DEBUG o.s.b.f.s.DefaultListableBeanFactory - Returning cached instance of singleton bean &apos;beanNameHandlerMapping&apos;
21:46:10.120 [main] DEBUG o.s.b.f.s.DefaultListableBeanFactory - Returning cached instance of singleton bean &apos;resourceHandlerMapping&apos;
21:46:10.120 [main] DEBUG o.s.b.f.s.DefaultListableBeanFactory - Returning cached instance of singleton bean &apos;defaultServletHandlerMapping&apos;
21:46:10.121 [main] DEBUG o.s.b.f.s.DefaultListableBeanFactory - Returning cached instance of singleton bean &apos;requestMappingHandlerAdapter&apos;
21:46:10.121 [main] DEBUG o.s.b.f.s.DefaultListableBeanFactory - Returning cached instance of singleton bean &apos;httpRequestHandlerAdapter&apos;
21:46:10.121 [main] DEBUG o.s.b.f.s.DefaultListableBeanFactory - Returning cached instance of singleton bean &apos;simpleControllerHandlerAdapter&apos;
21:46:10.121 [main] DEBUG o.s.b.f.s.DefaultListableBeanFactory - Returning cached instance of singleton bean &apos;handlerExceptionResolver&apos;
21:46:10.121 [main] DEBUG o.s.b.f.s.DefaultListableBeanFactory - Creating instance of bean &apos;org.springframework.web.servlet.view.DefaultRequestToViewNameTranslator&apos;
21:46:10.121 [main] DEBUG o.s.b.f.s.DefaultListableBeanFactory - Finished creating instance of bean &apos;org.springframework.web.servlet.view.DefaultRequestToViewNameTranslator&apos;
21:46:10.121 [main] DEBUG o.s.t.w.s.TestDispatcherServlet - Unable to locate RequestToViewNameTranslator with name &apos;viewNameTranslator&apos;: using default [org.springframework.web.servlet.view.DefaultRequestToViewNameTranslator@1511da6b]
21:46:10.121 [main] DEBUG o.s.b.f.s.DefaultListableBeanFactory - Returning cached instance of singleton bean &apos;mvcViewResolver&apos;
21:46:10.121 [main] DEBUG o.s.b.f.s.DefaultListableBeanFactory - Returning cached instance of singleton bean &apos;viewResolver&apos;
21:46:10.121 [main] DEBUG o.s.b.f.s.DefaultListableBeanFactory - Creating instance of bean &apos;org.springframework.web.servlet.support.SessionFlashMapManager&apos;
21:46:10.121 [main] DEBUG o.s.b.f.s.DefaultListableBeanFactory - Finished creating instance of bean &apos;org.springframework.web.servlet.support.SessionFlashMapManager&apos;
21:46:10.121 [main] DEBUG o.s.t.w.s.TestDispatcherServlet - Unable to locate FlashMapManager with name &apos;flashMapManager&apos;: using default [org.springframework.web.servlet.support.SessionFlashMapManager@3ce1edbe]
21:46:10.121 [main] DEBUG o.s.t.w.s.TestDispatcherServlet - Published WebApplicationContext of servlet &apos;&apos; as ServletContext attribute with name [org.springframework.web.servlet.FrameworkServlet.CONTEXT.]
21:46:10.121 [main] INFO  o.s.t.w.s.TestDispatcherServlet - FrameworkServlet &apos;&apos;: initialization completed in 1 ms
21:46:10.121 [main] DEBUG o.s.t.w.s.TestDispatcherServlet - Servlet &apos;&apos; configured successfully
21:46:10.122 [main] DEBUG o.s.t.c.s.AbstractDirtiesContextTestExecutionListener - After test method: context [DefaultTestContext@2774fe33 testClass = APIOfficeVisitTest, testInstance = edu.ncsu.csc.itrust2.apitest.APIOfficeVisitTest@4088a8ee, testMethod = testGetNonExistentOfficeVisit@APIOfficeVisitTest, testException = java.lang.NoClassDefFoundError: Could not initialize class edu.ncsu.csc.itrust2.utils.HibernateUtil, mergedContextConfiguration = [WebMergedContextConfiguration@4286981c testClass = APIOfficeVisitTest, locations = &apos;{}&apos;, classes = &apos;{class edu.ncsu.csc.itrust2.config.RootConfiguration, class edu.ncsu.csc.itrust2.mvc.config.WebMvcConfiguration}&apos;, contextInitializerClasses = &apos;[]&apos;, activeProfiles = &apos;{}&apos;, propertySourceLocations = &apos;{}&apos;, propertySourceProperties = &apos;{}&apos;, contextCustomizers = set[[empty]], resourceBasePath = &apos;src/main/webapp&apos;, contextLoader = &apos;org.springframework.test.context.web.WebDelegatingSmartContextLoader&apos;, parent = [null]]], class annotated with @DirtiesContext [false] with mode [null], method annotated with @DirtiesContext [false] with mode [null].
21:46:10.122 [main] DEBUG o.s.t.c.w.ServletTestExecutionListener - Resetting RequestContextHolder for test context [DefaultTestContext@2774fe33 testClass = APIOfficeVisitTest, testInstance = edu.ncsu.csc.itrust2.apitest.APIOfficeVisitTest@4088a8ee, testMethod = testGetNonExistentOfficeVisit@APIOfficeVisitTest, testException = java.lang.NoClassDefFoundError: Could not initialize class edu.ncsu.csc.itrust2.utils.HibernateUtil, mergedContextConfiguration = [WebMergedContextConfiguration@4286981c testClass = APIOfficeVisitTest, locations = &apos;{}&apos;, classes = &apos;{class edu.ncsu.csc.itrust2.config.RootConfiguration, class edu.ncsu.csc.itrust2.mvc.config.WebMvcConfiguration}&apos;, contextInitializerClasses = &apos;[]&apos;, activeProfiles = &apos;{}&apos;, propertySourceLocations = &apos;{}&apos;, propertySourceProperties = &apos;{}&apos;, contextCustomizers = set[[empty]], resourceBasePath = &apos;src/main/webapp&apos;, contextLoader = &apos;org.springframework.test.context.web.WebDelegatingSmartContextLoader&apos;, parent = [null]]].
</stdout>
          <failedSince>1</failedSince>
        </case>
        <case>
          <duration>0.001</duration>
          <className>edu.ncsu.csc.itrust2.apitest.APIOfficeVisitTest</className>
          <testName>testOfficeVisitAPI</testName>
          <skipped>false</skipped>
          <errorStackTrace>java.lang.NoClassDefFoundError: Could not initialize class edu.ncsu.csc.itrust2.utils.HibernateUtil
	at edu.ncsu.csc.itrust2.apitest.APIOfficeVisitTest.setup(APIOfficeVisitTest.java:73)
</errorStackTrace>
          <errorDetails>Could not initialize class edu.ncsu.csc.itrust2.utils.HibernateUtil</errorDetails>
          <stdout>21:46:10.122 [main] DEBUG o.s.t.annotation.ProfileValueUtils - Retrieved @ProfileValueSourceConfiguration [null] for test class [edu.ncsu.csc.itrust2.apitest.APIOfficeVisitTest]
21:46:10.122 [main] DEBUG o.s.t.annotation.ProfileValueUtils - Retrieved ProfileValueSource type [class org.springframework.test.annotation.SystemProfileValueSource] for class [edu.ncsu.csc.itrust2.apitest.APIOfficeVisitTest]
21:46:10.122 [main] DEBUG o.s.t.c.c.DefaultCacheAwareContextLoaderDelegate - Retrieved ApplicationContext from cache with key [[WebMergedContextConfiguration@4286981c testClass = APIOfficeVisitTest, locations = &apos;{}&apos;, classes = &apos;{class edu.ncsu.csc.itrust2.config.RootConfiguration, class edu.ncsu.csc.itrust2.mvc.config.WebMvcConfiguration}&apos;, contextInitializerClasses = &apos;[]&apos;, activeProfiles = &apos;{}&apos;, propertySourceLocations = &apos;{}&apos;, propertySourceProperties = &apos;{}&apos;, contextCustomizers = set[[empty]], resourceBasePath = &apos;src/main/webapp&apos;, contextLoader = &apos;org.springframework.test.context.web.WebDelegatingSmartContextLoader&apos;, parent = [null]]]
21:46:10.122 [main] DEBUG o.springframework.test.context.cache - Spring test ApplicationContext cache statistics: [DefaultContextCache@44f35879 size = 1, maxSize = 32, parentContextCount = 0, hitCount = 31, missCount = 1]
21:46:10.122 [main] DEBUG o.s.t.c.w.ServletTestExecutionListener - Setting up MockHttpServletRequest, MockHttpServletResponse, ServletWebRequest, and RequestContextHolder for test context [DefaultTestContext@2774fe33 testClass = APIOfficeVisitTest, testInstance = edu.ncsu.csc.itrust2.apitest.APIOfficeVisitTest@eb9cfc9, testMethod = [null], testException = [null], mergedContextConfiguration = [WebMergedContextConfiguration@4286981c testClass = APIOfficeVisitTest, locations = &apos;{}&apos;, classes = &apos;{class edu.ncsu.csc.itrust2.config.RootConfiguration, class edu.ncsu.csc.itrust2.mvc.config.WebMvcConfiguration}&apos;, contextInitializerClasses = &apos;[]&apos;, activeProfiles = &apos;{}&apos;, propertySourceLocations = &apos;{}&apos;, propertySourceProperties = &apos;{}&apos;, contextCustomizers = set[[empty]], resourceBasePath = &apos;src/main/webapp&apos;, contextLoader = &apos;org.springframework.test.context.web.WebDelegatingSmartContextLoader&apos;, parent = [null]]].
21:46:10.122 [main] DEBUG o.s.t.c.s.DependencyInjectionTestExecutionListener - Performing dependency injection for test context [[DefaultTestContext@2774fe33 testClass = APIOfficeVisitTest, testInstance = edu.ncsu.csc.itrust2.apitest.APIOfficeVisitTest@eb9cfc9, testMethod = [null], testException = [null], mergedContextConfiguration = [WebMergedContextConfiguration@4286981c testClass = APIOfficeVisitTest, locations = &apos;{}&apos;, classes = &apos;{class edu.ncsu.csc.itrust2.config.RootConfiguration, class edu.ncsu.csc.itrust2.mvc.config.WebMvcConfiguration}&apos;, contextInitializerClasses = &apos;[]&apos;, activeProfiles = &apos;{}&apos;, propertySourceLocations = &apos;{}&apos;, propertySourceProperties = &apos;{}&apos;, contextCustomizers = set[[empty]], resourceBasePath = &apos;src/main/webapp&apos;, contextLoader = &apos;org.springframework.test.context.web.WebDelegatingSmartContextLoader&apos;, parent = [null]]]].
21:46:10.122 [main] DEBUG o.s.t.c.c.DefaultCacheAwareContextLoaderDelegate - Retrieved ApplicationContext from cache with key [[WebMergedContextConfiguration@4286981c testClass = APIOfficeVisitTest, locations = &apos;{}&apos;, classes = &apos;{class edu.ncsu.csc.itrust2.config.RootConfiguration, class edu.ncsu.csc.itrust2.mvc.config.WebMvcConfiguration}&apos;, contextInitializerClasses = &apos;[]&apos;, activeProfiles = &apos;{}&apos;, propertySourceLocations = &apos;{}&apos;, propertySourceProperties = &apos;{}&apos;, contextCustomizers = set[[empty]], resourceBasePath = &apos;src/main/webapp&apos;, contextLoader = &apos;org.springframework.test.context.web.WebDelegatingSmartContextLoader&apos;, parent = [null]]]
21:46:10.122 [main] DEBUG o.springframework.test.context.cache - Spring test ApplicationContext cache statistics: [DefaultContextCache@44f35879 size = 1, maxSize = 32, parentContextCount = 0, hitCount = 32, missCount = 1]
21:46:10.122 [main] DEBUG o.s.b.f.annotation.InjectionMetadata - Processing injected element of bean &apos;edu.ncsu.csc.itrust2.apitest.APIOfficeVisitTest&apos;: AutowiredFieldElement for private org.springframework.web.context.WebApplicationContext edu.ncsu.csc.itrust2.apitest.APIOfficeVisitTest.context
21:46:10.123 [main] DEBUG o.s.t.c.s.AbstractDirtiesContextTestExecutionListener - Before test method: context [DefaultTestContext@2774fe33 testClass = APIOfficeVisitTest, testInstance = edu.ncsu.csc.itrust2.apitest.APIOfficeVisitTest@eb9cfc9, testMethod = testOfficeVisitAPI@APIOfficeVisitTest, testException = [null], mergedContextConfiguration = [WebMergedContextConfiguration@4286981c testClass = APIOfficeVisitTest, locations = &apos;{}&apos;, classes = &apos;{class edu.ncsu.csc.itrust2.config.RootConfiguration, class edu.ncsu.csc.itrust2.mvc.config.WebMvcConfiguration}&apos;, contextInitializerClasses = &apos;[]&apos;, activeProfiles = &apos;{}&apos;, propertySourceLocations = &apos;{}&apos;, propertySourceProperties = &apos;{}&apos;, contextCustomizers = set[[empty]], resourceBasePath = &apos;src/main/webapp&apos;, contextLoader = &apos;org.springframework.test.context.web.WebDelegatingSmartContextLoader&apos;, parent = [null]]], class annotated with @DirtiesContext [false] with mode [null], method annotated with @DirtiesContext [false] with mode [null].
21:46:10.123 [main] DEBUG o.s.t.w.s.TestDispatcherServlet - Initializing servlet &apos;&apos;
21:46:10.123 [main] DEBUG o.s.w.c.s.StandardServletEnvironment - Adding [servletConfigInitParams] PropertySource with lowest search precedence
21:46:10.123 [main] DEBUG o.s.w.c.s.StandardServletEnvironment - Adding [servletContextInitParams] PropertySource with lowest search precedence
21:46:10.123 [main] DEBUG o.s.w.c.s.StandardServletEnvironment - Adding [systemProperties] PropertySource with lowest search precedence
21:46:10.123 [main] DEBUG o.s.w.c.s.StandardServletEnvironment - Adding [systemEnvironment] PropertySource with lowest search precedence
21:46:10.123 [main] DEBUG o.s.w.c.s.StandardServletEnvironment - Initialized StandardServletEnvironment with PropertySources [servletConfigInitParams,servletContextInitParams,systemProperties,systemEnvironment]
21:46:10.123 [main] INFO  o.s.mock.web.MockServletContext - Initializing Spring FrameworkServlet &apos;&apos;
21:46:10.123 [main] INFO  o.s.t.w.s.TestDispatcherServlet - FrameworkServlet &apos;&apos;: initialization started
21:46:10.123 [main] DEBUG o.s.t.w.s.TestDispatcherServlet - Unable to locate MultipartResolver with name &apos;multipartResolver&apos;: no multipart request handling provided
21:46:10.123 [main] DEBUG o.s.b.f.s.DefaultListableBeanFactory - Creating instance of bean &apos;org.springframework.web.servlet.i18n.AcceptHeaderLocaleResolver&apos;
21:46:10.123 [main] DEBUG o.s.b.f.s.DefaultListableBeanFactory - Finished creating instance of bean &apos;org.springframework.web.servlet.i18n.AcceptHeaderLocaleResolver&apos;
21:46:10.123 [main] DEBUG o.s.t.w.s.TestDispatcherServlet - Unable to locate LocaleResolver with name &apos;localeResolver&apos;: using default [org.springframework.web.servlet.i18n.AcceptHeaderLocaleResolver@5b8fc854]
21:46:10.123 [main] DEBUG o.s.b.f.s.DefaultListableBeanFactory - Creating instance of bean &apos;org.springframework.web.servlet.theme.FixedThemeResolver&apos;
21:46:10.123 [main] DEBUG o.s.b.f.s.DefaultListableBeanFactory - Finished creating instance of bean &apos;org.springframework.web.servlet.theme.FixedThemeResolver&apos;
21:46:10.123 [main] DEBUG o.s.t.w.s.TestDispatcherServlet - Unable to locate ThemeResolver with name &apos;themeResolver&apos;: using default [org.springframework.web.servlet.theme.FixedThemeResolver@68304286]
21:46:10.124 [main] DEBUG o.s.b.f.s.DefaultListableBeanFactory - Returning cached instance of singleton bean &apos;requestMappingHandlerMapping&apos;
21:46:10.124 [main] DEBUG o.s.b.f.s.DefaultListableBeanFactory - Returning cached instance of singleton bean &apos;viewControllerHandlerMapping&apos;
21:46:10.124 [main] DEBUG o.s.b.f.s.DefaultListableBeanFactory - Returning cached instance of singleton bean &apos;beanNameHandlerMapping&apos;
21:46:10.124 [main] DEBUG o.s.b.f.s.DefaultListableBeanFactory - Returning cached instance of singleton bean &apos;resourceHandlerMapping&apos;
21:46:10.124 [main] DEBUG o.s.b.f.s.DefaultListableBeanFactory - Returning cached instance of singleton bean &apos;defaultServletHandlerMapping&apos;
21:46:10.124 [main] DEBUG o.s.b.f.s.DefaultListableBeanFactory - Returning cached instance of singleton bean &apos;requestMappingHandlerAdapter&apos;
21:46:10.124 [main] DEBUG o.s.b.f.s.DefaultListableBeanFactory - Returning cached instance of singleton bean &apos;httpRequestHandlerAdapter&apos;
21:46:10.124 [main] DEBUG o.s.b.f.s.DefaultListableBeanFactory - Returning cached instance of singleton bean &apos;simpleControllerHandlerAdapter&apos;
21:46:10.124 [main] DEBUG o.s.b.f.s.DefaultListableBeanFactory - Returning cached instance of singleton bean &apos;handlerExceptionResolver&apos;
21:46:10.124 [main] DEBUG o.s.b.f.s.DefaultListableBeanFactory - Creating instance of bean &apos;org.springframework.web.servlet.view.DefaultRequestToViewNameTranslator&apos;
21:46:10.124 [main] DEBUG o.s.b.f.s.DefaultListableBeanFactory - Finished creating instance of bean &apos;org.springframework.web.servlet.view.DefaultRequestToViewNameTranslator&apos;
21:46:10.124 [main] DEBUG o.s.t.w.s.TestDispatcherServlet - Unable to locate RequestToViewNameTranslator with name &apos;viewNameTranslator&apos;: using default [org.springframework.web.servlet.view.DefaultRequestToViewNameTranslator@28b71fce]
21:46:10.125 [main] DEBUG o.s.b.f.s.DefaultListableBeanFactory - Returning cached instance of singleton bean &apos;mvcViewResolver&apos;
21:46:10.125 [main] DEBUG o.s.b.f.s.DefaultListableBeanFactory - Returning cached instance of singleton bean &apos;viewResolver&apos;
21:46:10.125 [main] DEBUG o.s.b.f.s.DefaultListableBeanFactory - Creating instance of bean &apos;org.springframework.web.servlet.support.SessionFlashMapManager&apos;
21:46:10.125 [main] DEBUG o.s.b.f.s.DefaultListableBeanFactory - Finished creating instance of bean &apos;org.springframework.web.servlet.support.SessionFlashMapManager&apos;
21:46:10.125 [main] DEBUG o.s.t.w.s.TestDispatcherServlet - Unable to locate FlashMapManager with name &apos;flashMapManager&apos;: using default [org.springframework.web.servlet.support.SessionFlashMapManager@5c9061c7]
21:46:10.125 [main] DEBUG o.s.t.w.s.TestDispatcherServlet - Published WebApplicationContext of servlet &apos;&apos; as ServletContext attribute with name [org.springframework.web.servlet.FrameworkServlet.CONTEXT.]
21:46:10.125 [main] INFO  o.s.t.w.s.TestDispatcherServlet - FrameworkServlet &apos;&apos;: initialization completed in 2 ms
21:46:10.125 [main] DEBUG o.s.t.w.s.TestDispatcherServlet - Servlet &apos;&apos; configured successfully
21:46:10.125 [main] DEBUG o.s.t.c.s.AbstractDirtiesContextTestExecutionListener - After test method: context [DefaultTestContext@2774fe33 testClass = APIOfficeVisitTest, testInstance = edu.ncsu.csc.itrust2.apitest.APIOfficeVisitTest@eb9cfc9, testMethod = testOfficeVisitAPI@APIOfficeVisitTest, testException = java.lang.NoClassDefFoundError: Could not initialize class edu.ncsu.csc.itrust2.utils.HibernateUtil, mergedContextConfiguration = [WebMergedContextConfiguration@4286981c testClass = APIOfficeVisitTest, locations = &apos;{}&apos;, classes = &apos;{class edu.ncsu.csc.itrust2.config.RootConfiguration, class edu.ncsu.csc.itrust2.mvc.config.WebMvcConfiguration}&apos;, contextInitializerClasses = &apos;[]&apos;, activeProfiles = &apos;{}&apos;, propertySourceLocations = &apos;{}&apos;, propertySourceProperties = &apos;{}&apos;, contextCustomizers = set[[empty]], resourceBasePath = &apos;src/main/webapp&apos;, contextLoader = &apos;org.springframework.test.context.web.WebDelegatingSmartContextLoader&apos;, parent = [null]]], class annotated with @DirtiesContext [false] with mode [null], method annotated with @DirtiesContext [false] with mode [null].
21:46:10.125 [main] DEBUG o.s.t.c.w.ServletTestExecutionListener - Resetting RequestContextHolder for test context [DefaultTestContext@2774fe33 testClass = APIOfficeVisitTest, testInstance = edu.ncsu.csc.itrust2.apitest.APIOfficeVisitTest@eb9cfc9, testMethod = testOfficeVisitAPI@APIOfficeVisitTest, testException = java.lang.NoClassDefFoundError: Could not initialize class edu.ncsu.csc.itrust2.utils.HibernateUtil, mergedContextConfiguration = [WebMergedContextConfiguration@4286981c testClass = APIOfficeVisitTest, locations = &apos;{}&apos;, classes = &apos;{class edu.ncsu.csc.itrust2.config.RootConfiguration, class edu.ncsu.csc.itrust2.mvc.config.WebMvcConfiguration}&apos;, contextInitializerClasses = &apos;[]&apos;, activeProfiles = &apos;{}&apos;, propertySourceLocations = &apos;{}&apos;, propertySourceProperties = &apos;{}&apos;, contextCustomizers = set[[empty]], resourceBasePath = &apos;src/main/webapp&apos;, contextLoader = &apos;org.springframework.test.context.web.WebDelegatingSmartContextLoader&apos;, parent = [null]]].
</stdout>
          <failedSince>1</failedSince>
        </case>
        <case>
          <duration>0.0</duration>
          <className>edu.ncsu.csc.itrust2.apitest.APIOfficeVisitTest</className>
          <testName>testPreScheduledOfficeVisit</testName>
          <skipped>false</skipped>
          <errorStackTrace>java.lang.NoClassDefFoundError: Could not initialize class edu.ncsu.csc.itrust2.utils.HibernateUtil
	at edu.ncsu.csc.itrust2.apitest.APIOfficeVisitTest.setup(APIOfficeVisitTest.java:73)
</errorStackTrace>
          <errorDetails>Could not initialize class edu.ncsu.csc.itrust2.utils.HibernateUtil</errorDetails>
          <stdout>21:46:10.125 [main] DEBUG o.s.t.annotation.ProfileValueUtils - Retrieved @ProfileValueSourceConfiguration [null] for test class [edu.ncsu.csc.itrust2.apitest.APIOfficeVisitTest]
21:46:10.125 [main] DEBUG o.s.t.annotation.ProfileValueUtils - Retrieved ProfileValueSource type [class org.springframework.test.annotation.SystemProfileValueSource] for class [edu.ncsu.csc.itrust2.apitest.APIOfficeVisitTest]
21:46:10.126 [main] DEBUG o.s.t.c.c.DefaultCacheAwareContextLoaderDelegate - Retrieved ApplicationContext from cache with key [[WebMergedContextConfiguration@4286981c testClass = APIOfficeVisitTest, locations = &apos;{}&apos;, classes = &apos;{class edu.ncsu.csc.itrust2.config.RootConfiguration, class edu.ncsu.csc.itrust2.mvc.config.WebMvcConfiguration}&apos;, contextInitializerClasses = &apos;[]&apos;, activeProfiles = &apos;{}&apos;, propertySourceLocations = &apos;{}&apos;, propertySourceProperties = &apos;{}&apos;, contextCustomizers = set[[empty]], resourceBasePath = &apos;src/main/webapp&apos;, contextLoader = &apos;org.springframework.test.context.web.WebDelegatingSmartContextLoader&apos;, parent = [null]]]
21:46:10.126 [main] DEBUG o.springframework.test.context.cache - Spring test ApplicationContext cache statistics: [DefaultContextCache@44f35879 size = 1, maxSize = 32, parentContextCount = 0, hitCount = 33, missCount = 1]
21:46:10.126 [main] DEBUG o.s.t.c.w.ServletTestExecutionListener - Setting up MockHttpServletRequest, MockHttpServletResponse, ServletWebRequest, and RequestContextHolder for test context [DefaultTestContext@2774fe33 testClass = APIOfficeVisitTest, testInstance = edu.ncsu.csc.itrust2.apitest.APIOfficeVisitTest@79f8cf69, testMethod = [null], testException = [null], mergedContextConfiguration = [WebMergedContextConfiguration@4286981c testClass = APIOfficeVisitTest, locations = &apos;{}&apos;, classes = &apos;{class edu.ncsu.csc.itrust2.config.RootConfiguration, class edu.ncsu.csc.itrust2.mvc.config.WebMvcConfiguration}&apos;, contextInitializerClasses = &apos;[]&apos;, activeProfiles = &apos;{}&apos;, propertySourceLocations = &apos;{}&apos;, propertySourceProperties = &apos;{}&apos;, contextCustomizers = set[[empty]], resourceBasePath = &apos;src/main/webapp&apos;, contextLoader = &apos;org.springframework.test.context.web.WebDelegatingSmartContextLoader&apos;, parent = [null]]].
21:46:10.126 [main] DEBUG o.s.t.c.s.DependencyInjectionTestExecutionListener - Performing dependency injection for test context [[DefaultTestContext@2774fe33 testClass = APIOfficeVisitTest, testInstance = edu.ncsu.csc.itrust2.apitest.APIOfficeVisitTest@79f8cf69, testMethod = [null], testException = [null], mergedContextConfiguration = [WebMergedContextConfiguration@4286981c testClass = APIOfficeVisitTest, locations = &apos;{}&apos;, classes = &apos;{class edu.ncsu.csc.itrust2.config.RootConfiguration, class edu.ncsu.csc.itrust2.mvc.config.WebMvcConfiguration}&apos;, contextInitializerClasses = &apos;[]&apos;, activeProfiles = &apos;{}&apos;, propertySourceLocations = &apos;{}&apos;, propertySourceProperties = &apos;{}&apos;, contextCustomizers = set[[empty]], resourceBasePath = &apos;src/main/webapp&apos;, contextLoader = &apos;org.springframework.test.context.web.WebDelegatingSmartContextLoader&apos;, parent = [null]]]].
21:46:10.126 [main] DEBUG o.s.t.c.c.DefaultCacheAwareContextLoaderDelegate - Retrieved ApplicationContext from cache with key [[WebMergedContextConfiguration@4286981c testClass = APIOfficeVisitTest, locations = &apos;{}&apos;, classes = &apos;{class edu.ncsu.csc.itrust2.config.RootConfiguration, class edu.ncsu.csc.itrust2.mvc.config.WebMvcConfiguration}&apos;, contextInitializerClasses = &apos;[]&apos;, activeProfiles = &apos;{}&apos;, propertySourceLocations = &apos;{}&apos;, propertySourceProperties = &apos;{}&apos;, contextCustomizers = set[[empty]], resourceBasePath = &apos;src/main/webapp&apos;, contextLoader = &apos;org.springframework.test.context.web.WebDelegatingSmartContextLoader&apos;, parent = [null]]]
21:46:10.126 [main] DEBUG o.springframework.test.context.cache - Spring test ApplicationContext cache statistics: [DefaultContextCache@44f35879 size = 1, maxSize = 32, parentContextCount = 0, hitCount = 34, missCount = 1]
21:46:10.126 [main] DEBUG o.s.b.f.annotation.InjectionMetadata - Processing injected element of bean &apos;edu.ncsu.csc.itrust2.apitest.APIOfficeVisitTest&apos;: AutowiredFieldElement for private org.springframework.web.context.WebApplicationContext edu.ncsu.csc.itrust2.apitest.APIOfficeVisitTest.context
21:46:10.126 [main] DEBUG o.s.t.c.s.AbstractDirtiesContextTestExecutionListener - Before test method: context [DefaultTestContext@2774fe33 testClass = APIOfficeVisitTest, testInstance = edu.ncsu.csc.itrust2.apitest.APIOfficeVisitTest@79f8cf69, testMethod = testPreScheduledOfficeVisit@APIOfficeVisitTest, testException = [null], mergedContextConfiguration = [WebMergedContextConfiguration@4286981c testClass = APIOfficeVisitTest, locations = &apos;{}&apos;, classes = &apos;{class edu.ncsu.csc.itrust2.config.RootConfiguration, class edu.ncsu.csc.itrust2.mvc.config.WebMvcConfiguration}&apos;, contextInitializerClasses = &apos;[]&apos;, activeProfiles = &apos;{}&apos;, propertySourceLocations = &apos;{}&apos;, propertySourceProperties = &apos;{}&apos;, contextCustomizers = set[[empty]], resourceBasePath = &apos;src/main/webapp&apos;, contextLoader = &apos;org.springframework.test.context.web.WebDelegatingSmartContextLoader&apos;, parent = [null]]], class annotated with @DirtiesContext [false] with mode [null], method annotated with @DirtiesContext [false] with mode [null].
21:46:10.126 [main] DEBUG o.s.t.w.s.TestDispatcherServlet - Initializing servlet &apos;&apos;
21:46:10.126 [main] DEBUG o.s.w.c.s.StandardServletEnvironment - Adding [servletConfigInitParams] PropertySource with lowest search precedence
21:46:10.126 [main] DEBUG o.s.w.c.s.StandardServletEnvironment - Adding [servletContextInitParams] PropertySource with lowest search precedence
21:46:10.127 [main] DEBUG o.s.w.c.s.StandardServletEnvironment - Adding [systemProperties] PropertySource with lowest search precedence
21:46:10.127 [main] DEBUG o.s.w.c.s.StandardServletEnvironment - Adding [systemEnvironment] PropertySource with lowest search precedence
21:46:10.127 [main] DEBUG o.s.w.c.s.StandardServletEnvironment - Initialized StandardServletEnvironment with PropertySources [servletConfigInitParams,servletContextInitParams,systemProperties,systemEnvironment]
21:46:10.127 [main] INFO  o.s.mock.web.MockServletContext - Initializing Spring FrameworkServlet &apos;&apos;
21:46:10.127 [main] INFO  o.s.t.w.s.TestDispatcherServlet - FrameworkServlet &apos;&apos;: initialization started
21:46:10.127 [main] DEBUG o.s.t.w.s.TestDispatcherServlet - Unable to locate MultipartResolver with name &apos;multipartResolver&apos;: no multipart request handling provided
21:46:10.127 [main] DEBUG o.s.b.f.s.DefaultListableBeanFactory - Creating instance of bean &apos;org.springframework.web.servlet.i18n.AcceptHeaderLocaleResolver&apos;
21:46:10.127 [main] DEBUG o.s.b.f.s.DefaultListableBeanFactory - Finished creating instance of bean &apos;org.springframework.web.servlet.i18n.AcceptHeaderLocaleResolver&apos;
21:46:10.127 [main] DEBUG o.s.t.w.s.TestDispatcherServlet - Unable to locate LocaleResolver with name &apos;localeResolver&apos;: using default [org.springframework.web.servlet.i18n.AcceptHeaderLocaleResolver@3efb275]
21:46:10.127 [main] DEBUG o.s.b.f.s.DefaultListableBeanFactory - Creating instance of bean &apos;org.springframework.web.servlet.theme.FixedThemeResolver&apos;
21:46:10.127 [main] DEBUG o.s.b.f.s.DefaultListableBeanFactory - Finished creating instance of bean &apos;org.springframework.web.servlet.theme.FixedThemeResolver&apos;
21:46:10.127 [main] DEBUG o.s.t.w.s.TestDispatcherServlet - Unable to locate ThemeResolver with name &apos;themeResolver&apos;: using default [org.springframework.web.servlet.theme.FixedThemeResolver@5cae6596]
21:46:10.127 [main] DEBUG o.s.b.f.s.DefaultListableBeanFactory - Returning cached instance of singleton bean &apos;requestMappingHandlerMapping&apos;
21:46:10.127 [main] DEBUG o.s.b.f.s.DefaultListableBeanFactory - Returning cached instance of singleton bean &apos;viewControllerHandlerMapping&apos;
21:46:10.127 [main] DEBUG o.s.b.f.s.DefaultListableBeanFactory - Returning cached instance of singleton bean &apos;beanNameHandlerMapping&apos;
21:46:10.127 [main] DEBUG o.s.b.f.s.DefaultListableBeanFactory - Returning cached instance of singleton bean &apos;resourceHandlerMapping&apos;
21:46:10.127 [main] DEBUG o.s.b.f.s.DefaultListableBeanFactory - Returning cached instance of singleton bean &apos;defaultServletHandlerMapping&apos;
21:46:10.128 [main] DEBUG o.s.b.f.s.DefaultListableBeanFactory - Returning cached instance of singleton bean &apos;requestMappingHandlerAdapter&apos;
21:46:10.128 [main] DEBUG o.s.b.f.s.DefaultListableBeanFactory - Returning cached instance of singleton bean &apos;httpRequestHandlerAdapter&apos;
21:46:10.128 [main] DEBUG o.s.b.f.s.DefaultListableBeanFactory - Returning cached instance of singleton bean &apos;simpleControllerHandlerAdapter&apos;
21:46:10.128 [main] DEBUG o.s.b.f.s.DefaultListableBeanFactory - Returning cached instance of singleton bean &apos;handlerExceptionResolver&apos;
21:46:10.128 [main] DEBUG o.s.b.f.s.DefaultListableBeanFactory - Creating instance of bean &apos;org.springframework.web.servlet.view.DefaultRequestToViewNameTranslator&apos;
21:46:10.128 [main] DEBUG o.s.b.f.s.DefaultListableBeanFactory - Finished creating instance of bean &apos;org.springframework.web.servlet.view.DefaultRequestToViewNameTranslator&apos;
21:46:10.128 [main] DEBUG o.s.t.w.s.TestDispatcherServlet - Unable to locate RequestToViewNameTranslator with name &apos;viewNameTranslator&apos;: using default [org.springframework.web.servlet.view.DefaultRequestToViewNameTranslator@63126aed]
21:46:10.128 [main] DEBUG o.s.b.f.s.DefaultListableBeanFactory - Returning cached instance of singleton bean &apos;mvcViewResolver&apos;
21:46:10.128 [main] DEBUG o.s.b.f.s.DefaultListableBeanFactory - Returning cached instance of singleton bean &apos;viewResolver&apos;
21:46:10.128 [main] DEBUG o.s.b.f.s.DefaultListableBeanFactory - Creating instance of bean &apos;org.springframework.web.servlet.support.SessionFlashMapManager&apos;
21:46:10.128 [main] DEBUG o.s.b.f.s.DefaultListableBeanFactory - Finished creating instance of bean &apos;org.springframework.web.servlet.support.SessionFlashMapManager&apos;
21:46:10.128 [main] DEBUG o.s.t.w.s.TestDispatcherServlet - Unable to locate FlashMapManager with name &apos;flashMapManager&apos;: using default [org.springframework.web.servlet.support.SessionFlashMapManager@44b673bb]
21:46:10.128 [main] DEBUG o.s.t.w.s.TestDispatcherServlet - Published WebApplicationContext of servlet &apos;&apos; as ServletContext attribute with name [org.springframework.web.servlet.FrameworkServlet.CONTEXT.]
21:46:10.128 [main] INFO  o.s.t.w.s.TestDispatcherServlet - FrameworkServlet &apos;&apos;: initialization completed in 1 ms
21:46:10.128 [main] DEBUG o.s.t.w.s.TestDispatcherServlet - Servlet &apos;&apos; configured successfully
21:46:10.129 [main] DEBUG o.s.t.c.s.AbstractDirtiesContextTestExecutionListener - After test method: context [DefaultTestContext@2774fe33 testClass = APIOfficeVisitTest, testInstance = edu.ncsu.csc.itrust2.apitest.APIOfficeVisitTest@79f8cf69, testMethod = testPreScheduledOfficeVisit@APIOfficeVisitTest, testException = java.lang.NoClassDefFoundError: Could not initialize class edu.ncsu.csc.itrust2.utils.HibernateUtil, mergedContextConfiguration = [WebMergedContextConfiguration@4286981c testClass = APIOfficeVisitTest, locations = &apos;{}&apos;, classes = &apos;{class edu.ncsu.csc.itrust2.config.RootConfiguration, class edu.ncsu.csc.itrust2.mvc.config.WebMvcConfiguration}&apos;, contextInitializerClasses = &apos;[]&apos;, activeProfiles = &apos;{}&apos;, propertySourceLocations = &apos;{}&apos;, propertySourceProperties = &apos;{}&apos;, contextCustomizers = set[[empty]], resourceBasePath = &apos;src/main/webapp&apos;, contextLoader = &apos;org.springframework.test.context.web.WebDelegatingSmartContextLoader&apos;, parent = [null]]], class annotated with @DirtiesContext [false] with mode [null], method annotated with @DirtiesContext [false] with mode [null].
21:46:10.129 [main] DEBUG o.s.t.c.w.ServletTestExecutionListener - Resetting RequestContextHolder for test context [DefaultTestContext@2774fe33 testClass = APIOfficeVisitTest, testInstance = edu.ncsu.csc.itrust2.apitest.APIOfficeVisitTest@79f8cf69, testMethod = testPreScheduledOfficeVisit@APIOfficeVisitTest, testException = java.lang.NoClassDefFoundError: Could not initialize class edu.ncsu.csc.itrust2.utils.HibernateUtil, mergedContextConfiguration = [WebMergedContextConfiguration@4286981c testClass = APIOfficeVisitTest, locations = &apos;{}&apos;, classes = &apos;{class edu.ncsu.csc.itrust2.config.RootConfiguration, class edu.ncsu.csc.itrust2.mvc.config.WebMvcConfiguration}&apos;, contextInitializerClasses = &apos;[]&apos;, activeProfiles = &apos;{}&apos;, propertySourceLocations = &apos;{}&apos;, propertySourceProperties = &apos;{}&apos;, contextCustomizers = set[[empty]], resourceBasePath = &apos;src/main/webapp&apos;, contextLoader = &apos;org.springframework.test.context.web.WebDelegatingSmartContextLoader&apos;, parent = [null]]].
</stdout>
          <failedSince>1</failedSince>
        </case>
      </cases>
    </suite>
    <suite>
      <file>/var/lib/jenkins/jobs/iTrust_Fuzzer/workspace/iTrust2/target/surefire-reports/TEST-edu.ncsu.csc.itrust2.apitest.APIPasswordTest.xml</file>
      <name>edu.ncsu.csc.itrust2.apitest.APIPasswordTest</name>
      <duration>0.003</duration>
      <time>0.003</time>
      <enclosingBlocks/>
      <enclosingBlockNames/>
      <cases>
        <case>
          <duration>0.001</duration>
          <className>edu.ncsu.csc.itrust2.apitest.APIPasswordTest</className>
          <testName>testRequestReset</testName>
          <skipped>false</skipped>
          <errorStackTrace>java.lang.NoClassDefFoundError: Could not initialize class edu.ncsu.csc.itrust2.utils.HibernateUtil
	at edu.ncsu.csc.itrust2.apitest.APIPasswordTest.testRequestReset(APIPasswordTest.java:115)
</errorStackTrace>
          <errorDetails>Could not initialize class edu.ncsu.csc.itrust2.utils.HibernateUtil</errorDetails>
          <stdout>21:46:09.793 [main] DEBUG o.s.t.c.j.SpringJUnit4ClassRunner - SpringJUnit4ClassRunner constructor called with [class edu.ncsu.csc.itrust2.apitest.APIPasswordTest]
21:46:09.793 [main] DEBUG o.s.test.context.BootstrapUtils - Instantiating CacheAwareContextLoaderDelegate from class [org.springframework.test.context.cache.DefaultCacheAwareContextLoaderDelegate]
21:46:09.793 [main] DEBUG o.s.test.context.BootstrapUtils - Instantiating BootstrapContext using constructor [public org.springframework.test.context.support.DefaultBootstrapContext(java.lang.Class,org.springframework.test.context.CacheAwareContextLoaderDelegate)]
21:46:09.793 [main] DEBUG o.s.test.context.BootstrapUtils - Instantiating TestContextBootstrapper for test class [edu.ncsu.csc.itrust2.apitest.APIPasswordTest] from class [org.springframework.test.context.web.WebTestContextBootstrapper]
21:46:09.794 [main] DEBUG o.s.t.c.s.AbstractDelegatingSmartContextLoader - Delegating to AnnotationConfigWebContextLoader to process context configuration [ContextConfigurationAttributes@511e1d04 declaringClass = &apos;edu.ncsu.csc.itrust2.apitest.APIPasswordTest&apos;, classes = &apos;{class edu.ncsu.csc.itrust2.config.RootConfiguration, class edu.ncsu.csc.itrust2.mvc.config.WebMvcConfiguration}&apos;, locations = &apos;{}&apos;, inheritLocations = true, initializers = &apos;{}&apos;, inheritInitializers = true, name = [null], contextLoaderClass = &apos;org.springframework.test.context.ContextLoader&apos;].
21:46:09.795 [main] DEBUG o.s.t.c.support.ActiveProfilesUtils - Could not find an &apos;annotation declaring class&apos; for annotation type [org.springframework.test.context.ActiveProfiles] and class [edu.ncsu.csc.itrust2.apitest.APIPasswordTest]
21:46:09.796 [main] DEBUG o.s.t.c.w.WebTestContextBootstrapper - @TestExecutionListeners is not present for class [edu.ncsu.csc.itrust2.apitest.APIPasswordTest]: using defaults.
21:46:09.796 [main] INFO  o.s.t.c.w.WebTestContextBootstrapper - Loaded default TestExecutionListener class names from location [META-INF/spring.factories]: [org.springframework.security.test.context.support.WithSecurityContextTestExecutionListener, org.springframework.test.context.web.ServletTestExecutionListener, org.springframework.test.context.support.DirtiesContextBeforeModesTestExecutionListener, org.springframework.test.context.support.DependencyInjectionTestExecutionListener, org.springframework.test.context.support.DirtiesContextTestExecutionListener, org.springframework.test.context.transaction.TransactionalTestExecutionListener, org.springframework.test.context.jdbc.SqlScriptsTestExecutionListener]
21:46:09.796 [main] INFO  o.s.t.c.w.WebTestContextBootstrapper - Using TestExecutionListeners: [org.springframework.test.context.web.ServletTestExecutionListener@3646312f, org.springframework.test.context.support.DirtiesContextBeforeModesTestExecutionListener@80fd11b, org.springframework.test.context.support.DependencyInjectionTestExecutionListener@2c7d64c1, org.springframework.test.context.support.DirtiesContextTestExecutionListener@49b9aab1, org.springframework.test.context.transaction.TransactionalTestExecutionListener@4e7125e0, org.springframework.test.context.jdbc.SqlScriptsTestExecutionListener@3800a23c, org.springframework.security.test.context.support.WithSecurityContextTestExecutionListener@7f1c8291]
21:46:09.796 [main] DEBUG o.s.t.annotation.ProfileValueUtils - Retrieved @ProfileValueSourceConfiguration [null] for test class [edu.ncsu.csc.itrust2.apitest.APIPasswordTest]
21:46:09.796 [main] DEBUG o.s.t.annotation.ProfileValueUtils - Retrieved ProfileValueSource type [class org.springframework.test.annotation.SystemProfileValueSource] for class [edu.ncsu.csc.itrust2.apitest.APIPasswordTest]
21:46:09.797 [main] DEBUG o.s.t.annotation.ProfileValueUtils - Retrieved @ProfileValueSourceConfiguration [null] for test class [edu.ncsu.csc.itrust2.apitest.APIPasswordTest]
21:46:09.797 [main] DEBUG o.s.t.annotation.ProfileValueUtils - Retrieved ProfileValueSource type [class org.springframework.test.annotation.SystemProfileValueSource] for class [edu.ncsu.csc.itrust2.apitest.APIPasswordTest]
21:46:09.797 [main] DEBUG o.s.t.annotation.ProfileValueUtils - Retrieved @ProfileValueSourceConfiguration [null] for test class [edu.ncsu.csc.itrust2.apitest.APIPasswordTest]
21:46:09.797 [main] DEBUG o.s.t.annotation.ProfileValueUtils - Retrieved ProfileValueSource type [class org.springframework.test.annotation.SystemProfileValueSource] for class [edu.ncsu.csc.itrust2.apitest.APIPasswordTest]
21:46:09.799 [main] DEBUG o.s.t.c.s.AbstractDirtiesContextTestExecutionListener - Before test class: context [DefaultTestContext@7b7453e1 testClass = APIPasswordTest, testInstance = [null], testMethod = [null], testException = [null], mergedContextConfiguration = [WebMergedContextConfiguration@3ced274a testClass = APIPasswordTest, locations = &apos;{}&apos;, classes = &apos;{class edu.ncsu.csc.itrust2.config.RootConfiguration, class edu.ncsu.csc.itrust2.mvc.config.WebMvcConfiguration}&apos;, contextInitializerClasses = &apos;[]&apos;, activeProfiles = &apos;{}&apos;, propertySourceLocations = &apos;{}&apos;, propertySourceProperties = &apos;{}&apos;, contextCustomizers = set[[empty]], resourceBasePath = &apos;src/main/webapp&apos;, contextLoader = &apos;org.springframework.test.context.web.WebDelegatingSmartContextLoader&apos;, parent = [null]]], class annotated with @DirtiesContext [false] with mode [null].
21:46:09.799 [main] DEBUG o.s.t.annotation.ProfileValueUtils - Retrieved @ProfileValueSourceConfiguration [null] for test class [edu.ncsu.csc.itrust2.apitest.APIPasswordTest]
21:46:09.799 [main] DEBUG o.s.t.annotation.ProfileValueUtils - Retrieved ProfileValueSource type [class org.springframework.test.annotation.SystemProfileValueSource] for class [edu.ncsu.csc.itrust2.apitest.APIPasswordTest]
21:46:09.799 [main] DEBUG o.s.t.c.c.DefaultCacheAwareContextLoaderDelegate - Retrieved ApplicationContext from cache with key [[WebMergedContextConfiguration@3ced274a testClass = APIPasswordTest, locations = &apos;{}&apos;, classes = &apos;{class edu.ncsu.csc.itrust2.config.RootConfiguration, class edu.ncsu.csc.itrust2.mvc.config.WebMvcConfiguration}&apos;, contextInitializerClasses = &apos;[]&apos;, activeProfiles = &apos;{}&apos;, propertySourceLocations = &apos;{}&apos;, propertySourceProperties = &apos;{}&apos;, contextCustomizers = set[[empty]], resourceBasePath = &apos;src/main/webapp&apos;, contextLoader = &apos;org.springframework.test.context.web.WebDelegatingSmartContextLoader&apos;, parent = [null]]]
21:46:09.799 [main] DEBUG o.springframework.test.context.cache - Spring test ApplicationContext cache statistics: [DefaultContextCache@44f35879 size = 1, maxSize = 32, parentContextCount = 0, hitCount = 3, missCount = 1]
21:46:09.800 [main] DEBUG o.s.t.c.w.ServletTestExecutionListener - Setting up MockHttpServletRequest, MockHttpServletResponse, ServletWebRequest, and RequestContextHolder for test context [DefaultTestContext@7b7453e1 testClass = APIPasswordTest, testInstance = edu.ncsu.csc.itrust2.apitest.APIPasswordTest@14163a9, testMethod = [null], testException = [null], mergedContextConfiguration = [WebMergedContextConfiguration@3ced274a testClass = APIPasswordTest, locations = &apos;{}&apos;, classes = &apos;{class edu.ncsu.csc.itrust2.config.RootConfiguration, class edu.ncsu.csc.itrust2.mvc.config.WebMvcConfiguration}&apos;, contextInitializerClasses = &apos;[]&apos;, activeProfiles = &apos;{}&apos;, propertySourceLocations = &apos;{}&apos;, propertySourceProperties = &apos;{}&apos;, contextCustomizers = set[[empty]], resourceBasePath = &apos;src/main/webapp&apos;, contextLoader = &apos;org.springframework.test.context.web.WebDelegatingSmartContextLoader&apos;, parent = [null]]].
21:46:09.800 [main] DEBUG o.s.t.c.s.DependencyInjectionTestExecutionListener - Performing dependency injection for test context [[DefaultTestContext@7b7453e1 testClass = APIPasswordTest, testInstance = edu.ncsu.csc.itrust2.apitest.APIPasswordTest@14163a9, testMethod = [null], testException = [null], mergedContextConfiguration = [WebMergedContextConfiguration@3ced274a testClass = APIPasswordTest, locations = &apos;{}&apos;, classes = &apos;{class edu.ncsu.csc.itrust2.config.RootConfiguration, class edu.ncsu.csc.itrust2.mvc.config.WebMvcConfiguration}&apos;, contextInitializerClasses = &apos;[]&apos;, activeProfiles = &apos;{}&apos;, propertySourceLocations = &apos;{}&apos;, propertySourceProperties = &apos;{}&apos;, contextCustomizers = set[[empty]], resourceBasePath = &apos;src/main/webapp&apos;, contextLoader = &apos;org.springframework.test.context.web.WebDelegatingSmartContextLoader&apos;, parent = [null]]]].
21:46:09.800 [main] DEBUG o.s.t.c.c.DefaultCacheAwareContextLoaderDelegate - Retrieved ApplicationContext from cache with key [[WebMergedContextConfiguration@3ced274a testClass = APIPasswordTest, locations = &apos;{}&apos;, classes = &apos;{class edu.ncsu.csc.itrust2.config.RootConfiguration, class edu.ncsu.csc.itrust2.mvc.config.WebMvcConfiguration}&apos;, contextInitializerClasses = &apos;[]&apos;, activeProfiles = &apos;{}&apos;, propertySourceLocations = &apos;{}&apos;, propertySourceProperties = &apos;{}&apos;, contextCustomizers = set[[empty]], resourceBasePath = &apos;src/main/webapp&apos;, contextLoader = &apos;org.springframework.test.context.web.WebDelegatingSmartContextLoader&apos;, parent = [null]]]
21:46:09.800 [main] DEBUG o.springframework.test.context.cache - Spring test ApplicationContext cache statistics: [DefaultContextCache@44f35879 size = 1, maxSize = 32, parentContextCount = 0, hitCount = 4, missCount = 1]
21:46:09.801 [main] DEBUG o.s.b.f.annotation.InjectionMetadata - Processing injected element of bean &apos;edu.ncsu.csc.itrust2.apitest.APIPasswordTest&apos;: AutowiredFieldElement for private org.springframework.web.context.WebApplicationContext edu.ncsu.csc.itrust2.apitest.APIPasswordTest.context
21:46:09.801 [main] DEBUG o.s.b.f.a.AutowiredAnnotationBeanPostProcessor - Autowiring by type from bean name &apos;edu.ncsu.csc.itrust2.apitest.APIPasswordTest&apos; to bean named &apos;org.springframework.web.context.support.GenericWebApplicationContext@25f7739c&apos;
21:46:09.801 [main] DEBUG o.s.b.f.s.DefaultListableBeanFactory - Returning cached instance of singleton bean &apos;metaDataSourceAdvisor&apos;
21:46:09.802 [main] DEBUG o.s.t.c.s.AbstractDirtiesContextTestExecutionListener - Before test method: context [DefaultTestContext@7b7453e1 testClass = APIPasswordTest, testInstance = edu.ncsu.csc.itrust2.apitest.APIPasswordTest@14163a9, testMethod = testRequestReset@APIPasswordTest, testException = [null], mergedContextConfiguration = [WebMergedContextConfiguration@3ced274a testClass = APIPasswordTest, locations = &apos;{}&apos;, classes = &apos;{class edu.ncsu.csc.itrust2.config.RootConfiguration, class edu.ncsu.csc.itrust2.mvc.config.WebMvcConfiguration}&apos;, contextInitializerClasses = &apos;[]&apos;, activeProfiles = &apos;{}&apos;, propertySourceLocations = &apos;{}&apos;, propertySourceProperties = &apos;{}&apos;, contextCustomizers = set[[empty]], resourceBasePath = &apos;src/main/webapp&apos;, contextLoader = &apos;org.springframework.test.context.web.WebDelegatingSmartContextLoader&apos;, parent = [null]]], class annotated with @DirtiesContext [false] with mode [null], method annotated with @DirtiesContext [false] with mode [null].
21:46:09.803 [main] DEBUG o.s.t.c.c.DefaultCacheAwareContextLoaderDelegate - Retrieved ApplicationContext from cache with key [[WebMergedContextConfiguration@3ced274a testClass = APIPasswordTest, locations = &apos;{}&apos;, classes = &apos;{class edu.ncsu.csc.itrust2.config.RootConfiguration, class edu.ncsu.csc.itrust2.mvc.config.WebMvcConfiguration}&apos;, contextInitializerClasses = &apos;[]&apos;, activeProfiles = &apos;{}&apos;, propertySourceLocations = &apos;{}&apos;, propertySourceProperties = &apos;{}&apos;, contextCustomizers = set[[empty]], resourceBasePath = &apos;src/main/webapp&apos;, contextLoader = &apos;org.springframework.test.context.web.WebDelegatingSmartContextLoader&apos;, parent = [null]]]
21:46:09.803 [main] DEBUG o.springframework.test.context.cache - Spring test ApplicationContext cache statistics: [DefaultContextCache@44f35879 size = 1, maxSize = 32, parentContextCount = 0, hitCount = 5, missCount = 1]
21:46:09.805 [main] DEBUG o.s.b.f.s.DefaultListableBeanFactory - Creating instance of bean &apos;org.springframework.security.test.context.support.WithMockUserSecurityContextFactory&apos;
21:46:09.807 [main] DEBUG o.s.b.f.s.DefaultListableBeanFactory - Finished creating instance of bean &apos;org.springframework.security.test.context.support.WithMockUserSecurityContextFactory&apos;
21:46:09.807 [main] DEBUG o.s.t.w.s.TestDispatcherServlet - Initializing servlet &apos;&apos;
21:46:09.807 [main] DEBUG o.s.w.c.s.StandardServletEnvironment - Adding [servletConfigInitParams] PropertySource with lowest search precedence
21:46:09.807 [main] DEBUG o.s.w.c.s.StandardServletEnvironment - Adding [servletContextInitParams] PropertySource with lowest search precedence
21:46:09.807 [main] DEBUG o.s.w.c.s.StandardServletEnvironment - Adding [systemProperties] PropertySource with lowest search precedence
21:46:09.807 [main] DEBUG o.s.w.c.s.StandardServletEnvironment - Adding [systemEnvironment] PropertySource with lowest search precedence
21:46:09.807 [main] DEBUG o.s.w.c.s.StandardServletEnvironment - Initialized StandardServletEnvironment with PropertySources [servletConfigInitParams,servletContextInitParams,systemProperties,systemEnvironment]
21:46:09.807 [main] INFO  o.s.mock.web.MockServletContext - Initializing Spring FrameworkServlet &apos;&apos;
21:46:09.808 [main] INFO  o.s.t.w.s.TestDispatcherServlet - FrameworkServlet &apos;&apos;: initialization started
21:46:09.808 [main] DEBUG o.s.t.w.s.TestDispatcherServlet - Unable to locate MultipartResolver with name &apos;multipartResolver&apos;: no multipart request handling provided
21:46:09.808 [main] DEBUG o.s.b.f.s.DefaultListableBeanFactory - Creating instance of bean &apos;org.springframework.web.servlet.i18n.AcceptHeaderLocaleResolver&apos;
21:46:09.808 [main] DEBUG o.s.b.f.s.DefaultListableBeanFactory - Finished creating instance of bean &apos;org.springframework.web.servlet.i18n.AcceptHeaderLocaleResolver&apos;
21:46:09.808 [main] DEBUG o.s.t.w.s.TestDispatcherServlet - Unable to locate LocaleResolver with name &apos;localeResolver&apos;: using default [org.springframework.web.servlet.i18n.AcceptHeaderLocaleResolver@4360d2ea]
21:46:09.808 [main] DEBUG o.s.b.f.s.DefaultListableBeanFactory - Creating instance of bean &apos;org.springframework.web.servlet.theme.FixedThemeResolver&apos;
21:46:09.809 [main] DEBUG o.s.b.f.s.DefaultListableBeanFactory - Finished creating instance of bean &apos;org.springframework.web.servlet.theme.FixedThemeResolver&apos;
21:46:09.809 [main] DEBUG o.s.t.w.s.TestDispatcherServlet - Unable to locate ThemeResolver with name &apos;themeResolver&apos;: using default [org.springframework.web.servlet.theme.FixedThemeResolver@16626abb]
21:46:09.809 [main] DEBUG o.s.b.f.s.DefaultListableBeanFactory - Returning cached instance of singleton bean &apos;requestMappingHandlerMapping&apos;
21:46:09.809 [main] DEBUG o.s.b.f.s.DefaultListableBeanFactory - Returning cached instance of singleton bean &apos;viewControllerHandlerMapping&apos;
21:46:09.809 [main] DEBUG o.s.b.f.s.DefaultListableBeanFactory - Returning cached instance of singleton bean &apos;beanNameHandlerMapping&apos;
21:46:09.809 [main] DEBUG o.s.b.f.s.DefaultListableBeanFactory - Returning cached instance of singleton bean &apos;resourceHandlerMapping&apos;
21:46:09.809 [main] DEBUG o.s.b.f.s.DefaultListableBeanFactory - Returning cached instance of singleton bean &apos;defaultServletHandlerMapping&apos;
21:46:09.810 [main] DEBUG o.s.b.f.s.DefaultListableBeanFactory - Returning cached instance of singleton bean &apos;requestMappingHandlerAdapter&apos;
21:46:09.810 [main] DEBUG o.s.b.f.s.DefaultListableBeanFactory - Returning cached instance of singleton bean &apos;httpRequestHandlerAdapter&apos;
21:46:09.810 [main] DEBUG o.s.b.f.s.DefaultListableBeanFactory - Returning cached instance of singleton bean &apos;simpleControllerHandlerAdapter&apos;
21:46:09.810 [main] DEBUG o.s.b.f.s.DefaultListableBeanFactory - Returning cached instance of singleton bean &apos;handlerExceptionResolver&apos;
21:46:09.810 [main] DEBUG o.s.b.f.s.DefaultListableBeanFactory - Creating instance of bean &apos;org.springframework.web.servlet.view.DefaultRequestToViewNameTranslator&apos;
21:46:09.810 [main] DEBUG o.s.b.f.s.DefaultListableBeanFactory - Finished creating instance of bean &apos;org.springframework.web.servlet.view.DefaultRequestToViewNameTranslator&apos;
21:46:09.810 [main] DEBUG o.s.t.w.s.TestDispatcherServlet - Unable to locate RequestToViewNameTranslator with name &apos;viewNameTranslator&apos;: using default [org.springframework.web.servlet.view.DefaultRequestToViewNameTranslator@1c341ff5]
21:46:09.811 [main] DEBUG o.s.b.f.s.DefaultListableBeanFactory - Returning cached instance of singleton bean &apos;mvcViewResolver&apos;
21:46:09.811 [main] DEBUG o.s.b.f.s.DefaultListableBeanFactory - Returning cached instance of singleton bean &apos;viewResolver&apos;
21:46:09.811 [main] DEBUG o.s.b.f.s.DefaultListableBeanFactory - Creating instance of bean &apos;org.springframework.web.servlet.support.SessionFlashMapManager&apos;
21:46:09.811 [main] DEBUG o.s.b.f.s.DefaultListableBeanFactory - Finished creating instance of bean &apos;org.springframework.web.servlet.support.SessionFlashMapManager&apos;
21:46:09.811 [main] DEBUG o.s.t.w.s.TestDispatcherServlet - Unable to locate FlashMapManager with name &apos;flashMapManager&apos;: using default [org.springframework.web.servlet.support.SessionFlashMapManager@15e7f7d8]
21:46:09.811 [main] DEBUG o.s.t.w.s.TestDispatcherServlet - Published WebApplicationContext of servlet &apos;&apos; as ServletContext attribute with name [org.springframework.web.servlet.FrameworkServlet.CONTEXT.]
21:46:09.811 [main] INFO  o.s.t.w.s.TestDispatcherServlet - FrameworkServlet &apos;&apos;: initialization completed in 3 ms
21:46:09.811 [main] DEBUG o.s.t.w.s.TestDispatcherServlet - Servlet &apos;&apos; configured successfully
21:46:09.915 [main] DEBUG o.s.t.c.s.AbstractDirtiesContextTestExecutionListener - After test method: context [DefaultTestContext@7b7453e1 testClass = APIPasswordTest, testInstance = edu.ncsu.csc.itrust2.apitest.APIPasswordTest@14163a9, testMethod = testRequestReset@APIPasswordTest, testException = java.lang.NoClassDefFoundError: Could not initialize class edu.ncsu.csc.itrust2.utils.HibernateUtil, mergedContextConfiguration = [WebMergedContextConfiguration@3ced274a testClass = APIPasswordTest, locations = &apos;{}&apos;, classes = &apos;{class edu.ncsu.csc.itrust2.config.RootConfiguration, class edu.ncsu.csc.itrust2.mvc.config.WebMvcConfiguration}&apos;, contextInitializerClasses = &apos;[]&apos;, activeProfiles = &apos;{}&apos;, propertySourceLocations = &apos;{}&apos;, propertySourceProperties = &apos;{}&apos;, contextCustomizers = set[[empty]], resourceBasePath = &apos;src/main/webapp&apos;, contextLoader = &apos;org.springframework.test.context.web.WebDelegatingSmartContextLoader&apos;, parent = [null]]], class annotated with @DirtiesContext [false] with mode [null], method annotated with @DirtiesContext [false] with mode [null].
21:46:09.915 [main] DEBUG o.s.t.c.w.ServletTestExecutionListener - Resetting RequestContextHolder for test context [DefaultTestContext@7b7453e1 testClass = APIPasswordTest, testInstance = edu.ncsu.csc.itrust2.apitest.APIPasswordTest@14163a9, testMethod = testRequestReset@APIPasswordTest, testException = java.lang.NoClassDefFoundError: Could not initialize class edu.ncsu.csc.itrust2.utils.HibernateUtil, mergedContextConfiguration = [WebMergedContextConfiguration@3ced274a testClass = APIPasswordTest, locations = &apos;{}&apos;, classes = &apos;{class edu.ncsu.csc.itrust2.config.RootConfiguration, class edu.ncsu.csc.itrust2.mvc.config.WebMvcConfiguration}&apos;, contextInitializerClasses = &apos;[]&apos;, activeProfiles = &apos;{}&apos;, propertySourceLocations = &apos;{}&apos;, propertySourceProperties = &apos;{}&apos;, contextCustomizers = set[[empty]], resourceBasePath = &apos;src/main/webapp&apos;, contextLoader = &apos;org.springframework.test.context.web.WebDelegatingSmartContextLoader&apos;, parent = [null]]].
</stdout>
          <failedSince>1</failedSince>
        </case>
        <case>
          <duration>0.001</duration>
          <className>edu.ncsu.csc.itrust2.apitest.APIPasswordTest</className>
          <testName>testInvalidPasswordChanges</testName>
          <skipped>false</skipped>
          <errorStackTrace>java.lang.AssertionError: Status expected:&lt;400&gt; but was:&lt;404&gt;
	at edu.ncsu.csc.itrust2.apitest.APIPasswordTest.testInvalidPasswordChanges(APIPasswordTest.java:161)
</errorStackTrace>
          <errorDetails>Status expected:&lt;400&gt; but was:&lt;404&gt;</errorDetails>
          <stdout>21:46:09.915 [main] DEBUG o.s.t.annotation.ProfileValueUtils - Retrieved @ProfileValueSourceConfiguration [null] for test class [edu.ncsu.csc.itrust2.apitest.APIPasswordTest]
21:46:09.916 [main] DEBUG o.s.t.annotation.ProfileValueUtils - Retrieved ProfileValueSource type [class org.springframework.test.annotation.SystemProfileValueSource] for class [edu.ncsu.csc.itrust2.apitest.APIPasswordTest]
21:46:09.916 [main] DEBUG o.s.t.c.c.DefaultCacheAwareContextLoaderDelegate - Retrieved ApplicationContext from cache with key [[WebMergedContextConfiguration@3ced274a testClass = APIPasswordTest, locations = &apos;{}&apos;, classes = &apos;{class edu.ncsu.csc.itrust2.config.RootConfiguration, class edu.ncsu.csc.itrust2.mvc.config.WebMvcConfiguration}&apos;, contextInitializerClasses = &apos;[]&apos;, activeProfiles = &apos;{}&apos;, propertySourceLocations = &apos;{}&apos;, propertySourceProperties = &apos;{}&apos;, contextCustomizers = set[[empty]], resourceBasePath = &apos;src/main/webapp&apos;, contextLoader = &apos;org.springframework.test.context.web.WebDelegatingSmartContextLoader&apos;, parent = [null]]]
21:46:09.916 [main] DEBUG o.springframework.test.context.cache - Spring test ApplicationContext cache statistics: [DefaultContextCache@44f35879 size = 1, maxSize = 32, parentContextCount = 0, hitCount = 6, missCount = 1]
21:46:09.916 [main] DEBUG o.s.t.c.w.ServletTestExecutionListener - Setting up MockHttpServletRequest, MockHttpServletResponse, ServletWebRequest, and RequestContextHolder for test context [DefaultTestContext@7b7453e1 testClass = APIPasswordTest, testInstance = edu.ncsu.csc.itrust2.apitest.APIPasswordTest@50d5900c, testMethod = [null], testException = [null], mergedContextConfiguration = [WebMergedContextConfiguration@3ced274a testClass = APIPasswordTest, locations = &apos;{}&apos;, classes = &apos;{class edu.ncsu.csc.itrust2.config.RootConfiguration, class edu.ncsu.csc.itrust2.mvc.config.WebMvcConfiguration}&apos;, contextInitializerClasses = &apos;[]&apos;, activeProfiles = &apos;{}&apos;, propertySourceLocations = &apos;{}&apos;, propertySourceProperties = &apos;{}&apos;, contextCustomizers = set[[empty]], resourceBasePath = &apos;src/main/webapp&apos;, contextLoader = &apos;org.springframework.test.context.web.WebDelegatingSmartContextLoader&apos;, parent = [null]]].
21:46:09.916 [main] DEBUG o.s.t.c.s.DependencyInjectionTestExecutionListener - Performing dependency injection for test context [[DefaultTestContext@7b7453e1 testClass = APIPasswordTest, testInstance = edu.ncsu.csc.itrust2.apitest.APIPasswordTest@50d5900c, testMethod = [null], testException = [null], mergedContextConfiguration = [WebMergedContextConfiguration@3ced274a testClass = APIPasswordTest, locations = &apos;{}&apos;, classes = &apos;{class edu.ncsu.csc.itrust2.config.RootConfiguration, class edu.ncsu.csc.itrust2.mvc.config.WebMvcConfiguration}&apos;, contextInitializerClasses = &apos;[]&apos;, activeProfiles = &apos;{}&apos;, propertySourceLocations = &apos;{}&apos;, propertySourceProperties = &apos;{}&apos;, contextCustomizers = set[[empty]], resourceBasePath = &apos;src/main/webapp&apos;, contextLoader = &apos;org.springframework.test.context.web.WebDelegatingSmartContextLoader&apos;, parent = [null]]]].
21:46:09.916 [main] DEBUG o.s.t.c.c.DefaultCacheAwareContextLoaderDelegate - Retrieved ApplicationContext from cache with key [[WebMergedContextConfiguration@3ced274a testClass = APIPasswordTest, locations = &apos;{}&apos;, classes = &apos;{class edu.ncsu.csc.itrust2.config.RootConfiguration, class edu.ncsu.csc.itrust2.mvc.config.WebMvcConfiguration}&apos;, contextInitializerClasses = &apos;[]&apos;, activeProfiles = &apos;{}&apos;, propertySourceLocations = &apos;{}&apos;, propertySourceProperties = &apos;{}&apos;, contextCustomizers = set[[empty]], resourceBasePath = &apos;src/main/webapp&apos;, contextLoader = &apos;org.springframework.test.context.web.WebDelegatingSmartContextLoader&apos;, parent = [null]]]
21:46:09.916 [main] DEBUG o.springframework.test.context.cache - Spring test ApplicationContext cache statistics: [DefaultContextCache@44f35879 size = 1, maxSize = 32, parentContextCount = 0, hitCount = 7, missCount = 1]
21:46:09.916 [main] DEBUG o.s.b.f.annotation.InjectionMetadata - Processing injected element of bean &apos;edu.ncsu.csc.itrust2.apitest.APIPasswordTest&apos;: AutowiredFieldElement for private org.springframework.web.context.WebApplicationContext edu.ncsu.csc.itrust2.apitest.APIPasswordTest.context
21:46:09.917 [main] DEBUG o.s.t.c.s.AbstractDirtiesContextTestExecutionListener - Before test method: context [DefaultTestContext@7b7453e1 testClass = APIPasswordTest, testInstance = edu.ncsu.csc.itrust2.apitest.APIPasswordTest@50d5900c, testMethod = testInvalidPasswordChanges@APIPasswordTest, testException = [null], mergedContextConfiguration = [WebMergedContextConfiguration@3ced274a testClass = APIPasswordTest, locations = &apos;{}&apos;, classes = &apos;{class edu.ncsu.csc.itrust2.config.RootConfiguration, class edu.ncsu.csc.itrust2.mvc.config.WebMvcConfiguration}&apos;, contextInitializerClasses = &apos;[]&apos;, activeProfiles = &apos;{}&apos;, propertySourceLocations = &apos;{}&apos;, propertySourceProperties = &apos;{}&apos;, contextCustomizers = set[[empty]], resourceBasePath = &apos;src/main/webapp&apos;, contextLoader = &apos;org.springframework.test.context.web.WebDelegatingSmartContextLoader&apos;, parent = [null]]], class annotated with @DirtiesContext [false] with mode [null], method annotated with @DirtiesContext [false] with mode [null].
21:46:09.917 [main] DEBUG o.s.t.c.c.DefaultCacheAwareContextLoaderDelegate - Retrieved ApplicationContext from cache with key [[WebMergedContextConfiguration@3ced274a testClass = APIPasswordTest, locations = &apos;{}&apos;, classes = &apos;{class edu.ncsu.csc.itrust2.config.RootConfiguration, class edu.ncsu.csc.itrust2.mvc.config.WebMvcConfiguration}&apos;, contextInitializerClasses = &apos;[]&apos;, activeProfiles = &apos;{}&apos;, propertySourceLocations = &apos;{}&apos;, propertySourceProperties = &apos;{}&apos;, contextCustomizers = set[[empty]], resourceBasePath = &apos;src/main/webapp&apos;, contextLoader = &apos;org.springframework.test.context.web.WebDelegatingSmartContextLoader&apos;, parent = [null]]]
21:46:09.917 [main] DEBUG o.springframework.test.context.cache - Spring test ApplicationContext cache statistics: [DefaultContextCache@44f35879 size = 1, maxSize = 32, parentContextCount = 0, hitCount = 8, missCount = 1]
21:46:09.917 [main] DEBUG o.s.b.f.s.DefaultListableBeanFactory - Creating instance of bean &apos;org.springframework.security.test.context.support.WithMockUserSecurityContextFactory&apos;
21:46:09.917 [main] DEBUG o.s.b.f.s.DefaultListableBeanFactory - Finished creating instance of bean &apos;org.springframework.security.test.context.support.WithMockUserSecurityContextFactory&apos;
21:46:09.917 [main] DEBUG o.s.t.w.s.TestDispatcherServlet - Initializing servlet &apos;&apos;
21:46:09.917 [main] DEBUG o.s.w.c.s.StandardServletEnvironment - Adding [servletConfigInitParams] PropertySource with lowest search precedence
21:46:09.917 [main] DEBUG o.s.w.c.s.StandardServletEnvironment - Adding [servletContextInitParams] PropertySource with lowest search precedence
21:46:09.917 [main] DEBUG o.s.w.c.s.StandardServletEnvironment - Adding [systemProperties] PropertySource with lowest search precedence
21:46:09.917 [main] DEBUG o.s.w.c.s.StandardServletEnvironment - Adding [systemEnvironment] PropertySource with lowest search precedence
21:46:09.917 [main] DEBUG o.s.w.c.s.StandardServletEnvironment - Initialized StandardServletEnvironment with PropertySources [servletConfigInitParams,servletContextInitParams,systemProperties,systemEnvironment]
21:46:09.917 [main] INFO  o.s.mock.web.MockServletContext - Initializing Spring FrameworkServlet &apos;&apos;
21:46:09.917 [main] INFO  o.s.t.w.s.TestDispatcherServlet - FrameworkServlet &apos;&apos;: initialization started
21:46:09.917 [main] DEBUG o.s.t.w.s.TestDispatcherServlet - Unable to locate MultipartResolver with name &apos;multipartResolver&apos;: no multipart request handling provided
21:46:09.918 [main] DEBUG o.s.b.f.s.DefaultListableBeanFactory - Creating instance of bean &apos;org.springframework.web.servlet.i18n.AcceptHeaderLocaleResolver&apos;
21:46:09.918 [main] DEBUG o.s.b.f.s.DefaultListableBeanFactory - Finished creating instance of bean &apos;org.springframework.web.servlet.i18n.AcceptHeaderLocaleResolver&apos;
21:46:09.918 [main] DEBUG o.s.t.w.s.TestDispatcherServlet - Unable to locate LocaleResolver with name &apos;localeResolver&apos;: using default [org.springframework.web.servlet.i18n.AcceptHeaderLocaleResolver@699069e1]
21:46:09.918 [main] DEBUG o.s.b.f.s.DefaultListableBeanFactory - Creating instance of bean &apos;org.springframework.web.servlet.theme.FixedThemeResolver&apos;
21:46:09.918 [main] DEBUG o.s.b.f.s.DefaultListableBeanFactory - Finished creating instance of bean &apos;org.springframework.web.servlet.theme.FixedThemeResolver&apos;
21:46:09.918 [main] DEBUG o.s.t.w.s.TestDispatcherServlet - Unable to locate ThemeResolver with name &apos;themeResolver&apos;: using default [org.springframework.web.servlet.theme.FixedThemeResolver@43631a3c]
21:46:09.918 [main] DEBUG o.s.b.f.s.DefaultListableBeanFactory - Returning cached instance of singleton bean &apos;requestMappingHandlerMapping&apos;
21:46:09.918 [main] DEBUG o.s.b.f.s.DefaultListableBeanFactory - Returning cached instance of singleton bean &apos;viewControllerHandlerMapping&apos;
21:46:09.918 [main] DEBUG o.s.b.f.s.DefaultListableBeanFactory - Returning cached instance of singleton bean &apos;beanNameHandlerMapping&apos;
21:46:09.918 [main] DEBUG o.s.b.f.s.DefaultListableBeanFactory - Returning cached instance of singleton bean &apos;resourceHandlerMapping&apos;
21:46:09.918 [main] DEBUG o.s.b.f.s.DefaultListableBeanFactory - Returning cached instance of singleton bean &apos;defaultServletHandlerMapping&apos;
21:46:09.919 [main] DEBUG o.s.b.f.s.DefaultListableBeanFactory - Returning cached instance of singleton bean &apos;requestMappingHandlerAdapter&apos;
21:46:09.919 [main] DEBUG o.s.b.f.s.DefaultListableBeanFactory - Returning cached instance of singleton bean &apos;httpRequestHandlerAdapter&apos;
21:46:09.919 [main] DEBUG o.s.b.f.s.DefaultListableBeanFactory - Returning cached instance of singleton bean &apos;simpleControllerHandlerAdapter&apos;
21:46:09.919 [main] DEBUG o.s.b.f.s.DefaultListableBeanFactory - Returning cached instance of singleton bean &apos;handlerExceptionResolver&apos;
21:46:09.919 [main] DEBUG o.s.b.f.s.DefaultListableBeanFactory - Creating instance of bean &apos;org.springframework.web.servlet.view.DefaultRequestToViewNameTranslator&apos;
21:46:09.919 [main] DEBUG o.s.b.f.s.DefaultListableBeanFactory - Finished creating instance of bean &apos;org.springframework.web.servlet.view.DefaultRequestToViewNameTranslator&apos;
21:46:09.919 [main] DEBUG o.s.t.w.s.TestDispatcherServlet - Unable to locate RequestToViewNameTranslator with name &apos;viewNameTranslator&apos;: using default [org.springframework.web.servlet.view.DefaultRequestToViewNameTranslator@3fcab7ac]
21:46:09.919 [main] DEBUG o.s.b.f.s.DefaultListableBeanFactory - Returning cached instance of singleton bean &apos;mvcViewResolver&apos;
21:46:09.919 [main] DEBUG o.s.b.f.s.DefaultListableBeanFactory - Returning cached instance of singleton bean &apos;viewResolver&apos;
21:46:09.919 [main] DEBUG o.s.b.f.s.DefaultListableBeanFactory - Creating instance of bean &apos;org.springframework.web.servlet.support.SessionFlashMapManager&apos;
21:46:09.919 [main] DEBUG o.s.b.f.s.DefaultListableBeanFactory - Finished creating instance of bean &apos;org.springframework.web.servlet.support.SessionFlashMapManager&apos;
21:46:09.919 [main] DEBUG o.s.t.w.s.TestDispatcherServlet - Unable to locate FlashMapManager with name &apos;flashMapManager&apos;: using default [org.springframework.web.servlet.support.SessionFlashMapManager@52b858ad]
21:46:09.919 [main] DEBUG o.s.t.w.s.TestDispatcherServlet - Published WebApplicationContext of servlet &apos;&apos; as ServletContext attribute with name [org.springframework.web.servlet.FrameworkServlet.CONTEXT.]
21:46:09.920 [main] INFO  o.s.t.w.s.TestDispatcherServlet - FrameworkServlet &apos;&apos;: initialization completed in 2 ms
21:46:09.920 [main] DEBUG o.s.t.w.s.TestDispatcherServlet - Servlet &apos;&apos; configured successfully
21:46:09.920 [main] DEBUG o.s.t.w.s.TestDispatcherServlet - DispatcherServlet with name &apos;&apos; processing POST request for [/api/v1/changePassword]
21:46:09.921 [main] DEBUG o.s.w.s.m.m.a.RequestMappingHandlerMapping - Looking up handler method for path /api/v1/changePassword
21:46:09.924 [main] DEBUG o.s.w.s.m.m.a.RequestMappingHandlerMapping - Did not find handler method for [/api/v1/changePassword]
21:46:09.924 [main] WARN  o.s.web.servlet.PageNotFound - No mapping found for HTTP request with URI [/api/v1/changePassword] in DispatcherServlet with name &apos;&apos;
21:46:09.924 [main] DEBUG o.s.t.w.s.TestDispatcherServlet - Successfully completed request
21:46:09.930 [main] DEBUG o.s.t.c.s.AbstractDirtiesContextTestExecutionListener - After test method: context [DefaultTestContext@7b7453e1 testClass = APIPasswordTest, testInstance = edu.ncsu.csc.itrust2.apitest.APIPasswordTest@50d5900c, testMethod = testInvalidPasswordChanges@APIPasswordTest, testException = java.lang.AssertionError: Status expected:&lt;400&gt; but was:&lt;404&gt;, mergedContextConfiguration = [WebMergedContextConfiguration@3ced274a testClass = APIPasswordTest, locations = &apos;{}&apos;, classes = &apos;{class edu.ncsu.csc.itrust2.config.RootConfiguration, class edu.ncsu.csc.itrust2.mvc.config.WebMvcConfiguration}&apos;, contextInitializerClasses = &apos;[]&apos;, activeProfiles = &apos;{}&apos;, propertySourceLocations = &apos;{}&apos;, propertySourceProperties = &apos;{}&apos;, contextCustomizers = set[[empty]], resourceBasePath = &apos;src/main/webapp&apos;, contextLoader = &apos;org.springframework.test.context.web.WebDelegatingSmartContextLoader&apos;, parent = [null]]], class annotated with @DirtiesContext [false] with mode [null], method annotated with @DirtiesContext [false] with mode [null].
21:46:09.930 [main] DEBUG o.s.t.c.w.ServletTestExecutionListener - Resetting RequestContextHolder for test context [DefaultTestContext@7b7453e1 testClass = APIPasswordTest, testInstance = edu.ncsu.csc.itrust2.apitest.APIPasswordTest@50d5900c, testMethod = testInvalidPasswordChanges@APIPasswordTest, testException = java.lang.AssertionError: Status expected:&lt;400&gt; but was:&lt;404&gt;, mergedContextConfiguration = [WebMergedContextConfiguration@3ced274a testClass = APIPasswordTest, locations = &apos;{}&apos;, classes = &apos;{class edu.ncsu.csc.itrust2.config.RootConfiguration, class edu.ncsu.csc.itrust2.mvc.config.WebMvcConfiguration}&apos;, contextInitializerClasses = &apos;[]&apos;, activeProfiles = &apos;{}&apos;, propertySourceLocations = &apos;{}&apos;, propertySourceProperties = &apos;{}&apos;, contextCustomizers = set[[empty]], resourceBasePath = &apos;src/main/webapp&apos;, contextLoader = &apos;org.springframework.test.context.web.WebDelegatingSmartContextLoader&apos;, parent = [null]]].
</stdout>
          <failedSince>1</failedSince>
        </case>
        <case>
          <duration>0.001</duration>
          <className>edu.ncsu.csc.itrust2.apitest.APIPasswordTest</className>
          <testName>testValidPasswordChanges</testName>
          <skipped>false</skipped>
          <errorStackTrace>java.lang.NoClassDefFoundError: Could not initialize class edu.ncsu.csc.itrust2.utils.HibernateUtil
	at edu.ncsu.csc.itrust2.apitest.APIPasswordTest.testValidPasswordChanges(APIPasswordTest.java:73)
</errorStackTrace>
          <errorDetails>Could not initialize class edu.ncsu.csc.itrust2.utils.HibernateUtil</errorDetails>
          <stdout>21:46:09.930 [main] DEBUG o.s.t.annotation.ProfileValueUtils - Retrieved @ProfileValueSourceConfiguration [null] for test class [edu.ncsu.csc.itrust2.apitest.APIPasswordTest]
21:46:09.930 [main] DEBUG o.s.t.annotation.ProfileValueUtils - Retrieved ProfileValueSource type [class org.springframework.test.annotation.SystemProfileValueSource] for class [edu.ncsu.csc.itrust2.apitest.APIPasswordTest]
21:46:09.930 [main] DEBUG o.s.t.c.c.DefaultCacheAwareContextLoaderDelegate - Retrieved ApplicationContext from cache with key [[WebMergedContextConfiguration@3ced274a testClass = APIPasswordTest, locations = &apos;{}&apos;, classes = &apos;{class edu.ncsu.csc.itrust2.config.RootConfiguration, class edu.ncsu.csc.itrust2.mvc.config.WebMvcConfiguration}&apos;, contextInitializerClasses = &apos;[]&apos;, activeProfiles = &apos;{}&apos;, propertySourceLocations = &apos;{}&apos;, propertySourceProperties = &apos;{}&apos;, contextCustomizers = set[[empty]], resourceBasePath = &apos;src/main/webapp&apos;, contextLoader = &apos;org.springframework.test.context.web.WebDelegatingSmartContextLoader&apos;, parent = [null]]]
21:46:09.930 [main] DEBUG o.springframework.test.context.cache - Spring test ApplicationContext cache statistics: [DefaultContextCache@44f35879 size = 1, maxSize = 32, parentContextCount = 0, hitCount = 9, missCount = 1]
21:46:09.931 [main] DEBUG o.s.t.c.w.ServletTestExecutionListener - Setting up MockHttpServletRequest, MockHttpServletResponse, ServletWebRequest, and RequestContextHolder for test context [DefaultTestContext@7b7453e1 testClass = APIPasswordTest, testInstance = edu.ncsu.csc.itrust2.apitest.APIPasswordTest@4d73d521, testMethod = [null], testException = [null], mergedContextConfiguration = [WebMergedContextConfiguration@3ced274a testClass = APIPasswordTest, locations = &apos;{}&apos;, classes = &apos;{class edu.ncsu.csc.itrust2.config.RootConfiguration, class edu.ncsu.csc.itrust2.mvc.config.WebMvcConfiguration}&apos;, contextInitializerClasses = &apos;[]&apos;, activeProfiles = &apos;{}&apos;, propertySourceLocations = &apos;{}&apos;, propertySourceProperties = &apos;{}&apos;, contextCustomizers = set[[empty]], resourceBasePath = &apos;src/main/webapp&apos;, contextLoader = &apos;org.springframework.test.context.web.WebDelegatingSmartContextLoader&apos;, parent = [null]]].
21:46:09.931 [main] DEBUG o.s.t.c.s.DependencyInjectionTestExecutionListener - Performing dependency injection for test context [[DefaultTestContext@7b7453e1 testClass = APIPasswordTest, testInstance = edu.ncsu.csc.itrust2.apitest.APIPasswordTest@4d73d521, testMethod = [null], testException = [null], mergedContextConfiguration = [WebMergedContextConfiguration@3ced274a testClass = APIPasswordTest, locations = &apos;{}&apos;, classes = &apos;{class edu.ncsu.csc.itrust2.config.RootConfiguration, class edu.ncsu.csc.itrust2.mvc.config.WebMvcConfiguration}&apos;, contextInitializerClasses = &apos;[]&apos;, activeProfiles = &apos;{}&apos;, propertySourceLocations = &apos;{}&apos;, propertySourceProperties = &apos;{}&apos;, contextCustomizers = set[[empty]], resourceBasePath = &apos;src/main/webapp&apos;, contextLoader = &apos;org.springframework.test.context.web.WebDelegatingSmartContextLoader&apos;, parent = [null]]]].
21:46:09.931 [main] DEBUG o.s.t.c.c.DefaultCacheAwareContextLoaderDelegate - Retrieved ApplicationContext from cache with key [[WebMergedContextConfiguration@3ced274a testClass = APIPasswordTest, locations = &apos;{}&apos;, classes = &apos;{class edu.ncsu.csc.itrust2.config.RootConfiguration, class edu.ncsu.csc.itrust2.mvc.config.WebMvcConfiguration}&apos;, contextInitializerClasses = &apos;[]&apos;, activeProfiles = &apos;{}&apos;, propertySourceLocations = &apos;{}&apos;, propertySourceProperties = &apos;{}&apos;, contextCustomizers = set[[empty]], resourceBasePath = &apos;src/main/webapp&apos;, contextLoader = &apos;org.springframework.test.context.web.WebDelegatingSmartContextLoader&apos;, parent = [null]]]
21:46:09.931 [main] DEBUG o.springframework.test.context.cache - Spring test ApplicationContext cache statistics: [DefaultContextCache@44f35879 size = 1, maxSize = 32, parentContextCount = 0, hitCount = 10, missCount = 1]
21:46:09.931 [main] DEBUG o.s.b.f.annotation.InjectionMetadata - Processing injected element of bean &apos;edu.ncsu.csc.itrust2.apitest.APIPasswordTest&apos;: AutowiredFieldElement for private org.springframework.web.context.WebApplicationContext edu.ncsu.csc.itrust2.apitest.APIPasswordTest.context
21:46:09.931 [main] DEBUG o.s.t.c.s.AbstractDirtiesContextTestExecutionListener - Before test method: context [DefaultTestContext@7b7453e1 testClass = APIPasswordTest, testInstance = edu.ncsu.csc.itrust2.apitest.APIPasswordTest@4d73d521, testMethod = testValidPasswordChanges@APIPasswordTest, testException = [null], mergedContextConfiguration = [WebMergedContextConfiguration@3ced274a testClass = APIPasswordTest, locations = &apos;{}&apos;, classes = &apos;{class edu.ncsu.csc.itrust2.config.RootConfiguration, class edu.ncsu.csc.itrust2.mvc.config.WebMvcConfiguration}&apos;, contextInitializerClasses = &apos;[]&apos;, activeProfiles = &apos;{}&apos;, propertySourceLocations = &apos;{}&apos;, propertySourceProperties = &apos;{}&apos;, contextCustomizers = set[[empty]], resourceBasePath = &apos;src/main/webapp&apos;, contextLoader = &apos;org.springframework.test.context.web.WebDelegatingSmartContextLoader&apos;, parent = [null]]], class annotated with @DirtiesContext [false] with mode [null], method annotated with @DirtiesContext [false] with mode [null].
21:46:09.931 [main] DEBUG o.s.t.c.c.DefaultCacheAwareContextLoaderDelegate - Retrieved ApplicationContext from cache with key [[WebMergedContextConfiguration@3ced274a testClass = APIPasswordTest, locations = &apos;{}&apos;, classes = &apos;{class edu.ncsu.csc.itrust2.config.RootConfiguration, class edu.ncsu.csc.itrust2.mvc.config.WebMvcConfiguration}&apos;, contextInitializerClasses = &apos;[]&apos;, activeProfiles = &apos;{}&apos;, propertySourceLocations = &apos;{}&apos;, propertySourceProperties = &apos;{}&apos;, contextCustomizers = set[[empty]], resourceBasePath = &apos;src/main/webapp&apos;, contextLoader = &apos;org.springframework.test.context.web.WebDelegatingSmartContextLoader&apos;, parent = [null]]]
21:46:09.931 [main] DEBUG o.springframework.test.context.cache - Spring test ApplicationContext cache statistics: [DefaultContextCache@44f35879 size = 1, maxSize = 32, parentContextCount = 0, hitCount = 11, missCount = 1]
21:46:09.932 [main] DEBUG o.s.b.f.s.DefaultListableBeanFactory - Creating instance of bean &apos;org.springframework.security.test.context.support.WithMockUserSecurityContextFactory&apos;
21:46:09.932 [main] DEBUG o.s.b.f.s.DefaultListableBeanFactory - Finished creating instance of bean &apos;org.springframework.security.test.context.support.WithMockUserSecurityContextFactory&apos;
21:46:09.932 [main] DEBUG o.s.t.w.s.TestDispatcherServlet - Initializing servlet &apos;&apos;
21:46:09.932 [main] DEBUG o.s.w.c.s.StandardServletEnvironment - Adding [servletConfigInitParams] PropertySource with lowest search precedence
21:46:09.932 [main] DEBUG o.s.w.c.s.StandardServletEnvironment - Adding [servletContextInitParams] PropertySource with lowest search precedence
21:46:09.932 [main] DEBUG o.s.w.c.s.StandardServletEnvironment - Adding [systemProperties] PropertySource with lowest search precedence
21:46:09.932 [main] DEBUG o.s.w.c.s.StandardServletEnvironment - Adding [systemEnvironment] PropertySource with lowest search precedence
21:46:09.932 [main] DEBUG o.s.w.c.s.StandardServletEnvironment - Initialized StandardServletEnvironment with PropertySources [servletConfigInitParams,servletContextInitParams,systemProperties,systemEnvironment]
21:46:09.932 [main] INFO  o.s.mock.web.MockServletContext - Initializing Spring FrameworkServlet &apos;&apos;
21:46:09.932 [main] INFO  o.s.t.w.s.TestDispatcherServlet - FrameworkServlet &apos;&apos;: initialization started
21:46:09.932 [main] DEBUG o.s.t.w.s.TestDispatcherServlet - Unable to locate MultipartResolver with name &apos;multipartResolver&apos;: no multipart request handling provided
21:46:09.932 [main] DEBUG o.s.b.f.s.DefaultListableBeanFactory - Creating instance of bean &apos;org.springframework.web.servlet.i18n.AcceptHeaderLocaleResolver&apos;
21:46:09.932 [main] DEBUG o.s.b.f.s.DefaultListableBeanFactory - Finished creating instance of bean &apos;org.springframework.web.servlet.i18n.AcceptHeaderLocaleResolver&apos;
21:46:09.932 [main] DEBUG o.s.t.w.s.TestDispatcherServlet - Unable to locate LocaleResolver with name &apos;localeResolver&apos;: using default [org.springframework.web.servlet.i18n.AcceptHeaderLocaleResolver@67157e3b]
21:46:09.932 [main] DEBUG o.s.b.f.s.DefaultListableBeanFactory - Creating instance of bean &apos;org.springframework.web.servlet.theme.FixedThemeResolver&apos;
21:46:09.933 [main] DEBUG o.s.b.f.s.DefaultListableBeanFactory - Finished creating instance of bean &apos;org.springframework.web.servlet.theme.FixedThemeResolver&apos;
21:46:09.933 [main] DEBUG o.s.t.w.s.TestDispatcherServlet - Unable to locate ThemeResolver with name &apos;themeResolver&apos;: using default [org.springframework.web.servlet.theme.FixedThemeResolver@79dd885a]
21:46:09.933 [main] DEBUG o.s.b.f.s.DefaultListableBeanFactory - Returning cached instance of singleton bean &apos;requestMappingHandlerMapping&apos;
21:46:09.933 [main] DEBUG o.s.b.f.s.DefaultListableBeanFactory - Returning cached instance of singleton bean &apos;viewControllerHandlerMapping&apos;
21:46:09.933 [main] DEBUG o.s.b.f.s.DefaultListableBeanFactory - Returning cached instance of singleton bean &apos;beanNameHandlerMapping&apos;
21:46:09.933 [main] DEBUG o.s.b.f.s.DefaultListableBeanFactory - Returning cached instance of singleton bean &apos;resourceHandlerMapping&apos;
21:46:09.933 [main] DEBUG o.s.b.f.s.DefaultListableBeanFactory - Returning cached instance of singleton bean &apos;defaultServletHandlerMapping&apos;
21:46:09.933 [main] DEBUG o.s.b.f.s.DefaultListableBeanFactory - Returning cached instance of singleton bean &apos;requestMappingHandlerAdapter&apos;
21:46:09.933 [main] DEBUG o.s.b.f.s.DefaultListableBeanFactory - Returning cached instance of singleton bean &apos;httpRequestHandlerAdapter&apos;
21:46:09.933 [main] DEBUG o.s.b.f.s.DefaultListableBeanFactory - Returning cached instance of singleton bean &apos;simpleControllerHandlerAdapter&apos;
21:46:09.933 [main] DEBUG o.s.b.f.s.DefaultListableBeanFactory - Returning cached instance of singleton bean &apos;handlerExceptionResolver&apos;
21:46:09.933 [main] DEBUG o.s.b.f.s.DefaultListableBeanFactory - Creating instance of bean &apos;org.springframework.web.servlet.view.DefaultRequestToViewNameTranslator&apos;
21:46:09.934 [main] DEBUG o.s.b.f.s.DefaultListableBeanFactory - Finished creating instance of bean &apos;org.springframework.web.servlet.view.DefaultRequestToViewNameTranslator&apos;
21:46:09.934 [main] DEBUG o.s.t.w.s.TestDispatcherServlet - Unable to locate RequestToViewNameTranslator with name &apos;viewNameTranslator&apos;: using default [org.springframework.web.servlet.view.DefaultRequestToViewNameTranslator@2ad4909d]
21:46:09.934 [main] DEBUG o.s.b.f.s.DefaultListableBeanFactory - Returning cached instance of singleton bean &apos;mvcViewResolver&apos;
21:46:09.934 [main] DEBUG o.s.b.f.s.DefaultListableBeanFactory - Returning cached instance of singleton bean &apos;viewResolver&apos;
21:46:09.934 [main] DEBUG o.s.b.f.s.DefaultListableBeanFactory - Creating instance of bean &apos;org.springframework.web.servlet.support.SessionFlashMapManager&apos;
21:46:09.934 [main] DEBUG o.s.b.f.s.DefaultListableBeanFactory - Finished creating instance of bean &apos;org.springframework.web.servlet.support.SessionFlashMapManager&apos;
21:46:09.934 [main] DEBUG o.s.t.w.s.TestDispatcherServlet - Unable to locate FlashMapManager with name &apos;flashMapManager&apos;: using default [org.springframework.web.servlet.support.SessionFlashMapManager@4b880ae3]
21:46:09.934 [main] DEBUG o.s.t.w.s.TestDispatcherServlet - Published WebApplicationContext of servlet &apos;&apos; as ServletContext attribute with name [org.springframework.web.servlet.FrameworkServlet.CONTEXT.]
21:46:09.934 [main] INFO  o.s.t.w.s.TestDispatcherServlet - FrameworkServlet &apos;&apos;: initialization completed in 2 ms
21:46:09.934 [main] DEBUG o.s.t.w.s.TestDispatcherServlet - Servlet &apos;&apos; configured successfully
21:46:10.036 [main] DEBUG o.s.t.c.s.AbstractDirtiesContextTestExecutionListener - After test method: context [DefaultTestContext@7b7453e1 testClass = APIPasswordTest, testInstance = edu.ncsu.csc.itrust2.apitest.APIPasswordTest@4d73d521, testMethod = testValidPasswordChanges@APIPasswordTest, testException = java.lang.NoClassDefFoundError: Could not initialize class edu.ncsu.csc.itrust2.utils.HibernateUtil, mergedContextConfiguration = [WebMergedContextConfiguration@3ced274a testClass = APIPasswordTest, locations = &apos;{}&apos;, classes = &apos;{class edu.ncsu.csc.itrust2.config.RootConfiguration, class edu.ncsu.csc.itrust2.mvc.config.WebMvcConfiguration}&apos;, contextInitializerClasses = &apos;[]&apos;, activeProfiles = &apos;{}&apos;, propertySourceLocations = &apos;{}&apos;, propertySourceProperties = &apos;{}&apos;, contextCustomizers = set[[empty]], resourceBasePath = &apos;src/main/webapp&apos;, contextLoader = &apos;org.springframework.test.context.web.WebDelegatingSmartContextLoader&apos;, parent = [null]]], class annotated with @DirtiesContext [false] with mode [null], method annotated with @DirtiesContext [false] with mode [null].
21:46:10.036 [main] DEBUG o.s.t.c.w.ServletTestExecutionListener - Resetting RequestContextHolder for test context [DefaultTestContext@7b7453e1 testClass = APIPasswordTest, testInstance = edu.ncsu.csc.itrust2.apitest.APIPasswordTest@4d73d521, testMethod = testValidPasswordChanges@APIPasswordTest, testException = java.lang.NoClassDefFoundError: Could not initialize class edu.ncsu.csc.itrust2.utils.HibernateUtil, mergedContextConfiguration = [WebMergedContextConfiguration@3ced274a testClass = APIPasswordTest, locations = &apos;{}&apos;, classes = &apos;{class edu.ncsu.csc.itrust2.config.RootConfiguration, class edu.ncsu.csc.itrust2.mvc.config.WebMvcConfiguration}&apos;, contextInitializerClasses = &apos;[]&apos;, activeProfiles = &apos;{}&apos;, propertySourceLocations = &apos;{}&apos;, propertySourceProperties = &apos;{}&apos;, contextCustomizers = set[[empty]], resourceBasePath = &apos;src/main/webapp&apos;, contextLoader = &apos;org.springframework.test.context.web.WebDelegatingSmartContextLoader&apos;, parent = [null]]].
</stdout>
          <failedSince>1</failedSince>
        </case>
      </cases>
    </suite>
    <suite>
      <file>/var/lib/jenkins/jobs/iTrust_Fuzzer/workspace/iTrust2/target/surefire-reports/TEST-edu.ncsu.csc.itrust2.apitest.APIPatientTest.xml</file>
      <name>edu.ncsu.csc.itrust2.apitest.APIPatientTest</name>
      <duration>0.001</duration>
      <time>0.001</time>
      <enclosingBlocks/>
      <enclosingBlockNames/>
      <cases>
        <case>
          <duration>0.0</duration>
          <className>edu.ncsu.csc.itrust2.apitest.APIPatientTest</className>
          <testName>testGetNonExistentPatient</testName>
          <skipped>false</skipped>
          <failedSince>0</failedSince>
        </case>
        <case>
          <duration>0.0</duration>
          <className>edu.ncsu.csc.itrust2.apitest.APIPatientTest</className>
          <testName>testPatientAPI</testName>
          <skipped>false</skipped>
          <errorStackTrace>java.lang.NoClassDefFoundError: Could not initialize class edu.ncsu.csc.itrust2.utils.HibernateUtil
	at edu.ncsu.csc.itrust2.apitest.APIPatientTest.testPatientAPI(APIPatientTest.java:82)
</errorStackTrace>
          <errorDetails>Could not initialize class edu.ncsu.csc.itrust2.utils.HibernateUtil</errorDetails>
          <stdout>21:46:10.151 [main] DEBUG o.s.t.annotation.ProfileValueUtils - Retrieved @ProfileValueSourceConfiguration [null] for test class [edu.ncsu.csc.itrust2.apitest.APIPatientTest]
21:46:10.151 [main] DEBUG o.s.t.annotation.ProfileValueUtils - Retrieved ProfileValueSource type [class org.springframework.test.annotation.SystemProfileValueSource] for class [edu.ncsu.csc.itrust2.apitest.APIPatientTest]
21:46:10.151 [main] DEBUG o.s.t.c.c.DefaultCacheAwareContextLoaderDelegate - Retrieved ApplicationContext from cache with key [[WebMergedContextConfiguration@3c69b6b5 testClass = APIPatientTest, locations = &apos;{}&apos;, classes = &apos;{class edu.ncsu.csc.itrust2.config.RootConfiguration, class edu.ncsu.csc.itrust2.mvc.config.WebMvcConfiguration}&apos;, contextInitializerClasses = &apos;[]&apos;, activeProfiles = &apos;{}&apos;, propertySourceLocations = &apos;{}&apos;, propertySourceProperties = &apos;{}&apos;, contextCustomizers = set[[empty]], resourceBasePath = &apos;src/main/webapp&apos;, contextLoader = &apos;org.springframework.test.context.web.WebDelegatingSmartContextLoader&apos;, parent = [null]]]
21:46:10.152 [main] DEBUG o.springframework.test.context.cache - Spring test ApplicationContext cache statistics: [DefaultContextCache@44f35879 size = 1, maxSize = 32, parentContextCount = 0, hitCount = 37, missCount = 1]
21:46:10.152 [main] DEBUG o.s.t.c.w.ServletTestExecutionListener - Setting up MockHttpServletRequest, MockHttpServletResponse, ServletWebRequest, and RequestContextHolder for test context [DefaultTestContext@3cafe02d testClass = APIPatientTest, testInstance = edu.ncsu.csc.itrust2.apitest.APIPatientTest@3aa9a1e3, testMethod = [null], testException = [null], mergedContextConfiguration = [WebMergedContextConfiguration@3c69b6b5 testClass = APIPatientTest, locations = &apos;{}&apos;, classes = &apos;{class edu.ncsu.csc.itrust2.config.RootConfiguration, class edu.ncsu.csc.itrust2.mvc.config.WebMvcConfiguration}&apos;, contextInitializerClasses = &apos;[]&apos;, activeProfiles = &apos;{}&apos;, propertySourceLocations = &apos;{}&apos;, propertySourceProperties = &apos;{}&apos;, contextCustomizers = set[[empty]], resourceBasePath = &apos;src/main/webapp&apos;, contextLoader = &apos;org.springframework.test.context.web.WebDelegatingSmartContextLoader&apos;, parent = [null]]].
21:46:10.153 [main] DEBUG o.s.t.c.s.DependencyInjectionTestExecutionListener - Performing dependency injection for test context [[DefaultTestContext@3cafe02d testClass = APIPatientTest, testInstance = edu.ncsu.csc.itrust2.apitest.APIPatientTest@3aa9a1e3, testMethod = [null], testException = [null], mergedContextConfiguration = [WebMergedContextConfiguration@3c69b6b5 testClass = APIPatientTest, locations = &apos;{}&apos;, classes = &apos;{class edu.ncsu.csc.itrust2.config.RootConfiguration, class edu.ncsu.csc.itrust2.mvc.config.WebMvcConfiguration}&apos;, contextInitializerClasses = &apos;[]&apos;, activeProfiles = &apos;{}&apos;, propertySourceLocations = &apos;{}&apos;, propertySourceProperties = &apos;{}&apos;, contextCustomizers = set[[empty]], resourceBasePath = &apos;src/main/webapp&apos;, contextLoader = &apos;org.springframework.test.context.web.WebDelegatingSmartContextLoader&apos;, parent = [null]]]].
21:46:10.153 [main] DEBUG o.s.t.c.c.DefaultCacheAwareContextLoaderDelegate - Retrieved ApplicationContext from cache with key [[WebMergedContextConfiguration@3c69b6b5 testClass = APIPatientTest, locations = &apos;{}&apos;, classes = &apos;{class edu.ncsu.csc.itrust2.config.RootConfiguration, class edu.ncsu.csc.itrust2.mvc.config.WebMvcConfiguration}&apos;, contextInitializerClasses = &apos;[]&apos;, activeProfiles = &apos;{}&apos;, propertySourceLocations = &apos;{}&apos;, propertySourceProperties = &apos;{}&apos;, contextCustomizers = set[[empty]], resourceBasePath = &apos;src/main/webapp&apos;, contextLoader = &apos;org.springframework.test.context.web.WebDelegatingSmartContextLoader&apos;, parent = [null]]]
21:46:10.153 [main] DEBUG o.springframework.test.context.cache - Spring test ApplicationContext cache statistics: [DefaultContextCache@44f35879 size = 1, maxSize = 32, parentContextCount = 0, hitCount = 38, missCount = 1]
21:46:10.153 [main] DEBUG o.s.b.f.annotation.InjectionMetadata - Processing injected element of bean &apos;edu.ncsu.csc.itrust2.apitest.APIPatientTest&apos;: AutowiredFieldElement for private org.springframework.web.context.WebApplicationContext edu.ncsu.csc.itrust2.apitest.APIPatientTest.context
21:46:10.154 [main] DEBUG o.s.t.c.s.AbstractDirtiesContextTestExecutionListener - Before test method: context [DefaultTestContext@3cafe02d testClass = APIPatientTest, testInstance = edu.ncsu.csc.itrust2.apitest.APIPatientTest@3aa9a1e3, testMethod = testPatientAPI@APIPatientTest, testException = [null], mergedContextConfiguration = [WebMergedContextConfiguration@3c69b6b5 testClass = APIPatientTest, locations = &apos;{}&apos;, classes = &apos;{class edu.ncsu.csc.itrust2.config.RootConfiguration, class edu.ncsu.csc.itrust2.mvc.config.WebMvcConfiguration}&apos;, contextInitializerClasses = &apos;[]&apos;, activeProfiles = &apos;{}&apos;, propertySourceLocations = &apos;{}&apos;, propertySourceProperties = &apos;{}&apos;, contextCustomizers = set[[empty]], resourceBasePath = &apos;src/main/webapp&apos;, contextLoader = &apos;org.springframework.test.context.web.WebDelegatingSmartContextLoader&apos;, parent = [null]]], class annotated with @DirtiesContext [false] with mode [null], method annotated with @DirtiesContext [false] with mode [null].
21:46:10.154 [main] DEBUG o.s.t.c.c.DefaultCacheAwareContextLoaderDelegate - Retrieved ApplicationContext from cache with key [[WebMergedContextConfiguration@3c69b6b5 testClass = APIPatientTest, locations = &apos;{}&apos;, classes = &apos;{class edu.ncsu.csc.itrust2.config.RootConfiguration, class edu.ncsu.csc.itrust2.mvc.config.WebMvcConfiguration}&apos;, contextInitializerClasses = &apos;[]&apos;, activeProfiles = &apos;{}&apos;, propertySourceLocations = &apos;{}&apos;, propertySourceProperties = &apos;{}&apos;, contextCustomizers = set[[empty]], resourceBasePath = &apos;src/main/webapp&apos;, contextLoader = &apos;org.springframework.test.context.web.WebDelegatingSmartContextLoader&apos;, parent = [null]]]
21:46:10.154 [main] DEBUG o.springframework.test.context.cache - Spring test ApplicationContext cache statistics: [DefaultContextCache@44f35879 size = 1, maxSize = 32, parentContextCount = 0, hitCount = 39, missCount = 1]
21:46:10.154 [main] DEBUG o.s.b.f.s.DefaultListableBeanFactory - Creating instance of bean &apos;org.springframework.security.test.context.support.WithMockUserSecurityContextFactory&apos;
21:46:10.155 [main] DEBUG o.s.b.f.s.DefaultListableBeanFactory - Finished creating instance of bean &apos;org.springframework.security.test.context.support.WithMockUserSecurityContextFactory&apos;
21:46:10.155 [main] DEBUG o.s.t.w.s.TestDispatcherServlet - Initializing servlet &apos;&apos;
21:46:10.155 [main] DEBUG o.s.w.c.s.StandardServletEnvironment - Adding [servletConfigInitParams] PropertySource with lowest search precedence
21:46:10.155 [main] DEBUG o.s.w.c.s.StandardServletEnvironment - Adding [servletContextInitParams] PropertySource with lowest search precedence
21:46:10.155 [main] DEBUG o.s.w.c.s.StandardServletEnvironment - Adding [systemProperties] PropertySource with lowest search precedence
21:46:10.155 [main] DEBUG o.s.w.c.s.StandardServletEnvironment - Adding [systemEnvironment] PropertySource with lowest search precedence
21:46:10.155 [main] DEBUG o.s.w.c.s.StandardServletEnvironment - Initialized StandardServletEnvironment with PropertySources [servletConfigInitParams,servletContextInitParams,systemProperties,systemEnvironment]
21:46:10.155 [main] INFO  o.s.mock.web.MockServletContext - Initializing Spring FrameworkServlet &apos;&apos;
21:46:10.155 [main] INFO  o.s.t.w.s.TestDispatcherServlet - FrameworkServlet &apos;&apos;: initialization started
21:46:10.155 [main] DEBUG o.s.t.w.s.TestDispatcherServlet - Unable to locate MultipartResolver with name &apos;multipartResolver&apos;: no multipart request handling provided
21:46:10.156 [main] DEBUG o.s.b.f.s.DefaultListableBeanFactory - Creating instance of bean &apos;org.springframework.web.servlet.i18n.AcceptHeaderLocaleResolver&apos;
21:46:10.156 [main] DEBUG o.s.b.f.s.DefaultListableBeanFactory - Finished creating instance of bean &apos;org.springframework.web.servlet.i18n.AcceptHeaderLocaleResolver&apos;
21:46:10.156 [main] DEBUG o.s.t.w.s.TestDispatcherServlet - Unable to locate LocaleResolver with name &apos;localeResolver&apos;: using default [org.springframework.web.servlet.i18n.AcceptHeaderLocaleResolver@439026ea]
21:46:10.156 [main] DEBUG o.s.b.f.s.DefaultListableBeanFactory - Creating instance of bean &apos;org.springframework.web.servlet.theme.FixedThemeResolver&apos;
21:46:10.156 [main] DEBUG o.s.b.f.s.DefaultListableBeanFactory - Finished creating instance of bean &apos;org.springframework.web.servlet.theme.FixedThemeResolver&apos;
21:46:10.156 [main] DEBUG o.s.t.w.s.TestDispatcherServlet - Unable to locate ThemeResolver with name &apos;themeResolver&apos;: using default [org.springframework.web.servlet.theme.FixedThemeResolver@28920016]
21:46:10.157 [main] DEBUG o.s.b.f.s.DefaultListableBeanFactory - Returning cached instance of singleton bean &apos;requestMappingHandlerMapping&apos;
21:46:10.157 [main] DEBUG o.s.b.f.s.DefaultListableBeanFactory - Returning cached instance of singleton bean &apos;viewControllerHandlerMapping&apos;
21:46:10.157 [main] DEBUG o.s.b.f.s.DefaultListableBeanFactory - Returning cached instance of singleton bean &apos;beanNameHandlerMapping&apos;
21:46:10.157 [main] DEBUG o.s.b.f.s.DefaultListableBeanFactory - Returning cached instance of singleton bean &apos;resourceHandlerMapping&apos;
21:46:10.157 [main] DEBUG o.s.b.f.s.DefaultListableBeanFactory - Returning cached instance of singleton bean &apos;defaultServletHandlerMapping&apos;
21:46:10.157 [main] DEBUG o.s.b.f.s.DefaultListableBeanFactory - Returning cached instance of singleton bean &apos;requestMappingHandlerAdapter&apos;
21:46:10.157 [main] DEBUG o.s.b.f.s.DefaultListableBeanFactory - Returning cached instance of singleton bean &apos;httpRequestHandlerAdapter&apos;
21:46:10.157 [main] DEBUG o.s.b.f.s.DefaultListableBeanFactory - Returning cached instance of singleton bean &apos;simpleControllerHandlerAdapter&apos;
21:46:10.157 [main] DEBUG o.s.b.f.s.DefaultListableBeanFactory - Returning cached instance of singleton bean &apos;handlerExceptionResolver&apos;
21:46:10.157 [main] DEBUG o.s.b.f.s.DefaultListableBeanFactory - Creating instance of bean &apos;org.springframework.web.servlet.view.DefaultRequestToViewNameTranslator&apos;
21:46:10.157 [main] DEBUG o.s.b.f.s.DefaultListableBeanFactory - Finished creating instance of bean &apos;org.springframework.web.servlet.view.DefaultRequestToViewNameTranslator&apos;
21:46:10.157 [main] DEBUG o.s.t.w.s.TestDispatcherServlet - Unable to locate RequestToViewNameTranslator with name &apos;viewNameTranslator&apos;: using default [org.springframework.web.servlet.view.DefaultRequestToViewNameTranslator@5f430a5e]
21:46:10.157 [main] DEBUG o.s.b.f.s.DefaultListableBeanFactory - Returning cached instance of singleton bean &apos;mvcViewResolver&apos;
21:46:10.157 [main] DEBUG o.s.b.f.s.DefaultListableBeanFactory - Returning cached instance of singleton bean &apos;viewResolver&apos;
21:46:10.157 [main] DEBUG o.s.b.f.s.DefaultListableBeanFactory - Creating instance of bean &apos;org.springframework.web.servlet.support.SessionFlashMapManager&apos;
21:46:10.158 [main] DEBUG o.s.b.f.s.DefaultListableBeanFactory - Finished creating instance of bean &apos;org.springframework.web.servlet.support.SessionFlashMapManager&apos;
21:46:10.158 [main] DEBUG o.s.t.w.s.TestDispatcherServlet - Unable to locate FlashMapManager with name &apos;flashMapManager&apos;: using default [org.springframework.web.servlet.support.SessionFlashMapManager@54392ee5]
21:46:10.158 [main] DEBUG o.s.t.w.s.TestDispatcherServlet - Published WebApplicationContext of servlet &apos;&apos; as ServletContext attribute with name [org.springframework.web.servlet.FrameworkServlet.CONTEXT.]
21:46:10.158 [main] INFO  o.s.t.w.s.TestDispatcherServlet - FrameworkServlet &apos;&apos;: initialization completed in 3 ms
21:46:10.158 [main] DEBUG o.s.t.w.s.TestDispatcherServlet - Servlet &apos;&apos; configured successfully
21:46:10.158 [main] DEBUG o.s.t.c.s.AbstractDirtiesContextTestExecutionListener - After test method: context [DefaultTestContext@3cafe02d testClass = APIPatientTest, testInstance = edu.ncsu.csc.itrust2.apitest.APIPatientTest@3aa9a1e3, testMethod = testPatientAPI@APIPatientTest, testException = java.lang.NoClassDefFoundError: Could not initialize class edu.ncsu.csc.itrust2.utils.HibernateUtil, mergedContextConfiguration = [WebMergedContextConfiguration@3c69b6b5 testClass = APIPatientTest, locations = &apos;{}&apos;, classes = &apos;{class edu.ncsu.csc.itrust2.config.RootConfiguration, class edu.ncsu.csc.itrust2.mvc.config.WebMvcConfiguration}&apos;, contextInitializerClasses = &apos;[]&apos;, activeProfiles = &apos;{}&apos;, propertySourceLocations = &apos;{}&apos;, propertySourceProperties = &apos;{}&apos;, contextCustomizers = set[[empty]], resourceBasePath = &apos;src/main/webapp&apos;, contextLoader = &apos;org.springframework.test.context.web.WebDelegatingSmartContextLoader&apos;, parent = [null]]], class annotated with @DirtiesContext [false] with mode [null], method annotated with @DirtiesContext [false] with mode [null].
21:46:10.158 [main] DEBUG o.s.t.c.w.ServletTestExecutionListener - Resetting RequestContextHolder for test context [DefaultTestContext@3cafe02d testClass = APIPatientTest, testInstance = edu.ncsu.csc.itrust2.apitest.APIPatientTest@3aa9a1e3, testMethod = testPatientAPI@APIPatientTest, testException = java.lang.NoClassDefFoundError: Could not initialize class edu.ncsu.csc.itrust2.utils.HibernateUtil, mergedContextConfiguration = [WebMergedContextConfiguration@3c69b6b5 testClass = APIPatientTest, locations = &apos;{}&apos;, classes = &apos;{class edu.ncsu.csc.itrust2.config.RootConfiguration, class edu.ncsu.csc.itrust2.mvc.config.WebMvcConfiguration}&apos;, contextInitializerClasses = &apos;[]&apos;, activeProfiles = &apos;{}&apos;, propertySourceLocations = &apos;{}&apos;, propertySourceProperties = &apos;{}&apos;, contextCustomizers = set[[empty]], resourceBasePath = &apos;src/main/webapp&apos;, contextLoader = &apos;org.springframework.test.context.web.WebDelegatingSmartContextLoader&apos;, parent = [null]]].
</stdout>
          <failedSince>1</failedSince>
        </case>
        <case>
          <duration>0.0</duration>
          <className>edu.ncsu.csc.itrust2.apitest.APIPatientTest</className>
          <testName>testPatientAsPatient</testName>
          <skipped>false</skipped>
          <errorStackTrace>java.lang.NoClassDefFoundError: Could not initialize class edu.ncsu.csc.itrust2.utils.HibernateUtil
	at edu.ncsu.csc.itrust2.apitest.APIPatientTest.testPatientAsPatient(APIPatientTest.java:185)
</errorStackTrace>
          <errorDetails>Could not initialize class edu.ncsu.csc.itrust2.utils.HibernateUtil</errorDetails>
          <stdout>21:46:10.158 [main] DEBUG o.s.t.annotation.ProfileValueUtils - Retrieved @ProfileValueSourceConfiguration [null] for test class [edu.ncsu.csc.itrust2.apitest.APIPatientTest]
21:46:10.158 [main] DEBUG o.s.t.annotation.ProfileValueUtils - Retrieved ProfileValueSource type [class org.springframework.test.annotation.SystemProfileValueSource] for class [edu.ncsu.csc.itrust2.apitest.APIPatientTest]
21:46:10.159 [main] DEBUG o.s.t.c.c.DefaultCacheAwareContextLoaderDelegate - Retrieved ApplicationContext from cache with key [[WebMergedContextConfiguration@3c69b6b5 testClass = APIPatientTest, locations = &apos;{}&apos;, classes = &apos;{class edu.ncsu.csc.itrust2.config.RootConfiguration, class edu.ncsu.csc.itrust2.mvc.config.WebMvcConfiguration}&apos;, contextInitializerClasses = &apos;[]&apos;, activeProfiles = &apos;{}&apos;, propertySourceLocations = &apos;{}&apos;, propertySourceProperties = &apos;{}&apos;, contextCustomizers = set[[empty]], resourceBasePath = &apos;src/main/webapp&apos;, contextLoader = &apos;org.springframework.test.context.web.WebDelegatingSmartContextLoader&apos;, parent = [null]]]
21:46:10.159 [main] DEBUG o.springframework.test.context.cache - Spring test ApplicationContext cache statistics: [DefaultContextCache@44f35879 size = 1, maxSize = 32, parentContextCount = 0, hitCount = 40, missCount = 1]
21:46:10.159 [main] DEBUG o.s.t.c.w.ServletTestExecutionListener - Setting up MockHttpServletRequest, MockHttpServletResponse, ServletWebRequest, and RequestContextHolder for test context [DefaultTestContext@3cafe02d testClass = APIPatientTest, testInstance = edu.ncsu.csc.itrust2.apitest.APIPatientTest@16dcf5fe, testMethod = [null], testException = [null], mergedContextConfiguration = [WebMergedContextConfiguration@3c69b6b5 testClass = APIPatientTest, locations = &apos;{}&apos;, classes = &apos;{class edu.ncsu.csc.itrust2.config.RootConfiguration, class edu.ncsu.csc.itrust2.mvc.config.WebMvcConfiguration}&apos;, contextInitializerClasses = &apos;[]&apos;, activeProfiles = &apos;{}&apos;, propertySourceLocations = &apos;{}&apos;, propertySourceProperties = &apos;{}&apos;, contextCustomizers = set[[empty]], resourceBasePath = &apos;src/main/webapp&apos;, contextLoader = &apos;org.springframework.test.context.web.WebDelegatingSmartContextLoader&apos;, parent = [null]]].
21:46:10.159 [main] DEBUG o.s.t.c.s.DependencyInjectionTestExecutionListener - Performing dependency injection for test context [[DefaultTestContext@3cafe02d testClass = APIPatientTest, testInstance = edu.ncsu.csc.itrust2.apitest.APIPatientTest@16dcf5fe, testMethod = [null], testException = [null], mergedContextConfiguration = [WebMergedContextConfiguration@3c69b6b5 testClass = APIPatientTest, locations = &apos;{}&apos;, classes = &apos;{class edu.ncsu.csc.itrust2.config.RootConfiguration, class edu.ncsu.csc.itrust2.mvc.config.WebMvcConfiguration}&apos;, contextInitializerClasses = &apos;[]&apos;, activeProfiles = &apos;{}&apos;, propertySourceLocations = &apos;{}&apos;, propertySourceProperties = &apos;{}&apos;, contextCustomizers = set[[empty]], resourceBasePath = &apos;src/main/webapp&apos;, contextLoader = &apos;org.springframework.test.context.web.WebDelegatingSmartContextLoader&apos;, parent = [null]]]].
21:46:10.159 [main] DEBUG o.s.t.c.c.DefaultCacheAwareContextLoaderDelegate - Retrieved ApplicationContext from cache with key [[WebMergedContextConfiguration@3c69b6b5 testClass = APIPatientTest, locations = &apos;{}&apos;, classes = &apos;{class edu.ncsu.csc.itrust2.config.RootConfiguration, class edu.ncsu.csc.itrust2.mvc.config.WebMvcConfiguration}&apos;, contextInitializerClasses = &apos;[]&apos;, activeProfiles = &apos;{}&apos;, propertySourceLocations = &apos;{}&apos;, propertySourceProperties = &apos;{}&apos;, contextCustomizers = set[[empty]], resourceBasePath = &apos;src/main/webapp&apos;, contextLoader = &apos;org.springframework.test.context.web.WebDelegatingSmartContextLoader&apos;, parent = [null]]]
21:46:10.159 [main] DEBUG o.springframework.test.context.cache - Spring test ApplicationContext cache statistics: [DefaultContextCache@44f35879 size = 1, maxSize = 32, parentContextCount = 0, hitCount = 41, missCount = 1]
21:46:10.159 [main] DEBUG o.s.b.f.annotation.InjectionMetadata - Processing injected element of bean &apos;edu.ncsu.csc.itrust2.apitest.APIPatientTest&apos;: AutowiredFieldElement for private org.springframework.web.context.WebApplicationContext edu.ncsu.csc.itrust2.apitest.APIPatientTest.context
21:46:10.160 [main] DEBUG o.s.t.c.s.AbstractDirtiesContextTestExecutionListener - Before test method: context [DefaultTestContext@3cafe02d testClass = APIPatientTest, testInstance = edu.ncsu.csc.itrust2.apitest.APIPatientTest@16dcf5fe, testMethod = testPatientAsPatient@APIPatientTest, testException = [null], mergedContextConfiguration = [WebMergedContextConfiguration@3c69b6b5 testClass = APIPatientTest, locations = &apos;{}&apos;, classes = &apos;{class edu.ncsu.csc.itrust2.config.RootConfiguration, class edu.ncsu.csc.itrust2.mvc.config.WebMvcConfiguration}&apos;, contextInitializerClasses = &apos;[]&apos;, activeProfiles = &apos;{}&apos;, propertySourceLocations = &apos;{}&apos;, propertySourceProperties = &apos;{}&apos;, contextCustomizers = set[[empty]], resourceBasePath = &apos;src/main/webapp&apos;, contextLoader = &apos;org.springframework.test.context.web.WebDelegatingSmartContextLoader&apos;, parent = [null]]], class annotated with @DirtiesContext [false] with mode [null], method annotated with @DirtiesContext [false] with mode [null].
21:46:10.160 [main] DEBUG o.s.t.c.c.DefaultCacheAwareContextLoaderDelegate - Retrieved ApplicationContext from cache with key [[WebMergedContextConfiguration@3c69b6b5 testClass = APIPatientTest, locations = &apos;{}&apos;, classes = &apos;{class edu.ncsu.csc.itrust2.config.RootConfiguration, class edu.ncsu.csc.itrust2.mvc.config.WebMvcConfiguration}&apos;, contextInitializerClasses = &apos;[]&apos;, activeProfiles = &apos;{}&apos;, propertySourceLocations = &apos;{}&apos;, propertySourceProperties = &apos;{}&apos;, contextCustomizers = set[[empty]], resourceBasePath = &apos;src/main/webapp&apos;, contextLoader = &apos;org.springframework.test.context.web.WebDelegatingSmartContextLoader&apos;, parent = [null]]]
21:46:10.160 [main] DEBUG o.springframework.test.context.cache - Spring test ApplicationContext cache statistics: [DefaultContextCache@44f35879 size = 1, maxSize = 32, parentContextCount = 0, hitCount = 42, missCount = 1]
21:46:10.160 [main] DEBUG o.s.b.f.s.DefaultListableBeanFactory - Creating instance of bean &apos;org.springframework.security.test.context.support.WithMockUserSecurityContextFactory&apos;
21:46:10.161 [main] DEBUG o.s.b.f.s.DefaultListableBeanFactory - Finished creating instance of bean &apos;org.springframework.security.test.context.support.WithMockUserSecurityContextFactory&apos;
21:46:10.161 [main] DEBUG o.s.t.w.s.TestDispatcherServlet - Initializing servlet &apos;&apos;
21:46:10.161 [main] DEBUG o.s.w.c.s.StandardServletEnvironment - Adding [servletConfigInitParams] PropertySource with lowest search precedence
21:46:10.161 [main] DEBUG o.s.w.c.s.StandardServletEnvironment - Adding [servletContextInitParams] PropertySource with lowest search precedence
21:46:10.161 [main] DEBUG o.s.w.c.s.StandardServletEnvironment - Adding [systemProperties] PropertySource with lowest search precedence
21:46:10.161 [main] DEBUG o.s.w.c.s.StandardServletEnvironment - Adding [systemEnvironment] PropertySource with lowest search precedence
21:46:10.161 [main] DEBUG o.s.w.c.s.StandardServletEnvironment - Initialized StandardServletEnvironment with PropertySources [servletConfigInitParams,servletContextInitParams,systemProperties,systemEnvironment]
21:46:10.161 [main] INFO  o.s.mock.web.MockServletContext - Initializing Spring FrameworkServlet &apos;&apos;
21:46:10.161 [main] INFO  o.s.t.w.s.TestDispatcherServlet - FrameworkServlet &apos;&apos;: initialization started
21:46:10.161 [main] DEBUG o.s.t.w.s.TestDispatcherServlet - Unable to locate MultipartResolver with name &apos;multipartResolver&apos;: no multipart request handling provided
21:46:10.161 [main] DEBUG o.s.b.f.s.DefaultListableBeanFactory - Creating instance of bean &apos;org.springframework.web.servlet.i18n.AcceptHeaderLocaleResolver&apos;
21:46:10.161 [main] DEBUG o.s.b.f.s.DefaultListableBeanFactory - Finished creating instance of bean &apos;org.springframework.web.servlet.i18n.AcceptHeaderLocaleResolver&apos;
21:46:10.161 [main] DEBUG o.s.t.w.s.TestDispatcherServlet - Unable to locate LocaleResolver with name &apos;localeResolver&apos;: using default [org.springframework.web.servlet.i18n.AcceptHeaderLocaleResolver@69a03be9]
21:46:10.161 [main] DEBUG o.s.b.f.s.DefaultListableBeanFactory - Creating instance of bean &apos;org.springframework.web.servlet.theme.FixedThemeResolver&apos;
21:46:10.161 [main] DEBUG o.s.b.f.s.DefaultListableBeanFactory - Finished creating instance of bean &apos;org.springframework.web.servlet.theme.FixedThemeResolver&apos;
21:46:10.161 [main] DEBUG o.s.t.w.s.TestDispatcherServlet - Unable to locate ThemeResolver with name &apos;themeResolver&apos;: using default [org.springframework.web.servlet.theme.FixedThemeResolver@74736e3e]
21:46:10.162 [main] DEBUG o.s.b.f.s.DefaultListableBeanFactory - Returning cached instance of singleton bean &apos;requestMappingHandlerMapping&apos;
21:46:10.162 [main] DEBUG o.s.b.f.s.DefaultListableBeanFactory - Returning cached instance of singleton bean &apos;viewControllerHandlerMapping&apos;
21:46:10.162 [main] DEBUG o.s.b.f.s.DefaultListableBeanFactory - Returning cached instance of singleton bean &apos;beanNameHandlerMapping&apos;
21:46:10.162 [main] DEBUG o.s.b.f.s.DefaultListableBeanFactory - Returning cached instance of singleton bean &apos;resourceHandlerMapping&apos;
21:46:10.162 [main] DEBUG o.s.b.f.s.DefaultListableBeanFactory - Returning cached instance of singleton bean &apos;defaultServletHandlerMapping&apos;
21:46:10.162 [main] DEBUG o.s.b.f.s.DefaultListableBeanFactory - Returning cached instance of singleton bean &apos;requestMappingHandlerAdapter&apos;
21:46:10.162 [main] DEBUG o.s.b.f.s.DefaultListableBeanFactory - Returning cached instance of singleton bean &apos;httpRequestHandlerAdapter&apos;
21:46:10.162 [main] DEBUG o.s.b.f.s.DefaultListableBeanFactory - Returning cached instance of singleton bean &apos;simpleControllerHandlerAdapter&apos;
21:46:10.162 [main] DEBUG o.s.b.f.s.DefaultListableBeanFactory - Returning cached instance of singleton bean &apos;handlerExceptionResolver&apos;
21:46:10.163 [main] DEBUG o.s.b.f.s.DefaultListableBeanFactory - Creating instance of bean &apos;org.springframework.web.servlet.view.DefaultRequestToViewNameTranslator&apos;
21:46:10.163 [main] DEBUG o.s.b.f.s.DefaultListableBeanFactory - Finished creating instance of bean &apos;org.springframework.web.servlet.view.DefaultRequestToViewNameTranslator&apos;
21:46:10.163 [main] DEBUG o.s.t.w.s.TestDispatcherServlet - Unable to locate RequestToViewNameTranslator with name &apos;viewNameTranslator&apos;: using default [org.springframework.web.servlet.view.DefaultRequestToViewNameTranslator@5f1164b]
21:46:10.163 [main] DEBUG o.s.b.f.s.DefaultListableBeanFactory - Returning cached instance of singleton bean &apos;mvcViewResolver&apos;
21:46:10.163 [main] DEBUG o.s.b.f.s.DefaultListableBeanFactory - Returning cached instance of singleton bean &apos;viewResolver&apos;
21:46:10.163 [main] DEBUG o.s.b.f.s.DefaultListableBeanFactory - Creating instance of bean &apos;org.springframework.web.servlet.support.SessionFlashMapManager&apos;
21:46:10.163 [main] DEBUG o.s.b.f.s.DefaultListableBeanFactory - Finished creating instance of bean &apos;org.springframework.web.servlet.support.SessionFlashMapManager&apos;
21:46:10.163 [main] DEBUG o.s.t.w.s.TestDispatcherServlet - Unable to locate FlashMapManager with name &apos;flashMapManager&apos;: using default [org.springframework.web.servlet.support.SessionFlashMapManager@1db311bb]
21:46:10.163 [main] DEBUG o.s.t.w.s.TestDispatcherServlet - Published WebApplicationContext of servlet &apos;&apos; as ServletContext attribute with name [org.springframework.web.servlet.FrameworkServlet.CONTEXT.]
21:46:10.163 [main] INFO  o.s.t.w.s.TestDispatcherServlet - FrameworkServlet &apos;&apos;: initialization completed in 2 ms
21:46:10.163 [main] DEBUG o.s.t.w.s.TestDispatcherServlet - Servlet &apos;&apos; configured successfully
21:46:10.167 [main] DEBUG o.s.t.c.s.AbstractDirtiesContextTestExecutionListener - After test method: context [DefaultTestContext@3cafe02d testClass = APIPatientTest, testInstance = edu.ncsu.csc.itrust2.apitest.APIPatientTest@16dcf5fe, testMethod = testPatientAsPatient@APIPatientTest, testException = java.lang.NoClassDefFoundError: Could not initialize class edu.ncsu.csc.itrust2.utils.HibernateUtil, mergedContextConfiguration = [WebMergedContextConfiguration@3c69b6b5 testClass = APIPatientTest, locations = &apos;{}&apos;, classes = &apos;{class edu.ncsu.csc.itrust2.config.RootConfiguration, class edu.ncsu.csc.itrust2.mvc.config.WebMvcConfiguration}&apos;, contextInitializerClasses = &apos;[]&apos;, activeProfiles = &apos;{}&apos;, propertySourceLocations = &apos;{}&apos;, propertySourceProperties = &apos;{}&apos;, contextCustomizers = set[[empty]], resourceBasePath = &apos;src/main/webapp&apos;, contextLoader = &apos;org.springframework.test.context.web.WebDelegatingSmartContextLoader&apos;, parent = [null]]], class annotated with @DirtiesContext [false] with mode [null], method annotated with @DirtiesContext [false] with mode [null].
21:46:10.168 [main] DEBUG o.s.t.c.w.ServletTestExecutionListener - Resetting RequestContextHolder for test context [DefaultTestContext@3cafe02d testClass = APIPatientTest, testInstance = edu.ncsu.csc.itrust2.apitest.APIPatientTest@16dcf5fe, testMethod = testPatientAsPatient@APIPatientTest, testException = java.lang.NoClassDefFoundError: Could not initialize class edu.ncsu.csc.itrust2.utils.HibernateUtil, mergedContextConfiguration = [WebMergedContextConfiguration@3c69b6b5 testClass = APIPatientTest, locations = &apos;{}&apos;, classes = &apos;{class edu.ncsu.csc.itrust2.config.RootConfiguration, class edu.ncsu.csc.itrust2.mvc.config.WebMvcConfiguration}&apos;, contextInitializerClasses = &apos;[]&apos;, activeProfiles = &apos;{}&apos;, propertySourceLocations = &apos;{}&apos;, propertySourceProperties = &apos;{}&apos;, contextCustomizers = set[[empty]], resourceBasePath = &apos;src/main/webapp&apos;, contextLoader = &apos;org.springframework.test.context.web.WebDelegatingSmartContextLoader&apos;, parent = [null]]].
</stdout>
          <failedSince>1</failedSince>
        </case>
        <case>
          <duration>0.0</duration>
          <className>edu.ncsu.csc.itrust2.apitest.APIPatientTest</className>
          <testName>testPatientUnauthenticated</testName>
          <skipped>false</skipped>
          <errorStackTrace>java.lang.AssertionError: Status expected:&lt;401&gt; but was:&lt;404&gt;
	at edu.ncsu.csc.itrust2.apitest.APIPatientTest.testPatientUnauthenticated(APIPatientTest.java:158)
</errorStackTrace>
          <errorDetails>Status expected:&lt;401&gt; but was:&lt;404&gt;</errorDetails>
          <stdout>21:46:10.168 [main] DEBUG o.s.t.annotation.ProfileValueUtils - Retrieved @ProfileValueSourceConfiguration [null] for test class [edu.ncsu.csc.itrust2.apitest.APIPatientTest]
21:46:10.168 [main] DEBUG o.s.t.annotation.ProfileValueUtils - Retrieved ProfileValueSource type [class org.springframework.test.annotation.SystemProfileValueSource] for class [edu.ncsu.csc.itrust2.apitest.APIPatientTest]
21:46:10.168 [main] DEBUG o.s.t.c.c.DefaultCacheAwareContextLoaderDelegate - Retrieved ApplicationContext from cache with key [[WebMergedContextConfiguration@3c69b6b5 testClass = APIPatientTest, locations = &apos;{}&apos;, classes = &apos;{class edu.ncsu.csc.itrust2.config.RootConfiguration, class edu.ncsu.csc.itrust2.mvc.config.WebMvcConfiguration}&apos;, contextInitializerClasses = &apos;[]&apos;, activeProfiles = &apos;{}&apos;, propertySourceLocations = &apos;{}&apos;, propertySourceProperties = &apos;{}&apos;, contextCustomizers = set[[empty]], resourceBasePath = &apos;src/main/webapp&apos;, contextLoader = &apos;org.springframework.test.context.web.WebDelegatingSmartContextLoader&apos;, parent = [null]]]
21:46:10.168 [main] DEBUG o.springframework.test.context.cache - Spring test ApplicationContext cache statistics: [DefaultContextCache@44f35879 size = 1, maxSize = 32, parentContextCount = 0, hitCount = 43, missCount = 1]
21:46:10.168 [main] DEBUG o.s.t.c.w.ServletTestExecutionListener - Setting up MockHttpServletRequest, MockHttpServletResponse, ServletWebRequest, and RequestContextHolder for test context [DefaultTestContext@3cafe02d testClass = APIPatientTest, testInstance = edu.ncsu.csc.itrust2.apitest.APIPatientTest@75241e97, testMethod = [null], testException = [null], mergedContextConfiguration = [WebMergedContextConfiguration@3c69b6b5 testClass = APIPatientTest, locations = &apos;{}&apos;, classes = &apos;{class edu.ncsu.csc.itrust2.config.RootConfiguration, class edu.ncsu.csc.itrust2.mvc.config.WebMvcConfiguration}&apos;, contextInitializerClasses = &apos;[]&apos;, activeProfiles = &apos;{}&apos;, propertySourceLocations = &apos;{}&apos;, propertySourceProperties = &apos;{}&apos;, contextCustomizers = set[[empty]], resourceBasePath = &apos;src/main/webapp&apos;, contextLoader = &apos;org.springframework.test.context.web.WebDelegatingSmartContextLoader&apos;, parent = [null]]].
21:46:10.168 [main] DEBUG o.s.t.c.s.DependencyInjectionTestExecutionListener - Performing dependency injection for test context [[DefaultTestContext@3cafe02d testClass = APIPatientTest, testInstance = edu.ncsu.csc.itrust2.apitest.APIPatientTest@75241e97, testMethod = [null], testException = [null], mergedContextConfiguration = [WebMergedContextConfiguration@3c69b6b5 testClass = APIPatientTest, locations = &apos;{}&apos;, classes = &apos;{class edu.ncsu.csc.itrust2.config.RootConfiguration, class edu.ncsu.csc.itrust2.mvc.config.WebMvcConfiguration}&apos;, contextInitializerClasses = &apos;[]&apos;, activeProfiles = &apos;{}&apos;, propertySourceLocations = &apos;{}&apos;, propertySourceProperties = &apos;{}&apos;, contextCustomizers = set[[empty]], resourceBasePath = &apos;src/main/webapp&apos;, contextLoader = &apos;org.springframework.test.context.web.WebDelegatingSmartContextLoader&apos;, parent = [null]]]].
21:46:10.168 [main] DEBUG o.s.t.c.c.DefaultCacheAwareContextLoaderDelegate - Retrieved ApplicationContext from cache with key [[WebMergedContextConfiguration@3c69b6b5 testClass = APIPatientTest, locations = &apos;{}&apos;, classes = &apos;{class edu.ncsu.csc.itrust2.config.RootConfiguration, class edu.ncsu.csc.itrust2.mvc.config.WebMvcConfiguration}&apos;, contextInitializerClasses = &apos;[]&apos;, activeProfiles = &apos;{}&apos;, propertySourceLocations = &apos;{}&apos;, propertySourceProperties = &apos;{}&apos;, contextCustomizers = set[[empty]], resourceBasePath = &apos;src/main/webapp&apos;, contextLoader = &apos;org.springframework.test.context.web.WebDelegatingSmartContextLoader&apos;, parent = [null]]]
21:46:10.168 [main] DEBUG o.springframework.test.context.cache - Spring test ApplicationContext cache statistics: [DefaultContextCache@44f35879 size = 1, maxSize = 32, parentContextCount = 0, hitCount = 44, missCount = 1]
21:46:10.168 [main] DEBUG o.s.b.f.annotation.InjectionMetadata - Processing injected element of bean &apos;edu.ncsu.csc.itrust2.apitest.APIPatientTest&apos;: AutowiredFieldElement for private org.springframework.web.context.WebApplicationContext edu.ncsu.csc.itrust2.apitest.APIPatientTest.context
21:46:10.169 [main] DEBUG o.s.t.c.s.AbstractDirtiesContextTestExecutionListener - Before test method: context [DefaultTestContext@3cafe02d testClass = APIPatientTest, testInstance = edu.ncsu.csc.itrust2.apitest.APIPatientTest@75241e97, testMethod = testPatientUnauthenticated@APIPatientTest, testException = [null], mergedContextConfiguration = [WebMergedContextConfiguration@3c69b6b5 testClass = APIPatientTest, locations = &apos;{}&apos;, classes = &apos;{class edu.ncsu.csc.itrust2.config.RootConfiguration, class edu.ncsu.csc.itrust2.mvc.config.WebMvcConfiguration}&apos;, contextInitializerClasses = &apos;[]&apos;, activeProfiles = &apos;{}&apos;, propertySourceLocations = &apos;{}&apos;, propertySourceProperties = &apos;{}&apos;, contextCustomizers = set[[empty]], resourceBasePath = &apos;src/main/webapp&apos;, contextLoader = &apos;org.springframework.test.context.web.WebDelegatingSmartContextLoader&apos;, parent = [null]]], class annotated with @DirtiesContext [false] with mode [null], method annotated with @DirtiesContext [false] with mode [null].
21:46:10.169 [main] DEBUG o.s.t.w.s.TestDispatcherServlet - Initializing servlet &apos;&apos;
21:46:10.169 [main] DEBUG o.s.w.c.s.StandardServletEnvironment - Adding [servletConfigInitParams] PropertySource with lowest search precedence
21:46:10.169 [main] DEBUG o.s.w.c.s.StandardServletEnvironment - Adding [servletContextInitParams] PropertySource with lowest search precedence
21:46:10.169 [main] DEBUG o.s.w.c.s.StandardServletEnvironment - Adding [systemProperties] PropertySource with lowest search precedence
21:46:10.169 [main] DEBUG o.s.w.c.s.StandardServletEnvironment - Adding [systemEnvironment] PropertySource with lowest search precedence
21:46:10.169 [main] DEBUG o.s.w.c.s.StandardServletEnvironment - Initialized StandardServletEnvironment with PropertySources [servletConfigInitParams,servletContextInitParams,systemProperties,systemEnvironment]
21:46:10.169 [main] INFO  o.s.mock.web.MockServletContext - Initializing Spring FrameworkServlet &apos;&apos;
21:46:10.169 [main] INFO  o.s.t.w.s.TestDispatcherServlet - FrameworkServlet &apos;&apos;: initialization started
21:46:10.169 [main] DEBUG o.s.t.w.s.TestDispatcherServlet - Unable to locate MultipartResolver with name &apos;multipartResolver&apos;: no multipart request handling provided
21:46:10.169 [main] DEBUG o.s.b.f.s.DefaultListableBeanFactory - Creating instance of bean &apos;org.springframework.web.servlet.i18n.AcceptHeaderLocaleResolver&apos;
21:46:10.169 [main] DEBUG o.s.b.f.s.DefaultListableBeanFactory - Finished creating instance of bean &apos;org.springframework.web.servlet.i18n.AcceptHeaderLocaleResolver&apos;
21:46:10.169 [main] DEBUG o.s.t.w.s.TestDispatcherServlet - Unable to locate LocaleResolver with name &apos;localeResolver&apos;: using default [org.springframework.web.servlet.i18n.AcceptHeaderLocaleResolver@178792cf]
21:46:10.169 [main] DEBUG o.s.b.f.s.DefaultListableBeanFactory - Creating instance of bean &apos;org.springframework.web.servlet.theme.FixedThemeResolver&apos;
21:46:10.170 [main] DEBUG o.s.b.f.s.DefaultListableBeanFactory - Finished creating instance of bean &apos;org.springframework.web.servlet.theme.FixedThemeResolver&apos;
21:46:10.170 [main] DEBUG o.s.t.w.s.TestDispatcherServlet - Unable to locate ThemeResolver with name &apos;themeResolver&apos;: using default [org.springframework.web.servlet.theme.FixedThemeResolver@123c674d]
21:46:10.170 [main] DEBUG o.s.b.f.s.DefaultListableBeanFactory - Returning cached instance of singleton bean &apos;requestMappingHandlerMapping&apos;
21:46:10.170 [main] DEBUG o.s.b.f.s.DefaultListableBeanFactory - Returning cached instance of singleton bean &apos;viewControllerHandlerMapping&apos;
21:46:10.170 [main] DEBUG o.s.b.f.s.DefaultListableBeanFactory - Returning cached instance of singleton bean &apos;beanNameHandlerMapping&apos;
21:46:10.170 [main] DEBUG o.s.b.f.s.DefaultListableBeanFactory - Returning cached instance of singleton bean &apos;resourceHandlerMapping&apos;
21:46:10.170 [main] DEBUG o.s.b.f.s.DefaultListableBeanFactory - Returning cached instance of singleton bean &apos;defaultServletHandlerMapping&apos;
21:46:10.170 [main] DEBUG o.s.b.f.s.DefaultListableBeanFactory - Returning cached instance of singleton bean &apos;requestMappingHandlerAdapter&apos;
21:46:10.170 [main] DEBUG o.s.b.f.s.DefaultListableBeanFactory - Returning cached instance of singleton bean &apos;httpRequestHandlerAdapter&apos;
21:46:10.170 [main] DEBUG o.s.b.f.s.DefaultListableBeanFactory - Returning cached instance of singleton bean &apos;simpleControllerHandlerAdapter&apos;
21:46:10.170 [main] DEBUG o.s.b.f.s.DefaultListableBeanFactory - Returning cached instance of singleton bean &apos;handlerExceptionResolver&apos;
21:46:10.170 [main] DEBUG o.s.b.f.s.DefaultListableBeanFactory - Creating instance of bean &apos;org.springframework.web.servlet.view.DefaultRequestToViewNameTranslator&apos;
21:46:10.170 [main] DEBUG o.s.b.f.s.DefaultListableBeanFactory - Finished creating instance of bean &apos;org.springframework.web.servlet.view.DefaultRequestToViewNameTranslator&apos;
21:46:10.170 [main] DEBUG o.s.t.w.s.TestDispatcherServlet - Unable to locate RequestToViewNameTranslator with name &apos;viewNameTranslator&apos;: using default [org.springframework.web.servlet.view.DefaultRequestToViewNameTranslator@4739033b]
21:46:10.171 [main] DEBUG o.s.b.f.s.DefaultListableBeanFactory - Returning cached instance of singleton bean &apos;mvcViewResolver&apos;
21:46:10.171 [main] DEBUG o.s.b.f.s.DefaultListableBeanFactory - Returning cached instance of singleton bean &apos;viewResolver&apos;
21:46:10.171 [main] DEBUG o.s.b.f.s.DefaultListableBeanFactory - Creating instance of bean &apos;org.springframework.web.servlet.support.SessionFlashMapManager&apos;
21:46:10.171 [main] DEBUG o.s.b.f.s.DefaultListableBeanFactory - Finished creating instance of bean &apos;org.springframework.web.servlet.support.SessionFlashMapManager&apos;
21:46:10.171 [main] DEBUG o.s.t.w.s.TestDispatcherServlet - Unable to locate FlashMapManager with name &apos;flashMapManager&apos;: using default [org.springframework.web.servlet.support.SessionFlashMapManager@1142224b]
21:46:10.171 [main] DEBUG o.s.t.w.s.TestDispatcherServlet - Published WebApplicationContext of servlet &apos;&apos; as ServletContext attribute with name [org.springframework.web.servlet.FrameworkServlet.CONTEXT.]
21:46:10.171 [main] INFO  o.s.t.w.s.TestDispatcherServlet - FrameworkServlet &apos;&apos;: initialization completed in 2 ms
21:46:10.171 [main] DEBUG o.s.t.w.s.TestDispatcherServlet - Servlet &apos;&apos; configured successfully
21:46:10.173 [main] DEBUG o.s.t.w.s.TestDispatcherServlet - DispatcherServlet with name &apos;&apos; processing PUT request for [/api/v1/patients/antti]
21:46:10.173 [main] DEBUG o.s.w.s.m.m.a.RequestMappingHandlerMapping - Looking up handler method for path /api/v1/patients/antti
21:46:10.174 [main] DEBUG o.s.w.s.m.m.a.RequestMappingHandlerMapping - Did not find handler method for [/api/v1/patients/antti]
21:46:10.174 [main] WARN  o.s.web.servlet.PageNotFound - No mapping found for HTTP request with URI [/api/v1/patients/antti] in DispatcherServlet with name &apos;&apos;
21:46:10.174 [main] DEBUG o.s.t.w.s.TestDispatcherServlet - Successfully completed request
21:46:10.174 [main] DEBUG o.s.t.c.s.AbstractDirtiesContextTestExecutionListener - After test method: context [DefaultTestContext@3cafe02d testClass = APIPatientTest, testInstance = edu.ncsu.csc.itrust2.apitest.APIPatientTest@75241e97, testMethod = testPatientUnauthenticated@APIPatientTest, testException = java.lang.AssertionError: Status expected:&lt;401&gt; but was:&lt;404&gt;, mergedContextConfiguration = [WebMergedContextConfiguration@3c69b6b5 testClass = APIPatientTest, locations = &apos;{}&apos;, classes = &apos;{class edu.ncsu.csc.itrust2.config.RootConfiguration, class edu.ncsu.csc.itrust2.mvc.config.WebMvcConfiguration}&apos;, contextInitializerClasses = &apos;[]&apos;, activeProfiles = &apos;{}&apos;, propertySourceLocations = &apos;{}&apos;, propertySourceProperties = &apos;{}&apos;, contextCustomizers = set[[empty]], resourceBasePath = &apos;src/main/webapp&apos;, contextLoader = &apos;org.springframework.test.context.web.WebDelegatingSmartContextLoader&apos;, parent = [null]]], class annotated with @DirtiesContext [false] with mode [null], method annotated with @DirtiesContext [false] with mode [null].
21:46:10.174 [main] DEBUG o.s.t.c.w.ServletTestExecutionListener - Resetting RequestContextHolder for test context [DefaultTestContext@3cafe02d testClass = APIPatientTest, testInstance = edu.ncsu.csc.itrust2.apitest.APIPatientTest@75241e97, testMethod = testPatientUnauthenticated@APIPatientTest, testException = java.lang.AssertionError: Status expected:&lt;401&gt; but was:&lt;404&gt;, mergedContextConfiguration = [WebMergedContextConfiguration@3c69b6b5 testClass = APIPatientTest, locations = &apos;{}&apos;, classes = &apos;{class edu.ncsu.csc.itrust2.config.RootConfiguration, class edu.ncsu.csc.itrust2.mvc.config.WebMvcConfiguration}&apos;, contextInitializerClasses = &apos;[]&apos;, activeProfiles = &apos;{}&apos;, propertySourceLocations = &apos;{}&apos;, propertySourceProperties = &apos;{}&apos;, contextCustomizers = set[[empty]], resourceBasePath = &apos;src/main/webapp&apos;, contextLoader = &apos;org.springframework.test.context.web.WebDelegatingSmartContextLoader&apos;, parent = [null]]].
</stdout>
          <failedSince>1</failedSince>
        </case>
      </cases>
    </suite>
    <suite>
      <file>/var/lib/jenkins/jobs/iTrust_Fuzzer/workspace/iTrust2/target/surefire-reports/TEST-edu.ncsu.csc.itrust2.apitest.APIPersonnelTest.xml</file>
      <name>edu.ncsu.csc.itrust2.apitest.APIPersonnelTest</name>
      <duration>0.001</duration>
      <time>0.001</time>
      <enclosingBlocks/>
      <enclosingBlockNames/>
      <cases>
        <case>
          <duration>0.0</duration>
          <className>edu.ncsu.csc.itrust2.apitest.APIPersonnelTest</className>
          <testName>testGetNonExistentPersonnel</testName>
          <skipped>false</skipped>
          <failedSince>0</failedSince>
        </case>
        <case>
          <duration>0.001</duration>
          <className>edu.ncsu.csc.itrust2.apitest.APIPersonnelTest</className>
          <testName>testPersonnelAPI</testName>
          <skipped>false</skipped>
          <errorStackTrace>java.lang.AssertionError: Status expected:&lt;409&gt; but was:&lt;404&gt;
	at edu.ncsu.csc.itrust2.apitest.APIPersonnelTest.testPersonnelAPI(APIPersonnelTest.java:95)
</errorStackTrace>
          <errorDetails>Status expected:&lt;409&gt; but was:&lt;404&gt;</errorDetails>
          <stdout>21:46:10.257 [main] DEBUG o.s.t.annotation.ProfileValueUtils - Retrieved @ProfileValueSourceConfiguration [null] for test class [edu.ncsu.csc.itrust2.apitest.APIPersonnelTest]
21:46:10.257 [main] DEBUG o.s.t.annotation.ProfileValueUtils - Retrieved ProfileValueSource type [class org.springframework.test.annotation.SystemProfileValueSource] for class [edu.ncsu.csc.itrust2.apitest.APIPersonnelTest]
21:46:10.258 [main] DEBUG o.s.t.c.c.DefaultCacheAwareContextLoaderDelegate - Retrieved ApplicationContext from cache with key [[WebMergedContextConfiguration@2fe2fd1a testClass = APIPersonnelTest, locations = &apos;{}&apos;, classes = &apos;{class edu.ncsu.csc.itrust2.config.RootConfiguration, class edu.ncsu.csc.itrust2.mvc.config.WebMvcConfiguration}&apos;, contextInitializerClasses = &apos;[]&apos;, activeProfiles = &apos;{}&apos;, propertySourceLocations = &apos;{}&apos;, propertySourceProperties = &apos;{}&apos;, contextCustomizers = set[[empty]], resourceBasePath = &apos;src/main/webapp&apos;, contextLoader = &apos;org.springframework.test.context.web.WebDelegatingSmartContextLoader&apos;, parent = [null]]]
21:46:10.258 [main] DEBUG o.springframework.test.context.cache - Spring test ApplicationContext cache statistics: [DefaultContextCache@44f35879 size = 1, maxSize = 32, parentContextCount = 0, hitCount = 56, missCount = 1]
21:46:10.258 [main] DEBUG o.s.t.c.w.ServletTestExecutionListener - Setting up MockHttpServletRequest, MockHttpServletResponse, ServletWebRequest, and RequestContextHolder for test context [DefaultTestContext@f7eccb9 testClass = APIPersonnelTest, testInstance = edu.ncsu.csc.itrust2.apitest.APIPersonnelTest@54a28e41, testMethod = [null], testException = [null], mergedContextConfiguration = [WebMergedContextConfiguration@2fe2fd1a testClass = APIPersonnelTest, locations = &apos;{}&apos;, classes = &apos;{class edu.ncsu.csc.itrust2.config.RootConfiguration, class edu.ncsu.csc.itrust2.mvc.config.WebMvcConfiguration}&apos;, contextInitializerClasses = &apos;[]&apos;, activeProfiles = &apos;{}&apos;, propertySourceLocations = &apos;{}&apos;, propertySourceProperties = &apos;{}&apos;, contextCustomizers = set[[empty]], resourceBasePath = &apos;src/main/webapp&apos;, contextLoader = &apos;org.springframework.test.context.web.WebDelegatingSmartContextLoader&apos;, parent = [null]]].
21:46:10.258 [main] DEBUG o.s.t.c.s.DependencyInjectionTestExecutionListener - Performing dependency injection for test context [[DefaultTestContext@f7eccb9 testClass = APIPersonnelTest, testInstance = edu.ncsu.csc.itrust2.apitest.APIPersonnelTest@54a28e41, testMethod = [null], testException = [null], mergedContextConfiguration = [WebMergedContextConfiguration@2fe2fd1a testClass = APIPersonnelTest, locations = &apos;{}&apos;, classes = &apos;{class edu.ncsu.csc.itrust2.config.RootConfiguration, class edu.ncsu.csc.itrust2.mvc.config.WebMvcConfiguration}&apos;, contextInitializerClasses = &apos;[]&apos;, activeProfiles = &apos;{}&apos;, propertySourceLocations = &apos;{}&apos;, propertySourceProperties = &apos;{}&apos;, contextCustomizers = set[[empty]], resourceBasePath = &apos;src/main/webapp&apos;, contextLoader = &apos;org.springframework.test.context.web.WebDelegatingSmartContextLoader&apos;, parent = [null]]]].
21:46:10.258 [main] DEBUG o.s.t.c.c.DefaultCacheAwareContextLoaderDelegate - Retrieved ApplicationContext from cache with key [[WebMergedContextConfiguration@2fe2fd1a testClass = APIPersonnelTest, locations = &apos;{}&apos;, classes = &apos;{class edu.ncsu.csc.itrust2.config.RootConfiguration, class edu.ncsu.csc.itrust2.mvc.config.WebMvcConfiguration}&apos;, contextInitializerClasses = &apos;[]&apos;, activeProfiles = &apos;{}&apos;, propertySourceLocations = &apos;{}&apos;, propertySourceProperties = &apos;{}&apos;, contextCustomizers = set[[empty]], resourceBasePath = &apos;src/main/webapp&apos;, contextLoader = &apos;org.springframework.test.context.web.WebDelegatingSmartContextLoader&apos;, parent = [null]]]
21:46:10.258 [main] DEBUG o.springframework.test.context.cache - Spring test ApplicationContext cache statistics: [DefaultContextCache@44f35879 size = 1, maxSize = 32, parentContextCount = 0, hitCount = 57, missCount = 1]
21:46:10.259 [main] DEBUG o.s.b.f.annotation.InjectionMetadata - Processing injected element of bean &apos;edu.ncsu.csc.itrust2.apitest.APIPersonnelTest&apos;: AutowiredFieldElement for private org.springframework.web.context.WebApplicationContext edu.ncsu.csc.itrust2.apitest.APIPersonnelTest.context
21:46:10.260 [main] DEBUG o.s.t.c.s.AbstractDirtiesContextTestExecutionListener - Before test method: context [DefaultTestContext@f7eccb9 testClass = APIPersonnelTest, testInstance = edu.ncsu.csc.itrust2.apitest.APIPersonnelTest@54a28e41, testMethod = testPersonnelAPI@APIPersonnelTest, testException = [null], mergedContextConfiguration = [WebMergedContextConfiguration@2fe2fd1a testClass = APIPersonnelTest, locations = &apos;{}&apos;, classes = &apos;{class edu.ncsu.csc.itrust2.config.RootConfiguration, class edu.ncsu.csc.itrust2.mvc.config.WebMvcConfiguration}&apos;, contextInitializerClasses = &apos;[]&apos;, activeProfiles = &apos;{}&apos;, propertySourceLocations = &apos;{}&apos;, propertySourceProperties = &apos;{}&apos;, contextCustomizers = set[[empty]], resourceBasePath = &apos;src/main/webapp&apos;, contextLoader = &apos;org.springframework.test.context.web.WebDelegatingSmartContextLoader&apos;, parent = [null]]], class annotated with @DirtiesContext [false] with mode [null], method annotated with @DirtiesContext [false] with mode [null].
21:46:10.260 [main] DEBUG o.s.t.w.s.TestDispatcherServlet - Initializing servlet &apos;&apos;
21:46:10.261 [main] DEBUG o.s.w.c.s.StandardServletEnvironment - Adding [servletConfigInitParams] PropertySource with lowest search precedence
21:46:10.261 [main] DEBUG o.s.w.c.s.StandardServletEnvironment - Adding [servletContextInitParams] PropertySource with lowest search precedence
21:46:10.261 [main] DEBUG o.s.w.c.s.StandardServletEnvironment - Adding [systemProperties] PropertySource with lowest search precedence
21:46:10.261 [main] DEBUG o.s.w.c.s.StandardServletEnvironment - Adding [systemEnvironment] PropertySource with lowest search precedence
21:46:10.261 [main] DEBUG o.s.w.c.s.StandardServletEnvironment - Initialized StandardServletEnvironment with PropertySources [servletConfigInitParams,servletContextInitParams,systemProperties,systemEnvironment]
21:46:10.261 [main] INFO  o.s.mock.web.MockServletContext - Initializing Spring FrameworkServlet &apos;&apos;
21:46:10.261 [main] INFO  o.s.t.w.s.TestDispatcherServlet - FrameworkServlet &apos;&apos;: initialization started
21:46:10.261 [main] DEBUG o.s.t.w.s.TestDispatcherServlet - Unable to locate MultipartResolver with name &apos;multipartResolver&apos;: no multipart request handling provided
21:46:10.261 [main] DEBUG o.s.b.f.s.DefaultListableBeanFactory - Creating instance of bean &apos;org.springframework.web.servlet.i18n.AcceptHeaderLocaleResolver&apos;
21:46:10.261 [main] DEBUG o.s.b.f.s.DefaultListableBeanFactory - Finished creating instance of bean &apos;org.springframework.web.servlet.i18n.AcceptHeaderLocaleResolver&apos;
21:46:10.261 [main] DEBUG o.s.t.w.s.TestDispatcherServlet - Unable to locate LocaleResolver with name &apos;localeResolver&apos;: using default [org.springframework.web.servlet.i18n.AcceptHeaderLocaleResolver@326b4a0a]
21:46:10.261 [main] DEBUG o.s.b.f.s.DefaultListableBeanFactory - Creating instance of bean &apos;org.springframework.web.servlet.theme.FixedThemeResolver&apos;
21:46:10.261 [main] DEBUG o.s.b.f.s.DefaultListableBeanFactory - Finished creating instance of bean &apos;org.springframework.web.servlet.theme.FixedThemeResolver&apos;
21:46:10.261 [main] DEBUG o.s.t.w.s.TestDispatcherServlet - Unable to locate ThemeResolver with name &apos;themeResolver&apos;: using default [org.springframework.web.servlet.theme.FixedThemeResolver@9b7ec4a]
21:46:10.262 [main] DEBUG o.s.b.f.s.DefaultListableBeanFactory - Returning cached instance of singleton bean &apos;requestMappingHandlerMapping&apos;
21:46:10.262 [main] DEBUG o.s.b.f.s.DefaultListableBeanFactory - Returning cached instance of singleton bean &apos;viewControllerHandlerMapping&apos;
21:46:10.262 [main] DEBUG o.s.b.f.s.DefaultListableBeanFactory - Returning cached instance of singleton bean &apos;beanNameHandlerMapping&apos;
21:46:10.262 [main] DEBUG o.s.b.f.s.DefaultListableBeanFactory - Returning cached instance of singleton bean &apos;resourceHandlerMapping&apos;
21:46:10.262 [main] DEBUG o.s.b.f.s.DefaultListableBeanFactory - Returning cached instance of singleton bean &apos;defaultServletHandlerMapping&apos;
21:46:10.262 [main] DEBUG o.s.b.f.s.DefaultListableBeanFactory - Returning cached instance of singleton bean &apos;requestMappingHandlerAdapter&apos;
21:46:10.262 [main] DEBUG o.s.b.f.s.DefaultListableBeanFactory - Returning cached instance of singleton bean &apos;httpRequestHandlerAdapter&apos;
21:46:10.262 [main] DEBUG o.s.b.f.s.DefaultListableBeanFactory - Returning cached instance of singleton bean &apos;simpleControllerHandlerAdapter&apos;
21:46:10.262 [main] DEBUG o.s.b.f.s.DefaultListableBeanFactory - Returning cached instance of singleton bean &apos;handlerExceptionResolver&apos;
21:46:10.262 [main] DEBUG o.s.b.f.s.DefaultListableBeanFactory - Creating instance of bean &apos;org.springframework.web.servlet.view.DefaultRequestToViewNameTranslator&apos;
21:46:10.262 [main] DEBUG o.s.b.f.s.DefaultListableBeanFactory - Finished creating instance of bean &apos;org.springframework.web.servlet.view.DefaultRequestToViewNameTranslator&apos;
21:46:10.262 [main] DEBUG o.s.t.w.s.TestDispatcherServlet - Unable to locate RequestToViewNameTranslator with name &apos;viewNameTranslator&apos;: using default [org.springframework.web.servlet.view.DefaultRequestToViewNameTranslator@49a7abbb]
21:46:10.262 [main] DEBUG o.s.b.f.s.DefaultListableBeanFactory - Returning cached instance of singleton bean &apos;mvcViewResolver&apos;
21:46:10.262 [main] DEBUG o.s.b.f.s.DefaultListableBeanFactory - Returning cached instance of singleton bean &apos;viewResolver&apos;
21:46:10.262 [main] DEBUG o.s.b.f.s.DefaultListableBeanFactory - Creating instance of bean &apos;org.springframework.web.servlet.support.SessionFlashMapManager&apos;
21:46:10.263 [main] DEBUG o.s.b.f.s.DefaultListableBeanFactory - Finished creating instance of bean &apos;org.springframework.web.servlet.support.SessionFlashMapManager&apos;
21:46:10.263 [main] DEBUG o.s.t.w.s.TestDispatcherServlet - Unable to locate FlashMapManager with name &apos;flashMapManager&apos;: using default [org.springframework.web.servlet.support.SessionFlashMapManager@51c2a752]
21:46:10.263 [main] DEBUG o.s.t.w.s.TestDispatcherServlet - Published WebApplicationContext of servlet &apos;&apos; as ServletContext attribute with name [org.springframework.web.servlet.FrameworkServlet.CONTEXT.]
21:46:10.263 [main] INFO  o.s.t.w.s.TestDispatcherServlet - FrameworkServlet &apos;&apos;: initialization completed in 2 ms
21:46:10.263 [main] DEBUG o.s.t.w.s.TestDispatcherServlet - Servlet &apos;&apos; configured successfully
21:46:10.263 [main] DEBUG o.s.t.w.s.TestDispatcherServlet - DispatcherServlet with name &apos;&apos; processing DELETE request for [/api/v1/personnel]
21:46:10.264 [main] DEBUG o.s.w.s.m.m.a.RequestMappingHandlerMapping - Looking up handler method for path /api/v1/personnel
21:46:10.264 [main] DEBUG o.s.w.s.m.m.a.RequestMappingHandlerMapping - Did not find handler method for [/api/v1/personnel]
21:46:10.264 [main] WARN  o.s.web.servlet.PageNotFound - No mapping found for HTTP request with URI [/api/v1/personnel] in DispatcherServlet with name &apos;&apos;
21:46:10.264 [main] DEBUG o.s.t.w.s.TestDispatcherServlet - Successfully completed request
21:46:10.265 [main] DEBUG o.s.t.w.s.TestDispatcherServlet - DispatcherServlet with name &apos;&apos; processing POST request for [/api/v1/users]
21:46:10.265 [main] DEBUG o.s.w.s.m.m.a.RequestMappingHandlerMapping - Looking up handler method for path /api/v1/users
21:46:10.266 [main] DEBUG o.s.w.s.m.m.a.RequestMappingHandlerMapping - Did not find handler method for [/api/v1/users]
21:46:10.266 [main] WARN  o.s.web.servlet.PageNotFound - No mapping found for HTTP request with URI [/api/v1/users] in DispatcherServlet with name &apos;&apos;
21:46:10.266 [main] DEBUG o.s.t.w.s.TestDispatcherServlet - Successfully completed request
21:46:10.271 [main] DEBUG o.s.t.w.s.TestDispatcherServlet - DispatcherServlet with name &apos;&apos; processing POST request for [/api/v1/personnel]
21:46:10.271 [main] DEBUG o.s.w.s.m.m.a.RequestMappingHandlerMapping - Looking up handler method for path /api/v1/personnel
21:46:10.272 [main] DEBUG o.s.w.s.m.m.a.RequestMappingHandlerMapping - Did not find handler method for [/api/v1/personnel]
21:46:10.272 [main] WARN  o.s.web.servlet.PageNotFound - No mapping found for HTTP request with URI [/api/v1/personnel] in DispatcherServlet with name &apos;&apos;
21:46:10.272 [main] DEBUG o.s.t.w.s.TestDispatcherServlet - Successfully completed request
21:46:10.273 [main] DEBUG o.s.t.w.s.TestDispatcherServlet - DispatcherServlet with name &apos;&apos; processing POST request for [/api/v1/personnel]
21:46:10.274 [main] DEBUG o.s.w.s.m.m.a.RequestMappingHandlerMapping - Looking up handler method for path /api/v1/personnel
21:46:10.274 [main] DEBUG o.s.w.s.m.m.a.RequestMappingHandlerMapping - Did not find handler method for [/api/v1/personnel]
21:46:10.274 [main] WARN  o.s.web.servlet.PageNotFound - No mapping found for HTTP request with URI [/api/v1/personnel] in DispatcherServlet with name &apos;&apos;
21:46:10.274 [main] DEBUG o.s.t.w.s.TestDispatcherServlet - Successfully completed request
21:46:10.277 [main] DEBUG o.s.t.c.s.AbstractDirtiesContextTestExecutionListener - After test method: context [DefaultTestContext@f7eccb9 testClass = APIPersonnelTest, testInstance = edu.ncsu.csc.itrust2.apitest.APIPersonnelTest@54a28e41, testMethod = testPersonnelAPI@APIPersonnelTest, testException = java.lang.AssertionError: Status expected:&lt;409&gt; but was:&lt;404&gt;, mergedContextConfiguration = [WebMergedContextConfiguration@2fe2fd1a testClass = APIPersonnelTest, locations = &apos;{}&apos;, classes = &apos;{class edu.ncsu.csc.itrust2.config.RootConfiguration, class edu.ncsu.csc.itrust2.mvc.config.WebMvcConfiguration}&apos;, contextInitializerClasses = &apos;[]&apos;, activeProfiles = &apos;{}&apos;, propertySourceLocations = &apos;{}&apos;, propertySourceProperties = &apos;{}&apos;, contextCustomizers = set[[empty]], resourceBasePath = &apos;src/main/webapp&apos;, contextLoader = &apos;org.springframework.test.context.web.WebDelegatingSmartContextLoader&apos;, parent = [null]]], class annotated with @DirtiesContext [false] with mode [null], method annotated with @DirtiesContext [false] with mode [null].
21:46:10.277 [main] DEBUG o.s.t.c.w.ServletTestExecutionListener - Resetting RequestContextHolder for test context [DefaultTestContext@f7eccb9 testClass = APIPersonnelTest, testInstance = edu.ncsu.csc.itrust2.apitest.APIPersonnelTest@54a28e41, testMethod = testPersonnelAPI@APIPersonnelTest, testException = java.lang.AssertionError: Status expected:&lt;409&gt; but was:&lt;404&gt;, mergedContextConfiguration = [WebMergedContextConfiguration@2fe2fd1a testClass = APIPersonnelTest, locations = &apos;{}&apos;, classes = &apos;{class edu.ncsu.csc.itrust2.config.RootConfiguration, class edu.ncsu.csc.itrust2.mvc.config.WebMvcConfiguration}&apos;, contextInitializerClasses = &apos;[]&apos;, activeProfiles = &apos;{}&apos;, propertySourceLocations = &apos;{}&apos;, propertySourceProperties = &apos;{}&apos;, contextCustomizers = set[[empty]], resourceBasePath = &apos;src/main/webapp&apos;, contextLoader = &apos;org.springframework.test.context.web.WebDelegatingSmartContextLoader&apos;, parent = [null]]].
</stdout>
          <failedSince>1</failedSince>
        </case>
      </cases>
    </suite>
    <suite>
      <file>/var/lib/jenkins/jobs/iTrust_Fuzzer/workspace/iTrust2/target/surefire-reports/TEST-edu.ncsu.csc.itrust2.apitest.APIPrescriptionTest.xml</file>
      <name>edu.ncsu.csc.itrust2.apitest.APIPrescriptionTest</name>
      <duration>0.001</duration>
      <time>0.001</time>
      <enclosingBlocks/>
      <enclosingBlockNames/>
      <cases>
        <case>
          <duration>0.0</duration>
          <className>edu.ncsu.csc.itrust2.apitest.APIPrescriptionTest</className>
          <testName>testPrescriptionAPI</testName>
          <skipped>false</skipped>
          <errorStackTrace>java.lang.AssertionError: Status expected:&lt;200&gt; but was:&lt;404&gt;
	at edu.ncsu.csc.itrust2.apitest.APIPrescriptionTest.testPrescriptionAPI(APIPrescriptionTest.java:109)
</errorStackTrace>
          <errorDetails>Status expected:&lt;200&gt; but was:&lt;404&gt;</errorDetails>
          <stdout>21:46:10.292 [main] DEBUG o.s.t.c.j.SpringJUnit4ClassRunner - SpringJUnit4ClassRunner constructor called with [class edu.ncsu.csc.itrust2.apitest.APIPrescriptionTest]
21:46:10.292 [main] DEBUG o.s.test.context.BootstrapUtils - Instantiating CacheAwareContextLoaderDelegate from class [org.springframework.test.context.cache.DefaultCacheAwareContextLoaderDelegate]
21:46:10.292 [main] DEBUG o.s.test.context.BootstrapUtils - Instantiating BootstrapContext using constructor [public org.springframework.test.context.support.DefaultBootstrapContext(java.lang.Class,org.springframework.test.context.CacheAwareContextLoaderDelegate)]
21:46:10.292 [main] DEBUG o.s.test.context.BootstrapUtils - Instantiating TestContextBootstrapper for test class [edu.ncsu.csc.itrust2.apitest.APIPrescriptionTest] from class [org.springframework.test.context.web.WebTestContextBootstrapper]
21:46:10.293 [main] DEBUG o.s.t.c.s.AbstractDelegatingSmartContextLoader - Delegating to AnnotationConfigWebContextLoader to process context configuration [ContextConfigurationAttributes@77b639e declaringClass = &apos;edu.ncsu.csc.itrust2.apitest.APIPrescriptionTest&apos;, classes = &apos;{class edu.ncsu.csc.itrust2.config.RootConfiguration, class edu.ncsu.csc.itrust2.mvc.config.WebMvcConfiguration}&apos;, locations = &apos;{}&apos;, inheritLocations = true, initializers = &apos;{}&apos;, inheritInitializers = true, name = [null], contextLoaderClass = &apos;org.springframework.test.context.ContextLoader&apos;].
21:46:10.293 [main] DEBUG o.s.t.c.support.ActiveProfilesUtils - Could not find an &apos;annotation declaring class&apos; for annotation type [org.springframework.test.context.ActiveProfiles] and class [edu.ncsu.csc.itrust2.apitest.APIPrescriptionTest]
21:46:10.294 [main] DEBUG o.s.t.c.w.WebTestContextBootstrapper - @TestExecutionListeners is not present for class [edu.ncsu.csc.itrust2.apitest.APIPrescriptionTest]: using defaults.
21:46:10.294 [main] INFO  o.s.t.c.w.WebTestContextBootstrapper - Loaded default TestExecutionListener class names from location [META-INF/spring.factories]: [org.springframework.security.test.context.support.WithSecurityContextTestExecutionListener, org.springframework.test.context.web.ServletTestExecutionListener, org.springframework.test.context.support.DirtiesContextBeforeModesTestExecutionListener, org.springframework.test.context.support.DependencyInjectionTestExecutionListener, org.springframework.test.context.support.DirtiesContextTestExecutionListener, org.springframework.test.context.transaction.TransactionalTestExecutionListener, org.springframework.test.context.jdbc.SqlScriptsTestExecutionListener]
21:46:10.294 [main] INFO  o.s.t.c.w.WebTestContextBootstrapper - Using TestExecutionListeners: [org.springframework.test.context.web.ServletTestExecutionListener@2398268c, org.springframework.test.context.support.DirtiesContextBeforeModesTestExecutionListener@57803786, org.springframework.test.context.support.DependencyInjectionTestExecutionListener@4237b4ff, org.springframework.test.context.support.DirtiesContextTestExecutionListener@6288baf4, org.springframework.test.context.transaction.TransactionalTestExecutionListener@464c6f, org.springframework.test.context.jdbc.SqlScriptsTestExecutionListener@562c67e6, org.springframework.security.test.context.support.WithSecurityContextTestExecutionListener@2943a190]
21:46:10.294 [main] DEBUG o.s.t.annotation.ProfileValueUtils - Retrieved @ProfileValueSourceConfiguration [null] for test class [edu.ncsu.csc.itrust2.apitest.APIPrescriptionTest]
21:46:10.295 [main] DEBUG o.s.t.annotation.ProfileValueUtils - Retrieved ProfileValueSource type [class org.springframework.test.annotation.SystemProfileValueSource] for class [edu.ncsu.csc.itrust2.apitest.APIPrescriptionTest]
21:46:10.295 [main] DEBUG o.s.t.annotation.ProfileValueUtils - Retrieved @ProfileValueSourceConfiguration [null] for test class [edu.ncsu.csc.itrust2.apitest.APIPrescriptionTest]
21:46:10.295 [main] DEBUG o.s.t.annotation.ProfileValueUtils - Retrieved ProfileValueSource type [class org.springframework.test.annotation.SystemProfileValueSource] for class [edu.ncsu.csc.itrust2.apitest.APIPrescriptionTest]
21:46:10.295 [main] DEBUG o.s.t.annotation.ProfileValueUtils - Retrieved @ProfileValueSourceConfiguration [null] for test class [edu.ncsu.csc.itrust2.apitest.APIPrescriptionTest]
21:46:10.295 [main] DEBUG o.s.t.annotation.ProfileValueUtils - Retrieved ProfileValueSource type [class org.springframework.test.annotation.SystemProfileValueSource] for class [edu.ncsu.csc.itrust2.apitest.APIPrescriptionTest]
21:46:10.295 [main] DEBUG o.s.t.c.s.AbstractDirtiesContextTestExecutionListener - Before test class: context [DefaultTestContext@ebbe156 testClass = APIPrescriptionTest, testInstance = [null], testMethod = [null], testException = [null], mergedContextConfiguration = [WebMergedContextConfiguration@3c2ce1da testClass = APIPrescriptionTest, locations = &apos;{}&apos;, classes = &apos;{class edu.ncsu.csc.itrust2.config.RootConfiguration, class edu.ncsu.csc.itrust2.mvc.config.WebMvcConfiguration}&apos;, contextInitializerClasses = &apos;[]&apos;, activeProfiles = &apos;{}&apos;, propertySourceLocations = &apos;{}&apos;, propertySourceProperties = &apos;{}&apos;, contextCustomizers = set[[empty]], resourceBasePath = &apos;src/main/webapp&apos;, contextLoader = &apos;org.springframework.test.context.web.WebDelegatingSmartContextLoader&apos;, parent = [null]]], class annotated with @DirtiesContext [false] with mode [null].
21:46:10.295 [main] DEBUG o.s.t.annotation.ProfileValueUtils - Retrieved @ProfileValueSourceConfiguration [null] for test class [edu.ncsu.csc.itrust2.apitest.APIPrescriptionTest]
21:46:10.295 [main] DEBUG o.s.t.annotation.ProfileValueUtils - Retrieved ProfileValueSource type [class org.springframework.test.annotation.SystemProfileValueSource] for class [edu.ncsu.csc.itrust2.apitest.APIPrescriptionTest]
21:46:10.295 [main] DEBUG o.s.t.c.c.DefaultCacheAwareContextLoaderDelegate - Retrieved ApplicationContext from cache with key [[WebMergedContextConfiguration@3c2ce1da testClass = APIPrescriptionTest, locations = &apos;{}&apos;, classes = &apos;{class edu.ncsu.csc.itrust2.config.RootConfiguration, class edu.ncsu.csc.itrust2.mvc.config.WebMvcConfiguration}&apos;, contextInitializerClasses = &apos;[]&apos;, activeProfiles = &apos;{}&apos;, propertySourceLocations = &apos;{}&apos;, propertySourceProperties = &apos;{}&apos;, contextCustomizers = set[[empty]], resourceBasePath = &apos;src/main/webapp&apos;, contextLoader = &apos;org.springframework.test.context.web.WebDelegatingSmartContextLoader&apos;, parent = [null]]]
21:46:10.295 [main] DEBUG o.springframework.test.context.cache - Spring test ApplicationContext cache statistics: [DefaultContextCache@44f35879 size = 1, maxSize = 32, parentContextCount = 0, hitCount = 60, missCount = 1]
21:46:10.295 [main] DEBUG o.s.t.c.w.ServletTestExecutionListener - Setting up MockHttpServletRequest, MockHttpServletResponse, ServletWebRequest, and RequestContextHolder for test context [DefaultTestContext@ebbe156 testClass = APIPrescriptionTest, testInstance = edu.ncsu.csc.itrust2.apitest.APIPrescriptionTest@98aa2ee, testMethod = [null], testException = [null], mergedContextConfiguration = [WebMergedContextConfiguration@3c2ce1da testClass = APIPrescriptionTest, locations = &apos;{}&apos;, classes = &apos;{class edu.ncsu.csc.itrust2.config.RootConfiguration, class edu.ncsu.csc.itrust2.mvc.config.WebMvcConfiguration}&apos;, contextInitializerClasses = &apos;[]&apos;, activeProfiles = &apos;{}&apos;, propertySourceLocations = &apos;{}&apos;, propertySourceProperties = &apos;{}&apos;, contextCustomizers = set[[empty]], resourceBasePath = &apos;src/main/webapp&apos;, contextLoader = &apos;org.springframework.test.context.web.WebDelegatingSmartContextLoader&apos;, parent = [null]]].
21:46:10.295 [main] DEBUG o.s.t.c.s.DependencyInjectionTestExecutionListener - Performing dependency injection for test context [[DefaultTestContext@ebbe156 testClass = APIPrescriptionTest, testInstance = edu.ncsu.csc.itrust2.apitest.APIPrescriptionTest@98aa2ee, testMethod = [null], testException = [null], mergedContextConfiguration = [WebMergedContextConfiguration@3c2ce1da testClass = APIPrescriptionTest, locations = &apos;{}&apos;, classes = &apos;{class edu.ncsu.csc.itrust2.config.RootConfiguration, class edu.ncsu.csc.itrust2.mvc.config.WebMvcConfiguration}&apos;, contextInitializerClasses = &apos;[]&apos;, activeProfiles = &apos;{}&apos;, propertySourceLocations = &apos;{}&apos;, propertySourceProperties = &apos;{}&apos;, contextCustomizers = set[[empty]], resourceBasePath = &apos;src/main/webapp&apos;, contextLoader = &apos;org.springframework.test.context.web.WebDelegatingSmartContextLoader&apos;, parent = [null]]]].
21:46:10.295 [main] DEBUG o.s.t.c.c.DefaultCacheAwareContextLoaderDelegate - Retrieved ApplicationContext from cache with key [[WebMergedContextConfiguration@3c2ce1da testClass = APIPrescriptionTest, locations = &apos;{}&apos;, classes = &apos;{class edu.ncsu.csc.itrust2.config.RootConfiguration, class edu.ncsu.csc.itrust2.mvc.config.WebMvcConfiguration}&apos;, contextInitializerClasses = &apos;[]&apos;, activeProfiles = &apos;{}&apos;, propertySourceLocations = &apos;{}&apos;, propertySourceProperties = &apos;{}&apos;, contextCustomizers = set[[empty]], resourceBasePath = &apos;src/main/webapp&apos;, contextLoader = &apos;org.springframework.test.context.web.WebDelegatingSmartContextLoader&apos;, parent = [null]]]
21:46:10.296 [main] DEBUG o.springframework.test.context.cache - Spring test ApplicationContext cache statistics: [DefaultContextCache@44f35879 size = 1, maxSize = 32, parentContextCount = 0, hitCount = 61, missCount = 1]
21:46:10.297 [main] DEBUG o.s.b.f.annotation.InjectionMetadata - Processing injected element of bean &apos;edu.ncsu.csc.itrust2.apitest.APIPrescriptionTest&apos;: AutowiredFieldElement for private org.springframework.web.context.WebApplicationContext edu.ncsu.csc.itrust2.apitest.APIPrescriptionTest.context
21:46:10.297 [main] DEBUG o.s.b.f.a.AutowiredAnnotationBeanPostProcessor - Autowiring by type from bean name &apos;edu.ncsu.csc.itrust2.apitest.APIPrescriptionTest&apos; to bean named &apos;org.springframework.web.context.support.GenericWebApplicationContext@25f7739c&apos;
21:46:10.298 [main] DEBUG o.s.b.f.s.DefaultListableBeanFactory - Returning cached instance of singleton bean &apos;metaDataSourceAdvisor&apos;
21:46:10.299 [main] DEBUG o.s.t.c.s.AbstractDirtiesContextTestExecutionListener - Before test method: context [DefaultTestContext@ebbe156 testClass = APIPrescriptionTest, testInstance = edu.ncsu.csc.itrust2.apitest.APIPrescriptionTest@98aa2ee, testMethod = testPrescriptionAPI@APIPrescriptionTest, testException = [null], mergedContextConfiguration = [WebMergedContextConfiguration@3c2ce1da testClass = APIPrescriptionTest, locations = &apos;{}&apos;, classes = &apos;{class edu.ncsu.csc.itrust2.config.RootConfiguration, class edu.ncsu.csc.itrust2.mvc.config.WebMvcConfiguration}&apos;, contextInitializerClasses = &apos;[]&apos;, activeProfiles = &apos;{}&apos;, propertySourceLocations = &apos;{}&apos;, propertySourceProperties = &apos;{}&apos;, contextCustomizers = set[[empty]], resourceBasePath = &apos;src/main/webapp&apos;, contextLoader = &apos;org.springframework.test.context.web.WebDelegatingSmartContextLoader&apos;, parent = [null]]], class annotated with @DirtiesContext [false] with mode [null], method annotated with @DirtiesContext [false] with mode [null].
21:46:10.299 [main] DEBUG o.s.t.c.c.DefaultCacheAwareContextLoaderDelegate - Retrieved ApplicationContext from cache with key [[WebMergedContextConfiguration@3c2ce1da testClass = APIPrescriptionTest, locations = &apos;{}&apos;, classes = &apos;{class edu.ncsu.csc.itrust2.config.RootConfiguration, class edu.ncsu.csc.itrust2.mvc.config.WebMvcConfiguration}&apos;, contextInitializerClasses = &apos;[]&apos;, activeProfiles = &apos;{}&apos;, propertySourceLocations = &apos;{}&apos;, propertySourceProperties = &apos;{}&apos;, contextCustomizers = set[[empty]], resourceBasePath = &apos;src/main/webapp&apos;, contextLoader = &apos;org.springframework.test.context.web.WebDelegatingSmartContextLoader&apos;, parent = [null]]]
21:46:10.299 [main] DEBUG o.springframework.test.context.cache - Spring test ApplicationContext cache statistics: [DefaultContextCache@44f35879 size = 1, maxSize = 32, parentContextCount = 0, hitCount = 62, missCount = 1]
21:46:10.299 [main] DEBUG o.s.b.f.s.DefaultListableBeanFactory - Creating instance of bean &apos;org.springframework.security.test.context.support.WithMockUserSecurityContextFactory&apos;
21:46:10.299 [main] DEBUG o.s.b.f.s.DefaultListableBeanFactory - Finished creating instance of bean &apos;org.springframework.security.test.context.support.WithMockUserSecurityContextFactory&apos;
21:46:10.299 [main] DEBUG o.s.t.w.s.TestDispatcherServlet - Initializing servlet &apos;&apos;
21:46:10.299 [main] DEBUG o.s.w.c.s.StandardServletEnvironment - Adding [servletConfigInitParams] PropertySource with lowest search precedence
21:46:10.299 [main] DEBUG o.s.w.c.s.StandardServletEnvironment - Adding [servletContextInitParams] PropertySource with lowest search precedence
21:46:10.299 [main] DEBUG o.s.w.c.s.StandardServletEnvironment - Adding [systemProperties] PropertySource with lowest search precedence
21:46:10.299 [main] DEBUG o.s.w.c.s.StandardServletEnvironment - Adding [systemEnvironment] PropertySource with lowest search precedence
21:46:10.299 [main] DEBUG o.s.w.c.s.StandardServletEnvironment - Initialized StandardServletEnvironment with PropertySources [servletConfigInitParams,servletContextInitParams,systemProperties,systemEnvironment]
21:46:10.299 [main] INFO  o.s.mock.web.MockServletContext - Initializing Spring FrameworkServlet &apos;&apos;
21:46:10.300 [main] INFO  o.s.t.w.s.TestDispatcherServlet - FrameworkServlet &apos;&apos;: initialization started
21:46:10.300 [main] DEBUG o.s.t.w.s.TestDispatcherServlet - Unable to locate MultipartResolver with name &apos;multipartResolver&apos;: no multipart request handling provided
21:46:10.300 [main] DEBUG o.s.b.f.s.DefaultListableBeanFactory - Creating instance of bean &apos;org.springframework.web.servlet.i18n.AcceptHeaderLocaleResolver&apos;
21:46:10.300 [main] DEBUG o.s.b.f.s.DefaultListableBeanFactory - Finished creating instance of bean &apos;org.springframework.web.servlet.i18n.AcceptHeaderLocaleResolver&apos;
21:46:10.300 [main] DEBUG o.s.t.w.s.TestDispatcherServlet - Unable to locate LocaleResolver with name &apos;localeResolver&apos;: using default [org.springframework.web.servlet.i18n.AcceptHeaderLocaleResolver@6c112ad7]
21:46:10.300 [main] DEBUG o.s.b.f.s.DefaultListableBeanFactory - Creating instance of bean &apos;org.springframework.web.servlet.theme.FixedThemeResolver&apos;
21:46:10.300 [main] DEBUG o.s.b.f.s.DefaultListableBeanFactory - Finished creating instance of bean &apos;org.springframework.web.servlet.theme.FixedThemeResolver&apos;
21:46:10.300 [main] DEBUG o.s.t.w.s.TestDispatcherServlet - Unable to locate ThemeResolver with name &apos;themeResolver&apos;: using default [org.springframework.web.servlet.theme.FixedThemeResolver@376824be]
21:46:10.300 [main] DEBUG o.s.b.f.s.DefaultListableBeanFactory - Returning cached instance of singleton bean &apos;requestMappingHandlerMapping&apos;
21:46:10.300 [main] DEBUG o.s.b.f.s.DefaultListableBeanFactory - Returning cached instance of singleton bean &apos;viewControllerHandlerMapping&apos;
21:46:10.300 [main] DEBUG o.s.b.f.s.DefaultListableBeanFactory - Returning cached instance of singleton bean &apos;beanNameHandlerMapping&apos;
21:46:10.300 [main] DEBUG o.s.b.f.s.DefaultListableBeanFactory - Returning cached instance of singleton bean &apos;resourceHandlerMapping&apos;
21:46:10.300 [main] DEBUG o.s.b.f.s.DefaultListableBeanFactory - Returning cached instance of singleton bean &apos;defaultServletHandlerMapping&apos;
21:46:10.300 [main] DEBUG o.s.b.f.s.DefaultListableBeanFactory - Returning cached instance of singleton bean &apos;requestMappingHandlerAdapter&apos;
21:46:10.300 [main] DEBUG o.s.b.f.s.DefaultListableBeanFactory - Returning cached instance of singleton bean &apos;httpRequestHandlerAdapter&apos;
21:46:10.300 [main] DEBUG o.s.b.f.s.DefaultListableBeanFactory - Returning cached instance of singleton bean &apos;simpleControllerHandlerAdapter&apos;
21:46:10.301 [main] DEBUG o.s.b.f.s.DefaultListableBeanFactory - Returning cached instance of singleton bean &apos;handlerExceptionResolver&apos;
21:46:10.301 [main] DEBUG o.s.b.f.s.DefaultListableBeanFactory - Creating instance of bean &apos;org.springframework.web.servlet.view.DefaultRequestToViewNameTranslator&apos;
21:46:10.301 [main] DEBUG o.s.b.f.s.DefaultListableBeanFactory - Finished creating instance of bean &apos;org.springframework.web.servlet.view.DefaultRequestToViewNameTranslator&apos;
21:46:10.301 [main] DEBUG o.s.t.w.s.TestDispatcherServlet - Unable to locate RequestToViewNameTranslator with name &apos;viewNameTranslator&apos;: using default [org.springframework.web.servlet.view.DefaultRequestToViewNameTranslator@6b297d6f]
21:46:10.301 [main] DEBUG o.s.b.f.s.DefaultListableBeanFactory - Returning cached instance of singleton bean &apos;mvcViewResolver&apos;
21:46:10.301 [main] DEBUG o.s.b.f.s.DefaultListableBeanFactory - Returning cached instance of singleton bean &apos;viewResolver&apos;
21:46:10.301 [main] DEBUG o.s.b.f.s.DefaultListableBeanFactory - Creating instance of bean &apos;org.springframework.web.servlet.support.SessionFlashMapManager&apos;
21:46:10.301 [main] DEBUG o.s.b.f.s.DefaultListableBeanFactory - Finished creating instance of bean &apos;org.springframework.web.servlet.support.SessionFlashMapManager&apos;
21:46:10.301 [main] DEBUG o.s.t.w.s.TestDispatcherServlet - Unable to locate FlashMapManager with name &apos;flashMapManager&apos;: using default [org.springframework.web.servlet.support.SessionFlashMapManager@5800c7c9]
21:46:10.301 [main] DEBUG o.s.t.w.s.TestDispatcherServlet - Published WebApplicationContext of servlet &apos;&apos; as ServletContext attribute with name [org.springframework.web.servlet.FrameworkServlet.CONTEXT.]
21:46:10.301 [main] INFO  o.s.t.w.s.TestDispatcherServlet - FrameworkServlet &apos;&apos;: initialization completed in 1 ms
21:46:10.301 [main] DEBUG o.s.t.w.s.TestDispatcherServlet - Servlet &apos;&apos; configured successfully
21:46:10.302 [main] DEBUG o.s.t.w.s.TestDispatcherServlet - DispatcherServlet with name &apos;&apos; processing POST request for [/api/v1/users]
21:46:10.302 [main] DEBUG o.s.w.s.m.m.a.RequestMappingHandlerMapping - Looking up handler method for path /api/v1/users
21:46:10.303 [main] DEBUG o.s.w.s.m.m.a.RequestMappingHandlerMapping - Did not find handler method for [/api/v1/users]
21:46:10.303 [main] WARN  o.s.web.servlet.PageNotFound - No mapping found for HTTP request with URI [/api/v1/users] in DispatcherServlet with name &apos;&apos;
21:46:10.303 [main] DEBUG o.s.t.w.s.TestDispatcherServlet - Successfully completed request
21:46:10.303 [main] DEBUG o.s.t.w.s.TestDispatcherServlet - DispatcherServlet with name &apos;&apos; processing POST request for [/api/v1/drugs]
21:46:10.303 [main] DEBUG o.s.w.s.m.m.a.RequestMappingHandlerMapping - Looking up handler method for path /api/v1/drugs
21:46:10.304 [main] DEBUG o.s.w.s.m.m.a.RequestMappingHandlerMapping - Did not find handler method for [/api/v1/drugs]
21:46:10.304 [main] WARN  o.s.web.servlet.PageNotFound - No mapping found for HTTP request with URI [/api/v1/drugs] in DispatcherServlet with name &apos;&apos;
21:46:10.304 [main] DEBUG o.s.t.w.s.TestDispatcherServlet - Successfully completed request
21:46:10.306 [main] DEBUG o.s.t.w.s.TestDispatcherServlet - DispatcherServlet with name &apos;&apos; processing POST request for [/api/v1/prescriptions]
21:46:10.306 [main] DEBUG o.s.w.s.m.m.a.RequestMappingHandlerMapping - Looking up handler method for path /api/v1/prescriptions
21:46:10.307 [main] DEBUG o.s.w.s.m.m.a.RequestMappingHandlerMapping - Did not find handler method for [/api/v1/prescriptions]
21:46:10.307 [main] WARN  o.s.web.servlet.PageNotFound - No mapping found for HTTP request with URI [/api/v1/prescriptions] in DispatcherServlet with name &apos;&apos;
21:46:10.307 [main] DEBUG o.s.t.w.s.TestDispatcherServlet - Successfully completed request
21:46:10.309 [main] DEBUG o.s.t.c.s.AbstractDirtiesContextTestExecutionListener - After test method: context [DefaultTestContext@ebbe156 testClass = APIPrescriptionTest, testInstance = edu.ncsu.csc.itrust2.apitest.APIPrescriptionTest@98aa2ee, testMethod = testPrescriptionAPI@APIPrescriptionTest, testException = java.lang.AssertionError: Status expected:&lt;200&gt; but was:&lt;404&gt;, mergedContextConfiguration = [WebMergedContextConfiguration@3c2ce1da testClass = APIPrescriptionTest, locations = &apos;{}&apos;, classes = &apos;{class edu.ncsu.csc.itrust2.config.RootConfiguration, class edu.ncsu.csc.itrust2.mvc.config.WebMvcConfiguration}&apos;, contextInitializerClasses = &apos;[]&apos;, activeProfiles = &apos;{}&apos;, propertySourceLocations = &apos;{}&apos;, propertySourceProperties = &apos;{}&apos;, contextCustomizers = set[[empty]], resourceBasePath = &apos;src/main/webapp&apos;, contextLoader = &apos;org.springframework.test.context.web.WebDelegatingSmartContextLoader&apos;, parent = [null]]], class annotated with @DirtiesContext [false] with mode [null], method annotated with @DirtiesContext [false] with mode [null].
21:46:10.309 [main] DEBUG o.s.t.c.w.ServletTestExecutionListener - Resetting RequestContextHolder for test context [DefaultTestContext@ebbe156 testClass = APIPrescriptionTest, testInstance = edu.ncsu.csc.itrust2.apitest.APIPrescriptionTest@98aa2ee, testMethod = testPrescriptionAPI@APIPrescriptionTest, testException = java.lang.AssertionError: Status expected:&lt;200&gt; but was:&lt;404&gt;, mergedContextConfiguration = [WebMergedContextConfiguration@3c2ce1da testClass = APIPrescriptionTest, locations = &apos;{}&apos;, classes = &apos;{class edu.ncsu.csc.itrust2.config.RootConfiguration, class edu.ncsu.csc.itrust2.mvc.config.WebMvcConfiguration}&apos;, contextInitializerClasses = &apos;[]&apos;, activeProfiles = &apos;{}&apos;, propertySourceLocations = &apos;{}&apos;, propertySourceProperties = &apos;{}&apos;, contextCustomizers = set[[empty]], resourceBasePath = &apos;src/main/webapp&apos;, contextLoader = &apos;org.springframework.test.context.web.WebDelegatingSmartContextLoader&apos;, parent = [null]]].
</stdout>
          <failedSince>1</failedSince>
        </case>
      </cases>
    </suite>
    <suite>
      <file>/var/lib/jenkins/jobs/iTrust_Fuzzer/workspace/iTrust2/target/surefire-reports/TEST-edu.ncsu.csc.itrust2.apitest.APIUserTest.xml</file>
      <name>edu.ncsu.csc.itrust2.apitest.APIUserTest</name>
      <duration>0.001</duration>
      <time>0.001</time>
      <enclosingBlocks/>
      <enclosingBlockNames/>
      <cases>
        <case>
          <duration>0.0</duration>
          <className>edu.ncsu.csc.itrust2.apitest.APIUserTest</className>
          <testName>testUserAPI</testName>
          <skipped>false</skipped>
          <errorStackTrace>java.lang.NoClassDefFoundError: Could not initialize class edu.ncsu.csc.itrust2.utils.HibernateUtil
	at edu.ncsu.csc.itrust2.apitest.APIUserTest.testUserAPI(APIUserTest.java:71)
</errorStackTrace>
          <errorDetails>Could not initialize class edu.ncsu.csc.itrust2.utils.HibernateUtil</errorDetails>
          <stdout>21:46:10.053 [main] DEBUG o.s.t.c.j.SpringJUnit4ClassRunner - SpringJUnit4ClassRunner constructor called with [class edu.ncsu.csc.itrust2.apitest.APIUserTest]
21:46:10.053 [main] DEBUG o.s.test.context.BootstrapUtils - Instantiating CacheAwareContextLoaderDelegate from class [org.springframework.test.context.cache.DefaultCacheAwareContextLoaderDelegate]
21:46:10.053 [main] DEBUG o.s.test.context.BootstrapUtils - Instantiating BootstrapContext using constructor [public org.springframework.test.context.support.DefaultBootstrapContext(java.lang.Class,org.springframework.test.context.CacheAwareContextLoaderDelegate)]
21:46:10.053 [main] DEBUG o.s.test.context.BootstrapUtils - Instantiating TestContextBootstrapper for test class [edu.ncsu.csc.itrust2.apitest.APIUserTest] from class [org.springframework.test.context.web.WebTestContextBootstrapper]
21:46:10.053 [main] DEBUG o.s.t.c.s.AbstractDelegatingSmartContextLoader - Delegating to AnnotationConfigWebContextLoader to process context configuration [ContextConfigurationAttributes@c8ad456 declaringClass = &apos;edu.ncsu.csc.itrust2.apitest.APIUserTest&apos;, classes = &apos;{class edu.ncsu.csc.itrust2.config.RootConfiguration, class edu.ncsu.csc.itrust2.mvc.config.WebMvcConfiguration}&apos;, locations = &apos;{}&apos;, inheritLocations = true, initializers = &apos;{}&apos;, inheritInitializers = true, name = [null], contextLoaderClass = &apos;org.springframework.test.context.ContextLoader&apos;].
21:46:10.054 [main] DEBUG o.s.t.c.support.ActiveProfilesUtils - Could not find an &apos;annotation declaring class&apos; for annotation type [org.springframework.test.context.ActiveProfiles] and class [edu.ncsu.csc.itrust2.apitest.APIUserTest]
21:46:10.054 [main] DEBUG o.s.t.c.w.WebTestContextBootstrapper - @TestExecutionListeners is not present for class [edu.ncsu.csc.itrust2.apitest.APIUserTest]: using defaults.
21:46:10.055 [main] INFO  o.s.t.c.w.WebTestContextBootstrapper - Loaded default TestExecutionListener class names from location [META-INF/spring.factories]: [org.springframework.security.test.context.support.WithSecurityContextTestExecutionListener, org.springframework.test.context.web.ServletTestExecutionListener, org.springframework.test.context.support.DirtiesContextBeforeModesTestExecutionListener, org.springframework.test.context.support.DependencyInjectionTestExecutionListener, org.springframework.test.context.support.DirtiesContextTestExecutionListener, org.springframework.test.context.transaction.TransactionalTestExecutionListener, org.springframework.test.context.jdbc.SqlScriptsTestExecutionListener]
21:46:10.055 [main] INFO  o.s.t.c.w.WebTestContextBootstrapper - Using TestExecutionListeners: [org.springframework.test.context.web.ServletTestExecutionListener@4159af6, org.springframework.test.context.support.DirtiesContextBeforeModesTestExecutionListener@2d3818f2, org.springframework.test.context.support.DependencyInjectionTestExecutionListener@2313a7c5, org.springframework.test.context.support.DirtiesContextTestExecutionListener@d6f0159, org.springframework.test.context.transaction.TransactionalTestExecutionListener@2585e828, org.springframework.test.context.jdbc.SqlScriptsTestExecutionListener@48979be2, org.springframework.security.test.context.support.WithSecurityContextTestExecutionListener@760420ba]
21:46:10.055 [main] DEBUG o.s.t.annotation.ProfileValueUtils - Retrieved @ProfileValueSourceConfiguration [null] for test class [edu.ncsu.csc.itrust2.apitest.APIUserTest]
21:46:10.055 [main] DEBUG o.s.t.annotation.ProfileValueUtils - Retrieved ProfileValueSource type [class org.springframework.test.annotation.SystemProfileValueSource] for class [edu.ncsu.csc.itrust2.apitest.APIUserTest]
21:46:10.055 [main] DEBUG o.s.t.annotation.ProfileValueUtils - Retrieved @ProfileValueSourceConfiguration [null] for test class [edu.ncsu.csc.itrust2.apitest.APIUserTest]
21:46:10.055 [main] DEBUG o.s.t.annotation.ProfileValueUtils - Retrieved ProfileValueSource type [class org.springframework.test.annotation.SystemProfileValueSource] for class [edu.ncsu.csc.itrust2.apitest.APIUserTest]
21:46:10.055 [main] DEBUG o.s.t.annotation.ProfileValueUtils - Retrieved @ProfileValueSourceConfiguration [null] for test class [edu.ncsu.csc.itrust2.apitest.APIUserTest]
21:46:10.055 [main] DEBUG o.s.t.annotation.ProfileValueUtils - Retrieved ProfileValueSource type [class org.springframework.test.annotation.SystemProfileValueSource] for class [edu.ncsu.csc.itrust2.apitest.APIUserTest]
21:46:10.055 [main] DEBUG o.s.t.c.s.AbstractDirtiesContextTestExecutionListener - Before test class: context [DefaultTestContext@31482ea testClass = APIUserTest, testInstance = [null], testMethod = [null], testException = [null], mergedContextConfiguration = [WebMergedContextConfiguration@9daee08 testClass = APIUserTest, locations = &apos;{}&apos;, classes = &apos;{class edu.ncsu.csc.itrust2.config.RootConfiguration, class edu.ncsu.csc.itrust2.mvc.config.WebMvcConfiguration}&apos;, contextInitializerClasses = &apos;[]&apos;, activeProfiles = &apos;{}&apos;, propertySourceLocations = &apos;{}&apos;, propertySourceProperties = &apos;{}&apos;, contextCustomizers = set[[empty]], resourceBasePath = &apos;src/main/webapp&apos;, contextLoader = &apos;org.springframework.test.context.web.WebDelegatingSmartContextLoader&apos;, parent = [null]]], class annotated with @DirtiesContext [false] with mode [null].
21:46:10.055 [main] DEBUG o.s.t.annotation.ProfileValueUtils - Retrieved @ProfileValueSourceConfiguration [null] for test class [edu.ncsu.csc.itrust2.apitest.APIUserTest]
21:46:10.055 [main] DEBUG o.s.t.annotation.ProfileValueUtils - Retrieved ProfileValueSource type [class org.springframework.test.annotation.SystemProfileValueSource] for class [edu.ncsu.csc.itrust2.apitest.APIUserTest]
21:46:10.056 [main] DEBUG o.s.t.c.c.DefaultCacheAwareContextLoaderDelegate - Retrieved ApplicationContext from cache with key [[WebMergedContextConfiguration@9daee08 testClass = APIUserTest, locations = &apos;{}&apos;, classes = &apos;{class edu.ncsu.csc.itrust2.config.RootConfiguration, class edu.ncsu.csc.itrust2.mvc.config.WebMvcConfiguration}&apos;, contextInitializerClasses = &apos;[]&apos;, activeProfiles = &apos;{}&apos;, propertySourceLocations = &apos;{}&apos;, propertySourceProperties = &apos;{}&apos;, contextCustomizers = set[[empty]], resourceBasePath = &apos;src/main/webapp&apos;, contextLoader = &apos;org.springframework.test.context.web.WebDelegatingSmartContextLoader&apos;, parent = [null]]]
21:46:10.056 [main] DEBUG o.springframework.test.context.cache - Spring test ApplicationContext cache statistics: [DefaultContextCache@44f35879 size = 1, maxSize = 32, parentContextCount = 0, hitCount = 15, missCount = 1]
21:46:10.056 [main] DEBUG o.s.t.c.w.ServletTestExecutionListener - Setting up MockHttpServletRequest, MockHttpServletResponse, ServletWebRequest, and RequestContextHolder for test context [DefaultTestContext@31482ea testClass = APIUserTest, testInstance = edu.ncsu.csc.itrust2.apitest.APIUserTest@7de62c5a, testMethod = [null], testException = [null], mergedContextConfiguration = [WebMergedContextConfiguration@9daee08 testClass = APIUserTest, locations = &apos;{}&apos;, classes = &apos;{class edu.ncsu.csc.itrust2.config.RootConfiguration, class edu.ncsu.csc.itrust2.mvc.config.WebMvcConfiguration}&apos;, contextInitializerClasses = &apos;[]&apos;, activeProfiles = &apos;{}&apos;, propertySourceLocations = &apos;{}&apos;, propertySourceProperties = &apos;{}&apos;, contextCustomizers = set[[empty]], resourceBasePath = &apos;src/main/webapp&apos;, contextLoader = &apos;org.springframework.test.context.web.WebDelegatingSmartContextLoader&apos;, parent = [null]]].
21:46:10.056 [main] DEBUG o.s.t.c.s.DependencyInjectionTestExecutionListener - Performing dependency injection for test context [[DefaultTestContext@31482ea testClass = APIUserTest, testInstance = edu.ncsu.csc.itrust2.apitest.APIUserTest@7de62c5a, testMethod = [null], testException = [null], mergedContextConfiguration = [WebMergedContextConfiguration@9daee08 testClass = APIUserTest, locations = &apos;{}&apos;, classes = &apos;{class edu.ncsu.csc.itrust2.config.RootConfiguration, class edu.ncsu.csc.itrust2.mvc.config.WebMvcConfiguration}&apos;, contextInitializerClasses = &apos;[]&apos;, activeProfiles = &apos;{}&apos;, propertySourceLocations = &apos;{}&apos;, propertySourceProperties = &apos;{}&apos;, contextCustomizers = set[[empty]], resourceBasePath = &apos;src/main/webapp&apos;, contextLoader = &apos;org.springframework.test.context.web.WebDelegatingSmartContextLoader&apos;, parent = [null]]]].
21:46:10.056 [main] DEBUG o.s.t.c.c.DefaultCacheAwareContextLoaderDelegate - Retrieved ApplicationContext from cache with key [[WebMergedContextConfiguration@9daee08 testClass = APIUserTest, locations = &apos;{}&apos;, classes = &apos;{class edu.ncsu.csc.itrust2.config.RootConfiguration, class edu.ncsu.csc.itrust2.mvc.config.WebMvcConfiguration}&apos;, contextInitializerClasses = &apos;[]&apos;, activeProfiles = &apos;{}&apos;, propertySourceLocations = &apos;{}&apos;, propertySourceProperties = &apos;{}&apos;, contextCustomizers = set[[empty]], resourceBasePath = &apos;src/main/webapp&apos;, contextLoader = &apos;org.springframework.test.context.web.WebDelegatingSmartContextLoader&apos;, parent = [null]]]
21:46:10.056 [main] DEBUG o.springframework.test.context.cache - Spring test ApplicationContext cache statistics: [DefaultContextCache@44f35879 size = 1, maxSize = 32, parentContextCount = 0, hitCount = 16, missCount = 1]
21:46:10.057 [main] DEBUG o.s.b.f.annotation.InjectionMetadata - Processing injected element of bean &apos;edu.ncsu.csc.itrust2.apitest.APIUserTest&apos;: AutowiredFieldElement for private org.springframework.web.context.WebApplicationContext edu.ncsu.csc.itrust2.apitest.APIUserTest.context
21:46:10.057 [main] DEBUG o.s.b.f.a.AutowiredAnnotationBeanPostProcessor - Autowiring by type from bean name &apos;edu.ncsu.csc.itrust2.apitest.APIUserTest&apos; to bean named &apos;org.springframework.web.context.support.GenericWebApplicationContext@25f7739c&apos;
21:46:10.057 [main] DEBUG o.s.b.f.s.DefaultListableBeanFactory - Returning cached instance of singleton bean &apos;metaDataSourceAdvisor&apos;
21:46:10.057 [main] DEBUG o.s.t.c.s.AbstractDirtiesContextTestExecutionListener - Before test method: context [DefaultTestContext@31482ea testClass = APIUserTest, testInstance = edu.ncsu.csc.itrust2.apitest.APIUserTest@7de62c5a, testMethod = testUserAPI@APIUserTest, testException = [null], mergedContextConfiguration = [WebMergedContextConfiguration@9daee08 testClass = APIUserTest, locations = &apos;{}&apos;, classes = &apos;{class edu.ncsu.csc.itrust2.config.RootConfiguration, class edu.ncsu.csc.itrust2.mvc.config.WebMvcConfiguration}&apos;, contextInitializerClasses = &apos;[]&apos;, activeProfiles = &apos;{}&apos;, propertySourceLocations = &apos;{}&apos;, propertySourceProperties = &apos;{}&apos;, contextCustomizers = set[[empty]], resourceBasePath = &apos;src/main/webapp&apos;, contextLoader = &apos;org.springframework.test.context.web.WebDelegatingSmartContextLoader&apos;, parent = [null]]], class annotated with @DirtiesContext [false] with mode [null], method annotated with @DirtiesContext [false] with mode [null].
21:46:10.058 [main] DEBUG o.s.t.w.s.TestDispatcherServlet - Initializing servlet &apos;&apos;
21:46:10.058 [main] DEBUG o.s.w.c.s.StandardServletEnvironment - Adding [servletConfigInitParams] PropertySource with lowest search precedence
21:46:10.058 [main] DEBUG o.s.w.c.s.StandardServletEnvironment - Adding [servletContextInitParams] PropertySource with lowest search precedence
21:46:10.058 [main] DEBUG o.s.w.c.s.StandardServletEnvironment - Adding [systemProperties] PropertySource with lowest search precedence
21:46:10.058 [main] DEBUG o.s.w.c.s.StandardServletEnvironment - Adding [systemEnvironment] PropertySource with lowest search precedence
21:46:10.058 [main] DEBUG o.s.w.c.s.StandardServletEnvironment - Initialized StandardServletEnvironment with PropertySources [servletConfigInitParams,servletContextInitParams,systemProperties,systemEnvironment]
21:46:10.058 [main] INFO  o.s.mock.web.MockServletContext - Initializing Spring FrameworkServlet &apos;&apos;
21:46:10.058 [main] INFO  o.s.t.w.s.TestDispatcherServlet - FrameworkServlet &apos;&apos;: initialization started
21:46:10.058 [main] DEBUG o.s.t.w.s.TestDispatcherServlet - Unable to locate MultipartResolver with name &apos;multipartResolver&apos;: no multipart request handling provided
21:46:10.058 [main] DEBUG o.s.b.f.s.DefaultListableBeanFactory - Creating instance of bean &apos;org.springframework.web.servlet.i18n.AcceptHeaderLocaleResolver&apos;
21:46:10.058 [main] DEBUG o.s.b.f.s.DefaultListableBeanFactory - Finished creating instance of bean &apos;org.springframework.web.servlet.i18n.AcceptHeaderLocaleResolver&apos;
21:46:10.058 [main] DEBUG o.s.t.w.s.TestDispatcherServlet - Unable to locate LocaleResolver with name &apos;localeResolver&apos;: using default [org.springframework.web.servlet.i18n.AcceptHeaderLocaleResolver@d1406c2]
21:46:10.058 [main] DEBUG o.s.b.f.s.DefaultListableBeanFactory - Creating instance of bean &apos;org.springframework.web.servlet.theme.FixedThemeResolver&apos;
21:46:10.058 [main] DEBUG o.s.b.f.s.DefaultListableBeanFactory - Finished creating instance of bean &apos;org.springframework.web.servlet.theme.FixedThemeResolver&apos;
21:46:10.058 [main] DEBUG o.s.t.w.s.TestDispatcherServlet - Unable to locate ThemeResolver with name &apos;themeResolver&apos;: using default [org.springframework.web.servlet.theme.FixedThemeResolver@536013c6]
21:46:10.059 [main] DEBUG o.s.b.f.s.DefaultListableBeanFactory - Returning cached instance of singleton bean &apos;requestMappingHandlerMapping&apos;
21:46:10.059 [main] DEBUG o.s.b.f.s.DefaultListableBeanFactory - Returning cached instance of singleton bean &apos;viewControllerHandlerMapping&apos;
21:46:10.059 [main] DEBUG o.s.b.f.s.DefaultListableBeanFactory - Returning cached instance of singleton bean &apos;beanNameHandlerMapping&apos;
21:46:10.059 [main] DEBUG o.s.b.f.s.DefaultListableBeanFactory - Returning cached instance of singleton bean &apos;resourceHandlerMapping&apos;
21:46:10.059 [main] DEBUG o.s.b.f.s.DefaultListableBeanFactory - Returning cached instance of singleton bean &apos;defaultServletHandlerMapping&apos;
21:46:10.059 [main] DEBUG o.s.b.f.s.DefaultListableBeanFactory - Returning cached instance of singleton bean &apos;requestMappingHandlerAdapter&apos;
21:46:10.059 [main] DEBUG o.s.b.f.s.DefaultListableBeanFactory - Returning cached instance of singleton bean &apos;httpRequestHandlerAdapter&apos;
21:46:10.059 [main] DEBUG o.s.b.f.s.DefaultListableBeanFactory - Returning cached instance of singleton bean &apos;simpleControllerHandlerAdapter&apos;
21:46:10.059 [main] DEBUG o.s.b.f.s.DefaultListableBeanFactory - Returning cached instance of singleton bean &apos;handlerExceptionResolver&apos;
21:46:10.059 [main] DEBUG o.s.b.f.s.DefaultListableBeanFactory - Creating instance of bean &apos;org.springframework.web.servlet.view.DefaultRequestToViewNameTranslator&apos;
21:46:10.059 [main] DEBUG o.s.b.f.s.DefaultListableBeanFactory - Finished creating instance of bean &apos;org.springframework.web.servlet.view.DefaultRequestToViewNameTranslator&apos;
21:46:10.059 [main] DEBUG o.s.t.w.s.TestDispatcherServlet - Unable to locate RequestToViewNameTranslator with name &apos;viewNameTranslator&apos;: using default [org.springframework.web.servlet.view.DefaultRequestToViewNameTranslator@1fa8610c]
21:46:10.059 [main] DEBUG o.s.b.f.s.DefaultListableBeanFactory - Returning cached instance of singleton bean &apos;mvcViewResolver&apos;
21:46:10.059 [main] DEBUG o.s.b.f.s.DefaultListableBeanFactory - Returning cached instance of singleton bean &apos;viewResolver&apos;
21:46:10.060 [main] DEBUG o.s.b.f.s.DefaultListableBeanFactory - Creating instance of bean &apos;org.springframework.web.servlet.support.SessionFlashMapManager&apos;
21:46:10.060 [main] DEBUG o.s.b.f.s.DefaultListableBeanFactory - Finished creating instance of bean &apos;org.springframework.web.servlet.support.SessionFlashMapManager&apos;
21:46:10.060 [main] DEBUG o.s.t.w.s.TestDispatcherServlet - Unable to locate FlashMapManager with name &apos;flashMapManager&apos;: using default [org.springframework.web.servlet.support.SessionFlashMapManager@3321f5e7]
21:46:10.060 [main] DEBUG o.s.t.w.s.TestDispatcherServlet - Published WebApplicationContext of servlet &apos;&apos; as ServletContext attribute with name [org.springframework.web.servlet.FrameworkServlet.CONTEXT.]
21:46:10.060 [main] INFO  o.s.t.w.s.TestDispatcherServlet - FrameworkServlet &apos;&apos;: initialization completed in 2 ms
21:46:10.060 [main] DEBUG o.s.t.w.s.TestDispatcherServlet - Servlet &apos;&apos; configured successfully
21:46:10.060 [main] DEBUG o.s.t.c.s.AbstractDirtiesContextTestExecutionListener - After test method: context [DefaultTestContext@31482ea testClass = APIUserTest, testInstance = edu.ncsu.csc.itrust2.apitest.APIUserTest@7de62c5a, testMethod = testUserAPI@APIUserTest, testException = java.lang.NoClassDefFoundError: Could not initialize class edu.ncsu.csc.itrust2.utils.HibernateUtil, mergedContextConfiguration = [WebMergedContextConfiguration@9daee08 testClass = APIUserTest, locations = &apos;{}&apos;, classes = &apos;{class edu.ncsu.csc.itrust2.config.RootConfiguration, class edu.ncsu.csc.itrust2.mvc.config.WebMvcConfiguration}&apos;, contextInitializerClasses = &apos;[]&apos;, activeProfiles = &apos;{}&apos;, propertySourceLocations = &apos;{}&apos;, propertySourceProperties = &apos;{}&apos;, contextCustomizers = set[[empty]], resourceBasePath = &apos;src/main/webapp&apos;, contextLoader = &apos;org.springframework.test.context.web.WebDelegatingSmartContextLoader&apos;, parent = [null]]], class annotated with @DirtiesContext [false] with mode [null], method annotated with @DirtiesContext [false] with mode [null].
21:46:10.060 [main] DEBUG o.s.t.c.w.ServletTestExecutionListener - Resetting RequestContextHolder for test context [DefaultTestContext@31482ea testClass = APIUserTest, testInstance = edu.ncsu.csc.itrust2.apitest.APIUserTest@7de62c5a, testMethod = testUserAPI@APIUserTest, testException = java.lang.NoClassDefFoundError: Could not initialize class edu.ncsu.csc.itrust2.utils.HibernateUtil, mergedContextConfiguration = [WebMergedContextConfiguration@9daee08 testClass = APIUserTest, locations = &apos;{}&apos;, classes = &apos;{class edu.ncsu.csc.itrust2.config.RootConfiguration, class edu.ncsu.csc.itrust2.mvc.config.WebMvcConfiguration}&apos;, contextInitializerClasses = &apos;[]&apos;, activeProfiles = &apos;{}&apos;, propertySourceLocations = &apos;{}&apos;, propertySourceProperties = &apos;{}&apos;, contextCustomizers = set[[empty]], resourceBasePath = &apos;src/main/webapp&apos;, contextLoader = &apos;org.springframework.test.context.web.WebDelegatingSmartContextLoader&apos;, parent = [null]]].
</stdout>
          <failedSince>1</failedSince>
        </case>
        <case>
          <duration>0.0</duration>
          <className>edu.ncsu.csc.itrust2.apitest.APIUserTest</className>
          <testName>testGetNonExistentUser</testName>
          <skipped>false</skipped>
          <failedSince>0</failedSince>
        </case>
      </cases>
    </suite>
    <suite>
      <file>/var/lib/jenkins/jobs/iTrust_Fuzzer/workspace/iTrust2/target/surefire-reports/TEST-edu.ncsu.csc.itrust2.unit.DomainObjectTest.xml</file>
      <name>edu.ncsu.csc.itrust2.unit.DomainObjectTest</name>
      <duration>0.001</duration>
      <time>0.001</time>
      <enclosingBlocks/>
      <enclosingBlockNames/>
      <cases>
        <case>
          <duration>0.0</duration>
          <className>edu.ncsu.csc.itrust2.unit.DomainObjectTest</className>
          <testName>testCreateDomainObject</testName>
          <skipped>false</skipped>
          <errorStackTrace>java.lang.NoClassDefFoundError: Could not initialize class edu.ncsu.csc.itrust2.utils.HibernateUtil
	at edu.ncsu.csc.itrust2.unit.DomainObjectTest.testCreateDomainObject(DomainObjectTest.java:26)
</errorStackTrace>
          <errorDetails>Could not initialize class edu.ncsu.csc.itrust2.utils.HibernateUtil</errorDetails>
          <failedSince>1</failedSince>
        </case>
        <case>
          <duration>0.0</duration>
          <className>edu.ncsu.csc.itrust2.unit.DomainObjectTest</className>
          <testName>testRetrieveDomainObject</testName>
          <skipped>false</skipped>
          <errorStackTrace>java.lang.NoClassDefFoundError: Could not initialize class edu.ncsu.csc.itrust2.utils.HibernateUtil
	at edu.ncsu.csc.itrust2.unit.DomainObjectTest.testRetrieveDomainObject(DomainObjectTest.java:41)
</errorStackTrace>
          <errorDetails>Could not initialize class edu.ncsu.csc.itrust2.utils.HibernateUtil</errorDetails>
          <failedSince>1</failedSince>
        </case>
        <case>
          <duration>0.001</duration>
          <className>edu.ncsu.csc.itrust2.unit.DomainObjectTest</className>
          <testName>testDelete</testName>
          <skipped>false</skipped>
          <errorStackTrace>java.lang.NoClassDefFoundError: Could not initialize class edu.ncsu.csc.itrust2.utils.HibernateUtil
	at edu.ncsu.csc.itrust2.unit.DomainObjectTest.testDelete(DomainObjectTest.java:56)
</errorStackTrace>
          <errorDetails>Could not initialize class edu.ncsu.csc.itrust2.utils.HibernateUtil</errorDetails>
          <failedSince>1</failedSince>
        </case>
      </cases>
    </suite>
    <suite>
      <file>/var/lib/jenkins/jobs/iTrust_Fuzzer/workspace/iTrust2/target/surefire-reports/TEST-edu.ncsu.csc.itrust2.unit.EmailUtilTest.xml</file>
      <name>edu.ncsu.csc.itrust2.unit.EmailUtilTest</name>
      <duration>2.444</duration>
      <time>2.444</time>
      <enclosingBlocks/>
      <enclosingBlockNames/>
      <cases>
        <case>
          <duration>2.443</duration>
          <className>edu.ncsu.csc.itrust2.unit.EmailUtilTest</className>
          <testName>testEmail</testName>
          <skipped>false</skipped>
          <errorStackTrace>java.lang.ExceptionInInitializerError
	at edu.ncsu.csc.itrust2.unit.EmailUtilTest.testEmail(EmailUtilTest.java:25)
Caused by: java.lang.UnsupportedOperationException: The application must supply JDBC connections
	at edu.ncsu.csc.itrust2.unit.EmailUtilTest.testEmail(EmailUtilTest.java:25)
</errorStackTrace>
          <stdout>21:46:04.291 [main] DEBUG org.jboss.logging - Logging Provider: org.jboss.logging.Slf4jLoggerProvider
21:46:04.307 [main] DEBUG o.h.i.internal.IntegratorServiceImpl - Adding Integrator [org.hibernate.cfg.beanvalidation.BeanValidationIntegrator].
21:46:04.310 [main] DEBUG o.h.i.internal.IntegratorServiceImpl - Adding Integrator [org.hibernate.secure.spi.JaccIntegrator].
21:46:04.313 [main] DEBUG o.h.i.internal.IntegratorServiceImpl - Adding Integrator [org.hibernate.cache.internal.CollectionCacheInvalidator].
21:46:04.430 [main] INFO  org.hibernate.Version - HHH000412: Hibernate Core {5.0.11.Final}
21:46:04.433 [main] INFO  org.hibernate.cfg.Environment - HHH000206: hibernate.properties not found
21:46:04.435 [main] INFO  org.hibernate.cfg.Environment - HHH000021: Bytecode provider name : javassist
21:46:04.472 [main] DEBUG o.h.b.j.i.s.LocalXmlResourceResolver - Interpreting public/system identifier : [null] - [http://www.hibernate.org/dtd/hibernate-configuration-3.0.dtd]
21:46:04.472 [main] DEBUG o.h.b.j.i.s.LocalXmlResourceResolver - Recognized hibernate-configuration identifier; attempting to resolve on classpath under org/hibernate/
21:46:04.475 [main] DEBUG o.h.b.c.internal.JaxbCfgProcessor - cfg.xml document did not define namespaces; wrapping in custom event reader to introduce namespace information
21:46:04.888 [main] DEBUG org.hibernate.cfg.Configuration - Building session factory using internal StandardServiceRegistryBuilder
21:46:04.897 [main] DEBUG o.h.service.spi.ServiceBinding - Overriding existing service binding [org.hibernate.secure.spi.JaccService]
21:46:04.897 [main] DEBUG org.hibernate.cfg.Configuration - Building session factory using provided StandardServiceRegistry
21:46:04.916 [main] DEBUG o.h.c.i.RegionFactoryInitiator - Cache region factory : org.hibernate.cache.internal.NoCachingRegionFactory
21:46:04.926 [main] INFO  o.h.annotations.common.Version - HCANN000001: Hibernate Commons Annotations {5.0.1.Final}
21:46:04.957 [main] DEBUG org.hibernate.type.BasicTypeRegistry - Adding type registration boolean -&gt; org.hibernate.type.BooleanType@42ebece0
21:46:04.957 [main] DEBUG org.hibernate.type.BasicTypeRegistry - Adding type registration boolean -&gt; org.hibernate.type.BooleanType@42ebece0
21:46:04.957 [main] DEBUG org.hibernate.type.BasicTypeRegistry - Adding type registration java.lang.Boolean -&gt; org.hibernate.type.BooleanType@42ebece0
21:46:04.959 [main] DEBUG org.hibernate.type.BasicTypeRegistry - Adding type registration numeric_boolean -&gt; org.hibernate.type.NumericBooleanType@6d695ec4
21:46:04.960 [main] DEBUG org.hibernate.type.BasicTypeRegistry - Adding type registration true_false -&gt; org.hibernate.type.TrueFalseType@6e90cec8
21:46:04.961 [main] DEBUG org.hibernate.type.BasicTypeRegistry - Adding type registration yes_no -&gt; org.hibernate.type.YesNoType@1eb7ec59
21:46:04.963 [main] DEBUG org.hibernate.type.BasicTypeRegistry - Adding type registration byte -&gt; org.hibernate.type.ByteType@1835b783
21:46:04.963 [main] DEBUG org.hibernate.type.BasicTypeRegistry - Adding type registration byte -&gt; org.hibernate.type.ByteType@1835b783
21:46:04.963 [main] DEBUG org.hibernate.type.BasicTypeRegistry - Adding type registration java.lang.Byte -&gt; org.hibernate.type.ByteType@1835b783
21:46:04.964 [main] DEBUG org.hibernate.type.BasicTypeRegistry - Adding type registration character -&gt; org.hibernate.type.CharacterType@5ddf5118
21:46:04.964 [main] DEBUG org.hibernate.type.BasicTypeRegistry - Adding type registration char -&gt; org.hibernate.type.CharacterType@5ddf5118
21:46:04.964 [main] DEBUG org.hibernate.type.BasicTypeRegistry - Adding type registration java.lang.Character -&gt; org.hibernate.type.CharacterType@5ddf5118
21:46:04.966 [main] DEBUG org.hibernate.type.BasicTypeRegistry - Adding type registration short -&gt; org.hibernate.type.ShortType@6c8ad6d7
21:46:04.966 [main] DEBUG org.hibernate.type.BasicTypeRegistry - Adding type registration short -&gt; org.hibernate.type.ShortType@6c8ad6d7
21:46:04.966 [main] DEBUG org.hibernate.type.BasicTypeRegistry - Adding type registration java.lang.Short -&gt; org.hibernate.type.ShortType@6c8ad6d7
21:46:04.968 [main] DEBUG org.hibernate.type.BasicTypeRegistry - Adding type registration integer -&gt; org.hibernate.type.IntegerType@96075c0
21:46:04.968 [main] DEBUG org.hibernate.type.BasicTypeRegistry - Adding type registration int -&gt; org.hibernate.type.IntegerType@96075c0
21:46:04.968 [main] DEBUG org.hibernate.type.BasicTypeRegistry - Adding type registration java.lang.Integer -&gt; org.hibernate.type.IntegerType@96075c0
21:46:04.970 [main] DEBUG org.hibernate.type.BasicTypeRegistry - Adding type registration long -&gt; org.hibernate.type.LongType@2573b149
21:46:04.970 [main] DEBUG org.hibernate.type.BasicTypeRegistry - Adding type registration long -&gt; org.hibernate.type.LongType@2573b149
21:46:04.970 [main] DEBUG org.hibernate.type.BasicTypeRegistry - Adding type registration java.lang.Long -&gt; org.hibernate.type.LongType@2573b149
21:46:04.972 [main] DEBUG org.hibernate.type.BasicTypeRegistry - Adding type registration float -&gt; org.hibernate.type.FloatType@5c9e6d95
21:46:04.972 [main] DEBUG org.hibernate.type.BasicTypeRegistry - Adding type registration float -&gt; org.hibernate.type.FloatType@5c9e6d95
21:46:04.972 [main] DEBUG org.hibernate.type.BasicTypeRegistry - Adding type registration java.lang.Float -&gt; org.hibernate.type.FloatType@5c9e6d95
21:46:04.974 [main] DEBUG org.hibernate.type.BasicTypeRegistry - Adding type registration double -&gt; org.hibernate.type.DoubleType@3a8ead9
21:46:04.974 [main] DEBUG org.hibernate.type.BasicTypeRegistry - Adding type registration double -&gt; org.hibernate.type.DoubleType@3a8ead9
21:46:04.974 [main] DEBUG org.hibernate.type.BasicTypeRegistry - Adding type registration java.lang.Double -&gt; org.hibernate.type.DoubleType@3a8ead9
21:46:04.976 [main] DEBUG org.hibernate.type.BasicTypeRegistry - Adding type registration big_decimal -&gt; org.hibernate.type.BigDecimalType@6cc44207
21:46:04.976 [main] DEBUG org.hibernate.type.BasicTypeRegistry - Adding type registration java.math.BigDecimal -&gt; org.hibernate.type.BigDecimalType@6cc44207
21:46:04.978 [main] DEBUG org.hibernate.type.BasicTypeRegistry - Adding type registration big_integer -&gt; org.hibernate.type.BigIntegerType@a251135
21:46:04.978 [main] DEBUG org.hibernate.type.BasicTypeRegistry - Adding type registration java.math.BigInteger -&gt; org.hibernate.type.BigIntegerType@a251135
21:46:04.979 [main] DEBUG org.hibernate.type.BasicTypeRegistry - Adding type registration string -&gt; org.hibernate.type.StringType@2ac3d530
21:46:04.979 [main] DEBUG org.hibernate.type.BasicTypeRegistry - Adding type registration java.lang.String -&gt; org.hibernate.type.StringType@2ac3d530
21:46:04.980 [main] DEBUG org.hibernate.type.BasicTypeRegistry - Adding type registration nstring -&gt; org.hibernate.type.StringNVarcharType@5db90818
21:46:04.981 [main] DEBUG org.hibernate.type.BasicTypeRegistry - Adding type registration ncharacter -&gt; org.hibernate.type.CharacterNCharType@2dcd451f
21:46:04.983 [main] DEBUG org.hibernate.type.BasicTypeRegistry - Adding type registration url -&gt; org.hibernate.type.UrlType@56dde9f7
21:46:04.983 [main] DEBUG org.hibernate.type.BasicTypeRegistry - Adding type registration java.net.URL -&gt; org.hibernate.type.UrlType@56dde9f7
21:46:04.985 [main] DEBUG org.hibernate.type.BasicTypeRegistry - Adding type registration date -&gt; org.hibernate.type.DateType@48144f1a
21:46:04.985 [main] DEBUG org.hibernate.type.BasicTypeRegistry - Adding type registration java.sql.Date -&gt; org.hibernate.type.DateType@48144f1a
21:46:04.988 [main] DEBUG org.hibernate.type.BasicTypeRegistry - Adding type registration time -&gt; org.hibernate.type.TimeType@87f6ab5
21:46:04.988 [main] DEBUG org.hibernate.type.BasicTypeRegistry - Adding type registration java.sql.Time -&gt; org.hibernate.type.TimeType@87f6ab5
21:46:04.990 [main] DEBUG org.hibernate.type.BasicTypeRegistry - Adding type registration timestamp -&gt; org.hibernate.type.TimestampType@55c8fc60
21:46:04.990 [main] DEBUG org.hibernate.type.BasicTypeRegistry - Adding type registration java.sql.Timestamp -&gt; org.hibernate.type.TimestampType@55c8fc60
21:46:04.990 [main] DEBUG org.hibernate.type.BasicTypeRegistry - Adding type registration java.util.Date -&gt; org.hibernate.type.TimestampType@55c8fc60
21:46:04.992 [main] DEBUG org.hibernate.type.BasicTypeRegistry - Adding type registration dbtimestamp -&gt; org.hibernate.type.DbTimestampType@4e4af370
21:46:04.993 [main] DEBUG org.hibernate.type.BasicTypeRegistry - Adding type registration calendar -&gt; org.hibernate.type.CalendarType@50e6ee24
21:46:04.993 [main] DEBUG org.hibernate.type.BasicTypeRegistry - Adding type registration java.util.Calendar -&gt; org.hibernate.type.CalendarType@50e6ee24
21:46:04.994 [main] DEBUG org.hibernate.type.BasicTypeRegistry - Adding type registration java.util.GregorianCalendar -&gt; org.hibernate.type.CalendarType@50e6ee24
21:46:04.995 [main] DEBUG org.hibernate.type.BasicTypeRegistry - Adding type registration calendar_date -&gt; org.hibernate.type.CalendarDateType@3ca6bd01
21:46:04.996 [main] DEBUG org.hibernate.type.BasicTypeRegistry - Adding type registration locale -&gt; org.hibernate.type.LocaleType@1abf951a
21:46:04.996 [main] DEBUG org.hibernate.type.BasicTypeRegistry - Adding type registration java.util.Locale -&gt; org.hibernate.type.LocaleType@1abf951a
21:46:04.997 [main] DEBUG org.hibernate.type.BasicTypeRegistry - Adding type registration currency -&gt; org.hibernate.type.CurrencyType@27a6384b
21:46:04.998 [main] DEBUG org.hibernate.type.BasicTypeRegistry - Adding type registration java.util.Currency -&gt; org.hibernate.type.CurrencyType@27a6384b
21:46:04.999 [main] DEBUG org.hibernate.type.BasicTypeRegistry - Adding type registration timezone -&gt; org.hibernate.type.TimeZoneType@f4d391c
21:46:04.999 [main] DEBUG org.hibernate.type.BasicTypeRegistry - Adding type registration java.util.TimeZone -&gt; org.hibernate.type.TimeZoneType@f4d391c
21:46:05.000 [main] DEBUG org.hibernate.type.BasicTypeRegistry - Adding type registration class -&gt; org.hibernate.type.ClassType@20f99c18
21:46:05.000 [main] DEBUG org.hibernate.type.BasicTypeRegistry - Adding type registration java.lang.Class -&gt; org.hibernate.type.ClassType@20f99c18
21:46:05.002 [main] DEBUG org.hibernate.type.BasicTypeRegistry - Adding type registration uuid-binary -&gt; org.hibernate.type.UUIDBinaryType@5ae16aa
21:46:05.002 [main] DEBUG org.hibernate.type.BasicTypeRegistry - Adding type registration java.util.UUID -&gt; org.hibernate.type.UUIDBinaryType@5ae16aa
21:46:05.003 [main] DEBUG org.hibernate.type.BasicTypeRegistry - Adding type registration uuid-char -&gt; org.hibernate.type.UUIDCharType@6d9ee75a
21:46:05.005 [main] DEBUG org.hibernate.type.BasicTypeRegistry - Adding type registration binary -&gt; org.hibernate.type.BinaryType@41abee65
21:46:05.005 [main] DEBUG org.hibernate.type.BasicTypeRegistry - Adding type registration byte[] -&gt; org.hibernate.type.BinaryType@41abee65
21:46:05.005 [main] DEBUG org.hibernate.type.BasicTypeRegistry - Adding type registration [B -&gt; org.hibernate.type.BinaryType@41abee65
21:46:05.006 [main] DEBUG org.hibernate.type.BasicTypeRegistry - Adding type registration wrapper-binary -&gt; org.hibernate.type.WrapperBinaryType@4e26040f
21:46:05.006 [main] DEBUG org.hibernate.type.BasicTypeRegistry - Adding type registration Byte[] -&gt; org.hibernate.type.WrapperBinaryType@4e26040f
21:46:05.006 [main] DEBUG org.hibernate.type.BasicTypeRegistry - Adding type registration [Ljava.lang.Byte; -&gt; org.hibernate.type.WrapperBinaryType@4e26040f
21:46:05.008 [main] DEBUG org.hibernate.type.BasicTypeRegistry - Adding type registration row_version -&gt; org.hibernate.type.RowVersionType@36fe83d
21:46:05.009 [main] DEBUG org.hibernate.type.BasicTypeRegistry - Adding type registration image -&gt; org.hibernate.type.ImageType@e04b8a0
21:46:05.010 [main] DEBUG org.hibernate.type.BasicTypeRegistry - Adding type registration characters -&gt; org.hibernate.type.CharArrayType@5d75f90e
21:46:05.010 [main] DEBUG org.hibernate.type.BasicTypeRegistry - Adding type registration char[] -&gt; org.hibernate.type.CharArrayType@5d75f90e
21:46:05.010 [main] DEBUG org.hibernate.type.BasicTypeRegistry - Adding type registration [C -&gt; org.hibernate.type.CharArrayType@5d75f90e
21:46:05.012 [main] DEBUG org.hibernate.type.BasicTypeRegistry - Adding type registration wrapper-characters -&gt; org.hibernate.type.CharacterArrayType@20a9fb01
21:46:05.012 [main] DEBUG org.hibernate.type.BasicTypeRegistry - Adding type registration [Ljava.lang.Character; -&gt; org.hibernate.type.CharacterArrayType@20a9fb01
21:46:05.012 [main] DEBUG org.hibernate.type.BasicTypeRegistry - Adding type registration Character[] -&gt; org.hibernate.type.CharacterArrayType@20a9fb01
21:46:05.013 [main] DEBUG org.hibernate.type.BasicTypeRegistry - Adding type registration text -&gt; org.hibernate.type.TextType@2651e783
21:46:05.014 [main] DEBUG org.hibernate.type.BasicTypeRegistry - Adding type registration ntext -&gt; org.hibernate.type.NTextType@20db19ff
21:46:05.020 [main] DEBUG org.hibernate.type.BasicTypeRegistry - Adding type registration blob -&gt; org.hibernate.type.BlobType@6c46dc02
21:46:05.020 [main] DEBUG org.hibernate.type.BasicTypeRegistry - Adding type registration java.sql.Blob -&gt; org.hibernate.type.BlobType@6c46dc02
21:46:05.020 [main] DEBUG org.hibernate.type.BasicTypeRegistry - Adding type registration materialized_blob -&gt; org.hibernate.type.MaterializedBlobType@37f71e8
21:46:05.025 [main] DEBUG org.hibernate.type.BasicTypeRegistry - Adding type registration clob -&gt; org.hibernate.type.ClobType@e5c52fa
21:46:05.026 [main] DEBUG org.hibernate.type.BasicTypeRegistry - Adding type registration java.sql.Clob -&gt; org.hibernate.type.ClobType@e5c52fa
21:46:05.030 [main] DEBUG org.hibernate.type.BasicTypeRegistry - Adding type registration nclob -&gt; org.hibernate.type.NClobType@4e0802e0
21:46:05.030 [main] DEBUG org.hibernate.type.BasicTypeRegistry - Adding type registration java.sql.NClob -&gt; org.hibernate.type.NClobType@4e0802e0
21:46:05.031 [main] DEBUG org.hibernate.type.BasicTypeRegistry - Adding type registration materialized_clob -&gt; org.hibernate.type.MaterializedClobType@7646c9f5
21:46:05.031 [main] DEBUG org.hibernate.type.BasicTypeRegistry - Adding type registration materialized_nclob -&gt; org.hibernate.type.MaterializedNClobType@6eadd342
21:46:05.033 [main] DEBUG org.hibernate.type.BasicTypeRegistry - Adding type registration serializable -&gt; org.hibernate.type.SerializableType@7f8f5d37
21:46:05.037 [main] DEBUG org.hibernate.type.BasicTypeRegistry - Adding type registration object -&gt; org.hibernate.type.ObjectType@7a522157
21:46:05.037 [main] DEBUG org.hibernate.type.BasicTypeRegistry - Adding type registration java.lang.Object -&gt; org.hibernate.type.ObjectType@7a522157
21:46:05.038 [main] DEBUG org.hibernate.type.BasicTypeRegistry - Adding type registration imm_date -&gt; org.hibernate.type.AdaptedImmutableType@7bdf94f2
21:46:05.038 [main] DEBUG org.hibernate.type.BasicTypeRegistry - Adding type registration imm_time -&gt; org.hibernate.type.AdaptedImmutableType@6b92a0d1
21:46:05.038 [main] DEBUG org.hibernate.type.BasicTypeRegistry - Adding type registration imm_timestamp -&gt; org.hibernate.type.AdaptedImmutableType@4b9ed99d
21:46:05.038 [main] DEBUG org.hibernate.type.BasicTypeRegistry - Adding type registration imm_dbtimestamp -&gt; org.hibernate.type.AdaptedImmutableType@39b95a80
21:46:05.038 [main] DEBUG org.hibernate.type.BasicTypeRegistry - Adding type registration imm_calendar -&gt; org.hibernate.type.AdaptedImmutableType@3ec62141
21:46:05.038 [main] DEBUG org.hibernate.type.BasicTypeRegistry - Adding type registration imm_calendar_date -&gt; org.hibernate.type.AdaptedImmutableType@402c9a60
21:46:05.038 [main] DEBUG org.hibernate.type.BasicTypeRegistry - Adding type registration imm_binary -&gt; org.hibernate.type.AdaptedImmutableType@7d43f1c9
21:46:05.039 [main] DEBUG org.hibernate.type.BasicTypeRegistry - Adding type registration imm_serializable -&gt; org.hibernate.type.AdaptedImmutableType@eddc9bb
21:46:05.049 [main] WARN  o.h.e.j.c.i.ConnectionProviderInitiator - HHH000181: No appropriate connection provider encountered, assuming application will be supplying connections
21:46:05.050 [main] WARN  o.h.e.j.e.i.JdbcEnvironmentInitiator - HHH000342: Could not obtain connection to query metadata : The application must supply JDBC connections
21:46:05.070 [main] INFO  org.hibernate.dialect.Dialect - HHH000400: Using dialect: org.hibernate.dialect.MySQLDialect
21:46:05.094 [main] DEBUG o.h.e.j.e.s.IdentifierHelperBuilder - IdentifierCaseStrategy for both quoted and unquoted identifiers was set to the same strategy [MIXED]; that will likely lead to problems in schema update and validation if using quoted identifiers
21:46:05.102 [main] INFO  o.h.e.j.e.i.LobCreatorBuilderImpl - HHH000422: Disabling contextual LOB creation as connection was null
21:46:05.149 [main] DEBUG o.h.i.f.i.DefaultIdentifierGeneratorFactory - Registering IdentifierGenerator strategy [uuid2] -&gt; [org.hibernate.id.UUIDGenerator]
21:46:05.150 [main] DEBUG o.h.i.f.i.DefaultIdentifierGeneratorFactory - Registering IdentifierGenerator strategy [guid] -&gt; [org.hibernate.id.GUIDGenerator]
21:46:05.151 [main] DEBUG o.h.i.f.i.DefaultIdentifierGeneratorFactory - Registering IdentifierGenerator strategy [uuid] -&gt; [org.hibernate.id.UUIDHexGenerator]
21:46:05.152 [main] DEBUG o.h.i.f.i.DefaultIdentifierGeneratorFactory - Registering IdentifierGenerator strategy [uuid.hex] -&gt; [org.hibernate.id.UUIDHexGenerator]
21:46:05.153 [main] DEBUG o.h.i.f.i.DefaultIdentifierGeneratorFactory - Registering IdentifierGenerator strategy [assigned] -&gt; [org.hibernate.id.Assigned]
21:46:05.154 [main] DEBUG o.h.i.f.i.DefaultIdentifierGeneratorFactory - Registering IdentifierGenerator strategy [identity] -&gt; [org.hibernate.id.IdentityGenerator]
21:46:05.156 [main] DEBUG o.h.i.f.i.DefaultIdentifierGeneratorFactory - Registering IdentifierGenerator strategy [select] -&gt; [org.hibernate.id.SelectGenerator]
21:46:05.158 [main] DEBUG o.h.i.f.i.DefaultIdentifierGeneratorFactory - Registering IdentifierGenerator strategy [sequence] -&gt; [org.hibernate.id.enhanced.SequenceStyleGenerator]
21:46:05.159 [main] DEBUG o.h.i.f.i.DefaultIdentifierGeneratorFactory - Registering IdentifierGenerator strategy [seqhilo] -&gt; [org.hibernate.id.SequenceHiLoGenerator]
21:46:05.160 [main] DEBUG o.h.i.f.i.DefaultIdentifierGeneratorFactory - Registering IdentifierGenerator strategy [increment] -&gt; [org.hibernate.id.IncrementGenerator]
21:46:05.162 [main] DEBUG o.h.i.f.i.DefaultIdentifierGeneratorFactory - Registering IdentifierGenerator strategy [foreign] -&gt; [org.hibernate.id.ForeignGenerator]
21:46:05.162 [main] DEBUG o.h.i.f.i.DefaultIdentifierGeneratorFactory - Registering IdentifierGenerator strategy [sequence-identity] -&gt; [org.hibernate.id.SequenceIdentityGenerator]
21:46:05.163 [main] DEBUG o.h.i.f.i.DefaultIdentifierGeneratorFactory - Registering IdentifierGenerator strategy [enhanced-sequence] -&gt; [org.hibernate.id.enhanced.SequenceStyleGenerator]
21:46:05.165 [main] DEBUG o.h.i.f.i.DefaultIdentifierGeneratorFactory - Registering IdentifierGenerator strategy [enhanced-table] -&gt; [org.hibernate.id.enhanced.TableGenerator]
21:46:05.211 [main] DEBUG o.h.boot.model.relational.Namespace - Created database namespace [logicalName=Name{catalog=null, schema=null}, physicalName=Name{catalog=null, schema=null}]
21:46:05.267 [main] DEBUG org.hibernate.cfg.AnnotationBinder - Binding entity from annotated class: edu.ncsu.csc.itrust2.models.persistent.LogEntry
21:46:05.298 [main] DEBUG org.hibernate.cfg.Ejb3Column - Binding column: Ejb3DiscriminatorColumn{logicalColumnName&apos;DTYPE&apos;, discriminatorTypeName=&apos;string&apos;}
21:46:05.306 [main] DEBUG o.h.cfg.annotations.EntityBinder - Import with entity name LogEntry
21:46:05.310 [main] DEBUG o.h.cfg.annotations.EntityBinder - Bind entity edu.ncsu.csc.itrust2.models.persistent.LogEntry on table LogEntries
21:46:05.341 [main] DEBUG org.hibernate.cfg.Ejb3Column - Binding column: Ejb3Column{table=org.hibernate.mapping.Table(LogEntries), mappingColumn=id, insertable=true, updatable=true, unique=false}
21:46:05.344 [main] DEBUG o.h.cfg.annotations.PropertyBinder - MetadataSourceProcessor property id with lazy=false
21:46:05.347 [main] DEBUG o.h.cfg.AbstractPropertyHolder - Attempting to locate auto-apply AttributeConverter for property [edu.ncsu.csc.itrust2.models.persistent.LogEntry:id]
21:46:05.348 [main] DEBUG o.h.c.annotations.SimpleValueBinder - building SimpleValue for id
21:46:05.350 [main] DEBUG o.h.cfg.annotations.PropertyBinder - Building property id
21:46:05.354 [main] DEBUG org.hibernate.cfg.Ejb3Column - Binding column: Ejb3Column{table=org.hibernate.mapping.Table(LogEntries), mappingColumn=logCode, insertable=true, updatable=true, unique=false}
21:46:05.354 [main] DEBUG o.h.cfg.annotations.PropertyBinder - MetadataSourceProcessor property logCode with lazy=false
21:46:05.354 [main] DEBUG o.h.cfg.AbstractPropertyHolder - Attempting to locate auto-apply AttributeConverter for property [edu.ncsu.csc.itrust2.models.persistent.LogEntry:logCode]
21:46:05.356 [main] DEBUG o.h.c.annotations.SimpleValueBinder - building SimpleValue for logCode
21:46:05.357 [main] DEBUG o.h.cfg.annotations.PropertyBinder - Building property logCode
21:46:05.358 [main] DEBUG org.hibernate.cfg.Ejb3Column - Binding column: Ejb3Column{table=org.hibernate.mapping.Table(LogEntries), mappingColumn=message, insertable=true, updatable=true, unique=false}
21:46:05.358 [main] DEBUG o.h.cfg.annotations.PropertyBinder - MetadataSourceProcessor property message with lazy=false
21:46:05.358 [main] DEBUG o.h.cfg.AbstractPropertyHolder - Attempting to locate auto-apply AttributeConverter for property [edu.ncsu.csc.itrust2.models.persistent.LogEntry:message]
21:46:05.359 [main] DEBUG o.h.c.annotations.SimpleValueBinder - building SimpleValue for message
21:46:05.359 [main] DEBUG o.h.cfg.annotations.PropertyBinder - Building property message
21:46:05.359 [main] DEBUG org.hibernate.cfg.Ejb3Column - Binding column: Ejb3Column{table=org.hibernate.mapping.Table(LogEntries), mappingColumn=primaryUser, insertable=true, updatable=true, unique=false}
21:46:05.359 [main] DEBUG o.h.cfg.annotations.PropertyBinder - MetadataSourceProcessor property primaryUser with lazy=false
21:46:05.359 [main] DEBUG o.h.cfg.AbstractPropertyHolder - Attempting to locate auto-apply AttributeConverter for property [edu.ncsu.csc.itrust2.models.persistent.LogEntry:primaryUser]
21:46:05.359 [main] DEBUG o.h.c.annotations.SimpleValueBinder - building SimpleValue for primaryUser
21:46:05.360 [main] DEBUG o.h.cfg.annotations.PropertyBinder - Building property primaryUser
21:46:05.360 [main] DEBUG org.hibernate.cfg.Ejb3Column - Binding column: Ejb3Column{table=org.hibernate.mapping.Table(LogEntries), mappingColumn=secondaryUser, insertable=true, updatable=true, unique=false}
21:46:05.360 [main] DEBUG o.h.cfg.annotations.PropertyBinder - MetadataSourceProcessor property secondaryUser with lazy=false
21:46:05.360 [main] DEBUG o.h.cfg.AbstractPropertyHolder - Attempting to locate auto-apply AttributeConverter for property [edu.ncsu.csc.itrust2.models.persistent.LogEntry:secondaryUser]
21:46:05.360 [main] DEBUG o.h.c.annotations.SimpleValueBinder - building SimpleValue for secondaryUser
21:46:05.360 [main] DEBUG o.h.cfg.annotations.PropertyBinder - Building property secondaryUser
21:46:05.360 [main] DEBUG org.hibernate.cfg.Ejb3Column - Binding column: Ejb3Column{table=org.hibernate.mapping.Table(LogEntries), mappingColumn=time, insertable=true, updatable=true, unique=false}
21:46:05.361 [main] DEBUG o.h.cfg.annotations.PropertyBinder - MetadataSourceProcessor property time with lazy=false
21:46:05.361 [main] DEBUG o.h.cfg.AbstractPropertyHolder - Attempting to locate auto-apply AttributeConverter for property [edu.ncsu.csc.itrust2.models.persistent.LogEntry:time]
21:46:05.361 [main] DEBUG o.h.c.annotations.SimpleValueBinder - building SimpleValue for time
21:46:05.361 [main] DEBUG o.h.cfg.annotations.PropertyBinder - Building property time
21:46:05.363 [main] DEBUG org.hibernate.cfg.AnnotationBinder - Binding entity from annotated class: edu.ncsu.csc.itrust2.models.persistent.AppointmentRequest
21:46:05.363 [main] DEBUG org.hibernate.cfg.Ejb3Column - Binding column: Ejb3DiscriminatorColumn{logicalColumnName&apos;DTYPE&apos;, discriminatorTypeName=&apos;string&apos;}
21:46:05.363 [main] DEBUG o.h.cfg.annotations.EntityBinder - Import with entity name AppointmentRequest
21:46:05.363 [main] DEBUG o.h.cfg.annotations.EntityBinder - Bind entity edu.ncsu.csc.itrust2.models.persistent.AppointmentRequest on table AppointmentRequests
21:46:05.371 [main] DEBUG org.hibernate.cfg.Ejb3Column - Binding column: Ejb3Column{table=org.hibernate.mapping.Table(AppointmentRequests), mappingColumn=id, insertable=true, updatable=true, unique=false}
21:46:05.371 [main] DEBUG o.h.cfg.annotations.PropertyBinder - MetadataSourceProcessor property id with lazy=false
21:46:05.371 [main] DEBUG o.h.cfg.AbstractPropertyHolder - Attempting to locate auto-apply AttributeConverter for property [edu.ncsu.csc.itrust2.models.persistent.AppointmentRequest:id]
21:46:05.372 [main] DEBUG o.h.c.annotations.SimpleValueBinder - building SimpleValue for id
21:46:05.373 [main] DEBUG o.h.cfg.annotations.PropertyBinder - Building property id
21:46:05.373 [main] DEBUG org.hibernate.cfg.Ejb3Column - Binding column: Ejb3Column{table=org.hibernate.mapping.Table(AppointmentRequests), mappingColumn=comments, insertable=true, updatable=true, unique=false}
21:46:05.373 [main] DEBUG o.h.cfg.annotations.PropertyBinder - MetadataSourceProcessor property comments with lazy=false
21:46:05.373 [main] DEBUG o.h.cfg.AbstractPropertyHolder - Attempting to locate auto-apply AttributeConverter for property [edu.ncsu.csc.itrust2.models.persistent.AppointmentRequest:comments]
21:46:05.373 [main] DEBUG o.h.c.annotations.SimpleValueBinder - building SimpleValue for comments
21:46:05.373 [main] DEBUG o.h.cfg.annotations.PropertyBinder - Building property comments
21:46:05.373 [main] DEBUG org.hibernate.cfg.Ejb3Column - Binding column: Ejb3Column{table=org.hibernate.mapping.Table(AppointmentRequests), mappingColumn=date, insertable=true, updatable=true, unique=false}
21:46:05.375 [main] DEBUG o.h.cfg.annotations.PropertyBinder - MetadataSourceProcessor property date with lazy=false
21:46:05.375 [main] DEBUG o.h.cfg.AbstractPropertyHolder - Attempting to locate auto-apply AttributeConverter for property [edu.ncsu.csc.itrust2.models.persistent.AppointmentRequest:date]
21:46:05.375 [main] DEBUG o.h.c.annotations.SimpleValueBinder - building SimpleValue for date
21:46:05.375 [main] DEBUG o.h.cfg.annotations.PropertyBinder - Building property date
21:46:05.376 [main] DEBUG org.hibernate.cfg.Ejb3Column - Binding column: Ejb3JoinColumn{logicalColumnName=&apos;hcp_id&apos;, referencedColumn=&apos;&apos;, mappedBy=&apos;&apos;}
21:46:05.377 [main] DEBUG org.hibernate.cfg.Ejb3Column - Binding column: Ejb3Column{table=org.hibernate.mapping.Table(AppointmentRequests), mappingColumn=hcp, insertable=true, updatable=true, unique=false}
21:46:05.382 [main] DEBUG o.h.cfg.annotations.PropertyBinder - Building property hcp
21:46:05.382 [main] DEBUG org.hibernate.cfg.Ejb3Column - Binding column: Ejb3JoinColumn{logicalColumnName=&apos;patient_id&apos;, referencedColumn=&apos;&apos;, mappedBy=&apos;&apos;}
21:46:05.382 [main] DEBUG org.hibernate.cfg.Ejb3Column - Binding column: Ejb3Column{table=org.hibernate.mapping.Table(AppointmentRequests), mappingColumn=patient, insertable=true, updatable=true, unique=false}
21:46:05.382 [main] DEBUG o.h.cfg.annotations.PropertyBinder - Building property patient
21:46:05.383 [main] DEBUG org.hibernate.cfg.Ejb3Column - Binding column: Ejb3Column{table=org.hibernate.mapping.Table(AppointmentRequests), mappingColumn=status, insertable=true, updatable=true, unique=false}
21:46:05.383 [main] DEBUG o.h.cfg.annotations.PropertyBinder - MetadataSourceProcessor property status with lazy=false
21:46:05.383 [main] DEBUG o.h.cfg.AbstractPropertyHolder - Attempting to locate auto-apply AttributeConverter for property [edu.ncsu.csc.itrust2.models.persistent.AppointmentRequest:status]
21:46:05.384 [main] DEBUG o.h.c.annotations.SimpleValueBinder - building SimpleValue for status
21:46:05.384 [main] DEBUG o.h.cfg.annotations.PropertyBinder - Building property status
21:46:05.387 [main] DEBUG org.hibernate.cfg.Ejb3Column - Binding column: Ejb3Column{table=org.hibernate.mapping.Table(AppointmentRequests), mappingColumn=type, insertable=true, updatable=true, unique=false}
21:46:05.387 [main] DEBUG o.h.cfg.annotations.PropertyBinder - MetadataSourceProcessor property type with lazy=false
21:46:05.387 [main] DEBUG o.h.cfg.AbstractPropertyHolder - Attempting to locate auto-apply AttributeConverter for property [edu.ncsu.csc.itrust2.models.persistent.AppointmentRequest:type]
21:46:05.387 [main] DEBUG o.h.c.annotations.SimpleValueBinder - building SimpleValue for type
21:46:05.388 [main] DEBUG o.h.cfg.annotations.PropertyBinder - Building property type
21:46:05.388 [main] DEBUG org.hibernate.cfg.AnnotationBinder - Binding entity from annotated class: edu.ncsu.csc.itrust2.models.persistent.User
21:46:05.388 [main] DEBUG org.hibernate.cfg.Ejb3Column - Binding column: Ejb3DiscriminatorColumn{logicalColumnName&apos;DTYPE&apos;, discriminatorTypeName=&apos;string&apos;}
21:46:05.388 [main] DEBUG o.h.cfg.annotations.EntityBinder - Import with entity name User
21:46:05.388 [main] DEBUG o.h.cfg.annotations.EntityBinder - Bind entity edu.ncsu.csc.itrust2.models.persistent.User on table Users
21:46:05.393 [main] DEBUG org.hibernate.cfg.Ejb3Column - Binding column: Ejb3Column{table=org.hibernate.mapping.Table(Users), mappingColumn=username, insertable=true, updatable=true, unique=false}
21:46:05.393 [main] DEBUG o.h.cfg.annotations.PropertyBinder - MetadataSourceProcessor property username with lazy=false
21:46:05.394 [main] DEBUG o.h.cfg.AbstractPropertyHolder - Attempting to locate auto-apply AttributeConverter for property [edu.ncsu.csc.itrust2.models.persistent.User:username]
21:46:05.394 [main] DEBUG o.h.c.annotations.SimpleValueBinder - building SimpleValue for username
21:46:05.394 [main] DEBUG o.h.cfg.annotations.PropertyBinder - Building property username
21:46:05.394 [main] DEBUG org.hibernate.cfg.Ejb3Column - Binding column: Ejb3Column{table=org.hibernate.mapping.Table(Users), mappingColumn=enabled, insertable=true, updatable=true, unique=false}
21:46:05.394 [main] DEBUG o.h.cfg.annotations.PropertyBinder - MetadataSourceProcessor property enabled with lazy=false
21:46:05.394 [main] DEBUG o.h.cfg.AbstractPropertyHolder - Attempting to locate auto-apply AttributeConverter for property [edu.ncsu.csc.itrust2.models.persistent.User:enabled]
21:46:05.394 [main] DEBUG o.h.c.annotations.SimpleValueBinder - building SimpleValue for enabled
21:46:05.394 [main] DEBUG o.h.cfg.annotations.PropertyBinder - Building property enabled
21:46:05.395 [main] DEBUG org.hibernate.cfg.Ejb3Column - Binding column: Ejb3Column{table=org.hibernate.mapping.Table(Users), mappingColumn=password, insertable=true, updatable=true, unique=false}
21:46:05.395 [main] DEBUG o.h.cfg.annotations.PropertyBinder - MetadataSourceProcessor property password with lazy=false
21:46:05.395 [main] DEBUG o.h.cfg.AbstractPropertyHolder - Attempting to locate auto-apply AttributeConverter for property [edu.ncsu.csc.itrust2.models.persistent.User:password]
21:46:05.395 [main] DEBUG o.h.c.annotations.SimpleValueBinder - building SimpleValue for password
21:46:05.395 [main] DEBUG o.h.cfg.annotations.PropertyBinder - Building property password
21:46:05.395 [main] DEBUG org.hibernate.cfg.Ejb3Column - Binding column: Ejb3Column{table=org.hibernate.mapping.Table(Users), mappingColumn=role, insertable=true, updatable=true, unique=false}
21:46:05.395 [main] DEBUG o.h.cfg.annotations.PropertyBinder - MetadataSourceProcessor property role with lazy=false
21:46:05.395 [main] DEBUG o.h.cfg.AbstractPropertyHolder - Attempting to locate auto-apply AttributeConverter for property [edu.ncsu.csc.itrust2.models.persistent.User:role]
21:46:05.395 [main] DEBUG o.h.c.annotations.SimpleValueBinder - building SimpleValue for role
21:46:05.396 [main] DEBUG o.h.cfg.annotations.PropertyBinder - Building property role
21:46:05.396 [main] DEBUG org.hibernate.cfg.AnnotationBinder - Binding entity from annotated class: edu.ncsu.csc.itrust2.models.persistent.OfficeVisit
21:46:05.396 [main] DEBUG org.hibernate.cfg.Ejb3Column - Binding column: Ejb3DiscriminatorColumn{logicalColumnName&apos;DTYPE&apos;, discriminatorTypeName=&apos;string&apos;}
21:46:05.397 [main] DEBUG o.h.cfg.annotations.EntityBinder - Import with entity name OfficeVisit
21:46:05.397 [main] DEBUG o.h.cfg.annotations.EntityBinder - Bind entity edu.ncsu.csc.itrust2.models.persistent.OfficeVisit on table OfficeVisits
21:46:05.412 [main] DEBUG org.hibernate.cfg.Ejb3Column - Binding column: Ejb3Column{table=org.hibernate.mapping.Table(OfficeVisits), mappingColumn=id, insertable=true, updatable=true, unique=false}
21:46:05.412 [main] DEBUG o.h.cfg.annotations.PropertyBinder - MetadataSourceProcessor property id with lazy=false
21:46:05.412 [main] DEBUG o.h.cfg.AbstractPropertyHolder - Attempting to locate auto-apply AttributeConverter for property [edu.ncsu.csc.itrust2.models.persistent.OfficeVisit:id]
21:46:05.412 [main] DEBUG o.h.c.annotations.SimpleValueBinder - building SimpleValue for id
21:46:05.412 [main] DEBUG o.h.cfg.annotations.PropertyBinder - Building property id
21:46:05.412 [main] DEBUG org.hibernate.cfg.Ejb3Column - Binding column: Ejb3JoinColumn{logicalColumnName=&apos;appointment_id&apos;, referencedColumn=&apos;&apos;, mappedBy=&apos;&apos;}
21:46:05.412 [main] DEBUG org.hibernate.cfg.Ejb3Column - Binding column: Ejb3Column{table=org.hibernate.mapping.Table(OfficeVisits), mappingColumn=appointment, insertable=true, updatable=true, unique=false}
21:46:05.413 [main] DEBUG o.h.cfg.annotations.PropertyBinder - Building property appointment
21:46:05.413 [main] DEBUG org.hibernate.cfg.Ejb3Column - Binding column: Ejb3JoinColumn{logicalColumnName=&apos;basichealthmetrics_id&apos;, referencedColumn=&apos;&apos;, mappedBy=&apos;&apos;}
21:46:05.413 [main] DEBUG org.hibernate.cfg.Ejb3Column - Binding column: Ejb3Column{table=org.hibernate.mapping.Table(OfficeVisits), mappingColumn=basicHealthMetrics, insertable=true, updatable=true, unique=false}
21:46:05.413 [main] DEBUG o.h.cfg.annotations.PropertyBinder - Building property basicHealthMetrics
21:46:05.413 [main] DEBUG org.hibernate.cfg.Ejb3Column - Binding column: Ejb3Column{table=org.hibernate.mapping.Table(OfficeVisits), mappingColumn=date, insertable=true, updatable=true, unique=false}
21:46:05.413 [main] DEBUG o.h.cfg.annotations.PropertyBinder - MetadataSourceProcessor property date with lazy=false
21:46:05.414 [main] DEBUG o.h.cfg.AbstractPropertyHolder - Attempting to locate auto-apply AttributeConverter for property [edu.ncsu.csc.itrust2.models.persistent.OfficeVisit:date]
21:46:05.414 [main] DEBUG o.h.c.annotations.SimpleValueBinder - building SimpleValue for date
21:46:05.414 [main] DEBUG o.h.cfg.annotations.PropertyBinder - Building property date
21:46:05.414 [main] DEBUG org.hibernate.cfg.Ejb3Column - Binding column: Ejb3JoinColumn{logicalColumnName=&apos;hcp_id&apos;, referencedColumn=&apos;&apos;, mappedBy=&apos;&apos;}
21:46:05.414 [main] DEBUG org.hibernate.cfg.Ejb3Column - Binding column: Ejb3Column{table=org.hibernate.mapping.Table(OfficeVisits), mappingColumn=hcp, insertable=true, updatable=true, unique=false}
21:46:05.414 [main] DEBUG o.h.cfg.annotations.PropertyBinder - Building property hcp
21:46:05.414 [main] DEBUG org.hibernate.cfg.Ejb3Column - Binding column: Ejb3JoinColumn{logicalColumnName=&apos;hospital_id&apos;, referencedColumn=&apos;&apos;, mappedBy=&apos;&apos;}
21:46:05.414 [main] DEBUG org.hibernate.cfg.Ejb3Column - Binding column: Ejb3Column{table=org.hibernate.mapping.Table(OfficeVisits), mappingColumn=hospital, insertable=true, updatable=true, unique=false}
21:46:05.415 [main] DEBUG o.h.cfg.annotations.PropertyBinder - Building property hospital
21:46:05.415 [main] DEBUG org.hibernate.cfg.Ejb3Column - Binding column: Ejb3Column{table=org.hibernate.mapping.Table(OfficeVisits), mappingColumn=notes, insertable=true, updatable=true, unique=false}
21:46:05.415 [main] DEBUG o.h.cfg.annotations.PropertyBinder - MetadataSourceProcessor property notes with lazy=false
21:46:05.415 [main] DEBUG o.h.cfg.AbstractPropertyHolder - Attempting to locate auto-apply AttributeConverter for property [edu.ncsu.csc.itrust2.models.persistent.OfficeVisit:notes]
21:46:05.415 [main] DEBUG o.h.c.annotations.SimpleValueBinder - building SimpleValue for notes
21:46:05.415 [main] DEBUG o.h.cfg.annotations.PropertyBinder - Building property notes
21:46:05.415 [main] DEBUG org.hibernate.cfg.Ejb3Column - Binding column: Ejb3JoinColumn{logicalColumnName=&apos;patient_id&apos;, referencedColumn=&apos;&apos;, mappedBy=&apos;&apos;}
21:46:05.415 [main] DEBUG org.hibernate.cfg.Ejb3Column - Binding column: Ejb3Column{table=org.hibernate.mapping.Table(OfficeVisits), mappingColumn=patient, insertable=true, updatable=true, unique=false}
21:46:05.416 [main] DEBUG o.h.cfg.annotations.PropertyBinder - Building property patient
21:46:05.416 [main] DEBUG org.hibernate.cfg.Ejb3Column - Binding column: Ejb3JoinColumn{logicalColumnName=&apos;prescriptions_id&apos;, referencedColumn=&apos;&apos;, mappedBy=&apos;&apos;}
21:46:05.416 [main] DEBUG org.hibernate.cfg.Ejb3Column - Binding column: Ejb3Column{table=org.hibernate.mapping.Table(OfficeVisits), mappingColumn=prescriptions, insertable=true, updatable=true, unique=false}
21:46:05.420 [main] DEBUG org.hibernate.cfg.Ejb3Column - Binding column: Ejb3Column{table=org.hibernate.mapping.Table(OfficeVisits), mappingColumn=null, insertable=true, updatable=true, unique=false}
21:46:05.434 [main] DEBUG org.hibernate.cfg.Ejb3Column - Binding column: Ejb3Column{table=org.hibernate.mapping.Table(OfficeVisits), mappingColumn=element, insertable=true, updatable=true, unique=false}
21:46:05.436 [main] DEBUG org.hibernate.cfg.Ejb3Column - Binding column: Ejb3Column{table=org.hibernate.mapping.Table(OfficeVisits), mappingColumn=prescriptions_KEY, insertable=true, updatable=true, unique=false}
21:46:05.478 [main] DEBUG org.hibernate.cfg.Ejb3Column - Binding column: Ejb3JoinColumn{logicalColumnName=&apos;prescriptions_KEY&apos;, referencedColumn=&apos;null&apos;, mappedBy=&apos;null&apos;}
21:46:05.479 [main] DEBUG org.hibernate.cfg.Ejb3Column - Binding column: Ejb3JoinColumn{logicalColumnName=&apos;null&apos;, referencedColumn=&apos;null&apos;, mappedBy=&apos;&apos;}
21:46:05.479 [main] DEBUG org.hibernate.cfg.Ejb3Column - Binding column: Ejb3JoinColumn{logicalColumnName=&apos;null&apos;, referencedColumn=&apos;null&apos;, mappedBy=&apos;&apos;}
21:46:05.480 [main] DEBUG o.h.cfg.annotations.CollectionBinder - Collection role: edu.ncsu.csc.itrust2.models.persistent.OfficeVisit.prescriptions
21:46:05.482 [main] DEBUG o.h.cfg.annotations.PropertyBinder - Building property prescriptions
21:46:05.482 [main] DEBUG org.hibernate.cfg.Ejb3Column - Binding column: Ejb3Column{table=org.hibernate.mapping.Table(OfficeVisits), mappingColumn=type, insertable=true, updatable=true, unique=false}
21:46:05.483 [main] DEBUG o.h.cfg.annotations.PropertyBinder - MetadataSourceProcessor property type with lazy=false
21:46:05.483 [main] DEBUG o.h.cfg.AbstractPropertyHolder - Attempting to locate auto-apply AttributeConverter for property [edu.ncsu.csc.itrust2.models.persistent.OfficeVisit:type]
21:46:05.483 [main] DEBUG o.h.c.annotations.SimpleValueBinder - building SimpleValue for type
21:46:05.483 [main] DEBUG o.h.cfg.annotations.PropertyBinder - Building property type
21:46:05.483 [main] DEBUG org.hibernate.cfg.AnnotationBinder - Binding entity from annotated class: edu.ncsu.csc.itrust2.models.persistent.Hospital
21:46:05.483 [main] DEBUG org.hibernate.cfg.Ejb3Column - Binding column: Ejb3DiscriminatorColumn{logicalColumnName&apos;DTYPE&apos;, discriminatorTypeName=&apos;string&apos;}
21:46:05.483 [main] DEBUG o.h.cfg.annotations.EntityBinder - Import with entity name Hospital
21:46:05.483 [main] DEBUG o.h.cfg.annotations.EntityBinder - Bind entity edu.ncsu.csc.itrust2.models.persistent.Hospital on table Hospitals
21:46:05.486 [main] DEBUG org.hibernate.cfg.Ejb3Column - Binding column: Ejb3Column{table=org.hibernate.mapping.Table(Hospitals), mappingColumn=name, insertable=true, updatable=true, unique=false}
21:46:05.486 [main] DEBUG o.h.cfg.annotations.PropertyBinder - MetadataSourceProcessor property name with lazy=false
21:46:05.487 [main] DEBUG o.h.cfg.AbstractPropertyHolder - Attempting to locate auto-apply AttributeConverter for property [edu.ncsu.csc.itrust2.models.persistent.Hospital:name]
21:46:05.487 [main] DEBUG o.h.c.annotations.SimpleValueBinder - building SimpleValue for name
21:46:05.487 [main] DEBUG o.h.cfg.annotations.PropertyBinder - Building property name
21:46:05.489 [main] DEBUG org.hibernate.cfg.Ejb3Column - Binding column: Ejb3Column{table=org.hibernate.mapping.Table(Hospitals), mappingColumn=address, insertable=true, updatable=true, unique=false}
21:46:05.490 [main] DEBUG o.h.cfg.annotations.PropertyBinder - MetadataSourceProcessor property address with lazy=false
21:46:05.490 [main] DEBUG o.h.cfg.AbstractPropertyHolder - Attempting to locate auto-apply AttributeConverter for property [edu.ncsu.csc.itrust2.models.persistent.Hospital:address]
21:46:05.490 [main] DEBUG o.h.c.annotations.SimpleValueBinder - building SimpleValue for address
21:46:05.490 [main] DEBUG o.h.cfg.annotations.PropertyBinder - Building property address
21:46:05.490 [main] DEBUG org.hibernate.cfg.Ejb3Column - Binding column: Ejb3Column{table=org.hibernate.mapping.Table(Hospitals), mappingColumn=state, insertable=true, updatable=true, unique=false}
21:46:05.490 [main] DEBUG o.h.cfg.annotations.PropertyBinder - MetadataSourceProcessor property state with lazy=false
21:46:05.490 [main] DEBUG o.h.cfg.AbstractPropertyHolder - Attempting to locate auto-apply AttributeConverter for property [edu.ncsu.csc.itrust2.models.persistent.Hospital:state]
21:46:05.490 [main] DEBUG o.h.c.annotations.SimpleValueBinder - building SimpleValue for state
21:46:05.490 [main] DEBUG o.h.cfg.annotations.PropertyBinder - Building property state
21:46:05.490 [main] DEBUG org.hibernate.cfg.Ejb3Column - Binding column: Ejb3Column{table=org.hibernate.mapping.Table(Hospitals), mappingColumn=zip, insertable=true, updatable=true, unique=false}
21:46:05.490 [main] DEBUG o.h.cfg.annotations.PropertyBinder - MetadataSourceProcessor property zip with lazy=false
21:46:05.491 [main] DEBUG o.h.cfg.AbstractPropertyHolder - Attempting to locate auto-apply AttributeConverter for property [edu.ncsu.csc.itrust2.models.persistent.Hospital:zip]
21:46:05.491 [main] DEBUG o.h.c.annotations.SimpleValueBinder - building SimpleValue for zip
21:46:05.491 [main] DEBUG o.h.cfg.annotations.PropertyBinder - Building property zip
21:46:05.491 [main] DEBUG org.hibernate.cfg.AnnotationBinder - Binding entity from annotated class: edu.ncsu.csc.itrust2.models.persistent.Patient
21:46:05.491 [main] DEBUG org.hibernate.cfg.Ejb3Column - Binding column: Ejb3DiscriminatorColumn{logicalColumnName&apos;DTYPE&apos;, discriminatorTypeName=&apos;string&apos;}
21:46:05.491 [main] DEBUG o.h.cfg.annotations.EntityBinder - Import with entity name Patient
21:46:05.491 [main] DEBUG o.h.cfg.annotations.EntityBinder - Bind entity edu.ncsu.csc.itrust2.models.persistent.Patient on table Patients
21:46:05.495 [main] DEBUG org.hibernate.cfg.Ejb3Column - Binding column: Ejb3JoinColumn{logicalColumnName=&apos;self_id&apos;, referencedColumn=&apos;&apos;, mappedBy=&apos;&apos;}
21:46:05.495 [main] DEBUG org.hibernate.cfg.Ejb3Column - Binding column: Ejb3Column{table=org.hibernate.mapping.Table(Patients), mappingColumn=self, insertable=true, updatable=true, unique=false}
21:46:05.495 [main] DEBUG o.h.cfg.annotations.PropertyBinder - Building property self
21:46:05.499 [main] DEBUG org.hibernate.cfg.Ejb3Column - Binding column: Ejb3Column{table=org.hibernate.mapping.Table(Patients), mappingColumn=address1, insertable=true, updatable=true, unique=false}
21:46:05.499 [main] DEBUG o.h.cfg.annotations.PropertyBinder - MetadataSourceProcessor property address1 with lazy=false
21:46:05.499 [main] DEBUG o.h.cfg.AbstractPropertyHolder - Attempting to locate auto-apply AttributeConverter for property [edu.ncsu.csc.itrust2.models.persistent.Patient:address1]
21:46:05.500 [main] DEBUG o.h.c.annotations.SimpleValueBinder - building SimpleValue for address1
21:46:05.500 [main] DEBUG o.h.cfg.annotations.PropertyBinder - Building property address1
21:46:05.500 [main] DEBUG org.hibernate.cfg.Ejb3Column - Binding column: Ejb3Column{table=org.hibernate.mapping.Table(Patients), mappingColumn=address2, insertable=true, updatable=true, unique=false}
21:46:05.500 [main] DEBUG o.h.cfg.annotations.PropertyBinder - MetadataSourceProcessor property address2 with lazy=false
21:46:05.500 [main] DEBUG o.h.cfg.AbstractPropertyHolder - Attempting to locate auto-apply AttributeConverter for property [edu.ncsu.csc.itrust2.models.persistent.Patient:address2]
21:46:05.500 [main] DEBUG o.h.c.annotations.SimpleValueBinder - building SimpleValue for address2
21:46:05.500 [main] DEBUG o.h.cfg.annotations.PropertyBinder - Building property address2
21:46:05.501 [main] DEBUG org.hibernate.cfg.Ejb3Column - Binding column: Ejb3Column{table=org.hibernate.mapping.Table(Patients), mappingColumn=bloodType, insertable=true, updatable=true, unique=false}
21:46:05.501 [main] DEBUG o.h.cfg.annotations.PropertyBinder - MetadataSourceProcessor property bloodType with lazy=false
21:46:05.501 [main] DEBUG o.h.cfg.AbstractPropertyHolder - Attempting to locate auto-apply AttributeConverter for property [edu.ncsu.csc.itrust2.models.persistent.Patient:bloodType]
21:46:05.501 [main] DEBUG o.h.c.annotations.SimpleValueBinder - building SimpleValue for bloodType
21:46:05.502 [main] DEBUG o.h.cfg.annotations.PropertyBinder - Building property bloodType
21:46:05.502 [main] DEBUG org.hibernate.cfg.Ejb3Column - Binding column: Ejb3Column{table=org.hibernate.mapping.Table(Patients), mappingColumn=causeOfDeath, insertable=true, updatable=true, unique=false}
21:46:05.502 [main] DEBUG o.h.cfg.annotations.PropertyBinder - MetadataSourceProcessor property causeOfDeath with lazy=false
21:46:05.502 [main] DEBUG o.h.cfg.AbstractPropertyHolder - Attempting to locate auto-apply AttributeConverter for property [edu.ncsu.csc.itrust2.models.persistent.Patient:causeOfDeath]
21:46:05.502 [main] DEBUG o.h.c.annotations.SimpleValueBinder - building SimpleValue for causeOfDeath
21:46:05.509 [main] DEBUG o.h.cfg.annotations.PropertyBinder - Building property causeOfDeath
21:46:05.509 [main] DEBUG org.hibernate.cfg.Ejb3Column - Binding column: Ejb3Column{table=org.hibernate.mapping.Table(Patients), mappingColumn=city, insertable=true, updatable=true, unique=false}
21:46:05.509 [main] DEBUG o.h.cfg.annotations.PropertyBinder - MetadataSourceProcessor property city with lazy=false
21:46:05.509 [main] DEBUG o.h.cfg.AbstractPropertyHolder - Attempting to locate auto-apply AttributeConverter for property [edu.ncsu.csc.itrust2.models.persistent.Patient:city]
21:46:05.509 [main] DEBUG o.h.c.annotations.SimpleValueBinder - building SimpleValue for city
21:46:05.509 [main] DEBUG o.h.cfg.annotations.PropertyBinder - Building property city
21:46:05.509 [main] DEBUG org.hibernate.cfg.Ejb3Column - Binding column: Ejb3Column{table=org.hibernate.mapping.Table(Patients), mappingColumn=dateOfBirth, insertable=true, updatable=true, unique=false}
21:46:05.509 [main] DEBUG o.h.cfg.annotations.PropertyBinder - MetadataSourceProcessor property dateOfBirth with lazy=false
21:46:05.509 [main] DEBUG o.h.cfg.AbstractPropertyHolder - Attempting to locate auto-apply AttributeConverter for property [edu.ncsu.csc.itrust2.models.persistent.Patient:dateOfBirth]
21:46:05.510 [main] DEBUG o.h.c.annotations.SimpleValueBinder - building SimpleValue for dateOfBirth
21:46:05.510 [main] DEBUG o.h.cfg.annotations.PropertyBinder - Building property dateOfBirth
21:46:05.510 [main] DEBUG org.hibernate.cfg.Ejb3Column - Binding column: Ejb3Column{table=org.hibernate.mapping.Table(Patients), mappingColumn=dateOfDeath, insertable=true, updatable=true, unique=false}
21:46:05.510 [main] DEBUG o.h.cfg.annotations.PropertyBinder - MetadataSourceProcessor property dateOfDeath with lazy=false
21:46:05.510 [main] DEBUG o.h.cfg.AbstractPropertyHolder - Attempting to locate auto-apply AttributeConverter for property [edu.ncsu.csc.itrust2.models.persistent.Patient:dateOfDeath]
21:46:05.510 [main] DEBUG o.h.c.annotations.SimpleValueBinder - building SimpleValue for dateOfDeath
21:46:05.510 [main] DEBUG o.h.cfg.annotations.PropertyBinder - Building property dateOfDeath
21:46:05.510 [main] DEBUG org.hibernate.cfg.Ejb3Column - Binding column: Ejb3Column{table=org.hibernate.mapping.Table(Patients), mappingColumn=email, insertable=true, updatable=true, unique=false}
21:46:05.510 [main] DEBUG o.h.cfg.annotations.PropertyBinder - MetadataSourceProcessor property email with lazy=false
21:46:05.510 [main] DEBUG o.h.cfg.AbstractPropertyHolder - Attempting to locate auto-apply AttributeConverter for property [edu.ncsu.csc.itrust2.models.persistent.Patient:email]
21:46:05.510 [main] DEBUG o.h.c.annotations.SimpleValueBinder - building SimpleValue for email
21:46:05.510 [main] DEBUG o.h.cfg.annotations.PropertyBinder - Building property email
21:46:05.511 [main] DEBUG org.hibernate.cfg.Ejb3Column - Binding column: Ejb3Column{table=org.hibernate.mapping.Table(Patients), mappingColumn=ethnicity, insertable=true, updatable=true, unique=false}
21:46:05.511 [main] DEBUG o.h.cfg.annotations.PropertyBinder - MetadataSourceProcessor property ethnicity with lazy=false
21:46:05.511 [main] DEBUG o.h.cfg.AbstractPropertyHolder - Attempting to locate auto-apply AttributeConverter for property [edu.ncsu.csc.itrust2.models.persistent.Patient:ethnicity]
21:46:05.511 [main] DEBUG o.h.c.annotations.SimpleValueBinder - building SimpleValue for ethnicity
21:46:05.511 [main] DEBUG o.h.cfg.annotations.PropertyBinder - Building property ethnicity
21:46:05.511 [main] DEBUG org.hibernate.cfg.Ejb3Column - Binding column: Ejb3JoinColumn{logicalColumnName=&apos;father_id&apos;, referencedColumn=&apos;&apos;, mapp
...[truncated 642790 chars]...
EntityQuerySpaceImpl@77019c94]
21:46:06.559 [main] DEBUG o.h.p.w.spi.MetamodelGraphWalker - Visiting attribute path : creationTime
21:46:06.559 [main] DEBUG o.h.p.w.spi.MetamodelGraphWalker - Visiting attribute path : tempPassword
21:46:06.559 [main] DEBUG o.h.p.w.spi.MetamodelGraphWalker - Visiting attribute path : user
21:46:06.559 [main] DEBUG o.h.l.p.b.i.spaces.QuerySpacesImpl - Adding QuerySpace : uid = &lt;gen:1&gt; -&gt; org.hibernate.loader.plan.build.internal.spaces.EntityQuerySpaceImpl@7f439e1a]
21:46:06.559 [main] DEBUG o.h.l.p.b.i.FetchStyleLoadPlanBuildingAssociationVisitationStrategy - Building LoadPlan...
21:46:06.559 [main] DEBUG o.h.l.p.e.i.LoadQueryJoinAndFetchProcessor - processing queryspace &lt;gen:0&gt;
21:46:06.560 [main] DEBUG o.h.l.p.b.spi.LoadPlanTreePrinter - LoadPlan(entity=edu.ncsu.csc.itrust2.models.persistent.PasswordResetToken)
    - Returns
       - EntityReturnImpl(entity=edu.ncsu.csc.itrust2.models.persistent.PasswordResetToken, querySpaceUid=&lt;gen:0&gt;, path=edu.ncsu.csc.itrust2.models.persistent.PasswordResetToken)
          - EntityAttributeFetchImpl(entity=edu.ncsu.csc.itrust2.models.persistent.User, querySpaceUid=&lt;gen:1&gt;, path=edu.ncsu.csc.itrust2.models.persistent.PasswordResetToken.user)
    - QuerySpaces
       - EntityQuerySpaceImpl(uid=&lt;gen:0&gt;, entity=edu.ncsu.csc.itrust2.models.persistent.PasswordResetToken)
          - SQL table alias mapping - passwordre0_
          - alias suffix - 0_
          - suffixed key columns - {id1_11_0_}

21:46:06.560 [main] DEBUG o.h.loader.entity.plan.EntityLoader - Static select for entity edu.ncsu.csc.itrust2.models.persistent.PasswordResetToken [PESSIMISTIC_WRITE]: select passwordre0_.id as id1_11_0_, passwordre0_.creationTime as creation2_11_0_, passwordre0_.tempPassword as tempPass3_11_0_, passwordre0_.user_id as user_id4_11_0_ from PasswordResetTokens passwordre0_ where passwordre0_.id=? for update
21:46:06.560 [main] DEBUG o.h.l.p.b.i.spaces.QuerySpacesImpl - Adding QuerySpace : uid = &lt;gen:0&gt; -&gt; org.hibernate.loader.plan.build.internal.spaces.EntityQuerySpaceImpl@c86a448]
21:46:06.560 [main] DEBUG o.h.p.w.spi.MetamodelGraphWalker - Visiting attribute path : creationTime
21:46:06.560 [main] DEBUG o.h.p.w.spi.MetamodelGraphWalker - Visiting attribute path : tempPassword
21:46:06.560 [main] DEBUG o.h.p.w.spi.MetamodelGraphWalker - Visiting attribute path : user
21:46:06.560 [main] DEBUG o.h.l.p.b.i.spaces.QuerySpacesImpl - Adding QuerySpace : uid = &lt;gen:1&gt; -&gt; org.hibernate.loader.plan.build.internal.spaces.EntityQuerySpaceImpl@660da0d7]
21:46:06.560 [main] DEBUG o.h.l.p.b.i.FetchStyleLoadPlanBuildingAssociationVisitationStrategy - Building LoadPlan...
21:46:06.560 [main] DEBUG o.h.l.p.e.i.LoadQueryJoinAndFetchProcessor - processing queryspace &lt;gen:0&gt;
21:46:06.560 [main] DEBUG o.h.l.p.b.spi.LoadPlanTreePrinter - LoadPlan(entity=edu.ncsu.csc.itrust2.models.persistent.PasswordResetToken)
    - Returns
       - EntityReturnImpl(entity=edu.ncsu.csc.itrust2.models.persistent.PasswordResetToken, querySpaceUid=&lt;gen:0&gt;, path=edu.ncsu.csc.itrust2.models.persistent.PasswordResetToken)
          - EntityAttributeFetchImpl(entity=edu.ncsu.csc.itrust2.models.persistent.User, querySpaceUid=&lt;gen:1&gt;, path=edu.ncsu.csc.itrust2.models.persistent.PasswordResetToken.user)
    - QuerySpaces
       - EntityQuerySpaceImpl(uid=&lt;gen:0&gt;, entity=edu.ncsu.csc.itrust2.models.persistent.PasswordResetToken)
          - SQL table alias mapping - passwordre0_
          - alias suffix - 0_
          - suffixed key columns - {id1_11_0_}

21:46:06.560 [main] DEBUG o.h.loader.entity.plan.EntityLoader - Static select for entity edu.ncsu.csc.itrust2.models.persistent.PasswordResetToken [PESSIMISTIC_FORCE_INCREMENT]: select passwordre0_.id as id1_11_0_, passwordre0_.creationTime as creation2_11_0_, passwordre0_.tempPassword as tempPass3_11_0_, passwordre0_.user_id as user_id4_11_0_ from PasswordResetTokens passwordre0_ where passwordre0_.id=? for update
21:46:06.560 [main] DEBUG o.h.l.p.b.i.spaces.QuerySpacesImpl - Adding QuerySpace : uid = &lt;gen:0&gt; -&gt; org.hibernate.loader.plan.build.internal.spaces.EntityQuerySpaceImpl@5dd5142]
21:46:06.560 [main] DEBUG o.h.p.w.spi.MetamodelGraphWalker - Visiting attribute path : creationTime
21:46:06.560 [main] DEBUG o.h.p.w.spi.MetamodelGraphWalker - Visiting attribute path : tempPassword
21:46:06.560 [main] DEBUG o.h.p.w.spi.MetamodelGraphWalker - Visiting attribute path : user
21:46:06.560 [main] DEBUG o.h.l.p.b.i.spaces.QuerySpacesImpl - Adding QuerySpace : uid = &lt;gen:1&gt; -&gt; org.hibernate.loader.plan.build.internal.spaces.EntityQuerySpaceImpl@80f1151]
21:46:06.560 [main] DEBUG o.h.l.p.b.i.FetchStyleLoadPlanBuildingAssociationVisitationStrategy - Building LoadPlan...
21:46:06.560 [main] DEBUG o.h.l.p.e.i.LoadQueryJoinAndFetchProcessor - processing queryspace &lt;gen:0&gt;
21:46:06.561 [main] DEBUG o.h.l.p.b.spi.LoadPlanTreePrinter - LoadPlan(entity=edu.ncsu.csc.itrust2.models.persistent.PasswordResetToken)
    - Returns
       - EntityReturnImpl(entity=edu.ncsu.csc.itrust2.models.persistent.PasswordResetToken, querySpaceUid=&lt;gen:0&gt;, path=edu.ncsu.csc.itrust2.models.persistent.PasswordResetToken)
          - EntityAttributeFetchImpl(entity=edu.ncsu.csc.itrust2.models.persistent.User, querySpaceUid=&lt;gen:1&gt;, path=edu.ncsu.csc.itrust2.models.persistent.PasswordResetToken.user)
    - QuerySpaces
       - EntityQuerySpaceImpl(uid=&lt;gen:0&gt;, entity=edu.ncsu.csc.itrust2.models.persistent.PasswordResetToken)
          - SQL table alias mapping - passwordre0_
          - alias suffix - 0_
          - suffixed key columns - {id1_11_0_}

21:46:06.561 [main] DEBUG o.h.loader.entity.plan.EntityLoader - Static select for entity edu.ncsu.csc.itrust2.models.persistent.PasswordResetToken [OPTIMISTIC]: select passwordre0_.id as id1_11_0_, passwordre0_.creationTime as creation2_11_0_, passwordre0_.tempPassword as tempPass3_11_0_, passwordre0_.user_id as user_id4_11_0_ from PasswordResetTokens passwordre0_ where passwordre0_.id=?
21:46:06.561 [main] DEBUG o.h.l.p.b.i.spaces.QuerySpacesImpl - Adding QuerySpace : uid = &lt;gen:0&gt; -&gt; org.hibernate.loader.plan.build.internal.spaces.EntityQuerySpaceImpl@30f139f]
21:46:06.561 [main] DEBUG o.h.p.w.spi.MetamodelGraphWalker - Visiting attribute path : creationTime
21:46:06.561 [main] DEBUG o.h.p.w.spi.MetamodelGraphWalker - Visiting attribute path : tempPassword
21:46:06.561 [main] DEBUG o.h.p.w.spi.MetamodelGraphWalker - Visiting attribute path : user
21:46:06.561 [main] DEBUG o.h.l.p.b.i.spaces.QuerySpacesImpl - Adding QuerySpace : uid = &lt;gen:1&gt; -&gt; org.hibernate.loader.plan.build.internal.spaces.EntityQuerySpaceImpl@50416b87]
21:46:06.561 [main] DEBUG o.h.l.p.b.i.FetchStyleLoadPlanBuildingAssociationVisitationStrategy - Building LoadPlan...
21:46:06.561 [main] DEBUG o.h.l.p.e.i.LoadQueryJoinAndFetchProcessor - processing queryspace &lt;gen:0&gt;
21:46:06.561 [main] DEBUG o.h.l.p.b.spi.LoadPlanTreePrinter - LoadPlan(entity=edu.ncsu.csc.itrust2.models.persistent.PasswordResetToken)
    - Returns
       - EntityReturnImpl(entity=edu.ncsu.csc.itrust2.models.persistent.PasswordResetToken, querySpaceUid=&lt;gen:0&gt;, path=edu.ncsu.csc.itrust2.models.persistent.PasswordResetToken)
          - EntityAttributeFetchImpl(entity=edu.ncsu.csc.itrust2.models.persistent.User, querySpaceUid=&lt;gen:1&gt;, path=edu.ncsu.csc.itrust2.models.persistent.PasswordResetToken.user)
    - QuerySpaces
       - EntityQuerySpaceImpl(uid=&lt;gen:0&gt;, entity=edu.ncsu.csc.itrust2.models.persistent.PasswordResetToken)
          - SQL table alias mapping - passwordre0_
          - alias suffix - 0_
          - suffixed key columns - {id1_11_0_}

21:46:06.561 [main] DEBUG o.h.loader.entity.plan.EntityLoader - Static select for entity edu.ncsu.csc.itrust2.models.persistent.PasswordResetToken [OPTIMISTIC_FORCE_INCREMENT]: select passwordre0_.id as id1_11_0_, passwordre0_.creationTime as creation2_11_0_, passwordre0_.tempPassword as tempPass3_11_0_, passwordre0_.user_id as user_id4_11_0_ from PasswordResetTokens passwordre0_ where passwordre0_.id=?
21:46:06.561 [main] DEBUG org.hibernate.loader.Loader - Static select for action ACTION_MERGE on entity edu.ncsu.csc.itrust2.models.persistent.PasswordResetToken: select passwordre0_.id as id1_11_0_, passwordre0_.creationTime as creation2_11_0_, passwordre0_.tempPassword as tempPass3_11_0_, passwordre0_.user_id as user_id4_11_0_ from PasswordResetTokens passwordre0_ where passwordre0_.id=?
21:46:06.561 [main] DEBUG org.hibernate.loader.Loader - Static select for action ACTION_REFRESH on entity edu.ncsu.csc.itrust2.models.persistent.PasswordResetToken: select passwordre0_.id as id1_11_0_, passwordre0_.creationTime as creation2_11_0_, passwordre0_.tempPassword as tempPass3_11_0_, passwordre0_.user_id as user_id4_11_0_ from PasswordResetTokens passwordre0_ where passwordre0_.id=?
21:46:06.562 [main] DEBUG o.h.p.entity.AbstractEntityPersister - Static SQL for entity: edu.ncsu.csc.itrust2.models.persistent.Prescription
21:46:06.562 [main] DEBUG o.h.p.entity.AbstractEntityPersister -  Version select: select id from Prescriptions where id =?
21:46:06.562 [main] DEBUG o.h.p.entity.AbstractEntityPersister -  Snapshot select: select prescripti_.id, prescripti_.dosage as dosage2_14_, prescripti_.drug_id as drug_id6_14_, prescripti_.endDate as endDate3_14_, prescripti_.patient_id as patient_7_14_, prescripti_.renewals as renewals4_14_, prescripti_.startDate as startDat5_14_ from Prescriptions prescripti_ where prescripti_.id=?
21:46:06.562 [main] DEBUG o.h.p.entity.AbstractEntityPersister -  Insert 0: insert into Prescriptions (dosage, drug_id, endDate, patient_id, renewals, startDate, id) values (?, ?, ?, ?, ?, ?, ?)
21:46:06.562 [main] DEBUG o.h.p.entity.AbstractEntityPersister -  Update 0: update Prescriptions set dosage=?, drug_id=?, endDate=?, patient_id=?, renewals=?, startDate=? where id=?
21:46:06.562 [main] DEBUG o.h.p.entity.AbstractEntityPersister -  Delete 0: delete from Prescriptions where id=?
21:46:06.562 [main] DEBUG o.h.l.p.b.i.spaces.QuerySpacesImpl - Adding QuerySpace : uid = &lt;gen:0&gt; -&gt; org.hibernate.loader.plan.build.internal.spaces.EntityQuerySpaceImpl@20347d47]
21:46:06.562 [main] DEBUG o.h.p.w.spi.MetamodelGraphWalker - Visiting attribute path : dosage
21:46:06.562 [main] DEBUG o.h.p.w.spi.MetamodelGraphWalker - Visiting attribute path : drug
21:46:06.562 [main] DEBUG o.h.l.p.b.i.spaces.QuerySpacesImpl - Adding QuerySpace : uid = &lt;gen:1&gt; -&gt; org.hibernate.loader.plan.build.internal.spaces.EntityQuerySpaceImpl@f90ff5e]
21:46:06.562 [main] DEBUG o.h.p.w.spi.MetamodelGraphWalker - Visiting attribute path : drug.code
21:46:06.562 [main] DEBUG o.h.p.w.spi.MetamodelGraphWalker - Visiting attribute path : drug.description
21:46:06.562 [main] DEBUG o.h.p.w.spi.MetamodelGraphWalker - Visiting attribute path : drug.name
21:46:06.562 [main] DEBUG o.h.p.w.spi.MetamodelGraphWalker - Visiting attribute path : endDate
21:46:06.562 [main] DEBUG o.h.p.w.spi.MetamodelGraphWalker - Visiting attribute path : patient
21:46:06.562 [main] DEBUG o.h.l.p.b.i.spaces.QuerySpacesImpl - Adding QuerySpace : uid = &lt;gen:2&gt; -&gt; org.hibernate.loader.plan.build.internal.spaces.EntityQuerySpaceImpl@570b21e0]
21:46:06.562 [main] DEBUG o.h.p.w.spi.MetamodelGraphWalker - Visiting attribute path : patient.enabled
21:46:06.562 [main] DEBUG o.h.p.w.spi.MetamodelGraphWalker - Visiting attribute path : patient.password
21:46:06.562 [main] DEBUG o.h.p.w.spi.MetamodelGraphWalker - Visiting attribute path : patient.role
21:46:06.562 [main] DEBUG o.h.p.w.spi.MetamodelGraphWalker - Visiting attribute path : renewals
21:46:06.562 [main] DEBUG o.h.p.w.spi.MetamodelGraphWalker - Visiting attribute path : startDate
21:46:06.562 [main] DEBUG o.h.l.p.b.i.FetchStyleLoadPlanBuildingAssociationVisitationStrategy - Building LoadPlan...
21:46:06.562 [main] DEBUG o.h.l.p.e.i.LoadQueryJoinAndFetchProcessor - processing queryspace &lt;gen:0&gt;
21:46:06.563 [main] DEBUG o.h.l.p.b.spi.LoadPlanTreePrinter - LoadPlan(entity=edu.ncsu.csc.itrust2.models.persistent.Prescription)
    - Returns
       - EntityReturnImpl(entity=edu.ncsu.csc.itrust2.models.persistent.Prescription, querySpaceUid=&lt;gen:0&gt;, path=edu.ncsu.csc.itrust2.models.persistent.Prescription)
          - EntityAttributeFetchImpl(entity=edu.ncsu.csc.itrust2.models.persistent.Drug, querySpaceUid=&lt;gen:1&gt;, path=edu.ncsu.csc.itrust2.models.persistent.Prescription.drug)
          - EntityAttributeFetchImpl(entity=edu.ncsu.csc.itrust2.models.persistent.User, querySpaceUid=&lt;gen:2&gt;, path=edu.ncsu.csc.itrust2.models.persistent.Prescription.patient)
    - QuerySpaces
       - EntityQuerySpaceImpl(uid=&lt;gen:0&gt;, entity=edu.ncsu.csc.itrust2.models.persistent.Prescription)
          - SQL table alias mapping - prescripti0_
          - alias suffix - 0_
          - suffixed key columns - {id1_14_0_}
          - JOIN (JoinDefinedByMetadata(drug)) : &lt;gen:0&gt; -&gt; &lt;gen:1&gt;
             - EntityQuerySpaceImpl(uid=&lt;gen:1&gt;, entity=edu.ncsu.csc.itrust2.models.persistent.Drug)
                - SQL table alias mapping - drug1_
                - alias suffix - 1_
                - suffixed key columns - {id1_3_1_}
          - JOIN (JoinDefinedByMetadata(patient)) : &lt;gen:0&gt; -&gt; &lt;gen:2&gt;
             - EntityQuerySpaceImpl(uid=&lt;gen:2&gt;, entity=edu.ncsu.csc.itrust2.models.persistent.User)
                - SQL table alias mapping - user2_
                - alias suffix - 2_
                - suffixed key columns - {username1_15_2_}

21:46:06.563 [main] DEBUG o.h.loader.entity.plan.EntityLoader - Static select for entity edu.ncsu.csc.itrust2.models.persistent.Prescription [NONE]: select prescripti0_.id as id1_14_0_, prescripti0_.dosage as dosage2_14_0_, prescripti0_.drug_id as drug_id6_14_0_, prescripti0_.endDate as endDate3_14_0_, prescripti0_.patient_id as patient_7_14_0_, prescripti0_.renewals as renewals4_14_0_, prescripti0_.startDate as startDat5_14_0_, drug1_.id as id1_3_1_, drug1_.code as code2_3_1_, drug1_.description as descript3_3_1_, drug1_.name as name4_3_1_, user2_.username as username1_15_2_, user2_.enabled as enabled2_15_2_, user2_.password as password3_15_2_, user2_.role as role4_15_2_ from Prescriptions prescripti0_ inner join Drugs drug1_ on prescripti0_.drug_id=drug1_.id inner join Users user2_ on prescripti0_.patient_id=user2_.username where prescripti0_.id=?
21:46:06.563 [main] DEBUG o.h.l.p.b.i.spaces.QuerySpacesImpl - Adding QuerySpace : uid = &lt;gen:0&gt; -&gt; org.hibernate.loader.plan.build.internal.spaces.EntityQuerySpaceImpl@64073f50]
21:46:06.563 [main] DEBUG o.h.p.w.spi.MetamodelGraphWalker - Visiting attribute path : dosage
21:46:06.563 [main] DEBUG o.h.p.w.spi.MetamodelGraphWalker - Visiting attribute path : drug
21:46:06.563 [main] DEBUG o.h.l.p.b.i.spaces.QuerySpacesImpl - Adding QuerySpace : uid = &lt;gen:1&gt; -&gt; org.hibernate.loader.plan.build.internal.spaces.EntityQuerySpaceImpl@b39a3bf]
21:46:06.563 [main] DEBUG o.h.p.w.spi.MetamodelGraphWalker - Visiting attribute path : drug.code
21:46:06.563 [main] DEBUG o.h.p.w.spi.MetamodelGraphWalker - Visiting attribute path : drug.description
21:46:06.563 [main] DEBUG o.h.p.w.spi.MetamodelGraphWalker - Visiting attribute path : drug.name
21:46:06.563 [main] DEBUG o.h.p.w.spi.MetamodelGraphWalker - Visiting attribute path : endDate
21:46:06.563 [main] DEBUG o.h.p.w.spi.MetamodelGraphWalker - Visiting attribute path : patient
21:46:06.563 [main] DEBUG o.h.l.p.b.i.spaces.QuerySpacesImpl - Adding QuerySpace : uid = &lt;gen:2&gt; -&gt; org.hibernate.loader.plan.build.internal.spaces.EntityQuerySpaceImpl@10060f31]
21:46:06.563 [main] DEBUG o.h.p.w.spi.MetamodelGraphWalker - Visiting attribute path : patient.enabled
21:46:06.563 [main] DEBUG o.h.p.w.spi.MetamodelGraphWalker - Visiting attribute path : patient.password
21:46:06.563 [main] DEBUG o.h.p.w.spi.MetamodelGraphWalker - Visiting attribute path : patient.role
21:46:06.563 [main] DEBUG o.h.p.w.spi.MetamodelGraphWalker - Visiting attribute path : renewals
21:46:06.563 [main] DEBUG o.h.p.w.spi.MetamodelGraphWalker - Visiting attribute path : startDate
21:46:06.563 [main] DEBUG o.h.l.p.b.i.FetchStyleLoadPlanBuildingAssociationVisitationStrategy - Building LoadPlan...
21:46:06.563 [main] DEBUG o.h.l.p.e.i.LoadQueryJoinAndFetchProcessor - processing queryspace &lt;gen:0&gt;
21:46:06.564 [main] DEBUG o.h.l.p.b.spi.LoadPlanTreePrinter - LoadPlan(entity=edu.ncsu.csc.itrust2.models.persistent.Prescription)
    - Returns
       - EntityReturnImpl(entity=edu.ncsu.csc.itrust2.models.persistent.Prescription, querySpaceUid=&lt;gen:0&gt;, path=edu.ncsu.csc.itrust2.models.persistent.Prescription)
          - EntityAttributeFetchImpl(entity=edu.ncsu.csc.itrust2.models.persistent.Drug, querySpaceUid=&lt;gen:1&gt;, path=edu.ncsu.csc.itrust2.models.persistent.Prescription.drug)
          - EntityAttributeFetchImpl(entity=edu.ncsu.csc.itrust2.models.persistent.User, querySpaceUid=&lt;gen:2&gt;, path=edu.ncsu.csc.itrust2.models.persistent.Prescription.patient)
    - QuerySpaces
       - EntityQuerySpaceImpl(uid=&lt;gen:0&gt;, entity=edu.ncsu.csc.itrust2.models.persistent.Prescription)
          - SQL table alias mapping - prescripti0_
          - alias suffix - 0_
          - suffixed key columns - {id1_14_0_}
          - JOIN (JoinDefinedByMetadata(drug)) : &lt;gen:0&gt; -&gt; &lt;gen:1&gt;
             - EntityQuerySpaceImpl(uid=&lt;gen:1&gt;, entity=edu.ncsu.csc.itrust2.models.persistent.Drug)
                - SQL table alias mapping - drug1_
                - alias suffix - 1_
                - suffixed key columns - {id1_3_1_}
          - JOIN (JoinDefinedByMetadata(patient)) : &lt;gen:0&gt; -&gt; &lt;gen:2&gt;
             - EntityQuerySpaceImpl(uid=&lt;gen:2&gt;, entity=edu.ncsu.csc.itrust2.models.persistent.User)
                - SQL table alias mapping - user2_
                - alias suffix - 2_
                - suffixed key columns - {username1_15_2_}

21:46:06.564 [main] DEBUG o.h.loader.entity.plan.EntityLoader - Static select for entity edu.ncsu.csc.itrust2.models.persistent.Prescription [READ]: select prescripti0_.id as id1_14_0_, prescripti0_.dosage as dosage2_14_0_, prescripti0_.drug_id as drug_id6_14_0_, prescripti0_.endDate as endDate3_14_0_, prescripti0_.patient_id as patient_7_14_0_, prescripti0_.renewals as renewals4_14_0_, prescripti0_.startDate as startDat5_14_0_, drug1_.id as id1_3_1_, drug1_.code as code2_3_1_, drug1_.description as descript3_3_1_, drug1_.name as name4_3_1_, user2_.username as username1_15_2_, user2_.enabled as enabled2_15_2_, user2_.password as password3_15_2_, user2_.role as role4_15_2_ from Prescriptions prescripti0_ inner join Drugs drug1_ on prescripti0_.drug_id=drug1_.id inner join Users user2_ on prescripti0_.patient_id=user2_.username where prescripti0_.id=?
21:46:06.564 [main] DEBUG o.h.l.p.b.i.spaces.QuerySpacesImpl - Adding QuerySpace : uid = &lt;gen:0&gt; -&gt; org.hibernate.loader.plan.build.internal.spaces.EntityQuerySpaceImpl@4f7820f8]
21:46:06.564 [main] DEBUG o.h.p.w.spi.MetamodelGraphWalker - Visiting attribute path : dosage
21:46:06.564 [main] DEBUG o.h.p.w.spi.MetamodelGraphWalker - Visiting attribute path : drug
21:46:06.564 [main] DEBUG o.h.l.p.b.i.spaces.QuerySpacesImpl - Adding QuerySpace : uid = &lt;gen:1&gt; -&gt; org.hibernate.loader.plan.build.internal.spaces.EntityQuerySpaceImpl@105dc6df]
21:46:06.564 [main] DEBUG o.h.p.w.spi.MetamodelGraphWalker - Visiting attribute path : endDate
21:46:06.564 [main] DEBUG o.h.p.w.spi.MetamodelGraphWalker - Visiting attribute path : patient
21:46:06.564 [main] DEBUG o.h.l.p.b.i.spaces.QuerySpacesImpl - Adding QuerySpace : uid = &lt;gen:2&gt; -&gt; org.hibernate.loader.plan.build.internal.spaces.EntityQuerySpaceImpl@4b6d894d]
21:46:06.564 [main] DEBUG o.h.p.w.spi.MetamodelGraphWalker - Visiting attribute path : renewals
21:46:06.564 [main] DEBUG o.h.p.w.spi.MetamodelGraphWalker - Visiting attribute path : startDate
21:46:06.564 [main] DEBUG o.h.l.p.b.i.FetchStyleLoadPlanBuildingAssociationVisitationStrategy - Building LoadPlan...
21:46:06.564 [main] DEBUG o.h.l.p.e.i.LoadQueryJoinAndFetchProcessor - processing queryspace &lt;gen:0&gt;
21:46:06.564 [main] DEBUG o.h.l.p.b.spi.LoadPlanTreePrinter - LoadPlan(entity=edu.ncsu.csc.itrust2.models.persistent.Prescription)
    - Returns
       - EntityReturnImpl(entity=edu.ncsu.csc.itrust2.models.persistent.Prescription, querySpaceUid=&lt;gen:0&gt;, path=edu.ncsu.csc.itrust2.models.persistent.Prescription)
          - EntityAttributeFetchImpl(entity=edu.ncsu.csc.itrust2.models.persistent.Drug, querySpaceUid=&lt;gen:1&gt;, path=edu.ncsu.csc.itrust2.models.persistent.Prescription.drug)
          - EntityAttributeFetchImpl(entity=edu.ncsu.csc.itrust2.models.persistent.User, querySpaceUid=&lt;gen:2&gt;, path=edu.ncsu.csc.itrust2.models.persistent.Prescription.patient)
    - QuerySpaces
       - EntityQuerySpaceImpl(uid=&lt;gen:0&gt;, entity=edu.ncsu.csc.itrust2.models.persistent.Prescription)
          - SQL table alias mapping - prescripti0_
          - alias suffix - 0_
          - suffixed key columns - {id1_14_0_}

21:46:06.564 [main] DEBUG o.h.loader.entity.plan.EntityLoader - Static select for entity edu.ncsu.csc.itrust2.models.persistent.Prescription [UPGRADE]: select prescripti0_.id as id1_14_0_, prescripti0_.dosage as dosage2_14_0_, prescripti0_.drug_id as drug_id6_14_0_, prescripti0_.endDate as endDate3_14_0_, prescripti0_.patient_id as patient_7_14_0_, prescripti0_.renewals as renewals4_14_0_, prescripti0_.startDate as startDat5_14_0_ from Prescriptions prescripti0_ where prescripti0_.id=? for update
21:46:06.564 [main] DEBUG o.h.l.p.b.i.spaces.QuerySpacesImpl - Adding QuerySpace : uid = &lt;gen:0&gt; -&gt; org.hibernate.loader.plan.build.internal.spaces.EntityQuerySpaceImpl@459c0f38]
21:46:06.564 [main] DEBUG o.h.p.w.spi.MetamodelGraphWalker - Visiting attribute path : dosage
21:46:06.564 [main] DEBUG o.h.p.w.spi.MetamodelGraphWalker - Visiting attribute path : drug
21:46:06.565 [main] DEBUG o.h.l.p.b.i.spaces.QuerySpacesImpl - Adding QuerySpace : uid = &lt;gen:1&gt; -&gt; org.hibernate.loader.plan.build.internal.spaces.EntityQuerySpaceImpl@1a696f6c]
21:46:06.565 [main] DEBUG o.h.p.w.spi.MetamodelGraphWalker - Visiting attribute path : endDate
21:46:06.565 [main] DEBUG o.h.p.w.spi.MetamodelGraphWalker - Visiting attribute path : patient
21:46:06.565 [main] DEBUG o.h.l.p.b.i.spaces.QuerySpacesImpl - Adding QuerySpace : uid = &lt;gen:2&gt; -&gt; org.hibernate.loader.plan.build.internal.spaces.EntityQuerySpaceImpl@3de9aa8d]
21:46:06.565 [main] DEBUG o.h.p.w.spi.MetamodelGraphWalker - Visiting attribute path : renewals
21:46:06.565 [main] DEBUG o.h.p.w.spi.MetamodelGraphWalker - Visiting attribute path : startDate
21:46:06.565 [main] DEBUG o.h.l.p.b.i.FetchStyleLoadPlanBuildingAssociationVisitationStrategy - Building LoadPlan...
21:46:06.565 [main] DEBUG o.h.l.p.e.i.LoadQueryJoinAndFetchProcessor - processing queryspace &lt;gen:0&gt;
21:46:06.565 [main] DEBUG o.h.l.p.b.spi.LoadPlanTreePrinter - LoadPlan(entity=edu.ncsu.csc.itrust2.models.persistent.Prescription)
    - Returns
       - EntityReturnImpl(entity=edu.ncsu.csc.itrust2.models.persistent.Prescription, querySpaceUid=&lt;gen:0&gt;, path=edu.ncsu.csc.itrust2.models.persistent.Prescription)
          - EntityAttributeFetchImpl(entity=edu.ncsu.csc.itrust2.models.persistent.Drug, querySpaceUid=&lt;gen:1&gt;, path=edu.ncsu.csc.itrust2.models.persistent.Prescription.drug)
          - EntityAttributeFetchImpl(entity=edu.ncsu.csc.itrust2.models.persistent.User, querySpaceUid=&lt;gen:2&gt;, path=edu.ncsu.csc.itrust2.models.persistent.Prescription.patient)
    - QuerySpaces
       - EntityQuerySpaceImpl(uid=&lt;gen:0&gt;, entity=edu.ncsu.csc.itrust2.models.persistent.Prescription)
          - SQL table alias mapping - prescripti0_
          - alias suffix - 0_
          - suffixed key columns - {id1_14_0_}

21:46:06.565 [main] DEBUG o.h.loader.entity.plan.EntityLoader - Static select for entity edu.ncsu.csc.itrust2.models.persistent.Prescription [UPGRADE_NOWAIT]: select prescripti0_.id as id1_14_0_, prescripti0_.dosage as dosage2_14_0_, prescripti0_.drug_id as drug_id6_14_0_, prescripti0_.endDate as endDate3_14_0_, prescripti0_.patient_id as patient_7_14_0_, prescripti0_.renewals as renewals4_14_0_, prescripti0_.startDate as startDat5_14_0_ from Prescriptions prescripti0_ where prescripti0_.id=? for update
21:46:06.565 [main] DEBUG o.h.l.p.b.i.spaces.QuerySpacesImpl - Adding QuerySpace : uid = &lt;gen:0&gt; -&gt; org.hibernate.loader.plan.build.internal.spaces.EntityQuerySpaceImpl@18a997c7]
21:46:06.565 [main] DEBUG o.h.p.w.spi.MetamodelGraphWalker - Visiting attribute path : dosage
21:46:06.565 [main] DEBUG o.h.p.w.spi.MetamodelGraphWalker - Visiting attribute path : drug
21:46:06.565 [main] DEBUG o.h.l.p.b.i.spaces.QuerySpacesImpl - Adding QuerySpace : uid = &lt;gen:1&gt; -&gt; org.hibernate.loader.plan.build.internal.spaces.EntityQuerySpaceImpl@4c23f0b9]
21:46:06.565 [main] DEBUG o.h.p.w.spi.MetamodelGraphWalker - Visiting attribute path : endDate
21:46:06.565 [main] DEBUG o.h.p.w.spi.MetamodelGraphWalker - Visiting attribute path : patient
21:46:06.565 [main] DEBUG o.h.l.p.b.i.spaces.QuerySpacesImpl - Adding QuerySpace : uid = &lt;gen:2&gt; -&gt; org.hibernate.loader.plan.build.internal.spaces.EntityQuerySpaceImpl@3c6e8672]
21:46:06.565 [main] DEBUG o.h.p.w.spi.MetamodelGraphWalker - Visiting attribute path : renewals
21:46:06.565 [main] DEBUG o.h.p.w.spi.MetamodelGraphWalker - Visiting attribute path : startDate
21:46:06.565 [main] DEBUG o.h.l.p.b.i.FetchStyleLoadPlanBuildingAssociationVisitationStrategy - Building LoadPlan...
21:46:06.565 [main] DEBUG o.h.l.p.e.i.LoadQueryJoinAndFetchProcessor - processing queryspace &lt;gen:0&gt;
21:46:06.566 [main] DEBUG o.h.l.p.b.spi.LoadPlanTreePrinter - LoadPlan(entity=edu.ncsu.csc.itrust2.models.persistent.Prescription)
    - Returns
       - EntityReturnImpl(entity=edu.ncsu.csc.itrust2.models.persistent.Prescription, querySpaceUid=&lt;gen:0&gt;, path=edu.ncsu.csc.itrust2.models.persistent.Prescription)
          - EntityAttributeFetchImpl(entity=edu.ncsu.csc.itrust2.models.persistent.Drug, querySpaceUid=&lt;gen:1&gt;, path=edu.ncsu.csc.itrust2.models.persistent.Prescription.drug)
          - EntityAttributeFetchImpl(entity=edu.ncsu.csc.itrust2.models.persistent.User, querySpaceUid=&lt;gen:2&gt;, path=edu.ncsu.csc.itrust2.models.persistent.Prescription.patient)
    - QuerySpaces
       - EntityQuerySpaceImpl(uid=&lt;gen:0&gt;, entity=edu.ncsu.csc.itrust2.models.persistent.Prescription)
          - SQL table alias mapping - prescripti0_
          - alias suffix - 0_
          - suffixed key columns - {id1_14_0_}

21:46:06.566 [main] DEBUG o.h.loader.entity.plan.EntityLoader - Static select for entity edu.ncsu.csc.itrust2.models.persistent.Prescription [UPGRADE_SKIPLOCKED]: select prescripti0_.id as id1_14_0_, prescripti0_.dosage as dosage2_14_0_, prescripti0_.drug_id as drug_id6_14_0_, prescripti0_.endDate as endDate3_14_0_, prescripti0_.patient_id as patient_7_14_0_, prescripti0_.renewals as renewals4_14_0_, prescripti0_.startDate as startDat5_14_0_ from Prescriptions prescripti0_ where prescripti0_.id=? for update
21:46:06.566 [main] DEBUG o.h.l.p.b.i.spaces.QuerySpacesImpl - Adding QuerySpace : uid = &lt;gen:0&gt; -&gt; org.hibernate.loader.plan.build.internal.spaces.EntityQuerySpaceImpl@682d2997]
21:46:06.566 [main] DEBUG o.h.p.w.spi.MetamodelGraphWalker - Visiting attribute path : dosage
21:46:06.566 [main] DEBUG o.h.p.w.spi.MetamodelGraphWalker - Visiting attribute path : drug
21:46:06.566 [main] DEBUG o.h.l.p.b.i.spaces.QuerySpacesImpl - Adding QuerySpace : uid = &lt;gen:1&gt; -&gt; org.hibernate.loader.plan.build.internal.spaces.EntityQuerySpaceImpl@21d1f97f]
21:46:06.566 [main] DEBUG o.h.p.w.spi.MetamodelGraphWalker - Visiting attribute path : endDate
21:46:06.566 [main] DEBUG o.h.p.w.spi.MetamodelGraphWalker - Visiting attribute path : patient
21:46:06.566 [main] DEBUG o.h.l.p.b.i.spaces.QuerySpacesImpl - Adding QuerySpace : uid = &lt;gen:2&gt; -&gt; org.hibernate.loader.plan.build.internal.spaces.EntityQuerySpaceImpl@6944a621]
21:46:06.566 [main] DEBUG o.h.p.w.spi.MetamodelGraphWalker - Visiting attribute path : renewals
21:46:06.566 [main] DEBUG o.h.p.w.spi.MetamodelGraphWalker - Visiting attribute path : startDate
21:46:06.566 [main] DEBUG o.h.l.p.b.i.FetchStyleLoadPlanBuildingAssociationVisitationStrategy - Building LoadPlan...
21:46:06.566 [main] DEBUG o.h.l.p.e.i.LoadQueryJoinAndFetchProcessor - processing queryspace &lt;gen:0&gt;
21:46:06.566 [main] DEBUG o.h.l.p.b.spi.LoadPlanTreePrinter - LoadPlan(entity=edu.ncsu.csc.itrust2.models.persistent.Prescription)
    - Returns
       - EntityReturnImpl(entity=edu.ncsu.csc.itrust2.models.persistent.Prescription, querySpaceUid=&lt;gen:0&gt;, path=edu.ncsu.csc.itrust2.models.persistent.Prescription)
          - EntityAttributeFetchImpl(entity=edu.ncsu.csc.itrust2.models.persistent.Drug, querySpaceUid=&lt;gen:1&gt;, path=edu.ncsu.csc.itrust2.models.persistent.Prescription.drug)
          - EntityAttributeFetchImpl(entity=edu.ncsu.csc.itrust2.models.persistent.User, querySpaceUid=&lt;gen:2&gt;, path=edu.ncsu.csc.itrust2.models.persistent.Prescription.patient)
    - QuerySpaces
       - EntityQuerySpaceImpl(uid=&lt;gen:0&gt;, entity=edu.ncsu.csc.itrust2.models.persistent.Prescription)
          - SQL table alias mapping - prescripti0_
          - alias suffix - 0_
          - suffixed key columns - {id1_14_0_}

21:46:06.566 [main] DEBUG o.h.loader.entity.plan.EntityLoader - Static select for entity edu.ncsu.csc.itrust2.models.persistent.Prescription [FORCE]: select prescripti0_.id as id1_14_0_, prescripti0_.dosage as dosage2_14_0_, prescripti0_.drug_id as drug_id6_14_0_, prescripti0_.endDate as endDate3_14_0_, prescripti0_.patient_id as patient_7_14_0_, prescripti0_.renewals as renewals4_14_0_, prescripti0_.startDate as startDat5_14_0_ from Prescriptions prescripti0_ where prescripti0_.id=? for update
21:46:06.566 [main] DEBUG o.h.l.p.b.i.spaces.QuerySpacesImpl - Adding QuerySpace : uid = &lt;gen:0&gt; -&gt; org.hibernate.loader.plan.build.internal.spaces.EntityQuerySpaceImpl@68a45b0f]
21:46:06.566 [main] DEBUG o.h.p.w.spi.MetamodelGraphWalker - Visiting attribute path : dosage
21:46:06.566 [main] DEBUG o.h.p.w.spi.MetamodelGraphWalker - Visiting attribute path : drug
21:46:06.567 [main] DEBUG o.h.l.p.b.i.spaces.QuerySpacesImpl - Adding QuerySpace : uid = &lt;gen:1&gt; -&gt; org.hibernate.loader.plan.build.internal.spaces.EntityQuerySpaceImpl@17a81a45]
21:46:06.567 [main] DEBUG o.h.p.w.spi.MetamodelGraphWalker - Visiting attribute path : endDate
21:46:06.567 [main] DEBUG o.h.p.w.spi.MetamodelGraphWalker - Visiting attribute path : patient
21:46:06.567 [main] DEBUG o.h.l.p.b.i.spaces.QuerySpacesImpl - Adding QuerySpace : uid = &lt;gen:2&gt; -&gt; org.hibernate.loader.plan.build.internal.spaces.EntityQuerySpaceImpl@5b91c33f]
21:46:06.567 [main] DEBUG o.h.p.w.spi.MetamodelGraphWalker - Visiting attribute path : renewals
21:46:06.567 [main] DEBUG o.h.p.w.spi.MetamodelGraphWalker - Visiting attribute path : startDate
21:46:06.567 [main] DEBUG o.h.l.p.b.i.FetchStyleLoadPlanBuildingAssociationVisitationStrategy - Building LoadPlan...
21:46:06.567 [main] DEBUG o.h.l.p.e.i.LoadQueryJoinAndFetchProcessor - processing queryspace &lt;gen:0&gt;
21:46:06.567 [main] DEBUG o.h.l.p.b.spi.LoadPlanTreePrinter - LoadPlan(entity=edu.ncsu.csc.itrust2.models.persistent.Prescription)
    - Returns
       - EntityReturnImpl(entity=edu.ncsu.csc.itrust2.models.persistent.Prescription, querySpaceUid=&lt;gen:0&gt;, path=edu.ncsu.csc.itrust2.models.persistent.Prescription)
          - EntityAttributeFetchImpl(entity=edu.ncsu.csc.itrust2.models.persistent.Drug, querySpaceUid=&lt;gen:1&gt;, path=edu.ncsu.csc.itrust2.models.persistent.Prescription.drug)
          - EntityAttributeFetchImpl(entity=edu.ncsu.csc.itrust2.models.persistent.User, querySpaceUid=&lt;gen:2&gt;, path=edu.ncsu.csc.itrust2.models.persistent.Prescription.patient)
    - QuerySpaces
       - EntityQuerySpaceImpl(uid=&lt;gen:0&gt;, entity=edu.ncsu.csc.itrust2.models.persistent.Prescription)
          - SQL table alias mapping - prescripti0_
          - alias suffix - 0_
          - suffixed key columns - {id1_14_0_}

21:46:06.567 [main] DEBUG o.h.loader.entity.plan.EntityLoader - Static select for entity edu.ncsu.csc.itrust2.models.persistent.Prescription [PESSIMISTIC_READ]: select prescripti0_.id as id1_14_0_, prescripti0_.dosage as dosage2_14_0_, prescripti0_.drug_id as drug_id6_14_0_, prescripti0_.endDate as endDate3_14_0_, prescripti0_.patient_id as patient_7_14_0_, prescripti0_.renewals as renewals4_14_0_, prescripti0_.startDate as startDat5_14_0_ from Prescriptions prescripti0_ where prescripti0_.id=? lock in share mode
21:46:06.567 [main] DEBUG o.h.l.p.b.i.spaces.QuerySpacesImpl - Adding QuerySpace : uid = &lt;gen:0&gt; -&gt; org.hibernate.loader.plan.build.internal.spaces.EntityQuerySpaceImpl@11279761]
21:46:06.567 [main] DEBUG o.h.p.w.spi.MetamodelGraphWalker - Visiting attribute path : dosage
21:46:06.567 [main] DEBUG o.h.p.w.spi.MetamodelGraphWalker - Visiting attribute path : drug
21:46:06.567 [main] DEBUG o.h.l.p.b.i.spaces.QuerySpacesImpl - Adding QuerySpace : uid = &lt;gen:1&gt; -&gt; org.hibernate.loader.plan.build.internal.spaces.EntityQuerySpaceImpl@1f7f2e76]
21:46:06.567 [main] DEBUG o.h.p.w.spi.MetamodelGraphWalker - Visiting attribute path : endDate
21:46:06.567 [main] DEBUG o.h.p.w.spi.MetamodelGraphWalker - Visiting attribute path : patient
21:46:06.567 [main] DEBUG o.h.l.p.b.i.spaces.QuerySpacesImpl - Adding QuerySpace : uid = &lt;gen:2&gt; -&gt; org.hibernate.loader.plan.build.internal.spaces.EntityQuerySpaceImpl@4a229e9d]
21:46:06.567 [main] DEBUG o.h.p.w.spi.MetamodelGraphWalker - Visiting attribute path : renewals
21:46:06.567 [main] DEBUG o.h.p.w.spi.MetamodelGraphWalker - Visiting attribute path : startDate
21:46:06.567 [main] DEBUG o.h.l.p.b.i.FetchStyleLoadPlanBuildingAssociationVisitationStrategy - Building LoadPlan...
21:46:06.567 [main] DEBUG o.h.l.p.e.i.LoadQueryJoinAndFetchProcessor - processing queryspace &lt;gen:0&gt;
21:46:06.568 [main] DEBUG o.h.l.p.b.spi.LoadPlanTreePrinter - LoadPlan(entity=edu.ncsu.csc.itrust2.models.persistent.Prescription)
    - Returns
       - EntityReturnImpl(entity=edu.ncsu.csc.itrust2.models.persistent.Prescription, querySpaceUid=&lt;gen:0&gt;, path=edu.ncsu.csc.itrust2.models.persistent.Prescription)
          - EntityAttributeFetchImpl(entity=edu.ncsu.csc.itrust2.models.persistent.Drug, querySpaceUid=&lt;gen:1&gt;, path=edu.ncsu.csc.itrust2.models.persistent.Prescription.drug)
          - EntityAttributeFetchImpl(entity=edu.ncsu.csc.itrust2.models.persistent.User, querySpaceUid=&lt;gen:2&gt;, path=edu.ncsu.csc.itrust2.models.persistent.Prescription.patient)
    - QuerySpaces
       - EntityQuerySpaceImpl(uid=&lt;gen:0&gt;, entity=edu.ncsu.csc.itrust2.models.persistent.Prescription)
          - SQL table alias mapping - prescripti0_
          - alias suffix - 0_
          - suffixed key columns - {id1_14_0_}

21:46:06.568 [main] DEBUG o.h.loader.entity.plan.EntityLoader - Static select for entity edu.ncsu.csc.itrust2.models.persistent.Prescription [PESSIMISTIC_WRITE]: select prescripti0_.id as id1_14_0_, prescripti0_.dosage as dosage2_14_0_, prescripti0_.drug_id as drug_id6_14_0_, prescripti0_.endDate as endDate3_14_0_, prescripti0_.patient_id as patient_7_14_0_, prescripti0_.renewals as renewals4_14_0_, prescripti0_.startDate as startDat5_14_0_ from Prescriptions prescripti0_ where prescripti0_.id=? for update
21:46:06.568 [main] DEBUG o.h.l.p.b.i.spaces.QuerySpacesImpl - Adding QuerySpace : uid = &lt;gen:0&gt; -&gt; org.hibernate.loader.plan.build.internal.spaces.EntityQuerySpaceImpl@67138427]
21:46:06.568 [main] DEBUG o.h.p.w.spi.MetamodelGraphWalker - Visiting attribute path : dosage
21:46:06.568 [main] DEBUG o.h.p.w.spi.MetamodelGraphWalker - Visiting attribute path : drug
21:46:06.568 [main] DEBUG o.h.l.p.b.i.spaces.QuerySpacesImpl - Adding QuerySpace : uid = &lt;gen:1&gt; -&gt; org.hibernate.loader.plan.build.internal.spaces.EntityQuerySpaceImpl@5a08108d]
21:46:06.568 [main] DEBUG o.h.p.w.spi.MetamodelGraphWalker - Visiting attribute path : endDate
21:46:06.568 [main] DEBUG o.h.p.w.spi.MetamodelGraphWalker - Visiting attribute path : patient
21:46:06.568 [main] DEBUG o.h.l.p.b.i.spaces.QuerySpacesImpl - Adding QuerySpace : uid = &lt;gen:2&gt; -&gt; org.hibernate.loader.plan.build.internal.spaces.EntityQuerySpaceImpl@400bb27]
21:46:06.568 [main] DEBUG o.h.p.w.spi.MetamodelGraphWalker - Visiting attribute path : renewals
21:46:06.568 [main] DEBUG o.h.p.w.spi.MetamodelGraphWalker - Visiting attribute path : startDate
21:46:06.568 [main] DEBUG o.h.l.p.b.i.FetchStyleLoadPlanBuildingAssociationVisitationStrategy - Building LoadPlan...
21:46:06.568 [main] DEBUG o.h.l.p.e.i.LoadQueryJoinAndFetchProcessor - processing queryspace &lt;gen:0&gt;
21:46:06.568 [main] DEBUG o.h.l.p.b.spi.LoadPlanTreePrinter - LoadPlan(entity=edu.ncsu.csc.itrust2.models.persistent.Prescription)
    - Returns
       - EntityReturnImpl(entity=edu.ncsu.csc.itrust2.models.persistent.Prescription, querySpaceUid=&lt;gen:0&gt;, path=edu.ncsu.csc.itrust2.models.persistent.Prescription)
          - EntityAttributeFetchImpl(entity=edu.ncsu.csc.itrust2.models.persistent.Drug, querySpaceUid=&lt;gen:1&gt;, path=edu.ncsu.csc.itrust2.models.persistent.Prescription.drug)
          - EntityAttributeFetchImpl(entity=edu.ncsu.csc.itrust2.models.persistent.User, querySpaceUid=&lt;gen:2&gt;, path=edu.ncsu.csc.itrust2.models.persistent.Prescription.patient)
    - QuerySpaces
       - EntityQuerySpaceImpl(uid=&lt;gen:0&gt;, entity=edu.ncsu.csc.itrust2.models.persistent.Prescription)
          - SQL table alias mapping - prescripti0_
          - alias suffix - 0_
          - suffixed key columns - {id1_14_0_}

21:46:06.568 [main] DEBUG o.h.loader.entity.plan.EntityLoader - Static select for entity edu.ncsu.csc.itrust2.models.persistent.Prescription [PESSIMISTIC_FORCE_INCREMENT]: select prescripti0_.id as id1_14_0_, prescripti0_.dosage as dosage2_14_0_, prescripti0_.drug_id as drug_id6_14_0_, prescripti0_.endDate as endDate3_14_0_, prescripti0_.patient_id as patient_7_14_0_, prescripti0_.renewals as renewals4_14_0_, prescripti0_.startDate as startDat5_14_0_ from Prescriptions prescripti0_ where prescripti0_.id=? for update
21:46:06.568 [main] DEBUG o.h.l.p.b.i.spaces.QuerySpacesImpl - Adding QuerySpace : uid = &lt;gen:0&gt; -&gt; org.hibernate.loader.plan.build.internal.spaces.EntityQuerySpaceImpl@7fc9253c]
21:46:06.568 [main] DEBUG o.h.p.w.spi.MetamodelGraphWalker - Visiting attribute path : dosage
21:46:06.568 [main] DEBUG o.h.p.w.spi.MetamodelGraphWalker - Visiting attribute path : drug
21:46:06.569 [main] DEBUG o.h.l.p.b.i.spaces.QuerySpacesImpl - Adding QuerySpace : uid = &lt;gen:1&gt; -&gt; org.hibernate.loader.plan.build.internal.spaces.EntityQuerySpaceImpl@4dbad471]
21:46:06.569 [main] DEBUG o.h.p.w.spi.MetamodelGraphWalker - Visiting attribute path : endDate
21:46:06.569 [main] DEBUG o.h.p.w.spi.MetamodelGraphWalker - Visiting attribute path : patient
21:46:06.569 [main] DEBUG o.h.l.p.b.i.spaces.QuerySpacesImpl - Adding QuerySpace : uid = &lt;gen:2&gt; -&gt; org.hibernate.loader.plan.build.internal.spaces.EntityQuerySpaceImpl@4ce29762]
21:46:06.569 [main] DEBUG o.h.p.w.spi.MetamodelGraphWalker - Visiting attribute path : renewals
21:46:06.569 [main] DEBUG o.h.p.w.spi.MetamodelGraphWalker - Visiting attribute path : startDate
21:46:06.569 [main] DEBUG o.h.l.p.b.i.FetchStyleLoadPlanBuildingAssociationVisitationStrategy - Building LoadPlan...
21:46:06.569 [main] DEBUG o.h.l.p.e.i.LoadQueryJoinAndFetchProcessor - processing queryspace &lt;gen:0&gt;
21:46:06.569 [main] DEBUG o.h.l.p.b.spi.LoadPlanTreePrinter - LoadPlan(entity=edu.ncsu.csc.itrust2.models.persistent.Prescription)
    - Returns
       - EntityReturnImpl(entity=edu.ncsu.csc.itrust2.models.persistent.Prescription, querySpaceUid=&lt;gen:0&gt;, path=edu.ncsu.csc.itrust2.models.persistent.Prescription)
          - EntityAttributeFetchImpl(entity=edu.ncsu.csc.itrust2.models.persistent.Drug, querySpaceUid=&lt;gen:1&gt;, path=edu.ncsu.csc.itrust2.models.persistent.Prescription.drug)
          - EntityAttributeFetchImpl(entity=edu.ncsu.csc.itrust2.models.persistent.User, querySpaceUid=&lt;gen:2&gt;, path=edu.ncsu.csc.itrust2.models.persistent.Prescription.patient)
    - QuerySpaces
       - EntityQuerySpaceImpl(uid=&lt;gen:0&gt;, entity=edu.ncsu.csc.itrust2.models.persistent.Prescription)
          - SQL table alias mapping - prescripti0_
          - alias suffix - 0_
          - suffixed key columns - {id1_14_0_}

21:46:06.569 [main] DEBUG o.h.loader.entity.plan.EntityLoader - Static select for entity edu.ncsu.csc.itrust2.models.persistent.Prescription [OPTIMISTIC]: select prescripti0_.id as id1_14_0_, prescripti0_.dosage as dosage2_14_0_, prescripti0_.drug_id as drug_id6_14_0_, prescripti0_.endDate as endDate3_14_0_, prescripti0_.patient_id as patient_7_14_0_, prescripti0_.renewals as renewals4_14_0_, prescripti0_.startDate as startDat5_14_0_ from Prescriptions prescripti0_ where prescripti0_.id=?
21:46:06.569 [main] DEBUG o.h.l.p.b.i.spaces.QuerySpacesImpl - Adding QuerySpace : uid = &lt;gen:0&gt; -&gt; org.hibernate.loader.plan.build.internal.spaces.EntityQuerySpaceImpl@7a34bb07]
21:46:06.569 [main] DEBUG o.h.p.w.spi.MetamodelGraphWalker - Visiting attribute path : dosage
21:46:06.569 [main] DEBUG o.h.p.w.spi.MetamodelGraphWalker - Visiting attribute path : drug
21:46:06.569 [main] DEBUG o.h.l.p.b.i.spaces.QuerySpacesImpl - Adding QuerySpace : uid = &lt;gen:1&gt; -&gt; org.hibernate.loader.plan.build.internal.spaces.EntityQuerySpaceImpl@577f25b0]
21:46:06.569 [main] DEBUG o.h.p.w.spi.MetamodelGraphWalker - Visiting attribute path : endDate
21:46:06.569 [main] DEBUG o.h.p.w.spi.MetamodelGraphWalker - Visiting attribute path : patient
21:46:06.569 [main] DEBUG o.h.l.p.b.i.spaces.QuerySpacesImpl - Adding QuerySpace : uid = &lt;gen:2&gt; -&gt; org.hibernate.loader.plan.build.internal.spaces.EntityQuerySpaceImpl@f7ee1ba]
21:46:06.569 [main] DEBUG o.h.p.w.spi.MetamodelGraphWalker - Visiting attribute path : renewals
21:46:06.569 [main] DEBUG o.h.p.w.spi.MetamodelGraphWalker - Visiting attribute path : startDate
21:46:06.569 [main] DEBUG o.h.l.p.b.i.FetchStyleLoadPlanBuildingAssociationVisitationStrategy - Building LoadPlan...
21:46:06.569 [main] DEBUG o.h.l.p.e.i.LoadQueryJoinAndFetchProcessor - processing queryspace &lt;gen:0&gt;
21:46:06.570 [main] DEBUG o.h.l.p.b.spi.LoadPlanTreePrinter - LoadPlan(entity=edu.ncsu.csc.itrust2.models.persistent.Prescription)
    - Returns
       - EntityReturnImpl(entity=edu.ncsu.csc.itrust2.models.persistent.Prescription, querySpaceUid=&lt;gen:0&gt;, path=edu.ncsu.csc.itrust2.models.persistent.Prescription)
          - EntityAttributeFetchImpl(entity=edu.ncsu.csc.itrust2.models.persistent.Drug, querySpaceUid=&lt;gen:1&gt;, path=edu.ncsu.csc.itrust2.models.persistent.Prescription.drug)
          - EntityAttributeFetchImpl(entity=edu.ncsu.csc.itrust2.models.persistent.User, querySpaceUid=&lt;gen:2&gt;, path=edu.ncsu.csc.itrust2.models.persistent.Prescription.patient)
    - QuerySpaces
       - EntityQuerySpaceImpl(uid=&lt;gen:0&gt;, entity=edu.ncsu.csc.itrust2.models.persistent.Prescription)
          - SQL table alias mapping - prescripti0_
          - alias suffix - 0_
          - suffixed key columns - {id1_14_0_}

21:46:06.570 [main] DEBUG o.h.loader.entity.plan.EntityLoader - Static select for entity edu.ncsu.csc.itrust2.models.persistent.Prescription [OPTIMISTIC_FORCE_INCREMENT]: select prescripti0_.id as id1_14_0_, prescripti0_.dosage as dosage2_14_0_, prescripti0_.drug_id as drug_id6_14_0_, prescripti0_.endDate as endDate3_14_0_, prescripti0_.patient_id as patient_7_14_0_, prescripti0_.renewals as renewals4_14_0_, prescripti0_.startDate as startDat5_14_0_ from Prescriptions prescripti0_ where prescripti0_.id=?
21:46:06.570 [main] DEBUG org.hibernate.loader.Loader - Static select for action ACTION_MERGE on entity edu.ncsu.csc.itrust2.models.persistent.Prescription: select prescripti0_.id as id1_14_0_, prescripti0_.dosage as dosage2_14_0_, prescripti0_.drug_id as drug_id6_14_0_, prescripti0_.endDate as endDate3_14_0_, prescripti0_.patient_id as patient_7_14_0_, prescripti0_.renewals as renewals4_14_0_, prescripti0_.startDate as startDat5_14_0_ from Prescriptions prescripti0_ where prescripti0_.id=?
21:46:06.570 [main] DEBUG org.hibernate.loader.Loader - Static select for action ACTION_REFRESH on entity edu.ncsu.csc.itrust2.models.persistent.Prescription: select prescripti0_.id as id1_14_0_, prescripti0_.dosage as dosage2_14_0_, prescripti0_.drug_id as drug_id6_14_0_, prescripti0_.endDate as endDate3_14_0_, prescripti0_.patient_id as patient_7_14_0_, prescripti0_.renewals as renewals4_14_0_, prescripti0_.startDate as startDat5_14_0_ from Prescriptions prescripti0_ where prescripti0_.id=?
21:46:06.577 [main] DEBUG o.h.l.p.b.i.spaces.QuerySpacesImpl - Adding QuerySpace : uid = &lt;gen:0&gt; -&gt; org.hibernate.loader.plan.build.internal.spaces.CollectionQuerySpaceImpl@3f64099c]
21:46:06.577 [main] DEBUG o.h.l.p.b.i.spaces.QuerySpacesImpl - Adding QuerySpace : uid = &lt;gen:1&gt; -&gt; org.hibernate.loader.plan.build.internal.spaces.EntityQuerySpaceImpl@1c08cd61]
21:46:06.577 [main] DEBUG o.h.p.w.spi.MetamodelGraphWalker - Visiting attribute path : dosage
21:46:06.577 [main] DEBUG o.h.p.w.spi.MetamodelGraphWalker - Visiting attribute path : drug
21:46:06.577 [main] DEBUG o.h.l.p.b.i.spaces.QuerySpacesImpl - Adding QuerySpace : uid = &lt;gen:2&gt; -&gt; org.hibernate.loader.plan.build.internal.spaces.EntityQuerySpaceImpl@6534e741]
21:46:06.577 [main] DEBUG o.h.p.w.spi.MetamodelGraphWalker - Visiting attribute path : drug.code
21:46:06.577 [main] DEBUG o.h.p.w.spi.MetamodelGraphWalker - Visiting attribute path : drug.description
21:46:06.577 [main] DEBUG o.h.p.w.spi.MetamodelGraphWalker - Visiting attribute path : drug.name
21:46:06.577 [main] DEBUG o.h.p.w.spi.MetamodelGraphWalker - Visiting attribute path : endDate
21:46:06.577 [main] DEBUG o.h.p.w.spi.MetamodelGraphWalker - Visiting attribute path : patient
21:46:06.577 [main] DEBUG o.h.l.p.b.i.spaces.QuerySpacesImpl - Adding QuerySpace : uid = &lt;gen:3&gt; -&gt; org.hibernate.loader.plan.build.internal.spaces.EntityQuerySpaceImpl@281a0c26]
21:46:06.577 [main] DEBUG o.h.p.w.spi.MetamodelGraphWalker - Visiting attribute path : patient.enabled
21:46:06.577 [main] DEBUG o.h.p.w.spi.MetamodelGraphWalker - Visiting attribute path : patient.password
21:46:06.578 [main] DEBUG o.h.p.w.spi.MetamodelGraphWalker - Visiting attribute path : patient.role
21:46:06.578 [main] DEBUG o.h.p.w.spi.MetamodelGraphWalker - Visiting attribute path : renewals
21:46:06.578 [main] DEBUG o.h.p.w.spi.MetamodelGraphWalker - Visiting attribute path : startDate
21:46:06.578 [main] DEBUG o.h.l.p.b.i.FetchStyleLoadPlanBuildingAssociationVisitationStrategy - Building LoadPlan...
21:46:06.580 [main] DEBUG o.h.l.p.e.i.LoadQueryJoinAndFetchProcessor - processing queryspace &lt;gen:0&gt;
21:46:06.581 [main] DEBUG o.h.l.p.b.spi.LoadPlanTreePrinter - LoadPlan(collection=edu.ncsu.csc.itrust2.models.persistent.OfficeVisit.prescriptions)
    - Returns
       - CollectionReturnImpl(collection=edu.ncsu.csc.itrust2.models.persistent.OfficeVisit.prescriptions, querySpaceUid=&lt;gen:0&gt;, path=[edu.ncsu.csc.itrust2.models.persistent.OfficeVisit.prescriptions])
          - (collection element) CollectionFetchableElementEntityGraph(entity=edu.ncsu.csc.itrust2.models.persistent.Prescription, querySpaceUid=&lt;gen:1&gt;, path=[edu.ncsu.csc.itrust2.models.persistent.OfficeVisit.prescriptions].&lt;elements&gt;)
             - EntityAttributeFetchImpl(entity=edu.ncsu.csc.itrust2.models.persistent.Drug, querySpaceUid=&lt;gen:2&gt;, path=[edu.ncsu.csc.itrust2.models.persistent.OfficeVisit.prescriptions].&lt;elements&gt;.drug)
             - EntityAttributeFetchImpl(entity=edu.ncsu.csc.itrust2.models.persistent.User, querySpaceUid=&lt;gen:3&gt;, path=[edu.ncsu.csc.itrust2.models.persistent.OfficeVisit.prescriptions].&lt;elements&gt;.patient)
    - QuerySpaces
       - CollectionQuerySpaceImpl(uid=&lt;gen:0&gt;, collection=edu.ncsu.csc.itrust2.models.persistent.OfficeVisit.prescriptions)
          - SQL table alias mapping - prescripti0_
          - alias suffix - 0_
          - suffixed key columns - {prescrip8_14_0_}
          - entity-element alias suffix - 1_
          - 1_entity-element suffixed key columns - id1_14_1_
          - JOIN (JoinDefinedByMetadata(elements)) : &lt;gen:0&gt; -&gt; &lt;gen:1&gt;
             - EntityQuerySpaceImpl(uid=&lt;gen:1&gt;, entity=edu.ncsu.csc.itrust2.models.persistent.Prescription)
                - SQL table alias mapping - prescripti0_
                - alias suffix - 1_
                - suffixed key columns - {id1_14_1_}
                - JOIN (JoinDefinedByMetadata(drug)) : &lt;gen:1&gt; -&gt; &lt;gen:2&gt;
                   - EntityQuerySpaceImpl(uid=&lt;gen:2&gt;, entity=edu.ncsu.csc.itrust2.models.persistent.Drug)
                      - SQL table alias mapping - drug1_
                      - alias suffix - 2_
                      - suffixed key columns - {id1_3_2_}
                - JOIN (JoinDefinedByMetadata(patient)) : &lt;gen:1&gt; -&gt; &lt;gen:3&gt;
                   - EntityQuerySpaceImpl(uid=&lt;gen:3&gt;, entity=edu.ncsu.csc.itrust2.models.persistent.User)
                      - SQL table alias mapping - user2_
                      - alias suffix - 3_
                      - suffixed key columns - {username1_15_3_}

21:46:06.581 [main] DEBUG o.h.l.c.plan.CollectionLoader - Static select for collection edu.ncsu.csc.itrust2.models.persistent.OfficeVisit.prescriptions: select prescripti0_.prescriptions_id as prescrip8_14_0_, prescripti0_.id as id1_14_0_, prescripti0_.id as id1_14_1_, prescripti0_.dosage as dosage2_14_1_, prescripti0_.drug_id as drug_id6_14_1_, prescripti0_.endDate as endDate3_14_1_, prescripti0_.patient_id as patient_7_14_1_, prescripti0_.renewals as renewals4_14_1_, prescripti0_.startDate as startDat5_14_1_, drug1_.id as id1_3_2_, drug1_.code as code2_3_2_, drug1_.description as descript3_3_2_, drug1_.name as name4_3_2_, user2_.username as username1_15_3_, user2_.enabled as enabled2_15_3_, user2_.password as password3_15_3_, user2_.role as role4_15_3_ from Prescriptions prescripti0_ inner join Drugs drug1_ on prescripti0_.drug_id=drug1_.id inner join Users user2_ on prescripti0_.patient_id=user2_.username where prescripti0_.prescriptions_id=?
21:46:06.581 [main] DEBUG o.h.internal.SessionFactoryImpl - Instantiated session factory
21:46:06.585 [main] INFO  o.h.tool.hbm2ddl.SchemaUpdate - HHH000228: Running hbm2ddl schema update
</stdout>
          <failedSince>1</failedSince>
        </case>
        <case>
          <duration>0.001</duration>
          <className>edu.ncsu.csc.itrust2.unit.EmailUtilTest</className>
          <testName>testSendEmail</testName>
          <skipped>false</skipped>
          <errorStackTrace>java.lang.NullPointerException: Robust
	at edu.ncsu.csc.itrust2.unit.EmailUtilTest.testSendEmail(EmailUtilTest.java:31)
</errorStackTrace>
          <errorDetails>Robust</errorDetails>
          <failedSince>1</failedSince>
        </case>
      </cases>
    </suite>
    <suite>
      <file>/var/lib/jenkins/jobs/iTrust_Fuzzer/workspace/iTrust2/target/surefire-reports/TEST-edu.ncsu.csc.itrust2.unit.HospitalFormTest.xml</file>
      <name>edu.ncsu.csc.itrust2.unit.HospitalFormTest</name>
      <duration>0.0</duration>
      <time>0</time>
      <enclosingBlocks/>
      <enclosingBlockNames/>
      <cases>
        <case>
          <duration>0.0</duration>
          <className>edu.ncsu.csc.itrust2.unit.HospitalFormTest</className>
          <testName>testHospitalForm</testName>
          <skipped>false</skipped>
          <failedSince>0</failedSince>
        </case>
      </cases>
    </suite>
    <suite>
      <file>/var/lib/jenkins/jobs/iTrust_Fuzzer/workspace/iTrust2/target/surefire-reports/TEST-edu.ncsu.csc.itrust2.unit.ICDCodeTest.xml</file>
      <name>edu.ncsu.csc.itrust2.unit.ICDCodeTest</name>
      <duration>0.0</duration>
      <time>0</time>
      <enclosingBlocks/>
      <enclosingBlockNames/>
      <cases>
        <case>
          <duration>0.0</duration>
          <className>edu.ncsu.csc.itrust2.unit.ICDCodeTest</className>
          <testName>testCodes</testName>
          <skipped>false</skipped>
          <failedSince>0</failedSince>
        </case>
        <case>
          <duration>0.0</duration>
          <className>edu.ncsu.csc.itrust2.unit.ICDCodeTest</className>
          <testName>testInvalidCodes</testName>
          <skipped>false</skipped>
          <errorStackTrace>org.junit.ComparisonFailure: expected:&lt;[Code must begin with a capital letter: ]111&gt; but was:&lt;[Regional]111&gt;
	at edu.ncsu.csc.itrust2.unit.ICDCodeTest.testInvalidCodes(ICDCodeTest.java:57)
</errorStackTrace>
          <errorDetails>expected:&lt;[Code must begin with a capital letter: ]111&gt; but was:&lt;[Regional]111&gt;</errorDetails>
          <failedSince>1</failedSince>
        </case>
      </cases>
    </suite>
    <suite>
      <file>/var/lib/jenkins/jobs/iTrust_Fuzzer/workspace/iTrust2/target/surefire-reports/TEST-edu.ncsu.csc.itrust2.unit.LockoutTest.xml</file>
      <name>edu.ncsu.csc.itrust2.unit.LockoutTest</name>
      <duration>0.0</duration>
      <time>0</time>
      <enclosingBlocks/>
      <enclosingBlockNames/>
      <cases>
        <case>
          <duration>0.0</duration>
          <className>edu.ncsu.csc.itrust2.unit.LockoutTest</className>
          <testName>testUserLockouts</testName>
          <skipped>false</skipped>
          <errorStackTrace>java.lang.NoClassDefFoundError: Could not initialize class edu.ncsu.csc.itrust2.utils.HibernateUtil
	at edu.ncsu.csc.itrust2.unit.LockoutTest.testUserLockouts(LockoutTest.java:24)
</errorStackTrace>
          <errorDetails>Could not initialize class edu.ncsu.csc.itrust2.utils.HibernateUtil</errorDetails>
          <failedSince>1</failedSince>
        </case>
        <case>
          <duration>0.0</duration>
          <className>edu.ncsu.csc.itrust2.unit.LockoutTest</className>
          <testName>testIPLockouts</testName>
          <skipped>false</skipped>
          <errorStackTrace>java.lang.NoClassDefFoundError: Could not initialize class edu.ncsu.csc.itrust2.utils.HibernateUtil
	at edu.ncsu.csc.itrust2.unit.LockoutTest.testIPLockouts(LockoutTest.java:95)
</errorStackTrace>
          <errorDetails>Could not initialize class edu.ncsu.csc.itrust2.utils.HibernateUtil</errorDetails>
          <failedSince>1</failedSince>
        </case>
      </cases>
    </suite>
    <suite>
      <file>/var/lib/jenkins/jobs/iTrust_Fuzzer/workspace/iTrust2/target/surefire-reports/TEST-edu.ncsu.csc.itrust2.unit.LogTest.xml</file>
      <name>edu.ncsu.csc.itrust2.unit.LogTest</name>
      <duration>0.001</duration>
      <time>0.001</time>
      <enclosingBlocks/>
      <enclosingBlockNames/>
      <cases>
        <case>
          <duration>0.0</duration>
          <className>edu.ncsu.csc.itrust2.unit.LogTest</className>
          <testName>testLogging</testName>
          <skipped>false</skipped>
          <errorStackTrace>java.lang.NoClassDefFoundError: Could not initialize class edu.ncsu.csc.itrust2.utils.HibernateUtil
	at edu.ncsu.csc.itrust2.unit.LogTest.testLogging(LogTest.java:28)
</errorStackTrace>
          <errorDetails>Could not initialize class edu.ncsu.csc.itrust2.utils.HibernateUtil</errorDetails>
          <failedSince>1</failedSince>
        </case>
      </cases>
    </suite>
    <suite>
      <file>/var/lib/jenkins/jobs/iTrust_Fuzzer/workspace/iTrust2/target/surefire-reports/TEST-edu.ncsu.csc.itrust2.unit.OfficeVisitTest.xml</file>
      <name>edu.ncsu.csc.itrust2.unit.OfficeVisitTest</name>
      <duration>0.0</duration>
      <time>0</time>
      <enclosingBlocks/>
      <enclosingBlockNames/>
      <cases>
        <case>
          <duration>0.0</duration>
          <className>edu.ncsu.csc.itrust2.unit.OfficeVisitTest</className>
          <testName>testOfficeVisit</testName>
          <skipped>false</skipped>
          <errorStackTrace>java.lang.NoClassDefFoundError: Could not initialize class edu.ncsu.csc.itrust2.utils.HibernateUtil
	at edu.ncsu.csc.itrust2.unit.OfficeVisitTest.testOfficeVisit(OfficeVisitTest.java:27)
</errorStackTrace>
          <errorDetails>Could not initialize class edu.ncsu.csc.itrust2.utils.HibernateUtil</errorDetails>
          <failedSince>1</failedSince>
        </case>
      </cases>
    </suite>
    <suite>
      <file>/var/lib/jenkins/jobs/iTrust_Fuzzer/workspace/iTrust2/target/surefire-reports/TEST-edu.ncsu.csc.itrust2.unit.PasswordChangeTest.xml</file>
      <name>edu.ncsu.csc.itrust2.unit.PasswordChangeTest</name>
      <duration>0.0</duration>
      <time>0</time>
      <enclosingBlocks/>
      <enclosingBlockNames/>
      <cases>
        <case>
          <duration>0.0</duration>
          <className>edu.ncsu.csc.itrust2.unit.PasswordChangeTest</className>
          <testName>testPasswordReset</testName>
          <skipped>false</skipped>
          <errorStackTrace>java.lang.NoClassDefFoundError: Could not initialize class edu.ncsu.csc.itrust2.utils.HibernateUtil
	at edu.ncsu.csc.itrust2.unit.PasswordChangeTest.testPasswordReset(PasswordChangeTest.java:89)
</errorStackTrace>
          <errorDetails>Could not initialize class edu.ncsu.csc.itrust2.utils.HibernateUtil</errorDetails>
          <failedSince>1</failedSince>
        </case>
        <case>
          <duration>0.0</duration>
          <className>edu.ncsu.csc.itrust2.unit.PasswordChangeTest</className>
          <testName>testPasswordChangeForm</testName>
          <skipped>false</skipped>
          <errorStackTrace>org.junit.ComparisonFailure: expected:&lt;[New password and re-entry must match.]&gt; but was:&lt;[cross-platform]&gt;
	at edu.ncsu.csc.itrust2.unit.PasswordChangeTest.testPasswordChangeForm(PasswordChangeTest.java:37)
</errorStackTrace>
          <errorDetails>expected:&lt;[New password and re-entry must match.]&gt; but was:&lt;[cross-platform]&gt;</errorDetails>
          <failedSince>1</failedSince>
        </case>
      </cases>
    </suite>
    <suite>
      <file>/var/lib/jenkins/jobs/iTrust_Fuzzer/workspace/iTrust2/target/surefire-reports/TEST-edu.ncsu.csc.itrust2.unit.PatientTest.xml</file>
      <name>edu.ncsu.csc.itrust2.unit.PatientTest</name>
      <duration>0.01</duration>
      <time>0.01</time>
      <enclosingBlocks/>
      <enclosingBlockNames/>
      <cases>
        <case>
          <duration>0.0</duration>
          <className>edu.ncsu.csc.itrust2.unit.PatientTest</className>
          <testName>testPatientDateOfDeath</testName>
          <skipped>false</skipped>
          <errorStackTrace>java.lang.NoClassDefFoundError: Could not initialize class edu.ncsu.csc.itrust2.utils.HibernateUtil
	at edu.ncsu.csc.itrust2.unit.PatientTest.testPatientDateOfDeath(PatientTest.java:42)
</errorStackTrace>
          <errorDetails>Could not initialize class edu.ncsu.csc.itrust2.utils.HibernateUtil</errorDetails>
          <failedSince>1</failedSince>
        </case>
        <case>
          <duration>0.0</duration>
          <className>edu.ncsu.csc.itrust2.unit.PatientTest</className>
          <testName>testFieldValidation</testName>
          <skipped>false</skipped>
          <failedSince>0</failedSince>
        </case>
      </cases>
    </suite>
    <suite>
      <file>/var/lib/jenkins/jobs/iTrust_Fuzzer/workspace/iTrust2/target/surefire-reports/TEST-edu.ncsu.csc.itrust2.unit.PersonnelFormTest.xml</file>
      <name>edu.ncsu.csc.itrust2.unit.PersonnelFormTest</name>
      <duration>0.052</duration>
      <time>0.052</time>
      <enclosingBlocks/>
      <enclosingBlockNames/>
      <cases>
        <case>
          <duration>0.021</duration>
          <className>edu.ncsu.csc.itrust2.unit.PersonnelFormTest</className>
          <testName>testPersonnelForm</testName>
          <skipped>false</skipped>
          <failedSince>0</failedSince>
        </case>
      </cases>
    </suite>
    <suite>
      <file>/var/lib/jenkins/jobs/iTrust_Fuzzer/workspace/iTrust2/target/surefire-reports/TEST-edu.ncsu.csc.itrust2.unit.UserTest.xml</file>
      <name>edu.ncsu.csc.itrust2.unit.UserTest</name>
      <duration>0.0</duration>
      <time>0</time>
      <enclosingBlocks/>
      <enclosingBlockNames/>
      <cases>
        <case>
          <duration>0.0</duration>
          <className>edu.ncsu.csc.itrust2.unit.UserTest</className>
          <testName>testEqualsAndProperties</testName>
          <skipped>false</skipped>
          <failedSince>0</failedSince>
        </case>
      </cases>
    </suite>
  </suites>
  <duration>4.6719995</duration>
  <keepLongStdio>false</keepLongStdio>
</result>