<?xml version='1.1' encoding='UTF-8'?>
<result plugin="junit@1.24">
  <suites>
    <suite>
      <file>/var/lib/jenkins/jobs/iTrust_Fuzzer/workspace/iTrust2/target/surefire-reports/TEST-edu.ncsu.csc.itrust2.apitest.APIAppointmentRequestTest.xml</file>
      <name>edu.ncsu.csc.itrust2.apitest.APIAppointmentRequestTest</name>
      <duration>0.056</duration>
      <time>0.056</time>
      <enclosingBlocks/>
      <enclosingBlockNames/>
      <cases>
        <case>
          <duration>0.0</duration>
          <className>edu.ncsu.csc.itrust2.apitest.APIAppointmentRequestTest</className>
          <testName>testCreateBadAppointmentRequest</testName>
          <skipped>false</skipped>
          <errorStackTrace>java.lang.IllegalStateException: Failed to load ApplicationContext
Caused by: org.springframework.beans.factory.BeanCreationException: Error creating bean with name &apos;springSecurityFilterChain&apos; defined in class path resource [org/springframework/security/config/annotation/web/configuration/WebSecurityConfiguration.class]: Bean instantiation via factory method failed; nested exception is org.springframework.beans.BeanInstantiationException: Failed to instantiate [javax.servlet.Filter]: Factory method &apos;springSecurityFilterChain&apos; threw exception; nested exception is java.lang.IllegalArgumentException: &apos;Savings Account?error&apos; is not a valid redirect URL
Caused by: org.springframework.beans.BeanInstantiationException: Failed to instantiate [javax.servlet.Filter]: Factory method &apos;springSecurityFilterChain&apos; threw exception; nested exception is java.lang.IllegalArgumentException: &apos;Savings Account?error&apos; is not a valid redirect URL
Caused by: java.lang.IllegalArgumentException: &apos;Savings Account?error&apos; is not a valid redirect URL
</errorStackTrace>
          <errorDetails>Failed to load ApplicationContext</errorDetails>
          <stdout>21:59:37.960 [main] DEBUG o.s.t.c.j.SpringJUnit4ClassRunner - SpringJUnit4ClassRunner constructor called with [class edu.ncsu.csc.itrust2.apitest.APIAppointmentRequestTest]
21:59:37.960 [main] DEBUG o.s.test.context.BootstrapUtils - Instantiating CacheAwareContextLoaderDelegate from class [org.springframework.test.context.cache.DefaultCacheAwareContextLoaderDelegate]
21:59:37.960 [main] DEBUG o.s.test.context.BootstrapUtils - Instantiating BootstrapContext using constructor [public org.springframework.test.context.support.DefaultBootstrapContext(java.lang.Class,org.springframework.test.context.CacheAwareContextLoaderDelegate)]
21:59:37.961 [main] DEBUG o.s.test.context.BootstrapUtils - Instantiating TestContextBootstrapper for test class [edu.ncsu.csc.itrust2.apitest.APIAppointmentRequestTest] from class [org.springframework.test.context.web.WebTestContextBootstrapper]
21:59:37.961 [main] DEBUG o.s.t.c.s.AbstractDelegatingSmartContextLoader - Delegating to AnnotationConfigWebContextLoader to process context configuration [ContextConfigurationAttributes@32771346 declaringClass = &apos;edu.ncsu.csc.itrust2.apitest.APIAppointmentRequestTest&apos;, classes = &apos;{class edu.ncsu.csc.itrust2.config.RootConfiguration, class edu.ncsu.csc.itrust2.mvc.config.WebMvcConfiguration}&apos;, locations = &apos;{}&apos;, inheritLocations = true, initializers = &apos;{}&apos;, inheritInitializers = true, name = [null], contextLoaderClass = &apos;org.springframework.test.context.ContextLoader&apos;].
21:59:37.961 [main] DEBUG o.s.t.c.support.ActiveProfilesUtils - Could not find an &apos;annotation declaring class&apos; for annotation type [org.springframework.test.context.ActiveProfiles] and class [edu.ncsu.csc.itrust2.apitest.APIAppointmentRequestTest]
21:59:37.962 [main] DEBUG o.s.t.c.w.WebTestContextBootstrapper - @TestExecutionListeners is not present for class [edu.ncsu.csc.itrust2.apitest.APIAppointmentRequestTest]: using defaults.
21:59:37.962 [main] INFO  o.s.t.c.w.WebTestContextBootstrapper - Loaded default TestExecutionListener class names from location [META-INF/spring.factories]: [org.springframework.security.test.context.support.WithSecurityContextTestExecutionListener, org.springframework.test.context.web.ServletTestExecutionListener, org.springframework.test.context.support.DirtiesContextBeforeModesTestExecutionListener, org.springframework.test.context.support.DependencyInjectionTestExecutionListener, org.springframework.test.context.support.DirtiesContextTestExecutionListener, org.springframework.test.context.transaction.TransactionalTestExecutionListener, org.springframework.test.context.jdbc.SqlScriptsTestExecutionListener]
21:59:37.962 [main] INFO  o.s.t.c.w.WebTestContextBootstrapper - Using TestExecutionListeners: [org.springframework.test.context.web.ServletTestExecutionListener@6c2550a0, org.springframework.test.context.support.DirtiesContextBeforeModesTestExecutionListener@d45aa0a, org.springframework.test.context.support.DependencyInjectionTestExecutionListener@5fbb1ed5, org.springframework.test.context.support.DirtiesContextTestExecutionListener@3a7c8718, org.springframework.test.context.transaction.TransactionalTestExecutionListener@7c9a60a7, org.springframework.test.context.jdbc.SqlScriptsTestExecutionListener@5caf90c4, org.springframework.security.test.context.support.WithSecurityContextTestExecutionListener@5be57032]
21:59:37.962 [main] DEBUG o.s.t.annotation.ProfileValueUtils - Retrieved @ProfileValueSourceConfiguration [null] for test class [edu.ncsu.csc.itrust2.apitest.APIAppointmentRequestTest]
21:59:37.962 [main] DEBUG o.s.t.annotation.ProfileValueUtils - Retrieved ProfileValueSource type [class org.springframework.test.annotation.SystemProfileValueSource] for class [edu.ncsu.csc.itrust2.apitest.APIAppointmentRequestTest]
21:59:37.963 [main] DEBUG o.s.t.annotation.ProfileValueUtils - Retrieved @ProfileValueSourceConfiguration [null] for test class [edu.ncsu.csc.itrust2.apitest.APIAppointmentRequestTest]
21:59:37.963 [main] DEBUG o.s.t.annotation.ProfileValueUtils - Retrieved ProfileValueSource type [class org.springframework.test.annotation.SystemProfileValueSource] for class [edu.ncsu.csc.itrust2.apitest.APIAppointmentRequestTest]
21:59:37.963 [main] DEBUG o.s.t.annotation.ProfileValueUtils - Retrieved @ProfileValueSourceConfiguration [null] for test class [edu.ncsu.csc.itrust2.apitest.APIAppointmentRequestTest]
21:59:37.963 [main] DEBUG o.s.t.annotation.ProfileValueUtils - Retrieved ProfileValueSource type [class org.springframework.test.annotation.SystemProfileValueSource] for class [edu.ncsu.csc.itrust2.apitest.APIAppointmentRequestTest]
21:59:37.963 [main] DEBUG o.s.t.c.s.AbstractDirtiesContextTestExecutionListener - Before test class: context [DefaultTestContext@5ff6811 testClass = APIAppointmentRequestTest, testInstance = [null], testMethod = [null], testException = [null], mergedContextConfiguration = [WebMergedContextConfiguration@2a4fbf51 testClass = APIAppointmentRequestTest, locations = &apos;{}&apos;, classes = &apos;{class edu.ncsu.csc.itrust2.config.RootConfiguration, class edu.ncsu.csc.itrust2.mvc.config.WebMvcConfiguration}&apos;, contextInitializerClasses = &apos;[]&apos;, activeProfiles = &apos;{}&apos;, propertySourceLocations = &apos;{}&apos;, propertySourceProperties = &apos;{}&apos;, contextCustomizers = set[[empty]], resourceBasePath = &apos;src/main/webapp&apos;, contextLoader = &apos;org.springframework.test.context.web.WebDelegatingSmartContextLoader&apos;, parent = [null]]], class annotated with @DirtiesContext [false] with mode [null].
21:59:37.963 [main] DEBUG o.s.t.annotation.ProfileValueUtils - Retrieved @ProfileValueSourceConfiguration [null] for test class [edu.ncsu.csc.itrust2.apitest.APIAppointmentRequestTest]
21:59:37.963 [main] DEBUG o.s.t.annotation.ProfileValueUtils - Retrieved ProfileValueSource type [class org.springframework.test.annotation.SystemProfileValueSource] for class [edu.ncsu.csc.itrust2.apitest.APIAppointmentRequestTest]
21:59:37.963 [main] DEBUG o.s.t.c.s.AbstractDelegatingSmartContextLoader - Delegating to AnnotationConfigWebContextLoader to load context from [WebMergedContextConfiguration@2a4fbf51 testClass = APIAppointmentRequestTest, locations = &apos;{}&apos;, classes = &apos;{class edu.ncsu.csc.itrust2.config.RootConfiguration, class edu.ncsu.csc.itrust2.mvc.config.WebMvcConfiguration}&apos;, contextInitializerClasses = &apos;[]&apos;, activeProfiles = &apos;{}&apos;, propertySourceLocations = &apos;{}&apos;, propertySourceProperties = &apos;{}&apos;, contextCustomizers = set[[empty]], resourceBasePath = &apos;src/main/webapp&apos;, contextLoader = &apos;org.springframework.test.context.web.WebDelegatingSmartContextLoader&apos;, parent = [null]].
21:59:37.963 [main] DEBUG o.s.t.c.w.AbstractGenericWebContextLoader - Loading WebApplicationContext for merged context configuration [WebMergedContextConfiguration@2a4fbf51 testClass = APIAppointmentRequestTest, locations = &apos;{}&apos;, classes = &apos;{class edu.ncsu.csc.itrust2.config.RootConfiguration, class edu.ncsu.csc.itrust2.mvc.config.WebMvcConfiguration}&apos;, contextInitializerClasses = &apos;[]&apos;, activeProfiles = &apos;{}&apos;, propertySourceLocations = &apos;{}&apos;, propertySourceProperties = &apos;{}&apos;, contextCustomizers = set[[empty]], resourceBasePath = &apos;src/main/webapp&apos;, contextLoader = &apos;org.springframework.test.context.web.WebDelegatingSmartContextLoader&apos;, parent = [null]].
21:59:37.963 [main] DEBUG o.s.w.c.s.StandardServletEnvironment - Adding [servletConfigInitParams] PropertySource with lowest search precedence
21:59:37.963 [main] DEBUG o.s.w.c.s.StandardServletEnvironment - Adding [servletContextInitParams] PropertySource with lowest search precedence
21:59:37.963 [main] DEBUG o.s.w.c.s.StandardServletEnvironment - Adding [systemProperties] PropertySource with lowest search precedence
21:59:37.963 [main] DEBUG o.s.w.c.s.StandardServletEnvironment - Adding [systemEnvironment] PropertySource with lowest search precedence
21:59:37.963 [main] DEBUG o.s.w.c.s.StandardServletEnvironment - Initialized StandardServletEnvironment with PropertySources [servletConfigInitParams,servletContextInitParams,systemProperties,systemEnvironment]
21:59:37.963 [main] DEBUG o.s.t.c.w.AnnotationConfigWebContextLoader - Registering annotated classes: {class edu.ncsu.csc.itrust2.config.RootConfiguration, class edu.ncsu.csc.itrust2.mvc.config.WebMvcConfiguration}
21:59:37.964 [main] INFO  o.s.w.c.s.GenericWebApplicationContext - Refreshing org.springframework.web.context.support.GenericWebApplicationContext@ac6336c: startup date [Thu Mar 22 21:59:37 UTC 2018]; root of context hierarchy
21:59:37.964 [main] DEBUG o.s.w.c.s.StandardServletEnvironment - Replacing [servletContextInitParams] PropertySource with [servletContextInitParams]
21:59:37.964 [main] DEBUG o.s.w.c.s.GenericWebApplicationContext - Bean factory for org.springframework.web.context.support.GenericWebApplicationContext@ac6336c: org.springframework.beans.factory.support.DefaultListableBeanFactory@7a52b6e6: defining beans [org.springframework.context.annotation.internalConfigurationAnnotationProcessor,org.springframework.context.annotation.internalAutowiredAnnotationProcessor,org.springframework.context.annotation.internalRequiredAnnotationProcessor,org.springframework.context.annotation.internalCommonAnnotationProcessor,org.springframework.context.annotation.internalPersistenceAnnotationProcessor,org.springframework.context.event.internalEventListenerProcessor,org.springframework.context.event.internalEventListenerFactory,rootConfiguration,webMvcConfiguration]; root of factory hierarchy
21:59:37.964 [main] DEBUG o.s.b.f.s.DefaultListableBeanFactory - Registering scope &apos;request&apos; with implementation [org.springframework.web.context.request.RequestScope@53f164a9]
21:59:37.964 [main] DEBUG o.s.b.f.s.DefaultListableBeanFactory - Registering scope &apos;session&apos; with implementation [org.springframework.web.context.request.SessionScope@689760e8]
21:59:37.964 [main] DEBUG o.s.b.f.s.DefaultListableBeanFactory - Registering scope &apos;globalSession&apos; with implementation [org.springframework.web.context.request.SessionScope@71d0e9a]
21:59:37.965 [main] DEBUG o.s.b.f.s.DefaultListableBeanFactory - Registering scope &apos;application&apos; with implementation [org.springframework.web.context.support.ServletContextScope@1c27313a]
21:59:37.965 [main] DEBUG o.s.b.f.s.DefaultListableBeanFactory - Creating shared instance of singleton bean &apos;org.springframework.context.annotation.internalConfigurationAnnotationProcessor&apos;
21:59:37.965 [main] DEBUG o.s.b.f.s.DefaultListableBeanFactory - Creating instance of bean &apos;org.springframework.context.annotation.internalConfigurationAnnotationProcessor&apos;
21:59:37.965 [main] DEBUG o.s.b.f.s.DefaultListableBeanFactory - Eagerly caching bean &apos;org.springframework.context.annotation.internalConfigurationAnnotationProcessor&apos; to allow for resolving potential circular references
21:59:37.965 [main] DEBUG o.s.b.f.s.DefaultListableBeanFactory - Finished creating instance of bean &apos;org.springframework.context.annotation.internalConfigurationAnnotationProcessor&apos;
21:59:37.965 [main] DEBUG o.s.core.env.StandardEnvironment - Adding [systemProperties] PropertySource with lowest search precedence
21:59:37.965 [main] DEBUG o.s.core.env.StandardEnvironment - Adding [systemEnvironment] PropertySource with lowest search precedence
21:59:37.965 [main] DEBUG o.s.core.env.StandardEnvironment - Initialized StandardEnvironment with PropertySources [systemProperties,systemEnvironment]
21:59:37.966 [main] DEBUG o.s.c.i.s.PathMatchingResourcePatternResolver - Resolved classpath location [edu/ncsu/csc/itrust2/config/] to resources [URL [file:/var/lib/jenkins/jobs/iTrust_Fuzzer/workspace/iTrust2/target/classes/edu/ncsu/csc/itrust2/config/]]
21:59:37.966 [main] DEBUG o.s.c.i.s.PathMatchingResourcePatternResolver - Looking for matching resources in directory tree [/var/lib/jenkins/jobs/iTrust_Fuzzer/workspace/iTrust2/target/classes/edu/ncsu/csc/itrust2/config]
21:59:37.966 [main] DEBUG o.s.c.i.s.PathMatchingResourcePatternResolver - Searching directory [/var/lib/jenkins/jobs/iTrust_Fuzzer/workspace/iTrust2/target/classes/edu/ncsu/csc/itrust2/config] for files matching pattern [/var/lib/jenkins/jobs/iTrust_Fuzzer/workspace/iTrust2/target/classes/edu/ncsu/csc/itrust2/config/**/*.class]
21:59:37.966 [main] DEBUG o.s.c.i.s.PathMatchingResourcePatternResolver - Resolved location pattern [classpath*:edu/ncsu/csc/itrust2/config/**/*.class] to resources [file [/var/lib/jenkins/jobs/iTrust_Fuzzer/workspace/iTrust2/target/classes/edu/ncsu/csc/itrust2/config/ContextListener.class], file [/var/lib/jenkins/jobs/iTrust_Fuzzer/workspace/iTrust2/target/classes/edu/ncsu/csc/itrust2/config/DataConfiguration.class], file [/var/lib/jenkins/jobs/iTrust_Fuzzer/workspace/iTrust2/target/classes/edu/ncsu/csc/itrust2/config/FailureHandler.class], file [/var/lib/jenkins/jobs/iTrust_Fuzzer/workspace/iTrust2/target/classes/edu/ncsu/csc/itrust2/config/IPFilter.class], file [/var/lib/jenkins/jobs/iTrust_Fuzzer/workspace/iTrust2/target/classes/edu/ncsu/csc/itrust2/config/ITrust2ApplicationInitializer.class], file [/var/lib/jenkins/jobs/iTrust_Fuzzer/workspace/iTrust2/target/classes/edu/ncsu/csc/itrust2/config/ITrust2WebApplicationInitializer.class], file [/var/lib/jenkins/jobs/iTrust_Fuzzer/workspace/iTrust2/target/classes/edu/ncsu/csc/itrust2/config/LoginAuditingListener.class], file [/var/lib/jenkins/jobs/iTrust_Fuzzer/workspace/iTrust2/target/classes/edu/ncsu/csc/itrust2/config/RootConfiguration.class], file [/var/lib/jenkins/jobs/iTrust_Fuzzer/workspace/iTrust2/target/classes/edu/ncsu/csc/itrust2/config/SecurityConfig.class]]
21:59:37.967 [main] DEBUG o.s.c.a.ClassPathBeanDefinitionScanner - Identified candidate component class: file [/var/lib/jenkins/jobs/iTrust_Fuzzer/workspace/iTrust2/target/classes/edu/ncsu/csc/itrust2/config/DataConfiguration.class]
21:59:37.967 [main] DEBUG o.s.c.a.ClassPathBeanDefinitionScanner - Identified candidate component class: file [/var/lib/jenkins/jobs/iTrust_Fuzzer/workspace/iTrust2/target/classes/edu/ncsu/csc/itrust2/config/LoginAuditingListener.class]
21:59:37.967 [main] DEBUG o.s.c.a.ClassPathBeanDefinitionScanner - Identified candidate component class: file [/var/lib/jenkins/jobs/iTrust_Fuzzer/workspace/iTrust2/target/classes/edu/ncsu/csc/itrust2/config/SecurityConfig.class]
21:59:37.975 [main] DEBUG o.s.core.env.StandardEnvironment - Adding [systemProperties] PropertySource with lowest search precedence
21:59:37.975 [main] DEBUG o.s.core.env.StandardEnvironment - Adding [systemEnvironment] PropertySource with lowest search precedence
21:59:37.975 [main] DEBUG o.s.core.env.StandardEnvironment - Initialized StandardEnvironment with PropertySources [systemProperties,systemEnvironment]
21:59:37.976 [main] DEBUG o.s.c.i.s.PathMatchingResourcePatternResolver - Resolved classpath location [edu/ncsu/csc/itrust2/controllers/] to resources [URL [file:/var/lib/jenkins/jobs/iTrust_Fuzzer/workspace/iTrust2/target/classes/edu/ncsu/csc/itrust2/controllers/]]
21:59:37.976 [main] DEBUG o.s.c.i.s.PathMatchingResourcePatternResolver - Looking for matching resources in directory tree [/var/lib/jenkins/jobs/iTrust_Fuzzer/workspace/iTrust2/target/classes/edu/ncsu/csc/itrust2/controllers]
21:59:37.976 [main] DEBUG o.s.c.i.s.PathMatchingResourcePatternResolver - Searching directory [/var/lib/jenkins/jobs/iTrust_Fuzzer/workspace/iTrust2/target/classes/edu/ncsu/csc/itrust2/controllers] for files matching pattern [/var/lib/jenkins/jobs/iTrust_Fuzzer/workspace/iTrust2/target/classes/edu/ncsu/csc/itrust2/controllers/**/*.class]
21:59:37.977 [main] DEBUG o.s.c.i.s.PathMatchingResourcePatternResolver - Searching directory [/var/lib/jenkins/jobs/iTrust_Fuzzer/workspace/iTrust2/target/classes/edu/ncsu/csc/itrust2/controllers/admin] for files matching pattern [/var/lib/jenkins/jobs/iTrust_Fuzzer/workspace/iTrust2/target/classes/edu/ncsu/csc/itrust2/controllers/**/*.class]
21:59:37.977 [main] DEBUG o.s.c.i.s.PathMatchingResourcePatternResolver - Searching directory [/var/lib/jenkins/jobs/iTrust_Fuzzer/workspace/iTrust2/target/classes/edu/ncsu/csc/itrust2/controllers/api] for files matching pattern [/var/lib/jenkins/jobs/iTrust_Fuzzer/workspace/iTrust2/target/classes/edu/ncsu/csc/itrust2/controllers/**/*.class]
21:59:37.977 [main] DEBUG o.s.c.i.s.PathMatchingResourcePatternResolver - Searching directory [/var/lib/jenkins/jobs/iTrust_Fuzzer/workspace/iTrust2/target/classes/edu/ncsu/csc/itrust2/controllers/api/comm] for files matching pattern [/var/lib/jenkins/jobs/iTrust_Fuzzer/workspace/iTrust2/target/classes/edu/ncsu/csc/itrust2/controllers/**/*.class]
21:59:37.977 [main] DEBUG o.s.c.i.s.PathMatchingResourcePatternResolver - Searching directory [/var/lib/jenkins/jobs/iTrust_Fuzzer/workspace/iTrust2/target/classes/edu/ncsu/csc/itrust2/controllers/hcp] for files matching pattern [/var/lib/jenkins/jobs/iTrust_Fuzzer/workspace/iTrust2/target/classes/edu/ncsu/csc/itrust2/controllers/**/*.class]
21:59:37.977 [main] DEBUG o.s.c.i.s.PathMatchingResourcePatternResolver - Searching directory [/var/lib/jenkins/jobs/iTrust_Fuzzer/workspace/iTrust2/target/classes/edu/ncsu/csc/itrust2/controllers/patient] for files matching pattern [/var/lib/jenkins/jobs/iTrust_Fuzzer/workspace/iTrust2/target/classes/edu/ncsu/csc/itrust2/controllers/**/*.class]
21:59:37.977 [main] DEBUG o.s.c.i.s.PathMatchingResourcePatternResolver - Searching directory [/var/lib/jenkins/jobs/iTrust_Fuzzer/workspace/iTrust2/target/classes/edu/ncsu/csc/itrust2/controllers/personnel] for files matching pattern [/var/lib/jenkins/jobs/iTrust_Fuzzer/workspace/iTrust2/target/classes/edu/ncsu/csc/itrust2/controllers/**/*.class]
21:59:37.978 [main] DEBUG o.s.c.i.s.PathMatchingResourcePatternResolver - Resolved location pattern [classpath*:edu/ncsu/csc/itrust2/controllers/**/*.class] to resources [file [/var/lib/jenkins/jobs/iTrust_Fuzzer/workspace/iTrust2/target/classes/edu/ncsu/csc/itrust2/controllers/DefaultController.class], file [/var/lib/jenkins/jobs/iTrust_Fuzzer/workspace/iTrust2/target/classes/edu/ncsu/csc/itrust2/controllers/admin/AdminController.class], file [/var/lib/jenkins/jobs/iTrust_Fuzzer/workspace/iTrust2/target/classes/edu/ncsu/csc/itrust2/controllers/admin/AdminUserController$1.class], file [/var/lib/jenkins/jobs/iTrust_Fuzzer/workspace/iTrust2/target/classes/edu/ncsu/csc/itrust2/controllers/admin/AdminUserController.class], file [/var/lib/jenkins/jobs/iTrust_Fuzzer/workspace/iTrust2/target/classes/edu/ncsu/csc/itrust2/controllers/admin/HospitalController.class], file [/var/lib/jenkins/jobs/iTrust_Fuzzer/workspace/iTrust2/target/classes/edu/ncsu/csc/itrust2/controllers/admin/ICDCodesController.class], file [/var/lib/jenkins/jobs/iTrust_Fuzzer/workspace/iTrust2/target/classes/edu/ncsu/csc/itrust2/controllers/api/APIAppointmentRequestController.class], file [/var/lib/jenkins/jobs/iTrust_Fuzzer/workspace/iTrust2/target/classes/edu/ncsu/csc/itrust2/controllers/api/APIController$JSONResponse.class], file [/var/lib/jenkins/jobs/iTrust_Fuzzer/workspace/iTrust2/target/classes/edu/ncsu/csc/itrust2/controllers/api/APIController.class], file [/var/lib/jenkins/jobs/iTrust_Fuzzer/workspace/iTrust2/target/classes/edu/ncsu/csc/itrust2/controllers/api/APIDiagnosisController.class], file [/var/lib/jenkins/jobs/iTrust_Fuzzer/workspace/iTrust2/target/classes/edu/ncsu/csc/itrust2/controllers/api/APIDrugController.class], file [/var/lib/jenkins/jobs/iTrust_Fuzzer/workspace/iTrust2/target/classes/edu/ncsu/csc/itrust2/controllers/api/APIEnumController.class], file [/var/lib/jenkins/jobs/iTrust_Fuzzer/workspace/iTrust2/target/classes/edu/ncsu/csc/itrust2/controllers/api/APIHospitalController.class], file [/var/lib/jenkins/jobs/iTrust_Fuzzer/workspace/iTrust2/target/classes/edu/ncsu/csc/itrust2/controllers/api/APIICDCodeController.class], file [/var/lib/jenkins/jobs/iTrust_Fuzzer/workspace/iTrust2/target/classes/edu/ncsu/csc/itrust2/controllers/api/APILogEntryController.class], file [/var/lib/jenkins/jobs/iTrust_Fuzzer/workspace/iTrust2/target/classes/edu/ncsu/csc/itrust2/controllers/api/APIOfficeVisitController.class], file [/var/lib/jenkins/jobs/iTrust_Fuzzer/workspace/iTrust2/target/classes/edu/ncsu/csc/itrust2/controllers/api/APIPasswordController.class], file [/var/lib/jenkins/jobs/iTrust_Fuzzer/workspace/iTrust2/target/classes/edu/ncsu/csc/itrust2/controllers/api/APIPatientController.class], file [/var/lib/jenkins/jobs/iTrust_Fuzzer/workspace/iTrust2/target/classes/edu/ncsu/csc/itrust2/controllers/api/APIPersonnelController.class], file [/var/lib/jenkins/jobs/iTrust_Fuzzer/workspace/iTrust2/target/classes/edu/ncsu/csc/itrust2/controllers/api/APIPrescriptionController.class], file [/var/lib/jenkins/jobs/iTrust_Fuzzer/workspace/iTrust2/target/classes/edu/ncsu/csc/itrust2/controllers/api/APIUserController.class], file [/var/lib/jenkins/jobs/iTrust_Fuzzer/workspace/iTrust2/target/classes/edu/ncsu/csc/itrust2/controllers/api/comm/LogEntryRequestBody.class], file [/var/lib/jenkins/jobs/iTrust_Fuzzer/workspace/iTrust2/target/classes/edu/ncsu/csc/itrust2/controllers/api/comm/LogEntryTableRow.class], file [/var/lib/jenkins/jobs/iTrust_Fuzzer/workspace/iTrust2/target/classes/edu/ncsu/csc/itrust2/controllers/hcp/AppointmentControllerHCP.class], file [/var/lib/jenkins/jobs/iTrust_Fuzzer/workspace/iTrust2/target/classes/edu/ncsu/csc/itrust2/controllers/hcp/HCPController.class], file [/var/lib/jenkins/jobs/iTrust_Fuzzer/workspace/iTrust2/target/classes/edu/ncsu/csc/itrust2/controllers/hcp/OfficeVisitController.class], file [/var/lib/jenkins/jobs/iTrust_Fuzzer/workspace/iTrust2/target/classes/edu/ncsu/csc/itrust2/controllers/patient/AppointmentController.class], file [/var/lib/jenkins/jobs/iTrust_Fuzzer/workspace/iTrust2/target/classes/edu/ncsu/csc/itrust2/controllers/patient/DiagnosesController.class], file [/var/lib/jenkins/jobs/iTrust_Fuzzer/workspace/iTrust2/target/classes/edu/ncsu/csc/itrust2/controllers/patient/PatientController.class], file [/var/lib/jenkins/jobs/iTrust_Fuzzer/workspace/iTrust2/target/classes/edu/ncsu/csc/itrust2/controllers/personnel/PasswordController.class], file [/var/lib/jenkins/jobs/iTrust_Fuzzer/workspace/iTrust2/target/classes/edu/ncsu/csc/itrust2/controllers/personnel/UserController.class]]
21:59:37.978 [main] DEBUG o.s.c.a.ClassPathBeanDefinitionScanner - Identified candidate component class: file [/var/lib/jenkins/jobs/iTrust_Fuzzer/workspace/iTrust2/target/classes/edu/ncsu/csc/itrust2/controllers/DefaultController.class]
21:59:37.978 [main] DEBUG o.s.c.a.ClassPathBeanDefinitionScanner - Identified candidate component class: file [/var/lib/jenkins/jobs/iTrust_Fuzzer/workspace/iTrust2/target/classes/edu/ncsu/csc/itrust2/controllers/admin/AdminController.class]
21:59:37.978 [main] DEBUG o.s.c.a.ClassPathBeanDefinitionScanner - Identified candidate component class: file [/var/lib/jenkins/jobs/iTrust_Fuzzer/workspace/iTrust2/target/classes/edu/ncsu/csc/itrust2/controllers/admin/AdminUserController.class]
21:59:37.979 [main] DEBUG o.s.c.a.ClassPathBeanDefinitionScanner - Identified candidate component class: file [/var/lib/jenkins/jobs/iTrust_Fuzzer/workspace/iTrust2/target/classes/edu/ncsu/csc/itrust2/controllers/admin/HospitalController.class]
21:59:37.979 [main] DEBUG o.s.c.a.ClassPathBeanDefinitionScanner - Identified candidate component class: file [/var/lib/jenkins/jobs/iTrust_Fuzzer/workspace/iTrust2/target/classes/edu/ncsu/csc/itrust2/controllers/admin/ICDCodesController.class]
21:59:37.979 [main] DEBUG o.s.c.a.ClassPathBeanDefinitionScanner - Identified candidate component class: file [/var/lib/jenkins/jobs/iTrust_Fuzzer/workspace/iTrust2/target/classes/edu/ncsu/csc/itrust2/controllers/api/APIAppointmentRequestController.class]
21:59:37.980 [main] DEBUG o.s.c.a.ClassPathBeanDefinitionScanner - Identified candidate component class: file [/var/lib/jenkins/jobs/iTrust_Fuzzer/workspace/iTrust2/target/classes/edu/ncsu/csc/itrust2/controllers/api/APIDiagnosisController.class]
21:59:37.980 [main] DEBUG o.s.c.a.ClassPathBeanDefinitionScanner - Identified candidate component class: file [/var/lib/jenkins/jobs/iTrust_Fuzzer/workspace/iTrust2/target/classes/edu/ncsu/csc/itrust2/controllers/api/APIDrugController.class]
21:59:37.980 [main] DEBUG o.s.c.a.ClassPathBeanDefinitionScanner - Identified candidate component class: file [/var/lib/jenkins/jobs/iTrust_Fuzzer/workspace/iTrust2/target/classes/edu/ncsu/csc/itrust2/controllers/api/APIEnumController.class]
21:59:37.981 [main] DEBUG o.s.c.a.ClassPathBeanDefinitionScanner - Identified candidate component class: file [/var/lib/jenkins/jobs/iTrust_Fuzzer/workspace/iTrust2/target/classes/edu/ncsu/csc/itrust2/controllers/api/APIHospitalController.class]
21:59:37.981 [main] DEBUG o.s.c.a.ClassPathBeanDefinitionScanner - Identified candidate component class: file [/var/lib/jenkins/jobs/iTrust_Fuzzer/workspace/iTrust2/target/classes/edu/ncsu/csc/itrust2/controllers/api/APIICDCodeController.class]
21:59:37.981 [main] DEBUG o.s.c.a.ClassPathBeanDefinitionScanner - Identified candidate component class: file [/var/lib/jenkins/jobs/iTrust_Fuzzer/workspace/iTrust2/target/classes/edu/ncsu/csc/itrust2/controllers/api/APILogEntryController.class]
21:59:37.982 [main] DEBUG o.s.c.a.ClassPathBeanDefinitionScanner - Identified candidate component class: file [/var/lib/jenkins/jobs/iTrust_Fuzzer/workspace/iTrust2/target/classes/edu/ncsu/csc/itrust2/controllers/api/APIOfficeVisitController.class]
21:59:37.982 [main] DEBUG o.s.c.a.ClassPathBeanDefinitionScanner - Identified candidate component class: file [/var/lib/jenkins/jobs/iTrust_Fuzzer/workspace/iTrust2/target/classes/edu/ncsu/csc/itrust2/controllers/api/APIPasswordController.class]
21:59:37.983 [main] DEBUG o.s.c.a.ClassPathBeanDefinitionScanner - Identified candidate component class: file [/var/lib/jenkins/jobs/iTrust_Fuzzer/workspace/iTrust2/target/classes/edu/ncsu/csc/itrust2/controllers/api/APIPatientController.class]
21:59:37.983 [main] DEBUG o.s.c.a.ClassPathBeanDefinitionScanner - Identified candidate component class: file [/var/lib/jenkins/jobs/iTrust_Fuzzer/workspace/iTrust2/target/classes/edu/ncsu/csc/itrust2/controllers/api/APIPersonnelController.class]
21:59:37.983 [main] DEBUG o.s.c.a.ClassPathBeanDefinitionScanner - Identified candidate component class: file [/var/lib/jenkins/jobs/iTrust_Fuzzer/workspace/iTrust2/target/classes/edu/ncsu/csc/itrust2/controllers/api/APIPrescriptionController.class]
21:59:37.984 [main] DEBUG o.s.c.a.ClassPathBeanDefinitionScanner - Identified candidate component class: file [/var/lib/jenkins/jobs/iTrust_Fuzzer/workspace/iTrust2/target/classes/edu/ncsu/csc/itrust2/controllers/api/APIUserController.class]
21:59:37.984 [main] DEBUG o.s.c.a.ClassPathBeanDefinitionScanner - Identified candidate component class: file [/var/lib/jenkins/jobs/iTrust_Fuzzer/workspace/iTrust2/target/classes/edu/ncsu/csc/itrust2/controllers/hcp/AppointmentControllerHCP.class]
21:59:37.984 [main] DEBUG o.s.c.a.ClassPathBeanDefinitionScanner - Identified candidate component class: file [/var/lib/jenkins/jobs/iTrust_Fuzzer/workspace/iTrust2/target/classes/edu/ncsu/csc/itrust2/controllers/hcp/HCPController.class]
21:59:37.985 [main] DEBUG o.s.c.a.ClassPathBeanDefinitionScanner - Identified candidate component class: file [/var/lib/jenkins/jobs/iTrust_Fuzzer/workspace/iTrust2/target/classes/edu/ncsu/csc/itrust2/controllers/hcp/OfficeVisitController.class]
21:59:37.985 [main] DEBUG o.s.c.a.ClassPathBeanDefinitionScanner - Identified candidate component class: file [/var/lib/jenkins/jobs/iTrust_Fuzzer/workspace/iTrust2/target/classes/edu/ncsu/csc/itrust2/controllers/patient/AppointmentController.class]
21:59:37.985 [main] DEBUG o.s.c.a.ClassPathBeanDefinitionScanner - Identified candidate component class: file [/var/lib/jenkins/jobs/iTrust_Fuzzer/workspace/iTrust2/target/classes/edu/ncsu/csc/itrust2/controllers/patient/DiagnosesController.class]
21:59:37.985 [main] DEBUG o.s.c.a.ClassPathBeanDefinitionScanner - Identified candidate component class: file [/var/lib/jenkins/jobs/iTrust_Fuzzer/workspace/iTrust2/target/classes/edu/ncsu/csc/itrust2/controllers/patient/PatientController.class]
21:59:37.986 [main] DEBUG o.s.c.a.ClassPathBeanDefinitionScanner - Identified candidate component class: file [/var/lib/jenkins/jobs/iTrust_Fuzzer/workspace/iTrust2/target/classes/edu/ncsu/csc/itrust2/controllers/personnel/PasswordController.class]
21:59:37.986 [main] DEBUG o.s.c.a.ClassPathBeanDefinitionScanner - Identified candidate component class: file [/var/lib/jenkins/jobs/iTrust_Fuzzer/workspace/iTrust2/target/classes/edu/ncsu/csc/itrust2/controllers/personnel/UserController.class]
21:59:37.987 [main] DEBUG o.s.c.i.s.PathMatchingResourcePatternResolver - Resolved classpath location [edu/ncsu/csc/itrust2/config/] to resources [URL [file:/var/lib/jenkins/jobs/iTrust_Fuzzer/workspace/iTrust2/target/classes/edu/ncsu/csc/itrust2/config/]]
21:59:37.987 [main] DEBUG o.s.c.i.s.PathMatchingResourcePatternResolver - Looking for matching resources in directory tree [/var/lib/jenkins/jobs/iTrust_Fuzzer/workspace/iTrust2/target/classes/edu/ncsu/csc/itrust2/config]
21:59:37.987 [main] DEBUG o.s.c.i.s.PathMatchingResourcePatternResolver - Searching directory [/var/lib/jenkins/jobs/iTrust_Fuzzer/workspace/iTrust2/target/classes/edu/ncsu/csc/itrust2/config] for files matching pattern [/var/lib/jenkins/jobs/iTrust_Fuzzer/workspace/iTrust2/target/classes/edu/ncsu/csc/itrust2/config/**/*.class]
21:59:37.987 [main] DEBUG o.s.c.i.s.PathMatchingResourcePatternResolver - Resolved location pattern [classpath*:edu/ncsu/csc/itrust2/config/**/*.class] to resources [file [/var/lib/jenkins/jobs/iTrust_Fuzzer/workspace/iTrust2/target/classes/edu/ncsu/csc/itrust2/config/ContextListener.class], file [/var/lib/jenkins/jobs/iTrust_Fuzzer/workspace/iTrust2/target/classes/edu/ncsu/csc/itrust2/config/DataConfiguration.class], file [/var/lib/jenkins/jobs/iTrust_Fuzzer/workspace/iTrust2/target/classes/edu/ncsu/csc/itrust2/config/FailureHandler.class], file [/var/lib/jenkins/jobs/iTrust_Fuzzer/workspace/iTrust2/target/classes/edu/ncsu/csc/itrust2/config/IPFilter.class], file [/var/lib/jenkins/jobs/iTrust_Fuzzer/workspace/iTrust2/target/classes/edu/ncsu/csc/itrust2/config/ITrust2ApplicationInitializer.class], file [/var/lib/jenkins/jobs/iTrust_Fuzzer/workspace/iTrust2/target/classes/edu/ncsu/csc/itrust2/config/ITrust2WebApplicationInitializer.class], file [/var/lib/jenkins/jobs/iTrust_Fuzzer/workspace/iTrust2/target/classes/edu/ncsu/csc/itrust2/config/LoginAuditingListener.class], file [/var/lib/jenkins/jobs/iTrust_Fuzzer/workspace/iTrust2/target/classes/edu/ncsu/csc/itrust2/config/RootConfiguration.class], file [/var/lib/jenkins/jobs/iTrust_Fuzzer/workspace/iTrust2/target/classes/edu/ncsu/csc/itrust2/config/SecurityConfig.class]]
21:59:37.987 [main] DEBUG o.s.c.a.ClassPathBeanDefinitionScanner - Identified candidate component class: file [/var/lib/jenkins/jobs/iTrust_Fuzzer/workspace/iTrust2/target/classes/edu/ncsu/csc/itrust2/config/DataConfiguration.class]
21:59:37.987 [main] DEBUG o.s.c.a.ClassPathBeanDefinitionScanner - Identified candidate component class: file [/var/lib/jenkins/jobs/iTrust_Fuzzer/workspace/iTrust2/target/classes/edu/ncsu/csc/itrust2/config/LoginAuditingListener.class]
21:59:37.988 [main] DEBUG o.s.c.a.ClassPathBeanDefinitionScanner - Identified candidate component class: file [/var/lib/jenkins/jobs/iTrust_Fuzzer/workspace/iTrust2/target/classes/edu/ncsu/csc/itrust2/config/RootConfiguration.class]
21:59:37.988 [main] DEBUG o.s.c.a.ClassPathBeanDefinitionScanner - Identified candidate component class: file [/var/lib/jenkins/jobs/iTrust_Fuzzer/workspace/iTrust2/target/classes/edu/ncsu/csc/itrust2/config/SecurityConfig.class]
21:59:38.004 [main] DEBUG o.s.c.a.ConfigurationClassBeanDefinitionReader - Registering bean definition for @Bean method edu.ncsu.csc.itrust2.config.DataConfiguration.dataSource()
21:59:38.004 [main] DEBUG o.s.c.a.ConfigurationClassBeanDefinitionReader - Registered bean definition for imported class &apos;org.springframework.security.config.annotation.configuration.ObjectPostProcessorConfiguration&apos;
21:59:38.004 [main] DEBUG o.s.c.a.ConfigurationClassBeanDefinitionReader - Registering bean definition for @Bean method org.springframework.security.config.annotation.configuration.ObjectPostProcessorConfiguration.objectPostProcessor()
21:59:38.004 [main] DEBUG o.s.c.a.ConfigurationClassBeanDefinitionReader - Registered bean definition for imported class &apos;org.springframework.security.config.annotation.authentication.configuration.AuthenticationConfiguration&apos;
21:59:38.004 [main] DEBUG o.s.c.a.ConfigurationClassBeanDefinitionReader - Registering bean definition for @Bean method org.springframework.security.config.annotation.authentication.configuration.AuthenticationConfiguration.authenticationManagerBuilder()
21:59:38.005 [main] DEBUG o.s.c.a.ConfigurationClassBeanDefinitionReader - Registering bean definition for @Bean method org.springframework.security.config.annotation.authentication.configuration.AuthenticationConfiguration.enableGlobalAuthenticationAutowiredConfigurer()
21:59:38.005 [main] DEBUG o.s.c.a.ConfigurationClassBeanDefinitionReader - Registering bean definition for @Bean method org.springframework.security.config.annotation.authentication.configuration.AuthenticationConfiguration.initializeUserDetailsBeanManagerConfigurer()
21:59:38.005 [main] DEBUG o.s.c.a.ConfigurationClassBeanDefinitionReader - Registering bean definition for @Bean method org.springframework.security.config.annotation.authentication.configuration.AuthenticationConfiguration.initializeAuthenticationProviderBeanManagerConfigurer()
21:59:38.005 [main] DEBUG o.s.c.a.ConfigurationClassBeanDefinitionReader - Registered bean definition for imported class &apos;org.springframework.security.config.annotation.web.configuration.WebSecurityConfiguration&apos;
21:59:38.005 [main] DEBUG o.s.c.a.ConfigurationClassBeanDefinitionReader - Registering bean definition for @Bean method org.springframework.security.config.annotation.web.configuration.WebSecurityConfiguration.delegatingApplicationListener()
21:59:38.005 [main] DEBUG o.s.c.a.ConfigurationClassBeanDefinitionReader - Registering bean definition for @Bean method org.springframework.security.config.annotation.web.configuration.WebSecurityConfiguration.webSecurityExpressionHandler()
21:59:38.005 [main] DEBUG o.s.c.a.ConfigurationClassBeanDefinitionReader - Registering bean definition for @Bean method org.springframework.security.config.annotation.web.configuration.WebSecurityConfiguration.springSecurityFilterChain()
21:59:38.005 [main] DEBUG o.s.c.a.ConfigurationClassBeanDefinitionReader - Registering bean definition for @Bean method org.springframework.security.config.annotation.web.configuration.WebSecurityConfiguration.privilegeEvaluator()
21:59:38.005 [main] DEBUG o.s.c.a.ConfigurationClassBeanDefinitionReader - Registering bean definition for @Bean method org.springframework.security.config.annotation.web.configuration.WebSecurityConfiguration.autowiredWebSecurityConfigurersIgnoreParents()
21:59:38.005 [main] DEBUG o.s.c.a.ConfigurationClassBeanDefinitionReader - Registered bean definition for imported class &apos;org.springframework.security.config.annotation.web.configuration.WebMvcSecurityConfiguration&apos;
21:59:38.005 [main] DEBUG o.s.c.a.ConfigurationClassBeanDefinitionReader - Registering bean definition for @Bean method org.springframework.security.config.annotation.web.configuration.WebMvcSecurityConfiguration.requestDataValueProcessor()
21:59:38.005 [main] DEBUG o.s.c.a.ConfigurationClassBeanDefinitionReader - Registering bean definition for @Bean method edu.ncsu.csc.itrust2.config.SecurityConfig.passwordEncoder()
21:59:38.005 [main] DEBUG o.s.c.a.ConfigurationClassBeanDefinitionReader - Registering bean definition for @Bean method edu.ncsu.csc.itrust2.config.SecurityConfig.defaultAuthenticationEventPublisher()
21:59:38.005 [main] DEBUG o.s.c.a.ConfigurationClassBeanDefinitionReader - Registering bean definition for @Bean method edu.ncsu.csc.itrust2.config.SecurityConfig.failureHandler()
21:59:38.005 [main] DEBUG o.s.c.a.ConfigurationClassBeanDefinitionReader - Registering bean definition for @Bean method edu.ncsu.csc.itrust2.config.SecurityConfig.ipBlockFilter()
21:59:38.005 [main] DEBUG o.s.c.a.ConfigurationClassBeanDefinitionReader - Registered bean definition for imported class &apos;org.springframework.web.servlet.config.annotation.DelegatingWebMvcConfiguration&apos;
21:59:38.006 [main] DEBUG o.s.c.a.ConfigurationClassBeanDefinitionReader - Registering bean definition for @Bean method org.springframework.web.servlet.config.annotation.DelegatingWebMvcConfiguration.mvcConversionService()
21:59:38.006 [main] DEBUG o.s.c.a.ConfigurationClassBeanDefinitionReader - Registering bean definition for @Bean method org.springframework.web.servlet.config.annotation.DelegatingWebMvcConfiguration.requestMappingHandlerMapping()
21:59:38.006 [main] DEBUG o.s.c.a.ConfigurationClassBeanDefinitionReader - Registering bean definition for @Bean method org.springframework.web.servlet.config.annotation.DelegatingWebMvcConfiguration.mvcPathMatcher()
21:59:38.006 [main] DEBUG o.s.c.a.ConfigurationClassBeanDefinitionReader - Registering bean definition for @Bean method org.springframework.web.servlet.config.annotation.DelegatingWebMvcConfiguration.mvcUrlPathHelper()
21:59:38.006 [main] DEBUG o.s.c.a.ConfigurationClassBeanDefinitionReader - Registering bean definition for @Bean method org.springframework.web.servlet.config.annotation.DelegatingWebMvcConfiguration.mvcContentNegotiationManager()
21:59:38.006 [main] DEBUG o.s.c.a.ConfigurationClassBeanDefinitionReader - Registering bean definition for @Bean method org.springframework.web.servlet.config.annotation.DelegatingWebMvcConfiguration.viewControllerHandlerMapping()
21:59:38.006 [main] DEBUG o.s.c.a.ConfigurationClassBeanDefinitionReader - Registering bean definition for @Bean method org.springframework.web.servlet.config.annotation.DelegatingWebMvcConfiguration.beanNameHandlerMapping()
21:59:38.006 [main] DEBUG o.s.c.a.ConfigurationClassBeanDefinitionReader - Registering bean definition for @Bean method org.springframework.web.servlet.config.annotation.DelegatingWebMvcConfiguration.resourceHandlerMapping()
21:59:38.006 [main] DEBUG o.s.c.a.ConfigurationClassBeanDefinitionReader - Registering bean definition for @Bean method org.springframework.web.servlet.config.annotation.DelegatingWebMvcConfiguration.mvcResourceUrlProvider()
21:59:38.006 [main] DEBUG o.s.c.a.ConfigurationClassBeanDefinitionReader - Registering bean definition for @Bean method org.springframework.web.servlet.config.annotation.DelegatingWebMvcConfiguration.defaultServletHandlerMapping()
21:59:38.006 [main] DEBUG o.s.c.a.ConfigurationClassBeanDefinitionReader - Registering bean definition for @Bean method org.springframework.web.servlet.config.annotation.DelegatingWebMvcConfiguration.requestMappingHandlerAdapter()
21:59:38.006 [main] DEBUG o.s.c.a.ConfigurationClassBeanDefinitionReader - Registering bean definition for @Bean method org.springframework.web.servlet.config.annotation.DelegatingWebMvcConfiguration.mvcValidator()
21:59:38.006 [main] DEBUG o.s.c.a.ConfigurationClassBeanDefinitionReader - Registering bean definition for @Bean method org.springframework.web.servlet.config.annotation.DelegatingWebMvcConfiguration.mvcUriComponentsContributor()
21:59:38.007 [main] DEBUG o.s.c.a.ConfigurationClassBeanDefinitionReader - Registering bean definition for @Bean method org.springframework.web.servlet.config.annotation.DelegatingWebMvcConfiguration.httpRequestHandlerAdapter()
21:59:38.007 [main] DEBUG o.s.c.a.ConfigurationClassBeanDefinitionReader - Registering bean definition for @Bean method org.springframework.web.servlet.config.annotation.DelegatingWebMvcConfiguration.simpleControllerHandlerAdapter()
21:59:38.007 [main] DEBUG o.s.c.a.ConfigurationClassBeanDefinitionReader - Registering bean definition for @Bean method org.springframework.web.servlet.config.annotation.DelegatingWebMvcConfiguration.handlerExceptionResolver()
21:59:38.007 [main] DEBUG o.s.c.a.ConfigurationClassBeanDefinitionReader - Registering bean definition for @Bean method org.springframework.web.servlet.config.annotation.DelegatingWebMvcConfiguration.mvcViewResolver()
21:59:38.007 [main] DEBUG o.s.c.a.ConfigurationClassBeanDefinitionReader - Registered bean definition for imported class &apos;org.springframework.security.config.annotation.method.configuration.GlobalMethodSecurityConfiguration&apos;
21:59:38.007 [main] DEBUG o.s.c.a.ConfigurationClassBeanDefinitionReader - Registering bean definition for @Bean method org.springframework.security.config.annotation.method.configuration.GlobalMethodSecurityConfiguration.methodSecurityInterceptor()
21:59:38.007 [main] DEBUG o.s.c.a.ConfigurationClassBeanDefinitionReader - Registering bean definition for @Bean method org.springframework.security.config.annotation.method.configuration.GlobalMethodSecurityConfiguration.methodSecurityMetadataSource()
21:59:38.007 [main] DEBUG o.s.c.a.ConfigurationClassBeanDefinitionReader - Registering bean definition for @Bean method org.springframework.security.config.annotation.method.configuration.GlobalMethodSecurityConfiguration.preInvocationAuthorizationAdvice()
21:59:38.007 [main] DEBUG o.s.c.a.ConfigurationClassBeanDefinitionReader - Registering bean definition for @Bean method edu.ncsu.csc.itrust2.mvc.config.WebMvcConfiguration.viewResolver()
21:59:38.007 [main] DEBUG o.s.c.a.ConfigurationClassBeanDefinitionReader - Registering bean definition for @Bean method edu.ncsu.csc.itrust2.mvc.config.WebMvcConfiguration.templateEngine()
21:59:38.007 [main] DEBUG o.s.c.a.ConfigurationClassBeanDefinitionReader - Registering bean definition for @Bean method edu.ncsu.csc.itrust2.mvc.config.WebMvcConfiguration.domainClassConverter()
21:59:38.009 [main] DEBUG o.s.c.a.ConfigurationClassEnhancer - Successfully enhanced edu.ncsu.csc.itrust2.config.RootConfiguration; enhanced class name is: edu.ncsu.csc.itrust2.config.RootConfiguration$$EnhancerBySpringCGLIB$$c1d00685
21:59:38.009 [main] DEBUG o.s.c.a.ConfigurationClassPostProcessor - Replacing bean definition &apos;rootConfiguration&apos; existing class &apos;edu.ncsu.csc.itrust2.config.RootConfiguration&apos; with enhanced class &apos;edu.ncsu.csc.itrust2.config.RootConfiguration$$EnhancerBySpringCGLIB$$c1d00685&apos;
21:59:38.009 [main] DEBUG o.s.c.a.ConfigurationClassEnhancer - Successfully enhanced edu.ncsu.csc.itrust2.mvc.config.WebMvcConfiguration; enhanced class name is: edu.ncsu.csc.itrust2.mvc.config.WebMvcConfiguration$$EnhancerBySpringCGLIB$$de7b09d5
21:59:38.009 [main] DEBUG o.s.c.a.ConfigurationClassPostProcessor - Replacing bean definition &apos;webMvcConfiguration&apos; existing class &apos;edu.ncsu.csc.itrust2.mvc.config.WebMvcConfiguration&apos; with enhanced class &apos;edu.ncsu.csc.itrust2.mvc.config.WebMvcConfiguration$$EnhancerBySpringCGLIB$$de7b09d5&apos;
21:59:38.009 [main] DEBUG o.s.c.a.ConfigurationClassEnhancer - Successfully enhanced edu.ncsu.csc.itrust2.config.DataConfiguration; enhanced class name is: edu.ncsu.csc.itrust2.config.DataConfiguration$$EnhancerBySpringCGLIB$$60f4bbd
21:59:38.009 [main] DEBUG o.s.c.a.ConfigurationClassPostProcessor - Replacing bean definition &apos;dataConfiguration&apos; existing class &apos;edu.ncsu.csc.itrust2.config.DataConfiguration&apos; with enhanced class &apos;edu.ncsu.csc.itrust2.config.DataConfiguration$$EnhancerBySpringCGLIB$$60f4bbd&apos;
21:59:38.009 [main] DEBUG o.s.c.a.ConfigurationClassEnhancer - Successfully enhanced edu.ncsu.csc.itrust2.config.SecurityConfig; enhanced class name is: edu.ncsu.csc.itrust2.config.SecurityConfig$$EnhancerBySpringCGLIB$$f88fd361
21:59:38.009 [main] DEBUG o.s.c.a.ConfigurationClassPostProcessor - Replacing bean definition &apos;securityConfig&apos; existing class &apos;edu.ncsu.csc.itrust2.config.SecurityConfig&apos; with enhanced class &apos;edu.ncsu.csc.itrust2.config.SecurityConfig$$EnhancerBySpringCGLIB$$f88fd361&apos;
21:59:38.009 [main] DEBUG o.s.c.a.ConfigurationClassEnhancer - Successfully enhanced org.springframework.security.config.annotation.configuration.ObjectPostProcessorConfiguration; enhanced class name is: org.springframework.security.config.annotation.configuration.ObjectPostProcessorConfiguration$$EnhancerBySpringCGLIB$$6851d2d
21:59:38.009 [main] DEBUG o.s.c.a.ConfigurationClassPostProcessor - Replacing bean definition &apos;org.springframework.security.config.annotation.configuration.ObjectPostProcessorConfiguration&apos; existing class &apos;org.springframework.security.config.annotation.configuration.ObjectPostProcessorConfiguration&apos; with enhanced class &apos;org.springframework.security.config.annotation.configuration.ObjectPostProcessorConfiguration$$EnhancerBySpringCGLIB$$6851d2d&apos;
21:59:38.009 [main] DEBUG o.s.c.a.ConfigurationClassEnhancer - Successfully enhanced org.springframework.security.config.annotation.authentication.configuration.AuthenticationConfiguration; enhanced class name is: org.springframework.security.config.annotation.authentication.configuration.AuthenticationConfiguration$$EnhancerBySpringCGLIB$$524e27a2
21:59:38.009 [main] DEBUG o.s.c.a.ConfigurationClassPostProcessor - Replacing bean definition &apos;org.springframework.security.config.annotation.authentication.configuration.AuthenticationConfiguration&apos; existing class &apos;org.springframework.security.config.annotation.authentication.configuration.AuthenticationConfiguration&apos; with enhanced class &apos;org.springframework.security.config.annotation.authentication.configuration.AuthenticationConfiguration$$EnhancerBySpringCGLIB$$524e27a2&apos;
21:59:38.009 [main] DEBUG o.s.c.a.ConfigurationClassEnhancer - Successfully enhanced org.springframework.security.config.annotation.authentication.configuration.AuthenticationConfiguration; enhanced class name is: org.springframework.security.config.annotation.authentication.configuration.AuthenticationConfiguration$$EnhancerBySpringCGLIB$$524e27a2
21:59:38.009 [main] DEBUG o.s.c.a.ConfigurationClassPostProcessor - Replacing bean definition &apos;enableGlobalAuthenticationAutowiredConfigurer&apos; existing class &apos;org.springframework.security.config.annotation.authentication.configuration.AuthenticationConfiguration&apos; with enhanced class &apos;org.springframework.security.config.annotation.authentication.configuration.AuthenticationConfiguration$$EnhancerBySpringCGLIB$$524e27a2&apos;
21:59:38.009 [main] DEBUG o.s.c.a.ConfigurationClassEnhancer - Successfully enhanced org.springframework.security.config.annotation.authentication.configuration.AuthenticationConfiguration; enhanced class name is: org.springframework.security.config.annotation.authentication.configuration.AuthenticationConfiguration$$EnhancerBySpringCGLIB$$524e27a2
21:59:38.009 [main] DEBUG o.s.c.a.ConfigurationClassPostProcessor - Replacing bean definition &apos;initializeUserDetailsBeanManagerConfigurer&apos; existing class &apos;org.springframework.security.config.annotation.authentication.configuration.AuthenticationConfiguration&apos; with enhanced class &apos;org.springframework.security.config.annotation.authentication.configuration.AuthenticationConfiguration$$EnhancerBySpringCGLIB$$524e27a2&apos;
21:59:38.009 [main] DEBUG o.s.c.a.ConfigurationClassEnhancer - Successfully enhanced org.springframework.security.config.annotation.authentication.configuration.AuthenticationConfiguration; enhanced class name is: org.springframework.security.config.annotation.authentication.configuration.AuthenticationConfiguration$$EnhancerBySpringCGLIB$$524e27a2
21:59:38.010 [main] DEBUG o.s.c.a.ConfigurationClassPostProcessor - Replacing bean definition &apos;initializeAuthenticationProviderBeanManagerConfigurer&apos; existing class &apos;org.springframework.security.config.annotation.authentication.configuration.AuthenticationConfiguration&apos; with enhanced class &apos;org.springframework.security.config.annotation.authentication.configuration.AuthenticationConfiguration$$EnhancerBySpringCGLIB$$524e27a2&apos;
21:59:38.010 [main] DEBUG o.s.c.a.ConfigurationClassEnhancer - Successfully enhanced org.springframework.security.config.annotation.web.configuration.WebSecurityConfiguration; enhanced class name is: org.springframework.security.config.annotation.web.configuration.WebSecurityConfiguration$$EnhancerBySpringCGLIB$$150881e6
21:59:38.010 [main] DEBUG o.s.c.a.ConfigurationClassPostProcessor - Replacing bean definition &apos;org.springframework.security.config.annotation.web.configuration.WebSecurityConfiguration&apos; existing class &apos;org.springframework.security.config.annotation.web.configuration.WebSecurityConfiguration&apos; with enhanced class &apos;org.springframework.security.config.annotation.web.configuration.WebSecurityConfiguration$$EnhancerBySpringCGLIB$$150881e6&apos;
21:59:38.010 [main] DEBUG o.s.c.a.ConfigurationClassEnhancer - Successfully enhanced org.springframework.security.config.annotation.web.configuration.WebSecurityConfiguration; enhanced class name is: org.springframework.security.config.annotation.web.configuration.WebSecurityConfiguration$$EnhancerBySpringCGLIB$$150881e6
21:59:38.010 [main] DEBUG o.s.c.a.ConfigurationClassPostProcessor - Replacing bean definition &apos;delegatingApplicationListener&apos; existing class &apos;org.springframework.security.config.annotation.web.configuration.WebSecurityConfiguration&apos; with enhanced class &apos;org.springframework.security.config.annotation.web.configuration.WebSecurityConfiguration$$EnhancerBySpringCGLIB$$150881e6&apos;
21:59:38.010 [main] DEBUG o.s.c.a.ConfigurationClassEnhancer - Successfully enhanced org.springframework.web.servlet.config.annotation.DelegatingWebMvcConfiguration; enhanced class name is: org.springframework.web.servlet.config.annotation.DelegatingWebMvcConfiguration$$EnhancerBySpringCGLIB$$32983a29
21:59:38.010 [main] DEBUG o.s.c.a.ConfigurationClassPostProcessor - Replacing bean definition &apos;org.springframework.web.servlet.config.annotation.DelegatingWebMvcConfiguration&apos; existing class &apos;org.springframework.web.servlet.config.annotation.DelegatingWebMvcConfiguration&apos; with enhanced class &apos;org.springframework.web.servlet.config.annotation.DelegatingWebMvcConfiguration$$EnhancerBySpringCGLIB$$32983a29&apos;
21:59:38.010 [main] DEBUG o.s.c.a.ConfigurationClassEnhancer - Successfully enhanced org.springframework.security.config.annotation.method.configuration.GlobalMethod
...[truncated 195716 chars]...
su.csc.itrust2.controllers.patient.PatientController.viewDemographics(org.springframework.ui.Model)]] with attributes [[authorize: &apos;hasRole(&apos;ROLE_PATIENT&apos;)&apos;, filter: &apos;null&apos;, filterTarget: &apos;null&apos;]]
21:59:38.281 [main] DEBUG o.s.aop.framework.CglibAopProxy - Unable to apply any optimisations to advised method: public java.lang.String edu.ncsu.csc.itrust2.controllers.patient.PatientController.viewDemographics(org.springframework.ui.Model)
21:59:38.281 [main] DEBUG o.s.s.a.p.PrePostAnnotationSecurityMetadataSource - @org.springframework.security.access.prepost.PreAuthorize(value=hasRole(&apos;ROLE_PATIENT&apos;)) found on specific method: public java.lang.String edu.ncsu.csc.itrust2.controllers.patient.PatientController.demographicsSubmit(edu.ncsu.csc.itrust2.forms.hcp_patient.PatientForm,org.springframework.validation.BindingResult,org.springframework.ui.Model)
21:59:38.281 [main] DEBUG o.s.s.a.m.DelegatingMethodSecurityMetadataSource - Caching method [CacheKey[edu.ncsu.csc.itrust2.controllers.patient.PatientController; public java.lang.String edu.ncsu.csc.itrust2.controllers.patient.PatientController.demographicsSubmit(edu.ncsu.csc.itrust2.forms.hcp_patient.PatientForm,org.springframework.validation.BindingResult,org.springframework.ui.Model)]] with attributes [[authorize: &apos;hasRole(&apos;ROLE_PATIENT&apos;)&apos;, filter: &apos;null&apos;, filterTarget: &apos;null&apos;]]
21:59:38.281 [main] DEBUG o.s.aop.framework.CglibAopProxy - Unable to apply any optimisations to advised method: public java.lang.String edu.ncsu.csc.itrust2.controllers.patient.PatientController.demographicsSubmit(edu.ncsu.csc.itrust2.forms.hcp_patient.PatientForm,org.springframework.validation.BindingResult,org.springframework.ui.Model)
21:59:38.281 [main] DEBUG o.s.s.a.p.PrePostAnnotationSecurityMetadataSource - @org.springframework.security.access.prepost.PreAuthorize(value=hasRole(&apos;ROLE_PATIENT&apos;)) found on specific method: public java.lang.String edu.ncsu.csc.itrust2.controllers.patient.PatientController.index(org.springframework.ui.Model)
21:59:38.281 [main] DEBUG o.s.s.a.m.DelegatingMethodSecurityMetadataSource - Caching method [CacheKey[edu.ncsu.csc.itrust2.controllers.patient.PatientController; public java.lang.String edu.ncsu.csc.itrust2.controllers.patient.PatientController.index(org.springframework.ui.Model)]] with attributes [[authorize: &apos;hasRole(&apos;ROLE_PATIENT&apos;)&apos;, filter: &apos;null&apos;, filterTarget: &apos;null&apos;]]
21:59:38.281 [main] DEBUG o.s.aop.framework.CglibAopProxy - Unable to apply any optimisations to advised method: public java.lang.String edu.ncsu.csc.itrust2.controllers.patient.PatientController.index(org.springframework.ui.Model)
21:59:38.281 [main] DEBUG o.s.aop.framework.CglibAopProxy - Found &apos;equals&apos; method: public boolean java.lang.Object.equals(java.lang.Object)
21:59:38.281 [main] DEBUG o.s.aop.framework.CglibAopProxy - Unable to apply any optimisations to advised method: public java.lang.String java.lang.Object.toString()
21:59:38.281 [main] DEBUG o.s.aop.framework.CglibAopProxy - Found &apos;hashCode&apos; method: public native int java.lang.Object.hashCode()
21:59:38.281 [main] DEBUG o.s.aop.framework.CglibAopProxy - Unable to apply any optimisations to advised method: protected native java.lang.Object java.lang.Object.clone() throws java.lang.CloneNotSupportedException
21:59:38.281 [main] DEBUG o.s.aop.framework.CglibAopProxy - Method is declared on Advised interface: public abstract void org.springframework.aop.framework.Advised.setTargetSource(org.springframework.aop.TargetSource)
21:59:38.281 [main] DEBUG o.s.aop.framework.CglibAopProxy - Method is declared on Advised interface: public abstract org.springframework.aop.TargetSource org.springframework.aop.framework.Advised.getTargetSource()
21:59:38.281 [main] DEBUG o.s.aop.framework.CglibAopProxy - Method is declared on Advised interface: public abstract boolean org.springframework.aop.framework.Advised.isProxyTargetClass()
21:59:38.281 [main] DEBUG o.s.aop.framework.CglibAopProxy - Method is declared on Advised interface: public abstract void org.springframework.aop.framework.Advised.addAdvisor(org.springframework.aop.Advisor) throws org.springframework.aop.framework.AopConfigException
21:59:38.281 [main] DEBUG o.s.aop.framework.CglibAopProxy - Method is declared on Advised interface: public abstract void org.springframework.aop.framework.Advised.addAdvisor(int,org.springframework.aop.Advisor) throws org.springframework.aop.framework.AopConfigException
21:59:38.281 [main] DEBUG o.s.aop.framework.CglibAopProxy - Method is declared on Advised interface: public abstract void org.springframework.aop.framework.Advised.setPreFiltered(boolean)
21:59:38.281 [main] DEBUG o.s.aop.framework.CglibAopProxy - Method is declared on Advised interface: public abstract void org.springframework.aop.framework.Advised.setExposeProxy(boolean)
21:59:38.281 [main] DEBUG o.s.aop.framework.CglibAopProxy - Method is declared on Advised interface: public abstract boolean org.springframework.aop.framework.Advised.isExposeProxy()
21:59:38.281 [main] DEBUG o.s.aop.framework.CglibAopProxy - Method is declared on Advised interface: public abstract boolean org.springframework.aop.framework.Advised.isPreFiltered()
21:59:38.282 [main] DEBUG o.s.aop.framework.CglibAopProxy - Method is declared on Advised interface: public abstract java.lang.Class[] org.springframework.aop.framework.Advised.getProxiedInterfaces()
21:59:38.282 [main] DEBUG o.s.aop.framework.CglibAopProxy - Method is declared on Advised interface: public abstract boolean org.springframework.aop.framework.Advised.isInterfaceProxied(java.lang.Class)
21:59:38.282 [main] DEBUG o.s.aop.framework.CglibAopProxy - Method is declared on Advised interface: public abstract org.springframework.aop.Advisor[] org.springframework.aop.framework.Advised.getAdvisors()
21:59:38.282 [main] DEBUG o.s.aop.framework.CglibAopProxy - Method is declared on Advised interface: public abstract void org.springframework.aop.framework.Advised.removeAdvisor(int) throws org.springframework.aop.framework.AopConfigException
21:59:38.282 [main] DEBUG o.s.aop.framework.CglibAopProxy - Method is declared on Advised interface: public abstract boolean org.springframework.aop.framework.Advised.removeAdvisor(org.springframework.aop.Advisor)
21:59:38.282 [main] DEBUG o.s.aop.framework.CglibAopProxy - Method is declared on Advised interface: public abstract boolean org.springframework.aop.framework.Advised.replaceAdvisor(org.springframework.aop.Advisor,org.springframework.aop.Advisor) throws org.springframework.aop.framework.AopConfigException
21:59:38.282 [main] DEBUG o.s.aop.framework.CglibAopProxy - Method is declared on Advised interface: public abstract boolean org.springframework.aop.framework.Advised.removeAdvice(org.aopalliance.aop.Advice)
21:59:38.282 [main] DEBUG o.s.aop.framework.CglibAopProxy - Method is declared on Advised interface: public abstract java.lang.String org.springframework.aop.framework.Advised.toProxyConfigString()
21:59:38.282 [main] DEBUG o.s.aop.framework.CglibAopProxy - Method is declared on Advised interface: public abstract void org.springframework.aop.framework.Advised.addAdvice(int,org.aopalliance.aop.Advice) throws org.springframework.aop.framework.AopConfigException
21:59:38.282 [main] DEBUG o.s.aop.framework.CglibAopProxy - Method is declared on Advised interface: public abstract void org.springframework.aop.framework.Advised.addAdvice(org.aopalliance.aop.Advice) throws org.springframework.aop.framework.AopConfigException
21:59:38.282 [main] DEBUG o.s.aop.framework.CglibAopProxy - Method is declared on Advised interface: public abstract int org.springframework.aop.framework.Advised.indexOf(org.aopalliance.aop.Advice)
21:59:38.282 [main] DEBUG o.s.aop.framework.CglibAopProxy - Method is declared on Advised interface: public abstract int org.springframework.aop.framework.Advised.indexOf(org.springframework.aop.Advisor)
21:59:38.282 [main] DEBUG o.s.aop.framework.CglibAopProxy - Method is declared on Advised interface: public abstract boolean org.springframework.aop.framework.Advised.isFrozen()
21:59:38.282 [main] DEBUG o.s.aop.framework.CglibAopProxy - Method is declared on Advised interface: public abstract java.lang.Class org.springframework.aop.TargetClassAware.getTargetClass()
21:59:38.286 [main] DEBUG o.s.b.f.s.DefaultListableBeanFactory - Finished creating instance of bean &apos;patientController&apos;
21:59:38.286 [main] DEBUG o.s.b.f.s.DefaultListableBeanFactory - Creating shared instance of singleton bean &apos;passwordController&apos;
21:59:38.286 [main] DEBUG o.s.b.f.s.DefaultListableBeanFactory - Creating instance of bean &apos;passwordController&apos;
21:59:38.286 [main] DEBUG o.s.b.f.s.DefaultListableBeanFactory - Eagerly caching bean &apos;passwordController&apos; to allow for resolving potential circular references
21:59:38.287 [main] DEBUG o.s.b.f.s.DefaultListableBeanFactory - Returning cached instance of singleton bean &apos;metaDataSourceAdvisor&apos;
21:59:38.287 [main] DEBUG o.s.b.f.s.DefaultListableBeanFactory - Finished creating instance of bean &apos;passwordController&apos;
21:59:38.287 [main] DEBUG o.s.b.f.s.DefaultListableBeanFactory - Creating shared instance of singleton bean &apos;userController&apos;
21:59:38.287 [main] DEBUG o.s.b.f.s.DefaultListableBeanFactory - Creating instance of bean &apos;userController&apos;
21:59:38.287 [main] DEBUG o.s.b.f.s.DefaultListableBeanFactory - Eagerly caching bean &apos;userController&apos; to allow for resolving potential circular references
21:59:38.287 [main] DEBUG o.s.b.f.s.DefaultListableBeanFactory - Returning cached instance of singleton bean &apos;metaDataSourceAdvisor&apos;
21:59:38.287 [main] DEBUG o.s.s.a.p.PrePostAnnotationSecurityMetadataSource - @org.springframework.security.access.prepost.PreAuthorize(value=hasRole(&apos;ROLE_HCP&apos;) or hasRole(&apos;ROLE_ADMIN&apos;)) found on specific method: public java.lang.String edu.ncsu.csc.itrust2.controllers.personnel.UserController.viewDemographics(org.springframework.ui.Model)
21:59:38.287 [main] DEBUG o.s.s.a.m.DelegatingMethodSecurityMetadataSource - Caching method [CacheKey[edu.ncsu.csc.itrust2.controllers.personnel.UserController; public java.lang.String edu.ncsu.csc.itrust2.controllers.personnel.UserController.viewDemographics(org.springframework.ui.Model)]] with attributes [[authorize: &apos;hasRole(&apos;ROLE_HCP&apos;) or hasRole(&apos;ROLE_ADMIN&apos;)&apos;, filter: &apos;null&apos;, filterTarget: &apos;null&apos;]]
21:59:38.287 [main] DEBUG o.s.a.f.a.InfrastructureAdvisorAutoProxyCreator - Creating implicit proxy for bean &apos;userController&apos; with 0 common interceptors and 1 specific interceptors
21:59:38.287 [main] DEBUG o.s.aop.framework.CglibAopProxy - Creating CGLIB proxy: target source is SingletonTargetSource for target object [edu.ncsu.csc.itrust2.controllers.personnel.UserController@5f3912a6]
21:59:38.287 [main] DEBUG o.s.aop.framework.CglibAopProxy - Unable to apply any optimisations to advised method: public java.lang.String edu.ncsu.csc.itrust2.controllers.personnel.UserController.viewDemographics(org.springframework.ui.Model)
21:59:38.287 [main] DEBUG o.s.s.a.p.PrePostAnnotationSecurityMetadataSource - @org.springframework.security.access.prepost.PreAuthorize(value=hasRole(&apos;ROLE_HCP&apos;) or hasRole(&apos;ROLE_ADMIN&apos;)) found on specific method: public java.lang.String edu.ncsu.csc.itrust2.controllers.personnel.UserController.demographicsSubmit(edu.ncsu.csc.itrust2.forms.personnel.PersonnelForm,org.springframework.validation.BindingResult,org.springframework.ui.Model)
21:59:38.288 [main] DEBUG o.s.s.a.m.DelegatingMethodSecurityMetadataSource - Caching method [CacheKey[edu.ncsu.csc.itrust2.controllers.personnel.UserController; public java.lang.String edu.ncsu.csc.itrust2.controllers.personnel.UserController.demographicsSubmit(edu.ncsu.csc.itrust2.forms.personnel.PersonnelForm,org.springframework.validation.BindingResult,org.springframework.ui.Model)]] with attributes [[authorize: &apos;hasRole(&apos;ROLE_HCP&apos;) or hasRole(&apos;ROLE_ADMIN&apos;)&apos;, filter: &apos;null&apos;, filterTarget: &apos;null&apos;]]
21:59:38.288 [main] DEBUG o.s.aop.framework.CglibAopProxy - Unable to apply any optimisations to advised method: public java.lang.String edu.ncsu.csc.itrust2.controllers.personnel.UserController.demographicsSubmit(edu.ncsu.csc.itrust2.forms.personnel.PersonnelForm,org.springframework.validation.BindingResult,org.springframework.ui.Model)
21:59:38.288 [main] DEBUG o.s.aop.framework.CglibAopProxy - Found &apos;equals&apos; method: public boolean java.lang.Object.equals(java.lang.Object)
21:59:38.288 [main] DEBUG o.s.aop.framework.CglibAopProxy - Unable to apply any optimisations to advised method: public java.lang.String java.lang.Object.toString()
21:59:38.288 [main] DEBUG o.s.aop.framework.CglibAopProxy - Found &apos;hashCode&apos; method: public native int java.lang.Object.hashCode()
21:59:38.288 [main] DEBUG o.s.aop.framework.CglibAopProxy - Unable to apply any optimisations to advised method: protected native java.lang.Object java.lang.Object.clone() throws java.lang.CloneNotSupportedException
21:59:38.288 [main] DEBUG o.s.aop.framework.CglibAopProxy - Method is declared on Advised interface: public abstract void org.springframework.aop.framework.Advised.setTargetSource(org.springframework.aop.TargetSource)
21:59:38.288 [main] DEBUG o.s.aop.framework.CglibAopProxy - Method is declared on Advised interface: public abstract org.springframework.aop.TargetSource org.springframework.aop.framework.Advised.getTargetSource()
21:59:38.288 [main] DEBUG o.s.aop.framework.CglibAopProxy - Method is declared on Advised interface: public abstract boolean org.springframework.aop.framework.Advised.isProxyTargetClass()
21:59:38.288 [main] DEBUG o.s.aop.framework.CglibAopProxy - Method is declared on Advised interface: public abstract void org.springframework.aop.framework.Advised.addAdvisor(org.springframework.aop.Advisor) throws org.springframework.aop.framework.AopConfigException
21:59:38.288 [main] DEBUG o.s.aop.framework.CglibAopProxy - Method is declared on Advised interface: public abstract void org.springframework.aop.framework.Advised.addAdvisor(int,org.springframework.aop.Advisor) throws org.springframework.aop.framework.AopConfigException
21:59:38.288 [main] DEBUG o.s.aop.framework.CglibAopProxy - Method is declared on Advised interface: public abstract void org.springframework.aop.framework.Advised.setPreFiltered(boolean)
21:59:38.288 [main] DEBUG o.s.aop.framework.CglibAopProxy - Method is declared on Advised interface: public abstract void org.springframework.aop.framework.Advised.setExposeProxy(boolean)
21:59:38.288 [main] DEBUG o.s.aop.framework.CglibAopProxy - Method is declared on Advised interface: public abstract boolean org.springframework.aop.framework.Advised.isExposeProxy()
21:59:38.288 [main] DEBUG o.s.aop.framework.CglibAopProxy - Method is declared on Advised interface: public abstract boolean org.springframework.aop.framework.Advised.isPreFiltered()
21:59:38.288 [main] DEBUG o.s.aop.framework.CglibAopProxy - Method is declared on Advised interface: public abstract java.lang.Class[] org.springframework.aop.framework.Advised.getProxiedInterfaces()
21:59:38.288 [main] DEBUG o.s.aop.framework.CglibAopProxy - Method is declared on Advised interface: public abstract boolean org.springframework.aop.framework.Advised.isInterfaceProxied(java.lang.Class)
21:59:38.288 [main] DEBUG o.s.aop.framework.CglibAopProxy - Method is declared on Advised interface: public abstract org.springframework.aop.Advisor[] org.springframework.aop.framework.Advised.getAdvisors()
21:59:38.288 [main] DEBUG o.s.aop.framework.CglibAopProxy - Method is declared on Advised interface: public abstract void org.springframework.aop.framework.Advised.removeAdvisor(int) throws org.springframework.aop.framework.AopConfigException
21:59:38.288 [main] DEBUG o.s.aop.framework.CglibAopProxy - Method is declared on Advised interface: public abstract boolean org.springframework.aop.framework.Advised.removeAdvisor(org.springframework.aop.Advisor)
21:59:38.288 [main] DEBUG o.s.aop.framework.CglibAopProxy - Method is declared on Advised interface: public abstract boolean org.springframework.aop.framework.Advised.replaceAdvisor(org.springframework.aop.Advisor,org.springframework.aop.Advisor) throws org.springframework.aop.framework.AopConfigException
21:59:38.288 [main] DEBUG o.s.aop.framework.CglibAopProxy - Method is declared on Advised interface: public abstract boolean org.springframework.aop.framework.Advised.removeAdvice(org.aopalliance.aop.Advice)
21:59:38.288 [main] DEBUG o.s.aop.framework.CglibAopProxy - Method is declared on Advised interface: public abstract java.lang.String org.springframework.aop.framework.Advised.toProxyConfigString()
21:59:38.288 [main] DEBUG o.s.aop.framework.CglibAopProxy - Method is declared on Advised interface: public abstract void org.springframework.aop.framework.Advised.addAdvice(int,org.aopalliance.aop.Advice) throws org.springframework.aop.framework.AopConfigException
21:59:38.288 [main] DEBUG o.s.aop.framework.CglibAopProxy - Method is declared on Advised interface: public abstract void org.springframework.aop.framework.Advised.addAdvice(org.aopalliance.aop.Advice) throws org.springframework.aop.framework.AopConfigException
21:59:38.288 [main] DEBUG o.s.aop.framework.CglibAopProxy - Method is declared on Advised interface: public abstract int org.springframework.aop.framework.Advised.indexOf(org.aopalliance.aop.Advice)
21:59:38.288 [main] DEBUG o.s.aop.framework.CglibAopProxy - Method is declared on Advised interface: public abstract int org.springframework.aop.framework.Advised.indexOf(org.springframework.aop.Advisor)
21:59:38.288 [main] DEBUG o.s.aop.framework.CglibAopProxy - Method is declared on Advised interface: public abstract boolean org.springframework.aop.framework.Advised.isFrozen()
21:59:38.288 [main] DEBUG o.s.aop.framework.CglibAopProxy - Method is declared on Advised interface: public abstract java.lang.Class org.springframework.aop.TargetClassAware.getTargetClass()
21:59:38.292 [main] DEBUG o.s.b.f.s.DefaultListableBeanFactory - Finished creating instance of bean &apos;userController&apos;
21:59:38.292 [main] DEBUG o.s.b.f.s.DefaultListableBeanFactory - Returning cached instance of singleton bean &apos;dataSource&apos;
21:59:38.292 [main] DEBUG o.s.b.f.s.DefaultListableBeanFactory - Returning cached instance of singleton bean &apos;org.springframework.security.config.annotation.configuration.ObjectPostProcessorConfiguration&apos;
21:59:38.292 [main] DEBUG o.s.b.f.s.DefaultListableBeanFactory - Returning cached instance of singleton bean &apos;objectPostProcessor&apos;
21:59:38.292 [main] DEBUG o.s.b.f.s.DefaultListableBeanFactory - Returning cached instance of singleton bean &apos;org.springframework.security.config.annotation.authentication.configuration.AuthenticationConfiguration&apos;
21:59:38.292 [main] DEBUG o.s.b.f.s.DefaultListableBeanFactory - Returning cached instance of singleton bean &apos;authenticationManagerBuilder&apos;
21:59:38.292 [main] DEBUG o.s.b.f.s.DefaultListableBeanFactory - Returning cached instance of singleton bean &apos;enableGlobalAuthenticationAutowiredConfigurer&apos;
21:59:38.292 [main] DEBUG o.s.b.f.s.DefaultListableBeanFactory - Returning cached instance of singleton bean &apos;initializeUserDetailsBeanManagerConfigurer&apos;
21:59:38.292 [main] DEBUG o.s.b.f.s.DefaultListableBeanFactory - Returning cached instance of singleton bean &apos;initializeAuthenticationProviderBeanManagerConfigurer&apos;
21:59:38.292 [main] DEBUG o.s.b.f.s.DefaultListableBeanFactory - Creating shared instance of singleton bean &apos;org.springframework.security.config.annotation.web.configuration.WebSecurityConfiguration&apos;
21:59:38.292 [main] DEBUG o.s.b.f.s.DefaultListableBeanFactory - Creating instance of bean &apos;org.springframework.security.config.annotation.web.configuration.WebSecurityConfiguration&apos;
21:59:38.294 [main] DEBUG o.s.b.f.annotation.InjectionMetadata - Registered injected element on class [org.springframework.security.config.annotation.web.configuration.WebSecurityConfiguration$$EnhancerBySpringCGLIB$$150881e6]: AutowiredFieldElement for private org.springframework.security.config.annotation.ObjectPostProcessor org.springframework.security.config.annotation.web.configuration.WebSecurityConfiguration.objectObjectPostProcessor
21:59:38.294 [main] DEBUG o.s.b.f.annotation.InjectionMetadata - Registered injected element on class [org.springframework.security.config.annotation.web.configuration.WebSecurityConfiguration$$EnhancerBySpringCGLIB$$150881e6]: AutowiredMethodElement for public void org.springframework.security.config.annotation.web.configuration.WebSecurityConfiguration.setFilterChainProxySecurityConfigurer(org.springframework.security.config.annotation.ObjectPostProcessor,java.util.List) throws java.lang.Exception
21:59:38.294 [main] DEBUG o.s.b.f.s.DefaultListableBeanFactory - Eagerly caching bean &apos;org.springframework.security.config.annotation.web.configuration.WebSecurityConfiguration&apos; to allow for resolving potential circular references
21:59:38.294 [main] DEBUG o.s.b.f.annotation.InjectionMetadata - Processing injected element of bean &apos;org.springframework.security.config.annotation.web.configuration.WebSecurityConfiguration&apos;: AutowiredFieldElement for private org.springframework.security.config.annotation.ObjectPostProcessor org.springframework.security.config.annotation.web.configuration.WebSecurityConfiguration.objectObjectPostProcessor
21:59:38.294 [main] DEBUG o.s.b.f.s.DefaultListableBeanFactory - Returning cached instance of singleton bean &apos;objectPostProcessor&apos;
21:59:38.294 [main] DEBUG o.s.b.f.a.AutowiredAnnotationBeanPostProcessor - Autowiring by type from bean name &apos;org.springframework.security.config.annotation.web.configuration.WebSecurityConfiguration&apos; to bean named &apos;objectPostProcessor&apos;
21:59:38.294 [main] DEBUG o.s.b.f.annotation.InjectionMetadata - Processing injected element of bean &apos;org.springframework.security.config.annotation.web.configuration.WebSecurityConfiguration&apos;: AutowiredMethodElement for public void org.springframework.security.config.annotation.web.configuration.WebSecurityConfiguration.setFilterChainProxySecurityConfigurer(org.springframework.security.config.annotation.ObjectPostProcessor,java.util.List) throws java.lang.Exception
21:59:38.295 [main] DEBUG o.s.b.f.s.DefaultListableBeanFactory - Returning cached instance of singleton bean &apos;objectPostProcessor&apos;
21:59:38.295 [main] DEBUG o.s.b.f.s.DefaultListableBeanFactory - Creating shared instance of singleton bean &apos;autowiredWebSecurityConfigurersIgnoreParents&apos;
21:59:38.295 [main] DEBUG o.s.b.f.s.DefaultListableBeanFactory - Creating instance of bean &apos;autowiredWebSecurityConfigurersIgnoreParents&apos;
21:59:38.295 [main] DEBUG o.s.b.f.s.DefaultListableBeanFactory - Returning cached instance of singleton bean &apos;metaDataSourceAdvisor&apos;
21:59:38.296 [main] DEBUG o.s.b.f.s.DefaultListableBeanFactory - Returning eagerly cached instance of singleton bean &apos;org.springframework.security.config.annotation.web.configuration.WebSecurityConfiguration&apos; that is not fully initialized yet - a consequence of a circular reference
21:59:38.297 [main] DEBUG o.s.b.f.s.DefaultListableBeanFactory - Autowiring by type from bean name &apos;autowiredWebSecurityConfigurersIgnoreParents&apos; via factory method to bean named &apos;org.springframework.beans.factory.support.DefaultListableBeanFactory@7a52b6e6&apos;
21:59:38.297 [main] DEBUG o.s.b.f.s.DefaultListableBeanFactory - Eagerly caching bean &apos;autowiredWebSecurityConfigurersIgnoreParents&apos; to allow for resolving potential circular references
21:59:38.297 [main] DEBUG o.s.b.f.s.DefaultListableBeanFactory - Returning cached instance of singleton bean &apos;metaDataSourceAdvisor&apos;
21:59:38.297 [main] DEBUG o.s.b.f.s.DefaultListableBeanFactory - Finished creating instance of bean &apos;autowiredWebSecurityConfigurersIgnoreParents&apos;
21:59:38.298 [main] DEBUG o.s.b.f.s.DefaultListableBeanFactory - Returning cached instance of singleton bean &apos;securityConfig&apos;
21:59:38.298 [main] DEBUG o.s.b.f.a.AutowiredAnnotationBeanPostProcessor - Autowiring by type from bean name &apos;org.springframework.security.config.annotation.web.configuration.WebSecurityConfiguration&apos; to bean named &apos;objectPostProcessor&apos;
21:59:38.298 [main] DEBUG o.s.b.f.s.DefaultListableBeanFactory - Returning cached instance of singleton bean &apos;metaDataSourceAdvisor&apos;
21:59:38.301 [main] DEBUG o.s.b.f.s.DefaultListableBeanFactory - Returning cached instance of singleton bean &apos;org.springframework.context.annotation.ConfigurationClassPostProcessor.importRegistry&apos;
21:59:38.302 [main] DEBUG o.s.b.f.s.DefaultListableBeanFactory - Finished creating instance of bean &apos;org.springframework.security.config.annotation.web.configuration.WebSecurityConfiguration&apos;
21:59:38.302 [main] DEBUG o.s.b.f.s.DefaultListableBeanFactory - Creating shared instance of singleton bean &apos;delegatingApplicationListener&apos;
21:59:38.302 [main] DEBUG o.s.b.f.s.DefaultListableBeanFactory - Creating instance of bean &apos;delegatingApplicationListener&apos;
21:59:38.302 [main] DEBUG o.s.b.f.s.DefaultListableBeanFactory - Eagerly caching bean &apos;delegatingApplicationListener&apos; to allow for resolving potential circular references
21:59:38.302 [main] DEBUG o.s.b.f.s.DefaultListableBeanFactory - Returning cached instance of singleton bean &apos;metaDataSourceAdvisor&apos;
21:59:38.302 [main] DEBUG o.s.b.f.s.DefaultListableBeanFactory - Finished creating instance of bean &apos;delegatingApplicationListener&apos;
21:59:38.302 [main] DEBUG o.s.b.f.s.DefaultListableBeanFactory - Creating shared instance of singleton bean &apos;springSecurityFilterChain&apos;
21:59:38.302 [main] DEBUG o.s.b.f.s.DefaultListableBeanFactory - Creating instance of bean &apos;springSecurityFilterChain&apos;
21:59:38.302 [main] DEBUG o.s.b.f.s.DefaultListableBeanFactory - Returning cached instance of singleton bean &apos;org.springframework.security.config.annotation.web.configuration.WebSecurityConfiguration&apos;
21:59:38.302 [main] DEBUG o.s.b.f.s.DefaultListableBeanFactory - Returning cached instance of singleton bean &apos;metaDataSourceAdvisor&apos;
21:59:38.303 [main] DEBUG o.s.b.f.s.DefaultListableBeanFactory - Returning cached instance of singleton bean &apos;webMvcConfiguration&apos;
21:59:38.303 [main] DEBUG o.s.b.f.s.DefaultListableBeanFactory - Returning cached instance of singleton bean &apos;securityConfig&apos;
21:59:38.303 [main] DEBUG o.s.s.c.a.a.c.AuthenticationConfiguration$EnableGlobalAuthenticationAutowiredConfigurer - Eagerly initializing {webMvcConfiguration=edu.ncsu.csc.itrust2.mvc.config.WebMvcConfiguration$$EnhancerBySpringCGLIB$$de7b09d5@2eeed8d4, securityConfig=edu.ncsu.csc.itrust2.config.SecurityConfig$$EnhancerBySpringCGLIB$$f88fd361@5b74754a}
21:59:38.303 [main] DEBUG o.s.b.f.s.DefaultListableBeanFactory - Invoking afterPropertiesSet() on bean with name &apos;org.springframework.security.authentication.dao.DaoAuthenticationProvider@5c74d87d&apos;
21:59:38.303 [main] DEBUG o.s.b.f.s.DefaultListableBeanFactory - Returning cached instance of singleton bean &apos;metaDataSourceAdvisor&apos;
21:59:38.305 [main] DEBUG o.s.b.f.s.DefaultListableBeanFactory - Invoking afterPropertiesSet() on bean with name &apos;org.springframework.security.authentication.ProviderManager@6671782f&apos;
21:59:38.305 [main] DEBUG o.s.b.f.s.DefaultListableBeanFactory - Returning cached instance of singleton bean &apos;metaDataSourceAdvisor&apos;
21:59:38.306 [main] DEBUG o.s.b.f.s.DefaultListableBeanFactory - Returning cached instance of singleton bean &apos;authenticationManagerBuilder&apos;
21:59:38.307 [main] DEBUG o.s.w.c.s.StandardServletEnvironment - Adding [servletConfigInitParams] PropertySource with lowest search precedence
21:59:38.307 [main] DEBUG o.s.w.c.s.StandardServletEnvironment - Adding [servletContextInitParams] PropertySource with lowest search precedence
21:59:38.307 [main] DEBUG o.s.w.c.s.StandardServletEnvironment - Adding [systemProperties] PropertySource with lowest search precedence
21:59:38.307 [main] DEBUG o.s.w.c.s.StandardServletEnvironment - Adding [systemEnvironment] PropertySource with lowest search precedence
21:59:38.307 [main] DEBUG o.s.w.c.s.StandardServletEnvironment - Initialized StandardServletEnvironment with PropertySources [servletConfigInitParams,servletContextInitParams,systemProperties,systemEnvironment]
21:59:38.307 [main] DEBUG o.s.w.c.s.StandardServletEnvironment - Adding [servletConfigInitParams] PropertySource with lowest search precedence
21:59:38.307 [main] DEBUG o.s.w.c.s.StandardServletEnvironment - Adding [servletContextInitParams] PropertySource with lowest search precedence
21:59:38.307 [main] DEBUG o.s.w.c.s.StandardServletEnvironment - Adding [systemProperties] PropertySource with lowest search precedence
21:59:38.307 [main] DEBUG o.s.w.c.s.StandardServletEnvironment - Adding [systemEnvironment] PropertySource with lowest search precedence
21:59:38.307 [main] DEBUG o.s.w.c.s.StandardServletEnvironment - Initialized StandardServletEnvironment with PropertySources [servletConfigInitParams,servletContextInitParams,systemProperties,systemEnvironment]
21:59:38.307 [main] DEBUG o.s.w.c.s.StandardServletEnvironment - Adding [servletConfigInitParams] PropertySource with lowest search precedence
21:59:38.307 [main] DEBUG o.s.w.c.s.StandardServletEnvironment - Adding [servletContextInitParams] PropertySource with lowest search precedence
21:59:38.307 [main] DEBUG o.s.w.c.s.StandardServletEnvironment - Adding [systemProperties] PropertySource with lowest search precedence
21:59:38.307 [main] DEBUG o.s.w.c.s.StandardServletEnvironment - Adding [systemEnvironment] PropertySource with lowest search precedence
21:59:38.307 [main] DEBUG o.s.w.c.s.StandardServletEnvironment - Initialized StandardServletEnvironment with PropertySources [servletConfigInitParams,servletContextInitParams,systemProperties,systemEnvironment]
21:59:38.308 [main] DEBUG o.s.b.f.s.DefaultListableBeanFactory - Creating shared instance of singleton bean &apos;ipBlockFilter&apos;
21:59:38.308 [main] DEBUG o.s.b.f.s.DefaultListableBeanFactory - Creating instance of bean &apos;ipBlockFilter&apos;
21:59:38.308 [main] DEBUG o.s.b.f.s.DefaultListableBeanFactory - Returning cached instance of singleton bean &apos;securityConfig&apos;
21:59:38.308 [main] DEBUG o.s.w.c.s.StandardServletEnvironment - Adding [servletConfigInitParams] PropertySource with lowest search precedence
21:59:38.308 [main] DEBUG o.s.w.c.s.StandardServletEnvironment - Adding [servletContextInitParams] PropertySource with lowest search precedence
21:59:38.308 [main] DEBUG o.s.w.c.s.StandardServletEnvironment - Adding [systemProperties] PropertySource with lowest search precedence
21:59:38.308 [main] DEBUG o.s.w.c.s.StandardServletEnvironment - Adding [systemEnvironment] PropertySource with lowest search precedence
21:59:38.308 [main] DEBUG o.s.w.c.s.StandardServletEnvironment - Initialized StandardServletEnvironment with PropertySources [servletConfigInitParams,servletContextInitParams,systemProperties,systemEnvironment]
21:59:38.308 [main] DEBUG o.s.b.f.s.DefaultListableBeanFactory - Eagerly caching bean &apos;ipBlockFilter&apos; to allow for resolving potential circular references
21:59:38.310 [main] DEBUG o.s.b.f.s.DefaultListableBeanFactory - Invoking afterPropertiesSet() on bean with name &apos;ipBlockFilter&apos;
21:59:38.310 [main] DEBUG o.s.b.f.s.DefaultListableBeanFactory - Returning cached instance of singleton bean &apos;metaDataSourceAdvisor&apos;
21:59:38.311 [main] DEBUG o.s.b.f.s.DefaultListableBeanFactory - Finished creating instance of bean &apos;ipBlockFilter&apos;
21:59:38.311 [main] DEBUG o.s.w.c.s.StandardServletEnvironment - Adding [servletConfigInitParams] PropertySource with lowest search precedence
21:59:38.311 [main] DEBUG o.s.w.c.s.StandardServletEnvironment - Adding [servletContextInitParams] PropertySource with lowest search precedence
21:59:38.311 [main] DEBUG o.s.w.c.s.StandardServletEnvironment - Adding [systemProperties] PropertySource with lowest search precedence
21:59:38.311 [main] DEBUG o.s.w.c.s.StandardServletEnvironment - Adding [systemEnvironment] PropertySource with lowest search precedence
21:59:38.311 [main] DEBUG o.s.w.c.s.StandardServletEnvironment - Initialized StandardServletEnvironment with PropertySources [servletConfigInitParams,servletContextInitParams,systemProperties,systemEnvironment]
21:59:38.311 [main] DEBUG o.s.b.f.s.DefaultListableBeanFactory - Retrieved dependent beans for bean &apos;springSecurityFilterChain&apos;: [webSecurityExpressionHandler]
21:59:38.311 [main] WARN  o.s.w.c.s.GenericWebApplicationContext - Exception encountered during context initialization - cancelling refresh attempt: org.springframework.beans.factory.BeanCreationException: Error creating bean with name &apos;springSecurityFilterChain&apos; defined in class path resource [org/springframework/security/config/annotation/web/configuration/WebSecurityConfiguration.class]: Bean instantiation via factory method failed; nested exception is org.springframework.beans.BeanInstantiationException: Failed to instantiate [javax.servlet.Filter]: Factory method &apos;springSecurityFilterChain&apos; threw exception; nested exception is java.lang.IllegalArgumentException: &apos;Savings Account?error&apos; is not a valid redirect URL
21:59:38.311 [main] DEBUG o.s.b.f.s.DefaultListableBeanFactory - Destroying singletons in org.springframework.beans.factory.support.DefaultListableBeanFactory@7a52b6e6: defining beans [org.springframework.context.annotation.internalConfigurationAnnotationProcessor,org.springframework.context.annotation.internalAutowiredAnnotationProcessor,org.springframework.context.annotation.internalRequiredAnnotationProcessor,org.springframework.context.annotation.internalCommonAnnotationProcessor,org.springframework.context.annotation.internalPersistenceAnnotationProcessor,org.springframework.context.event.internalEventListenerProcessor,org.springframework.context.event.internalEventListenerFactory,rootConfiguration,webMvcConfiguration,dataConfiguration,loginAuditingListener,securityConfig,defaultController,adminController,adminUserController,hospitalController,ICDCodesController,APIAppointmentRequestController,APIDiagnosisController,APIDrugController,APIEnumController,APIHospitalController,APIICDCodeController,APILogEntryController,APIOfficeVisitController,APIPasswordController,APIPatientController,APIPersonnelController,APIPrescriptionController,APIUserController,appointmentControllerHCP,HCPController,officeVisitController,appointmentController,diagnosesController,patientController,passwordController,userController,dataSource,org.springframework.security.config.annotation.configuration.ObjectPostProcessorConfiguration,objectPostProcessor,org.springframework.security.config.annotation.authentication.configuration.AuthenticationConfiguration,authenticationManagerBuilder,enableGlobalAuthenticationAutowiredConfigurer,initializeUserDetailsBeanManagerConfigurer,initializeAuthenticationProviderBeanManagerConfigurer,org.springframework.security.config.annotation.web.configuration.WebSecurityConfiguration,delegatingApplicationListener,webSecurityExpressionHandler,springSecurityFilterChain,privilegeEvaluator,autowiredWebSecurityConfigurersIgnoreParents,org.springframework.security.config.annotation.web.configuration.WebMvcSecurityConfiguration,requestDataValueProcessor,passwordEncoder,defaultAuthenticationEventPublisher,failureHandler,ipBlockFilter,org.springframework.web.servlet.config.annotation.DelegatingWebMvcConfiguration,mvcConversionService,requestMappingHandlerMapping,mvcPathMatcher,mvcUrlPathHelper,mvcContentNegotiationManager,viewControllerHandlerMapping,beanNameHandlerMapping,resourceHandlerMapping,mvcResourceUrlProvider,defaultServletHandlerMapping,requestMappingHandlerAdapter,mvcValidator,mvcUriComponentsContributor,httpRequestHandlerAdapter,simpleControllerHandlerAdapter,handlerExceptionResolver,mvcViewResolver,org.springframework.security.config.annotation.method.configuration.GlobalMethodSecurityConfiguration,methodSecurityInterceptor,methodSecurityMetadataSource,preInvocationAuthorizationAdvice,viewResolver,templateEngine,domainClassConverter,metaDataSourceAdvisor,org.springframework.aop.config.internalAutoProxyCreator]; root of factory hierarchy
21:59:38.312 [main] DEBUG o.s.b.f.s.DisposableBeanAdapter - Invoking destroy() on bean with name &apos;ipBlockFilter&apos;
21:59:38.312 [main] DEBUG o.s.b.f.s.DefaultListableBeanFactory - Retrieved dependent beans for bean &apos;objectPostProcessor&apos;: [org.springframework.security.config.annotation.method.configuration.GlobalMethodSecurityConfiguration, securityConfig, org.springframework.security.config.annotation.authentication.configuration.AuthenticationConfiguration, authenticationManagerBuilder, org.springframework.security.config.annotation.web.configuration.WebSecurityConfiguration]
21:59:38.312 [main] DEBUG o.s.b.f.s.DisposableBeanAdapter - Invoking destroy() on bean with name &apos;objectPostProcessor&apos;
21:59:38.313 [main] ERROR o.s.test.context.TestContextManager - Caught exception while allowing TestExecutionListener [org.springframework.test.context.web.ServletTestExecutionListener@6c2550a0] to prepare test instance [edu.ncsu.csc.itrust2.apitest.APIAppointmentRequestTest@1220be23]
java.lang.IllegalStateException: Failed to load ApplicationContext
	at org.springframework.test.context.cache.DefaultCacheAwareContextLoaderDelegate.loadContext(DefaultCacheAwareContextLoaderDelegate.java:124) ~[spring-test-4.3.5.RELEASE.jar:4.3.5.RELEASE]
	at org.springframework.test.context.support.DefaultTestContext.getApplicationContext(DefaultTestContext.java:83) ~[spring-test-4.3.5.RELEASE.jar:4.3.5.RELEASE]
	at org.springframework.test.context.web.ServletTestExecutionListener.setUpRequestContextIfNecessary(ServletTestExecutionListener.java:189) ~[spring-test-4.3.5.RELEASE.jar:4.3.5.RELEASE]
	at org.springframework.test.context.web.ServletTestExecutionListener.prepareTestInstance(ServletTestExecutionListener.java:131) ~[spring-test-4.3.5.RELEASE.jar:4.3.5.RELEASE]
	at org.springframework.test.context.TestContextManager.prepareTestInstance(TestContextManager.java:230) ~[spring-test-4.3.5.RELEASE.jar:4.3.5.RELEASE]
	at org.springframework.test.context.junit4.SpringJUnit4ClassRunner.createTest(SpringJUnit4ClassRunner.java:228) [spring-test-4.3.5.RELEASE.jar:4.3.5.RELEASE]
	at org.springframework.test.context.junit4.SpringJUnit4ClassRunner$1.runReflectiveCall(SpringJUnit4ClassRunner.java:287) [spring-test-4.3.5.RELEASE.jar:4.3.5.RELEASE]
	at org.junit.internal.runners.model.ReflectiveCallable.run(ReflectiveCallable.java:12) [junit-4.12.jar:4.12]
	at org.springframework.test.context.junit4.SpringJUnit4ClassRunner.methodBlock(SpringJUnit4ClassRunner.java:289) [spring-test-4.3.5.RELEASE.jar:4.3.5.RELEASE]
	at org.springframework.test.context.junit4.SpringJUnit4ClassRunner.runChild(SpringJUnit4ClassRunner.java:247) [spring-test-4.3.5.RELEASE.jar:4.3.5.RELEASE]
	at org.springframework.test.context.junit4.SpringJUnit4ClassRunner.runChild(SpringJUnit4ClassRunner.java:94) [spring-test-4.3.5.RELEASE.jar:4.3.5.RELEASE]
	at org.junit.runners.ParentRunner$3.run(ParentRunner.java:290) [junit-4.12.jar:4.12]
	at org.junit.runners.ParentRunner$1.schedule(ParentRunner.java:71) [junit-4.12.jar:4.12]
	at org.junit.runners.ParentRunner.runChildren(ParentRunner.java:288) [junit-4.12.jar:4.12]
	at org.junit.runners.ParentRunner.access$000(ParentRunner.java:58) [junit-4.12.jar:4.12]
	at org.junit.runners.ParentRunner$2.evaluate(ParentRunner.java:268) [junit-4.12.jar:4.12]
	at org.springframework.test.context.junit4.statements.RunBeforeTestClassCallbacks.evaluate(RunBeforeTestClassCallbacks.java:61) [spring-test-4.3.5.RELEASE.jar:4.3.5.RELEASE]
	at org.springframework.test.context.junit4.statements.RunAfterTestClassCallbacks.evaluate(RunAfterTestClassCallbacks.java:70) [spring-test-4.3.5.RELEASE.jar:4.3.5.RELEASE]
	at org.junit.runners.ParentRunner.run(ParentRunner.java:363) [junit-4.12.jar:4.12]
	at org.springframework.test.context.junit4.SpringJUnit4ClassRunner.run(SpringJUnit4ClassRunner.java:191) [spring-test-4.3.5.RELEASE.jar:4.3.5.RELEASE]
	at org.apache.maven.surefire.junit4.JUnit4Provider.execute(JUnit4Provider.java:365) [surefire-junit4-2.20.jar:2.20]
	at org.apache.maven.surefire.junit4.JUnit4Provider.executeWithRerun(JUnit4Provider.java:272) [surefire-junit4-2.20.jar:2.20]
	at org.apache.maven.surefire.junit4.JUnit4Provider.executeTestSet(JUnit4Provider.java:236) [surefire-junit4-2.20.jar:2.20]
	at org.apache.maven.surefire.junit4.JUnit4Provider.invoke(JUnit4Provider.java:159) [surefire-junit4-2.20.jar:2.20]
	at org.apache.maven.surefire.booter.ForkedBooter.invokeProviderInSameClassLoader(ForkedBooter.java:386) [surefire-booter-2.20.jar:2.20]
	at org.apache.maven.surefire.booter.ForkedBooter.runSuitesInProcess(ForkedBooter.java:323) [surefire-booter-2.20.jar:2.20]
	at org.apache.maven.surefire.booter.ForkedBooter.main(ForkedBooter.java:143) [surefire-booter-2.20.jar:2.20]
Caused by: org.springframework.beans.factory.BeanCreationException: Error creating bean with name &apos;springSecurityFilterChain&apos; defined in class path resource [org/springframework/security/config/annotation/web/configuration/WebSecurityConfiguration.class]: Bean instantiation via factory method failed; nested exception is org.springframework.beans.BeanInstantiationException: Failed to instantiate [javax.servlet.Filter]: Factory method &apos;springSecurityFilterChain&apos; threw exception; nested exception is java.lang.IllegalArgumentException: &apos;Savings Account?error&apos; is not a valid redirect URL
	at org.springframework.beans.factory.support.ConstructorResolver.instantiateUsingFactoryMethod(ConstructorResolver.java:599) ~[spring-beans-4.3.5.RELEASE.jar:4.3.5.RELEASE]
	at org.springframework.beans.factory.support.AbstractAutowireCapableBeanFactory.instantiateUsingFactoryMethod(AbstractAutowireCapableBeanFactory.java:1134) ~[spring-beans-4.3.5.RELEASE.jar:4.3.5.RELEASE]
	at org.springframework.beans.factory.support.AbstractAutowireCapableBeanFactory.createBeanInstance(AbstractAutowireCapableBeanFactory.java:1028) ~[spring-beans-4.3.5.RELEASE.jar:4.3.5.RELEASE]
	at org.springframework.beans.factory.support.AbstractAutowireCapableBeanFactory.doCreateBean(AbstractAutowireCapableBeanFactory.java:513) ~[spring-beans-4.3.5.RELEASE.jar:4.3.5.RELEASE]
	at org.springframework.beans.factory.support.AbstractAutowireCapableBeanFactory.createBean(AbstractAutowireCapableBeanFactory.java:483) ~[spring-beans-4.3.5.RELEASE.jar:4.3.5.RELEASE]
	at org.springframework.beans.factory.support.AbstractBeanFactory$1.getObject(AbstractBeanFactory.java:306) ~[spring-beans-4.3.5.RELEASE.jar:4.3.5.RELEASE]
	at org.springframework.beans.factory.support.DefaultSingletonBeanRegistry.getSingleton(DefaultSingletonBeanRegistry.java:230) ~[spring-beans-4.3.5.RELEASE.jar:4.3.5.RELEASE]
	at org.springframework.beans.factory.support.AbstractBeanFactory.doGetBean(AbstractBeanFactory.java:302) ~[spring-beans-4.3.5.RELEASE.jar:4.3.5.RELEASE]
	at org.springframework.beans.factory.support.AbstractBeanFactory.getBean(AbstractBeanFactory.java:197) ~[spring-beans-4.3.5.RELEASE.jar:4.3.5.RELEASE]
	at org.springframework.beans.factory.support.AbstractBeanFactory.doGetBean(AbstractBeanFactory.java:296) ~[spring-beans-4.3.5.RELEASE.jar:4.3.5.RELEASE]
	at org.springframework.beans.factory.support.AbstractBeanFactory.getBean(AbstractBeanFactory.java:197) ~[spring-beans-4.3.5.RELEASE.jar:4.3.5.RELEASE]
	at org.springframework.beans.factory.support.DefaultListableBeanFactory.preInstantiateSingletons(DefaultListableBeanFactory.java:759) ~[spring-beans-4.3.5.RELEASE.jar:4.3.5.RELEASE]
	at org.springframework.context.support.AbstractApplicationContext.finishBeanFactoryInitialization(AbstractApplicationContext.java:866) ~[spring-context-4.3.5.RELEASE.jar:4.3.5.RELEASE]
	at org.springframework.context.support.AbstractApplicationContext.refresh(AbstractApplicationContext.java:542) ~[spring-context-4.3.5.RELEASE.jar:4.3.5.RELEASE]
	at org.springframework.test.context.web.AbstractGenericWebContextLoader.loadContext(AbstractGenericWebContextLoader.java:134) ~[spring-test-4.3.5.RELEASE.jar:4.3.5.RELEASE]
	at org.springframework.test.context.web.AbstractGenericWebContextLoader.loadContext(AbstractGenericWebContextLoader.java:61) ~[spring-test-4.3.5.RELEASE.jar:4.3.5.RELEASE]
	at org.springframework.test.context.support.AbstractDelegatingSmartContextLoader.delegateLoading(AbstractDelegatingSmartContextLoader.java:108) ~[spring-test-4.3.5.RELEASE.jar:4.3.5.RELEASE]
	at org.springframework.test.context.support.AbstractDelegatingSmartContextLoader.loadContext(AbstractDelegatingSmartContextLoader.java:251) ~[spring-test-4.3.5.RELEASE.jar:4.3.5.RELEASE]
	at org.springframework.test.context.cache.DefaultCacheAwareContextLoaderDelegate.loadContextInternal(DefaultCacheAwareContextLoaderDelegate.java:98) ~[spring-test-4.3.5.RELEASE.jar:4.3.5.RELEASE]
	at org.springframework.test.context.cache.DefaultCacheAwareContextLoaderDelegate.loadContext(DefaultCacheAwareContextLoaderDelegate.java:116) ~[spring-test-4.3.5.RELEASE.jar:4.3.5.RELEASE]
	... 26 common frames omitted
Caused by: org.springframework.beans.BeanInstantiationException: Failed to instantiate [javax.servlet.Filter]: Factory method &apos;springSecurityFilterChain&apos; threw exception; nested exception is java.lang.IllegalArgumentException: &apos;Savings Account?error&apos; is not a valid redirect URL
	at org.springframework.beans.factory.support.SimpleInstantiationStrategy.instantiate(SimpleInstantiationStrategy.java:189) ~[spring-beans-4.3.5.RELEASE.jar:4.3.5.RELEASE]
	at org.springframework.beans.factory.support.ConstructorResolver.instantiateUsingFactoryMethod(ConstructorResolver.java:588) ~[spring-beans-4.3.5.RELEASE.jar:4.3.5.RELEASE]
	... 45 common frames omitted
Caused by: java.lang.IllegalArgumentException: &apos;Savings Account?error&apos; is not a valid redirect URL
	at org.springframework.util.Assert.isTrue(Assert.java:68) ~[spring-core-4.3.5.RELEASE.jar:4.3.5.RELEASE]
	at org.springframework.security.web.authentication.SimpleUrlAuthenticationFailureHandler.setDefaultFailureUrl(SimpleUrlAuthenticationFailureHandler.java:125) ~[spring-security-web-4.2.2.RELEASE.jar:4.2.2.RELEASE]
	at org.springframework.security.web.authentication.SimpleUrlAuthenticationFailureHandler.&lt;init&gt;(SimpleUrlAuthenticationFailureHandler.java:60) ~[spring-security-web-4.2.2.RELEASE.jar:4.2.2.RELEASE]
	at org.springframework.security.config.annotation.web.configurers.AbstractAuthenticationFilterConfigurer.failureUrl(AbstractAuthenticationFilterConfigurer.java:206) ~[spring-security-config-4.2.2.RELEASE.jar:4.2.2.RELEASE]
	at org.springframework.security.config.annotation.web.configurers.AbstractAuthenticationFilterConfigurer.updateAuthenticationDefaults(AbstractAuthenticationFilterConfigurer.java:368) ~[spring-security-config-4.2.2.RELEASE.jar:4.2.2.RELEASE]
	at org.springframework.security.config.annotation.web.configurers.AbstractAuthenticationFilterConfigurer.loginPage(AbstractAuthenticationFilterConfigurer.java:308) ~[spring-security-config-4.2.2.RELEASE.jar:4.2.2.RELEASE]
	at org.springframework.security.config.annotation.web.configurers.FormLoginConfigurer.loginPage(FormLoginConfigurer.java:183) ~[spring-security-config-4.2.2.RELEASE.jar:4.2.2.RELEASE]
	at edu.ncsu.csc.itrust2.config.SecurityConfig.configure(SecurityConfig.java:89) ~[classes/:na]
	at org.springframework.security.config.annotation.web.configuration.WebSecurityConfigurerAdapter.getHttp(WebSecurityConfigurerAdapter.java:224) ~[spring-security-config-4.2.2.RELEASE.jar:4.2.2.RELEASE]
	at org.springframework.security.config.annotation.web.configuration.WebSecurityConfigurerAdapter.init(WebSecurityConfigurerAdapter.java:315) ~[spring-security-config-4.2.2.RELEASE.jar:4.2.2.RELEASE]
	at org.springframework.security.config.annotation.web.configuration.WebSecurityConfigurerAdapter.init(WebSecurityConfigurerAdapter.java:86) ~[spring-security-config-4.2.2.RELEASE.jar:4.2.2.RELEASE]
	at edu.ncsu.csc.itrust2.config.SecurityConfig$$EnhancerBySpringCGLIB$$f88fd361.init(&lt;generated&gt;) ~[classes/:na]
	at org.springframework.security.config.annotation.AbstractConfiguredSecurityBuilder.init(AbstractConfiguredSecurityBuilder.java:371) ~[spring-security-config-4.2.2.RELEASE.jar:4.2.2.RELEASE]
	at org.springframework.security.config.annotation.AbstractConfiguredSecurityBuilder.doBuild(AbstractConfiguredSecurityBuilder.java:325) ~[spring-security-config-4.2.2.RELEASE.jar:4.2.2.RELEASE]
	at org.springframework.security.config.annotation.AbstractSecurityBuilder.build(AbstractSecurityBuilder.java:41) ~[spring-security-config-4.2.2.RELEASE.jar:4.2.2.RELEASE]
	at org.springframework.security.config.annotation.web.configuration.WebSecurityConfiguration.springSecurityFilterChain(WebSecurityConfiguration.java:104) ~[spring-security-config-4.2.2.RELEASE.jar:4.2.2.RELEASE]
	at org.springframework.security.config.annotation.web.configuration.WebSecurityConfiguration$$EnhancerBySpringCGLIB$$150881e6.CGLIB$springSecurityFilterChain$4(&lt;generated&gt;) ~[spring-security-config-4.2.2.RELEASE.jar:4.2.2.RELEASE]
	at org.springframework.security.config.annotation.web.configuration.WebSecurityConfiguration$$EnhancerBySpringCGLIB$$150881e6$$FastClassBySpringCGLIB$$f9839e81.invoke(&lt;generated&gt;) ~[spring-security-config-4.2.2.RELEASE.jar:4.2.2.RELEASE]
	at org.springframework.cglib.proxy.MethodProxy.invokeSuper(MethodProxy.java:228) ~[spring-core-4.3.5.RELEASE.jar:4.3.5.RELEASE]
	at org.springframework.context.annotation.ConfigurationClassEnhancer$BeanMethodInterceptor.intercept(ConfigurationClassEnhancer.java:356) ~[spring-context-4.3.5.RELEASE.jar:4.3.5.RELEASE]
	at org.springframework.security.config.annotation.web.configuration.WebSecurityConfiguration$$EnhancerBySpringCGLIB$$150881e6.springSecurityFilterChain(&lt;generated&gt;) ~[spring-security-config-4.2.2.RELEASE.jar:4.2.2.RELEASE]
	at sun.reflect.NativeMethodAccessorImpl.invoke0(Native Method) ~[na:1.8.0_151]
	at sun.reflect.NativeMethodAccessorImpl.invoke(NativeMethodAccessorImpl.java:62) ~[na:1.8.0_151]
	at sun.reflect.DelegatingMethodAccessorImpl.invoke(DelegatingMethodAccessorImpl.java:43) ~[na:1.8.0_151]
	at java.lang.reflect.Method.invoke(Method.java:498) ~[na:1.8.0_151]
	at org.springframework.beans.factory.support.SimpleInstantiationStrategy.instantiate(SimpleInstantiationStrategy.java:162) ~[spring-beans-4.3.5.RELEASE.jar:4.3.5.RELEASE]
	... 46 common frames omitted
</stdout>
          <failedSince>1</failedSince>
        </case>
        <case>
          <duration>0.0</duration>
          <className>edu.ncsu.csc.itrust2.apitest.APIAppointmentRequestTest</className>
          <testName>testAppointmentRequestAPI</testName>
          <skipped>false</skipped>
          <errorStackTrace>java.lang.IllegalStateException: Failed to load ApplicationContext
Caused by: org.springframework.beans.factory.BeanCreationException: Error creating bean with name &apos;springSecurityFilterChain&apos; defined in class path resource [org/springframework/security/config/annotation/web/configuration/WebSecurityConfiguration.class]: Bean instantiation via factory method failed; nested exception is org.springframework.beans.BeanInstantiationException: Failed to instantiate [javax.servlet.Filter]: Factory method &apos;springSecurityFilterChain&apos; threw exception; nested exception is java.lang.IllegalArgumentException: &apos;Savings Account?error&apos; is not a valid redirect URL
Caused by: org.springframework.beans.BeanInstantiationException: Failed to instantiate [javax.servlet.Filter]: Factory method &apos;springSecurityFilterChain&apos; threw exception; nested exception is java.lang.IllegalArgumentException: &apos;Savings Account?error&apos; is not a valid redirect URL
Caused by: java.lang.IllegalArgumentException: &apos;Savings Account?error&apos; is not a valid redirect URL
</errorStackTrace>
          <errorDetails>Failed to load ApplicationContext</errorDetails>
          <stdout>21:59:38.313 [main] DEBUG o.s.t.annotation.ProfileValueUtils - Retrieved @ProfileValueSourceConfiguration [null] for test class [edu.ncsu.csc.itrust2.apitest.APIAppointmentRequestTest]
21:59:38.313 [main] DEBUG o.s.t.annotation.ProfileValueUtils - Retrieved ProfileValueSource type [class org.springframework.test.annotation.SystemProfileValueSource] for class [edu.ncsu.csc.itrust2.apitest.APIAppointmentRequestTest]
21:59:38.314 [main] DEBUG o.s.t.c.s.AbstractDelegatingSmartContextLoader - Delegating to AnnotationConfigWebContextLoader to load context from [WebMergedContextConfiguration@2a4fbf51 testClass = APIAppointmentRequestTest, locations = &apos;{}&apos;, classes = &apos;{class edu.ncsu.csc.itrust2.config.RootConfiguration, class edu.ncsu.csc.itrust2.mvc.config.WebMvcConfiguration}&apos;, contextInitializerClasses = &apos;[]&apos;, activeProfiles = &apos;{}&apos;, propertySourceLocations = &apos;{}&apos;, propertySourceProperties = &apos;{}&apos;, contextCustomizers = set[[empty]], resourceBasePath = &apos;src/main/webapp&apos;, contextLoader = &apos;org.springframework.test.context.web.WebDelegatingSmartContextLoader&apos;, parent = [null]].
21:59:38.314 [main] DEBUG o.s.t.c.w.AbstractGenericWebContextLoader - Loading WebApplicationContext for merged context configuration [WebMergedContextConfiguration@2a4fbf51 testClass = APIAppointmentRequestTest, locations = &apos;{}&apos;, classes = &apos;{class edu.ncsu.csc.itrust2.config.RootConfiguration, class edu.ncsu.csc.itrust2.mvc.config.WebMvcConfiguration}&apos;, contextInitializerClasses = &apos;[]&apos;, activeProfiles = &apos;{}&apos;, propertySourceLocations = &apos;{}&apos;, propertySourceProperties = &apos;{}&apos;, contextCustomizers = set[[empty]], resourceBasePath = &apos;src/main/webapp&apos;, contextLoader = &apos;org.springframework.test.context.web.WebDelegatingSmartContextLoader&apos;, parent = [null]].
21:59:38.314 [main] DEBUG o.s.w.c.s.StandardServletEnvironment - Adding [servletConfigInitParams] PropertySource with lowest search precedence
21:59:38.314 [main] DEBUG o.s.w.c.s.StandardServletEnvironment - Adding [servletContextInitParams] PropertySource with lowest search precedence
21:59:38.314 [main] DEBUG o.s.w.c.s.StandardServletEnvironment - Adding [systemProperties] PropertySource with lowest search precedence
21:59:38.314 [main] DEBUG o.s.w.c.s.StandardServletEnvironment - Adding [systemEnvironment] PropertySource with lowest search precedence
21:59:38.314 [main] DEBUG o.s.w.c.s.StandardServletEnvironment - Initialized StandardServletEnvironment with PropertySources [servletConfigInitParams,servletContextInitParams,systemProperties,systemEnvironment]
21:59:38.314 [main] DEBUG o.s.t.c.w.AnnotationConfigWebContextLoader - Registering annotated classes: {class edu.ncsu.csc.itrust2.config.RootConfiguration, class edu.ncsu.csc.itrust2.mvc.config.WebMvcConfiguration}
21:59:38.315 [main] INFO  o.s.w.c.s.GenericWebApplicationContext - Refreshing org.springframework.web.context.support.GenericWebApplicationContext@2653df42: startup date [Thu Mar 22 21:59:38 UTC 2018]; root of context hierarchy
21:59:38.315 [main] DEBUG o.s.w.c.s.StandardServletEnvironment - Replacing [servletContextInitParams] PropertySource with [servletContextInitParams]
21:59:38.315 [main] DEBUG o.s.w.c.s.GenericWebApplicationContext - Bean factory for org.springframework.web.context.support.GenericWebApplicationContext@2653df42: org.springframework.beans.factory.support.DefaultListableBeanFactory@49bb647f: defining beans [org.springframework.context.annotation.internalConfigurationAnnotationProcessor,org.springframework.context.annotation.internalAutowiredAnnotationProcessor,org.springframework.context.annotation.internalRequiredAnnotationProcessor,org.springframework.context.annotation.internalCommonAnnotationProcessor,org.springframework.context.annotation.internalPersistenceAnnotationProcessor,org.springframework.context.event.internalEventListenerProcessor,org.springframework.context.event.internalEventListenerFactory,rootConfiguration,webMvcConfiguration]; root of factory hierarchy
21:59:38.315 [main] DEBUG o.s.b.f.s.DefaultListableBeanFactory - Registering scope &apos;request&apos; with implementation [org.springframework.web.context.request.RequestScope@69dba450]
21:59:38.315 [main] DEBUG o.s.b.f.s.DefaultListableBeanFactory - Registering scope &apos;session&apos; with implementation [org.springframework.web.context.request.SessionScope@514adfe6]
21:59:38.315 [main] DEBUG o.s.b.f.s.DefaultListableBeanFactory - Registering scope &apos;globalSession&apos; with implementation [org.springframework.web.context.request.SessionScope@4340c12c]
21:59:38.315 [main] DEBUG o.s.b.f.s.DefaultListableBeanFactory - Registering scope &apos;application&apos; with implementation [org.springframework.web.context.support.ServletContextScope@53ad58ae]
21:59:38.315 [main] DEBUG o.s.b.f.s.DefaultListableBeanFactory - Creating shared instance of singleton bean &apos;org.springframework.context.annotation.internalConfigurationAnnotationProcessor&apos;
21:59:38.315 [main] DEBUG o.s.b.f.s.DefaultListableBeanFactory - Creating instance of bean &apos;org.springframework.context.annotation.internalConfigurationAnnotationProcessor&apos;
21:59:38.315 [main] DEBUG o.s.b.f.s.DefaultListableBeanFactory - Eagerly caching bean &apos;org.springframework.context.annotation.internalConfigurationAnnotationProcessor&apos; to allow for resolving potential circular references
21:59:38.315 [main] DEBUG o.s.b.f.s.DefaultListableBeanFactory - Finished creating instance of bean &apos;org.springframework.context.annotation.internalConfigurationAnnotationProcessor&apos;
21:59:38.316 [main] DEBUG o.s.core.env.StandardEnvironment - Adding [systemProperties] PropertySource with lowest search precedence
21:59:38.316 [main] DEBUG o.s.core.env.StandardEnvironment - Adding [systemEnvironment] PropertySource with lowest search precedence
21:59:38.316 [main] DEBUG o.s.core.env.StandardEnvironment - Initialized StandardEnvironment with PropertySources [systemProperties,systemEnvironment]
21:59:38.316 [main] DEBUG o.s.c.i.s.PathMatchingResourcePatternResolver - Resolved classpath location [edu/ncsu/csc/itrust2/config/] to resources [URL [file:/var/lib/jenkins/jobs/iTrust_Fuzzer/workspace/iTrust2/target/classes/edu/ncsu/csc/itrust2/config/]]
21:59:38.316 [main] DEBUG o.s.c.i.s.PathMatchingResourcePatternResolver - Looking for matching resources in directory tree [/var/lib/jenkins/jobs/iTrust_Fuzzer/workspace/iTrust2/target/classes/edu/ncsu/csc/itrust2/config]
21:59:38.316 [main] DEBUG o.s.c.i.s.PathMatchingResourcePatternResolver - Searching directory [/var/lib/jenkins/jobs/iTrust_Fuzzer/workspace/iTrust2/target/classes/edu/ncsu/csc/itrust2/config] for files matching pattern [/var/lib/jenkins/jobs/iTrust_Fuzzer/workspace/iTrust2/target/classes/edu/ncsu/csc/itrust2/config/**/*.class]
21:59:38.317 [main] DEBUG o.s.c.i.s.PathMatchingResourcePatternResolver - Resolved location pattern [classpath*:edu/ncsu/csc/itrust2/config/**/*.class] to resources [file [/var/lib/jenkins/jobs/iTrust_Fuzzer/workspace/iTrust2/target/classes/edu/ncsu/csc/itrust2/config/ContextListener.class], file [/var/lib/jenkins/jobs/iTrust_Fuzzer/workspace/iTrust2/target/classes/edu/ncsu/csc/itrust2/config/DataConfiguration.class], file [/var/lib/jenkins/jobs/iTrust_Fuzzer/workspace/iTrust2/target/classes/edu/ncsu/csc/itrust2/config/FailureHandler.class], file [/var/lib/jenkins/jobs/iTrust_Fuzzer/workspace/iTrust2/target/classes/edu/ncsu/csc/itrust2/config/IPFilter.class], file [/var/lib/jenkins/jobs/iTrust_Fuzzer/workspace/iTrust2/target/classes/edu/ncsu/csc/itrust2/config/ITrust2ApplicationInitializer.class], file [/var/lib/jenkins/jobs/iTrust_Fuzzer/workspace/iTrust2/target/classes/edu/ncsu/csc/itrust2/config/ITrust2WebApplicationInitializer.class], file [/var/lib/jenkins/jobs/iTrust_Fuzzer/workspace/iTrust2/target/classes/edu/ncsu/csc/itrust2/config/LoginAuditingListener.class], file [/var/lib/jenkins/jobs/iTrust_Fuzzer/workspace/iTrust2/target/classes/edu/ncsu/csc/itrust2/config/RootConfiguration.class], file [/var/lib/jenkins/jobs/iTrust_Fuzzer/workspace/iTrust2/target/classes/edu/ncsu/csc/itrust2/config/SecurityConfig.class]]
21:59:38.317 [main] DEBUG o.s.c.a.ClassPathBeanDefinitionScanner - Identified candidate component class: file [/var/lib/jenkins/jobs/iTrust_Fuzzer/workspace/iTrust2/target/classes/edu/ncsu/csc/itrust2/config/DataConfiguration.class]
21:59:38.318 [main] DEBUG o.s.c.a.ClassPathBeanDefinitionScanner - Identified candidate component class: file [/var/lib/jenkins/jobs/iTrust_Fuzzer/workspace/iTrust2/target/classes/edu/ncsu/csc/itrust2/config/LoginAuditingListener.class]
21:59:38.318 [main] DEBUG o.s.c.a.ClassPathBeanDefinitionScanner - Identified candidate component class: file [/var/lib/jenkins/jobs/iTrust_Fuzzer/workspace/iTrust2/target/classes/edu/ncsu/csc/itrust2/config/SecurityConfig.class]
21:59:38.326 [main] DEBUG o.s.core.env.StandardEnvironment - Adding [systemProperties] PropertySource with lowest search precedence
21:59:38.326 [main] DEBUG o.s.core.env.StandardEnvironment - Adding [systemEnvironment] PropertySource with lowest search precedence
21:59:38.326 [main] DEBUG o.s.core.env.StandardEnvironment - Initialized StandardEnvironment with PropertySources [systemProperties,systemEnvironment]
21:59:38.327 [main] DEBUG o.s.c.i.s.PathMatchingResourcePatternResolver - Resolved classpath location [edu/ncsu/csc/itrust2/controllers/] to resources [URL [file:/var/lib/jenkins/jobs/iTrust_Fuzzer/workspace/iTrust2/target/classes/edu/ncsu/csc/itrust2/controllers/]]
21:59:38.327 [main] DEBUG o.s.c.i.s.PathMatchingResourcePatternResolver - Looking for matching resources in directory tree [/var/lib/jenkins/jobs/iTrust_Fuzzer/workspace/iTrust2/target/classes/edu/ncsu/csc/itrust2/controllers]
21:59:38.327 [main] DEBUG o.s.c.i.s.PathMatchingResourcePatternResolver - Searching directory [/var/lib/jenkins/jobs/iTrust_Fuzzer/workspace/iTrust2/target/classes/edu/ncsu/csc/itrust2/controllers] for files matching pattern [/var/lib/jenkins/jobs/iTrust_Fuzzer/workspace/iTrust2/target/classes/edu/ncsu/csc/itrust2/controllers/**/*.class]
21:59:38.327 [main] DEBUG o.s.c.i.s.PathMatchingResourcePatternResolver - Searching directory [/var/lib/jenkins/jobs/iTrust_Fuzzer/workspace/iTrust2/target/classes/edu/ncsu/csc/itrust2/controllers/admin] for files matching pattern [/var/lib/jenkins/jobs/iTrust_Fuzzer/workspace/iTrust2/target/classes/edu/ncsu/csc/itrust2/controllers/**/*.class]
21:59:38.327 [main] DEBUG o.s.c.i.s.PathMatchingResourcePatternResolver - Searching directory [/var/lib/jenkins/jobs/iTrust_Fuzzer/workspace/iTrust2/target/classes/edu/ncsu/csc/itrust2/controllers/api] for files matching pattern [/var/lib/jenkins/jobs/iTrust_Fuzzer/workspace/iTrust2/target/classes/edu/ncsu/csc/itrust2/controllers/**/*.class]
21:59:38.327 [main] DEBUG o.s.c.i.s.PathMatchingResourcePatternResolver - Searching directory [/var/lib/jenkins/jobs/iTrust_Fuzzer/workspace/iTrust2/target/classes/edu/ncsu/csc/itrust2/controllers/api/comm] for files matching pattern [/var/lib/jenkins/jobs/iTrust_Fuzzer/workspace/iTrust2/target/classes/edu/ncsu/csc/itrust2/controllers/**/*.class]
21:59:38.328 [main] DEBUG o.s.c.i.s.PathMatchingResourcePatternResolver - Searching directory [/var/lib/jenkins/jobs/iTrust_Fuzzer/workspace/iTrust2/target/classes/edu/ncsu/csc/itrust2/controllers/hcp] for files matching pattern [/var/lib/jenkins/jobs/iTrust_Fuzzer/workspace/iTrust2/target/classes/edu/ncsu/csc/itrust2/controllers/**/*.class]
21:59:38.328 [main] DEBUG o.s.c.i.s.PathMatchingResourcePatternResolver - Searching directory [/var/lib/jenkins/jobs/iTrust_Fuzzer/workspace/iTrust2/target/classes/edu/ncsu/csc/itrust2/controllers/patient] for files matching pattern [/var/lib/jenkins/jobs/iTrust_Fuzzer/workspace/iTrust2/target/classes/edu/ncsu/csc/itrust2/controllers/**/*.class]
21:59:38.328 [main] DEBUG o.s.c.i.s.PathMatchingResourcePatternResolver - Searching directory [/var/lib/jenkins/jobs/iTrust_Fuzzer/workspace/iTrust2/target/classes/edu/ncsu/csc/itrust2/controllers/personnel] for files matching pattern [/var/lib/jenkins/jobs/iTrust_Fuzzer/workspace/iTrust2/target/classes/edu/ncsu/csc/itrust2/controllers/**/*.class]
21:59:38.328 [main] DEBUG o.s.c.i.s.PathMatchingResourcePatternResolver - Resolved location pattern [classpath*:edu/ncsu/csc/itrust2/controllers/**/*.class] to resources [file [/var/lib/jenkins/jobs/iTrust_Fuzzer/workspace/iTrust2/target/classes/edu/ncsu/csc/itrust2/controllers/DefaultController.class], file [/var/lib/jenkins/jobs/iTrust_Fuzzer/workspace/iTrust2/target/classes/edu/ncsu/csc/itrust2/controllers/admin/AdminController.class], file [/var/lib/jenkins/jobs/iTrust_Fuzzer/workspace/iTrust2/target/classes/edu/ncsu/csc/itrust2/controllers/admin/AdminUserController$1.class], file [/var/lib/jenkins/jobs/iTrust_Fuzzer/workspace/iTrust2/target/classes/edu/ncsu/csc/itrust2/controllers/admin/AdminUserController.class], file [/var/lib/jenkins/jobs/iTrust_Fuzzer/workspace/iTrust2/target/classes/edu/ncsu/csc/itrust2/controllers/admin/HospitalController.class], file [/var/lib/jenkins/jobs/iTrust_Fuzzer/workspace/iTrust2/target/classes/edu/ncsu/csc/itrust2/controllers/admin/ICDCodesController.class], file [/var/lib/jenkins/jobs/iTrust_Fuzzer/workspace/iTrust2/target/classes/edu/ncsu/csc/itrust2/controllers/api/APIAppointmentRequestController.class], file [/var/lib/jenkins/jobs/iTrust_Fuzzer/workspace/iTrust2/target/classes/edu/ncsu/csc/itrust2/controllers/api/APIController$JSONResponse.class], file [/var/lib/jenkins/jobs/iTrust_Fuzzer/workspace/iTrust2/target/classes/edu/ncsu/csc/itrust2/controllers/api/APIController.class], file [/var/lib/jenkins/jobs/iTrust_Fuzzer/workspace/iTrust2/target/classes/edu/ncsu/csc/itrust2/controllers/api/APIDiagnosisController.class], file [/var/lib/jenkins/jobs/iTrust_Fuzzer/workspace/iTrust2/target/classes/edu/ncsu/csc/itrust2/controllers/api/APIDrugController.class], file [/var/lib/jenkins/jobs/iTrust_Fuzzer/workspace/iTrust2/target/classes/edu/ncsu/csc/itrust2/controllers/api/APIEnumController.class], file [/var/lib/jenkins/jobs/iTrust_Fuzzer/workspace/iTrust2/target/classes/edu/ncsu/csc/itrust2/controllers/api/APIHospitalController.class], file [/var/lib/jenkins/jobs/iTrust_Fuzzer/workspace/iTrust2/target/classes/edu/ncsu/csc/itrust2/controllers/api/APIICDCodeController.class], file [/var/lib/jenkins/jobs/iTrust_Fuzzer/workspace/iTrust2/target/classes/edu/ncsu/csc/itrust2/controllers/api/APILogEntryController.class], file [/var/lib/jenkins/jobs/iTrust_Fuzzer/workspace/iTrust2/target/classes/edu/ncsu/csc/itrust2/controllers/api/APIOfficeVisitController.class], file [/var/lib/jenkins/jobs/iTrust_Fuzzer/workspace/iTrust2/target/classes/edu/ncsu/csc/itrust2/controllers/api/APIPasswordController.class], file [/var/lib/jenkins/jobs/iTrust_Fuzzer/workspace/iTrust2/target/classes/edu/ncsu/csc/itrust2/controllers/api/APIPatientController.class], file [/var/lib/jenkins/jobs/iTrust_Fuzzer/workspace/iTrust2/target/classes/edu/ncsu/csc/itrust2/controllers/api/APIPersonnelController.class], file [/var/lib/jenkins/jobs/iTrust_Fuzzer/workspace/iTrust2/target/classes/edu/ncsu/csc/itrust2/controllers/api/APIPrescriptionController.class], file [/var/lib/jenkins/jobs/iTrust_Fuzzer/workspace/iTrust2/target/classes/edu/ncsu/csc/itrust2/controllers/api/APIUserController.class], file [/var/lib/jenkins/jobs/iTrust_Fuzzer/workspace/iTrust2/target/classes/edu/ncsu/csc/itrust2/controllers/api/comm/LogEntryRequestBody.class], file [/var/lib/jenkins/jobs/iTrust_Fuzzer/workspace/iTrust2/target/classes/edu/ncsu/csc/itrust2/controllers/api/comm/LogEntryTableRow.class], file [/var/lib/jenkins/jobs/iTrust_Fuzzer/workspace/iTrust2/target/classes/edu/ncsu/csc/itrust2/controllers/hcp/AppointmentControllerHCP.class], file [/var/lib/jenkins/jobs/iTrust_Fuzzer/workspace/iTrust2/target/classes/edu/ncsu/csc/itrust2/controllers/hcp/HCPController.class], file [/var/lib/jenkins/jobs/iTrust_Fuzzer/workspace/iTrust2/target/classes/edu/ncsu/csc/itrust2/controllers/hcp/OfficeVisitController.class], file [/var/lib/jenkins/jobs/iTrust_Fuzzer/workspace/iTrust2/target/classes/edu/ncsu/csc/itrust2/controllers/patient/AppointmentController.class], file [/var/lib/jenkins/jobs/iTrust_Fuzzer/workspace/iTrust2/target/classes/edu/ncsu/csc/itrust2/controllers/patient/DiagnosesController.class], file [/var/lib/jenkins/jobs/iTrust_Fuzzer/workspace/iTrust2/target/classes/edu/ncsu/csc/itrust2/controllers/patient/PatientController.class], file [/var/lib/jenkins/jobs/iTrust_Fuzzer/workspace/iTrust2/target/classes/edu/ncsu/csc/itrust2/controllers/personnel/PasswordController.class], file [/var/lib/jenkins/jobs/iTrust_Fuzzer/workspace/iTrust2/target/classes/edu/ncsu/csc/itrust2/controllers/personnel/UserController.class]]
21:59:38.328 [main] DEBUG o.s.c.a.ClassPathBeanDefinitionScanner - Identified candidate component class: file [/var/lib/jenkins/jobs/iTrust_Fuzzer/workspace/iTrust2/target/classes/edu/ncsu/csc/itrust2/controllers/DefaultController.class]
21:59:38.328 [main] DEBUG o.s.c.a.ClassPathBeanDefinitionScanner - Identified candidate component class: file [/var/lib/jenkins/jobs/iTrust_Fuzzer/workspace/iTrust2/target/classes/edu/ncsu/csc/itrust2/controllers/admin/AdminController.class]
21:59:38.329 [main] DEBUG o.s.c.a.ClassPathBeanDefinitionScanner - Identified candidate component class: file [/var/lib/jenkins/jobs/iTrust_Fuzzer/workspace/iTrust2/target/classes/edu/ncsu/csc/itrust2/controllers/admin/AdminUserController.class]
21:59:38.329 [main] DEBUG o.s.c.a.ClassPathBeanDefinitionScanner - Identified candidate component class: file [/var/lib/jenkins/jobs/iTrust_Fuzzer/workspace/iTrust2/target/classes/edu/ncsu/csc/itrust2/controllers/admin/HospitalController.class]
21:59:38.329 [main] DEBUG o.s.c.a.ClassPathBeanDefinitionScanner - Identified candidate component class: file [/var/lib/jenkins/jobs/iTrust_Fuzzer/workspace/iTrust2/target/classes/edu/ncsu/csc/itrust2/controllers/admin/ICDCodesController.class]
21:59:38.330 [main] DEBUG o.s.c.a.ClassPathBeanDefinitionScanner - Identified candidate component class: file [/var/lib/jenkins/jobs/iTrust_Fuzzer/workspace/iTrust2/target/classes/edu/ncsu/csc/itrust2/controllers/api/APIAppointmentRequestController.class]
21:59:38.330 [main] DEBUG o.s.c.a.ClassPathBeanDefinitionScanner - Identified candidate component class: file [/var/lib/jenkins/jobs/iTrust_Fuzzer/workspace/iTrust2/target/classes/edu/ncsu/csc/itrust2/controllers/api/APIDiagnosisController.class]
21:59:38.330 [main] DEBUG o.s.c.a.ClassPathBeanDefinitionScanner - Identified candidate component class: file [/var/lib/jenkins/jobs/iTrust_Fuzzer/workspace/iTrust2/target/classes/edu/ncsu/csc/itrust2/controllers/api/APIDrugController.class]
21:59:38.331 [main] DEBUG o.s.c.a.ClassPathBeanDefinitionScanner - Identified candidate component class: file [/var/lib/jenkins/jobs/iTrust_Fuzzer/workspace/iTrust2/target/classes/edu/ncsu/csc/itrust2/controllers/api/APIEnumController.class]
21:59:38.331 [main] DEBUG o.s.c.a.ClassPathBeanDefinitionScanner - Identified candidate component class: file [/var/lib/jenkins/jobs/iTrust_Fuzzer/workspace/iTrust2/target/classes/edu/ncsu/csc/itrust2/controllers/api/APIHospitalController.class]
21:59:38.331 [main] DEBUG o.s.c.a.ClassPathBeanDefinitionScanner - Identified candidate component class: file [/var/lib/jenkins/jobs/iTrust_Fuzzer/workspace/iTrust2/target/classes/edu/ncsu/csc/itrust2/controllers/api/APIICDCodeController.class]
21:59:38.332 [main] DEBUG o.s.c.a.ClassPathBeanDefinitionScanner - Identified candidate component class: file [/var/lib/jenkins/jobs/iTrust_Fuzzer/workspace/iTrust2/target/classes/edu/ncsu/csc/itrust2/controllers/api/APILogEntryController.class]
21:59:38.332 [main] DEBUG o.s.c.a.ClassPathBeanDefinitionScanner - Identified candidate component class: file [/var/lib/jenkins/jobs/iTrust_Fuzzer/workspace/iTrust2/target/classes/edu/ncsu/csc/itrust2/controllers/api/APIOfficeVisitController.class]
21:59:38.332 [main] DEBUG o.s.c.a.ClassPathBeanDefinitionScanner - Identified candidate component class: file [/var/lib/jenkins/jobs/iTrust_Fuzzer/workspace/iTrust2/target/classes/edu/ncsu/csc/itrust2/controllers/api/APIPasswordController.class]
21:59:38.333 [main] DEBUG o.s.c.a.ClassPathBeanDefinitionScanner - Identified candidate component class: file [/var/lib/jenkins/jobs/iTrust_Fuzzer/workspace/iTrust2/target/classes/edu/ncsu/csc/itrust2/controllers/api/APIPatientController.class]
21:59:38.333 [main] DEBUG o.s.c.a.ClassPathBeanDefinitionScanner - Identified candidate component class: file [/var/lib/jenkins/jobs/iTrust_Fuzzer/workspace/iTrust2/target/classes/edu/ncsu/csc/itrust2/controllers/api/APIPersonnelController.class]
21:59:38.334 [main] DEBUG o.s.c.a.ClassPathBeanDefinitionScanner - Identified candidate component class: file [/var/lib/jenkins/jobs/iTrust_Fuzzer/workspace/iTrust2/target/classes/edu/ncsu/csc/itrust2/controllers/api/APIPrescriptionController.class]
21:59:38.334 [main] DEBUG o.s.c.a.ClassPathBeanDefinitionScanner - Identified candidate component class: file [/var/lib/jenkins/jobs/iTrust_Fuzzer/workspace/iTrust2/target/classes/edu/ncsu/csc/itrust2/controllers/api/APIUserController.class]
21:59:38.334 [main] DEBUG o.s.c.a.ClassPathBeanDefinitionScanner - Identified candidate component class: file [/var/lib/jenkins/jobs/iTrust_Fuzzer/workspace/iTrust2/target/classes/edu/ncsu/csc/itrust2/controllers/hcp/AppointmentControllerHCP.class]
21:59:38.335 [main] DEBUG o.s.c.a.ClassPathBeanDefinitionScanner - Identified candidate component class: file [/var/lib/jenkins/jobs/iTrust_Fuzzer/workspace/iTrust2/target/classes/edu/ncsu/csc/itrust2/controllers/hcp/HCPController.class]
21:59:38.335 [main] DEBUG o.s.c.a.ClassPathBeanDefinitionScanner - Identified candidate component class: file [/var/lib/jenkins/jobs/iTrust_Fuzzer/workspace/iTrust2/target/classes/edu/ncsu/csc/itrust2/controllers/hcp/OfficeVisitController.class]
21:59:38.335 [main] DEBUG o.s.c.a.ClassPathBeanDefinitionScanner - Identified candidate component class: file [/var/lib/jenkins/jobs/iTrust_Fuzzer/workspace/iTrust2/target/classes/edu/ncsu/csc/itrust2/controllers/patient/AppointmentController.class]
21:59:38.335 [main] DEBUG o.s.c.a.ClassPathBeanDefinitionScanner - Identified candidate component class: file [/var/lib/jenkins/jobs/iTrust_Fuzzer/workspace/iTrust2/target/classes/edu/ncsu/csc/itrust2/controllers/patient/DiagnosesController.class]
21:59:38.336 [main] DEBUG o.s.c.a.ClassPathBeanDefinitionScanner - Identified candidate component class: file [/var/lib/jenkins/jobs/iTrust_Fuzzer/workspace/iTrust2/target/classes/edu/ncsu/csc/itrust2/controllers/patient/PatientController.class]
21:59:38.336 [main] DEBUG o.s.c.a.ClassPathBeanDefinitionScanner - Identified candidate component class: file [/var/lib/jenkins/jobs/iTrust_Fuzzer/workspace/iTrust2/target/classes/edu/ncsu/csc/itrust2/controllers/personnel/PasswordController.class]
21:59:38.336 [main] DEBUG o.s.c.a.ClassPathBeanDefinitionScanner - Identified candidate component class: file [/var/lib/jenkins/jobs/iTrust_Fuzzer/workspace/iTrust2/target/classes/edu/ncsu/csc/itrust2/controllers/personnel/UserController.class]
21:59:38.337 [main] DEBUG o.s.c.i.s.PathMatchingResourcePatternResolver - Resolved classpath location [edu/ncsu/csc/itrust2/config/] to resources [URL [file:/var/lib/jenkins/jobs/iTrust_Fuzzer/workspace/iTrust2/target/classes/edu/ncsu/csc/itrust2/config/]]
21:59:38.337 [main] DEBUG o.s.c.i.s.PathMatchingResourcePatternResolver - Looking for matching resources in directory tree [/var/lib/jenkins/jobs/iTrust_Fuzzer/workspace/iTrust2/target/classes/edu/ncsu/csc/itrust2/config]
21:59:38.337 [main] DEBUG o.s.c.i.s.PathMatchingResourcePatternResolver - Searching directory [/var/lib/jenkins/jobs/iTrust_Fuzzer/workspace/iTrust2/target/classes/edu/ncsu/csc/itrust2/config] for files matching pattern [/var/lib/jenkins/jobs/iTrust_Fuzzer/workspace/iTrust2/target/classes/edu/ncsu/csc/itrust2/config/**/*.class]
21:59:38.337 [main] DEBUG o.s.c.i.s.PathMatchingResourcePatternResolver - Resolved location pattern [classpath*:edu/ncsu/csc/itrust2/config/**/*.class] to resources [file [/var/lib/jenkins/jobs/iTrust_Fuzzer/workspace/iTrust2/target/classes/edu/ncsu/csc/itrust2/config/ContextListener.class], file [/var/lib/jenkins/jobs/iTrust_Fuzzer/workspace/iTrust2/target/classes/edu/ncsu/csc/itrust2/config/DataConfiguration.class], file [/var/lib/jenkins/jobs/iTrust_Fuzzer/workspace/iTrust2/target/classes/edu/ncsu/csc/itrust2/config/FailureHandler.class], file [/var/lib/jenkins/jobs/iTrust_Fuzzer/workspace/iTrust2/target/classes/edu/ncsu/csc/itrust2/config/IPFilter.class], file [/var/lib/jenkins/jobs/iTrust_Fuzzer/workspace/iTrust2/target/classes/edu/ncsu/csc/itrust2/config/ITrust2ApplicationInitializer.class], file [/var/lib/jenkins/jobs/iTrust_Fuzzer/workspace/iTrust2/target/classes/edu/ncsu/csc/itrust2/config/ITrust2WebApplicationInitializer.class], file [/var/lib/jenkins/jobs/iTrust_Fuzzer/workspace/iTrust2/target/classes/edu/ncsu/csc/itrust2/config/LoginAuditingListener.class], file [/var/lib/jenkins/jobs/iTrust_Fuzzer/workspace/iTrust2/target/classes/edu/ncsu/csc/itrust2/config/RootConfiguration.class], file [/var/lib/jenkins/jobs/iTrust_Fuzzer/workspace/iTrust2/target/classes/edu/ncsu/csc/itrust2/config/SecurityConfig.class]]
21:59:38.337 [main] DEBUG o.s.c.a.ClassPathBeanDefinitionScanner - Identified candidate component class: file [/var/lib/jenkins/jobs/iTrust_Fuzzer/workspace/iTrust2/target/classes/edu/ncsu/csc/itrust2/config/DataConfiguration.class]
21:59:38.338 [main] DEBUG o.s.c.a.ClassPathBeanDefinitionScanner - Identified candidate component class: file [/var/lib/jenkins/jobs/iTrust_Fuzzer/workspace/iTrust2/target/classes/edu/ncsu/csc/itrust2/config/LoginAuditingListener.class]
21:59:38.338 [main] DEBUG o.s.c.a.ClassPathBeanDefinitionScanner - Identified candidate component class: file [/var/lib/jenkins/jobs/iTrust_Fuzzer/workspace/iTrust2/target/classes/edu/ncsu/csc/itrust2/config/RootConfiguration.class]
21:59:38.338 [main] DEBUG o.s.c.a.ClassPathBeanDefinitionScanner - Identified candidate component class: file [/var/lib/jenkins/jobs/iTrust_Fuzzer/workspace/iTrust2/target/classes/edu/ncsu/csc/itrust2/config/SecurityConfig.class]
21:59:38.355 [main] DEBUG o.s.c.a.ConfigurationClassBeanDefinitionReader - Registering bean definition for @Bean method edu.ncsu.csc.itrust2.config.DataConfiguration.dataSource()
21:59:38.355 [main] DEBUG o.s.c.a.ConfigurationClassBeanDefinitionReader - Registered bean definition for imported class &apos;org.springframework.security.config.annotation.configuration.ObjectPostProcessorConfiguration&apos;
21:59:38.355 [main] DEBUG o.s.c.a.ConfigurationClassBeanDefinitionReader - Registering bean definition for @Bean method org.springframework.security.config.annotation.configuration.ObjectPostProcessorConfiguration.objectPostProcessor()
21:59:38.355 [main] DEBUG o.s.c.a.ConfigurationClassBeanDefinitionReader - Registered bean definition for imported class &apos;org.springframework.security.config.annotation.authentication.configuration.AuthenticationConfiguration&apos;
21:59:38.355 [main] DEBUG o.s.c.a.ConfigurationClassBeanDefinitionReader - Registering bean definition for @Bean method org.springframework.security.config.annotation.authentication.configuration.AuthenticationConfiguration.authenticationManagerBuilder()
21:59:38.355 [main] DEBUG o.s.c.a.ConfigurationClassBeanDefinitionReader - Registering bean definition for @Bean method org.springframework.security.config.annotation.authentication.configuration.AuthenticationConfiguration.enableGlobalAuthenticationAutowiredConfigurer()
21:59:38.355 [main] DEBUG o.s.c.a.ConfigurationClassBeanDefinitionReader - Registering bean definition for @Bean method org.springframework.security.config.annotation.authentication.configuration.AuthenticationConfiguration.initializeUserDetailsBeanManagerConfigurer()
21:59:38.355 [main] DEBUG o.s.c.a.ConfigurationClassBeanDefinitionReader - Registering bean definition for @Bean method org.springframework.security.config.annotation.authentication.configuration.AuthenticationConfiguration.initializeAuthenticationProviderBeanManagerConfigurer()
21:59:38.355 [main] DEBUG o.s.c.a.ConfigurationClassBeanDefinitionReader - Registered bean definition for imported class &apos;org.springframework.security.config.annotation.web.configuration.WebSecurityConfiguration&apos;
21:59:38.355 [main] DEBUG o.s.c.a.ConfigurationClassBeanDefinitionReader - Registering bean definition for @Bean method org.springframework.security.config.annotation.web.configuration.WebSecurityConfiguration.delegatingApplicationListener()
21:59:38.355 [main] DEBUG o.s.c.a.ConfigurationClassBeanDefinitionReader - Registering bean definition for @Bean method org.springframework.security.config.annotation.web.configuration.WebSecurityConfiguration.webSecurityExpressionHandler()
21:59:38.355 [main] DEBUG o.s.c.a.ConfigurationClassBeanDefinitionReader - Registering bean definition for @Bean method org.springframework.security.config.annotation.web.configuration.WebSecurityConfiguration.springSecurityFilterChain()
21:59:38.355 [main] DEBUG o.s.c.a.ConfigurationClassBeanDefinitionReader - Registering bean definition for @Bean method org.springframework.security.config.annotation.web.configuration.WebSecurityConfiguration.privilegeEvaluator()
21:59:38.355 [main] DEBUG o.s.c.a.ConfigurationClassBeanDefinitionReader - Registering bean definition for @Bean method org.springframework.security.config.annotation.web.configuration.WebSecurityConfiguration.autowiredWebSecurityConfigurersIgnoreParents()
21:59:38.355 [main] DEBUG o.s.c.a.ConfigurationClassBeanDefinitionReader - Registered bean definition for imported class &apos;org.springframework.security.config.annotation.web.configuration.WebMvcSecurityConfiguration&apos;
21:59:38.355 [main] DEBUG o.s.c.a.ConfigurationClassBeanDefinitionReader - Registering bean definition for @Bean method org.springframework.security.config.annotation.web.configuration.WebMvcSecurityConfiguration.requestDataValueProcessor()
21:59:38.355 [main] DEBUG o.s.c.a.ConfigurationClassBeanDefinitionReader - Registering bean definition for @Bean method edu.ncsu.csc.itrust2.config.SecurityConfig.passwordEncoder()
21:59:38.355 [main] DEBUG o.s.c.a.ConfigurationClassBeanDefinitionReader - Registering bean definition for @Bean method edu.ncsu.csc.itrust2.config.SecurityConfig.defaultAuthenticationEventPublisher()
21:59:38.355 [main] DEBUG o.s.c.a.ConfigurationClassBeanDefinitionReader - Registering bean definition for @Bean method edu.ncsu.csc.itrust2.config.SecurityConfig.failureHandler()
21:59:38.355 [main] DEBUG o.s.c.a.ConfigurationClassBeanDefinitionReader - Registering bean definition for @Bean method edu.ncsu.csc.itrust2.config.SecurityConfig.ipBlockFilter()
21:59:38.356 [main] DEBUG o.s.c.a.ConfigurationClassBeanDefinitionReader - Registered bean definition for imported class &apos;org.springframework.web.servlet.config.annotation.DelegatingWebMvcConfiguration&apos;
21:59:38.356 [main] DEBUG o.s.c.a.ConfigurationClassBeanDefinitionReader - Registering bean definition for @Bean method org.springframework.web.servlet.config.annotation.DelegatingWebMvcConfiguration.mvcConversionService()
21:59:38.356 [main] DEBUG o.s.c.a.ConfigurationClassBeanDefinitionReader - Registering bean definition for @Bean method org.springframework.web.servlet.config.annotation.DelegatingWebMvcConfiguration.requestMappingHandlerMapping()
21:59:38.356 [main] DEBUG o.s.c.a.ConfigurationClassBeanDefinitionReader - Registering bean definition for @Bean method org.springframework.web.servlet.config.annotation.DelegatingWebMvcConfiguration.mvcPathMatcher()
21:59:38.356 [main] DEBUG o.s.c.a.ConfigurationClassBeanDefinitionReader - Registering bean definition for @Bean method org.springframework.web.servlet.config.annotation.DelegatingWebMvcConfiguration.mvcUrlPathHelper()
21:59:38.356 [main] DEBUG o.s.c.a.ConfigurationClassBeanDefinitionReader - Registering bean definition for @Bean method org.springframework.web.servlet.config.annotation.DelegatingWebMvcConfiguration.mvcContentNegotiationManager()
21:59:38.356 [main] DEBUG o.s.c.a.ConfigurationClassBeanDefinitionReader - Registering bean definition for @Bean method org.springframework.web.servlet.config.annotation.DelegatingWebMvcConfiguration.viewControllerHandlerMapping()
21:59:38.356 [main] DEBUG o.s.c.a.ConfigurationClassBeanDefinitionReader - Registering bean definition for @Bean method org.springframework.web.servlet.config.annotation.DelegatingWebMvcConfiguration.beanNameHandlerMapping()
21:59:38.356 [main] DEBUG o.s.c.a.ConfigurationClassBeanDefinitionReader - Registering bean definition for @Bean method org.springframework.web.servlet.config.annotation.DelegatingWebMvcConfiguration.resourceHandlerMapping()
21:59:38.356 [main] DEBUG o.s.c.a.ConfigurationClassBeanDefinitionReader - Registering bean definition for @Bean method org.springframework.web.servlet.config.annotation.DelegatingWebMvcConfiguration.mvcResourceUrlProvider()
21:59:38.356 [main] DEBUG o.s.c.a.ConfigurationClassBeanDefinitionReader - Registering bean definition for @Bean method org.springframework.web.servlet.config.annotation.DelegatingWebMvcConfiguration.defaultServletHandlerMapping()
21:59:38.356 [main] DEBUG o.s.c.a.ConfigurationClassBeanDefinitionReader - Registering bean definition for @Bean method org.springframework.web.servlet.config.annotation.DelegatingWebMvcConfiguration.requestMappingHandlerAdapter()
21:59:38.356 [main] DEBUG o.s.c.a.ConfigurationClassBeanDefinitionReader - Registering bean definition for @Bean method org.springframework.web.servlet.config.annotation.DelegatingWebMvcConfiguration.mvcValidator()
21:59:38.357 [main] DEBUG o.s.c.a.ConfigurationClassBeanDefinitionReader - Registering bean definition for @Bean method org.springframework.web.servlet.config.annotation.DelegatingWebMvcConfiguration.mvcUriComponentsContributor()
21:59:38.357 [main] DEBUG o.s.c.a.ConfigurationClassBeanDefinitionReader - Registering bean definition for @Bean method org.springframework.web.servlet.config.annotation.DelegatingWebMvcConfiguration.httpRequestHandlerAdapter()
21:59:38.357 [main] DEBUG o.s.c.a.ConfigurationClassBeanDefinitionReader - Registering bean definition for @Bean method org.springframework.web.servlet.config.annotation.DelegatingWebMvcConfiguration.simpleControllerHandlerAdapter()
21:59:38.357 [main] DEBUG o.s.c.a.ConfigurationClassBeanDefinitionReader - Registering bean definition for @Bean method org.springframework.web.servlet.config.annotation.DelegatingWebMvcConfiguration.handlerExceptionResolver()
21:59:38.357 [main] DEBUG o.s.c.a.ConfigurationClassBeanDefinitionReader - Registering bean definition for @Bean method org.springframework.web.servlet.config.annotation.DelegatingWebMvcConfiguration.mvcViewResolver()
21:59:38.357 [main] DEBUG o.s.c.a.ConfigurationClassBeanDefinitionReader - Registered bean definition for imported class &apos;org.springframework.security.config.annotation.method.configuration.GlobalMethodSecurityConfiguration&apos;
21:59:38.357 [main] DEBUG o.s.c.a.ConfigurationClassBeanDefinitionReader - Registering bean definition for @Bean method org.springframework.security.config.annotation.method.configuration.GlobalMethodSecurityConfiguration.methodSecurityInterceptor()
21:59:38.357 [main] DEBUG o.s.c.a.ConfigurationClassBeanDefinitionReader - Registering bean definition for @Bean method org.springframework.security.config.annotation.method.configuration.GlobalMethodSecurityConfiguration.methodSecurityMetadataSource()
21:59:38.357 [main] DEBUG o.s.c.a.ConfigurationClassBeanDefinitionReader - Registering bean definition for @Bean method org.springframework.security.config.annotation.method.configuration.GlobalMethodSecurityConfiguration.preInvocationAuthorizationAdvice()
21:59:38.357 [main] DEBUG o.s.c.a.ConfigurationClassBeanDefinitionReader - Registering bean definition for @Bean method edu.ncsu.csc.itrust2.mvc.config.WebMvcConfiguration.viewResolver()
21:59:38.357 [main] DEBUG o.s.c.a.ConfigurationClassBeanDefinitionReader - Registering bean definition for @Bean method edu.ncsu.csc.itrust2.mvc.config.WebMvcConfiguration.templateEngine()
21:59:38.357 [main] DEBUG o.s.c.a.ConfigurationClassBeanDefinitionReader - Registering bean definition for @Bean method edu.ncsu.csc.itrust2.mvc.config.WebMvcConfiguration.domainClassConverter()
21:59:38.359 [main] DEBUG o.s.c.a.ConfigurationClassEnhancer - Successfully enhanced edu.ncsu.csc.itrust2.config.RootConfiguration; enhanced class name is: edu.ncsu.csc.itrust2.config.RootConfiguration$$EnhancerBySpringCGLIB$$c1d00685
21:59:38.359 [main] DEBUG o.s.c.a.ConfigurationClassPostProcessor - Replacing bean definition &apos;rootConfiguration&apos; existing class &apos;edu.ncsu.csc.itrust2.config.RootConfiguration&apos; with enhanced class &apos;edu.ncsu.csc.itrust2.config.RootConfiguration$$EnhancerBySpringCGLIB$$c1d00685&apos;
21:59:38.359 [main] DEBUG o.s.c.a.ConfigurationClassEnhancer - Successfully enhanced edu.ncsu.csc.itrust2.mvc.config.WebMvcConfiguration; enhanced class name is: edu.ncsu.csc.itrust2.mvc.config.WebMvcConfiguration$$EnhancerBySpringCGLIB$$de7b09d5
21:59:38.359 [main] DEBUG o.s.c.a.ConfigurationClassPostProcessor - Replacing bean definition &apos;webMvcConfiguration&apos; existing class &apos;edu.ncsu.csc.itrust2.mvc.config.WebMvcConfiguration&apos; with enhanced class &apos;edu.ncsu.csc.itrust2.mvc.config.WebMvcConfiguration$$EnhancerBySpringCGLIB$$de7b09d5&apos;
21:59:38.359 [main] DEBUG o.s.c.a.ConfigurationClassEnhancer - Successfully enhanced edu.ncsu.csc.itrust2.config.DataConfiguration; enhanced class name is: edu.ncsu.csc.itrust2.config.DataConfiguration$$EnhancerBySpringCGLIB$$60f4bbd
21:59:38.359 [main] DEBUG o.s.c.a.ConfigurationClassPostProcessor - Replacing bean definition &apos;dataConfiguration&apos; existing class &apos;edu.ncsu.csc.itrust2.config.DataConfiguration&apos; with enhanced class &apos;edu.ncsu.csc.itrust2.config.DataConfiguration$$EnhancerBySpringCGLIB$$60f4bbd&apos;
21:59:38.359 [main] DEBUG o.s.c.a.ConfigurationClassEnhancer - Successfully enhanced edu.ncsu.csc.itrust2.config.SecurityConfig; enhanced class name is: edu.ncsu.csc.itrust2.config.SecurityConfig$$EnhancerBySpringCGLIB$$f88fd361
21:59:38.359 [main] DEBUG o.s.c.a.ConfigurationClassPostProcessor - Replacing bean definition &apos;securityConfig&apos; existing class &apos;edu.ncsu.csc.itrust2.config.SecurityConfig&apos; with enhanced class &apos;edu.ncsu.csc.itrust2.config.SecurityConfig$$EnhancerBySpringCGLIB$$f88fd361&apos;
21:59:38.359 [main] DEBUG o.s.c.a.ConfigurationClassEnhancer - Successfully enhanced org.springframework.security.config.annotation.configuration.ObjectPostProcessorConfiguration; enhanced class name is: org.springframework.security.config.annotation.configuration.ObjectPostProcessorConfiguration$$EnhancerBySpringCGLIB$$6851d2d
21:59:38.359 [main] DEBUG o.s.c.a.ConfigurationClassPostProcessor - Replacing bean definition &apos;org.springframework.security.config.annotation.configuration.ObjectPostProcessorConfiguration&apos; existing class &apos;org.springframework.security.config.annotation.configuration.ObjectPostProcessorConfiguration&apos; with enhanced class &apos;org.springframework.security.config.annotation.configuration.ObjectPostProcessorConfiguration$$EnhancerBySpringCGLIB$$6851d2d&apos;
21:59:38.359 [main] DEBUG o.s.c.a.ConfigurationClassEnhancer - Successfully enhanced org.springframework.security.config.annotation.authentication.configuration.AuthenticationConfiguration; enhanced class name is: org.springframework.security.config.annotation.authentication.configuration.AuthenticationConfiguration$$EnhancerBySpringCGLIB$$524e27a2
21:59:38.359 [main] DEBUG o.s.c.a.ConfigurationClassPostProcessor - Replacing bean definition &apos;org.springframework.security.config.annotation.authentication.configuration.AuthenticationConfiguration&apos; existing class &apos;org.springframework.security.config.annotation.authentication.configuration.AuthenticationConfiguration&apos; with enhanced class &apos;org.springframework.security.config.annotation.authentication.configuration.AuthenticationConfiguration$$EnhancerBySpringCGLIB$$524e27a2&apos;
21:59:38.359 [main] DEBUG o.s.c.a.ConfigurationClassEnhancer - Successfully enhanced org.springframework.security.config.annotation.authentication.configuration.AuthenticationConfiguration; enhanced class name is: org.springframework.security.config.annotation.authentication.configuration.AuthenticationConfiguration$$EnhancerBySpringCGLIB$$524e27a2
21:59:38.359 [main] DEBUG o.s.c.a.ConfigurationClassPostProcessor - Replacing bean definition &apos;enableGlobalAuthenticationAutowiredConfigurer&apos; existing class &apos;org.springframework.security.config.annotation.authentication.configuration.AuthenticationConfiguration&apos; with enhanced class &apos;org.springframework.security.config.annotation.authentication.configuration.AuthenticationConfiguration$$EnhancerBySpringCGLIB$$524e27a2&apos;
21:59:38.359 [main] DEBUG o.s.c.a.ConfigurationClassEnhancer - Successfully enhanced org.springframework.security.config.annotation.authentication.configuration.AuthenticationConfiguration; enhanced class name is: org.springframework.security.config.annotation.authentication.configuration.AuthenticationConfiguration$$EnhancerBySpringCGLIB$$524e27a2
21:59:38.359 [main] DEBUG o.s.c.a.ConfigurationClassPostProcessor - Replacing bean definition &apos;initializeUserDetailsBeanManagerConfigurer&apos; existing class &apos;org.springframework.security.config.annotation.authentication.configuration.AuthenticationConfiguration&apos; with enhanced class &apos;org.springframework.security.config.annotation.authentication.configuration.AuthenticationConfiguration$$EnhancerBySpringCGLIB$$524e27a2&apos;
21:59:38.359 [main] DEBUG o.s.c.a.ConfigurationClassEnhancer - Successfully enhanced org.springframework.security.config.annotation.authentication.configuration.AuthenticationConfiguration; enhanced class name is: org.springframework.security.config.annotation.authentication.configuration.AuthenticationConfiguration$$EnhancerBySpringCGLIB$$524e27a2
21:59:38.359 [main] DEBUG o.s.c.a.ConfigurationClassPostProcessor - Replacing bean definition &apos;initializeAuthenticationProviderBeanManagerConfigurer&apos; existing class &apos;org.springframework.security.config.annotation.authentication.configuration.AuthenticationConfiguration&apos; with enhanced class &apos;org.springframework.security.config.annotation.authentication.configuration.AuthenticationConfiguration$$EnhancerBySpringCGLIB$$524e27a2&apos;
21:59:38.359 [main] DEBUG o.s.c.a.ConfigurationClassEnhancer - Successfully enhanced org.springframework.security.config.annotation.web.configuration.WebSecurityConfiguration; enhanced class name is: org.springframework.security.config.annotation.web.configuration.WebSecurityConfiguration$$EnhancerBySpringCGLIB$$150881e6
21:59:38.360 [main] DEBUG o.s.c.a.ConfigurationClassPostProcessor - Replacing bean definition &apos;org.springframework.security.config.annotation.web.configuration.WebSecurityConfiguration&apos; existing class &apos;org.springframework.security.config.annotation.web.configuration.WebSecurityConfiguration&apos; with enhanced class &apos;org.springframework.security.config.annotation.web.configuration.WebSecurityConfiguration$$EnhancerBySpringCGLIB$$150881e6&apos;
21:59:38.360 [main] DEBUG o.s.c.a.ConfigurationClassEnhancer - Successfully enhanced org.springframework.security.config.annotation.web.configuration.WebSecurityConfiguration; enhanced class name is: org.springframework.security.config.annotation.web.configuration.WebSecurityConfiguration$$EnhancerBySpringCGLIB$$150881e6
21:59:38.360 [main] DEBUG o.s.c.a.ConfigurationClassPostProcessor - Replacing bean definition &apos;delegatingApplicationListener&apos; existing class &apos;org.springframework.security.config.annotation.web.configuration.WebSecurityConfiguration&apos; with enhanced class &apos;org.springframework.security.config.annotation.web.configuration.WebSecurityConfiguration$$EnhancerBySpringCGLIB$$150881e6&apos;
21:59:38.360 [main] DEBUG o.s.c.a.ConfigurationClassEnhancer - Successfully enhanced org.springframework.web.servlet.config.annotation.DelegatingWebMvcConfiguration; enhanced class name is: org.springframework.web.servlet.config.annotation.DelegatingWebMvcConfiguration$$EnhancerBySpringCGLIB$$32983a29
21:59:38.360 [main] DEBUG o.s.c.a.ConfigurationClassPostProcessor - Replacing bean definition &apos;org.springframework.web.servlet.config.annotation.DelegatingWebMvcConfiguration&apos; existing class &apos;org.springframework.web.servlet.config.annotation.DelegatingWebMvcConfiguration&apos; with enhanced class &apos;org.springframework.web.servlet.config.annotation.DelegatingWebMvcConfiguration$$EnhancerBySpringCGLIB$$32983a29&apos;
21:59:38.360 [main] DEBUG o.s.c.a.ConfigurationClassEnhancer - Successfully enhanced org.springframework.security.config.annotation.method.configuration.GlobalMethodSecurityConfiguration; enhanced class name is: org.springframework.security.config.annotation.method.configuration.GlobalMethodSecurityConfiguration$$EnhancerBySpringCGLIB$$2b59bfdf
21:59:38.360 [main] DEBUG o.s.c.a.ConfigurationClassPostProcessor - Replacing bean definition &apos;org.springframework.security.config.annotation.method.configuration.GlobalMethodSecurityConfiguration&apos; existing class &apos;org.springframework.security.config.annotation.method.configuration.GlobalMethodSecurityConfiguration&apos; with enhanced class &apos;org.springframework.security.config.annotation.method.configuration.GlobalMethodSecurityConfiguration$$EnhancerBySpringCGLIB$$2b59bfdf&apos;
21:59:38.361 [main] DEBUG o.s.b.f.s.DefaultListableBeanFactory - Creating shared instance of singleton bean &apos;org.springframework.context.annotation.internalAutowiredAnnotationProcessor&apos;
21:59:38.361 [main] DEBUG o.s.b.f.s.DefaultListableBeanFactory - Creating instance of bean &apos;org.springframework.context.annotation.internalAutowiredAnnotationProcessor&apos;
21:59:38.361 [main] DEBUG o.s.b.f.s.DefaultListableBeanFactory - Eagerly caching bean &apos;org.springframework.context.annotation.internalAutowiredAnnotationProcessor&apos; to allow for resolving potential circular references
21:59:38.363 [main] DEBUG o.s.b.f.s.DefaultListableBeanFactory - Finished creating instance of bean &apos;org.springframework.context.annotation.internalAutowiredAnnotationProcessor&apos;
21:59:38.363 [main] DEBUG o.s.b.f.s.DefaultListableBeanFactory - Creating shared instance of singleton bean &apos;org.springframework.context.annotation.internalRequiredAnnotationProcessor&apos;
21:59:38.363 [main] DEBUG o.s.b.f.s.DefaultListableBeanFactory - Creating instance of bean &apos;org.springframework.context.annotation.internalRequiredAnnotationProcessor&apos;
21:59:38.363 [main] DEBUG o.s.b.f.s.DefaultListableBeanFactory - Eagerly caching bean &apos;org.springframework.context.annotation.internalRequiredAnnotationProcessor&apos; to allow for resolving potential circular references
21:59:38.364 [main] DEBUG o.s.b.f.s.DefaultListableBeanFactory - Finished creating instance of bean &apos;org.springframework.context.annotation.internalRequiredAnnotationProcessor&apos;
21:59:38.364 [main] DEBUG o.s.b.f.s.DefaultListableBeanFactory - Creating shared instance of singleton bean &apos;org.springframework.context.annotation.internalCommonAnnotationProcessor&apos;
21:59:38.364 [main] DEBUG o.s.b.f.s.DefaultListableBeanFactory - Creating instance of bean &apos;org.springframework.context.annotation.internalCommonAnnotationProcessor&apos;
21:59:38.364 [main] DEBUG o.s.b.f.s.DefaultListableBeanFactory - Eagerly caching bean &apos;org.springframework.context.annotation.internalCommonAnnotationProcessor&apos; to allow for resolving potential circular references
21:59:38.366 [main] DEBUG o.s.b.f.s.DefaultListableBeanFactory - Finished creating instance of bean &apos;org.springframework.context.annotation.internalCommonAnnotationProcessor&apos;
21:59:38.367 [main] DEBUG o.s.b.f.s.DefaultListableBeanFactory - Creating shared instance of singleton bean &apos;org.springframework.context.annotation.internalPersistenceAnnotationProcessor&apos;
21:59:38.367 [main] DEBUG o.s.b.f.s.DefaultListableBeanFactory - Creating instance of bean &apos;org.springframework.context.annotation.internalPersistenceAnnotationProcessor&apos;
21:59:38.367 [main] DEBUG o.s.b.f.s.DefaultListableBeanFactory - Eagerly caching bean &apos;org.springframework.context.annotation.internalPersistenceAnnotationProcessor&apos; to allow for resolving potential circular references
21:59:38.369 [main] DEBUG o.s.b.f.s.DefaultListableBeanFactory - Finished creating instance of bean &apos;org.springframework.context.annotation.internalPersistenceAnnotationProcessor&apos;
21:59:38.369 [main] DEBUG o.s.b.f.s.DefaultListableBeanFactory - Creating shared instance of singleton bean &apos;org.springframework.aop.config.internalAutoProxyCreator&apos;
21:59:38.369 [main] DEBUG o.s.b.f.s.DefaultListableBeanFactory - Creating instance of bean &apos;org.springframework.aop.config.internalAutoProxyCreator&apos;
21:59:38.369 [main] DEBUG o.s.b.f.s.DefaultListableBeanFactory - Eagerly caching bean &apos;org.springframework.aop.config.internalAutoProxyCreator&apos; to allow for resolving potential circular references
21:59:38.371 [main] DEBUG o.s.b.f.s.DefaultListableBeanFactory - Finished creating instance of bean &apos;org.springframework.aop.config.internalAutoProxyCreator&apos;
21:59:38.371 [main] DEBUG o.s.w.c.s.GenericWebApplicationContext - Unable to locate MessageSource with name &apos;messageSource&apos;: using default [org.springframework.context.support.DelegatingMessageSource@48c5ddb4]
21:59:38.371 [main] DEBUG o.s.w.c.s.GenericWebApplicationContext - Unable to locate ApplicationEventMulticaster with name &apos;applicationEventMulticaster&apos;: using default [org.springframework.context.event.SimpleApplicationEventMulticaster@351bd548]
21:59:38.371 [main] DEBUG o.s.u.c.s.UiApplicationContextUtils - Unable to locate ThemeSource with name &apos;themeSource&apos;: using default [org.springframework.ui.context.support.ResourceBundleThemeSource@620a24dd]
21:59:38.372 [main] DEBUG o.s.b.f.s.DefaultListableBeanFactory - Pre-instantiating singletons in org.springframework.beans.factory.support.DefaultListableBeanFactory@49bb647f: defining beans [org.springframework.context.annotation.internalConfigurationAnnotationProcessor,org.springframework.context.annotation.internalAutowiredAnnotationProcessor,org.springframework.context.annotation.internalRequiredAnnotationProcessor,org.springframework.context.annotation.
...[truncated 190277 chars]...
su.csc.itrust2.controllers.patient.PatientController.viewDemographics(org.springframework.ui.Model)]] with attributes [[authorize: &apos;hasRole(&apos;ROLE_PATIENT&apos;)&apos;, filter: &apos;null&apos;, filterTarget: &apos;null&apos;]]
21:59:38.621 [main] DEBUG o.s.aop.framework.CglibAopProxy - Unable to apply any optimisations to advised method: public java.lang.String edu.ncsu.csc.itrust2.controllers.patient.PatientController.viewDemographics(org.springframework.ui.Model)
21:59:38.621 [main] DEBUG o.s.s.a.p.PrePostAnnotationSecurityMetadataSource - @org.springframework.security.access.prepost.PreAuthorize(value=hasRole(&apos;ROLE_PATIENT&apos;)) found on specific method: public java.lang.String edu.ncsu.csc.itrust2.controllers.patient.PatientController.demographicsSubmit(edu.ncsu.csc.itrust2.forms.hcp_patient.PatientForm,org.springframework.validation.BindingResult,org.springframework.ui.Model)
21:59:38.621 [main] DEBUG o.s.s.a.m.DelegatingMethodSecurityMetadataSource - Caching method [CacheKey[edu.ncsu.csc.itrust2.controllers.patient.PatientController; public java.lang.String edu.ncsu.csc.itrust2.controllers.patient.PatientController.demographicsSubmit(edu.ncsu.csc.itrust2.forms.hcp_patient.PatientForm,org.springframework.validation.BindingResult,org.springframework.ui.Model)]] with attributes [[authorize: &apos;hasRole(&apos;ROLE_PATIENT&apos;)&apos;, filter: &apos;null&apos;, filterTarget: &apos;null&apos;]]
21:59:38.621 [main] DEBUG o.s.aop.framework.CglibAopProxy - Unable to apply any optimisations to advised method: public java.lang.String edu.ncsu.csc.itrust2.controllers.patient.PatientController.demographicsSubmit(edu.ncsu.csc.itrust2.forms.hcp_patient.PatientForm,org.springframework.validation.BindingResult,org.springframework.ui.Model)
21:59:38.621 [main] DEBUG o.s.s.a.p.PrePostAnnotationSecurityMetadataSource - @org.springframework.security.access.prepost.PreAuthorize(value=hasRole(&apos;ROLE_PATIENT&apos;)) found on specific method: public java.lang.String edu.ncsu.csc.itrust2.controllers.patient.PatientController.index(org.springframework.ui.Model)
21:59:38.621 [main] DEBUG o.s.s.a.m.DelegatingMethodSecurityMetadataSource - Caching method [CacheKey[edu.ncsu.csc.itrust2.controllers.patient.PatientController; public java.lang.String edu.ncsu.csc.itrust2.controllers.patient.PatientController.index(org.springframework.ui.Model)]] with attributes [[authorize: &apos;hasRole(&apos;ROLE_PATIENT&apos;)&apos;, filter: &apos;null&apos;, filterTarget: &apos;null&apos;]]
21:59:38.621 [main] DEBUG o.s.aop.framework.CglibAopProxy - Unable to apply any optimisations to advised method: public java.lang.String edu.ncsu.csc.itrust2.controllers.patient.PatientController.index(org.springframework.ui.Model)
21:59:38.621 [main] DEBUG o.s.aop.framework.CglibAopProxy - Found &apos;equals&apos; method: public boolean java.lang.Object.equals(java.lang.Object)
21:59:38.621 [main] DEBUG o.s.aop.framework.CglibAopProxy - Unable to apply any optimisations to advised method: public java.lang.String java.lang.Object.toString()
21:59:38.621 [main] DEBUG o.s.aop.framework.CglibAopProxy - Found &apos;hashCode&apos; method: public native int java.lang.Object.hashCode()
21:59:38.621 [main] DEBUG o.s.aop.framework.CglibAopProxy - Unable to apply any optimisations to advised method: protected native java.lang.Object java.lang.Object.clone() throws java.lang.CloneNotSupportedException
21:59:38.621 [main] DEBUG o.s.aop.framework.CglibAopProxy - Method is declared on Advised interface: public abstract void org.springframework.aop.framework.Advised.setTargetSource(org.springframework.aop.TargetSource)
21:59:38.621 [main] DEBUG o.s.aop.framework.CglibAopProxy - Method is declared on Advised interface: public abstract org.springframework.aop.TargetSource org.springframework.aop.framework.Advised.getTargetSource()
21:59:38.621 [main] DEBUG o.s.aop.framework.CglibAopProxy - Method is declared on Advised interface: public abstract boolean org.springframework.aop.framework.Advised.isProxyTargetClass()
21:59:38.621 [main] DEBUG o.s.aop.framework.CglibAopProxy - Method is declared on Advised interface: public abstract void org.springframework.aop.framework.Advised.addAdvisor(org.springframework.aop.Advisor) throws org.springframework.aop.framework.AopConfigException
21:59:38.621 [main] DEBUG o.s.aop.framework.CglibAopProxy - Method is declared on Advised interface: public abstract void org.springframework.aop.framework.Advised.addAdvisor(int,org.springframework.aop.Advisor) throws org.springframework.aop.framework.AopConfigException
21:59:38.621 [main] DEBUG o.s.aop.framework.CglibAopProxy - Method is declared on Advised interface: public abstract void org.springframework.aop.framework.Advised.setPreFiltered(boolean)
21:59:38.621 [main] DEBUG o.s.aop.framework.CglibAopProxy - Method is declared on Advised interface: public abstract void org.springframework.aop.framework.Advised.setExposeProxy(boolean)
21:59:38.621 [main] DEBUG o.s.aop.framework.CglibAopProxy - Method is declared on Advised interface: public abstract boolean org.springframework.aop.framework.Advised.isExposeProxy()
21:59:38.621 [main] DEBUG o.s.aop.framework.CglibAopProxy - Method is declared on Advised interface: public abstract boolean org.springframework.aop.framework.Advised.isPreFiltered()
21:59:38.621 [main] DEBUG o.s.aop.framework.CglibAopProxy - Method is declared on Advised interface: public abstract java.lang.Class[] org.springframework.aop.framework.Advised.getProxiedInterfaces()
21:59:38.621 [main] DEBUG o.s.aop.framework.CglibAopProxy - Method is declared on Advised interface: public abstract boolean org.springframework.aop.framework.Advised.isInterfaceProxied(java.lang.Class)
21:59:38.621 [main] DEBUG o.s.aop.framework.CglibAopProxy - Method is declared on Advised interface: public abstract org.springframework.aop.Advisor[] org.springframework.aop.framework.Advised.getAdvisors()
21:59:38.621 [main] DEBUG o.s.aop.framework.CglibAopProxy - Method is declared on Advised interface: public abstract void org.springframework.aop.framework.Advised.removeAdvisor(int) throws org.springframework.aop.framework.AopConfigException
21:59:38.621 [main] DEBUG o.s.aop.framework.CglibAopProxy - Method is declared on Advised interface: public abstract boolean org.springframework.aop.framework.Advised.removeAdvisor(org.springframework.aop.Advisor)
21:59:38.621 [main] DEBUG o.s.aop.framework.CglibAopProxy - Method is declared on Advised interface: public abstract boolean org.springframework.aop.framework.Advised.replaceAdvisor(org.springframework.aop.Advisor,org.springframework.aop.Advisor) throws org.springframework.aop.framework.AopConfigException
21:59:38.621 [main] DEBUG o.s.aop.framework.CglibAopProxy - Method is declared on Advised interface: public abstract boolean org.springframework.aop.framework.Advised.removeAdvice(org.aopalliance.aop.Advice)
21:59:38.621 [main] DEBUG o.s.aop.framework.CglibAopProxy - Method is declared on Advised interface: public abstract java.lang.String org.springframework.aop.framework.Advised.toProxyConfigString()
21:59:38.621 [main] DEBUG o.s.aop.framework.CglibAopProxy - Method is declared on Advised interface: public abstract void org.springframework.aop.framework.Advised.addAdvice(int,org.aopalliance.aop.Advice) throws org.springframework.aop.framework.AopConfigException
21:59:38.621 [main] DEBUG o.s.aop.framework.CglibAopProxy - Method is declared on Advised interface: public abstract void org.springframework.aop.framework.Advised.addAdvice(org.aopalliance.aop.Advice) throws org.springframework.aop.framework.AopConfigException
21:59:38.621 [main] DEBUG o.s.aop.framework.CglibAopProxy - Method is declared on Advised interface: public abstract int org.springframework.aop.framework.Advised.indexOf(org.aopalliance.aop.Advice)
21:59:38.621 [main] DEBUG o.s.aop.framework.CglibAopProxy - Method is declared on Advised interface: public abstract int org.springframework.aop.framework.Advised.indexOf(org.springframework.aop.Advisor)
21:59:38.621 [main] DEBUG o.s.aop.framework.CglibAopProxy - Method is declared on Advised interface: public abstract boolean org.springframework.aop.framework.Advised.isFrozen()
21:59:38.621 [main] DEBUG o.s.aop.framework.CglibAopProxy - Method is declared on Advised interface: public abstract java.lang.Class org.springframework.aop.TargetClassAware.getTargetClass()
21:59:38.626 [main] DEBUG o.s.b.f.s.DefaultListableBeanFactory - Finished creating instance of bean &apos;patientController&apos;
21:59:38.626 [main] DEBUG o.s.b.f.s.DefaultListableBeanFactory - Creating shared instance of singleton bean &apos;passwordController&apos;
21:59:38.626 [main] DEBUG o.s.b.f.s.DefaultListableBeanFactory - Creating instance of bean &apos;passwordController&apos;
21:59:38.626 [main] DEBUG o.s.b.f.s.DefaultListableBeanFactory - Eagerly caching bean &apos;passwordController&apos; to allow for resolving potential circular references
21:59:38.626 [main] DEBUG o.s.b.f.s.DefaultListableBeanFactory - Returning cached instance of singleton bean &apos;metaDataSourceAdvisor&apos;
21:59:38.626 [main] DEBUG o.s.b.f.s.DefaultListableBeanFactory - Finished creating instance of bean &apos;passwordController&apos;
21:59:38.626 [main] DEBUG o.s.b.f.s.DefaultListableBeanFactory - Creating shared instance of singleton bean &apos;userController&apos;
21:59:38.626 [main] DEBUG o.s.b.f.s.DefaultListableBeanFactory - Creating instance of bean &apos;userController&apos;
21:59:38.626 [main] DEBUG o.s.b.f.s.DefaultListableBeanFactory - Eagerly caching bean &apos;userController&apos; to allow for resolving potential circular references
21:59:38.626 [main] DEBUG o.s.b.f.s.DefaultListableBeanFactory - Returning cached instance of singleton bean &apos;metaDataSourceAdvisor&apos;
21:59:38.626 [main] DEBUG o.s.s.a.p.PrePostAnnotationSecurityMetadataSource - @org.springframework.security.access.prepost.PreAuthorize(value=hasRole(&apos;ROLE_HCP&apos;) or hasRole(&apos;ROLE_ADMIN&apos;)) found on specific method: public java.lang.String edu.ncsu.csc.itrust2.controllers.personnel.UserController.viewDemographics(org.springframework.ui.Model)
21:59:38.626 [main] DEBUG o.s.s.a.m.DelegatingMethodSecurityMetadataSource - Caching method [CacheKey[edu.ncsu.csc.itrust2.controllers.personnel.UserController; public java.lang.String edu.ncsu.csc.itrust2.controllers.personnel.UserController.viewDemographics(org.springframework.ui.Model)]] with attributes [[authorize: &apos;hasRole(&apos;ROLE_HCP&apos;) or hasRole(&apos;ROLE_ADMIN&apos;)&apos;, filter: &apos;null&apos;, filterTarget: &apos;null&apos;]]
21:59:38.626 [main] DEBUG o.s.a.f.a.InfrastructureAdvisorAutoProxyCreator - Creating implicit proxy for bean &apos;userController&apos; with 0 common interceptors and 1 specific interceptors
21:59:38.626 [main] DEBUG o.s.aop.framework.CglibAopProxy - Creating CGLIB proxy: target source is SingletonTargetSource for target object [edu.ncsu.csc.itrust2.controllers.personnel.UserController@20507fc3]
21:59:38.627 [main] DEBUG o.s.aop.framework.CglibAopProxy - Unable to apply any optimisations to advised method: public java.lang.String edu.ncsu.csc.itrust2.controllers.personnel.UserController.viewDemographics(org.springframework.ui.Model)
21:59:38.627 [main] DEBUG o.s.s.a.p.PrePostAnnotationSecurityMetadataSource - @org.springframework.security.access.prepost.PreAuthorize(value=hasRole(&apos;ROLE_HCP&apos;) or hasRole(&apos;ROLE_ADMIN&apos;)) found on specific method: public java.lang.String edu.ncsu.csc.itrust2.controllers.personnel.UserController.demographicsSubmit(edu.ncsu.csc.itrust2.forms.personnel.PersonnelForm,org.springframework.validation.BindingResult,org.springframework.ui.Model)
21:59:38.627 [main] DEBUG o.s.s.a.m.DelegatingMethodSecurityMetadataSource - Caching method [CacheKey[edu.ncsu.csc.itrust2.controllers.personnel.UserController; public java.lang.String edu.ncsu.csc.itrust2.controllers.personnel.UserController.demographicsSubmit(edu.ncsu.csc.itrust2.forms.personnel.PersonnelForm,org.springframework.validation.BindingResult,org.springframework.ui.Model)]] with attributes [[authorize: &apos;hasRole(&apos;ROLE_HCP&apos;) or hasRole(&apos;ROLE_ADMIN&apos;)&apos;, filter: &apos;null&apos;, filterTarget: &apos;null&apos;]]
21:59:38.627 [main] DEBUG o.s.aop.framework.CglibAopProxy - Unable to apply any optimisations to advised method: public java.lang.String edu.ncsu.csc.itrust2.controllers.personnel.UserController.demographicsSubmit(edu.ncsu.csc.itrust2.forms.personnel.PersonnelForm,org.springframework.validation.BindingResult,org.springframework.ui.Model)
21:59:38.627 [main] DEBUG o.s.aop.framework.CglibAopProxy - Found &apos;equals&apos; method: public boolean java.lang.Object.equals(java.lang.Object)
21:59:38.627 [main] DEBUG o.s.aop.framework.CglibAopProxy - Unable to apply any optimisations to advised method: public java.lang.String java.lang.Object.toString()
21:59:38.627 [main] DEBUG o.s.aop.framework.CglibAopProxy - Found &apos;hashCode&apos; method: public native int java.lang.Object.hashCode()
21:59:38.627 [main] DEBUG o.s.aop.framework.CglibAopProxy - Unable to apply any optimisations to advised method: protected native java.lang.Object java.lang.Object.clone() throws java.lang.CloneNotSupportedException
21:59:38.627 [main] DEBUG o.s.aop.framework.CglibAopProxy - Method is declared on Advised interface: public abstract void org.springframework.aop.framework.Advised.setTargetSource(org.springframework.aop.TargetSource)
21:59:38.627 [main] DEBUG o.s.aop.framework.CglibAopProxy - Method is declared on Advised interface: public abstract org.springframework.aop.TargetSource org.springframework.aop.framework.Advised.getTargetSource()
21:59:38.627 [main] DEBUG o.s.aop.framework.CglibAopProxy - Method is declared on Advised interface: public abstract boolean org.springframework.aop.framework.Advised.isProxyTargetClass()
21:59:38.627 [main] DEBUG o.s.aop.framework.CglibAopProxy - Method is declared on Advised interface: public abstract void org.springframework.aop.framework.Advised.addAdvisor(org.springframework.aop.Advisor) throws org.springframework.aop.framework.AopConfigException
21:59:38.627 [main] DEBUG o.s.aop.framework.CglibAopProxy - Method is declared on Advised interface: public abstract void org.springframework.aop.framework.Advised.addAdvisor(int,org.springframework.aop.Advisor) throws org.springframework.aop.framework.AopConfigException
21:59:38.627 [main] DEBUG o.s.aop.framework.CglibAopProxy - Method is declared on Advised interface: public abstract void org.springframework.aop.framework.Advised.setPreFiltered(boolean)
21:59:38.627 [main] DEBUG o.s.aop.framework.CglibAopProxy - Method is declared on Advised interface: public abstract void org.springframework.aop.framework.Advised.setExposeProxy(boolean)
21:59:38.627 [main] DEBUG o.s.aop.framework.CglibAopProxy - Method is declared on Advised interface: public abstract boolean org.springframework.aop.framework.Advised.isExposeProxy()
21:59:38.627 [main] DEBUG o.s.aop.framework.CglibAopProxy - Method is declared on Advised interface: public abstract boolean org.springframework.aop.framework.Advised.isPreFiltered()
21:59:38.627 [main] DEBUG o.s.aop.framework.CglibAopProxy - Method is declared on Advised interface: public abstract java.lang.Class[] org.springframework.aop.framework.Advised.getProxiedInterfaces()
21:59:38.627 [main] DEBUG o.s.aop.framework.CglibAopProxy - Method is declared on Advised interface: public abstract boolean org.springframework.aop.framework.Advised.isInterfaceProxied(java.lang.Class)
21:59:38.627 [main] DEBUG o.s.aop.framework.CglibAopProxy - Method is declared on Advised interface: public abstract org.springframework.aop.Advisor[] org.springframework.aop.framework.Advised.getAdvisors()
21:59:38.627 [main] DEBUG o.s.aop.framework.CglibAopProxy - Method is declared on Advised interface: public abstract void org.springframework.aop.framework.Advised.removeAdvisor(int) throws org.springframework.aop.framework.AopConfigException
21:59:38.627 [main] DEBUG o.s.aop.framework.CglibAopProxy - Method is declared on Advised interface: public abstract boolean org.springframework.aop.framework.Advised.removeAdvisor(org.springframework.aop.Advisor)
21:59:38.627 [main] DEBUG o.s.aop.framework.CglibAopProxy - Method is declared on Advised interface: public abstract boolean org.springframework.aop.framework.Advised.replaceAdvisor(org.springframework.aop.Advisor,org.springframework.aop.Advisor) throws org.springframework.aop.framework.AopConfigException
21:59:38.627 [main] DEBUG o.s.aop.framework.CglibAopProxy - Method is declared on Advised interface: public abstract boolean org.springframework.aop.framework.Advised.removeAdvice(org.aopalliance.aop.Advice)
21:59:38.627 [main] DEBUG o.s.aop.framework.CglibAopProxy - Method is declared on Advised interface: public abstract java.lang.String org.springframework.aop.framework.Advised.toProxyConfigString()
21:59:38.627 [main] DEBUG o.s.aop.framework.CglibAopProxy - Method is declared on Advised interface: public abstract void org.springframework.aop.framework.Advised.addAdvice(int,org.aopalliance.aop.Advice) throws org.springframework.aop.framework.AopConfigException
21:59:38.627 [main] DEBUG o.s.aop.framework.CglibAopProxy - Method is declared on Advised interface: public abstract void org.springframework.aop.framework.Advised.addAdvice(org.aopalliance.aop.Advice) throws org.springframework.aop.framework.AopConfigException
21:59:38.627 [main] DEBUG o.s.aop.framework.CglibAopProxy - Method is declared on Advised interface: public abstract int org.springframework.aop.framework.Advised.indexOf(org.aopalliance.aop.Advice)
21:59:38.627 [main] DEBUG o.s.aop.framework.CglibAopProxy - Method is declared on Advised interface: public abstract int org.springframework.aop.framework.Advised.indexOf(org.springframework.aop.Advisor)
21:59:38.627 [main] DEBUG o.s.aop.framework.CglibAopProxy - Method is declared on Advised interface: public abstract boolean org.springframework.aop.framework.Advised.isFrozen()
21:59:38.627 [main] DEBUG o.s.aop.framework.CglibAopProxy - Method is declared on Advised interface: public abstract java.lang.Class org.springframework.aop.TargetClassAware.getTargetClass()
21:59:38.631 [main] DEBUG o.s.b.f.s.DefaultListableBeanFactory - Finished creating instance of bean &apos;userController&apos;
21:59:38.631 [main] DEBUG o.s.b.f.s.DefaultListableBeanFactory - Returning cached instance of singleton bean &apos;dataSource&apos;
21:59:38.631 [main] DEBUG o.s.b.f.s.DefaultListableBeanFactory - Returning cached instance of singleton bean &apos;org.springframework.security.config.annotation.configuration.ObjectPostProcessorConfiguration&apos;
21:59:38.631 [main] DEBUG o.s.b.f.s.DefaultListableBeanFactory - Returning cached instance of singleton bean &apos;objectPostProcessor&apos;
21:59:38.631 [main] DEBUG o.s.b.f.s.DefaultListableBeanFactory - Returning cached instance of singleton bean &apos;org.springframework.security.config.annotation.authentication.configuration.AuthenticationConfiguration&apos;
21:59:38.631 [main] DEBUG o.s.b.f.s.DefaultListableBeanFactory - Returning cached instance of singleton bean &apos;authenticationManagerBuilder&apos;
21:59:38.631 [main] DEBUG o.s.b.f.s.DefaultListableBeanFactory - Returning cached instance of singleton bean &apos;enableGlobalAuthenticationAutowiredConfigurer&apos;
21:59:38.631 [main] DEBUG o.s.b.f.s.DefaultListableBeanFactory - Returning cached instance of singleton bean &apos;initializeUserDetailsBeanManagerConfigurer&apos;
21:59:38.631 [main] DEBUG o.s.b.f.s.DefaultListableBeanFactory - Returning cached instance of singleton bean &apos;initializeAuthenticationProviderBeanManagerConfigurer&apos;
21:59:38.631 [main] DEBUG o.s.b.f.s.DefaultListableBeanFactory - Creating shared instance of singleton bean &apos;org.springframework.security.config.annotation.web.configuration.WebSecurityConfiguration&apos;
21:59:38.631 [main] DEBUG o.s.b.f.s.DefaultListableBeanFactory - Creating instance of bean &apos;org.springframework.security.config.annotation.web.configuration.WebSecurityConfiguration&apos;
21:59:38.633 [main] DEBUG o.s.b.f.annotation.InjectionMetadata - Registered injected element on class [org.springframework.security.config.annotation.web.configuration.WebSecurityConfiguration$$EnhancerBySpringCGLIB$$150881e6]: AutowiredFieldElement for private org.springframework.security.config.annotation.ObjectPostProcessor org.springframework.security.config.annotation.web.configuration.WebSecurityConfiguration.objectObjectPostProcessor
21:59:38.633 [main] DEBUG o.s.b.f.annotation.InjectionMetadata - Registered injected element on class [org.springframework.security.config.annotation.web.configuration.WebSecurityConfiguration$$EnhancerBySpringCGLIB$$150881e6]: AutowiredMethodElement for public void org.springframework.security.config.annotation.web.configuration.WebSecurityConfiguration.setFilterChainProxySecurityConfigurer(org.springframework.security.config.annotation.ObjectPostProcessor,java.util.List) throws java.lang.Exception
21:59:38.633 [main] DEBUG o.s.b.f.s.DefaultListableBeanFactory - Eagerly caching bean &apos;org.springframework.security.config.annotation.web.configuration.WebSecurityConfiguration&apos; to allow for resolving potential circular references
21:59:38.633 [main] DEBUG o.s.b.f.annotation.InjectionMetadata - Processing injected element of bean &apos;org.springframework.security.config.annotation.web.configuration.WebSecurityConfiguration&apos;: AutowiredFieldElement for private org.springframework.security.config.annotation.ObjectPostProcessor org.springframework.security.config.annotation.web.configuration.WebSecurityConfiguration.objectObjectPostProcessor
21:59:38.633 [main] DEBUG o.s.b.f.s.DefaultListableBeanFactory - Returning cached instance of singleton bean &apos;objectPostProcessor&apos;
21:59:38.633 [main] DEBUG o.s.b.f.a.AutowiredAnnotationBeanPostProcessor - Autowiring by type from bean name &apos;org.springframework.security.config.annotation.web.configuration.WebSecurityConfiguration&apos; to bean named &apos;objectPostProcessor&apos;
21:59:38.634 [main] DEBUG o.s.b.f.annotation.InjectionMetadata - Processing injected element of bean &apos;org.springframework.security.config.annotation.web.configuration.WebSecurityConfiguration&apos;: AutowiredMethodElement for public void org.springframework.security.config.annotation.web.configuration.WebSecurityConfiguration.setFilterChainProxySecurityConfigurer(org.springframework.security.config.annotation.ObjectPostProcessor,java.util.List) throws java.lang.Exception
21:59:38.634 [main] DEBUG o.s.b.f.s.DefaultListableBeanFactory - Returning cached instance of singleton bean &apos;objectPostProcessor&apos;
21:59:38.634 [main] DEBUG o.s.b.f.s.DefaultListableBeanFactory - Creating shared instance of singleton bean &apos;autowiredWebSecurityConfigurersIgnoreParents&apos;
21:59:38.634 [main] DEBUG o.s.b.f.s.DefaultListableBeanFactory - Creating instance of bean &apos;autowiredWebSecurityConfigurersIgnoreParents&apos;
21:59:38.634 [main] DEBUG o.s.b.f.s.DefaultListableBeanFactory - Returning cached instance of singleton bean &apos;metaDataSourceAdvisor&apos;
21:59:38.635 [main] DEBUG o.s.b.f.s.DefaultListableBeanFactory - Returning eagerly cached instance of singleton bean &apos;org.springframework.security.config.annotation.web.configuration.WebSecurityConfiguration&apos; that is not fully initialized yet - a consequence of a circular reference
21:59:38.636 [main] DEBUG o.s.b.f.s.DefaultListableBeanFactory - Autowiring by type from bean name &apos;autowiredWebSecurityConfigurersIgnoreParents&apos; via factory method to bean named &apos;org.springframework.beans.factory.support.DefaultListableBeanFactory@49bb647f&apos;
21:59:38.636 [main] DEBUG o.s.b.f.s.DefaultListableBeanFactory - Eagerly caching bean &apos;autowiredWebSecurityConfigurersIgnoreParents&apos; to allow for resolving potential circular references
21:59:38.636 [main] DEBUG o.s.b.f.s.DefaultListableBeanFactory - Returning cached instance of singleton bean &apos;metaDataSourceAdvisor&apos;
21:59:38.636 [main] DEBUG o.s.b.f.s.DefaultListableBeanFactory - Finished creating instance of bean &apos;autowiredWebSecurityConfigurersIgnoreParents&apos;
21:59:38.636 [main] DEBUG o.s.b.f.s.DefaultListableBeanFactory - Returning cached instance of singleton bean &apos;securityConfig&apos;
21:59:38.637 [main] DEBUG o.s.b.f.a.AutowiredAnnotationBeanPostProcessor - Autowiring by type from bean name &apos;org.springframework.security.config.annotation.web.configuration.WebSecurityConfiguration&apos; to bean named &apos;objectPostProcessor&apos;
21:59:38.637 [main] DEBUG o.s.b.f.s.DefaultListableBeanFactory - Returning cached instance of singleton bean &apos;metaDataSourceAdvisor&apos;
21:59:38.640 [main] DEBUG o.s.b.f.s.DefaultListableBeanFactory - Returning cached instance of singleton bean &apos;org.springframework.context.annotation.ConfigurationClassPostProcessor.importRegistry&apos;
21:59:38.640 [main] DEBUG o.s.b.f.s.DefaultListableBeanFactory - Finished creating instance of bean &apos;org.springframework.security.config.annotation.web.configuration.WebSecurityConfiguration&apos;
21:59:38.640 [main] DEBUG o.s.b.f.s.DefaultListableBeanFactory - Creating shared instance of singleton bean &apos;delegatingApplicationListener&apos;
21:59:38.640 [main] DEBUG o.s.b.f.s.DefaultListableBeanFactory - Creating instance of bean &apos;delegatingApplicationListener&apos;
21:59:38.641 [main] DEBUG o.s.b.f.s.DefaultListableBeanFactory - Eagerly caching bean &apos;delegatingApplicationListener&apos; to allow for resolving potential circular references
21:59:38.641 [main] DEBUG o.s.b.f.s.DefaultListableBeanFactory - Returning cached instance of singleton bean &apos;metaDataSourceAdvisor&apos;
21:59:38.641 [main] DEBUG o.s.b.f.s.DefaultListableBeanFactory - Finished creating instance of bean &apos;delegatingApplicationListener&apos;
21:59:38.641 [main] DEBUG o.s.b.f.s.DefaultListableBeanFactory - Creating shared instance of singleton bean &apos;springSecurityFilterChain&apos;
21:59:38.641 [main] DEBUG o.s.b.f.s.DefaultListableBeanFactory - Creating instance of bean &apos;springSecurityFilterChain&apos;
21:59:38.641 [main] DEBUG o.s.b.f.s.DefaultListableBeanFactory - Returning cached instance of singleton bean &apos;org.springframework.security.config.annotation.web.configuration.WebSecurityConfiguration&apos;
21:59:38.641 [main] DEBUG o.s.b.f.s.DefaultListableBeanFactory - Returning cached instance of singleton bean &apos;metaDataSourceAdvisor&apos;
21:59:38.642 [main] DEBUG o.s.b.f.s.DefaultListableBeanFactory - Returning cached instance of singleton bean &apos;webMvcConfiguration&apos;
21:59:38.642 [main] DEBUG o.s.b.f.s.DefaultListableBeanFactory - Returning cached instance of singleton bean &apos;securityConfig&apos;
21:59:38.642 [main] DEBUG o.s.s.c.a.a.c.AuthenticationConfiguration$EnableGlobalAuthenticationAutowiredConfigurer - Eagerly initializing {webMvcConfiguration=edu.ncsu.csc.itrust2.mvc.config.WebMvcConfiguration$$EnhancerBySpringCGLIB$$de7b09d5@4ba5e86c, securityConfig=edu.ncsu.csc.itrust2.config.SecurityConfig$$EnhancerBySpringCGLIB$$f88fd361@2a430296}
21:59:38.642 [main] DEBUG o.s.b.f.s.DefaultListableBeanFactory - Invoking afterPropertiesSet() on bean with name &apos;org.springframework.security.authentication.dao.DaoAuthenticationProvider@6b073046&apos;
21:59:38.642 [main] DEBUG o.s.b.f.s.DefaultListableBeanFactory - Returning cached instance of singleton bean &apos;metaDataSourceAdvisor&apos;
21:59:38.644 [main] DEBUG o.s.b.f.s.DefaultListableBeanFactory - Invoking afterPropertiesSet() on bean with name &apos;org.springframework.security.authentication.ProviderManager@430c3232&apos;
21:59:38.644 [main] DEBUG o.s.b.f.s.DefaultListableBeanFactory - Returning cached instance of singleton bean &apos;metaDataSourceAdvisor&apos;
21:59:38.645 [main] DEBUG o.s.b.f.s.DefaultListableBeanFactory - Returning cached instance of singleton bean &apos;authenticationManagerBuilder&apos;
21:59:38.645 [main] DEBUG o.s.w.c.s.StandardServletEnvironment - Adding [servletConfigInitParams] PropertySource with lowest search precedence
21:59:38.645 [main] DEBUG o.s.w.c.s.StandardServletEnvironment - Adding [servletContextInitParams] PropertySource with lowest search precedence
21:59:38.646 [main] DEBUG o.s.w.c.s.StandardServletEnvironment - Adding [systemProperties] PropertySource with lowest search precedence
21:59:38.646 [main] DEBUG o.s.w.c.s.StandardServletEnvironment - Adding [systemEnvironment] PropertySource with lowest search precedence
21:59:38.646 [main] DEBUG o.s.w.c.s.StandardServletEnvironment - Initialized StandardServletEnvironment with PropertySources [servletConfigInitParams,servletContextInitParams,systemProperties,systemEnvironment]
21:59:38.646 [main] DEBUG o.s.w.c.s.StandardServletEnvironment - Adding [servletConfigInitParams] PropertySource with lowest search precedence
21:59:38.646 [main] DEBUG o.s.w.c.s.StandardServletEnvironment - Adding [servletContextInitParams] PropertySource with lowest search precedence
21:59:38.646 [main] DEBUG o.s.w.c.s.StandardServletEnvironment - Adding [systemProperties] PropertySource with lowest search precedence
21:59:38.646 [main] DEBUG o.s.w.c.s.StandardServletEnvironment - Adding [systemEnvironment] PropertySource with lowest search precedence
21:59:38.646 [main] DEBUG o.s.w.c.s.StandardServletEnvironment - Initialized StandardServletEnvironment with PropertySources [servletConfigInitParams,servletContextInitParams,systemProperties,systemEnvironment]
21:59:38.646 [main] DEBUG o.s.w.c.s.StandardServletEnvironment - Adding [servletConfigInitParams] PropertySource with lowest search precedence
21:59:38.646 [main] DEBUG o.s.w.c.s.StandardServletEnvironment - Adding [servletContextInitParams] PropertySource with lowest search precedence
21:59:38.646 [main] DEBUG o.s.w.c.s.StandardServletEnvironment - Adding [systemProperties] PropertySource with lowest search precedence
21:59:38.646 [main] DEBUG o.s.w.c.s.StandardServletEnvironment - Adding [systemEnvironment] PropertySource with lowest search precedence
21:59:38.646 [main] DEBUG o.s.w.c.s.StandardServletEnvironment - Initialized StandardServletEnvironment with PropertySources [servletConfigInitParams,servletContextInitParams,systemProperties,systemEnvironment]
21:59:38.647 [main] DEBUG o.s.b.f.s.DefaultListableBeanFactory - Creating shared instance of singleton bean &apos;ipBlockFilter&apos;
21:59:38.647 [main] DEBUG o.s.b.f.s.DefaultListableBeanFactory - Creating instance of bean &apos;ipBlockFilter&apos;
21:59:38.647 [main] DEBUG o.s.b.f.s.DefaultListableBeanFactory - Returning cached instance of singleton bean &apos;securityConfig&apos;
21:59:38.647 [main] DEBUG o.s.w.c.s.StandardServletEnvironment - Adding [servletConfigInitParams] PropertySource with lowest search precedence
21:59:38.647 [main] DEBUG o.s.w.c.s.StandardServletEnvironment - Adding [servletContextInitParams] PropertySource with lowest search precedence
21:59:38.647 [main] DEBUG o.s.w.c.s.StandardServletEnvironment - Adding [systemProperties] PropertySource with lowest search precedence
21:59:38.647 [main] DEBUG o.s.w.c.s.StandardServletEnvironment - Adding [systemEnvironment] PropertySource with lowest search precedence
21:59:38.647 [main] DEBUG o.s.w.c.s.StandardServletEnvironment - Initialized StandardServletEnvironment with PropertySources [servletConfigInitParams,servletContextInitParams,systemProperties,systemEnvironment]
21:59:38.647 [main] DEBUG o.s.b.f.s.DefaultListableBeanFactory - Eagerly caching bean &apos;ipBlockFilter&apos; to allow for resolving potential circular references
21:59:38.649 [main] DEBUG o.s.b.f.s.DefaultListableBeanFactory - Invoking afterPropertiesSet() on bean with name &apos;ipBlockFilter&apos;
21:59:38.649 [main] DEBUG o.s.b.f.s.DefaultListableBeanFactory - Returning cached instance of singleton bean &apos;metaDataSourceAdvisor&apos;
21:59:38.650 [main] DEBUG o.s.b.f.s.DefaultListableBeanFactory - Finished creating instance of bean &apos;ipBlockFilter&apos;
21:59:38.650 [main] DEBUG o.s.w.c.s.StandardServletEnvironment - Adding [servletConfigInitParams] PropertySource with lowest search precedence
21:59:38.650 [main] DEBUG o.s.w.c.s.StandardServletEnvironment - Adding [servletContextInitParams] PropertySource with lowest search precedence
21:59:38.650 [main] DEBUG o.s.w.c.s.StandardServletEnvironment - Adding [systemProperties] PropertySource with lowest search precedence
21:59:38.650 [main] DEBUG o.s.w.c.s.StandardServletEnvironment - Adding [systemEnvironment] PropertySource with lowest search precedence
21:59:38.650 [main] DEBUG o.s.w.c.s.StandardServletEnvironment - Initialized StandardServletEnvironment with PropertySources [servletConfigInitParams,servletContextInitParams,systemProperties,systemEnvironment]
21:59:38.650 [main] DEBUG o.s.b.f.s.DefaultListableBeanFactory - Retrieved dependent beans for bean &apos;springSecurityFilterChain&apos;: [webSecurityExpressionHandler]
21:59:38.650 [main] WARN  o.s.w.c.s.GenericWebApplicationContext - Exception encountered during context initialization - cancelling refresh attempt: org.springframework.beans.factory.BeanCreationException: Error creating bean with name &apos;springSecurityFilterChain&apos; defined in class path resource [org/springframework/security/config/annotation/web/configuration/WebSecurityConfiguration.class]: Bean instantiation via factory method failed; nested exception is org.springframework.beans.BeanInstantiationException: Failed to instantiate [javax.servlet.Filter]: Factory method &apos;springSecurityFilterChain&apos; threw exception; nested exception is java.lang.IllegalArgumentException: &apos;Savings Account?error&apos; is not a valid redirect URL
21:59:38.650 [main] DEBUG o.s.b.f.s.DefaultListableBeanFactory - Destroying singletons in org.springframework.beans.factory.support.DefaultListableBeanFactory@49bb647f: defining beans [org.springframework.context.annotation.internalConfigurationAnnotationProcessor,org.springframework.context.annotation.internalAutowiredAnnotationProcessor,org.springframework.context.annotation.internalRequiredAnnotationProcessor,org.springframework.context.annotation.internalCommonAnnotationProcessor,org.springframework.context.annotation.internalPersistenceAnnotationProcessor,org.springframework.context.event.internalEventListenerProcessor,org.springframework.context.event.internalEventListenerFactory,rootConfiguration,webMvcConfiguration,dataConfiguration,loginAuditingListener,securityConfig,defaultController,adminController,adminUserController,hospitalController,ICDCodesController,APIAppointmentRequestController,APIDiagnosisController,APIDrugController,APIEnumController,APIHospitalController,APIICDCodeController,APILogEntryController,APIOfficeVisitController,APIPasswordController,APIPatientController,APIPersonnelController,APIPrescriptionController,APIUserController,appointmentControllerHCP,HCPController,officeVisitController,appointmentController,diagnosesController,patientController,passwordController,userController,dataSource,org.springframework.security.config.annotation.configuration.ObjectPostProcessorConfiguration,objectPostProcessor,org.springframework.security.config.annotation.authentication.configuration.AuthenticationConfiguration,authenticationManagerBuilder,enableGlobalAuthenticationAutowiredConfigurer,initializeUserDetailsBeanManagerConfigurer,initializeAuthenticationProviderBeanManagerConfigurer,org.springframework.security.config.annotation.web.configuration.WebSecurityConfiguration,delegatingApplicationListener,webSecurityExpressionHandler,springSecurityFilterChain,privilegeEvaluator,autowiredWebSecurityConfigurersIgnoreParents,org.springframework.security.config.annotation.web.configuration.WebMvcSecurityConfiguration,requestDataValueProcessor,passwordEncoder,defaultAuthenticationEventPublisher,failureHandler,ipBlockFilter,org.springframework.web.servlet.config.annotation.DelegatingWebMvcConfiguration,mvcConversionService,requestMappingHandlerMapping,mvcPathMatcher,mvcUrlPathHelper,mvcContentNegotiationManager,viewControllerHandlerMapping,beanNameHandlerMapping,resourceHandlerMapping,mvcResourceUrlProvider,defaultServletHandlerMapping,requestMappingHandlerAdapter,mvcValidator,mvcUriComponentsContributor,httpRequestHandlerAdapter,simpleControllerHandlerAdapter,handlerExceptionResolver,mvcViewResolver,org.springframework.security.config.annotation.method.configuration.GlobalMethodSecurityConfiguration,methodSecurityInterceptor,methodSecurityMetadataSource,preInvocationAuthorizationAdvice,viewResolver,templateEngine,domainClassConverter,metaDataSourceAdvisor,org.springframework.aop.config.internalAutoProxyCreator]; root of factory hierarchy
21:59:38.650 [main] DEBUG o.s.b.f.s.DisposableBeanAdapter - Invoking destroy() on bean with name &apos;ipBlockFilter&apos;
21:59:38.651 [main] DEBUG o.s.b.f.s.DefaultListableBeanFactory - Retrieved dependent beans for bean &apos;objectPostProcessor&apos;: [org.springframework.security.config.annotation.method.configuration.GlobalMethodSecurityConfiguration, securityConfig, org.springframework.security.config.annotation.authentication.configuration.AuthenticationConfiguration, authenticationManagerBuilder, org.springframework.security.config.annotation.web.configuration.WebSecurityConfiguration]
21:59:38.651 [main] DEBUG o.s.b.f.s.DisposableBeanAdapter - Invoking destroy() on bean with name &apos;objectPostProcessor&apos;
21:59:38.652 [main] ERROR o.s.test.context.TestContextManager - Caught exception while allowing TestExecutionListener [org.springframework.test.context.web.ServletTestExecutionListener@6c2550a0] to prepare test instance [edu.ncsu.csc.itrust2.apitest.APIAppointmentRequestTest@6e9f1777]
java.lang.IllegalStateException: Failed to load ApplicationContext
	at org.springframework.test.context.cache.DefaultCacheAwareContextLoaderDelegate.loadContext(DefaultCacheAwareContextLoaderDelegate.java:124) ~[spring-test-4.3.5.RELEASE.jar:4.3.5.RELEASE]
	at org.springframework.test.context.support.DefaultTestContext.getApplicationContext(DefaultTestContext.java:83) ~[spring-test-4.3.5.RELEASE.jar:4.3.5.RELEASE]
	at org.springframework.test.context.web.ServletTestExecutionListener.setUpRequestContextIfNecessary(ServletTestExecutionListener.java:189) ~[spring-test-4.3.5.RELEASE.jar:4.3.5.RELEASE]
	at org.springframework.test.context.web.ServletTestExecutionListener.prepareTestInstance(ServletTestExecutionListener.java:131) ~[spring-test-4.3.5.RELEASE.jar:4.3.5.RELEASE]
	at org.springframework.test.context.TestContextManager.prepareTestInstance(TestContextManager.java:230) ~[spring-test-4.3.5.RELEASE.jar:4.3.5.RELEASE]
	at org.springframework.test.context.junit4.SpringJUnit4ClassRunner.createTest(SpringJUnit4ClassRunner.java:228) [spring-test-4.3.5.RELEASE.jar:4.3.5.RELEASE]
	at org.springframework.test.context.junit4.SpringJUnit4ClassRunner$1.runReflectiveCall(SpringJUnit4ClassRunner.java:287) [spring-test-4.3.5.RELEASE.jar:4.3.5.RELEASE]
	at org.junit.internal.runners.model.ReflectiveCallable.run(ReflectiveCallable.java:12) [junit-4.12.jar:4.12]
	at org.springframework.test.context.junit4.SpringJUnit4ClassRunner.methodBlock(SpringJUnit4ClassRunner.java:289) [spring-test-4.3.5.RELEASE.jar:4.3.5.RELEASE]
	at org.springframework.test.context.junit4.SpringJUnit4ClassRunner.runChild(SpringJUnit4ClassRunner.java:247) [spring-test-4.3.5.RELEASE.jar:4.3.5.RELEASE]
	at org.springframework.test.context.junit4.SpringJUnit4ClassRunner.runChild(SpringJUnit4ClassRunner.java:94) [spring-test-4.3.5.RELEASE.jar:4.3.5.RELEASE]
	at org.junit.runners.ParentRunner$3.run(ParentRunner.java:290) [junit-4.12.jar:4.12]
	at org.junit.runners.ParentRunner$1.schedule(ParentRunner.java:71) [junit-4.12.jar:4.12]
	at org.junit.runners.ParentRunner.runChildren(ParentRunner.java:288) [junit-4.12.jar:4.12]
	at org.junit.runners.ParentRunner.access$000(ParentRunner.java:58) [junit-4.12.jar:4.12]
	at org.junit.runners.ParentRunner$2.evaluate(ParentRunner.java:268) [junit-4.12.jar:4.12]
	at org.springframework.test.context.junit4.statements.RunBeforeTestClassCallbacks.evaluate(RunBeforeTestClassCallbacks.java:61) [spring-test-4.3.5.RELEASE.jar:4.3.5.RELEASE]
	at org.springframework.test.context.junit4.statements.RunAfterTestClassCallbacks.evaluate(RunAfterTestClassCallbacks.java:70) [spring-test-4.3.5.RELEASE.jar:4.3.5.RELEASE]
	at org.junit.runners.ParentRunner.run(ParentRunner.java:363) [junit-4.12.jar:4.12]
	at org.springframework.test.context.junit4.SpringJUnit4ClassRunner.run(SpringJUnit4ClassRunner.java:191) [spring-test-4.3.5.RELEASE.jar:4.3.5.RELEASE]
	at org.apache.maven.surefire.junit4.JUnit4Provider.execute(JUnit4Provider.java:365) [surefire-junit4-2.20.jar:2.20]
	at org.apache.maven.surefire.junit4.JUnit4Provider.executeWithRerun(JUnit4Provider.java:272) [surefire-junit4-2.20.jar:2.20]
	at org.apache.maven.surefire.junit4.JUnit4Provider.executeTestSet(JUnit4Provider.java:236) [surefire-junit4-2.20.jar:2.20]
	at org.apache.maven.surefire.junit4.JUnit4Provider.invoke(JUnit4Provider.java:159) [surefire-junit4-2.20.jar:2.20]
	at org.apache.maven.surefire.booter.ForkedBooter.invokeProviderInSameClassLoader(ForkedBooter.java:386) [surefire-booter-2.20.jar:2.20]
	at org.apache.maven.surefire.booter.ForkedBooter.runSuitesInProcess(ForkedBooter.java:323) [surefire-booter-2.20.jar:2.20]
	at org.apache.maven.surefire.booter.ForkedBooter.main(ForkedBooter.java:143) [surefire-booter-2.20.jar:2.20]
Caused by: org.springframework.beans.factory.BeanCreationException: Error creating bean with name &apos;springSecurityFilterChain&apos; defined in class path resource [org/springframework/security/config/annotation/web/configuration/WebSecurityConfiguration.class]: Bean instantiation via factory method failed; nested exception is org.springframework.beans.BeanInstantiationException: Failed to instantiate [javax.servlet.Filter]: Factory method &apos;springSecurityFilterChain&apos; threw exception; nested exception is java.lang.IllegalArgumentException: &apos;Savings Account?error&apos; is not a valid redirect URL
	at org.springframework.beans.factory.support.ConstructorResolver.instantiateUsingFactoryMethod(ConstructorResolver.java:599) ~[spring-beans-4.3.5.RELEASE.jar:4.3.5.RELEASE]
	at org.springframework.beans.factory.support.AbstractAutowireCapableBeanFactory.instantiateUsingFactoryMethod(AbstractAutowireCapableBeanFactory.java:1134) ~[spring-beans-4.3.5.RELEASE.jar:4.3.5.RELEASE]
	at org.springframework.beans.factory.support.AbstractAutowireCapableBeanFactory.createBeanInstance(AbstractAutowireCapableBeanFactory.java:1028) ~[spring-beans-4.3.5.RELEASE.jar:4.3.5.RELEASE]
	at org.springframework.beans.factory.support.AbstractAutowireCapableBeanFactory.doCreateBean(AbstractAutowireCapableBeanFactory.java:513) ~[spring-beans-4.3.5.RELEASE.jar:4.3.5.RELEASE]
	at org.springframework.beans.factory.support.AbstractAutowireCapableBeanFactory.createBean(AbstractAutowireCapableBeanFactory.java:483) ~[spring-beans-4.3.5.RELEASE.jar:4.3.5.RELEASE]
	at org.springframework.beans.factory.support.AbstractBeanFactory$1.getObject(AbstractBeanFactory.java:306) ~[spring-beans-4.3.5.RELEASE.jar:4.3.5.RELEASE]
	at org.springframework.beans.factory.support.DefaultSingletonBeanRegistry.getSingleton(DefaultSingletonBeanRegistry.java:230) ~[spring-beans-4.3.5.RELEASE.jar:4.3.5.RELEASE]
	at org.springframework.beans.factory.support.AbstractBeanFactory.doGetBean(AbstractBeanFactory.java:302) ~[spring-beans-4.3.5.RELEASE.jar:4.3.5.RELEASE]
	at org.springframework.beans.factory.support.AbstractBeanFactory.getBean(AbstractBeanFactory.java:197) ~[spring-beans-4.3.5.RELEASE.jar:4.3.5.RELEASE]
	at org.springframework.beans.factory.support.AbstractBeanFactory.doGetBean(AbstractBeanFactory.java:296) ~[spring-beans-4.3.5.RELEASE.jar:4.3.5.RELEASE]
	at org.springframework.beans.factory.support.AbstractBeanFactory.getBean(AbstractBeanFactory.java:197) ~[spring-beans-4.3.5.RELEASE.jar:4.3.5.RELEASE]
	at org.springframework.beans.factory.support.DefaultListableBeanFactory.preInstantiateSingletons(DefaultListableBeanFactory.java:759) ~[spring-beans-4.3.5.RELEASE.jar:4.3.5.RELEASE]
	at org.springframework.context.support.AbstractApplicationContext.finishBeanFactoryInitialization(AbstractApplicationContext.java:866) ~[spring-context-4.3.5.RELEASE.jar:4.3.5.RELEASE]
	at org.springframework.context.support.AbstractApplicationContext.refresh(AbstractApplicationContext.java:542) ~[spring-context-4.3.5.RELEASE.jar:4.3.5.RELEASE]
	at org.springframework.test.context.web.AbstractGenericWebContextLoader.loadContext(AbstractGenericWebContextLoader.java:134) ~[spring-test-4.3.5.RELEASE.jar:4.3.5.RELEASE]
	at org.springframework.test.context.web.AbstractGenericWebContextLoader.loadContext(AbstractGenericWebContextLoader.java:61) ~[spring-test-4.3.5.RELEASE.jar:4.3.5.RELEASE]
	at org.springframework.test.context.support.AbstractDelegatingSmartContextLoader.delegateLoading(AbstractDelegatingSmartContextLoader.java:108) ~[spring-test-4.3.5.RELEASE.jar:4.3.5.RELEASE]
	at org.springframework.test.context.support.AbstractDelegatingSmartContextLoader.loadContext(AbstractDelegatingSmartContextLoader.java:251) ~[spring-test-4.3.5.RELEASE.jar:4.3.5.RELEASE]
	at org.springframework.test.context.cache.DefaultCacheAwareContextLoaderDelegate.loadContextInternal(DefaultCacheAwareContextLoaderDelegate.java:98) ~[spring-test-4.3.5.RELEASE.jar:4.3.5.RELEASE]
	at org.springframework.test.context.cache.DefaultCacheAwareContextLoaderDelegate.loadContext(DefaultCacheAwareContextLoaderDelegate.java:116) ~[spring-test-4.3.5.RELEASE.jar:4.3.5.RELEASE]
	... 26 common frames omitted
Caused by: org.springframework.beans.BeanInstantiationException: Failed to instantiate [javax.servlet.Filter]: Factory method &apos;springSecurityFilterChain&apos; threw exception; nested exception is java.lang.IllegalArgumentException: &apos;Savings Account?error&apos; is not a valid redirect URL
	at org.springframework.beans.factory.support.SimpleInstantiationStrategy.instantiate(SimpleInstantiationStrategy.java:189) ~[spring-beans-4.3.5.RELEASE.jar:4.3.5.RELEASE]
	at org.springframework.beans.factory.support.ConstructorResolver.instantiateUsingFactoryMethod(ConstructorResolver.java:588) ~[spring-beans-4.3.5.RELEASE.jar:4.3.5.RELEASE]
	... 45 common frames omitted
Caused by: java.lang.IllegalArgumentException: &apos;Savings Account?error&apos; is not a valid redirect URL
	at org.springframework.util.Assert.isTrue(Assert.java:68) ~[spring-core-4.3.5.RELEASE.jar:4.3.5.RELEASE]
	at org.springframework.security.web.authentication.SimpleUrlAuthenticationFailureHandler.setDefaultFailureUrl(SimpleUrlAuthenticationFailureHandler.java:125) ~[spring-security-web-4.2.2.RELEASE.jar:4.2.2.RELEASE]
	at org.springframework.security.web.authentication.SimpleUrlAuthenticationFailureHandler.&lt;init&gt;(SimpleUrlAuthenticationFailureHandler.java:60) ~[spring-security-web-4.2.2.RELEASE.jar:4.2.2.RELEASE]
	at org.springframework.security.config.annotation.web.configurers.AbstractAuthenticationFilterConfigurer.failureUrl(AbstractAuthenticationFilterConfigurer.java:206) ~[spring-security-config-4.2.2.RELEASE.jar:4.2.2.RELEASE]
	at org.springframework.security.config.annotation.web.configurers.AbstractAuthenticationFilterConfigurer.updateAuthenticationDefaults(AbstractAuthenticationFilterConfigurer.java:368) ~[spring-security-config-4.2.2.RELEASE.jar:4.2.2.RELEASE]
	at org.springframework.security.config.annotation.web.configurers.AbstractAuthenticationFilterConfigurer.loginPage(AbstractAuthenticationFilterConfigurer.java:308) ~[spring-security-config-4.2.2.RELEASE.jar:4.2.2.RELEASE]
	at org.springframework.security.config.annotation.web.configurers.FormLoginConfigurer.loginPage(FormLoginConfigurer.java:183) ~[spring-security-config-4.2.2.RELEASE.jar:4.2.2.RELEASE]
	at edu.ncsu.csc.itrust2.config.SecurityConfig.configure(SecurityConfig.java:89) ~[classes/:na]
	at org.springframework.security.config.annotation.web.configuration.WebSecurityConfigurerAdapter.getHttp(WebSecurityConfigurerAdapter.java:224) ~[spring-security-config-4.2.2.RELEASE.jar:4.2.2.RELEASE]
	at org.springframework.security.config.annotation.web.configuration.WebSecurityConfigurerAdapter.init(WebSecurityConfigurerAdapter.java:315) ~[spring-security-config-4.2.2.RELEASE.jar:4.2.2.RELEASE]
	at org.springframework.security.config.annotation.web.configuration.WebSecurityConfigurerAdapter.init(WebSecurityConfigurerAdapter.java:86) ~[spring-security-config-4.2.2.RELEASE.jar:4.2.2.RELEASE]
	at edu.ncsu.csc.itrust2.config.SecurityConfig$$EnhancerBySpringCGLIB$$f88fd361.init(&lt;generated&gt;) ~[classes/:na]
	at org.springframework.security.config.annotation.AbstractConfiguredSecurityBuilder.init(AbstractConfiguredSecurityBuilder.java:371) ~[spring-security-config-4.2.2.RELEASE.jar:4.2.2.RELEASE]
	at org.springframework.security.config.annotation.AbstractConfiguredSecurityBuilder.doBuild(AbstractConfiguredSecurityBuilder.java:325) ~[spring-security-config-4.2.2.RELEASE.jar:4.2.2.RELEASE]
	at org.springframework.security.config.annotation.AbstractSecurityBuilder.build(AbstractSecurityBuilder.java:41) ~[spring-security-config-4.2.2.RELEASE.jar:4.2.2.RELEASE]
	at org.springframework.security.config.annotation.web.configuration.WebSecurityConfiguration.springSecurityFilterChain(WebSecurityConfiguration.java:104) ~[spring-security-config-4.2.2.RELEASE.jar:4.2.2.RELEASE]
	at org.springframework.security.config.annotation.web.configuration.WebSecurityConfiguration$$EnhancerBySpringCGLIB$$150881e6.CGLIB$springSecurityFilterChain$4(&lt;generated&gt;) ~[spring-security-config-4.2.2.RELEASE.jar:4.2.2.RELEASE]
	at org.springframework.security.config.annotation.web.configuration.WebSecurityConfiguration$$EnhancerBySpringCGLIB$$150881e6$$FastClassBySpringCGLIB$$f9839e81.invoke(&lt;generated&gt;) ~[spring-security-config-4.2.2.RELEASE.jar:4.2.2.RELEASE]
	at org.springframework.cglib.proxy.MethodProxy.invokeSuper(MethodProxy.java:228) ~[spring-core-4.3.5.RELEASE.jar:4.3.5.RELEASE]
	at org.springframework.context.annotation.ConfigurationClassEnhancer$BeanMethodInterceptor.intercept(ConfigurationClassEnhancer.java:356) ~[spring-context-4.3.5.RELEASE.jar:4.3.5.RELEASE]
	at org.springframework.security.config.annotation.web.configuration.WebSecurityConfiguration$$EnhancerBySpringCGLIB$$150881e6.springSecurityFilterChain(&lt;generated&gt;) ~[spring-security-config-4.2.2.RELEASE.jar:4.2.2.RELEASE]
	at sun.reflect.NativeMethodAccessorImpl.invoke0(Native Method) ~[na:1.8.0_151]
	at sun.reflect.NativeMethodAccessorImpl.invoke(NativeMethodAccessorImpl.java:62) ~[na:1.8.0_151]
	at sun.reflect.DelegatingMethodAccessorImpl.invoke(DelegatingMethodAccessorImpl.java:43) ~[na:1.8.0_151]
	at java.lang.reflect.Method.invoke(Method.java:498) ~[na:1.8.0_151]
	at org.springframework.beans.factory.support.SimpleInstantiationStrategy.instantiate(SimpleInstantiationStrategy.java:162) ~[spring-beans-4.3.5.RELEASE.jar:4.3.5.RELEASE]
	... 46 common frames omitted
</stdout>
          <failedSince>1</failedSince>
        </case>
        <case>
          <duration>0.0</duration>
          <className>edu.ncsu.csc.itrust2.apitest.APIAppointmentRequestTest</className>
          <testName>testDeleteNonExistentAppointment</testName>
          <skipped>false</skipped>
          <errorStackTrace>java.lang.IllegalStateException: Failed to load ApplicationContext
Caused by: org.springframework.beans.factory.BeanCreationException: Error creating bean with name &apos;springSecurityFilterChain&apos; defined in class path resource [org/springframework/security/config/annotation/web/configuration/WebSecurityConfiguration.class]: Bean instantiation via factory method failed; nested exception is org.springframework.beans.BeanInstantiationException: Failed to instantiate [javax.servlet.Filter]: Factory method &apos;springSecurityFilterChain&apos; threw exception; nested exception is java.lang.IllegalArgumentException: &apos;Savings Account?error&apos; is not a valid redirect URL
Caused by: org.springframework.beans.BeanInstantiationException: Failed to instantiate [javax.servlet.Filter]: Factory method &apos;springSecurityFilterChain&apos; threw exception; nested exception is java.lang.IllegalArgumentException: &apos;Savings Account?error&apos; is not a valid redirect URL
Caused by: java.lang.IllegalArgumentException: &apos;Savings Account?error&apos; is not a valid redirect URL
</errorStackTrace>
          <errorDetails>Failed to load ApplicationContext</errorDetails>
          <stdout>21:59:38.652 [main] DEBUG o.s.t.annotation.ProfileValueUtils - Retrieved @ProfileValueSourceConfiguration [null] for test class [edu.ncsu.csc.itrust2.apitest.APIAppointmentRequestTest]
21:59:38.652 [main] DEBUG o.s.t.annotation.ProfileValueUtils - Retrieved ProfileValueSource type [class org.springframework.test.annotation.SystemProfileValueSource] for class [edu.ncsu.csc.itrust2.apitest.APIAppointmentRequestTest]
21:59:38.653 [main] DEBUG o.s.t.c.s.AbstractDelegatingSmartContextLoader - Delegating to AnnotationConfigWebContextLoader to load context from [WebMergedContextConfiguration@2a4fbf51 testClass = APIAppointmentRequestTest, locations = &apos;{}&apos;, classes = &apos;{class edu.ncsu.csc.itrust2.config.RootConfiguration, class edu.ncsu.csc.itrust2.mvc.config.WebMvcConfiguration}&apos;, contextInitializerClasses = &apos;[]&apos;, activeProfiles = &apos;{}&apos;, propertySourceLocations = &apos;{}&apos;, propertySourceProperties = &apos;{}&apos;, contextCustomizers = set[[empty]], resourceBasePath = &apos;src/main/webapp&apos;, contextLoader = &apos;org.springframework.test.context.web.WebDelegatingSmartContextLoader&apos;, parent = [null]].
21:59:38.653 [main] DEBUG o.s.t.c.w.AbstractGenericWebContextLoader - Loading WebApplicationContext for merged context configuration [WebMergedContextConfiguration@2a4fbf51 testClass = APIAppointmentRequestTest, locations = &apos;{}&apos;, classes = &apos;{class edu.ncsu.csc.itrust2.config.RootConfiguration, class edu.ncsu.csc.itrust2.mvc.config.WebMvcConfiguration}&apos;, contextInitializerClasses = &apos;[]&apos;, activeProfiles = &apos;{}&apos;, propertySourceLocations = &apos;{}&apos;, propertySourceProperties = &apos;{}&apos;, contextCustomizers = set[[empty]], resourceBasePath = &apos;src/main/webapp&apos;, contextLoader = &apos;org.springframework.test.context.web.WebDelegatingSmartContextLoader&apos;, parent = [null]].
21:59:38.653 [main] DEBUG o.s.w.c.s.StandardServletEnvironment - Adding [servletConfigInitParams] PropertySource with lowest search precedence
21:59:38.653 [main] DEBUG o.s.w.c.s.StandardServletEnvironment - Adding [servletContextInitParams] PropertySource with lowest search precedence
21:59:38.653 [main] DEBUG o.s.w.c.s.StandardServletEnvironment - Adding [systemProperties] PropertySource with lowest search precedence
21:59:38.653 [main] DEBUG o.s.w.c.s.StandardServletEnvironment - Adding [systemEnvironment] PropertySource with lowest search precedence
21:59:38.653 [main] DEBUG o.s.w.c.s.StandardServletEnvironment - Initialized StandardServletEnvironment with PropertySources [servletConfigInitParams,servletContextInitParams,systemProperties,systemEnvironment]
21:59:38.653 [main] DEBUG o.s.t.c.w.AnnotationConfigWebContextLoader - Registering annotated classes: {class edu.ncsu.csc.itrust2.config.RootConfiguration, class edu.ncsu.csc.itrust2.mvc.config.WebMvcConfiguration}
21:59:38.654 [main] INFO  o.s.w.c.s.GenericWebApplicationContext - Refreshing org.springframework.web.context.support.GenericWebApplicationContext@55cb3c5c: startup date [Thu Mar 22 21:59:38 UTC 2018]; root of context hierarchy
21:59:38.654 [main] DEBUG o.s.w.c.s.StandardServletEnvironment - Replacing [servletContextInitParams] PropertySource with [servletContextInitParams]
21:59:38.654 [main] DEBUG o.s.w.c.s.GenericWebApplicationContext - Bean factory for org.springframework.web.context.support.GenericWebApplicationContext@55cb3c5c: org.springframework.beans.factory.support.DefaultListableBeanFactory@2b7b29a4: defining beans [org.springframework.context.annotation.internalConfigurationAnnotationProcessor,org.springframework.context.annotation.internalAutowiredAnnotationProcessor,org.springframework.context.annotation.internalRequiredAnnotationProcessor,org.springframework.context.annotation.internalCommonAnnotationProcessor,org.springframework.context.annotation.internalPersistenceAnnotationProcessor,org.springframework.context.event.internalEventListenerProcessor,org.springframework.context.event.internalEventListenerFactory,rootConfiguration,webMvcConfiguration]; root of factory hierarchy
21:59:38.654 [main] DEBUG o.s.b.f.s.DefaultListableBeanFactory - Registering scope &apos;request&apos; with implementation [org.springframework.web.context.request.RequestScope@b86f1e0]
21:59:38.654 [main] DEBUG o.s.b.f.s.DefaultListableBeanFactory - Registering scope &apos;session&apos; with implementation [org.springframework.web.context.request.SessionScope@7230510]
21:59:38.654 [main] DEBUG o.s.b.f.s.DefaultListableBeanFactory - Registering scope &apos;globalSession&apos; with implementation [org.springframework.web.context.request.SessionScope@75672a59]
21:59:38.654 [main] DEBUG o.s.b.f.s.DefaultListableBeanFactory - Registering scope &apos;application&apos; with implementation [org.springframework.web.context.support.ServletContextScope@4ba14572]
21:59:38.654 [main] DEBUG o.s.b.f.s.DefaultListableBeanFactory - Creating shared instance of singleton bean &apos;org.springframework.context.annotation.internalConfigurationAnnotationProcessor&apos;
21:59:38.654 [main] DEBUG o.s.b.f.s.DefaultListableBeanFactory - Creating instance of bean &apos;org.springframework.context.annotation.internalConfigurationAnnotationProcessor&apos;
21:59:38.654 [main] DEBUG o.s.b.f.s.DefaultListableBeanFactory - Eagerly caching bean &apos;org.springframework.context.annotation.internalConfigurationAnnotationProcessor&apos; to allow for resolving potential circular references
21:59:38.654 [main] DEBUG o.s.b.f.s.DefaultListableBeanFactory - Finished creating instance of bean &apos;org.springframework.context.annotation.internalConfigurationAnnotationProcessor&apos;
21:59:38.655 [main] DEBUG o.s.core.env.StandardEnvironment - Adding [systemProperties] PropertySource with lowest search precedence
21:59:38.655 [main] DEBUG o.s.core.env.StandardEnvironment - Adding [systemEnvironment] PropertySource with lowest search precedence
21:59:38.655 [main] DEBUG o.s.core.env.StandardEnvironment - Initialized StandardEnvironment with PropertySources [systemProperties,systemEnvironment]
21:59:38.655 [main] DEBUG o.s.c.i.s.PathMatchingResourcePatternResolver - Resolved classpath location [edu/ncsu/csc/itrust2/config/] to resources [URL [file:/var/lib/jenkins/jobs/iTrust_Fuzzer/workspace/iTrust2/target/classes/edu/ncsu/csc/itrust2/config/]]
21:59:38.656 [main] DEBUG o.s.c.i.s.PathMatchingResourcePatternResolver - Looking for matching resources in directory tree [/var/lib/jenkins/jobs/iTrust_Fuzzer/workspace/iTrust2/target/classes/edu/ncsu/csc/itrust2/config]
21:59:38.656 [main] DEBUG o.s.c.i.s.PathMatchingResourcePatternResolver - Searching directory [/var/lib/jenkins/jobs/iTrust_Fuzzer/workspace/iTrust2/target/classes/edu/ncsu/csc/itrust2/config] for files matching pattern [/var/lib/jenkins/jobs/iTrust_Fuzzer/workspace/iTrust2/target/classes/edu/ncsu/csc/itrust2/config/**/*.class]
21:59:38.656 [main] DEBUG o.s.c.i.s.PathMatchingResourcePatternResolver - Resolved location pattern [classpath*:edu/ncsu/csc/itrust2/config/**/*.class] to resources [file [/var/lib/jenkins/jobs/iTrust_Fuzzer/workspace/iTrust2/target/classes/edu/ncsu/csc/itrust2/config/ContextListener.class], file [/var/lib/jenkins/jobs/iTrust_Fuzzer/workspace/iTrust2/target/classes/edu/ncsu/csc/itrust2/config/DataConfiguration.class], file [/var/lib/jenkins/jobs/iTrust_Fuzzer/workspace/iTrust2/target/classes/edu/ncsu/csc/itrust2/config/FailureHandler.class], file [/var/lib/jenkins/jobs/iTrust_Fuzzer/workspace/iTrust2/target/classes/edu/ncsu/csc/itrust2/config/IPFilter.class], file [/var/lib/jenkins/jobs/iTrust_Fuzzer/workspace/iTrust2/target/classes/edu/ncsu/csc/itrust2/config/ITrust2ApplicationInitializer.class], file [/var/lib/jenkins/jobs/iTrust_Fuzzer/workspace/iTrust2/target/classes/edu/ncsu/csc/itrust2/config/ITrust2WebApplicationInitializer.class], file [/var/lib/jenkins/jobs/iTrust_Fuzzer/workspace/iTrust2/target/classes/edu/ncsu/csc/itrust2/config/LoginAuditingListener.class], file [/var/lib/jenkins/jobs/iTrust_Fuzzer/workspace/iTrust2/target/classes/edu/ncsu/csc/itrust2/config/RootConfiguration.class], file [/var/lib/jenkins/jobs/iTrust_Fuzzer/workspace/iTrust2/target/classes/edu/ncsu/csc/itrust2/config/SecurityConfig.class]]
21:59:38.656 [main] DEBUG o.s.c.a.ClassPathBeanDefinitionScanner - Identified candidate component class: file [/var/lib/jenkins/jobs/iTrust_Fuzzer/workspace/iTrust2/target/classes/edu/ncsu/csc/itrust2/config/DataConfiguration.class]
21:59:38.657 [main] DEBUG o.s.c.a.ClassPathBeanDefinitionScanner - Identified candidate component class: file [/var/lib/jenkins/jobs/iTrust_Fuzzer/workspace/iTrust2/target/classes/edu/ncsu/csc/itrust2/config/LoginAuditingListener.class]
21:59:38.657 [main] DEBUG o.s.c.a.ClassPathBeanDefinitionScanner - Identified candidate component class: file [/var/lib/jenkins/jobs/iTrust_Fuzzer/workspace/iTrust2/target/classes/edu/ncsu/csc/itrust2/config/SecurityConfig.class]
21:59:38.665 [main] DEBUG o.s.core.env.StandardEnvironment - Adding [systemProperties] PropertySource with lowest search precedence
21:59:38.665 [main] DEBUG o.s.core.env.StandardEnvironment - Adding [systemEnvironment] PropertySource with lowest search precedence
21:59:38.665 [main] DEBUG o.s.core.env.StandardEnvironment - Initialized StandardEnvironment with PropertySources [systemProperties,systemEnvironment]
21:59:38.666 [main] DEBUG o.s.c.i.s.PathMatchingResourcePatternResolver - Resolved classpath location [edu/ncsu/csc/itrust2/controllers/] to resources [URL [file:/var/lib/jenkins/jobs/iTrust_Fuzzer/workspace/iTrust2/target/classes/edu/ncsu/csc/itrust2/controllers/]]
21:59:38.666 [main] DEBUG o.s.c.i.s.PathMatchingResourcePatternResolver - Looking for matching resources in directory tree [/var/lib/jenkins/jobs/iTrust_Fuzzer/workspace/iTrust2/target/classes/edu/ncsu/csc/itrust2/controllers]
21:59:38.666 [main] DEBUG o.s.c.i.s.PathMatchingResourcePatternResolver - Searching directory [/var/lib/jenkins/jobs/iTrust_Fuzzer/workspace/iTrust2/target/classes/edu/ncsu/csc/itrust2/controllers] for files matching pattern [/var/lib/jenkins/jobs/iTrust_Fuzzer/workspace/iTrust2/target/classes/edu/ncsu/csc/itrust2/controllers/**/*.class]
21:59:38.666 [main] DEBUG o.s.c.i.s.PathMatchingResourcePatternResolver - Searching directory [/var/lib/jenkins/jobs/iTrust_Fuzzer/workspace/iTrust2/target/classes/edu/ncsu/csc/itrust2/controllers/admin] for files matching pattern [/var/lib/jenkins/jobs/iTrust_Fuzzer/workspace/iTrust2/target/classes/edu/ncsu/csc/itrust2/controllers/**/*.class]
21:59:38.666 [main] DEBUG o.s.c.i.s.PathMatchingResourcePatternResolver - Searching directory [/var/lib/jenkins/jobs/iTrust_Fuzzer/workspace/iTrust2/target/classes/edu/ncsu/csc/itrust2/controllers/api] for files matching pattern [/var/lib/jenkins/jobs/iTrust_Fuzzer/workspace/iTrust2/target/classes/edu/ncsu/csc/itrust2/controllers/**/*.class]
21:59:38.666 [main] DEBUG o.s.c.i.s.PathMatchingResourcePatternResolver - Searching directory [/var/lib/jenkins/jobs/iTrust_Fuzzer/workspace/iTrust2/target/classes/edu/ncsu/csc/itrust2/controllers/api/comm] for files matching pattern [/var/lib/jenkins/jobs/iTrust_Fuzzer/workspace/iTrust2/target/classes/edu/ncsu/csc/itrust2/controllers/**/*.class]
21:59:38.666 [main] DEBUG o.s.c.i.s.PathMatchingResourcePatternResolver - Searching directory [/var/lib/jenkins/jobs/iTrust_Fuzzer/workspace/iTrust2/target/classes/edu/ncsu/csc/itrust2/controllers/hcp] for files matching pattern [/var/lib/jenkins/jobs/iTrust_Fuzzer/workspace/iTrust2/target/classes/edu/ncsu/csc/itrust2/controllers/**/*.class]
21:59:38.667 [main] DEBUG o.s.c.i.s.PathMatchingResourcePatternResolver - Searching directory [/var/lib/jenkins/jobs/iTrust_Fuzzer/workspace/iTrust2/target/classes/edu/ncsu/csc/itrust2/controllers/patient] for files matching pattern [/var/lib/jenkins/jobs/iTrust_Fuzzer/workspace/iTrust2/target/classes/edu/ncsu/csc/itrust2/controllers/**/*.class]
21:59:38.667 [main] DEBUG o.s.c.i.s.PathMatchingResourcePatternResolver - Searching directory [/var/lib/jenkins/jobs/iTrust_Fuzzer/workspace/iTrust2/target/classes/edu/ncsu/csc/itrust2/controllers/personnel] for files matching pattern [/var/lib/jenkins/jobs/iTrust_Fuzzer/workspace/iTrust2/target/classes/edu/ncsu/csc/itrust2/controllers/**/*.class]
21:59:38.667 [main] DEBUG o.s.c.i.s.PathMatchingResourcePatternResolver - Resolved location pattern [classpath*:edu/ncsu/csc/itrust2/controllers/**/*.class] to resources [file [/var/lib/jenkins/jobs/iTrust_Fuzzer/workspace/iTrust2/target/classes/edu/ncsu/csc/itrust2/controllers/DefaultController.class], file [/var/lib/jenkins/jobs/iTrust_Fuzzer/workspace/iTrust2/target/classes/edu/ncsu/csc/itrust2/controllers/admin/AdminController.class], file [/var/lib/jenkins/jobs/iTrust_Fuzzer/workspace/iTrust2/target/classes/edu/ncsu/csc/itrust2/controllers/admin/AdminUserController$1.class], file [/var/lib/jenkins/jobs/iTrust_Fuzzer/workspace/iTrust2/target/classes/edu/ncsu/csc/itrust2/controllers/admin/AdminUserController.class], file [/var/lib/jenkins/jobs/iTrust_Fuzzer/workspace/iTrust2/target/classes/edu/ncsu/csc/itrust2/controllers/admin/HospitalController.class], file [/var/lib/jenkins/jobs/iTrust_Fuzzer/workspace/iTrust2/target/classes/edu/ncsu/csc/itrust2/controllers/admin/ICDCodesController.class], file [/var/lib/jenkins/jobs/iTrust_Fuzzer/workspace/iTrust2/target/classes/edu/ncsu/csc/itrust2/controllers/api/APIAppointmentRequestController.class], file [/var/lib/jenkins/jobs/iTrust_Fuzzer/workspace/iTrust2/target/classes/edu/ncsu/csc/itrust2/controllers/api/APIController$JSONResponse.class], file [/var/lib/jenkins/jobs/iTrust_Fuzzer/workspace/iTrust2/target/classes/edu/ncsu/csc/itrust2/controllers/api/APIController.class], file [/var/lib/jenkins/jobs/iTrust_Fuzzer/workspace/iTrust2/target/classes/edu/ncsu/csc/itrust2/controllers/api/APIDiagnosisController.class], file [/var/lib/jenkins/jobs/iTrust_Fuzzer/workspace/iTrust2/target/classes/edu/ncsu/csc/itrust2/controllers/api/APIDrugController.class], file [/var/lib/jenkins/jobs/iTrust_Fuzzer/workspace/iTrust2/target/classes/edu/ncsu/csc/itrust2/controllers/api/APIEnumController.class], file [/var/lib/jenkins/jobs/iTrust_Fuzzer/workspace/iTrust2/target/classes/edu/ncsu/csc/itrust2/controllers/api/APIHospitalController.class], file [/var/lib/jenkins/jobs/iTrust_Fuzzer/workspace/iTrust2/target/classes/edu/ncsu/csc/itrust2/controllers/api/APIICDCodeController.class], file [/var/lib/jenkins/jobs/iTrust_Fuzzer/workspace/iTrust2/target/classes/edu/ncsu/csc/itrust2/controllers/api/APILogEntryController.class], file [/var/lib/jenkins/jobs/iTrust_Fuzzer/workspace/iTrust2/target/classes/edu/ncsu/csc/itrust2/controllers/api/APIOfficeVisitController.class], file [/var/lib/jenkins/jobs/iTrust_Fuzzer/workspace/iTrust2/target/classes/edu/ncsu/csc/itrust2/controllers/api/APIPasswordController.class], file [/var/lib/jenkins/jobs/iTrust_Fuzzer/workspace/iTrust2/target/classes/edu/ncsu/csc/itrust2/controllers/api/APIPatientController.class], file [/var/lib/jenkins/jobs/iTrust_Fuzzer/workspace/iTrust2/target/classes/edu/ncsu/csc/itrust2/controllers/api/APIPersonnelController.class], file [/var/lib/jenkins/jobs/iTrust_Fuzzer/workspace/iTrust2/target/classes/edu/ncsu/csc/itrust2/controllers/api/APIPrescriptionController.class], file [/var/lib/jenkins/jobs/iTrust_Fuzzer/workspace/iTrust2/target/classes/edu/ncsu/csc/itrust2/controllers/api/APIUserController.class], file [/var/lib/jenkins/jobs/iTrust_Fuzzer/workspace/iTrust2/target/classes/edu/ncsu/csc/itrust2/controllers/api/comm/LogEntryRequestBody.class], file [/var/lib/jenkins/jobs/iTrust_Fuzzer/workspace/iTrust2/target/classes/edu/ncsu/csc/itrust2/controllers/api/comm/LogEntryTableRow.class], file [/var/lib/jenkins/jobs/iTrust_Fuzzer/workspace/iTrust2/target/classes/edu/ncsu/csc/itrust2/controllers/hcp/AppointmentControllerHCP.class], file [/var/lib/jenkins/jobs/iTrust_Fuzzer/workspace/iTrust2/target/classes/edu/ncsu/csc/itrust2/controllers/hcp/HCPController.class], file [/var/lib/jenkins/jobs/iTrust_Fuzzer/workspace/iTrust2/target/classes/edu/ncsu/csc/itrust2/controllers/hcp/OfficeVisitController.class], file [/var/lib/jenkins/jobs/iTrust_Fuzzer/workspace/iTrust2/target/classes/edu/ncsu/csc/itrust2/controllers/patient/AppointmentController.class], file [/var/lib/jenkins/jobs/iTrust_Fuzzer/workspace/iTrust2/target/classes/edu/ncsu/csc/itrust2/controllers/patient/DiagnosesController.class], file [/var/lib/jenkins/jobs/iTrust_Fuzzer/workspace/iTrust2/target/classes/edu/ncsu/csc/itrust2/controllers/patient/PatientController.class], file [/var/lib/jenkins/jobs/iTrust_Fuzzer/workspace/iTrust2/target/classes/edu/ncsu/csc/itrust2/controllers/personnel/PasswordController.class], file [/var/lib/jenkins/jobs/iTrust_Fuzzer/workspace/iTrust2/target/classes/edu/ncsu/csc/itrust2/controllers/personnel/UserController.class]]
21:59:38.667 [main] DEBUG o.s.c.a.ClassPathBeanDefinitionScanner - Identified candidate component class: file [/var/lib/jenkins/jobs/iTrust_Fuzzer/workspace/iTrust2/target/classes/edu/ncsu/csc/itrust2/controllers/DefaultController.class]
21:59:38.667 [main] DEBUG o.s.c.a.ClassPathBeanDefinitionScanner - Identified candidate component class: file [/var/lib/jenkins/jobs/iTrust_Fuzzer/workspace/iTrust2/target/classes/edu/ncsu/csc/itrust2/controllers/admin/AdminController.class]
21:59:38.668 [main] DEBUG o.s.c.a.ClassPathBeanDefinitionScanner - Identified candidate component class: file [/var/lib/jenkins/jobs/iTrust_Fuzzer/workspace/iTrust2/target/classes/edu/ncsu/csc/itrust2/controllers/admin/AdminUserController.class]
21:59:38.668 [main] DEBUG o.s.c.a.ClassPathBeanDefinitionScanner - Identified candidate component class: file [/var/lib/jenkins/jobs/iTrust_Fuzzer/workspace/iTrust2/target/classes/edu/ncsu/csc/itrust2/controllers/admin/HospitalController.class]
21:59:38.668 [main] DEBUG o.s.c.a.ClassPathBeanDefinitionScanner - Identified candidate component class: file [/var/lib/jenkins/jobs/iTrust_Fuzzer/workspace/iTrust2/target/classes/edu/ncsu/csc/itrust2/controllers/admin/ICDCodesController.class]
21:59:38.668 [main] DEBUG o.s.c.a.ClassPathBeanDefinitionScanner - Identified candidate component class: file [/var/lib/jenkins/jobs/iTrust_Fuzzer/workspace/iTrust2/target/classes/edu/ncsu/csc/itrust2/controllers/api/APIAppointmentRequestController.class]
21:59:38.669 [main] DEBUG o.s.c.a.ClassPathBeanDefinitionScanner - Identified candidate component class: file [/var/lib/jenkins/jobs/iTrust_Fuzzer/workspace/iTrust2/target/classes/edu/ncsu/csc/itrust2/controllers/api/APIDiagnosisController.class]
21:59:38.669 [main] DEBUG o.s.c.a.ClassPathBeanDefinitionScanner - Identified candidate component class: file [/var/lib/jenkins/jobs/iTrust_Fuzzer/workspace/iTrust2/target/classes/edu/ncsu/csc/itrust2/controllers/api/APIDrugController.class]
21:59:38.669 [main] DEBUG o.s.c.a.ClassPathBeanDefinitionScanner - Identified candidate component class: file [/var/lib/jenkins/jobs/iTrust_Fuzzer/workspace/iTrust2/target/classes/edu/ncsu/csc/itrust2/controllers/api/APIEnumController.class]
21:59:38.670 [main] DEBUG o.s.c.a.ClassPathBeanDefinitionScanner - Identified candidate component class: file [/var/lib/jenkins/jobs/iTrust_Fuzzer/workspace/iTrust2/target/classes/edu/ncsu/csc/itrust2/controllers/api/APIHospitalController.class]
21:59:38.670 [main] DEBUG o.s.c.a.ClassPathBeanDefinitionScanner - Identified candidate component class: file [/var/lib/jenkins/jobs/iTrust_Fuzzer/workspace/iTrust2/target/classes/edu/ncsu/csc/itrust2/controllers/api/APIICDCodeController.class]
21:59:38.670 [main] DEBUG o.s.c.a.ClassPathBeanDefinitionScanner - Identified candidate component class: file [/var/lib/jenkins/jobs/iTrust_Fuzzer/workspace/iTrust2/target/classes/edu/ncsu/csc/itrust2/controllers/api/APILogEntryController.class]
21:59:38.671 [main] DEBUG o.s.c.a.ClassPathBeanDefinitionScanner - Identified candidate component class: file [/var/lib/jenkins/jobs/iTrust_Fuzzer/workspace/iTrust2/target/classes/edu/ncsu/csc/itrust2/controllers/api/APIOfficeVisitController.class]
21:59:38.671 [main] DEBUG o.s.c.a.ClassPathBeanDefinitionScanner - Identified candidate component class: file [/var/lib/jenkins/jobs/iTrust_Fuzzer/workspace/iTrust2/target/classes/edu/ncsu/csc/itrust2/controllers/api/APIPasswordController.class]
21:59:38.672 [main] DEBUG o.s.c.a.ClassPathBeanDefinitionScanner - Identified candidate component class: file [/var/lib/jenkins/jobs/iTrust_Fuzzer/workspace/iTrust2/target/classes/edu/ncsu/csc/itrust2/controllers/api/APIPatientController.class]
21:59:38.672 [main] DEBUG o.s.c.a.ClassPathBeanDefinitionScanner - Identified candidate component class: file [/var/lib/jenkins/jobs/iTrust_Fuzzer/workspace/iTrust2/target/classes/edu/ncsu/csc/itrust2/controllers/api/APIPersonnelController.class]
21:59:38.672 [main] DEBUG o.s.c.a.ClassPathBeanDefinitionScanner - Identified candidate component class: file [/var/lib/jenkins/jobs/iTrust_Fuzzer/workspace/iTrust2/target/classes/edu/ncsu/csc/itrust2/controllers/api/APIPrescriptionController.class]
21:59:38.673 [main] DEBUG o.s.c.a.ClassPathBeanDefinitionScanner - Identified candidate component class: file [/var/lib/jenkins/jobs/iTrust_Fuzzer/workspace/iTrust2/target/classes/edu/ncsu/csc/itrust2/controllers/api/APIUserController.class]
21:59:38.673 [main] DEBUG o.s.c.a.ClassPathBeanDefinitionScanner - Identified candidate component class: file [/var/lib/jenkins/jobs/iTrust_Fuzzer/workspace/iTrust2/target/classes/edu/ncsu/csc/itrust2/controllers/hcp/AppointmentControllerHCP.class]
21:59:38.673 [main] DEBUG o.s.c.a.ClassPathBeanDefinitionScanner - Identified candidate component class: file [/var/lib/jenkins/jobs/iTrust_Fuzzer/workspace/iTrust2/target/classes/edu/ncsu/csc/itrust2/controllers/hcp/HCPController.class]
21:59:38.673 [main] DEBUG o.s.c.a.ClassPathBeanDefinitionScanner - Identified candidate component class: file [/var/lib/jenkins/jobs/iTrust_Fuzzer/workspace/iTrust2/target/classes/edu/ncsu/csc/itrust2/controllers/hcp/OfficeVisitController.class]
21:59:38.674 [main] DEBUG o.s.c.a.ClassPathBeanDefinitionScanner - Identified candidate component class: file [/var/lib/jenkins/jobs/iTrust_Fuzzer/workspace/iTrust2/target/classes/edu/ncsu/csc/itrust2/controllers/patient/AppointmentController.class]
21:59:38.674 [main] DEBUG o.s.c.a.ClassPathBeanDefinitionScanner - Identified candidate component class: file [/var/lib/jenkins/jobs/iTrust_Fuzzer/workspace/iTrust2/target/classes/edu/ncsu/csc/itrust2/controllers/patient/DiagnosesController.class]
21:59:38.674 [main] DEBUG o.s.c.a.ClassPathBeanDefinitionScanner - Identified candidate component class: file [/var/lib/jenkins/jobs/iTrust_Fuzzer/workspace/iTrust2/target/classes/edu/ncsu/csc/itrust2/controllers/patient/PatientController.class]
21:59:38.674 [main] DEBUG o.s.c.a.ClassPathBeanDefinitionScanner - Identified candidate component class: file [/var/lib/jenkins/jobs/iTrust_Fuzzer/workspace/iTrust2/target/classes/edu/ncsu/csc/itrust2/controllers/personnel/PasswordController.class]
21:59:38.675 [main] DEBUG o.s.c.a.ClassPathBeanDefinitionScanner - Identified candidate component class: file [/var/lib/jenkins/jobs/iTrust_Fuzzer/workspace/iTrust2/target/classes/edu/ncsu/csc/itrust2/controllers/personnel/UserController.class]
21:59:38.675 [main] DEBUG o.s.c.i.s.PathMatchingResourcePatternResolver - Resolved classpath location [edu/ncsu/csc/itrust2/config/] to resources [URL [file:/var/lib/jenkins/jobs/iTrust_Fuzzer/workspace/iTrust2/target/classes/edu/ncsu/csc/itrust2/config/]]
21:59:38.675 [main] DEBUG o.s.c.i.s.PathMatchingResourcePatternResolver - Looking for matching resources in directory tree [/var/lib/jenkins/jobs/iTrust_Fuzzer/workspace/iTrust2/target/classes/edu/ncsu/csc/itrust2/config]
21:59:38.675 [main] DEBUG o.s.c.i.s.PathMatchingResourcePatternResolver - Searching directory [/var/lib/jenkins/jobs/iTrust_Fuzzer/workspace/iTrust2/target/classes/edu/ncsu/csc/itrust2/config] for files matching pattern [/var/lib/jenkins/jobs/iTrust_Fuzzer/workspace/iTrust2/target/classes/edu/ncsu/csc/itrust2/config/**/*.class]
21:59:38.676 [main] DEBUG o.s.c.i.s.PathMatchingResourcePatternResolver - Resolved location pattern [classpath*:edu/ncsu/csc/itrust2/config/**/*.class] to resources [file [/var/lib/jenkins/jobs/iTrust_Fuzzer/workspace/iTrust2/target/classes/edu/ncsu/csc/itrust2/config/ContextListener.class], file [/var/lib/jenkins/jobs/iTrust_Fuzzer/workspace/iTrust2/target/classes/edu/ncsu/csc/itrust2/config/DataConfiguration.class], file [/var/lib/jenkins/jobs/iTrust_Fuzzer/workspace/iTrust2/target/classes/edu/ncsu/csc/itrust2/config/FailureHandler.class], file [/var/lib/jenkins/jobs/iTrust_Fuzzer/workspace/iTrust2/target/classes/edu/ncsu/csc/itrust2/config/IPFilter.class], file [/var/lib/jenkins/jobs/iTrust_Fuzzer/workspace/iTrust2/target/classes/edu/ncsu/csc/itrust2/config/ITrust2ApplicationInitializer.class], file [/var/lib/jenkins/jobs/iTrust_Fuzzer/workspace/iTrust2/target/classes/edu/ncsu/csc/itrust2/config/ITrust2WebApplicationInitializer.class], file [/var/lib/jenkins/jobs/iTrust_Fuzzer/workspace/iTrust2/target/classes/edu/ncsu/csc/itrust2/config/LoginAuditingListener.class], file [/var/lib/jenkins/jobs/iTrust_Fuzzer/workspace/iTrust2/target/classes/edu/ncsu/csc/itrust2/config/RootConfiguration.class], file [/var/lib/jenkins/jobs/iTrust_Fuzzer/workspace/iTrust2/target/classes/edu/ncsu/csc/itrust2/config/SecurityConfig.class]]
21:59:38.676 [main] DEBUG o.s.c.a.ClassPathBeanDefinitionScanner - Identified candidate component class: file [/var/lib/jenkins/jobs/iTrust_Fuzzer/workspace/iTrust2/target/classes/edu/ncsu/csc/itrust2/config/DataConfiguration.class]
21:59:38.676 [main] DEBUG o.s.c.a.ClassPathBeanDefinitionScanner - Identified candidate component class: file [/var/lib/jenkins/jobs/iTrust_Fuzzer/workspace/iTrust2/target/classes/edu/ncsu/csc/itrust2/config/LoginAuditingListener.class]
21:59:38.676 [main] DEBUG o.s.c.a.ClassPathBeanDefinitionScanner - Identified candidate component class: file [/var/lib/jenkins/jobs/iTrust_Fuzzer/workspace/iTrust2/target/classes/edu/ncsu/csc/itrust2/config/RootConfiguration.class]
21:59:38.677 [main] DEBUG o.s.c.a.ClassPathBeanDefinitionScanner - Identified candidate component class: file [/var/lib/jenkins/jobs/iTrust_Fuzzer/workspace/iTrust2/target/classes/edu/ncsu/csc/itrust2/config/SecurityConfig.class]
21:59:38.693 [main] DEBUG o.s.c.a.ConfigurationClassBeanDefinitionReader - Registering bean definition for @Bean method edu.ncsu.csc.itrust2.config.DataConfiguration.dataSource()
21:59:38.693 [main] DEBUG o.s.c.a.ConfigurationClassBeanDefinitionReader - Registered bean definition for imported class &apos;org.springframework.security.config.annotation.configuration.ObjectPostProcessorConfiguration&apos;
21:59:38.693 [main] DEBUG o.s.c.a.ConfigurationClassBeanDefinitionReader - Registering bean definition for @Bean method org.springframework.security.config.annotation.configuration.ObjectPostProcessorConfiguration.objectPostProcessor()
21:59:38.693 [main] DEBUG o.s.c.a.ConfigurationClassBeanDefinitionReader - Registered bean definition for imported class &apos;org.springframework.security.config.annotation.authentication.configuration.AuthenticationConfiguration&apos;
21:59:38.693 [main] DEBUG o.s.c.a.ConfigurationClassBeanDefinitionReader - Registering bean definition for @Bean method org.springframework.security.config.annotation.authentication.configuration.AuthenticationConfiguration.authenticationManagerBuilder()
21:59:38.693 [main] DEBUG o.s.c.a.ConfigurationClassBeanDefinitionReader - Registering bean definition for @Bean method org.springframework.security.config.annotation.authentication.configuration.AuthenticationConfiguration.enableGlobalAuthenticationAutowiredConfigurer()
21:59:38.693 [main] DEBUG o.s.c.a.ConfigurationClassBeanDefinitionReader - Registering bean definition for @Bean method org.springframework.security.config.annotation.authentication.configuration.AuthenticationConfiguration.initializeUserDetailsBeanManagerConfigurer()
21:59:38.693 [main] DEBUG o.s.c.a.ConfigurationClassBeanDefinitionReader - Registering bean definition for @Bean method org.springframework.security.config.annotation.authentication.configuration.AuthenticationConfiguration.initializeAuthenticationProviderBeanManagerConfigurer()
21:59:38.693 [main] DEBUG o.s.c.a.ConfigurationClassBeanDefinitionReader - Registered bean definition for imported class &apos;org.springframework.security.config.annotation.web.configuration.WebSecurityConfiguration&apos;
21:59:38.693 [main] DEBUG o.s.c.a.ConfigurationClassBeanDefinitionReader - Registering bean definition for @Bean method org.springframework.security.config.annotation.web.configuration.WebSecurityConfiguration.delegatingApplicationListener()
21:59:38.693 [main] DEBUG o.s.c.a.ConfigurationClassBeanDefinitionReader - Registering bean definition for @Bean method org.springframework.security.config.annotation.web.configuration.WebSecurityConfiguration.webSecurityExpressionHandler()
21:59:38.693 [main] DEBUG o.s.c.a.ConfigurationClassBeanDefinitionReader - Registering bean definition for @Bean method org.springframework.security.config.annotation.web.configuration.WebSecurityConfiguration.springSecurityFilterChain()
21:59:38.693 [main] DEBUG o.s.c.a.ConfigurationClassBeanDefinitionReader - Registering bean definition for @Bean method org.springframework.security.config.annotation.web.configuration.WebSecurityConfiguration.privilegeEvaluator()
21:59:38.693 [main] DEBUG o.s.c.a.ConfigurationClassBeanDefinitionReader - Registering bean definition for @Bean method org.springframework.security.config.annotation.web.configuration.WebSecurityConfiguration.autowiredWebSecurityConfigurersIgnoreParents()
21:59:38.693 [main] DEBUG o.s.c.a.ConfigurationClassBeanDefinitionReader - Registered bean definition for imported class &apos;org.springframework.security.config.annotation.web.configuration.WebMvcSecurityConfiguration&apos;
21:59:38.693 [main] DEBUG o.s.c.a.ConfigurationClassBeanDefinitionReader - Registering bean definition for @Bean method org.springframework.security.config.annotation.web.configuration.WebMvcSecurityConfiguration.requestDataValueProcessor()
21:59:38.693 [main] DEBUG o.s.c.a.ConfigurationClassBeanDefinitionReader - Registering bean definition for @Bean method edu.ncsu.csc.itrust2.config.SecurityConfig.passwordEncoder()
21:59:38.693 [main] DEBUG o.s.c.a.ConfigurationClassBeanDefinitionReader - Registering bean definition for @Bean method edu.ncsu.csc.itrust2.config.SecurityConfig.defaultAuthenticationEventPublisher()
21:59:38.693 [main] DEBUG o.s.c.a.ConfigurationClassBeanDefinitionReader - Registering bean definition for @Bean method edu.ncsu.csc.itrust2.config.SecurityConfig.failureHandler()
21:59:38.693 [main] DEBUG o.s.c.a.ConfigurationClassBeanDefinitionReader - Registering bean definition for @Bean method edu.ncsu.csc.itrust2.config.SecurityConfig.ipBlockFilter()
21:59:38.694 [main] DEBUG o.s.c.a.ConfigurationClassBeanDefinitionReader - Registered bean definition for imported class &apos;org.springframework.web.servlet.config.annotation.DelegatingWebMvcConfiguration&apos;
21:59:38.694 [main] DEBUG o.s.c.a.ConfigurationClassBeanDefinitionReader - Registering bean definition for @Bean method org.springframework.web.servlet.config.annotation.DelegatingWebMvcConfiguration.mvcConversionService()
21:59:38.694 [main] DEBUG o.s.c.a.ConfigurationClassBeanDefinitionReader - Registering bean definition for @Bean method org.springframework.web.servlet.config.annotation.DelegatingWebMvcConfiguration.requestMappingHandlerMapping()
21:59:38.694 [main] DEBUG o.s.c.a.ConfigurationClassBeanDefinitionReader - Registering bean definition for @Bean method org.springframework.web.servlet.config.annotation.DelegatingWebMvcConfiguration.mvcPathMatcher()
21:59:38.694 [main] DEBUG o.s.c.a.ConfigurationClassBeanDefinitionReader - Registering bean definition for @Bean method org.springframework.web.servlet.config.annotation.DelegatingWebMvcConfiguration.mvcUrlPathHelper()
21:59:38.694 [main] DEBUG o.s.c.a.ConfigurationClassBeanDefinitionReader - Registering bean definition for @Bean method org.springframework.web.servlet.config.annotation.DelegatingWebMvcConfiguration.mvcContentNegotiationManager()
21:59:38.694 [main] DEBUG o.s.c.a.ConfigurationClassBeanDefinitionReader - Registering bean definition for @Bean method org.springframework.web.servlet.config.annotation.DelegatingWebMvcConfiguration.viewControllerHandlerMapping()
21:59:38.694 [main] DEBUG o.s.c.a.ConfigurationClassBeanDefinitionReader - Registering bean definition for @Bean method org.springframework.web.servlet.config.annotation.DelegatingWebMvcConfiguration.beanNameHandlerMapping()
21:59:38.694 [main] DEBUG o.s.c.a.ConfigurationClassBeanDefinitionReader - Registering bean definition for @Bean method org.springframework.web.servlet.config.annotation.DelegatingWebMvcConfiguration.resourceHandlerMapping()
21:59:38.694 [main] DEBUG o.s.c.a.ConfigurationClassBeanDefinitionReader - Registering bean definition for @Bean method org.springframework.web.servlet.config.annotation.DelegatingWebMvcConfiguration.mvcResourceUrlProvider()
21:59:38.694 [main] DEBUG o.s.c.a.ConfigurationClassBeanDefinitionReader - Registering bean definition for @Bean method org.springframework.web.servlet.config.annotation.DelegatingWebMvcConfiguration.defaultServletHandlerMapping()
21:59:38.694 [main] DEBUG o.s.c.a.ConfigurationClassBeanDefinitionReader - Registering bean definition for @Bean method org.springframework.web.servlet.config.annotation.DelegatingWebMvcConfiguration.requestMappingHandlerAdapter()
21:59:38.694 [main] DEBUG o.s.c.a.ConfigurationClassBeanDefinitionReader - Registering bean definition for @Bean method org.springframework.web.servlet.config.annotation.DelegatingWebMvcConfiguration.mvcValidator()
21:59:38.695 [main] DEBUG o.s.c.a.ConfigurationClassBeanDefinitionReader - Registering bean definition for @Bean method org.springframework.web.servlet.config.annotation.DelegatingWebMvcConfiguration.mvcUriComponentsContributor()
21:59:38.695 [main] DEBUG o.s.c.a.ConfigurationClassBeanDefinitionReader - Registering bean definition for @Bean method org.springframework.web.servlet.config.annotation.DelegatingWebMvcConfiguration.httpRequestHandlerAdapter()
21:59:38.695 [main] DEBUG o.s.c.a.ConfigurationClassBeanDefinitionReader - Registering bean definition for @Bean method org.springframework.web.servlet.config.annotation.DelegatingWebMvcConfiguration.simpleControllerHandlerAdapter()
21:59:38.695 [main] DEBUG o.s.c.a.ConfigurationClassBeanDefinitionReader - Registering bean definition for @Bean method org.springframework.web.servlet.config.annotation.DelegatingWebMvcConfiguration.handlerExceptionResolver()
21:59:38.695 [main] DEBUG o.s.c.a.ConfigurationClassBeanDefinitionReader - Registering bean definition for @Bean method org.springframework.web.servlet.config.annotation.DelegatingWebMvcConfiguration.mvcViewResolver()
21:59:38.695 [main] DEBUG o.s.c.a.ConfigurationClassBeanDefinitionReader - Registered bean definition for imported class &apos;org.springframework.security.config.annotation.method.configuration.GlobalMethodSecurityConfiguration&apos;
21:59:38.695 [main] DEBUG o.s.c.a.ConfigurationClassBeanDefinitionReader - Registering bean definition for @Bean method org.springframework.security.config.annotation.method.configuration.GlobalMethodSecurityConfiguration.methodSecurityInterceptor()
21:59:38.695 [main] DEBUG o.s.c.a.ConfigurationClassBeanDefinitionReader - Registering bean definition for @Bean method org.springframework.security.config.annotation.method.configuration.GlobalMethodSecurityConfiguration.methodSecurityMetadataSource()
21:59:38.695 [main] DEBUG o.s.c.a.ConfigurationClassBeanDefinitionReader - Registering bean definition for @Bean method org.springframework.security.config.annotation.method.configuration.GlobalMethodSecurityConfiguration.preInvocationAuthorizationAdvice()
21:59:38.695 [main] DEBUG o.s.c.a.ConfigurationClassBeanDefinitionReader - Registering bean definition for @Bean method edu.ncsu.csc.itrust2.mvc.config.WebMvcConfiguration.viewResolver()
21:59:38.695 [main] DEBUG o.s.c.a.ConfigurationClassBeanDefinitionReader - Registering bean definition for @Bean method edu.ncsu.csc.itrust2.mvc.config.WebMvcConfiguration.templateEngine()
21:59:38.695 [main] DEBUG o.s.c.a.ConfigurationClassBeanDefinitionReader - Registering bean definition for @Bean method edu.ncsu.csc.itrust2.mvc.config.WebMvcConfiguration.domainClassConverter()
21:59:38.697 [main] DEBUG o.s.c.a.ConfigurationClassEnhancer - Successfully enhanced edu.ncsu.csc.itrust2.config.RootConfiguration; enhanced class name is: edu.ncsu.csc.itrust2.config.RootConfiguration$$EnhancerBySpringCGLIB$$c1d00685
21:59:38.697 [main] DEBUG o.s.c.a.ConfigurationClassPostProcessor - Replacing bean definition &apos;rootConfiguration&apos; existing class &apos;edu.ncsu.csc.itrust2.config.RootConfiguration&apos; with enhanced class &apos;edu.ncsu.csc.itrust2.config.RootConfiguration$$EnhancerBySpringCGLIB$$c1d00685&apos;
21:59:38.697 [main] DEBUG o.s.c.a.ConfigurationClassEnhancer - Successfully enhanced edu.ncsu.csc.itrust2.mvc.config.WebMvcConfiguration; enhanced class name is: edu.ncsu.csc.itrust2.mvc.config.WebMvcConfiguration$$EnhancerBySpringCGLIB$$de7b09d5
21:59:38.697 [main] DEBUG o.s.c.a.ConfigurationClassPostProcessor - Replacing bean definition &apos;webMvcConfiguration&apos; existing class &apos;edu.ncsu.csc.itrust2.mvc.config.WebMvcConfiguration&apos; with enhanced class &apos;edu.ncsu.csc.itrust2.mvc.config.WebMvcConfiguration$$EnhancerBySpringCGLIB$$de7b09d5&apos;
21:59:38.697 [main] DEBUG o.s.c.a.ConfigurationClassEnhancer - Successfully enhanced edu.ncsu.csc.itrust2.config.DataConfiguration; enhanced class name is: edu.ncsu.csc.itrust2.config.DataConfiguration$$EnhancerBySpringCGLIB$$60f4bbd
21:59:38.697 [main] DEBUG o.s.c.a.ConfigurationClassPostProcessor - Replacing bean definition &apos;dataConfiguration&apos; existing class &apos;edu.ncsu.csc.itrust2.config.DataConfiguration&apos; with enhanced class &apos;edu.ncsu.csc.itrust2.config.DataConfiguration$$EnhancerBySpringCGLIB$$60f4bbd&apos;
21:59:38.697 [main] DEBUG o.s.c.a.ConfigurationClassEnhancer - Successfully enhanced edu.ncsu.csc.itrust2.config.SecurityConfig; enhanced class name is: edu.ncsu.csc.itrust2.config.SecurityConfig$$EnhancerBySpringCGLIB$$f88fd361
21:59:38.697 [main] DEBUG o.s.c.a.ConfigurationClassPostProcessor - Replacing bean definition &apos;securityConfig&apos; existing class &apos;edu.ncsu.csc.itrust2.config.SecurityConfig&apos; with enhanced class &apos;edu.ncsu.csc.itrust2.config.SecurityConfig$$EnhancerBySpringCGLIB$$f88fd361&apos;
21:59:38.697 [main] DEBUG o.s.c.a.ConfigurationClassEnhancer - Successfully enhanced org.springframework.security.config.annotation.configuration.ObjectPostProcessorConfiguration; enhanced class name is: org.springframework.security.config.annotation.configuration.ObjectPostProcessorConfiguration$$EnhancerBySpringCGLIB$$6851d2d
21:59:38.697 [main] DEBUG o.s.c.a.ConfigurationClassPostProcessor - Replacing bean definition &apos;org.springframework.security.config.annotation.configuration.ObjectPostProcessorConfiguration&apos; existing class &apos;org.springframework.security.config.annotation.configuration.ObjectPostProcessorConfiguration&apos; with enhanced class &apos;org.springframework.security.config.annotation.configuration.ObjectPostProcessorConfiguration$$EnhancerBySpringCGLIB$$6851d2d&apos;
21:59:38.697 [main] DEBUG o.s.c.a.ConfigurationClassEnhancer - Successfully enhanced org.springframework.security.config.annotation.authentication.configuration.AuthenticationConfiguration; enhanced class name is: org.springframework.security.config.annotation.authentication.configuration.AuthenticationConfiguration$$EnhancerBySpringCGLIB$$524e27a2
21:59:38.697 [main] DEBUG o.s.c.a.ConfigurationClassPostProcessor - Replacing bean definition &apos;org.springframework.security.config.annotation.authentication.configuration.AuthenticationConfiguration&apos; existing class &apos;org.springframework.security.config.annotation.authentication.configuration.AuthenticationConfiguration&apos; with enhanced class &apos;org.springframework.security.config.annotation.authentication.configuration.AuthenticationConfiguration$$EnhancerBySpringCGLIB$$524e27a2&apos;
21:59:38.697 [main] DEBUG o.s.c.a.ConfigurationClassEnhancer - Successfully enhanced org.springframework.security.config.annotation.authentication.configuration.AuthenticationConfiguration; enhanced class name is: org.springframework.security.config.annotation.authentication.configuration.AuthenticationConfiguration$$EnhancerBySpringCGLIB$$524e27a2
21:59:38.697 [main] DEBUG o.s.c.a.ConfigurationClassPostProcessor - Replacing bean definition &apos;enableGlobalAuthenticationAutowiredConfigurer&apos; existing class &apos;org.springframework.security.config.annotation.authentication.configuration.AuthenticationConfiguration&apos; with enhanced class &apos;org.springframework.security.config.annotation.authentication.configuration.AuthenticationConfiguration$$EnhancerBySpringCGLIB$$524e27a2&apos;
21:59:38.697 [main] DEBUG o.s.c.a.ConfigurationClassEnhancer - Successfully enhanced org.springframework.security.config.annotation.authentication.configuration.AuthenticationConfiguration; enhanced class name is: org.springframework.security.config.annotation.authentication.configuration.AuthenticationConfiguration$$EnhancerBySpringCGLIB$$524e27a2
21:59:38.697 [main] DEBUG o.s.c.a.ConfigurationClassPostProcessor - Replacing bean definition &apos;initializeUserDetailsBeanManagerConfigurer&apos; existing class &apos;org.springframework.security.config.annotation.authentication.configuration.AuthenticationConfiguration&apos; with enhanced class &apos;org.springframework.security.config.annotation.authentication.configuration.AuthenticationConfiguration$$EnhancerBySpringCGLIB$$524e27a2&apos;
21:59:38.697 [main] DEBUG o.s.c.a.ConfigurationClassEnhancer - Successfully enhanced org.springframework.security.config.annotation.authentication.configuration.AuthenticationConfiguration; enhanced class name is: org.springframework.security.config.annotation.authentication.configuration.AuthenticationConfiguration$$EnhancerBySpringCGLIB$$524e27a2
21:59:38.697 [main] DEBUG o.s.c.a.ConfigurationClassPostProcessor - Replacing bean definition &apos;initializeAuthenticationProviderBeanManagerConfigurer&apos; existing class &apos;org.springframework.security.config.annotation.authentication.configuration.AuthenticationConfiguration&apos; with enhanced class &apos;org.springframework.security.config.annotation.authentication.configuration.AuthenticationConfiguration$$EnhancerBySpringCGLIB$$524e27a2&apos;
21:59:38.697 [main] DEBUG o.s.c.a.ConfigurationClassEnhancer - Successfully enhanced org.springframework.security.config.annotation.web.configuration.WebSecurityConfiguration; enhanced class name is: org.springframework.security.config.annotation.web.configuration.WebSecurityConfiguration$$EnhancerBySpringCGLIB$$150881e6
21:59:38.697 [main] DEBUG o.s.c.a.ConfigurationClassPostProcessor - Replacing bean definition &apos;org.springframework.security.config.annotation.web.configuration.WebSecurityConfiguration&apos; existing class &apos;org.springframework.security.config.annotation.web.configuration.WebSecurityConfiguration&apos; with enhanced class &apos;org.springframework.security.config.annotation.web.configuration.WebSecurityConfiguration$$EnhancerBySpringCGLIB$$150881e6&apos;
21:59:38.698 [main] DEBUG o.s.c.a.ConfigurationClassEnhancer - Successfully enhanced org.springframework.security.config.annotation.web.configuration.WebSecurityConfiguration; enhanced class name is: org.springframework.security.config.annotation.web.configuration.WebSecurityConfiguration$$EnhancerBySpringCGLIB$$150881e6
21:59:38.698 [main] DEBUG o.s.c.a.ConfigurationClassPostProcessor - Replacing bean definition &apos;delegatingApplicationListener&apos; existing class &apos;org.springframework.security.config.annotation.web.configuration.WebSecurityConfiguration&apos; with enhanced class &apos;org.springframework.security.config.annotation.web.configuration.WebSecurityConfiguration$$EnhancerBySpringCGLIB$$150881e6&apos;
21:59:38.698 [main] DEBUG o.s.c.a.ConfigurationClassEnhancer - Successfully enhanced org.springframework.web.servlet.config.annotation.DelegatingWebMvcConfiguration; enhanced class name is: org.springframework.web.servlet.config.annotation.DelegatingWebMvcConfiguration$$EnhancerBySpringCGLIB$$32983a29
21:59:38.698 [main] DEBUG o.s.c.a.ConfigurationClassPostProcessor - Replacing bean definition &apos;org.springframework.web.servlet.config.annotation.DelegatingWebMvcConfiguration&apos; existing class &apos;org.springframework.web.servlet.config.annotation.DelegatingWebMvcConfiguration&apos; with enhanced class &apos;org.springframework.web.servlet.config.annotation.DelegatingWebMvcConfiguration$$EnhancerBySpringCGLIB$$32983a29&apos;
21:59:38.698 [main] DEBUG o.s.c.a.ConfigurationClassEnhancer - Successfully enhanced org.springframework.security.config.annotation.method.configuration.GlobalMethodSecurityConfiguration; enhanced class name is: org.springframework.security.config.annotation.method.configuration.GlobalMethodSecurityConfiguration$$EnhancerBySpringCGLIB$$2b59bfdf
21:59:38.698 [main] DEBUG o.s.c.a.ConfigurationClassPostProcessor - Replacing bean definition &apos;org.springframework.security.config.annotation.method.configuration.GlobalMethodSecurityConfiguration&apos; existing class &apos;org.springframework.security.config.annotation.method.configuration.GlobalMethodSecurityConfiguration&apos; with enhanced class &apos;org.springframework.security.config.annotation.method.configuration.GlobalMethodSecurityConfiguration$$EnhancerBySpringCGLIB$$2b59bfdf&apos;
21:59:38.699 [main] DEBUG o.s.b.f.s.DefaultListableBeanFactory - Creating shared instance of singleton bean &apos;org.springframework.context.annotation.internalAutowiredAnnotationProcessor&apos;
21:59:38.699 [main] DEBUG o.s.b.f.s.DefaultListableBeanFactory - Creating instance of bean &apos;org.springframework.context.annotation.internalAutowiredAnnotationProcessor&apos;
21:59:38.699 [main] DEBUG o.s.b.f.s.DefaultListableBeanFactory - Eagerly caching bean &apos;org.springframework.context.annotation.internalAutowiredAnnotationProcessor&apos; to allow for resolving potential circular references
21:59:38.701 [main] DEBUG o.s.b.f.s.DefaultListableBeanFactory - Finished creating instance of bean &apos;org.springframework.context.annotation.internalAutowiredAnnotationProcessor&apos;
21:59:38.701 [main] DEBUG o.s.b.f.s.DefaultListableBeanFactory - Creating shared instance of singleton bean &apos;org.springframework.context.annotation.internalRequiredAnnotationProcessor&apos;
21:59:38.701 [main] DEBUG o.s.b.f.s.DefaultListableBeanFactory - Creating instance of bean &apos;org.springframework.context.annotation.internalRequiredAnnotationProcessor&apos;
21:59:38.701 [main] DEBUG o.s.b.f.s.DefaultListableBeanFactory - Eagerly caching bean &apos;org.springframework.context.annotation.internalRequiredAnnotationProcessor&apos; to allow for resolving potential circular references
21:59:38.702 [main] DEBUG o.s.b.f.s.DefaultListableBeanFactory - Finished creating instance of bean &apos;org.springframework.context.annotation.internalRequiredAnnotationProcessor&apos;
21:59:38.702 [main] DEBUG o.s.b.f.s.DefaultListableBeanFactory - Creating shared instance of singleton bean &apos;org.springframework.context.annotation.internalCommonAnnotationProcessor&apos;
21:59:38.702 [main] DEBUG o.s.b.f.s.DefaultListableBeanFactory - Creating instance of bean &apos;org.springframework.context.annotation.internalCommonAnnotationProcessor&apos;
21:59:38.702 [main] DEBUG o.s.b.f.s.DefaultListableBeanFactory - Eagerly caching bean &apos;org.springframework.context.annotation.internalCommonAnnotationProcessor&apos; to allow for resolving potential circular references
21:59:38.704 [main] DEBUG o.s.b.f.s.DefaultListableBeanFactory - Finished creating instance of bean &apos;org.springframework.context.annotation.internalCommonAnnotationProcessor&apos;
21:59:38.704 [main] DEBUG o.s.b.f.s.DefaultListableBeanFactory - Creating shared instance of singleton bean &apos;org.springframework.context.annotation.internalPersistenceAnnotationProcessor&apos;
21:59:38.704 [main] DEBUG o.s.b.f.s.DefaultListableBeanFactory - Creating instance of bean &apos;org.springframework.context.annotation.internalPersistenceAnnotationProcessor&apos;
21:59:38.705 [main] DEBUG o.s.b.f.s.DefaultListableBeanFactory - Eagerly caching bean &apos;org.springframework.context.annotation.internalPersistenceAnnotationProcessor&apos; to allow for resolving potential circular references
21:59:38.706 [main] DEBUG o.s.b.f.s.DefaultListableBeanFactory - Finished creating instance of bean &apos;org.springframework.context.annotation.internalPersistenceAnnotationProcessor&apos;
21:59:38.706 [main] DEBUG o.s.b.f.s.DefaultListableBeanFactory - Creating shared instance of singleton bean &apos;org.springframework.aop.config.internalAutoProxyCreator&apos;
21:59:38.706 [main] DEBUG o.s.b.f.s.DefaultListableBeanFactory - Creating instance of bean &apos;org.springframework.aop.config.internalAutoProxyCreator&apos;
21:59:38.707 [main] DEBUG o.s.b.f.s.DefaultListableBeanFactory - Eagerly caching bean &apos;org.springframework.aop.config.internalAutoProxyCreator&apos; to allow for resolving potential circular references
21:59:38.709 [main] DEBUG o.s.b.f.s.DefaultListableBeanFactory - Finished creating instance of bean &apos;org.springframework.aop.config.internalAutoProxyCreator&apos;
21:59:38.709 [main] DEBUG o.s.w.c.s.GenericWebApplicationContext - Unable to locate MessageSource with name &apos;messageSource&apos;: using default [org.springframework.context.support.DelegatingMessageSource@1fd61b81]
21:59:38.709 [main] DEBUG o.s.w.c.s.GenericWebApplicationContext - Unable to locate ApplicationEventMulticaster with name &apos;applicationEventMulticaster&apos;: using default [org.springframework.context.event.SimpleApplicationEventMulticaster@6be06c7e]
21:59:38.709 [main] DEBUG o.s.u.c.s.UiApplicationContextUtils - Unable to locate ThemeSource with name &apos;themeSource&apos;: using default [org.springframework.ui.context.support.ResourceBundleThemeSource@45796186]
21:59:38.709 [main] DEBUG o.s.b.f.s.DefaultListableBeanFactory - Pre-instantiating singletons in org.springframework.beans.factory.support.DefaultListableBeanFactory@2b7b29a4: defining beans [org.springframework.context.annotation.internalConfigurationAnnotationProcessor,org.springframework.context.annotation.internalAutowiredAnnotationProcessor,org.springframework.context.annotation.internalRequiredAnnotationProcessor,org.springframework.context.annotation.in
...[truncated 190272 chars]...
ncsu.csc.itrust2.controllers.patient.PatientController.viewDemographics(org.springframework.ui.Model)]] with attributes [[authorize: &apos;hasRole(&apos;ROLE_PATIENT&apos;)&apos;, filter: &apos;null&apos;, filterTarget: &apos;null&apos;]]
21:59:38.958 [main] DEBUG o.s.aop.framework.CglibAopProxy - Unable to apply any optimisations to advised method: public java.lang.String edu.ncsu.csc.itrust2.controllers.patient.PatientController.viewDemographics(org.springframework.ui.Model)
21:59:38.958 [main] DEBUG o.s.s.a.p.PrePostAnnotationSecurityMetadataSource - @org.springframework.security.access.prepost.PreAuthorize(value=hasRole(&apos;ROLE_PATIENT&apos;)) found on specific method: public java.lang.String edu.ncsu.csc.itrust2.controllers.patient.PatientController.demographicsSubmit(edu.ncsu.csc.itrust2.forms.hcp_patient.PatientForm,org.springframework.validation.BindingResult,org.springframework.ui.Model)
21:59:38.958 [main] DEBUG o.s.s.a.m.DelegatingMethodSecurityMetadataSource - Caching method [CacheKey[edu.ncsu.csc.itrust2.controllers.patient.PatientController; public java.lang.String edu.ncsu.csc.itrust2.controllers.patient.PatientController.demographicsSubmit(edu.ncsu.csc.itrust2.forms.hcp_patient.PatientForm,org.springframework.validation.BindingResult,org.springframework.ui.Model)]] with attributes [[authorize: &apos;hasRole(&apos;ROLE_PATIENT&apos;)&apos;, filter: &apos;null&apos;, filterTarget: &apos;null&apos;]]
21:59:38.958 [main] DEBUG o.s.aop.framework.CglibAopProxy - Unable to apply any optimisations to advised method: public java.lang.String edu.ncsu.csc.itrust2.controllers.patient.PatientController.demographicsSubmit(edu.ncsu.csc.itrust2.forms.hcp_patient.PatientForm,org.springframework.validation.BindingResult,org.springframework.ui.Model)
21:59:38.958 [main] DEBUG o.s.s.a.p.PrePostAnnotationSecurityMetadataSource - @org.springframework.security.access.prepost.PreAuthorize(value=hasRole(&apos;ROLE_PATIENT&apos;)) found on specific method: public java.lang.String edu.ncsu.csc.itrust2.controllers.patient.PatientController.index(org.springframework.ui.Model)
21:59:38.959 [main] DEBUG o.s.s.a.m.DelegatingMethodSecurityMetadataSource - Caching method [CacheKey[edu.ncsu.csc.itrust2.controllers.patient.PatientController; public java.lang.String edu.ncsu.csc.itrust2.controllers.patient.PatientController.index(org.springframework.ui.Model)]] with attributes [[authorize: &apos;hasRole(&apos;ROLE_PATIENT&apos;)&apos;, filter: &apos;null&apos;, filterTarget: &apos;null&apos;]]
21:59:38.959 [main] DEBUG o.s.aop.framework.CglibAopProxy - Unable to apply any optimisations to advised method: public java.lang.String edu.ncsu.csc.itrust2.controllers.patient.PatientController.index(org.springframework.ui.Model)
21:59:38.959 [main] DEBUG o.s.aop.framework.CglibAopProxy - Found &apos;equals&apos; method: public boolean java.lang.Object.equals(java.lang.Object)
21:59:38.959 [main] DEBUG o.s.aop.framework.CglibAopProxy - Unable to apply any optimisations to advised method: public java.lang.String java.lang.Object.toString()
21:59:38.959 [main] DEBUG o.s.aop.framework.CglibAopProxy - Found &apos;hashCode&apos; method: public native int java.lang.Object.hashCode()
21:59:38.959 [main] DEBUG o.s.aop.framework.CglibAopProxy - Unable to apply any optimisations to advised method: protected native java.lang.Object java.lang.Object.clone() throws java.lang.CloneNotSupportedException
21:59:38.959 [main] DEBUG o.s.aop.framework.CglibAopProxy - Method is declared on Advised interface: public abstract void org.springframework.aop.framework.Advised.setTargetSource(org.springframework.aop.TargetSource)
21:59:38.959 [main] DEBUG o.s.aop.framework.CglibAopProxy - Method is declared on Advised interface: public abstract org.springframework.aop.TargetSource org.springframework.aop.framework.Advised.getTargetSource()
21:59:38.959 [main] DEBUG o.s.aop.framework.CglibAopProxy - Method is declared on Advised interface: public abstract boolean org.springframework.aop.framework.Advised.isProxyTargetClass()
21:59:38.959 [main] DEBUG o.s.aop.framework.CglibAopProxy - Method is declared on Advised interface: public abstract void org.springframework.aop.framework.Advised.addAdvisor(org.springframework.aop.Advisor) throws org.springframework.aop.framework.AopConfigException
21:59:38.959 [main] DEBUG o.s.aop.framework.CglibAopProxy - Method is declared on Advised interface: public abstract void org.springframework.aop.framework.Advised.addAdvisor(int,org.springframework.aop.Advisor) throws org.springframework.aop.framework.AopConfigException
21:59:38.959 [main] DEBUG o.s.aop.framework.CglibAopProxy - Method is declared on Advised interface: public abstract void org.springframework.aop.framework.Advised.setPreFiltered(boolean)
21:59:38.959 [main] DEBUG o.s.aop.framework.CglibAopProxy - Method is declared on Advised interface: public abstract void org.springframework.aop.framework.Advised.setExposeProxy(boolean)
21:59:38.959 [main] DEBUG o.s.aop.framework.CglibAopProxy - Method is declared on Advised interface: public abstract boolean org.springframework.aop.framework.Advised.isExposeProxy()
21:59:38.959 [main] DEBUG o.s.aop.framework.CglibAopProxy - Method is declared on Advised interface: public abstract boolean org.springframework.aop.framework.Advised.isPreFiltered()
21:59:38.959 [main] DEBUG o.s.aop.framework.CglibAopProxy - Method is declared on Advised interface: public abstract java.lang.Class[] org.springframework.aop.framework.Advised.getProxiedInterfaces()
21:59:38.959 [main] DEBUG o.s.aop.framework.CglibAopProxy - Method is declared on Advised interface: public abstract boolean org.springframework.aop.framework.Advised.isInterfaceProxied(java.lang.Class)
21:59:38.959 [main] DEBUG o.s.aop.framework.CglibAopProxy - Method is declared on Advised interface: public abstract org.springframework.aop.Advisor[] org.springframework.aop.framework.Advised.getAdvisors()
21:59:38.959 [main] DEBUG o.s.aop.framework.CglibAopProxy - Method is declared on Advised interface: public abstract void org.springframework.aop.framework.Advised.removeAdvisor(int) throws org.springframework.aop.framework.AopConfigException
21:59:38.959 [main] DEBUG o.s.aop.framework.CglibAopProxy - Method is declared on Advised interface: public abstract boolean org.springframework.aop.framework.Advised.removeAdvisor(org.springframework.aop.Advisor)
21:59:38.959 [main] DEBUG o.s.aop.framework.CglibAopProxy - Method is declared on Advised interface: public abstract boolean org.springframework.aop.framework.Advised.replaceAdvisor(org.springframework.aop.Advisor,org.springframework.aop.Advisor) throws org.springframework.aop.framework.AopConfigException
21:59:38.959 [main] DEBUG o.s.aop.framework.CglibAopProxy - Method is declared on Advised interface: public abstract boolean org.springframework.aop.framework.Advised.removeAdvice(org.aopalliance.aop.Advice)
21:59:38.959 [main] DEBUG o.s.aop.framework.CglibAopProxy - Method is declared on Advised interface: public abstract java.lang.String org.springframework.aop.framework.Advised.toProxyConfigString()
21:59:38.959 [main] DEBUG o.s.aop.framework.CglibAopProxy - Method is declared on Advised interface: public abstract void org.springframework.aop.framework.Advised.addAdvice(int,org.aopalliance.aop.Advice) throws org.springframework.aop.framework.AopConfigException
21:59:38.959 [main] DEBUG o.s.aop.framework.CglibAopProxy - Method is declared on Advised interface: public abstract void org.springframework.aop.framework.Advised.addAdvice(org.aopalliance.aop.Advice) throws org.springframework.aop.framework.AopConfigException
21:59:38.959 [main] DEBUG o.s.aop.framework.CglibAopProxy - Method is declared on Advised interface: public abstract int org.springframework.aop.framework.Advised.indexOf(org.aopalliance.aop.Advice)
21:59:38.959 [main] DEBUG o.s.aop.framework.CglibAopProxy - Method is declared on Advised interface: public abstract int org.springframework.aop.framework.Advised.indexOf(org.springframework.aop.Advisor)
21:59:38.959 [main] DEBUG o.s.aop.framework.CglibAopProxy - Method is declared on Advised interface: public abstract boolean org.springframework.aop.framework.Advised.isFrozen()
21:59:38.959 [main] DEBUG o.s.aop.framework.CglibAopProxy - Method is declared on Advised interface: public abstract java.lang.Class org.springframework.aop.TargetClassAware.getTargetClass()
21:59:38.963 [main] DEBUG o.s.b.f.s.DefaultListableBeanFactory - Finished creating instance of bean &apos;patientController&apos;
21:59:38.963 [main] DEBUG o.s.b.f.s.DefaultListableBeanFactory - Creating shared instance of singleton bean &apos;passwordController&apos;
21:59:38.963 [main] DEBUG o.s.b.f.s.DefaultListableBeanFactory - Creating instance of bean &apos;passwordController&apos;
21:59:38.964 [main] DEBUG o.s.b.f.s.DefaultListableBeanFactory - Eagerly caching bean &apos;passwordController&apos; to allow for resolving potential circular references
21:59:38.964 [main] DEBUG o.s.b.f.s.DefaultListableBeanFactory - Returning cached instance of singleton bean &apos;metaDataSourceAdvisor&apos;
21:59:38.964 [main] DEBUG o.s.b.f.s.DefaultListableBeanFactory - Finished creating instance of bean &apos;passwordController&apos;
21:59:38.964 [main] DEBUG o.s.b.f.s.DefaultListableBeanFactory - Creating shared instance of singleton bean &apos;userController&apos;
21:59:38.964 [main] DEBUG o.s.b.f.s.DefaultListableBeanFactory - Creating instance of bean &apos;userController&apos;
21:59:38.964 [main] DEBUG o.s.b.f.s.DefaultListableBeanFactory - Eagerly caching bean &apos;userController&apos; to allow for resolving potential circular references
21:59:38.964 [main] DEBUG o.s.b.f.s.DefaultListableBeanFactory - Returning cached instance of singleton bean &apos;metaDataSourceAdvisor&apos;
21:59:38.964 [main] DEBUG o.s.s.a.p.PrePostAnnotationSecurityMetadataSource - @org.springframework.security.access.prepost.PreAuthorize(value=hasRole(&apos;ROLE_HCP&apos;) or hasRole(&apos;ROLE_ADMIN&apos;)) found on specific method: public java.lang.String edu.ncsu.csc.itrust2.controllers.personnel.UserController.viewDemographics(org.springframework.ui.Model)
21:59:38.964 [main] DEBUG o.s.s.a.m.DelegatingMethodSecurityMetadataSource - Caching method [CacheKey[edu.ncsu.csc.itrust2.controllers.personnel.UserController; public java.lang.String edu.ncsu.csc.itrust2.controllers.personnel.UserController.viewDemographics(org.springframework.ui.Model)]] with attributes [[authorize: &apos;hasRole(&apos;ROLE_HCP&apos;) or hasRole(&apos;ROLE_ADMIN&apos;)&apos;, filter: &apos;null&apos;, filterTarget: &apos;null&apos;]]
21:59:38.964 [main] DEBUG o.s.a.f.a.InfrastructureAdvisorAutoProxyCreator - Creating implicit proxy for bean &apos;userController&apos; with 0 common interceptors and 1 specific interceptors
21:59:38.964 [main] DEBUG o.s.aop.framework.CglibAopProxy - Creating CGLIB proxy: target source is SingletonTargetSource for target object [edu.ncsu.csc.itrust2.controllers.personnel.UserController@234d21b6]
21:59:38.964 [main] DEBUG o.s.aop.framework.CglibAopProxy - Unable to apply any optimisations to advised method: public java.lang.String edu.ncsu.csc.itrust2.controllers.personnel.UserController.viewDemographics(org.springframework.ui.Model)
21:59:38.964 [main] DEBUG o.s.s.a.p.PrePostAnnotationSecurityMetadataSource - @org.springframework.security.access.prepost.PreAuthorize(value=hasRole(&apos;ROLE_HCP&apos;) or hasRole(&apos;ROLE_ADMIN&apos;)) found on specific method: public java.lang.String edu.ncsu.csc.itrust2.controllers.personnel.UserController.demographicsSubmit(edu.ncsu.csc.itrust2.forms.personnel.PersonnelForm,org.springframework.validation.BindingResult,org.springframework.ui.Model)
21:59:38.964 [main] DEBUG o.s.s.a.m.DelegatingMethodSecurityMetadataSource - Caching method [CacheKey[edu.ncsu.csc.itrust2.controllers.personnel.UserController; public java.lang.String edu.ncsu.csc.itrust2.controllers.personnel.UserController.demographicsSubmit(edu.ncsu.csc.itrust2.forms.personnel.PersonnelForm,org.springframework.validation.BindingResult,org.springframework.ui.Model)]] with attributes [[authorize: &apos;hasRole(&apos;ROLE_HCP&apos;) or hasRole(&apos;ROLE_ADMIN&apos;)&apos;, filter: &apos;null&apos;, filterTarget: &apos;null&apos;]]
21:59:38.964 [main] DEBUG o.s.aop.framework.CglibAopProxy - Unable to apply any optimisations to advised method: public java.lang.String edu.ncsu.csc.itrust2.controllers.personnel.UserController.demographicsSubmit(edu.ncsu.csc.itrust2.forms.personnel.PersonnelForm,org.springframework.validation.BindingResult,org.springframework.ui.Model)
21:59:38.964 [main] DEBUG o.s.aop.framework.CglibAopProxy - Found &apos;equals&apos; method: public boolean java.lang.Object.equals(java.lang.Object)
21:59:38.964 [main] DEBUG o.s.aop.framework.CglibAopProxy - Unable to apply any optimisations to advised method: public java.lang.String java.lang.Object.toString()
21:59:38.964 [main] DEBUG o.s.aop.framework.CglibAopProxy - Found &apos;hashCode&apos; method: public native int java.lang.Object.hashCode()
21:59:38.965 [main] DEBUG o.s.aop.framework.CglibAopProxy - Unable to apply any optimisations to advised method: protected native java.lang.Object java.lang.Object.clone() throws java.lang.CloneNotSupportedException
21:59:38.965 [main] DEBUG o.s.aop.framework.CglibAopProxy - Method is declared on Advised interface: public abstract void org.springframework.aop.framework.Advised.setTargetSource(org.springframework.aop.TargetSource)
21:59:38.965 [main] DEBUG o.s.aop.framework.CglibAopProxy - Method is declared on Advised interface: public abstract org.springframework.aop.TargetSource org.springframework.aop.framework.Advised.getTargetSource()
21:59:38.965 [main] DEBUG o.s.aop.framework.CglibAopProxy - Method is declared on Advised interface: public abstract boolean org.springframework.aop.framework.Advised.isProxyTargetClass()
21:59:38.965 [main] DEBUG o.s.aop.framework.CglibAopProxy - Method is declared on Advised interface: public abstract void org.springframework.aop.framework.Advised.addAdvisor(org.springframework.aop.Advisor) throws org.springframework.aop.framework.AopConfigException
21:59:38.965 [main] DEBUG o.s.aop.framework.CglibAopProxy - Method is declared on Advised interface: public abstract void org.springframework.aop.framework.Advised.addAdvisor(int,org.springframework.aop.Advisor) throws org.springframework.aop.framework.AopConfigException
21:59:38.965 [main] DEBUG o.s.aop.framework.CglibAopProxy - Method is declared on Advised interface: public abstract void org.springframework.aop.framework.Advised.setPreFiltered(boolean)
21:59:38.965 [main] DEBUG o.s.aop.framework.CglibAopProxy - Method is declared on Advised interface: public abstract void org.springframework.aop.framework.Advised.setExposeProxy(boolean)
21:59:38.965 [main] DEBUG o.s.aop.framework.CglibAopProxy - Method is declared on Advised interface: public abstract boolean org.springframework.aop.framework.Advised.isExposeProxy()
21:59:38.965 [main] DEBUG o.s.aop.framework.CglibAopProxy - Method is declared on Advised interface: public abstract boolean org.springframework.aop.framework.Advised.isPreFiltered()
21:59:38.965 [main] DEBUG o.s.aop.framework.CglibAopProxy - Method is declared on Advised interface: public abstract java.lang.Class[] org.springframework.aop.framework.Advised.getProxiedInterfaces()
21:59:38.965 [main] DEBUG o.s.aop.framework.CglibAopProxy - Method is declared on Advised interface: public abstract boolean org.springframework.aop.framework.Advised.isInterfaceProxied(java.lang.Class)
21:59:38.965 [main] DEBUG o.s.aop.framework.CglibAopProxy - Method is declared on Advised interface: public abstract org.springframework.aop.Advisor[] org.springframework.aop.framework.Advised.getAdvisors()
21:59:38.965 [main] DEBUG o.s.aop.framework.CglibAopProxy - Method is declared on Advised interface: public abstract void org.springframework.aop.framework.Advised.removeAdvisor(int) throws org.springframework.aop.framework.AopConfigException
21:59:38.965 [main] DEBUG o.s.aop.framework.CglibAopProxy - Method is declared on Advised interface: public abstract boolean org.springframework.aop.framework.Advised.removeAdvisor(org.springframework.aop.Advisor)
21:59:38.965 [main] DEBUG o.s.aop.framework.CglibAopProxy - Method is declared on Advised interface: public abstract boolean org.springframework.aop.framework.Advised.replaceAdvisor(org.springframework.aop.Advisor,org.springframework.aop.Advisor) throws org.springframework.aop.framework.AopConfigException
21:59:38.965 [main] DEBUG o.s.aop.framework.CglibAopProxy - Method is declared on Advised interface: public abstract boolean org.springframework.aop.framework.Advised.removeAdvice(org.aopalliance.aop.Advice)
21:59:38.965 [main] DEBUG o.s.aop.framework.CglibAopProxy - Method is declared on Advised interface: public abstract java.lang.String org.springframework.aop.framework.Advised.toProxyConfigString()
21:59:38.965 [main] DEBUG o.s.aop.framework.CglibAopProxy - Method is declared on Advised interface: public abstract void org.springframework.aop.framework.Advised.addAdvice(int,org.aopalliance.aop.Advice) throws org.springframework.aop.framework.AopConfigException
21:59:38.965 [main] DEBUG o.s.aop.framework.CglibAopProxy - Method is declared on Advised interface: public abstract void org.springframework.aop.framework.Advised.addAdvice(org.aopalliance.aop.Advice) throws org.springframework.aop.framework.AopConfigException
21:59:38.965 [main] DEBUG o.s.aop.framework.CglibAopProxy - Method is declared on Advised interface: public abstract int org.springframework.aop.framework.Advised.indexOf(org.aopalliance.aop.Advice)
21:59:38.965 [main] DEBUG o.s.aop.framework.CglibAopProxy - Method is declared on Advised interface: public abstract int org.springframework.aop.framework.Advised.indexOf(org.springframework.aop.Advisor)
21:59:38.965 [main] DEBUG o.s.aop.framework.CglibAopProxy - Method is declared on Advised interface: public abstract boolean org.springframework.aop.framework.Advised.isFrozen()
21:59:38.965 [main] DEBUG o.s.aop.framework.CglibAopProxy - Method is declared on Advised interface: public abstract java.lang.Class org.springframework.aop.TargetClassAware.getTargetClass()
21:59:38.969 [main] DEBUG o.s.b.f.s.DefaultListableBeanFactory - Finished creating instance of bean &apos;userController&apos;
21:59:38.969 [main] DEBUG o.s.b.f.s.DefaultListableBeanFactory - Returning cached instance of singleton bean &apos;dataSource&apos;
21:59:38.969 [main] DEBUG o.s.b.f.s.DefaultListableBeanFactory - Returning cached instance of singleton bean &apos;org.springframework.security.config.annotation.configuration.ObjectPostProcessorConfiguration&apos;
21:59:38.969 [main] DEBUG o.s.b.f.s.DefaultListableBeanFactory - Returning cached instance of singleton bean &apos;objectPostProcessor&apos;
21:59:38.969 [main] DEBUG o.s.b.f.s.DefaultListableBeanFactory - Returning cached instance of singleton bean &apos;org.springframework.security.config.annotation.authentication.configuration.AuthenticationConfiguration&apos;
21:59:38.969 [main] DEBUG o.s.b.f.s.DefaultListableBeanFactory - Returning cached instance of singleton bean &apos;authenticationManagerBuilder&apos;
21:59:38.969 [main] DEBUG o.s.b.f.s.DefaultListableBeanFactory - Returning cached instance of singleton bean &apos;enableGlobalAuthenticationAutowiredConfigurer&apos;
21:59:38.969 [main] DEBUG o.s.b.f.s.DefaultListableBeanFactory - Returning cached instance of singleton bean &apos;initializeUserDetailsBeanManagerConfigurer&apos;
21:59:38.969 [main] DEBUG o.s.b.f.s.DefaultListableBeanFactory - Returning cached instance of singleton bean &apos;initializeAuthenticationProviderBeanManagerConfigurer&apos;
21:59:38.969 [main] DEBUG o.s.b.f.s.DefaultListableBeanFactory - Creating shared instance of singleton bean &apos;org.springframework.security.config.annotation.web.configuration.WebSecurityConfiguration&apos;
21:59:38.969 [main] DEBUG o.s.b.f.s.DefaultListableBeanFactory - Creating instance of bean &apos;org.springframework.security.config.annotation.web.configuration.WebSecurityConfiguration&apos;
21:59:38.971 [main] DEBUG o.s.b.f.annotation.InjectionMetadata - Registered injected element on class [org.springframework.security.config.annotation.web.configuration.WebSecurityConfiguration$$EnhancerBySpringCGLIB$$150881e6]: AutowiredFieldElement for private org.springframework.security.config.annotation.ObjectPostProcessor org.springframework.security.config.annotation.web.configuration.WebSecurityConfiguration.objectObjectPostProcessor
21:59:38.971 [main] DEBUG o.s.b.f.annotation.InjectionMetadata - Registered injected element on class [org.springframework.security.config.annotation.web.configuration.WebSecurityConfiguration$$EnhancerBySpringCGLIB$$150881e6]: AutowiredMethodElement for public void org.springframework.security.config.annotation.web.configuration.WebSecurityConfiguration.setFilterChainProxySecurityConfigurer(org.springframework.security.config.annotation.ObjectPostProcessor,java.util.List) throws java.lang.Exception
21:59:38.971 [main] DEBUG o.s.b.f.s.DefaultListableBeanFactory - Eagerly caching bean &apos;org.springframework.security.config.annotation.web.configuration.WebSecurityConfiguration&apos; to allow for resolving potential circular references
21:59:38.971 [main] DEBUG o.s.b.f.annotation.InjectionMetadata - Processing injected element of bean &apos;org.springframework.security.config.annotation.web.configuration.WebSecurityConfiguration&apos;: AutowiredFieldElement for private org.springframework.security.config.annotation.ObjectPostProcessor org.springframework.security.config.annotation.web.configuration.WebSecurityConfiguration.objectObjectPostProcessor
21:59:38.971 [main] DEBUG o.s.b.f.s.DefaultListableBeanFactory - Returning cached instance of singleton bean &apos;objectPostProcessor&apos;
21:59:38.971 [main] DEBUG o.s.b.f.a.AutowiredAnnotationBeanPostProcessor - Autowiring by type from bean name &apos;org.springframework.security.config.annotation.web.configuration.WebSecurityConfiguration&apos; to bean named &apos;objectPostProcessor&apos;
21:59:38.971 [main] DEBUG o.s.b.f.annotation.InjectionMetadata - Processing injected element of bean &apos;org.springframework.security.config.annotation.web.configuration.WebSecurityConfiguration&apos;: AutowiredMethodElement for public void org.springframework.security.config.annotation.web.configuration.WebSecurityConfiguration.setFilterChainProxySecurityConfigurer(org.springframework.security.config.annotation.ObjectPostProcessor,java.util.List) throws java.lang.Exception
21:59:38.972 [main] DEBUG o.s.b.f.s.DefaultListableBeanFactory - Returning cached instance of singleton bean &apos;objectPostProcessor&apos;
21:59:38.972 [main] DEBUG o.s.b.f.s.DefaultListableBeanFactory - Creating shared instance of singleton bean &apos;autowiredWebSecurityConfigurersIgnoreParents&apos;
21:59:38.972 [main] DEBUG o.s.b.f.s.DefaultListableBeanFactory - Creating instance of bean &apos;autowiredWebSecurityConfigurersIgnoreParents&apos;
21:59:38.972 [main] DEBUG o.s.b.f.s.DefaultListableBeanFactory - Returning cached instance of singleton bean &apos;metaDataSourceAdvisor&apos;
21:59:38.973 [main] DEBUG o.s.b.f.s.DefaultListableBeanFactory - Returning eagerly cached instance of singleton bean &apos;org.springframework.security.config.annotation.web.configuration.WebSecurityConfiguration&apos; that is not fully initialized yet - a consequence of a circular reference
21:59:38.974 [main] DEBUG o.s.b.f.s.DefaultListableBeanFactory - Autowiring by type from bean name &apos;autowiredWebSecurityConfigurersIgnoreParents&apos; via factory method to bean named &apos;org.springframework.beans.factory.support.DefaultListableBeanFactory@2b7b29a4&apos;
21:59:38.974 [main] DEBUG o.s.b.f.s.DefaultListableBeanFactory - Eagerly caching bean &apos;autowiredWebSecurityConfigurersIgnoreParents&apos; to allow for resolving potential circular references
21:59:38.974 [main] DEBUG o.s.b.f.s.DefaultListableBeanFactory - Returning cached instance of singleton bean &apos;metaDataSourceAdvisor&apos;
21:59:38.974 [main] DEBUG o.s.b.f.s.DefaultListableBeanFactory - Finished creating instance of bean &apos;autowiredWebSecurityConfigurersIgnoreParents&apos;
21:59:38.974 [main] DEBUG o.s.b.f.s.DefaultListableBeanFactory - Returning cached instance of singleton bean &apos;securityConfig&apos;
21:59:38.974 [main] DEBUG o.s.b.f.a.AutowiredAnnotationBeanPostProcessor - Autowiring by type from bean name &apos;org.springframework.security.config.annotation.web.configuration.WebSecurityConfiguration&apos; to bean named &apos;objectPostProcessor&apos;
21:59:38.974 [main] DEBUG o.s.b.f.s.DefaultListableBeanFactory - Returning cached instance of singleton bean &apos;metaDataSourceAdvisor&apos;
21:59:38.978 [main] DEBUG o.s.b.f.s.DefaultListableBeanFactory - Returning cached instance of singleton bean &apos;org.springframework.context.annotation.ConfigurationClassPostProcessor.importRegistry&apos;
21:59:38.978 [main] DEBUG o.s.b.f.s.DefaultListableBeanFactory - Finished creating instance of bean &apos;org.springframework.security.config.annotation.web.configuration.WebSecurityConfiguration&apos;
21:59:38.978 [main] DEBUG o.s.b.f.s.DefaultListableBeanFactory - Creating shared instance of singleton bean &apos;delegatingApplicationListener&apos;
21:59:38.978 [main] DEBUG o.s.b.f.s.DefaultListableBeanFactory - Creating instance of bean &apos;delegatingApplicationListener&apos;
21:59:38.978 [main] DEBUG o.s.b.f.s.DefaultListableBeanFactory - Eagerly caching bean &apos;delegatingApplicationListener&apos; to allow for resolving potential circular references
21:59:38.978 [main] DEBUG o.s.b.f.s.DefaultListableBeanFactory - Returning cached instance of singleton bean &apos;metaDataSourceAdvisor&apos;
21:59:38.978 [main] DEBUG o.s.b.f.s.DefaultListableBeanFactory - Finished creating instance of bean &apos;delegatingApplicationListener&apos;
21:59:38.978 [main] DEBUG o.s.b.f.s.DefaultListableBeanFactory - Creating shared instance of singleton bean &apos;springSecurityFilterChain&apos;
21:59:38.978 [main] DEBUG o.s.b.f.s.DefaultListableBeanFactory - Creating instance of bean &apos;springSecurityFilterChain&apos;
21:59:38.979 [main] DEBUG o.s.b.f.s.DefaultListableBeanFactory - Returning cached instance of singleton bean &apos;org.springframework.security.config.annotation.web.configuration.WebSecurityConfiguration&apos;
21:59:38.979 [main] DEBUG o.s.b.f.s.DefaultListableBeanFactory - Returning cached instance of singleton bean &apos;metaDataSourceAdvisor&apos;
21:59:38.979 [main] DEBUG o.s.b.f.s.DefaultListableBeanFactory - Returning cached instance of singleton bean &apos;webMvcConfiguration&apos;
21:59:38.979 [main] DEBUG o.s.b.f.s.DefaultListableBeanFactory - Returning cached instance of singleton bean &apos;securityConfig&apos;
21:59:38.979 [main] DEBUG o.s.s.c.a.a.c.AuthenticationConfiguration$EnableGlobalAuthenticationAutowiredConfigurer - Eagerly initializing {webMvcConfiguration=edu.ncsu.csc.itrust2.mvc.config.WebMvcConfiguration$$EnhancerBySpringCGLIB$$de7b09d5@26869b61, securityConfig=edu.ncsu.csc.itrust2.config.SecurityConfig$$EnhancerBySpringCGLIB$$f88fd361@188c409e}
21:59:38.979 [main] DEBUG o.s.b.f.s.DefaultListableBeanFactory - Invoking afterPropertiesSet() on bean with name &apos;org.springframework.security.authentication.dao.DaoAuthenticationProvider@b5013ce&apos;
21:59:38.979 [main] DEBUG o.s.b.f.s.DefaultListableBeanFactory - Returning cached instance of singleton bean &apos;metaDataSourceAdvisor&apos;
21:59:38.981 [main] DEBUG o.s.b.f.s.DefaultListableBeanFactory - Invoking afterPropertiesSet() on bean with name &apos;org.springframework.security.authentication.ProviderManager@3c8da7cf&apos;
21:59:38.981 [main] DEBUG o.s.b.f.s.DefaultListableBeanFactory - Returning cached instance of singleton bean &apos;metaDataSourceAdvisor&apos;
21:59:38.982 [main] DEBUG o.s.b.f.s.DefaultListableBeanFactory - Returning cached instance of singleton bean &apos;authenticationManagerBuilder&apos;
21:59:38.982 [main] DEBUG o.s.w.c.s.StandardServletEnvironment - Adding [servletConfigInitParams] PropertySource with lowest search precedence
21:59:38.982 [main] DEBUG o.s.w.c.s.StandardServletEnvironment - Adding [servletContextInitParams] PropertySource with lowest search precedence
21:59:38.983 [main] DEBUG o.s.w.c.s.StandardServletEnvironment - Adding [systemProperties] PropertySource with lowest search precedence
21:59:38.983 [main] DEBUG o.s.w.c.s.StandardServletEnvironment - Adding [systemEnvironment] PropertySource with lowest search precedence
21:59:38.983 [main] DEBUG o.s.w.c.s.StandardServletEnvironment - Initialized StandardServletEnvironment with PropertySources [servletConfigInitParams,servletContextInitParams,systemProperties,systemEnvironment]
21:59:38.983 [main] DEBUG o.s.w.c.s.StandardServletEnvironment - Adding [servletConfigInitParams] PropertySource with lowest search precedence
21:59:38.983 [main] DEBUG o.s.w.c.s.StandardServletEnvironment - Adding [servletContextInitParams] PropertySource with lowest search precedence
21:59:38.983 [main] DEBUG o.s.w.c.s.StandardServletEnvironment - Adding [systemProperties] PropertySource with lowest search precedence
21:59:38.983 [main] DEBUG o.s.w.c.s.StandardServletEnvironment - Adding [systemEnvironment] PropertySource with lowest search precedence
21:59:38.983 [main] DEBUG o.s.w.c.s.StandardServletEnvironment - Initialized StandardServletEnvironment with PropertySources [servletConfigInitParams,servletContextInitParams,systemProperties,systemEnvironment]
21:59:38.983 [main] DEBUG o.s.w.c.s.StandardServletEnvironment - Adding [servletConfigInitParams] PropertySource with lowest search precedence
21:59:38.983 [main] DEBUG o.s.w.c.s.StandardServletEnvironment - Adding [servletContextInitParams] PropertySource with lowest search precedence
21:59:38.983 [main] DEBUG o.s.w.c.s.StandardServletEnvironment - Adding [systemProperties] PropertySource with lowest search precedence
21:59:38.983 [main] DEBUG o.s.w.c.s.StandardServletEnvironment - Adding [systemEnvironment] PropertySource with lowest search precedence
21:59:38.983 [main] DEBUG o.s.w.c.s.StandardServletEnvironment - Initialized StandardServletEnvironment with PropertySources [servletConfigInitParams,servletContextInitParams,systemProperties,systemEnvironment]
21:59:38.984 [main] DEBUG o.s.b.f.s.DefaultListableBeanFactory - Creating shared instance of singleton bean &apos;ipBlockFilter&apos;
21:59:38.984 [main] DEBUG o.s.b.f.s.DefaultListableBeanFactory - Creating instance of bean &apos;ipBlockFilter&apos;
21:59:38.984 [main] DEBUG o.s.b.f.s.DefaultListableBeanFactory - Returning cached instance of singleton bean &apos;securityConfig&apos;
21:59:38.984 [main] DEBUG o.s.w.c.s.StandardServletEnvironment - Adding [servletConfigInitParams] PropertySource with lowest search precedence
21:59:38.984 [main] DEBUG o.s.w.c.s.StandardServletEnvironment - Adding [servletContextInitParams] PropertySource with lowest search precedence
21:59:38.984 [main] DEBUG o.s.w.c.s.StandardServletEnvironment - Adding [systemProperties] PropertySource with lowest search precedence
21:59:38.984 [main] DEBUG o.s.w.c.s.StandardServletEnvironment - Adding [systemEnvironment] PropertySource with lowest search precedence
21:59:38.984 [main] DEBUG o.s.w.c.s.StandardServletEnvironment - Initialized StandardServletEnvironment with PropertySources [servletConfigInitParams,servletContextInitParams,systemProperties,systemEnvironment]
21:59:38.984 [main] DEBUG o.s.b.f.s.DefaultListableBeanFactory - Eagerly caching bean &apos;ipBlockFilter&apos; to allow for resolving potential circular references
21:59:38.986 [main] DEBUG o.s.b.f.s.DefaultListableBeanFactory - Invoking afterPropertiesSet() on bean with name &apos;ipBlockFilter&apos;
21:59:38.986 [main] DEBUG o.s.b.f.s.DefaultListableBeanFactory - Returning cached instance of singleton bean &apos;metaDataSourceAdvisor&apos;
21:59:38.986 [main] DEBUG o.s.b.f.s.DefaultListableBeanFactory - Finished creating instance of bean &apos;ipBlockFilter&apos;
21:59:38.987 [main] DEBUG o.s.w.c.s.StandardServletEnvironment - Adding [servletConfigInitParams] PropertySource with lowest search precedence
21:59:38.987 [main] DEBUG o.s.w.c.s.StandardServletEnvironment - Adding [servletContextInitParams] PropertySource with lowest search precedence
21:59:38.987 [main] DEBUG o.s.w.c.s.StandardServletEnvironment - Adding [systemProperties] PropertySource with lowest search precedence
21:59:38.987 [main] DEBUG o.s.w.c.s.StandardServletEnvironment - Adding [systemEnvironment] PropertySource with lowest search precedence
21:59:38.987 [main] DEBUG o.s.w.c.s.StandardServletEnvironment - Initialized StandardServletEnvironment with PropertySources [servletConfigInitParams,servletContextInitParams,systemProperties,systemEnvironment]
21:59:38.987 [main] DEBUG o.s.b.f.s.DefaultListableBeanFactory - Retrieved dependent beans for bean &apos;springSecurityFilterChain&apos;: [webSecurityExpressionHandler]
21:59:38.987 [main] WARN  o.s.w.c.s.GenericWebApplicationContext - Exception encountered during context initialization - cancelling refresh attempt: org.springframework.beans.factory.BeanCreationException: Error creating bean with name &apos;springSecurityFilterChain&apos; defined in class path resource [org/springframework/security/config/annotation/web/configuration/WebSecurityConfiguration.class]: Bean instantiation via factory method failed; nested exception is org.springframework.beans.BeanInstantiationException: Failed to instantiate [javax.servlet.Filter]: Factory method &apos;springSecurityFilterChain&apos; threw exception; nested exception is java.lang.IllegalArgumentException: &apos;Savings Account?error&apos; is not a valid redirect URL
21:59:38.987 [main] DEBUG o.s.b.f.s.DefaultListableBeanFactory - Destroying singletons in org.springframework.beans.factory.support.DefaultListableBeanFactory@2b7b29a4: defining beans [org.springframework.context.annotation.internalConfigurationAnnotationProcessor,org.springframework.context.annotation.internalAutowiredAnnotationProcessor,org.springframework.context.annotation.internalRequiredAnnotationProcessor,org.springframework.context.annotation.internalCommonAnnotationProcessor,org.springframework.context.annotation.internalPersistenceAnnotationProcessor,org.springframework.context.event.internalEventListenerProcessor,org.springframework.context.event.internalEventListenerFactory,rootConfiguration,webMvcConfiguration,dataConfiguration,loginAuditingListener,securityConfig,defaultController,adminController,adminUserController,hospitalController,ICDCodesController,APIAppointmentRequestController,APIDiagnosisController,APIDrugController,APIEnumController,APIHospitalController,APIICDCodeController,APILogEntryController,APIOfficeVisitController,APIPasswordController,APIPatientController,APIPersonnelController,APIPrescriptionController,APIUserController,appointmentControllerHCP,HCPController,officeVisitController,appointmentController,diagnosesController,patientController,passwordController,userController,dataSource,org.springframework.security.config.annotation.configuration.ObjectPostProcessorConfiguration,objectPostProcessor,org.springframework.security.config.annotation.authentication.configuration.AuthenticationConfiguration,authenticationManagerBuilder,enableGlobalAuthenticationAutowiredConfigurer,initializeUserDetailsBeanManagerConfigurer,initializeAuthenticationProviderBeanManagerConfigurer,org.springframework.security.config.annotation.web.configuration.WebSecurityConfiguration,delegatingApplicationListener,webSecurityExpressionHandler,springSecurityFilterChain,privilegeEvaluator,autowiredWebSecurityConfigurersIgnoreParents,org.springframework.security.config.annotation.web.configuration.WebMvcSecurityConfiguration,requestDataValueProcessor,passwordEncoder,defaultAuthenticationEventPublisher,failureHandler,ipBlockFilter,org.springframework.web.servlet.config.annotation.DelegatingWebMvcConfiguration,mvcConversionService,requestMappingHandlerMapping,mvcPathMatcher,mvcUrlPathHelper,mvcContentNegotiationManager,viewControllerHandlerMapping,beanNameHandlerMapping,resourceHandlerMapping,mvcResourceUrlProvider,defaultServletHandlerMapping,requestMappingHandlerAdapter,mvcValidator,mvcUriComponentsContributor,httpRequestHandlerAdapter,simpleControllerHandlerAdapter,handlerExceptionResolver,mvcViewResolver,org.springframework.security.config.annotation.method.configuration.GlobalMethodSecurityConfiguration,methodSecurityInterceptor,methodSecurityMetadataSource,preInvocationAuthorizationAdvice,viewResolver,templateEngine,domainClassConverter,metaDataSourceAdvisor,org.springframework.aop.config.internalAutoProxyCreator]; root of factory hierarchy
21:59:38.987 [main] DEBUG o.s.b.f.s.DisposableBeanAdapter - Invoking destroy() on bean with name &apos;ipBlockFilter&apos;
21:59:38.987 [main] DEBUG o.s.b.f.s.DefaultListableBeanFactory - Retrieved dependent beans for bean &apos;objectPostProcessor&apos;: [org.springframework.security.config.annotation.method.configuration.GlobalMethodSecurityConfiguration, securityConfig, org.springframework.security.config.annotation.authentication.configuration.AuthenticationConfiguration, authenticationManagerBuilder, org.springframework.security.config.annotation.web.configuration.WebSecurityConfiguration]
21:59:38.987 [main] DEBUG o.s.b.f.s.DisposableBeanAdapter - Invoking destroy() on bean with name &apos;objectPostProcessor&apos;
21:59:38.988 [main] ERROR o.s.test.context.TestContextManager - Caught exception while allowing TestExecutionListener [org.springframework.test.context.web.ServletTestExecutionListener@6c2550a0] to prepare test instance [edu.ncsu.csc.itrust2.apitest.APIAppointmentRequestTest@cceb214]
java.lang.IllegalStateException: Failed to load ApplicationContext
	at org.springframework.test.context.cache.DefaultCacheAwareContextLoaderDelegate.loadContext(DefaultCacheAwareContextLoaderDelegate.java:124) ~[spring-test-4.3.5.RELEASE.jar:4.3.5.RELEASE]
	at org.springframework.test.context.support.DefaultTestContext.getApplicationContext(DefaultTestContext.java:83) ~[spring-test-4.3.5.RELEASE.jar:4.3.5.RELEASE]
	at org.springframework.test.context.web.ServletTestExecutionListener.setUpRequestContextIfNecessary(ServletTestExecutionListener.java:189) ~[spring-test-4.3.5.RELEASE.jar:4.3.5.RELEASE]
	at org.springframework.test.context.web.ServletTestExecutionListener.prepareTestInstance(ServletTestExecutionListener.java:131) ~[spring-test-4.3.5.RELEASE.jar:4.3.5.RELEASE]
	at org.springframework.test.context.TestContextManager.prepareTestInstance(TestContextManager.java:230) ~[spring-test-4.3.5.RELEASE.jar:4.3.5.RELEASE]
	at org.springframework.test.context.junit4.SpringJUnit4ClassRunner.createTest(SpringJUnit4ClassRunner.java:228) [spring-test-4.3.5.RELEASE.jar:4.3.5.RELEASE]
	at org.springframework.test.context.junit4.SpringJUnit4ClassRunner$1.runReflectiveCall(SpringJUnit4ClassRunner.java:287) [spring-test-4.3.5.RELEASE.jar:4.3.5.RELEASE]
	at org.junit.internal.runners.model.ReflectiveCallable.run(ReflectiveCallable.java:12) [junit-4.12.jar:4.12]
	at org.springframework.test.context.junit4.SpringJUnit4ClassRunner.methodBlock(SpringJUnit4ClassRunner.java:289) [spring-test-4.3.5.RELEASE.jar:4.3.5.RELEASE]
	at org.springframework.test.context.junit4.SpringJUnit4ClassRunner.runChild(SpringJUnit4ClassRunner.java:247) [spring-test-4.3.5.RELEASE.jar:4.3.5.RELEASE]
	at org.springframework.test.context.junit4.SpringJUnit4ClassRunner.runChild(SpringJUnit4ClassRunner.java:94) [spring-test-4.3.5.RELEASE.jar:4.3.5.RELEASE]
	at org.junit.runners.ParentRunner$3.run(ParentRunner.java:290) [junit-4.12.jar:4.12]
	at org.junit.runners.ParentRunner$1.schedule(ParentRunner.java:71) [junit-4.12.jar:4.12]
	at org.junit.runners.ParentRunner.runChildren(ParentRunner.java:288) [junit-4.12.jar:4.12]
	at org.junit.runners.ParentRunner.access$000(ParentRunner.java:58) [junit-4.12.jar:4.12]
	at org.junit.runners.ParentRunner$2.evaluate(ParentRunner.java:268) [junit-4.12.jar:4.12]
	at org.springframework.test.context.junit4.statements.RunBeforeTestClassCallbacks.evaluate(RunBeforeTestClassCallbacks.java:61) [spring-test-4.3.5.RELEASE.jar:4.3.5.RELEASE]
	at org.springframework.test.context.junit4.statements.RunAfterTestClassCallbacks.evaluate(RunAfterTestClassCallbacks.java:70) [spring-test-4.3.5.RELEASE.jar:4.3.5.RELEASE]
	at org.junit.runners.ParentRunner.run(ParentRunner.java:363) [junit-4.12.jar:4.12]
	at org.springframework.test.context.junit4.SpringJUnit4ClassRunner.run(SpringJUnit4ClassRunner.java:191) [spring-test-4.3.5.RELEASE.jar:4.3.5.RELEASE]
	at org.apache.maven.surefire.junit4.JUnit4Provider.execute(JUnit4Provider.java:365) [surefire-junit4-2.20.jar:2.20]
	at org.apache.maven.surefire.junit4.JUnit4Provider.executeWithRerun(JUnit4Provider.java:272) [surefire-junit4-2.20.jar:2.20]
	at org.apache.maven.surefire.junit4.JUnit4Provider.executeTestSet(JUnit4Provider.java:236) [surefire-junit4-2.20.jar:2.20]
	at org.apache.maven.surefire.junit4.JUnit4Provider.invoke(JUnit4Provider.java:159) [surefire-junit4-2.20.jar:2.20]
	at org.apache.maven.surefire.booter.ForkedBooter.invokeProviderInSameClassLoader(ForkedBooter.java:386) [surefire-booter-2.20.jar:2.20]
	at org.apache.maven.surefire.booter.ForkedBooter.runSuitesInProcess(ForkedBooter.java:323) [surefire-booter-2.20.jar:2.20]
	at org.apache.maven.surefire.booter.ForkedBooter.main(ForkedBooter.java:143) [surefire-booter-2.20.jar:2.20]
Caused by: org.springframework.beans.factory.BeanCreationException: Error creating bean with name &apos;springSecurityFilterChain&apos; defined in class path resource [org/springframework/security/config/annotation/web/configuration/WebSecurityConfiguration.class]: Bean instantiation via factory method failed; nested exception is org.springframework.beans.BeanInstantiationException: Failed to instantiate [javax.servlet.Filter]: Factory method &apos;springSecurityFilterChain&apos; threw exception; nested exception is java.lang.IllegalArgumentException: &apos;Savings Account?error&apos; is not a valid redirect URL
	at org.springframework.beans.factory.support.ConstructorResolver.instantiateUsingFactoryMethod(ConstructorResolver.java:599) ~[spring-beans-4.3.5.RELEASE.jar:4.3.5.RELEASE]
	at org.springframework.beans.factory.support.AbstractAutowireCapableBeanFactory.instantiateUsingFactoryMethod(AbstractAutowireCapableBeanFactory.java:1134) ~[spring-beans-4.3.5.RELEASE.jar:4.3.5.RELEASE]
	at org.springframework.beans.factory.support.AbstractAutowireCapableBeanFactory.createBeanInstance(AbstractAutowireCapableBeanFactory.java:1028) ~[spring-beans-4.3.5.RELEASE.jar:4.3.5.RELEASE]
	at org.springframework.beans.factory.support.AbstractAutowireCapableBeanFactory.doCreateBean(AbstractAutowireCapableBeanFactory.java:513) ~[spring-beans-4.3.5.RELEASE.jar:4.3.5.RELEASE]
	at org.springframework.beans.factory.support.AbstractAutowireCapableBeanFactory.createBean(AbstractAutowireCapableBeanFactory.java:483) ~[spring-beans-4.3.5.RELEASE.jar:4.3.5.RELEASE]
	at org.springframework.beans.factory.support.AbstractBeanFactory$1.getObject(AbstractBeanFactory.java:306) ~[spring-beans-4.3.5.RELEASE.jar:4.3.5.RELEASE]
	at org.springframework.beans.factory.support.DefaultSingletonBeanRegistry.getSingleton(DefaultSingletonBeanRegistry.java:230) ~[spring-beans-4.3.5.RELEASE.jar:4.3.5.RELEASE]
	at org.springframework.beans.factory.support.AbstractBeanFactory.doGetBean(AbstractBeanFactory.java:302) ~[spring-beans-4.3.5.RELEASE.jar:4.3.5.RELEASE]
	at org.springframework.beans.factory.support.AbstractBeanFactory.getBean(AbstractBeanFactory.java:197) ~[spring-beans-4.3.5.RELEASE.jar:4.3.5.RELEASE]
	at org.springframework.beans.factory.support.AbstractBeanFactory.doGetBean(AbstractBeanFactory.java:296) ~[spring-beans-4.3.5.RELEASE.jar:4.3.5.RELEASE]
	at org.springframework.beans.factory.support.AbstractBeanFactory.getBean(AbstractBeanFactory.java:197) ~[spring-beans-4.3.5.RELEASE.jar:4.3.5.RELEASE]
	at org.springframework.beans.factory.support.DefaultListableBeanFactory.preInstantiateSingletons(DefaultListableBeanFactory.java:759) ~[spring-beans-4.3.5.RELEASE.jar:4.3.5.RELEASE]
	at org.springframework.context.support.AbstractApplicationContext.finishBeanFactoryInitialization(AbstractApplicationContext.java:866) ~[spring-context-4.3.5.RELEASE.jar:4.3.5.RELEASE]
	at org.springframework.context.support.AbstractApplicationContext.refresh(AbstractApplicationContext.java:542) ~[spring-context-4.3.5.RELEASE.jar:4.3.5.RELEASE]
	at org.springframework.test.context.web.AbstractGenericWebContextLoader.loadContext(AbstractGenericWebContextLoader.java:134) ~[spring-test-4.3.5.RELEASE.jar:4.3.5.RELEASE]
	at org.springframework.test.context.web.AbstractGenericWebContextLoader.loadContext(AbstractGenericWebContextLoader.java:61) ~[spring-test-4.3.5.RELEASE.jar:4.3.5.RELEASE]
	at org.springframework.test.context.support.AbstractDelegatingSmartContextLoader.delegateLoading(AbstractDelegatingSmartContextLoader.java:108) ~[spring-test-4.3.5.RELEASE.jar:4.3.5.RELEASE]
	at org.springframework.test.context.support.AbstractDelegatingSmartContextLoader.loadContext(AbstractDelegatingSmartContextLoader.java:251) ~[spring-test-4.3.5.RELEASE.jar:4.3.5.RELEASE]
	at org.springframework.test.context.cache.DefaultCacheAwareContextLoaderDelegate.loadContextInternal(DefaultCacheAwareContextLoaderDelegate.java:98) ~[spring-test-4.3.5.RELEASE.jar:4.3.5.RELEASE]
	at org.springframework.test.context.cache.DefaultCacheAwareContextLoaderDelegate.loadContext(DefaultCacheAwareContextLoaderDelegate.java:116) ~[spring-test-4.3.5.RELEASE.jar:4.3.5.RELEASE]
	... 26 common frames omitted
Caused by: org.springframework.beans.BeanInstantiationException: Failed to instantiate [javax.servlet.Filter]: Factory method &apos;springSecurityFilterChain&apos; threw exception; nested exception is java.lang.IllegalArgumentException: &apos;Savings Account?error&apos; is not a valid redirect URL
	at org.springframework.beans.factory.support.SimpleInstantiationStrategy.instantiate(SimpleInstantiationStrategy.java:189) ~[spring-beans-4.3.5.RELEASE.jar:4.3.5.RELEASE]
	at org.springframework.beans.factory.support.ConstructorResolver.instantiateUsingFactoryMethod(ConstructorResolver.java:588) ~[spring-beans-4.3.5.RELEASE.jar:4.3.5.RELEASE]
	... 45 common frames omitted
Caused by: java.lang.IllegalArgumentException: &apos;Savings Account?error&apos; is not a valid redirect URL
	at org.springframework.util.Assert.isTrue(Assert.java:68) ~[spring-core-4.3.5.RELEASE.jar:4.3.5.RELEASE]
	at org.springframework.security.web.authentication.SimpleUrlAuthenticationFailureHandler.setDefaultFailureUrl(SimpleUrlAuthenticationFailureHandler.java:125) ~[spring-security-web-4.2.2.RELEASE.jar:4.2.2.RELEASE]
	at org.springframework.security.web.authentication.SimpleUrlAuthenticationFailureHandler.&lt;init&gt;(SimpleUrlAuthenticationFailureHandler.java:60) ~[spring-security-web-4.2.2.RELEASE.jar:4.2.2.RELEASE]
	at org.springframework.security.config.annotation.web.configurers.AbstractAuthenticationFilterConfigurer.failureUrl(AbstractAuthenticationFilterConfigurer.java:206) ~[spring-security-config-4.2.2.RELEASE.jar:4.2.2.RELEASE]
	at org.springframework.security.config.annotation.web.configurers.AbstractAuthenticationFilterConfigurer.updateAuthenticationDefaults(AbstractAuthenticationFilterConfigurer.java:368) ~[spring-security-config-4.2.2.RELEASE.jar:4.2.2.RELEASE]
	at org.springframework.security.config.annotation.web.configurers.AbstractAuthenticationFilterConfigurer.loginPage(AbstractAuthenticationFilterConfigurer.java:308) ~[spring-security-config-4.2.2.RELEASE.jar:4.2.2.RELEASE]
	at org.springframework.security.config.annotation.web.configurers.FormLoginConfigurer.loginPage(FormLoginConfigurer.java:183) ~[spring-security-config-4.2.2.RELEASE.jar:4.2.2.RELEASE]
	at edu.ncsu.csc.itrust2.config.SecurityConfig.configure(SecurityConfig.java:89) ~[classes/:na]
	at org.springframework.security.config.annotation.web.configuration.WebSecurityConfigurerAdapter.getHttp(WebSecurityConfigurerAdapter.java:224) ~[spring-security-config-4.2.2.RELEASE.jar:4.2.2.RELEASE]
	at org.springframework.security.config.annotation.web.configuration.WebSecurityConfigurerAdapter.init(WebSecurityConfigurerAdapter.java:315) ~[spring-security-config-4.2.2.RELEASE.jar:4.2.2.RELEASE]
	at org.springframework.security.config.annotation.web.configuration.WebSecurityConfigurerAdapter.init(WebSecurityConfigurerAdapter.java:86) ~[spring-security-config-4.2.2.RELEASE.jar:4.2.2.RELEASE]
	at edu.ncsu.csc.itrust2.config.SecurityConfig$$EnhancerBySpringCGLIB$$f88fd361.init(&lt;generated&gt;) ~[classes/:na]
	at org.springframework.security.config.annotation.AbstractConfiguredSecurityBuilder.init(AbstractConfiguredSecurityBuilder.java:371) ~[spring-security-config-4.2.2.RELEASE.jar:4.2.2.RELEASE]
	at org.springframework.security.config.annotation.AbstractConfiguredSecurityBuilder.doBuild(AbstractConfiguredSecurityBuilder.java:325) ~[spring-security-config-4.2.2.RELEASE.jar:4.2.2.RELEASE]
	at org.springframework.security.config.annotation.AbstractSecurityBuilder.build(AbstractSecurityBuilder.java:41) ~[spring-security-config-4.2.2.RELEASE.jar:4.2.2.RELEASE]
	at org.springframework.security.config.annotation.web.configuration.WebSecurityConfiguration.springSecurityFilterChain(WebSecurityConfiguration.java:104) ~[spring-security-config-4.2.2.RELEASE.jar:4.2.2.RELEASE]
	at org.springframework.security.config.annotation.web.configuration.WebSecurityConfiguration$$EnhancerBySpringCGLIB$$150881e6.CGLIB$springSecurityFilterChain$4(&lt;generated&gt;) ~[spring-security-config-4.2.2.RELEASE.jar:4.2.2.RELEASE]
	at org.springframework.security.config.annotation.web.configuration.WebSecurityConfiguration$$EnhancerBySpringCGLIB$$150881e6$$FastClassBySpringCGLIB$$f9839e81.invoke(&lt;generated&gt;) ~[spring-security-config-4.2.2.RELEASE.jar:4.2.2.RELEASE]
	at org.springframework.cglib.proxy.MethodProxy.invokeSuper(MethodProxy.java:228) ~[spring-core-4.3.5.RELEASE.jar:4.3.5.RELEASE]
	at org.springframework.context.annotation.ConfigurationClassEnhancer$BeanMethodInterceptor.intercept(ConfigurationClassEnhancer.java:356) ~[spring-context-4.3.5.RELEASE.jar:4.3.5.RELEASE]
	at org.springframework.security.config.annotation.web.configuration.WebSecurityConfiguration$$EnhancerBySpringCGLIB$$150881e6.springSecurityFilterChain(&lt;generated&gt;) ~[spring-security-config-4.2.2.RELEASE.jar:4.2.2.RELEASE]
	at sun.reflect.NativeMethodAccessorImpl.invoke0(Native Method) ~[na:1.8.0_151]
	at sun.reflect.NativeMethodAccessorImpl.invoke(NativeMethodAccessorImpl.java:62) ~[na:1.8.0_151]
	at sun.reflect.DelegatingMethodAccessorImpl.invoke(DelegatingMethodAccessorImpl.java:43) ~[na:1.8.0_151]
	at java.lang.reflect.Method.invoke(Method.java:498) ~[na:1.8.0_151]
	at org.springframework.beans.factory.support.SimpleInstantiationStrategy.instantiate(SimpleInstantiationStrategy.java:162) ~[spring-beans-4.3.5.RELEASE.jar:4.3.5.RELEASE]
	... 46 common frames omitted
</stdout>
          <failedSince>69</failedSince>
        </case>
        <case>
          <duration>0.0</duration>
          <className>edu.ncsu.csc.itrust2.apitest.APIAppointmentRequestTest</className>
          <testName>testGetNonExistentAppointment</testName>
          <skipped>false</skipped>
          <errorStackTrace>java.lang.IllegalStateException: Failed to load ApplicationContext
Caused by: org.springframework.beans.factory.BeanCreationException: Error creating bean with name &apos;springSecurityFilterChain&apos; defined in class path resource [org/springframework/security/config/annotation/web/configuration/WebSecurityConfiguration.class]: Bean instantiation via factory method failed; nested exception is org.springframework.beans.BeanInstantiationException: Failed to instantiate [javax.servlet.Filter]: Factory method &apos;springSecurityFilterChain&apos; threw exception; nested exception is java.lang.IllegalArgumentException: &apos;Savings Account?error&apos; is not a valid redirect URL
Caused by: org.springframework.beans.BeanInstantiationException: Failed to instantiate [javax.servlet.Filter]: Factory method &apos;springSecurityFilterChain&apos; threw exception; nested exception is java.lang.IllegalArgumentException: &apos;Savings Account?error&apos; is not a valid redirect URL
Caused by: java.lang.IllegalArgumentException: &apos;Savings Account?error&apos; is not a valid redirect URL
</errorStackTrace>
          <errorDetails>Failed to load ApplicationContext</errorDetails>
          <stdout>21:59:38.989 [main] DEBUG o.s.t.annotation.ProfileValueUtils - Retrieved @ProfileValueSourceConfiguration [null] for test class [edu.ncsu.csc.itrust2.apitest.APIAppointmentRequestTest]
21:59:38.989 [main] DEBUG o.s.t.annotation.ProfileValueUtils - Retrieved ProfileValueSource type [class org.springframework.test.annotation.SystemProfileValueSource] for class [edu.ncsu.csc.itrust2.apitest.APIAppointmentRequestTest]
21:59:38.989 [main] DEBUG o.s.t.c.s.AbstractDelegatingSmartContextLoader - Delegating to AnnotationConfigWebContextLoader to load context from [WebMergedContextConfiguration@2a4fbf51 testClass = APIAppointmentRequestTest, locations = &apos;{}&apos;, classes = &apos;{class edu.ncsu.csc.itrust2.config.RootConfiguration, class edu.ncsu.csc.itrust2.mvc.config.WebMvcConfiguration}&apos;, contextInitializerClasses = &apos;[]&apos;, activeProfiles = &apos;{}&apos;, propertySourceLocations = &apos;{}&apos;, propertySourceProperties = &apos;{}&apos;, contextCustomizers = set[[empty]], resourceBasePath = &apos;src/main/webapp&apos;, contextLoader = &apos;org.springframework.test.context.web.WebDelegatingSmartContextLoader&apos;, parent = [null]].
21:59:38.989 [main] DEBUG o.s.t.c.w.AbstractGenericWebContextLoader - Loading WebApplicationContext for merged context configuration [WebMergedContextConfiguration@2a4fbf51 testClass = APIAppointmentRequestTest, locations = &apos;{}&apos;, classes = &apos;{class edu.ncsu.csc.itrust2.config.RootConfiguration, class edu.ncsu.csc.itrust2.mvc.config.WebMvcConfiguration}&apos;, contextInitializerClasses = &apos;[]&apos;, activeProfiles = &apos;{}&apos;, propertySourceLocations = &apos;{}&apos;, propertySourceProperties = &apos;{}&apos;, contextCustomizers = set[[empty]], resourceBasePath = &apos;src/main/webapp&apos;, contextLoader = &apos;org.springframework.test.context.web.WebDelegatingSmartContextLoader&apos;, parent = [null]].
21:59:38.989 [main] DEBUG o.s.w.c.s.StandardServletEnvironment - Adding [servletConfigInitParams] PropertySource with lowest search precedence
21:59:38.989 [main] DEBUG o.s.w.c.s.StandardServletEnvironment - Adding [servletContextInitParams] PropertySource with lowest search precedence
21:59:38.989 [main] DEBUG o.s.w.c.s.StandardServletEnvironment - Adding [systemProperties] PropertySource with lowest search precedence
21:59:38.989 [main] DEBUG o.s.w.c.s.StandardServletEnvironment - Adding [systemEnvironment] PropertySource with lowest search precedence
21:59:38.989 [main] DEBUG o.s.w.c.s.StandardServletEnvironment - Initialized StandardServletEnvironment with PropertySources [servletConfigInitParams,servletContextInitParams,systemProperties,systemEnvironment]
21:59:38.989 [main] DEBUG o.s.t.c.w.AnnotationConfigWebContextLoader - Registering annotated classes: {class edu.ncsu.csc.itrust2.config.RootConfiguration, class edu.ncsu.csc.itrust2.mvc.config.WebMvcConfiguration}
21:59:38.990 [main] INFO  o.s.w.c.s.GenericWebApplicationContext - Refreshing org.springframework.web.context.support.GenericWebApplicationContext@2a080a57: startup date [Thu Mar 22 21:59:38 UTC 2018]; root of context hierarchy
21:59:38.990 [main] DEBUG o.s.w.c.s.StandardServletEnvironment - Replacing [servletContextInitParams] PropertySource with [servletContextInitParams]
21:59:38.990 [main] DEBUG o.s.w.c.s.GenericWebApplicationContext - Bean factory for org.springframework.web.context.support.GenericWebApplicationContext@2a080a57: org.springframework.beans.factory.support.DefaultListableBeanFactory@20c3548c: defining beans [org.springframework.context.annotation.internalConfigurationAnnotationProcessor,org.springframework.context.annotation.internalAutowiredAnnotationProcessor,org.springframework.context.annotation.internalRequiredAnnotationProcessor,org.springframework.context.annotation.internalCommonAnnotationProcessor,org.springframework.context.annotation.internalPersistenceAnnotationProcessor,org.springframework.context.event.internalEventListenerProcessor,org.springframework.context.event.internalEventListenerFactory,rootConfiguration,webMvcConfiguration]; root of factory hierarchy
21:59:38.990 [main] DEBUG o.s.b.f.s.DefaultListableBeanFactory - Registering scope &apos;request&apos; with implementation [org.springframework.web.context.request.RequestScope@2dee5692]
21:59:38.990 [main] DEBUG o.s.b.f.s.DefaultListableBeanFactory - Registering scope &apos;session&apos; with implementation [org.springframework.web.context.request.SessionScope@475ebbca]
21:59:38.990 [main] DEBUG o.s.b.f.s.DefaultListableBeanFactory - Registering scope &apos;globalSession&apos; with implementation [org.springframework.web.context.request.SessionScope@7d83f099]
21:59:38.990 [main] DEBUG o.s.b.f.s.DefaultListableBeanFactory - Registering scope &apos;application&apos; with implementation [org.springframework.web.context.support.ServletContextScope@61d6ce5c]
21:59:38.991 [main] DEBUG o.s.b.f.s.DefaultListableBeanFactory - Creating shared instance of singleton bean &apos;org.springframework.context.annotation.internalConfigurationAnnotationProcessor&apos;
21:59:38.991 [main] DEBUG o.s.b.f.s.DefaultListableBeanFactory - Creating instance of bean &apos;org.springframework.context.annotation.internalConfigurationAnnotationProcessor&apos;
21:59:38.991 [main] DEBUG o.s.b.f.s.DefaultListableBeanFactory - Eagerly caching bean &apos;org.springframework.context.annotation.internalConfigurationAnnotationProcessor&apos; to allow for resolving potential circular references
21:59:38.991 [main] DEBUG o.s.b.f.s.DefaultListableBeanFactory - Finished creating instance of bean &apos;org.springframework.context.annotation.internalConfigurationAnnotationProcessor&apos;
21:59:38.991 [main] DEBUG o.s.core.env.StandardEnvironment - Adding [systemProperties] PropertySource with lowest search precedence
21:59:38.991 [main] DEBUG o.s.core.env.StandardEnvironment - Adding [systemEnvironment] PropertySource with lowest search precedence
21:59:38.991 [main] DEBUG o.s.core.env.StandardEnvironment - Initialized StandardEnvironment with PropertySources [systemProperties,systemEnvironment]
21:59:38.992 [main] DEBUG o.s.c.i.s.PathMatchingResourcePatternResolver - Resolved classpath location [edu/ncsu/csc/itrust2/config/] to resources [URL [file:/var/lib/jenkins/jobs/iTrust_Fuzzer/workspace/iTrust2/target/classes/edu/ncsu/csc/itrust2/config/]]
21:59:38.992 [main] DEBUG o.s.c.i.s.PathMatchingResourcePatternResolver - Looking for matching resources in directory tree [/var/lib/jenkins/jobs/iTrust_Fuzzer/workspace/iTrust2/target/classes/edu/ncsu/csc/itrust2/config]
21:59:38.992 [main] DEBUG o.s.c.i.s.PathMatchingResourcePatternResolver - Searching directory [/var/lib/jenkins/jobs/iTrust_Fuzzer/workspace/iTrust2/target/classes/edu/ncsu/csc/itrust2/config] for files matching pattern [/var/lib/jenkins/jobs/iTrust_Fuzzer/workspace/iTrust2/target/classes/edu/ncsu/csc/itrust2/config/**/*.class]
21:59:38.992 [main] DEBUG o.s.c.i.s.PathMatchingResourcePatternResolver - Resolved location pattern [classpath*:edu/ncsu/csc/itrust2/config/**/*.class] to resources [file [/var/lib/jenkins/jobs/iTrust_Fuzzer/workspace/iTrust2/target/classes/edu/ncsu/csc/itrust2/config/ContextListener.class], file [/var/lib/jenkins/jobs/iTrust_Fuzzer/workspace/iTrust2/target/classes/edu/ncsu/csc/itrust2/config/DataConfiguration.class], file [/var/lib/jenkins/jobs/iTrust_Fuzzer/workspace/iTrust2/target/classes/edu/ncsu/csc/itrust2/config/FailureHandler.class], file [/var/lib/jenkins/jobs/iTrust_Fuzzer/workspace/iTrust2/target/classes/edu/ncsu/csc/itrust2/config/IPFilter.class], file [/var/lib/jenkins/jobs/iTrust_Fuzzer/workspace/iTrust2/target/classes/edu/ncsu/csc/itrust2/config/ITrust2ApplicationInitializer.class], file [/var/lib/jenkins/jobs/iTrust_Fuzzer/workspace/iTrust2/target/classes/edu/ncsu/csc/itrust2/config/ITrust2WebApplicationInitializer.class], file [/var/lib/jenkins/jobs/iTrust_Fuzzer/workspace/iTrust2/target/classes/edu/ncsu/csc/itrust2/config/LoginAuditingListener.class], file [/var/lib/jenkins/jobs/iTrust_Fuzzer/workspace/iTrust2/target/classes/edu/ncsu/csc/itrust2/config/RootConfiguration.class], file [/var/lib/jenkins/jobs/iTrust_Fuzzer/workspace/iTrust2/target/classes/edu/ncsu/csc/itrust2/config/SecurityConfig.class]]
21:59:38.992 [main] DEBUG o.s.c.a.ClassPathBeanDefinitionScanner - Identified candidate component class: file [/var/lib/jenkins/jobs/iTrust_Fuzzer/workspace/iTrust2/target/classes/edu/ncsu/csc/itrust2/config/DataConfiguration.class]
21:59:38.993 [main] DEBUG o.s.c.a.ClassPathBeanDefinitionScanner - Identified candidate component class: file [/var/lib/jenkins/jobs/iTrust_Fuzzer/workspace/iTrust2/target/classes/edu/ncsu/csc/itrust2/config/LoginAuditingListener.class]
21:59:38.993 [main] DEBUG o.s.c.a.ClassPathBeanDefinitionScanner - Identified candidate component class: file [/var/lib/jenkins/jobs/iTrust_Fuzzer/workspace/iTrust2/target/classes/edu/ncsu/csc/itrust2/config/SecurityConfig.class]
21:59:39.001 [main] DEBUG o.s.core.env.StandardEnvironment - Adding [systemProperties] PropertySource with lowest search precedence
21:59:39.001 [main] DEBUG o.s.core.env.StandardEnvironment - Adding [systemEnvironment] PropertySource with lowest search precedence
21:59:39.001 [main] DEBUG o.s.core.env.StandardEnvironment - Initialized StandardEnvironment with PropertySources [systemProperties,systemEnvironment]
21:59:39.002 [main] DEBUG o.s.c.i.s.PathMatchingResourcePatternResolver - Resolved classpath location [edu/ncsu/csc/itrust2/controllers/] to resources [URL [file:/var/lib/jenkins/jobs/iTrust_Fuzzer/workspace/iTrust2/target/classes/edu/ncsu/csc/itrust2/controllers/]]
21:59:39.002 [main] DEBUG o.s.c.i.s.PathMatchingResourcePatternResolver - Looking for matching resources in directory tree [/var/lib/jenkins/jobs/iTrust_Fuzzer/workspace/iTrust2/target/classes/edu/ncsu/csc/itrust2/controllers]
21:59:39.002 [main] DEBUG o.s.c.i.s.PathMatchingResourcePatternResolver - Searching directory [/var/lib/jenkins/jobs/iTrust_Fuzzer/workspace/iTrust2/target/classes/edu/ncsu/csc/itrust2/controllers] for files matching pattern [/var/lib/jenkins/jobs/iTrust_Fuzzer/workspace/iTrust2/target/classes/edu/ncsu/csc/itrust2/controllers/**/*.class]
21:59:39.002 [main] DEBUG o.s.c.i.s.PathMatchingResourcePatternResolver - Searching directory [/var/lib/jenkins/jobs/iTrust_Fuzzer/workspace/iTrust2/target/classes/edu/ncsu/csc/itrust2/controllers/admin] for files matching pattern [/var/lib/jenkins/jobs/iTrust_Fuzzer/workspace/iTrust2/target/classes/edu/ncsu/csc/itrust2/controllers/**/*.class]
21:59:39.002 [main] DEBUG o.s.c.i.s.PathMatchingResourcePatternResolver - Searching directory [/var/lib/jenkins/jobs/iTrust_Fuzzer/workspace/iTrust2/target/classes/edu/ncsu/csc/itrust2/controllers/api] for files matching pattern [/var/lib/jenkins/jobs/iTrust_Fuzzer/workspace/iTrust2/target/classes/edu/ncsu/csc/itrust2/controllers/**/*.class]
21:59:39.002 [main] DEBUG o.s.c.i.s.PathMatchingResourcePatternResolver - Searching directory [/var/lib/jenkins/jobs/iTrust_Fuzzer/workspace/iTrust2/target/classes/edu/ncsu/csc/itrust2/controllers/api/comm] for files matching pattern [/var/lib/jenkins/jobs/iTrust_Fuzzer/workspace/iTrust2/target/classes/edu/ncsu/csc/itrust2/controllers/**/*.class]
21:59:39.002 [main] DEBUG o.s.c.i.s.PathMatchingResourcePatternResolver - Searching directory [/var/lib/jenkins/jobs/iTrust_Fuzzer/workspace/iTrust2/target/classes/edu/ncsu/csc/itrust2/controllers/hcp] for files matching pattern [/var/lib/jenkins/jobs/iTrust_Fuzzer/workspace/iTrust2/target/classes/edu/ncsu/csc/itrust2/controllers/**/*.class]
21:59:39.003 [main] DEBUG o.s.c.i.s.PathMatchingResourcePatternResolver - Searching directory [/var/lib/jenkins/jobs/iTrust_Fuzzer/workspace/iTrust2/target/classes/edu/ncsu/csc/itrust2/controllers/patient] for files matching pattern [/var/lib/jenkins/jobs/iTrust_Fuzzer/workspace/iTrust2/target/classes/edu/ncsu/csc/itrust2/controllers/**/*.class]
21:59:39.003 [main] DEBUG o.s.c.i.s.PathMatchingResourcePatternResolver - Searching directory [/var/lib/jenkins/jobs/iTrust_Fuzzer/workspace/iTrust2/target/classes/edu/ncsu/csc/itrust2/controllers/personnel] for files matching pattern [/var/lib/jenkins/jobs/iTrust_Fuzzer/workspace/iTrust2/target/classes/edu/ncsu/csc/itrust2/controllers/**/*.class]
21:59:39.003 [main] DEBUG o.s.c.i.s.PathMatchingResourcePatternResolver - Resolved location pattern [classpath*:edu/ncsu/csc/itrust2/controllers/**/*.class] to resources [file [/var/lib/jenkins/jobs/iTrust_Fuzzer/workspace/iTrust2/target/classes/edu/ncsu/csc/itrust2/controllers/DefaultController.class], file [/var/lib/jenkins/jobs/iTrust_Fuzzer/workspace/iTrust2/target/classes/edu/ncsu/csc/itrust2/controllers/admin/AdminController.class], file [/var/lib/jenkins/jobs/iTrust_Fuzzer/workspace/iTrust2/target/classes/edu/ncsu/csc/itrust2/controllers/admin/AdminUserController$1.class], file [/var/lib/jenkins/jobs/iTrust_Fuzzer/workspace/iTrust2/target/classes/edu/ncsu/csc/itrust2/controllers/admin/AdminUserController.class], file [/var/lib/jenkins/jobs/iTrust_Fuzzer/workspace/iTrust2/target/classes/edu/ncsu/csc/itrust2/controllers/admin/HospitalController.class], file [/var/lib/jenkins/jobs/iTrust_Fuzzer/workspace/iTrust2/target/classes/edu/ncsu/csc/itrust2/controllers/admin/ICDCodesController.class], file [/var/lib/jenkins/jobs/iTrust_Fuzzer/workspace/iTrust2/target/classes/edu/ncsu/csc/itrust2/controllers/api/APIAppointmentRequestController.class], file [/var/lib/jenkins/jobs/iTrust_Fuzzer/workspace/iTrust2/target/classes/edu/ncsu/csc/itrust2/controllers/api/APIController$JSONResponse.class], file [/var/lib/jenkins/jobs/iTrust_Fuzzer/workspace/iTrust2/target/classes/edu/ncsu/csc/itrust2/controllers/api/APIController.class], file [/var/lib/jenkins/jobs/iTrust_Fuzzer/workspace/iTrust2/target/classes/edu/ncsu/csc/itrust2/controllers/api/APIDiagnosisController.class], file [/var/lib/jenkins/jobs/iTrust_Fuzzer/workspace/iTrust2/target/classes/edu/ncsu/csc/itrust2/controllers/api/APIDrugController.class], file [/var/lib/jenkins/jobs/iTrust_Fuzzer/workspace/iTrust2/target/classes/edu/ncsu/csc/itrust2/controllers/api/APIEnumController.class], file [/var/lib/jenkins/jobs/iTrust_Fuzzer/workspace/iTrust2/target/classes/edu/ncsu/csc/itrust2/controllers/api/APIHospitalController.class], file [/var/lib/jenkins/jobs/iTrust_Fuzzer/workspace/iTrust2/target/classes/edu/ncsu/csc/itrust2/controllers/api/APIICDCodeController.class], file [/var/lib/jenkins/jobs/iTrust_Fuzzer/workspace/iTrust2/target/classes/edu/ncsu/csc/itrust2/controllers/api/APILogEntryController.class], file [/var/lib/jenkins/jobs/iTrust_Fuzzer/workspace/iTrust2/target/classes/edu/ncsu/csc/itrust2/controllers/api/APIOfficeVisitController.class], file [/var/lib/jenkins/jobs/iTrust_Fuzzer/workspace/iTrust2/target/classes/edu/ncsu/csc/itrust2/controllers/api/APIPasswordController.class], file [/var/lib/jenkins/jobs/iTrust_Fuzzer/workspace/iTrust2/target/classes/edu/ncsu/csc/itrust2/controllers/api/APIPatientController.class], file [/var/lib/jenkins/jobs/iTrust_Fuzzer/workspace/iTrust2/target/classes/edu/ncsu/csc/itrust2/controllers/api/APIPersonnelController.class], file [/var/lib/jenkins/jobs/iTrust_Fuzzer/workspace/iTrust2/target/classes/edu/ncsu/csc/itrust2/controllers/api/APIPrescriptionController.class], file [/var/lib/jenkins/jobs/iTrust_Fuzzer/workspace/iTrust2/target/classes/edu/ncsu/csc/itrust2/controllers/api/APIUserController.class], file [/var/lib/jenkins/jobs/iTrust_Fuzzer/workspace/iTrust2/target/classes/edu/ncsu/csc/itrust2/controllers/api/comm/LogEntryRequestBody.class], file [/var/lib/jenkins/jobs/iTrust_Fuzzer/workspace/iTrust2/target/classes/edu/ncsu/csc/itrust2/controllers/api/comm/LogEntryTableRow.class], file [/var/lib/jenkins/jobs/iTrust_Fuzzer/workspace/iTrust2/target/classes/edu/ncsu/csc/itrust2/controllers/hcp/AppointmentControllerHCP.class], file [/var/lib/jenkins/jobs/iTrust_Fuzzer/workspace/iTrust2/target/classes/edu/ncsu/csc/itrust2/controllers/hcp/HCPController.class], file [/var/lib/jenkins/jobs/iTrust_Fuzzer/workspace/iTrust2/target/classes/edu/ncsu/csc/itrust2/controllers/hcp/OfficeVisitController.class], file [/var/lib/jenkins/jobs/iTrust_Fuzzer/workspace/iTrust2/target/classes/edu/ncsu/csc/itrust2/controllers/patient/AppointmentController.class], file [/var/lib/jenkins/jobs/iTrust_Fuzzer/workspace/iTrust2/target/classes/edu/ncsu/csc/itrust2/controllers/patient/DiagnosesController.class], file [/var/lib/jenkins/jobs/iTrust_Fuzzer/workspace/iTrust2/target/classes/edu/ncsu/csc/itrust2/controllers/patient/PatientController.class], file [/var/lib/jenkins/jobs/iTrust_Fuzzer/workspace/iTrust2/target/classes/edu/ncsu/csc/itrust2/controllers/personnel/PasswordController.class], file [/var/lib/jenkins/jobs/iTrust_Fuzzer/workspace/iTrust2/target/classes/edu/ncsu/csc/itrust2/controllers/personnel/UserController.class]]
21:59:39.003 [main] DEBUG o.s.c.a.ClassPathBeanDefinitionScanner - Identified candidate component class: file [/var/lib/jenkins/jobs/iTrust_Fuzzer/workspace/iTrust2/target/classes/edu/ncsu/csc/itrust2/controllers/DefaultController.class]
21:59:39.003 [main] DEBUG o.s.c.a.ClassPathBeanDefinitionScanner - Identified candidate component class: file [/var/lib/jenkins/jobs/iTrust_Fuzzer/workspace/iTrust2/target/classes/edu/ncsu/csc/itrust2/controllers/admin/AdminController.class]
21:59:39.004 [main] DEBUG o.s.c.a.ClassPathBeanDefinitionScanner - Identified candidate component class: file [/var/lib/jenkins/jobs/iTrust_Fuzzer/workspace/iTrust2/target/classes/edu/ncsu/csc/itrust2/controllers/admin/AdminUserController.class]
21:59:39.004 [main] DEBUG o.s.c.a.ClassPathBeanDefinitionScanner - Identified candidate component class: file [/var/lib/jenkins/jobs/iTrust_Fuzzer/workspace/iTrust2/target/classes/edu/ncsu/csc/itrust2/controllers/admin/HospitalController.class]
21:59:39.004 [main] DEBUG o.s.c.a.ClassPathBeanDefinitionScanner - Identified candidate component class: file [/var/lib/jenkins/jobs/iTrust_Fuzzer/workspace/iTrust2/target/classes/edu/ncsu/csc/itrust2/controllers/admin/ICDCodesController.class]
21:59:39.004 [main] DEBUG o.s.c.a.ClassPathBeanDefinitionScanner - Identified candidate component class: file [/var/lib/jenkins/jobs/iTrust_Fuzzer/workspace/iTrust2/target/classes/edu/ncsu/csc/itrust2/controllers/api/APIAppointmentRequestController.class]
21:59:39.005 [main] DEBUG o.s.c.a.ClassPathBeanDefinitionScanner - Identified candidate component class: file [/var/lib/jenkins/jobs/iTrust_Fuzzer/workspace/iTrust2/target/classes/edu/ncsu/csc/itrust2/controllers/api/APIDiagnosisController.class]
21:59:39.005 [main] DEBUG o.s.c.a.ClassPathBeanDefinitionScanner - Identified candidate component class: file [/var/lib/jenkins/jobs/iTrust_Fuzzer/workspace/iTrust2/target/classes/edu/ncsu/csc/itrust2/controllers/api/APIDrugController.class]
21:59:39.005 [main] DEBUG o.s.c.a.ClassPathBeanDefinitionScanner - Identified candidate component class: file [/var/lib/jenkins/jobs/iTrust_Fuzzer/workspace/iTrust2/target/classes/edu/ncsu/csc/itrust2/controllers/api/APIEnumController.class]
21:59:39.006 [main] DEBUG o.s.c.a.ClassPathBeanDefinitionScanner - Identified candidate component class: file [/var/lib/jenkins/jobs/iTrust_Fuzzer/workspace/iTrust2/target/classes/edu/ncsu/csc/itrust2/controllers/api/APIHospitalController.class]
21:59:39.006 [main] DEBUG o.s.c.a.ClassPathBeanDefinitionScanner - Identified candidate component class: file [/var/lib/jenkins/jobs/iTrust_Fuzzer/workspace/iTrust2/target/classes/edu/ncsu/csc/itrust2/controllers/api/APIICDCodeController.class]
21:59:39.006 [main] DEBUG o.s.c.a.ClassPathBeanDefinitionScanner - Identified candidate component class: file [/var/lib/jenkins/jobs/iTrust_Fuzzer/workspace/iTrust2/target/classes/edu/ncsu/csc/itrust2/controllers/api/APILogEntryController.class]
21:59:39.007 [main] DEBUG o.s.c.a.ClassPathBeanDefinitionScanner - Identified candidate component class: file [/var/lib/jenkins/jobs/iTrust_Fuzzer/workspace/iTrust2/target/classes/edu/ncsu/csc/itrust2/controllers/api/APIOfficeVisitController.class]
21:59:39.007 [main] DEBUG o.s.c.a.ClassPathBeanDefinitionScanner - Identified candidate component class: file [/var/lib/jenkins/jobs/iTrust_Fuzzer/workspace/iTrust2/target/classes/edu/ncsu/csc/itrust2/controllers/api/APIPasswordController.class]
21:59:39.007 [main] DEBUG o.s.c.a.ClassPathBeanDefinitionScanner - Identified candidate component class: file [/var/lib/jenkins/jobs/iTrust_Fuzzer/workspace/iTrust2/target/classes/edu/ncsu/csc/itrust2/controllers/api/APIPatientController.class]
21:59:39.008 [main] DEBUG o.s.c.a.ClassPathBeanDefinitionScanner - Identified candidate component class: file [/var/lib/jenkins/jobs/iTrust_Fuzzer/workspace/iTrust2/target/classes/edu/ncsu/csc/itrust2/controllers/api/APIPersonnelController.class]
21:59:39.008 [main] DEBUG o.s.c.a.ClassPathBeanDefinitionScanner - Identified candidate component class: file [/var/lib/jenkins/jobs/iTrust_Fuzzer/workspace/iTrust2/target/classes/edu/ncsu/csc/itrust2/controllers/api/APIPrescriptionController.class]
21:59:39.008 [main] DEBUG o.s.c.a.ClassPathBeanDefinitionScanner - Identified candidate component class: file [/var/lib/jenkins/jobs/iTrust_Fuzzer/workspace/iTrust2/target/classes/edu/ncsu/csc/itrust2/controllers/api/APIUserController.class]
21:59:39.009 [main] DEBUG o.s.c.a.ClassPathBeanDefinitionScanner - Identified candidate component class: file [/var/lib/jenkins/jobs/iTrust_Fuzzer/workspace/iTrust2/target/classes/edu/ncsu/csc/itrust2/controllers/hcp/AppointmentControllerHCP.class]
21:59:39.009 [main] DEBUG o.s.c.a.ClassPathBeanDefinitionScanner - Identified candidate component class: file [/var/lib/jenkins/jobs/iTrust_Fuzzer/workspace/iTrust2/target/classes/edu/ncsu/csc/itrust2/controllers/hcp/HCPController.class]
21:59:39.009 [main] DEBUG o.s.c.a.ClassPathBeanDefinitionScanner - Identified candidate component class: file [/var/lib/jenkins/jobs/iTrust_Fuzzer/workspace/iTrust2/target/classes/edu/ncsu/csc/itrust2/controllers/hcp/OfficeVisitController.class]
21:59:39.009 [main] DEBUG o.s.c.a.ClassPathBeanDefinitionScanner - Identified candidate component class: file [/var/lib/jenkins/jobs/iTrust_Fuzzer/workspace/iTrust2/target/classes/edu/ncsu/csc/itrust2/controllers/patient/AppointmentController.class]
21:59:39.010 [main] DEBUG o.s.c.a.ClassPathBeanDefinitionScanner - Identified candidate component class: file [/var/lib/jenkins/jobs/iTrust_Fuzzer/workspace/iTrust2/target/classes/edu/ncsu/csc/itrust2/controllers/patient/DiagnosesController.class]
21:59:39.010 [main] DEBUG o.s.c.a.ClassPathBeanDefinitionScanner - Identified candidate component class: file [/var/lib/jenkins/jobs/iTrust_Fuzzer/workspace/iTrust2/target/classes/edu/ncsu/csc/itrust2/controllers/patient/PatientController.class]
21:59:39.010 [main] DEBUG o.s.c.a.ClassPathBeanDefinitionScanner - Identified candidate component class: file [/var/lib/jenkins/jobs/iTrust_Fuzzer/workspace/iTrust2/target/classes/edu/ncsu/csc/itrust2/controllers/personnel/PasswordController.class]
21:59:39.010 [main] DEBUG o.s.c.a.ClassPathBeanDefinitionScanner - Identified candidate component class: file [/var/lib/jenkins/jobs/iTrust_Fuzzer/workspace/iTrust2/target/classes/edu/ncsu/csc/itrust2/controllers/personnel/UserController.class]
21:59:39.011 [main] DEBUG o.s.c.i.s.PathMatchingResourcePatternResolver - Resolved classpath location [edu/ncsu/csc/itrust2/config/] to resources [URL [file:/var/lib/jenkins/jobs/iTrust_Fuzzer/workspace/iTrust2/target/classes/edu/ncsu/csc/itrust2/config/]]
21:59:39.011 [main] DEBUG o.s.c.i.s.PathMatchingResourcePatternResolver - Looking for matching resources in directory tree [/var/lib/jenkins/jobs/iTrust_Fuzzer/workspace/iTrust2/target/classes/edu/ncsu/csc/itrust2/config]
21:59:39.011 [main] DEBUG o.s.c.i.s.PathMatchingResourcePatternResolver - Searching directory [/var/lib/jenkins/jobs/iTrust_Fuzzer/workspace/iTrust2/target/classes/edu/ncsu/csc/itrust2/config] for files matching pattern [/var/lib/jenkins/jobs/iTrust_Fuzzer/workspace/iTrust2/target/classes/edu/ncsu/csc/itrust2/config/**/*.class]
21:59:39.011 [main] DEBUG o.s.c.i.s.PathMatchingResourcePatternResolver - Resolved location pattern [classpath*:edu/ncsu/csc/itrust2/config/**/*.class] to resources [file [/var/lib/jenkins/jobs/iTrust_Fuzzer/workspace/iTrust2/target/classes/edu/ncsu/csc/itrust2/config/ContextListener.class], file [/var/lib/jenkins/jobs/iTrust_Fuzzer/workspace/iTrust2/target/classes/edu/ncsu/csc/itrust2/config/DataConfiguration.class], file [/var/lib/jenkins/jobs/iTrust_Fuzzer/workspace/iTrust2/target/classes/edu/ncsu/csc/itrust2/config/FailureHandler.class], file [/var/lib/jenkins/jobs/iTrust_Fuzzer/workspace/iTrust2/target/classes/edu/ncsu/csc/itrust2/config/IPFilter.class], file [/var/lib/jenkins/jobs/iTrust_Fuzzer/workspace/iTrust2/target/classes/edu/ncsu/csc/itrust2/config/ITrust2ApplicationInitializer.class], file [/var/lib/jenkins/jobs/iTrust_Fuzzer/workspace/iTrust2/target/classes/edu/ncsu/csc/itrust2/config/ITrust2WebApplicationInitializer.class], file [/var/lib/jenkins/jobs/iTrust_Fuzzer/workspace/iTrust2/target/classes/edu/ncsu/csc/itrust2/config/LoginAuditingListener.class], file [/var/lib/jenkins/jobs/iTrust_Fuzzer/workspace/iTrust2/target/classes/edu/ncsu/csc/itrust2/config/RootConfiguration.class], file [/var/lib/jenkins/jobs/iTrust_Fuzzer/workspace/iTrust2/target/classes/edu/ncsu/csc/itrust2/config/SecurityConfig.class]]
21:59:39.011 [main] DEBUG o.s.c.a.ClassPathBeanDefinitionScanner - Identified candidate component class: file [/var/lib/jenkins/jobs/iTrust_Fuzzer/workspace/iTrust2/target/classes/edu/ncsu/csc/itrust2/config/DataConfiguration.class]
21:59:39.012 [main] DEBUG o.s.c.a.ClassPathBeanDefinitionScanner - Identified candidate component class: file [/var/lib/jenkins/jobs/iTrust_Fuzzer/workspace/iTrust2/target/classes/edu/ncsu/csc/itrust2/config/LoginAuditingListener.class]
21:59:39.012 [main] DEBUG o.s.c.a.ClassPathBeanDefinitionScanner - Identified candidate component class: file [/var/lib/jenkins/jobs/iTrust_Fuzzer/workspace/iTrust2/target/classes/edu/ncsu/csc/itrust2/config/RootConfiguration.class]
21:59:39.012 [main] DEBUG o.s.c.a.ClassPathBeanDefinitionScanner - Identified candidate component class: file [/var/lib/jenkins/jobs/iTrust_Fuzzer/workspace/iTrust2/target/classes/edu/ncsu/csc/itrust2/config/SecurityConfig.class]
21:59:39.028 [main] DEBUG o.s.c.a.ConfigurationClassBeanDefinitionReader - Registering bean definition for @Bean method edu.ncsu.csc.itrust2.config.DataConfiguration.dataSource()
21:59:39.028 [main] DEBUG o.s.c.a.ConfigurationClassBeanDefinitionReader - Registered bean definition for imported class &apos;org.springframework.security.config.annotation.configuration.ObjectPostProcessorConfiguration&apos;
21:59:39.028 [main] DEBUG o.s.c.a.ConfigurationClassBeanDefinitionReader - Registering bean definition for @Bean method org.springframework.security.config.annotation.configuration.ObjectPostProcessorConfiguration.objectPostProcessor()
21:59:39.028 [main] DEBUG o.s.c.a.ConfigurationClassBeanDefinitionReader - Registered bean definition for imported class &apos;org.springframework.security.config.annotation.authentication.configuration.AuthenticationConfiguration&apos;
21:59:39.028 [main] DEBUG o.s.c.a.ConfigurationClassBeanDefinitionReader - Registering bean definition for @Bean method org.springframework.security.config.annotation.authentication.configuration.AuthenticationConfiguration.authenticationManagerBuilder()
21:59:39.028 [main] DEBUG o.s.c.a.ConfigurationClassBeanDefinitionReader - Registering bean definition for @Bean method org.springframework.security.config.annotation.authentication.configuration.AuthenticationConfiguration.enableGlobalAuthenticationAutowiredConfigurer()
21:59:39.028 [main] DEBUG o.s.c.a.ConfigurationClassBeanDefinitionReader - Registering bean definition for @Bean method org.springframework.security.config.annotation.authentication.configuration.AuthenticationConfiguration.initializeUserDetailsBeanManagerConfigurer()
21:59:39.028 [main] DEBUG o.s.c.a.ConfigurationClassBeanDefinitionReader - Registering bean definition for @Bean method org.springframework.security.config.annotation.authentication.configuration.AuthenticationConfiguration.initializeAuthenticationProviderBeanManagerConfigurer()
21:59:39.028 [main] DEBUG o.s.c.a.ConfigurationClassBeanDefinitionReader - Registered bean definition for imported class &apos;org.springframework.security.config.annotation.web.configuration.WebSecurityConfiguration&apos;
21:59:39.028 [main] DEBUG o.s.c.a.ConfigurationClassBeanDefinitionReader - Registering bean definition for @Bean method org.springframework.security.config.annotation.web.configuration.WebSecurityConfiguration.delegatingApplicationListener()
21:59:39.028 [main] DEBUG o.s.c.a.ConfigurationClassBeanDefinitionReader - Registering bean definition for @Bean method org.springframework.security.config.annotation.web.configuration.WebSecurityConfiguration.webSecurityExpressionHandler()
21:59:39.028 [main] DEBUG o.s.c.a.ConfigurationClassBeanDefinitionReader - Registering bean definition for @Bean method org.springframework.security.config.annotation.web.configuration.WebSecurityConfiguration.springSecurityFilterChain()
21:59:39.028 [main] DEBUG o.s.c.a.ConfigurationClassBeanDefinitionReader - Registering bean definition for @Bean method org.springframework.security.config.annotation.web.configuration.WebSecurityConfiguration.privilegeEvaluator()
21:59:39.028 [main] DEBUG o.s.c.a.ConfigurationClassBeanDefinitionReader - Registering bean definition for @Bean method org.springframework.security.config.annotation.web.configuration.WebSecurityConfiguration.autowiredWebSecurityConfigurersIgnoreParents()
21:59:39.028 [main] DEBUG o.s.c.a.ConfigurationClassBeanDefinitionReader - Registered bean definition for imported class &apos;org.springframework.security.config.annotation.web.configuration.WebMvcSecurityConfiguration&apos;
21:59:39.028 [main] DEBUG o.s.c.a.ConfigurationClassBeanDefinitionReader - Registering bean definition for @Bean method org.springframework.security.config.annotation.web.configuration.WebMvcSecurityConfiguration.requestDataValueProcessor()
21:59:39.028 [main] DEBUG o.s.c.a.ConfigurationClassBeanDefinitionReader - Registering bean definition for @Bean method edu.ncsu.csc.itrust2.config.SecurityConfig.passwordEncoder()
21:59:39.028 [main] DEBUG o.s.c.a.ConfigurationClassBeanDefinitionReader - Registering bean definition for @Bean method edu.ncsu.csc.itrust2.config.SecurityConfig.defaultAuthenticationEventPublisher()
21:59:39.028 [main] DEBUG o.s.c.a.ConfigurationClassBeanDefinitionReader - Registering bean definition for @Bean method edu.ncsu.csc.itrust2.config.SecurityConfig.failureHandler()
21:59:39.028 [main] DEBUG o.s.c.a.ConfigurationClassBeanDefinitionReader - Registering bean definition for @Bean method edu.ncsu.csc.itrust2.config.SecurityConfig.ipBlockFilter()
21:59:39.029 [main] DEBUG o.s.c.a.ConfigurationClassBeanDefinitionReader - Registered bean definition for imported class &apos;org.springframework.web.servlet.config.annotation.DelegatingWebMvcConfiguration&apos;
21:59:39.029 [main] DEBUG o.s.c.a.ConfigurationClassBeanDefinitionReader - Registering bean definition for @Bean method org.springframework.web.servlet.config.annotation.DelegatingWebMvcConfiguration.mvcConversionService()
21:59:39.029 [main] DEBUG o.s.c.a.ConfigurationClassBeanDefinitionReader - Registering bean definition for @Bean method org.springframework.web.servlet.config.annotation.DelegatingWebMvcConfiguration.requestMappingHandlerMapping()
21:59:39.029 [main] DEBUG o.s.c.a.ConfigurationClassBeanDefinitionReader - Registering bean definition for @Bean method org.springframework.web.servlet.config.annotation.DelegatingWebMvcConfiguration.mvcPathMatcher()
21:59:39.029 [main] DEBUG o.s.c.a.ConfigurationClassBeanDefinitionReader - Registering bean definition for @Bean method org.springframework.web.servlet.config.annotation.DelegatingWebMvcConfiguration.mvcUrlPathHelper()
21:59:39.029 [main] DEBUG o.s.c.a.ConfigurationClassBeanDefinitionReader - Registering bean definition for @Bean method org.springframework.web.servlet.config.annotation.DelegatingWebMvcConfiguration.mvcContentNegotiationManager()
21:59:39.029 [main] DEBUG o.s.c.a.ConfigurationClassBeanDefinitionReader - Registering bean definition for @Bean method org.springframework.web.servlet.config.annotation.DelegatingWebMvcConfiguration.viewControllerHandlerMapping()
21:59:39.029 [main] DEBUG o.s.c.a.ConfigurationClassBeanDefinitionReader - Registering bean definition for @Bean method org.springframework.web.servlet.config.annotation.DelegatingWebMvcConfiguration.beanNameHandlerMapping()
21:59:39.029 [main] DEBUG o.s.c.a.ConfigurationClassBeanDefinitionReader - Registering bean definition for @Bean method org.springframework.web.servlet.config.annotation.DelegatingWebMvcConfiguration.resourceHandlerMapping()
21:59:39.029 [main] DEBUG o.s.c.a.ConfigurationClassBeanDefinitionReader - Registering bean definition for @Bean method org.springframework.web.servlet.config.annotation.DelegatingWebMvcConfiguration.mvcResourceUrlProvider()
21:59:39.029 [main] DEBUG o.s.c.a.ConfigurationClassBeanDefinitionReader - Registering bean definition for @Bean method org.springframework.web.servlet.config.annotation.DelegatingWebMvcConfiguration.defaultServletHandlerMapping()
21:59:39.029 [main] DEBUG o.s.c.a.ConfigurationClassBeanDefinitionReader - Registering bean definition for @Bean method org.springframework.web.servlet.config.annotation.DelegatingWebMvcConfiguration.requestMappingHandlerAdapter()
21:59:39.029 [main] DEBUG o.s.c.a.ConfigurationClassBeanDefinitionReader - Registering bean definition for @Bean method org.springframework.web.servlet.config.annotation.DelegatingWebMvcConfiguration.mvcValidator()
21:59:39.029 [main] DEBUG o.s.c.a.ConfigurationClassBeanDefinitionReader - Registering bean definition for @Bean method org.springframework.web.servlet.config.annotation.DelegatingWebMvcConfiguration.mvcUriComponentsContributor()
21:59:39.029 [main] DEBUG o.s.c.a.ConfigurationClassBeanDefinitionReader - Registering bean definition for @Bean method org.springframework.web.servlet.config.annotation.DelegatingWebMvcConfiguration.httpRequestHandlerAdapter()
21:59:39.029 [main] DEBUG o.s.c.a.ConfigurationClassBeanDefinitionReader - Registering bean definition for @Bean method org.springframework.web.servlet.config.annotation.DelegatingWebMvcConfiguration.simpleControllerHandlerAdapter()
21:59:39.030 [main] DEBUG o.s.c.a.ConfigurationClassBeanDefinitionReader - Registering bean definition for @Bean method org.springframework.web.servlet.config.annotation.DelegatingWebMvcConfiguration.handlerExceptionResolver()
21:59:39.030 [main] DEBUG o.s.c.a.ConfigurationClassBeanDefinitionReader - Registering bean definition for @Bean method org.springframework.web.servlet.config.annotation.DelegatingWebMvcConfiguration.mvcViewResolver()
21:59:39.030 [main] DEBUG o.s.c.a.ConfigurationClassBeanDefinitionReader - Registered bean definition for imported class &apos;org.springframework.security.config.annotation.method.configuration.GlobalMethodSecurityConfiguration&apos;
21:59:39.030 [main] DEBUG o.s.c.a.ConfigurationClassBeanDefinitionReader - Registering bean definition for @Bean method org.springframework.security.config.annotation.method.configuration.GlobalMethodSecurityConfiguration.methodSecurityInterceptor()
21:59:39.030 [main] DEBUG o.s.c.a.ConfigurationClassBeanDefinitionReader - Registering bean definition for @Bean method org.springframework.security.config.annotation.method.configuration.GlobalMethodSecurityConfiguration.methodSecurityMetadataSource()
21:59:39.030 [main] DEBUG o.s.c.a.ConfigurationClassBeanDefinitionReader - Registering bean definition for @Bean method org.springframework.security.config.annotation.method.configuration.GlobalMethodSecurityConfiguration.preInvocationAuthorizationAdvice()
21:59:39.030 [main] DEBUG o.s.c.a.ConfigurationClassBeanDefinitionReader - Registering bean definition for @Bean method edu.ncsu.csc.itrust2.mvc.config.WebMvcConfiguration.viewResolver()
21:59:39.030 [main] DEBUG o.s.c.a.ConfigurationClassBeanDefinitionReader - Registering bean definition for @Bean method edu.ncsu.csc.itrust2.mvc.config.WebMvcConfiguration.templateEngine()
21:59:39.030 [main] DEBUG o.s.c.a.ConfigurationClassBeanDefinitionReader - Registering bean definition for @Bean method edu.ncsu.csc.itrust2.mvc.config.WebMvcConfiguration.domainClassConverter()
21:59:39.032 [main] DEBUG o.s.c.a.ConfigurationClassEnhancer - Successfully enhanced edu.ncsu.csc.itrust2.config.RootConfiguration; enhanced class name is: edu.ncsu.csc.itrust2.config.RootConfiguration$$EnhancerBySpringCGLIB$$c1d00685
21:59:39.032 [main] DEBUG o.s.c.a.ConfigurationClassPostProcessor - Replacing bean definition &apos;rootConfiguration&apos; existing class &apos;edu.ncsu.csc.itrust2.config.RootConfiguration&apos; with enhanced class &apos;edu.ncsu.csc.itrust2.config.RootConfiguration$$EnhancerBySpringCGLIB$$c1d00685&apos;
21:59:39.032 [main] DEBUG o.s.c.a.ConfigurationClassEnhancer - Successfully enhanced edu.ncsu.csc.itrust2.mvc.config.WebMvcConfiguration; enhanced class name is: edu.ncsu.csc.itrust2.mvc.config.WebMvcConfiguration$$EnhancerBySpringCGLIB$$de7b09d5
21:59:39.032 [main] DEBUG o.s.c.a.ConfigurationClassPostProcessor - Replacing bean definition &apos;webMvcConfiguration&apos; existing class &apos;edu.ncsu.csc.itrust2.mvc.config.WebMvcConfiguration&apos; with enhanced class &apos;edu.ncsu.csc.itrust2.mvc.config.WebMvcConfiguration$$EnhancerBySpringCGLIB$$de7b09d5&apos;
21:59:39.032 [main] DEBUG o.s.c.a.ConfigurationClassEnhancer - Successfully enhanced edu.ncsu.csc.itrust2.config.DataConfiguration; enhanced class name is: edu.ncsu.csc.itrust2.config.DataConfiguration$$EnhancerBySpringCGLIB$$60f4bbd
21:59:39.032 [main] DEBUG o.s.c.a.ConfigurationClassPostProcessor - Replacing bean definition &apos;dataConfiguration&apos; existing class &apos;edu.ncsu.csc.itrust2.config.DataConfiguration&apos; with enhanced class &apos;edu.ncsu.csc.itrust2.config.DataConfiguration$$EnhancerBySpringCGLIB$$60f4bbd&apos;
21:59:39.032 [main] DEBUG o.s.c.a.ConfigurationClassEnhancer - Successfully enhanced edu.ncsu.csc.itrust2.config.SecurityConfig; enhanced class name is: edu.ncsu.csc.itrust2.config.SecurityConfig$$EnhancerBySpringCGLIB$$f88fd361
21:59:39.032 [main] DEBUG o.s.c.a.ConfigurationClassPostProcessor - Replacing bean definition &apos;securityConfig&apos; existing class &apos;edu.ncsu.csc.itrust2.config.SecurityConfig&apos; with enhanced class &apos;edu.ncsu.csc.itrust2.config.SecurityConfig$$EnhancerBySpringCGLIB$$f88fd361&apos;
21:59:39.032 [main] DEBUG o.s.c.a.ConfigurationClassEnhancer - Successfully enhanced org.springframework.security.config.annotation.configuration.ObjectPostProcessorConfiguration; enhanced class name is: org.springframework.security.config.annotation.configuration.ObjectPostProcessorConfiguration$$EnhancerBySpringCGLIB$$6851d2d
21:59:39.032 [main] DEBUG o.s.c.a.ConfigurationClassPostProcessor - Replacing bean definition &apos;org.springframework.security.config.annotation.configuration.ObjectPostProcessorConfiguration&apos; existing class &apos;org.springframework.security.config.annotation.configuration.ObjectPostProcessorConfiguration&apos; with enhanced class &apos;org.springframework.security.config.annotation.configuration.ObjectPostProcessorConfiguration$$EnhancerBySpringCGLIB$$6851d2d&apos;
21:59:39.032 [main] DEBUG o.s.c.a.ConfigurationClassEnhancer - Successfully enhanced org.springframework.security.config.annotation.authentication.configuration.AuthenticationConfiguration; enhanced class name is: org.springframework.security.config.annotation.authentication.configuration.AuthenticationConfiguration$$EnhancerBySpringCGLIB$$524e27a2
21:59:39.032 [main] DEBUG o.s.c.a.ConfigurationClassPostProcessor - Replacing bean definition &apos;org.springframework.security.config.annotation.authentication.configuration.AuthenticationConfiguration&apos; existing class &apos;org.springframework.security.config.annotation.authentication.configuration.AuthenticationConfiguration&apos; with enhanced class &apos;org.springframework.security.config.annotation.authentication.configuration.AuthenticationConfiguration$$EnhancerBySpringCGLIB$$524e27a2&apos;
21:59:39.032 [main] DEBUG o.s.c.a.ConfigurationClassEnhancer - Successfully enhanced org.springframework.security.config.annotation.authentication.configuration.AuthenticationConfiguration; enhanced class name is: org.springframework.security.config.annotation.authentication.configuration.AuthenticationConfiguration$$EnhancerBySpringCGLIB$$524e27a2
21:59:39.032 [main] DEBUG o.s.c.a.ConfigurationClassPostProcessor - Replacing bean definition &apos;enableGlobalAuthenticationAutowiredConfigurer&apos; existing class &apos;org.springframework.security.config.annotation.authentication.configuration.AuthenticationConfiguration&apos; with enhanced class &apos;org.springframework.security.config.annotation.authentication.configuration.AuthenticationConfiguration$$EnhancerBySpringCGLIB$$524e27a2&apos;
21:59:39.032 [main] DEBUG o.s.c.a.ConfigurationClassEnhancer - Successfully enhanced org.springframework.security.config.annotation.authentication.configuration.AuthenticationConfiguration; enhanced class name is: org.springframework.security.config.annotation.authentication.configuration.AuthenticationConfiguration$$EnhancerBySpringCGLIB$$524e27a2
21:59:39.032 [main] DEBUG o.s.c.a.ConfigurationClassPostProcessor - Replacing bean definition &apos;initializeUserDetailsBeanManagerConfigurer&apos; existing class &apos;org.springframework.security.config.annotation.authentication.configuration.AuthenticationConfiguration&apos; with enhanced class &apos;org.springframework.security.config.annotation.authentication.configuration.AuthenticationConfiguration$$EnhancerBySpringCGLIB$$524e27a2&apos;
21:59:39.032 [main] DEBUG o.s.c.a.ConfigurationClassEnhancer - Successfully enhanced org.springframework.security.config.annotation.authentication.configuration.AuthenticationConfiguration; enhanced class name is: org.springframework.security.config.annotation.authentication.configuration.AuthenticationConfiguration$$EnhancerBySpringCGLIB$$524e27a2
21:59:39.032 [main] DEBUG o.s.c.a.ConfigurationClassPostProcessor - Replacing bean definition &apos;initializeAuthenticationProviderBeanManagerConfigurer&apos; existing class &apos;org.springframework.security.config.annotation.authentication.configuration.AuthenticationConfiguration&apos; with enhanced class &apos;org.springframework.security.config.annotation.authentication.configuration.AuthenticationConfiguration$$EnhancerBySpringCGLIB$$524e27a2&apos;
21:59:39.032 [main] DEBUG o.s.c.a.ConfigurationClassEnhancer - Successfully enhanced org.springframework.security.config.annotation.web.configuration.WebSecurityConfiguration; enhanced class name is: org.springframework.security.config.annotation.web.configuration.WebSecurityConfiguration$$EnhancerBySpringCGLIB$$150881e6
21:59:39.032 [main] DEBUG o.s.c.a.ConfigurationClassPostProcessor - Replacing bean definition &apos;org.springframework.security.config.annotation.web.configuration.WebSecurityConfiguration&apos; existing class &apos;org.springframework.security.config.annotation.web.configuration.WebSecurityConfiguration&apos; with enhanced class &apos;org.springframework.security.config.annotation.web.configuration.WebSecurityConfiguration$$EnhancerBySpringCGLIB$$150881e6&apos;
21:59:39.032 [main] DEBUG o.s.c.a.ConfigurationClassEnhancer - Successfully enhanced org.springframework.security.config.annotation.web.configuration.WebSecurityConfiguration; enhanced class name is: org.springframework.security.config.annotation.web.configuration.WebSecurityConfiguration$$EnhancerBySpringCGLIB$$150881e6
21:59:39.032 [main] DEBUG o.s.c.a.ConfigurationClassPostProcessor - Replacing bean definition &apos;delegatingApplicationListener&apos; existing class &apos;org.springframework.security.config.annotation.web.configuration.WebSecurityConfiguration&apos; with enhanced class &apos;org.springframework.security.config.annotation.web.configuration.WebSecurityConfiguration$$EnhancerBySpringCGLIB$$150881e6&apos;
21:59:39.032 [main] DEBUG o.s.c.a.ConfigurationClassEnhancer - Successfully enhanced org.springframework.web.servlet.config.annotation.DelegatingWebMvcConfiguration; enhanced class name is: org.springframework.web.servlet.config.annotation.DelegatingWebMvcConfiguration$$EnhancerBySpringCGLIB$$32983a29
21:59:39.032 [main] DEBUG o.s.c.a.ConfigurationClassPostProcessor - Replacing bean definition &apos;org.springframework.web.servlet.config.annotation.DelegatingWebMvcConfiguration&apos; existing class &apos;org.springframework.web.servlet.config.annotation.DelegatingWebMvcConfiguration&apos; with enhanced class &apos;org.springframework.web.servlet.config.annotation.DelegatingWebMvcConfiguration$$EnhancerBySpringCGLIB$$32983a29&apos;
21:59:39.032 [main] DEBUG o.s.c.a.ConfigurationClassEnhancer - Successfully enhanced org.springframework.security.config.annotation.method.configuration.GlobalMethodSecurityConfiguration; enhanced class name is: org.springframework.security.config.annotation.method.configuration.GlobalMethodSecurityConfiguration$$EnhancerBySpringCGLIB$$2b59bfdf
21:59:39.032 [main] DEBUG o.s.c.a.ConfigurationClassPostProcessor - Replacing bean definition &apos;org.springframework.security.config.annotation.method.configuration.GlobalMethodSecurityConfiguration&apos; existing class &apos;org.springframework.security.config.annotation.method.configuration.GlobalMethodSecurityConfiguration&apos; with enhanced class &apos;org.springframework.security.config.annotation.method.configuration.GlobalMethodSecurityConfiguration$$EnhancerBySpringCGLIB$$2b59bfdf&apos;
21:59:39.033 [main] DEBUG o.s.b.f.s.DefaultListableBeanFactory - Creating shared instance of singleton bean &apos;org.springframework.context.annotation.internalAutowiredAnnotationProcessor&apos;
21:59:39.033 [main] DEBUG o.s.b.f.s.DefaultListableBeanFactory - Creating instance of bean &apos;org.springframework.context.annotation.internalAutowiredAnnotationProcessor&apos;
21:59:39.034 [main] DEBUG o.s.b.f.s.DefaultListableBeanFactory - Eagerly caching bean &apos;org.springframework.context.annotation.internalAutowiredAnnotationProcessor&apos; to allow for resolving potential circular references
21:59:39.036 [main] DEBUG o.s.b.f.s.DefaultListableBeanFactory - Finished creating instance of bean &apos;org.springframework.context.annotation.internalAutowiredAnnotationProcessor&apos;
21:59:39.036 [main] DEBUG o.s.b.f.s.DefaultListableBeanFactory - Creating shared instance of singleton bean &apos;org.springframework.context.annotation.internalRequiredAnnotationProcessor&apos;
21:59:39.036 [main] DEBUG o.s.b.f.s.DefaultListableBeanFactory - Creating instance of bean &apos;org.springframework.context.annotation.internalRequiredAnnotationProcessor&apos;
21:59:39.036 [main] DEBUG o.s.b.f.s.DefaultListableBeanFactory - Eagerly caching bean &apos;org.springframework.context.annotation.internalRequiredAnnotationProcessor&apos; to allow for resolving potential circular references
21:59:39.037 [main] DEBUG o.s.b.f.s.DefaultListableBeanFactory - Finished creating instance of bean &apos;org.springframework.context.annotation.internalRequiredAnnotationProcessor&apos;
21:59:39.037 [main] DEBUG o.s.b.f.s.DefaultListableBeanFactory - Creating shared instance of singleton bean &apos;org.springframework.context.annotation.internalCommonAnnotationProcessor&apos;
21:59:39.037 [main] DEBUG o.s.b.f.s.DefaultListableBeanFactory - Creating instance of bean &apos;org.springframework.context.annotation.internalCommonAnnotationProcessor&apos;
21:59:39.037 [main] DEBUG o.s.b.f.s.DefaultListableBeanFactory - Eagerly caching bean &apos;org.springframework.context.annotation.internalCommonAnnotationProcessor&apos; to allow for resolving potential circular references
21:59:39.039 [main] DEBUG o.s.b.f.s.DefaultListableBeanFactory - Finished creating instance of bean &apos;org.springframework.context.annotation.internalCommonAnnotationProcessor&apos;
21:59:39.039 [main] DEBUG o.s.b.f.s.DefaultListableBeanFactory - Creating shared instance of singleton bean &apos;org.springframework.context.annotation.internalPersistenceAnnotationProcessor&apos;
21:59:39.039 [main] DEBUG o.s.b.f.s.DefaultListableBeanFactory - Creating instance of bean &apos;org.springframework.context.annotation.internalPersistenceAnnotationProcessor&apos;
21:59:39.039 [main] DEBUG o.s.b.f.s.DefaultListableBeanFactory - Eagerly caching bean &apos;org.springframework.context.annotation.internalPersistenceAnnotationProcessor&apos; to allow for resolving potential circular references
21:59:39.041 [main] DEBUG o.s.b.f.s.DefaultListableBeanFactory - Finished creating instance of bean &apos;org.springframework.context.annotation.internalPersistenceAnnotationProcessor&apos;
21:59:39.041 [main] DEBUG o.s.b.f.s.DefaultListableBeanFactory - Creating shared instance of singleton bean &apos;org.springframework.aop.config.internalAutoProxyCreator&apos;
21:59:39.041 [main] DEBUG o.s.b.f.s.DefaultListableBeanFactory - Creating instance of bean &apos;org.springframework.aop.config.internalAutoProxyCreator&apos;
21:59:39.042 [main] DEBUG o.s.b.f.s.DefaultListableBeanFactory - Eagerly caching bean &apos;org.springframework.aop.config.internalAutoProxyCreator&apos; to allow for resolving potential circular references
21:59:39.044 [main] DEBUG o.s.b.f.s.DefaultListableBeanFactory - Finished creating instance of bean &apos;org.springframework.aop.config.internalAutoProxyCreator&apos;
21:59:39.044 [main] DEBUG o.s.w.c.s.GenericWebApplicationContext - Unable to locate MessageSource with name &apos;messageSource&apos;: using default [org.springframework.context.support.DelegatingMessageSource@693fffa4]
21:59:39.044 [main] DEBUG o.s.w.c.s.GenericWebApplicationContext - Unable to locate ApplicationEventMulticaster with name &apos;applicationEventMulticaster&apos;: using default [org.springframework.context.event.SimpleApplicationEventMulticaster@17781fe8]
21:59:39.044 [main] DEBUG o.s.u.c.s.UiApplicationContextUtils - Unable to locate ThemeSource with name &apos;themeSource&apos;: using default [org.springframework.ui.context.support.ResourceBundleThemeSource@2fa1d167]
21:59:39.045 [main] DEBUG o.s.b.f.s.DefaultListableBeanFactory - Pre-instantiating singletons in org.springframework.beans.factory.support.DefaultListableBeanFactory@20c3548c: defining beans [org.springframework.context.annotation.internalConfigurationAnnotationProcessor,org.springframework.context.annotation.internalAutowiredAnnotationProcessor,org.springframework.context.annotation.internalRequiredAnnotationProcessor,org.springframework.context.annotation.
...[truncated 190277 chars]...
csu.csc.itrust2.controllers.patient.PatientController.viewDemographics(org.springframework.ui.Model)]] with attributes [[authorize: &apos;hasRole(&apos;ROLE_PATIENT&apos;)&apos;, filter: &apos;null&apos;, filterTarget: &apos;null&apos;]]
21:59:39.280 [main] DEBUG o.s.aop.framework.CglibAopProxy - Unable to apply any optimisations to advised method: public java.lang.String edu.ncsu.csc.itrust2.controllers.patient.PatientController.viewDemographics(org.springframework.ui.Model)
21:59:39.280 [main] DEBUG o.s.s.a.p.PrePostAnnotationSecurityMetadataSource - @org.springframework.security.access.prepost.PreAuthorize(value=hasRole(&apos;ROLE_PATIENT&apos;)) found on specific method: public java.lang.String edu.ncsu.csc.itrust2.controllers.patient.PatientController.demographicsSubmit(edu.ncsu.csc.itrust2.forms.hcp_patient.PatientForm,org.springframework.validation.BindingResult,org.springframework.ui.Model)
21:59:39.280 [main] DEBUG o.s.s.a.m.DelegatingMethodSecurityMetadataSource - Caching method [CacheKey[edu.ncsu.csc.itrust2.controllers.patient.PatientController; public java.lang.String edu.ncsu.csc.itrust2.controllers.patient.PatientController.demographicsSubmit(edu.ncsu.csc.itrust2.forms.hcp_patient.PatientForm,org.springframework.validation.BindingResult,org.springframework.ui.Model)]] with attributes [[authorize: &apos;hasRole(&apos;ROLE_PATIENT&apos;)&apos;, filter: &apos;null&apos;, filterTarget: &apos;null&apos;]]
21:59:39.280 [main] DEBUG o.s.aop.framework.CglibAopProxy - Unable to apply any optimisations to advised method: public java.lang.String edu.ncsu.csc.itrust2.controllers.patient.PatientController.demographicsSubmit(edu.ncsu.csc.itrust2.forms.hcp_patient.PatientForm,org.springframework.validation.BindingResult,org.springframework.ui.Model)
21:59:39.280 [main] DEBUG o.s.s.a.p.PrePostAnnotationSecurityMetadataSource - @org.springframework.security.access.prepost.PreAuthorize(value=hasRole(&apos;ROLE_PATIENT&apos;)) found on specific method: public java.lang.String edu.ncsu.csc.itrust2.controllers.patient.PatientController.index(org.springframework.ui.Model)
21:59:39.280 [main] DEBUG o.s.s.a.m.DelegatingMethodSecurityMetadataSource - Caching method [CacheKey[edu.ncsu.csc.itrust2.controllers.patient.PatientController; public java.lang.String edu.ncsu.csc.itrust2.controllers.patient.PatientController.index(org.springframework.ui.Model)]] with attributes [[authorize: &apos;hasRole(&apos;ROLE_PATIENT&apos;)&apos;, filter: &apos;null&apos;, filterTarget: &apos;null&apos;]]
21:59:39.280 [main] DEBUG o.s.aop.framework.CglibAopProxy - Unable to apply any optimisations to advised method: public java.lang.String edu.ncsu.csc.itrust2.controllers.patient.PatientController.index(org.springframework.ui.Model)
21:59:39.280 [main] DEBUG o.s.aop.framework.CglibAopProxy - Found &apos;equals&apos; method: public boolean java.lang.Object.equals(java.lang.Object)
21:59:39.280 [main] DEBUG o.s.aop.framework.CglibAopProxy - Unable to apply any optimisations to advised method: public java.lang.String java.lang.Object.toString()
21:59:39.280 [main] DEBUG o.s.aop.framework.CglibAopProxy - Found &apos;hashCode&apos; method: public native int java.lang.Object.hashCode()
21:59:39.280 [main] DEBUG o.s.aop.framework.CglibAopProxy - Unable to apply any optimisations to advised method: protected native java.lang.Object java.lang.Object.clone() throws java.lang.CloneNotSupportedException
21:59:39.280 [main] DEBUG o.s.aop.framework.CglibAopProxy - Method is declared on Advised interface: public abstract void org.springframework.aop.framework.Advised.setTargetSource(org.springframework.aop.TargetSource)
21:59:39.280 [main] DEBUG o.s.aop.framework.CglibAopProxy - Method is declared on Advised interface: public abstract org.springframework.aop.TargetSource org.springframework.aop.framework.Advised.getTargetSource()
21:59:39.280 [main] DEBUG o.s.aop.framework.CglibAopProxy - Method is declared on Advised interface: public abstract boolean org.springframework.aop.framework.Advised.isProxyTargetClass()
21:59:39.280 [main] DEBUG o.s.aop.framework.CglibAopProxy - Method is declared on Advised interface: public abstract void org.springframework.aop.framework.Advised.addAdvisor(org.springframework.aop.Advisor) throws org.springframework.aop.framework.AopConfigException
21:59:39.280 [main] DEBUG o.s.aop.framework.CglibAopProxy - Method is declared on Advised interface: public abstract void org.springframework.aop.framework.Advised.addAdvisor(int,org.springframework.aop.Advisor) throws org.springframework.aop.framework.AopConfigException
21:59:39.280 [main] DEBUG o.s.aop.framework.CglibAopProxy - Method is declared on Advised interface: public abstract void org.springframework.aop.framework.Advised.setPreFiltered(boolean)
21:59:39.281 [main] DEBUG o.s.aop.framework.CglibAopProxy - Method is declared on Advised interface: public abstract void org.springframework.aop.framework.Advised.setExposeProxy(boolean)
21:59:39.281 [main] DEBUG o.s.aop.framework.CglibAopProxy - Method is declared on Advised interface: public abstract boolean org.springframework.aop.framework.Advised.isExposeProxy()
21:59:39.281 [main] DEBUG o.s.aop.framework.CglibAopProxy - Method is declared on Advised interface: public abstract boolean org.springframework.aop.framework.Advised.isPreFiltered()
21:59:39.281 [main] DEBUG o.s.aop.framework.CglibAopProxy - Method is declared on Advised interface: public abstract java.lang.Class[] org.springframework.aop.framework.Advised.getProxiedInterfaces()
21:59:39.281 [main] DEBUG o.s.aop.framework.CglibAopProxy - Method is declared on Advised interface: public abstract boolean org.springframework.aop.framework.Advised.isInterfaceProxied(java.lang.Class)
21:59:39.281 [main] DEBUG o.s.aop.framework.CglibAopProxy - Method is declared on Advised interface: public abstract org.springframework.aop.Advisor[] org.springframework.aop.framework.Advised.getAdvisors()
21:59:39.281 [main] DEBUG o.s.aop.framework.CglibAopProxy - Method is declared on Advised interface: public abstract void org.springframework.aop.framework.Advised.removeAdvisor(int) throws org.springframework.aop.framework.AopConfigException
21:59:39.281 [main] DEBUG o.s.aop.framework.CglibAopProxy - Method is declared on Advised interface: public abstract boolean org.springframework.aop.framework.Advised.removeAdvisor(org.springframework.aop.Advisor)
21:59:39.281 [main] DEBUG o.s.aop.framework.CglibAopProxy - Method is declared on Advised interface: public abstract boolean org.springframework.aop.framework.Advised.replaceAdvisor(org.springframework.aop.Advisor,org.springframework.aop.Advisor) throws org.springframework.aop.framework.AopConfigException
21:59:39.281 [main] DEBUG o.s.aop.framework.CglibAopProxy - Method is declared on Advised interface: public abstract boolean org.springframework.aop.framework.Advised.removeAdvice(org.aopalliance.aop.Advice)
21:59:39.281 [main] DEBUG o.s.aop.framework.CglibAopProxy - Method is declared on Advised interface: public abstract java.lang.String org.springframework.aop.framework.Advised.toProxyConfigString()
21:59:39.281 [main] DEBUG o.s.aop.framework.CglibAopProxy - Method is declared on Advised interface: public abstract void org.springframework.aop.framework.Advised.addAdvice(int,org.aopalliance.aop.Advice) throws org.springframework.aop.framework.AopConfigException
21:59:39.281 [main] DEBUG o.s.aop.framework.CglibAopProxy - Method is declared on Advised interface: public abstract void org.springframework.aop.framework.Advised.addAdvice(org.aopalliance.aop.Advice) throws org.springframework.aop.framework.AopConfigException
21:59:39.281 [main] DEBUG o.s.aop.framework.CglibAopProxy - Method is declared on Advised interface: public abstract int org.springframework.aop.framework.Advised.indexOf(org.aopalliance.aop.Advice)
21:59:39.281 [main] DEBUG o.s.aop.framework.CglibAopProxy - Method is declared on Advised interface: public abstract int org.springframework.aop.framework.Advised.indexOf(org.springframework.aop.Advisor)
21:59:39.281 [main] DEBUG o.s.aop.framework.CglibAopProxy - Method is declared on Advised interface: public abstract boolean org.springframework.aop.framework.Advised.isFrozen()
21:59:39.281 [main] DEBUG o.s.aop.framework.CglibAopProxy - Method is declared on Advised interface: public abstract java.lang.Class org.springframework.aop.TargetClassAware.getTargetClass()
21:59:39.285 [main] DEBUG o.s.b.f.s.DefaultListableBeanFactory - Finished creating instance of bean &apos;patientController&apos;
21:59:39.285 [main] DEBUG o.s.b.f.s.DefaultListableBeanFactory - Creating shared instance of singleton bean &apos;passwordController&apos;
21:59:39.285 [main] DEBUG o.s.b.f.s.DefaultListableBeanFactory - Creating instance of bean &apos;passwordController&apos;
21:59:39.286 [main] DEBUG o.s.b.f.s.DefaultListableBeanFactory - Eagerly caching bean &apos;passwordController&apos; to allow for resolving potential circular references
21:59:39.286 [main] DEBUG o.s.b.f.s.DefaultListableBeanFactory - Returning cached instance of singleton bean &apos;metaDataSourceAdvisor&apos;
21:59:39.286 [main] DEBUG o.s.b.f.s.DefaultListableBeanFactory - Finished creating instance of bean &apos;passwordController&apos;
21:59:39.286 [main] DEBUG o.s.b.f.s.DefaultListableBeanFactory - Creating shared instance of singleton bean &apos;userController&apos;
21:59:39.286 [main] DEBUG o.s.b.f.s.DefaultListableBeanFactory - Creating instance of bean &apos;userController&apos;
21:59:39.286 [main] DEBUG o.s.b.f.s.DefaultListableBeanFactory - Eagerly caching bean &apos;userController&apos; to allow for resolving potential circular references
21:59:39.286 [main] DEBUG o.s.b.f.s.DefaultListableBeanFactory - Returning cached instance of singleton bean &apos;metaDataSourceAdvisor&apos;
21:59:39.286 [main] DEBUG o.s.s.a.p.PrePostAnnotationSecurityMetadataSource - @org.springframework.security.access.prepost.PreAuthorize(value=hasRole(&apos;ROLE_HCP&apos;) or hasRole(&apos;ROLE_ADMIN&apos;)) found on specific method: public java.lang.String edu.ncsu.csc.itrust2.controllers.personnel.UserController.viewDemographics(org.springframework.ui.Model)
21:59:39.286 [main] DEBUG o.s.s.a.m.DelegatingMethodSecurityMetadataSource - Caching method [CacheKey[edu.ncsu.csc.itrust2.controllers.personnel.UserController; public java.lang.String edu.ncsu.csc.itrust2.controllers.personnel.UserController.viewDemographics(org.springframework.ui.Model)]] with attributes [[authorize: &apos;hasRole(&apos;ROLE_HCP&apos;) or hasRole(&apos;ROLE_ADMIN&apos;)&apos;, filter: &apos;null&apos;, filterTarget: &apos;null&apos;]]
21:59:39.286 [main] DEBUG o.s.a.f.a.InfrastructureAdvisorAutoProxyCreator - Creating implicit proxy for bean &apos;userController&apos; with 0 common interceptors and 1 specific interceptors
21:59:39.286 [main] DEBUG o.s.aop.framework.CglibAopProxy - Creating CGLIB proxy: target source is SingletonTargetSource for target object [edu.ncsu.csc.itrust2.controllers.personnel.UserController@5f350ba7]
21:59:39.286 [main] DEBUG o.s.aop.framework.CglibAopProxy - Unable to apply any optimisations to advised method: public java.lang.String edu.ncsu.csc.itrust2.controllers.personnel.UserController.viewDemographics(org.springframework.ui.Model)
21:59:39.286 [main] DEBUG o.s.s.a.p.PrePostAnnotationSecurityMetadataSource - @org.springframework.security.access.prepost.PreAuthorize(value=hasRole(&apos;ROLE_HCP&apos;) or hasRole(&apos;ROLE_ADMIN&apos;)) found on specific method: public java.lang.String edu.ncsu.csc.itrust2.controllers.personnel.UserController.demographicsSubmit(edu.ncsu.csc.itrust2.forms.personnel.PersonnelForm,org.springframework.validation.BindingResult,org.springframework.ui.Model)
21:59:39.286 [main] DEBUG o.s.s.a.m.DelegatingMethodSecurityMetadataSource - Caching method [CacheKey[edu.ncsu.csc.itrust2.controllers.personnel.UserController; public java.lang.String edu.ncsu.csc.itrust2.controllers.personnel.UserController.demographicsSubmit(edu.ncsu.csc.itrust2.forms.personnel.PersonnelForm,org.springframework.validation.BindingResult,org.springframework.ui.Model)]] with attributes [[authorize: &apos;hasRole(&apos;ROLE_HCP&apos;) or hasRole(&apos;ROLE_ADMIN&apos;)&apos;, filter: &apos;null&apos;, filterTarget: &apos;null&apos;]]
21:59:39.287 [main] DEBUG o.s.aop.framework.CglibAopProxy - Unable to apply any optimisations to advised method: public java.lang.String edu.ncsu.csc.itrust2.controllers.personnel.UserController.demographicsSubmit(edu.ncsu.csc.itrust2.forms.personnel.PersonnelForm,org.springframework.validation.BindingResult,org.springframework.ui.Model)
21:59:39.287 [main] DEBUG o.s.aop.framework.CglibAopProxy - Found &apos;equals&apos; method: public boolean java.lang.Object.equals(java.lang.Object)
21:59:39.287 [main] DEBUG o.s.aop.framework.CglibAopProxy - Unable to apply any optimisations to advised method: public java.lang.String java.lang.Object.toString()
21:59:39.287 [main] DEBUG o.s.aop.framework.CglibAopProxy - Found &apos;hashCode&apos; method: public native int java.lang.Object.hashCode()
21:59:39.287 [main] DEBUG o.s.aop.framework.CglibAopProxy - Unable to apply any optimisations to advised method: protected native java.lang.Object java.lang.Object.clone() throws java.lang.CloneNotSupportedException
21:59:39.287 [main] DEBUG o.s.aop.framework.CglibAopProxy - Method is declared on Advised interface: public abstract void org.springframework.aop.framework.Advised.setTargetSource(org.springframework.aop.TargetSource)
21:59:39.287 [main] DEBUG o.s.aop.framework.CglibAopProxy - Method is declared on Advised interface: public abstract org.springframework.aop.TargetSource org.springframework.aop.framework.Advised.getTargetSource()
21:59:39.287 [main] DEBUG o.s.aop.framework.CglibAopProxy - Method is declared on Advised interface: public abstract boolean org.springframework.aop.framework.Advised.isProxyTargetClass()
21:59:39.287 [main] DEBUG o.s.aop.framework.CglibAopProxy - Method is declared on Advised interface: public abstract void org.springframework.aop.framework.Advised.addAdvisor(org.springframework.aop.Advisor) throws org.springframework.aop.framework.AopConfigException
21:59:39.287 [main] DEBUG o.s.aop.framework.CglibAopProxy - Method is declared on Advised interface: public abstract void org.springframework.aop.framework.Advised.addAdvisor(int,org.springframework.aop.Advisor) throws org.springframework.aop.framework.AopConfigException
21:59:39.287 [main] DEBUG o.s.aop.framework.CglibAopProxy - Method is declared on Advised interface: public abstract void org.springframework.aop.framework.Advised.setPreFiltered(boolean)
21:59:39.287 [main] DEBUG o.s.aop.framework.CglibAopProxy - Method is declared on Advised interface: public abstract void org.springframework.aop.framework.Advised.setExposeProxy(boolean)
21:59:39.287 [main] DEBUG o.s.aop.framework.CglibAopProxy - Method is declared on Advised interface: public abstract boolean org.springframework.aop.framework.Advised.isExposeProxy()
21:59:39.287 [main] DEBUG o.s.aop.framework.CglibAopProxy - Method is declared on Advised interface: public abstract boolean org.springframework.aop.framework.Advised.isPreFiltered()
21:59:39.287 [main] DEBUG o.s.aop.framework.CglibAopProxy - Method is declared on Advised interface: public abstract java.lang.Class[] org.springframework.aop.framework.Advised.getProxiedInterfaces()
21:59:39.287 [main] DEBUG o.s.aop.framework.CglibAopProxy - Method is declared on Advised interface: public abstract boolean org.springframework.aop.framework.Advised.isInterfaceProxied(java.lang.Class)
21:59:39.287 [main] DEBUG o.s.aop.framework.CglibAopProxy - Method is declared on Advised interface: public abstract org.springframework.aop.Advisor[] org.springframework.aop.framework.Advised.getAdvisors()
21:59:39.287 [main] DEBUG o.s.aop.framework.CglibAopProxy - Method is declared on Advised interface: public abstract void org.springframework.aop.framework.Advised.removeAdvisor(int) throws org.springframework.aop.framework.AopConfigException
21:59:39.287 [main] DEBUG o.s.aop.framework.CglibAopProxy - Method is declared on Advised interface: public abstract boolean org.springframework.aop.framework.Advised.removeAdvisor(org.springframework.aop.Advisor)
21:59:39.287 [main] DEBUG o.s.aop.framework.CglibAopProxy - Method is declared on Advised interface: public abstract boolean org.springframework.aop.framework.Advised.replaceAdvisor(org.springframework.aop.Advisor,org.springframework.aop.Advisor) throws org.springframework.aop.framework.AopConfigException
21:59:39.287 [main] DEBUG o.s.aop.framework.CglibAopProxy - Method is declared on Advised interface: public abstract boolean org.springframework.aop.framework.Advised.removeAdvice(org.aopalliance.aop.Advice)
21:59:39.287 [main] DEBUG o.s.aop.framework.CglibAopProxy - Method is declared on Advised interface: public abstract java.lang.String org.springframework.aop.framework.Advised.toProxyConfigString()
21:59:39.287 [main] DEBUG o.s.aop.framework.CglibAopProxy - Method is declared on Advised interface: public abstract void org.springframework.aop.framework.Advised.addAdvice(int,org.aopalliance.aop.Advice) throws org.springframework.aop.framework.AopConfigException
21:59:39.287 [main] DEBUG o.s.aop.framework.CglibAopProxy - Method is declared on Advised interface: public abstract void org.springframework.aop.framework.Advised.addAdvice(org.aopalliance.aop.Advice) throws org.springframework.aop.framework.AopConfigException
21:59:39.287 [main] DEBUG o.s.aop.framework.CglibAopProxy - Method is declared on Advised interface: public abstract int org.springframework.aop.framework.Advised.indexOf(org.aopalliance.aop.Advice)
21:59:39.287 [main] DEBUG o.s.aop.framework.CglibAopProxy - Method is declared on Advised interface: public abstract int org.springframework.aop.framework.Advised.indexOf(org.springframework.aop.Advisor)
21:59:39.287 [main] DEBUG o.s.aop.framework.CglibAopProxy - Method is declared on Advised interface: public abstract boolean org.springframework.aop.framework.Advised.isFrozen()
21:59:39.287 [main] DEBUG o.s.aop.framework.CglibAopProxy - Method is declared on Advised interface: public abstract java.lang.Class org.springframework.aop.TargetClassAware.getTargetClass()
21:59:39.291 [main] DEBUG o.s.b.f.s.DefaultListableBeanFactory - Finished creating instance of bean &apos;userController&apos;
21:59:39.291 [main] DEBUG o.s.b.f.s.DefaultListableBeanFactory - Returning cached instance of singleton bean &apos;dataSource&apos;
21:59:39.291 [main] DEBUG o.s.b.f.s.DefaultListableBeanFactory - Returning cached instance of singleton bean &apos;org.springframework.security.config.annotation.configuration.ObjectPostProcessorConfiguration&apos;
21:59:39.291 [main] DEBUG o.s.b.f.s.DefaultListableBeanFactory - Returning cached instance of singleton bean &apos;objectPostProcessor&apos;
21:59:39.291 [main] DEBUG o.s.b.f.s.DefaultListableBeanFactory - Returning cached instance of singleton bean &apos;org.springframework.security.config.annotation.authentication.configuration.AuthenticationConfiguration&apos;
21:59:39.291 [main] DEBUG o.s.b.f.s.DefaultListableBeanFactory - Returning cached instance of singleton bean &apos;authenticationManagerBuilder&apos;
21:59:39.291 [main] DEBUG o.s.b.f.s.DefaultListableBeanFactory - Returning cached instance of singleton bean &apos;enableGlobalAuthenticationAutowiredConfigurer&apos;
21:59:39.291 [main] DEBUG o.s.b.f.s.DefaultListableBeanFactory - Returning cached instance of singleton bean &apos;initializeUserDetailsBeanManagerConfigurer&apos;
21:59:39.291 [main] DEBUG o.s.b.f.s.DefaultListableBeanFactory - Returning cached instance of singleton bean &apos;initializeAuthenticationProviderBeanManagerConfigurer&apos;
21:59:39.291 [main] DEBUG o.s.b.f.s.DefaultListableBeanFactory - Creating shared instance of singleton bean &apos;org.springframework.security.config.annotation.web.configuration.WebSecurityConfiguration&apos;
21:59:39.291 [main] DEBUG o.s.b.f.s.DefaultListableBeanFactory - Creating instance of bean &apos;org.springframework.security.config.annotation.web.configuration.WebSecurityConfiguration&apos;
21:59:39.293 [main] DEBUG o.s.b.f.annotation.InjectionMetadata - Registered injected element on class [org.springframework.security.config.annotation.web.configuration.WebSecurityConfiguration$$EnhancerBySpringCGLIB$$150881e6]: AutowiredFieldElement for private org.springframework.security.config.annotation.ObjectPostProcessor org.springframework.security.config.annotation.web.configuration.WebSecurityConfiguration.objectObjectPostProcessor
21:59:39.293 [main] DEBUG o.s.b.f.annotation.InjectionMetadata - Registered injected element on class [org.springframework.security.config.annotation.web.configuration.WebSecurityConfiguration$$EnhancerBySpringCGLIB$$150881e6]: AutowiredMethodElement for public void org.springframework.security.config.annotation.web.configuration.WebSecurityConfiguration.setFilterChainProxySecurityConfigurer(org.springframework.security.config.annotation.ObjectPostProcessor,java.util.List) throws java.lang.Exception
21:59:39.293 [main] DEBUG o.s.b.f.s.DefaultListableBeanFactory - Eagerly caching bean &apos;org.springframework.security.config.annotation.web.configuration.WebSecurityConfiguration&apos; to allow for resolving potential circular references
21:59:39.293 [main] DEBUG o.s.b.f.annotation.InjectionMetadata - Processing injected element of bean &apos;org.springframework.security.config.annotation.web.configuration.WebSecurityConfiguration&apos;: AutowiredFieldElement for private org.springframework.security.config.annotation.ObjectPostProcessor org.springframework.security.config.annotation.web.configuration.WebSecurityConfiguration.objectObjectPostProcessor
21:59:39.293 [main] DEBUG o.s.b.f.s.DefaultListableBeanFactory - Returning cached instance of singleton bean &apos;objectPostProcessor&apos;
21:59:39.293 [main] DEBUG o.s.b.f.a.AutowiredAnnotationBeanPostProcessor - Autowiring by type from bean name &apos;org.springframework.security.config.annotation.web.configuration.WebSecurityConfiguration&apos; to bean named &apos;objectPostProcessor&apos;
21:59:39.293 [main] DEBUG o.s.b.f.annotation.InjectionMetadata - Processing injected element of bean &apos;org.springframework.security.config.annotation.web.configuration.WebSecurityConfiguration&apos;: AutowiredMethodElement for public void org.springframework.security.config.annotation.web.configuration.WebSecurityConfiguration.setFilterChainProxySecurityConfigurer(org.springframework.security.config.annotation.ObjectPostProcessor,java.util.List) throws java.lang.Exception
21:59:39.293 [main] DEBUG o.s.b.f.s.DefaultListableBeanFactory - Returning cached instance of singleton bean &apos;objectPostProcessor&apos;
21:59:39.293 [main] DEBUG o.s.b.f.s.DefaultListableBeanFactory - Creating shared instance of singleton bean &apos;autowiredWebSecurityConfigurersIgnoreParents&apos;
21:59:39.293 [main] DEBUG o.s.b.f.s.DefaultListableBeanFactory - Creating instance of bean &apos;autowiredWebSecurityConfigurersIgnoreParents&apos;
21:59:39.294 [main] DEBUG o.s.b.f.s.DefaultListableBeanFactory - Returning cached instance of singleton bean &apos;metaDataSourceAdvisor&apos;
21:59:39.294 [main] DEBUG o.s.b.f.s.DefaultListableBeanFactory - Returning eagerly cached instance of singleton bean &apos;org.springframework.security.config.annotation.web.configuration.WebSecurityConfiguration&apos; that is not fully initialized yet - a consequence of a circular reference
21:59:39.295 [main] DEBUG o.s.b.f.s.DefaultListableBeanFactory - Autowiring by type from bean name &apos;autowiredWebSecurityConfigurersIgnoreParents&apos; via factory method to bean named &apos;org.springframework.beans.factory.support.DefaultListableBeanFactory@20c3548c&apos;
21:59:39.295 [main] DEBUG o.s.b.f.s.DefaultListableBeanFactory - Eagerly caching bean &apos;autowiredWebSecurityConfigurersIgnoreParents&apos; to allow for resolving potential circular references
21:59:39.295 [main] DEBUG o.s.b.f.s.DefaultListableBeanFactory - Returning cached instance of singleton bean &apos;metaDataSourceAdvisor&apos;
21:59:39.295 [main] DEBUG o.s.b.f.s.DefaultListableBeanFactory - Finished creating instance of bean &apos;autowiredWebSecurityConfigurersIgnoreParents&apos;
21:59:39.296 [main] DEBUG o.s.b.f.s.DefaultListableBeanFactory - Returning cached instance of singleton bean &apos;securityConfig&apos;
21:59:39.296 [main] DEBUG o.s.b.f.a.AutowiredAnnotationBeanPostProcessor - Autowiring by type from bean name &apos;org.springframework.security.config.annotation.web.configuration.WebSecurityConfiguration&apos; to bean named &apos;objectPostProcessor&apos;
21:59:39.296 [main] DEBUG o.s.b.f.s.DefaultListableBeanFactory - Returning cached instance of singleton bean &apos;metaDataSourceAdvisor&apos;
21:59:39.299 [main] DEBUG o.s.b.f.s.DefaultListableBeanFactory - Returning cached instance of singleton bean &apos;org.springframework.context.annotation.ConfigurationClassPostProcessor.importRegistry&apos;
21:59:39.299 [main] DEBUG o.s.b.f.s.DefaultListableBeanFactory - Finished creating instance of bean &apos;org.springframework.security.config.annotation.web.configuration.WebSecurityConfiguration&apos;
21:59:39.299 [main] DEBUG o.s.b.f.s.DefaultListableBeanFactory - Creating shared instance of singleton bean &apos;delegatingApplicationListener&apos;
21:59:39.299 [main] DEBUG o.s.b.f.s.DefaultListableBeanFactory - Creating instance of bean &apos;delegatingApplicationListener&apos;
21:59:39.299 [main] DEBUG o.s.b.f.s.DefaultListableBeanFactory - Eagerly caching bean &apos;delegatingApplicationListener&apos; to allow for resolving potential circular references
21:59:39.300 [main] DEBUG o.s.b.f.s.DefaultListableBeanFactory - Returning cached instance of singleton bean &apos;metaDataSourceAdvisor&apos;
21:59:39.300 [main] DEBUG o.s.b.f.s.DefaultListableBeanFactory - Finished creating instance of bean &apos;delegatingApplicationListener&apos;
21:59:39.300 [main] DEBUG o.s.b.f.s.DefaultListableBeanFactory - Creating shared instance of singleton bean &apos;springSecurityFilterChain&apos;
21:59:39.300 [main] DEBUG o.s.b.f.s.DefaultListableBeanFactory - Creating instance of bean &apos;springSecurityFilterChain&apos;
21:59:39.300 [main] DEBUG o.s.b.f.s.DefaultListableBeanFactory - Returning cached instance of singleton bean &apos;org.springframework.security.config.annotation.web.configuration.WebSecurityConfiguration&apos;
21:59:39.300 [main] DEBUG o.s.b.f.s.DefaultListableBeanFactory - Returning cached instance of singleton bean &apos;metaDataSourceAdvisor&apos;
21:59:39.301 [main] DEBUG o.s.b.f.s.DefaultListableBeanFactory - Returning cached instance of singleton bean &apos;webMvcConfiguration&apos;
21:59:39.301 [main] DEBUG o.s.b.f.s.DefaultListableBeanFactory - Returning cached instance of singleton bean &apos;securityConfig&apos;
21:59:39.301 [main] DEBUG o.s.s.c.a.a.c.AuthenticationConfiguration$EnableGlobalAuthenticationAutowiredConfigurer - Eagerly initializing {webMvcConfiguration=edu.ncsu.csc.itrust2.mvc.config.WebMvcConfiguration$$EnhancerBySpringCGLIB$$de7b09d5@707cb510, securityConfig=edu.ncsu.csc.itrust2.config.SecurityConfig$$EnhancerBySpringCGLIB$$f88fd361@2133512c}
21:59:39.301 [main] DEBUG o.s.b.f.s.DefaultListableBeanFactory - Invoking afterPropertiesSet() on bean with name &apos;org.springframework.security.authentication.dao.DaoAuthenticationProvider@7eadbbc&apos;
21:59:39.301 [main] DEBUG o.s.b.f.s.DefaultListableBeanFactory - Returning cached instance of singleton bean &apos;metaDataSourceAdvisor&apos;
21:59:39.303 [main] DEBUG o.s.b.f.s.DefaultListableBeanFactory - Invoking afterPropertiesSet() on bean with name &apos;org.springframework.security.authentication.ProviderManager@30354360&apos;
21:59:39.303 [main] DEBUG o.s.b.f.s.DefaultListableBeanFactory - Returning cached instance of singleton bean &apos;metaDataSourceAdvisor&apos;
21:59:39.304 [main] DEBUG o.s.b.f.s.DefaultListableBeanFactory - Returning cached instance of singleton bean &apos;authenticationManagerBuilder&apos;
21:59:39.304 [main] DEBUG o.s.w.c.s.StandardServletEnvironment - Adding [servletConfigInitParams] PropertySource with lowest search precedence
21:59:39.304 [main] DEBUG o.s.w.c.s.StandardServletEnvironment - Adding [servletContextInitParams] PropertySource with lowest search precedence
21:59:39.304 [main] DEBUG o.s.w.c.s.StandardServletEnvironment - Adding [systemProperties] PropertySource with lowest search precedence
21:59:39.304 [main] DEBUG o.s.w.c.s.StandardServletEnvironment - Adding [systemEnvironment] PropertySource with lowest search precedence
21:59:39.304 [main] DEBUG o.s.w.c.s.StandardServletEnvironment - Initialized StandardServletEnvironment with PropertySources [servletConfigInitParams,servletContextInitParams,systemProperties,systemEnvironment]
21:59:39.305 [main] DEBUG o.s.w.c.s.StandardServletEnvironment - Adding [servletConfigInitParams] PropertySource with lowest search precedence
21:59:39.305 [main] DEBUG o.s.w.c.s.StandardServletEnvironment - Adding [servletContextInitParams] PropertySource with lowest search precedence
21:59:39.305 [main] DEBUG o.s.w.c.s.StandardServletEnvironment - Adding [systemProperties] PropertySource with lowest search precedence
21:59:39.305 [main] DEBUG o.s.w.c.s.StandardServletEnvironment - Adding [systemEnvironment] PropertySource with lowest search precedence
21:59:39.305 [main] DEBUG o.s.w.c.s.StandardServletEnvironment - Initialized StandardServletEnvironment with PropertySources [servletConfigInitParams,servletContextInitParams,systemProperties,systemEnvironment]
21:59:39.305 [main] DEBUG o.s.w.c.s.StandardServletEnvironment - Adding [servletConfigInitParams] PropertySource with lowest search precedence
21:59:39.305 [main] DEBUG o.s.w.c.s.StandardServletEnvironment - Adding [servletContextInitParams] PropertySource with lowest search precedence
21:59:39.305 [main] DEBUG o.s.w.c.s.StandardServletEnvironment - Adding [systemProperties] PropertySource with lowest search precedence
21:59:39.305 [main] DEBUG o.s.w.c.s.StandardServletEnvironment - Adding [systemEnvironment] PropertySource with lowest search precedence
21:59:39.305 [main] DEBUG o.s.w.c.s.StandardServletEnvironment - Initialized StandardServletEnvironment with PropertySources [servletConfigInitParams,servletContextInitParams,systemProperties,systemEnvironment]
21:59:39.306 [main] DEBUG o.s.b.f.s.DefaultListableBeanFactory - Creating shared instance of singleton bean &apos;ipBlockFilter&apos;
21:59:39.306 [main] DEBUG o.s.b.f.s.DefaultListableBeanFactory - Creating instance of bean &apos;ipBlockFilter&apos;
21:59:39.306 [main] DEBUG o.s.b.f.s.DefaultListableBeanFactory - Returning cached instance of singleton bean &apos;securityConfig&apos;
21:59:39.306 [main] DEBUG o.s.w.c.s.StandardServletEnvironment - Adding [servletConfigInitParams] PropertySource with lowest search precedence
21:59:39.306 [main] DEBUG o.s.w.c.s.StandardServletEnvironment - Adding [servletContextInitParams] PropertySource with lowest search precedence
21:59:39.306 [main] DEBUG o.s.w.c.s.StandardServletEnvironment - Adding [systemProperties] PropertySource with lowest search precedence
21:59:39.306 [main] DEBUG o.s.w.c.s.StandardServletEnvironment - Adding [systemEnvironment] PropertySource with lowest search precedence
21:59:39.306 [main] DEBUG o.s.w.c.s.StandardServletEnvironment - Initialized StandardServletEnvironment with PropertySources [servletConfigInitParams,servletContextInitParams,systemProperties,systemEnvironment]
21:59:39.306 [main] DEBUG o.s.b.f.s.DefaultListableBeanFactory - Eagerly caching bean &apos;ipBlockFilter&apos; to allow for resolving potential circular references
21:59:39.308 [main] DEBUG o.s.b.f.s.DefaultListableBeanFactory - Invoking afterPropertiesSet() on bean with name &apos;ipBlockFilter&apos;
21:59:39.308 [main] DEBUG o.s.b.f.s.DefaultListableBeanFactory - Returning cached instance of singleton bean &apos;metaDataSourceAdvisor&apos;
21:59:39.308 [main] DEBUG o.s.b.f.s.DefaultListableBeanFactory - Finished creating instance of bean &apos;ipBlockFilter&apos;
21:59:39.309 [main] DEBUG o.s.w.c.s.StandardServletEnvironment - Adding [servletConfigInitParams] PropertySource with lowest search precedence
21:59:39.309 [main] DEBUG o.s.w.c.s.StandardServletEnvironment - Adding [servletContextInitParams] PropertySource with lowest search precedence
21:59:39.309 [main] DEBUG o.s.w.c.s.StandardServletEnvironment - Adding [systemProperties] PropertySource with lowest search precedence
21:59:39.309 [main] DEBUG o.s.w.c.s.StandardServletEnvironment - Adding [systemEnvironment] PropertySource with lowest search precedence
21:59:39.309 [main] DEBUG o.s.w.c.s.StandardServletEnvironment - Initialized StandardServletEnvironment with PropertySources [servletConfigInitParams,servletContextInitParams,systemProperties,systemEnvironment]
21:59:39.309 [main] DEBUG o.s.b.f.s.DefaultListableBeanFactory - Retrieved dependent beans for bean &apos;springSecurityFilterChain&apos;: [webSecurityExpressionHandler]
21:59:39.309 [main] WARN  o.s.w.c.s.GenericWebApplicationContext - Exception encountered during context initialization - cancelling refresh attempt: org.springframework.beans.factory.BeanCreationException: Error creating bean with name &apos;springSecurityFilterChain&apos; defined in class path resource [org/springframework/security/config/annotation/web/configuration/WebSecurityConfiguration.class]: Bean instantiation via factory method failed; nested exception is org.springframework.beans.BeanInstantiationException: Failed to instantiate [javax.servlet.Filter]: Factory method &apos;springSecurityFilterChain&apos; threw exception; nested exception is java.lang.IllegalArgumentException: &apos;Savings Account?error&apos; is not a valid redirect URL
21:59:39.309 [main] DEBUG o.s.b.f.s.DefaultListableBeanFactory - Destroying singletons in org.springframework.beans.factory.support.DefaultListableBeanFactory@20c3548c: defining beans [org.springframework.context.annotation.internalConfigurationAnnotationProcessor,org.springframework.context.annotation.internalAutowiredAnnotationProcessor,org.springframework.context.annotation.internalRequiredAnnotationProcessor,org.springframework.context.annotation.internalCommonAnnotationProcessor,org.springframework.context.annotation.internalPersistenceAnnotationProcessor,org.springframework.context.event.internalEventListenerProcessor,org.springframework.context.event.internalEventListenerFactory,rootConfiguration,webMvcConfiguration,dataConfiguration,loginAuditingListener,securityConfig,defaultController,adminController,adminUserController,hospitalController,ICDCodesController,APIAppointmentRequestController,APIDiagnosisController,APIDrugController,APIEnumController,APIHospitalController,APIICDCodeController,APILogEntryController,APIOfficeVisitController,APIPasswordController,APIPatientController,APIPersonnelController,APIPrescriptionController,APIUserController,appointmentControllerHCP,HCPController,officeVisitController,appointmentController,diagnosesController,patientController,passwordController,userController,dataSource,org.springframework.security.config.annotation.configuration.ObjectPostProcessorConfiguration,objectPostProcessor,org.springframework.security.config.annotation.authentication.configuration.AuthenticationConfiguration,authenticationManagerBuilder,enableGlobalAuthenticationAutowiredConfigurer,initializeUserDetailsBeanManagerConfigurer,initializeAuthenticationProviderBeanManagerConfigurer,org.springframework.security.config.annotation.web.configuration.WebSecurityConfiguration,delegatingApplicationListener,webSecurityExpressionHandler,springSecurityFilterChain,privilegeEvaluator,autowiredWebSecurityConfigurersIgnoreParents,org.springframework.security.config.annotation.web.configuration.WebMvcSecurityConfiguration,requestDataValueProcessor,passwordEncoder,defaultAuthenticationEventPublisher,failureHandler,ipBlockFilter,org.springframework.web.servlet.config.annotation.DelegatingWebMvcConfiguration,mvcConversionService,requestMappingHandlerMapping,mvcPathMatcher,mvcUrlPathHelper,mvcContentNegotiationManager,viewControllerHandlerMapping,beanNameHandlerMapping,resourceHandlerMapping,mvcResourceUrlProvider,defaultServletHandlerMapping,requestMappingHandlerAdapter,mvcValidator,mvcUriComponentsContributor,httpRequestHandlerAdapter,simpleControllerHandlerAdapter,handlerExceptionResolver,mvcViewResolver,org.springframework.security.config.annotation.method.configuration.GlobalMethodSecurityConfiguration,methodSecurityInterceptor,methodSecurityMetadataSource,preInvocationAuthorizationAdvice,viewResolver,templateEngine,domainClassConverter,metaDataSourceAdvisor,org.springframework.aop.config.internalAutoProxyCreator]; root of factory hierarchy
21:59:39.309 [main] DEBUG o.s.b.f.s.DisposableBeanAdapter - Invoking destroy() on bean with name &apos;ipBlockFilter&apos;
21:59:39.309 [main] DEBUG o.s.b.f.s.DefaultListableBeanFactory - Retrieved dependent beans for bean &apos;objectPostProcessor&apos;: [org.springframework.security.config.annotation.method.configuration.GlobalMethodSecurityConfiguration, securityConfig, org.springframework.security.config.annotation.authentication.configuration.AuthenticationConfiguration, authenticationManagerBuilder, org.springframework.security.config.annotation.web.configuration.WebSecurityConfiguration]
21:59:39.309 [main] DEBUG o.s.b.f.s.DisposableBeanAdapter - Invoking destroy() on bean with name &apos;objectPostProcessor&apos;
21:59:39.310 [main] ERROR o.s.test.context.TestContextManager - Caught exception while allowing TestExecutionListener [org.springframework.test.context.web.ServletTestExecutionListener@6c2550a0] to prepare test instance [edu.ncsu.csc.itrust2.apitest.APIAppointmentRequestTest@14734fe2]
java.lang.IllegalStateException: Failed to load ApplicationContext
	at org.springframework.test.context.cache.DefaultCacheAwareContextLoaderDelegate.loadContext(DefaultCacheAwareContextLoaderDelegate.java:124) ~[spring-test-4.3.5.RELEASE.jar:4.3.5.RELEASE]
	at org.springframework.test.context.support.DefaultTestContext.getApplicationContext(DefaultTestContext.java:83) ~[spring-test-4.3.5.RELEASE.jar:4.3.5.RELEASE]
	at org.springframework.test.context.web.ServletTestExecutionListener.setUpRequestContextIfNecessary(ServletTestExecutionListener.java:189) ~[spring-test-4.3.5.RELEASE.jar:4.3.5.RELEASE]
	at org.springframework.test.context.web.ServletTestExecutionListener.prepareTestInstance(ServletTestExecutionListener.java:131) ~[spring-test-4.3.5.RELEASE.jar:4.3.5.RELEASE]
	at org.springframework.test.context.TestContextManager.prepareTestInstance(TestContextManager.java:230) ~[spring-test-4.3.5.RELEASE.jar:4.3.5.RELEASE]
	at org.springframework.test.context.junit4.SpringJUnit4ClassRunner.createTest(SpringJUnit4ClassRunner.java:228) [spring-test-4.3.5.RELEASE.jar:4.3.5.RELEASE]
	at org.springframework.test.context.junit4.SpringJUnit4ClassRunner$1.runReflectiveCall(SpringJUnit4ClassRunner.java:287) [spring-test-4.3.5.RELEASE.jar:4.3.5.RELEASE]
	at org.junit.internal.runners.model.ReflectiveCallable.run(ReflectiveCallable.java:12) [junit-4.12.jar:4.12]
	at org.springframework.test.context.junit4.SpringJUnit4ClassRunner.methodBlock(SpringJUnit4ClassRunner.java:289) [spring-test-4.3.5.RELEASE.jar:4.3.5.RELEASE]
	at org.springframework.test.context.junit4.SpringJUnit4ClassRunner.runChild(SpringJUnit4ClassRunner.java:247) [spring-test-4.3.5.RELEASE.jar:4.3.5.RELEASE]
	at org.springframework.test.context.junit4.SpringJUnit4ClassRunner.runChild(SpringJUnit4ClassRunner.java:94) [spring-test-4.3.5.RELEASE.jar:4.3.5.RELEASE]
	at org.junit.runners.ParentRunner$3.run(ParentRunner.java:290) [junit-4.12.jar:4.12]
	at org.junit.runners.ParentRunner$1.schedule(ParentRunner.java:71) [junit-4.12.jar:4.12]
	at org.junit.runners.ParentRunner.runChildren(ParentRunner.java:288) [junit-4.12.jar:4.12]
	at org.junit.runners.ParentRunner.access$000(ParentRunner.java:58) [junit-4.12.jar:4.12]
	at org.junit.runners.ParentRunner$2.evaluate(ParentRunner.java:268) [junit-4.12.jar:4.12]
	at org.springframework.test.context.junit4.statements.RunBeforeTestClassCallbacks.evaluate(RunBeforeTestClassCallbacks.java:61) [spring-test-4.3.5.RELEASE.jar:4.3.5.RELEASE]
	at org.springframework.test.context.junit4.statements.RunAfterTestClassCallbacks.evaluate(RunAfterTestClassCallbacks.java:70) [spring-test-4.3.5.RELEASE.jar:4.3.5.RELEASE]
	at org.junit.runners.ParentRunner.run(ParentRunner.java:363) [junit-4.12.jar:4.12]
	at org.springframework.test.context.junit4.SpringJUnit4ClassRunner.run(SpringJUnit4ClassRunner.java:191) [spring-test-4.3.5.RELEASE.jar:4.3.5.RELEASE]
	at org.apache.maven.surefire.junit4.JUnit4Provider.execute(JUnit4Provider.java:365) [surefire-junit4-2.20.jar:2.20]
	at org.apache.maven.surefire.junit4.JUnit4Provider.executeWithRerun(JUnit4Provider.java:272) [surefire-junit4-2.20.jar:2.20]
	at org.apache.maven.surefire.junit4.JUnit4Provider.executeTestSet(JUnit4Provider.java:236) [surefire-junit4-2.20.jar:2.20]
	at org.apache.maven.surefire.junit4.JUnit4Provider.invoke(JUnit4Provider.java:159) [surefire-junit4-2.20.jar:2.20]
	at org.apache.maven.surefire.booter.ForkedBooter.invokeProviderInSameClassLoader(ForkedBooter.java:386) [surefire-booter-2.20.jar:2.20]
	at org.apache.maven.surefire.booter.ForkedBooter.runSuitesInProcess(ForkedBooter.java:323) [surefire-booter-2.20.jar:2.20]
	at org.apache.maven.surefire.booter.ForkedBooter.main(ForkedBooter.java:143) [surefire-booter-2.20.jar:2.20]
Caused by: org.springframework.beans.factory.BeanCreationException: Error creating bean with name &apos;springSecurityFilterChain&apos; defined in class path resource [org/springframework/security/config/annotation/web/configuration/WebSecurityConfiguration.class]: Bean instantiation via factory method failed; nested exception is org.springframework.beans.BeanInstantiationException: Failed to instantiate [javax.servlet.Filter]: Factory method &apos;springSecurityFilterChain&apos; threw exception; nested exception is java.lang.IllegalArgumentException: &apos;Savings Account?error&apos; is not a valid redirect URL
	at org.springframework.beans.factory.support.ConstructorResolver.instantiateUsingFactoryMethod(ConstructorResolver.java:599) ~[spring-beans-4.3.5.RELEASE.jar:4.3.5.RELEASE]
	at org.springframework.beans.factory.support.AbstractAutowireCapableBeanFactory.instantiateUsingFactoryMethod(AbstractAutowireCapableBeanFactory.java:1134) ~[spring-beans-4.3.5.RELEASE.jar:4.3.5.RELEASE]
	at org.springframework.beans.factory.support.AbstractAutowireCapableBeanFactory.createBeanInstance(AbstractAutowireCapableBeanFactory.java:1028) ~[spring-beans-4.3.5.RELEASE.jar:4.3.5.RELEASE]
	at org.springframework.beans.factory.support.AbstractAutowireCapableBeanFactory.doCreateBean(AbstractAutowireCapableBeanFactory.java:513) ~[spring-beans-4.3.5.RELEASE.jar:4.3.5.RELEASE]
	at org.springframework.beans.factory.support.AbstractAutowireCapableBeanFactory.createBean(AbstractAutowireCapableBeanFactory.java:483) ~[spring-beans-4.3.5.RELEASE.jar:4.3.5.RELEASE]
	at org.springframework.beans.factory.support.AbstractBeanFactory$1.getObject(AbstractBeanFactory.java:306) ~[spring-beans-4.3.5.RELEASE.jar:4.3.5.RELEASE]
	at org.springframework.beans.factory.support.DefaultSingletonBeanRegistry.getSingleton(DefaultSingletonBeanRegistry.java:230) ~[spring-beans-4.3.5.RELEASE.jar:4.3.5.RELEASE]
	at org.springframework.beans.factory.support.AbstractBeanFactory.doGetBean(AbstractBeanFactory.java:302) ~[spring-beans-4.3.5.RELEASE.jar:4.3.5.RELEASE]
	at org.springframework.beans.factory.support.AbstractBeanFactory.getBean(AbstractBeanFactory.java:197) ~[spring-beans-4.3.5.RELEASE.jar:4.3.5.RELEASE]
	at org.springframework.beans.factory.support.AbstractBeanFactory.doGetBean(AbstractBeanFactory.java:296) ~[spring-beans-4.3.5.RELEASE.jar:4.3.5.RELEASE]
	at org.springframework.beans.factory.support.AbstractBeanFactory.getBean(AbstractBeanFactory.java:197) ~[spring-beans-4.3.5.RELEASE.jar:4.3.5.RELEASE]
	at org.springframework.beans.factory.support.DefaultListableBeanFactory.preInstantiateSingletons(DefaultListableBeanFactory.java:759) ~[spring-beans-4.3.5.RELEASE.jar:4.3.5.RELEASE]
	at org.springframework.context.support.AbstractApplicationContext.finishBeanFactoryInitialization(AbstractApplicationContext.java:866) ~[spring-context-4.3.5.RELEASE.jar:4.3.5.RELEASE]
	at org.springframework.context.support.AbstractApplicationContext.refresh(AbstractApplicationContext.java:542) ~[spring-context-4.3.5.RELEASE.jar:4.3.5.RELEASE]
	at org.springframework.test.context.web.AbstractGenericWebContextLoader.loadContext(AbstractGenericWebContextLoader.java:134) ~[spring-test-4.3.5.RELEASE.jar:4.3.5.RELEASE]
	at org.springframework.test.context.web.AbstractGenericWebContextLoader.loadContext(AbstractGenericWebContextLoader.java:61) ~[spring-test-4.3.5.RELEASE.jar:4.3.5.RELEASE]
	at org.springframework.test.context.support.AbstractDelegatingSmartContextLoader.delegateLoading(AbstractDelegatingSmartContextLoader.java:108) ~[spring-test-4.3.5.RELEASE.jar:4.3.5.RELEASE]
	at org.springframework.test.context.support.AbstractDelegatingSmartContextLoader.loadContext(AbstractDelegatingSmartContextLoader.java:251) ~[spring-test-4.3.5.RELEASE.jar:4.3.5.RELEASE]
	at org.springframework.test.context.cache.DefaultCacheAwareContextLoaderDelegate.loadContextInternal(DefaultCacheAwareContextLoaderDelegate.java:98) ~[spring-test-4.3.5.RELEASE.jar:4.3.5.RELEASE]
	at org.springframework.test.context.cache.DefaultCacheAwareContextLoaderDelegate.loadContext(DefaultCacheAwareContextLoaderDelegate.java:116) ~[spring-test-4.3.5.RELEASE.jar:4.3.5.RELEASE]
	... 26 common frames omitted
Caused by: org.springframework.beans.BeanInstantiationException: Failed to instantiate [javax.servlet.Filter]: Factory method &apos;springSecurityFilterChain&apos; threw exception; nested exception is java.lang.IllegalArgumentException: &apos;Savings Account?error&apos; is not a valid redirect URL
	at org.springframework.beans.factory.support.SimpleInstantiationStrategy.instantiate(SimpleInstantiationStrategy.java:189) ~[spring-beans-4.3.5.RELEASE.jar:4.3.5.RELEASE]
	at org.springframework.beans.factory.support.ConstructorResolver.instantiateUsingFactoryMethod(ConstructorResolver.java:588) ~[spring-beans-4.3.5.RELEASE.jar:4.3.5.RELEASE]
	... 45 common frames omitted
Caused by: java.lang.IllegalArgumentException: &apos;Savings Account?error&apos; is not a valid redirect URL
	at org.springframework.util.Assert.isTrue(Assert.java:68) ~[spring-core-4.3.5.RELEASE.jar:4.3.5.RELEASE]
	at org.springframework.security.web.authentication.SimpleUrlAuthenticationFailureHandler.setDefaultFailureUrl(SimpleUrlAuthenticationFailureHandler.java:125) ~[spring-security-web-4.2.2.RELEASE.jar:4.2.2.RELEASE]
	at org.springframework.security.web.authentication.SimpleUrlAuthenticationFailureHandler.&lt;init&gt;(SimpleUrlAuthenticationFailureHandler.java:60) ~[spring-security-web-4.2.2.RELEASE.jar:4.2.2.RELEASE]
	at org.springframework.security.config.annotation.web.configurers.AbstractAuthenticationFilterConfigurer.failureUrl(AbstractAuthenticationFilterConfigurer.java:206) ~[spring-security-config-4.2.2.RELEASE.jar:4.2.2.RELEASE]
	at org.springframework.security.config.annotation.web.configurers.AbstractAuthenticationFilterConfigurer.updateAuthenticationDefaults(AbstractAuthenticationFilterConfigurer.java:368) ~[spring-security-config-4.2.2.RELEASE.jar:4.2.2.RELEASE]
	at org.springframework.security.config.annotation.web.configurers.AbstractAuthenticationFilterConfigurer.loginPage(AbstractAuthenticationFilterConfigurer.java:308) ~[spring-security-config-4.2.2.RELEASE.jar:4.2.2.RELEASE]
	at org.springframework.security.config.annotation.web.configurers.FormLoginConfigurer.loginPage(FormLoginConfigurer.java:183) ~[spring-security-config-4.2.2.RELEASE.jar:4.2.2.RELEASE]
	at edu.ncsu.csc.itrust2.config.SecurityConfig.configure(SecurityConfig.java:89) ~[classes/:na]
	at org.springframework.security.config.annotation.web.configuration.WebSecurityConfigurerAdapter.getHttp(WebSecurityConfigurerAdapter.java:224) ~[spring-security-config-4.2.2.RELEASE.jar:4.2.2.RELEASE]
	at org.springframework.security.config.annotation.web.configuration.WebSecurityConfigurerAdapter.init(WebSecurityConfigurerAdapter.java:315) ~[spring-security-config-4.2.2.RELEASE.jar:4.2.2.RELEASE]
	at org.springframework.security.config.annotation.web.configuration.WebSecurityConfigurerAdapter.init(WebSecurityConfigurerAdapter.java:86) ~[spring-security-config-4.2.2.RELEASE.jar:4.2.2.RELEASE]
	at edu.ncsu.csc.itrust2.config.SecurityConfig$$EnhancerBySpringCGLIB$$f88fd361.init(&lt;generated&gt;) ~[classes/:na]
	at org.springframework.security.config.annotation.AbstractConfiguredSecurityBuilder.init(AbstractConfiguredSecurityBuilder.java:371) ~[spring-security-config-4.2.2.RELEASE.jar:4.2.2.RELEASE]
	at org.springframework.security.config.annotation.AbstractConfiguredSecurityBuilder.doBuild(AbstractConfiguredSecurityBuilder.java:325) ~[spring-security-config-4.2.2.RELEASE.jar:4.2.2.RELEASE]
	at org.springframework.security.config.annotation.AbstractSecurityBuilder.build(AbstractSecurityBuilder.java:41) ~[spring-security-config-4.2.2.RELEASE.jar:4.2.2.RELEASE]
	at org.springframework.security.config.annotation.web.configuration.WebSecurityConfiguration.springSecurityFilterChain(WebSecurityConfiguration.java:104) ~[spring-security-config-4.2.2.RELEASE.jar:4.2.2.RELEASE]
	at org.springframework.security.config.annotation.web.configuration.WebSecurityConfiguration$$EnhancerBySpringCGLIB$$150881e6.CGLIB$springSecurityFilterChain$4(&lt;generated&gt;) ~[spring-security-config-4.2.2.RELEASE.jar:4.2.2.RELEASE]
	at org.springframework.security.config.annotation.web.configuration.WebSecurityConfiguration$$EnhancerBySpringCGLIB$$150881e6$$FastClassBySpringCGLIB$$f9839e81.invoke(&lt;generated&gt;) ~[spring-security-config-4.2.2.RELEASE.jar:4.2.2.RELEASE]
	at org.springframework.cglib.proxy.MethodProxy.invokeSuper(MethodProxy.java:228) ~[spring-core-4.3.5.RELEASE.jar:4.3.5.RELEASE]
	at org.springframework.context.annotation.ConfigurationClassEnhancer$BeanMethodInterceptor.intercept(ConfigurationClassEnhancer.java:356) ~[spring-context-4.3.5.RELEASE.jar:4.3.5.RELEASE]
	at org.springframework.security.config.annotation.web.configuration.WebSecurityConfiguration$$EnhancerBySpringCGLIB$$150881e6.springSecurityFilterChain(&lt;generated&gt;) ~[spring-security-config-4.2.2.RELEASE.jar:4.2.2.RELEASE]
	at sun.reflect.NativeMethodAccessorImpl.invoke0(Native Method) ~[na:1.8.0_151]
	at sun.reflect.NativeMethodAccessorImpl.invoke(NativeMethodAccessorImpl.java:62) ~[na:1.8.0_151]
	at sun.reflect.DelegatingMethodAccessorImpl.invoke(DelegatingMethodAccessorImpl.java:43) ~[na:1.8.0_151]
	at java.lang.reflect.Method.invoke(Method.java:498) ~[na:1.8.0_151]
	at org.springframework.beans.factory.support.SimpleInstantiationStrategy.instantiate(SimpleInstantiationStrategy.java:162) ~[spring-beans-4.3.5.RELEASE.jar:4.3.5.RELEASE]
	... 46 common frames omitted
</stdout>
          <failedSince>69</failedSince>
        </case>
      </cases>
    </suite>
    <suite>
      <file>/var/lib/jenkins/jobs/iTrust_Fuzzer/workspace/iTrust2/target/surefire-reports/TEST-edu.ncsu.csc.itrust2.apitest.APIDiagnosisTest.xml</file>
      <name>edu.ncsu.csc.itrust2.apitest.APIDiagnosisTest</name>
      <duration>0.004</duration>
      <time>0.004</time>
      <enclosingBlocks/>
      <enclosingBlockNames/>
      <cases>
        <case>
          <duration>0.0</duration>
          <className>edu.ncsu.csc.itrust2.apitest.APIDiagnosisTest</className>
          <testName>testDiagnoses</testName>
          <skipped>false</skipped>
          <errorStackTrace>java.lang.IllegalStateException: Failed to load ApplicationContext
Caused by: org.springframework.beans.factory.BeanCreationException: Error creating bean with name &apos;springSecurityFilterChain&apos; defined in class path resource [org/springframework/security/config/annotation/web/configuration/WebSecurityConfiguration.class]: Bean instantiation via factory method failed; nested exception is org.springframework.beans.BeanInstantiationException: Failed to instantiate [javax.servlet.Filter]: Factory method &apos;springSecurityFilterChain&apos; threw exception; nested exception is java.lang.IllegalArgumentException: &apos;Savings Account?error&apos; is not a valid redirect URL
Caused by: org.springframework.beans.BeanInstantiationException: Failed to instantiate [javax.servlet.Filter]: Factory method &apos;springSecurityFilterChain&apos; threw exception; nested exception is java.lang.IllegalArgumentException: &apos;Savings Account?error&apos; is not a valid redirect URL
Caused by: java.lang.IllegalArgumentException: &apos;Savings Account?error&apos; is not a valid redirect URL
</errorStackTrace>
          <errorDetails>Failed to load ApplicationContext</errorDetails>
          <stdout>21:59:41.931 [main] DEBUG o.s.t.c.j.SpringJUnit4ClassRunner - SpringJUnit4ClassRunner constructor called with [class edu.ncsu.csc.itrust2.apitest.APIDiagnosisTest]
21:59:41.931 [main] DEBUG o.s.test.context.BootstrapUtils - Instantiating CacheAwareContextLoaderDelegate from class [org.springframework.test.context.cache.DefaultCacheAwareContextLoaderDelegate]
21:59:41.932 [main] DEBUG o.s.test.context.BootstrapUtils - Instantiating BootstrapContext using constructor [public org.springframework.test.context.support.DefaultBootstrapContext(java.lang.Class,org.springframework.test.context.CacheAwareContextLoaderDelegate)]
21:59:41.932 [main] DEBUG o.s.test.context.BootstrapUtils - Instantiating TestContextBootstrapper for test class [edu.ncsu.csc.itrust2.apitest.APIDiagnosisTest] from class [org.springframework.test.context.web.WebTestContextBootstrapper]
21:59:41.933 [main] DEBUG o.s.t.c.s.AbstractDelegatingSmartContextLoader - Delegating to AnnotationConfigWebContextLoader to process context configuration [ContextConfigurationAttributes@7320d408 declaringClass = &apos;edu.ncsu.csc.itrust2.apitest.APIDiagnosisTest&apos;, classes = &apos;{class edu.ncsu.csc.itrust2.config.RootConfiguration, class edu.ncsu.csc.itrust2.mvc.config.WebMvcConfiguration}&apos;, locations = &apos;{}&apos;, inheritLocations = true, initializers = &apos;{}&apos;, inheritInitializers = true, name = [null], contextLoaderClass = &apos;org.springframework.test.context.ContextLoader&apos;].
21:59:41.934 [main] DEBUG o.s.t.c.support.ActiveProfilesUtils - Could not find an &apos;annotation declaring class&apos; for annotation type [org.springframework.test.context.ActiveProfiles] and class [edu.ncsu.csc.itrust2.apitest.APIDiagnosisTest]
21:59:41.934 [main] DEBUG o.s.t.c.w.WebTestContextBootstrapper - @TestExecutionListeners is not present for class [edu.ncsu.csc.itrust2.apitest.APIDiagnosisTest]: using defaults.
21:59:41.935 [main] INFO  o.s.t.c.w.WebTestContextBootstrapper - Loaded default TestExecutionListener class names from location [META-INF/spring.factories]: [org.springframework.security.test.context.support.WithSecurityContextTestExecutionListener, org.springframework.test.context.web.ServletTestExecutionListener, org.springframework.test.context.support.DirtiesContextBeforeModesTestExecutionListener, org.springframework.test.context.support.DependencyInjectionTestExecutionListener, org.springframework.test.context.support.DirtiesContextTestExecutionListener, org.springframework.test.context.transaction.TransactionalTestExecutionListener, org.springframework.test.context.jdbc.SqlScriptsTestExecutionListener]
21:59:41.935 [main] INFO  o.s.t.c.w.WebTestContextBootstrapper - Using TestExecutionListeners: [org.springframework.test.context.web.ServletTestExecutionListener@45455605, org.springframework.test.context.support.DirtiesContextBeforeModesTestExecutionListener@70dbd4d5, org.springframework.test.context.support.DependencyInjectionTestExecutionListener@73ca3e82, org.springframework.test.context.support.DirtiesContextTestExecutionListener@2ff73aef, org.springframework.test.context.transaction.TransactionalTestExecutionListener@406da46a, org.springframework.test.context.jdbc.SqlScriptsTestExecutionListener@6ebebdce, org.springframework.security.test.context.support.WithSecurityContextTestExecutionListener@4ca2a0b5]
21:59:41.935 [main] DEBUG o.s.t.annotation.ProfileValueUtils - Retrieved @ProfileValueSourceConfiguration [null] for test class [edu.ncsu.csc.itrust2.apitest.APIDiagnosisTest]
21:59:41.935 [main] DEBUG o.s.t.annotation.ProfileValueUtils - Retrieved ProfileValueSource type [class org.springframework.test.annotation.SystemProfileValueSource] for class [edu.ncsu.csc.itrust2.apitest.APIDiagnosisTest]
21:59:41.935 [main] DEBUG o.s.t.annotation.ProfileValueUtils - Retrieved @ProfileValueSourceConfiguration [null] for test class [edu.ncsu.csc.itrust2.apitest.APIDiagnosisTest]
21:59:41.935 [main] DEBUG o.s.t.annotation.ProfileValueUtils - Retrieved ProfileValueSource type [class org.springframework.test.annotation.SystemProfileValueSource] for class [edu.ncsu.csc.itrust2.apitest.APIDiagnosisTest]
21:59:41.935 [main] DEBUG o.s.t.annotation.ProfileValueUtils - Retrieved @ProfileValueSourceConfiguration [null] for test class [edu.ncsu.csc.itrust2.apitest.APIDiagnosisTest]
21:59:41.935 [main] DEBUG o.s.t.annotation.ProfileValueUtils - Retrieved ProfileValueSource type [class org.springframework.test.annotation.SystemProfileValueSource] for class [edu.ncsu.csc.itrust2.apitest.APIDiagnosisTest]
21:59:41.935 [main] DEBUG o.s.t.c.s.AbstractDirtiesContextTestExecutionListener - Before test class: context [DefaultTestContext@5a94cb8c testClass = APIDiagnosisTest, testInstance = [null], testMethod = [null], testException = [null], mergedContextConfiguration = [WebMergedContextConfiguration@77777a40 testClass = APIDiagnosisTest, locations = &apos;{}&apos;, classes = &apos;{class edu.ncsu.csc.itrust2.config.RootConfiguration, class edu.ncsu.csc.itrust2.mvc.config.WebMvcConfiguration}&apos;, contextInitializerClasses = &apos;[]&apos;, activeProfiles = &apos;{}&apos;, propertySourceLocations = &apos;{}&apos;, propertySourceProperties = &apos;{}&apos;, contextCustomizers = set[[empty]], resourceBasePath = &apos;src/main/webapp&apos;, contextLoader = &apos;org.springframework.test.context.web.WebDelegatingSmartContextLoader&apos;, parent = [null]]], class annotated with @DirtiesContext [false] with mode [null].
21:59:41.935 [main] DEBUG o.s.t.annotation.ProfileValueUtils - Retrieved @ProfileValueSourceConfiguration [null] for test class [edu.ncsu.csc.itrust2.apitest.APIDiagnosisTest]
21:59:41.935 [main] DEBUG o.s.t.annotation.ProfileValueUtils - Retrieved ProfileValueSource type [class org.springframework.test.annotation.SystemProfileValueSource] for class [edu.ncsu.csc.itrust2.apitest.APIDiagnosisTest]
21:59:41.935 [main] DEBUG o.s.t.c.s.AbstractDelegatingSmartContextLoader - Delegating to AnnotationConfigWebContextLoader to load context from [WebMergedContextConfiguration@77777a40 testClass = APIDiagnosisTest, locations = &apos;{}&apos;, classes = &apos;{class edu.ncsu.csc.itrust2.config.RootConfiguration, class edu.ncsu.csc.itrust2.mvc.config.WebMvcConfiguration}&apos;, contextInitializerClasses = &apos;[]&apos;, activeProfiles = &apos;{}&apos;, propertySourceLocations = &apos;{}&apos;, propertySourceProperties = &apos;{}&apos;, contextCustomizers = set[[empty]], resourceBasePath = &apos;src/main/webapp&apos;, contextLoader = &apos;org.springframework.test.context.web.WebDelegatingSmartContextLoader&apos;, parent = [null]].
21:59:41.935 [main] DEBUG o.s.t.c.w.AbstractGenericWebContextLoader - Loading WebApplicationContext for merged context configuration [WebMergedContextConfiguration@77777a40 testClass = APIDiagnosisTest, locations = &apos;{}&apos;, classes = &apos;{class edu.ncsu.csc.itrust2.config.RootConfiguration, class edu.ncsu.csc.itrust2.mvc.config.WebMvcConfiguration}&apos;, contextInitializerClasses = &apos;[]&apos;, activeProfiles = &apos;{}&apos;, propertySourceLocations = &apos;{}&apos;, propertySourceProperties = &apos;{}&apos;, contextCustomizers = set[[empty]], resourceBasePath = &apos;src/main/webapp&apos;, contextLoader = &apos;org.springframework.test.context.web.WebDelegatingSmartContextLoader&apos;, parent = [null]].
21:59:41.935 [main] DEBUG o.s.w.c.s.StandardServletEnvironment - Adding [servletConfigInitParams] PropertySource with lowest search precedence
21:59:41.935 [main] DEBUG o.s.w.c.s.StandardServletEnvironment - Adding [servletContextInitParams] PropertySource with lowest search precedence
21:59:41.935 [main] DEBUG o.s.w.c.s.StandardServletEnvironment - Adding [systemProperties] PropertySource with lowest search precedence
21:59:41.936 [main] DEBUG o.s.w.c.s.StandardServletEnvironment - Adding [systemEnvironment] PropertySource with lowest search precedence
21:59:41.936 [main] DEBUG o.s.w.c.s.StandardServletEnvironment - Initialized StandardServletEnvironment with PropertySources [servletConfigInitParams,servletContextInitParams,systemProperties,systemEnvironment]
21:59:41.936 [main] DEBUG o.s.t.c.w.AnnotationConfigWebContextLoader - Registering annotated classes: {class edu.ncsu.csc.itrust2.config.RootConfiguration, class edu.ncsu.csc.itrust2.mvc.config.WebMvcConfiguration}
21:59:41.936 [main] INFO  o.s.w.c.s.GenericWebApplicationContext - Refreshing org.springframework.web.context.support.GenericWebApplicationContext@6cbcf9ad: startup date [Thu Mar 22 21:59:41 UTC 2018]; root of context hierarchy
21:59:41.936 [main] DEBUG o.s.w.c.s.StandardServletEnvironment - Replacing [servletContextInitParams] PropertySource with [servletContextInitParams]
21:59:41.936 [main] DEBUG o.s.w.c.s.GenericWebApplicationContext - Bean factory for org.springframework.web.context.support.GenericWebApplicationContext@6cbcf9ad: org.springframework.beans.factory.support.DefaultListableBeanFactory@35425b87: defining beans [org.springframework.context.annotation.internalConfigurationAnnotationProcessor,org.springframework.context.annotation.internalAutowiredAnnotationProcessor,org.springframework.context.annotation.internalRequiredAnnotationProcessor,org.springframework.context.annotation.internalCommonAnnotationProcessor,org.springframework.context.annotation.internalPersistenceAnnotationProcessor,org.springframework.context.event.internalEventListenerProcessor,org.springframework.context.event.internalEventListenerFactory,rootConfiguration,webMvcConfiguration]; root of factory hierarchy
21:59:41.937 [main] DEBUG o.s.b.f.s.DefaultListableBeanFactory - Registering scope &apos;request&apos; with implementation [org.springframework.web.context.request.RequestScope@59ff81c]
21:59:41.937 [main] DEBUG o.s.b.f.s.DefaultListableBeanFactory - Registering scope &apos;session&apos; with implementation [org.springframework.web.context.request.SessionScope@e650893]
21:59:41.937 [main] DEBUG o.s.b.f.s.DefaultListableBeanFactory - Registering scope &apos;globalSession&apos; with implementation [org.springframework.web.context.request.SessionScope@29dcf4bb]
21:59:41.937 [main] DEBUG o.s.b.f.s.DefaultListableBeanFactory - Registering scope &apos;application&apos; with implementation [org.springframework.web.context.support.ServletContextScope@512209f6]
21:59:41.937 [main] DEBUG o.s.b.f.s.DefaultListableBeanFactory - Creating shared instance of singleton bean &apos;org.springframework.context.annotation.internalConfigurationAnnotationProcessor&apos;
21:59:41.937 [main] DEBUG o.s.b.f.s.DefaultListableBeanFactory - Creating instance of bean &apos;org.springframework.context.annotation.internalConfigurationAnnotationProcessor&apos;
21:59:41.937 [main] DEBUG o.s.b.f.s.DefaultListableBeanFactory - Eagerly caching bean &apos;org.springframework.context.annotation.internalConfigurationAnnotationProcessor&apos; to allow for resolving potential circular references
21:59:41.937 [main] DEBUG o.s.b.f.s.DefaultListableBeanFactory - Finished creating instance of bean &apos;org.springframework.context.annotation.internalConfigurationAnnotationProcessor&apos;
21:59:41.937 [main] DEBUG o.s.core.env.StandardEnvironment - Adding [systemProperties] PropertySource with lowest search precedence
21:59:41.937 [main] DEBUG o.s.core.env.StandardEnvironment - Adding [systemEnvironment] PropertySource with lowest search precedence
21:59:41.937 [main] DEBUG o.s.core.env.StandardEnvironment - Initialized StandardEnvironment with PropertySources [systemProperties,systemEnvironment]
21:59:41.938 [main] DEBUG o.s.c.i.s.PathMatchingResourcePatternResolver - Resolved classpath location [edu/ncsu/csc/itrust2/config/] to resources [URL [file:/var/lib/jenkins/jobs/iTrust_Fuzzer/workspace/iTrust2/target/classes/edu/ncsu/csc/itrust2/config/]]
21:59:41.938 [main] DEBUG o.s.c.i.s.PathMatchingResourcePatternResolver - Looking for matching resources in directory tree [/var/lib/jenkins/jobs/iTrust_Fuzzer/workspace/iTrust2/target/classes/edu/ncsu/csc/itrust2/config]
21:59:41.938 [main] DEBUG o.s.c.i.s.PathMatchingResourcePatternResolver - Searching directory [/var/lib/jenkins/jobs/iTrust_Fuzzer/workspace/iTrust2/target/classes/edu/ncsu/csc/itrust2/config] for files matching pattern [/var/lib/jenkins/jobs/iTrust_Fuzzer/workspace/iTrust2/target/classes/edu/ncsu/csc/itrust2/config/**/*.class]
21:59:41.938 [main] DEBUG o.s.c.i.s.PathMatchingResourcePatternResolver - Resolved location pattern [classpath*:edu/ncsu/csc/itrust2/config/**/*.class] to resources [file [/var/lib/jenkins/jobs/iTrust_Fuzzer/workspace/iTrust2/target/classes/edu/ncsu/csc/itrust2/config/ContextListener.class], file [/var/lib/jenkins/jobs/iTrust_Fuzzer/workspace/iTrust2/target/classes/edu/ncsu/csc/itrust2/config/DataConfiguration.class], file [/var/lib/jenkins/jobs/iTrust_Fuzzer/workspace/iTrust2/target/classes/edu/ncsu/csc/itrust2/config/FailureHandler.class], file [/var/lib/jenkins/jobs/iTrust_Fuzzer/workspace/iTrust2/target/classes/edu/ncsu/csc/itrust2/config/IPFilter.class], file [/var/lib/jenkins/jobs/iTrust_Fuzzer/workspace/iTrust2/target/classes/edu/ncsu/csc/itrust2/config/ITrust2ApplicationInitializer.class], file [/var/lib/jenkins/jobs/iTrust_Fuzzer/workspace/iTrust2/target/classes/edu/ncsu/csc/itrust2/config/ITrust2WebApplicationInitializer.class], file [/var/lib/jenkins/jobs/iTrust_Fuzzer/workspace/iTrust2/target/classes/edu/ncsu/csc/itrust2/config/LoginAuditingListener.class], file [/var/lib/jenkins/jobs/iTrust_Fuzzer/workspace/iTrust2/target/classes/edu/ncsu/csc/itrust2/config/RootConfiguration.class], file [/var/lib/jenkins/jobs/iTrust_Fuzzer/workspace/iTrust2/target/classes/edu/ncsu/csc/itrust2/config/SecurityConfig.class]]
21:59:41.938 [main] DEBUG o.s.c.a.ClassPathBeanDefinitionScanner - Identified candidate component class: file [/var/lib/jenkins/jobs/iTrust_Fuzzer/workspace/iTrust2/target/classes/edu/ncsu/csc/itrust2/config/DataConfiguration.class]
21:59:41.939 [main] DEBUG o.s.c.a.ClassPathBeanDefinitionScanner - Identified candidate component class: file [/var/lib/jenkins/jobs/iTrust_Fuzzer/workspace/iTrust2/target/classes/edu/ncsu/csc/itrust2/config/LoginAuditingListener.class]
21:59:41.939 [main] DEBUG o.s.c.a.ClassPathBeanDefinitionScanner - Identified candidate component class: file [/var/lib/jenkins/jobs/iTrust_Fuzzer/workspace/iTrust2/target/classes/edu/ncsu/csc/itrust2/config/SecurityConfig.class]
21:59:41.946 [main] DEBUG o.s.core.env.StandardEnvironment - Adding [systemProperties] PropertySource with lowest search precedence
21:59:41.946 [main] DEBUG o.s.core.env.StandardEnvironment - Adding [systemEnvironment] PropertySource with lowest search precedence
21:59:41.946 [main] DEBUG o.s.core.env.StandardEnvironment - Initialized StandardEnvironment with PropertySources [systemProperties,systemEnvironment]
21:59:41.946 [main] DEBUG o.s.c.i.s.PathMatchingResourcePatternResolver - Resolved classpath location [edu/ncsu/csc/itrust2/controllers/] to resources [URL [file:/var/lib/jenkins/jobs/iTrust_Fuzzer/workspace/iTrust2/target/classes/edu/ncsu/csc/itrust2/controllers/]]
21:59:41.946 [main] DEBUG o.s.c.i.s.PathMatchingResourcePatternResolver - Looking for matching resources in directory tree [/var/lib/jenkins/jobs/iTrust_Fuzzer/workspace/iTrust2/target/classes/edu/ncsu/csc/itrust2/controllers]
21:59:41.946 [main] DEBUG o.s.c.i.s.PathMatchingResourcePatternResolver - Searching directory [/var/lib/jenkins/jobs/iTrust_Fuzzer/workspace/iTrust2/target/classes/edu/ncsu/csc/itrust2/controllers] for files matching pattern [/var/lib/jenkins/jobs/iTrust_Fuzzer/workspace/iTrust2/target/classes/edu/ncsu/csc/itrust2/controllers/**/*.class]
21:59:41.946 [main] DEBUG o.s.c.i.s.PathMatchingResourcePatternResolver - Searching directory [/var/lib/jenkins/jobs/iTrust_Fuzzer/workspace/iTrust2/target/classes/edu/ncsu/csc/itrust2/controllers/admin] for files matching pattern [/var/lib/jenkins/jobs/iTrust_Fuzzer/workspace/iTrust2/target/classes/edu/ncsu/csc/itrust2/controllers/**/*.class]
21:59:41.947 [main] DEBUG o.s.c.i.s.PathMatchingResourcePatternResolver - Searching directory [/var/lib/jenkins/jobs/iTrust_Fuzzer/workspace/iTrust2/target/classes/edu/ncsu/csc/itrust2/controllers/api] for files matching pattern [/var/lib/jenkins/jobs/iTrust_Fuzzer/workspace/iTrust2/target/classes/edu/ncsu/csc/itrust2/controllers/**/*.class]
21:59:41.947 [main] DEBUG o.s.c.i.s.PathMatchingResourcePatternResolver - Searching directory [/var/lib/jenkins/jobs/iTrust_Fuzzer/workspace/iTrust2/target/classes/edu/ncsu/csc/itrust2/controllers/api/comm] for files matching pattern [/var/lib/jenkins/jobs/iTrust_Fuzzer/workspace/iTrust2/target/classes/edu/ncsu/csc/itrust2/controllers/**/*.class]
21:59:41.947 [main] DEBUG o.s.c.i.s.PathMatchingResourcePatternResolver - Searching directory [/var/lib/jenkins/jobs/iTrust_Fuzzer/workspace/iTrust2/target/classes/edu/ncsu/csc/itrust2/controllers/hcp] for files matching pattern [/var/lib/jenkins/jobs/iTrust_Fuzzer/workspace/iTrust2/target/classes/edu/ncsu/csc/itrust2/controllers/**/*.class]
21:59:41.947 [main] DEBUG o.s.c.i.s.PathMatchingResourcePatternResolver - Searching directory [/var/lib/jenkins/jobs/iTrust_Fuzzer/workspace/iTrust2/target/classes/edu/ncsu/csc/itrust2/controllers/patient] for files matching pattern [/var/lib/jenkins/jobs/iTrust_Fuzzer/workspace/iTrust2/target/classes/edu/ncsu/csc/itrust2/controllers/**/*.class]
21:59:41.947 [main] DEBUG o.s.c.i.s.PathMatchingResourcePatternResolver - Searching directory [/var/lib/jenkins/jobs/iTrust_Fuzzer/workspace/iTrust2/target/classes/edu/ncsu/csc/itrust2/controllers/personnel] for files matching pattern [/var/lib/jenkins/jobs/iTrust_Fuzzer/workspace/iTrust2/target/classes/edu/ncsu/csc/itrust2/controllers/**/*.class]
21:59:41.947 [main] DEBUG o.s.c.i.s.PathMatchingResourcePatternResolver - Resolved location pattern [classpath*:edu/ncsu/csc/itrust2/controllers/**/*.class] to resources [file [/var/lib/jenkins/jobs/iTrust_Fuzzer/workspace/iTrust2/target/classes/edu/ncsu/csc/itrust2/controllers/DefaultController.class], file [/var/lib/jenkins/jobs/iTrust_Fuzzer/workspace/iTrust2/target/classes/edu/ncsu/csc/itrust2/controllers/admin/AdminController.class], file [/var/lib/jenkins/jobs/iTrust_Fuzzer/workspace/iTrust2/target/classes/edu/ncsu/csc/itrust2/controllers/admin/AdminUserController$1.class], file [/var/lib/jenkins/jobs/iTrust_Fuzzer/workspace/iTrust2/target/classes/edu/ncsu/csc/itrust2/controllers/admin/AdminUserController.class], file [/var/lib/jenkins/jobs/iTrust_Fuzzer/workspace/iTrust2/target/classes/edu/ncsu/csc/itrust2/controllers/admin/HospitalController.class], file [/var/lib/jenkins/jobs/iTrust_Fuzzer/workspace/iTrust2/target/classes/edu/ncsu/csc/itrust2/controllers/admin/ICDCodesController.class], file [/var/lib/jenkins/jobs/iTrust_Fuzzer/workspace/iTrust2/target/classes/edu/ncsu/csc/itrust2/controllers/api/APIAppointmentRequestController.class], file [/var/lib/jenkins/jobs/iTrust_Fuzzer/workspace/iTrust2/target/classes/edu/ncsu/csc/itrust2/controllers/api/APIController$JSONResponse.class], file [/var/lib/jenkins/jobs/iTrust_Fuzzer/workspace/iTrust2/target/classes/edu/ncsu/csc/itrust2/controllers/api/APIController.class], file [/var/lib/jenkins/jobs/iTrust_Fuzzer/workspace/iTrust2/target/classes/edu/ncsu/csc/itrust2/controllers/api/APIDiagnosisController.class], file [/var/lib/jenkins/jobs/iTrust_Fuzzer/workspace/iTrust2/target/classes/edu/ncsu/csc/itrust2/controllers/api/APIDrugController.class], file [/var/lib/jenkins/jobs/iTrust_Fuzzer/workspace/iTrust2/target/classes/edu/ncsu/csc/itrust2/controllers/api/APIEnumController.class], file [/var/lib/jenkins/jobs/iTrust_Fuzzer/workspace/iTrust2/target/classes/edu/ncsu/csc/itrust2/controllers/api/APIHospitalController.class], file [/var/lib/jenkins/jobs/iTrust_Fuzzer/workspace/iTrust2/target/classes/edu/ncsu/csc/itrust2/controllers/api/APIICDCodeController.class], file [/var/lib/jenkins/jobs/iTrust_Fuzzer/workspace/iTrust2/target/classes/edu/ncsu/csc/itrust2/controllers/api/APILogEntryController.class], file [/var/lib/jenkins/jobs/iTrust_Fuzzer/workspace/iTrust2/target/classes/edu/ncsu/csc/itrust2/controllers/api/APIOfficeVisitController.class], file [/var/lib/jenkins/jobs/iTrust_Fuzzer/workspace/iTrust2/target/classes/edu/ncsu/csc/itrust2/controllers/api/APIPasswordController.class], file [/var/lib/jenkins/jobs/iTrust_Fuzzer/workspace/iTrust2/target/classes/edu/ncsu/csc/itrust2/controllers/api/APIPatientController.class], file [/var/lib/jenkins/jobs/iTrust_Fuzzer/workspace/iTrust2/target/classes/edu/ncsu/csc/itrust2/controllers/api/APIPersonnelController.class], file [/var/lib/jenkins/jobs/iTrust_Fuzzer/workspace/iTrust2/target/classes/edu/ncsu/csc/itrust2/controllers/api/APIPrescriptionController.class], file [/var/lib/jenkins/jobs/iTrust_Fuzzer/workspace/iTrust2/target/classes/edu/ncsu/csc/itrust2/controllers/api/APIUserController.class], file [/var/lib/jenkins/jobs/iTrust_Fuzzer/workspace/iTrust2/target/classes/edu/ncsu/csc/itrust2/controllers/api/comm/LogEntryRequestBody.class], file [/var/lib/jenkins/jobs/iTrust_Fuzzer/workspace/iTrust2/target/classes/edu/ncsu/csc/itrust2/controllers/api/comm/LogEntryTableRow.class], file [/var/lib/jenkins/jobs/iTrust_Fuzzer/workspace/iTrust2/target/classes/edu/ncsu/csc/itrust2/controllers/hcp/AppointmentControllerHCP.class], file [/var/lib/jenkins/jobs/iTrust_Fuzzer/workspace/iTrust2/target/classes/edu/ncsu/csc/itrust2/controllers/hcp/HCPController.class], file [/var/lib/jenkins/jobs/iTrust_Fuzzer/workspace/iTrust2/target/classes/edu/ncsu/csc/itrust2/controllers/hcp/OfficeVisitController.class], file [/var/lib/jenkins/jobs/iTrust_Fuzzer/workspace/iTrust2/target/classes/edu/ncsu/csc/itrust2/controllers/patient/AppointmentController.class], file [/var/lib/jenkins/jobs/iTrust_Fuzzer/workspace/iTrust2/target/classes/edu/ncsu/csc/itrust2/controllers/patient/DiagnosesController.class], file [/var/lib/jenkins/jobs/iTrust_Fuzzer/workspace/iTrust2/target/classes/edu/ncsu/csc/itrust2/controllers/patient/PatientController.class], file [/var/lib/jenkins/jobs/iTrust_Fuzzer/workspace/iTrust2/target/classes/edu/ncsu/csc/itrust2/controllers/personnel/PasswordController.class], file [/var/lib/jenkins/jobs/iTrust_Fuzzer/workspace/iTrust2/target/classes/edu/ncsu/csc/itrust2/controllers/personnel/UserController.class]]
21:59:41.947 [main] DEBUG o.s.c.a.ClassPathBeanDefinitionScanner - Identified candidate component class: file [/var/lib/jenkins/jobs/iTrust_Fuzzer/workspace/iTrust2/target/classes/edu/ncsu/csc/itrust2/controllers/DefaultController.class]
21:59:41.947 [main] DEBUG o.s.c.a.ClassPathBeanDefinitionScanner - Identified candidate component class: file [/var/lib/jenkins/jobs/iTrust_Fuzzer/workspace/iTrust2/target/classes/edu/ncsu/csc/itrust2/controllers/admin/AdminController.class]
21:59:41.948 [main] DEBUG o.s.c.a.ClassPathBeanDefinitionScanner - Identified candidate component class: file [/var/lib/jenkins/jobs/iTrust_Fuzzer/workspace/iTrust2/target/classes/edu/ncsu/csc/itrust2/controllers/admin/AdminUserController.class]
21:59:41.948 [main] DEBUG o.s.c.a.ClassPathBeanDefinitionScanner - Identified candidate component class: file [/var/lib/jenkins/jobs/iTrust_Fuzzer/workspace/iTrust2/target/classes/edu/ncsu/csc/itrust2/controllers/admin/HospitalController.class]
21:59:41.948 [main] DEBUG o.s.c.a.ClassPathBeanDefinitionScanner - Identified candidate component class: file [/var/lib/jenkins/jobs/iTrust_Fuzzer/workspace/iTrust2/target/classes/edu/ncsu/csc/itrust2/controllers/admin/ICDCodesController.class]
21:59:41.948 [main] DEBUG o.s.c.a.ClassPathBeanDefinitionScanner - Identified candidate component class: file [/var/lib/jenkins/jobs/iTrust_Fuzzer/workspace/iTrust2/target/classes/edu/ncsu/csc/itrust2/controllers/api/APIAppointmentRequestController.class]
21:59:41.949 [main] DEBUG o.s.c.a.ClassPathBeanDefinitionScanner - Identified candidate component class: file [/var/lib/jenkins/jobs/iTrust_Fuzzer/workspace/iTrust2/target/classes/edu/ncsu/csc/itrust2/controllers/api/APIDiagnosisController.class]
21:59:41.949 [main] DEBUG o.s.c.a.ClassPathBeanDefinitionScanner - Identified candidate component class: file [/var/lib/jenkins/jobs/iTrust_Fuzzer/workspace/iTrust2/target/classes/edu/ncsu/csc/itrust2/controllers/api/APIDrugController.class]
21:59:41.949 [main] DEBUG o.s.c.a.ClassPathBeanDefinitionScanner - Identified candidate component class: file [/var/lib/jenkins/jobs/iTrust_Fuzzer/workspace/iTrust2/target/classes/edu/ncsu/csc/itrust2/controllers/api/APIEnumController.class]
21:59:41.949 [main] DEBUG o.s.c.a.ClassPathBeanDefinitionScanner - Identified candidate component class: file [/var/lib/jenkins/jobs/iTrust_Fuzzer/workspace/iTrust2/target/classes/edu/ncsu/csc/itrust2/controllers/api/APIHospitalController.class]
21:59:41.950 [main] DEBUG o.s.c.a.ClassPathBeanDefinitionScanner - Identified candidate component class: file [/var/lib/jenkins/jobs/iTrust_Fuzzer/workspace/iTrust2/target/classes/edu/ncsu/csc/itrust2/controllers/api/APIICDCodeController.class]
21:59:41.950 [main] DEBUG o.s.c.a.ClassPathBeanDefinitionScanner - Identified candidate component class: file [/var/lib/jenkins/jobs/iTrust_Fuzzer/workspace/iTrust2/target/classes/edu/ncsu/csc/itrust2/controllers/api/APILogEntryController.class]
21:59:41.950 [main] DEBUG o.s.c.a.ClassPathBeanDefinitionScanner - Identified candidate component class: file [/var/lib/jenkins/jobs/iTrust_Fuzzer/workspace/iTrust2/target/classes/edu/ncsu/csc/itrust2/controllers/api/APIOfficeVisitController.class]
21:59:41.950 [main] DEBUG o.s.c.a.ClassPathBeanDefinitionScanner - Identified candidate component class: file [/var/lib/jenkins/jobs/iTrust_Fuzzer/workspace/iTrust2/target/classes/edu/ncsu/csc/itrust2/controllers/api/APIPasswordController.class]
21:59:41.951 [main] DEBUG o.s.c.a.ClassPathBeanDefinitionScanner - Identified candidate component class: file [/var/lib/jenkins/jobs/iTrust_Fuzzer/workspace/iTrust2/target/classes/edu/ncsu/csc/itrust2/controllers/api/APIPatientController.class]
21:59:41.951 [main] DEBUG o.s.c.a.ClassPathBeanDefinitionScanner - Identified candidate component class: file [/var/lib/jenkins/jobs/iTrust_Fuzzer/workspace/iTrust2/target/classes/edu/ncsu/csc/itrust2/controllers/api/APIPersonnelController.class]
21:59:41.951 [main] DEBUG o.s.c.a.ClassPathBeanDefinitionScanner - Identified candidate component class: file [/var/lib/jenkins/jobs/iTrust_Fuzzer/workspace/iTrust2/target/classes/edu/ncsu/csc/itrust2/controllers/api/APIPrescriptionController.class]
21:59:41.951 [main] DEBUG o.s.c.a.ClassPathBeanDefinitionScanner - Identified candidate component class: file [/var/lib/jenkins/jobs/iTrust_Fuzzer/workspace/iTrust2/target/classes/edu/ncsu/csc/itrust2/controllers/api/APIUserController.class]
21:59:41.952 [main] DEBUG o.s.c.a.ClassPathBeanDefinitionScanner - Identified candidate component class: file [/var/lib/jenkins/jobs/iTrust_Fuzzer/workspace/iTrust2/target/classes/edu/ncsu/csc/itrust2/controllers/hcp/AppointmentControllerHCP.class]
21:59:41.952 [main] DEBUG o.s.c.a.ClassPathBeanDefinitionScanner - Identified candidate component class: file [/var/lib/jenkins/jobs/iTrust_Fuzzer/workspace/iTrust2/target/classes/edu/ncsu/csc/itrust2/controllers/hcp/HCPController.class]
21:59:41.952 [main] DEBUG o.s.c.a.ClassPathBeanDefinitionScanner - Identified candidate component class: file [/var/lib/jenkins/jobs/iTrust_Fuzzer/workspace/iTrust2/target/classes/edu/ncsu/csc/itrust2/controllers/hcp/OfficeVisitController.class]
21:59:41.952 [main] DEBUG o.s.c.a.ClassPathBeanDefinitionScanner - Identified candidate component class: file [/var/lib/jenkins/jobs/iTrust_Fuzzer/workspace/iTrust2/target/classes/edu/ncsu/csc/itrust2/controllers/patient/AppointmentController.class]
21:59:41.952 [main] DEBUG o.s.c.a.ClassPathBeanDefinitionScanner - Identified candidate component class: file [/var/lib/jenkins/jobs/iTrust_Fuzzer/workspace/iTrust2/target/classes/edu/ncsu/csc/itrust2/controllers/patient/DiagnosesController.class]
21:59:41.953 [main] DEBUG o.s.c.a.ClassPathBeanDefinitionScanner - Identified candidate component class: file [/var/lib/jenkins/jobs/iTrust_Fuzzer/workspace/iTrust2/target/classes/edu/ncsu/csc/itrust2/controllers/patient/PatientController.class]
21:59:41.953 [main] DEBUG o.s.c.a.ClassPathBeanDefinitionScanner - Identified candidate component class: file [/var/lib/jenkins/jobs/iTrust_Fuzzer/workspace/iTrust2/target/classes/edu/ncsu/csc/itrust2/controllers/personnel/PasswordController.class]
21:59:41.953 [main] DEBUG o.s.c.a.ClassPathBeanDefinitionScanner - Identified candidate component class: file [/var/lib/jenkins/jobs/iTrust_Fuzzer/workspace/iTrust2/target/classes/edu/ncsu/csc/itrust2/controllers/personnel/UserController.class]
21:59:41.953 [main] DEBUG o.s.c.i.s.PathMatchingResourcePatternResolver - Resolved classpath location [edu/ncsu/csc/itrust2/config/] to resources [URL [file:/var/lib/jenkins/jobs/iTrust_Fuzzer/workspace/iTrust2/target/classes/edu/ncsu/csc/itrust2/config/]]
21:59:41.953 [main] DEBUG o.s.c.i.s.PathMatchingResourcePatternResolver - Looking for matching resources in directory tree [/var/lib/jenkins/jobs/iTrust_Fuzzer/workspace/iTrust2/target/classes/edu/ncsu/csc/itrust2/config]
21:59:41.953 [main] DEBUG o.s.c.i.s.PathMatchingResourcePatternResolver - Searching directory [/var/lib/jenkins/jobs/iTrust_Fuzzer/workspace/iTrust2/target/classes/edu/ncsu/csc/itrust2/config] for files matching pattern [/var/lib/jenkins/jobs/iTrust_Fuzzer/workspace/iTrust2/target/classes/edu/ncsu/csc/itrust2/config/**/*.class]
21:59:41.953 [main] DEBUG o.s.c.i.s.PathMatchingResourcePatternResolver - Resolved location pattern [classpath*:edu/ncsu/csc/itrust2/config/**/*.class] to resources [file [/var/lib/jenkins/jobs/iTrust_Fuzzer/workspace/iTrust2/target/classes/edu/ncsu/csc/itrust2/config/ContextListener.class], file [/var/lib/jenkins/jobs/iTrust_Fuzzer/workspace/iTrust2/target/classes/edu/ncsu/csc/itrust2/config/DataConfiguration.class], file [/var/lib/jenkins/jobs/iTrust_Fuzzer/workspace/iTrust2/target/classes/edu/ncsu/csc/itrust2/config/FailureHandler.class], file [/var/lib/jenkins/jobs/iTrust_Fuzzer/workspace/iTrust2/target/classes/edu/ncsu/csc/itrust2/config/IPFilter.class], file [/var/lib/jenkins/jobs/iTrust_Fuzzer/workspace/iTrust2/target/classes/edu/ncsu/csc/itrust2/config/ITrust2ApplicationInitializer.class], file [/var/lib/jenkins/jobs/iTrust_Fuzzer/workspace/iTrust2/target/classes/edu/ncsu/csc/itrust2/config/ITrust2WebApplicationInitializer.class], file [/var/lib/jenkins/jobs/iTrust_Fuzzer/workspace/iTrust2/target/classes/edu/ncsu/csc/itrust2/config/LoginAuditingListener.class], file [/var/lib/jenkins/jobs/iTrust_Fuzzer/workspace/iTrust2/target/classes/edu/ncsu/csc/itrust2/config/RootConfiguration.class], file [/var/lib/jenkins/jobs/iTrust_Fuzzer/workspace/iTrust2/target/classes/edu/ncsu/csc/itrust2/config/SecurityConfig.class]]
21:59:41.954 [main] DEBUG o.s.c.a.ClassPathBeanDefinitionScanner - Identified candidate component class: file [/var/lib/jenkins/jobs/iTrust_Fuzzer/workspace/iTrust2/target/classes/edu/ncsu/csc/itrust2/config/DataConfiguration.class]
21:59:41.954 [main] DEBUG o.s.c.a.ClassPathBeanDefinitionScanner - Identified candidate component class: file [/var/lib/jenkins/jobs/iTrust_Fuzzer/workspace/iTrust2/target/classes/edu/ncsu/csc/itrust2/config/LoginAuditingListener.class]
21:59:41.954 [main] DEBUG o.s.c.a.ClassPathBeanDefinitionScanner - Identified candidate component class: file [/var/lib/jenkins/jobs/iTrust_Fuzzer/workspace/iTrust2/target/classes/edu/ncsu/csc/itrust2/config/RootConfiguration.class]
21:59:41.954 [main] DEBUG o.s.c.a.ClassPathBeanDefinitionScanner - Identified candidate component class: file [/var/lib/jenkins/jobs/iTrust_Fuzzer/workspace/iTrust2/target/classes/edu/ncsu/csc/itrust2/config/SecurityConfig.class]
21:59:41.967 [main] DEBUG o.s.c.a.ConfigurationClassBeanDefinitionReader - Registering bean definition for @Bean method edu.ncsu.csc.itrust2.config.DataConfiguration.dataSource()
21:59:41.967 [main] DEBUG o.s.c.a.ConfigurationClassBeanDefinitionReader - Registered bean definition for imported class &apos;org.springframework.security.config.annotation.configuration.ObjectPostProcessorConfiguration&apos;
21:59:41.967 [main] DEBUG o.s.c.a.ConfigurationClassBeanDefinitionReader - Registering bean definition for @Bean method org.springframework.security.config.annotation.configuration.ObjectPostProcessorConfiguration.objectPostProcessor()
21:59:41.967 [main] DEBUG o.s.c.a.ConfigurationClassBeanDefinitionReader - Registered bean definition for imported class &apos;org.springframework.security.config.annotation.authentication.configuration.AuthenticationConfiguration&apos;
21:59:41.967 [main] DEBUG o.s.c.a.ConfigurationClassBeanDefinitionReader - Registering bean definition for @Bean method org.springframework.security.config.annotation.authentication.configuration.AuthenticationConfiguration.authenticationManagerBuilder()
21:59:41.967 [main] DEBUG o.s.c.a.ConfigurationClassBeanDefinitionReader - Registering bean definition for @Bean method org.springframework.security.config.annotation.authentication.configuration.AuthenticationConfiguration.enableGlobalAuthenticationAutowiredConfigurer()
21:59:41.967 [main] DEBUG o.s.c.a.ConfigurationClassBeanDefinitionReader - Registering bean definition for @Bean method org.springframework.security.config.annotation.authentication.configuration.AuthenticationConfiguration.initializeUserDetailsBeanManagerConfigurer()
21:59:41.967 [main] DEBUG o.s.c.a.ConfigurationClassBeanDefinitionReader - Registering bean definition for @Bean method org.springframework.security.config.annotation.authentication.configuration.AuthenticationConfiguration.initializeAuthenticationProviderBeanManagerConfigurer()
21:59:41.967 [main] DEBUG o.s.c.a.ConfigurationClassBeanDefinitionReader - Registered bean definition for imported class &apos;org.springframework.security.config.annotation.web.configuration.WebSecurityConfiguration&apos;
21:59:41.967 [main] DEBUG o.s.c.a.ConfigurationClassBeanDefinitionReader - Registering bean definition for @Bean method org.springframework.security.config.annotation.web.configuration.WebSecurityConfiguration.delegatingApplicationListener()
21:59:41.967 [main] DEBUG o.s.c.a.ConfigurationClassBeanDefinitionReader - Registering bean definition for @Bean method org.springframework.security.config.annotation.web.configuration.WebSecurityConfiguration.webSecurityExpressionHandler()
21:59:41.967 [main] DEBUG o.s.c.a.ConfigurationClassBeanDefinitionReader - Registering bean definition for @Bean method org.springframework.security.config.annotation.web.configuration.WebSecurityConfiguration.springSecurityFilterChain()
21:59:41.967 [main] DEBUG o.s.c.a.ConfigurationClassBeanDefinitionReader - Registering bean definition for @Bean method org.springframework.security.config.annotation.web.configuration.WebSecurityConfiguration.privilegeEvaluator()
21:59:41.967 [main] DEBUG o.s.c.a.ConfigurationClassBeanDefinitionReader - Registering bean definition for @Bean method org.springframework.security.config.annotation.web.configuration.WebSecurityConfiguration.autowiredWebSecurityConfigurersIgnoreParents()
21:59:41.967 [main] DEBUG o.s.c.a.ConfigurationClassBeanDefinitionReader - Registered bean definition for imported class &apos;org.springframework.security.config.annotation.web.configuration.WebMvcSecurityConfiguration&apos;
21:59:41.967 [main] DEBUG o.s.c.a.ConfigurationClassBeanDefinitionReader - Registering bean definition for @Bean method org.springframework.security.config.annotation.web.configuration.WebMvcSecurityConfiguration.requestDataValueProcessor()
21:59:41.967 [main] DEBUG o.s.c.a.ConfigurationClassBeanDefinitionReader - Registering bean definition for @Bean method edu.ncsu.csc.itrust2.config.SecurityConfig.passwordEncoder()
21:59:41.967 [main] DEBUG o.s.c.a.ConfigurationClassBeanDefinitionReader - Registering bean definition for @Bean method edu.ncsu.csc.itrust2.config.SecurityConfig.defaultAuthenticationEventPublisher()
21:59:41.967 [main] DEBUG o.s.c.a.ConfigurationClassBeanDefinitionReader - Registering bean definition for @Bean method edu.ncsu.csc.itrust2.config.SecurityConfig.failureHandler()
21:59:41.967 [main] DEBUG o.s.c.a.ConfigurationClassBeanDefinitionReader - Registering bean definition for @Bean method edu.ncsu.csc.itrust2.config.SecurityConfig.ipBlockFilter()
21:59:41.967 [main] DEBUG o.s.c.a.ConfigurationClassBeanDefinitionReader - Registered bean definition for imported class &apos;org.springframework.web.servlet.config.annotation.DelegatingWebMvcConfiguration&apos;
21:59:41.967 [main] DEBUG o.s.c.a.ConfigurationClassBeanDefinitionReader - Registering bean definition for @Bean method org.springframework.web.servlet.config.annotation.DelegatingWebMvcConfiguration.mvcConversionService()
21:59:41.967 [main] DEBUG o.s.c.a.ConfigurationClassBeanDefinitionReader - Registering bean definition for @Bean method org.springframework.web.servlet.config.annotation.DelegatingWebMvcConfiguration.requestMappingHandlerMapping()
21:59:41.968 [main] DEBUG o.s.c.a.ConfigurationClassBeanDefinitionReader - Registering bean definition for @Bean method org.springframework.web.servlet.config.annotation.DelegatingWebMvcConfiguration.mvcPathMatcher()
21:59:41.968 [main] DEBUG o.s.c.a.ConfigurationClassBeanDefinitionReader - Registering bean definition for @Bean method org.springframework.web.servlet.config.annotation.DelegatingWebMvcConfiguration.mvcUrlPathHelper()
21:59:41.968 [main] DEBUG o.s.c.a.ConfigurationClassBeanDefinitionReader - Registering bean definition for @Bean method org.springframework.web.servlet.config.annotation.DelegatingWebMvcConfiguration.mvcContentNegotiationManager()
21:59:41.968 [main] DEBUG o.s.c.a.ConfigurationClassBeanDefinitionReader - Registering bean definition for @Bean method org.springframework.web.servlet.config.annotation.DelegatingWebMvcConfiguration.viewControllerHandlerMapping()
21:59:41.968 [main] DEBUG o.s.c.a.ConfigurationClassBeanDefinitionReader - Registering bean definition for @Bean method org.springframework.web.servlet.config.annotation.DelegatingWebMvcConfiguration.beanNameHandlerMapping()
21:59:41.968 [main] DEBUG o.s.c.a.ConfigurationClassBeanDefinitionReader - Registering bean definition for @Bean method org.springframework.web.servlet.config.annotation.DelegatingWebMvcConfiguration.resourceHandlerMapping()
21:59:41.968 [main] DEBUG o.s.c.a.ConfigurationClassBeanDefinitionReader - Registering bean definition for @Bean method org.springframework.web.servlet.config.annotation.DelegatingWebMvcConfiguration.mvcResourceUrlProvider()
21:59:41.968 [main] DEBUG o.s.c.a.ConfigurationClassBeanDefinitionReader - Registering bean definition for @Bean method org.springframework.web.servlet.config.annotation.DelegatingWebMvcConfiguration.defaultServletHandlerMapping()
21:59:41.968 [main] DEBUG o.s.c.a.ConfigurationClassBeanDefinitionReader - Registering bean definition for @Bean method org.springframework.web.servlet.config.annotation.DelegatingWebMvcConfiguration.requestMappingHandlerAdapter()
21:59:41.968 [main] DEBUG o.s.c.a.ConfigurationClassBeanDefinitionReader - Registering bean definition for @Bean method org.springframework.web.servlet.config.annotation.DelegatingWebMvcConfiguration.mvcValidator()
21:59:41.968 [main] DEBUG o.s.c.a.ConfigurationClassBeanDefinitionReader - Registering bean definition for @Bean method org.springframework.web.servlet.config.annotation.DelegatingWebMvcConfiguration.mvcUriComponentsContributor()
21:59:41.968 [main] DEBUG o.s.c.a.ConfigurationClassBeanDefinitionReader - Registering bean definition for @Bean method org.springframework.web.servlet.config.annotation.DelegatingWebMvcConfiguration.httpRequestHandlerAdapter()
21:59:41.968 [main] DEBUG o.s.c.a.ConfigurationClassBeanDefinitionReader - Registering bean definition for @Bean method org.springframework.web.servlet.config.annotation.DelegatingWebMvcConfiguration.simpleControllerHandlerAdapter()
21:59:41.968 [main] DEBUG o.s.c.a.ConfigurationClassBeanDefinitionReader - Registering bean definition for @Bean method org.springframework.web.servlet.config.annotation.DelegatingWebMvcConfiguration.handlerExceptionResolver()
21:59:41.968 [main] DEBUG o.s.c.a.ConfigurationClassBeanDefinitionReader - Registering bean definition for @Bean method org.springframework.web.servlet.config.annotation.DelegatingWebMvcConfiguration.mvcViewResolver()
21:59:41.968 [main] DEBUG o.s.c.a.ConfigurationClassBeanDefinitionReader - Registered bean definition for imported class &apos;org.springframework.security.config.annotation.method.configuration.GlobalMethodSecurityConfiguration&apos;
21:59:41.968 [main] DEBUG o.s.c.a.ConfigurationClassBeanDefinitionReader - Registering bean definition for @Bean method org.springframework.security.config.annotation.method.configuration.GlobalMethodSecurityConfiguration.methodSecurityInterceptor()
21:59:41.968 [main] DEBUG o.s.c.a.ConfigurationClassBeanDefinitionReader - Registering bean definition for @Bean method org.springframework.security.config.annotation.method.configuration.GlobalMethodSecurityConfiguration.methodSecurityMetadataSource()
21:59:41.968 [main] DEBUG o.s.c.a.ConfigurationClassBeanDefinitionReader - Registering bean definition for @Bean method org.springframework.security.config.annotation.method.configuration.GlobalMethodSecurityConfiguration.preInvocationAuthorizationAdvice()
21:59:41.969 [main] DEBUG o.s.c.a.ConfigurationClassBeanDefinitionReader - Registering bean definition for @Bean method edu.ncsu.csc.itrust2.mvc.config.WebMvcConfiguration.viewResolver()
21:59:41.969 [main] DEBUG o.s.c.a.ConfigurationClassBeanDefinitionReader - Registering bean definition for @Bean method edu.ncsu.csc.itrust2.mvc.config.WebMvcConfiguration.templateEngine()
21:59:41.969 [main] DEBUG o.s.c.a.ConfigurationClassBeanDefinitionReader - Registering bean definition for @Bean method edu.ncsu.csc.itrust2.mvc.config.WebMvcConfiguration.domainClassConverter()
21:59:41.970 [main] DEBUG o.s.c.a.ConfigurationClassEnhancer - Successfully enhanced edu.ncsu.csc.itrust2.config.RootConfiguration; enhanced class name is: edu.ncsu.csc.itrust2.config.RootConfiguration$$EnhancerBySpringCGLIB$$c1d00685
21:59:41.970 [main] DEBUG o.s.c.a.ConfigurationClassPostProcessor - Replacing bean definition &apos;rootConfiguration&apos; existing class &apos;edu.ncsu.csc.itrust2.config.RootConfiguration&apos; with enhanced class &apos;edu.ncsu.csc.itrust2.config.RootConfiguration$$EnhancerBySpringCGLIB$$c1d00685&apos;
21:59:41.970 [main] DEBUG o.s.c.a.ConfigurationClassEnhancer - Successfully enhanced edu.ncsu.csc.itrust2.mvc.config.WebMvcConfiguration; enhanced class name is: edu.ncsu.csc.itrust2.mvc.config.WebMvcConfiguration$$EnhancerBySpringCGLIB$$de7b09d5
21:59:41.970 [main] DEBUG o.s.c.a.ConfigurationClassPostProcessor - Replacing bean definition &apos;webMvcConfiguration&apos; existing class &apos;edu.ncsu.csc.itrust2.mvc.config.WebMvcConfiguration&apos; with enhanced class &apos;edu.ncsu.csc.itrust2.mvc.config.WebMvcConfiguration$$EnhancerBySpringCGLIB$$de7b09d5&apos;
21:59:41.970 [main] DEBUG o.s.c.a.ConfigurationClassEnhancer - Successfully enhanced edu.ncsu.csc.itrust2.config.DataConfiguration; enhanced class name is: edu.ncsu.csc.itrust2.config.DataConfiguration$$EnhancerBySpringCGLIB$$60f4bbd
21:59:41.970 [main] DEBUG o.s.c.a.ConfigurationClassPostProcessor - Replacing bean definition &apos;dataConfiguration&apos; existing class &apos;edu.ncsu.csc.itrust2.config.DataConfiguration&apos; with enhanced class &apos;edu.ncsu.csc.itrust2.config.DataConfiguration$$EnhancerBySpringCGLIB$$60f4bbd&apos;
21:59:41.970 [main] DEBUG o.s.c.a.ConfigurationClassEnhancer - Successfully enhanced edu.ncsu.csc.itrust2.config.SecurityConfig; enhanced class name is: edu.ncsu.csc.itrust2.config.SecurityConfig$$EnhancerBySpringCGLIB$$f88fd361
21:59:41.970 [main] DEBUG o.s.c.a.ConfigurationClassPostProcessor - Replacing bean definition &apos;securityConfig&apos; existing class &apos;edu.ncsu.csc.itrust2.config.SecurityConfig&apos; with enhanced class &apos;edu.ncsu.csc.itrust2.config.SecurityConfig$$EnhancerBySpringCGLIB$$f88fd361&apos;
21:59:41.970 [main] DEBUG o.s.c.a.ConfigurationClassEnhancer - Successfully enhanced org.springframework.security.config.annotation.configuration.ObjectPostProcessorConfiguration; enhanced class name is: org.springframework.security.config.annotation.configuration.ObjectPostProcessorConfiguration$$EnhancerBySpringCGLIB$$6851d2d
21:59:41.970 [main] DEBUG o.s.c.a.ConfigurationClassPostProcessor - Replacing bean definition &apos;org.springframework.security.config.annotation.configuration.ObjectPostProcessorConfiguration&apos; existing class &apos;org.springframework.security.config.annotation.configuration.ObjectPostProcessorConfiguration&apos; with enhanced class &apos;org.springframework.security.config.annotation.configuration.ObjectPostProcessorConfiguration$$EnhancerBySpringCGLIB$$6851d2d&apos;
21:59:41.970 [main] DEBUG o.s.c.a.ConfigurationClassEnhancer - Successfully enhanced org.springframework.security.config.annotation.authentication.configuration.AuthenticationConfiguration; enhanced class name is: org.springframework.security.config.annotation.authentication.configuration.AuthenticationConfiguration$$EnhancerBySpringCGLIB$$524e27a2
21:59:41.970 [main] DEBUG o.s.c.a.ConfigurationClassPostProcessor - Replacing bean definition &apos;org.springframework.security.config.annotation.authentication.configuration.AuthenticationConfiguration&apos; existing class &apos;org.springframework.security.config.annotation.authentication.configuration.AuthenticationConfiguration&apos; with enhanced class &apos;org.springframework.security.config.annotation.authentication.configuration.AuthenticationConfiguration$$EnhancerBySpringCGLIB$$524e27a2&apos;
21:59:41.970 [main] DEBUG o.s.c.a.ConfigurationClassEnhancer - Successfully enhanced org.springframework.security.config.annotation.authentication.configuration.AuthenticationConfiguration; enhanced class name is: org.springframework.security.config.annotation.authentication.configuration.AuthenticationConfiguration$$EnhancerBySpringCGLIB$$524e27a2
21:59:41.970 [main] DEBUG o.s.c.a.ConfigurationClassPostProcessor - Replacing bean definition &apos;enableGlobalAuthenticationAutowiredConfigurer&apos; existing class &apos;org.springframework.security.config.annotation.authentication.configuration.AuthenticationConfiguration&apos; with enhanced class &apos;org.springframework.security.config.annotation.authentication.configuration.AuthenticationConfiguration$$EnhancerBySpringCGLIB$$524e27a2&apos;
21:59:41.970 [main] DEBUG o.s.c.a.ConfigurationClassEnhancer - Successfully enhanced org.springframework.security.config.annotation.authentication.configuration.AuthenticationConfiguration; enhanced class name is: org.springframework.security.config.annotation.authentication.configuration.AuthenticationConfiguration$$EnhancerBySpringCGLIB$$524e27a2
21:59:41.970 [main] DEBUG o.s.c.a.ConfigurationClassPostProcessor - Replacing bean definition &apos;initializeUserDetailsBeanManagerConfigurer&apos; existing class &apos;org.springframework.security.config.annotation.authentication.configuration.AuthenticationConfiguration&apos; with enhanced class &apos;org.springframework.security.config.annotation.authentication.configuration.AuthenticationConfiguration$$EnhancerBySpringCGLIB$$524e27a2&apos;
21:59:41.970 [main] DEBUG o.s.c.a.ConfigurationClassEnhancer - Successfully enhanced org.springframework.security.config.annotation.authentication.configuration.AuthenticationConfiguration; enhanced class name is: org.springframework.security.config.annotation.authentication.configuration.AuthenticationConfiguration$$EnhancerBySpringCGLIB$$524e27a2
21:59:41.971 [main] DEBUG o.s.c.a.ConfigurationClassPostProcessor - Replacing bean definition &apos;initializeAuthenticationProviderBeanManagerConfigurer&apos; existing class &apos;org.springframework.security.config.annotation.authentication.configuration.AuthenticationConfiguration&apos; with enhanced class &apos;org.springframework.security.config.annotation.authentication.configuration.AuthenticationConfiguration$$EnhancerBySpringCGLIB$$524e27a2&apos;
21:59:41.971 [main] DEBUG o.s.c.a.ConfigurationClassEnhancer - Successfully enhanced org.springframework.security.config.annotation.web.configuration.WebSecurityConfiguration; enhanced class name is: org.springframework.security.config.annotation.web.configuration.WebSecurityConfiguration$$EnhancerBySpringCGLIB$$150881e6
21:59:41.971 [main] DEBUG o.s.c.a.ConfigurationClassPostProcessor - Replacing bean definition &apos;org.springframework.security.config.annotation.web.configuration.WebSecurityConfiguration&apos; existing class &apos;org.springframework.security.config.annotation.web.configuration.WebSecurityConfiguration&apos; with enhanced class &apos;org.springframework.security.config.annotation.web.configuration.WebSecurityConfiguration$$EnhancerBySpringCGLIB$$150881e6&apos;
21:59:41.971 [main] DEBUG o.s.c.a.ConfigurationClassEnhancer - Successfully enhanced org.springframework.security.config.annotation.web.configuration.WebSecurityConfiguration; enhanced class name is: org.springframework.security.config.annotation.web.configuration.WebSecurityConfiguration$$EnhancerBySpringCGLIB$$150881e6
21:59:41.971 [main] DEBUG o.s.c.a.ConfigurationClassPostProcessor - Replacing bean definition &apos;delegatingApplicationListener&apos; existing class &apos;org.springframework.security.config.annotation.web.configuration.WebSecurityConfiguration&apos; with enhanced class &apos;org.springframework.security.config.annotation.web.configuration.WebSecurityConfiguration$$EnhancerBySpringCGLIB$$150881e6&apos;
21:59:41.971 [main] DEBUG o.s.c.a.ConfigurationClassEnhancer - Successfully enhanced org.springframework.web.servlet.config.annotation.DelegatingWebMvcConfiguration; enhanced class name is: org.springframework.web.servlet.config.annotation.DelegatingWebMvcConfiguration$$EnhancerBySpringCGLIB$$32983a29
21:59:41.971 [main] DEBUG o.s.c.a.ConfigurationClassPostProcessor - Replacing bean definition &apos;org.springframework.web.servlet.config.annotation.DelegatingWebMvcConfiguration&apos; existing class &apos;org.springframework.web.servlet.config.annotation.DelegatingWebMvcConfiguration&apos; with enhanced class &apos;org.springframework.web.servlet.config.annotation.DelegatingWebMvcConfiguration$$EnhancerBySpringCGLIB$$32983a29&apos;
21:59:41.971 [main] DEBUG o.s.c.a.ConfigurationClassEnhancer - Successfully enhanced org.springframework.security.config.annotation.method.configuration.GlobalMethodSecurityConfiguration; enhanced class name is: org.springframework.security.config.annotation.method.configuration.GlobalMethodSecurityConfiguration$$
...[truncated 195458 chars]...
ching method [CacheKey[edu.ncsu.csc.itrust2.controllers.patient.PatientController; public java.lang.String edu.ncsu.csc.itrust2.controllers.patient.PatientController.viewDemographics(org.springframework.ui.Model)]] with attributes [[authorize: &apos;hasRole(&apos;ROLE_PATIENT&apos;)&apos;, filter: &apos;null&apos;, filterTarget: &apos;null&apos;]]
21:59:42.213 [main] DEBUG o.s.aop.framework.CglibAopProxy - Unable to apply any optimisations to advised method: public java.lang.String edu.ncsu.csc.itrust2.controllers.patient.PatientController.viewDemographics(org.springframework.ui.Model)
21:59:42.213 [main] DEBUG o.s.s.a.p.PrePostAnnotationSecurityMetadataSource - @org.springframework.security.access.prepost.PreAuthorize(value=hasRole(&apos;ROLE_PATIENT&apos;)) found on specific method: public java.lang.String edu.ncsu.csc.itrust2.controllers.patient.PatientController.demographicsSubmit(edu.ncsu.csc.itrust2.forms.hcp_patient.PatientForm,org.springframework.validation.BindingResult,org.springframework.ui.Model)
21:59:42.213 [main] DEBUG o.s.s.a.m.DelegatingMethodSecurityMetadataSource - Caching method [CacheKey[edu.ncsu.csc.itrust2.controllers.patient.PatientController; public java.lang.String edu.ncsu.csc.itrust2.controllers.patient.PatientController.demographicsSubmit(edu.ncsu.csc.itrust2.forms.hcp_patient.PatientForm,org.springframework.validation.BindingResult,org.springframework.ui.Model)]] with attributes [[authorize: &apos;hasRole(&apos;ROLE_PATIENT&apos;)&apos;, filter: &apos;null&apos;, filterTarget: &apos;null&apos;]]
21:59:42.213 [main] DEBUG o.s.aop.framework.CglibAopProxy - Unable to apply any optimisations to advised method: public java.lang.String edu.ncsu.csc.itrust2.controllers.patient.PatientController.demographicsSubmit(edu.ncsu.csc.itrust2.forms.hcp_patient.PatientForm,org.springframework.validation.BindingResult,org.springframework.ui.Model)
21:59:42.213 [main] DEBUG o.s.s.a.p.PrePostAnnotationSecurityMetadataSource - @org.springframework.security.access.prepost.PreAuthorize(value=hasRole(&apos;ROLE_PATIENT&apos;)) found on specific method: public java.lang.String edu.ncsu.csc.itrust2.controllers.patient.PatientController.index(org.springframework.ui.Model)
21:59:42.213 [main] DEBUG o.s.s.a.m.DelegatingMethodSecurityMetadataSource - Caching method [CacheKey[edu.ncsu.csc.itrust2.controllers.patient.PatientController; public java.lang.String edu.ncsu.csc.itrust2.controllers.patient.PatientController.index(org.springframework.ui.Model)]] with attributes [[authorize: &apos;hasRole(&apos;ROLE_PATIENT&apos;)&apos;, filter: &apos;null&apos;, filterTarget: &apos;null&apos;]]
21:59:42.213 [main] DEBUG o.s.aop.framework.CglibAopProxy - Unable to apply any optimisations to advised method: public java.lang.String edu.ncsu.csc.itrust2.controllers.patient.PatientController.index(org.springframework.ui.Model)
21:59:42.213 [main] DEBUG o.s.aop.framework.CglibAopProxy - Found &apos;equals&apos; method: public boolean java.lang.Object.equals(java.lang.Object)
21:59:42.213 [main] DEBUG o.s.aop.framework.CglibAopProxy - Unable to apply any optimisations to advised method: public java.lang.String java.lang.Object.toString()
21:59:42.213 [main] DEBUG o.s.aop.framework.CglibAopProxy - Found &apos;hashCode&apos; method: public native int java.lang.Object.hashCode()
21:59:42.213 [main] DEBUG o.s.aop.framework.CglibAopProxy - Unable to apply any optimisations to advised method: protected native java.lang.Object java.lang.Object.clone() throws java.lang.CloneNotSupportedException
21:59:42.213 [main] DEBUG o.s.aop.framework.CglibAopProxy - Method is declared on Advised interface: public abstract void org.springframework.aop.framework.Advised.setTargetSource(org.springframework.aop.TargetSource)
21:59:42.213 [main] DEBUG o.s.aop.framework.CglibAopProxy - Method is declared on Advised interface: public abstract org.springframework.aop.TargetSource org.springframework.aop.framework.Advised.getTargetSource()
21:59:42.213 [main] DEBUG o.s.aop.framework.CglibAopProxy - Method is declared on Advised interface: public abstract boolean org.springframework.aop.framework.Advised.isProxyTargetClass()
21:59:42.213 [main] DEBUG o.s.aop.framework.CglibAopProxy - Method is declared on Advised interface: public abstract void org.springframework.aop.framework.Advised.addAdvisor(org.springframework.aop.Advisor) throws org.springframework.aop.framework.AopConfigException
21:59:42.213 [main] DEBUG o.s.aop.framework.CglibAopProxy - Method is declared on Advised interface: public abstract void org.springframework.aop.framework.Advised.addAdvisor(int,org.springframework.aop.Advisor) throws org.springframework.aop.framework.AopConfigException
21:59:42.213 [main] DEBUG o.s.aop.framework.CglibAopProxy - Method is declared on Advised interface: public abstract void org.springframework.aop.framework.Advised.setPreFiltered(boolean)
21:59:42.213 [main] DEBUG o.s.aop.framework.CglibAopProxy - Method is declared on Advised interface: public abstract void org.springframework.aop.framework.Advised.setExposeProxy(boolean)
21:59:42.213 [main] DEBUG o.s.aop.framework.CglibAopProxy - Method is declared on Advised interface: public abstract boolean org.springframework.aop.framework.Advised.isExposeProxy()
21:59:42.213 [main] DEBUG o.s.aop.framework.CglibAopProxy - Method is declared on Advised interface: public abstract boolean org.springframework.aop.framework.Advised.isPreFiltered()
21:59:42.213 [main] DEBUG o.s.aop.framework.CglibAopProxy - Method is declared on Advised interface: public abstract java.lang.Class[] org.springframework.aop.framework.Advised.getProxiedInterfaces()
21:59:42.213 [main] DEBUG o.s.aop.framework.CglibAopProxy - Method is declared on Advised interface: public abstract boolean org.springframework.aop.framework.Advised.isInterfaceProxied(java.lang.Class)
21:59:42.213 [main] DEBUG o.s.aop.framework.CglibAopProxy - Method is declared on Advised interface: public abstract org.springframework.aop.Advisor[] org.springframework.aop.framework.Advised.getAdvisors()
21:59:42.213 [main] DEBUG o.s.aop.framework.CglibAopProxy - Method is declared on Advised interface: public abstract void org.springframework.aop.framework.Advised.removeAdvisor(int) throws org.springframework.aop.framework.AopConfigException
21:59:42.213 [main] DEBUG o.s.aop.framework.CglibAopProxy - Method is declared on Advised interface: public abstract boolean org.springframework.aop.framework.Advised.removeAdvisor(org.springframework.aop.Advisor)
21:59:42.213 [main] DEBUG o.s.aop.framework.CglibAopProxy - Method is declared on Advised interface: public abstract boolean org.springframework.aop.framework.Advised.replaceAdvisor(org.springframework.aop.Advisor,org.springframework.aop.Advisor) throws org.springframework.aop.framework.AopConfigException
21:59:42.213 [main] DEBUG o.s.aop.framework.CglibAopProxy - Method is declared on Advised interface: public abstract boolean org.springframework.aop.framework.Advised.removeAdvice(org.aopalliance.aop.Advice)
21:59:42.213 [main] DEBUG o.s.aop.framework.CglibAopProxy - Method is declared on Advised interface: public abstract java.lang.String org.springframework.aop.framework.Advised.toProxyConfigString()
21:59:42.213 [main] DEBUG o.s.aop.framework.CglibAopProxy - Method is declared on Advised interface: public abstract void org.springframework.aop.framework.Advised.addAdvice(int,org.aopalliance.aop.Advice) throws org.springframework.aop.framework.AopConfigException
21:59:42.213 [main] DEBUG o.s.aop.framework.CglibAopProxy - Method is declared on Advised interface: public abstract void org.springframework.aop.framework.Advised.addAdvice(org.aopalliance.aop.Advice) throws org.springframework.aop.framework.AopConfigException
21:59:42.213 [main] DEBUG o.s.aop.framework.CglibAopProxy - Method is declared on Advised interface: public abstract int org.springframework.aop.framework.Advised.indexOf(org.aopalliance.aop.Advice)
21:59:42.213 [main] DEBUG o.s.aop.framework.CglibAopProxy - Method is declared on Advised interface: public abstract int org.springframework.aop.framework.Advised.indexOf(org.springframework.aop.Advisor)
21:59:42.213 [main] DEBUG o.s.aop.framework.CglibAopProxy - Method is declared on Advised interface: public abstract boolean org.springframework.aop.framework.Advised.isFrozen()
21:59:42.213 [main] DEBUG o.s.aop.framework.CglibAopProxy - Method is declared on Advised interface: public abstract java.lang.Class org.springframework.aop.TargetClassAware.getTargetClass()
21:59:42.217 [main] DEBUG o.s.b.f.s.DefaultListableBeanFactory - Finished creating instance of bean &apos;patientController&apos;
21:59:42.217 [main] DEBUG o.s.b.f.s.DefaultListableBeanFactory - Creating shared instance of singleton bean &apos;passwordController&apos;
21:59:42.217 [main] DEBUG o.s.b.f.s.DefaultListableBeanFactory - Creating instance of bean &apos;passwordController&apos;
21:59:42.217 [main] DEBUG o.s.b.f.s.DefaultListableBeanFactory - Eagerly caching bean &apos;passwordController&apos; to allow for resolving potential circular references
21:59:42.217 [main] DEBUG o.s.b.f.s.DefaultListableBeanFactory - Returning cached instance of singleton bean &apos;metaDataSourceAdvisor&apos;
21:59:42.217 [main] DEBUG o.s.b.f.s.DefaultListableBeanFactory - Finished creating instance of bean &apos;passwordController&apos;
21:59:42.217 [main] DEBUG o.s.b.f.s.DefaultListableBeanFactory - Creating shared instance of singleton bean &apos;userController&apos;
21:59:42.217 [main] DEBUG o.s.b.f.s.DefaultListableBeanFactory - Creating instance of bean &apos;userController&apos;
21:59:42.217 [main] DEBUG o.s.b.f.s.DefaultListableBeanFactory - Eagerly caching bean &apos;userController&apos; to allow for resolving potential circular references
21:59:42.218 [main] DEBUG o.s.b.f.s.DefaultListableBeanFactory - Returning cached instance of singleton bean &apos;metaDataSourceAdvisor&apos;
21:59:42.218 [main] DEBUG o.s.s.a.p.PrePostAnnotationSecurityMetadataSource - @org.springframework.security.access.prepost.PreAuthorize(value=hasRole(&apos;ROLE_HCP&apos;) or hasRole(&apos;ROLE_ADMIN&apos;)) found on specific method: public java.lang.String edu.ncsu.csc.itrust2.controllers.personnel.UserController.viewDemographics(org.springframework.ui.Model)
21:59:42.218 [main] DEBUG o.s.s.a.m.DelegatingMethodSecurityMetadataSource - Caching method [CacheKey[edu.ncsu.csc.itrust2.controllers.personnel.UserController; public java.lang.String edu.ncsu.csc.itrust2.controllers.personnel.UserController.viewDemographics(org.springframework.ui.Model)]] with attributes [[authorize: &apos;hasRole(&apos;ROLE_HCP&apos;) or hasRole(&apos;ROLE_ADMIN&apos;)&apos;, filter: &apos;null&apos;, filterTarget: &apos;null&apos;]]
21:59:42.218 [main] DEBUG o.s.a.f.a.InfrastructureAdvisorAutoProxyCreator - Creating implicit proxy for bean &apos;userController&apos; with 0 common interceptors and 1 specific interceptors
21:59:42.218 [main] DEBUG o.s.aop.framework.CglibAopProxy - Creating CGLIB proxy: target source is SingletonTargetSource for target object [edu.ncsu.csc.itrust2.controllers.personnel.UserController@42bc82cc]
21:59:42.218 [main] DEBUG o.s.aop.framework.CglibAopProxy - Unable to apply any optimisations to advised method: public java.lang.String edu.ncsu.csc.itrust2.controllers.personnel.UserController.viewDemographics(org.springframework.ui.Model)
21:59:42.218 [main] DEBUG o.s.s.a.p.PrePostAnnotationSecurityMetadataSource - @org.springframework.security.access.prepost.PreAuthorize(value=hasRole(&apos;ROLE_HCP&apos;) or hasRole(&apos;ROLE_ADMIN&apos;)) found on specific method: public java.lang.String edu.ncsu.csc.itrust2.controllers.personnel.UserController.demographicsSubmit(edu.ncsu.csc.itrust2.forms.personnel.PersonnelForm,org.springframework.validation.BindingResult,org.springframework.ui.Model)
21:59:42.218 [main] DEBUG o.s.s.a.m.DelegatingMethodSecurityMetadataSource - Caching method [CacheKey[edu.ncsu.csc.itrust2.controllers.personnel.UserController; public java.lang.String edu.ncsu.csc.itrust2.controllers.personnel.UserController.demographicsSubmit(edu.ncsu.csc.itrust2.forms.personnel.PersonnelForm,org.springframework.validation.BindingResult,org.springframework.ui.Model)]] with attributes [[authorize: &apos;hasRole(&apos;ROLE_HCP&apos;) or hasRole(&apos;ROLE_ADMIN&apos;)&apos;, filter: &apos;null&apos;, filterTarget: &apos;null&apos;]]
21:59:42.218 [main] DEBUG o.s.aop.framework.CglibAopProxy - Unable to apply any optimisations to advised method: public java.lang.String edu.ncsu.csc.itrust2.controllers.personnel.UserController.demographicsSubmit(edu.ncsu.csc.itrust2.forms.personnel.PersonnelForm,org.springframework.validation.BindingResult,org.springframework.ui.Model)
21:59:42.218 [main] DEBUG o.s.aop.framework.CglibAopProxy - Found &apos;equals&apos; method: public boolean java.lang.Object.equals(java.lang.Object)
21:59:42.218 [main] DEBUG o.s.aop.framework.CglibAopProxy - Unable to apply any optimisations to advised method: public java.lang.String java.lang.Object.toString()
21:59:42.218 [main] DEBUG o.s.aop.framework.CglibAopProxy - Found &apos;hashCode&apos; method: public native int java.lang.Object.hashCode()
21:59:42.218 [main] DEBUG o.s.aop.framework.CglibAopProxy - Unable to apply any optimisations to advised method: protected native java.lang.Object java.lang.Object.clone() throws java.lang.CloneNotSupportedException
21:59:42.218 [main] DEBUG o.s.aop.framework.CglibAopProxy - Method is declared on Advised interface: public abstract void org.springframework.aop.framework.Advised.setTargetSource(org.springframework.aop.TargetSource)
21:59:42.218 [main] DEBUG o.s.aop.framework.CglibAopProxy - Method is declared on Advised interface: public abstract org.springframework.aop.TargetSource org.springframework.aop.framework.Advised.getTargetSource()
21:59:42.218 [main] DEBUG o.s.aop.framework.CglibAopProxy - Method is declared on Advised interface: public abstract boolean org.springframework.aop.framework.Advised.isProxyTargetClass()
21:59:42.218 [main] DEBUG o.s.aop.framework.CglibAopProxy - Method is declared on Advised interface: public abstract void org.springframework.aop.framework.Advised.addAdvisor(org.springframework.aop.Advisor) throws org.springframework.aop.framework.AopConfigException
21:59:42.218 [main] DEBUG o.s.aop.framework.CglibAopProxy - Method is declared on Advised interface: public abstract void org.springframework.aop.framework.Advised.addAdvisor(int,org.springframework.aop.Advisor) throws org.springframework.aop.framework.AopConfigException
21:59:42.218 [main] DEBUG o.s.aop.framework.CglibAopProxy - Method is declared on Advised interface: public abstract void org.springframework.aop.framework.Advised.setPreFiltered(boolean)
21:59:42.218 [main] DEBUG o.s.aop.framework.CglibAopProxy - Method is declared on Advised interface: public abstract void org.springframework.aop.framework.Advised.setExposeProxy(boolean)
21:59:42.218 [main] DEBUG o.s.aop.framework.CglibAopProxy - Method is declared on Advised interface: public abstract boolean org.springframework.aop.framework.Advised.isExposeProxy()
21:59:42.218 [main] DEBUG o.s.aop.framework.CglibAopProxy - Method is declared on Advised interface: public abstract boolean org.springframework.aop.framework.Advised.isPreFiltered()
21:59:42.218 [main] DEBUG o.s.aop.framework.CglibAopProxy - Method is declared on Advised interface: public abstract java.lang.Class[] org.springframework.aop.framework.Advised.getProxiedInterfaces()
21:59:42.218 [main] DEBUG o.s.aop.framework.CglibAopProxy - Method is declared on Advised interface: public abstract boolean org.springframework.aop.framework.Advised.isInterfaceProxied(java.lang.Class)
21:59:42.218 [main] DEBUG o.s.aop.framework.CglibAopProxy - Method is declared on Advised interface: public abstract org.springframework.aop.Advisor[] org.springframework.aop.framework.Advised.getAdvisors()
21:59:42.218 [main] DEBUG o.s.aop.framework.CglibAopProxy - Method is declared on Advised interface: public abstract void org.springframework.aop.framework.Advised.removeAdvisor(int) throws org.springframework.aop.framework.AopConfigException
21:59:42.218 [main] DEBUG o.s.aop.framework.CglibAopProxy - Method is declared on Advised interface: public abstract boolean org.springframework.aop.framework.Advised.removeAdvisor(org.springframework.aop.Advisor)
21:59:42.218 [main] DEBUG o.s.aop.framework.CglibAopProxy - Method is declared on Advised interface: public abstract boolean org.springframework.aop.framework.Advised.replaceAdvisor(org.springframework.aop.Advisor,org.springframework.aop.Advisor) throws org.springframework.aop.framework.AopConfigException
21:59:42.218 [main] DEBUG o.s.aop.framework.CglibAopProxy - Method is declared on Advised interface: public abstract boolean org.springframework.aop.framework.Advised.removeAdvice(org.aopalliance.aop.Advice)
21:59:42.218 [main] DEBUG o.s.aop.framework.CglibAopProxy - Method is declared on Advised interface: public abstract java.lang.String org.springframework.aop.framework.Advised.toProxyConfigString()
21:59:42.218 [main] DEBUG o.s.aop.framework.CglibAopProxy - Method is declared on Advised interface: public abstract void org.springframework.aop.framework.Advised.addAdvice(int,org.aopalliance.aop.Advice) throws org.springframework.aop.framework.AopConfigException
21:59:42.218 [main] DEBUG o.s.aop.framework.CglibAopProxy - Method is declared on Advised interface: public abstract void org.springframework.aop.framework.Advised.addAdvice(org.aopalliance.aop.Advice) throws org.springframework.aop.framework.AopConfigException
21:59:42.218 [main] DEBUG o.s.aop.framework.CglibAopProxy - Method is declared on Advised interface: public abstract int org.springframework.aop.framework.Advised.indexOf(org.aopalliance.aop.Advice)
21:59:42.218 [main] DEBUG o.s.aop.framework.CglibAopProxy - Method is declared on Advised interface: public abstract int org.springframework.aop.framework.Advised.indexOf(org.springframework.aop.Advisor)
21:59:42.218 [main] DEBUG o.s.aop.framework.CglibAopProxy - Method is declared on Advised interface: public abstract boolean org.springframework.aop.framework.Advised.isFrozen()
21:59:42.218 [main] DEBUG o.s.aop.framework.CglibAopProxy - Method is declared on Advised interface: public abstract java.lang.Class org.springframework.aop.TargetClassAware.getTargetClass()
21:59:42.222 [main] DEBUG o.s.b.f.s.DefaultListableBeanFactory - Finished creating instance of bean &apos;userController&apos;
21:59:42.222 [main] DEBUG o.s.b.f.s.DefaultListableBeanFactory - Returning cached instance of singleton bean &apos;dataSource&apos;
21:59:42.222 [main] DEBUG o.s.b.f.s.DefaultListableBeanFactory - Returning cached instance of singleton bean &apos;org.springframework.security.config.annotation.configuration.ObjectPostProcessorConfiguration&apos;
21:59:42.222 [main] DEBUG o.s.b.f.s.DefaultListableBeanFactory - Returning cached instance of singleton bean &apos;objectPostProcessor&apos;
21:59:42.222 [main] DEBUG o.s.b.f.s.DefaultListableBeanFactory - Returning cached instance of singleton bean &apos;org.springframework.security.config.annotation.authentication.configuration.AuthenticationConfiguration&apos;
21:59:42.222 [main] DEBUG o.s.b.f.s.DefaultListableBeanFactory - Returning cached instance of singleton bean &apos;authenticationManagerBuilder&apos;
21:59:42.222 [main] DEBUG o.s.b.f.s.DefaultListableBeanFactory - Returning cached instance of singleton bean &apos;enableGlobalAuthenticationAutowiredConfigurer&apos;
21:59:42.222 [main] DEBUG o.s.b.f.s.DefaultListableBeanFactory - Returning cached instance of singleton bean &apos;initializeUserDetailsBeanManagerConfigurer&apos;
21:59:42.222 [main] DEBUG o.s.b.f.s.DefaultListableBeanFactory - Returning cached instance of singleton bean &apos;initializeAuthenticationProviderBeanManagerConfigurer&apos;
21:59:42.222 [main] DEBUG o.s.b.f.s.DefaultListableBeanFactory - Creating shared instance of singleton bean &apos;org.springframework.security.config.annotation.web.configuration.WebSecurityConfiguration&apos;
21:59:42.222 [main] DEBUG o.s.b.f.s.DefaultListableBeanFactory - Creating instance of bean &apos;org.springframework.security.config.annotation.web.configuration.WebSecurityConfiguration&apos;
21:59:42.224 [main] DEBUG o.s.b.f.annotation.InjectionMetadata - Registered injected element on class [org.springframework.security.config.annotation.web.configuration.WebSecurityConfiguration$$EnhancerBySpringCGLIB$$150881e6]: AutowiredFieldElement for private org.springframework.security.config.annotation.ObjectPostProcessor org.springframework.security.config.annotation.web.configuration.WebSecurityConfiguration.objectObjectPostProcessor
21:59:42.224 [main] DEBUG o.s.b.f.annotation.InjectionMetadata - Registered injected element on class [org.springframework.security.config.annotation.web.configuration.WebSecurityConfiguration$$EnhancerBySpringCGLIB$$150881e6]: AutowiredMethodElement for public void org.springframework.security.config.annotation.web.configuration.WebSecurityConfiguration.setFilterChainProxySecurityConfigurer(org.springframework.security.config.annotation.ObjectPostProcessor,java.util.List) throws java.lang.Exception
21:59:42.224 [main] DEBUG o.s.b.f.s.DefaultListableBeanFactory - Eagerly caching bean &apos;org.springframework.security.config.annotation.web.configuration.WebSecurityConfiguration&apos; to allow for resolving potential circular references
21:59:42.224 [main] DEBUG o.s.b.f.annotation.InjectionMetadata - Processing injected element of bean &apos;org.springframework.security.config.annotation.web.configuration.WebSecurityConfiguration&apos;: AutowiredFieldElement for private org.springframework.security.config.annotation.ObjectPostProcessor org.springframework.security.config.annotation.web.configuration.WebSecurityConfiguration.objectObjectPostProcessor
21:59:42.224 [main] DEBUG o.s.b.f.s.DefaultListableBeanFactory - Returning cached instance of singleton bean &apos;objectPostProcessor&apos;
21:59:42.224 [main] DEBUG o.s.b.f.a.AutowiredAnnotationBeanPostProcessor - Autowiring by type from bean name &apos;org.springframework.security.config.annotation.web.configuration.WebSecurityConfiguration&apos; to bean named &apos;objectPostProcessor&apos;
21:59:42.224 [main] DEBUG o.s.b.f.annotation.InjectionMetadata - Processing injected element of bean &apos;org.springframework.security.config.annotation.web.configuration.WebSecurityConfiguration&apos;: AutowiredMethodElement for public void org.springframework.security.config.annotation.web.configuration.WebSecurityConfiguration.setFilterChainProxySecurityConfigurer(org.springframework.security.config.annotation.ObjectPostProcessor,java.util.List) throws java.lang.Exception
21:59:42.224 [main] DEBUG o.s.b.f.s.DefaultListableBeanFactory - Returning cached instance of singleton bean &apos;objectPostProcessor&apos;
21:59:42.224 [main] DEBUG o.s.b.f.s.DefaultListableBeanFactory - Creating shared instance of singleton bean &apos;autowiredWebSecurityConfigurersIgnoreParents&apos;
21:59:42.224 [main] DEBUG o.s.b.f.s.DefaultListableBeanFactory - Creating instance of bean &apos;autowiredWebSecurityConfigurersIgnoreParents&apos;
21:59:42.224 [main] DEBUG o.s.b.f.s.DefaultListableBeanFactory - Returning cached instance of singleton bean &apos;metaDataSourceAdvisor&apos;
21:59:42.225 [main] DEBUG o.s.b.f.s.DefaultListableBeanFactory - Returning eagerly cached instance of singleton bean &apos;org.springframework.security.config.annotation.web.configuration.WebSecurityConfiguration&apos; that is not fully initialized yet - a consequence of a circular reference
21:59:42.226 [main] DEBUG o.s.b.f.s.DefaultListableBeanFactory - Autowiring by type from bean name &apos;autowiredWebSecurityConfigurersIgnoreParents&apos; via factory method to bean named &apos;org.springframework.beans.factory.support.DefaultListableBeanFactory@35425b87&apos;
21:59:42.226 [main] DEBUG o.s.b.f.s.DefaultListableBeanFactory - Eagerly caching bean &apos;autowiredWebSecurityConfigurersIgnoreParents&apos; to allow for resolving potential circular references
21:59:42.226 [main] DEBUG o.s.b.f.s.DefaultListableBeanFactory - Returning cached instance of singleton bean &apos;metaDataSourceAdvisor&apos;
21:59:42.226 [main] DEBUG o.s.b.f.s.DefaultListableBeanFactory - Finished creating instance of bean &apos;autowiredWebSecurityConfigurersIgnoreParents&apos;
21:59:42.226 [main] DEBUG o.s.b.f.s.DefaultListableBeanFactory - Returning cached instance of singleton bean &apos;securityConfig&apos;
21:59:42.227 [main] DEBUG o.s.b.f.a.AutowiredAnnotationBeanPostProcessor - Autowiring by type from bean name &apos;org.springframework.security.config.annotation.web.configuration.WebSecurityConfiguration&apos; to bean named &apos;objectPostProcessor&apos;
21:59:42.227 [main] DEBUG o.s.b.f.s.DefaultListableBeanFactory - Returning cached instance of singleton bean &apos;metaDataSourceAdvisor&apos;
21:59:42.230 [main] DEBUG o.s.b.f.s.DefaultListableBeanFactory - Returning cached instance of singleton bean &apos;org.springframework.context.annotation.ConfigurationClassPostProcessor.importRegistry&apos;
21:59:42.230 [main] DEBUG o.s.b.f.s.DefaultListableBeanFactory - Finished creating instance of bean &apos;org.springframework.security.config.annotation.web.configuration.WebSecurityConfiguration&apos;
21:59:42.230 [main] DEBUG o.s.b.f.s.DefaultListableBeanFactory - Creating shared instance of singleton bean &apos;delegatingApplicationListener&apos;
21:59:42.230 [main] DEBUG o.s.b.f.s.DefaultListableBeanFactory - Creating instance of bean &apos;delegatingApplicationListener&apos;
21:59:42.230 [main] DEBUG o.s.b.f.s.DefaultListableBeanFactory - Eagerly caching bean &apos;delegatingApplicationListener&apos; to allow for resolving potential circular references
21:59:42.230 [main] DEBUG o.s.b.f.s.DefaultListableBeanFactory - Returning cached instance of singleton bean &apos;metaDataSourceAdvisor&apos;
21:59:42.230 [main] DEBUG o.s.b.f.s.DefaultListableBeanFactory - Finished creating instance of bean &apos;delegatingApplicationListener&apos;
21:59:42.230 [main] DEBUG o.s.b.f.s.DefaultListableBeanFactory - Creating shared instance of singleton bean &apos;springSecurityFilterChain&apos;
21:59:42.230 [main] DEBUG o.s.b.f.s.DefaultListableBeanFactory - Creating instance of bean &apos;springSecurityFilterChain&apos;
21:59:42.230 [main] DEBUG o.s.b.f.s.DefaultListableBeanFactory - Returning cached instance of singleton bean &apos;org.springframework.security.config.annotation.web.configuration.WebSecurityConfiguration&apos;
21:59:42.231 [main] DEBUG o.s.b.f.s.DefaultListableBeanFactory - Returning cached instance of singleton bean &apos;metaDataSourceAdvisor&apos;
21:59:42.231 [main] DEBUG o.s.b.f.s.DefaultListableBeanFactory - Returning cached instance of singleton bean &apos;webMvcConfiguration&apos;
21:59:42.231 [main] DEBUG o.s.b.f.s.DefaultListableBeanFactory - Returning cached instance of singleton bean &apos;securityConfig&apos;
21:59:42.231 [main] DEBUG o.s.s.c.a.a.c.AuthenticationConfiguration$EnableGlobalAuthenticationAutowiredConfigurer - Eagerly initializing {webMvcConfiguration=edu.ncsu.csc.itrust2.mvc.config.WebMvcConfiguration$$EnhancerBySpringCGLIB$$de7b09d5@3b2bc66, securityConfig=edu.ncsu.csc.itrust2.config.SecurityConfig$$EnhancerBySpringCGLIB$$f88fd361@5265d2af}
21:59:42.231 [main] DEBUG o.s.b.f.s.DefaultListableBeanFactory - Invoking afterPropertiesSet() on bean with name &apos;org.springframework.security.authentication.dao.DaoAuthenticationProvider@4e8b534b&apos;
21:59:42.231 [main] DEBUG o.s.b.f.s.DefaultListableBeanFactory - Returning cached instance of singleton bean &apos;metaDataSourceAdvisor&apos;
21:59:42.233 [main] DEBUG o.s.b.f.s.DefaultListableBeanFactory - Invoking afterPropertiesSet() on bean with name &apos;org.springframework.security.authentication.ProviderManager@65eb85f0&apos;
21:59:42.233 [main] DEBUG o.s.b.f.s.DefaultListableBeanFactory - Returning cached instance of singleton bean &apos;metaDataSourceAdvisor&apos;
21:59:42.234 [main] DEBUG o.s.b.f.s.DefaultListableBeanFactory - Returning cached instance of singleton bean &apos;authenticationManagerBuilder&apos;
21:59:42.234 [main] DEBUG o.s.w.c.s.StandardServletEnvironment - Adding [servletConfigInitParams] PropertySource with lowest search precedence
21:59:42.234 [main] DEBUG o.s.w.c.s.StandardServletEnvironment - Adding [servletContextInitParams] PropertySource with lowest search precedence
21:59:42.234 [main] DEBUG o.s.w.c.s.StandardServletEnvironment - Adding [systemProperties] PropertySource with lowest search precedence
21:59:42.234 [main] DEBUG o.s.w.c.s.StandardServletEnvironment - Adding [systemEnvironment] PropertySource with lowest search precedence
21:59:42.234 [main] DEBUG o.s.w.c.s.StandardServletEnvironment - Initialized StandardServletEnvironment with PropertySources [servletConfigInitParams,servletContextInitParams,systemProperties,systemEnvironment]
21:59:42.234 [main] DEBUG o.s.w.c.s.StandardServletEnvironment - Adding [servletConfigInitParams] PropertySource with lowest search precedence
21:59:42.234 [main] DEBUG o.s.w.c.s.StandardServletEnvironment - Adding [servletContextInitParams] PropertySource with lowest search precedence
21:59:42.234 [main] DEBUG o.s.w.c.s.StandardServletEnvironment - Adding [systemProperties] PropertySource with lowest search precedence
21:59:42.234 [main] DEBUG o.s.w.c.s.StandardServletEnvironment - Adding [systemEnvironment] PropertySource with lowest search precedence
21:59:42.234 [main] DEBUG o.s.w.c.s.StandardServletEnvironment - Initialized StandardServletEnvironment with PropertySources [servletConfigInitParams,servletContextInitParams,systemProperties,systemEnvironment]
21:59:42.234 [main] DEBUG o.s.w.c.s.StandardServletEnvironment - Adding [servletConfigInitParams] PropertySource with lowest search precedence
21:59:42.234 [main] DEBUG o.s.w.c.s.StandardServletEnvironment - Adding [servletContextInitParams] PropertySource with lowest search precedence
21:59:42.235 [main] DEBUG o.s.w.c.s.StandardServletEnvironment - Adding [systemProperties] PropertySource with lowest search precedence
21:59:42.235 [main] DEBUG o.s.w.c.s.StandardServletEnvironment - Adding [systemEnvironment] PropertySource with lowest search precedence
21:59:42.235 [main] DEBUG o.s.w.c.s.StandardServletEnvironment - Initialized StandardServletEnvironment with PropertySources [servletConfigInitParams,servletContextInitParams,systemProperties,systemEnvironment]
21:59:42.235 [main] DEBUG o.s.b.f.s.DefaultListableBeanFactory - Creating shared instance of singleton bean &apos;ipBlockFilter&apos;
21:59:42.235 [main] DEBUG o.s.b.f.s.DefaultListableBeanFactory - Creating instance of bean &apos;ipBlockFilter&apos;
21:59:42.235 [main] DEBUG o.s.b.f.s.DefaultListableBeanFactory - Returning cached instance of singleton bean &apos;securityConfig&apos;
21:59:42.235 [main] DEBUG o.s.w.c.s.StandardServletEnvironment - Adding [servletConfigInitParams] PropertySource with lowest search precedence
21:59:42.235 [main] DEBUG o.s.w.c.s.StandardServletEnvironment - Adding [servletContextInitParams] PropertySource with lowest search precedence
21:59:42.235 [main] DEBUG o.s.w.c.s.StandardServletEnvironment - Adding [systemProperties] PropertySource with lowest search precedence
21:59:42.235 [main] DEBUG o.s.w.c.s.StandardServletEnvironment - Adding [systemEnvironment] PropertySource with lowest search precedence
21:59:42.235 [main] DEBUG o.s.w.c.s.StandardServletEnvironment - Initialized StandardServletEnvironment with PropertySources [servletConfigInitParams,servletContextInitParams,systemProperties,systemEnvironment]
21:59:42.235 [main] DEBUG o.s.b.f.s.DefaultListableBeanFactory - Eagerly caching bean &apos;ipBlockFilter&apos; to allow for resolving potential circular references
21:59:42.238 [main] DEBUG o.s.b.f.s.DefaultListableBeanFactory - Invoking afterPropertiesSet() on bean with name &apos;ipBlockFilter&apos;
21:59:42.238 [main] DEBUG o.s.b.f.s.DefaultListableBeanFactory - Returning cached instance of singleton bean &apos;metaDataSourceAdvisor&apos;
21:59:42.238 [main] DEBUG o.s.b.f.s.DefaultListableBeanFactory - Finished creating instance of bean &apos;ipBlockFilter&apos;
21:59:42.238 [main] DEBUG o.s.w.c.s.StandardServletEnvironment - Adding [servletConfigInitParams] PropertySource with lowest search precedence
21:59:42.238 [main] DEBUG o.s.w.c.s.StandardServletEnvironment - Adding [servletContextInitParams] PropertySource with lowest search precedence
21:59:42.238 [main] DEBUG o.s.w.c.s.StandardServletEnvironment - Adding [systemProperties] PropertySource with lowest search precedence
21:59:42.238 [main] DEBUG o.s.w.c.s.StandardServletEnvironment - Adding [systemEnvironment] PropertySource with lowest search precedence
21:59:42.238 [main] DEBUG o.s.w.c.s.StandardServletEnvironment - Initialized StandardServletEnvironment with PropertySources [servletConfigInitParams,servletContextInitParams,systemProperties,systemEnvironment]
21:59:42.238 [main] DEBUG o.s.b.f.s.DefaultListableBeanFactory - Retrieved dependent beans for bean &apos;springSecurityFilterChain&apos;: [webSecurityExpressionHandler]
21:59:42.238 [main] WARN  o.s.w.c.s.GenericWebApplicationContext - Exception encountered during context initialization - cancelling refresh attempt: org.springframework.beans.factory.BeanCreationException: Error creating bean with name &apos;springSecurityFilterChain&apos; defined in class path resource [org/springframework/security/config/annotation/web/configuration/WebSecurityConfiguration.class]: Bean instantiation via factory method failed; nested exception is org.springframework.beans.BeanInstantiationException: Failed to instantiate [javax.servlet.Filter]: Factory method &apos;springSecurityFilterChain&apos; threw exception; nested exception is java.lang.IllegalArgumentException: &apos;Savings Account?error&apos; is not a valid redirect URL
21:59:42.238 [main] DEBUG o.s.b.f.s.DefaultListableBeanFactory - Destroying singletons in org.springframework.beans.factory.support.DefaultListableBeanFactory@35425b87: defining beans [org.springframework.context.annotation.internalConfigurationAnnotationProcessor,org.springframework.context.annotation.internalAutowiredAnnotationProcessor,org.springframework.context.annotation.internalRequiredAnnotationProcessor,org.springframework.context.annotation.internalCommonAnnotationProcessor,org.springframework.context.annotation.internalPersistenceAnnotationProcessor,org.springframework.context.event.internalEventListenerProcessor,org.springframework.context.event.internalEventListenerFactory,rootConfiguration,webMvcConfiguration,dataConfiguration,loginAuditingListener,securityConfig,defaultController,adminController,adminUserController,hospitalController,ICDCodesController,APIAppointmentRequestController,APIDiagnosisController,APIDrugController,APIEnumController,APIHospitalController,APIICDCodeController,APILogEntryController,APIOfficeVisitController,APIPasswordController,APIPatientController,APIPersonnelController,APIPrescriptionController,APIUserController,appointmentControllerHCP,HCPController,officeVisitController,appointmentController,diagnosesController,patientController,passwordController,userController,dataSource,org.springframework.security.config.annotation.configuration.ObjectPostProcessorConfiguration,objectPostProcessor,org.springframework.security.config.annotation.authentication.configuration.AuthenticationConfiguration,authenticationManagerBuilder,enableGlobalAuthenticationAutowiredConfigurer,initializeUserDetailsBeanManagerConfigurer,initializeAuthenticationProviderBeanManagerConfigurer,org.springframework.security.config.annotation.web.configuration.WebSecurityConfiguration,delegatingApplicationListener,webSecurityExpressionHandler,springSecurityFilterChain,privilegeEvaluator,autowiredWebSecurityConfigurersIgnoreParents,org.springframework.security.config.annotation.web.configuration.WebMvcSecurityConfiguration,requestDataValueProcessor,passwordEncoder,defaultAuthenticationEventPublisher,failureHandler,ipBlockFilter,org.springframework.web.servlet.config.annotation.DelegatingWebMvcConfiguration,mvcConversionService,requestMappingHandlerMapping,mvcPathMatcher,mvcUrlPathHelper,mvcContentNegotiationManager,viewControllerHandlerMapping,beanNameHandlerMapping,resourceHandlerMapping,mvcResourceUrlProvider,defaultServletHandlerMapping,requestMappingHandlerAdapter,mvcValidator,mvcUriComponentsContributor,httpRequestHandlerAdapter,simpleControllerHandlerAdapter,handlerExceptionResolver,mvcViewResolver,org.springframework.security.config.annotation.method.configuration.GlobalMethodSecurityConfiguration,methodSecurityInterceptor,methodSecurityMetadataSource,preInvocationAuthorizationAdvice,viewResolver,templateEngine,domainClassConverter,metaDataSourceAdvisor,org.springframework.aop.config.internalAutoProxyCreator]; root of factory hierarchy
21:59:42.238 [main] DEBUG o.s.b.f.s.DisposableBeanAdapter - Invoking destroy() on bean with name &apos;ipBlockFilter&apos;
21:59:42.238 [main] DEBUG o.s.b.f.s.DefaultListableBeanFactory - Retrieved dependent beans for bean &apos;objectPostProcessor&apos;: [org.springframework.security.config.annotation.method.configuration.GlobalMethodSecurityConfiguration, securityConfig, org.springframework.security.config.annotation.authentication.configuration.AuthenticationConfiguration, authenticationManagerBuilder, org.springframework.security.config.annotation.web.configuration.WebSecurityConfiguration]
21:59:42.238 [main] DEBUG o.s.b.f.s.DisposableBeanAdapter - Invoking destroy() on bean with name &apos;objectPostProcessor&apos;
21:59:42.240 [main] ERROR o.s.test.context.TestContextManager - Caught exception while allowing TestExecutionListener [org.springframework.test.context.web.ServletTestExecutionListener@45455605] to prepare test instance [edu.ncsu.csc.itrust2.apitest.APIDiagnosisTest@3b440deb]
java.lang.IllegalStateException: Failed to load ApplicationContext
	at org.springframework.test.context.cache.DefaultCacheAwareContextLoaderDelegate.loadContext(DefaultCacheAwareContextLoaderDelegate.java:124) ~[spring-test-4.3.5.RELEASE.jar:4.3.5.RELEASE]
	at org.springframework.test.context.support.DefaultTestContext.getApplicationContext(DefaultTestContext.java:83) ~[spring-test-4.3.5.RELEASE.jar:4.3.5.RELEASE]
	at org.springframework.test.context.web.ServletTestExecutionListener.setUpRequestContextIfNecessary(ServletTestExecutionListener.java:189) ~[spring-test-4.3.5.RELEASE.jar:4.3.5.RELEASE]
	at org.springframework.test.context.web.ServletTestExecutionListener.prepareTestInstance(ServletTestExecutionListener.java:131) ~[spring-test-4.3.5.RELEASE.jar:4.3.5.RELEASE]
	at org.springframework.test.context.TestContextManager.prepareTestInstance(TestContextManager.java:230) ~[spring-test-4.3.5.RELEASE.jar:4.3.5.RELEASE]
	at org.springframework.test.context.junit4.SpringJUnit4ClassRunner.createTest(SpringJUnit4ClassRunner.java:228) [spring-test-4.3.5.RELEASE.jar:4.3.5.RELEASE]
	at org.springframework.test.context.junit4.SpringJUnit4ClassRunner$1.runReflectiveCall(SpringJUnit4ClassRunner.java:287) [spring-test-4.3.5.RELEASE.jar:4.3.5.RELEASE]
	at org.junit.internal.runners.model.ReflectiveCallable.run(ReflectiveCallable.java:12) [junit-4.12.jar:4.12]
	at org.springframework.test.context.junit4.SpringJUnit4ClassRunner.methodBlock(SpringJUnit4ClassRunner.java:289) [spring-test-4.3.5.RELEASE.jar:4.3.5.RELEASE]
	at org.springframework.test.context.junit4.SpringJUnit4ClassRunner.runChild(SpringJUnit4ClassRunner.java:247) [spring-test-4.3.5.RELEASE.jar:4.3.5.RELEASE]
	at org.springframework.test.context.junit4.SpringJUnit4ClassRunner.runChild(SpringJUnit4ClassRunner.java:94) [spring-test-4.3.5.RELEASE.jar:4.3.5.RELEASE]
	at org.junit.runners.ParentRunner$3.run(ParentRunner.java:290) [junit-4.12.jar:4.12]
	at org.junit.runners.ParentRunner$1.schedule(ParentRunner.java:71) [junit-4.12.jar:4.12]
	at org.junit.runners.ParentRunner.runChildren(ParentRunner.java:288) [junit-4.12.jar:4.12]
	at org.junit.runners.ParentRunner.access$000(ParentRunner.java:58) [junit-4.12.jar:4.12]
	at org.junit.runners.ParentRunner$2.evaluate(ParentRunner.java:268) [junit-4.12.jar:4.12]
	at org.springframework.test.context.junit4.statements.RunBeforeTestClassCallbacks.evaluate(RunBeforeTestClassCallbacks.java:61) [spring-test-4.3.5.RELEASE.jar:4.3.5.RELEASE]
	at org.springframework.test.context.junit4.statements.RunAfterTestClassCallbacks.evaluate(RunAfterTestClassCallbacks.java:70) [spring-test-4.3.5.RELEASE.jar:4.3.5.RELEASE]
	at org.junit.runners.ParentRunner.run(ParentRunner.java:363) [junit-4.12.jar:4.12]
	at org.springframework.test.context.junit4.SpringJUnit4ClassRunner.run(SpringJUnit4ClassRunner.java:191) [spring-test-4.3.5.RELEASE.jar:4.3.5.RELEASE]
	at org.apache.maven.surefire.junit4.JUnit4Provider.execute(JUnit4Provider.java:365) [surefire-junit4-2.20.jar:2.20]
	at org.apache.maven.surefire.junit4.JUnit4Provider.executeWithRerun(JUnit4Provider.java:272) [surefire-junit4-2.20.jar:2.20]
	at org.apache.maven.surefire.junit4.JUnit4Provider.executeTestSet(JUnit4Provider.java:236) [surefire-junit4-2.20.jar:2.20]
	at org.apache.maven.surefire.junit4.JUnit4Provider.invoke(JUnit4Provider.java:159) [surefire-junit4-2.20.jar:2.20]
	at org.apache.maven.surefire.booter.ForkedBooter.invokeProviderInSameClassLoader(ForkedBooter.java:386) [surefire-booter-2.20.jar:2.20]
	at org.apache.maven.surefire.booter.ForkedBooter.runSuitesInProcess(ForkedBooter.java:323) [surefire-booter-2.20.jar:2.20]
	at org.apache.maven.surefire.booter.ForkedBooter.main(ForkedBooter.java:143) [surefire-booter-2.20.jar:2.20]
Caused by: org.springframework.beans.factory.BeanCreationException: Error creating bean with name &apos;springSecurityFilterChain&apos; defined in class path resource [org/springframework/security/config/annotation/web/configuration/WebSecurityConfiguration.class]: Bean instantiation via factory method failed; nested exception is org.springframework.beans.BeanInstantiationException: Failed to instantiate [javax.servlet.Filter]: Factory method &apos;springSecurityFilterChain&apos; threw exception; nested exception is java.lang.IllegalArgumentException: &apos;Savings Account?error&apos; is not a valid redirect URL
	at org.springframework.beans.factory.support.ConstructorResolver.instantiateUsingFactoryMethod(ConstructorResolver.java:599) ~[spring-beans-4.3.5.RELEASE.jar:4.3.5.RELEASE]
	at org.springframework.beans.factory.support.AbstractAutowireCapableBeanFactory.instantiateUsingFactoryMethod(AbstractAutowireCapableBeanFactory.java:1134) ~[spring-beans-4.3.5.RELEASE.jar:4.3.5.RELEASE]
	at org.springframework.beans.factory.support.AbstractAutowireCapableBeanFactory.createBeanInstance(AbstractAutowireCapableBeanFactory.java:1028) ~[spring-beans-4.3.5.RELEASE.jar:4.3.5.RELEASE]
	at org.springframework.beans.factory.support.AbstractAutowireCapableBeanFactory.doCreateBean(AbstractAutowireCapableBeanFactory.java:513) ~[spring-beans-4.3.5.RELEASE.jar:4.3.5.RELEASE]
	at org.springframework.beans.factory.support.AbstractAutowireCapableBeanFactory.createBean(AbstractAutowireCapableBeanFactory.java:483) ~[spring-beans-4.3.5.RELEASE.jar:4.3.5.RELEASE]
	at org.springframework.beans.factory.support.AbstractBeanFactory$1.getObject(AbstractBeanFactory.java:306) ~[spring-beans-4.3.5.RELEASE.jar:4.3.5.RELEASE]
	at org.springframework.beans.factory.support.DefaultSingletonBeanRegistry.getSingleton(DefaultSingletonBeanRegistry.java:230) ~[spring-beans-4.3.5.RELEASE.jar:4.3.5.RELEASE]
	at org.springframework.beans.factory.support.AbstractBeanFactory.doGetBean(AbstractBeanFactory.java:302) ~[spring-beans-4.3.5.RELEASE.jar:4.3.5.RELEASE]
	at org.springframework.beans.factory.support.AbstractBeanFactory.getBean(AbstractBeanFactory.java:197) ~[spring-beans-4.3.5.RELEASE.jar:4.3.5.RELEASE]
	at org.springframework.beans.factory.support.AbstractBeanFactory.doGetBean(AbstractBeanFactory.java:296) ~[spring-beans-4.3.5.RELEASE.jar:4.3.5.RELEASE]
	at org.springframework.beans.factory.support.AbstractBeanFactory.getBean(AbstractBeanFactory.java:197) ~[spring-beans-4.3.5.RELEASE.jar:4.3.5.RELEASE]
	at org.springframework.beans.factory.support.DefaultListableBeanFactory.preInstantiateSingletons(DefaultListableBeanFactory.java:759) ~[spring-beans-4.3.5.RELEASE.jar:4.3.5.RELEASE]
	at org.springframework.context.support.AbstractApplicationContext.finishBeanFactoryInitialization(AbstractApplicationContext.java:866) ~[spring-context-4.3.5.RELEASE.jar:4.3.5.RELEASE]
	at org.springframework.context.support.AbstractApplicationContext.refresh(AbstractApplicationContext.java:542) ~[spring-context-4.3.5.RELEASE.jar:4.3.5.RELEASE]
	at org.springframework.test.context.web.AbstractGenericWebContextLoader.loadContext(AbstractGenericWebContextLoader.java:134) ~[spring-test-4.3.5.RELEASE.jar:4.3.5.RELEASE]
	at org.springframework.test.context.web.AbstractGenericWebContextLoader.loadContext(AbstractGenericWebContextLoader.java:61) ~[spring-test-4.3.5.RELEASE.jar:4.3.5.RELEASE]
	at org.springframework.test.context.support.AbstractDelegatingSmartContextLoader.delegateLoading(AbstractDelegatingSmartContextLoader.java:108) ~[spring-test-4.3.5.RELEASE.jar:4.3.5.RELEASE]
	at org.springframework.test.context.support.AbstractDelegatingSmartContextLoader.loadContext(AbstractDelegatingSmartContextLoader.java:251) ~[spring-test-4.3.5.RELEASE.jar:4.3.5.RELEASE]
	at org.springframework.test.context.cache.DefaultCacheAwareContextLoaderDelegate.loadContextInternal(DefaultCacheAwareContextLoaderDelegate.java:98) ~[spring-test-4.3.5.RELEASE.jar:4.3.5.RELEASE]
	at org.springframework.test.context.cache.DefaultCacheAwareContextLoaderDelegate.loadContext(DefaultCacheAwareContextLoaderDelegate.java:116) ~[spring-test-4.3.5.RELEASE.jar:4.3.5.RELEASE]
	... 26 common frames omitted
Caused by: org.springframework.beans.BeanInstantiationException: Failed to instantiate [javax.servlet.Filter]: Factory method &apos;springSecurityFilterChain&apos; threw exception; nested exception is java.lang.IllegalArgumentException: &apos;Savings Account?error&apos; is not a valid redirect URL
	at org.springframework.beans.factory.support.SimpleInstantiationStrategy.instantiate(SimpleInstantiationStrategy.java:189) ~[spring-beans-4.3.5.RELEASE.jar:4.3.5.RELEASE]
	at org.springframework.beans.factory.support.ConstructorResolver.instantiateUsingFactoryMethod(ConstructorResolver.java:588) ~[spring-beans-4.3.5.RELEASE.jar:4.3.5.RELEASE]
	... 45 common frames omitted
Caused by: java.lang.IllegalArgumentException: &apos;Savings Account?error&apos; is not a valid redirect URL
	at org.springframework.util.Assert.isTrue(Assert.java:68) ~[spring-core-4.3.5.RELEASE.jar:4.3.5.RELEASE]
	at org.springframework.security.web.authentication.SimpleUrlAuthenticationFailureHandler.setDefaultFailureUrl(SimpleUrlAuthenticationFailureHandler.java:125) ~[spring-security-web-4.2.2.RELEASE.jar:4.2.2.RELEASE]
	at org.springframework.security.web.authentication.SimpleUrlAuthenticationFailureHandler.&lt;init&gt;(SimpleUrlAuthenticationFailureHandler.java:60) ~[spring-security-web-4.2.2.RELEASE.jar:4.2.2.RELEASE]
	at org.springframework.security.config.annotation.web.configurers.AbstractAuthenticationFilterConfigurer.failureUrl(AbstractAuthenticationFilterConfigurer.java:206) ~[spring-security-config-4.2.2.RELEASE.jar:4.2.2.RELEASE]
	at org.springframework.security.config.annotation.web.configurers.AbstractAuthenticationFilterConfigurer.updateAuthenticationDefaults(AbstractAuthenticationFilterConfigurer.java:368) ~[spring-security-config-4.2.2.RELEASE.jar:4.2.2.RELEASE]
	at org.springframework.security.config.annotation.web.configurers.AbstractAuthenticationFilterConfigurer.loginPage(AbstractAuthenticationFilterConfigurer.java:308) ~[spring-security-config-4.2.2.RELEASE.jar:4.2.2.RELEASE]
	at org.springframework.security.config.annotation.web.configurers.FormLoginConfigurer.loginPage(FormLoginConfigurer.java:183) ~[spring-security-config-4.2.2.RELEASE.jar:4.2.2.RELEASE]
	at edu.ncsu.csc.itrust2.config.SecurityConfig.configure(SecurityConfig.java:89) ~[classes/:na]
	at org.springframework.security.config.annotation.web.configuration.WebSecurityConfigurerAdapter.getHttp(WebSecurityConfigurerAdapter.java:224) ~[spring-security-config-4.2.2.RELEASE.jar:4.2.2.RELEASE]
	at org.springframework.security.config.annotation.web.configuration.WebSecurityConfigurerAdapter.init(WebSecurityConfigurerAdapter.java:315) ~[spring-security-config-4.2.2.RELEASE.jar:4.2.2.RELEASE]
	at org.springframework.security.config.annotation.web.configuration.WebSecurityConfigurerAdapter.init(WebSecurityConfigurerAdapter.java:86) ~[spring-security-config-4.2.2.RELEASE.jar:4.2.2.RELEASE]
	at edu.ncsu.csc.itrust2.config.SecurityConfig$$EnhancerBySpringCGLIB$$f88fd361.init(&lt;generated&gt;) ~[classes/:na]
	at org.springframework.security.config.annotation.AbstractConfiguredSecurityBuilder.init(AbstractConfiguredSecurityBuilder.java:371) ~[spring-security-config-4.2.2.RELEASE.jar:4.2.2.RELEASE]
	at org.springframework.security.config.annotation.AbstractConfiguredSecurityBuilder.doBuild(AbstractConfiguredSecurityBuilder.java:325) ~[spring-security-config-4.2.2.RELEASE.jar:4.2.2.RELEASE]
	at org.springframework.security.config.annotation.AbstractSecurityBuilder.build(AbstractSecurityBuilder.java:41) ~[spring-security-config-4.2.2.RELEASE.jar:4.2.2.RELEASE]
	at org.springframework.security.config.annotation.web.configuration.WebSecurityConfiguration.springSecurityFilterChain(WebSecurityConfiguration.java:104) ~[spring-security-config-4.2.2.RELEASE.jar:4.2.2.RELEASE]
	at org.springframework.security.config.annotation.web.configuration.WebSecurityConfiguration$$EnhancerBySpringCGLIB$$150881e6.CGLIB$springSecurityFilterChain$4(&lt;generated&gt;) ~[spring-security-config-4.2.2.RELEASE.jar:4.2.2.RELEASE]
	at org.springframework.security.config.annotation.web.configuration.WebSecurityConfiguration$$EnhancerBySpringCGLIB$$150881e6$$FastClassBySpringCGLIB$$f9839e81.invoke(&lt;generated&gt;) ~[spring-security-config-4.2.2.RELEASE.jar:4.2.2.RELEASE]
	at org.springframework.cglib.proxy.MethodProxy.invokeSuper(MethodProxy.java:228) ~[spring-core-4.3.5.RELEASE.jar:4.3.5.RELEASE]
	at org.springframework.context.annotation.ConfigurationClassEnhancer$BeanMethodInterceptor.intercept(ConfigurationClassEnhancer.java:356) ~[spring-context-4.3.5.RELEASE.jar:4.3.5.RELEASE]
	at org.springframework.security.config.annotation.web.configuration.WebSecurityConfiguration$$EnhancerBySpringCGLIB$$150881e6.springSecurityFilterChain(&lt;generated&gt;) ~[spring-security-config-4.2.2.RELEASE.jar:4.2.2.RELEASE]
	at sun.reflect.GeneratedMethodAccessor103.invoke(Unknown Source) ~[na:na]
	at sun.reflect.DelegatingMethodAccessorImpl.invoke(DelegatingMethodAccessorImpl.java:43) ~[na:1.8.0_151]
	at java.lang.reflect.Method.invoke(Method.java:498) ~[na:1.8.0_151]
	at org.springframework.beans.factory.support.SimpleInstantiationStrategy.instantiate(SimpleInstantiationStrategy.java:162) ~[spring-beans-4.3.5.RELEASE.jar:4.3.5.RELEASE]
	... 46 common frames omitted
</stdout>
          <failedSince>1</failedSince>
        </case>
      </cases>
    </suite>
    <suite>
      <file>/var/lib/jenkins/jobs/iTrust_Fuzzer/workspace/iTrust2/target/surefire-reports/TEST-edu.ncsu.csc.itrust2.apitest.APIDrugTest.xml</file>
      <name>edu.ncsu.csc.itrust2.apitest.APIDrugTest</name>
      <duration>0.018</duration>
      <time>0.018</time>
      <enclosingBlocks/>
      <enclosingBlockNames/>
      <cases>
        <case>
          <duration>0.0</duration>
          <className>edu.ncsu.csc.itrust2.apitest.APIDrugTest</className>
          <testName>testDrugAPI</testName>
          <skipped>false</skipped>
          <errorStackTrace>java.lang.IllegalStateException: Failed to load ApplicationContext
Caused by: org.springframework.beans.factory.BeanCreationException: Error creating bean with name &apos;springSecurityFilterChain&apos; defined in class path resource [org/springframework/security/config/annotation/web/configuration/WebSecurityConfiguration.class]: Bean instantiation via factory method failed; nested exception is org.springframework.beans.BeanInstantiationException: Failed to instantiate [javax.servlet.Filter]: Factory method &apos;springSecurityFilterChain&apos; threw exception; nested exception is java.lang.IllegalArgumentException: &apos;Savings Account?error&apos; is not a valid redirect URL
Caused by: org.springframework.beans.BeanInstantiationException: Failed to instantiate [javax.servlet.Filter]: Factory method &apos;springSecurityFilterChain&apos; threw exception; nested exception is java.lang.IllegalArgumentException: &apos;Savings Account?error&apos; is not a valid redirect URL
Caused by: java.lang.IllegalArgumentException: &apos;Savings Account?error&apos; is not a valid redirect URL
</errorStackTrace>
          <errorDetails>Failed to load ApplicationContext</errorDetails>
          <stdout>21:59:36.814 [main] DEBUG o.s.t.c.j.SpringJUnit4ClassRunner - SpringJUnit4ClassRunner constructor called with [class edu.ncsu.csc.itrust2.apitest.APIDrugTest]
21:59:36.815 [main] DEBUG o.s.test.context.BootstrapUtils - Instantiating CacheAwareContextLoaderDelegate from class [org.springframework.test.context.cache.DefaultCacheAwareContextLoaderDelegate]
21:59:36.815 [main] DEBUG o.s.test.context.BootstrapUtils - Instantiating BootstrapContext using constructor [public org.springframework.test.context.support.DefaultBootstrapContext(java.lang.Class,org.springframework.test.context.CacheAwareContextLoaderDelegate)]
21:59:36.815 [main] DEBUG o.s.test.context.BootstrapUtils - Instantiating TestContextBootstrapper for test class [edu.ncsu.csc.itrust2.apitest.APIDrugTest] from class [org.springframework.test.context.web.WebTestContextBootstrapper]
21:59:36.815 [main] DEBUG o.s.t.c.s.AbstractDelegatingSmartContextLoader - Delegating to AnnotationConfigWebContextLoader to process context configuration [ContextConfigurationAttributes@27dfa9a4 declaringClass = &apos;edu.ncsu.csc.itrust2.apitest.APIDrugTest&apos;, classes = &apos;{class edu.ncsu.csc.itrust2.config.RootConfiguration, class edu.ncsu.csc.itrust2.mvc.config.WebMvcConfiguration}&apos;, locations = &apos;{}&apos;, inheritLocations = true, initializers = &apos;{}&apos;, inheritInitializers = true, name = [null], contextLoaderClass = &apos;org.springframework.test.context.ContextLoader&apos;].
21:59:36.816 [main] DEBUG o.s.t.c.support.ActiveProfilesUtils - Could not find an &apos;annotation declaring class&apos; for annotation type [org.springframework.test.context.ActiveProfiles] and class [edu.ncsu.csc.itrust2.apitest.APIDrugTest]
21:59:36.816 [main] DEBUG o.s.t.c.w.WebTestContextBootstrapper - @TestExecutionListeners is not present for class [edu.ncsu.csc.itrust2.apitest.APIDrugTest]: using defaults.
21:59:36.817 [main] INFO  o.s.t.c.w.WebTestContextBootstrapper - Loaded default TestExecutionListener class names from location [META-INF/spring.factories]: [org.springframework.security.test.context.support.WithSecurityContextTestExecutionListener, org.springframework.test.context.web.ServletTestExecutionListener, org.springframework.test.context.support.DirtiesContextBeforeModesTestExecutionListener, org.springframework.test.context.support.DependencyInjectionTestExecutionListener, org.springframework.test.context.support.DirtiesContextTestExecutionListener, org.springframework.test.context.transaction.TransactionalTestExecutionListener, org.springframework.test.context.jdbc.SqlScriptsTestExecutionListener]
21:59:36.817 [main] INFO  o.s.t.c.w.WebTestContextBootstrapper - Using TestExecutionListeners: [org.springframework.test.context.web.ServletTestExecutionListener@305e7ccb, org.springframework.test.context.support.DirtiesContextBeforeModesTestExecutionListener@110a3212, org.springframework.test.context.support.DependencyInjectionTestExecutionListener@a3b5c4d, org.springframework.test.context.support.DirtiesContextTestExecutionListener@253a5359, org.springframework.test.context.transaction.TransactionalTestExecutionListener@66c1db11, org.springframework.test.context.jdbc.SqlScriptsTestExecutionListener@269bff79, org.springframework.security.test.context.support.WithSecurityContextTestExecutionListener@769216d3]
21:59:36.817 [main] DEBUG o.s.t.annotation.ProfileValueUtils - Retrieved @ProfileValueSourceConfiguration [null] for test class [edu.ncsu.csc.itrust2.apitest.APIDrugTest]
21:59:36.817 [main] DEBUG o.s.t.annotation.ProfileValueUtils - Retrieved ProfileValueSource type [class org.springframework.test.annotation.SystemProfileValueSource] for class [edu.ncsu.csc.itrust2.apitest.APIDrugTest]
21:59:36.817 [main] DEBUG o.s.t.annotation.ProfileValueUtils - Retrieved @ProfileValueSourceConfiguration [null] for test class [edu.ncsu.csc.itrust2.apitest.APIDrugTest]
21:59:36.817 [main] DEBUG o.s.t.annotation.ProfileValueUtils - Retrieved ProfileValueSource type [class org.springframework.test.annotation.SystemProfileValueSource] for class [edu.ncsu.csc.itrust2.apitest.APIDrugTest]
21:59:36.817 [main] DEBUG o.s.t.annotation.ProfileValueUtils - Retrieved @ProfileValueSourceConfiguration [null] for test class [edu.ncsu.csc.itrust2.apitest.APIDrugTest]
21:59:36.817 [main] DEBUG o.s.t.annotation.ProfileValueUtils - Retrieved ProfileValueSource type [class org.springframework.test.annotation.SystemProfileValueSource] for class [edu.ncsu.csc.itrust2.apitest.APIDrugTest]
21:59:36.817 [main] DEBUG o.s.t.c.s.AbstractDirtiesContextTestExecutionListener - Before test class: context [DefaultTestContext@14533c3 testClass = APIDrugTest, testInstance = [null], testMethod = [null], testException = [null], mergedContextConfiguration = [WebMergedContextConfiguration@69b469a9 testClass = APIDrugTest, locations = &apos;{}&apos;, classes = &apos;{class edu.ncsu.csc.itrust2.config.RootConfiguration, class edu.ncsu.csc.itrust2.mvc.config.WebMvcConfiguration}&apos;, contextInitializerClasses = &apos;[]&apos;, activeProfiles = &apos;{}&apos;, propertySourceLocations = &apos;{}&apos;, propertySourceProperties = &apos;{}&apos;, contextCustomizers = set[[empty]], resourceBasePath = &apos;src/main/webapp&apos;, contextLoader = &apos;org.springframework.test.context.web.WebDelegatingSmartContextLoader&apos;, parent = [null]]], class annotated with @DirtiesContext [false] with mode [null].
21:59:36.817 [main] DEBUG o.s.t.annotation.ProfileValueUtils - Retrieved @ProfileValueSourceConfiguration [null] for test class [edu.ncsu.csc.itrust2.apitest.APIDrugTest]
21:59:36.817 [main] DEBUG o.s.t.annotation.ProfileValueUtils - Retrieved ProfileValueSource type [class org.springframework.test.annotation.SystemProfileValueSource] for class [edu.ncsu.csc.itrust2.apitest.APIDrugTest]
21:59:36.817 [main] DEBUG o.s.t.c.s.AbstractDelegatingSmartContextLoader - Delegating to AnnotationConfigWebContextLoader to load context from [WebMergedContextConfiguration@69b469a9 testClass = APIDrugTest, locations = &apos;{}&apos;, classes = &apos;{class edu.ncsu.csc.itrust2.config.RootConfiguration, class edu.ncsu.csc.itrust2.mvc.config.WebMvcConfiguration}&apos;, contextInitializerClasses = &apos;[]&apos;, activeProfiles = &apos;{}&apos;, propertySourceLocations = &apos;{}&apos;, propertySourceProperties = &apos;{}&apos;, contextCustomizers = set[[empty]], resourceBasePath = &apos;src/main/webapp&apos;, contextLoader = &apos;org.springframework.test.context.web.WebDelegatingSmartContextLoader&apos;, parent = [null]].
21:59:36.817 [main] DEBUG o.s.t.c.w.AbstractGenericWebContextLoader - Loading WebApplicationContext for merged context configuration [WebMergedContextConfiguration@69b469a9 testClass = APIDrugTest, locations = &apos;{}&apos;, classes = &apos;{class edu.ncsu.csc.itrust2.config.RootConfiguration, class edu.ncsu.csc.itrust2.mvc.config.WebMvcConfiguration}&apos;, contextInitializerClasses = &apos;[]&apos;, activeProfiles = &apos;{}&apos;, propertySourceLocations = &apos;{}&apos;, propertySourceProperties = &apos;{}&apos;, contextCustomizers = set[[empty]], resourceBasePath = &apos;src/main/webapp&apos;, contextLoader = &apos;org.springframework.test.context.web.WebDelegatingSmartContextLoader&apos;, parent = [null]].
21:59:36.818 [main] DEBUG o.s.w.c.s.StandardServletEnvironment - Adding [servletConfigInitParams] PropertySource with lowest search precedence
21:59:36.818 [main] DEBUG o.s.w.c.s.StandardServletEnvironment - Adding [servletContextInitParams] PropertySource with lowest search precedence
21:59:36.818 [main] DEBUG o.s.w.c.s.StandardServletEnvironment - Adding [systemProperties] PropertySource with lowest search precedence
21:59:36.818 [main] DEBUG o.s.w.c.s.StandardServletEnvironment - Adding [systemEnvironment] PropertySource with lowest search precedence
21:59:36.818 [main] DEBUG o.s.w.c.s.StandardServletEnvironment - Initialized StandardServletEnvironment with PropertySources [servletConfigInitParams,servletContextInitParams,systemProperties,systemEnvironment]
21:59:36.818 [main] DEBUG o.s.t.c.w.AnnotationConfigWebContextLoader - Registering annotated classes: {class edu.ncsu.csc.itrust2.config.RootConfiguration, class edu.ncsu.csc.itrust2.mvc.config.WebMvcConfiguration}
21:59:36.819 [main] INFO  o.s.w.c.s.GenericWebApplicationContext - Refreshing org.springframework.web.context.support.GenericWebApplicationContext@102d33d1: startup date [Thu Mar 22 21:59:36 UTC 2018]; root of context hierarchy
21:59:36.819 [main] DEBUG o.s.w.c.s.StandardServletEnvironment - Replacing [servletContextInitParams] PropertySource with [servletContextInitParams]
21:59:36.819 [main] DEBUG o.s.w.c.s.GenericWebApplicationContext - Bean factory for org.springframework.web.context.support.GenericWebApplicationContext@102d33d1: org.springframework.beans.factory.support.DefaultListableBeanFactory@766f8b89: defining beans [org.springframework.context.annotation.internalConfigurationAnnotationProcessor,org.springframework.context.annotation.internalAutowiredAnnotationProcessor,org.springframework.context.annotation.internalRequiredAnnotationProcessor,org.springframework.context.annotation.internalCommonAnnotationProcessor,org.springframework.context.annotation.internalPersistenceAnnotationProcessor,org.springframework.context.event.internalEventListenerProcessor,org.springframework.context.event.internalEventListenerFactory,rootConfiguration,webMvcConfiguration]; root of factory hierarchy
21:59:36.819 [main] DEBUG o.s.b.f.s.DefaultListableBeanFactory - Registering scope &apos;request&apos; with implementation [org.springframework.web.context.request.RequestScope@142fb6e7]
21:59:36.819 [main] DEBUG o.s.b.f.s.DefaultListableBeanFactory - Registering scope &apos;session&apos; with implementation [org.springframework.web.context.request.SessionScope@6d65ac08]
21:59:36.819 [main] DEBUG o.s.b.f.s.DefaultListableBeanFactory - Registering scope &apos;globalSession&apos; with implementation [org.springframework.web.context.request.SessionScope@67dc51ee]
21:59:36.819 [main] DEBUG o.s.b.f.s.DefaultListableBeanFactory - Registering scope &apos;application&apos; with implementation [org.springframework.web.context.support.ServletContextScope@5a5079bc]
21:59:36.819 [main] DEBUG o.s.b.f.s.DefaultListableBeanFactory - Creating shared instance of singleton bean &apos;org.springframework.context.annotation.internalConfigurationAnnotationProcessor&apos;
21:59:36.819 [main] DEBUG o.s.b.f.s.DefaultListableBeanFactory - Creating instance of bean &apos;org.springframework.context.annotation.internalConfigurationAnnotationProcessor&apos;
21:59:36.819 [main] DEBUG o.s.b.f.s.DefaultListableBeanFactory - Eagerly caching bean &apos;org.springframework.context.annotation.internalConfigurationAnnotationProcessor&apos; to allow for resolving potential circular references
21:59:36.819 [main] DEBUG o.s.b.f.s.DefaultListableBeanFactory - Finished creating instance of bean &apos;org.springframework.context.annotation.internalConfigurationAnnotationProcessor&apos;
21:59:36.820 [main] DEBUG o.s.core.env.StandardEnvironment - Adding [systemProperties] PropertySource with lowest search precedence
21:59:36.820 [main] DEBUG o.s.core.env.StandardEnvironment - Adding [systemEnvironment] PropertySource with lowest search precedence
21:59:36.820 [main] DEBUG o.s.core.env.StandardEnvironment - Initialized StandardEnvironment with PropertySources [systemProperties,systemEnvironment]
21:59:36.820 [main] DEBUG o.s.c.i.s.PathMatchingResourcePatternResolver - Resolved classpath location [edu/ncsu/csc/itrust2/config/] to resources [URL [file:/var/lib/jenkins/jobs/iTrust_Fuzzer/workspace/iTrust2/target/classes/edu/ncsu/csc/itrust2/config/]]
21:59:36.820 [main] DEBUG o.s.c.i.s.PathMatchingResourcePatternResolver - Looking for matching resources in directory tree [/var/lib/jenkins/jobs/iTrust_Fuzzer/workspace/iTrust2/target/classes/edu/ncsu/csc/itrust2/config]
21:59:36.820 [main] DEBUG o.s.c.i.s.PathMatchingResourcePatternResolver - Searching directory [/var/lib/jenkins/jobs/iTrust_Fuzzer/workspace/iTrust2/target/classes/edu/ncsu/csc/itrust2/config] for files matching pattern [/var/lib/jenkins/jobs/iTrust_Fuzzer/workspace/iTrust2/target/classes/edu/ncsu/csc/itrust2/config/**/*.class]
21:59:36.821 [main] DEBUG o.s.c.i.s.PathMatchingResourcePatternResolver - Resolved location pattern [classpath*:edu/ncsu/csc/itrust2/config/**/*.class] to resources [file [/var/lib/jenkins/jobs/iTrust_Fuzzer/workspace/iTrust2/target/classes/edu/ncsu/csc/itrust2/config/ContextListener.class], file [/var/lib/jenkins/jobs/iTrust_Fuzzer/workspace/iTrust2/target/classes/edu/ncsu/csc/itrust2/config/DataConfiguration.class], file [/var/lib/jenkins/jobs/iTrust_Fuzzer/workspace/iTrust2/target/classes/edu/ncsu/csc/itrust2/config/FailureHandler.class], file [/var/lib/jenkins/jobs/iTrust_Fuzzer/workspace/iTrust2/target/classes/edu/ncsu/csc/itrust2/config/IPFilter.class], file [/var/lib/jenkins/jobs/iTrust_Fuzzer/workspace/iTrust2/target/classes/edu/ncsu/csc/itrust2/config/ITrust2ApplicationInitializer.class], file [/var/lib/jenkins/jobs/iTrust_Fuzzer/workspace/iTrust2/target/classes/edu/ncsu/csc/itrust2/config/ITrust2WebApplicationInitializer.class], file [/var/lib/jenkins/jobs/iTrust_Fuzzer/workspace/iTrust2/target/classes/edu/ncsu/csc/itrust2/config/LoginAuditingListener.class], file [/var/lib/jenkins/jobs/iTrust_Fuzzer/workspace/iTrust2/target/classes/edu/ncsu/csc/itrust2/config/RootConfiguration.class], file [/var/lib/jenkins/jobs/iTrust_Fuzzer/workspace/iTrust2/target/classes/edu/ncsu/csc/itrust2/config/SecurityConfig.class]]
21:59:36.821 [main] DEBUG o.s.c.a.ClassPathBeanDefinitionScanner - Identified candidate component class: file [/var/lib/jenkins/jobs/iTrust_Fuzzer/workspace/iTrust2/target/classes/edu/ncsu/csc/itrust2/config/DataConfiguration.class]
21:59:36.822 [main] DEBUG o.s.c.a.ClassPathBeanDefinitionScanner - Identified candidate component class: file [/var/lib/jenkins/jobs/iTrust_Fuzzer/workspace/iTrust2/target/classes/edu/ncsu/csc/itrust2/config/LoginAuditingListener.class]
21:59:36.822 [main] DEBUG o.s.c.a.ClassPathBeanDefinitionScanner - Identified candidate component class: file [/var/lib/jenkins/jobs/iTrust_Fuzzer/workspace/iTrust2/target/classes/edu/ncsu/csc/itrust2/config/SecurityConfig.class]
21:59:36.831 [main] DEBUG o.s.core.env.StandardEnvironment - Adding [systemProperties] PropertySource with lowest search precedence
21:59:36.831 [main] DEBUG o.s.core.env.StandardEnvironment - Adding [systemEnvironment] PropertySource with lowest search precedence
21:59:36.831 [main] DEBUG o.s.core.env.StandardEnvironment - Initialized StandardEnvironment with PropertySources [systemProperties,systemEnvironment]
21:59:36.832 [main] DEBUG o.s.c.i.s.PathMatchingResourcePatternResolver - Resolved classpath location [edu/ncsu/csc/itrust2/controllers/] to resources [URL [file:/var/lib/jenkins/jobs/iTrust_Fuzzer/workspace/iTrust2/target/classes/edu/ncsu/csc/itrust2/controllers/]]
21:59:36.832 [main] DEBUG o.s.c.i.s.PathMatchingResourcePatternResolver - Looking for matching resources in directory tree [/var/lib/jenkins/jobs/iTrust_Fuzzer/workspace/iTrust2/target/classes/edu/ncsu/csc/itrust2/controllers]
21:59:36.832 [main] DEBUG o.s.c.i.s.PathMatchingResourcePatternResolver - Searching directory [/var/lib/jenkins/jobs/iTrust_Fuzzer/workspace/iTrust2/target/classes/edu/ncsu/csc/itrust2/controllers] for files matching pattern [/var/lib/jenkins/jobs/iTrust_Fuzzer/workspace/iTrust2/target/classes/edu/ncsu/csc/itrust2/controllers/**/*.class]
21:59:36.832 [main] DEBUG o.s.c.i.s.PathMatchingResourcePatternResolver - Searching directory [/var/lib/jenkins/jobs/iTrust_Fuzzer/workspace/iTrust2/target/classes/edu/ncsu/csc/itrust2/controllers/admin] for files matching pattern [/var/lib/jenkins/jobs/iTrust_Fuzzer/workspace/iTrust2/target/classes/edu/ncsu/csc/itrust2/controllers/**/*.class]
21:59:36.832 [main] DEBUG o.s.c.i.s.PathMatchingResourcePatternResolver - Searching directory [/var/lib/jenkins/jobs/iTrust_Fuzzer/workspace/iTrust2/target/classes/edu/ncsu/csc/itrust2/controllers/api] for files matching pattern [/var/lib/jenkins/jobs/iTrust_Fuzzer/workspace/iTrust2/target/classes/edu/ncsu/csc/itrust2/controllers/**/*.class]
21:59:36.832 [main] DEBUG o.s.c.i.s.PathMatchingResourcePatternResolver - Searching directory [/var/lib/jenkins/jobs/iTrust_Fuzzer/workspace/iTrust2/target/classes/edu/ncsu/csc/itrust2/controllers/api/comm] for files matching pattern [/var/lib/jenkins/jobs/iTrust_Fuzzer/workspace/iTrust2/target/classes/edu/ncsu/csc/itrust2/controllers/**/*.class]
21:59:36.833 [main] DEBUG o.s.c.i.s.PathMatchingResourcePatternResolver - Searching directory [/var/lib/jenkins/jobs/iTrust_Fuzzer/workspace/iTrust2/target/classes/edu/ncsu/csc/itrust2/controllers/hcp] for files matching pattern [/var/lib/jenkins/jobs/iTrust_Fuzzer/workspace/iTrust2/target/classes/edu/ncsu/csc/itrust2/controllers/**/*.class]
21:59:36.833 [main] DEBUG o.s.c.i.s.PathMatchingResourcePatternResolver - Searching directory [/var/lib/jenkins/jobs/iTrust_Fuzzer/workspace/iTrust2/target/classes/edu/ncsu/csc/itrust2/controllers/patient] for files matching pattern [/var/lib/jenkins/jobs/iTrust_Fuzzer/workspace/iTrust2/target/classes/edu/ncsu/csc/itrust2/controllers/**/*.class]
21:59:36.833 [main] DEBUG o.s.c.i.s.PathMatchingResourcePatternResolver - Searching directory [/var/lib/jenkins/jobs/iTrust_Fuzzer/workspace/iTrust2/target/classes/edu/ncsu/csc/itrust2/controllers/personnel] for files matching pattern [/var/lib/jenkins/jobs/iTrust_Fuzzer/workspace/iTrust2/target/classes/edu/ncsu/csc/itrust2/controllers/**/*.class]
21:59:36.833 [main] DEBUG o.s.c.i.s.PathMatchingResourcePatternResolver - Resolved location pattern [classpath*:edu/ncsu/csc/itrust2/controllers/**/*.class] to resources [file [/var/lib/jenkins/jobs/iTrust_Fuzzer/workspace/iTrust2/target/classes/edu/ncsu/csc/itrust2/controllers/DefaultController.class], file [/var/lib/jenkins/jobs/iTrust_Fuzzer/workspace/iTrust2/target/classes/edu/ncsu/csc/itrust2/controllers/admin/AdminController.class], file [/var/lib/jenkins/jobs/iTrust_Fuzzer/workspace/iTrust2/target/classes/edu/ncsu/csc/itrust2/controllers/admin/AdminUserController$1.class], file [/var/lib/jenkins/jobs/iTrust_Fuzzer/workspace/iTrust2/target/classes/edu/ncsu/csc/itrust2/controllers/admin/AdminUserController.class], file [/var/lib/jenkins/jobs/iTrust_Fuzzer/workspace/iTrust2/target/classes/edu/ncsu/csc/itrust2/controllers/admin/HospitalController.class], file [/var/lib/jenkins/jobs/iTrust_Fuzzer/workspace/iTrust2/target/classes/edu/ncsu/csc/itrust2/controllers/admin/ICDCodesController.class], file [/var/lib/jenkins/jobs/iTrust_Fuzzer/workspace/iTrust2/target/classes/edu/ncsu/csc/itrust2/controllers/api/APIAppointmentRequestController.class], file [/var/lib/jenkins/jobs/iTrust_Fuzzer/workspace/iTrust2/target/classes/edu/ncsu/csc/itrust2/controllers/api/APIController$JSONResponse.class], file [/var/lib/jenkins/jobs/iTrust_Fuzzer/workspace/iTrust2/target/classes/edu/ncsu/csc/itrust2/controllers/api/APIController.class], file [/var/lib/jenkins/jobs/iTrust_Fuzzer/workspace/iTrust2/target/classes/edu/ncsu/csc/itrust2/controllers/api/APIDiagnosisController.class], file [/var/lib/jenkins/jobs/iTrust_Fuzzer/workspace/iTrust2/target/classes/edu/ncsu/csc/itrust2/controllers/api/APIDrugController.class], file [/var/lib/jenkins/jobs/iTrust_Fuzzer/workspace/iTrust2/target/classes/edu/ncsu/csc/itrust2/controllers/api/APIEnumController.class], file [/var/lib/jenkins/jobs/iTrust_Fuzzer/workspace/iTrust2/target/classes/edu/ncsu/csc/itrust2/controllers/api/APIHospitalController.class], file [/var/lib/jenkins/jobs/iTrust_Fuzzer/workspace/iTrust2/target/classes/edu/ncsu/csc/itrust2/controllers/api/APIICDCodeController.class], file [/var/lib/jenkins/jobs/iTrust_Fuzzer/workspace/iTrust2/target/classes/edu/ncsu/csc/itrust2/controllers/api/APILogEntryController.class], file [/var/lib/jenkins/jobs/iTrust_Fuzzer/workspace/iTrust2/target/classes/edu/ncsu/csc/itrust2/controllers/api/APIOfficeVisitController.class], file [/var/lib/jenkins/jobs/iTrust_Fuzzer/workspace/iTrust2/target/classes/edu/ncsu/csc/itrust2/controllers/api/APIPasswordController.class], file [/var/lib/jenkins/jobs/iTrust_Fuzzer/workspace/iTrust2/target/classes/edu/ncsu/csc/itrust2/controllers/api/APIPatientController.class], file [/var/lib/jenkins/jobs/iTrust_Fuzzer/workspace/iTrust2/target/classes/edu/ncsu/csc/itrust2/controllers/api/APIPersonnelController.class], file [/var/lib/jenkins/jobs/iTrust_Fuzzer/workspace/iTrust2/target/classes/edu/ncsu/csc/itrust2/controllers/api/APIPrescriptionController.class], file [/var/lib/jenkins/jobs/iTrust_Fuzzer/workspace/iTrust2/target/classes/edu/ncsu/csc/itrust2/controllers/api/APIUserController.class], file [/var/lib/jenkins/jobs/iTrust_Fuzzer/workspace/iTrust2/target/classes/edu/ncsu/csc/itrust2/controllers/api/comm/LogEntryRequestBody.class], file [/var/lib/jenkins/jobs/iTrust_Fuzzer/workspace/iTrust2/target/classes/edu/ncsu/csc/itrust2/controllers/api/comm/LogEntryTableRow.class], file [/var/lib/jenkins/jobs/iTrust_Fuzzer/workspace/iTrust2/target/classes/edu/ncsu/csc/itrust2/controllers/hcp/AppointmentControllerHCP.class], file [/var/lib/jenkins/jobs/iTrust_Fuzzer/workspace/iTrust2/target/classes/edu/ncsu/csc/itrust2/controllers/hcp/HCPController.class], file [/var/lib/jenkins/jobs/iTrust_Fuzzer/workspace/iTrust2/target/classes/edu/ncsu/csc/itrust2/controllers/hcp/OfficeVisitController.class], file [/var/lib/jenkins/jobs/iTrust_Fuzzer/workspace/iTrust2/target/classes/edu/ncsu/csc/itrust2/controllers/patient/AppointmentController.class], file [/var/lib/jenkins/jobs/iTrust_Fuzzer/workspace/iTrust2/target/classes/edu/ncsu/csc/itrust2/controllers/patient/DiagnosesController.class], file [/var/lib/jenkins/jobs/iTrust_Fuzzer/workspace/iTrust2/target/classes/edu/ncsu/csc/itrust2/controllers/patient/PatientController.class], file [/var/lib/jenkins/jobs/iTrust_Fuzzer/workspace/iTrust2/target/classes/edu/ncsu/csc/itrust2/controllers/personnel/PasswordController.class], file [/var/lib/jenkins/jobs/iTrust_Fuzzer/workspace/iTrust2/target/classes/edu/ncsu/csc/itrust2/controllers/personnel/UserController.class]]
21:59:36.833 [main] DEBUG o.s.c.a.ClassPathBeanDefinitionScanner - Identified candidate component class: file [/var/lib/jenkins/jobs/iTrust_Fuzzer/workspace/iTrust2/target/classes/edu/ncsu/csc/itrust2/controllers/DefaultController.class]
21:59:36.833 [main] DEBUG o.s.c.a.ClassPathBeanDefinitionScanner - Identified candidate component class: file [/var/lib/jenkins/jobs/iTrust_Fuzzer/workspace/iTrust2/target/classes/edu/ncsu/csc/itrust2/controllers/admin/AdminController.class]
21:59:36.834 [main] DEBUG o.s.c.a.ClassPathBeanDefinitionScanner - Identified candidate component class: file [/var/lib/jenkins/jobs/iTrust_Fuzzer/workspace/iTrust2/target/classes/edu/ncsu/csc/itrust2/controllers/admin/AdminUserController.class]
21:59:36.834 [main] DEBUG o.s.c.a.ClassPathBeanDefinitionScanner - Identified candidate component class: file [/var/lib/jenkins/jobs/iTrust_Fuzzer/workspace/iTrust2/target/classes/edu/ncsu/csc/itrust2/controllers/admin/HospitalController.class]
21:59:36.834 [main] DEBUG o.s.c.a.ClassPathBeanDefinitionScanner - Identified candidate component class: file [/var/lib/jenkins/jobs/iTrust_Fuzzer/workspace/iTrust2/target/classes/edu/ncsu/csc/itrust2/controllers/admin/ICDCodesController.class]
21:59:36.835 [main] DEBUG o.s.c.a.ClassPathBeanDefinitionScanner - Identified candidate component class: file [/var/lib/jenkins/jobs/iTrust_Fuzzer/workspace/iTrust2/target/classes/edu/ncsu/csc/itrust2/controllers/api/APIAppointmentRequestController.class]
21:59:36.835 [main] DEBUG o.s.c.a.ClassPathBeanDefinitionScanner - Identified candidate component class: file [/var/lib/jenkins/jobs/iTrust_Fuzzer/workspace/iTrust2/target/classes/edu/ncsu/csc/itrust2/controllers/api/APIDiagnosisController.class]
21:59:36.836 [main] DEBUG o.s.c.a.ClassPathBeanDefinitionScanner - Identified candidate component class: file [/var/lib/jenkins/jobs/iTrust_Fuzzer/workspace/iTrust2/target/classes/edu/ncsu/csc/itrust2/controllers/api/APIDrugController.class]
21:59:36.836 [main] DEBUG o.s.c.a.ClassPathBeanDefinitionScanner - Identified candidate component class: file [/var/lib/jenkins/jobs/iTrust_Fuzzer/workspace/iTrust2/target/classes/edu/ncsu/csc/itrust2/controllers/api/APIEnumController.class]
21:59:36.837 [main] DEBUG o.s.c.a.ClassPathBeanDefinitionScanner - Identified candidate component class: file [/var/lib/jenkins/jobs/iTrust_Fuzzer/workspace/iTrust2/target/classes/edu/ncsu/csc/itrust2/controllers/api/APIHospitalController.class]
21:59:36.837 [main] DEBUG o.s.c.a.ClassPathBeanDefinitionScanner - Identified candidate component class: file [/var/lib/jenkins/jobs/iTrust_Fuzzer/workspace/iTrust2/target/classes/edu/ncsu/csc/itrust2/controllers/api/APIICDCodeController.class]
21:59:36.837 [main] DEBUG o.s.c.a.ClassPathBeanDefinitionScanner - Identified candidate component class: file [/var/lib/jenkins/jobs/iTrust_Fuzzer/workspace/iTrust2/target/classes/edu/ncsu/csc/itrust2/controllers/api/APILogEntryController.class]
21:59:36.838 [main] DEBUG o.s.c.a.ClassPathBeanDefinitionScanner - Identified candidate component class: file [/var/lib/jenkins/jobs/iTrust_Fuzzer/workspace/iTrust2/target/classes/edu/ncsu/csc/itrust2/controllers/api/APIOfficeVisitController.class]
21:59:36.839 [main] DEBUG o.s.c.a.ClassPathBeanDefinitionScanner - Identified candidate component class: file [/var/lib/jenkins/jobs/iTrust_Fuzzer/workspace/iTrust2/target/classes/edu/ncsu/csc/itrust2/controllers/api/APIPasswordController.class]
21:59:36.839 [main] DEBUG o.s.c.a.ClassPathBeanDefinitionScanner - Identified candidate component class: file [/var/lib/jenkins/jobs/iTrust_Fuzzer/workspace/iTrust2/target/classes/edu/ncsu/csc/itrust2/controllers/api/APIPatientController.class]
21:59:36.840 [main] DEBUG o.s.c.a.ClassPathBeanDefinitionScanner - Identified candidate component class: file [/var/lib/jenkins/jobs/iTrust_Fuzzer/workspace/iTrust2/target/classes/edu/ncsu/csc/itrust2/controllers/api/APIPersonnelController.class]
21:59:36.840 [main] DEBUG o.s.c.a.ClassPathBeanDefinitionScanner - Identified candidate component class: file [/var/lib/jenkins/jobs/iTrust_Fuzzer/workspace/iTrust2/target/classes/edu/ncsu/csc/itrust2/controllers/api/APIPrescriptionController.class]
21:59:36.841 [main] DEBUG o.s.c.a.ClassPathBeanDefinitionScanner - Identified candidate component class: file [/var/lib/jenkins/jobs/iTrust_Fuzzer/workspace/iTrust2/target/classes/edu/ncsu/csc/itrust2/controllers/api/APIUserController.class]
21:59:36.841 [main] DEBUG o.s.c.a.ClassPathBeanDefinitionScanner - Identified candidate component class: file [/var/lib/jenkins/jobs/iTrust_Fuzzer/workspace/iTrust2/target/classes/edu/ncsu/csc/itrust2/controllers/hcp/AppointmentControllerHCP.class]
21:59:36.841 [main] DEBUG o.s.c.a.ClassPathBeanDefinitionScanner - Identified candidate component class: file [/var/lib/jenkins/jobs/iTrust_Fuzzer/workspace/iTrust2/target/classes/edu/ncsu/csc/itrust2/controllers/hcp/HCPController.class]
21:59:36.842 [main] DEBUG o.s.c.a.ClassPathBeanDefinitionScanner - Identified candidate component class: file [/var/lib/jenkins/jobs/iTrust_Fuzzer/workspace/iTrust2/target/classes/edu/ncsu/csc/itrust2/controllers/hcp/OfficeVisitController.class]
21:59:36.842 [main] DEBUG o.s.c.a.ClassPathBeanDefinitionScanner - Identified candidate component class: file [/var/lib/jenkins/jobs/iTrust_Fuzzer/workspace/iTrust2/target/classes/edu/ncsu/csc/itrust2/controllers/patient/AppointmentController.class]
21:59:36.842 [main] DEBUG o.s.c.a.ClassPathBeanDefinitionScanner - Identified candidate component class: file [/var/lib/jenkins/jobs/iTrust_Fuzzer/workspace/iTrust2/target/classes/edu/ncsu/csc/itrust2/controllers/patient/DiagnosesController.class]
21:59:36.843 [main] DEBUG o.s.c.a.ClassPathBeanDefinitionScanner - Identified candidate component class: file [/var/lib/jenkins/jobs/iTrust_Fuzzer/workspace/iTrust2/target/classes/edu/ncsu/csc/itrust2/controllers/patient/PatientController.class]
21:59:36.843 [main] DEBUG o.s.c.a.ClassPathBeanDefinitionScanner - Identified candidate component class: file [/var/lib/jenkins/jobs/iTrust_Fuzzer/workspace/iTrust2/target/classes/edu/ncsu/csc/itrust2/controllers/personnel/PasswordController.class]
21:59:36.843 [main] DEBUG o.s.c.a.ClassPathBeanDefinitionScanner - Identified candidate component class: file [/var/lib/jenkins/jobs/iTrust_Fuzzer/workspace/iTrust2/target/classes/edu/ncsu/csc/itrust2/controllers/personnel/UserController.class]
21:59:36.844 [main] DEBUG o.s.c.i.s.PathMatchingResourcePatternResolver - Resolved classpath location [edu/ncsu/csc/itrust2/config/] to resources [URL [file:/var/lib/jenkins/jobs/iTrust_Fuzzer/workspace/iTrust2/target/classes/edu/ncsu/csc/itrust2/config/]]
21:59:36.844 [main] DEBUG o.s.c.i.s.PathMatchingResourcePatternResolver - Looking for matching resources in directory tree [/var/lib/jenkins/jobs/iTrust_Fuzzer/workspace/iTrust2/target/classes/edu/ncsu/csc/itrust2/config]
21:59:36.844 [main] DEBUG o.s.c.i.s.PathMatchingResourcePatternResolver - Searching directory [/var/lib/jenkins/jobs/iTrust_Fuzzer/workspace/iTrust2/target/classes/edu/ncsu/csc/itrust2/config] for files matching pattern [/var/lib/jenkins/jobs/iTrust_Fuzzer/workspace/iTrust2/target/classes/edu/ncsu/csc/itrust2/config/**/*.class]
21:59:36.844 [main] DEBUG o.s.c.i.s.PathMatchingResourcePatternResolver - Resolved location pattern [classpath*:edu/ncsu/csc/itrust2/config/**/*.class] to resources [file [/var/lib/jenkins/jobs/iTrust_Fuzzer/workspace/iTrust2/target/classes/edu/ncsu/csc/itrust2/config/ContextListener.class], file [/var/lib/jenkins/jobs/iTrust_Fuzzer/workspace/iTrust2/target/classes/edu/ncsu/csc/itrust2/config/DataConfiguration.class], file [/var/lib/jenkins/jobs/iTrust_Fuzzer/workspace/iTrust2/target/classes/edu/ncsu/csc/itrust2/config/FailureHandler.class], file [/var/lib/jenkins/jobs/iTrust_Fuzzer/workspace/iTrust2/target/classes/edu/ncsu/csc/itrust2/config/IPFilter.class], file [/var/lib/jenkins/jobs/iTrust_Fuzzer/workspace/iTrust2/target/classes/edu/ncsu/csc/itrust2/config/ITrust2ApplicationInitializer.class], file [/var/lib/jenkins/jobs/iTrust_Fuzzer/workspace/iTrust2/target/classes/edu/ncsu/csc/itrust2/config/ITrust2WebApplicationInitializer.class], file [/var/lib/jenkins/jobs/iTrust_Fuzzer/workspace/iTrust2/target/classes/edu/ncsu/csc/itrust2/config/LoginAuditingListener.class], file [/var/lib/jenkins/jobs/iTrust_Fuzzer/workspace/iTrust2/target/classes/edu/ncsu/csc/itrust2/config/RootConfiguration.class], file [/var/lib/jenkins/jobs/iTrust_Fuzzer/workspace/iTrust2/target/classes/edu/ncsu/csc/itrust2/config/SecurityConfig.class]]
21:59:36.845 [main] DEBUG o.s.c.a.ClassPathBeanDefinitionScanner - Identified candidate component class: file [/var/lib/jenkins/jobs/iTrust_Fuzzer/workspace/iTrust2/target/classes/edu/ncsu/csc/itrust2/config/DataConfiguration.class]
21:59:36.845 [main] DEBUG o.s.c.a.ClassPathBeanDefinitionScanner - Identified candidate component class: file [/var/lib/jenkins/jobs/iTrust_Fuzzer/workspace/iTrust2/target/classes/edu/ncsu/csc/itrust2/config/LoginAuditingListener.class]
21:59:36.845 [main] DEBUG o.s.c.a.ClassPathBeanDefinitionScanner - Identified candidate component class: file [/var/lib/jenkins/jobs/iTrust_Fuzzer/workspace/iTrust2/target/classes/edu/ncsu/csc/itrust2/config/RootConfiguration.class]
21:59:36.845 [main] DEBUG o.s.c.a.ClassPathBeanDefinitionScanner - Identified candidate component class: file [/var/lib/jenkins/jobs/iTrust_Fuzzer/workspace/iTrust2/target/classes/edu/ncsu/csc/itrust2/config/SecurityConfig.class]
21:59:36.865 [main] DEBUG o.s.c.a.ConfigurationClassBeanDefinitionReader - Registering bean definition for @Bean method edu.ncsu.csc.itrust2.config.DataConfiguration.dataSource()
21:59:36.865 [main] DEBUG o.s.c.a.ConfigurationClassBeanDefinitionReader - Registered bean definition for imported class &apos;org.springframework.security.config.annotation.configuration.ObjectPostProcessorConfiguration&apos;
21:59:36.865 [main] DEBUG o.s.c.a.ConfigurationClassBeanDefinitionReader - Registering bean definition for @Bean method org.springframework.security.config.annotation.configuration.ObjectPostProcessorConfiguration.objectPostProcessor()
21:59:36.865 [main] DEBUG o.s.c.a.ConfigurationClassBeanDefinitionReader - Registered bean definition for imported class &apos;org.springframework.security.config.annotation.authentication.configuration.AuthenticationConfiguration&apos;
21:59:36.865 [main] DEBUG o.s.c.a.ConfigurationClassBeanDefinitionReader - Registering bean definition for @Bean method org.springframework.security.config.annotation.authentication.configuration.AuthenticationConfiguration.authenticationManagerBuilder()
21:59:36.866 [main] DEBUG o.s.c.a.ConfigurationClassBeanDefinitionReader - Registering bean definition for @Bean method org.springframework.security.config.annotation.authentication.configuration.AuthenticationConfiguration.enableGlobalAuthenticationAutowiredConfigurer()
21:59:36.866 [main] DEBUG o.s.c.a.ConfigurationClassBeanDefinitionReader - Registering bean definition for @Bean method org.springframework.security.config.annotation.authentication.configuration.AuthenticationConfiguration.initializeUserDetailsBeanManagerConfigurer()
21:59:36.866 [main] DEBUG o.s.c.a.ConfigurationClassBeanDefinitionReader - Registering bean definition for @Bean method org.springframework.security.config.annotation.authentication.configuration.AuthenticationConfiguration.initializeAuthenticationProviderBeanManagerConfigurer()
21:59:36.866 [main] DEBUG o.s.c.a.ConfigurationClassBeanDefinitionReader - Registered bean definition for imported class &apos;org.springframework.security.config.annotation.web.configuration.WebSecurityConfiguration&apos;
21:59:36.866 [main] DEBUG o.s.c.a.ConfigurationClassBeanDefinitionReader - Registering bean definition for @Bean method org.springframework.security.config.annotation.web.configuration.WebSecurityConfiguration.delegatingApplicationListener()
21:59:36.866 [main] DEBUG o.s.c.a.ConfigurationClassBeanDefinitionReader - Registering bean definition for @Bean method org.springframework.security.config.annotation.web.configuration.WebSecurityConfiguration.webSecurityExpressionHandler()
21:59:36.866 [main] DEBUG o.s.c.a.ConfigurationClassBeanDefinitionReader - Registering bean definition for @Bean method org.springframework.security.config.annotation.web.configuration.WebSecurityConfiguration.springSecurityFilterChain()
21:59:36.866 [main] DEBUG o.s.c.a.ConfigurationClassBeanDefinitionReader - Registering bean definition for @Bean method org.springframework.security.config.annotation.web.configuration.WebSecurityConfiguration.privilegeEvaluator()
21:59:36.866 [main] DEBUG o.s.c.a.ConfigurationClassBeanDefinitionReader - Registering bean definition for @Bean method org.springframework.security.config.annotation.web.configuration.WebSecurityConfiguration.autowiredWebSecurityConfigurersIgnoreParents()
21:59:36.866 [main] DEBUG o.s.c.a.ConfigurationClassBeanDefinitionReader - Registered bean definition for imported class &apos;org.springframework.security.config.annotation.web.configuration.WebMvcSecurityConfiguration&apos;
21:59:36.866 [main] DEBUG o.s.c.a.ConfigurationClassBeanDefinitionReader - Registering bean definition for @Bean method org.springframework.security.config.annotation.web.configuration.WebMvcSecurityConfiguration.requestDataValueProcessor()
21:59:36.866 [main] DEBUG o.s.c.a.ConfigurationClassBeanDefinitionReader - Registering bean definition for @Bean method edu.ncsu.csc.itrust2.config.SecurityConfig.passwordEncoder()
21:59:36.866 [main] DEBUG o.s.c.a.ConfigurationClassBeanDefinitionReader - Registering bean definition for @Bean method edu.ncsu.csc.itrust2.config.SecurityConfig.defaultAuthenticationEventPublisher()
21:59:36.866 [main] DEBUG o.s.c.a.ConfigurationClassBeanDefinitionReader - Registering bean definition for @Bean method edu.ncsu.csc.itrust2.config.SecurityConfig.failureHandler()
21:59:36.866 [main] DEBUG o.s.c.a.ConfigurationClassBeanDefinitionReader - Registering bean definition for @Bean method edu.ncsu.csc.itrust2.config.SecurityConfig.ipBlockFilter()
21:59:36.866 [main] DEBUG o.s.c.a.ConfigurationClassBeanDefinitionReader - Registered bean definition for imported class &apos;org.springframework.web.servlet.config.annotation.DelegatingWebMvcConfiguration&apos;
21:59:36.867 [main] DEBUG o.s.c.a.ConfigurationClassBeanDefinitionReader - Registering bean definition for @Bean method org.springframework.web.servlet.config.annotation.DelegatingWebMvcConfiguration.mvcConversionService()
21:59:36.867 [main] DEBUG o.s.c.a.ConfigurationClassBeanDefinitionReader - Registering bean definition for @Bean method org.springframework.web.servlet.config.annotation.DelegatingWebMvcConfiguration.requestMappingHandlerMapping()
21:59:36.867 [main] DEBUG o.s.c.a.ConfigurationClassBeanDefinitionReader - Registering bean definition for @Bean method org.springframework.web.servlet.config.annotation.DelegatingWebMvcConfiguration.mvcPathMatcher()
21:59:36.867 [main] DEBUG o.s.c.a.ConfigurationClassBeanDefinitionReader - Registering bean definition for @Bean method org.springframework.web.servlet.config.annotation.DelegatingWebMvcConfiguration.mvcUrlPathHelper()
21:59:36.867 [main] DEBUG o.s.c.a.ConfigurationClassBeanDefinitionReader - Registering bean definition for @Bean method org.springframework.web.servlet.config.annotation.DelegatingWebMvcConfiguration.mvcContentNegotiationManager()
21:59:36.867 [main] DEBUG o.s.c.a.ConfigurationClassBeanDefinitionReader - Registering bean definition for @Bean method org.springframework.web.servlet.config.annotation.DelegatingWebMvcConfiguration.viewControllerHandlerMapping()
21:59:36.867 [main] DEBUG o.s.c.a.ConfigurationClassBeanDefinitionReader - Registering bean definition for @Bean method org.springframework.web.servlet.config.annotation.DelegatingWebMvcConfiguration.beanNameHandlerMapping()
21:59:36.867 [main] DEBUG o.s.c.a.ConfigurationClassBeanDefinitionReader - Registering bean definition for @Bean method org.springframework.web.servlet.config.annotation.DelegatingWebMvcConfiguration.resourceHandlerMapping()
21:59:36.867 [main] DEBUG o.s.c.a.ConfigurationClassBeanDefinitionReader - Registering bean definition for @Bean method org.springframework.web.servlet.config.annotation.DelegatingWebMvcConfiguration.mvcResourceUrlProvider()
21:59:36.867 [main] DEBUG o.s.c.a.ConfigurationClassBeanDefinitionReader - Registering bean definition for @Bean method org.springframework.web.servlet.config.annotation.DelegatingWebMvcConfiguration.defaultServletHandlerMapping()
21:59:36.867 [main] DEBUG o.s.c.a.ConfigurationClassBeanDefinitionReader - Registering bean definition for @Bean method org.springframework.web.servlet.config.annotation.DelegatingWebMvcConfiguration.requestMappingHandlerAdapter()
21:59:36.867 [main] DEBUG o.s.c.a.ConfigurationClassBeanDefinitionReader - Registering bean definition for @Bean method org.springframework.web.servlet.config.annotation.DelegatingWebMvcConfiguration.mvcValidator()
21:59:36.868 [main] DEBUG o.s.c.a.ConfigurationClassBeanDefinitionReader - Registering bean definition for @Bean method org.springframework.web.servlet.config.annotation.DelegatingWebMvcConfiguration.mvcUriComponentsContributor()
21:59:36.868 [main] DEBUG o.s.c.a.ConfigurationClassBeanDefinitionReader - Registering bean definition for @Bean method org.springframework.web.servlet.config.annotation.DelegatingWebMvcConfiguration.httpRequestHandlerAdapter()
21:59:36.868 [main] DEBUG o.s.c.a.ConfigurationClassBeanDefinitionReader - Registering bean definition for @Bean method org.springframework.web.servlet.config.annotation.DelegatingWebMvcConfiguration.simpleControllerHandlerAdapter()
21:59:36.868 [main] DEBUG o.s.c.a.ConfigurationClassBeanDefinitionReader - Registering bean definition for @Bean method org.springframework.web.servlet.config.annotation.DelegatingWebMvcConfiguration.handlerExceptionResolver()
21:59:36.868 [main] DEBUG o.s.c.a.ConfigurationClassBeanDefinitionReader - Registering bean definition for @Bean method org.springframework.web.servlet.config.annotation.DelegatingWebMvcConfiguration.mvcViewResolver()
21:59:36.868 [main] DEBUG o.s.c.a.ConfigurationClassBeanDefinitionReader - Registered bean definition for imported class &apos;org.springframework.security.config.annotation.method.configuration.GlobalMethodSecurityConfiguration&apos;
21:59:36.868 [main] DEBUG o.s.c.a.ConfigurationClassBeanDefinitionReader - Registering bean definition for @Bean method org.springframework.security.config.annotation.method.configuration.GlobalMethodSecurityConfiguration.methodSecurityInterceptor()
21:59:36.868 [main] DEBUG o.s.c.a.ConfigurationClassBeanDefinitionReader - Registering bean definition for @Bean method org.springframework.security.config.annotation.method.configuration.GlobalMethodSecurityConfiguration.methodSecurityMetadataSource()
21:59:36.868 [main] DEBUG o.s.c.a.ConfigurationClassBeanDefinitionReader - Registering bean definition for @Bean method org.springframework.security.config.annotation.method.configuration.GlobalMethodSecurityConfiguration.preInvocationAuthorizationAdvice()
21:59:36.868 [main] DEBUG o.s.c.a.ConfigurationClassBeanDefinitionReader - Registering bean definition for @Bean method edu.ncsu.csc.itrust2.mvc.config.WebMvcConfiguration.viewResolver()
21:59:36.868 [main] DEBUG o.s.c.a.ConfigurationClassBeanDefinitionReader - Registering bean definition for @Bean method edu.ncsu.csc.itrust2.mvc.config.WebMvcConfiguration.templateEngine()
21:59:36.868 [main] DEBUG o.s.c.a.ConfigurationClassBeanDefinitionReader - Registering bean definition for @Bean method edu.ncsu.csc.itrust2.mvc.config.WebMvcConfiguration.domainClassConverter()
21:59:36.871 [main] DEBUG o.s.c.a.ConfigurationClassEnhancer - Successfully enhanced edu.ncsu.csc.itrust2.config.RootConfiguration; enhanced class name is: edu.ncsu.csc.itrust2.config.RootConfiguration$$EnhancerBySpringCGLIB$$c1d00685
21:59:36.871 [main] DEBUG o.s.c.a.ConfigurationClassPostProcessor - Replacing bean definition &apos;rootConfiguration&apos; existing class &apos;edu.ncsu.csc.itrust2.config.RootConfiguration&apos; with enhanced class &apos;edu.ncsu.csc.itrust2.config.RootConfiguration$$EnhancerBySpringCGLIB$$c1d00685&apos;
21:59:36.871 [main] DEBUG o.s.c.a.ConfigurationClassEnhancer - Successfully enhanced edu.ncsu.csc.itrust2.mvc.config.WebMvcConfiguration; enhanced class name is: edu.ncsu.csc.itrust2.mvc.config.WebMvcConfiguration$$EnhancerBySpringCGLIB$$de7b09d5
21:59:36.871 [main] DEBUG o.s.c.a.ConfigurationClassPostProcessor - Replacing bean definition &apos;webMvcConfiguration&apos; existing class &apos;edu.ncsu.csc.itrust2.mvc.config.WebMvcConfiguration&apos; with enhanced class &apos;edu.ncsu.csc.itrust2.mvc.config.WebMvcConfiguration$$EnhancerBySpringCGLIB$$de7b09d5&apos;
21:59:36.871 [main] DEBUG o.s.c.a.ConfigurationClassEnhancer - Successfully enhanced edu.ncsu.csc.itrust2.config.DataConfiguration; enhanced class name is: edu.ncsu.csc.itrust2.config.DataConfiguration$$EnhancerBySpringCGLIB$$60f4bbd
21:59:36.871 [main] DEBUG o.s.c.a.ConfigurationClassPostProcessor - Replacing bean definition &apos;dataConfiguration&apos; existing class &apos;edu.ncsu.csc.itrust2.config.DataConfiguration&apos; with enhanced class &apos;edu.ncsu.csc.itrust2.config.DataConfiguration$$EnhancerBySpringCGLIB$$60f4bbd&apos;
21:59:36.871 [main] DEBUG o.s.c.a.ConfigurationClassEnhancer - Successfully enhanced edu.ncsu.csc.itrust2.config.SecurityConfig; enhanced class name is: edu.ncsu.csc.itrust2.config.SecurityConfig$$EnhancerBySpringCGLIB$$f88fd361
21:59:36.871 [main] DEBUG o.s.c.a.ConfigurationClassPostProcessor - Replacing bean definition &apos;securityConfig&apos; existing class &apos;edu.ncsu.csc.itrust2.config.SecurityConfig&apos; with enhanced class &apos;edu.ncsu.csc.itrust2.config.SecurityConfig$$EnhancerBySpringCGLIB$$f88fd361&apos;
21:59:36.871 [main] DEBUG o.s.c.a.ConfigurationClassEnhancer - Successfully enhanced org.springframework.security.config.annotation.configuration.ObjectPostProcessorConfiguration; enhanced class name is: org.springframework.security.config.annotation.configuration.ObjectPostProcessorConfiguration$$EnhancerBySpringCGLIB$$6851d2d
21:59:36.871 [main] DEBUG o.s.c.a.ConfigurationClassPostProcessor - Replacing bean definition &apos;org.springframework.security.config.annotation.configuration.ObjectPostProcessorConfiguration&apos; existing class &apos;org.springframework.security.config.annotation.configuration.ObjectPostProcessorConfiguration&apos; with enhanced class &apos;org.springframework.security.config.annotation.configuration.ObjectPostProcessorConfiguration$$EnhancerBySpringCGLIB$$6851d2d&apos;
21:59:36.871 [main] DEBUG o.s.c.a.ConfigurationClassEnhancer - Successfully enhanced org.springframework.security.config.annotation.authentication.configuration.AuthenticationConfiguration; enhanced class name is: org.springframework.security.config.annotation.authentication.configuration.AuthenticationConfiguration$$EnhancerBySpringCGLIB$$524e27a2
21:59:36.871 [main] DEBUG o.s.c.a.ConfigurationClassPostProcessor - Replacing bean definition &apos;org.springframework.security.config.annotation.authentication.configuration.AuthenticationConfiguration&apos; existing class &apos;org.springframework.security.config.annotation.authentication.configuration.AuthenticationConfiguration&apos; with enhanced class &apos;org.springframework.security.config.annotation.authentication.configuration.AuthenticationConfiguration$$EnhancerBySpringCGLIB$$524e27a2&apos;
21:59:36.871 [main] DEBUG o.s.c.a.ConfigurationClassEnhancer - Successfully enhanced org.springframework.security.config.annotation.authentication.configuration.AuthenticationConfiguration; enhanced class name is: org.springframework.security.config.annotation.authentication.configuration.AuthenticationConfiguration$$EnhancerBySpringCGLIB$$524e27a2
21:59:36.871 [main] DEBUG o.s.c.a.ConfigurationClassPostProcessor - Replacing bean definition &apos;enableGlobalAuthenticationAutowiredConfigurer&apos; existing class &apos;org.springframework.security.config.annotation.authentication.configuration.AuthenticationConfiguration&apos; with enhanced class &apos;org.springframework.security.config.annotation.authentication.configuration.AuthenticationConfiguration$$EnhancerBySpringCGLIB$$524e27a2&apos;
21:59:36.871 [main] DEBUG o.s.c.a.ConfigurationClassEnhancer - Successfully enhanced org.springframework.security.config.annotation.authentication.configuration.AuthenticationConfiguration; enhanced class name is: org.springframework.security.config.annotation.authentication.configuration.AuthenticationConfiguration$$EnhancerBySpringCGLIB$$524e27a2
21:59:36.871 [main] DEBUG o.s.c.a.ConfigurationClassPostProcessor - Replacing bean definition &apos;initializeUserDetailsBeanManagerConfigurer&apos; existing class &apos;org.springframework.security.config.annotation.authentication.configuration.AuthenticationConfiguration&apos; with enhanced class &apos;org.springframework.security.config.annotation.authentication.configuration.AuthenticationConfiguration$$EnhancerBySpringCGLIB$$524e27a2&apos;
21:59:36.871 [main] DEBUG o.s.c.a.ConfigurationClassEnhancer - Successfully enhanced org.springframework.security.config.annotation.authentication.configuration.AuthenticationConfiguration; enhanced class name is: org.springframework.security.config.annotation.authentication.configuration.AuthenticationConfiguration$$EnhancerBySpringCGLIB$$524e27a2
21:59:36.871 [main] DEBUG o.s.c.a.ConfigurationClassPostProcessor - Replacing bean definition &apos;initializeAuthenticationProviderBeanManagerConfigurer&apos; existing class &apos;org.springframework.security.config.annotation.authentication.configuration.AuthenticationConfiguration&apos; with enhanced class &apos;org.springframework.security.config.annotation.authentication.configuration.AuthenticationConfiguration$$EnhancerBySpringCGLIB$$524e27a2&apos;
21:59:36.871 [main] DEBUG o.s.c.a.ConfigurationClassEnhancer - Successfully enhanced org.springframework.security.config.annotation.web.configuration.WebSecurityConfiguration; enhanced class name is: org.springframework.security.config.annotation.web.configuration.WebSecurityConfiguration$$EnhancerBySpringCGLIB$$150881e6
21:59:36.871 [main] DEBUG o.s.c.a.ConfigurationClassPostProcessor - Replacing bean definition &apos;org.springframework.security.config.annotation.web.configuration.WebSecurityConfiguration&apos; existing class &apos;org.springframework.security.config.annotation.web.configuration.WebSecurityConfiguration&apos; with enhanced class &apos;org.springframework.security.config.annotation.web.configuration.WebSecurityConfiguration$$EnhancerBySpringCGLIB$$150881e6&apos;
21:59:36.871 [main] DEBUG o.s.c.a.ConfigurationClassEnhancer - Successfully enhanced org.springframework.security.config.annotation.web.configuration.WebSecurityConfiguration; enhanced class name is: org.springframework.security.config.annotation.web.configuration.WebSecurityConfiguration$$EnhancerBySpringCGLIB$$150881e6
21:59:36.871 [main] DEBUG o.s.c.a.ConfigurationClassPostProcessor - Replacing bean definition &apos;delegatingApplicationListener&apos; existing class &apos;org.springframework.security.config.annotation.web.configuration.WebSecurityConfiguration&apos; with enhanced class &apos;org.springframework.security.config.annotation.web.configuration.WebSecurityConfiguration$$EnhancerBySpringCGLIB$$150881e6&apos;
21:59:36.872 [main] DEBUG o.s.c.a.ConfigurationClassEnhancer - Successfully enhanced org.springframework.web.servlet.config.annotation.DelegatingWebMvcConfiguration; enhanced class name is: org.springframework.web.servlet.config.annotation.DelegatingWebMvcConfiguration$$EnhancerBySpringCGLIB$$32983a29
21:59:36.872 [main] DEBUG o.s.c.a.ConfigurationClassPostProcessor - Replacing bean definition &apos;org.springframework.web.servlet.config.annotation.DelegatingWebMvcConfiguration&apos; existing class &apos;org.springframework.web.servlet.config.annotation.DelegatingWebMvcConfiguration&apos; with enhanced class &apos;org.springframework.web.servlet.config.annotation.DelegatingWebMvcConfiguration$$EnhancerBySpringCGLIB$$32983a29&apos;
21:59:36.872 [main] DEBUG o.s.c.a.ConfigurationClassEnhancer - Successfully enhanced org.springframework.security.config.annotation.method.configuration.GlobalMethodSecurityConfiguration; enhanced class name is: org.springframework.security.config.annotation.method.configuration.GlobalMethodSecurityConfiguration$$EnhancerBySpringCGLIB$$2b59bfdf
21:59:36.872 [main] DEBUG o.s.c.a.ConfigurationClassP
...[truncated 195473 chars]...
.String edu.ncsu.csc.itrust2.controllers.patient.PatientController.viewDemographics(org.springframework.ui.Model)]] with attributes [[authorize: &apos;hasRole(&apos;ROLE_PATIENT&apos;)&apos;, filter: &apos;null&apos;, filterTarget: &apos;null&apos;]]
21:59:37.185 [main] DEBUG o.s.aop.framework.CglibAopProxy - Unable to apply any optimisations to advised method: public java.lang.String edu.ncsu.csc.itrust2.controllers.patient.PatientController.viewDemographics(org.springframework.ui.Model)
21:59:37.185 [main] DEBUG o.s.s.a.p.PrePostAnnotationSecurityMetadataSource - @org.springframework.security.access.prepost.PreAuthorize(value=hasRole(&apos;ROLE_PATIENT&apos;)) found on specific method: public java.lang.String edu.ncsu.csc.itrust2.controllers.patient.PatientController.demographicsSubmit(edu.ncsu.csc.itrust2.forms.hcp_patient.PatientForm,org.springframework.validation.BindingResult,org.springframework.ui.Model)
21:59:37.185 [main] DEBUG o.s.s.a.m.DelegatingMethodSecurityMetadataSource - Caching method [CacheKey[edu.ncsu.csc.itrust2.controllers.patient.PatientController; public java.lang.String edu.ncsu.csc.itrust2.controllers.patient.PatientController.demographicsSubmit(edu.ncsu.csc.itrust2.forms.hcp_patient.PatientForm,org.springframework.validation.BindingResult,org.springframework.ui.Model)]] with attributes [[authorize: &apos;hasRole(&apos;ROLE_PATIENT&apos;)&apos;, filter: &apos;null&apos;, filterTarget: &apos;null&apos;]]
21:59:37.185 [main] DEBUG o.s.aop.framework.CglibAopProxy - Unable to apply any optimisations to advised method: public java.lang.String edu.ncsu.csc.itrust2.controllers.patient.PatientController.demographicsSubmit(edu.ncsu.csc.itrust2.forms.hcp_patient.PatientForm,org.springframework.validation.BindingResult,org.springframework.ui.Model)
21:59:37.185 [main] DEBUG o.s.s.a.p.PrePostAnnotationSecurityMetadataSource - @org.springframework.security.access.prepost.PreAuthorize(value=hasRole(&apos;ROLE_PATIENT&apos;)) found on specific method: public java.lang.String edu.ncsu.csc.itrust2.controllers.patient.PatientController.index(org.springframework.ui.Model)
21:59:37.185 [main] DEBUG o.s.s.a.m.DelegatingMethodSecurityMetadataSource - Caching method [CacheKey[edu.ncsu.csc.itrust2.controllers.patient.PatientController; public java.lang.String edu.ncsu.csc.itrust2.controllers.patient.PatientController.index(org.springframework.ui.Model)]] with attributes [[authorize: &apos;hasRole(&apos;ROLE_PATIENT&apos;)&apos;, filter: &apos;null&apos;, filterTarget: &apos;null&apos;]]
21:59:37.185 [main] DEBUG o.s.aop.framework.CglibAopProxy - Unable to apply any optimisations to advised method: public java.lang.String edu.ncsu.csc.itrust2.controllers.patient.PatientController.index(org.springframework.ui.Model)
21:59:37.185 [main] DEBUG o.s.aop.framework.CglibAopProxy - Found &apos;equals&apos; method: public boolean java.lang.Object.equals(java.lang.Object)
21:59:37.185 [main] DEBUG o.s.aop.framework.CglibAopProxy - Unable to apply any optimisations to advised method: public java.lang.String java.lang.Object.toString()
21:59:37.186 [main] DEBUG o.s.aop.framework.CglibAopProxy - Found &apos;hashCode&apos; method: public native int java.lang.Object.hashCode()
21:59:37.186 [main] DEBUG o.s.aop.framework.CglibAopProxy - Unable to apply any optimisations to advised method: protected native java.lang.Object java.lang.Object.clone() throws java.lang.CloneNotSupportedException
21:59:37.186 [main] DEBUG o.s.aop.framework.CglibAopProxy - Method is declared on Advised interface: public abstract void org.springframework.aop.framework.Advised.setTargetSource(org.springframework.aop.TargetSource)
21:59:37.186 [main] DEBUG o.s.aop.framework.CglibAopProxy - Method is declared on Advised interface: public abstract org.springframework.aop.TargetSource org.springframework.aop.framework.Advised.getTargetSource()
21:59:37.186 [main] DEBUG o.s.aop.framework.CglibAopProxy - Method is declared on Advised interface: public abstract boolean org.springframework.aop.framework.Advised.isProxyTargetClass()
21:59:37.186 [main] DEBUG o.s.aop.framework.CglibAopProxy - Method is declared on Advised interface: public abstract void org.springframework.aop.framework.Advised.addAdvisor(org.springframework.aop.Advisor) throws org.springframework.aop.framework.AopConfigException
21:59:37.186 [main] DEBUG o.s.aop.framework.CglibAopProxy - Method is declared on Advised interface: public abstract void org.springframework.aop.framework.Advised.addAdvisor(int,org.springframework.aop.Advisor) throws org.springframework.aop.framework.AopConfigException
21:59:37.186 [main] DEBUG o.s.aop.framework.CglibAopProxy - Method is declared on Advised interface: public abstract void org.springframework.aop.framework.Advised.setPreFiltered(boolean)
21:59:37.186 [main] DEBUG o.s.aop.framework.CglibAopProxy - Method is declared on Advised interface: public abstract void org.springframework.aop.framework.Advised.setExposeProxy(boolean)
21:59:37.186 [main] DEBUG o.s.aop.framework.CglibAopProxy - Method is declared on Advised interface: public abstract boolean org.springframework.aop.framework.Advised.isExposeProxy()
21:59:37.186 [main] DEBUG o.s.aop.framework.CglibAopProxy - Method is declared on Advised interface: public abstract boolean org.springframework.aop.framework.Advised.isPreFiltered()
21:59:37.186 [main] DEBUG o.s.aop.framework.CglibAopProxy - Method is declared on Advised interface: public abstract java.lang.Class[] org.springframework.aop.framework.Advised.getProxiedInterfaces()
21:59:37.186 [main] DEBUG o.s.aop.framework.CglibAopProxy - Method is declared on Advised interface: public abstract boolean org.springframework.aop.framework.Advised.isInterfaceProxied(java.lang.Class)
21:59:37.186 [main] DEBUG o.s.aop.framework.CglibAopProxy - Method is declared on Advised interface: public abstract org.springframework.aop.Advisor[] org.springframework.aop.framework.Advised.getAdvisors()
21:59:37.186 [main] DEBUG o.s.aop.framework.CglibAopProxy - Method is declared on Advised interface: public abstract void org.springframework.aop.framework.Advised.removeAdvisor(int) throws org.springframework.aop.framework.AopConfigException
21:59:37.186 [main] DEBUG o.s.aop.framework.CglibAopProxy - Method is declared on Advised interface: public abstract boolean org.springframework.aop.framework.Advised.removeAdvisor(org.springframework.aop.Advisor)
21:59:37.186 [main] DEBUG o.s.aop.framework.CglibAopProxy - Method is declared on Advised interface: public abstract boolean org.springframework.aop.framework.Advised.replaceAdvisor(org.springframework.aop.Advisor,org.springframework.aop.Advisor) throws org.springframework.aop.framework.AopConfigException
21:59:37.186 [main] DEBUG o.s.aop.framework.CglibAopProxy - Method is declared on Advised interface: public abstract boolean org.springframework.aop.framework.Advised.removeAdvice(org.aopalliance.aop.Advice)
21:59:37.186 [main] DEBUG o.s.aop.framework.CglibAopProxy - Method is declared on Advised interface: public abstract java.lang.String org.springframework.aop.framework.Advised.toProxyConfigString()
21:59:37.186 [main] DEBUG o.s.aop.framework.CglibAopProxy - Method is declared on Advised interface: public abstract void org.springframework.aop.framework.Advised.addAdvice(int,org.aopalliance.aop.Advice) throws org.springframework.aop.framework.AopConfigException
21:59:37.186 [main] DEBUG o.s.aop.framework.CglibAopProxy - Method is declared on Advised interface: public abstract void org.springframework.aop.framework.Advised.addAdvice(org.aopalliance.aop.Advice) throws org.springframework.aop.framework.AopConfigException
21:59:37.186 [main] DEBUG o.s.aop.framework.CglibAopProxy - Method is declared on Advised interface: public abstract int org.springframework.aop.framework.Advised.indexOf(org.aopalliance.aop.Advice)
21:59:37.186 [main] DEBUG o.s.aop.framework.CglibAopProxy - Method is declared on Advised interface: public abstract int org.springframework.aop.framework.Advised.indexOf(org.springframework.aop.Advisor)
21:59:37.186 [main] DEBUG o.s.aop.framework.CglibAopProxy - Method is declared on Advised interface: public abstract boolean org.springframework.aop.framework.Advised.isFrozen()
21:59:37.186 [main] DEBUG o.s.aop.framework.CglibAopProxy - Method is declared on Advised interface: public abstract java.lang.Class org.springframework.aop.TargetClassAware.getTargetClass()
21:59:37.191 [main] DEBUG o.s.b.f.s.DefaultListableBeanFactory - Finished creating instance of bean &apos;patientController&apos;
21:59:37.191 [main] DEBUG o.s.b.f.s.DefaultListableBeanFactory - Creating shared instance of singleton bean &apos;passwordController&apos;
21:59:37.191 [main] DEBUG o.s.b.f.s.DefaultListableBeanFactory - Creating instance of bean &apos;passwordController&apos;
21:59:37.191 [main] DEBUG o.s.b.f.s.DefaultListableBeanFactory - Eagerly caching bean &apos;passwordController&apos; to allow for resolving potential circular references
21:59:37.191 [main] DEBUG o.s.b.f.s.DefaultListableBeanFactory - Returning cached instance of singleton bean &apos;metaDataSourceAdvisor&apos;
21:59:37.192 [main] DEBUG o.s.b.f.s.DefaultListableBeanFactory - Finished creating instance of bean &apos;passwordController&apos;
21:59:37.192 [main] DEBUG o.s.b.f.s.DefaultListableBeanFactory - Creating shared instance of singleton bean &apos;userController&apos;
21:59:37.192 [main] DEBUG o.s.b.f.s.DefaultListableBeanFactory - Creating instance of bean &apos;userController&apos;
21:59:37.192 [main] DEBUG o.s.b.f.s.DefaultListableBeanFactory - Eagerly caching bean &apos;userController&apos; to allow for resolving potential circular references
21:59:37.192 [main] DEBUG o.s.b.f.s.DefaultListableBeanFactory - Returning cached instance of singleton bean &apos;metaDataSourceAdvisor&apos;
21:59:37.193 [main] DEBUG o.s.s.a.p.PrePostAnnotationSecurityMetadataSource - @org.springframework.security.access.prepost.PreAuthorize(value=hasRole(&apos;ROLE_HCP&apos;) or hasRole(&apos;ROLE_ADMIN&apos;)) found on specific method: public java.lang.String edu.ncsu.csc.itrust2.controllers.personnel.UserController.viewDemographics(org.springframework.ui.Model)
21:59:37.194 [main] DEBUG o.s.s.a.m.DelegatingMethodSecurityMetadataSource - Caching method [CacheKey[edu.ncsu.csc.itrust2.controllers.personnel.UserController; public java.lang.String edu.ncsu.csc.itrust2.controllers.personnel.UserController.viewDemographics(org.springframework.ui.Model)]] with attributes [[authorize: &apos;hasRole(&apos;ROLE_HCP&apos;) or hasRole(&apos;ROLE_ADMIN&apos;)&apos;, filter: &apos;null&apos;, filterTarget: &apos;null&apos;]]
21:59:37.194 [main] DEBUG o.s.a.f.a.InfrastructureAdvisorAutoProxyCreator - Creating implicit proxy for bean &apos;userController&apos; with 0 common interceptors and 1 specific interceptors
21:59:37.194 [main] DEBUG o.s.aop.framework.CglibAopProxy - Creating CGLIB proxy: target source is SingletonTargetSource for target object [edu.ncsu.csc.itrust2.controllers.personnel.UserController@47c2f550]
21:59:37.194 [main] DEBUG o.s.aop.framework.CglibAopProxy - Unable to apply any optimisations to advised method: public java.lang.String edu.ncsu.csc.itrust2.controllers.personnel.UserController.viewDemographics(org.springframework.ui.Model)
21:59:37.194 [main] DEBUG o.s.s.a.p.PrePostAnnotationSecurityMetadataSource - @org.springframework.security.access.prepost.PreAuthorize(value=hasRole(&apos;ROLE_HCP&apos;) or hasRole(&apos;ROLE_ADMIN&apos;)) found on specific method: public java.lang.String edu.ncsu.csc.itrust2.controllers.personnel.UserController.demographicsSubmit(edu.ncsu.csc.itrust2.forms.personnel.PersonnelForm,org.springframework.validation.BindingResult,org.springframework.ui.Model)
21:59:37.194 [main] DEBUG o.s.s.a.m.DelegatingMethodSecurityMetadataSource - Caching method [CacheKey[edu.ncsu.csc.itrust2.controllers.personnel.UserController; public java.lang.String edu.ncsu.csc.itrust2.controllers.personnel.UserController.demographicsSubmit(edu.ncsu.csc.itrust2.forms.personnel.PersonnelForm,org.springframework.validation.BindingResult,org.springframework.ui.Model)]] with attributes [[authorize: &apos;hasRole(&apos;ROLE_HCP&apos;) or hasRole(&apos;ROLE_ADMIN&apos;)&apos;, filter: &apos;null&apos;, filterTarget: &apos;null&apos;]]
21:59:37.194 [main] DEBUG o.s.aop.framework.CglibAopProxy - Unable to apply any optimisations to advised method: public java.lang.String edu.ncsu.csc.itrust2.controllers.personnel.UserController.demographicsSubmit(edu.ncsu.csc.itrust2.forms.personnel.PersonnelForm,org.springframework.validation.BindingResult,org.springframework.ui.Model)
21:59:37.194 [main] DEBUG o.s.aop.framework.CglibAopProxy - Found &apos;equals&apos; method: public boolean java.lang.Object.equals(java.lang.Object)
21:59:37.194 [main] DEBUG o.s.aop.framework.CglibAopProxy - Unable to apply any optimisations to advised method: public java.lang.String java.lang.Object.toString()
21:59:37.194 [main] DEBUG o.s.aop.framework.CglibAopProxy - Found &apos;hashCode&apos; method: public native int java.lang.Object.hashCode()
21:59:37.194 [main] DEBUG o.s.aop.framework.CglibAopProxy - Unable to apply any optimisations to advised method: protected native java.lang.Object java.lang.Object.clone() throws java.lang.CloneNotSupportedException
21:59:37.194 [main] DEBUG o.s.aop.framework.CglibAopProxy - Method is declared on Advised interface: public abstract void org.springframework.aop.framework.Advised.setTargetSource(org.springframework.aop.TargetSource)
21:59:37.194 [main] DEBUG o.s.aop.framework.CglibAopProxy - Method is declared on Advised interface: public abstract org.springframework.aop.TargetSource org.springframework.aop.framework.Advised.getTargetSource()
21:59:37.194 [main] DEBUG o.s.aop.framework.CglibAopProxy - Method is declared on Advised interface: public abstract boolean org.springframework.aop.framework.Advised.isProxyTargetClass()
21:59:37.194 [main] DEBUG o.s.aop.framework.CglibAopProxy - Method is declared on Advised interface: public abstract void org.springframework.aop.framework.Advised.addAdvisor(org.springframework.aop.Advisor) throws org.springframework.aop.framework.AopConfigException
21:59:37.194 [main] DEBUG o.s.aop.framework.CglibAopProxy - Method is declared on Advised interface: public abstract void org.springframework.aop.framework.Advised.addAdvisor(int,org.springframework.aop.Advisor) throws org.springframework.aop.framework.AopConfigException
21:59:37.194 [main] DEBUG o.s.aop.framework.CglibAopProxy - Method is declared on Advised interface: public abstract void org.springframework.aop.framework.Advised.setPreFiltered(boolean)
21:59:37.194 [main] DEBUG o.s.aop.framework.CglibAopProxy - Method is declared on Advised interface: public abstract void org.springframework.aop.framework.Advised.setExposeProxy(boolean)
21:59:37.194 [main] DEBUG o.s.aop.framework.CglibAopProxy - Method is declared on Advised interface: public abstract boolean org.springframework.aop.framework.Advised.isExposeProxy()
21:59:37.194 [main] DEBUG o.s.aop.framework.CglibAopProxy - Method is declared on Advised interface: public abstract boolean org.springframework.aop.framework.Advised.isPreFiltered()
21:59:37.194 [main] DEBUG o.s.aop.framework.CglibAopProxy - Method is declared on Advised interface: public abstract java.lang.Class[] org.springframework.aop.framework.Advised.getProxiedInterfaces()
21:59:37.194 [main] DEBUG o.s.aop.framework.CglibAopProxy - Method is declared on Advised interface: public abstract boolean org.springframework.aop.framework.Advised.isInterfaceProxied(java.lang.Class)
21:59:37.194 [main] DEBUG o.s.aop.framework.CglibAopProxy - Method is declared on Advised interface: public abstract org.springframework.aop.Advisor[] org.springframework.aop.framework.Advised.getAdvisors()
21:59:37.194 [main] DEBUG o.s.aop.framework.CglibAopProxy - Method is declared on Advised interface: public abstract void org.springframework.aop.framework.Advised.removeAdvisor(int) throws org.springframework.aop.framework.AopConfigException
21:59:37.194 [main] DEBUG o.s.aop.framework.CglibAopProxy - Method is declared on Advised interface: public abstract boolean org.springframework.aop.framework.Advised.removeAdvisor(org.springframework.aop.Advisor)
21:59:37.194 [main] DEBUG o.s.aop.framework.CglibAopProxy - Method is declared on Advised interface: public abstract boolean org.springframework.aop.framework.Advised.replaceAdvisor(org.springframework.aop.Advisor,org.springframework.aop.Advisor) throws org.springframework.aop.framework.AopConfigException
21:59:37.194 [main] DEBUG o.s.aop.framework.CglibAopProxy - Method is declared on Advised interface: public abstract boolean org.springframework.aop.framework.Advised.removeAdvice(org.aopalliance.aop.Advice)
21:59:37.194 [main] DEBUG o.s.aop.framework.CglibAopProxy - Method is declared on Advised interface: public abstract java.lang.String org.springframework.aop.framework.Advised.toProxyConfigString()
21:59:37.194 [main] DEBUG o.s.aop.framework.CglibAopProxy - Method is declared on Advised interface: public abstract void org.springframework.aop.framework.Advised.addAdvice(int,org.aopalliance.aop.Advice) throws org.springframework.aop.framework.AopConfigException
21:59:37.194 [main] DEBUG o.s.aop.framework.CglibAopProxy - Method is declared on Advised interface: public abstract void org.springframework.aop.framework.Advised.addAdvice(org.aopalliance.aop.Advice) throws org.springframework.aop.framework.AopConfigException
21:59:37.194 [main] DEBUG o.s.aop.framework.CglibAopProxy - Method is declared on Advised interface: public abstract int org.springframework.aop.framework.Advised.indexOf(org.aopalliance.aop.Advice)
21:59:37.194 [main] DEBUG o.s.aop.framework.CglibAopProxy - Method is declared on Advised interface: public abstract int org.springframework.aop.framework.Advised.indexOf(org.springframework.aop.Advisor)
21:59:37.194 [main] DEBUG o.s.aop.framework.CglibAopProxy - Method is declared on Advised interface: public abstract boolean org.springframework.aop.framework.Advised.isFrozen()
21:59:37.194 [main] DEBUG o.s.aop.framework.CglibAopProxy - Method is declared on Advised interface: public abstract java.lang.Class org.springframework.aop.TargetClassAware.getTargetClass()
21:59:37.199 [main] DEBUG o.s.b.f.s.DefaultListableBeanFactory - Finished creating instance of bean &apos;userController&apos;
21:59:37.199 [main] DEBUG o.s.b.f.s.DefaultListableBeanFactory - Returning cached instance of singleton bean &apos;dataSource&apos;
21:59:37.199 [main] DEBUG o.s.b.f.s.DefaultListableBeanFactory - Returning cached instance of singleton bean &apos;org.springframework.security.config.annotation.configuration.ObjectPostProcessorConfiguration&apos;
21:59:37.199 [main] DEBUG o.s.b.f.s.DefaultListableBeanFactory - Returning cached instance of singleton bean &apos;objectPostProcessor&apos;
21:59:37.199 [main] DEBUG o.s.b.f.s.DefaultListableBeanFactory - Returning cached instance of singleton bean &apos;org.springframework.security.config.annotation.authentication.configuration.AuthenticationConfiguration&apos;
21:59:37.199 [main] DEBUG o.s.b.f.s.DefaultListableBeanFactory - Returning cached instance of singleton bean &apos;authenticationManagerBuilder&apos;
21:59:37.199 [main] DEBUG o.s.b.f.s.DefaultListableBeanFactory - Returning cached instance of singleton bean &apos;enableGlobalAuthenticationAutowiredConfigurer&apos;
21:59:37.199 [main] DEBUG o.s.b.f.s.DefaultListableBeanFactory - Returning cached instance of singleton bean &apos;initializeUserDetailsBeanManagerConfigurer&apos;
21:59:37.199 [main] DEBUG o.s.b.f.s.DefaultListableBeanFactory - Returning cached instance of singleton bean &apos;initializeAuthenticationProviderBeanManagerConfigurer&apos;
21:59:37.199 [main] DEBUG o.s.b.f.s.DefaultListableBeanFactory - Creating shared instance of singleton bean &apos;org.springframework.security.config.annotation.web.configuration.WebSecurityConfiguration&apos;
21:59:37.199 [main] DEBUG o.s.b.f.s.DefaultListableBeanFactory - Creating instance of bean &apos;org.springframework.security.config.annotation.web.configuration.WebSecurityConfiguration&apos;
21:59:37.201 [main] DEBUG o.s.b.f.annotation.InjectionMetadata - Registered injected element on class [org.springframework.security.config.annotation.web.configuration.WebSecurityConfiguration$$EnhancerBySpringCGLIB$$150881e6]: AutowiredFieldElement for private org.springframework.security.config.annotation.ObjectPostProcessor org.springframework.security.config.annotation.web.configuration.WebSecurityConfiguration.objectObjectPostProcessor
21:59:37.201 [main] DEBUG o.s.b.f.annotation.InjectionMetadata - Registered injected element on class [org.springframework.security.config.annotation.web.configuration.WebSecurityConfiguration$$EnhancerBySpringCGLIB$$150881e6]: AutowiredMethodElement for public void org.springframework.security.config.annotation.web.configuration.WebSecurityConfiguration.setFilterChainProxySecurityConfigurer(org.springframework.security.config.annotation.ObjectPostProcessor,java.util.List) throws java.lang.Exception
21:59:37.201 [main] DEBUG o.s.b.f.s.DefaultListableBeanFactory - Eagerly caching bean &apos;org.springframework.security.config.annotation.web.configuration.WebSecurityConfiguration&apos; to allow for resolving potential circular references
21:59:37.201 [main] DEBUG o.s.b.f.annotation.InjectionMetadata - Processing injected element of bean &apos;org.springframework.security.config.annotation.web.configuration.WebSecurityConfiguration&apos;: AutowiredFieldElement for private org.springframework.security.config.annotation.ObjectPostProcessor org.springframework.security.config.annotation.web.configuration.WebSecurityConfiguration.objectObjectPostProcessor
21:59:37.201 [main] DEBUG o.s.b.f.s.DefaultListableBeanFactory - Returning cached instance of singleton bean &apos;objectPostProcessor&apos;
21:59:37.201 [main] DEBUG o.s.b.f.a.AutowiredAnnotationBeanPostProcessor - Autowiring by type from bean name &apos;org.springframework.security.config.annotation.web.configuration.WebSecurityConfiguration&apos; to bean named &apos;objectPostProcessor&apos;
21:59:37.201 [main] DEBUG o.s.b.f.annotation.InjectionMetadata - Processing injected element of bean &apos;org.springframework.security.config.annotation.web.configuration.WebSecurityConfiguration&apos;: AutowiredMethodElement for public void org.springframework.security.config.annotation.web.configuration.WebSecurityConfiguration.setFilterChainProxySecurityConfigurer(org.springframework.security.config.annotation.ObjectPostProcessor,java.util.List) throws java.lang.Exception
21:59:37.201 [main] DEBUG o.s.b.f.s.DefaultListableBeanFactory - Returning cached instance of singleton bean &apos;objectPostProcessor&apos;
21:59:37.202 [main] DEBUG o.s.b.f.s.DefaultListableBeanFactory - Creating shared instance of singleton bean &apos;autowiredWebSecurityConfigurersIgnoreParents&apos;
21:59:37.202 [main] DEBUG o.s.b.f.s.DefaultListableBeanFactory - Creating instance of bean &apos;autowiredWebSecurityConfigurersIgnoreParents&apos;
21:59:37.202 [main] DEBUG o.s.b.f.s.DefaultListableBeanFactory - Returning cached instance of singleton bean &apos;metaDataSourceAdvisor&apos;
21:59:37.203 [main] DEBUG o.s.b.f.s.DefaultListableBeanFactory - Returning eagerly cached instance of singleton bean &apos;org.springframework.security.config.annotation.web.configuration.WebSecurityConfiguration&apos; that is not fully initialized yet - a consequence of a circular reference
21:59:37.204 [main] DEBUG o.s.b.f.s.DefaultListableBeanFactory - Autowiring by type from bean name &apos;autowiredWebSecurityConfigurersIgnoreParents&apos; via factory method to bean named &apos;org.springframework.beans.factory.support.DefaultListableBeanFactory@766f8b89&apos;
21:59:37.204 [main] DEBUG o.s.b.f.s.DefaultListableBeanFactory - Eagerly caching bean &apos;autowiredWebSecurityConfigurersIgnoreParents&apos; to allow for resolving potential circular references
21:59:37.204 [main] DEBUG o.s.b.f.s.DefaultListableBeanFactory - Returning cached instance of singleton bean &apos;metaDataSourceAdvisor&apos;
21:59:37.204 [main] DEBUG o.s.b.f.s.DefaultListableBeanFactory - Finished creating instance of bean &apos;autowiredWebSecurityConfigurersIgnoreParents&apos;
21:59:37.205 [main] DEBUG o.s.b.f.s.DefaultListableBeanFactory - Returning cached instance of singleton bean &apos;securityConfig&apos;
21:59:37.205 [main] DEBUG o.s.b.f.a.AutowiredAnnotationBeanPostProcessor - Autowiring by type from bean name &apos;org.springframework.security.config.annotation.web.configuration.WebSecurityConfiguration&apos; to bean named &apos;objectPostProcessor&apos;
21:59:37.205 [main] DEBUG o.s.b.f.s.DefaultListableBeanFactory - Returning cached instance of singleton bean &apos;metaDataSourceAdvisor&apos;
21:59:37.208 [main] DEBUG o.s.b.f.s.DefaultListableBeanFactory - Returning cached instance of singleton bean &apos;org.springframework.context.annotation.ConfigurationClassPostProcessor.importRegistry&apos;
21:59:37.208 [main] DEBUG o.s.b.f.s.DefaultListableBeanFactory - Finished creating instance of bean &apos;org.springframework.security.config.annotation.web.configuration.WebSecurityConfiguration&apos;
21:59:37.208 [main] DEBUG o.s.b.f.s.DefaultListableBeanFactory - Creating shared instance of singleton bean &apos;delegatingApplicationListener&apos;
21:59:37.209 [main] DEBUG o.s.b.f.s.DefaultListableBeanFactory - Creating instance of bean &apos;delegatingApplicationListener&apos;
21:59:37.209 [main] DEBUG o.s.b.f.s.DefaultListableBeanFactory - Eagerly caching bean &apos;delegatingApplicationListener&apos; to allow for resolving potential circular references
21:59:37.209 [main] DEBUG o.s.b.f.s.DefaultListableBeanFactory - Returning cached instance of singleton bean &apos;metaDataSourceAdvisor&apos;
21:59:37.209 [main] DEBUG o.s.b.f.s.DefaultListableBeanFactory - Finished creating instance of bean &apos;delegatingApplicationListener&apos;
21:59:37.209 [main] DEBUG o.s.b.f.s.DefaultListableBeanFactory - Creating shared instance of singleton bean &apos;springSecurityFilterChain&apos;
21:59:37.209 [main] DEBUG o.s.b.f.s.DefaultListableBeanFactory - Creating instance of bean &apos;springSecurityFilterChain&apos;
21:59:37.209 [main] DEBUG o.s.b.f.s.DefaultListableBeanFactory - Returning cached instance of singleton bean &apos;org.springframework.security.config.annotation.web.configuration.WebSecurityConfiguration&apos;
21:59:37.209 [main] DEBUG o.s.b.f.s.DefaultListableBeanFactory - Returning cached instance of singleton bean &apos;metaDataSourceAdvisor&apos;
21:59:37.211 [main] DEBUG o.s.b.f.s.DefaultListableBeanFactory - Returning cached instance of singleton bean &apos;webMvcConfiguration&apos;
21:59:37.211 [main] DEBUG o.s.b.f.s.DefaultListableBeanFactory - Returning cached instance of singleton bean &apos;securityConfig&apos;
21:59:37.211 [main] DEBUG o.s.s.c.a.a.c.AuthenticationConfiguration$EnableGlobalAuthenticationAutowiredConfigurer - Eagerly initializing {webMvcConfiguration=edu.ncsu.csc.itrust2.mvc.config.WebMvcConfiguration$$EnhancerBySpringCGLIB$$de7b09d5@1aaf3c2f, securityConfig=edu.ncsu.csc.itrust2.config.SecurityConfig$$EnhancerBySpringCGLIB$$f88fd361@3c437652}
21:59:37.211 [main] DEBUG o.s.b.f.s.DefaultListableBeanFactory - Invoking afterPropertiesSet() on bean with name &apos;org.springframework.security.authentication.dao.DaoAuthenticationProvider@57b4c351&apos;
21:59:37.212 [main] DEBUG o.s.b.f.s.DefaultListableBeanFactory - Returning cached instance of singleton bean &apos;metaDataSourceAdvisor&apos;
21:59:37.214 [main] DEBUG o.s.b.f.s.DefaultListableBeanFactory - Invoking afterPropertiesSet() on bean with name &apos;org.springframework.security.authentication.ProviderManager@3de53faa&apos;
21:59:37.214 [main] DEBUG o.s.b.f.s.DefaultListableBeanFactory - Returning cached instance of singleton bean &apos;metaDataSourceAdvisor&apos;
21:59:37.215 [main] DEBUG o.s.b.f.s.DefaultListableBeanFactory - Returning cached instance of singleton bean &apos;authenticationManagerBuilder&apos;
21:59:37.216 [main] DEBUG o.s.w.c.s.StandardServletEnvironment - Adding [servletConfigInitParams] PropertySource with lowest search precedence
21:59:37.216 [main] DEBUG o.s.w.c.s.StandardServletEnvironment - Adding [servletContextInitParams] PropertySource with lowest search precedence
21:59:37.216 [main] DEBUG o.s.w.c.s.StandardServletEnvironment - Adding [systemProperties] PropertySource with lowest search precedence
21:59:37.216 [main] DEBUG o.s.w.c.s.StandardServletEnvironment - Adding [systemEnvironment] PropertySource with lowest search precedence
21:59:37.216 [main] DEBUG o.s.w.c.s.StandardServletEnvironment - Initialized StandardServletEnvironment with PropertySources [servletConfigInitParams,servletContextInitParams,systemProperties,systemEnvironment]
21:59:37.216 [main] DEBUG o.s.w.c.s.StandardServletEnvironment - Adding [servletConfigInitParams] PropertySource with lowest search precedence
21:59:37.216 [main] DEBUG o.s.w.c.s.StandardServletEnvironment - Adding [servletContextInitParams] PropertySource with lowest search precedence
21:59:37.216 [main] DEBUG o.s.w.c.s.StandardServletEnvironment - Adding [systemProperties] PropertySource with lowest search precedence
21:59:37.216 [main] DEBUG o.s.w.c.s.StandardServletEnvironment - Adding [systemEnvironment] PropertySource with lowest search precedence
21:59:37.216 [main] DEBUG o.s.w.c.s.StandardServletEnvironment - Initialized StandardServletEnvironment with PropertySources [servletConfigInitParams,servletContextInitParams,systemProperties,systemEnvironment]
21:59:37.217 [main] DEBUG o.s.w.c.s.StandardServletEnvironment - Adding [servletConfigInitParams] PropertySource with lowest search precedence
21:59:37.217 [main] DEBUG o.s.w.c.s.StandardServletEnvironment - Adding [servletContextInitParams] PropertySource with lowest search precedence
21:59:37.217 [main] DEBUG o.s.w.c.s.StandardServletEnvironment - Adding [systemProperties] PropertySource with lowest search precedence
21:59:37.217 [main] DEBUG o.s.w.c.s.StandardServletEnvironment - Adding [systemEnvironment] PropertySource with lowest search precedence
21:59:37.217 [main] DEBUG o.s.w.c.s.StandardServletEnvironment - Initialized StandardServletEnvironment with PropertySources [servletConfigInitParams,servletContextInitParams,systemProperties,systemEnvironment]
21:59:37.218 [main] DEBUG o.s.b.f.s.DefaultListableBeanFactory - Creating shared instance of singleton bean &apos;ipBlockFilter&apos;
21:59:37.218 [main] DEBUG o.s.b.f.s.DefaultListableBeanFactory - Creating instance of bean &apos;ipBlockFilter&apos;
21:59:37.218 [main] DEBUG o.s.b.f.s.DefaultListableBeanFactory - Returning cached instance of singleton bean &apos;securityConfig&apos;
21:59:37.218 [main] DEBUG o.s.w.c.s.StandardServletEnvironment - Adding [servletConfigInitParams] PropertySource with lowest search precedence
21:59:37.218 [main] DEBUG o.s.w.c.s.StandardServletEnvironment - Adding [servletContextInitParams] PropertySource with lowest search precedence
21:59:37.218 [main] DEBUG o.s.w.c.s.StandardServletEnvironment - Adding [systemProperties] PropertySource with lowest search precedence
21:59:37.218 [main] DEBUG o.s.w.c.s.StandardServletEnvironment - Adding [systemEnvironment] PropertySource with lowest search precedence
21:59:37.219 [main] DEBUG o.s.w.c.s.StandardServletEnvironment - Initialized StandardServletEnvironment with PropertySources [servletConfigInitParams,servletContextInitParams,systemProperties,systemEnvironment]
21:59:37.219 [main] DEBUG o.s.b.f.s.DefaultListableBeanFactory - Eagerly caching bean &apos;ipBlockFilter&apos; to allow for resolving potential circular references
21:59:37.221 [main] DEBUG o.s.b.f.s.DefaultListableBeanFactory - Invoking afterPropertiesSet() on bean with name &apos;ipBlockFilter&apos;
21:59:37.221 [main] DEBUG o.s.b.f.s.DefaultListableBeanFactory - Returning cached instance of singleton bean &apos;metaDataSourceAdvisor&apos;
21:59:37.221 [main] DEBUG o.s.b.f.s.DefaultListableBeanFactory - Finished creating instance of bean &apos;ipBlockFilter&apos;
21:59:37.221 [main] DEBUG o.s.w.c.s.StandardServletEnvironment - Adding [servletConfigInitParams] PropertySource with lowest search precedence
21:59:37.221 [main] DEBUG o.s.w.c.s.StandardServletEnvironment - Adding [servletContextInitParams] PropertySource with lowest search precedence
21:59:37.222 [main] DEBUG o.s.w.c.s.StandardServletEnvironment - Adding [systemProperties] PropertySource with lowest search precedence
21:59:37.222 [main] DEBUG o.s.w.c.s.StandardServletEnvironment - Adding [systemEnvironment] PropertySource with lowest search precedence
21:59:37.222 [main] DEBUG o.s.w.c.s.StandardServletEnvironment - Initialized StandardServletEnvironment with PropertySources [servletConfigInitParams,servletContextInitParams,systemProperties,systemEnvironment]
21:59:37.222 [main] DEBUG o.s.b.f.s.DefaultListableBeanFactory - Retrieved dependent beans for bean &apos;springSecurityFilterChain&apos;: [webSecurityExpressionHandler]
21:59:37.222 [main] WARN  o.s.w.c.s.GenericWebApplicationContext - Exception encountered during context initialization - cancelling refresh attempt: org.springframework.beans.factory.BeanCreationException: Error creating bean with name &apos;springSecurityFilterChain&apos; defined in class path resource [org/springframework/security/config/annotation/web/configuration/WebSecurityConfiguration.class]: Bean instantiation via factory method failed; nested exception is org.springframework.beans.BeanInstantiationException: Failed to instantiate [javax.servlet.Filter]: Factory method &apos;springSecurityFilterChain&apos; threw exception; nested exception is java.lang.IllegalArgumentException: &apos;Savings Account?error&apos; is not a valid redirect URL
21:59:37.222 [main] DEBUG o.s.b.f.s.DefaultListableBeanFactory - Destroying singletons in org.springframework.beans.factory.support.DefaultListableBeanFactory@766f8b89: defining beans [org.springframework.context.annotation.internalConfigurationAnnotationProcessor,org.springframework.context.annotation.internalAutowiredAnnotationProcessor,org.springframework.context.annotation.internalRequiredAnnotationProcessor,org.springframework.context.annotation.internalCommonAnnotationProcessor,org.springframework.context.annotation.internalPersistenceAnnotationProcessor,org.springframework.context.event.internalEventListenerProcessor,org.springframework.context.event.internalEventListenerFactory,rootConfiguration,webMvcConfiguration,dataConfiguration,loginAuditingListener,securityConfig,defaultController,adminController,adminUserController,hospitalController,ICDCodesController,APIAppointmentRequestController,APIDiagnosisController,APIDrugController,APIEnumController,APIHospitalController,APIICDCodeController,APILogEntryController,APIOfficeVisitController,APIPasswordController,APIPatientController,APIPersonnelController,APIPrescriptionController,APIUserController,appointmentControllerHCP,HCPController,officeVisitController,appointmentController,diagnosesController,patientController,passwordController,userController,dataSource,org.springframework.security.config.annotation.configuration.ObjectPostProcessorConfiguration,objectPostProcessor,org.springframework.security.config.annotation.authentication.configuration.AuthenticationConfiguration,authenticationManagerBuilder,enableGlobalAuthenticationAutowiredConfigurer,initializeUserDetailsBeanManagerConfigurer,initializeAuthenticationProviderBeanManagerConfigurer,org.springframework.security.config.annotation.web.configuration.WebSecurityConfiguration,delegatingApplicationListener,webSecurityExpressionHandler,springSecurityFilterChain,privilegeEvaluator,autowiredWebSecurityConfigurersIgnoreParents,org.springframework.security.config.annotation.web.configuration.WebMvcSecurityConfiguration,requestDataValueProcessor,passwordEncoder,defaultAuthenticationEventPublisher,failureHandler,ipBlockFilter,org.springframework.web.servlet.config.annotation.DelegatingWebMvcConfiguration,mvcConversionService,requestMappingHandlerMapping,mvcPathMatcher,mvcUrlPathHelper,mvcContentNegotiationManager,viewControllerHandlerMapping,beanNameHandlerMapping,resourceHandlerMapping,mvcResourceUrlProvider,defaultServletHandlerMapping,requestMappingHandlerAdapter,mvcValidator,mvcUriComponentsContributor,httpRequestHandlerAdapter,simpleControllerHandlerAdapter,handlerExceptionResolver,mvcViewResolver,org.springframework.security.config.annotation.method.configuration.GlobalMethodSecurityConfiguration,methodSecurityInterceptor,methodSecurityMetadataSource,preInvocationAuthorizationAdvice,viewResolver,templateEngine,domainClassConverter,metaDataSourceAdvisor,org.springframework.aop.config.internalAutoProxyCreator]; root of factory hierarchy
21:59:37.222 [main] DEBUG o.s.b.f.s.DisposableBeanAdapter - Invoking destroy() on bean with name &apos;ipBlockFilter&apos;
21:59:37.222 [main] DEBUG o.s.b.f.s.DefaultListableBeanFactory - Retrieved dependent beans for bean &apos;objectPostProcessor&apos;: [org.springframework.security.config.annotation.method.configuration.GlobalMethodSecurityConfiguration, securityConfig, org.springframework.security.config.annotation.authentication.configuration.AuthenticationConfiguration, authenticationManagerBuilder, org.springframework.security.config.annotation.web.configuration.WebSecurityConfiguration]
21:59:37.222 [main] DEBUG o.s.b.f.s.DisposableBeanAdapter - Invoking destroy() on bean with name &apos;objectPostProcessor&apos;
21:59:37.223 [main] ERROR o.s.test.context.TestContextManager - Caught exception while allowing TestExecutionListener [org.springframework.test.context.web.ServletTestExecutionListener@305e7ccb] to prepare test instance [edu.ncsu.csc.itrust2.apitest.APIDrugTest@539fcd47]
java.lang.IllegalStateException: Failed to load ApplicationContext
	at org.springframework.test.context.cache.DefaultCacheAwareContextLoaderDelegate.loadContext(DefaultCacheAwareContextLoaderDelegate.java:124) ~[spring-test-4.3.5.RELEASE.jar:4.3.5.RELEASE]
	at org.springframework.test.context.support.DefaultTestContext.getApplicationContext(DefaultTestContext.java:83) ~[spring-test-4.3.5.RELEASE.jar:4.3.5.RELEASE]
	at org.springframework.test.context.web.ServletTestExecutionListener.setUpRequestContextIfNecessary(ServletTestExecutionListener.java:189) ~[spring-test-4.3.5.RELEASE.jar:4.3.5.RELEASE]
	at org.springframework.test.context.web.ServletTestExecutionListener.prepareTestInstance(ServletTestExecutionListener.java:131) ~[spring-test-4.3.5.RELEASE.jar:4.3.5.RELEASE]
	at org.springframework.test.context.TestContextManager.prepareTestInstance(TestContextManager.java:230) ~[spring-test-4.3.5.RELEASE.jar:4.3.5.RELEASE]
	at org.springframework.test.context.junit4.SpringJUnit4ClassRunner.createTest(SpringJUnit4ClassRunner.java:228) [spring-test-4.3.5.RELEASE.jar:4.3.5.RELEASE]
	at org.springframework.test.context.junit4.SpringJUnit4ClassRunner$1.runReflectiveCall(SpringJUnit4ClassRunner.java:287) [spring-test-4.3.5.RELEASE.jar:4.3.5.RELEASE]
	at org.junit.internal.runners.model.ReflectiveCallable.run(ReflectiveCallable.java:12) [junit-4.12.jar:4.12]
	at org.springframework.test.context.junit4.SpringJUnit4ClassRunner.methodBlock(SpringJUnit4ClassRunner.java:289) [spring-test-4.3.5.RELEASE.jar:4.3.5.RELEASE]
	at org.springframework.test.context.junit4.SpringJUnit4ClassRunner.runChild(SpringJUnit4ClassRunner.java:247) [spring-test-4.3.5.RELEASE.jar:4.3.5.RELEASE]
	at org.springframework.test.context.junit4.SpringJUnit4ClassRunner.runChild(SpringJUnit4ClassRunner.java:94) [spring-test-4.3.5.RELEASE.jar:4.3.5.RELEASE]
	at org.junit.runners.ParentRunner$3.run(ParentRunner.java:290) [junit-4.12.jar:4.12]
	at org.junit.runners.ParentRunner$1.schedule(ParentRunner.java:71) [junit-4.12.jar:4.12]
	at org.junit.runners.ParentRunner.runChildren(ParentRunner.java:288) [junit-4.12.jar:4.12]
	at org.junit.runners.ParentRunner.access$000(ParentRunner.java:58) [junit-4.12.jar:4.12]
	at org.junit.runners.ParentRunner$2.evaluate(ParentRunner.java:268) [junit-4.12.jar:4.12]
	at org.springframework.test.context.junit4.statements.RunBeforeTestClassCallbacks.evaluate(RunBeforeTestClassCallbacks.java:61) [spring-test-4.3.5.RELEASE.jar:4.3.5.RELEASE]
	at org.springframework.test.context.junit4.statements.RunAfterTestClassCallbacks.evaluate(RunAfterTestClassCallbacks.java:70) [spring-test-4.3.5.RELEASE.jar:4.3.5.RELEASE]
	at org.junit.runners.ParentRunner.run(ParentRunner.java:363) [junit-4.12.jar:4.12]
	at org.springframework.test.context.junit4.SpringJUnit4ClassRunner.run(SpringJUnit4ClassRunner.java:191) [spring-test-4.3.5.RELEASE.jar:4.3.5.RELEASE]
	at org.apache.maven.surefire.junit4.JUnit4Provider.execute(JUnit4Provider.java:365) [surefire-junit4-2.20.jar:2.20]
	at org.apache.maven.surefire.junit4.JUnit4Provider.executeWithRerun(JUnit4Provider.java:272) [surefire-junit4-2.20.jar:2.20]
	at org.apache.maven.surefire.junit4.JUnit4Provider.executeTestSet(JUnit4Provider.java:236) [surefire-junit4-2.20.jar:2.20]
	at org.apache.maven.surefire.junit4.JUnit4Provider.invoke(JUnit4Provider.java:159) [surefire-junit4-2.20.jar:2.20]
	at org.apache.maven.surefire.booter.ForkedBooter.invokeProviderInSameClassLoader(ForkedBooter.java:386) [surefire-booter-2.20.jar:2.20]
	at org.apache.maven.surefire.booter.ForkedBooter.runSuitesInProcess(ForkedBooter.java:323) [surefire-booter-2.20.jar:2.20]
	at org.apache.maven.surefire.booter.ForkedBooter.main(ForkedBooter.java:143) [surefire-booter-2.20.jar:2.20]
Caused by: org.springframework.beans.factory.BeanCreationException: Error creating bean with name &apos;springSecurityFilterChain&apos; defined in class path resource [org/springframework/security/config/annotation/web/configuration/WebSecurityConfiguration.class]: Bean instantiation via factory method failed; nested exception is org.springframework.beans.BeanInstantiationException: Failed to instantiate [javax.servlet.Filter]: Factory method &apos;springSecurityFilterChain&apos; threw exception; nested exception is java.lang.IllegalArgumentException: &apos;Savings Account?error&apos; is not a valid redirect URL
	at org.springframework.beans.factory.support.ConstructorResolver.instantiateUsingFactoryMethod(ConstructorResolver.java:599) ~[spring-beans-4.3.5.RELEASE.jar:4.3.5.RELEASE]
	at org.springframework.beans.factory.support.AbstractAutowireCapableBeanFactory.instantiateUsingFactoryMethod(AbstractAutowireCapableBeanFactory.java:1134) ~[spring-beans-4.3.5.RELEASE.jar:4.3.5.RELEASE]
	at org.springframework.beans.factory.support.AbstractAutowireCapableBeanFactory.createBeanInstance(AbstractAutowireCapableBeanFactory.java:1028) ~[spring-beans-4.3.5.RELEASE.jar:4.3.5.RELEASE]
	at org.springframework.beans.factory.support.AbstractAutowireCapableBeanFactory.doCreateBean(AbstractAutowireCapableBeanFactory.java:513) ~[spring-beans-4.3.5.RELEASE.jar:4.3.5.RELEASE]
	at org.springframework.beans.factory.support.AbstractAutowireCapableBeanFactory.createBean(AbstractAutowireCapableBeanFactory.java:483) ~[spring-beans-4.3.5.RELEASE.jar:4.3.5.RELEASE]
	at org.springframework.beans.factory.support.AbstractBeanFactory$1.getObject(AbstractBeanFactory.java:306) ~[spring-beans-4.3.5.RELEASE.jar:4.3.5.RELEASE]
	at org.springframework.beans.factory.support.DefaultSingletonBeanRegistry.getSingleton(DefaultSingletonBeanRegistry.java:230) ~[spring-beans-4.3.5.RELEASE.jar:4.3.5.RELEASE]
	at org.springframework.beans.factory.support.AbstractBeanFactory.doGetBean(AbstractBeanFactory.java:302) ~[spring-beans-4.3.5.RELEASE.jar:4.3.5.RELEASE]
	at org.springframework.beans.factory.support.AbstractBeanFactory.getBean(AbstractBeanFactory.java:197) ~[spring-beans-4.3.5.RELEASE.jar:4.3.5.RELEASE]
	at org.springframework.beans.factory.support.AbstractBeanFactory.doGetBean(AbstractBeanFactory.java:296) ~[spring-beans-4.3.5.RELEASE.jar:4.3.5.RELEASE]
	at org.springframework.beans.factory.support.AbstractBeanFactory.getBean(AbstractBeanFactory.java:197) ~[spring-beans-4.3.5.RELEASE.jar:4.3.5.RELEASE]
	at org.springframework.beans.factory.support.DefaultListableBeanFactory.preInstantiateSingletons(DefaultListableBeanFactory.java:759) ~[spring-beans-4.3.5.RELEASE.jar:4.3.5.RELEASE]
	at org.springframework.context.support.AbstractApplicationContext.finishBeanFactoryInitialization(AbstractApplicationContext.java:866) ~[spring-context-4.3.5.RELEASE.jar:4.3.5.RELEASE]
	at org.springframework.context.support.AbstractApplicationContext.refresh(AbstractApplicationContext.java:542) ~[spring-context-4.3.5.RELEASE.jar:4.3.5.RELEASE]
	at org.springframework.test.context.web.AbstractGenericWebContextLoader.loadContext(AbstractGenericWebContextLoader.java:134) ~[spring-test-4.3.5.RELEASE.jar:4.3.5.RELEASE]
	at org.springframework.test.context.web.AbstractGenericWebContextLoader.loadContext(AbstractGenericWebContextLoader.java:61) ~[spring-test-4.3.5.RELEASE.jar:4.3.5.RELEASE]
	at org.springframework.test.context.support.AbstractDelegatingSmartContextLoader.delegateLoading(AbstractDelegatingSmartContextLoader.java:108) ~[spring-test-4.3.5.RELEASE.jar:4.3.5.RELEASE]
	at org.springframework.test.context.support.AbstractDelegatingSmartContextLoader.loadContext(AbstractDelegatingSmartContextLoader.java:251) ~[spring-test-4.3.5.RELEASE.jar:4.3.5.RELEASE]
	at org.springframework.test.context.cache.DefaultCacheAwareContextLoaderDelegate.loadContextInternal(DefaultCacheAwareContextLoaderDelegate.java:98) ~[spring-test-4.3.5.RELEASE.jar:4.3.5.RELEASE]
	at org.springframework.test.context.cache.DefaultCacheAwareContextLoaderDelegate.loadContext(DefaultCacheAwareContextLoaderDelegate.java:116) ~[spring-test-4.3.5.RELEASE.jar:4.3.5.RELEASE]
	... 26 common frames omitted
Caused by: org.springframework.beans.BeanInstantiationException: Failed to instantiate [javax.servlet.Filter]: Factory method &apos;springSecurityFilterChain&apos; threw exception; nested exception is java.lang.IllegalArgumentException: &apos;Savings Account?error&apos; is not a valid redirect URL
	at org.springframework.beans.factory.support.SimpleInstantiationStrategy.instantiate(SimpleInstantiationStrategy.java:189) ~[spring-beans-4.3.5.RELEASE.jar:4.3.5.RELEASE]
	at org.springframework.beans.factory.support.ConstructorResolver.instantiateUsingFactoryMethod(ConstructorResolver.java:588) ~[spring-beans-4.3.5.RELEASE.jar:4.3.5.RELEASE]
	... 45 common frames omitted
Caused by: java.lang.IllegalArgumentException: &apos;Savings Account?error&apos; is not a valid redirect URL
	at org.springframework.util.Assert.isTrue(Assert.java:68) ~[spring-core-4.3.5.RELEASE.jar:4.3.5.RELEASE]
	at org.springframework.security.web.authentication.SimpleUrlAuthenticationFailureHandler.setDefaultFailureUrl(SimpleUrlAuthenticationFailureHandler.java:125) ~[spring-security-web-4.2.2.RELEASE.jar:4.2.2.RELEASE]
	at org.springframework.security.web.authentication.SimpleUrlAuthenticationFailureHandler.&lt;init&gt;(SimpleUrlAuthenticationFailureHandler.java:60) ~[spring-security-web-4.2.2.RELEASE.jar:4.2.2.RELEASE]
	at org.springframework.security.config.annotation.web.configurers.AbstractAuthenticationFilterConfigurer.failureUrl(AbstractAuthenticationFilterConfigurer.java:206) ~[spring-security-config-4.2.2.RELEASE.jar:4.2.2.RELEASE]
	at org.springframework.security.config.annotation.web.configurers.AbstractAuthenticationFilterConfigurer.updateAuthenticationDefaults(AbstractAuthenticationFilterConfigurer.java:368) ~[spring-security-config-4.2.2.RELEASE.jar:4.2.2.RELEASE]
	at org.springframework.security.config.annotation.web.configurers.AbstractAuthenticationFilterConfigurer.loginPage(AbstractAuthenticationFilterConfigurer.java:308) ~[spring-security-config-4.2.2.RELEASE.jar:4.2.2.RELEASE]
	at org.springframework.security.config.annotation.web.configurers.FormLoginConfigurer.loginPage(FormLoginConfigurer.java:183) ~[spring-security-config-4.2.2.RELEASE.jar:4.2.2.RELEASE]
	at edu.ncsu.csc.itrust2.config.SecurityConfig.configure(SecurityConfig.java:89) ~[classes/:na]
	at org.springframework.security.config.annotation.web.configuration.WebSecurityConfigurerAdapter.getHttp(WebSecurityConfigurerAdapter.java:224) ~[spring-security-config-4.2.2.RELEASE.jar:4.2.2.RELEASE]
	at org.springframework.security.config.annotation.web.configuration.WebSecurityConfigurerAdapter.init(WebSecurityConfigurerAdapter.java:315) ~[spring-security-config-4.2.2.RELEASE.jar:4.2.2.RELEASE]
	at org.springframework.security.config.annotation.web.configuration.WebSecurityConfigurerAdapter.init(WebSecurityConfigurerAdapter.java:86) ~[spring-security-config-4.2.2.RELEASE.jar:4.2.2.RELEASE]
	at edu.ncsu.csc.itrust2.config.SecurityConfig$$EnhancerBySpringCGLIB$$f88fd361.init(&lt;generated&gt;) ~[classes/:na]
	at org.springframework.security.config.annotation.AbstractConfiguredSecurityBuilder.init(AbstractConfiguredSecurityBuilder.java:371) ~[spring-security-config-4.2.2.RELEASE.jar:4.2.2.RELEASE]
	at org.springframework.security.config.annotation.AbstractConfiguredSecurityBuilder.doBuild(AbstractConfiguredSecurityBuilder.java:325) ~[spring-security-config-4.2.2.RELEASE.jar:4.2.2.RELEASE]
	at org.springframework.security.config.annotation.AbstractSecurityBuilder.build(AbstractSecurityBuilder.java:41) ~[spring-security-config-4.2.2.RELEASE.jar:4.2.2.RELEASE]
	at org.springframework.security.config.annotation.web.configuration.WebSecurityConfiguration.springSecurityFilterChain(WebSecurityConfiguration.java:104) ~[spring-security-config-4.2.2.RELEASE.jar:4.2.2.RELEASE]
	at org.springframework.security.config.annotation.web.configuration.WebSecurityConfiguration$$EnhancerBySpringCGLIB$$150881e6.CGLIB$springSecurityFilterChain$4(&lt;generated&gt;) ~[spring-security-config-4.2.2.RELEASE.jar:4.2.2.RELEASE]
	at org.springframework.security.config.annotation.web.configuration.WebSecurityConfiguration$$EnhancerBySpringCGLIB$$150881e6$$FastClassBySpringCGLIB$$f9839e81.invoke(&lt;generated&gt;) ~[spring-security-config-4.2.2.RELEASE.jar:4.2.2.RELEASE]
	at org.springframework.cglib.proxy.MethodProxy.invokeSuper(MethodProxy.java:228) ~[spring-core-4.3.5.RELEASE.jar:4.3.5.RELEASE]
	at org.springframework.context.annotation.ConfigurationClassEnhancer$BeanMethodInterceptor.intercept(ConfigurationClassEnhancer.java:356) ~[spring-context-4.3.5.RELEASE.jar:4.3.5.RELEASE]
	at org.springframework.security.config.annotation.web.configuration.WebSecurityConfiguration$$EnhancerBySpringCGLIB$$150881e6.springSecurityFilterChain(&lt;generated&gt;) ~[spring-security-config-4.2.2.RELEASE.jar:4.2.2.RELEASE]
	at sun.reflect.NativeMethodAccessorImpl.invoke0(Native Method) ~[na:1.8.0_151]
	at sun.reflect.NativeMethodAccessorImpl.invoke(NativeMethodAccessorImpl.java:62) ~[na:1.8.0_151]
	at sun.reflect.DelegatingMethodAccessorImpl.invoke(DelegatingMethodAccessorImpl.java:43) ~[na:1.8.0_151]
	at java.lang.reflect.Method.invoke(Method.java:498) ~[na:1.8.0_151]
	at org.springframework.beans.factory.support.SimpleInstantiationStrategy.instantiate(SimpleInstantiationStrategy.java:162) ~[spring-beans-4.3.5.RELEASE.jar:4.3.5.RELEASE]
	... 46 common frames omitted
</stdout>
          <failedSince>1</failedSince>
        </case>
      </cases>
    </suite>
    <suite>
      <file>/var/lib/jenkins/jobs/iTrust_Fuzzer/workspace/iTrust2/target/surefire-reports/TEST-edu.ncsu.csc.itrust2.apitest.APIEnumTest.xml</file>
      <name>edu.ncsu.csc.itrust2.apitest.APIEnumTest</name>
      <duration>0.004</duration>
      <time>0.004</time>
      <enclosingBlocks/>
      <enclosingBlockNames/>
      <cases>
        <case>
          <duration>0.0</duration>
          <className>edu.ncsu.csc.itrust2.apitest.APIEnumTest</className>
          <testName>testEnumAPI</testName>
          <skipped>false</skipped>
          <errorStackTrace>java.lang.IllegalStateException: Failed to load ApplicationContext
Caused by: org.springframework.beans.factory.BeanCreationException: Error creating bean with name &apos;springSecurityFilterChain&apos; defined in class path resource [org/springframework/security/config/annotation/web/configuration/WebSecurityConfiguration.class]: Bean instantiation via factory method failed; nested exception is org.springframework.beans.BeanInstantiationException: Failed to instantiate [javax.servlet.Filter]: Factory method &apos;springSecurityFilterChain&apos; threw exception; nested exception is java.lang.IllegalArgumentException: &apos;Savings Account?error&apos; is not a valid redirect URL
Caused by: org.springframework.beans.BeanInstantiationException: Failed to instantiate [javax.servlet.Filter]: Factory method &apos;springSecurityFilterChain&apos; threw exception; nested exception is java.lang.IllegalArgumentException: &apos;Savings Account?error&apos; is not a valid redirect URL
Caused by: java.lang.IllegalArgumentException: &apos;Savings Account?error&apos; is not a valid redirect URL
</errorStackTrace>
          <errorDetails>Failed to load ApplicationContext</errorDetails>
          <stdout>21:59:43.460 [main] DEBUG o.s.t.c.j.SpringJUnit4ClassRunner - SpringJUnit4ClassRunner constructor called with [class edu.ncsu.csc.itrust2.apitest.APIEnumTest]
21:59:43.461 [main] DEBUG o.s.test.context.BootstrapUtils - Instantiating CacheAwareContextLoaderDelegate from class [org.springframework.test.context.cache.DefaultCacheAwareContextLoaderDelegate]
21:59:43.461 [main] DEBUG o.s.test.context.BootstrapUtils - Instantiating BootstrapContext using constructor [public org.springframework.test.context.support.DefaultBootstrapContext(java.lang.Class,org.springframework.test.context.CacheAwareContextLoaderDelegate)]
21:59:43.461 [main] DEBUG o.s.test.context.BootstrapUtils - Instantiating TestContextBootstrapper for test class [edu.ncsu.csc.itrust2.apitest.APIEnumTest] from class [org.springframework.test.context.web.WebTestContextBootstrapper]
21:59:43.461 [main] DEBUG o.s.t.c.s.AbstractDelegatingSmartContextLoader - Delegating to AnnotationConfigWebContextLoader to process context configuration [ContextConfigurationAttributes@117bdcb7 declaringClass = &apos;edu.ncsu.csc.itrust2.apitest.APIEnumTest&apos;, classes = &apos;{class edu.ncsu.csc.itrust2.config.RootConfiguration, class edu.ncsu.csc.itrust2.mvc.config.WebMvcConfiguration}&apos;, locations = &apos;{}&apos;, inheritLocations = true, initializers = &apos;{}&apos;, inheritInitializers = true, name = [null], contextLoaderClass = &apos;org.springframework.test.context.ContextLoader&apos;].
21:59:43.462 [main] DEBUG o.s.t.c.support.ActiveProfilesUtils - Could not find an &apos;annotation declaring class&apos; for annotation type [org.springframework.test.context.ActiveProfiles] and class [edu.ncsu.csc.itrust2.apitest.APIEnumTest]
21:59:43.462 [main] DEBUG o.s.t.c.w.WebTestContextBootstrapper - @TestExecutionListeners is not present for class [edu.ncsu.csc.itrust2.apitest.APIEnumTest]: using defaults.
21:59:43.462 [main] INFO  o.s.t.c.w.WebTestContextBootstrapper - Loaded default TestExecutionListener class names from location [META-INF/spring.factories]: [org.springframework.security.test.context.support.WithSecurityContextTestExecutionListener, org.springframework.test.context.web.ServletTestExecutionListener, org.springframework.test.context.support.DirtiesContextBeforeModesTestExecutionListener, org.springframework.test.context.support.DependencyInjectionTestExecutionListener, org.springframework.test.context.support.DirtiesContextTestExecutionListener, org.springframework.test.context.transaction.TransactionalTestExecutionListener, org.springframework.test.context.jdbc.SqlScriptsTestExecutionListener]
21:59:43.462 [main] INFO  o.s.t.c.w.WebTestContextBootstrapper - Using TestExecutionListeners: [org.springframework.test.context.web.ServletTestExecutionListener@3aad8870, org.springframework.test.context.support.DirtiesContextBeforeModesTestExecutionListener@3ca2fb7, org.springframework.test.context.support.DependencyInjectionTestExecutionListener@21f0c3a0, org.springframework.test.context.support.DirtiesContextTestExecutionListener@66ed8a54, org.springframework.test.context.transaction.TransactionalTestExecutionListener@30d570f1, org.springframework.test.context.jdbc.SqlScriptsTestExecutionListener@62b056cb, org.springframework.security.test.context.support.WithSecurityContextTestExecutionListener@45fa64fe]
21:59:43.462 [main] DEBUG o.s.t.annotation.ProfileValueUtils - Retrieved @ProfileValueSourceConfiguration [null] for test class [edu.ncsu.csc.itrust2.apitest.APIEnumTest]
21:59:43.462 [main] DEBUG o.s.t.annotation.ProfileValueUtils - Retrieved ProfileValueSource type [class org.springframework.test.annotation.SystemProfileValueSource] for class [edu.ncsu.csc.itrust2.apitest.APIEnumTest]
21:59:43.462 [main] DEBUG o.s.t.annotation.ProfileValueUtils - Retrieved @ProfileValueSourceConfiguration [null] for test class [edu.ncsu.csc.itrust2.apitest.APIEnumTest]
21:59:43.462 [main] DEBUG o.s.t.annotation.ProfileValueUtils - Retrieved ProfileValueSource type [class org.springframework.test.annotation.SystemProfileValueSource] for class [edu.ncsu.csc.itrust2.apitest.APIEnumTest]
21:59:43.463 [main] DEBUG o.s.t.annotation.ProfileValueUtils - Retrieved @ProfileValueSourceConfiguration [null] for test class [edu.ncsu.csc.itrust2.apitest.APIEnumTest]
21:59:43.463 [main] DEBUG o.s.t.annotation.ProfileValueUtils - Retrieved ProfileValueSource type [class org.springframework.test.annotation.SystemProfileValueSource] for class [edu.ncsu.csc.itrust2.apitest.APIEnumTest]
21:59:43.463 [main] DEBUG o.s.t.c.s.AbstractDirtiesContextTestExecutionListener - Before test class: context [DefaultTestContext@4fcff93f testClass = APIEnumTest, testInstance = [null], testMethod = [null], testException = [null], mergedContextConfiguration = [WebMergedContextConfiguration@54064acf testClass = APIEnumTest, locations = &apos;{}&apos;, classes = &apos;{class edu.ncsu.csc.itrust2.config.RootConfiguration, class edu.ncsu.csc.itrust2.mvc.config.WebMvcConfiguration}&apos;, contextInitializerClasses = &apos;[]&apos;, activeProfiles = &apos;{}&apos;, propertySourceLocations = &apos;{}&apos;, propertySourceProperties = &apos;{}&apos;, contextCustomizers = set[[empty]], resourceBasePath = &apos;src/main/webapp&apos;, contextLoader = &apos;org.springframework.test.context.web.WebDelegatingSmartContextLoader&apos;, parent = [null]]], class annotated with @DirtiesContext [false] with mode [null].
21:59:43.463 [main] DEBUG o.s.t.annotation.ProfileValueUtils - Retrieved @ProfileValueSourceConfiguration [null] for test class [edu.ncsu.csc.itrust2.apitest.APIEnumTest]
21:59:43.463 [main] DEBUG o.s.t.annotation.ProfileValueUtils - Retrieved ProfileValueSource type [class org.springframework.test.annotation.SystemProfileValueSource] for class [edu.ncsu.csc.itrust2.apitest.APIEnumTest]
21:59:43.463 [main] DEBUG o.s.t.c.s.AbstractDelegatingSmartContextLoader - Delegating to AnnotationConfigWebContextLoader to load context from [WebMergedContextConfiguration@54064acf testClass = APIEnumTest, locations = &apos;{}&apos;, classes = &apos;{class edu.ncsu.csc.itrust2.config.RootConfiguration, class edu.ncsu.csc.itrust2.mvc.config.WebMvcConfiguration}&apos;, contextInitializerClasses = &apos;[]&apos;, activeProfiles = &apos;{}&apos;, propertySourceLocations = &apos;{}&apos;, propertySourceProperties = &apos;{}&apos;, contextCustomizers = set[[empty]], resourceBasePath = &apos;src/main/webapp&apos;, contextLoader = &apos;org.springframework.test.context.web.WebDelegatingSmartContextLoader&apos;, parent = [null]].
21:59:43.463 [main] DEBUG o.s.t.c.w.AbstractGenericWebContextLoader - Loading WebApplicationContext for merged context configuration [WebMergedContextConfiguration@54064acf testClass = APIEnumTest, locations = &apos;{}&apos;, classes = &apos;{class edu.ncsu.csc.itrust2.config.RootConfiguration, class edu.ncsu.csc.itrust2.mvc.config.WebMvcConfiguration}&apos;, contextInitializerClasses = &apos;[]&apos;, activeProfiles = &apos;{}&apos;, propertySourceLocations = &apos;{}&apos;, propertySourceProperties = &apos;{}&apos;, contextCustomizers = set[[empty]], resourceBasePath = &apos;src/main/webapp&apos;, contextLoader = &apos;org.springframework.test.context.web.WebDelegatingSmartContextLoader&apos;, parent = [null]].
21:59:43.463 [main] DEBUG o.s.w.c.s.StandardServletEnvironment - Adding [servletConfigInitParams] PropertySource with lowest search precedence
21:59:43.463 [main] DEBUG o.s.w.c.s.StandardServletEnvironment - Adding [servletContextInitParams] PropertySource with lowest search precedence
21:59:43.463 [main] DEBUG o.s.w.c.s.StandardServletEnvironment - Adding [systemProperties] PropertySource with lowest search precedence
21:59:43.463 [main] DEBUG o.s.w.c.s.StandardServletEnvironment - Adding [systemEnvironment] PropertySource with lowest search precedence
21:59:43.463 [main] DEBUG o.s.w.c.s.StandardServletEnvironment - Initialized StandardServletEnvironment with PropertySources [servletConfigInitParams,servletContextInitParams,systemProperties,systemEnvironment]
21:59:43.463 [main] DEBUG o.s.t.c.w.AnnotationConfigWebContextLoader - Registering annotated classes: {class edu.ncsu.csc.itrust2.config.RootConfiguration, class edu.ncsu.csc.itrust2.mvc.config.WebMvcConfiguration}
21:59:43.464 [main] INFO  o.s.w.c.s.GenericWebApplicationContext - Refreshing org.springframework.web.context.support.GenericWebApplicationContext@3460488a: startup date [Thu Mar 22 21:59:43 UTC 2018]; root of context hierarchy
21:59:43.464 [main] DEBUG o.s.w.c.s.StandardServletEnvironment - Replacing [servletContextInitParams] PropertySource with [servletContextInitParams]
21:59:43.464 [main] DEBUG o.s.w.c.s.GenericWebApplicationContext - Bean factory for org.springframework.web.context.support.GenericWebApplicationContext@3460488a: org.springframework.beans.factory.support.DefaultListableBeanFactory@222b076c: defining beans [org.springframework.context.annotation.internalConfigurationAnnotationProcessor,org.springframework.context.annotation.internalAutowiredAnnotationProcessor,org.springframework.context.annotation.internalRequiredAnnotationProcessor,org.springframework.context.annotation.internalCommonAnnotationProcessor,org.springframework.context.annotation.internalPersistenceAnnotationProcessor,org.springframework.context.event.internalEventListenerProcessor,org.springframework.context.event.internalEventListenerFactory,rootConfiguration,webMvcConfiguration]; root of factory hierarchy
21:59:43.464 [main] DEBUG o.s.b.f.s.DefaultListableBeanFactory - Registering scope &apos;request&apos; with implementation [org.springframework.web.context.request.RequestScope@74ab74b9]
21:59:43.464 [main] DEBUG o.s.b.f.s.DefaultListableBeanFactory - Registering scope &apos;session&apos; with implementation [org.springframework.web.context.request.SessionScope@42b946be]
21:59:43.464 [main] DEBUG o.s.b.f.s.DefaultListableBeanFactory - Registering scope &apos;globalSession&apos; with implementation [org.springframework.web.context.request.SessionScope@385339e2]
21:59:43.464 [main] DEBUG o.s.b.f.s.DefaultListableBeanFactory - Registering scope &apos;application&apos; with implementation [org.springframework.web.context.support.ServletContextScope@4294bf53]
21:59:43.464 [main] DEBUG o.s.b.f.s.DefaultListableBeanFactory - Creating shared instance of singleton bean &apos;org.springframework.context.annotation.internalConfigurationAnnotationProcessor&apos;
21:59:43.464 [main] DEBUG o.s.b.f.s.DefaultListableBeanFactory - Creating instance of bean &apos;org.springframework.context.annotation.internalConfigurationAnnotationProcessor&apos;
21:59:43.464 [main] DEBUG o.s.b.f.s.DefaultListableBeanFactory - Eagerly caching bean &apos;org.springframework.context.annotation.internalConfigurationAnnotationProcessor&apos; to allow for resolving potential circular references
21:59:43.464 [main] DEBUG o.s.b.f.s.DefaultListableBeanFactory - Finished creating instance of bean &apos;org.springframework.context.annotation.internalConfigurationAnnotationProcessor&apos;
21:59:43.464 [main] DEBUG o.s.core.env.StandardEnvironment - Adding [systemProperties] PropertySource with lowest search precedence
21:59:43.464 [main] DEBUG o.s.core.env.StandardEnvironment - Adding [systemEnvironment] PropertySource with lowest search precedence
21:59:43.465 [main] DEBUG o.s.core.env.StandardEnvironment - Initialized StandardEnvironment with PropertySources [systemProperties,systemEnvironment]
21:59:43.465 [main] DEBUG o.s.c.i.s.PathMatchingResourcePatternResolver - Resolved classpath location [edu/ncsu/csc/itrust2/config/] to resources [URL [file:/var/lib/jenkins/jobs/iTrust_Fuzzer/workspace/iTrust2/target/classes/edu/ncsu/csc/itrust2/config/]]
21:59:43.465 [main] DEBUG o.s.c.i.s.PathMatchingResourcePatternResolver - Looking for matching resources in directory tree [/var/lib/jenkins/jobs/iTrust_Fuzzer/workspace/iTrust2/target/classes/edu/ncsu/csc/itrust2/config]
21:59:43.465 [main] DEBUG o.s.c.i.s.PathMatchingResourcePatternResolver - Searching directory [/var/lib/jenkins/jobs/iTrust_Fuzzer/workspace/iTrust2/target/classes/edu/ncsu/csc/itrust2/config] for files matching pattern [/var/lib/jenkins/jobs/iTrust_Fuzzer/workspace/iTrust2/target/classes/edu/ncsu/csc/itrust2/config/**/*.class]
21:59:43.466 [main] DEBUG o.s.c.i.s.PathMatchingResourcePatternResolver - Resolved location pattern [classpath*:edu/ncsu/csc/itrust2/config/**/*.class] to resources [file [/var/lib/jenkins/jobs/iTrust_Fuzzer/workspace/iTrust2/target/classes/edu/ncsu/csc/itrust2/config/ContextListener.class], file [/var/lib/jenkins/jobs/iTrust_Fuzzer/workspace/iTrust2/target/classes/edu/ncsu/csc/itrust2/config/DataConfiguration.class], file [/var/lib/jenkins/jobs/iTrust_Fuzzer/workspace/iTrust2/target/classes/edu/ncsu/csc/itrust2/config/FailureHandler.class], file [/var/lib/jenkins/jobs/iTrust_Fuzzer/workspace/iTrust2/target/classes/edu/ncsu/csc/itrust2/config/IPFilter.class], file [/var/lib/jenkins/jobs/iTrust_Fuzzer/workspace/iTrust2/target/classes/edu/ncsu/csc/itrust2/config/ITrust2ApplicationInitializer.class], file [/var/lib/jenkins/jobs/iTrust_Fuzzer/workspace/iTrust2/target/classes/edu/ncsu/csc/itrust2/config/ITrust2WebApplicationInitializer.class], file [/var/lib/jenkins/jobs/iTrust_Fuzzer/workspace/iTrust2/target/classes/edu/ncsu/csc/itrust2/config/LoginAuditingListener.class], file [/var/lib/jenkins/jobs/iTrust_Fuzzer/workspace/iTrust2/target/classes/edu/ncsu/csc/itrust2/config/RootConfiguration.class], file [/var/lib/jenkins/jobs/iTrust_Fuzzer/workspace/iTrust2/target/classes/edu/ncsu/csc/itrust2/config/SecurityConfig.class]]
21:59:43.466 [main] DEBUG o.s.c.a.ClassPathBeanDefinitionScanner - Identified candidate component class: file [/var/lib/jenkins/jobs/iTrust_Fuzzer/workspace/iTrust2/target/classes/edu/ncsu/csc/itrust2/config/DataConfiguration.class]
21:59:43.466 [main] DEBUG o.s.c.a.ClassPathBeanDefinitionScanner - Identified candidate component class: file [/var/lib/jenkins/jobs/iTrust_Fuzzer/workspace/iTrust2/target/classes/edu/ncsu/csc/itrust2/config/LoginAuditingListener.class]
21:59:43.466 [main] DEBUG o.s.c.a.ClassPathBeanDefinitionScanner - Identified candidate component class: file [/var/lib/jenkins/jobs/iTrust_Fuzzer/workspace/iTrust2/target/classes/edu/ncsu/csc/itrust2/config/SecurityConfig.class]
21:59:43.473 [main] DEBUG o.s.core.env.StandardEnvironment - Adding [systemProperties] PropertySource with lowest search precedence
21:59:43.473 [main] DEBUG o.s.core.env.StandardEnvironment - Adding [systemEnvironment] PropertySource with lowest search precedence
21:59:43.473 [main] DEBUG o.s.core.env.StandardEnvironment - Initialized StandardEnvironment with PropertySources [systemProperties,systemEnvironment]
21:59:43.474 [main] DEBUG o.s.c.i.s.PathMatchingResourcePatternResolver - Resolved classpath location [edu/ncsu/csc/itrust2/controllers/] to resources [URL [file:/var/lib/jenkins/jobs/iTrust_Fuzzer/workspace/iTrust2/target/classes/edu/ncsu/csc/itrust2/controllers/]]
21:59:43.474 [main] DEBUG o.s.c.i.s.PathMatchingResourcePatternResolver - Looking for matching resources in directory tree [/var/lib/jenkins/jobs/iTrust_Fuzzer/workspace/iTrust2/target/classes/edu/ncsu/csc/itrust2/controllers]
21:59:43.474 [main] DEBUG o.s.c.i.s.PathMatchingResourcePatternResolver - Searching directory [/var/lib/jenkins/jobs/iTrust_Fuzzer/workspace/iTrust2/target/classes/edu/ncsu/csc/itrust2/controllers] for files matching pattern [/var/lib/jenkins/jobs/iTrust_Fuzzer/workspace/iTrust2/target/classes/edu/ncsu/csc/itrust2/controllers/**/*.class]
21:59:43.474 [main] DEBUG o.s.c.i.s.PathMatchingResourcePatternResolver - Searching directory [/var/lib/jenkins/jobs/iTrust_Fuzzer/workspace/iTrust2/target/classes/edu/ncsu/csc/itrust2/controllers/admin] for files matching pattern [/var/lib/jenkins/jobs/iTrust_Fuzzer/workspace/iTrust2/target/classes/edu/ncsu/csc/itrust2/controllers/**/*.class]
21:59:43.474 [main] DEBUG o.s.c.i.s.PathMatchingResourcePatternResolver - Searching directory [/var/lib/jenkins/jobs/iTrust_Fuzzer/workspace/iTrust2/target/classes/edu/ncsu/csc/itrust2/controllers/api] for files matching pattern [/var/lib/jenkins/jobs/iTrust_Fuzzer/workspace/iTrust2/target/classes/edu/ncsu/csc/itrust2/controllers/**/*.class]
21:59:43.474 [main] DEBUG o.s.c.i.s.PathMatchingResourcePatternResolver - Searching directory [/var/lib/jenkins/jobs/iTrust_Fuzzer/workspace/iTrust2/target/classes/edu/ncsu/csc/itrust2/controllers/api/comm] for files matching pattern [/var/lib/jenkins/jobs/iTrust_Fuzzer/workspace/iTrust2/target/classes/edu/ncsu/csc/itrust2/controllers/**/*.class]
21:59:43.474 [main] DEBUG o.s.c.i.s.PathMatchingResourcePatternResolver - Searching directory [/var/lib/jenkins/jobs/iTrust_Fuzzer/workspace/iTrust2/target/classes/edu/ncsu/csc/itrust2/controllers/hcp] for files matching pattern [/var/lib/jenkins/jobs/iTrust_Fuzzer/workspace/iTrust2/target/classes/edu/ncsu/csc/itrust2/controllers/**/*.class]
21:59:43.475 [main] DEBUG o.s.c.i.s.PathMatchingResourcePatternResolver - Searching directory [/var/lib/jenkins/jobs/iTrust_Fuzzer/workspace/iTrust2/target/classes/edu/ncsu/csc/itrust2/controllers/patient] for files matching pattern [/var/lib/jenkins/jobs/iTrust_Fuzzer/workspace/iTrust2/target/classes/edu/ncsu/csc/itrust2/controllers/**/*.class]
21:59:43.475 [main] DEBUG o.s.c.i.s.PathMatchingResourcePatternResolver - Searching directory [/var/lib/jenkins/jobs/iTrust_Fuzzer/workspace/iTrust2/target/classes/edu/ncsu/csc/itrust2/controllers/personnel] for files matching pattern [/var/lib/jenkins/jobs/iTrust_Fuzzer/workspace/iTrust2/target/classes/edu/ncsu/csc/itrust2/controllers/**/*.class]
21:59:43.475 [main] DEBUG o.s.c.i.s.PathMatchingResourcePatternResolver - Resolved location pattern [classpath*:edu/ncsu/csc/itrust2/controllers/**/*.class] to resources [file [/var/lib/jenkins/jobs/iTrust_Fuzzer/workspace/iTrust2/target/classes/edu/ncsu/csc/itrust2/controllers/DefaultController.class], file [/var/lib/jenkins/jobs/iTrust_Fuzzer/workspace/iTrust2/target/classes/edu/ncsu/csc/itrust2/controllers/admin/AdminController.class], file [/var/lib/jenkins/jobs/iTrust_Fuzzer/workspace/iTrust2/target/classes/edu/ncsu/csc/itrust2/controllers/admin/AdminUserController$1.class], file [/var/lib/jenkins/jobs/iTrust_Fuzzer/workspace/iTrust2/target/classes/edu/ncsu/csc/itrust2/controllers/admin/AdminUserController.class], file [/var/lib/jenkins/jobs/iTrust_Fuzzer/workspace/iTrust2/target/classes/edu/ncsu/csc/itrust2/controllers/admin/HospitalController.class], file [/var/lib/jenkins/jobs/iTrust_Fuzzer/workspace/iTrust2/target/classes/edu/ncsu/csc/itrust2/controllers/admin/ICDCodesController.class], file [/var/lib/jenkins/jobs/iTrust_Fuzzer/workspace/iTrust2/target/classes/edu/ncsu/csc/itrust2/controllers/api/APIAppointmentRequestController.class], file [/var/lib/jenkins/jobs/iTrust_Fuzzer/workspace/iTrust2/target/classes/edu/ncsu/csc/itrust2/controllers/api/APIController$JSONResponse.class], file [/var/lib/jenkins/jobs/iTrust_Fuzzer/workspace/iTrust2/target/classes/edu/ncsu/csc/itrust2/controllers/api/APIController.class], file [/var/lib/jenkins/jobs/iTrust_Fuzzer/workspace/iTrust2/target/classes/edu/ncsu/csc/itrust2/controllers/api/APIDiagnosisController.class], file [/var/lib/jenkins/jobs/iTrust_Fuzzer/workspace/iTrust2/target/classes/edu/ncsu/csc/itrust2/controllers/api/APIDrugController.class], file [/var/lib/jenkins/jobs/iTrust_Fuzzer/workspace/iTrust2/target/classes/edu/ncsu/csc/itrust2/controllers/api/APIEnumController.class], file [/var/lib/jenkins/jobs/iTrust_Fuzzer/workspace/iTrust2/target/classes/edu/ncsu/csc/itrust2/controllers/api/APIHospitalController.class], file [/var/lib/jenkins/jobs/iTrust_Fuzzer/workspace/iTrust2/target/classes/edu/ncsu/csc/itrust2/controllers/api/APIICDCodeController.class], file [/var/lib/jenkins/jobs/iTrust_Fuzzer/workspace/iTrust2/target/classes/edu/ncsu/csc/itrust2/controllers/api/APILogEntryController.class], file [/var/lib/jenkins/jobs/iTrust_Fuzzer/workspace/iTrust2/target/classes/edu/ncsu/csc/itrust2/controllers/api/APIOfficeVisitController.class], file [/var/lib/jenkins/jobs/iTrust_Fuzzer/workspace/iTrust2/target/classes/edu/ncsu/csc/itrust2/controllers/api/APIPasswordController.class], file [/var/lib/jenkins/jobs/iTrust_Fuzzer/workspace/iTrust2/target/classes/edu/ncsu/csc/itrust2/controllers/api/APIPatientController.class], file [/var/lib/jenkins/jobs/iTrust_Fuzzer/workspace/iTrust2/target/classes/edu/ncsu/csc/itrust2/controllers/api/APIPersonnelController.class], file [/var/lib/jenkins/jobs/iTrust_Fuzzer/workspace/iTrust2/target/classes/edu/ncsu/csc/itrust2/controllers/api/APIPrescriptionController.class], file [/var/lib/jenkins/jobs/iTrust_Fuzzer/workspace/iTrust2/target/classes/edu/ncsu/csc/itrust2/controllers/api/APIUserController.class], file [/var/lib/jenkins/jobs/iTrust_Fuzzer/workspace/iTrust2/target/classes/edu/ncsu/csc/itrust2/controllers/api/comm/LogEntryRequestBody.class], file [/var/lib/jenkins/jobs/iTrust_Fuzzer/workspace/iTrust2/target/classes/edu/ncsu/csc/itrust2/controllers/api/comm/LogEntryTableRow.class], file [/var/lib/jenkins/jobs/iTrust_Fuzzer/workspace/iTrust2/target/classes/edu/ncsu/csc/itrust2/controllers/hcp/AppointmentControllerHCP.class], file [/var/lib/jenkins/jobs/iTrust_Fuzzer/workspace/iTrust2/target/classes/edu/ncsu/csc/itrust2/controllers/hcp/HCPController.class], file [/var/lib/jenkins/jobs/iTrust_Fuzzer/workspace/iTrust2/target/classes/edu/ncsu/csc/itrust2/controllers/hcp/OfficeVisitController.class], file [/var/lib/jenkins/jobs/iTrust_Fuzzer/workspace/iTrust2/target/classes/edu/ncsu/csc/itrust2/controllers/patient/AppointmentController.class], file [/var/lib/jenkins/jobs/iTrust_Fuzzer/workspace/iTrust2/target/classes/edu/ncsu/csc/itrust2/controllers/patient/DiagnosesController.class], file [/var/lib/jenkins/jobs/iTrust_Fuzzer/workspace/iTrust2/target/classes/edu/ncsu/csc/itrust2/controllers/patient/PatientController.class], file [/var/lib/jenkins/jobs/iTrust_Fuzzer/workspace/iTrust2/target/classes/edu/ncsu/csc/itrust2/controllers/personnel/PasswordController.class], file [/var/lib/jenkins/jobs/iTrust_Fuzzer/workspace/iTrust2/target/classes/edu/ncsu/csc/itrust2/controllers/personnel/UserController.class]]
21:59:43.475 [main] DEBUG o.s.c.a.ClassPathBeanDefinitionScanner - Identified candidate component class: file [/var/lib/jenkins/jobs/iTrust_Fuzzer/workspace/iTrust2/target/classes/edu/ncsu/csc/itrust2/controllers/DefaultController.class]
21:59:43.475 [main] DEBUG o.s.c.a.ClassPathBeanDefinitionScanner - Identified candidate component class: file [/var/lib/jenkins/jobs/iTrust_Fuzzer/workspace/iTrust2/target/classes/edu/ncsu/csc/itrust2/controllers/admin/AdminController.class]
21:59:43.476 [main] DEBUG o.s.c.a.ClassPathBeanDefinitionScanner - Identified candidate component class: file [/var/lib/jenkins/jobs/iTrust_Fuzzer/workspace/iTrust2/target/classes/edu/ncsu/csc/itrust2/controllers/admin/AdminUserController.class]
21:59:43.476 [main] DEBUG o.s.c.a.ClassPathBeanDefinitionScanner - Identified candidate component class: file [/var/lib/jenkins/jobs/iTrust_Fuzzer/workspace/iTrust2/target/classes/edu/ncsu/csc/itrust2/controllers/admin/HospitalController.class]
21:59:43.476 [main] DEBUG o.s.c.a.ClassPathBeanDefinitionScanner - Identified candidate component class: file [/var/lib/jenkins/jobs/iTrust_Fuzzer/workspace/iTrust2/target/classes/edu/ncsu/csc/itrust2/controllers/admin/ICDCodesController.class]
21:59:43.476 [main] DEBUG o.s.c.a.ClassPathBeanDefinitionScanner - Identified candidate component class: file [/var/lib/jenkins/jobs/iTrust_Fuzzer/workspace/iTrust2/target/classes/edu/ncsu/csc/itrust2/controllers/api/APIAppointmentRequestController.class]
21:59:43.476 [main] DEBUG o.s.c.a.ClassPathBeanDefinitionScanner - Identified candidate component class: file [/var/lib/jenkins/jobs/iTrust_Fuzzer/workspace/iTrust2/target/classes/edu/ncsu/csc/itrust2/controllers/api/APIDiagnosisController.class]
21:59:43.477 [main] DEBUG o.s.c.a.ClassPathBeanDefinitionScanner - Identified candidate component class: file [/var/lib/jenkins/jobs/iTrust_Fuzzer/workspace/iTrust2/target/classes/edu/ncsu/csc/itrust2/controllers/api/APIDrugController.class]
21:59:43.477 [main] DEBUG o.s.c.a.ClassPathBeanDefinitionScanner - Identified candidate component class: file [/var/lib/jenkins/jobs/iTrust_Fuzzer/workspace/iTrust2/target/classes/edu/ncsu/csc/itrust2/controllers/api/APIEnumController.class]
21:59:43.477 [main] DEBUG o.s.c.a.ClassPathBeanDefinitionScanner - Identified candidate component class: file [/var/lib/jenkins/jobs/iTrust_Fuzzer/workspace/iTrust2/target/classes/edu/ncsu/csc/itrust2/controllers/api/APIHospitalController.class]
21:59:43.477 [main] DEBUG o.s.c.a.ClassPathBeanDefinitionScanner - Identified candidate component class: file [/var/lib/jenkins/jobs/iTrust_Fuzzer/workspace/iTrust2/target/classes/edu/ncsu/csc/itrust2/controllers/api/APIICDCodeController.class]
21:59:43.478 [main] DEBUG o.s.c.a.ClassPathBeanDefinitionScanner - Identified candidate component class: file [/var/lib/jenkins/jobs/iTrust_Fuzzer/workspace/iTrust2/target/classes/edu/ncsu/csc/itrust2/controllers/api/APILogEntryController.class]
21:59:43.478 [main] DEBUG o.s.c.a.ClassPathBeanDefinitionScanner - Identified candidate component class: file [/var/lib/jenkins/jobs/iTrust_Fuzzer/workspace/iTrust2/target/classes/edu/ncsu/csc/itrust2/controllers/api/APIOfficeVisitController.class]
21:59:43.478 [main] DEBUG o.s.c.a.ClassPathBeanDefinitionScanner - Identified candidate component class: file [/var/lib/jenkins/jobs/iTrust_Fuzzer/workspace/iTrust2/target/classes/edu/ncsu/csc/itrust2/controllers/api/APIPasswordController.class]
21:59:43.478 [main] DEBUG o.s.c.a.ClassPathBeanDefinitionScanner - Identified candidate component class: file [/var/lib/jenkins/jobs/iTrust_Fuzzer/workspace/iTrust2/target/classes/edu/ncsu/csc/itrust2/controllers/api/APIPatientController.class]
21:59:43.479 [main] DEBUG o.s.c.a.ClassPathBeanDefinitionScanner - Identified candidate component class: file [/var/lib/jenkins/jobs/iTrust_Fuzzer/workspace/iTrust2/target/classes/edu/ncsu/csc/itrust2/controllers/api/APIPersonnelController.class]
21:59:43.479 [main] DEBUG o.s.c.a.ClassPathBeanDefinitionScanner - Identified candidate component class: file [/var/lib/jenkins/jobs/iTrust_Fuzzer/workspace/iTrust2/target/classes/edu/ncsu/csc/itrust2/controllers/api/APIPrescriptionController.class]
21:59:43.479 [main] DEBUG o.s.c.a.ClassPathBeanDefinitionScanner - Identified candidate component class: file [/var/lib/jenkins/jobs/iTrust_Fuzzer/workspace/iTrust2/target/classes/edu/ncsu/csc/itrust2/controllers/api/APIUserController.class]
21:59:43.479 [main] DEBUG o.s.c.a.ClassPathBeanDefinitionScanner - Identified candidate component class: file [/var/lib/jenkins/jobs/iTrust_Fuzzer/workspace/iTrust2/target/classes/edu/ncsu/csc/itrust2/controllers/hcp/AppointmentControllerHCP.class]
21:59:43.480 [main] DEBUG o.s.c.a.ClassPathBeanDefinitionScanner - Identified candidate component class: file [/var/lib/jenkins/jobs/iTrust_Fuzzer/workspace/iTrust2/target/classes/edu/ncsu/csc/itrust2/controllers/hcp/HCPController.class]
21:59:43.480 [main] DEBUG o.s.c.a.ClassPathBeanDefinitionScanner - Identified candidate component class: file [/var/lib/jenkins/jobs/iTrust_Fuzzer/workspace/iTrust2/target/classes/edu/ncsu/csc/itrust2/controllers/hcp/OfficeVisitController.class]
21:59:43.480 [main] DEBUG o.s.c.a.ClassPathBeanDefinitionScanner - Identified candidate component class: file [/var/lib/jenkins/jobs/iTrust_Fuzzer/workspace/iTrust2/target/classes/edu/ncsu/csc/itrust2/controllers/patient/AppointmentController.class]
21:59:43.480 [main] DEBUG o.s.c.a.ClassPathBeanDefinitionScanner - Identified candidate component class: file [/var/lib/jenkins/jobs/iTrust_Fuzzer/workspace/iTrust2/target/classes/edu/ncsu/csc/itrust2/controllers/patient/DiagnosesController.class]
21:59:43.480 [main] DEBUG o.s.c.a.ClassPathBeanDefinitionScanner - Identified candidate component class: file [/var/lib/jenkins/jobs/iTrust_Fuzzer/workspace/iTrust2/target/classes/edu/ncsu/csc/itrust2/controllers/patient/PatientController.class]
21:59:43.480 [main] DEBUG o.s.c.a.ClassPathBeanDefinitionScanner - Identified candidate component class: file [/var/lib/jenkins/jobs/iTrust_Fuzzer/workspace/iTrust2/target/classes/edu/ncsu/csc/itrust2/controllers/personnel/PasswordController.class]
21:59:43.481 [main] DEBUG o.s.c.a.ClassPathBeanDefinitionScanner - Identified candidate component class: file [/var/lib/jenkins/jobs/iTrust_Fuzzer/workspace/iTrust2/target/classes/edu/ncsu/csc/itrust2/controllers/personnel/UserController.class]
21:59:43.481 [main] DEBUG o.s.c.i.s.PathMatchingResourcePatternResolver - Resolved classpath location [edu/ncsu/csc/itrust2/config/] to resources [URL [file:/var/lib/jenkins/jobs/iTrust_Fuzzer/workspace/iTrust2/target/classes/edu/ncsu/csc/itrust2/config/]]
21:59:43.481 [main] DEBUG o.s.c.i.s.PathMatchingResourcePatternResolver - Looking for matching resources in directory tree [/var/lib/jenkins/jobs/iTrust_Fuzzer/workspace/iTrust2/target/classes/edu/ncsu/csc/itrust2/config]
21:59:43.481 [main] DEBUG o.s.c.i.s.PathMatchingResourcePatternResolver - Searching directory [/var/lib/jenkins/jobs/iTrust_Fuzzer/workspace/iTrust2/target/classes/edu/ncsu/csc/itrust2/config] for files matching pattern [/var/lib/jenkins/jobs/iTrust_Fuzzer/workspace/iTrust2/target/classes/edu/ncsu/csc/itrust2/config/**/*.class]
21:59:43.481 [main] DEBUG o.s.c.i.s.PathMatchingResourcePatternResolver - Resolved location pattern [classpath*:edu/ncsu/csc/itrust2/config/**/*.class] to resources [file [/var/lib/jenkins/jobs/iTrust_Fuzzer/workspace/iTrust2/target/classes/edu/ncsu/csc/itrust2/config/ContextListener.class], file [/var/lib/jenkins/jobs/iTrust_Fuzzer/workspace/iTrust2/target/classes/edu/ncsu/csc/itrust2/config/DataConfiguration.class], file [/var/lib/jenkins/jobs/iTrust_Fuzzer/workspace/iTrust2/target/classes/edu/ncsu/csc/itrust2/config/FailureHandler.class], file [/var/lib/jenkins/jobs/iTrust_Fuzzer/workspace/iTrust2/target/classes/edu/ncsu/csc/itrust2/config/IPFilter.class], file [/var/lib/jenkins/jobs/iTrust_Fuzzer/workspace/iTrust2/target/classes/edu/ncsu/csc/itrust2/config/ITrust2ApplicationInitializer.class], file [/var/lib/jenkins/jobs/iTrust_Fuzzer/workspace/iTrust2/target/classes/edu/ncsu/csc/itrust2/config/ITrust2WebApplicationInitializer.class], file [/var/lib/jenkins/jobs/iTrust_Fuzzer/workspace/iTrust2/target/classes/edu/ncsu/csc/itrust2/config/LoginAuditingListener.class], file [/var/lib/jenkins/jobs/iTrust_Fuzzer/workspace/iTrust2/target/classes/edu/ncsu/csc/itrust2/config/RootConfiguration.class], file [/var/lib/jenkins/jobs/iTrust_Fuzzer/workspace/iTrust2/target/classes/edu/ncsu/csc/itrust2/config/SecurityConfig.class]]
21:59:43.482 [main] DEBUG o.s.c.a.ClassPathBeanDefinitionScanner - Identified candidate component class: file [/var/lib/jenkins/jobs/iTrust_Fuzzer/workspace/iTrust2/target/classes/edu/ncsu/csc/itrust2/config/DataConfiguration.class]
21:59:43.482 [main] DEBUG o.s.c.a.ClassPathBeanDefinitionScanner - Identified candidate component class: file [/var/lib/jenkins/jobs/iTrust_Fuzzer/workspace/iTrust2/target/classes/edu/ncsu/csc/itrust2/config/LoginAuditingListener.class]
21:59:43.482 [main] DEBUG o.s.c.a.ClassPathBeanDefinitionScanner - Identified candidate component class: file [/var/lib/jenkins/jobs/iTrust_Fuzzer/workspace/iTrust2/target/classes/edu/ncsu/csc/itrust2/config/RootConfiguration.class]
21:59:43.482 [main] DEBUG o.s.c.a.ClassPathBeanDefinitionScanner - Identified candidate component class: file [/var/lib/jenkins/jobs/iTrust_Fuzzer/workspace/iTrust2/target/classes/edu/ncsu/csc/itrust2/config/SecurityConfig.class]
21:59:43.496 [main] DEBUG o.s.c.a.ConfigurationClassBeanDefinitionReader - Registering bean definition for @Bean method edu.ncsu.csc.itrust2.config.DataConfiguration.dataSource()
21:59:43.496 [main] DEBUG o.s.c.a.ConfigurationClassBeanDefinitionReader - Registered bean definition for imported class &apos;org.springframework.security.config.annotation.configuration.ObjectPostProcessorConfiguration&apos;
21:59:43.496 [main] DEBUG o.s.c.a.ConfigurationClassBeanDefinitionReader - Registering bean definition for @Bean method org.springframework.security.config.annotation.configuration.ObjectPostProcessorConfiguration.objectPostProcessor()
21:59:43.496 [main] DEBUG o.s.c.a.ConfigurationClassBeanDefinitionReader - Registered bean definition for imported class &apos;org.springframework.security.config.annotation.authentication.configuration.AuthenticationConfiguration&apos;
21:59:43.496 [main] DEBUG o.s.c.a.ConfigurationClassBeanDefinitionReader - Registering bean definition for @Bean method org.springframework.security.config.annotation.authentication.configuration.AuthenticationConfiguration.authenticationManagerBuilder()
21:59:43.496 [main] DEBUG o.s.c.a.ConfigurationClassBeanDefinitionReader - Registering bean definition for @Bean method org.springframework.security.config.annotation.authentication.configuration.AuthenticationConfiguration.enableGlobalAuthenticationAutowiredConfigurer()
21:59:43.496 [main] DEBUG o.s.c.a.ConfigurationClassBeanDefinitionReader - Registering bean definition for @Bean method org.springframework.security.config.annotation.authentication.configuration.AuthenticationConfiguration.initializeUserDetailsBeanManagerConfigurer()
21:59:43.496 [main] DEBUG o.s.c.a.ConfigurationClassBeanDefinitionReader - Registering bean definition for @Bean method org.springframework.security.config.annotation.authentication.configuration.AuthenticationConfiguration.initializeAuthenticationProviderBeanManagerConfigurer()
21:59:43.496 [main] DEBUG o.s.c.a.ConfigurationClassBeanDefinitionReader - Registered bean definition for imported class &apos;org.springframework.security.config.annotation.web.configuration.WebSecurityConfiguration&apos;
21:59:43.496 [main] DEBUG o.s.c.a.ConfigurationClassBeanDefinitionReader - Registering bean definition for @Bean method org.springframework.security.config.annotation.web.configuration.WebSecurityConfiguration.delegatingApplicationListener()
21:59:43.496 [main] DEBUG o.s.c.a.ConfigurationClassBeanDefinitionReader - Registering bean definition for @Bean method org.springframework.security.config.annotation.web.configuration.WebSecurityConfiguration.webSecurityExpressionHandler()
21:59:43.496 [main] DEBUG o.s.c.a.ConfigurationClassBeanDefinitionReader - Registering bean definition for @Bean method org.springframework.security.config.annotation.web.configuration.WebSecurityConfiguration.springSecurityFilterChain()
21:59:43.496 [main] DEBUG o.s.c.a.ConfigurationClassBeanDefinitionReader - Registering bean definition for @Bean method org.springframework.security.config.annotation.web.configuration.WebSecurityConfiguration.privilegeEvaluator()
21:59:43.496 [main] DEBUG o.s.c.a.ConfigurationClassBeanDefinitionReader - Registering bean definition for @Bean method org.springframework.security.config.annotation.web.configuration.WebSecurityConfiguration.autowiredWebSecurityConfigurersIgnoreParents()
21:59:43.496 [main] DEBUG o.s.c.a.ConfigurationClassBeanDefinitionReader - Registered bean definition for imported class &apos;org.springframework.security.config.annotation.web.configuration.WebMvcSecurityConfiguration&apos;
21:59:43.496 [main] DEBUG o.s.c.a.ConfigurationClassBeanDefinitionReader - Registering bean definition for @Bean method org.springframework.security.config.annotation.web.configuration.WebMvcSecurityConfiguration.requestDataValueProcessor()
21:59:43.496 [main] DEBUG o.s.c.a.ConfigurationClassBeanDefinitionReader - Registering bean definition for @Bean method edu.ncsu.csc.itrust2.config.SecurityConfig.passwordEncoder()
21:59:43.496 [main] DEBUG o.s.c.a.ConfigurationClassBeanDefinitionReader - Registering bean definition for @Bean method edu.ncsu.csc.itrust2.config.SecurityConfig.defaultAuthenticationEventPublisher()
21:59:43.496 [main] DEBUG o.s.c.a.ConfigurationClassBeanDefinitionReader - Registering bean definition for @Bean method edu.ncsu.csc.itrust2.config.SecurityConfig.failureHandler()
21:59:43.496 [main] DEBUG o.s.c.a.ConfigurationClassBeanDefinitionReader - Registering bean definition for @Bean method edu.ncsu.csc.itrust2.config.SecurityConfig.ipBlockFilter()
21:59:43.496 [main] DEBUG o.s.c.a.ConfigurationClassBeanDefinitionReader - Registered bean definition for imported class &apos;org.springframework.web.servlet.config.annotation.DelegatingWebMvcConfiguration&apos;
21:59:43.496 [main] DEBUG o.s.c.a.ConfigurationClassBeanDefinitionReader - Registering bean definition for @Bean method org.springframework.web.servlet.config.annotation.DelegatingWebMvcConfiguration.mvcConversionService()
21:59:43.496 [main] DEBUG o.s.c.a.ConfigurationClassBeanDefinitionReader - Registering bean definition for @Bean method org.springframework.web.servlet.config.annotation.DelegatingWebMvcConfiguration.requestMappingHandlerMapping()
21:59:43.496 [main] DEBUG o.s.c.a.ConfigurationClassBeanDefinitionReader - Registering bean definition for @Bean method org.springframework.web.servlet.config.annotation.DelegatingWebMvcConfiguration.mvcPathMatcher()
21:59:43.496 [main] DEBUG o.s.c.a.ConfigurationClassBeanDefinitionReader - Registering bean definition for @Bean method org.springframework.web.servlet.config.annotation.DelegatingWebMvcConfiguration.mvcUrlPathHelper()
21:59:43.497 [main] DEBUG o.s.c.a.ConfigurationClassBeanDefinitionReader - Registering bean definition for @Bean method org.springframework.web.servlet.config.annotation.DelegatingWebMvcConfiguration.mvcContentNegotiationManager()
21:59:43.497 [main] DEBUG o.s.c.a.ConfigurationClassBeanDefinitionReader - Registering bean definition for @Bean method org.springframework.web.servlet.config.annotation.DelegatingWebMvcConfiguration.viewControllerHandlerMapping()
21:59:43.497 [main] DEBUG o.s.c.a.ConfigurationClassBeanDefinitionReader - Registering bean definition for @Bean method org.springframework.web.servlet.config.annotation.DelegatingWebMvcConfiguration.beanNameHandlerMapping()
21:59:43.497 [main] DEBUG o.s.c.a.ConfigurationClassBeanDefinitionReader - Registering bean definition for @Bean method org.springframework.web.servlet.config.annotation.DelegatingWebMvcConfiguration.resourceHandlerMapping()
21:59:43.497 [main] DEBUG o.s.c.a.ConfigurationClassBeanDefinitionReader - Registering bean definition for @Bean method org.springframework.web.servlet.config.annotation.DelegatingWebMvcConfiguration.mvcResourceUrlProvider()
21:59:43.497 [main] DEBUG o.s.c.a.ConfigurationClassBeanDefinitionReader - Registering bean definition for @Bean method org.springframework.web.servlet.config.annotation.DelegatingWebMvcConfiguration.defaultServletHandlerMapping()
21:59:43.497 [main] DEBUG o.s.c.a.ConfigurationClassBeanDefinitionReader - Registering bean definition for @Bean method org.springframework.web.servlet.config.annotation.DelegatingWebMvcConfiguration.requestMappingHandlerAdapter()
21:59:43.497 [main] DEBUG o.s.c.a.ConfigurationClassBeanDefinitionReader - Registering bean definition for @Bean method org.springframework.web.servlet.config.annotation.DelegatingWebMvcConfiguration.mvcValidator()
21:59:43.497 [main] DEBUG o.s.c.a.ConfigurationClassBeanDefinitionReader - Registering bean definition for @Bean method org.springframework.web.servlet.config.annotation.DelegatingWebMvcConfiguration.mvcUriComponentsContributor()
21:59:43.497 [main] DEBUG o.s.c.a.ConfigurationClassBeanDefinitionReader - Registering bean definition for @Bean method org.springframework.web.servlet.config.annotation.DelegatingWebMvcConfiguration.httpRequestHandlerAdapter()
21:59:43.497 [main] DEBUG o.s.c.a.ConfigurationClassBeanDefinitionReader - Registering bean definition for @Bean method org.springframework.web.servlet.config.annotation.DelegatingWebMvcConfiguration.simpleControllerHandlerAdapter()
21:59:43.497 [main] DEBUG o.s.c.a.ConfigurationClassBeanDefinitionReader - Registering bean definition for @Bean method org.springframework.web.servlet.config.annotation.DelegatingWebMvcConfiguration.handlerExceptionResolver()
21:59:43.497 [main] DEBUG o.s.c.a.ConfigurationClassBeanDefinitionReader - Registering bean definition for @Bean method org.springframework.web.servlet.config.annotation.DelegatingWebMvcConfiguration.mvcViewResolver()
21:59:43.497 [main] DEBUG o.s.c.a.ConfigurationClassBeanDefinitionReader - Registered bean definition for imported class &apos;org.springframework.security.config.annotation.method.configuration.GlobalMethodSecurityConfiguration&apos;
21:59:43.497 [main] DEBUG o.s.c.a.ConfigurationClassBeanDefinitionReader - Registering bean definition for @Bean method org.springframework.security.config.annotation.method.configuration.GlobalMethodSecurityConfiguration.methodSecurityInterceptor()
21:59:43.497 [main] DEBUG o.s.c.a.ConfigurationClassBeanDefinitionReader - Registering bean definition for @Bean method org.springframework.security.config.annotation.method.configuration.GlobalMethodSecurityConfiguration.methodSecurityMetadataSource()
21:59:43.497 [main] DEBUG o.s.c.a.ConfigurationClassBeanDefinitionReader - Registering bean definition for @Bean method org.springframework.security.config.annotation.method.configuration.GlobalMethodSecurityConfiguration.preInvocationAuthorizationAdvice()
21:59:43.497 [main] DEBUG o.s.c.a.ConfigurationClassBeanDefinitionReader - Registering bean definition for @Bean method edu.ncsu.csc.itrust2.mvc.config.WebMvcConfiguration.viewResolver()
21:59:43.497 [main] DEBUG o.s.c.a.ConfigurationClassBeanDefinitionReader - Registering bean definition for @Bean method edu.ncsu.csc.itrust2.mvc.config.WebMvcConfiguration.templateEngine()
21:59:43.497 [main] DEBUG o.s.c.a.ConfigurationClassBeanDefinitionReader - Registering bean definition for @Bean method edu.ncsu.csc.itrust2.mvc.config.WebMvcConfiguration.domainClassConverter()
21:59:43.499 [main] DEBUG o.s.c.a.ConfigurationClassEnhancer - Successfully enhanced edu.ncsu.csc.itrust2.config.RootConfiguration; enhanced class name is: edu.ncsu.csc.itrust2.config.RootConfiguration$$EnhancerBySpringCGLIB$$c1d00685
21:59:43.499 [main] DEBUG o.s.c.a.ConfigurationClassPostProcessor - Replacing bean definition &apos;rootConfiguration&apos; existing class &apos;edu.ncsu.csc.itrust2.config.RootConfiguration&apos; with enhanced class &apos;edu.ncsu.csc.itrust2.config.RootConfiguration$$EnhancerBySpringCGLIB$$c1d00685&apos;
21:59:43.499 [main] DEBUG o.s.c.a.ConfigurationClassEnhancer - Successfully enhanced edu.ncsu.csc.itrust2.mvc.config.WebMvcConfiguration; enhanced class name is: edu.ncsu.csc.itrust2.mvc.config.WebMvcConfiguration$$EnhancerBySpringCGLIB$$de7b09d5
21:59:43.499 [main] DEBUG o.s.c.a.ConfigurationClassPostProcessor - Replacing bean definition &apos;webMvcConfiguration&apos; existing class &apos;edu.ncsu.csc.itrust2.mvc.config.WebMvcConfiguration&apos; with enhanced class &apos;edu.ncsu.csc.itrust2.mvc.config.WebMvcConfiguration$$EnhancerBySpringCGLIB$$de7b09d5&apos;
21:59:43.499 [main] DEBUG o.s.c.a.ConfigurationClassEnhancer - Successfully enhanced edu.ncsu.csc.itrust2.config.DataConfiguration; enhanced class name is: edu.ncsu.csc.itrust2.config.DataConfiguration$$EnhancerBySpringCGLIB$$60f4bbd
21:59:43.499 [main] DEBUG o.s.c.a.ConfigurationClassPostProcessor - Replacing bean definition &apos;dataConfiguration&apos; existing class &apos;edu.ncsu.csc.itrust2.config.DataConfiguration&apos; with enhanced class &apos;edu.ncsu.csc.itrust2.config.DataConfiguration$$EnhancerBySpringCGLIB$$60f4bbd&apos;
21:59:43.499 [main] DEBUG o.s.c.a.ConfigurationClassEnhancer - Successfully enhanced edu.ncsu.csc.itrust2.config.SecurityConfig; enhanced class name is: edu.ncsu.csc.itrust2.config.SecurityConfig$$EnhancerBySpringCGLIB$$f88fd361
21:59:43.499 [main] DEBUG o.s.c.a.ConfigurationClassPostProcessor - Replacing bean definition &apos;securityConfig&apos; existing class &apos;edu.ncsu.csc.itrust2.config.SecurityConfig&apos; with enhanced class &apos;edu.ncsu.csc.itrust2.config.SecurityConfig$$EnhancerBySpringCGLIB$$f88fd361&apos;
21:59:43.499 [main] DEBUG o.s.c.a.ConfigurationClassEnhancer - Successfully enhanced org.springframework.security.config.annotation.configuration.ObjectPostProcessorConfiguration; enhanced class name is: org.springframework.security.config.annotation.configuration.ObjectPostProcessorConfiguration$$EnhancerBySpringCGLIB$$6851d2d
21:59:43.499 [main] DEBUG o.s.c.a.ConfigurationClassPostProcessor - Replacing bean definition &apos;org.springframework.security.config.annotation.configuration.ObjectPostProcessorConfiguration&apos; existing class &apos;org.springframework.security.config.annotation.configuration.ObjectPostProcessorConfiguration&apos; with enhanced class &apos;org.springframework.security.config.annotation.configuration.ObjectPostProcessorConfiguration$$EnhancerBySpringCGLIB$$6851d2d&apos;
21:59:43.499 [main] DEBUG o.s.c.a.ConfigurationClassEnhancer - Successfully enhanced org.springframework.security.config.annotation.authentication.configuration.AuthenticationConfiguration; enhanced class name is: org.springframework.security.config.annotation.authentication.configuration.AuthenticationConfiguration$$EnhancerBySpringCGLIB$$524e27a2
21:59:43.499 [main] DEBUG o.s.c.a.ConfigurationClassPostProcessor - Replacing bean definition &apos;org.springframework.security.config.annotation.authentication.configuration.AuthenticationConfiguration&apos; existing class &apos;org.springframework.security.config.annotation.authentication.configuration.AuthenticationConfiguration&apos; with enhanced class &apos;org.springframework.security.config.annotation.authentication.configuration.AuthenticationConfiguration$$EnhancerBySpringCGLIB$$524e27a2&apos;
21:59:43.499 [main] DEBUG o.s.c.a.ConfigurationClassEnhancer - Successfully enhanced org.springframework.security.config.annotation.authentication.configuration.AuthenticationConfiguration; enhanced class name is: org.springframework.security.config.annotation.authentication.configuration.AuthenticationConfiguration$$EnhancerBySpringCGLIB$$524e27a2
21:59:43.499 [main] DEBUG o.s.c.a.ConfigurationClassPostProcessor - Replacing bean definition &apos;enableGlobalAuthenticationAutowiredConfigurer&apos; existing class &apos;org.springframework.security.config.annotation.authentication.configuration.AuthenticationConfiguration&apos; with enhanced class &apos;org.springframework.security.config.annotation.authentication.configuration.AuthenticationConfiguration$$EnhancerBySpringCGLIB$$524e27a2&apos;
21:59:43.499 [main] DEBUG o.s.c.a.ConfigurationClassEnhancer - Successfully enhanced org.springframework.security.config.annotation.authentication.configuration.AuthenticationConfiguration; enhanced class name is: org.springframework.security.config.annotation.authentication.configuration.AuthenticationConfiguration$$EnhancerBySpringCGLIB$$524e27a2
21:59:43.499 [main] DEBUG o.s.c.a.ConfigurationClassPostProcessor - Replacing bean definition &apos;initializeUserDetailsBeanManagerConfigurer&apos; existing class &apos;org.springframework.security.config.annotation.authentication.configuration.AuthenticationConfiguration&apos; with enhanced class &apos;org.springframework.security.config.annotation.authentication.configuration.AuthenticationConfiguration$$EnhancerBySpringCGLIB$$524e27a2&apos;
21:59:43.499 [main] DEBUG o.s.c.a.ConfigurationClassEnhancer - Successfully enhanced org.springframework.security.config.annotation.authentication.configuration.AuthenticationConfiguration; enhanced class name is: org.springframework.security.config.annotation.authentication.configuration.AuthenticationConfiguration$$EnhancerBySpringCGLIB$$524e27a2
21:59:43.499 [main] DEBUG o.s.c.a.ConfigurationClassPostProcessor - Replacing bean definition &apos;initializeAuthenticationProviderBeanManagerConfigurer&apos; existing class &apos;org.springframework.security.config.annotation.authentication.configuration.AuthenticationConfiguration&apos; with enhanced class &apos;org.springframework.security.config.annotation.authentication.configuration.AuthenticationConfiguration$$EnhancerBySpringCGLIB$$524e27a2&apos;
21:59:43.499 [main] DEBUG o.s.c.a.ConfigurationClassEnhancer - Successfully enhanced org.springframework.security.config.annotation.web.configuration.WebSecurityConfiguration; enhanced class name is: org.springframework.security.config.annotation.web.configuration.WebSecurityConfiguration$$EnhancerBySpringCGLIB$$150881e6
21:59:43.499 [main] DEBUG o.s.c.a.ConfigurationClassPostProcessor - Replacing bean definition &apos;org.springframework.security.config.annotation.web.configuration.WebSecurityConfiguration&apos; existing class &apos;org.springframework.security.config.annotation.web.configuration.WebSecurityConfiguration&apos; with enhanced class &apos;org.springframework.security.config.annotation.web.configuration.WebSecurityConfiguration$$EnhancerBySpringCGLIB$$150881e6&apos;
21:59:43.499 [main] DEBUG o.s.c.a.ConfigurationClassEnhancer - Successfully enhanced org.springframework.security.config.annotation.web.configuration.WebSecurityConfiguration; enhanced class name is: org.springframework.security.config.annotation.web.configuration.WebSecurityConfiguration$$EnhancerBySpringCGLIB$$150881e6
21:59:43.499 [main] DEBUG o.s.c.a.ConfigurationClassPostProcessor - Replacing bean definition &apos;delegatingApplicationListener&apos; existing class &apos;org.springframework.security.config.annotation.web.configuration.WebSecurityConfiguration&apos; with enhanced class &apos;org.springframework.security.config.annotation.web.configuration.WebSecurityConfiguration$$EnhancerBySpringCGLIB$$150881e6&apos;
21:59:43.499 [main] DEBUG o.s.c.a.ConfigurationClassEnhancer - Successfully enhanced org.springframework.web.servlet.config.annotation.DelegatingWebMvcConfiguration; enhanced class name is: org.springframework.web.servlet.config.annotation.DelegatingWebMvcConfiguration$$EnhancerBySpringCGLIB$$32983a29
21:59:43.499 [main] DEBUG o.s.c.a.ConfigurationClassPostProcessor - Replacing bean definition &apos;org.springframework.web.servlet.config.annotation.DelegatingWebMvcConfiguration&apos; existing class &apos;org.springframework.web.servlet.config.annotation.DelegatingWebMvcConfiguration&apos; with enhanced class &apos;org.springframework.web.servlet.config.annotation.DelegatingWebMvcConfiguration$$EnhancerBySpringCGLIB$$32983a29&apos;
21:59:43.499 [main] DEBUG o.s.c.a.ConfigurationClassEnhancer - Successfully enhanced org.springframework.security.config.annotation.method.configuration.GlobalMethodSecurityConfiguration; enhanced class name is: org.springframework.security.config.annotation.method.configuration.GlobalMethodSecurityConfiguration$$EnhancerBySpringCGLIB$$2b59bfdf
21:59:43.499 [main] DEBUG o.s.c.a.ConfigurationClass
...[truncated 195367 chars]...
ce - Caching method [CacheKey[edu.ncsu.csc.itrust2.controllers.patient.PatientController; public java.lang.String edu.ncsu.csc.itrust2.controllers.patient.PatientController.viewDemographics(org.springframework.ui.Model)]] with attributes [[authorize: &apos;hasRole(&apos;ROLE_PATIENT&apos;)&apos;, filter: &apos;null&apos;, filterTarget: &apos;null&apos;]]
21:59:43.744 [main] DEBUG o.s.aop.framework.CglibAopProxy - Unable to apply any optimisations to advised method: public java.lang.String edu.ncsu.csc.itrust2.controllers.patient.PatientController.viewDemographics(org.springframework.ui.Model)
21:59:43.744 [main] DEBUG o.s.s.a.p.PrePostAnnotationSecurityMetadataSource - @org.springframework.security.access.prepost.PreAuthorize(value=hasRole(&apos;ROLE_PATIENT&apos;)) found on specific method: public java.lang.String edu.ncsu.csc.itrust2.controllers.patient.PatientController.demographicsSubmit(edu.ncsu.csc.itrust2.forms.hcp_patient.PatientForm,org.springframework.validation.BindingResult,org.springframework.ui.Model)
21:59:43.744 [main] DEBUG o.s.s.a.m.DelegatingMethodSecurityMetadataSource - Caching method [CacheKey[edu.ncsu.csc.itrust2.controllers.patient.PatientController; public java.lang.String edu.ncsu.csc.itrust2.controllers.patient.PatientController.demographicsSubmit(edu.ncsu.csc.itrust2.forms.hcp_patient.PatientForm,org.springframework.validation.BindingResult,org.springframework.ui.Model)]] with attributes [[authorize: &apos;hasRole(&apos;ROLE_PATIENT&apos;)&apos;, filter: &apos;null&apos;, filterTarget: &apos;null&apos;]]
21:59:43.744 [main] DEBUG o.s.aop.framework.CglibAopProxy - Unable to apply any optimisations to advised method: public java.lang.String edu.ncsu.csc.itrust2.controllers.patient.PatientController.demographicsSubmit(edu.ncsu.csc.itrust2.forms.hcp_patient.PatientForm,org.springframework.validation.BindingResult,org.springframework.ui.Model)
21:59:43.744 [main] DEBUG o.s.s.a.p.PrePostAnnotationSecurityMetadataSource - @org.springframework.security.access.prepost.PreAuthorize(value=hasRole(&apos;ROLE_PATIENT&apos;)) found on specific method: public java.lang.String edu.ncsu.csc.itrust2.controllers.patient.PatientController.index(org.springframework.ui.Model)
21:59:43.744 [main] DEBUG o.s.s.a.m.DelegatingMethodSecurityMetadataSource - Caching method [CacheKey[edu.ncsu.csc.itrust2.controllers.patient.PatientController; public java.lang.String edu.ncsu.csc.itrust2.controllers.patient.PatientController.index(org.springframework.ui.Model)]] with attributes [[authorize: &apos;hasRole(&apos;ROLE_PATIENT&apos;)&apos;, filter: &apos;null&apos;, filterTarget: &apos;null&apos;]]
21:59:43.744 [main] DEBUG o.s.aop.framework.CglibAopProxy - Unable to apply any optimisations to advised method: public java.lang.String edu.ncsu.csc.itrust2.controllers.patient.PatientController.index(org.springframework.ui.Model)
21:59:43.744 [main] DEBUG o.s.aop.framework.CglibAopProxy - Found &apos;equals&apos; method: public boolean java.lang.Object.equals(java.lang.Object)
21:59:43.744 [main] DEBUG o.s.aop.framework.CglibAopProxy - Unable to apply any optimisations to advised method: public java.lang.String java.lang.Object.toString()
21:59:43.744 [main] DEBUG o.s.aop.framework.CglibAopProxy - Found &apos;hashCode&apos; method: public native int java.lang.Object.hashCode()
21:59:43.744 [main] DEBUG o.s.aop.framework.CglibAopProxy - Unable to apply any optimisations to advised method: protected native java.lang.Object java.lang.Object.clone() throws java.lang.CloneNotSupportedException
21:59:43.744 [main] DEBUG o.s.aop.framework.CglibAopProxy - Method is declared on Advised interface: public abstract void org.springframework.aop.framework.Advised.setTargetSource(org.springframework.aop.TargetSource)
21:59:43.744 [main] DEBUG o.s.aop.framework.CglibAopProxy - Method is declared on Advised interface: public abstract org.springframework.aop.TargetSource org.springframework.aop.framework.Advised.getTargetSource()
21:59:43.744 [main] DEBUG o.s.aop.framework.CglibAopProxy - Method is declared on Advised interface: public abstract boolean org.springframework.aop.framework.Advised.isProxyTargetClass()
21:59:43.744 [main] DEBUG o.s.aop.framework.CglibAopProxy - Method is declared on Advised interface: public abstract void org.springframework.aop.framework.Advised.addAdvisor(org.springframework.aop.Advisor) throws org.springframework.aop.framework.AopConfigException
21:59:43.744 [main] DEBUG o.s.aop.framework.CglibAopProxy - Method is declared on Advised interface: public abstract void org.springframework.aop.framework.Advised.addAdvisor(int,org.springframework.aop.Advisor) throws org.springframework.aop.framework.AopConfigException
21:59:43.744 [main] DEBUG o.s.aop.framework.CglibAopProxy - Method is declared on Advised interface: public abstract void org.springframework.aop.framework.Advised.setPreFiltered(boolean)
21:59:43.744 [main] DEBUG o.s.aop.framework.CglibAopProxy - Method is declared on Advised interface: public abstract void org.springframework.aop.framework.Advised.setExposeProxy(boolean)
21:59:43.744 [main] DEBUG o.s.aop.framework.CglibAopProxy - Method is declared on Advised interface: public abstract boolean org.springframework.aop.framework.Advised.isExposeProxy()
21:59:43.744 [main] DEBUG o.s.aop.framework.CglibAopProxy - Method is declared on Advised interface: public abstract boolean org.springframework.aop.framework.Advised.isPreFiltered()
21:59:43.744 [main] DEBUG o.s.aop.framework.CglibAopProxy - Method is declared on Advised interface: public abstract java.lang.Class[] org.springframework.aop.framework.Advised.getProxiedInterfaces()
21:59:43.744 [main] DEBUG o.s.aop.framework.CglibAopProxy - Method is declared on Advised interface: public abstract boolean org.springframework.aop.framework.Advised.isInterfaceProxied(java.lang.Class)
21:59:43.744 [main] DEBUG o.s.aop.framework.CglibAopProxy - Method is declared on Advised interface: public abstract org.springframework.aop.Advisor[] org.springframework.aop.framework.Advised.getAdvisors()
21:59:43.744 [main] DEBUG o.s.aop.framework.CglibAopProxy - Method is declared on Advised interface: public abstract void org.springframework.aop.framework.Advised.removeAdvisor(int) throws org.springframework.aop.framework.AopConfigException
21:59:43.744 [main] DEBUG o.s.aop.framework.CglibAopProxy - Method is declared on Advised interface: public abstract boolean org.springframework.aop.framework.Advised.removeAdvisor(org.springframework.aop.Advisor)
21:59:43.744 [main] DEBUG o.s.aop.framework.CglibAopProxy - Method is declared on Advised interface: public abstract boolean org.springframework.aop.framework.Advised.replaceAdvisor(org.springframework.aop.Advisor,org.springframework.aop.Advisor) throws org.springframework.aop.framework.AopConfigException
21:59:43.744 [main] DEBUG o.s.aop.framework.CglibAopProxy - Method is declared on Advised interface: public abstract boolean org.springframework.aop.framework.Advised.removeAdvice(org.aopalliance.aop.Advice)
21:59:43.744 [main] DEBUG o.s.aop.framework.CglibAopProxy - Method is declared on Advised interface: public abstract java.lang.String org.springframework.aop.framework.Advised.toProxyConfigString()
21:59:43.744 [main] DEBUG o.s.aop.framework.CglibAopProxy - Method is declared on Advised interface: public abstract void org.springframework.aop.framework.Advised.addAdvice(int,org.aopalliance.aop.Advice) throws org.springframework.aop.framework.AopConfigException
21:59:43.744 [main] DEBUG o.s.aop.framework.CglibAopProxy - Method is declared on Advised interface: public abstract void org.springframework.aop.framework.Advised.addAdvice(org.aopalliance.aop.Advice) throws org.springframework.aop.framework.AopConfigException
21:59:43.744 [main] DEBUG o.s.aop.framework.CglibAopProxy - Method is declared on Advised interface: public abstract int org.springframework.aop.framework.Advised.indexOf(org.aopalliance.aop.Advice)
21:59:43.744 [main] DEBUG o.s.aop.framework.CglibAopProxy - Method is declared on Advised interface: public abstract int org.springframework.aop.framework.Advised.indexOf(org.springframework.aop.Advisor)
21:59:43.744 [main] DEBUG o.s.aop.framework.CglibAopProxy - Method is declared on Advised interface: public abstract boolean org.springframework.aop.framework.Advised.isFrozen()
21:59:43.744 [main] DEBUG o.s.aop.framework.CglibAopProxy - Method is declared on Advised interface: public abstract java.lang.Class org.springframework.aop.TargetClassAware.getTargetClass()
21:59:43.748 [main] DEBUG o.s.b.f.s.DefaultListableBeanFactory - Finished creating instance of bean &apos;patientController&apos;
21:59:43.748 [main] DEBUG o.s.b.f.s.DefaultListableBeanFactory - Creating shared instance of singleton bean &apos;passwordController&apos;
21:59:43.748 [main] DEBUG o.s.b.f.s.DefaultListableBeanFactory - Creating instance of bean &apos;passwordController&apos;
21:59:43.748 [main] DEBUG o.s.b.f.s.DefaultListableBeanFactory - Eagerly caching bean &apos;passwordController&apos; to allow for resolving potential circular references
21:59:43.748 [main] DEBUG o.s.b.f.s.DefaultListableBeanFactory - Returning cached instance of singleton bean &apos;metaDataSourceAdvisor&apos;
21:59:43.748 [main] DEBUG o.s.b.f.s.DefaultListableBeanFactory - Finished creating instance of bean &apos;passwordController&apos;
21:59:43.748 [main] DEBUG o.s.b.f.s.DefaultListableBeanFactory - Creating shared instance of singleton bean &apos;userController&apos;
21:59:43.748 [main] DEBUG o.s.b.f.s.DefaultListableBeanFactory - Creating instance of bean &apos;userController&apos;
21:59:43.748 [main] DEBUG o.s.b.f.s.DefaultListableBeanFactory - Eagerly caching bean &apos;userController&apos; to allow for resolving potential circular references
21:59:43.748 [main] DEBUG o.s.b.f.s.DefaultListableBeanFactory - Returning cached instance of singleton bean &apos;metaDataSourceAdvisor&apos;
21:59:43.749 [main] DEBUG o.s.s.a.p.PrePostAnnotationSecurityMetadataSource - @org.springframework.security.access.prepost.PreAuthorize(value=hasRole(&apos;ROLE_HCP&apos;) or hasRole(&apos;ROLE_ADMIN&apos;)) found on specific method: public java.lang.String edu.ncsu.csc.itrust2.controllers.personnel.UserController.viewDemographics(org.springframework.ui.Model)
21:59:43.749 [main] DEBUG o.s.s.a.m.DelegatingMethodSecurityMetadataSource - Caching method [CacheKey[edu.ncsu.csc.itrust2.controllers.personnel.UserController; public java.lang.String edu.ncsu.csc.itrust2.controllers.personnel.UserController.viewDemographics(org.springframework.ui.Model)]] with attributes [[authorize: &apos;hasRole(&apos;ROLE_HCP&apos;) or hasRole(&apos;ROLE_ADMIN&apos;)&apos;, filter: &apos;null&apos;, filterTarget: &apos;null&apos;]]
21:59:43.749 [main] DEBUG o.s.a.f.a.InfrastructureAdvisorAutoProxyCreator - Creating implicit proxy for bean &apos;userController&apos; with 0 common interceptors and 1 specific interceptors
21:59:43.749 [main] DEBUG o.s.aop.framework.CglibAopProxy - Creating CGLIB proxy: target source is SingletonTargetSource for target object [edu.ncsu.csc.itrust2.controllers.personnel.UserController@539ea566]
21:59:43.749 [main] DEBUG o.s.aop.framework.CglibAopProxy - Unable to apply any optimisations to advised method: public java.lang.String edu.ncsu.csc.itrust2.controllers.personnel.UserController.viewDemographics(org.springframework.ui.Model)
21:59:43.749 [main] DEBUG o.s.s.a.p.PrePostAnnotationSecurityMetadataSource - @org.springframework.security.access.prepost.PreAuthorize(value=hasRole(&apos;ROLE_HCP&apos;) or hasRole(&apos;ROLE_ADMIN&apos;)) found on specific method: public java.lang.String edu.ncsu.csc.itrust2.controllers.personnel.UserController.demographicsSubmit(edu.ncsu.csc.itrust2.forms.personnel.PersonnelForm,org.springframework.validation.BindingResult,org.springframework.ui.Model)
21:59:43.749 [main] DEBUG o.s.s.a.m.DelegatingMethodSecurityMetadataSource - Caching method [CacheKey[edu.ncsu.csc.itrust2.controllers.personnel.UserController; public java.lang.String edu.ncsu.csc.itrust2.controllers.personnel.UserController.demographicsSubmit(edu.ncsu.csc.itrust2.forms.personnel.PersonnelForm,org.springframework.validation.BindingResult,org.springframework.ui.Model)]] with attributes [[authorize: &apos;hasRole(&apos;ROLE_HCP&apos;) or hasRole(&apos;ROLE_ADMIN&apos;)&apos;, filter: &apos;null&apos;, filterTarget: &apos;null&apos;]]
21:59:43.749 [main] DEBUG o.s.aop.framework.CglibAopProxy - Unable to apply any optimisations to advised method: public java.lang.String edu.ncsu.csc.itrust2.controllers.personnel.UserController.demographicsSubmit(edu.ncsu.csc.itrust2.forms.personnel.PersonnelForm,org.springframework.validation.BindingResult,org.springframework.ui.Model)
21:59:43.749 [main] DEBUG o.s.aop.framework.CglibAopProxy - Found &apos;equals&apos; method: public boolean java.lang.Object.equals(java.lang.Object)
21:59:43.749 [main] DEBUG o.s.aop.framework.CglibAopProxy - Unable to apply any optimisations to advised method: public java.lang.String java.lang.Object.toString()
21:59:43.749 [main] DEBUG o.s.aop.framework.CglibAopProxy - Found &apos;hashCode&apos; method: public native int java.lang.Object.hashCode()
21:59:43.749 [main] DEBUG o.s.aop.framework.CglibAopProxy - Unable to apply any optimisations to advised method: protected native java.lang.Object java.lang.Object.clone() throws java.lang.CloneNotSupportedException
21:59:43.749 [main] DEBUG o.s.aop.framework.CglibAopProxy - Method is declared on Advised interface: public abstract void org.springframework.aop.framework.Advised.setTargetSource(org.springframework.aop.TargetSource)
21:59:43.749 [main] DEBUG o.s.aop.framework.CglibAopProxy - Method is declared on Advised interface: public abstract org.springframework.aop.TargetSource org.springframework.aop.framework.Advised.getTargetSource()
21:59:43.749 [main] DEBUG o.s.aop.framework.CglibAopProxy - Method is declared on Advised interface: public abstract boolean org.springframework.aop.framework.Advised.isProxyTargetClass()
21:59:43.749 [main] DEBUG o.s.aop.framework.CglibAopProxy - Method is declared on Advised interface: public abstract void org.springframework.aop.framework.Advised.addAdvisor(org.springframework.aop.Advisor) throws org.springframework.aop.framework.AopConfigException
21:59:43.749 [main] DEBUG o.s.aop.framework.CglibAopProxy - Method is declared on Advised interface: public abstract void org.springframework.aop.framework.Advised.addAdvisor(int,org.springframework.aop.Advisor) throws org.springframework.aop.framework.AopConfigException
21:59:43.749 [main] DEBUG o.s.aop.framework.CglibAopProxy - Method is declared on Advised interface: public abstract void org.springframework.aop.framework.Advised.setPreFiltered(boolean)
21:59:43.749 [main] DEBUG o.s.aop.framework.CglibAopProxy - Method is declared on Advised interface: public abstract void org.springframework.aop.framework.Advised.setExposeProxy(boolean)
21:59:43.749 [main] DEBUG o.s.aop.framework.CglibAopProxy - Method is declared on Advised interface: public abstract boolean org.springframework.aop.framework.Advised.isExposeProxy()
21:59:43.749 [main] DEBUG o.s.aop.framework.CglibAopProxy - Method is declared on Advised interface: public abstract boolean org.springframework.aop.framework.Advised.isPreFiltered()
21:59:43.749 [main] DEBUG o.s.aop.framework.CglibAopProxy - Method is declared on Advised interface: public abstract java.lang.Class[] org.springframework.aop.framework.Advised.getProxiedInterfaces()
21:59:43.749 [main] DEBUG o.s.aop.framework.CglibAopProxy - Method is declared on Advised interface: public abstract boolean org.springframework.aop.framework.Advised.isInterfaceProxied(java.lang.Class)
21:59:43.749 [main] DEBUG o.s.aop.framework.CglibAopProxy - Method is declared on Advised interface: public abstract org.springframework.aop.Advisor[] org.springframework.aop.framework.Advised.getAdvisors()
21:59:43.749 [main] DEBUG o.s.aop.framework.CglibAopProxy - Method is declared on Advised interface: public abstract void org.springframework.aop.framework.Advised.removeAdvisor(int) throws org.springframework.aop.framework.AopConfigException
21:59:43.749 [main] DEBUG o.s.aop.framework.CglibAopProxy - Method is declared on Advised interface: public abstract boolean org.springframework.aop.framework.Advised.removeAdvisor(org.springframework.aop.Advisor)
21:59:43.749 [main] DEBUG o.s.aop.framework.CglibAopProxy - Method is declared on Advised interface: public abstract boolean org.springframework.aop.framework.Advised.replaceAdvisor(org.springframework.aop.Advisor,org.springframework.aop.Advisor) throws org.springframework.aop.framework.AopConfigException
21:59:43.749 [main] DEBUG o.s.aop.framework.CglibAopProxy - Method is declared on Advised interface: public abstract boolean org.springframework.aop.framework.Advised.removeAdvice(org.aopalliance.aop.Advice)
21:59:43.749 [main] DEBUG o.s.aop.framework.CglibAopProxy - Method is declared on Advised interface: public abstract java.lang.String org.springframework.aop.framework.Advised.toProxyConfigString()
21:59:43.749 [main] DEBUG o.s.aop.framework.CglibAopProxy - Method is declared on Advised interface: public abstract void org.springframework.aop.framework.Advised.addAdvice(int,org.aopalliance.aop.Advice) throws org.springframework.aop.framework.AopConfigException
21:59:43.750 [main] DEBUG o.s.aop.framework.CglibAopProxy - Method is declared on Advised interface: public abstract void org.springframework.aop.framework.Advised.addAdvice(org.aopalliance.aop.Advice) throws org.springframework.aop.framework.AopConfigException
21:59:43.750 [main] DEBUG o.s.aop.framework.CglibAopProxy - Method is declared on Advised interface: public abstract int org.springframework.aop.framework.Advised.indexOf(org.aopalliance.aop.Advice)
21:59:43.750 [main] DEBUG o.s.aop.framework.CglibAopProxy - Method is declared on Advised interface: public abstract int org.springframework.aop.framework.Advised.indexOf(org.springframework.aop.Advisor)
21:59:43.750 [main] DEBUG o.s.aop.framework.CglibAopProxy - Method is declared on Advised interface: public abstract boolean org.springframework.aop.framework.Advised.isFrozen()
21:59:43.750 [main] DEBUG o.s.aop.framework.CglibAopProxy - Method is declared on Advised interface: public abstract java.lang.Class org.springframework.aop.TargetClassAware.getTargetClass()
21:59:43.753 [main] DEBUG o.s.b.f.s.DefaultListableBeanFactory - Finished creating instance of bean &apos;userController&apos;
21:59:43.753 [main] DEBUG o.s.b.f.s.DefaultListableBeanFactory - Returning cached instance of singleton bean &apos;dataSource&apos;
21:59:43.753 [main] DEBUG o.s.b.f.s.DefaultListableBeanFactory - Returning cached instance of singleton bean &apos;org.springframework.security.config.annotation.configuration.ObjectPostProcessorConfiguration&apos;
21:59:43.753 [main] DEBUG o.s.b.f.s.DefaultListableBeanFactory - Returning cached instance of singleton bean &apos;objectPostProcessor&apos;
21:59:43.753 [main] DEBUG o.s.b.f.s.DefaultListableBeanFactory - Returning cached instance of singleton bean &apos;org.springframework.security.config.annotation.authentication.configuration.AuthenticationConfiguration&apos;
21:59:43.753 [main] DEBUG o.s.b.f.s.DefaultListableBeanFactory - Returning cached instance of singleton bean &apos;authenticationManagerBuilder&apos;
21:59:43.753 [main] DEBUG o.s.b.f.s.DefaultListableBeanFactory - Returning cached instance of singleton bean &apos;enableGlobalAuthenticationAutowiredConfigurer&apos;
21:59:43.753 [main] DEBUG o.s.b.f.s.DefaultListableBeanFactory - Returning cached instance of singleton bean &apos;initializeUserDetailsBeanManagerConfigurer&apos;
21:59:43.753 [main] DEBUG o.s.b.f.s.DefaultListableBeanFactory - Returning cached instance of singleton bean &apos;initializeAuthenticationProviderBeanManagerConfigurer&apos;
21:59:43.753 [main] DEBUG o.s.b.f.s.DefaultListableBeanFactory - Creating shared instance of singleton bean &apos;org.springframework.security.config.annotation.web.configuration.WebSecurityConfiguration&apos;
21:59:43.753 [main] DEBUG o.s.b.f.s.DefaultListableBeanFactory - Creating instance of bean &apos;org.springframework.security.config.annotation.web.configuration.WebSecurityConfiguration&apos;
21:59:43.755 [main] DEBUG o.s.b.f.annotation.InjectionMetadata - Registered injected element on class [org.springframework.security.config.annotation.web.configuration.WebSecurityConfiguration$$EnhancerBySpringCGLIB$$150881e6]: AutowiredFieldElement for private org.springframework.security.config.annotation.ObjectPostProcessor org.springframework.security.config.annotation.web.configuration.WebSecurityConfiguration.objectObjectPostProcessor
21:59:43.755 [main] DEBUG o.s.b.f.annotation.InjectionMetadata - Registered injected element on class [org.springframework.security.config.annotation.web.configuration.WebSecurityConfiguration$$EnhancerBySpringCGLIB$$150881e6]: AutowiredMethodElement for public void org.springframework.security.config.annotation.web.configuration.WebSecurityConfiguration.setFilterChainProxySecurityConfigurer(org.springframework.security.config.annotation.ObjectPostProcessor,java.util.List) throws java.lang.Exception
21:59:43.755 [main] DEBUG o.s.b.f.s.DefaultListableBeanFactory - Eagerly caching bean &apos;org.springframework.security.config.annotation.web.configuration.WebSecurityConfiguration&apos; to allow for resolving potential circular references
21:59:43.755 [main] DEBUG o.s.b.f.annotation.InjectionMetadata - Processing injected element of bean &apos;org.springframework.security.config.annotation.web.configuration.WebSecurityConfiguration&apos;: AutowiredFieldElement for private org.springframework.security.config.annotation.ObjectPostProcessor org.springframework.security.config.annotation.web.configuration.WebSecurityConfiguration.objectObjectPostProcessor
21:59:43.755 [main] DEBUG o.s.b.f.s.DefaultListableBeanFactory - Returning cached instance of singleton bean &apos;objectPostProcessor&apos;
21:59:43.755 [main] DEBUG o.s.b.f.a.AutowiredAnnotationBeanPostProcessor - Autowiring by type from bean name &apos;org.springframework.security.config.annotation.web.configuration.WebSecurityConfiguration&apos; to bean named &apos;objectPostProcessor&apos;
21:59:43.756 [main] DEBUG o.s.b.f.annotation.InjectionMetadata - Processing injected element of bean &apos;org.springframework.security.config.annotation.web.configuration.WebSecurityConfiguration&apos;: AutowiredMethodElement for public void org.springframework.security.config.annotation.web.configuration.WebSecurityConfiguration.setFilterChainProxySecurityConfigurer(org.springframework.security.config.annotation.ObjectPostProcessor,java.util.List) throws java.lang.Exception
21:59:43.756 [main] DEBUG o.s.b.f.s.DefaultListableBeanFactory - Returning cached instance of singleton bean &apos;objectPostProcessor&apos;
21:59:43.756 [main] DEBUG o.s.b.f.s.DefaultListableBeanFactory - Creating shared instance of singleton bean &apos;autowiredWebSecurityConfigurersIgnoreParents&apos;
21:59:43.756 [main] DEBUG o.s.b.f.s.DefaultListableBeanFactory - Creating instance of bean &apos;autowiredWebSecurityConfigurersIgnoreParents&apos;
21:59:43.756 [main] DEBUG o.s.b.f.s.DefaultListableBeanFactory - Returning cached instance of singleton bean &apos;metaDataSourceAdvisor&apos;
21:59:43.757 [main] DEBUG o.s.b.f.s.DefaultListableBeanFactory - Returning eagerly cached instance of singleton bean &apos;org.springframework.security.config.annotation.web.configuration.WebSecurityConfiguration&apos; that is not fully initialized yet - a consequence of a circular reference
21:59:43.757 [main] DEBUG o.s.b.f.s.DefaultListableBeanFactory - Autowiring by type from bean name &apos;autowiredWebSecurityConfigurersIgnoreParents&apos; via factory method to bean named &apos;org.springframework.beans.factory.support.DefaultListableBeanFactory@222b076c&apos;
21:59:43.757 [main] DEBUG o.s.b.f.s.DefaultListableBeanFactory - Eagerly caching bean &apos;autowiredWebSecurityConfigurersIgnoreParents&apos; to allow for resolving potential circular references
21:59:43.758 [main] DEBUG o.s.b.f.s.DefaultListableBeanFactory - Returning cached instance of singleton bean &apos;metaDataSourceAdvisor&apos;
21:59:43.758 [main] DEBUG o.s.b.f.s.DefaultListableBeanFactory - Finished creating instance of bean &apos;autowiredWebSecurityConfigurersIgnoreParents&apos;
21:59:43.758 [main] DEBUG o.s.b.f.s.DefaultListableBeanFactory - Returning cached instance of singleton bean &apos;securityConfig&apos;
21:59:43.758 [main] DEBUG o.s.b.f.a.AutowiredAnnotationBeanPostProcessor - Autowiring by type from bean name &apos;org.springframework.security.config.annotation.web.configuration.WebSecurityConfiguration&apos; to bean named &apos;objectPostProcessor&apos;
21:59:43.758 [main] DEBUG o.s.b.f.s.DefaultListableBeanFactory - Returning cached instance of singleton bean &apos;metaDataSourceAdvisor&apos;
21:59:43.781 [main] DEBUG o.s.b.f.s.DefaultListableBeanFactory - Returning cached instance of singleton bean &apos;org.springframework.context.annotation.ConfigurationClassPostProcessor.importRegistry&apos;
21:59:43.782 [main] DEBUG o.s.b.f.s.DefaultListableBeanFactory - Finished creating instance of bean &apos;org.springframework.security.config.annotation.web.configuration.WebSecurityConfiguration&apos;
21:59:43.782 [main] DEBUG o.s.b.f.s.DefaultListableBeanFactory - Creating shared instance of singleton bean &apos;delegatingApplicationListener&apos;
21:59:43.782 [main] DEBUG o.s.b.f.s.DefaultListableBeanFactory - Creating instance of bean &apos;delegatingApplicationListener&apos;
21:59:43.782 [main] DEBUG o.s.b.f.s.DefaultListableBeanFactory - Eagerly caching bean &apos;delegatingApplicationListener&apos; to allow for resolving potential circular references
21:59:43.782 [main] DEBUG o.s.b.f.s.DefaultListableBeanFactory - Returning cached instance of singleton bean &apos;metaDataSourceAdvisor&apos;
21:59:43.782 [main] DEBUG o.s.b.f.s.DefaultListableBeanFactory - Finished creating instance of bean &apos;delegatingApplicationListener&apos;
21:59:43.783 [main] DEBUG o.s.b.f.s.DefaultListableBeanFactory - Creating shared instance of singleton bean &apos;springSecurityFilterChain&apos;
21:59:43.783 [main] DEBUG o.s.b.f.s.DefaultListableBeanFactory - Creating instance of bean &apos;springSecurityFilterChain&apos;
21:59:43.783 [main] DEBUG o.s.b.f.s.DefaultListableBeanFactory - Returning cached instance of singleton bean &apos;org.springframework.security.config.annotation.web.configuration.WebSecurityConfiguration&apos;
21:59:43.783 [main] DEBUG o.s.b.f.s.DefaultListableBeanFactory - Returning cached instance of singleton bean &apos;metaDataSourceAdvisor&apos;
21:59:43.783 [main] DEBUG o.s.b.f.s.DefaultListableBeanFactory - Returning cached instance of singleton bean &apos;webMvcConfiguration&apos;
21:59:43.783 [main] DEBUG o.s.b.f.s.DefaultListableBeanFactory - Returning cached instance of singleton bean &apos;securityConfig&apos;
21:59:43.783 [main] DEBUG o.s.s.c.a.a.c.AuthenticationConfiguration$EnableGlobalAuthenticationAutowiredConfigurer - Eagerly initializing {webMvcConfiguration=edu.ncsu.csc.itrust2.mvc.config.WebMvcConfiguration$$EnhancerBySpringCGLIB$$de7b09d5@19ed42c, securityConfig=edu.ncsu.csc.itrust2.config.SecurityConfig$$EnhancerBySpringCGLIB$$f88fd361@41873601}
21:59:43.783 [main] DEBUG o.s.b.f.s.DefaultListableBeanFactory - Invoking afterPropertiesSet() on bean with name &apos;org.springframework.security.authentication.dao.DaoAuthenticationProvider@6164f0d&apos;
21:59:43.783 [main] DEBUG o.s.b.f.s.DefaultListableBeanFactory - Returning cached instance of singleton bean &apos;metaDataSourceAdvisor&apos;
21:59:43.785 [main] DEBUG o.s.b.f.s.DefaultListableBeanFactory - Invoking afterPropertiesSet() on bean with name &apos;org.springframework.security.authentication.ProviderManager@6a6239a1&apos;
21:59:43.785 [main] DEBUG o.s.b.f.s.DefaultListableBeanFactory - Returning cached instance of singleton bean &apos;metaDataSourceAdvisor&apos;
21:59:43.786 [main] DEBUG o.s.b.f.s.DefaultListableBeanFactory - Returning cached instance of singleton bean &apos;authenticationManagerBuilder&apos;
21:59:43.787 [main] DEBUG o.s.w.c.s.StandardServletEnvironment - Adding [servletConfigInitParams] PropertySource with lowest search precedence
21:59:43.787 [main] DEBUG o.s.w.c.s.StandardServletEnvironment - Adding [servletContextInitParams] PropertySource with lowest search precedence
21:59:43.787 [main] DEBUG o.s.w.c.s.StandardServletEnvironment - Adding [systemProperties] PropertySource with lowest search precedence
21:59:43.787 [main] DEBUG o.s.w.c.s.StandardServletEnvironment - Adding [systemEnvironment] PropertySource with lowest search precedence
21:59:43.787 [main] DEBUG o.s.w.c.s.StandardServletEnvironment - Initialized StandardServletEnvironment with PropertySources [servletConfigInitParams,servletContextInitParams,systemProperties,systemEnvironment]
21:59:43.787 [main] DEBUG o.s.w.c.s.StandardServletEnvironment - Adding [servletConfigInitParams] PropertySource with lowest search precedence
21:59:43.787 [main] DEBUG o.s.w.c.s.StandardServletEnvironment - Adding [servletContextInitParams] PropertySource with lowest search precedence
21:59:43.787 [main] DEBUG o.s.w.c.s.StandardServletEnvironment - Adding [systemProperties] PropertySource with lowest search precedence
21:59:43.787 [main] DEBUG o.s.w.c.s.StandardServletEnvironment - Adding [systemEnvironment] PropertySource with lowest search precedence
21:59:43.787 [main] DEBUG o.s.w.c.s.StandardServletEnvironment - Initialized StandardServletEnvironment with PropertySources [servletConfigInitParams,servletContextInitParams,systemProperties,systemEnvironment]
21:59:43.787 [main] DEBUG o.s.w.c.s.StandardServletEnvironment - Adding [servletConfigInitParams] PropertySource with lowest search precedence
21:59:43.787 [main] DEBUG o.s.w.c.s.StandardServletEnvironment - Adding [servletContextInitParams] PropertySource with lowest search precedence
21:59:43.787 [main] DEBUG o.s.w.c.s.StandardServletEnvironment - Adding [systemProperties] PropertySource with lowest search precedence
21:59:43.787 [main] DEBUG o.s.w.c.s.StandardServletEnvironment - Adding [systemEnvironment] PropertySource with lowest search precedence
21:59:43.787 [main] DEBUG o.s.w.c.s.StandardServletEnvironment - Initialized StandardServletEnvironment with PropertySources [servletConfigInitParams,servletContextInitParams,systemProperties,systemEnvironment]
21:59:43.788 [main] DEBUG o.s.b.f.s.DefaultListableBeanFactory - Creating shared instance of singleton bean &apos;ipBlockFilter&apos;
21:59:43.788 [main] DEBUG o.s.b.f.s.DefaultListableBeanFactory - Creating instance of bean &apos;ipBlockFilter&apos;
21:59:43.788 [main] DEBUG o.s.b.f.s.DefaultListableBeanFactory - Returning cached instance of singleton bean &apos;securityConfig&apos;
21:59:43.788 [main] DEBUG o.s.w.c.s.StandardServletEnvironment - Adding [servletConfigInitParams] PropertySource with lowest search precedence
21:59:43.788 [main] DEBUG o.s.w.c.s.StandardServletEnvironment - Adding [servletContextInitParams] PropertySource with lowest search precedence
21:59:43.788 [main] DEBUG o.s.w.c.s.StandardServletEnvironment - Adding [systemProperties] PropertySource with lowest search precedence
21:59:43.788 [main] DEBUG o.s.w.c.s.StandardServletEnvironment - Adding [systemEnvironment] PropertySource with lowest search precedence
21:59:43.788 [main] DEBUG o.s.w.c.s.StandardServletEnvironment - Initialized StandardServletEnvironment with PropertySources [servletConfigInitParams,servletContextInitParams,systemProperties,systemEnvironment]
21:59:43.788 [main] DEBUG o.s.b.f.s.DefaultListableBeanFactory - Eagerly caching bean &apos;ipBlockFilter&apos; to allow for resolving potential circular references
21:59:43.790 [main] DEBUG o.s.b.f.s.DefaultListableBeanFactory - Invoking afterPropertiesSet() on bean with name &apos;ipBlockFilter&apos;
21:59:43.790 [main] DEBUG o.s.b.f.s.DefaultListableBeanFactory - Returning cached instance of singleton bean &apos;metaDataSourceAdvisor&apos;
21:59:43.791 [main] DEBUG o.s.b.f.s.DefaultListableBeanFactory - Finished creating instance of bean &apos;ipBlockFilter&apos;
21:59:43.791 [main] DEBUG o.s.w.c.s.StandardServletEnvironment - Adding [servletConfigInitParams] PropertySource with lowest search precedence
21:59:43.791 [main] DEBUG o.s.w.c.s.StandardServletEnvironment - Adding [servletContextInitParams] PropertySource with lowest search precedence
21:59:43.791 [main] DEBUG o.s.w.c.s.StandardServletEnvironment - Adding [systemProperties] PropertySource with lowest search precedence
21:59:43.791 [main] DEBUG o.s.w.c.s.StandardServletEnvironment - Adding [systemEnvironment] PropertySource with lowest search precedence
21:59:43.791 [main] DEBUG o.s.w.c.s.StandardServletEnvironment - Initialized StandardServletEnvironment with PropertySources [servletConfigInitParams,servletContextInitParams,systemProperties,systemEnvironment]
21:59:43.791 [main] DEBUG o.s.b.f.s.DefaultListableBeanFactory - Retrieved dependent beans for bean &apos;springSecurityFilterChain&apos;: [webSecurityExpressionHandler]
21:59:43.791 [main] WARN  o.s.w.c.s.GenericWebApplicationContext - Exception encountered during context initialization - cancelling refresh attempt: org.springframework.beans.factory.BeanCreationException: Error creating bean with name &apos;springSecurityFilterChain&apos; defined in class path resource [org/springframework/security/config/annotation/web/configuration/WebSecurityConfiguration.class]: Bean instantiation via factory method failed; nested exception is org.springframework.beans.BeanInstantiationException: Failed to instantiate [javax.servlet.Filter]: Factory method &apos;springSecurityFilterChain&apos; threw exception; nested exception is java.lang.IllegalArgumentException: &apos;Savings Account?error&apos; is not a valid redirect URL
21:59:43.791 [main] DEBUG o.s.b.f.s.DefaultListableBeanFactory - Destroying singletons in org.springframework.beans.factory.support.DefaultListableBeanFactory@222b076c: defining beans [org.springframework.context.annotation.internalConfigurationAnnotationProcessor,org.springframework.context.annotation.internalAutowiredAnnotationProcessor,org.springframework.context.annotation.internalRequiredAnnotationProcessor,org.springframework.context.annotation.internalCommonAnnotationProcessor,org.springframework.context.annotation.internalPersistenceAnnotationProcessor,org.springframework.context.event.internalEventListenerProcessor,org.springframework.context.event.internalEventListenerFactory,rootConfiguration,webMvcConfiguration,dataConfiguration,loginAuditingListener,securityConfig,defaultController,adminController,adminUserController,hospitalController,ICDCodesController,APIAppointmentRequestController,APIDiagnosisController,APIDrugController,APIEnumController,APIHospitalController,APIICDCodeController,APILogEntryController,APIOfficeVisitController,APIPasswordController,APIPatientController,APIPersonnelController,APIPrescriptionController,APIUserController,appointmentControllerHCP,HCPController,officeVisitController,appointmentController,diagnosesController,patientController,passwordController,userController,dataSource,org.springframework.security.config.annotation.configuration.ObjectPostProcessorConfiguration,objectPostProcessor,org.springframework.security.config.annotation.authentication.configuration.AuthenticationConfiguration,authenticationManagerBuilder,enableGlobalAuthenticationAutowiredConfigurer,initializeUserDetailsBeanManagerConfigurer,initializeAuthenticationProviderBeanManagerConfigurer,org.springframework.security.config.annotation.web.configuration.WebSecurityConfiguration,delegatingApplicationListener,webSecurityExpressionHandler,springSecurityFilterChain,privilegeEvaluator,autowiredWebSecurityConfigurersIgnoreParents,org.springframework.security.config.annotation.web.configuration.WebMvcSecurityConfiguration,requestDataValueProcessor,passwordEncoder,defaultAuthenticationEventPublisher,failureHandler,ipBlockFilter,org.springframework.web.servlet.config.annotation.DelegatingWebMvcConfiguration,mvcConversionService,requestMappingHandlerMapping,mvcPathMatcher,mvcUrlPathHelper,mvcContentNegotiationManager,viewControllerHandlerMapping,beanNameHandlerMapping,resourceHandlerMapping,mvcResourceUrlProvider,defaultServletHandlerMapping,requestMappingHandlerAdapter,mvcValidator,mvcUriComponentsContributor,httpRequestHandlerAdapter,simpleControllerHandlerAdapter,handlerExceptionResolver,mvcViewResolver,org.springframework.security.config.annotation.method.configuration.GlobalMethodSecurityConfiguration,methodSecurityInterceptor,methodSecurityMetadataSource,preInvocationAuthorizationAdvice,viewResolver,templateEngine,domainClassConverter,metaDataSourceAdvisor,org.springframework.aop.config.internalAutoProxyCreator]; root of factory hierarchy
21:59:43.791 [main] DEBUG o.s.b.f.s.DisposableBeanAdapter - Invoking destroy() on bean with name &apos;ipBlockFilter&apos;
21:59:43.791 [main] DEBUG o.s.b.f.s.DefaultListableBeanFactory - Retrieved dependent beans for bean &apos;objectPostProcessor&apos;: [org.springframework.security.config.annotation.method.configuration.GlobalMethodSecurityConfiguration, securityConfig, org.springframework.security.config.annotation.authentication.configuration.AuthenticationConfiguration, authenticationManagerBuilder, org.springframework.security.config.annotation.web.configuration.WebSecurityConfiguration]
21:59:43.791 [main] DEBUG o.s.b.f.s.DisposableBeanAdapter - Invoking destroy() on bean with name &apos;objectPostProcessor&apos;
21:59:43.793 [main] ERROR o.s.test.context.TestContextManager - Caught exception while allowing TestExecutionListener [org.springframework.test.context.web.ServletTestExecutionListener@3aad8870] to prepare test instance [edu.ncsu.csc.itrust2.apitest.APIEnumTest@47d0350]
java.lang.IllegalStateException: Failed to load ApplicationContext
	at org.springframework.test.context.cache.DefaultCacheAwareContextLoaderDelegate.loadContext(DefaultCacheAwareContextLoaderDelegate.java:124) ~[spring-test-4.3.5.RELEASE.jar:4.3.5.RELEASE]
	at org.springframework.test.context.support.DefaultTestContext.getApplicationContext(DefaultTestContext.java:83) ~[spring-test-4.3.5.RELEASE.jar:4.3.5.RELEASE]
	at org.springframework.test.context.web.ServletTestExecutionListener.setUpRequestContextIfNecessary(ServletTestExecutionListener.java:189) ~[spring-test-4.3.5.RELEASE.jar:4.3.5.RELEASE]
	at org.springframework.test.context.web.ServletTestExecutionListener.prepareTestInstance(ServletTestExecutionListener.java:131) ~[spring-test-4.3.5.RELEASE.jar:4.3.5.RELEASE]
	at org.springframework.test.context.TestContextManager.prepareTestInstance(TestContextManager.java:230) ~[spring-test-4.3.5.RELEASE.jar:4.3.5.RELEASE]
	at org.springframework.test.context.junit4.SpringJUnit4ClassRunner.createTest(SpringJUnit4ClassRunner.java:228) [spring-test-4.3.5.RELEASE.jar:4.3.5.RELEASE]
	at org.springframework.test.context.junit4.SpringJUnit4ClassRunner$1.runReflectiveCall(SpringJUnit4ClassRunner.java:287) [spring-test-4.3.5.RELEASE.jar:4.3.5.RELEASE]
	at org.junit.internal.runners.model.ReflectiveCallable.run(ReflectiveCallable.java:12) [junit-4.12.jar:4.12]
	at org.springframework.test.context.junit4.SpringJUnit4ClassRunner.methodBlock(SpringJUnit4ClassRunner.java:289) [spring-test-4.3.5.RELEASE.jar:4.3.5.RELEASE]
	at org.springframework.test.context.junit4.SpringJUnit4ClassRunner.runChild(SpringJUnit4ClassRunner.java:247) [spring-test-4.3.5.RELEASE.jar:4.3.5.RELEASE]
	at org.springframework.test.context.junit4.SpringJUnit4ClassRunner.runChild(SpringJUnit4ClassRunner.java:94) [spring-test-4.3.5.RELEASE.jar:4.3.5.RELEASE]
	at org.junit.runners.ParentRunner$3.run(ParentRunner.java:290) [junit-4.12.jar:4.12]
	at org.junit.runners.ParentRunner$1.schedule(ParentRunner.java:71) [junit-4.12.jar:4.12]
	at org.junit.runners.ParentRunner.runChildren(ParentRunner.java:288) [junit-4.12.jar:4.12]
	at org.junit.runners.ParentRunner.access$000(ParentRunner.java:58) [junit-4.12.jar:4.12]
	at org.junit.runners.ParentRunner$2.evaluate(ParentRunner.java:268) [junit-4.12.jar:4.12]
	at org.springframework.test.context.junit4.statements.RunBeforeTestClassCallbacks.evaluate(RunBeforeTestClassCallbacks.java:61) [spring-test-4.3.5.RELEASE.jar:4.3.5.RELEASE]
	at org.springframework.test.context.junit4.statements.RunAfterTestClassCallbacks.evaluate(RunAfterTestClassCallbacks.java:70) [spring-test-4.3.5.RELEASE.jar:4.3.5.RELEASE]
	at org.junit.runners.ParentRunner.run(ParentRunner.java:363) [junit-4.12.jar:4.12]
	at org.springframework.test.context.junit4.SpringJUnit4ClassRunner.run(SpringJUnit4ClassRunner.java:191) [spring-test-4.3.5.RELEASE.jar:4.3.5.RELEASE]
	at org.apache.maven.surefire.junit4.JUnit4Provider.execute(JUnit4Provider.java:365) [surefire-junit4-2.20.jar:2.20]
	at org.apache.maven.surefire.junit4.JUnit4Provider.executeWithRerun(JUnit4Provider.java:272) [surefire-junit4-2.20.jar:2.20]
	at org.apache.maven.surefire.junit4.JUnit4Provider.executeTestSet(JUnit4Provider.java:236) [surefire-junit4-2.20.jar:2.20]
	at org.apache.maven.surefire.junit4.JUnit4Provider.invoke(JUnit4Provider.java:159) [surefire-junit4-2.20.jar:2.20]
	at org.apache.maven.surefire.booter.ForkedBooter.invokeProviderInSameClassLoader(ForkedBooter.java:386) [surefire-booter-2.20.jar:2.20]
	at org.apache.maven.surefire.booter.ForkedBooter.runSuitesInProcess(ForkedBooter.java:323) [surefire-booter-2.20.jar:2.20]
	at org.apache.maven.surefire.booter.ForkedBooter.main(ForkedBooter.java:143) [surefire-booter-2.20.jar:2.20]
Caused by: org.springframework.beans.factory.BeanCreationException: Error creating bean with name &apos;springSecurityFilterChain&apos; defined in class path resource [org/springframework/security/config/annotation/web/configuration/WebSecurityConfiguration.class]: Bean instantiation via factory method failed; nested exception is org.springframework.beans.BeanInstantiationException: Failed to instantiate [javax.servlet.Filter]: Factory method &apos;springSecurityFilterChain&apos; threw exception; nested exception is java.lang.IllegalArgumentException: &apos;Savings Account?error&apos; is not a valid redirect URL
	at org.springframework.beans.factory.support.ConstructorResolver.instantiateUsingFactoryMethod(ConstructorResolver.java:599) ~[spring-beans-4.3.5.RELEASE.jar:4.3.5.RELEASE]
	at org.springframework.beans.factory.support.AbstractAutowireCapableBeanFactory.instantiateUsingFactoryMethod(AbstractAutowireCapableBeanFactory.java:1134) ~[spring-beans-4.3.5.RELEASE.jar:4.3.5.RELEASE]
	at org.springframework.beans.factory.support.AbstractAutowireCapableBeanFactory.createBeanInstance(AbstractAutowireCapableBeanFactory.java:1028) ~[spring-beans-4.3.5.RELEASE.jar:4.3.5.RELEASE]
	at org.springframework.beans.factory.support.AbstractAutowireCapableBeanFactory.doCreateBean(AbstractAutowireCapableBeanFactory.java:513) ~[spring-beans-4.3.5.RELEASE.jar:4.3.5.RELEASE]
	at org.springframework.beans.factory.support.AbstractAutowireCapableBeanFactory.createBean(AbstractAutowireCapableBeanFactory.java:483) ~[spring-beans-4.3.5.RELEASE.jar:4.3.5.RELEASE]
	at org.springframework.beans.factory.support.AbstractBeanFactory$1.getObject(AbstractBeanFactory.java:306) ~[spring-beans-4.3.5.RELEASE.jar:4.3.5.RELEASE]
	at org.springframework.beans.factory.support.DefaultSingletonBeanRegistry.getSingleton(DefaultSingletonBeanRegistry.java:230) ~[spring-beans-4.3.5.RELEASE.jar:4.3.5.RELEASE]
	at org.springframework.beans.factory.support.AbstractBeanFactory.doGetBean(AbstractBeanFactory.java:302) ~[spring-beans-4.3.5.RELEASE.jar:4.3.5.RELEASE]
	at org.springframework.beans.factory.support.AbstractBeanFactory.getBean(AbstractBeanFactory.java:197) ~[spring-beans-4.3.5.RELEASE.jar:4.3.5.RELEASE]
	at org.springframework.beans.factory.support.AbstractBeanFactory.doGetBean(AbstractBeanFactory.java:296) ~[spring-beans-4.3.5.RELEASE.jar:4.3.5.RELEASE]
	at org.springframework.beans.factory.support.AbstractBeanFactory.getBean(AbstractBeanFactory.java:197) ~[spring-beans-4.3.5.RELEASE.jar:4.3.5.RELEASE]
	at org.springframework.beans.factory.support.DefaultListableBeanFactory.preInstantiateSingletons(DefaultListableBeanFactory.java:759) ~[spring-beans-4.3.5.RELEASE.jar:4.3.5.RELEASE]
	at org.springframework.context.support.AbstractApplicationContext.finishBeanFactoryInitialization(AbstractApplicationContext.java:866) ~[spring-context-4.3.5.RELEASE.jar:4.3.5.RELEASE]
	at org.springframework.context.support.AbstractApplicationContext.refresh(AbstractApplicationContext.java:542) ~[spring-context-4.3.5.RELEASE.jar:4.3.5.RELEASE]
	at org.springframework.test.context.web.AbstractGenericWebContextLoader.loadContext(AbstractGenericWebContextLoader.java:134) ~[spring-test-4.3.5.RELEASE.jar:4.3.5.RELEASE]
	at org.springframework.test.context.web.AbstractGenericWebContextLoader.loadContext(AbstractGenericWebContextLoader.java:61) ~[spring-test-4.3.5.RELEASE.jar:4.3.5.RELEASE]
	at org.springframework.test.context.support.AbstractDelegatingSmartContextLoader.delegateLoading(AbstractDelegatingSmartContextLoader.java:108) ~[spring-test-4.3.5.RELEASE.jar:4.3.5.RELEASE]
	at org.springframework.test.context.support.AbstractDelegatingSmartContextLoader.loadContext(AbstractDelegatingSmartContextLoader.java:251) ~[spring-test-4.3.5.RELEASE.jar:4.3.5.RELEASE]
	at org.springframework.test.context.cache.DefaultCacheAwareContextLoaderDelegate.loadContextInternal(DefaultCacheAwareContextLoaderDelegate.java:98) ~[spring-test-4.3.5.RELEASE.jar:4.3.5.RELEASE]
	at org.springframework.test.context.cache.DefaultCacheAwareContextLoaderDelegate.loadContext(DefaultCacheAwareContextLoaderDelegate.java:116) ~[spring-test-4.3.5.RELEASE.jar:4.3.5.RELEASE]
	... 26 common frames omitted
Caused by: org.springframework.beans.BeanInstantiationException: Failed to instantiate [javax.servlet.Filter]: Factory method &apos;springSecurityFilterChain&apos; threw exception; nested exception is java.lang.IllegalArgumentException: &apos;Savings Account?error&apos; is not a valid redirect URL
	at org.springframework.beans.factory.support.SimpleInstantiationStrategy.instantiate(SimpleInstantiationStrategy.java:189) ~[spring-beans-4.3.5.RELEASE.jar:4.3.5.RELEASE]
	at org.springframework.beans.factory.support.ConstructorResolver.instantiateUsingFactoryMethod(ConstructorResolver.java:588) ~[spring-beans-4.3.5.RELEASE.jar:4.3.5.RELEASE]
	... 45 common frames omitted
Caused by: java.lang.IllegalArgumentException: &apos;Savings Account?error&apos; is not a valid redirect URL
	at org.springframework.util.Assert.isTrue(Assert.java:68) ~[spring-core-4.3.5.RELEASE.jar:4.3.5.RELEASE]
	at org.springframework.security.web.authentication.SimpleUrlAuthenticationFailureHandler.setDefaultFailureUrl(SimpleUrlAuthenticationFailureHandler.java:125) ~[spring-security-web-4.2.2.RELEASE.jar:4.2.2.RELEASE]
	at org.springframework.security.web.authentication.SimpleUrlAuthenticationFailureHandler.&lt;init&gt;(SimpleUrlAuthenticationFailureHandler.java:60) ~[spring-security-web-4.2.2.RELEASE.jar:4.2.2.RELEASE]
	at org.springframework.security.config.annotation.web.configurers.AbstractAuthenticationFilterConfigurer.failureUrl(AbstractAuthenticationFilterConfigurer.java:206) ~[spring-security-config-4.2.2.RELEASE.jar:4.2.2.RELEASE]
	at org.springframework.security.config.annotation.web.configurers.AbstractAuthenticationFilterConfigurer.updateAuthenticationDefaults(AbstractAuthenticationFilterConfigurer.java:368) ~[spring-security-config-4.2.2.RELEASE.jar:4.2.2.RELEASE]
	at org.springframework.security.config.annotation.web.configurers.AbstractAuthenticationFilterConfigurer.loginPage(AbstractAuthenticationFilterConfigurer.java:308) ~[spring-security-config-4.2.2.RELEASE.jar:4.2.2.RELEASE]
	at org.springframework.security.config.annotation.web.configurers.FormLoginConfigurer.loginPage(FormLoginConfigurer.java:183) ~[spring-security-config-4.2.2.RELEASE.jar:4.2.2.RELEASE]
	at edu.ncsu.csc.itrust2.config.SecurityConfig.configure(SecurityConfig.java:89) ~[classes/:na]
	at org.springframework.security.config.annotation.web.configuration.WebSecurityConfigurerAdapter.getHttp(WebSecurityConfigurerAdapter.java:224) ~[spring-security-config-4.2.2.RELEASE.jar:4.2.2.RELEASE]
	at org.springframework.security.config.annotation.web.configuration.WebSecurityConfigurerAdapter.init(WebSecurityConfigurerAdapter.java:315) ~[spring-security-config-4.2.2.RELEASE.jar:4.2.2.RELEASE]
	at org.springframework.security.config.annotation.web.configuration.WebSecurityConfigurerAdapter.init(WebSecurityConfigurerAdapter.java:86) ~[spring-security-config-4.2.2.RELEASE.jar:4.2.2.RELEASE]
	at edu.ncsu.csc.itrust2.config.SecurityConfig$$EnhancerBySpringCGLIB$$f88fd361.init(&lt;generated&gt;) ~[classes/:na]
	at org.springframework.security.config.annotation.AbstractConfiguredSecurityBuilder.init(AbstractConfiguredSecurityBuilder.java:371) ~[spring-security-config-4.2.2.RELEASE.jar:4.2.2.RELEASE]
	at org.springframework.security.config.annotation.AbstractConfiguredSecurityBuilder.doBuild(AbstractConfiguredSecurityBuilder.java:325) ~[spring-security-config-4.2.2.RELEASE.jar:4.2.2.RELEASE]
	at org.springframework.security.config.annotation.AbstractSecurityBuilder.build(AbstractSecurityBuilder.java:41) ~[spring-security-config-4.2.2.RELEASE.jar:4.2.2.RELEASE]
	at org.springframework.security.config.annotation.web.configuration.WebSecurityConfiguration.springSecurityFilterChain(WebSecurityConfiguration.java:104) ~[spring-security-config-4.2.2.RELEASE.jar:4.2.2.RELEASE]
	at org.springframework.security.config.annotation.web.configuration.WebSecurityConfiguration$$EnhancerBySpringCGLIB$$150881e6.CGLIB$springSecurityFilterChain$4(&lt;generated&gt;) ~[spring-security-config-4.2.2.RELEASE.jar:4.2.2.RELEASE]
	at org.springframework.security.config.annotation.web.configuration.WebSecurityConfiguration$$EnhancerBySpringCGLIB$$150881e6$$FastClassBySpringCGLIB$$f9839e81.invoke(&lt;generated&gt;) ~[spring-security-config-4.2.2.RELEASE.jar:4.2.2.RELEASE]
	at org.springframework.cglib.proxy.MethodProxy.invokeSuper(MethodProxy.java:228) ~[spring-core-4.3.5.RELEASE.jar:4.3.5.RELEASE]
	at org.springframework.context.annotation.ConfigurationClassEnhancer$BeanMethodInterceptor.intercept(ConfigurationClassEnhancer.java:356) ~[spring-context-4.3.5.RELEASE.jar:4.3.5.RELEASE]
	at org.springframework.security.config.annotation.web.configuration.WebSecurityConfiguration$$EnhancerBySpringCGLIB$$150881e6.springSecurityFilterChain(&lt;generated&gt;) ~[spring-security-config-4.2.2.RELEASE.jar:4.2.2.RELEASE]
	at sun.reflect.GeneratedMethodAccessor103.invoke(Unknown Source) ~[na:na]
	at sun.reflect.DelegatingMethodAccessorImpl.invoke(DelegatingMethodAccessorImpl.java:43) ~[na:1.8.0_151]
	at java.lang.reflect.Method.invoke(Method.java:498) ~[na:1.8.0_151]
	at org.springframework.beans.factory.support.SimpleInstantiationStrategy.instantiate(SimpleInstantiationStrategy.java:162) ~[spring-beans-4.3.5.RELEASE.jar:4.3.5.RELEASE]
	... 46 common frames omitted
</stdout>
          <failedSince>1</failedSince>
        </case>
      </cases>
    </suite>
    <suite>
      <file>/var/lib/jenkins/jobs/iTrust_Fuzzer/workspace/iTrust2/target/surefire-reports/TEST-edu.ncsu.csc.itrust2.apitest.APIHospitalTest.xml</file>
      <name>edu.ncsu.csc.itrust2.apitest.APIHospitalTest</name>
      <duration>0.008</duration>
      <time>0.008</time>
      <enclosingBlocks/>
      <enclosingBlockNames/>
      <cases>
        <case>
          <duration>0.0</duration>
          <className>edu.ncsu.csc.itrust2.apitest.APIHospitalTest</className>
          <testName>testGetNonExistentHospital</testName>
          <skipped>false</skipped>
          <errorStackTrace>java.lang.IllegalStateException: Failed to load ApplicationContext
Caused by: org.springframework.beans.factory.BeanCreationException: Error creating bean with name &apos;springSecurityFilterChain&apos; defined in class path resource [org/springframework/security/config/annotation/web/configuration/WebSecurityConfiguration.class]: Bean instantiation via factory method failed; nested exception is org.springframework.beans.BeanInstantiationException: Failed to instantiate [javax.servlet.Filter]: Factory method &apos;springSecurityFilterChain&apos; threw exception; nested exception is java.lang.IllegalArgumentException: &apos;Savings Account?error&apos; is not a valid redirect URL
Caused by: org.springframework.beans.BeanInstantiationException: Failed to instantiate [javax.servlet.Filter]: Factory method &apos;springSecurityFilterChain&apos; threw exception; nested exception is java.lang.IllegalArgumentException: &apos;Savings Account?error&apos; is not a valid redirect URL
Caused by: java.lang.IllegalArgumentException: &apos;Savings Account?error&apos; is not a valid redirect URL
</errorStackTrace>
          <errorDetails>Failed to load ApplicationContext</errorDetails>
          <stdout>21:59:44.094 [main] DEBUG o.s.t.c.j.SpringJUnit4ClassRunner - SpringJUnit4ClassRunner constructor called with [class edu.ncsu.csc.itrust2.apitest.APIHospitalTest]
21:59:44.094 [main] DEBUG o.s.test.context.BootstrapUtils - Instantiating CacheAwareContextLoaderDelegate from class [org.springframework.test.context.cache.DefaultCacheAwareContextLoaderDelegate]
21:59:44.094 [main] DEBUG o.s.test.context.BootstrapUtils - Instantiating BootstrapContext using constructor [public org.springframework.test.context.support.DefaultBootstrapContext(java.lang.Class,org.springframework.test.context.CacheAwareContextLoaderDelegate)]
21:59:44.094 [main] DEBUG o.s.test.context.BootstrapUtils - Instantiating TestContextBootstrapper for test class [edu.ncsu.csc.itrust2.apitest.APIHospitalTest] from class [org.springframework.test.context.web.WebTestContextBootstrapper]
21:59:44.094 [main] DEBUG o.s.t.c.s.AbstractDelegatingSmartContextLoader - Delegating to AnnotationConfigWebContextLoader to process context configuration [ContextConfigurationAttributes@8c567e1 declaringClass = &apos;edu.ncsu.csc.itrust2.apitest.APIHospitalTest&apos;, classes = &apos;{class edu.ncsu.csc.itrust2.config.RootConfiguration, class edu.ncsu.csc.itrust2.mvc.config.WebMvcConfiguration}&apos;, locations = &apos;{}&apos;, inheritLocations = true, initializers = &apos;{}&apos;, inheritInitializers = true, name = [null], contextLoaderClass = &apos;org.springframework.test.context.ContextLoader&apos;].
21:59:44.095 [main] DEBUG o.s.t.c.support.ActiveProfilesUtils - Could not find an &apos;annotation declaring class&apos; for annotation type [org.springframework.test.context.ActiveProfiles] and class [edu.ncsu.csc.itrust2.apitest.APIHospitalTest]
21:59:44.095 [main] DEBUG o.s.t.c.w.WebTestContextBootstrapper - @TestExecutionListeners is not present for class [edu.ncsu.csc.itrust2.apitest.APIHospitalTest]: using defaults.
21:59:44.095 [main] INFO  o.s.t.c.w.WebTestContextBootstrapper - Loaded default TestExecutionListener class names from location [META-INF/spring.factories]: [org.springframework.security.test.context.support.WithSecurityContextTestExecutionListener, org.springframework.test.context.web.ServletTestExecutionListener, org.springframework.test.context.support.DirtiesContextBeforeModesTestExecutionListener, org.springframework.test.context.support.DependencyInjectionTestExecutionListener, org.springframework.test.context.support.DirtiesContextTestExecutionListener, org.springframework.test.context.transaction.TransactionalTestExecutionListener, org.springframework.test.context.jdbc.SqlScriptsTestExecutionListener]
21:59:44.095 [main] INFO  o.s.t.c.w.WebTestContextBootstrapper - Using TestExecutionListeners: [org.springframework.test.context.web.ServletTestExecutionListener@1db250ea, org.springframework.test.context.support.DirtiesContextBeforeModesTestExecutionListener@66099385, org.springframework.test.context.support.DependencyInjectionTestExecutionListener@7be082f, org.springframework.test.context.support.DirtiesContextTestExecutionListener@7d27668, org.springframework.test.context.transaction.TransactionalTestExecutionListener@8e85378, org.springframework.test.context.jdbc.SqlScriptsTestExecutionListener@22d76c5b, org.springframework.security.test.context.support.WithSecurityContextTestExecutionListener@55dfe75e]
21:59:44.095 [main] DEBUG o.s.t.annotation.ProfileValueUtils - Retrieved @ProfileValueSourceConfiguration [null] for test class [edu.ncsu.csc.itrust2.apitest.APIHospitalTest]
21:59:44.096 [main] DEBUG o.s.t.annotation.ProfileValueUtils - Retrieved ProfileValueSource type [class org.springframework.test.annotation.SystemProfileValueSource] for class [edu.ncsu.csc.itrust2.apitest.APIHospitalTest]
21:59:44.096 [main] DEBUG o.s.t.annotation.ProfileValueUtils - Retrieved @ProfileValueSourceConfiguration [null] for test class [edu.ncsu.csc.itrust2.apitest.APIHospitalTest]
21:59:44.096 [main] DEBUG o.s.t.annotation.ProfileValueUtils - Retrieved ProfileValueSource type [class org.springframework.test.annotation.SystemProfileValueSource] for class [edu.ncsu.csc.itrust2.apitest.APIHospitalTest]
21:59:44.096 [main] DEBUG o.s.t.annotation.ProfileValueUtils - Retrieved @ProfileValueSourceConfiguration [null] for test class [edu.ncsu.csc.itrust2.apitest.APIHospitalTest]
21:59:44.096 [main] DEBUG o.s.t.annotation.ProfileValueUtils - Retrieved ProfileValueSource type [class org.springframework.test.annotation.SystemProfileValueSource] for class [edu.ncsu.csc.itrust2.apitest.APIHospitalTest]
21:59:44.096 [main] DEBUG o.s.t.c.s.AbstractDirtiesContextTestExecutionListener - Before test class: context [DefaultTestContext@41aaaabb testClass = APIHospitalTest, testInstance = [null], testMethod = [null], testException = [null], mergedContextConfiguration = [WebMergedContextConfiguration@b135265 testClass = APIHospitalTest, locations = &apos;{}&apos;, classes = &apos;{class edu.ncsu.csc.itrust2.config.RootConfiguration, class edu.ncsu.csc.itrust2.mvc.config.WebMvcConfiguration}&apos;, contextInitializerClasses = &apos;[]&apos;, activeProfiles = &apos;{}&apos;, propertySourceLocations = &apos;{}&apos;, propertySourceProperties = &apos;{}&apos;, contextCustomizers = set[[empty]], resourceBasePath = &apos;src/main/webapp&apos;, contextLoader = &apos;org.springframework.test.context.web.WebDelegatingSmartContextLoader&apos;, parent = [null]]], class annotated with @DirtiesContext [false] with mode [null].
21:59:44.096 [main] DEBUG o.s.t.annotation.ProfileValueUtils - Retrieved @ProfileValueSourceConfiguration [null] for test class [edu.ncsu.csc.itrust2.apitest.APIHospitalTest]
21:59:44.096 [main] DEBUG o.s.t.annotation.ProfileValueUtils - Retrieved ProfileValueSource type [class org.springframework.test.annotation.SystemProfileValueSource] for class [edu.ncsu.csc.itrust2.apitest.APIHospitalTest]
21:59:44.096 [main] DEBUG o.s.t.c.s.AbstractDelegatingSmartContextLoader - Delegating to AnnotationConfigWebContextLoader to load context from [WebMergedContextConfiguration@b135265 testClass = APIHospitalTest, locations = &apos;{}&apos;, classes = &apos;{class edu.ncsu.csc.itrust2.config.RootConfiguration, class edu.ncsu.csc.itrust2.mvc.config.WebMvcConfiguration}&apos;, contextInitializerClasses = &apos;[]&apos;, activeProfiles = &apos;{}&apos;, propertySourceLocations = &apos;{}&apos;, propertySourceProperties = &apos;{}&apos;, contextCustomizers = set[[empty]], resourceBasePath = &apos;src/main/webapp&apos;, contextLoader = &apos;org.springframework.test.context.web.WebDelegatingSmartContextLoader&apos;, parent = [null]].
21:59:44.096 [main] DEBUG o.s.t.c.w.AbstractGenericWebContextLoader - Loading WebApplicationContext for merged context configuration [WebMergedContextConfiguration@b135265 testClass = APIHospitalTest, locations = &apos;{}&apos;, classes = &apos;{class edu.ncsu.csc.itrust2.config.RootConfiguration, class edu.ncsu.csc.itrust2.mvc.config.WebMvcConfiguration}&apos;, contextInitializerClasses = &apos;[]&apos;, activeProfiles = &apos;{}&apos;, propertySourceLocations = &apos;{}&apos;, propertySourceProperties = &apos;{}&apos;, contextCustomizers = set[[empty]], resourceBasePath = &apos;src/main/webapp&apos;, contextLoader = &apos;org.springframework.test.context.web.WebDelegatingSmartContextLoader&apos;, parent = [null]].
21:59:44.096 [main] DEBUG o.s.w.c.s.StandardServletEnvironment - Adding [servletConfigInitParams] PropertySource with lowest search precedence
21:59:44.096 [main] DEBUG o.s.w.c.s.StandardServletEnvironment - Adding [servletContextInitParams] PropertySource with lowest search precedence
21:59:44.096 [main] DEBUG o.s.w.c.s.StandardServletEnvironment - Adding [systemProperties] PropertySource with lowest search precedence
21:59:44.096 [main] DEBUG o.s.w.c.s.StandardServletEnvironment - Adding [systemEnvironment] PropertySource with lowest search precedence
21:59:44.096 [main] DEBUG o.s.w.c.s.StandardServletEnvironment - Initialized StandardServletEnvironment with PropertySources [servletConfigInitParams,servletContextInitParams,systemProperties,systemEnvironment]
21:59:44.096 [main] DEBUG o.s.t.c.w.AnnotationConfigWebContextLoader - Registering annotated classes: {class edu.ncsu.csc.itrust2.config.RootConfiguration, class edu.ncsu.csc.itrust2.mvc.config.WebMvcConfiguration}
21:59:44.097 [main] INFO  o.s.w.c.s.GenericWebApplicationContext - Refreshing org.springframework.web.context.support.GenericWebApplicationContext@123f52e8: startup date [Thu Mar 22 21:59:44 UTC 2018]; root of context hierarchy
21:59:44.097 [main] DEBUG o.s.w.c.s.StandardServletEnvironment - Replacing [servletContextInitParams] PropertySource with [servletContextInitParams]
21:59:44.097 [main] DEBUG o.s.w.c.s.GenericWebApplicationContext - Bean factory for org.springframework.web.context.support.GenericWebApplicationContext@123f52e8: org.springframework.beans.factory.support.DefaultListableBeanFactory@38f0b2e6: defining beans [org.springframework.context.annotation.internalConfigurationAnnotationProcessor,org.springframework.context.annotation.internalAutowiredAnnotationProcessor,org.springframework.context.annotation.internalRequiredAnnotationProcessor,org.springframework.context.annotation.internalCommonAnnotationProcessor,org.springframework.context.annotation.internalPersistenceAnnotationProcessor,org.springframework.context.event.internalEventListenerProcessor,org.springframework.context.event.internalEventListenerFactory,rootConfiguration,webMvcConfiguration]; root of factory hierarchy
21:59:44.097 [main] DEBUG o.s.b.f.s.DefaultListableBeanFactory - Registering scope &apos;request&apos; with implementation [org.springframework.web.context.request.RequestScope@3d8ad7bd]
21:59:44.097 [main] DEBUG o.s.b.f.s.DefaultListableBeanFactory - Registering scope &apos;session&apos; with implementation [org.springframework.web.context.request.SessionScope@554a7af6]
21:59:44.097 [main] DEBUG o.s.b.f.s.DefaultListableBeanFactory - Registering scope &apos;globalSession&apos; with implementation [org.springframework.web.context.request.SessionScope@6810853b]
21:59:44.097 [main] DEBUG o.s.b.f.s.DefaultListableBeanFactory - Registering scope &apos;application&apos; with implementation [org.springframework.web.context.support.ServletContextScope@1d3fe2a8]
21:59:44.097 [main] DEBUG o.s.b.f.s.DefaultListableBeanFactory - Creating shared instance of singleton bean &apos;org.springframework.context.annotation.internalConfigurationAnnotationProcessor&apos;
21:59:44.097 [main] DEBUG o.s.b.f.s.DefaultListableBeanFactory - Creating instance of bean &apos;org.springframework.context.annotation.internalConfigurationAnnotationProcessor&apos;
21:59:44.097 [main] DEBUG o.s.b.f.s.DefaultListableBeanFactory - Eagerly caching bean &apos;org.springframework.context.annotation.internalConfigurationAnnotationProcessor&apos; to allow for resolving potential circular references
21:59:44.097 [main] DEBUG o.s.b.f.s.DefaultListableBeanFactory - Finished creating instance of bean &apos;org.springframework.context.annotation.internalConfigurationAnnotationProcessor&apos;
21:59:44.098 [main] DEBUG o.s.core.env.StandardEnvironment - Adding [systemProperties] PropertySource with lowest search precedence
21:59:44.098 [main] DEBUG o.s.core.env.StandardEnvironment - Adding [systemEnvironment] PropertySource with lowest search precedence
21:59:44.098 [main] DEBUG o.s.core.env.StandardEnvironment - Initialized StandardEnvironment with PropertySources [systemProperties,systemEnvironment]
21:59:44.098 [main] DEBUG o.s.c.i.s.PathMatchingResourcePatternResolver - Resolved classpath location [edu/ncsu/csc/itrust2/config/] to resources [URL [file:/var/lib/jenkins/jobs/iTrust_Fuzzer/workspace/iTrust2/target/classes/edu/ncsu/csc/itrust2/config/]]
21:59:44.098 [main] DEBUG o.s.c.i.s.PathMatchingResourcePatternResolver - Looking for matching resources in directory tree [/var/lib/jenkins/jobs/iTrust_Fuzzer/workspace/iTrust2/target/classes/edu/ncsu/csc/itrust2/config]
21:59:44.098 [main] DEBUG o.s.c.i.s.PathMatchingResourcePatternResolver - Searching directory [/var/lib/jenkins/jobs/iTrust_Fuzzer/workspace/iTrust2/target/classes/edu/ncsu/csc/itrust2/config] for files matching pattern [/var/lib/jenkins/jobs/iTrust_Fuzzer/workspace/iTrust2/target/classes/edu/ncsu/csc/itrust2/config/**/*.class]
21:59:44.099 [main] DEBUG o.s.c.i.s.PathMatchingResourcePatternResolver - Resolved location pattern [classpath*:edu/ncsu/csc/itrust2/config/**/*.class] to resources [file [/var/lib/jenkins/jobs/iTrust_Fuzzer/workspace/iTrust2/target/classes/edu/ncsu/csc/itrust2/config/ContextListener.class], file [/var/lib/jenkins/jobs/iTrust_Fuzzer/workspace/iTrust2/target/classes/edu/ncsu/csc/itrust2/config/DataConfiguration.class], file [/var/lib/jenkins/jobs/iTrust_Fuzzer/workspace/iTrust2/target/classes/edu/ncsu/csc/itrust2/config/FailureHandler.class], file [/var/lib/jenkins/jobs/iTrust_Fuzzer/workspace/iTrust2/target/classes/edu/ncsu/csc/itrust2/config/IPFilter.class], file [/var/lib/jenkins/jobs/iTrust_Fuzzer/workspace/iTrust2/target/classes/edu/ncsu/csc/itrust2/config/ITrust2ApplicationInitializer.class], file [/var/lib/jenkins/jobs/iTrust_Fuzzer/workspace/iTrust2/target/classes/edu/ncsu/csc/itrust2/config/ITrust2WebApplicationInitializer.class], file [/var/lib/jenkins/jobs/iTrust_Fuzzer/workspace/iTrust2/target/classes/edu/ncsu/csc/itrust2/config/LoginAuditingListener.class], file [/var/lib/jenkins/jobs/iTrust_Fuzzer/workspace/iTrust2/target/classes/edu/ncsu/csc/itrust2/config/RootConfiguration.class], file [/var/lib/jenkins/jobs/iTrust_Fuzzer/workspace/iTrust2/target/classes/edu/ncsu/csc/itrust2/config/SecurityConfig.class]]
21:59:44.099 [main] DEBUG o.s.c.a.ClassPathBeanDefinitionScanner - Identified candidate component class: file [/var/lib/jenkins/jobs/iTrust_Fuzzer/workspace/iTrust2/target/classes/edu/ncsu/csc/itrust2/config/DataConfiguration.class]
21:59:44.099 [main] DEBUG o.s.c.a.ClassPathBeanDefinitionScanner - Identified candidate component class: file [/var/lib/jenkins/jobs/iTrust_Fuzzer/workspace/iTrust2/target/classes/edu/ncsu/csc/itrust2/config/LoginAuditingListener.class]
21:59:44.100 [main] DEBUG o.s.c.a.ClassPathBeanDefinitionScanner - Identified candidate component class: file [/var/lib/jenkins/jobs/iTrust_Fuzzer/workspace/iTrust2/target/classes/edu/ncsu/csc/itrust2/config/SecurityConfig.class]
21:59:44.106 [main] DEBUG o.s.core.env.StandardEnvironment - Adding [systemProperties] PropertySource with lowest search precedence
21:59:44.106 [main] DEBUG o.s.core.env.StandardEnvironment - Adding [systemEnvironment] PropertySource with lowest search precedence
21:59:44.106 [main] DEBUG o.s.core.env.StandardEnvironment - Initialized StandardEnvironment with PropertySources [systemProperties,systemEnvironment]
21:59:44.107 [main] DEBUG o.s.c.i.s.PathMatchingResourcePatternResolver - Resolved classpath location [edu/ncsu/csc/itrust2/controllers/] to resources [URL [file:/var/lib/jenkins/jobs/iTrust_Fuzzer/workspace/iTrust2/target/classes/edu/ncsu/csc/itrust2/controllers/]]
21:59:44.107 [main] DEBUG o.s.c.i.s.PathMatchingResourcePatternResolver - Looking for matching resources in directory tree [/var/lib/jenkins/jobs/iTrust_Fuzzer/workspace/iTrust2/target/classes/edu/ncsu/csc/itrust2/controllers]
21:59:44.107 [main] DEBUG o.s.c.i.s.PathMatchingResourcePatternResolver - Searching directory [/var/lib/jenkins/jobs/iTrust_Fuzzer/workspace/iTrust2/target/classes/edu/ncsu/csc/itrust2/controllers] for files matching pattern [/var/lib/jenkins/jobs/iTrust_Fuzzer/workspace/iTrust2/target/classes/edu/ncsu/csc/itrust2/controllers/**/*.class]
21:59:44.107 [main] DEBUG o.s.c.i.s.PathMatchingResourcePatternResolver - Searching directory [/var/lib/jenkins/jobs/iTrust_Fuzzer/workspace/iTrust2/target/classes/edu/ncsu/csc/itrust2/controllers/admin] for files matching pattern [/var/lib/jenkins/jobs/iTrust_Fuzzer/workspace/iTrust2/target/classes/edu/ncsu/csc/itrust2/controllers/**/*.class]
21:59:44.107 [main] DEBUG o.s.c.i.s.PathMatchingResourcePatternResolver - Searching directory [/var/lib/jenkins/jobs/iTrust_Fuzzer/workspace/iTrust2/target/classes/edu/ncsu/csc/itrust2/controllers/api] for files matching pattern [/var/lib/jenkins/jobs/iTrust_Fuzzer/workspace/iTrust2/target/classes/edu/ncsu/csc/itrust2/controllers/**/*.class]
21:59:44.107 [main] DEBUG o.s.c.i.s.PathMatchingResourcePatternResolver - Searching directory [/var/lib/jenkins/jobs/iTrust_Fuzzer/workspace/iTrust2/target/classes/edu/ncsu/csc/itrust2/controllers/api/comm] for files matching pattern [/var/lib/jenkins/jobs/iTrust_Fuzzer/workspace/iTrust2/target/classes/edu/ncsu/csc/itrust2/controllers/**/*.class]
21:59:44.107 [main] DEBUG o.s.c.i.s.PathMatchingResourcePatternResolver - Searching directory [/var/lib/jenkins/jobs/iTrust_Fuzzer/workspace/iTrust2/target/classes/edu/ncsu/csc/itrust2/controllers/hcp] for files matching pattern [/var/lib/jenkins/jobs/iTrust_Fuzzer/workspace/iTrust2/target/classes/edu/ncsu/csc/itrust2/controllers/**/*.class]
21:59:44.107 [main] DEBUG o.s.c.i.s.PathMatchingResourcePatternResolver - Searching directory [/var/lib/jenkins/jobs/iTrust_Fuzzer/workspace/iTrust2/target/classes/edu/ncsu/csc/itrust2/controllers/patient] for files matching pattern [/var/lib/jenkins/jobs/iTrust_Fuzzer/workspace/iTrust2/target/classes/edu/ncsu/csc/itrust2/controllers/**/*.class]
21:59:44.107 [main] DEBUG o.s.c.i.s.PathMatchingResourcePatternResolver - Searching directory [/var/lib/jenkins/jobs/iTrust_Fuzzer/workspace/iTrust2/target/classes/edu/ncsu/csc/itrust2/controllers/personnel] for files matching pattern [/var/lib/jenkins/jobs/iTrust_Fuzzer/workspace/iTrust2/target/classes/edu/ncsu/csc/itrust2/controllers/**/*.class]
21:59:44.108 [main] DEBUG o.s.c.i.s.PathMatchingResourcePatternResolver - Resolved location pattern [classpath*:edu/ncsu/csc/itrust2/controllers/**/*.class] to resources [file [/var/lib/jenkins/jobs/iTrust_Fuzzer/workspace/iTrust2/target/classes/edu/ncsu/csc/itrust2/controllers/DefaultController.class], file [/var/lib/jenkins/jobs/iTrust_Fuzzer/workspace/iTrust2/target/classes/edu/ncsu/csc/itrust2/controllers/admin/AdminController.class], file [/var/lib/jenkins/jobs/iTrust_Fuzzer/workspace/iTrust2/target/classes/edu/ncsu/csc/itrust2/controllers/admin/AdminUserController$1.class], file [/var/lib/jenkins/jobs/iTrust_Fuzzer/workspace/iTrust2/target/classes/edu/ncsu/csc/itrust2/controllers/admin/AdminUserController.class], file [/var/lib/jenkins/jobs/iTrust_Fuzzer/workspace/iTrust2/target/classes/edu/ncsu/csc/itrust2/controllers/admin/HospitalController.class], file [/var/lib/jenkins/jobs/iTrust_Fuzzer/workspace/iTrust2/target/classes/edu/ncsu/csc/itrust2/controllers/admin/ICDCodesController.class], file [/var/lib/jenkins/jobs/iTrust_Fuzzer/workspace/iTrust2/target/classes/edu/ncsu/csc/itrust2/controllers/api/APIAppointmentRequestController.class], file [/var/lib/jenkins/jobs/iTrust_Fuzzer/workspace/iTrust2/target/classes/edu/ncsu/csc/itrust2/controllers/api/APIController$JSONResponse.class], file [/var/lib/jenkins/jobs/iTrust_Fuzzer/workspace/iTrust2/target/classes/edu/ncsu/csc/itrust2/controllers/api/APIController.class], file [/var/lib/jenkins/jobs/iTrust_Fuzzer/workspace/iTrust2/target/classes/edu/ncsu/csc/itrust2/controllers/api/APIDiagnosisController.class], file [/var/lib/jenkins/jobs/iTrust_Fuzzer/workspace/iTrust2/target/classes/edu/ncsu/csc/itrust2/controllers/api/APIDrugController.class], file [/var/lib/jenkins/jobs/iTrust_Fuzzer/workspace/iTrust2/target/classes/edu/ncsu/csc/itrust2/controllers/api/APIEnumController.class], file [/var/lib/jenkins/jobs/iTrust_Fuzzer/workspace/iTrust2/target/classes/edu/ncsu/csc/itrust2/controllers/api/APIHospitalController.class], file [/var/lib/jenkins/jobs/iTrust_Fuzzer/workspace/iTrust2/target/classes/edu/ncsu/csc/itrust2/controllers/api/APIICDCodeController.class], file [/var/lib/jenkins/jobs/iTrust_Fuzzer/workspace/iTrust2/target/classes/edu/ncsu/csc/itrust2/controllers/api/APILogEntryController.class], file [/var/lib/jenkins/jobs/iTrust_Fuzzer/workspace/iTrust2/target/classes/edu/ncsu/csc/itrust2/controllers/api/APIOfficeVisitController.class], file [/var/lib/jenkins/jobs/iTrust_Fuzzer/workspace/iTrust2/target/classes/edu/ncsu/csc/itrust2/controllers/api/APIPasswordController.class], file [/var/lib/jenkins/jobs/iTrust_Fuzzer/workspace/iTrust2/target/classes/edu/ncsu/csc/itrust2/controllers/api/APIPatientController.class], file [/var/lib/jenkins/jobs/iTrust_Fuzzer/workspace/iTrust2/target/classes/edu/ncsu/csc/itrust2/controllers/api/APIPersonnelController.class], file [/var/lib/jenkins/jobs/iTrust_Fuzzer/workspace/iTrust2/target/classes/edu/ncsu/csc/itrust2/controllers/api/APIPrescriptionController.class], file [/var/lib/jenkins/jobs/iTrust_Fuzzer/workspace/iTrust2/target/classes/edu/ncsu/csc/itrust2/controllers/api/APIUserController.class], file [/var/lib/jenkins/jobs/iTrust_Fuzzer/workspace/iTrust2/target/classes/edu/ncsu/csc/itrust2/controllers/api/comm/LogEntryRequestBody.class], file [/var/lib/jenkins/jobs/iTrust_Fuzzer/workspace/iTrust2/target/classes/edu/ncsu/csc/itrust2/controllers/api/comm/LogEntryTableRow.class], file [/var/lib/jenkins/jobs/iTrust_Fuzzer/workspace/iTrust2/target/classes/edu/ncsu/csc/itrust2/controllers/hcp/AppointmentControllerHCP.class], file [/var/lib/jenkins/jobs/iTrust_Fuzzer/workspace/iTrust2/target/classes/edu/ncsu/csc/itrust2/controllers/hcp/HCPController.class], file [/var/lib/jenkins/jobs/iTrust_Fuzzer/workspace/iTrust2/target/classes/edu/ncsu/csc/itrust2/controllers/hcp/OfficeVisitController.class], file [/var/lib/jenkins/jobs/iTrust_Fuzzer/workspace/iTrust2/target/classes/edu/ncsu/csc/itrust2/controllers/patient/AppointmentController.class], file [/var/lib/jenkins/jobs/iTrust_Fuzzer/workspace/iTrust2/target/classes/edu/ncsu/csc/itrust2/controllers/patient/DiagnosesController.class], file [/var/lib/jenkins/jobs/iTrust_Fuzzer/workspace/iTrust2/target/classes/edu/ncsu/csc/itrust2/controllers/patient/PatientController.class], file [/var/lib/jenkins/jobs/iTrust_Fuzzer/workspace/iTrust2/target/classes/edu/ncsu/csc/itrust2/controllers/personnel/PasswordController.class], file [/var/lib/jenkins/jobs/iTrust_Fuzzer/workspace/iTrust2/target/classes/edu/ncsu/csc/itrust2/controllers/personnel/UserController.class]]
21:59:44.108 [main] DEBUG o.s.c.a.ClassPathBeanDefinitionScanner - Identified candidate component class: file [/var/lib/jenkins/jobs/iTrust_Fuzzer/workspace/iTrust2/target/classes/edu/ncsu/csc/itrust2/controllers/DefaultController.class]
21:59:44.108 [main] DEBUG o.s.c.a.ClassPathBeanDefinitionScanner - Identified candidate component class: file [/var/lib/jenkins/jobs/iTrust_Fuzzer/workspace/iTrust2/target/classes/edu/ncsu/csc/itrust2/controllers/admin/AdminController.class]
21:59:44.108 [main] DEBUG o.s.c.a.ClassPathBeanDefinitionScanner - Identified candidate component class: file [/var/lib/jenkins/jobs/iTrust_Fuzzer/workspace/iTrust2/target/classes/edu/ncsu/csc/itrust2/controllers/admin/AdminUserController.class]
21:59:44.108 [main] DEBUG o.s.c.a.ClassPathBeanDefinitionScanner - Identified candidate component class: file [/var/lib/jenkins/jobs/iTrust_Fuzzer/workspace/iTrust2/target/classes/edu/ncsu/csc/itrust2/controllers/admin/HospitalController.class]
21:59:44.108 [main] DEBUG o.s.c.a.ClassPathBeanDefinitionScanner - Identified candidate component class: file [/var/lib/jenkins/jobs/iTrust_Fuzzer/workspace/iTrust2/target/classes/edu/ncsu/csc/itrust2/controllers/admin/ICDCodesController.class]
21:59:44.109 [main] DEBUG o.s.c.a.ClassPathBeanDefinitionScanner - Identified candidate component class: file [/var/lib/jenkins/jobs/iTrust_Fuzzer/workspace/iTrust2/target/classes/edu/ncsu/csc/itrust2/controllers/api/APIAppointmentRequestController.class]
21:59:44.109 [main] DEBUG o.s.c.a.ClassPathBeanDefinitionScanner - Identified candidate component class: file [/var/lib/jenkins/jobs/iTrust_Fuzzer/workspace/iTrust2/target/classes/edu/ncsu/csc/itrust2/controllers/api/APIDiagnosisController.class]
21:59:44.109 [main] DEBUG o.s.c.a.ClassPathBeanDefinitionScanner - Identified candidate component class: file [/var/lib/jenkins/jobs/iTrust_Fuzzer/workspace/iTrust2/target/classes/edu/ncsu/csc/itrust2/controllers/api/APIDrugController.class]
21:59:44.109 [main] DEBUG o.s.c.a.ClassPathBeanDefinitionScanner - Identified candidate component class: file [/var/lib/jenkins/jobs/iTrust_Fuzzer/workspace/iTrust2/target/classes/edu/ncsu/csc/itrust2/controllers/api/APIEnumController.class]
21:59:44.110 [main] DEBUG o.s.c.a.ClassPathBeanDefinitionScanner - Identified candidate component class: file [/var/lib/jenkins/jobs/iTrust_Fuzzer/workspace/iTrust2/target/classes/edu/ncsu/csc/itrust2/controllers/api/APIHospitalController.class]
21:59:44.110 [main] DEBUG o.s.c.a.ClassPathBeanDefinitionScanner - Identified candidate component class: file [/var/lib/jenkins/jobs/iTrust_Fuzzer/workspace/iTrust2/target/classes/edu/ncsu/csc/itrust2/controllers/api/APIICDCodeController.class]
21:59:44.110 [main] DEBUG o.s.c.a.ClassPathBeanDefinitionScanner - Identified candidate component class: file [/var/lib/jenkins/jobs/iTrust_Fuzzer/workspace/iTrust2/target/classes/edu/ncsu/csc/itrust2/controllers/api/APILogEntryController.class]
21:59:44.110 [main] DEBUG o.s.c.a.ClassPathBeanDefinitionScanner - Identified candidate component class: file [/var/lib/jenkins/jobs/iTrust_Fuzzer/workspace/iTrust2/target/classes/edu/ncsu/csc/itrust2/controllers/api/APIOfficeVisitController.class]
21:59:44.111 [main] DEBUG o.s.c.a.ClassPathBeanDefinitionScanner - Identified candidate component class: file [/var/lib/jenkins/jobs/iTrust_Fuzzer/workspace/iTrust2/target/classes/edu/ncsu/csc/itrust2/controllers/api/APIPasswordController.class]
21:59:44.111 [main] DEBUG o.s.c.a.ClassPathBeanDefinitionScanner - Identified candidate component class: file [/var/lib/jenkins/jobs/iTrust_Fuzzer/workspace/iTrust2/target/classes/edu/ncsu/csc/itrust2/controllers/api/APIPatientController.class]
21:59:44.111 [main] DEBUG o.s.c.a.ClassPathBeanDefinitionScanner - Identified candidate component class: file [/var/lib/jenkins/jobs/iTrust_Fuzzer/workspace/iTrust2/target/classes/edu/ncsu/csc/itrust2/controllers/api/APIPersonnelController.class]
21:59:44.111 [main] DEBUG o.s.c.a.ClassPathBeanDefinitionScanner - Identified candidate component class: file [/var/lib/jenkins/jobs/iTrust_Fuzzer/workspace/iTrust2/target/classes/edu/ncsu/csc/itrust2/controllers/api/APIPrescriptionController.class]
21:59:44.112 [main] DEBUG o.s.c.a.ClassPathBeanDefinitionScanner - Identified candidate component class: file [/var/lib/jenkins/jobs/iTrust_Fuzzer/workspace/iTrust2/target/classes/edu/ncsu/csc/itrust2/controllers/api/APIUserController.class]
21:59:44.112 [main] DEBUG o.s.c.a.ClassPathBeanDefinitionScanner - Identified candidate component class: file [/var/lib/jenkins/jobs/iTrust_Fuzzer/workspace/iTrust2/target/classes/edu/ncsu/csc/itrust2/controllers/hcp/AppointmentControllerHCP.class]
21:59:44.112 [main] DEBUG o.s.c.a.ClassPathBeanDefinitionScanner - Identified candidate component class: file [/var/lib/jenkins/jobs/iTrust_Fuzzer/workspace/iTrust2/target/classes/edu/ncsu/csc/itrust2/controllers/hcp/HCPController.class]
21:59:44.112 [main] DEBUG o.s.c.a.ClassPathBeanDefinitionScanner - Identified candidate component class: file [/var/lib/jenkins/jobs/iTrust_Fuzzer/workspace/iTrust2/target/classes/edu/ncsu/csc/itrust2/controllers/hcp/OfficeVisitController.class]
21:59:44.113 [main] DEBUG o.s.c.a.ClassPathBeanDefinitionScanner - Identified candidate component class: file [/var/lib/jenkins/jobs/iTrust_Fuzzer/workspace/iTrust2/target/classes/edu/ncsu/csc/itrust2/controllers/patient/AppointmentController.class]
21:59:44.113 [main] DEBUG o.s.c.a.ClassPathBeanDefinitionScanner - Identified candidate component class: file [/var/lib/jenkins/jobs/iTrust_Fuzzer/workspace/iTrust2/target/classes/edu/ncsu/csc/itrust2/controllers/patient/DiagnosesController.class]
21:59:44.113 [main] DEBUG o.s.c.a.ClassPathBeanDefinitionScanner - Identified candidate component class: file [/var/lib/jenkins/jobs/iTrust_Fuzzer/workspace/iTrust2/target/classes/edu/ncsu/csc/itrust2/controllers/patient/PatientController.class]
21:59:44.113 [main] DEBUG o.s.c.a.ClassPathBeanDefinitionScanner - Identified candidate component class: file [/var/lib/jenkins/jobs/iTrust_Fuzzer/workspace/iTrust2/target/classes/edu/ncsu/csc/itrust2/controllers/personnel/PasswordController.class]
21:59:44.113 [main] DEBUG o.s.c.a.ClassPathBeanDefinitionScanner - Identified candidate component class: file [/var/lib/jenkins/jobs/iTrust_Fuzzer/workspace/iTrust2/target/classes/edu/ncsu/csc/itrust2/controllers/personnel/UserController.class]
21:59:44.114 [main] DEBUG o.s.c.i.s.PathMatchingResourcePatternResolver - Resolved classpath location [edu/ncsu/csc/itrust2/config/] to resources [URL [file:/var/lib/jenkins/jobs/iTrust_Fuzzer/workspace/iTrust2/target/classes/edu/ncsu/csc/itrust2/config/]]
21:59:44.114 [main] DEBUG o.s.c.i.s.PathMatchingResourcePatternResolver - Looking for matching resources in directory tree [/var/lib/jenkins/jobs/iTrust_Fuzzer/workspace/iTrust2/target/classes/edu/ncsu/csc/itrust2/config]
21:59:44.114 [main] DEBUG o.s.c.i.s.PathMatchingResourcePatternResolver - Searching directory [/var/lib/jenkins/jobs/iTrust_Fuzzer/workspace/iTrust2/target/classes/edu/ncsu/csc/itrust2/config] for files matching pattern [/var/lib/jenkins/jobs/iTrust_Fuzzer/workspace/iTrust2/target/classes/edu/ncsu/csc/itrust2/config/**/*.class]
21:59:44.114 [main] DEBUG o.s.c.i.s.PathMatchingResourcePatternResolver - Resolved location pattern [classpath*:edu/ncsu/csc/itrust2/config/**/*.class] to resources [file [/var/lib/jenkins/jobs/iTrust_Fuzzer/workspace/iTrust2/target/classes/edu/ncsu/csc/itrust2/config/ContextListener.class], file [/var/lib/jenkins/jobs/iTrust_Fuzzer/workspace/iTrust2/target/classes/edu/ncsu/csc/itrust2/config/DataConfiguration.class], file [/var/lib/jenkins/jobs/iTrust_Fuzzer/workspace/iTrust2/target/classes/edu/ncsu/csc/itrust2/config/FailureHandler.class], file [/var/lib/jenkins/jobs/iTrust_Fuzzer/workspace/iTrust2/target/classes/edu/ncsu/csc/itrust2/config/IPFilter.class], file [/var/lib/jenkins/jobs/iTrust_Fuzzer/workspace/iTrust2/target/classes/edu/ncsu/csc/itrust2/config/ITrust2ApplicationInitializer.class], file [/var/lib/jenkins/jobs/iTrust_Fuzzer/workspace/iTrust2/target/classes/edu/ncsu/csc/itrust2/config/ITrust2WebApplicationInitializer.class], file [/var/lib/jenkins/jobs/iTrust_Fuzzer/workspace/iTrust2/target/classes/edu/ncsu/csc/itrust2/config/LoginAuditingListener.class], file [/var/lib/jenkins/jobs/iTrust_Fuzzer/workspace/iTrust2/target/classes/edu/ncsu/csc/itrust2/config/RootConfiguration.class], file [/var/lib/jenkins/jobs/iTrust_Fuzzer/workspace/iTrust2/target/classes/edu/ncsu/csc/itrust2/config/SecurityConfig.class]]
21:59:44.114 [main] DEBUG o.s.c.a.ClassPathBeanDefinitionScanner - Identified candidate component class: file [/var/lib/jenkins/jobs/iTrust_Fuzzer/workspace/iTrust2/target/classes/edu/ncsu/csc/itrust2/config/DataConfiguration.class]
21:59:44.114 [main] DEBUG o.s.c.a.ClassPathBeanDefinitionScanner - Identified candidate component class: file [/var/lib/jenkins/jobs/iTrust_Fuzzer/workspace/iTrust2/target/classes/edu/ncsu/csc/itrust2/config/LoginAuditingListener.class]
21:59:44.114 [main] DEBUG o.s.c.a.ClassPathBeanDefinitionScanner - Identified candidate component class: file [/var/lib/jenkins/jobs/iTrust_Fuzzer/workspace/iTrust2/target/classes/edu/ncsu/csc/itrust2/config/RootConfiguration.class]
21:59:44.115 [main] DEBUG o.s.c.a.ClassPathBeanDefinitionScanner - Identified candidate component class: file [/var/lib/jenkins/jobs/iTrust_Fuzzer/workspace/iTrust2/target/classes/edu/ncsu/csc/itrust2/config/SecurityConfig.class]
21:59:44.127 [main] DEBUG o.s.c.a.ConfigurationClassBeanDefinitionReader - Registering bean definition for @Bean method edu.ncsu.csc.itrust2.config.DataConfiguration.dataSource()
21:59:44.127 [main] DEBUG o.s.c.a.ConfigurationClassBeanDefinitionReader - Registered bean definition for imported class &apos;org.springframework.security.config.annotation.configuration.ObjectPostProcessorConfiguration&apos;
21:59:44.128 [main] DEBUG o.s.c.a.ConfigurationClassBeanDefinitionReader - Registering bean definition for @Bean method org.springframework.security.config.annotation.configuration.ObjectPostProcessorConfiguration.objectPostProcessor()
21:59:44.128 [main] DEBUG o.s.c.a.ConfigurationClassBeanDefinitionReader - Registered bean definition for imported class &apos;org.springframework.security.config.annotation.authentication.configuration.AuthenticationConfiguration&apos;
21:59:44.128 [main] DEBUG o.s.c.a.ConfigurationClassBeanDefinitionReader - Registering bean definition for @Bean method org.springframework.security.config.annotation.authentication.configuration.AuthenticationConfiguration.authenticationManagerBuilder()
21:59:44.128 [main] DEBUG o.s.c.a.ConfigurationClassBeanDefinitionReader - Registering bean definition for @Bean method org.springframework.security.config.annotation.authentication.configuration.AuthenticationConfiguration.enableGlobalAuthenticationAutowiredConfigurer()
21:59:44.128 [main] DEBUG o.s.c.a.ConfigurationClassBeanDefinitionReader - Registering bean definition for @Bean method org.springframework.security.config.annotation.authentication.configuration.AuthenticationConfiguration.initializeUserDetailsBeanManagerConfigurer()
21:59:44.128 [main] DEBUG o.s.c.a.ConfigurationClassBeanDefinitionReader - Registering bean definition for @Bean method org.springframework.security.config.annotation.authentication.configuration.AuthenticationConfiguration.initializeAuthenticationProviderBeanManagerConfigurer()
21:59:44.128 [main] DEBUG o.s.c.a.ConfigurationClassBeanDefinitionReader - Registered bean definition for imported class &apos;org.springframework.security.config.annotation.web.configuration.WebSecurityConfiguration&apos;
21:59:44.128 [main] DEBUG o.s.c.a.ConfigurationClassBeanDefinitionReader - Registering bean definition for @Bean method org.springframework.security.config.annotation.web.configuration.WebSecurityConfiguration.delegatingApplicationListener()
21:59:44.128 [main] DEBUG o.s.c.a.ConfigurationClassBeanDefinitionReader - Registering bean definition for @Bean method org.springframework.security.config.annotation.web.configuration.WebSecurityConfiguration.webSecurityExpressionHandler()
21:59:44.128 [main] DEBUG o.s.c.a.ConfigurationClassBeanDefinitionReader - Registering bean definition for @Bean method org.springframework.security.config.annotation.web.configuration.WebSecurityConfiguration.springSecurityFilterChain()
21:59:44.128 [main] DEBUG o.s.c.a.ConfigurationClassBeanDefinitionReader - Registering bean definition for @Bean method org.springframework.security.config.annotation.web.configuration.WebSecurityConfiguration.privilegeEvaluator()
21:59:44.128 [main] DEBUG o.s.c.a.ConfigurationClassBeanDefinitionReader - Registering bean definition for @Bean method org.springframework.security.config.annotation.web.configuration.WebSecurityConfiguration.autowiredWebSecurityConfigurersIgnoreParents()
21:59:44.128 [main] DEBUG o.s.c.a.ConfigurationClassBeanDefinitionReader - Registered bean definition for imported class &apos;org.springframework.security.config.annotation.web.configuration.WebMvcSecurityConfiguration&apos;
21:59:44.128 [main] DEBUG o.s.c.a.ConfigurationClassBeanDefinitionReader - Registering bean definition for @Bean method org.springframework.security.config.annotation.web.configuration.WebMvcSecurityConfiguration.requestDataValueProcessor()
21:59:44.128 [main] DEBUG o.s.c.a.ConfigurationClassBeanDefinitionReader - Registering bean definition for @Bean method edu.ncsu.csc.itrust2.config.SecurityConfig.passwordEncoder()
21:59:44.128 [main] DEBUG o.s.c.a.ConfigurationClassBeanDefinitionReader - Registering bean definition for @Bean method edu.ncsu.csc.itrust2.config.SecurityConfig.defaultAuthenticationEventPublisher()
21:59:44.128 [main] DEBUG o.s.c.a.ConfigurationClassBeanDefinitionReader - Registering bean definition for @Bean method edu.ncsu.csc.itrust2.config.SecurityConfig.failureHandler()
21:59:44.128 [main] DEBUG o.s.c.a.ConfigurationClassBeanDefinitionReader - Registering bean definition for @Bean method edu.ncsu.csc.itrust2.config.SecurityConfig.ipBlockFilter()
21:59:44.128 [main] DEBUG o.s.c.a.ConfigurationClassBeanDefinitionReader - Registered bean definition for imported class &apos;org.springframework.web.servlet.config.annotation.DelegatingWebMvcConfiguration&apos;
21:59:44.128 [main] DEBUG o.s.c.a.ConfigurationClassBeanDefinitionReader - Registering bean definition for @Bean method org.springframework.web.servlet.config.annotation.DelegatingWebMvcConfiguration.mvcConversionService()
21:59:44.128 [main] DEBUG o.s.c.a.ConfigurationClassBeanDefinitionReader - Registering bean definition for @Bean method org.springframework.web.servlet.config.annotation.DelegatingWebMvcConfiguration.requestMappingHandlerMapping()
21:59:44.128 [main] DEBUG o.s.c.a.ConfigurationClassBeanDefinitionReader - Registering bean definition for @Bean method org.springframework.web.servlet.config.annotation.DelegatingWebMvcConfiguration.mvcPathMatcher()
21:59:44.128 [main] DEBUG o.s.c.a.ConfigurationClassBeanDefinitionReader - Registering bean definition for @Bean method org.springframework.web.servlet.config.annotation.DelegatingWebMvcConfiguration.mvcUrlPathHelper()
21:59:44.128 [main] DEBUG o.s.c.a.ConfigurationClassBeanDefinitionReader - Registering bean definition for @Bean method org.springframework.web.servlet.config.annotation.DelegatingWebMvcConfiguration.mvcContentNegotiationManager()
21:59:44.128 [main] DEBUG o.s.c.a.ConfigurationClassBeanDefinitionReader - Registering bean definition for @Bean method org.springframework.web.servlet.config.annotation.DelegatingWebMvcConfiguration.viewControllerHandlerMapping()
21:59:44.129 [main] DEBUG o.s.c.a.ConfigurationClassBeanDefinitionReader - Registering bean definition for @Bean method org.springframework.web.servlet.config.annotation.DelegatingWebMvcConfiguration.beanNameHandlerMapping()
21:59:44.129 [main] DEBUG o.s.c.a.ConfigurationClassBeanDefinitionReader - Registering bean definition for @Bean method org.springframework.web.servlet.config.annotation.DelegatingWebMvcConfiguration.resourceHandlerMapping()
21:59:44.129 [main] DEBUG o.s.c.a.ConfigurationClassBeanDefinitionReader - Registering bean definition for @Bean method org.springframework.web.servlet.config.annotation.DelegatingWebMvcConfiguration.mvcResourceUrlProvider()
21:59:44.129 [main] DEBUG o.s.c.a.ConfigurationClassBeanDefinitionReader - Registering bean definition for @Bean method org.springframework.web.servlet.config.annotation.DelegatingWebMvcConfiguration.defaultServletHandlerMapping()
21:59:44.129 [main] DEBUG o.s.c.a.ConfigurationClassBeanDefinitionReader - Registering bean definition for @Bean method org.springframework.web.servlet.config.annotation.DelegatingWebMvcConfiguration.requestMappingHandlerAdapter()
21:59:44.129 [main] DEBUG o.s.c.a.ConfigurationClassBeanDefinitionReader - Registering bean definition for @Bean method org.springframework.web.servlet.config.annotation.DelegatingWebMvcConfiguration.mvcValidator()
21:59:44.129 [main] DEBUG o.s.c.a.ConfigurationClassBeanDefinitionReader - Registering bean definition for @Bean method org.springframework.web.servlet.config.annotation.DelegatingWebMvcConfiguration.mvcUriComponentsContributor()
21:59:44.129 [main] DEBUG o.s.c.a.ConfigurationClassBeanDefinitionReader - Registering bean definition for @Bean method org.springframework.web.servlet.config.annotation.DelegatingWebMvcConfiguration.httpRequestHandlerAdapter()
21:59:44.129 [main] DEBUG o.s.c.a.ConfigurationClassBeanDefinitionReader - Registering bean definition for @Bean method org.springframework.web.servlet.config.annotation.DelegatingWebMvcConfiguration.simpleControllerHandlerAdapter()
21:59:44.129 [main] DEBUG o.s.c.a.ConfigurationClassBeanDefinitionReader - Registering bean definition for @Bean method org.springframework.web.servlet.config.annotation.DelegatingWebMvcConfiguration.handlerExceptionResolver()
21:59:44.129 [main] DEBUG o.s.c.a.ConfigurationClassBeanDefinitionReader - Registering bean definition for @Bean method org.springframework.web.servlet.config.annotation.DelegatingWebMvcConfiguration.mvcViewResolver()
21:59:44.129 [main] DEBUG o.s.c.a.ConfigurationClassBeanDefinitionReader - Registered bean definition for imported class &apos;org.springframework.security.config.annotation.method.configuration.GlobalMethodSecurityConfiguration&apos;
21:59:44.129 [main] DEBUG o.s.c.a.ConfigurationClassBeanDefinitionReader - Registering bean definition for @Bean method org.springframework.security.config.annotation.method.configuration.GlobalMethodSecurityConfiguration.methodSecurityInterceptor()
21:59:44.129 [main] DEBUG o.s.c.a.ConfigurationClassBeanDefinitionReader - Registering bean definition for @Bean method org.springframework.security.config.annotation.method.configuration.GlobalMethodSecurityConfiguration.methodSecurityMetadataSource()
21:59:44.129 [main] DEBUG o.s.c.a.ConfigurationClassBeanDefinitionReader - Registering bean definition for @Bean method org.springframework.security.config.annotation.method.configuration.GlobalMethodSecurityConfiguration.preInvocationAuthorizationAdvice()
21:59:44.129 [main] DEBUG o.s.c.a.ConfigurationClassBeanDefinitionReader - Registering bean definition for @Bean method edu.ncsu.csc.itrust2.mvc.config.WebMvcConfiguration.viewResolver()
21:59:44.129 [main] DEBUG o.s.c.a.ConfigurationClassBeanDefinitionReader - Registering bean definition for @Bean method edu.ncsu.csc.itrust2.mvc.config.WebMvcConfiguration.templateEngine()
21:59:44.129 [main] DEBUG o.s.c.a.ConfigurationClassBeanDefinitionReader - Registering bean definition for @Bean method edu.ncsu.csc.itrust2.mvc.config.WebMvcConfiguration.domainClassConverter()
21:59:44.131 [main] DEBUG o.s.c.a.ConfigurationClassEnhancer - Successfully enhanced edu.ncsu.csc.itrust2.config.RootConfiguration; enhanced class name is: edu.ncsu.csc.itrust2.config.RootConfiguration$$EnhancerBySpringCGLIB$$c1d00685
21:59:44.131 [main] DEBUG o.s.c.a.ConfigurationClassPostProcessor - Replacing bean definition &apos;rootConfiguration&apos; existing class &apos;edu.ncsu.csc.itrust2.config.RootConfiguration&apos; with enhanced class &apos;edu.ncsu.csc.itrust2.config.RootConfiguration$$EnhancerBySpringCGLIB$$c1d00685&apos;
21:59:44.131 [main] DEBUG o.s.c.a.ConfigurationClassEnhancer - Successfully enhanced edu.ncsu.csc.itrust2.mvc.config.WebMvcConfiguration; enhanced class name is: edu.ncsu.csc.itrust2.mvc.config.WebMvcConfiguration$$EnhancerBySpringCGLIB$$de7b09d5
21:59:44.131 [main] DEBUG o.s.c.a.ConfigurationClassPostProcessor - Replacing bean definition &apos;webMvcConfiguration&apos; existing class &apos;edu.ncsu.csc.itrust2.mvc.config.WebMvcConfiguration&apos; with enhanced class &apos;edu.ncsu.csc.itrust2.mvc.config.WebMvcConfiguration$$EnhancerBySpringCGLIB$$de7b09d5&apos;
21:59:44.131 [main] DEBUG o.s.c.a.ConfigurationClassEnhancer - Successfully enhanced edu.ncsu.csc.itrust2.config.DataConfiguration; enhanced class name is: edu.ncsu.csc.itrust2.config.DataConfiguration$$EnhancerBySpringCGLIB$$60f4bbd
21:59:44.131 [main] DEBUG o.s.c.a.ConfigurationClassPostProcessor - Replacing bean definition &apos;dataConfiguration&apos; existing class &apos;edu.ncsu.csc.itrust2.config.DataConfiguration&apos; with enhanced class &apos;edu.ncsu.csc.itrust2.config.DataConfiguration$$EnhancerBySpringCGLIB$$60f4bbd&apos;
21:59:44.131 [main] DEBUG o.s.c.a.ConfigurationClassEnhancer - Successfully enhanced edu.ncsu.csc.itrust2.config.SecurityConfig; enhanced class name is: edu.ncsu.csc.itrust2.config.SecurityConfig$$EnhancerBySpringCGLIB$$f88fd361
21:59:44.131 [main] DEBUG o.s.c.a.ConfigurationClassPostProcessor - Replacing bean definition &apos;securityConfig&apos; existing class &apos;edu.ncsu.csc.itrust2.config.SecurityConfig&apos; with enhanced class &apos;edu.ncsu.csc.itrust2.config.SecurityConfig$$EnhancerBySpringCGLIB$$f88fd361&apos;
21:59:44.131 [main] DEBUG o.s.c.a.ConfigurationClassEnhancer - Successfully enhanced org.springframework.security.config.annotation.configuration.ObjectPostProcessorConfiguration; enhanced class name is: org.springframework.security.config.annotation.configuration.ObjectPostProcessorConfiguration$$EnhancerBySpringCGLIB$$6851d2d
21:59:44.131 [main] DEBUG o.s.c.a.ConfigurationClassPostProcessor - Replacing bean definition &apos;org.springframework.security.config.annotation.configuration.ObjectPostProcessorConfiguration&apos; existing class &apos;org.springframework.security.config.annotation.configuration.ObjectPostProcessorConfiguration&apos; with enhanced class &apos;org.springframework.security.config.annotation.configuration.ObjectPostProcessorConfiguration$$EnhancerBySpringCGLIB$$6851d2d&apos;
21:59:44.131 [main] DEBUG o.s.c.a.ConfigurationClassEnhancer - Successfully enhanced org.springframework.security.config.annotation.authentication.configuration.AuthenticationConfiguration; enhanced class name is: org.springframework.security.config.annotation.authentication.configuration.AuthenticationConfiguration$$EnhancerBySpringCGLIB$$524e27a2
21:59:44.131 [main] DEBUG o.s.c.a.ConfigurationClassPostProcessor - Replacing bean definition &apos;org.springframework.security.config.annotation.authentication.configuration.AuthenticationConfiguration&apos; existing class &apos;org.springframework.security.config.annotation.authentication.configuration.AuthenticationConfiguration&apos; with enhanced class &apos;org.springframework.security.config.annotation.authentication.configuration.AuthenticationConfiguration$$EnhancerBySpringCGLIB$$524e27a2&apos;
21:59:44.131 [main] DEBUG o.s.c.a.ConfigurationClassEnhancer - Successfully enhanced org.springframework.security.config.annotation.authentication.configuration.AuthenticationConfiguration; enhanced class name is: org.springframework.security.config.annotation.authentication.configuration.AuthenticationConfiguration$$EnhancerBySpringCGLIB$$524e27a2
21:59:44.131 [main] DEBUG o.s.c.a.ConfigurationClassPostProcessor - Replacing bean definition &apos;enableGlobalAuthenticationAutowiredConfigurer&apos; existing class &apos;org.springframework.security.config.annotation.authentication.configuration.AuthenticationConfiguration&apos; with enhanced class &apos;org.springframework.security.config.annotation.authentication.configuration.AuthenticationConfiguration$$EnhancerBySpringCGLIB$$524e27a2&apos;
21:59:44.131 [main] DEBUG o.s.c.a.ConfigurationClassEnhancer - Successfully enhanced org.springframework.security.config.annotation.authentication.configuration.AuthenticationConfiguration; enhanced class name is: org.springframework.security.config.annotation.authentication.configuration.AuthenticationConfiguration$$EnhancerBySpringCGLIB$$524e27a2
21:59:44.131 [main] DEBUG o.s.c.a.ConfigurationClassPostProcessor - Replacing bean definition &apos;initializeUserDetailsBeanManagerConfigurer&apos; existing class &apos;org.springframework.security.config.annotation.authentication.configuration.AuthenticationConfiguration&apos; with enhanced class &apos;org.springframework.security.config.annotation.authentication.configuration.AuthenticationConfiguration$$EnhancerBySpringCGLIB$$524e27a2&apos;
21:59:44.131 [main] DEBUG o.s.c.a.ConfigurationClassEnhancer - Successfully enhanced org.springframework.security.config.annotation.authentication.configuration.AuthenticationConfiguration; enhanced class name is: org.springframework.security.config.annotation.authentication.configuration.AuthenticationConfiguration$$EnhancerBySpringCGLIB$$524e27a2
21:59:44.131 [main] DEBUG o.s.c.a.ConfigurationClassPostProcessor - Replacing bean definition &apos;initializeAuthenticationProviderBeanManagerConfigurer&apos; existing class &apos;org.springframework.security.config.annotation.authentication.configuration.AuthenticationConfiguration&apos; with enhanced class &apos;org.springframework.security.config.annotation.authentication.configuration.AuthenticationConfiguration$$EnhancerBySpringCGLIB$$524e27a2&apos;
21:59:44.131 [main] DEBUG o.s.c.a.ConfigurationClassEnhancer - Successfully enhanced org.springframework.security.config.annotation.web.configuration.WebSecurityConfiguration; enhanced class name is: org.springframework.security.config.annotation.web.configuration.WebSecurityConfiguration$$EnhancerBySpringCGLIB$$150881e6
21:59:44.131 [main] DEBUG o.s.c.a.ConfigurationClassPostProcessor - Replacing bean definition &apos;org.springframework.security.config.annotation.web.configuration.WebSecurityConfiguration&apos; existing class &apos;org.springframework.security.config.annotation.web.configuration.WebSecurityConfiguration&apos; with enhanced class &apos;org.springframework.security.config.annotation.web.configuration.WebSecurityConfiguration$$EnhancerBySpringCGLIB$$150881e6&apos;
21:59:44.131 [main] DEBUG o.s.c.a.ConfigurationClassEnhancer - Successfully enhanced org.springframework.security.config.annotation.web.configuration.WebSecurityConfiguration; enhanced class name is: org.springframework.security.config.annotation.web.configuration.WebSecurityConfiguration$$EnhancerBySpringCGLIB$$150881e6
21:59:44.131 [main] DEBUG o.s.c.a.ConfigurationClassPostProcessor - Replacing bean definition &apos;delegatingApplicationListener&apos; existing class &apos;org.springframework.security.config.annotation.web.configuration.WebSecurityConfiguration&apos; with enhanced class &apos;org.springframework.security.config.annotation.web.configuration.WebSecurityConfiguration$$EnhancerBySpringCGLIB$$150881e6&apos;
21:59:44.131 [main] DEBUG o.s.c.a.ConfigurationClassEnhancer - Successfully enhanced org.springframework.web.servlet.config.annotation.DelegatingWebMvcConfiguration; enhanced class name is: org.springframework.web.servlet.config.annotation.DelegatingWebMvcConfiguration$$EnhancerBySpringCGLIB$$32983a29
21:59:44.131 [main] DEBUG o.s.c.a.ConfigurationClassPostProcessor - Replacing bean definition &apos;org.springframework.web.servlet.config.annotation.DelegatingWebMvcConfiguration&apos; existing class &apos;org.springframework.web.servlet.config.annotation.DelegatingWebMvcConfiguration&apos; with enhanced class &apos;org.springframework.web.servlet.config.annotation.DelegatingWebMvcConfiguration$$EnhancerBySpringCGLIB$$32983a29&apos;
21:59:44.131 [main] DEBUG o.s.c.a.ConfigurationClassEnhancer - Successfully enhanced org.springframework.security.config.annotation.method.configuration.GlobalMethodSecurityConfiguration; enhanced class name is: org.springframework.security.config.annotation.method.configuration.GlobalMethodSecurityConfiguration$$EnhancerBySpringCGLIB$
...[truncated 195437 chars]...
ching method [CacheKey[edu.ncsu.csc.itrust2.controllers.patient.PatientController; public java.lang.String edu.ncsu.csc.itrust2.controllers.patient.PatientController.viewDemographics(org.springframework.ui.Model)]] with attributes [[authorize: &apos;hasRole(&apos;ROLE_PATIENT&apos;)&apos;, filter: &apos;null&apos;, filterTarget: &apos;null&apos;]]
21:59:44.366 [main] DEBUG o.s.aop.framework.CglibAopProxy - Unable to apply any optimisations to advised method: public java.lang.String edu.ncsu.csc.itrust2.controllers.patient.PatientController.viewDemographics(org.springframework.ui.Model)
21:59:44.366 [main] DEBUG o.s.s.a.p.PrePostAnnotationSecurityMetadataSource - @org.springframework.security.access.prepost.PreAuthorize(value=hasRole(&apos;ROLE_PATIENT&apos;)) found on specific method: public java.lang.String edu.ncsu.csc.itrust2.controllers.patient.PatientController.demographicsSubmit(edu.ncsu.csc.itrust2.forms.hcp_patient.PatientForm,org.springframework.validation.BindingResult,org.springframework.ui.Model)
21:59:44.366 [main] DEBUG o.s.s.a.m.DelegatingMethodSecurityMetadataSource - Caching method [CacheKey[edu.ncsu.csc.itrust2.controllers.patient.PatientController; public java.lang.String edu.ncsu.csc.itrust2.controllers.patient.PatientController.demographicsSubmit(edu.ncsu.csc.itrust2.forms.hcp_patient.PatientForm,org.springframework.validation.BindingResult,org.springframework.ui.Model)]] with attributes [[authorize: &apos;hasRole(&apos;ROLE_PATIENT&apos;)&apos;, filter: &apos;null&apos;, filterTarget: &apos;null&apos;]]
21:59:44.367 [main] DEBUG o.s.aop.framework.CglibAopProxy - Unable to apply any optimisations to advised method: public java.lang.String edu.ncsu.csc.itrust2.controllers.patient.PatientController.demographicsSubmit(edu.ncsu.csc.itrust2.forms.hcp_patient.PatientForm,org.springframework.validation.BindingResult,org.springframework.ui.Model)
21:59:44.367 [main] DEBUG o.s.s.a.p.PrePostAnnotationSecurityMetadataSource - @org.springframework.security.access.prepost.PreAuthorize(value=hasRole(&apos;ROLE_PATIENT&apos;)) found on specific method: public java.lang.String edu.ncsu.csc.itrust2.controllers.patient.PatientController.index(org.springframework.ui.Model)
21:59:44.367 [main] DEBUG o.s.s.a.m.DelegatingMethodSecurityMetadataSource - Caching method [CacheKey[edu.ncsu.csc.itrust2.controllers.patient.PatientController; public java.lang.String edu.ncsu.csc.itrust2.controllers.patient.PatientController.index(org.springframework.ui.Model)]] with attributes [[authorize: &apos;hasRole(&apos;ROLE_PATIENT&apos;)&apos;, filter: &apos;null&apos;, filterTarget: &apos;null&apos;]]
21:59:44.367 [main] DEBUG o.s.aop.framework.CglibAopProxy - Unable to apply any optimisations to advised method: public java.lang.String edu.ncsu.csc.itrust2.controllers.patient.PatientController.index(org.springframework.ui.Model)
21:59:44.367 [main] DEBUG o.s.aop.framework.CglibAopProxy - Found &apos;equals&apos; method: public boolean java.lang.Object.equals(java.lang.Object)
21:59:44.367 [main] DEBUG o.s.aop.framework.CglibAopProxy - Unable to apply any optimisations to advised method: public java.lang.String java.lang.Object.toString()
21:59:44.367 [main] DEBUG o.s.aop.framework.CglibAopProxy - Found &apos;hashCode&apos; method: public native int java.lang.Object.hashCode()
21:59:44.367 [main] DEBUG o.s.aop.framework.CglibAopProxy - Unable to apply any optimisations to advised method: protected native java.lang.Object java.lang.Object.clone() throws java.lang.CloneNotSupportedException
21:59:44.367 [main] DEBUG o.s.aop.framework.CglibAopProxy - Method is declared on Advised interface: public abstract void org.springframework.aop.framework.Advised.setTargetSource(org.springframework.aop.TargetSource)
21:59:44.367 [main] DEBUG o.s.aop.framework.CglibAopProxy - Method is declared on Advised interface: public abstract org.springframework.aop.TargetSource org.springframework.aop.framework.Advised.getTargetSource()
21:59:44.367 [main] DEBUG o.s.aop.framework.CglibAopProxy - Method is declared on Advised interface: public abstract boolean org.springframework.aop.framework.Advised.isProxyTargetClass()
21:59:44.367 [main] DEBUG o.s.aop.framework.CglibAopProxy - Method is declared on Advised interface: public abstract void org.springframework.aop.framework.Advised.addAdvisor(org.springframework.aop.Advisor) throws org.springframework.aop.framework.AopConfigException
21:59:44.367 [main] DEBUG o.s.aop.framework.CglibAopProxy - Method is declared on Advised interface: public abstract void org.springframework.aop.framework.Advised.addAdvisor(int,org.springframework.aop.Advisor) throws org.springframework.aop.framework.AopConfigException
21:59:44.367 [main] DEBUG o.s.aop.framework.CglibAopProxy - Method is declared on Advised interface: public abstract void org.springframework.aop.framework.Advised.setPreFiltered(boolean)
21:59:44.367 [main] DEBUG o.s.aop.framework.CglibAopProxy - Method is declared on Advised interface: public abstract void org.springframework.aop.framework.Advised.setExposeProxy(boolean)
21:59:44.367 [main] DEBUG o.s.aop.framework.CglibAopProxy - Method is declared on Advised interface: public abstract boolean org.springframework.aop.framework.Advised.isExposeProxy()
21:59:44.367 [main] DEBUG o.s.aop.framework.CglibAopProxy - Method is declared on Advised interface: public abstract boolean org.springframework.aop.framework.Advised.isPreFiltered()
21:59:44.367 [main] DEBUG o.s.aop.framework.CglibAopProxy - Method is declared on Advised interface: public abstract java.lang.Class[] org.springframework.aop.framework.Advised.getProxiedInterfaces()
21:59:44.367 [main] DEBUG o.s.aop.framework.CglibAopProxy - Method is declared on Advised interface: public abstract boolean org.springframework.aop.framework.Advised.isInterfaceProxied(java.lang.Class)
21:59:44.367 [main] DEBUG o.s.aop.framework.CglibAopProxy - Method is declared on Advised interface: public abstract org.springframework.aop.Advisor[] org.springframework.aop.framework.Advised.getAdvisors()
21:59:44.367 [main] DEBUG o.s.aop.framework.CglibAopProxy - Method is declared on Advised interface: public abstract void org.springframework.aop.framework.Advised.removeAdvisor(int) throws org.springframework.aop.framework.AopConfigException
21:59:44.367 [main] DEBUG o.s.aop.framework.CglibAopProxy - Method is declared on Advised interface: public abstract boolean org.springframework.aop.framework.Advised.removeAdvisor(org.springframework.aop.Advisor)
21:59:44.367 [main] DEBUG o.s.aop.framework.CglibAopProxy - Method is declared on Advised interface: public abstract boolean org.springframework.aop.framework.Advised.replaceAdvisor(org.springframework.aop.Advisor,org.springframework.aop.Advisor) throws org.springframework.aop.framework.AopConfigException
21:59:44.367 [main] DEBUG o.s.aop.framework.CglibAopProxy - Method is declared on Advised interface: public abstract boolean org.springframework.aop.framework.Advised.removeAdvice(org.aopalliance.aop.Advice)
21:59:44.367 [main] DEBUG o.s.aop.framework.CglibAopProxy - Method is declared on Advised interface: public abstract java.lang.String org.springframework.aop.framework.Advised.toProxyConfigString()
21:59:44.367 [main] DEBUG o.s.aop.framework.CglibAopProxy - Method is declared on Advised interface: public abstract void org.springframework.aop.framework.Advised.addAdvice(int,org.aopalliance.aop.Advice) throws org.springframework.aop.framework.AopConfigException
21:59:44.367 [main] DEBUG o.s.aop.framework.CglibAopProxy - Method is declared on Advised interface: public abstract void org.springframework.aop.framework.Advised.addAdvice(org.aopalliance.aop.Advice) throws org.springframework.aop.framework.AopConfigException
21:59:44.367 [main] DEBUG o.s.aop.framework.CglibAopProxy - Method is declared on Advised interface: public abstract int org.springframework.aop.framework.Advised.indexOf(org.aopalliance.aop.Advice)
21:59:44.367 [main] DEBUG o.s.aop.framework.CglibAopProxy - Method is declared on Advised interface: public abstract int org.springframework.aop.framework.Advised.indexOf(org.springframework.aop.Advisor)
21:59:44.367 [main] DEBUG o.s.aop.framework.CglibAopProxy - Method is declared on Advised interface: public abstract boolean org.springframework.aop.framework.Advised.isFrozen()
21:59:44.367 [main] DEBUG o.s.aop.framework.CglibAopProxy - Method is declared on Advised interface: public abstract java.lang.Class org.springframework.aop.TargetClassAware.getTargetClass()
21:59:44.371 [main] DEBUG o.s.b.f.s.DefaultListableBeanFactory - Finished creating instance of bean &apos;patientController&apos;
21:59:44.371 [main] DEBUG o.s.b.f.s.DefaultListableBeanFactory - Creating shared instance of singleton bean &apos;passwordController&apos;
21:59:44.371 [main] DEBUG o.s.b.f.s.DefaultListableBeanFactory - Creating instance of bean &apos;passwordController&apos;
21:59:44.371 [main] DEBUG o.s.b.f.s.DefaultListableBeanFactory - Eagerly caching bean &apos;passwordController&apos; to allow for resolving potential circular references
21:59:44.371 [main] DEBUG o.s.b.f.s.DefaultListableBeanFactory - Returning cached instance of singleton bean &apos;metaDataSourceAdvisor&apos;
21:59:44.371 [main] DEBUG o.s.b.f.s.DefaultListableBeanFactory - Finished creating instance of bean &apos;passwordController&apos;
21:59:44.371 [main] DEBUG o.s.b.f.s.DefaultListableBeanFactory - Creating shared instance of singleton bean &apos;userController&apos;
21:59:44.371 [main] DEBUG o.s.b.f.s.DefaultListableBeanFactory - Creating instance of bean &apos;userController&apos;
21:59:44.371 [main] DEBUG o.s.b.f.s.DefaultListableBeanFactory - Eagerly caching bean &apos;userController&apos; to allow for resolving potential circular references
21:59:44.371 [main] DEBUG o.s.b.f.s.DefaultListableBeanFactory - Returning cached instance of singleton bean &apos;metaDataSourceAdvisor&apos;
21:59:44.371 [main] DEBUG o.s.s.a.p.PrePostAnnotationSecurityMetadataSource - @org.springframework.security.access.prepost.PreAuthorize(value=hasRole(&apos;ROLE_HCP&apos;) or hasRole(&apos;ROLE_ADMIN&apos;)) found on specific method: public java.lang.String edu.ncsu.csc.itrust2.controllers.personnel.UserController.viewDemographics(org.springframework.ui.Model)
21:59:44.371 [main] DEBUG o.s.s.a.m.DelegatingMethodSecurityMetadataSource - Caching method [CacheKey[edu.ncsu.csc.itrust2.controllers.personnel.UserController; public java.lang.String edu.ncsu.csc.itrust2.controllers.personnel.UserController.viewDemographics(org.springframework.ui.Model)]] with attributes [[authorize: &apos;hasRole(&apos;ROLE_HCP&apos;) or hasRole(&apos;ROLE_ADMIN&apos;)&apos;, filter: &apos;null&apos;, filterTarget: &apos;null&apos;]]
21:59:44.371 [main] DEBUG o.s.a.f.a.InfrastructureAdvisorAutoProxyCreator - Creating implicit proxy for bean &apos;userController&apos; with 0 common interceptors and 1 specific interceptors
21:59:44.371 [main] DEBUG o.s.aop.framework.CglibAopProxy - Creating CGLIB proxy: target source is SingletonTargetSource for target object [edu.ncsu.csc.itrust2.controllers.personnel.UserController@78078bbc]
21:59:44.372 [main] DEBUG o.s.aop.framework.CglibAopProxy - Unable to apply any optimisations to advised method: public java.lang.String edu.ncsu.csc.itrust2.controllers.personnel.UserController.viewDemographics(org.springframework.ui.Model)
21:59:44.372 [main] DEBUG o.s.s.a.p.PrePostAnnotationSecurityMetadataSource - @org.springframework.security.access.prepost.PreAuthorize(value=hasRole(&apos;ROLE_HCP&apos;) or hasRole(&apos;ROLE_ADMIN&apos;)) found on specific method: public java.lang.String edu.ncsu.csc.itrust2.controllers.personnel.UserController.demographicsSubmit(edu.ncsu.csc.itrust2.forms.personnel.PersonnelForm,org.springframework.validation.BindingResult,org.springframework.ui.Model)
21:59:44.372 [main] DEBUG o.s.s.a.m.DelegatingMethodSecurityMetadataSource - Caching method [CacheKey[edu.ncsu.csc.itrust2.controllers.personnel.UserController; public java.lang.String edu.ncsu.csc.itrust2.controllers.personnel.UserController.demographicsSubmit(edu.ncsu.csc.itrust2.forms.personnel.PersonnelForm,org.springframework.validation.BindingResult,org.springframework.ui.Model)]] with attributes [[authorize: &apos;hasRole(&apos;ROLE_HCP&apos;) or hasRole(&apos;ROLE_ADMIN&apos;)&apos;, filter: &apos;null&apos;, filterTarget: &apos;null&apos;]]
21:59:44.372 [main] DEBUG o.s.aop.framework.CglibAopProxy - Unable to apply any optimisations to advised method: public java.lang.String edu.ncsu.csc.itrust2.controllers.personnel.UserController.demographicsSubmit(edu.ncsu.csc.itrust2.forms.personnel.PersonnelForm,org.springframework.validation.BindingResult,org.springframework.ui.Model)
21:59:44.372 [main] DEBUG o.s.aop.framework.CglibAopProxy - Found &apos;equals&apos; method: public boolean java.lang.Object.equals(java.lang.Object)
21:59:44.372 [main] DEBUG o.s.aop.framework.CglibAopProxy - Unable to apply any optimisations to advised method: public java.lang.String java.lang.Object.toString()
21:59:44.372 [main] DEBUG o.s.aop.framework.CglibAopProxy - Found &apos;hashCode&apos; method: public native int java.lang.Object.hashCode()
21:59:44.372 [main] DEBUG o.s.aop.framework.CglibAopProxy - Unable to apply any optimisations to advised method: protected native java.lang.Object java.lang.Object.clone() throws java.lang.CloneNotSupportedException
21:59:44.372 [main] DEBUG o.s.aop.framework.CglibAopProxy - Method is declared on Advised interface: public abstract void org.springframework.aop.framework.Advised.setTargetSource(org.springframework.aop.TargetSource)
21:59:44.372 [main] DEBUG o.s.aop.framework.CglibAopProxy - Method is declared on Advised interface: public abstract org.springframework.aop.TargetSource org.springframework.aop.framework.Advised.getTargetSource()
21:59:44.372 [main] DEBUG o.s.aop.framework.CglibAopProxy - Method is declared on Advised interface: public abstract boolean org.springframework.aop.framework.Advised.isProxyTargetClass()
21:59:44.372 [main] DEBUG o.s.aop.framework.CglibAopProxy - Method is declared on Advised interface: public abstract void org.springframework.aop.framework.Advised.addAdvisor(org.springframework.aop.Advisor) throws org.springframework.aop.framework.AopConfigException
21:59:44.372 [main] DEBUG o.s.aop.framework.CglibAopProxy - Method is declared on Advised interface: public abstract void org.springframework.aop.framework.Advised.addAdvisor(int,org.springframework.aop.Advisor) throws org.springframework.aop.framework.AopConfigException
21:59:44.372 [main] DEBUG o.s.aop.framework.CglibAopProxy - Method is declared on Advised interface: public abstract void org.springframework.aop.framework.Advised.setPreFiltered(boolean)
21:59:44.372 [main] DEBUG o.s.aop.framework.CglibAopProxy - Method is declared on Advised interface: public abstract void org.springframework.aop.framework.Advised.setExposeProxy(boolean)
21:59:44.372 [main] DEBUG o.s.aop.framework.CglibAopProxy - Method is declared on Advised interface: public abstract boolean org.springframework.aop.framework.Advised.isExposeProxy()
21:59:44.372 [main] DEBUG o.s.aop.framework.CglibAopProxy - Method is declared on Advised interface: public abstract boolean org.springframework.aop.framework.Advised.isPreFiltered()
21:59:44.372 [main] DEBUG o.s.aop.framework.CglibAopProxy - Method is declared on Advised interface: public abstract java.lang.Class[] org.springframework.aop.framework.Advised.getProxiedInterfaces()
21:59:44.372 [main] DEBUG o.s.aop.framework.CglibAopProxy - Method is declared on Advised interface: public abstract boolean org.springframework.aop.framework.Advised.isInterfaceProxied(java.lang.Class)
21:59:44.372 [main] DEBUG o.s.aop.framework.CglibAopProxy - Method is declared on Advised interface: public abstract org.springframework.aop.Advisor[] org.springframework.aop.framework.Advised.getAdvisors()
21:59:44.372 [main] DEBUG o.s.aop.framework.CglibAopProxy - Method is declared on Advised interface: public abstract void org.springframework.aop.framework.Advised.removeAdvisor(int) throws org.springframework.aop.framework.AopConfigException
21:59:44.372 [main] DEBUG o.s.aop.framework.CglibAopProxy - Method is declared on Advised interface: public abstract boolean org.springframework.aop.framework.Advised.removeAdvisor(org.springframework.aop.Advisor)
21:59:44.372 [main] DEBUG o.s.aop.framework.CglibAopProxy - Method is declared on Advised interface: public abstract boolean org.springframework.aop.framework.Advised.replaceAdvisor(org.springframework.aop.Advisor,org.springframework.aop.Advisor) throws org.springframework.aop.framework.AopConfigException
21:59:44.372 [main] DEBUG o.s.aop.framework.CglibAopProxy - Method is declared on Advised interface: public abstract boolean org.springframework.aop.framework.Advised.removeAdvice(org.aopalliance.aop.Advice)
21:59:44.372 [main] DEBUG o.s.aop.framework.CglibAopProxy - Method is declared on Advised interface: public abstract java.lang.String org.springframework.aop.framework.Advised.toProxyConfigString()
21:59:44.372 [main] DEBUG o.s.aop.framework.CglibAopProxy - Method is declared on Advised interface: public abstract void org.springframework.aop.framework.Advised.addAdvice(int,org.aopalliance.aop.Advice) throws org.springframework.aop.framework.AopConfigException
21:59:44.372 [main] DEBUG o.s.aop.framework.CglibAopProxy - Method is declared on Advised interface: public abstract void org.springframework.aop.framework.Advised.addAdvice(org.aopalliance.aop.Advice) throws org.springframework.aop.framework.AopConfigException
21:59:44.372 [main] DEBUG o.s.aop.framework.CglibAopProxy - Method is declared on Advised interface: public abstract int org.springframework.aop.framework.Advised.indexOf(org.aopalliance.aop.Advice)
21:59:44.372 [main] DEBUG o.s.aop.framework.CglibAopProxy - Method is declared on Advised interface: public abstract int org.springframework.aop.framework.Advised.indexOf(org.springframework.aop.Advisor)
21:59:44.372 [main] DEBUG o.s.aop.framework.CglibAopProxy - Method is declared on Advised interface: public abstract boolean org.springframework.aop.framework.Advised.isFrozen()
21:59:44.372 [main] DEBUG o.s.aop.framework.CglibAopProxy - Method is declared on Advised interface: public abstract java.lang.Class org.springframework.aop.TargetClassAware.getTargetClass()
21:59:44.376 [main] DEBUG o.s.b.f.s.DefaultListableBeanFactory - Finished creating instance of bean &apos;userController&apos;
21:59:44.376 [main] DEBUG o.s.b.f.s.DefaultListableBeanFactory - Returning cached instance of singleton bean &apos;dataSource&apos;
21:59:44.376 [main] DEBUG o.s.b.f.s.DefaultListableBeanFactory - Returning cached instance of singleton bean &apos;org.springframework.security.config.annotation.configuration.ObjectPostProcessorConfiguration&apos;
21:59:44.376 [main] DEBUG o.s.b.f.s.DefaultListableBeanFactory - Returning cached instance of singleton bean &apos;objectPostProcessor&apos;
21:59:44.376 [main] DEBUG o.s.b.f.s.DefaultListableBeanFactory - Returning cached instance of singleton bean &apos;org.springframework.security.config.annotation.authentication.configuration.AuthenticationConfiguration&apos;
21:59:44.376 [main] DEBUG o.s.b.f.s.DefaultListableBeanFactory - Returning cached instance of singleton bean &apos;authenticationManagerBuilder&apos;
21:59:44.376 [main] DEBUG o.s.b.f.s.DefaultListableBeanFactory - Returning cached instance of singleton bean &apos;enableGlobalAuthenticationAutowiredConfigurer&apos;
21:59:44.376 [main] DEBUG o.s.b.f.s.DefaultListableBeanFactory - Returning cached instance of singleton bean &apos;initializeUserDetailsBeanManagerConfigurer&apos;
21:59:44.376 [main] DEBUG o.s.b.f.s.DefaultListableBeanFactory - Returning cached instance of singleton bean &apos;initializeAuthenticationProviderBeanManagerConfigurer&apos;
21:59:44.376 [main] DEBUG o.s.b.f.s.DefaultListableBeanFactory - Creating shared instance of singleton bean &apos;org.springframework.security.config.annotation.web.configuration.WebSecurityConfiguration&apos;
21:59:44.376 [main] DEBUG o.s.b.f.s.DefaultListableBeanFactory - Creating instance of bean &apos;org.springframework.security.config.annotation.web.configuration.WebSecurityConfiguration&apos;
21:59:44.377 [main] DEBUG o.s.b.f.annotation.InjectionMetadata - Registered injected element on class [org.springframework.security.config.annotation.web.configuration.WebSecurityConfiguration$$EnhancerBySpringCGLIB$$150881e6]: AutowiredFieldElement for private org.springframework.security.config.annotation.ObjectPostProcessor org.springframework.security.config.annotation.web.configuration.WebSecurityConfiguration.objectObjectPostProcessor
21:59:44.377 [main] DEBUG o.s.b.f.annotation.InjectionMetadata - Registered injected element on class [org.springframework.security.config.annotation.web.configuration.WebSecurityConfiguration$$EnhancerBySpringCGLIB$$150881e6]: AutowiredMethodElement for public void org.springframework.security.config.annotation.web.configuration.WebSecurityConfiguration.setFilterChainProxySecurityConfigurer(org.springframework.security.config.annotation.ObjectPostProcessor,java.util.List) throws java.lang.Exception
21:59:44.377 [main] DEBUG o.s.b.f.s.DefaultListableBeanFactory - Eagerly caching bean &apos;org.springframework.security.config.annotation.web.configuration.WebSecurityConfiguration&apos; to allow for resolving potential circular references
21:59:44.377 [main] DEBUG o.s.b.f.annotation.InjectionMetadata - Processing injected element of bean &apos;org.springframework.security.config.annotation.web.configuration.WebSecurityConfiguration&apos;: AutowiredFieldElement for private org.springframework.security.config.annotation.ObjectPostProcessor org.springframework.security.config.annotation.web.configuration.WebSecurityConfiguration.objectObjectPostProcessor
21:59:44.377 [main] DEBUG o.s.b.f.s.DefaultListableBeanFactory - Returning cached instance of singleton bean &apos;objectPostProcessor&apos;
21:59:44.377 [main] DEBUG o.s.b.f.a.AutowiredAnnotationBeanPostProcessor - Autowiring by type from bean name &apos;org.springframework.security.config.annotation.web.configuration.WebSecurityConfiguration&apos; to bean named &apos;objectPostProcessor&apos;
21:59:44.378 [main] DEBUG o.s.b.f.annotation.InjectionMetadata - Processing injected element of bean &apos;org.springframework.security.config.annotation.web.configuration.WebSecurityConfiguration&apos;: AutowiredMethodElement for public void org.springframework.security.config.annotation.web.configuration.WebSecurityConfiguration.setFilterChainProxySecurityConfigurer(org.springframework.security.config.annotation.ObjectPostProcessor,java.util.List) throws java.lang.Exception
21:59:44.378 [main] DEBUG o.s.b.f.s.DefaultListableBeanFactory - Returning cached instance of singleton bean &apos;objectPostProcessor&apos;
21:59:44.378 [main] DEBUG o.s.b.f.s.DefaultListableBeanFactory - Creating shared instance of singleton bean &apos;autowiredWebSecurityConfigurersIgnoreParents&apos;
21:59:44.378 [main] DEBUG o.s.b.f.s.DefaultListableBeanFactory - Creating instance of bean &apos;autowiredWebSecurityConfigurersIgnoreParents&apos;
21:59:44.378 [main] DEBUG o.s.b.f.s.DefaultListableBeanFactory - Returning cached instance of singleton bean &apos;metaDataSourceAdvisor&apos;
21:59:44.379 [main] DEBUG o.s.b.f.s.DefaultListableBeanFactory - Returning eagerly cached instance of singleton bean &apos;org.springframework.security.config.annotation.web.configuration.WebSecurityConfiguration&apos; that is not fully initialized yet - a consequence of a circular reference
21:59:44.379 [main] DEBUG o.s.b.f.s.DefaultListableBeanFactory - Autowiring by type from bean name &apos;autowiredWebSecurityConfigurersIgnoreParents&apos; via factory method to bean named &apos;org.springframework.beans.factory.support.DefaultListableBeanFactory@38f0b2e6&apos;
21:59:44.379 [main] DEBUG o.s.b.f.s.DefaultListableBeanFactory - Eagerly caching bean &apos;autowiredWebSecurityConfigurersIgnoreParents&apos; to allow for resolving potential circular references
21:59:44.380 [main] DEBUG o.s.b.f.s.DefaultListableBeanFactory - Returning cached instance of singleton bean &apos;metaDataSourceAdvisor&apos;
21:59:44.380 [main] DEBUG o.s.b.f.s.DefaultListableBeanFactory - Finished creating instance of bean &apos;autowiredWebSecurityConfigurersIgnoreParents&apos;
21:59:44.380 [main] DEBUG o.s.b.f.s.DefaultListableBeanFactory - Returning cached instance of singleton bean &apos;securityConfig&apos;
21:59:44.380 [main] DEBUG o.s.b.f.a.AutowiredAnnotationBeanPostProcessor - Autowiring by type from bean name &apos;org.springframework.security.config.annotation.web.configuration.WebSecurityConfiguration&apos; to bean named &apos;objectPostProcessor&apos;
21:59:44.380 [main] DEBUG o.s.b.f.s.DefaultListableBeanFactory - Returning cached instance of singleton bean &apos;metaDataSourceAdvisor&apos;
21:59:44.383 [main] DEBUG o.s.b.f.s.DefaultListableBeanFactory - Returning cached instance of singleton bean &apos;org.springframework.context.annotation.ConfigurationClassPostProcessor.importRegistry&apos;
21:59:44.383 [main] DEBUG o.s.b.f.s.DefaultListableBeanFactory - Finished creating instance of bean &apos;org.springframework.security.config.annotation.web.configuration.WebSecurityConfiguration&apos;
21:59:44.383 [main] DEBUG o.s.b.f.s.DefaultListableBeanFactory - Creating shared instance of singleton bean &apos;delegatingApplicationListener&apos;
21:59:44.383 [main] DEBUG o.s.b.f.s.DefaultListableBeanFactory - Creating instance of bean &apos;delegatingApplicationListener&apos;
21:59:44.383 [main] DEBUG o.s.b.f.s.DefaultListableBeanFactory - Eagerly caching bean &apos;delegatingApplicationListener&apos; to allow for resolving potential circular references
21:59:44.384 [main] DEBUG o.s.b.f.s.DefaultListableBeanFactory - Returning cached instance of singleton bean &apos;metaDataSourceAdvisor&apos;
21:59:44.384 [main] DEBUG o.s.b.f.s.DefaultListableBeanFactory - Finished creating instance of bean &apos;delegatingApplicationListener&apos;
21:59:44.384 [main] DEBUG o.s.b.f.s.DefaultListableBeanFactory - Creating shared instance of singleton bean &apos;springSecurityFilterChain&apos;
21:59:44.384 [main] DEBUG o.s.b.f.s.DefaultListableBeanFactory - Creating instance of bean &apos;springSecurityFilterChain&apos;
21:59:44.384 [main] DEBUG o.s.b.f.s.DefaultListableBeanFactory - Returning cached instance of singleton bean &apos;org.springframework.security.config.annotation.web.configuration.WebSecurityConfiguration&apos;
21:59:44.384 [main] DEBUG o.s.b.f.s.DefaultListableBeanFactory - Returning cached instance of singleton bean &apos;metaDataSourceAdvisor&apos;
21:59:44.384 [main] DEBUG o.s.b.f.s.DefaultListableBeanFactory - Returning cached instance of singleton bean &apos;webMvcConfiguration&apos;
21:59:44.384 [main] DEBUG o.s.b.f.s.DefaultListableBeanFactory - Returning cached instance of singleton bean &apos;securityConfig&apos;
21:59:44.384 [main] DEBUG o.s.s.c.a.a.c.AuthenticationConfiguration$EnableGlobalAuthenticationAutowiredConfigurer - Eagerly initializing {webMvcConfiguration=edu.ncsu.csc.itrust2.mvc.config.WebMvcConfiguration$$EnhancerBySpringCGLIB$$de7b09d5@77afdfa9, securityConfig=edu.ncsu.csc.itrust2.config.SecurityConfig$$EnhancerBySpringCGLIB$$f88fd361@604e514b}
21:59:44.385 [main] DEBUG o.s.b.f.s.DefaultListableBeanFactory - Invoking afterPropertiesSet() on bean with name &apos;org.springframework.security.authentication.dao.DaoAuthenticationProvider@21b6e739&apos;
21:59:44.385 [main] DEBUG o.s.b.f.s.DefaultListableBeanFactory - Returning cached instance of singleton bean &apos;metaDataSourceAdvisor&apos;
21:59:44.386 [main] DEBUG o.s.b.f.s.DefaultListableBeanFactory - Invoking afterPropertiesSet() on bean with name &apos;org.springframework.security.authentication.ProviderManager@162cbd73&apos;
21:59:44.386 [main] DEBUG o.s.b.f.s.DefaultListableBeanFactory - Returning cached instance of singleton bean &apos;metaDataSourceAdvisor&apos;
21:59:44.387 [main] DEBUG o.s.b.f.s.DefaultListableBeanFactory - Returning cached instance of singleton bean &apos;authenticationManagerBuilder&apos;
21:59:44.388 [main] DEBUG o.s.w.c.s.StandardServletEnvironment - Adding [servletConfigInitParams] PropertySource with lowest search precedence
21:59:44.388 [main] DEBUG o.s.w.c.s.StandardServletEnvironment - Adding [servletContextInitParams] PropertySource with lowest search precedence
21:59:44.388 [main] DEBUG o.s.w.c.s.StandardServletEnvironment - Adding [systemProperties] PropertySource with lowest search precedence
21:59:44.388 [main] DEBUG o.s.w.c.s.StandardServletEnvironment - Adding [systemEnvironment] PropertySource with lowest search precedence
21:59:44.388 [main] DEBUG o.s.w.c.s.StandardServletEnvironment - Initialized StandardServletEnvironment with PropertySources [servletConfigInitParams,servletContextInitParams,systemProperties,systemEnvironment]
21:59:44.388 [main] DEBUG o.s.w.c.s.StandardServletEnvironment - Adding [servletConfigInitParams] PropertySource with lowest search precedence
21:59:44.388 [main] DEBUG o.s.w.c.s.StandardServletEnvironment - Adding [servletContextInitParams] PropertySource with lowest search precedence
21:59:44.388 [main] DEBUG o.s.w.c.s.StandardServletEnvironment - Adding [systemProperties] PropertySource with lowest search precedence
21:59:44.388 [main] DEBUG o.s.w.c.s.StandardServletEnvironment - Adding [systemEnvironment] PropertySource with lowest search precedence
21:59:44.388 [main] DEBUG o.s.w.c.s.StandardServletEnvironment - Initialized StandardServletEnvironment with PropertySources [servletConfigInitParams,servletContextInitParams,systemProperties,systemEnvironment]
21:59:44.388 [main] DEBUG o.s.w.c.s.StandardServletEnvironment - Adding [servletConfigInitParams] PropertySource with lowest search precedence
21:59:44.388 [main] DEBUG o.s.w.c.s.StandardServletEnvironment - Adding [servletContextInitParams] PropertySource with lowest search precedence
21:59:44.388 [main] DEBUG o.s.w.c.s.StandardServletEnvironment - Adding [systemProperties] PropertySource with lowest search precedence
21:59:44.388 [main] DEBUG o.s.w.c.s.StandardServletEnvironment - Adding [systemEnvironment] PropertySource with lowest search precedence
21:59:44.388 [main] DEBUG o.s.w.c.s.StandardServletEnvironment - Initialized StandardServletEnvironment with PropertySources [servletConfigInitParams,servletContextInitParams,systemProperties,systemEnvironment]
21:59:44.389 [main] DEBUG o.s.b.f.s.DefaultListableBeanFactory - Creating shared instance of singleton bean &apos;ipBlockFilter&apos;
21:59:44.389 [main] DEBUG o.s.b.f.s.DefaultListableBeanFactory - Creating instance of bean &apos;ipBlockFilter&apos;
21:59:44.389 [main] DEBUG o.s.b.f.s.DefaultListableBeanFactory - Returning cached instance of singleton bean &apos;securityConfig&apos;
21:59:44.389 [main] DEBUG o.s.w.c.s.StandardServletEnvironment - Adding [servletConfigInitParams] PropertySource with lowest search precedence
21:59:44.389 [main] DEBUG o.s.w.c.s.StandardServletEnvironment - Adding [servletContextInitParams] PropertySource with lowest search precedence
21:59:44.389 [main] DEBUG o.s.w.c.s.StandardServletEnvironment - Adding [systemProperties] PropertySource with lowest search precedence
21:59:44.389 [main] DEBUG o.s.w.c.s.StandardServletEnvironment - Adding [systemEnvironment] PropertySource with lowest search precedence
21:59:44.389 [main] DEBUG o.s.w.c.s.StandardServletEnvironment - Initialized StandardServletEnvironment with PropertySources [servletConfigInitParams,servletContextInitParams,systemProperties,systemEnvironment]
21:59:44.389 [main] DEBUG o.s.b.f.s.DefaultListableBeanFactory - Eagerly caching bean &apos;ipBlockFilter&apos; to allow for resolving potential circular references
21:59:44.391 [main] DEBUG o.s.b.f.s.DefaultListableBeanFactory - Invoking afterPropertiesSet() on bean with name &apos;ipBlockFilter&apos;
21:59:44.391 [main] DEBUG o.s.b.f.s.DefaultListableBeanFactory - Returning cached instance of singleton bean &apos;metaDataSourceAdvisor&apos;
21:59:44.391 [main] DEBUG o.s.b.f.s.DefaultListableBeanFactory - Finished creating instance of bean &apos;ipBlockFilter&apos;
21:59:44.391 [main] DEBUG o.s.w.c.s.StandardServletEnvironment - Adding [servletConfigInitParams] PropertySource with lowest search precedence
21:59:44.391 [main] DEBUG o.s.w.c.s.StandardServletEnvironment - Adding [servletContextInitParams] PropertySource with lowest search precedence
21:59:44.391 [main] DEBUG o.s.w.c.s.StandardServletEnvironment - Adding [systemProperties] PropertySource with lowest search precedence
21:59:44.391 [main] DEBUG o.s.w.c.s.StandardServletEnvironment - Adding [systemEnvironment] PropertySource with lowest search precedence
21:59:44.391 [main] DEBUG o.s.w.c.s.StandardServletEnvironment - Initialized StandardServletEnvironment with PropertySources [servletConfigInitParams,servletContextInitParams,systemProperties,systemEnvironment]
21:59:44.392 [main] DEBUG o.s.b.f.s.DefaultListableBeanFactory - Retrieved dependent beans for bean &apos;springSecurityFilterChain&apos;: [webSecurityExpressionHandler]
21:59:44.392 [main] WARN  o.s.w.c.s.GenericWebApplicationContext - Exception encountered during context initialization - cancelling refresh attempt: org.springframework.beans.factory.BeanCreationException: Error creating bean with name &apos;springSecurityFilterChain&apos; defined in class path resource [org/springframework/security/config/annotation/web/configuration/WebSecurityConfiguration.class]: Bean instantiation via factory method failed; nested exception is org.springframework.beans.BeanInstantiationException: Failed to instantiate [javax.servlet.Filter]: Factory method &apos;springSecurityFilterChain&apos; threw exception; nested exception is java.lang.IllegalArgumentException: &apos;Savings Account?error&apos; is not a valid redirect URL
21:59:44.392 [main] DEBUG o.s.b.f.s.DefaultListableBeanFactory - Destroying singletons in org.springframework.beans.factory.support.DefaultListableBeanFactory@38f0b2e6: defining beans [org.springframework.context.annotation.internalConfigurationAnnotationProcessor,org.springframework.context.annotation.internalAutowiredAnnotationProcessor,org.springframework.context.annotation.internalRequiredAnnotationProcessor,org.springframework.context.annotation.internalCommonAnnotationProcessor,org.springframework.context.annotation.internalPersistenceAnnotationProcessor,org.springframework.context.event.internalEventListenerProcessor,org.springframework.context.event.internalEventListenerFactory,rootConfiguration,webMvcConfiguration,dataConfiguration,loginAuditingListener,securityConfig,defaultController,adminController,adminUserController,hospitalController,ICDCodesController,APIAppointmentRequestController,APIDiagnosisController,APIDrugController,APIEnumController,APIHospitalController,APIICDCodeController,APILogEntryController,APIOfficeVisitController,APIPasswordController,APIPatientController,APIPersonnelController,APIPrescriptionController,APIUserController,appointmentControllerHCP,HCPController,officeVisitController,appointmentController,diagnosesController,patientController,passwordController,userController,dataSource,org.springframework.security.config.annotation.configuration.ObjectPostProcessorConfiguration,objectPostProcessor,org.springframework.security.config.annotation.authentication.configuration.AuthenticationConfiguration,authenticationManagerBuilder,enableGlobalAuthenticationAutowiredConfigurer,initializeUserDetailsBeanManagerConfigurer,initializeAuthenticationProviderBeanManagerConfigurer,org.springframework.security.config.annotation.web.configuration.WebSecurityConfiguration,delegatingApplicationListener,webSecurityExpressionHandler,springSecurityFilterChain,privilegeEvaluator,autowiredWebSecurityConfigurersIgnoreParents,org.springframework.security.config.annotation.web.configuration.WebMvcSecurityConfiguration,requestDataValueProcessor,passwordEncoder,defaultAuthenticationEventPublisher,failureHandler,ipBlockFilter,org.springframework.web.servlet.config.annotation.DelegatingWebMvcConfiguration,mvcConversionService,requestMappingHandlerMapping,mvcPathMatcher,mvcUrlPathHelper,mvcContentNegotiationManager,viewControllerHandlerMapping,beanNameHandlerMapping,resourceHandlerMapping,mvcResourceUrlProvider,defaultServletHandlerMapping,requestMappingHandlerAdapter,mvcValidator,mvcUriComponentsContributor,httpRequestHandlerAdapter,simpleControllerHandlerAdapter,handlerExceptionResolver,mvcViewResolver,org.springframework.security.config.annotation.method.configuration.GlobalMethodSecurityConfiguration,methodSecurityInterceptor,methodSecurityMetadataSource,preInvocationAuthorizationAdvice,viewResolver,templateEngine,domainClassConverter,metaDataSourceAdvisor,org.springframework.aop.config.internalAutoProxyCreator]; root of factory hierarchy
21:59:44.392 [main] DEBUG o.s.b.f.s.DisposableBeanAdapter - Invoking destroy() on bean with name &apos;ipBlockFilter&apos;
21:59:44.392 [main] DEBUG o.s.b.f.s.DefaultListableBeanFactory - Retrieved dependent beans for bean &apos;objectPostProcessor&apos;: [org.springframework.security.config.annotation.method.configuration.GlobalMethodSecurityConfiguration, securityConfig, org.springframework.security.config.annotation.authentication.configuration.AuthenticationConfiguration, authenticationManagerBuilder, org.springframework.security.config.annotation.web.configuration.WebSecurityConfiguration]
21:59:44.392 [main] DEBUG o.s.b.f.s.DisposableBeanAdapter - Invoking destroy() on bean with name &apos;objectPostProcessor&apos;
21:59:44.393 [main] ERROR o.s.test.context.TestContextManager - Caught exception while allowing TestExecutionListener [org.springframework.test.context.web.ServletTestExecutionListener@1db250ea] to prepare test instance [edu.ncsu.csc.itrust2.apitest.APIHospitalTest@1ea389ed]
java.lang.IllegalStateException: Failed to load ApplicationContext
	at org.springframework.test.context.cache.DefaultCacheAwareContextLoaderDelegate.loadContext(DefaultCacheAwareContextLoaderDelegate.java:124) ~[spring-test-4.3.5.RELEASE.jar:4.3.5.RELEASE]
	at org.springframework.test.context.support.DefaultTestContext.getApplicationContext(DefaultTestContext.java:83) ~[spring-test-4.3.5.RELEASE.jar:4.3.5.RELEASE]
	at org.springframework.test.context.web.ServletTestExecutionListener.setUpRequestContextIfNecessary(ServletTestExecutionListener.java:189) ~[spring-test-4.3.5.RELEASE.jar:4.3.5.RELEASE]
	at org.springframework.test.context.web.ServletTestExecutionListener.prepareTestInstance(ServletTestExecutionListener.java:131) ~[spring-test-4.3.5.RELEASE.jar:4.3.5.RELEASE]
	at org.springframework.test.context.TestContextManager.prepareTestInstance(TestContextManager.java:230) ~[spring-test-4.3.5.RELEASE.jar:4.3.5.RELEASE]
	at org.springframework.test.context.junit4.SpringJUnit4ClassRunner.createTest(SpringJUnit4ClassRunner.java:228) [spring-test-4.3.5.RELEASE.jar:4.3.5.RELEASE]
	at org.springframework.test.context.junit4.SpringJUnit4ClassRunner$1.runReflectiveCall(SpringJUnit4ClassRunner.java:287) [spring-test-4.3.5.RELEASE.jar:4.3.5.RELEASE]
	at org.junit.internal.runners.model.ReflectiveCallable.run(ReflectiveCallable.java:12) [junit-4.12.jar:4.12]
	at org.springframework.test.context.junit4.SpringJUnit4ClassRunner.methodBlock(SpringJUnit4ClassRunner.java:289) [spring-test-4.3.5.RELEASE.jar:4.3.5.RELEASE]
	at org.springframework.test.context.junit4.SpringJUnit4ClassRunner.runChild(SpringJUnit4ClassRunner.java:247) [spring-test-4.3.5.RELEASE.jar:4.3.5.RELEASE]
	at org.springframework.test.context.junit4.SpringJUnit4ClassRunner.runChild(SpringJUnit4ClassRunner.java:94) [spring-test-4.3.5.RELEASE.jar:4.3.5.RELEASE]
	at org.junit.runners.ParentRunner$3.run(ParentRunner.java:290) [junit-4.12.jar:4.12]
	at org.junit.runners.ParentRunner$1.schedule(ParentRunner.java:71) [junit-4.12.jar:4.12]
	at org.junit.runners.ParentRunner.runChildren(ParentRunner.java:288) [junit-4.12.jar:4.12]
	at org.junit.runners.ParentRunner.access$000(ParentRunner.java:58) [junit-4.12.jar:4.12]
	at org.junit.runners.ParentRunner$2.evaluate(ParentRunner.java:268) [junit-4.12.jar:4.12]
	at org.springframework.test.context.junit4.statements.RunBeforeTestClassCallbacks.evaluate(RunBeforeTestClassCallbacks.java:61) [spring-test-4.3.5.RELEASE.jar:4.3.5.RELEASE]
	at org.springframework.test.context.junit4.statements.RunAfterTestClassCallbacks.evaluate(RunAfterTestClassCallbacks.java:70) [spring-test-4.3.5.RELEASE.jar:4.3.5.RELEASE]
	at org.junit.runners.ParentRunner.run(ParentRunner.java:363) [junit-4.12.jar:4.12]
	at org.springframework.test.context.junit4.SpringJUnit4ClassRunner.run(SpringJUnit4ClassRunner.java:191) [spring-test-4.3.5.RELEASE.jar:4.3.5.RELEASE]
	at org.apache.maven.surefire.junit4.JUnit4Provider.execute(JUnit4Provider.java:365) [surefire-junit4-2.20.jar:2.20]
	at org.apache.maven.surefire.junit4.JUnit4Provider.executeWithRerun(JUnit4Provider.java:272) [surefire-junit4-2.20.jar:2.20]
	at org.apache.maven.surefire.junit4.JUnit4Provider.executeTestSet(JUnit4Provider.java:236) [surefire-junit4-2.20.jar:2.20]
	at org.apache.maven.surefire.junit4.JUnit4Provider.invoke(JUnit4Provider.java:159) [surefire-junit4-2.20.jar:2.20]
	at org.apache.maven.surefire.booter.ForkedBooter.invokeProviderInSameClassLoader(ForkedBooter.java:386) [surefire-booter-2.20.jar:2.20]
	at org.apache.maven.surefire.booter.ForkedBooter.runSuitesInProcess(ForkedBooter.java:323) [surefire-booter-2.20.jar:2.20]
	at org.apache.maven.surefire.booter.ForkedBooter.main(ForkedBooter.java:143) [surefire-booter-2.20.jar:2.20]
Caused by: org.springframework.beans.factory.BeanCreationException: Error creating bean with name &apos;springSecurityFilterChain&apos; defined in class path resource [org/springframework/security/config/annotation/web/configuration/WebSecurityConfiguration.class]: Bean instantiation via factory method failed; nested exception is org.springframework.beans.BeanInstantiationException: Failed to instantiate [javax.servlet.Filter]: Factory method &apos;springSecurityFilterChain&apos; threw exception; nested exception is java.lang.IllegalArgumentException: &apos;Savings Account?error&apos; is not a valid redirect URL
	at org.springframework.beans.factory.support.ConstructorResolver.instantiateUsingFactoryMethod(ConstructorResolver.java:599) ~[spring-beans-4.3.5.RELEASE.jar:4.3.5.RELEASE]
	at org.springframework.beans.factory.support.AbstractAutowireCapableBeanFactory.instantiateUsingFactoryMethod(AbstractAutowireCapableBeanFactory.java:1134) ~[spring-beans-4.3.5.RELEASE.jar:4.3.5.RELEASE]
	at org.springframework.beans.factory.support.AbstractAutowireCapableBeanFactory.createBeanInstance(AbstractAutowireCapableBeanFactory.java:1028) ~[spring-beans-4.3.5.RELEASE.jar:4.3.5.RELEASE]
	at org.springframework.beans.factory.support.AbstractAutowireCapableBeanFactory.doCreateBean(AbstractAutowireCapableBeanFactory.java:513) ~[spring-beans-4.3.5.RELEASE.jar:4.3.5.RELEASE]
	at org.springframework.beans.factory.support.AbstractAutowireCapableBeanFactory.createBean(AbstractAutowireCapableBeanFactory.java:483) ~[spring-beans-4.3.5.RELEASE.jar:4.3.5.RELEASE]
	at org.springframework.beans.factory.support.AbstractBeanFactory$1.getObject(AbstractBeanFactory.java:306) ~[spring-beans-4.3.5.RELEASE.jar:4.3.5.RELEASE]
	at org.springframework.beans.factory.support.DefaultSingletonBeanRegistry.getSingleton(DefaultSingletonBeanRegistry.java:230) ~[spring-beans-4.3.5.RELEASE.jar:4.3.5.RELEASE]
	at org.springframework.beans.factory.support.AbstractBeanFactory.doGetBean(AbstractBeanFactory.java:302) ~[spring-beans-4.3.5.RELEASE.jar:4.3.5.RELEASE]
	at org.springframework.beans.factory.support.AbstractBeanFactory.getBean(AbstractBeanFactory.java:197) ~[spring-beans-4.3.5.RELEASE.jar:4.3.5.RELEASE]
	at org.springframework.beans.factory.support.AbstractBeanFactory.doGetBean(AbstractBeanFactory.java:296) ~[spring-beans-4.3.5.RELEASE.jar:4.3.5.RELEASE]
	at org.springframework.beans.factory.support.AbstractBeanFactory.getBean(AbstractBeanFactory.java:197) ~[spring-beans-4.3.5.RELEASE.jar:4.3.5.RELEASE]
	at org.springframework.beans.factory.support.DefaultListableBeanFactory.preInstantiateSingletons(DefaultListableBeanFactory.java:759) ~[spring-beans-4.3.5.RELEASE.jar:4.3.5.RELEASE]
	at org.springframework.context.support.AbstractApplicationContext.finishBeanFactoryInitialization(AbstractApplicationContext.java:866) ~[spring-context-4.3.5.RELEASE.jar:4.3.5.RELEASE]
	at org.springframework.context.support.AbstractApplicationContext.refresh(AbstractApplicationContext.java:542) ~[spring-context-4.3.5.RELEASE.jar:4.3.5.RELEASE]
	at org.springframework.test.context.web.AbstractGenericWebContextLoader.loadContext(AbstractGenericWebContextLoader.java:134) ~[spring-test-4.3.5.RELEASE.jar:4.3.5.RELEASE]
	at org.springframework.test.context.web.AbstractGenericWebContextLoader.loadContext(AbstractGenericWebContextLoader.java:61) ~[spring-test-4.3.5.RELEASE.jar:4.3.5.RELEASE]
	at org.springframework.test.context.support.AbstractDelegatingSmartContextLoader.delegateLoading(AbstractDelegatingSmartContextLoader.java:108) ~[spring-test-4.3.5.RELEASE.jar:4.3.5.RELEASE]
	at org.springframework.test.context.support.AbstractDelegatingSmartContextLoader.loadContext(AbstractDelegatingSmartContextLoader.java:251) ~[spring-test-4.3.5.RELEASE.jar:4.3.5.RELEASE]
	at org.springframework.test.context.cache.DefaultCacheAwareContextLoaderDelegate.loadContextInternal(DefaultCacheAwareContextLoaderDelegate.java:98) ~[spring-test-4.3.5.RELEASE.jar:4.3.5.RELEASE]
	at org.springframework.test.context.cache.DefaultCacheAwareContextLoaderDelegate.loadContext(DefaultCacheAwareContextLoaderDelegate.java:116) ~[spring-test-4.3.5.RELEASE.jar:4.3.5.RELEASE]
	... 26 common frames omitted
Caused by: org.springframework.beans.BeanInstantiationException: Failed to instantiate [javax.servlet.Filter]: Factory method &apos;springSecurityFilterChain&apos; threw exception; nested exception is java.lang.IllegalArgumentException: &apos;Savings Account?error&apos; is not a valid redirect URL
	at org.springframework.beans.factory.support.SimpleInstantiationStrategy.instantiate(SimpleInstantiationStrategy.java:189) ~[spring-beans-4.3.5.RELEASE.jar:4.3.5.RELEASE]
	at org.springframework.beans.factory.support.ConstructorResolver.instantiateUsingFactoryMethod(ConstructorResolver.java:588) ~[spring-beans-4.3.5.RELEASE.jar:4.3.5.RELEASE]
	... 45 common frames omitted
Caused by: java.lang.IllegalArgumentException: &apos;Savings Account?error&apos; is not a valid redirect URL
	at org.springframework.util.Assert.isTrue(Assert.java:68) ~[spring-core-4.3.5.RELEASE.jar:4.3.5.RELEASE]
	at org.springframework.security.web.authentication.SimpleUrlAuthenticationFailureHandler.setDefaultFailureUrl(SimpleUrlAuthenticationFailureHandler.java:125) ~[spring-security-web-4.2.2.RELEASE.jar:4.2.2.RELEASE]
	at org.springframework.security.web.authentication.SimpleUrlAuthenticationFailureHandler.&lt;init&gt;(SimpleUrlAuthenticationFailureHandler.java:60) ~[spring-security-web-4.2.2.RELEASE.jar:4.2.2.RELEASE]
	at org.springframework.security.config.annotation.web.configurers.AbstractAuthenticationFilterConfigurer.failureUrl(AbstractAuthenticationFilterConfigurer.java:206) ~[spring-security-config-4.2.2.RELEASE.jar:4.2.2.RELEASE]
	at org.springframework.security.config.annotation.web.configurers.AbstractAuthenticationFilterConfigurer.updateAuthenticationDefaults(AbstractAuthenticationFilterConfigurer.java:368) ~[spring-security-config-4.2.2.RELEASE.jar:4.2.2.RELEASE]
	at org.springframework.security.config.annotation.web.configurers.AbstractAuthenticationFilterConfigurer.loginPage(AbstractAuthenticationFilterConfigurer.java:308) ~[spring-security-config-4.2.2.RELEASE.jar:4.2.2.RELEASE]
	at org.springframework.security.config.annotation.web.configurers.FormLoginConfigurer.loginPage(FormLoginConfigurer.java:183) ~[spring-security-config-4.2.2.RELEASE.jar:4.2.2.RELEASE]
	at edu.ncsu.csc.itrust2.config.SecurityConfig.configure(SecurityConfig.java:89) ~[classes/:na]
	at org.springframework.security.config.annotation.web.configuration.WebSecurityConfigurerAdapter.getHttp(WebSecurityConfigurerAdapter.java:224) ~[spring-security-config-4.2.2.RELEASE.jar:4.2.2.RELEASE]
	at org.springframework.security.config.annotation.web.configuration.WebSecurityConfigurerAdapter.init(WebSecurityConfigurerAdapter.java:315) ~[spring-security-config-4.2.2.RELEASE.jar:4.2.2.RELEASE]
	at org.springframework.security.config.annotation.web.configuration.WebSecurityConfigurerAdapter.init(WebSecurityConfigurerAdapter.java:86) ~[spring-security-config-4.2.2.RELEASE.jar:4.2.2.RELEASE]
	at edu.ncsu.csc.itrust2.config.SecurityConfig$$EnhancerBySpringCGLIB$$f88fd361.init(&lt;generated&gt;) ~[classes/:na]
	at org.springframework.security.config.annotation.AbstractConfiguredSecurityBuilder.init(AbstractConfiguredSecurityBuilder.java:371) ~[spring-security-config-4.2.2.RELEASE.jar:4.2.2.RELEASE]
	at org.springframework.security.config.annotation.AbstractConfiguredSecurityBuilder.doBuild(AbstractConfiguredSecurityBuilder.java:325) ~[spring-security-config-4.2.2.RELEASE.jar:4.2.2.RELEASE]
	at org.springframework.security.config.annotation.AbstractSecurityBuilder.build(AbstractSecurityBuilder.java:41) ~[spring-security-config-4.2.2.RELEASE.jar:4.2.2.RELEASE]
	at org.springframework.security.config.annotation.web.configuration.WebSecurityConfiguration.springSecurityFilterChain(WebSecurityConfiguration.java:104) ~[spring-security-config-4.2.2.RELEASE.jar:4.2.2.RELEASE]
	at org.springframework.security.config.annotation.web.configuration.WebSecurityConfiguration$$EnhancerBySpringCGLIB$$150881e6.CGLIB$springSecurityFilterChain$4(&lt;generated&gt;) ~[spring-security-config-4.2.2.RELEASE.jar:4.2.2.RELEASE]
	at org.springframework.security.config.annotation.web.configuration.WebSecurityConfiguration$$EnhancerBySpringCGLIB$$150881e6$$FastClassBySpringCGLIB$$f9839e81.invoke(&lt;generated&gt;) ~[spring-security-config-4.2.2.RELEASE.jar:4.2.2.RELEASE]
	at org.springframework.cglib.proxy.MethodProxy.invokeSuper(MethodProxy.java:228) ~[spring-core-4.3.5.RELEASE.jar:4.3.5.RELEASE]
	at org.springframework.context.annotation.ConfigurationClassEnhancer$BeanMethodInterceptor.intercept(ConfigurationClassEnhancer.java:356) ~[spring-context-4.3.5.RELEASE.jar:4.3.5.RELEASE]
	at org.springframework.security.config.annotation.web.configuration.WebSecurityConfiguration$$EnhancerBySpringCGLIB$$150881e6.springSecurityFilterChain(&lt;generated&gt;) ~[spring-security-config-4.2.2.RELEASE.jar:4.2.2.RELEASE]
	at sun.reflect.GeneratedMethodAccessor103.invoke(Unknown Source) ~[na:na]
	at sun.reflect.DelegatingMethodAccessorImpl.invoke(DelegatingMethodAccessorImpl.java:43) ~[na:1.8.0_151]
	at java.lang.reflect.Method.invoke(Method.java:498) ~[na:1.8.0_151]
	at org.springframework.beans.factory.support.SimpleInstantiationStrategy.instantiate(SimpleInstantiationStrategy.java:162) ~[spring-beans-4.3.5.RELEASE.jar:4.3.5.RELEASE]
	... 46 common frames omitted
</stdout>
          <failedSince>69</failedSince>
        </case>
        <case>
          <duration>0.0</duration>
          <className>edu.ncsu.csc.itrust2.apitest.APIHospitalTest</className>
          <testName>testHospitalAPI</testName>
          <skipped>false</skipped>
          <errorStackTrace>java.lang.IllegalStateException: Failed to load ApplicationContext
Caused by: org.springframework.beans.factory.BeanCreationException: Error creating bean with name &apos;springSecurityFilterChain&apos; defined in class path resource [org/springframework/security/config/annotation/web/configuration/WebSecurityConfiguration.class]: Bean instantiation via factory method failed; nested exception is org.springframework.beans.BeanInstantiationException: Failed to instantiate [javax.servlet.Filter]: Factory method &apos;springSecurityFilterChain&apos; threw exception; nested exception is java.lang.IllegalArgumentException: &apos;Savings Account?error&apos; is not a valid redirect URL
Caused by: org.springframework.beans.BeanInstantiationException: Failed to instantiate [javax.servlet.Filter]: Factory method &apos;springSecurityFilterChain&apos; threw exception; nested exception is java.lang.IllegalArgumentException: &apos;Savings Account?error&apos; is not a valid redirect URL
Caused by: java.lang.IllegalArgumentException: &apos;Savings Account?error&apos; is not a valid redirect URL
</errorStackTrace>
          <errorDetails>Failed to load ApplicationContext</errorDetails>
          <stdout>21:59:44.394 [main] DEBUG o.s.t.annotation.ProfileValueUtils - Retrieved @ProfileValueSourceConfiguration [null] for test class [edu.ncsu.csc.itrust2.apitest.APIHospitalTest]
21:59:44.394 [main] DEBUG o.s.t.annotation.ProfileValueUtils - Retrieved ProfileValueSource type [class org.springframework.test.annotation.SystemProfileValueSource] for class [edu.ncsu.csc.itrust2.apitest.APIHospitalTest]
21:59:44.394 [main] DEBUG o.s.t.c.s.AbstractDelegatingSmartContextLoader - Delegating to AnnotationConfigWebContextLoader to load context from [WebMergedContextConfiguration@b135265 testClass = APIHospitalTest, locations = &apos;{}&apos;, classes = &apos;{class edu.ncsu.csc.itrust2.config.RootConfiguration, class edu.ncsu.csc.itrust2.mvc.config.WebMvcConfiguration}&apos;, contextInitializerClasses = &apos;[]&apos;, activeProfiles = &apos;{}&apos;, propertySourceLocations = &apos;{}&apos;, propertySourceProperties = &apos;{}&apos;, contextCustomizers = set[[empty]], resourceBasePath = &apos;src/main/webapp&apos;, contextLoader = &apos;org.springframework.test.context.web.WebDelegatingSmartContextLoader&apos;, parent = [null]].
21:59:44.395 [main] DEBUG o.s.t.c.w.AbstractGenericWebContextLoader - Loading WebApplicationContext for merged context configuration [WebMergedContextConfiguration@b135265 testClass = APIHospitalTest, locations = &apos;{}&apos;, classes = &apos;{class edu.ncsu.csc.itrust2.config.RootConfiguration, class edu.ncsu.csc.itrust2.mvc.config.WebMvcConfiguration}&apos;, contextInitializerClasses = &apos;[]&apos;, activeProfiles = &apos;{}&apos;, propertySourceLocations = &apos;{}&apos;, propertySourceProperties = &apos;{}&apos;, contextCustomizers = set[[empty]], resourceBasePath = &apos;src/main/webapp&apos;, contextLoader = &apos;org.springframework.test.context.web.WebDelegatingSmartContextLoader&apos;, parent = [null]].
21:59:44.398 [main] DEBUG o.s.w.c.s.StandardServletEnvironment - Adding [servletConfigInitParams] PropertySource with lowest search precedence
21:59:44.398 [main] DEBUG o.s.w.c.s.StandardServletEnvironment - Adding [servletContextInitParams] PropertySource with lowest search precedence
21:59:44.398 [main] DEBUG o.s.w.c.s.StandardServletEnvironment - Adding [systemProperties] PropertySource with lowest search precedence
21:59:44.398 [main] DEBUG o.s.w.c.s.StandardServletEnvironment - Adding [systemEnvironment] PropertySource with lowest search precedence
21:59:44.398 [main] DEBUG o.s.w.c.s.StandardServletEnvironment - Initialized StandardServletEnvironment with PropertySources [servletConfigInitParams,servletContextInitParams,systemProperties,systemEnvironment]
21:59:44.398 [main] DEBUG o.s.t.c.w.AnnotationConfigWebContextLoader - Registering annotated classes: {class edu.ncsu.csc.itrust2.config.RootConfiguration, class edu.ncsu.csc.itrust2.mvc.config.WebMvcConfiguration}
21:59:44.402 [main] INFO  o.s.w.c.s.GenericWebApplicationContext - Refreshing org.springframework.web.context.support.GenericWebApplicationContext@62bf2869: startup date [Thu Mar 22 21:59:44 UTC 2018]; root of context hierarchy
21:59:44.402 [main] DEBUG o.s.w.c.s.StandardServletEnvironment - Replacing [servletContextInitParams] PropertySource with [servletContextInitParams]
21:59:44.402 [main] DEBUG o.s.w.c.s.GenericWebApplicationContext - Bean factory for org.springframework.web.context.support.GenericWebApplicationContext@62bf2869: org.springframework.beans.factory.support.DefaultListableBeanFactory@59394b7b: defining beans [org.springframework.context.annotation.internalConfigurationAnnotationProcessor,org.springframework.context.annotation.internalAutowiredAnnotationProcessor,org.springframework.context.annotation.internalRequiredAnnotationProcessor,org.springframework.context.annotation.internalCommonAnnotationProcessor,org.springframework.context.annotation.internalPersistenceAnnotationProcessor,org.springframework.context.event.internalEventListenerProcessor,org.springframework.context.event.internalEventListenerFactory,rootConfiguration,webMvcConfiguration]; root of factory hierarchy
21:59:44.402 [main] DEBUG o.s.b.f.s.DefaultListableBeanFactory - Registering scope &apos;request&apos; with implementation [org.springframework.web.context.request.RequestScope@6d14e0b3]
21:59:44.402 [main] DEBUG o.s.b.f.s.DefaultListableBeanFactory - Registering scope &apos;session&apos; with implementation [org.springframework.web.context.request.SessionScope@76f37118]
21:59:44.402 [main] DEBUG o.s.b.f.s.DefaultListableBeanFactory - Registering scope &apos;globalSession&apos; with implementation [org.springframework.web.context.request.SessionScope@65028e2e]
21:59:44.402 [main] DEBUG o.s.b.f.s.DefaultListableBeanFactory - Registering scope &apos;application&apos; with implementation [org.springframework.web.context.support.ServletContextScope@5dc21aae]
21:59:44.402 [main] DEBUG o.s.b.f.s.DefaultListableBeanFactory - Creating shared instance of singleton bean &apos;org.springframework.context.annotation.internalConfigurationAnnotationProcessor&apos;
21:59:44.402 [main] DEBUG o.s.b.f.s.DefaultListableBeanFactory - Creating instance of bean &apos;org.springframework.context.annotation.internalConfigurationAnnotationProcessor&apos;
21:59:44.402 [main] DEBUG o.s.b.f.s.DefaultListableBeanFactory - Eagerly caching bean &apos;org.springframework.context.annotation.internalConfigurationAnnotationProcessor&apos; to allow for resolving potential circular references
21:59:44.402 [main] DEBUG o.s.b.f.s.DefaultListableBeanFactory - Finished creating instance of bean &apos;org.springframework.context.annotation.internalConfigurationAnnotationProcessor&apos;
21:59:44.402 [main] DEBUG o.s.core.env.StandardEnvironment - Adding [systemProperties] PropertySource with lowest search precedence
21:59:44.402 [main] DEBUG o.s.core.env.StandardEnvironment - Adding [systemEnvironment] PropertySource with lowest search precedence
21:59:44.402 [main] DEBUG o.s.core.env.StandardEnvironment - Initialized StandardEnvironment with PropertySources [systemProperties,systemEnvironment]
21:59:44.403 [main] DEBUG o.s.c.i.s.PathMatchingResourcePatternResolver - Resolved classpath location [edu/ncsu/csc/itrust2/config/] to resources [URL [file:/var/lib/jenkins/jobs/iTrust_Fuzzer/workspace/iTrust2/target/classes/edu/ncsu/csc/itrust2/config/]]
21:59:44.403 [main] DEBUG o.s.c.i.s.PathMatchingResourcePatternResolver - Looking for matching resources in directory tree [/var/lib/jenkins/jobs/iTrust_Fuzzer/workspace/iTrust2/target/classes/edu/ncsu/csc/itrust2/config]
21:59:44.403 [main] DEBUG o.s.c.i.s.PathMatchingResourcePatternResolver - Searching directory [/var/lib/jenkins/jobs/iTrust_Fuzzer/workspace/iTrust2/target/classes/edu/ncsu/csc/itrust2/config] for files matching pattern [/var/lib/jenkins/jobs/iTrust_Fuzzer/workspace/iTrust2/target/classes/edu/ncsu/csc/itrust2/config/**/*.class]
21:59:44.404 [main] DEBUG o.s.c.i.s.PathMatchingResourcePatternResolver - Resolved location pattern [classpath*:edu/ncsu/csc/itrust2/config/**/*.class] to resources [file [/var/lib/jenkins/jobs/iTrust_Fuzzer/workspace/iTrust2/target/classes/edu/ncsu/csc/itrust2/config/ContextListener.class], file [/var/lib/jenkins/jobs/iTrust_Fuzzer/workspace/iTrust2/target/classes/edu/ncsu/csc/itrust2/config/DataConfiguration.class], file [/var/lib/jenkins/jobs/iTrust_Fuzzer/workspace/iTrust2/target/classes/edu/ncsu/csc/itrust2/config/FailureHandler.class], file [/var/lib/jenkins/jobs/iTrust_Fuzzer/workspace/iTrust2/target/classes/edu/ncsu/csc/itrust2/config/IPFilter.class], file [/var/lib/jenkins/jobs/iTrust_Fuzzer/workspace/iTrust2/target/classes/edu/ncsu/csc/itrust2/config/ITrust2ApplicationInitializer.class], file [/var/lib/jenkins/jobs/iTrust_Fuzzer/workspace/iTrust2/target/classes/edu/ncsu/csc/itrust2/config/ITrust2WebApplicationInitializer.class], file [/var/lib/jenkins/jobs/iTrust_Fuzzer/workspace/iTrust2/target/classes/edu/ncsu/csc/itrust2/config/LoginAuditingListener.class], file [/var/lib/jenkins/jobs/iTrust_Fuzzer/workspace/iTrust2/target/classes/edu/ncsu/csc/itrust2/config/RootConfiguration.class], file [/var/lib/jenkins/jobs/iTrust_Fuzzer/workspace/iTrust2/target/classes/edu/ncsu/csc/itrust2/config/SecurityConfig.class]]
21:59:44.404 [main] DEBUG o.s.c.a.ClassPathBeanDefinitionScanner - Identified candidate component class: file [/var/lib/jenkins/jobs/iTrust_Fuzzer/workspace/iTrust2/target/classes/edu/ncsu/csc/itrust2/config/DataConfiguration.class]
21:59:44.404 [main] DEBUG o.s.c.a.ClassPathBeanDefinitionScanner - Identified candidate component class: file [/var/lib/jenkins/jobs/iTrust_Fuzzer/workspace/iTrust2/target/classes/edu/ncsu/csc/itrust2/config/LoginAuditingListener.class]
21:59:44.404 [main] DEBUG o.s.c.a.ClassPathBeanDefinitionScanner - Identified candidate component class: file [/var/lib/jenkins/jobs/iTrust_Fuzzer/workspace/iTrust2/target/classes/edu/ncsu/csc/itrust2/config/SecurityConfig.class]
21:59:44.411 [main] DEBUG o.s.core.env.StandardEnvironment - Adding [systemProperties] PropertySource with lowest search precedence
21:59:44.411 [main] DEBUG o.s.core.env.StandardEnvironment - Adding [systemEnvironment] PropertySource with lowest search precedence
21:59:44.411 [main] DEBUG o.s.core.env.StandardEnvironment - Initialized StandardEnvironment with PropertySources [systemProperties,systemEnvironment]
21:59:44.412 [main] DEBUG o.s.c.i.s.PathMatchingResourcePatternResolver - Resolved classpath location [edu/ncsu/csc/itrust2/controllers/] to resources [URL [file:/var/lib/jenkins/jobs/iTrust_Fuzzer/workspace/iTrust2/target/classes/edu/ncsu/csc/itrust2/controllers/]]
21:59:44.412 [main] DEBUG o.s.c.i.s.PathMatchingResourcePatternResolver - Looking for matching resources in directory tree [/var/lib/jenkins/jobs/iTrust_Fuzzer/workspace/iTrust2/target/classes/edu/ncsu/csc/itrust2/controllers]
21:59:44.412 [main] DEBUG o.s.c.i.s.PathMatchingResourcePatternResolver - Searching directory [/var/lib/jenkins/jobs/iTrust_Fuzzer/workspace/iTrust2/target/classes/edu/ncsu/csc/itrust2/controllers] for files matching pattern [/var/lib/jenkins/jobs/iTrust_Fuzzer/workspace/iTrust2/target/classes/edu/ncsu/csc/itrust2/controllers/**/*.class]
21:59:44.412 [main] DEBUG o.s.c.i.s.PathMatchingResourcePatternResolver - Searching directory [/var/lib/jenkins/jobs/iTrust_Fuzzer/workspace/iTrust2/target/classes/edu/ncsu/csc/itrust2/controllers/admin] for files matching pattern [/var/lib/jenkins/jobs/iTrust_Fuzzer/workspace/iTrust2/target/classes/edu/ncsu/csc/itrust2/controllers/**/*.class]
21:59:44.412 [main] DEBUG o.s.c.i.s.PathMatchingResourcePatternResolver - Searching directory [/var/lib/jenkins/jobs/iTrust_Fuzzer/workspace/iTrust2/target/classes/edu/ncsu/csc/itrust2/controllers/api] for files matching pattern [/var/lib/jenkins/jobs/iTrust_Fuzzer/workspace/iTrust2/target/classes/edu/ncsu/csc/itrust2/controllers/**/*.class]
21:59:44.412 [main] DEBUG o.s.c.i.s.PathMatchingResourcePatternResolver - Searching directory [/var/lib/jenkins/jobs/iTrust_Fuzzer/workspace/iTrust2/target/classes/edu/ncsu/csc/itrust2/controllers/api/comm] for files matching pattern [/var/lib/jenkins/jobs/iTrust_Fuzzer/workspace/iTrust2/target/classes/edu/ncsu/csc/itrust2/controllers/**/*.class]
21:59:44.412 [main] DEBUG o.s.c.i.s.PathMatchingResourcePatternResolver - Searching directory [/var/lib/jenkins/jobs/iTrust_Fuzzer/workspace/iTrust2/target/classes/edu/ncsu/csc/itrust2/controllers/hcp] for files matching pattern [/var/lib/jenkins/jobs/iTrust_Fuzzer/workspace/iTrust2/target/classes/edu/ncsu/csc/itrust2/controllers/**/*.class]
21:59:44.412 [main] DEBUG o.s.c.i.s.PathMatchingResourcePatternResolver - Searching directory [/var/lib/jenkins/jobs/iTrust_Fuzzer/workspace/iTrust2/target/classes/edu/ncsu/csc/itrust2/controllers/patient] for files matching pattern [/var/lib/jenkins/jobs/iTrust_Fuzzer/workspace/iTrust2/target/classes/edu/ncsu/csc/itrust2/controllers/**/*.class]
21:59:44.412 [main] DEBUG o.s.c.i.s.PathMatchingResourcePatternResolver - Searching directory [/var/lib/jenkins/jobs/iTrust_Fuzzer/workspace/iTrust2/target/classes/edu/ncsu/csc/itrust2/controllers/personnel] for files matching pattern [/var/lib/jenkins/jobs/iTrust_Fuzzer/workspace/iTrust2/target/classes/edu/ncsu/csc/itrust2/controllers/**/*.class]
21:59:44.412 [main] DEBUG o.s.c.i.s.PathMatchingResourcePatternResolver - Resolved location pattern [classpath*:edu/ncsu/csc/itrust2/controllers/**/*.class] to resources [file [/var/lib/jenkins/jobs/iTrust_Fuzzer/workspace/iTrust2/target/classes/edu/ncsu/csc/itrust2/controllers/DefaultController.class], file [/var/lib/jenkins/jobs/iTrust_Fuzzer/workspace/iTrust2/target/classes/edu/ncsu/csc/itrust2/controllers/admin/AdminController.class], file [/var/lib/jenkins/jobs/iTrust_Fuzzer/workspace/iTrust2/target/classes/edu/ncsu/csc/itrust2/controllers/admin/AdminUserController$1.class], file [/var/lib/jenkins/jobs/iTrust_Fuzzer/workspace/iTrust2/target/classes/edu/ncsu/csc/itrust2/controllers/admin/AdminUserController.class], file [/var/lib/jenkins/jobs/iTrust_Fuzzer/workspace/iTrust2/target/classes/edu/ncsu/csc/itrust2/controllers/admin/HospitalController.class], file [/var/lib/jenkins/jobs/iTrust_Fuzzer/workspace/iTrust2/target/classes/edu/ncsu/csc/itrust2/controllers/admin/ICDCodesController.class], file [/var/lib/jenkins/jobs/iTrust_Fuzzer/workspace/iTrust2/target/classes/edu/ncsu/csc/itrust2/controllers/api/APIAppointmentRequestController.class], file [/var/lib/jenkins/jobs/iTrust_Fuzzer/workspace/iTrust2/target/classes/edu/ncsu/csc/itrust2/controllers/api/APIController$JSONResponse.class], file [/var/lib/jenkins/jobs/iTrust_Fuzzer/workspace/iTrust2/target/classes/edu/ncsu/csc/itrust2/controllers/api/APIController.class], file [/var/lib/jenkins/jobs/iTrust_Fuzzer/workspace/iTrust2/target/classes/edu/ncsu/csc/itrust2/controllers/api/APIDiagnosisController.class], file [/var/lib/jenkins/jobs/iTrust_Fuzzer/workspace/iTrust2/target/classes/edu/ncsu/csc/itrust2/controllers/api/APIDrugController.class], file [/var/lib/jenkins/jobs/iTrust_Fuzzer/workspace/iTrust2/target/classes/edu/ncsu/csc/itrust2/controllers/api/APIEnumController.class], file [/var/lib/jenkins/jobs/iTrust_Fuzzer/workspace/iTrust2/target/classes/edu/ncsu/csc/itrust2/controllers/api/APIHospitalController.class], file [/var/lib/jenkins/jobs/iTrust_Fuzzer/workspace/iTrust2/target/classes/edu/ncsu/csc/itrust2/controllers/api/APIICDCodeController.class], file [/var/lib/jenkins/jobs/iTrust_Fuzzer/workspace/iTrust2/target/classes/edu/ncsu/csc/itrust2/controllers/api/APILogEntryController.class], file [/var/lib/jenkins/jobs/iTrust_Fuzzer/workspace/iTrust2/target/classes/edu/ncsu/csc/itrust2/controllers/api/APIOfficeVisitController.class], file [/var/lib/jenkins/jobs/iTrust_Fuzzer/workspace/iTrust2/target/classes/edu/ncsu/csc/itrust2/controllers/api/APIPasswordController.class], file [/var/lib/jenkins/jobs/iTrust_Fuzzer/workspace/iTrust2/target/classes/edu/ncsu/csc/itrust2/controllers/api/APIPatientController.class], file [/var/lib/jenkins/jobs/iTrust_Fuzzer/workspace/iTrust2/target/classes/edu/ncsu/csc/itrust2/controllers/api/APIPersonnelController.class], file [/var/lib/jenkins/jobs/iTrust_Fuzzer/workspace/iTrust2/target/classes/edu/ncsu/csc/itrust2/controllers/api/APIPrescriptionController.class], file [/var/lib/jenkins/jobs/iTrust_Fuzzer/workspace/iTrust2/target/classes/edu/ncsu/csc/itrust2/controllers/api/APIUserController.class], file [/var/lib/jenkins/jobs/iTrust_Fuzzer/workspace/iTrust2/target/classes/edu/ncsu/csc/itrust2/controllers/api/comm/LogEntryRequestBody.class], file [/var/lib/jenkins/jobs/iTrust_Fuzzer/workspace/iTrust2/target/classes/edu/ncsu/csc/itrust2/controllers/api/comm/LogEntryTableRow.class], file [/var/lib/jenkins/jobs/iTrust_Fuzzer/workspace/iTrust2/target/classes/edu/ncsu/csc/itrust2/controllers/hcp/AppointmentControllerHCP.class], file [/var/lib/jenkins/jobs/iTrust_Fuzzer/workspace/iTrust2/target/classes/edu/ncsu/csc/itrust2/controllers/hcp/HCPController.class], file [/var/lib/jenkins/jobs/iTrust_Fuzzer/workspace/iTrust2/target/classes/edu/ncsu/csc/itrust2/controllers/hcp/OfficeVisitController.class], file [/var/lib/jenkins/jobs/iTrust_Fuzzer/workspace/iTrust2/target/classes/edu/ncsu/csc/itrust2/controllers/patient/AppointmentController.class], file [/var/lib/jenkins/jobs/iTrust_Fuzzer/workspace/iTrust2/target/classes/edu/ncsu/csc/itrust2/controllers/patient/DiagnosesController.class], file [/var/lib/jenkins/jobs/iTrust_Fuzzer/workspace/iTrust2/target/classes/edu/ncsu/csc/itrust2/controllers/patient/PatientController.class], file [/var/lib/jenkins/jobs/iTrust_Fuzzer/workspace/iTrust2/target/classes/edu/ncsu/csc/itrust2/controllers/personnel/PasswordController.class], file [/var/lib/jenkins/jobs/iTrust_Fuzzer/workspace/iTrust2/target/classes/edu/ncsu/csc/itrust2/controllers/personnel/UserController.class]]
21:59:44.413 [main] DEBUG o.s.c.a.ClassPathBeanDefinitionScanner - Identified candidate component class: file [/var/lib/jenkins/jobs/iTrust_Fuzzer/workspace/iTrust2/target/classes/edu/ncsu/csc/itrust2/controllers/DefaultController.class]
21:59:44.413 [main] DEBUG o.s.c.a.ClassPathBeanDefinitionScanner - Identified candidate component class: file [/var/lib/jenkins/jobs/iTrust_Fuzzer/workspace/iTrust2/target/classes/edu/ncsu/csc/itrust2/controllers/admin/AdminController.class]
21:59:44.413 [main] DEBUG o.s.c.a.ClassPathBeanDefinitionScanner - Identified candidate component class: file [/var/lib/jenkins/jobs/iTrust_Fuzzer/workspace/iTrust2/target/classes/edu/ncsu/csc/itrust2/controllers/admin/AdminUserController.class]
21:59:44.413 [main] DEBUG o.s.c.a.ClassPathBeanDefinitionScanner - Identified candidate component class: file [/var/lib/jenkins/jobs/iTrust_Fuzzer/workspace/iTrust2/target/classes/edu/ncsu/csc/itrust2/controllers/admin/HospitalController.class]
21:59:44.413 [main] DEBUG o.s.c.a.ClassPathBeanDefinitionScanner - Identified candidate component class: file [/var/lib/jenkins/jobs/iTrust_Fuzzer/workspace/iTrust2/target/classes/edu/ncsu/csc/itrust2/controllers/admin/ICDCodesController.class]
21:59:44.414 [main] DEBUG o.s.c.a.ClassPathBeanDefinitionScanner - Identified candidate component class: file [/var/lib/jenkins/jobs/iTrust_Fuzzer/workspace/iTrust2/target/classes/edu/ncsu/csc/itrust2/controllers/api/APIAppointmentRequestController.class]
21:59:44.414 [main] DEBUG o.s.c.a.ClassPathBeanDefinitionScanner - Identified candidate component class: file [/var/lib/jenkins/jobs/iTrust_Fuzzer/workspace/iTrust2/target/classes/edu/ncsu/csc/itrust2/controllers/api/APIDiagnosisController.class]
21:59:44.414 [main] DEBUG o.s.c.a.ClassPathBeanDefinitionScanner - Identified candidate component class: file [/var/lib/jenkins/jobs/iTrust_Fuzzer/workspace/iTrust2/target/classes/edu/ncsu/csc/itrust2/controllers/api/APIDrugController.class]
21:59:44.414 [main] DEBUG o.s.c.a.ClassPathBeanDefinitionScanner - Identified candidate component class: file [/var/lib/jenkins/jobs/iTrust_Fuzzer/workspace/iTrust2/target/classes/edu/ncsu/csc/itrust2/controllers/api/APIEnumController.class]
21:59:44.414 [main] DEBUG o.s.c.a.ClassPathBeanDefinitionScanner - Identified candidate component class: file [/var/lib/jenkins/jobs/iTrust_Fuzzer/workspace/iTrust2/target/classes/edu/ncsu/csc/itrust2/controllers/api/APIHospitalController.class]
21:59:44.415 [main] DEBUG o.s.c.a.ClassPathBeanDefinitionScanner - Identified candidate component class: file [/var/lib/jenkins/jobs/iTrust_Fuzzer/workspace/iTrust2/target/classes/edu/ncsu/csc/itrust2/controllers/api/APIICDCodeController.class]
21:59:44.415 [main] DEBUG o.s.c.a.ClassPathBeanDefinitionScanner - Identified candidate component class: file [/var/lib/jenkins/jobs/iTrust_Fuzzer/workspace/iTrust2/target/classes/edu/ncsu/csc/itrust2/controllers/api/APILogEntryController.class]
21:59:44.415 [main] DEBUG o.s.c.a.ClassPathBeanDefinitionScanner - Identified candidate component class: file [/var/lib/jenkins/jobs/iTrust_Fuzzer/workspace/iTrust2/target/classes/edu/ncsu/csc/itrust2/controllers/api/APIOfficeVisitController.class]
21:59:44.416 [main] DEBUG o.s.c.a.ClassPathBeanDefinitionScanner - Identified candidate component class: file [/var/lib/jenkins/jobs/iTrust_Fuzzer/workspace/iTrust2/target/classes/edu/ncsu/csc/itrust2/controllers/api/APIPasswordController.class]
21:59:44.416 [main] DEBUG o.s.c.a.ClassPathBeanDefinitionScanner - Identified candidate component class: file [/var/lib/jenkins/jobs/iTrust_Fuzzer/workspace/iTrust2/target/classes/edu/ncsu/csc/itrust2/controllers/api/APIPatientController.class]
21:59:44.416 [main] DEBUG o.s.c.a.ClassPathBeanDefinitionScanner - Identified candidate component class: file [/var/lib/jenkins/jobs/iTrust_Fuzzer/workspace/iTrust2/target/classes/edu/ncsu/csc/itrust2/controllers/api/APIPersonnelController.class]
21:59:44.416 [main] DEBUG o.s.c.a.ClassPathBeanDefinitionScanner - Identified candidate component class: file [/var/lib/jenkins/jobs/iTrust_Fuzzer/workspace/iTrust2/target/classes/edu/ncsu/csc/itrust2/controllers/api/APIPrescriptionController.class]
21:59:44.417 [main] DEBUG o.s.c.a.ClassPathBeanDefinitionScanner - Identified candidate component class: file [/var/lib/jenkins/jobs/iTrust_Fuzzer/workspace/iTrust2/target/classes/edu/ncsu/csc/itrust2/controllers/api/APIUserController.class]
21:59:44.417 [main] DEBUG o.s.c.a.ClassPathBeanDefinitionScanner - Identified candidate component class: file [/var/lib/jenkins/jobs/iTrust_Fuzzer/workspace/iTrust2/target/classes/edu/ncsu/csc/itrust2/controllers/hcp/AppointmentControllerHCP.class]
21:59:44.417 [main] DEBUG o.s.c.a.ClassPathBeanDefinitionScanner - Identified candidate component class: file [/var/lib/jenkins/jobs/iTrust_Fuzzer/workspace/iTrust2/target/classes/edu/ncsu/csc/itrust2/controllers/hcp/HCPController.class]
21:59:44.417 [main] DEBUG o.s.c.a.ClassPathBeanDefinitionScanner - Identified candidate component class: file [/var/lib/jenkins/jobs/iTrust_Fuzzer/workspace/iTrust2/target/classes/edu/ncsu/csc/itrust2/controllers/hcp/OfficeVisitController.class]
21:59:44.417 [main] DEBUG o.s.c.a.ClassPathBeanDefinitionScanner - Identified candidate component class: file [/var/lib/jenkins/jobs/iTrust_Fuzzer/workspace/iTrust2/target/classes/edu/ncsu/csc/itrust2/controllers/patient/AppointmentController.class]
21:59:44.417 [main] DEBUG o.s.c.a.ClassPathBeanDefinitionScanner - Identified candidate component class: file [/var/lib/jenkins/jobs/iTrust_Fuzzer/workspace/iTrust2/target/classes/edu/ncsu/csc/itrust2/controllers/patient/DiagnosesController.class]
21:59:44.418 [main] DEBUG o.s.c.a.ClassPathBeanDefinitionScanner - Identified candidate component class: file [/var/lib/jenkins/jobs/iTrust_Fuzzer/workspace/iTrust2/target/classes/edu/ncsu/csc/itrust2/controllers/patient/PatientController.class]
21:59:44.418 [main] DEBUG o.s.c.a.ClassPathBeanDefinitionScanner - Identified candidate component class: file [/var/lib/jenkins/jobs/iTrust_Fuzzer/workspace/iTrust2/target/classes/edu/ncsu/csc/itrust2/controllers/personnel/PasswordController.class]
21:59:44.418 [main] DEBUG o.s.c.a.ClassPathBeanDefinitionScanner - Identified candidate component class: file [/var/lib/jenkins/jobs/iTrust_Fuzzer/workspace/iTrust2/target/classes/edu/ncsu/csc/itrust2/controllers/personnel/UserController.class]
21:59:44.418 [main] DEBUG o.s.c.i.s.PathMatchingResourcePatternResolver - Resolved classpath location [edu/ncsu/csc/itrust2/config/] to resources [URL [file:/var/lib/jenkins/jobs/iTrust_Fuzzer/workspace/iTrust2/target/classes/edu/ncsu/csc/itrust2/config/]]
21:59:44.418 [main] DEBUG o.s.c.i.s.PathMatchingResourcePatternResolver - Looking for matching resources in directory tree [/var/lib/jenkins/jobs/iTrust_Fuzzer/workspace/iTrust2/target/classes/edu/ncsu/csc/itrust2/config]
21:59:44.418 [main] DEBUG o.s.c.i.s.PathMatchingResourcePatternResolver - Searching directory [/var/lib/jenkins/jobs/iTrust_Fuzzer/workspace/iTrust2/target/classes/edu/ncsu/csc/itrust2/config] for files matching pattern [/var/lib/jenkins/jobs/iTrust_Fuzzer/workspace/iTrust2/target/classes/edu/ncsu/csc/itrust2/config/**/*.class]
21:59:44.419 [main] DEBUG o.s.c.i.s.PathMatchingResourcePatternResolver - Resolved location pattern [classpath*:edu/ncsu/csc/itrust2/config/**/*.class] to resources [file [/var/lib/jenkins/jobs/iTrust_Fuzzer/workspace/iTrust2/target/classes/edu/ncsu/csc/itrust2/config/ContextListener.class], file [/var/lib/jenkins/jobs/iTrust_Fuzzer/workspace/iTrust2/target/classes/edu/ncsu/csc/itrust2/config/DataConfiguration.class], file [/var/lib/jenkins/jobs/iTrust_Fuzzer/workspace/iTrust2/target/classes/edu/ncsu/csc/itrust2/config/FailureHandler.class], file [/var/lib/jenkins/jobs/iTrust_Fuzzer/workspace/iTrust2/target/classes/edu/ncsu/csc/itrust2/config/IPFilter.class], file [/var/lib/jenkins/jobs/iTrust_Fuzzer/workspace/iTrust2/target/classes/edu/ncsu/csc/itrust2/config/ITrust2ApplicationInitializer.class], file [/var/lib/jenkins/jobs/iTrust_Fuzzer/workspace/iTrust2/target/classes/edu/ncsu/csc/itrust2/config/ITrust2WebApplicationInitializer.class], file [/var/lib/jenkins/jobs/iTrust_Fuzzer/workspace/iTrust2/target/classes/edu/ncsu/csc/itrust2/config/LoginAuditingListener.class], file [/var/lib/jenkins/jobs/iTrust_Fuzzer/workspace/iTrust2/target/classes/edu/ncsu/csc/itrust2/config/RootConfiguration.class], file [/var/lib/jenkins/jobs/iTrust_Fuzzer/workspace/iTrust2/target/classes/edu/ncsu/csc/itrust2/config/SecurityConfig.class]]
21:59:44.419 [main] DEBUG o.s.c.a.ClassPathBeanDefinitionScanner - Identified candidate component class: file [/var/lib/jenkins/jobs/iTrust_Fuzzer/workspace/iTrust2/target/classes/edu/ncsu/csc/itrust2/config/DataConfiguration.class]
21:59:44.419 [main] DEBUG o.s.c.a.ClassPathBeanDefinitionScanner - Identified candidate component class: file [/var/lib/jenkins/jobs/iTrust_Fuzzer/workspace/iTrust2/target/classes/edu/ncsu/csc/itrust2/config/LoginAuditingListener.class]
21:59:44.419 [main] DEBUG o.s.c.a.ClassPathBeanDefinitionScanner - Identified candidate component class: file [/var/lib/jenkins/jobs/iTrust_Fuzzer/workspace/iTrust2/target/classes/edu/ncsu/csc/itrust2/config/RootConfiguration.class]
21:59:44.419 [main] DEBUG o.s.c.a.ClassPathBeanDefinitionScanner - Identified candidate component class: file [/var/lib/jenkins/jobs/iTrust_Fuzzer/workspace/iTrust2/target/classes/edu/ncsu/csc/itrust2/config/SecurityConfig.class]
21:59:44.431 [main] DEBUG o.s.c.a.ConfigurationClassBeanDefinitionReader - Registering bean definition for @Bean method edu.ncsu.csc.itrust2.config.DataConfiguration.dataSource()
21:59:44.432 [main] DEBUG o.s.c.a.ConfigurationClassBeanDefinitionReader - Registered bean definition for imported class &apos;org.springframework.security.config.annotation.configuration.ObjectPostProcessorConfiguration&apos;
21:59:44.432 [main] DEBUG o.s.c.a.ConfigurationClassBeanDefinitionReader - Registering bean definition for @Bean method org.springframework.security.config.annotation.configuration.ObjectPostProcessorConfiguration.objectPostProcessor()
21:59:44.432 [main] DEBUG o.s.c.a.ConfigurationClassBeanDefinitionReader - Registered bean definition for imported class &apos;org.springframework.security.config.annotation.authentication.configuration.AuthenticationConfiguration&apos;
21:59:44.432 [main] DEBUG o.s.c.a.ConfigurationClassBeanDefinitionReader - Registering bean definition for @Bean method org.springframework.security.config.annotation.authentication.configuration.AuthenticationConfiguration.authenticationManagerBuilder()
21:59:44.432 [main] DEBUG o.s.c.a.ConfigurationClassBeanDefinitionReader - Registering bean definition for @Bean method org.springframework.security.config.annotation.authentication.configuration.AuthenticationConfiguration.enableGlobalAuthenticationAutowiredConfigurer()
21:59:44.432 [main] DEBUG o.s.c.a.ConfigurationClassBeanDefinitionReader - Registering bean definition for @Bean method org.springframework.security.config.annotation.authentication.configuration.AuthenticationConfiguration.initializeUserDetailsBeanManagerConfigurer()
21:59:44.432 [main] DEBUG o.s.c.a.ConfigurationClassBeanDefinitionReader - Registering bean definition for @Bean method org.springframework.security.config.annotation.authentication.configuration.AuthenticationConfiguration.initializeAuthenticationProviderBeanManagerConfigurer()
21:59:44.432 [main] DEBUG o.s.c.a.ConfigurationClassBeanDefinitionReader - Registered bean definition for imported class &apos;org.springframework.security.config.annotation.web.configuration.WebSecurityConfiguration&apos;
21:59:44.432 [main] DEBUG o.s.c.a.ConfigurationClassBeanDefinitionReader - Registering bean definition for @Bean method org.springframework.security.config.annotation.web.configuration.WebSecurityConfiguration.delegatingApplicationListener()
21:59:44.432 [main] DEBUG o.s.c.a.ConfigurationClassBeanDefinitionReader - Registering bean definition for @Bean method org.springframework.security.config.annotation.web.configuration.WebSecurityConfiguration.webSecurityExpressionHandler()
21:59:44.432 [main] DEBUG o.s.c.a.ConfigurationClassBeanDefinitionReader - Registering bean definition for @Bean method org.springframework.security.config.annotation.web.configuration.WebSecurityConfiguration.springSecurityFilterChain()
21:59:44.432 [main] DEBUG o.s.c.a.ConfigurationClassBeanDefinitionReader - Registering bean definition for @Bean method org.springframework.security.config.annotation.web.configuration.WebSecurityConfiguration.privilegeEvaluator()
21:59:44.432 [main] DEBUG o.s.c.a.ConfigurationClassBeanDefinitionReader - Registering bean definition for @Bean method org.springframework.security.config.annotation.web.configuration.WebSecurityConfiguration.autowiredWebSecurityConfigurersIgnoreParents()
21:59:44.432 [main] DEBUG o.s.c.a.ConfigurationClassBeanDefinitionReader - Registered bean definition for imported class &apos;org.springframework.security.config.annotation.web.configuration.WebMvcSecurityConfiguration&apos;
21:59:44.432 [main] DEBUG o.s.c.a.ConfigurationClassBeanDefinitionReader - Registering bean definition for @Bean method org.springframework.security.config.annotation.web.configuration.WebMvcSecurityConfiguration.requestDataValueProcessor()
21:59:44.432 [main] DEBUG o.s.c.a.ConfigurationClassBeanDefinitionReader - Registering bean definition for @Bean method edu.ncsu.csc.itrust2.config.SecurityConfig.passwordEncoder()
21:59:44.432 [main] DEBUG o.s.c.a.ConfigurationClassBeanDefinitionReader - Registering bean definition for @Bean method edu.ncsu.csc.itrust2.config.SecurityConfig.defaultAuthenticationEventPublisher()
21:59:44.432 [main] DEBUG o.s.c.a.ConfigurationClassBeanDefinitionReader - Registering bean definition for @Bean method edu.ncsu.csc.itrust2.config.SecurityConfig.failureHandler()
21:59:44.432 [main] DEBUG o.s.c.a.ConfigurationClassBeanDefinitionReader - Registering bean definition for @Bean method edu.ncsu.csc.itrust2.config.SecurityConfig.ipBlockFilter()
21:59:44.432 [main] DEBUG o.s.c.a.ConfigurationClassBeanDefinitionReader - Registered bean definition for imported class &apos;org.springframework.web.servlet.config.annotation.DelegatingWebMvcConfiguration&apos;
21:59:44.432 [main] DEBUG o.s.c.a.ConfigurationClassBeanDefinitionReader - Registering bean definition for @Bean method org.springframework.web.servlet.config.annotation.DelegatingWebMvcConfiguration.mvcConversionService()
21:59:44.432 [main] DEBUG o.s.c.a.ConfigurationClassBeanDefinitionReader - Registering bean definition for @Bean method org.springframework.web.servlet.config.annotation.DelegatingWebMvcConfiguration.requestMappingHandlerMapping()
21:59:44.432 [main] DEBUG o.s.c.a.ConfigurationClassBeanDefinitionReader - Registering bean definition for @Bean method org.springframework.web.servlet.config.annotation.DelegatingWebMvcConfiguration.mvcPathMatcher()
21:59:44.432 [main] DEBUG o.s.c.a.ConfigurationClassBeanDefinitionReader - Registering bean definition for @Bean method org.springframework.web.servlet.config.annotation.DelegatingWebMvcConfiguration.mvcUrlPathHelper()
21:59:44.432 [main] DEBUG o.s.c.a.ConfigurationClassBeanDefinitionReader - Registering bean definition for @Bean method org.springframework.web.servlet.config.annotation.DelegatingWebMvcConfiguration.mvcContentNegotiationManager()
21:59:44.432 [main] DEBUG o.s.c.a.ConfigurationClassBeanDefinitionReader - Registering bean definition for @Bean method org.springframework.web.servlet.config.annotation.DelegatingWebMvcConfiguration.viewControllerHandlerMapping()
21:59:44.432 [main] DEBUG o.s.c.a.ConfigurationClassBeanDefinitionReader - Registering bean definition for @Bean method org.springframework.web.servlet.config.annotation.DelegatingWebMvcConfiguration.beanNameHandlerMapping()
21:59:44.432 [main] DEBUG o.s.c.a.ConfigurationClassBeanDefinitionReader - Registering bean definition for @Bean method org.springframework.web.servlet.config.annotation.DelegatingWebMvcConfiguration.resourceHandlerMapping()
21:59:44.433 [main] DEBUG o.s.c.a.ConfigurationClassBeanDefinitionReader - Registering bean definition for @Bean method org.springframework.web.servlet.config.annotation.DelegatingWebMvcConfiguration.mvcResourceUrlProvider()
21:59:44.433 [main] DEBUG o.s.c.a.ConfigurationClassBeanDefinitionReader - Registering bean definition for @Bean method org.springframework.web.servlet.config.annotation.DelegatingWebMvcConfiguration.defaultServletHandlerMapping()
21:59:44.433 [main] DEBUG o.s.c.a.ConfigurationClassBeanDefinitionReader - Registering bean definition for @Bean method org.springframework.web.servlet.config.annotation.DelegatingWebMvcConfiguration.requestMappingHandlerAdapter()
21:59:44.433 [main] DEBUG o.s.c.a.ConfigurationClassBeanDefinitionReader - Registering bean definition for @Bean method org.springframework.web.servlet.config.annotation.DelegatingWebMvcConfiguration.mvcValidator()
21:59:44.433 [main] DEBUG o.s.c.a.ConfigurationClassBeanDefinitionReader - Registering bean definition for @Bean method org.springframework.web.servlet.config.annotation.DelegatingWebMvcConfiguration.mvcUriComponentsContributor()
21:59:44.433 [main] DEBUG o.s.c.a.ConfigurationClassBeanDefinitionReader - Registering bean definition for @Bean method org.springframework.web.servlet.config.annotation.DelegatingWebMvcConfiguration.httpRequestHandlerAdapter()
21:59:44.433 [main] DEBUG o.s.c.a.ConfigurationClassBeanDefinitionReader - Registering bean definition for @Bean method org.springframework.web.servlet.config.annotation.DelegatingWebMvcConfiguration.simpleControllerHandlerAdapter()
21:59:44.433 [main] DEBUG o.s.c.a.ConfigurationClassBeanDefinitionReader - Registering bean definition for @Bean method org.springframework.web.servlet.config.annotation.DelegatingWebMvcConfiguration.handlerExceptionResolver()
21:59:44.433 [main] DEBUG o.s.c.a.ConfigurationClassBeanDefinitionReader - Registering bean definition for @Bean method org.springframework.web.servlet.config.annotation.DelegatingWebMvcConfiguration.mvcViewResolver()
21:59:44.433 [main] DEBUG o.s.c.a.ConfigurationClassBeanDefinitionReader - Registered bean definition for imported class &apos;org.springframework.security.config.annotation.method.configuration.GlobalMethodSecurityConfiguration&apos;
21:59:44.433 [main] DEBUG o.s.c.a.ConfigurationClassBeanDefinitionReader - Registering bean definition for @Bean method org.springframework.security.config.annotation.method.configuration.GlobalMethodSecurityConfiguration.methodSecurityInterceptor()
21:59:44.433 [main] DEBUG o.s.c.a.ConfigurationClassBeanDefinitionReader - Registering bean definition for @Bean method org.springframework.security.config.annotation.method.configuration.GlobalMethodSecurityConfiguration.methodSecurityMetadataSource()
21:59:44.433 [main] DEBUG o.s.c.a.ConfigurationClassBeanDefinitionReader - Registering bean definition for @Bean method org.springframework.security.config.annotation.method.configuration.GlobalMethodSecurityConfiguration.preInvocationAuthorizationAdvice()
21:59:44.433 [main] DEBUG o.s.c.a.ConfigurationClassBeanDefinitionReader - Registering bean definition for @Bean method edu.ncsu.csc.itrust2.mvc.config.WebMvcConfiguration.viewResolver()
21:59:44.433 [main] DEBUG o.s.c.a.ConfigurationClassBeanDefinitionReader - Registering bean definition for @Bean method edu.ncsu.csc.itrust2.mvc.config.WebMvcConfiguration.templateEngine()
21:59:44.433 [main] DEBUG o.s.c.a.ConfigurationClassBeanDefinitionReader - Registering bean definition for @Bean method edu.ncsu.csc.itrust2.mvc.config.WebMvcConfiguration.domainClassConverter()
21:59:44.435 [main] DEBUG o.s.c.a.ConfigurationClassEnhancer - Successfully enhanced edu.ncsu.csc.itrust2.config.RootConfiguration; enhanced class name is: edu.ncsu.csc.itrust2.config.RootConfiguration$$EnhancerBySpringCGLIB$$c1d00685
21:59:44.435 [main] DEBUG o.s.c.a.ConfigurationClassPostProcessor - Replacing bean definition &apos;rootConfiguration&apos; existing class &apos;edu.ncsu.csc.itrust2.config.RootConfiguration&apos; with enhanced class &apos;edu.ncsu.csc.itrust2.config.RootConfiguration$$EnhancerBySpringCGLIB$$c1d00685&apos;
21:59:44.435 [main] DEBUG o.s.c.a.ConfigurationClassEnhancer - Successfully enhanced edu.ncsu.csc.itrust2.mvc.config.WebMvcConfiguration; enhanced class name is: edu.ncsu.csc.itrust2.mvc.config.WebMvcConfiguration$$EnhancerBySpringCGLIB$$de7b09d5
21:59:44.435 [main] DEBUG o.s.c.a.ConfigurationClassPostProcessor - Replacing bean definition &apos;webMvcConfiguration&apos; existing class &apos;edu.ncsu.csc.itrust2.mvc.config.WebMvcConfiguration&apos; with enhanced class &apos;edu.ncsu.csc.itrust2.mvc.config.WebMvcConfiguration$$EnhancerBySpringCGLIB$$de7b09d5&apos;
21:59:44.435 [main] DEBUG o.s.c.a.ConfigurationClassEnhancer - Successfully enhanced edu.ncsu.csc.itrust2.config.DataConfiguration; enhanced class name is: edu.ncsu.csc.itrust2.config.DataConfiguration$$EnhancerBySpringCGLIB$$60f4bbd
21:59:44.435 [main] DEBUG o.s.c.a.ConfigurationClassPostProcessor - Replacing bean definition &apos;dataConfiguration&apos; existing class &apos;edu.ncsu.csc.itrust2.config.DataConfiguration&apos; with enhanced class &apos;edu.ncsu.csc.itrust2.config.DataConfiguration$$EnhancerBySpringCGLIB$$60f4bbd&apos;
21:59:44.435 [main] DEBUG o.s.c.a.ConfigurationClassEnhancer - Successfully enhanced edu.ncsu.csc.itrust2.config.SecurityConfig; enhanced class name is: edu.ncsu.csc.itrust2.config.SecurityConfig$$EnhancerBySpringCGLIB$$f88fd361
21:59:44.435 [main] DEBUG o.s.c.a.ConfigurationClassPostProcessor - Replacing bean definition &apos;securityConfig&apos; existing class &apos;edu.ncsu.csc.itrust2.config.SecurityConfig&apos; with enhanced class &apos;edu.ncsu.csc.itrust2.config.SecurityConfig$$EnhancerBySpringCGLIB$$f88fd361&apos;
21:59:44.435 [main] DEBUG o.s.c.a.ConfigurationClassEnhancer - Successfully enhanced org.springframework.security.config.annotation.configuration.ObjectPostProcessorConfiguration; enhanced class name is: org.springframework.security.config.annotation.configuration.ObjectPostProcessorConfiguration$$EnhancerBySpringCGLIB$$6851d2d
21:59:44.435 [main] DEBUG o.s.c.a.ConfigurationClassPostProcessor - Replacing bean definition &apos;org.springframework.security.config.annotation.configuration.ObjectPostProcessorConfiguration&apos; existing class &apos;org.springframework.security.config.annotation.configuration.ObjectPostProcessorConfiguration&apos; with enhanced class &apos;org.springframework.security.config.annotation.configuration.ObjectPostProcessorConfiguration$$EnhancerBySpringCGLIB$$6851d2d&apos;
21:59:44.435 [main] DEBUG o.s.c.a.ConfigurationClassEnhancer - Successfully enhanced org.springframework.security.config.annotation.authentication.configuration.AuthenticationConfiguration; enhanced class name is: org.springframework.security.config.annotation.authentication.configuration.AuthenticationConfiguration$$EnhancerBySpringCGLIB$$524e27a2
21:59:44.435 [main] DEBUG o.s.c.a.ConfigurationClassPostProcessor - Replacing bean definition &apos;org.springframework.security.config.annotation.authentication.configuration.AuthenticationConfiguration&apos; existing class &apos;org.springframework.security.config.annotation.authentication.configuration.AuthenticationConfiguration&apos; with enhanced class &apos;org.springframework.security.config.annotation.authentication.configuration.AuthenticationConfiguration$$EnhancerBySpringCGLIB$$524e27a2&apos;
21:59:44.435 [main] DEBUG o.s.c.a.ConfigurationClassEnhancer - Successfully enhanced org.springframework.security.config.annotation.authentication.configuration.AuthenticationConfiguration; enhanced class name is: org.springframework.security.config.annotation.authentication.configuration.AuthenticationConfiguration$$EnhancerBySpringCGLIB$$524e27a2
21:59:44.435 [main] DEBUG o.s.c.a.ConfigurationClassPostProcessor - Replacing bean definition &apos;enableGlobalAuthenticationAutowiredConfigurer&apos; existing class &apos;org.springframework.security.config.annotation.authentication.configuration.AuthenticationConfiguration&apos; with enhanced class &apos;org.springframework.security.config.annotation.authentication.configuration.AuthenticationConfiguration$$EnhancerBySpringCGLIB$$524e27a2&apos;
21:59:44.435 [main] DEBUG o.s.c.a.ConfigurationClassEnhancer - Successfully enhanced org.springframework.security.config.annotation.authentication.configuration.AuthenticationConfiguration; enhanced class name is: org.springframework.security.config.annotation.authentication.configuration.AuthenticationConfiguration$$EnhancerBySpringCGLIB$$524e27a2
21:59:44.435 [main] DEBUG o.s.c.a.ConfigurationClassPostProcessor - Replacing bean definition &apos;initializeUserDetailsBeanManagerConfigurer&apos; existing class &apos;org.springframework.security.config.annotation.authentication.configuration.AuthenticationConfiguration&apos; with enhanced class &apos;org.springframework.security.config.annotation.authentication.configuration.AuthenticationConfiguration$$EnhancerBySpringCGLIB$$524e27a2&apos;
21:59:44.435 [main] DEBUG o.s.c.a.ConfigurationClassEnhancer - Successfully enhanced org.springframework.security.config.annotation.authentication.configuration.AuthenticationConfiguration; enhanced class name is: org.springframework.security.config.annotation.authentication.configuration.AuthenticationConfiguration$$EnhancerBySpringCGLIB$$524e27a2
21:59:44.435 [main] DEBUG o.s.c.a.ConfigurationClassPostProcessor - Replacing bean definition &apos;initializeAuthenticationProviderBeanManagerConfigurer&apos; existing class &apos;org.springframework.security.config.annotation.authentication.configuration.AuthenticationConfiguration&apos; with enhanced class &apos;org.springframework.security.config.annotation.authentication.configuration.AuthenticationConfiguration$$EnhancerBySpringCGLIB$$524e27a2&apos;
21:59:44.435 [main] DEBUG o.s.c.a.ConfigurationClassEnhancer - Successfully enhanced org.springframework.security.config.annotation.web.configuration.WebSecurityConfiguration; enhanced class name is: org.springframework.security.config.annotation.web.configuration.WebSecurityConfiguration$$EnhancerBySpringCGLIB$$150881e6
21:59:44.435 [main] DEBUG o.s.c.a.ConfigurationClassPostProcessor - Replacing bean definition &apos;org.springframework.security.config.annotation.web.configuration.WebSecurityConfiguration&apos; existing class &apos;org.springframework.security.config.annotation.web.configuration.WebSecurityConfiguration&apos; with enhanced class &apos;org.springframework.security.config.annotation.web.configuration.WebSecurityConfiguration$$EnhancerBySpringCGLIB$$150881e6&apos;
21:59:44.435 [main] DEBUG o.s.c.a.ConfigurationClassEnhancer - Successfully enhanced org.springframework.security.config.annotation.web.configuration.WebSecurityConfiguration; enhanced class name is: org.springframework.security.config.annotation.web.configuration.WebSecurityConfiguration$$EnhancerBySpringCGLIB$$150881e6
21:59:44.435 [main] DEBUG o.s.c.a.ConfigurationClassPostProcessor - Replacing bean definition &apos;delegatingApplicationListener&apos; existing class &apos;org.springframework.security.config.annotation.web.configuration.WebSecurityConfiguration&apos; with enhanced class &apos;org.springframework.security.config.annotation.web.configuration.WebSecurityConfiguration$$EnhancerBySpringCGLIB$$150881e6&apos;
21:59:44.435 [main] DEBUG o.s.c.a.ConfigurationClassEnhancer - Successfully enhanced org.springframework.web.servlet.config.annotation.DelegatingWebMvcConfiguration; enhanced class name is: org.springframework.web.servlet.config.annotation.DelegatingWebMvcConfiguration$$EnhancerBySpringCGLIB$$32983a29
21:59:44.435 [main] DEBUG o.s.c.a.ConfigurationClassPostProcessor - Replacing bean definition &apos;org.springframework.web.servlet.config.annotation.DelegatingWebMvcConfiguration&apos; existing class &apos;org.springframework.web.servlet.config.annotation.DelegatingWebMvcConfiguration&apos; with enhanced class &apos;org.springframework.web.servlet.config.annotation.DelegatingWebMvcConfiguration$$EnhancerBySpringCGLIB$$32983a29&apos;
21:59:44.435 [main] DEBUG o.s.c.a.ConfigurationClassEnhancer - Successfully enhanced org.springframework.security.config.annotation.method.configuration.GlobalMethodSecurityConfiguration; enhanced class name is: org.springframework.security.config.annotation.method.configuration.GlobalMethodSecurityConfiguration$$EnhancerBySpringCGLIB$$2b59bfdf
21:59:44.435 [main] DEBUG o.s.c.a.ConfigurationClassPostProcessor - Replacing bean definition &apos;org.springframework.security.config.annotation.method.configuration.GlobalMethodSecurityConfiguration&apos; existing class &apos;org.springframework.security.config.annotation.method.configuration.GlobalMethodSecurityConfiguration&apos; with enhanced class &apos;org.springframework.security.config.annotation.method.configuration.GlobalMethodSecurityConfiguration$$EnhancerBySpringCGLIB$$2b59bfdf&apos;
21:59:44.436 [main] DEBUG o.s.b.f.s.DefaultListableBeanFactory - Creating shared instance of singleton bean &apos;org.springframework.context.annotation.internalAutowiredAnnotationProcessor&apos;
21:59:44.436 [main] DEBUG o.s.b.f.s.DefaultListableBeanFactory - Creating instance of bean &apos;org.springframework.context.annotation.internalAutowiredAnnotationProcessor&apos;
21:59:44.437 [main] DEBUG o.s.b.f.s.DefaultListableBeanFactory - Eagerly caching bean &apos;org.springframework.context.annotation.internalAutowiredAnnotationProcessor&apos; to allow for resolving potential circular references
21:59:44.438 [main] DEBUG o.s.b.f.s.DefaultListableBeanFactory - Finished creating instance of bean &apos;org.springframework.context.annotation.internalAutowiredAnnotationProcessor&apos;
21:59:44.438 [main] DEBUG o.s.b.f.s.DefaultListableBeanFactory - Creating shared instance of singleton bean &apos;org.springframework.context.annotation.internalRequiredAnnotationProcessor&apos;
21:59:44.438 [main] DEBUG o.s.b.f.s.DefaultListableBeanFactory - Creating instance of bean &apos;org.springframework.context.annotation.internalRequiredAnnotationProcessor&apos;
21:59:44.438 [main] DEBUG o.s.b.f.s.DefaultListableBeanFactory - Eagerly caching bean &apos;org.springframework.context.annotation.internalRequiredAnnotationProcessor&apos; to allow for resolving potential circular references
21:59:44.440 [main] DEBUG o.s.b.f.s.DefaultListableBeanFactory - Finished creating instance of bean &apos;org.springframework.context.annotation.internalRequiredAnnotationProcessor&apos;
21:59:44.440 [main] DEBUG o.s.b.f.s.DefaultListableBeanFactory - Creating shared instance of singleton bean &apos;org.springframework.context.annotation.internalCommonAnnotationProcessor&apos;
21:59:44.440 [main] DEBUG o.s.b.f.s.DefaultListableBeanFactory - Creating instance of bean &apos;org.springframework.context.annotation.internalCommonAnnotationProcessor&apos;
21:59:44.440 [main] DEBUG o.s.b.f.s.DefaultListableBeanFactory - Eagerly caching bean &apos;org.springframework.context.annotation.internalCommonAnnotationProcessor&apos; to allow for resolving potential circular references
21:59:44.442 [main] DEBUG o.s.b.f.s.DefaultListableBeanFactory - Finished creating instance of bean &apos;org.springframework.context.annotation.internalCommonAnnotationProcessor&apos;
21:59:44.442 [main] DEBUG o.s.b.f.s.DefaultListableBeanFactory - Creating shared instance of singleton bean &apos;org.springframework.context.annotation.internalPersistenceAnnotationProcessor&apos;
21:59:44.442 [main] DEBUG o.s.b.f.s.DefaultListableBeanFactory - Creating instance of bean &apos;org.springframework.context.annotation.internalPersistenceAnnotationProcessor&apos;
21:59:44.442 [main] DEBUG o.s.b.f.s.DefaultListableBeanFactory - Eagerly caching bean &apos;org.springframework.context.annotation.internalPersistenceAnnotationProcessor&apos; to allow for resolving potential circular references
21:59:44.444 [main] DEBUG o.s.b.f.s.DefaultListableBeanFactory - Finished creating instance of bean &apos;org.springframework.context.annotation.internalPersistenceAnnotationProcessor&apos;
21:59:44.444 [main] DEBUG o.s.b.f.s.DefaultListableBeanFactory - Creating shared instance of singleton bean &apos;org.springframework.aop.config.internalAutoProxyCreator&apos;
21:59:44.444 [main] DEBUG o.s.b.f.s.DefaultListableBeanFactory - Creating instance of bean &apos;org.springframework.aop.config.internalAutoProxyCreator&apos;
21:59:44.444 [main] DEBUG o.s.b.f.s.DefaultListableBeanFactory - Eagerly caching bean &apos;org.springframework.aop.config.internalAutoProxyCreator&apos; to allow for resolving potential circular references
21:59:44.446 [main] DEBUG o.s.b.f.s.DefaultListableBeanFactory - Finished creating instance of bean &apos;org.springframework.aop.config.internalAutoProxyCreator&apos;
21:59:44.446 [main] DEBUG o.s.w.c.s.GenericWebApplicationContext - Unable to locate MessageSource with name &apos;messageSource&apos;: using default [org.springframework.context.support.DelegatingMessageSource@30372094]
21:59:44.446 [main] DEBUG o.s.w.c.s.GenericWebApplicationContext - Unable to locate ApplicationEventMulticaster with name &apos;applicationEventMulticaster&apos;: using default [org.springframework.context.event.SimpleApplicationEventMulticaster@690c4905]
21:59:44.446 [main] DEBUG o.s.u.c.s.UiApplicationContextUtils - Unable to locate ThemeSource with name &apos;themeSource&apos;: using default [org.springframework.ui.context.support.ResourceBundleThemeSource@4697ab27]
21:59:44.446 [main] DEBUG o.s.b.f.s.DefaultListableBeanFactory - Pre-instantiating singletons in org.springframework.beans.factory.support.DefaultListableBeanFactory@59394b7b: defining beans [org.springframework.context.annotation.internalConfigurationAnnotationProcessor,org.springframework.context.annotation.internalAutowiredAnnotationProcessor,org.springframework.context.annotation.internalRequiredAnnotationProcessor,org.springframework.context.annotation.internalCommonAnnotationProcessor,org.spri
...[truncated 190122 chars]...
aching method [CacheKey[edu.ncsu.csc.itrust2.controllers.patient.PatientController; public java.lang.String edu.ncsu.csc.itrust2.controllers.patient.PatientController.viewDemographics(org.springframework.ui.Model)]] with attributes [[authorize: &apos;hasRole(&apos;ROLE_PATIENT&apos;)&apos;, filter: &apos;null&apos;, filterTarget: &apos;null&apos;]]
21:59:44.672 [main] DEBUG o.s.aop.framework.CglibAopProxy - Unable to apply any optimisations to advised method: public java.lang.String edu.ncsu.csc.itrust2.controllers.patient.PatientController.viewDemographics(org.springframework.ui.Model)
21:59:44.672 [main] DEBUG o.s.s.a.p.PrePostAnnotationSecurityMetadataSource - @org.springframework.security.access.prepost.PreAuthorize(value=hasRole(&apos;ROLE_PATIENT&apos;)) found on specific method: public java.lang.String edu.ncsu.csc.itrust2.controllers.patient.PatientController.demographicsSubmit(edu.ncsu.csc.itrust2.forms.hcp_patient.PatientForm,org.springframework.validation.BindingResult,org.springframework.ui.Model)
21:59:44.672 [main] DEBUG o.s.s.a.m.DelegatingMethodSecurityMetadataSource - Caching method [CacheKey[edu.ncsu.csc.itrust2.controllers.patient.PatientController; public java.lang.String edu.ncsu.csc.itrust2.controllers.patient.PatientController.demographicsSubmit(edu.ncsu.csc.itrust2.forms.hcp_patient.PatientForm,org.springframework.validation.BindingResult,org.springframework.ui.Model)]] with attributes [[authorize: &apos;hasRole(&apos;ROLE_PATIENT&apos;)&apos;, filter: &apos;null&apos;, filterTarget: &apos;null&apos;]]
21:59:44.672 [main] DEBUG o.s.aop.framework.CglibAopProxy - Unable to apply any optimisations to advised method: public java.lang.String edu.ncsu.csc.itrust2.controllers.patient.PatientController.demographicsSubmit(edu.ncsu.csc.itrust2.forms.hcp_patient.PatientForm,org.springframework.validation.BindingResult,org.springframework.ui.Model)
21:59:44.672 [main] DEBUG o.s.s.a.p.PrePostAnnotationSecurityMetadataSource - @org.springframework.security.access.prepost.PreAuthorize(value=hasRole(&apos;ROLE_PATIENT&apos;)) found on specific method: public java.lang.String edu.ncsu.csc.itrust2.controllers.patient.PatientController.index(org.springframework.ui.Model)
21:59:44.672 [main] DEBUG o.s.s.a.m.DelegatingMethodSecurityMetadataSource - Caching method [CacheKey[edu.ncsu.csc.itrust2.controllers.patient.PatientController; public java.lang.String edu.ncsu.csc.itrust2.controllers.patient.PatientController.index(org.springframework.ui.Model)]] with attributes [[authorize: &apos;hasRole(&apos;ROLE_PATIENT&apos;)&apos;, filter: &apos;null&apos;, filterTarget: &apos;null&apos;]]
21:59:44.672 [main] DEBUG o.s.aop.framework.CglibAopProxy - Unable to apply any optimisations to advised method: public java.lang.String edu.ncsu.csc.itrust2.controllers.patient.PatientController.index(org.springframework.ui.Model)
21:59:44.672 [main] DEBUG o.s.aop.framework.CglibAopProxy - Found &apos;equals&apos; method: public boolean java.lang.Object.equals(java.lang.Object)
21:59:44.672 [main] DEBUG o.s.aop.framework.CglibAopProxy - Unable to apply any optimisations to advised method: public java.lang.String java.lang.Object.toString()
21:59:44.672 [main] DEBUG o.s.aop.framework.CglibAopProxy - Found &apos;hashCode&apos; method: public native int java.lang.Object.hashCode()
21:59:44.672 [main] DEBUG o.s.aop.framework.CglibAopProxy - Unable to apply any optimisations to advised method: protected native java.lang.Object java.lang.Object.clone() throws java.lang.CloneNotSupportedException
21:59:44.672 [main] DEBUG o.s.aop.framework.CglibAopProxy - Method is declared on Advised interface: public abstract void org.springframework.aop.framework.Advised.setTargetSource(org.springframework.aop.TargetSource)
21:59:44.672 [main] DEBUG o.s.aop.framework.CglibAopProxy - Method is declared on Advised interface: public abstract org.springframework.aop.TargetSource org.springframework.aop.framework.Advised.getTargetSource()
21:59:44.672 [main] DEBUG o.s.aop.framework.CglibAopProxy - Method is declared on Advised interface: public abstract boolean org.springframework.aop.framework.Advised.isProxyTargetClass()
21:59:44.672 [main] DEBUG o.s.aop.framework.CglibAopProxy - Method is declared on Advised interface: public abstract void org.springframework.aop.framework.Advised.addAdvisor(org.springframework.aop.Advisor) throws org.springframework.aop.framework.AopConfigException
21:59:44.672 [main] DEBUG o.s.aop.framework.CglibAopProxy - Method is declared on Advised interface: public abstract void org.springframework.aop.framework.Advised.addAdvisor(int,org.springframework.aop.Advisor) throws org.springframework.aop.framework.AopConfigException
21:59:44.672 [main] DEBUG o.s.aop.framework.CglibAopProxy - Method is declared on Advised interface: public abstract void org.springframework.aop.framework.Advised.setPreFiltered(boolean)
21:59:44.672 [main] DEBUG o.s.aop.framework.CglibAopProxy - Method is declared on Advised interface: public abstract void org.springframework.aop.framework.Advised.setExposeProxy(boolean)
21:59:44.672 [main] DEBUG o.s.aop.framework.CglibAopProxy - Method is declared on Advised interface: public abstract boolean org.springframework.aop.framework.Advised.isExposeProxy()
21:59:44.672 [main] DEBUG o.s.aop.framework.CglibAopProxy - Method is declared on Advised interface: public abstract boolean org.springframework.aop.framework.Advised.isPreFiltered()
21:59:44.672 [main] DEBUG o.s.aop.framework.CglibAopProxy - Method is declared on Advised interface: public abstract java.lang.Class[] org.springframework.aop.framework.Advised.getProxiedInterfaces()
21:59:44.672 [main] DEBUG o.s.aop.framework.CglibAopProxy - Method is declared on Advised interface: public abstract boolean org.springframework.aop.framework.Advised.isInterfaceProxied(java.lang.Class)
21:59:44.672 [main] DEBUG o.s.aop.framework.CglibAopProxy - Method is declared on Advised interface: public abstract org.springframework.aop.Advisor[] org.springframework.aop.framework.Advised.getAdvisors()
21:59:44.672 [main] DEBUG o.s.aop.framework.CglibAopProxy - Method is declared on Advised interface: public abstract void org.springframework.aop.framework.Advised.removeAdvisor(int) throws org.springframework.aop.framework.AopConfigException
21:59:44.672 [main] DEBUG o.s.aop.framework.CglibAopProxy - Method is declared on Advised interface: public abstract boolean org.springframework.aop.framework.Advised.removeAdvisor(org.springframework.aop.Advisor)
21:59:44.672 [main] DEBUG o.s.aop.framework.CglibAopProxy - Method is declared on Advised interface: public abstract boolean org.springframework.aop.framework.Advised.replaceAdvisor(org.springframework.aop.Advisor,org.springframework.aop.Advisor) throws org.springframework.aop.framework.AopConfigException
21:59:44.672 [main] DEBUG o.s.aop.framework.CglibAopProxy - Method is declared on Advised interface: public abstract boolean org.springframework.aop.framework.Advised.removeAdvice(org.aopalliance.aop.Advice)
21:59:44.672 [main] DEBUG o.s.aop.framework.CglibAopProxy - Method is declared on Advised interface: public abstract java.lang.String org.springframework.aop.framework.Advised.toProxyConfigString()
21:59:44.672 [main] DEBUG o.s.aop.framework.CglibAopProxy - Method is declared on Advised interface: public abstract void org.springframework.aop.framework.Advised.addAdvice(int,org.aopalliance.aop.Advice) throws org.springframework.aop.framework.AopConfigException
21:59:44.672 [main] DEBUG o.s.aop.framework.CglibAopProxy - Method is declared on Advised interface: public abstract void org.springframework.aop.framework.Advised.addAdvice(org.aopalliance.aop.Advice) throws org.springframework.aop.framework.AopConfigException
21:59:44.672 [main] DEBUG o.s.aop.framework.CglibAopProxy - Method is declared on Advised interface: public abstract int org.springframework.aop.framework.Advised.indexOf(org.aopalliance.aop.Advice)
21:59:44.672 [main] DEBUG o.s.aop.framework.CglibAopProxy - Method is declared on Advised interface: public abstract int org.springframework.aop.framework.Advised.indexOf(org.springframework.aop.Advisor)
21:59:44.672 [main] DEBUG o.s.aop.framework.CglibAopProxy - Method is declared on Advised interface: public abstract boolean org.springframework.aop.framework.Advised.isFrozen()
21:59:44.672 [main] DEBUG o.s.aop.framework.CglibAopProxy - Method is declared on Advised interface: public abstract java.lang.Class org.springframework.aop.TargetClassAware.getTargetClass()
21:59:44.676 [main] DEBUG o.s.b.f.s.DefaultListableBeanFactory - Finished creating instance of bean &apos;patientController&apos;
21:59:44.676 [main] DEBUG o.s.b.f.s.DefaultListableBeanFactory - Creating shared instance of singleton bean &apos;passwordController&apos;
21:59:44.676 [main] DEBUG o.s.b.f.s.DefaultListableBeanFactory - Creating instance of bean &apos;passwordController&apos;
21:59:44.676 [main] DEBUG o.s.b.f.s.DefaultListableBeanFactory - Eagerly caching bean &apos;passwordController&apos; to allow for resolving potential circular references
21:59:44.676 [main] DEBUG o.s.b.f.s.DefaultListableBeanFactory - Returning cached instance of singleton bean &apos;metaDataSourceAdvisor&apos;
21:59:44.676 [main] DEBUG o.s.b.f.s.DefaultListableBeanFactory - Finished creating instance of bean &apos;passwordController&apos;
21:59:44.677 [main] DEBUG o.s.b.f.s.DefaultListableBeanFactory - Creating shared instance of singleton bean &apos;userController&apos;
21:59:44.677 [main] DEBUG o.s.b.f.s.DefaultListableBeanFactory - Creating instance of bean &apos;userController&apos;
21:59:44.677 [main] DEBUG o.s.b.f.s.DefaultListableBeanFactory - Eagerly caching bean &apos;userController&apos; to allow for resolving potential circular references
21:59:44.677 [main] DEBUG o.s.b.f.s.DefaultListableBeanFactory - Returning cached instance of singleton bean &apos;metaDataSourceAdvisor&apos;
21:59:44.677 [main] DEBUG o.s.s.a.p.PrePostAnnotationSecurityMetadataSource - @org.springframework.security.access.prepost.PreAuthorize(value=hasRole(&apos;ROLE_HCP&apos;) or hasRole(&apos;ROLE_ADMIN&apos;)) found on specific method: public java.lang.String edu.ncsu.csc.itrust2.controllers.personnel.UserController.viewDemographics(org.springframework.ui.Model)
21:59:44.677 [main] DEBUG o.s.s.a.m.DelegatingMethodSecurityMetadataSource - Caching method [CacheKey[edu.ncsu.csc.itrust2.controllers.personnel.UserController; public java.lang.String edu.ncsu.csc.itrust2.controllers.personnel.UserController.viewDemographics(org.springframework.ui.Model)]] with attributes [[authorize: &apos;hasRole(&apos;ROLE_HCP&apos;) or hasRole(&apos;ROLE_ADMIN&apos;)&apos;, filter: &apos;null&apos;, filterTarget: &apos;null&apos;]]
21:59:44.677 [main] DEBUG o.s.a.f.a.InfrastructureAdvisorAutoProxyCreator - Creating implicit proxy for bean &apos;userController&apos; with 0 common interceptors and 1 specific interceptors
21:59:44.677 [main] DEBUG o.s.aop.framework.CglibAopProxy - Creating CGLIB proxy: target source is SingletonTargetSource for target object [edu.ncsu.csc.itrust2.controllers.personnel.UserController@29cccf98]
21:59:44.677 [main] DEBUG o.s.aop.framework.CglibAopProxy - Unable to apply any optimisations to advised method: public java.lang.String edu.ncsu.csc.itrust2.controllers.personnel.UserController.viewDemographics(org.springframework.ui.Model)
21:59:44.677 [main] DEBUG o.s.s.a.p.PrePostAnnotationSecurityMetadataSource - @org.springframework.security.access.prepost.PreAuthorize(value=hasRole(&apos;ROLE_HCP&apos;) or hasRole(&apos;ROLE_ADMIN&apos;)) found on specific method: public java.lang.String edu.ncsu.csc.itrust2.controllers.personnel.UserController.demographicsSubmit(edu.ncsu.csc.itrust2.forms.personnel.PersonnelForm,org.springframework.validation.BindingResult,org.springframework.ui.Model)
21:59:44.677 [main] DEBUG o.s.s.a.m.DelegatingMethodSecurityMetadataSource - Caching method [CacheKey[edu.ncsu.csc.itrust2.controllers.personnel.UserController; public java.lang.String edu.ncsu.csc.itrust2.controllers.personnel.UserController.demographicsSubmit(edu.ncsu.csc.itrust2.forms.personnel.PersonnelForm,org.springframework.validation.BindingResult,org.springframework.ui.Model)]] with attributes [[authorize: &apos;hasRole(&apos;ROLE_HCP&apos;) or hasRole(&apos;ROLE_ADMIN&apos;)&apos;, filter: &apos;null&apos;, filterTarget: &apos;null&apos;]]
21:59:44.677 [main] DEBUG o.s.aop.framework.CglibAopProxy - Unable to apply any optimisations to advised method: public java.lang.String edu.ncsu.csc.itrust2.controllers.personnel.UserController.demographicsSubmit(edu.ncsu.csc.itrust2.forms.personnel.PersonnelForm,org.springframework.validation.BindingResult,org.springframework.ui.Model)
21:59:44.677 [main] DEBUG o.s.aop.framework.CglibAopProxy - Found &apos;equals&apos; method: public boolean java.lang.Object.equals(java.lang.Object)
21:59:44.677 [main] DEBUG o.s.aop.framework.CglibAopProxy - Unable to apply any optimisations to advised method: public java.lang.String java.lang.Object.toString()
21:59:44.677 [main] DEBUG o.s.aop.framework.CglibAopProxy - Found &apos;hashCode&apos; method: public native int java.lang.Object.hashCode()
21:59:44.677 [main] DEBUG o.s.aop.framework.CglibAopProxy - Unable to apply any optimisations to advised method: protected native java.lang.Object java.lang.Object.clone() throws java.lang.CloneNotSupportedException
21:59:44.677 [main] DEBUG o.s.aop.framework.CglibAopProxy - Method is declared on Advised interface: public abstract void org.springframework.aop.framework.Advised.setTargetSource(org.springframework.aop.TargetSource)
21:59:44.677 [main] DEBUG o.s.aop.framework.CglibAopProxy - Method is declared on Advised interface: public abstract org.springframework.aop.TargetSource org.springframework.aop.framework.Advised.getTargetSource()
21:59:44.677 [main] DEBUG o.s.aop.framework.CglibAopProxy - Method is declared on Advised interface: public abstract boolean org.springframework.aop.framework.Advised.isProxyTargetClass()
21:59:44.677 [main] DEBUG o.s.aop.framework.CglibAopProxy - Method is declared on Advised interface: public abstract void org.springframework.aop.framework.Advised.addAdvisor(org.springframework.aop.Advisor) throws org.springframework.aop.framework.AopConfigException
21:59:44.677 [main] DEBUG o.s.aop.framework.CglibAopProxy - Method is declared on Advised interface: public abstract void org.springframework.aop.framework.Advised.addAdvisor(int,org.springframework.aop.Advisor) throws org.springframework.aop.framework.AopConfigException
21:59:44.677 [main] DEBUG o.s.aop.framework.CglibAopProxy - Method is declared on Advised interface: public abstract void org.springframework.aop.framework.Advised.setPreFiltered(boolean)
21:59:44.677 [main] DEBUG o.s.aop.framework.CglibAopProxy - Method is declared on Advised interface: public abstract void org.springframework.aop.framework.Advised.setExposeProxy(boolean)
21:59:44.677 [main] DEBUG o.s.aop.framework.CglibAopProxy - Method is declared on Advised interface: public abstract boolean org.springframework.aop.framework.Advised.isExposeProxy()
21:59:44.677 [main] DEBUG o.s.aop.framework.CglibAopProxy - Method is declared on Advised interface: public abstract boolean org.springframework.aop.framework.Advised.isPreFiltered()
21:59:44.677 [main] DEBUG o.s.aop.framework.CglibAopProxy - Method is declared on Advised interface: public abstract java.lang.Class[] org.springframework.aop.framework.Advised.getProxiedInterfaces()
21:59:44.677 [main] DEBUG o.s.aop.framework.CglibAopProxy - Method is declared on Advised interface: public abstract boolean org.springframework.aop.framework.Advised.isInterfaceProxied(java.lang.Class)
21:59:44.677 [main] DEBUG o.s.aop.framework.CglibAopProxy - Method is declared on Advised interface: public abstract org.springframework.aop.Advisor[] org.springframework.aop.framework.Advised.getAdvisors()
21:59:44.677 [main] DEBUG o.s.aop.framework.CglibAopProxy - Method is declared on Advised interface: public abstract void org.springframework.aop.framework.Advised.removeAdvisor(int) throws org.springframework.aop.framework.AopConfigException
21:59:44.677 [main] DEBUG o.s.aop.framework.CglibAopProxy - Method is declared on Advised interface: public abstract boolean org.springframework.aop.framework.Advised.removeAdvisor(org.springframework.aop.Advisor)
21:59:44.677 [main] DEBUG o.s.aop.framework.CglibAopProxy - Method is declared on Advised interface: public abstract boolean org.springframework.aop.framework.Advised.replaceAdvisor(org.springframework.aop.Advisor,org.springframework.aop.Advisor) throws org.springframework.aop.framework.AopConfigException
21:59:44.677 [main] DEBUG o.s.aop.framework.CglibAopProxy - Method is declared on Advised interface: public abstract boolean org.springframework.aop.framework.Advised.removeAdvice(org.aopalliance.aop.Advice)
21:59:44.677 [main] DEBUG o.s.aop.framework.CglibAopProxy - Method is declared on Advised interface: public abstract java.lang.String org.springframework.aop.framework.Advised.toProxyConfigString()
21:59:44.677 [main] DEBUG o.s.aop.framework.CglibAopProxy - Method is declared on Advised interface: public abstract void org.springframework.aop.framework.Advised.addAdvice(int,org.aopalliance.aop.Advice) throws org.springframework.aop.framework.AopConfigException
21:59:44.677 [main] DEBUG o.s.aop.framework.CglibAopProxy - Method is declared on Advised interface: public abstract void org.springframework.aop.framework.Advised.addAdvice(org.aopalliance.aop.Advice) throws org.springframework.aop.framework.AopConfigException
21:59:44.677 [main] DEBUG o.s.aop.framework.CglibAopProxy - Method is declared on Advised interface: public abstract int org.springframework.aop.framework.Advised.indexOf(org.aopalliance.aop.Advice)
21:59:44.677 [main] DEBUG o.s.aop.framework.CglibAopProxy - Method is declared on Advised interface: public abstract int org.springframework.aop.framework.Advised.indexOf(org.springframework.aop.Advisor)
21:59:44.677 [main] DEBUG o.s.aop.framework.CglibAopProxy - Method is declared on Advised interface: public abstract boolean org.springframework.aop.framework.Advised.isFrozen()
21:59:44.677 [main] DEBUG o.s.aop.framework.CglibAopProxy - Method is declared on Advised interface: public abstract java.lang.Class org.springframework.aop.TargetClassAware.getTargetClass()
21:59:44.681 [main] DEBUG o.s.b.f.s.DefaultListableBeanFactory - Finished creating instance of bean &apos;userController&apos;
21:59:44.681 [main] DEBUG o.s.b.f.s.DefaultListableBeanFactory - Returning cached instance of singleton bean &apos;dataSource&apos;
21:59:44.681 [main] DEBUG o.s.b.f.s.DefaultListableBeanFactory - Returning cached instance of singleton bean &apos;org.springframework.security.config.annotation.configuration.ObjectPostProcessorConfiguration&apos;
21:59:44.681 [main] DEBUG o.s.b.f.s.DefaultListableBeanFactory - Returning cached instance of singleton bean &apos;objectPostProcessor&apos;
21:59:44.681 [main] DEBUG o.s.b.f.s.DefaultListableBeanFactory - Returning cached instance of singleton bean &apos;org.springframework.security.config.annotation.authentication.configuration.AuthenticationConfiguration&apos;
21:59:44.681 [main] DEBUG o.s.b.f.s.DefaultListableBeanFactory - Returning cached instance of singleton bean &apos;authenticationManagerBuilder&apos;
21:59:44.681 [main] DEBUG o.s.b.f.s.DefaultListableBeanFactory - Returning cached instance of singleton bean &apos;enableGlobalAuthenticationAutowiredConfigurer&apos;
21:59:44.681 [main] DEBUG o.s.b.f.s.DefaultListableBeanFactory - Returning cached instance of singleton bean &apos;initializeUserDetailsBeanManagerConfigurer&apos;
21:59:44.681 [main] DEBUG o.s.b.f.s.DefaultListableBeanFactory - Returning cached instance of singleton bean &apos;initializeAuthenticationProviderBeanManagerConfigurer&apos;
21:59:44.681 [main] DEBUG o.s.b.f.s.DefaultListableBeanFactory - Creating shared instance of singleton bean &apos;org.springframework.security.config.annotation.web.configuration.WebSecurityConfiguration&apos;
21:59:44.681 [main] DEBUG o.s.b.f.s.DefaultListableBeanFactory - Creating instance of bean &apos;org.springframework.security.config.annotation.web.configuration.WebSecurityConfiguration&apos;
21:59:44.683 [main] DEBUG o.s.b.f.annotation.InjectionMetadata - Registered injected element on class [org.springframework.security.config.annotation.web.configuration.WebSecurityConfiguration$$EnhancerBySpringCGLIB$$150881e6]: AutowiredFieldElement for private org.springframework.security.config.annotation.ObjectPostProcessor org.springframework.security.config.annotation.web.configuration.WebSecurityConfiguration.objectObjectPostProcessor
21:59:44.683 [main] DEBUG o.s.b.f.annotation.InjectionMetadata - Registered injected element on class [org.springframework.security.config.annotation.web.configuration.WebSecurityConfiguration$$EnhancerBySpringCGLIB$$150881e6]: AutowiredMethodElement for public void org.springframework.security.config.annotation.web.configuration.WebSecurityConfiguration.setFilterChainProxySecurityConfigurer(org.springframework.security.config.annotation.ObjectPostProcessor,java.util.List) throws java.lang.Exception
21:59:44.683 [main] DEBUG o.s.b.f.s.DefaultListableBeanFactory - Eagerly caching bean &apos;org.springframework.security.config.annotation.web.configuration.WebSecurityConfiguration&apos; to allow for resolving potential circular references
21:59:44.683 [main] DEBUG o.s.b.f.annotation.InjectionMetadata - Processing injected element of bean &apos;org.springframework.security.config.annotation.web.configuration.WebSecurityConfiguration&apos;: AutowiredFieldElement for private org.springframework.security.config.annotation.ObjectPostProcessor org.springframework.security.config.annotation.web.configuration.WebSecurityConfiguration.objectObjectPostProcessor
21:59:44.683 [main] DEBUG o.s.b.f.s.DefaultListableBeanFactory - Returning cached instance of singleton bean &apos;objectPostProcessor&apos;
21:59:44.683 [main] DEBUG o.s.b.f.a.AutowiredAnnotationBeanPostProcessor - Autowiring by type from bean name &apos;org.springframework.security.config.annotation.web.configuration.WebSecurityConfiguration&apos; to bean named &apos;objectPostProcessor&apos;
21:59:44.683 [main] DEBUG o.s.b.f.annotation.InjectionMetadata - Processing injected element of bean &apos;org.springframework.security.config.annotation.web.configuration.WebSecurityConfiguration&apos;: AutowiredMethodElement for public void org.springframework.security.config.annotation.web.configuration.WebSecurityConfiguration.setFilterChainProxySecurityConfigurer(org.springframework.security.config.annotation.ObjectPostProcessor,java.util.List) throws java.lang.Exception
21:59:44.683 [main] DEBUG o.s.b.f.s.DefaultListableBeanFactory - Returning cached instance of singleton bean &apos;objectPostProcessor&apos;
21:59:44.683 [main] DEBUG o.s.b.f.s.DefaultListableBeanFactory - Creating shared instance of singleton bean &apos;autowiredWebSecurityConfigurersIgnoreParents&apos;
21:59:44.683 [main] DEBUG o.s.b.f.s.DefaultListableBeanFactory - Creating instance of bean &apos;autowiredWebSecurityConfigurersIgnoreParents&apos;
21:59:44.683 [main] DEBUG o.s.b.f.s.DefaultListableBeanFactory - Returning cached instance of singleton bean &apos;metaDataSourceAdvisor&apos;
21:59:44.684 [main] DEBUG o.s.b.f.s.DefaultListableBeanFactory - Returning eagerly cached instance of singleton bean &apos;org.springframework.security.config.annotation.web.configuration.WebSecurityConfiguration&apos; that is not fully initialized yet - a consequence of a circular reference
21:59:44.685 [main] DEBUG o.s.b.f.s.DefaultListableBeanFactory - Autowiring by type from bean name &apos;autowiredWebSecurityConfigurersIgnoreParents&apos; via factory method to bean named &apos;org.springframework.beans.factory.support.DefaultListableBeanFactory@59394b7b&apos;
21:59:44.685 [main] DEBUG o.s.b.f.s.DefaultListableBeanFactory - Eagerly caching bean &apos;autowiredWebSecurityConfigurersIgnoreParents&apos; to allow for resolving potential circular references
21:59:44.685 [main] DEBUG o.s.b.f.s.DefaultListableBeanFactory - Returning cached instance of singleton bean &apos;metaDataSourceAdvisor&apos;
21:59:44.685 [main] DEBUG o.s.b.f.s.DefaultListableBeanFactory - Finished creating instance of bean &apos;autowiredWebSecurityConfigurersIgnoreParents&apos;
21:59:44.685 [main] DEBUG o.s.b.f.s.DefaultListableBeanFactory - Returning cached instance of singleton bean &apos;securityConfig&apos;
21:59:44.685 [main] DEBUG o.s.b.f.a.AutowiredAnnotationBeanPostProcessor - Autowiring by type from bean name &apos;org.springframework.security.config.annotation.web.configuration.WebSecurityConfiguration&apos; to bean named &apos;objectPostProcessor&apos;
21:59:44.685 [main] DEBUG o.s.b.f.s.DefaultListableBeanFactory - Returning cached instance of singleton bean &apos;metaDataSourceAdvisor&apos;
21:59:44.689 [main] DEBUG o.s.b.f.s.DefaultListableBeanFactory - Returning cached instance of singleton bean &apos;org.springframework.context.annotation.ConfigurationClassPostProcessor.importRegistry&apos;
21:59:44.689 [main] DEBUG o.s.b.f.s.DefaultListableBeanFactory - Finished creating instance of bean &apos;org.springframework.security.config.annotation.web.configuration.WebSecurityConfiguration&apos;
21:59:44.689 [main] DEBUG o.s.b.f.s.DefaultListableBeanFactory - Creating shared instance of singleton bean &apos;delegatingApplicationListener&apos;
21:59:44.689 [main] DEBUG o.s.b.f.s.DefaultListableBeanFactory - Creating instance of bean &apos;delegatingApplicationListener&apos;
21:59:44.689 [main] DEBUG o.s.b.f.s.DefaultListableBeanFactory - Eagerly caching bean &apos;delegatingApplicationListener&apos; to allow for resolving potential circular references
21:59:44.689 [main] DEBUG o.s.b.f.s.DefaultListableBeanFactory - Returning cached instance of singleton bean &apos;metaDataSourceAdvisor&apos;
21:59:44.689 [main] DEBUG o.s.b.f.s.DefaultListableBeanFactory - Finished creating instance of bean &apos;delegatingApplicationListener&apos;
21:59:44.689 [main] DEBUG o.s.b.f.s.DefaultListableBeanFactory - Creating shared instance of singleton bean &apos;springSecurityFilterChain&apos;
21:59:44.689 [main] DEBUG o.s.b.f.s.DefaultListableBeanFactory - Creating instance of bean &apos;springSecurityFilterChain&apos;
21:59:44.689 [main] DEBUG o.s.b.f.s.DefaultListableBeanFactory - Returning cached instance of singleton bean &apos;org.springframework.security.config.annotation.web.configuration.WebSecurityConfiguration&apos;
21:59:44.689 [main] DEBUG o.s.b.f.s.DefaultListableBeanFactory - Returning cached instance of singleton bean &apos;metaDataSourceAdvisor&apos;
21:59:44.690 [main] DEBUG o.s.b.f.s.DefaultListableBeanFactory - Returning cached instance of singleton bean &apos;webMvcConfiguration&apos;
21:59:44.690 [main] DEBUG o.s.b.f.s.DefaultListableBeanFactory - Returning cached instance of singleton bean &apos;securityConfig&apos;
21:59:44.690 [main] DEBUG o.s.s.c.a.a.c.AuthenticationConfiguration$EnableGlobalAuthenticationAutowiredConfigurer - Eagerly initializing {webMvcConfiguration=edu.ncsu.csc.itrust2.mvc.config.WebMvcConfiguration$$EnhancerBySpringCGLIB$$de7b09d5@3859dfde, securityConfig=edu.ncsu.csc.itrust2.config.SecurityConfig$$EnhancerBySpringCGLIB$$f88fd361@729f0033}
21:59:44.690 [main] DEBUG o.s.b.f.s.DefaultListableBeanFactory - Invoking afterPropertiesSet() on bean with name &apos;org.springframework.security.authentication.dao.DaoAuthenticationProvider@70e11963&apos;
21:59:44.690 [main] DEBUG o.s.b.f.s.DefaultListableBeanFactory - Returning cached instance of singleton bean &apos;metaDataSourceAdvisor&apos;
21:59:44.692 [main] DEBUG o.s.b.f.s.DefaultListableBeanFactory - Invoking afterPropertiesSet() on bean with name &apos;org.springframework.security.authentication.ProviderManager@7be973ed&apos;
21:59:44.692 [main] DEBUG o.s.b.f.s.DefaultListableBeanFactory - Returning cached instance of singleton bean &apos;metaDataSourceAdvisor&apos;
21:59:44.693 [main] DEBUG o.s.b.f.s.DefaultListableBeanFactory - Returning cached instance of singleton bean &apos;authenticationManagerBuilder&apos;
21:59:44.693 [main] DEBUG o.s.w.c.s.StandardServletEnvironment - Adding [servletConfigInitParams] PropertySource with lowest search precedence
21:59:44.693 [main] DEBUG o.s.w.c.s.StandardServletEnvironment - Adding [servletContextInitParams] PropertySource with lowest search precedence
21:59:44.693 [main] DEBUG o.s.w.c.s.StandardServletEnvironment - Adding [systemProperties] PropertySource with lowest search precedence
21:59:44.693 [main] DEBUG o.s.w.c.s.StandardServletEnvironment - Adding [systemEnvironment] PropertySource with lowest search precedence
21:59:44.693 [main] DEBUG o.s.w.c.s.StandardServletEnvironment - Initialized StandardServletEnvironment with PropertySources [servletConfigInitParams,servletContextInitParams,systemProperties,systemEnvironment]
21:59:44.693 [main] DEBUG o.s.w.c.s.StandardServletEnvironment - Adding [servletConfigInitParams] PropertySource with lowest search precedence
21:59:44.693 [main] DEBUG o.s.w.c.s.StandardServletEnvironment - Adding [servletContextInitParams] PropertySource with lowest search precedence
21:59:44.693 [main] DEBUG o.s.w.c.s.StandardServletEnvironment - Adding [systemProperties] PropertySource with lowest search precedence
21:59:44.693 [main] DEBUG o.s.w.c.s.StandardServletEnvironment - Adding [systemEnvironment] PropertySource with lowest search precedence
21:59:44.693 [main] DEBUG o.s.w.c.s.StandardServletEnvironment - Initialized StandardServletEnvironment with PropertySources [servletConfigInitParams,servletContextInitParams,systemProperties,systemEnvironment]
21:59:44.693 [main] DEBUG o.s.w.c.s.StandardServletEnvironment - Adding [servletConfigInitParams] PropertySource with lowest search precedence
21:59:44.693 [main] DEBUG o.s.w.c.s.StandardServletEnvironment - Adding [servletContextInitParams] PropertySource with lowest search precedence
21:59:44.693 [main] DEBUG o.s.w.c.s.StandardServletEnvironment - Adding [systemProperties] PropertySource with lowest search precedence
21:59:44.693 [main] DEBUG o.s.w.c.s.StandardServletEnvironment - Adding [systemEnvironment] PropertySource with lowest search precedence
21:59:44.693 [main] DEBUG o.s.w.c.s.StandardServletEnvironment - Initialized StandardServletEnvironment with PropertySources [servletConfigInitParams,servletContextInitParams,systemProperties,systemEnvironment]
21:59:44.694 [main] DEBUG o.s.b.f.s.DefaultListableBeanFactory - Creating shared instance of singleton bean &apos;ipBlockFilter&apos;
21:59:44.694 [main] DEBUG o.s.b.f.s.DefaultListableBeanFactory - Creating instance of bean &apos;ipBlockFilter&apos;
21:59:44.694 [main] DEBUG o.s.b.f.s.DefaultListableBeanFactory - Returning cached instance of singleton bean &apos;securityConfig&apos;
21:59:44.694 [main] DEBUG o.s.w.c.s.StandardServletEnvironment - Adding [servletConfigInitParams] PropertySource with lowest search precedence
21:59:44.694 [main] DEBUG o.s.w.c.s.StandardServletEnvironment - Adding [servletContextInitParams] PropertySource with lowest search precedence
21:59:44.694 [main] DEBUG o.s.w.c.s.StandardServletEnvironment - Adding [systemProperties] PropertySource with lowest search precedence
21:59:44.694 [main] DEBUG o.s.w.c.s.StandardServletEnvironment - Adding [systemEnvironment] PropertySource with lowest search precedence
21:59:44.694 [main] DEBUG o.s.w.c.s.StandardServletEnvironment - Initialized StandardServletEnvironment with PropertySources [servletConfigInitParams,servletContextInitParams,systemProperties,systemEnvironment]
21:59:44.694 [main] DEBUG o.s.b.f.s.DefaultListableBeanFactory - Eagerly caching bean &apos;ipBlockFilter&apos; to allow for resolving potential circular references
21:59:44.696 [main] DEBUG o.s.b.f.s.DefaultListableBeanFactory - Invoking afterPropertiesSet() on bean with name &apos;ipBlockFilter&apos;
21:59:44.696 [main] DEBUG o.s.b.f.s.DefaultListableBeanFactory - Returning cached instance of singleton bean &apos;metaDataSourceAdvisor&apos;
21:59:44.697 [main] DEBUG o.s.b.f.s.DefaultListableBeanFactory - Finished creating instance of bean &apos;ipBlockFilter&apos;
21:59:44.697 [main] DEBUG o.s.w.c.s.StandardServletEnvironment - Adding [servletConfigInitParams] PropertySource with lowest search precedence
21:59:44.697 [main] DEBUG o.s.w.c.s.StandardServletEnvironment - Adding [servletContextInitParams] PropertySource with lowest search precedence
21:59:44.697 [main] DEBUG o.s.w.c.s.StandardServletEnvironment - Adding [systemProperties] PropertySource with lowest search precedence
21:59:44.697 [main] DEBUG o.s.w.c.s.StandardServletEnvironment - Adding [systemEnvironment] PropertySource with lowest search precedence
21:59:44.697 [main] DEBUG o.s.w.c.s.StandardServletEnvironment - Initialized StandardServletEnvironment with PropertySources [servletConfigInitParams,servletContextInitParams,systemProperties,systemEnvironment]
21:59:44.697 [main] DEBUG o.s.b.f.s.DefaultListableBeanFactory - Retrieved dependent beans for bean &apos;springSecurityFilterChain&apos;: [webSecurityExpressionHandler]
21:59:44.697 [main] WARN  o.s.w.c.s.GenericWebApplicationContext - Exception encountered during context initialization - cancelling refresh attempt: org.springframework.beans.factory.BeanCreationException: Error creating bean with name &apos;springSecurityFilterChain&apos; defined in class path resource [org/springframework/security/config/annotation/web/configuration/WebSecurityConfiguration.class]: Bean instantiation via factory method failed; nested exception is org.springframework.beans.BeanInstantiationException: Failed to instantiate [javax.servlet.Filter]: Factory method &apos;springSecurityFilterChain&apos; threw exception; nested exception is java.lang.IllegalArgumentException: &apos;Savings Account?error&apos; is not a valid redirect URL
21:59:44.697 [main] DEBUG o.s.b.f.s.DefaultListableBeanFactory - Destroying singletons in org.springframework.beans.factory.support.DefaultListableBeanFactory@59394b7b: defining beans [org.springframework.context.annotation.internalConfigurationAnnotationProcessor,org.springframework.context.annotation.internalAutowiredAnnotationProcessor,org.springframework.context.annotation.internalRequiredAnnotationProcessor,org.springframework.context.annotation.internalCommonAnnotationProcessor,org.springframework.context.annotation.internalPersistenceAnnotationProcessor,org.springframework.context.event.internalEventListenerProcessor,org.springframework.context.event.internalEventListenerFactory,rootConfiguration,webMvcConfiguration,dataConfiguration,loginAuditingListener,securityConfig,defaultController,adminController,adminUserController,hospitalController,ICDCodesController,APIAppointmentRequestController,APIDiagnosisController,APIDrugController,APIEnumController,APIHospitalController,APIICDCodeController,APILogEntryController,APIOfficeVisitController,APIPasswordController,APIPatientController,APIPersonnelController,APIPrescriptionController,APIUserController,appointmentControllerHCP,HCPController,officeVisitController,appointmentController,diagnosesController,patientController,passwordController,userController,dataSource,org.springframework.security.config.annotation.configuration.ObjectPostProcessorConfiguration,objectPostProcessor,org.springframework.security.config.annotation.authentication.configuration.AuthenticationConfiguration,authenticationManagerBuilder,enableGlobalAuthenticationAutowiredConfigurer,initializeUserDetailsBeanManagerConfigurer,initializeAuthenticationProviderBeanManagerConfigurer,org.springframework.security.config.annotation.web.configuration.WebSecurityConfiguration,delegatingApplicationListener,webSecurityExpressionHandler,springSecurityFilterChain,privilegeEvaluator,autowiredWebSecurityConfigurersIgnoreParents,org.springframework.security.config.annotation.web.configuration.WebMvcSecurityConfiguration,requestDataValueProcessor,passwordEncoder,defaultAuthenticationEventPublisher,failureHandler,ipBlockFilter,org.springframework.web.servlet.config.annotation.DelegatingWebMvcConfiguration,mvcConversionService,requestMappingHandlerMapping,mvcPathMatcher,mvcUrlPathHelper,mvcContentNegotiationManager,viewControllerHandlerMapping,beanNameHandlerMapping,resourceHandlerMapping,mvcResourceUrlProvider,defaultServletHandlerMapping,requestMappingHandlerAdapter,mvcValidator,mvcUriComponentsContributor,httpRequestHandlerAdapter,simpleControllerHandlerAdapter,handlerExceptionResolver,mvcViewResolver,org.springframework.security.config.annotation.method.configuration.GlobalMethodSecurityConfiguration,methodSecurityInterceptor,methodSecurityMetadataSource,preInvocationAuthorizationAdvice,viewResolver,templateEngine,domainClassConverter,metaDataSourceAdvisor,org.springframework.aop.config.internalAutoProxyCreator]; root of factory hierarchy
21:59:44.697 [main] DEBUG o.s.b.f.s.DisposableBeanAdapter - Invoking destroy() on bean with name &apos;ipBlockFilter&apos;
21:59:44.697 [main] DEBUG o.s.b.f.s.DefaultListableBeanFactory - Retrieved dependent beans for bean &apos;objectPostProcessor&apos;: [org.springframework.security.config.annotation.method.configuration.GlobalMethodSecurityConfiguration, securityConfig, org.springframework.security.config.annotation.authentication.configuration.AuthenticationConfiguration, authenticationManagerBuilder, org.springframework.security.config.annotation.web.configuration.WebSecurityConfiguration]
21:59:44.697 [main] DEBUG o.s.b.f.s.DisposableBeanAdapter - Invoking destroy() on bean with name &apos;objectPostProcessor&apos;
21:59:44.698 [main] ERROR o.s.test.context.TestContextManager - Caught exception while allowing TestExecutionListener [org.springframework.test.context.web.ServletTestExecutionListener@1db250ea] to prepare test instance [edu.ncsu.csc.itrust2.apitest.APIHospitalTest@cadae8d]
java.lang.IllegalStateException: Failed to load ApplicationContext
	at org.springframework.test.context.cache.DefaultCacheAwareContextLoaderDelegate.loadContext(DefaultCacheAwareContextLoaderDelegate.java:124) ~[spring-test-4.3.5.RELEASE.jar:4.3.5.RELEASE]
	at org.springframework.test.context.support.DefaultTestContext.getApplicationContext(DefaultTestContext.java:83) ~[spring-test-4.3.5.RELEASE.jar:4.3.5.RELEASE]
	at org.springframework.test.context.web.ServletTestExecutionListener.setUpRequestContextIfNecessary(ServletTestExecutionListener.java:189) ~[spring-test-4.3.5.RELEASE.jar:4.3.5.RELEASE]
	at org.springframework.test.context.web.ServletTestExecutionListener.prepareTestInstance(ServletTestExecutionListener.java:131) ~[spring-test-4.3.5.RELEASE.jar:4.3.5.RELEASE]
	at org.springframework.test.context.TestContextManager.prepareTestInstance(TestContextManager.java:230) ~[spring-test-4.3.5.RELEASE.jar:4.3.5.RELEASE]
	at org.springframework.test.context.junit4.SpringJUnit4ClassRunner.createTest(SpringJUnit4ClassRunner.java:228) [spring-test-4.3.5.RELEASE.jar:4.3.5.RELEASE]
	at org.springframework.test.context.junit4.SpringJUnit4ClassRunner$1.runReflectiveCall(SpringJUnit4ClassRunner.java:287) [spring-test-4.3.5.RELEASE.jar:4.3.5.RELEASE]
	at org.junit.internal.runners.model.ReflectiveCallable.run(ReflectiveCallable.java:12) [junit-4.12.jar:4.12]
	at org.springframework.test.context.junit4.SpringJUnit4ClassRunner.methodBlock(SpringJUnit4ClassRunner.java:289) [spring-test-4.3.5.RELEASE.jar:4.3.5.RELEASE]
	at org.springframework.test.context.junit4.SpringJUnit4ClassRunner.runChild(SpringJUnit4ClassRunner.java:247) [spring-test-4.3.5.RELEASE.jar:4.3.5.RELEASE]
	at org.springframework.test.context.junit4.SpringJUnit4ClassRunner.runChild(SpringJUnit4ClassRunner.java:94) [spring-test-4.3.5.RELEASE.jar:4.3.5.RELEASE]
	at org.junit.runners.ParentRunner$3.run(ParentRunner.java:290) [junit-4.12.jar:4.12]
	at org.junit.runners.ParentRunner$1.schedule(ParentRunner.java:71) [junit-4.12.jar:4.12]
	at org.junit.runners.ParentRunner.runChildren(ParentRunner.java:288) [junit-4.12.jar:4.12]
	at org.junit.runners.ParentRunner.access$000(ParentRunner.java:58) [junit-4.12.jar:4.12]
	at org.junit.runners.ParentRunner$2.evaluate(ParentRunner.java:268) [junit-4.12.jar:4.12]
	at org.springframework.test.context.junit4.statements.RunBeforeTestClassCallbacks.evaluate(RunBeforeTestClassCallbacks.java:61) [spring-test-4.3.5.RELEASE.jar:4.3.5.RELEASE]
	at org.springframework.test.context.junit4.statements.RunAfterTestClassCallbacks.evaluate(RunAfterTestClassCallbacks.java:70) [spring-test-4.3.5.RELEASE.jar:4.3.5.RELEASE]
	at org.junit.runners.ParentRunner.run(ParentRunner.java:363) [junit-4.12.jar:4.12]
	at org.springframework.test.context.junit4.SpringJUnit4ClassRunner.run(SpringJUnit4ClassRunner.java:191) [spring-test-4.3.5.RELEASE.jar:4.3.5.RELEASE]
	at org.apache.maven.surefire.junit4.JUnit4Provider.execute(JUnit4Provider.java:365) [surefire-junit4-2.20.jar:2.20]
	at org.apache.maven.surefire.junit4.JUnit4Provider.executeWithRerun(JUnit4Provider.java:272) [surefire-junit4-2.20.jar:2.20]
	at org.apache.maven.surefire.junit4.JUnit4Provider.executeTestSet(JUnit4Provider.java:236) [surefire-junit4-2.20.jar:2.20]
	at org.apache.maven.surefire.junit4.JUnit4Provider.invoke(JUnit4Provider.java:159) [surefire-junit4-2.20.jar:2.20]
	at org.apache.maven.surefire.booter.ForkedBooter.invokeProviderInSameClassLoader(ForkedBooter.java:386) [surefire-booter-2.20.jar:2.20]
	at org.apache.maven.surefire.booter.ForkedBooter.runSuitesInProcess(ForkedBooter.java:323) [surefire-booter-2.20.jar:2.20]
	at org.apache.maven.surefire.booter.ForkedBooter.main(ForkedBooter.java:143) [surefire-booter-2.20.jar:2.20]
Caused by: org.springframework.beans.factory.BeanCreationException: Error creating bean with name &apos;springSecurityFilterChain&apos; defined in class path resource [org/springframework/security/config/annotation/web/configuration/WebSecurityConfiguration.class]: Bean instantiation via factory method failed; nested exception is org.springframework.beans.BeanInstantiationException: Failed to instantiate [javax.servlet.Filter]: Factory method &apos;springSecurityFilterChain&apos; threw exception; nested exception is java.lang.IllegalArgumentException: &apos;Savings Account?error&apos; is not a valid redirect URL
	at org.springframework.beans.factory.support.ConstructorResolver.instantiateUsingFactoryMethod(ConstructorResolver.java:599) ~[spring-beans-4.3.5.RELEASE.jar:4.3.5.RELEASE]
	at org.springframework.beans.factory.support.AbstractAutowireCapableBeanFactory.instantiateUsingFactoryMethod(AbstractAutowireCapableBeanFactory.java:1134) ~[spring-beans-4.3.5.RELEASE.jar:4.3.5.RELEASE]
	at org.springframework.beans.factory.support.AbstractAutowireCapableBeanFactory.createBeanInstance(AbstractAutowireCapableBeanFactory.java:1028) ~[spring-beans-4.3.5.RELEASE.jar:4.3.5.RELEASE]
	at org.springframework.beans.factory.support.AbstractAutowireCapableBeanFactory.doCreateBean(AbstractAutowireCapableBeanFactory.java:513) ~[spring-beans-4.3.5.RELEASE.jar:4.3.5.RELEASE]
	at org.springframework.beans.factory.support.AbstractAutowireCapableBeanFactory.createBean(AbstractAutowireCapableBeanFactory.java:483) ~[spring-beans-4.3.5.RELEASE.jar:4.3.5.RELEASE]
	at org.springframework.beans.factory.support.AbstractBeanFactory$1.getObject(AbstractBeanFactory.java:306) ~[spring-beans-4.3.5.RELEASE.jar:4.3.5.RELEASE]
	at org.springframework.beans.factory.support.DefaultSingletonBeanRegistry.getSingleton(DefaultSingletonBeanRegistry.java:230) ~[spring-beans-4.3.5.RELEASE.jar:4.3.5.RELEASE]
	at org.springframework.beans.factory.support.AbstractBeanFactory.doGetBean(AbstractBeanFactory.java:302) ~[spring-beans-4.3.5.RELEASE.jar:4.3.5.RELEASE]
	at org.springframework.beans.factory.support.AbstractBeanFactory.getBean(AbstractBeanFactory.java:197) ~[spring-beans-4.3.5.RELEASE.jar:4.3.5.RELEASE]
	at org.springframework.beans.factory.support.AbstractBeanFactory.doGetBean(AbstractBeanFactory.java:296) ~[spring-beans-4.3.5.RELEASE.jar:4.3.5.RELEASE]
	at org.springframework.beans.factory.support.AbstractBeanFactory.getBean(AbstractBeanFactory.java:197) ~[spring-beans-4.3.5.RELEASE.jar:4.3.5.RELEASE]
	at org.springframework.beans.factory.support.DefaultListableBeanFactory.preInstantiateSingletons(DefaultListableBeanFactory.java:759) ~[spring-beans-4.3.5.RELEASE.jar:4.3.5.RELEASE]
	at org.springframework.context.support.AbstractApplicationContext.finishBeanFactoryInitialization(AbstractApplicationContext.java:866) ~[spring-context-4.3.5.RELEASE.jar:4.3.5.RELEASE]
	at org.springframework.context.support.AbstractApplicationContext.refresh(AbstractApplicationContext.java:542) ~[spring-context-4.3.5.RELEASE.jar:4.3.5.RELEASE]
	at org.springframework.test.context.web.AbstractGenericWebContextLoader.loadContext(AbstractGenericWebContextLoader.java:134) ~[spring-test-4.3.5.RELEASE.jar:4.3.5.RELEASE]
	at org.springframework.test.context.web.AbstractGenericWebContextLoader.loadContext(AbstractGenericWebContextLoader.java:61) ~[spring-test-4.3.5.RELEASE.jar:4.3.5.RELEASE]
	at org.springframework.test.context.support.AbstractDelegatingSmartContextLoader.delegateLoading(AbstractDelegatingSmartContextLoader.java:108) ~[spring-test-4.3.5.RELEASE.jar:4.3.5.RELEASE]
	at org.springframework.test.context.support.AbstractDelegatingSmartContextLoader.loadContext(AbstractDelegatingSmartContextLoader.java:251) ~[spring-test-4.3.5.RELEASE.jar:4.3.5.RELEASE]
	at org.springframework.test.context.cache.DefaultCacheAwareContextLoaderDelegate.loadContextInternal(DefaultCacheAwareContextLoaderDelegate.java:98) ~[spring-test-4.3.5.RELEASE.jar:4.3.5.RELEASE]
	at org.springframework.test.context.cache.DefaultCacheAwareContextLoaderDelegate.loadContext(DefaultCacheAwareContextLoaderDelegate.java:116) ~[spring-test-4.3.5.RELEASE.jar:4.3.5.RELEASE]
	... 26 common frames omitted
Caused by: org.springframework.beans.BeanInstantiationException: Failed to instantiate [javax.servlet.Filter]: Factory method &apos;springSecurityFilterChain&apos; threw exception; nested exception is java.lang.IllegalArgumentException: &apos;Savings Account?error&apos; is not a valid redirect URL
	at org.springframework.beans.factory.support.SimpleInstantiationStrategy.instantiate(SimpleInstantiationStrategy.java:189) ~[spring-beans-4.3.5.RELEASE.jar:4.3.5.RELEASE]
	at org.springframework.beans.factory.support.ConstructorResolver.instantiateUsingFactoryMethod(ConstructorResolver.java:588) ~[spring-beans-4.3.5.RELEASE.jar:4.3.5.RELEASE]
	... 45 common frames omitted
Caused by: java.lang.IllegalArgumentException: &apos;Savings Account?error&apos; is not a valid redirect URL
	at org.springframework.util.Assert.isTrue(Assert.java:68) ~[spring-core-4.3.5.RELEASE.jar:4.3.5.RELEASE]
	at org.springframework.security.web.authentication.SimpleUrlAuthenticationFailureHandler.setDefaultFailureUrl(SimpleUrlAuthenticationFailureHandler.java:125) ~[spring-security-web-4.2.2.RELEASE.jar:4.2.2.RELEASE]
	at org.springframework.security.web.authentication.SimpleUrlAuthenticationFailureHandler.&lt;init&gt;(SimpleUrlAuthenticationFailureHandler.java:60) ~[spring-security-web-4.2.2.RELEASE.jar:4.2.2.RELEASE]
	at org.springframework.security.config.annotation.web.configurers.AbstractAuthenticationFilterConfigurer.failureUrl(AbstractAuthenticationFilterConfigurer.java:206) ~[spring-security-config-4.2.2.RELEASE.jar:4.2.2.RELEASE]
	at org.springframework.security.config.annotation.web.configurers.AbstractAuthenticationFilterConfigurer.updateAuthenticationDefaults(AbstractAuthenticationFilterConfigurer.java:368) ~[spring-security-config-4.2.2.RELEASE.jar:4.2.2.RELEASE]
	at org.springframework.security.config.annotation.web.configurers.AbstractAuthenticationFilterConfigurer.loginPage(AbstractAuthenticationFilterConfigurer.java:308) ~[spring-security-config-4.2.2.RELEASE.jar:4.2.2.RELEASE]
	at org.springframework.security.config.annotation.web.configurers.FormLoginConfigurer.loginPage(FormLoginConfigurer.java:183) ~[spring-security-config-4.2.2.RELEASE.jar:4.2.2.RELEASE]
	at edu.ncsu.csc.itrust2.config.SecurityConfig.configure(SecurityConfig.java:89) ~[classes/:na]
	at org.springframework.security.config.annotation.web.configuration.WebSecurityConfigurerAdapter.getHttp(WebSecurityConfigurerAdapter.java:224) ~[spring-security-config-4.2.2.RELEASE.jar:4.2.2.RELEASE]
	at org.springframework.security.config.annotation.web.configuration.WebSecurityConfigurerAdapter.init(WebSecurityConfigurerAdapter.java:315) ~[spring-security-config-4.2.2.RELEASE.jar:4.2.2.RELEASE]
	at org.springframework.security.config.annotation.web.configuration.WebSecurityConfigurerAdapter.init(WebSecurityConfigurerAdapter.java:86) ~[spring-security-config-4.2.2.RELEASE.jar:4.2.2.RELEASE]
	at edu.ncsu.csc.itrust2.config.SecurityConfig$$EnhancerBySpringCGLIB$$f88fd361.init(&lt;generated&gt;) ~[classes/:na]
	at org.springframework.security.config.annotation.AbstractConfiguredSecurityBuilder.init(AbstractConfiguredSecurityBuilder.java:371) ~[spring-security-config-4.2.2.RELEASE.jar:4.2.2.RELEASE]
	at org.springframework.security.config.annotation.AbstractConfiguredSecurityBuilder.doBuild(AbstractConfiguredSecurityBuilder.java:325) ~[spring-security-config-4.2.2.RELEASE.jar:4.2.2.RELEASE]
	at org.springframework.security.config.annotation.AbstractSecurityBuilder.build(AbstractSecurityBuilder.java:41) ~[spring-security-config-4.2.2.RELEASE.jar:4.2.2.RELEASE]
	at org.springframework.security.config.annotation.web.configuration.WebSecurityConfiguration.springSecurityFilterChain(WebSecurityConfiguration.java:104) ~[spring-security-config-4.2.2.RELEASE.jar:4.2.2.RELEASE]
	at org.springframework.security.config.annotation.web.configuration.WebSecurityConfiguration$$EnhancerBySpringCGLIB$$150881e6.CGLIB$springSecurityFilterChain$4(&lt;generated&gt;) ~[spring-security-config-4.2.2.RELEASE.jar:4.2.2.RELEASE]
	at org.springframework.security.config.annotation.web.configuration.WebSecurityConfiguration$$EnhancerBySpringCGLIB$$150881e6$$FastClassBySpringCGLIB$$f9839e81.invoke(&lt;generated&gt;) ~[spring-security-config-4.2.2.RELEASE.jar:4.2.2.RELEASE]
	at org.springframework.cglib.proxy.MethodProxy.invokeSuper(MethodProxy.java:228) ~[spring-core-4.3.5.RELEASE.jar:4.3.5.RELEASE]
	at org.springframework.context.annotation.ConfigurationClassEnhancer$BeanMethodInterceptor.intercept(ConfigurationClassEnhancer.java:356) ~[spring-context-4.3.5.RELEASE.jar:4.3.5.RELEASE]
	at org.springframework.security.config.annotation.web.configuration.WebSecurityConfiguration$$EnhancerBySpringCGLIB$$150881e6.springSecurityFilterChain(&lt;generated&gt;) ~[spring-security-config-4.2.2.RELEASE.jar:4.2.2.RELEASE]
	at sun.reflect.GeneratedMethodAccessor103.invoke(Unknown Source) ~[na:na]
	at sun.reflect.DelegatingMethodAccessorImpl.invoke(DelegatingMethodAccessorImpl.java:43) ~[na:1.8.0_151]
	at java.lang.reflect.Method.invoke(Method.java:498) ~[na:1.8.0_151]
	at org.springframework.beans.factory.support.SimpleInstantiationStrategy.instantiate(SimpleInstantiationStrategy.java:162) ~[spring-beans-4.3.5.RELEASE.jar:4.3.5.RELEASE]
	... 46 common frames omitted
</stdout>
          <failedSince>1</failedSince>
        </case>
      </cases>
    </suite>
    <suite>
      <file>/var/lib/jenkins/jobs/iTrust_Fuzzer/workspace/iTrust2/target/surefire-reports/TEST-edu.ncsu.csc.itrust2.apitest.APIICDCodeTest.xml</file>
      <name>edu.ncsu.csc.itrust2.apitest.APIICDCodeTest</name>
      <duration>1.641</duration>
      <time>1.641</time>
      <enclosingBlocks/>
      <enclosingBlockNames/>
      <cases>
        <case>
          <duration>0.0</duration>
          <className>edu.ncsu.csc.itrust2.apitest.APIICDCodeTest</className>
          <testName>testCodeAPI</testName>
          <skipped>false</skipped>
          <errorStackTrace>java.lang.IllegalStateException: Failed to load ApplicationContext
Caused by: org.springframework.beans.factory.BeanCreationException: Error creating bean with name &apos;springSecurityFilterChain&apos; defined in class path resource [org/springframework/security/config/annotation/web/configuration/WebSecurityConfiguration.class]: Bean instantiation via factory method failed; nested exception is org.springframework.beans.BeanInstantiationException: Failed to instantiate [javax.servlet.Filter]: Factory method &apos;springSecurityFilterChain&apos; threw exception; nested exception is java.lang.IllegalArgumentException: &apos;Savings Account?error&apos; is not a valid redirect URL
Caused by: org.springframework.beans.BeanInstantiationException: Failed to instantiate [javax.servlet.Filter]: Factory method &apos;springSecurityFilterChain&apos; threw exception; nested exception is java.lang.IllegalArgumentException: &apos;Savings Account?error&apos; is not a valid redirect URL
Caused by: java.lang.IllegalArgumentException: &apos;Savings Account?error&apos; is not a valid redirect URL
</errorStackTrace>
          <errorDetails>Failed to load ApplicationContext</errorDetails>
          <stdout>21:59:33.614 [main] DEBUG o.s.t.c.j.SpringJUnit4ClassRunner - SpringJUnit4ClassRunner constructor called with [class edu.ncsu.csc.itrust2.apitest.APIICDCodeTest]
21:59:33.616 [main] DEBUG o.s.test.context.BootstrapUtils - Instantiating CacheAwareContextLoaderDelegate from class [org.springframework.test.context.cache.DefaultCacheAwareContextLoaderDelegate]
21:59:33.625 [main] DEBUG o.s.test.context.BootstrapUtils - Instantiating BootstrapContext using constructor [public org.springframework.test.context.support.DefaultBootstrapContext(java.lang.Class,org.springframework.test.context.CacheAwareContextLoaderDelegate)]
21:59:33.641 [main] DEBUG o.s.test.context.BootstrapUtils - Instantiating TestContextBootstrapper for test class [edu.ncsu.csc.itrust2.apitest.APIICDCodeTest] from class [org.springframework.test.context.web.WebTestContextBootstrapper]
21:59:33.665 [main] DEBUG o.s.t.c.s.AbstractDelegatingSmartContextLoader - Delegating to AnnotationConfigWebContextLoader to process context configuration [ContextConfigurationAttributes@ebc1f14 declaringClass = &apos;edu.ncsu.csc.itrust2.apitest.APIICDCodeTest&apos;, classes = &apos;{class edu.ncsu.csc.itrust2.config.RootConfiguration, class edu.ncsu.csc.itrust2.mvc.config.WebMvcConfiguration}&apos;, locations = &apos;{}&apos;, inheritLocations = true, initializers = &apos;{}&apos;, inheritInitializers = true, name = [null], contextLoaderClass = &apos;org.springframework.test.context.ContextLoader&apos;].
21:59:33.679 [main] DEBUG o.s.t.c.support.ActiveProfilesUtils - Could not find an &apos;annotation declaring class&apos; for annotation type [org.springframework.test.context.ActiveProfiles] and class [edu.ncsu.csc.itrust2.apitest.APIICDCodeTest]
21:59:33.680 [main] DEBUG o.s.t.c.w.WebTestContextBootstrapper - @TestExecutionListeners is not present for class [edu.ncsu.csc.itrust2.apitest.APIICDCodeTest]: using defaults.
21:59:33.681 [main] INFO  o.s.t.c.w.WebTestContextBootstrapper - Loaded default TestExecutionListener class names from location [META-INF/spring.factories]: [org.springframework.security.test.context.support.WithSecurityContextTestExecutionListener, org.springframework.test.context.web.ServletTestExecutionListener, org.springframework.test.context.support.DirtiesContextBeforeModesTestExecutionListener, org.springframework.test.context.support.DependencyInjectionTestExecutionListener, org.springframework.test.context.support.DirtiesContextTestExecutionListener, org.springframework.test.context.transaction.TransactionalTestExecutionListener, org.springframework.test.context.jdbc.SqlScriptsTestExecutionListener]
21:59:33.697 [main] INFO  o.s.t.c.w.WebTestContextBootstrapper - Using TestExecutionListeners: [org.springframework.test.context.web.ServletTestExecutionListener@1936fe56, org.springframework.test.context.support.DirtiesContextBeforeModesTestExecutionListener@663a2d71, org.springframework.test.context.support.DependencyInjectionTestExecutionListener@3af1dda5, org.springframework.test.context.support.DirtiesContextTestExecutionListener@6e11dd6c, org.springframework.test.context.transaction.TransactionalTestExecutionListener@40fb5ab6, org.springframework.test.context.jdbc.SqlScriptsTestExecutionListener@771da67d, org.springframework.security.test.context.support.WithSecurityContextTestExecutionListener@43b551ce]
21:59:33.698 [main] DEBUG o.s.t.annotation.ProfileValueUtils - Retrieved @ProfileValueSourceConfiguration [null] for test class [edu.ncsu.csc.itrust2.apitest.APIICDCodeTest]
21:59:33.699 [main] DEBUG o.s.t.annotation.ProfileValueUtils - Retrieved ProfileValueSource type [class org.springframework.test.annotation.SystemProfileValueSource] for class [edu.ncsu.csc.itrust2.apitest.APIICDCodeTest]
21:59:33.699 [main] DEBUG o.s.t.annotation.ProfileValueUtils - Retrieved @ProfileValueSourceConfiguration [null] for test class [edu.ncsu.csc.itrust2.apitest.APIICDCodeTest]
21:59:33.699 [main] DEBUG o.s.t.annotation.ProfileValueUtils - Retrieved ProfileValueSource type [class org.springframework.test.annotation.SystemProfileValueSource] for class [edu.ncsu.csc.itrust2.apitest.APIICDCodeTest]
21:59:33.700 [main] DEBUG o.s.t.annotation.ProfileValueUtils - Retrieved @ProfileValueSourceConfiguration [null] for test class [edu.ncsu.csc.itrust2.apitest.APIICDCodeTest]
21:59:33.700 [main] DEBUG o.s.t.annotation.ProfileValueUtils - Retrieved ProfileValueSource type [class org.springframework.test.annotation.SystemProfileValueSource] for class [edu.ncsu.csc.itrust2.apitest.APIICDCodeTest]
21:59:33.701 [main] DEBUG o.s.t.c.s.AbstractDirtiesContextTestExecutionListener - Before test class: context [DefaultTestContext@82de8d1 testClass = APIICDCodeTest, testInstance = [null], testMethod = [null], testException = [null], mergedContextConfiguration = [WebMergedContextConfiguration@26cacb6e testClass = APIICDCodeTest, locations = &apos;{}&apos;, classes = &apos;{class edu.ncsu.csc.itrust2.config.RootConfiguration, class edu.ncsu.csc.itrust2.mvc.config.WebMvcConfiguration}&apos;, contextInitializerClasses = &apos;[]&apos;, activeProfiles = &apos;{}&apos;, propertySourceLocations = &apos;{}&apos;, propertySourceProperties = &apos;{}&apos;, contextCustomizers = set[[empty]], resourceBasePath = &apos;src/main/webapp&apos;, contextLoader = &apos;org.springframework.test.context.web.WebDelegatingSmartContextLoader&apos;, parent = [null]]], class annotated with @DirtiesContext [false] with mode [null].
21:59:33.701 [main] DEBUG o.s.t.annotation.ProfileValueUtils - Retrieved @ProfileValueSourceConfiguration [null] for test class [edu.ncsu.csc.itrust2.apitest.APIICDCodeTest]
21:59:33.701 [main] DEBUG o.s.t.annotation.ProfileValueUtils - Retrieved ProfileValueSource type [class org.springframework.test.annotation.SystemProfileValueSource] for class [edu.ncsu.csc.itrust2.apitest.APIICDCodeTest]
21:59:33.704 [main] DEBUG o.s.t.c.s.AbstractDelegatingSmartContextLoader - Delegating to AnnotationConfigWebContextLoader to load context from [WebMergedContextConfiguration@26cacb6e testClass = APIICDCodeTest, locations = &apos;{}&apos;, classes = &apos;{class edu.ncsu.csc.itrust2.config.RootConfiguration, class edu.ncsu.csc.itrust2.mvc.config.WebMvcConfiguration}&apos;, contextInitializerClasses = &apos;[]&apos;, activeProfiles = &apos;{}&apos;, propertySourceLocations = &apos;{}&apos;, propertySourceProperties = &apos;{}&apos;, contextCustomizers = set[[empty]], resourceBasePath = &apos;src/main/webapp&apos;, contextLoader = &apos;org.springframework.test.context.web.WebDelegatingSmartContextLoader&apos;, parent = [null]].
21:59:33.705 [main] DEBUG o.s.t.c.w.AbstractGenericWebContextLoader - Loading WebApplicationContext for merged context configuration [WebMergedContextConfiguration@26cacb6e testClass = APIICDCodeTest, locations = &apos;{}&apos;, classes = &apos;{class edu.ncsu.csc.itrust2.config.RootConfiguration, class edu.ncsu.csc.itrust2.mvc.config.WebMvcConfiguration}&apos;, contextInitializerClasses = &apos;[]&apos;, activeProfiles = &apos;{}&apos;, propertySourceLocations = &apos;{}&apos;, propertySourceProperties = &apos;{}&apos;, contextCustomizers = set[[empty]], resourceBasePath = &apos;src/main/webapp&apos;, contextLoader = &apos;org.springframework.test.context.web.WebDelegatingSmartContextLoader&apos;, parent = [null]].
21:59:33.774 [main] DEBUG o.s.w.c.s.StandardServletEnvironment - Adding [servletConfigInitParams] PropertySource with lowest search precedence
21:59:33.774 [main] DEBUG o.s.w.c.s.StandardServletEnvironment - Adding [servletContextInitParams] PropertySource with lowest search precedence
21:59:33.778 [main] DEBUG o.s.w.c.s.StandardServletEnvironment - Adding [systemProperties] PropertySource with lowest search precedence
21:59:33.780 [main] DEBUG o.s.w.c.s.StandardServletEnvironment - Adding [systemEnvironment] PropertySource with lowest search precedence
21:59:33.780 [main] DEBUG o.s.w.c.s.StandardServletEnvironment - Initialized StandardServletEnvironment with PropertySources [servletConfigInitParams,servletContextInitParams,systemProperties,systemEnvironment]
21:59:33.780 [main] DEBUG o.s.t.c.w.AnnotationConfigWebContextLoader - Registering annotated classes: {class edu.ncsu.csc.itrust2.config.RootConfiguration, class edu.ncsu.csc.itrust2.mvc.config.WebMvcConfiguration}
21:59:33.849 [main] INFO  o.s.w.c.s.GenericWebApplicationContext - Refreshing org.springframework.web.context.support.GenericWebApplicationContext@25f7739c: startup date [Thu Mar 22 21:59:33 UTC 2018]; root of context hierarchy
21:59:33.852 [main] DEBUG o.s.w.c.s.StandardServletEnvironment - Replacing [servletContextInitParams] PropertySource with [servletContextInitParams]
21:59:33.853 [main] DEBUG o.s.w.c.s.GenericWebApplicationContext - Bean factory for org.springframework.web.context.support.GenericWebApplicationContext@25f7739c: org.springframework.beans.factory.support.DefaultListableBeanFactory@242573cf: defining beans [org.springframework.context.annotation.internalConfigurationAnnotationProcessor,org.springframework.context.annotation.internalAutowiredAnnotationProcessor,org.springframework.context.annotation.internalRequiredAnnotationProcessor,org.springframework.context.annotation.internalCommonAnnotationProcessor,org.springframework.context.annotation.internalPersistenceAnnotationProcessor,org.springframework.context.event.internalEventListenerProcessor,org.springframework.context.event.internalEventListenerFactory,rootConfiguration,webMvcConfiguration]; root of factory hierarchy
21:59:33.865 [main] DEBUG o.s.b.f.s.DefaultListableBeanFactory - Registering scope &apos;request&apos; with implementation [org.springframework.web.context.request.RequestScope@34e7832d]
21:59:33.865 [main] DEBUG o.s.b.f.s.DefaultListableBeanFactory - Registering scope &apos;session&apos; with implementation [org.springframework.web.context.request.SessionScope@55f2a26d]
21:59:33.865 [main] DEBUG o.s.b.f.s.DefaultListableBeanFactory - Registering scope &apos;globalSession&apos; with implementation [org.springframework.web.context.request.SessionScope@761e1290]
21:59:33.866 [main] DEBUG o.s.b.f.s.DefaultListableBeanFactory - Registering scope &apos;application&apos; with implementation [org.springframework.web.context.support.ServletContextScope@7260f47f]
21:59:33.875 [main] DEBUG o.s.b.f.s.DefaultListableBeanFactory - Creating shared instance of singleton bean &apos;org.springframework.context.annotation.internalConfigurationAnnotationProcessor&apos;
21:59:33.875 [main] DEBUG o.s.b.f.s.DefaultListableBeanFactory - Creating instance of bean &apos;org.springframework.context.annotation.internalConfigurationAnnotationProcessor&apos;
21:59:33.900 [main] DEBUG o.s.b.f.s.DefaultListableBeanFactory - Eagerly caching bean &apos;org.springframework.context.annotation.internalConfigurationAnnotationProcessor&apos; to allow for resolving potential circular references
21:59:33.902 [main] DEBUG o.s.b.f.s.DefaultListableBeanFactory - Finished creating instance of bean &apos;org.springframework.context.annotation.internalConfigurationAnnotationProcessor&apos;
21:59:33.926 [main] DEBUG o.s.core.env.StandardEnvironment - Adding [systemProperties] PropertySource with lowest search precedence
21:59:33.926 [main] DEBUG o.s.core.env.StandardEnvironment - Adding [systemEnvironment] PropertySource with lowest search precedence
21:59:33.926 [main] DEBUG o.s.core.env.StandardEnvironment - Initialized StandardEnvironment with PropertySources [systemProperties,systemEnvironment]
21:59:33.932 [main] DEBUG o.s.c.i.s.PathMatchingResourcePatternResolver - Resolved classpath location [edu/ncsu/csc/itrust2/config/] to resources [URL [file:/var/lib/jenkins/jobs/iTrust_Fuzzer/workspace/iTrust2/target/classes/edu/ncsu/csc/itrust2/config/]]
21:59:33.932 [main] DEBUG o.s.c.i.s.PathMatchingResourcePatternResolver - Looking for matching resources in directory tree [/var/lib/jenkins/jobs/iTrust_Fuzzer/workspace/iTrust2/target/classes/edu/ncsu/csc/itrust2/config]
21:59:33.932 [main] DEBUG o.s.c.i.s.PathMatchingResourcePatternResolver - Searching directory [/var/lib/jenkins/jobs/iTrust_Fuzzer/workspace/iTrust2/target/classes/edu/ncsu/csc/itrust2/config] for files matching pattern [/var/lib/jenkins/jobs/iTrust_Fuzzer/workspace/iTrust2/target/classes/edu/ncsu/csc/itrust2/config/**/*.class]
21:59:33.936 [main] DEBUG o.s.c.i.s.PathMatchingResourcePatternResolver - Resolved location pattern [classpath*:edu/ncsu/csc/itrust2/config/**/*.class] to resources [file [/var/lib/jenkins/jobs/iTrust_Fuzzer/workspace/iTrust2/target/classes/edu/ncsu/csc/itrust2/config/ContextListener.class], file [/var/lib/jenkins/jobs/iTrust_Fuzzer/workspace/iTrust2/target/classes/edu/ncsu/csc/itrust2/config/DataConfiguration.class], file [/var/lib/jenkins/jobs/iTrust_Fuzzer/workspace/iTrust2/target/classes/edu/ncsu/csc/itrust2/config/FailureHandler.class], file [/var/lib/jenkins/jobs/iTrust_Fuzzer/workspace/iTrust2/target/classes/edu/ncsu/csc/itrust2/config/IPFilter.class], file [/var/lib/jenkins/jobs/iTrust_Fuzzer/workspace/iTrust2/target/classes/edu/ncsu/csc/itrust2/config/ITrust2ApplicationInitializer.class], file [/var/lib/jenkins/jobs/iTrust_Fuzzer/workspace/iTrust2/target/classes/edu/ncsu/csc/itrust2/config/ITrust2WebApplicationInitializer.class], file [/var/lib/jenkins/jobs/iTrust_Fuzzer/workspace/iTrust2/target/classes/edu/ncsu/csc/itrust2/config/LoginAuditingListener.class], file [/var/lib/jenkins/jobs/iTrust_Fuzzer/workspace/iTrust2/target/classes/edu/ncsu/csc/itrust2/config/RootConfiguration.class], file [/var/lib/jenkins/jobs/iTrust_Fuzzer/workspace/iTrust2/target/classes/edu/ncsu/csc/itrust2/config/SecurityConfig.class]]
21:59:33.964 [main] DEBUG o.s.c.a.ClassPathBeanDefinitionScanner - Identified candidate component class: file [/var/lib/jenkins/jobs/iTrust_Fuzzer/workspace/iTrust2/target/classes/edu/ncsu/csc/itrust2/config/DataConfiguration.class]
21:59:33.966 [main] DEBUG o.s.c.a.ClassPathBeanDefinitionScanner - Identified candidate component class: file [/var/lib/jenkins/jobs/iTrust_Fuzzer/workspace/iTrust2/target/classes/edu/ncsu/csc/itrust2/config/LoginAuditingListener.class]
21:59:33.970 [main] DEBUG o.s.c.a.ClassPathBeanDefinitionScanner - Identified candidate component class: file [/var/lib/jenkins/jobs/iTrust_Fuzzer/workspace/iTrust2/target/classes/edu/ncsu/csc/itrust2/config/SecurityConfig.class]
21:59:34.004 [main] DEBUG o.s.core.env.StandardEnvironment - Adding [systemProperties] PropertySource with lowest search precedence
21:59:34.004 [main] DEBUG o.s.core.env.StandardEnvironment - Adding [systemEnvironment] PropertySource with lowest search precedence
21:59:34.005 [main] DEBUG o.s.core.env.StandardEnvironment - Initialized StandardEnvironment with PropertySources [systemProperties,systemEnvironment]
21:59:34.006 [main] DEBUG o.s.c.i.s.PathMatchingResourcePatternResolver - Resolved classpath location [edu/ncsu/csc/itrust2/controllers/] to resources [URL [file:/var/lib/jenkins/jobs/iTrust_Fuzzer/workspace/iTrust2/target/classes/edu/ncsu/csc/itrust2/controllers/]]
21:59:34.006 [main] DEBUG o.s.c.i.s.PathMatchingResourcePatternResolver - Looking for matching resources in directory tree [/var/lib/jenkins/jobs/iTrust_Fuzzer/workspace/iTrust2/target/classes/edu/ncsu/csc/itrust2/controllers]
21:59:34.006 [main] DEBUG o.s.c.i.s.PathMatchingResourcePatternResolver - Searching directory [/var/lib/jenkins/jobs/iTrust_Fuzzer/workspace/iTrust2/target/classes/edu/ncsu/csc/itrust2/controllers] for files matching pattern [/var/lib/jenkins/jobs/iTrust_Fuzzer/workspace/iTrust2/target/classes/edu/ncsu/csc/itrust2/controllers/**/*.class]
21:59:34.006 [main] DEBUG o.s.c.i.s.PathMatchingResourcePatternResolver - Searching directory [/var/lib/jenkins/jobs/iTrust_Fuzzer/workspace/iTrust2/target/classes/edu/ncsu/csc/itrust2/controllers/admin] for files matching pattern [/var/lib/jenkins/jobs/iTrust_Fuzzer/workspace/iTrust2/target/classes/edu/ncsu/csc/itrust2/controllers/**/*.class]
21:59:34.007 [main] DEBUG o.s.c.i.s.PathMatchingResourcePatternResolver - Searching directory [/var/lib/jenkins/jobs/iTrust_Fuzzer/workspace/iTrust2/target/classes/edu/ncsu/csc/itrust2/controllers/api] for files matching pattern [/var/lib/jenkins/jobs/iTrust_Fuzzer/workspace/iTrust2/target/classes/edu/ncsu/csc/itrust2/controllers/**/*.class]
21:59:34.008 [main] DEBUG o.s.c.i.s.PathMatchingResourcePatternResolver - Searching directory [/var/lib/jenkins/jobs/iTrust_Fuzzer/workspace/iTrust2/target/classes/edu/ncsu/csc/itrust2/controllers/api/comm] for files matching pattern [/var/lib/jenkins/jobs/iTrust_Fuzzer/workspace/iTrust2/target/classes/edu/ncsu/csc/itrust2/controllers/**/*.class]
21:59:34.008 [main] DEBUG o.s.c.i.s.PathMatchingResourcePatternResolver - Searching directory [/var/lib/jenkins/jobs/iTrust_Fuzzer/workspace/iTrust2/target/classes/edu/ncsu/csc/itrust2/controllers/hcp] for files matching pattern [/var/lib/jenkins/jobs/iTrust_Fuzzer/workspace/iTrust2/target/classes/edu/ncsu/csc/itrust2/controllers/**/*.class]
21:59:34.008 [main] DEBUG o.s.c.i.s.PathMatchingResourcePatternResolver - Searching directory [/var/lib/jenkins/jobs/iTrust_Fuzzer/workspace/iTrust2/target/classes/edu/ncsu/csc/itrust2/controllers/patient] for files matching pattern [/var/lib/jenkins/jobs/iTrust_Fuzzer/workspace/iTrust2/target/classes/edu/ncsu/csc/itrust2/controllers/**/*.class]
21:59:34.008 [main] DEBUG o.s.c.i.s.PathMatchingResourcePatternResolver - Searching directory [/var/lib/jenkins/jobs/iTrust_Fuzzer/workspace/iTrust2/target/classes/edu/ncsu/csc/itrust2/controllers/personnel] for files matching pattern [/var/lib/jenkins/jobs/iTrust_Fuzzer/workspace/iTrust2/target/classes/edu/ncsu/csc/itrust2/controllers/**/*.class]
21:59:34.009 [main] DEBUG o.s.c.i.s.PathMatchingResourcePatternResolver - Resolved location pattern [classpath*:edu/ncsu/csc/itrust2/controllers/**/*.class] to resources [file [/var/lib/jenkins/jobs/iTrust_Fuzzer/workspace/iTrust2/target/classes/edu/ncsu/csc/itrust2/controllers/DefaultController.class], file [/var/lib/jenkins/jobs/iTrust_Fuzzer/workspace/iTrust2/target/classes/edu/ncsu/csc/itrust2/controllers/admin/AdminController.class], file [/var/lib/jenkins/jobs/iTrust_Fuzzer/workspace/iTrust2/target/classes/edu/ncsu/csc/itrust2/controllers/admin/AdminUserController$1.class], file [/var/lib/jenkins/jobs/iTrust_Fuzzer/workspace/iTrust2/target/classes/edu/ncsu/csc/itrust2/controllers/admin/AdminUserController.class], file [/var/lib/jenkins/jobs/iTrust_Fuzzer/workspace/iTrust2/target/classes/edu/ncsu/csc/itrust2/controllers/admin/HospitalController.class], file [/var/lib/jenkins/jobs/iTrust_Fuzzer/workspace/iTrust2/target/classes/edu/ncsu/csc/itrust2/controllers/admin/ICDCodesController.class], file [/var/lib/jenkins/jobs/iTrust_Fuzzer/workspace/iTrust2/target/classes/edu/ncsu/csc/itrust2/controllers/api/APIAppointmentRequestController.class], file [/var/lib/jenkins/jobs/iTrust_Fuzzer/workspace/iTrust2/target/classes/edu/ncsu/csc/itrust2/controllers/api/APIController$JSONResponse.class], file [/var/lib/jenkins/jobs/iTrust_Fuzzer/workspace/iTrust2/target/classes/edu/ncsu/csc/itrust2/controllers/api/APIController.class], file [/var/lib/jenkins/jobs/iTrust_Fuzzer/workspace/iTrust2/target/classes/edu/ncsu/csc/itrust2/controllers/api/APIDiagnosisController.class], file [/var/lib/jenkins/jobs/iTrust_Fuzzer/workspace/iTrust2/target/classes/edu/ncsu/csc/itrust2/controllers/api/APIDrugController.class], file [/var/lib/jenkins/jobs/iTrust_Fuzzer/workspace/iTrust2/target/classes/edu/ncsu/csc/itrust2/controllers/api/APIEnumController.class], file [/var/lib/jenkins/jobs/iTrust_Fuzzer/workspace/iTrust2/target/classes/edu/ncsu/csc/itrust2/controllers/api/APIHospitalController.class], file [/var/lib/jenkins/jobs/iTrust_Fuzzer/workspace/iTrust2/target/classes/edu/ncsu/csc/itrust2/controllers/api/APIICDCodeController.class], file [/var/lib/jenkins/jobs/iTrust_Fuzzer/workspace/iTrust2/target/classes/edu/ncsu/csc/itrust2/controllers/api/APILogEntryController.class], file [/var/lib/jenkins/jobs/iTrust_Fuzzer/workspace/iTrust2/target/classes/edu/ncsu/csc/itrust2/controllers/api/APIOfficeVisitController.class], file [/var/lib/jenkins/jobs/iTrust_Fuzzer/workspace/iTrust2/target/classes/edu/ncsu/csc/itrust2/controllers/api/APIPasswordController.class], file [/var/lib/jenkins/jobs/iTrust_Fuzzer/workspace/iTrust2/target/classes/edu/ncsu/csc/itrust2/controllers/api/APIPatientController.class], file [/var/lib/jenkins/jobs/iTrust_Fuzzer/workspace/iTrust2/target/classes/edu/ncsu/csc/itrust2/controllers/api/APIPersonnelController.class], file [/var/lib/jenkins/jobs/iTrust_Fuzzer/workspace/iTrust2/target/classes/edu/ncsu/csc/itrust2/controllers/api/APIPrescriptionController.class], file [/var/lib/jenkins/jobs/iTrust_Fuzzer/workspace/iTrust2/target/classes/edu/ncsu/csc/itrust2/controllers/api/APIUserController.class], file [/var/lib/jenkins/jobs/iTrust_Fuzzer/workspace/iTrust2/target/classes/edu/ncsu/csc/itrust2/controllers/api/comm/LogEntryRequestBody.class], file [/var/lib/jenkins/jobs/iTrust_Fuzzer/workspace/iTrust2/target/classes/edu/ncsu/csc/itrust2/controllers/api/comm/LogEntryTableRow.class], file [/var/lib/jenkins/jobs/iTrust_Fuzzer/workspace/iTrust2/target/classes/edu/ncsu/csc/itrust2/controllers/hcp/AppointmentControllerHCP.class], file [/var/lib/jenkins/jobs/iTrust_Fuzzer/workspace/iTrust2/target/classes/edu/ncsu/csc/itrust2/controllers/hcp/HCPController.class], file [/var/lib/jenkins/jobs/iTrust_Fuzzer/workspace/iTrust2/target/classes/edu/ncsu/csc/itrust2/controllers/hcp/OfficeVisitController.class], file [/var/lib/jenkins/jobs/iTrust_Fuzzer/workspace/iTrust2/target/classes/edu/ncsu/csc/itrust2/controllers/patient/AppointmentController.class], file [/var/lib/jenkins/jobs/iTrust_Fuzzer/workspace/iTrust2/target/classes/edu/ncsu/csc/itrust2/controllers/patient/DiagnosesController.class], file [/var/lib/jenkins/jobs/iTrust_Fuzzer/workspace/iTrust2/target/classes/edu/ncsu/csc/itrust2/controllers/patient/PatientController.class], file [/var/lib/jenkins/jobs/iTrust_Fuzzer/workspace/iTrust2/target/classes/edu/ncsu/csc/itrust2/controllers/personnel/PasswordController.class], file [/var/lib/jenkins/jobs/iTrust_Fuzzer/workspace/iTrust2/target/classes/edu/ncsu/csc/itrust2/controllers/personnel/UserController.class]]
21:59:34.012 [main] DEBUG o.s.c.a.ClassPathBeanDefinitionScanner - Identified candidate component class: file [/var/lib/jenkins/jobs/iTrust_Fuzzer/workspace/iTrust2/target/classes/edu/ncsu/csc/itrust2/controllers/DefaultController.class]
21:59:34.013 [main] DEBUG o.s.c.a.ClassPathBeanDefinitionScanner - Identified candidate component class: file [/var/lib/jenkins/jobs/iTrust_Fuzzer/workspace/iTrust2/target/classes/edu/ncsu/csc/itrust2/controllers/admin/AdminController.class]
21:59:34.019 [main] DEBUG o.s.c.a.ClassPathBeanDefinitionScanner - Identified candidate component class: file [/var/lib/jenkins/jobs/iTrust_Fuzzer/workspace/iTrust2/target/classes/edu/ncsu/csc/itrust2/controllers/admin/AdminUserController.class]
21:59:34.020 [main] DEBUG o.s.c.a.ClassPathBeanDefinitionScanner - Identified candidate component class: file [/var/lib/jenkins/jobs/iTrust_Fuzzer/workspace/iTrust2/target/classes/edu/ncsu/csc/itrust2/controllers/admin/HospitalController.class]
21:59:34.020 [main] DEBUG o.s.c.a.ClassPathBeanDefinitionScanner - Identified candidate component class: file [/var/lib/jenkins/jobs/iTrust_Fuzzer/workspace/iTrust2/target/classes/edu/ncsu/csc/itrust2/controllers/admin/ICDCodesController.class]
21:59:34.027 [main] DEBUG o.s.c.a.ClassPathBeanDefinitionScanner - Identified candidate component class: file [/var/lib/jenkins/jobs/iTrust_Fuzzer/workspace/iTrust2/target/classes/edu/ncsu/csc/itrust2/controllers/api/APIAppointmentRequestController.class]
21:59:34.029 [main] DEBUG o.s.c.a.ClassPathBeanDefinitionScanner - Identified candidate component class: file [/var/lib/jenkins/jobs/iTrust_Fuzzer/workspace/iTrust2/target/classes/edu/ncsu/csc/itrust2/controllers/api/APIDiagnosisController.class]
21:59:34.031 [main] DEBUG o.s.c.a.ClassPathBeanDefinitionScanner - Identified candidate component class: file [/var/lib/jenkins/jobs/iTrust_Fuzzer/workspace/iTrust2/target/classes/edu/ncsu/csc/itrust2/controllers/api/APIDrugController.class]
21:59:34.034 [main] DEBUG o.s.c.a.ClassPathBeanDefinitionScanner - Identified candidate component class: file [/var/lib/jenkins/jobs/iTrust_Fuzzer/workspace/iTrust2/target/classes/edu/ncsu/csc/itrust2/controllers/api/APIEnumController.class]
21:59:34.035 [main] DEBUG o.s.c.a.ClassPathBeanDefinitionScanner - Identified candidate component class: file [/var/lib/jenkins/jobs/iTrust_Fuzzer/workspace/iTrust2/target/classes/edu/ncsu/csc/itrust2/controllers/api/APIHospitalController.class]
21:59:34.037 [main] DEBUG o.s.c.a.ClassPathBeanDefinitionScanner - Identified candidate component class: file [/var/lib/jenkins/jobs/iTrust_Fuzzer/workspace/iTrust2/target/classes/edu/ncsu/csc/itrust2/controllers/api/APIICDCodeController.class]
21:59:34.037 [main] DEBUG o.s.c.a.ClassPathBeanDefinitionScanner - Identified candidate component class: file [/var/lib/jenkins/jobs/iTrust_Fuzzer/workspace/iTrust2/target/classes/edu/ncsu/csc/itrust2/controllers/api/APILogEntryController.class]
21:59:34.041 [main] DEBUG o.s.c.a.ClassPathBeanDefinitionScanner - Identified candidate component class: file [/var/lib/jenkins/jobs/iTrust_Fuzzer/workspace/iTrust2/target/classes/edu/ncsu/csc/itrust2/controllers/api/APIOfficeVisitController.class]
21:59:34.042 [main] DEBUG o.s.c.a.ClassPathBeanDefinitionScanner - Identified candidate component class: file [/var/lib/jenkins/jobs/iTrust_Fuzzer/workspace/iTrust2/target/classes/edu/ncsu/csc/itrust2/controllers/api/APIPasswordController.class]
21:59:34.044 [main] DEBUG o.s.c.a.ClassPathBeanDefinitionScanner - Identified candidate component class: file [/var/lib/jenkins/jobs/iTrust_Fuzzer/workspace/iTrust2/target/classes/edu/ncsu/csc/itrust2/controllers/api/APIPatientController.class]
21:59:34.045 [main] DEBUG o.s.c.a.ClassPathBeanDefinitionScanner - Identified candidate component class: file [/var/lib/jenkins/jobs/iTrust_Fuzzer/workspace/iTrust2/target/classes/edu/ncsu/csc/itrust2/controllers/api/APIPersonnelController.class]
21:59:34.046 [main] DEBUG o.s.c.a.ClassPathBeanDefinitionScanner - Identified candidate component class: file [/var/lib/jenkins/jobs/iTrust_Fuzzer/workspace/iTrust2/target/classes/edu/ncsu/csc/itrust2/controllers/api/APIPrescriptionController.class]
21:59:34.048 [main] DEBUG o.s.c.a.ClassPathBeanDefinitionScanner - Identified candidate component class: file [/var/lib/jenkins/jobs/iTrust_Fuzzer/workspace/iTrust2/target/classes/edu/ncsu/csc/itrust2/controllers/api/APIUserController.class]
21:59:34.049 [main] DEBUG o.s.c.a.ClassPathBeanDefinitionScanner - Identified candidate component class: file [/var/lib/jenkins/jobs/iTrust_Fuzzer/workspace/iTrust2/target/classes/edu/ncsu/csc/itrust2/controllers/hcp/AppointmentControllerHCP.class]
21:59:34.050 [main] DEBUG o.s.c.a.ClassPathBeanDefinitionScanner - Identified candidate component class: file [/var/lib/jenkins/jobs/iTrust_Fuzzer/workspace/iTrust2/target/classes/edu/ncsu/csc/itrust2/controllers/hcp/HCPController.class]
21:59:34.051 [main] DEBUG o.s.c.a.ClassPathBeanDefinitionScanner - Identified candidate component class: file [/var/lib/jenkins/jobs/iTrust_Fuzzer/workspace/iTrust2/target/classes/edu/ncsu/csc/itrust2/controllers/hcp/OfficeVisitController.class]
21:59:34.052 [main] DEBUG o.s.c.a.ClassPathBeanDefinitionScanner - Identified candidate component class: file [/var/lib/jenkins/jobs/iTrust_Fuzzer/workspace/iTrust2/target/classes/edu/ncsu/csc/itrust2/controllers/patient/AppointmentController.class]
21:59:34.052 [main] DEBUG o.s.c.a.ClassPathBeanDefinitionScanner - Identified candidate component class: file [/var/lib/jenkins/jobs/iTrust_Fuzzer/workspace/iTrust2/target/classes/edu/ncsu/csc/itrust2/controllers/patient/DiagnosesController.class]
21:59:34.053 [main] DEBUG o.s.c.a.ClassPathBeanDefinitionScanner - Identified candidate component class: file [/var/lib/jenkins/jobs/iTrust_Fuzzer/workspace/iTrust2/target/classes/edu/ncsu/csc/itrust2/controllers/patient/PatientController.class]
21:59:34.054 [main] DEBUG o.s.c.a.ClassPathBeanDefinitionScanner - Identified candidate component class: file [/var/lib/jenkins/jobs/iTrust_Fuzzer/workspace/iTrust2/target/classes/edu/ncsu/csc/itrust2/controllers/personnel/PasswordController.class]
21:59:34.055 [main] DEBUG o.s.c.a.ClassPathBeanDefinitionScanner - Identified candidate component class: file [/var/lib/jenkins/jobs/iTrust_Fuzzer/workspace/iTrust2/target/classes/edu/ncsu/csc/itrust2/controllers/personnel/UserController.class]
21:59:34.057 [main] DEBUG o.s.c.i.s.PathMatchingResourcePatternResolver - Resolved classpath location [edu/ncsu/csc/itrust2/config/] to resources [URL [file:/var/lib/jenkins/jobs/iTrust_Fuzzer/workspace/iTrust2/target/classes/edu/ncsu/csc/itrust2/config/]]
21:59:34.057 [main] DEBUG o.s.c.i.s.PathMatchingResourcePatternResolver - Looking for matching resources in directory tree [/var/lib/jenkins/jobs/iTrust_Fuzzer/workspace/iTrust2/target/classes/edu/ncsu/csc/itrust2/config]
21:59:34.057 [main] DEBUG o.s.c.i.s.PathMatchingResourcePatternResolver - Searching directory [/var/lib/jenkins/jobs/iTrust_Fuzzer/workspace/iTrust2/target/classes/edu/ncsu/csc/itrust2/config] for files matching pattern [/var/lib/jenkins/jobs/iTrust_Fuzzer/workspace/iTrust2/target/classes/edu/ncsu/csc/itrust2/config/**/*.class]
21:59:34.058 [main] DEBUG o.s.c.i.s.PathMatchingResourcePatternResolver - Resolved location pattern [classpath*:edu/ncsu/csc/itrust2/config/**/*.class] to resources [file [/var/lib/jenkins/jobs/iTrust_Fuzzer/workspace/iTrust2/target/classes/edu/ncsu/csc/itrust2/config/ContextListener.class], file [/var/lib/jenkins/jobs/iTrust_Fuzzer/workspace/iTrust2/target/classes/edu/ncsu/csc/itrust2/config/DataConfiguration.class], file [/var/lib/jenkins/jobs/iTrust_Fuzzer/workspace/iTrust2/target/classes/edu/ncsu/csc/itrust2/config/FailureHandler.class], file [/var/lib/jenkins/jobs/iTrust_Fuzzer/workspace/iTrust2/target/classes/edu/ncsu/csc/itrust2/config/IPFilter.class], file [/var/lib/jenkins/jobs/iTrust_Fuzzer/workspace/iTrust2/target/classes/edu/ncsu/csc/itrust2/config/ITrust2ApplicationInitializer.class], file [/var/lib/jenkins/jobs/iTrust_Fuzzer/workspace/iTrust2/target/classes/edu/ncsu/csc/itrust2/config/ITrust2WebApplicationInitializer.class], file [/var/lib/jenkins/jobs/iTrust_Fuzzer/workspace/iTrust2/target/classes/edu/ncsu/csc/itrust2/config/LoginAuditingListener.class], file [/var/lib/jenkins/jobs/iTrust_Fuzzer/workspace/iTrust2/target/classes/edu/ncsu/csc/itrust2/config/RootConfiguration.class], file [/var/lib/jenkins/jobs/iTrust_Fuzzer/workspace/iTrust2/target/classes/edu/ncsu/csc/itrust2/config/SecurityConfig.class]]
21:59:34.058 [main] DEBUG o.s.c.a.ClassPathBeanDefinitionScanner - Identified candidate component class: file [/var/lib/jenkins/jobs/iTrust_Fuzzer/workspace/iTrust2/target/classes/edu/ncsu/csc/itrust2/config/DataConfiguration.class]
21:59:34.059 [main] DEBUG o.s.c.a.ClassPathBeanDefinitionScanner - Identified candidate component class: file [/var/lib/jenkins/jobs/iTrust_Fuzzer/workspace/iTrust2/target/classes/edu/ncsu/csc/itrust2/config/LoginAuditingListener.class]
21:59:34.059 [main] DEBUG o.s.c.a.ClassPathBeanDefinitionScanner - Identified candidate component class: file [/var/lib/jenkins/jobs/iTrust_Fuzzer/workspace/iTrust2/target/classes/edu/ncsu/csc/itrust2/config/RootConfiguration.class]
21:59:34.060 [main] DEBUG o.s.c.a.ClassPathBeanDefinitionScanner - Identified candidate component class: file [/var/lib/jenkins/jobs/iTrust_Fuzzer/workspace/iTrust2/target/classes/edu/ncsu/csc/itrust2/config/SecurityConfig.class]
21:59:34.163 [main] DEBUG o.s.c.a.ConfigurationClassBeanDefinitionReader - Registering bean definition for @Bean method edu.ncsu.csc.itrust2.config.DataConfiguration.dataSource()
21:59:34.164 [main] DEBUG o.s.c.a.ConfigurationClassBeanDefinitionReader - Registered bean definition for imported class &apos;org.springframework.security.config.annotation.configuration.ObjectPostProcessorConfiguration&apos;
21:59:34.164 [main] DEBUG o.s.c.a.ConfigurationClassBeanDefinitionReader - Registering bean definition for @Bean method org.springframework.security.config.annotation.configuration.ObjectPostProcessorConfiguration.objectPostProcessor()
21:59:34.164 [main] DEBUG o.s.c.a.ConfigurationClassBeanDefinitionReader - Registered bean definition for imported class &apos;org.springframework.security.config.annotation.authentication.configuration.AuthenticationConfiguration&apos;
21:59:34.164 [main] DEBUG o.s.c.a.ConfigurationClassBeanDefinitionReader - Registering bean definition for @Bean method org.springframework.security.config.annotation.authentication.configuration.AuthenticationConfiguration.authenticationManagerBuilder()
21:59:34.164 [main] DEBUG o.s.c.a.ConfigurationClassBeanDefinitionReader - Registering bean definition for @Bean method org.springframework.security.config.annotation.authentication.configuration.AuthenticationConfiguration.enableGlobalAuthenticationAutowiredConfigurer()
21:59:34.164 [main] DEBUG o.s.c.a.ConfigurationClassBeanDefinitionReader - Registering bean definition for @Bean method org.springframework.security.config.annotation.authentication.configuration.AuthenticationConfiguration.initializeUserDetailsBeanManagerConfigurer()
21:59:34.164 [main] DEBUG o.s.c.a.ConfigurationClassBeanDefinitionReader - Registering bean definition for @Bean method org.springframework.security.config.annotation.authentication.configuration.AuthenticationConfiguration.initializeAuthenticationProviderBeanManagerConfigurer()
21:59:34.164 [main] DEBUG o.s.c.a.ConfigurationClassBeanDefinitionReader - Registered bean definition for imported class &apos;org.springframework.security.config.annotation.web.configuration.WebSecurityConfiguration&apos;
21:59:34.164 [main] DEBUG o.s.c.a.ConfigurationClassBeanDefinitionReader - Registering bean definition for @Bean method org.springframework.security.config.annotation.web.configuration.WebSecurityConfiguration.delegatingApplicationListener()
21:59:34.165 [main] DEBUG o.s.c.a.ConfigurationClassBeanDefinitionReader - Registering bean definition for @Bean method org.springframework.security.config.annotation.web.configuration.WebSecurityConfiguration.webSecurityExpressionHandler()
21:59:34.165 [main] DEBUG o.s.c.a.ConfigurationClassBeanDefinitionReader - Registering bean definition for @Bean method org.springframework.security.config.annotation.web.configuration.WebSecurityConfiguration.springSecurityFilterChain()
21:59:34.165 [main] DEBUG o.s.c.a.ConfigurationClassBeanDefinitionReader - Registering bean definition for @Bean method org.springframework.security.config.annotation.web.configuration.WebSecurityConfiguration.privilegeEvaluator()
21:59:34.165 [main] DEBUG o.s.c.a.ConfigurationClassBeanDefinitionReader - Registering bean definition for @Bean method org.springframework.security.config.annotation.web.configuration.WebSecurityConfiguration.autowiredWebSecurityConfigurersIgnoreParents()
21:59:34.165 [main] DEBUG o.s.c.a.ConfigurationClassBeanDefinitionReader - Registered bean definition for imported class &apos;org.springframework.security.config.annotation.web.configuration.WebMvcSecurityConfiguration&apos;
21:59:34.165 [main] DEBUG o.s.c.a.ConfigurationClassBeanDefinitionReader - Registering bean definition for @Bean method org.springframework.security.config.annotation.web.configuration.WebMvcSecurityConfiguration.requestDataValueProcessor()
21:59:34.165 [main] DEBUG o.s.c.a.ConfigurationClassBeanDefinitionReader - Registering bean definition for @Bean method edu.ncsu.csc.itrust2.config.SecurityConfig.passwordEncoder()
21:59:34.165 [main] DEBUG o.s.c.a.ConfigurationClassBeanDefinitionReader - Registering bean definition for @Bean method edu.ncsu.csc.itrust2.config.SecurityConfig.defaultAuthenticationEventPublisher()
21:59:34.165 [main] DEBUG o.s.c.a.ConfigurationClassBeanDefinitionReader - Registering bean definition for @Bean method edu.ncsu.csc.itrust2.config.SecurityConfig.failureHandler()
21:59:34.165 [main] DEBUG o.s.c.a.ConfigurationClassBeanDefinitionReader - Registering bean definition for @Bean method edu.ncsu.csc.itrust2.config.SecurityConfig.ipBlockFilter()
21:59:34.166 [main] DEBUG o.s.c.a.ConfigurationClassBeanDefinitionReader - Registered bean definition for imported class &apos;org.springframework.web.servlet.config.annotation.DelegatingWebMvcConfiguration&apos;
21:59:34.166 [main] DEBUG o.s.c.a.ConfigurationClassBeanDefinitionReader - Registering bean definition for @Bean method org.springframework.web.servlet.config.annotation.DelegatingWebMvcConfiguration.mvcConversionService()
21:59:34.166 [main] DEBUG o.s.c.a.ConfigurationClassBeanDefinitionReader - Registering bean definition for @Bean method org.springframework.web.servlet.config.annotation.DelegatingWebMvcConfiguration.requestMappingHandlerMapping()
21:59:34.166 [main] DEBUG o.s.c.a.ConfigurationClassBeanDefinitionReader - Registering bean definition for @Bean method org.springframework.web.servlet.config.annotation.DelegatingWebMvcConfiguration.mvcPathMatcher()
21:59:34.167 [main] DEBUG o.s.c.a.ConfigurationClassBeanDefinitionReader - Registering bean definition for @Bean method org.springframework.web.servlet.config.annotation.DelegatingWebMvcConfiguration.mvcUrlPathHelper()
21:59:34.167 [main] DEBUG o.s.c.a.ConfigurationClassBeanDefinitionReader - Registering bean definition for @Bean method org.springframework.web.servlet.config.annotation.DelegatingWebMvcConfiguration.mvcContentNegotiationManager()
21:59:34.167 [main] DEBUG o.s.c.a.ConfigurationClassBeanDefinitionReader - Registering bean definition for @Bean method org.springframework.web.servlet.config.annotation.DelegatingWebMvcConfiguration.viewControllerHandlerMapping()
21:59:34.167 [main] DEBUG o.s.c.a.ConfigurationClassBeanDefinitionReader - Registering bean definition for @Bean method org.springframework.web.servlet.config.annotation.DelegatingWebMvcConfiguration.beanNameHandlerMapping()
21:59:34.167 [main] DEBUG o.s.c.a.ConfigurationClassBeanDefinitionReader - Registering bean definition for @Bean method org.springframework.web.servlet.config.annotation.DelegatingWebMvcConfiguration.resourceHandlerMapping()
21:59:34.168 [main] DEBUG o.s.c.a.ConfigurationClassBeanDefinitionReader - Registering bean definition for @Bean method org.springframework.web.servlet.config.annotation.DelegatingWebMvcConfiguration.mvcResourceUrlProvider()
21:59:34.168 [main] DEBUG o.s.c.a.ConfigurationClassBeanDefinitionReader - Registering bean definition for @Bean method org.springframework.web.servlet.config.annotation.DelegatingWebMvcConfiguration.defaultServletHandlerMapping()
21:59:34.168 [main] DEBUG o.s.c.a.ConfigurationClassBeanDefinitionReader - Registering bean definition for @Bean method org.springframework.web.servlet.config.annotation.DelegatingWebMvcConfiguration.requestMappingHandlerAdapter()
21:59:34.168 [main] DEBUG o.s.c.a.ConfigurationClassBeanDefinitionReader - Registering bean definition for @Bean method org.springframework.web.servlet.config.annotation.DelegatingWebMvcConfiguration.mvcValidator()
21:59:34.168 [main] DEBUG o.s.c.a.ConfigurationClassBeanDefinitionReader - Registering bean definition for @Bean method org.springframework.web.servlet.config.annotation.DelegatingWebMvcConfiguration.mvcUriComponentsContributor()
21:59:34.169 [main] DEBUG o.s.c.a.ConfigurationClassBeanDefinitionReader - Registering bean definition for @Bean method org.springframework.web.servlet.config.annotation.DelegatingWebMvcConfiguration.httpRequestHandlerAdapter()
21:59:34.169 [main] DEBUG o.s.c.a.ConfigurationClassBeanDefinitionReader - Registering bean definition for @Bean method org.springframework.web.servlet.config.annotation.DelegatingWebMvcConfiguration.simpleControllerHandlerAdapter()
21:59:34.170 [main] DEBUG o.s.c.a.ConfigurationClassBeanDefinitionReader - Registering bean definition for @Bean method org.springframework.web.servlet.config.annotation.DelegatingWebMvcConfiguration.handlerExceptionResolver()
21:59:34.170 [main] DEBUG o.s.c.a.ConfigurationClassBeanDefinitionReader - Registering bean definition for @Bean method org.springframework.web.servlet.config.annotation.DelegatingWebMvcConfiguration.mvcViewResolver()
21:59:34.170 [main] DEBUG o.s.c.a.ConfigurationClassBeanDefinitionReader - Registered bean definition for imported class &apos;org.springframework.security.config.annotation.method.configuration.GlobalMethodSecurityConfiguration&apos;
21:59:34.170 [main] DEBUG o.s.c.a.ConfigurationClassBeanDefinitionReader - Registering bean definition for @Bean method org.springframework.security.config.annotation.method.configuration.GlobalMethodSecurityConfiguration.methodSecurityInterceptor()
21:59:34.171 [main] DEBUG o.s.c.a.ConfigurationClassBeanDefinitionReader - Registering bean definition for @Bean method org.springframework.security.config.annotation.method.configuration.GlobalMethodSecurityConfiguration.methodSecurityMetadataSource()
21:59:34.171 [main] DEBUG o.s.c.a.ConfigurationClassBeanDefinitionReader - Registering bean definition for @Bean method org.springframework.security.config.annotation.method.configuration.GlobalMethodSecurityConfiguration.preInvocationAuthorizationAdvice()
21:59:34.171 [main] DEBUG o.s.c.a.ConfigurationClassBeanDefinitionReader - Registering bean definition for @Bean method edu.ncsu.csc.itrust2.mvc.config.WebMvcConfiguration.viewResolver()
21:59:34.171 [main] DEBUG o.s.c.a.ConfigurationClassBeanDefinitionReader - Registering bean definition for @Bean method edu.ncsu.csc.itrust2.mvc.config.WebMvcConfiguration.templateEngine()
21:59:34.171 [main] DEBUG o.s.c.a.ConfigurationClassBeanDefinitionReader - Registering bean definition for @Bean method edu.ncsu.csc.itrust2.mvc.config.WebMvcConfiguration.domainClassConverter()
21:59:34.321 [main] DEBUG o.s.c.a.ConfigurationClassEnhancer - Successfully enhanced edu.ncsu.csc.itrust2.config.RootConfiguration; enhanced class name is: edu.ncsu.csc.itrust2.config.RootConfiguration$$EnhancerBySpringCGLIB$$c1d00685
21:59:34.321 [main] DEBUG o.s.c.a.ConfigurationClassPostProcessor - Replacing bean definition &apos;rootConfiguration&apos; existing class &apos;edu.ncsu.csc.itrust2.config.RootConfiguration&apos; with enhanced class &apos;edu.ncsu.csc.itrust2.config.RootConfiguration$$EnhancerBySpringCGLIB$$c1d00685&apos;
21:59:34.326 [main] DEBUG o.s.c.a.ConfigurationClassEnhancer - Successfully enhanced edu.ncsu.csc.itrust2.mvc.config.WebMvcConfiguration; enhanced class name is: edu.ncsu.csc.itrust2.mvc.config.WebMvcConfiguration$$EnhancerBySpringCGLIB$$de7b09d5
21:59:34.326 [main] DEBUG o.s.c.a.ConfigurationClassPostProcessor - Replacing bean definition &apos;webMvcConfiguration&apos; existing class &apos;edu.ncsu.csc.itrust2.mvc.config.WebMvcConfiguration&apos; with enhanced class &apos;edu.ncsu.csc.itrust2.mvc.config.WebMvcConfiguration$$EnhancerBySpringCGLIB$$de7b09d5&apos;
21:59:34.329 [main] DEBUG o.s.c.a.ConfigurationClassEnhancer - Successfully enhanced edu.ncsu.csc.itrust2.config.DataConfiguration; enhanced class name is: edu.ncsu.csc.itrust2.config.DataConfiguration$$EnhancerBySpringCGLIB$$60f4bbd
21:59:34.329 [main] DEBUG o.s.c.a.ConfigurationClassPostProcessor - Replacing bean definition &apos;dataConfiguration&apos; existing class &apos;edu.ncsu.csc.itrust2.config.DataConfiguration&apos; with enhanced class &apos;edu.ncsu.csc.itrust2.config.DataConfiguration$$EnhancerBySpringCGLIB$$60f4bbd&apos;
21:59:34.338 [main] DEBUG o.s.c.a.ConfigurationClassEnhancer - Successfully enhanced edu.ncsu.csc.itrust2.config.SecurityConfig; enhanced class name is: edu.ncsu.csc.itrust2.config.SecurityConfig$$EnhancerBySpringCGLIB$$f88fd361
21:59:34.338 [main] DEBUG o.s.c.a.ConfigurationClassPostProcessor - Replacing bean definition &apos;securityConfig&apos; existing class &apos;edu.ncsu.csc.itrust2.config.SecurityConfig&apos; with enhanced class &apos;edu.ncsu.csc.itrust2.config.SecurityConfig$$EnhancerBySpringCGLIB$$f88fd361&apos;
21:59:34.341 [main] DEBUG o.s.c.a.ConfigurationClassEnhancer - Successfully enhanced org.springframework.security.config.annotation.configuration.ObjectPostProcessorConfiguration; enhanced class name is: org.springframework.security.config.annotation.configuration.ObjectPostProcessorConfiguration$$EnhancerBySpringCGLIB$$6851d2d
21:59:34.341 [main] DEBUG o.s.c.a.ConfigurationClassPostProcessor - Replacing bean definition &apos;org.springframework.security.config.annotation.configuration.ObjectPostProcessorConfiguration&apos; existing class &apos;org.springframework.security.config.annotation.configuration.ObjectPostProcessorConfiguration&apos; with enhanced class &apos;org.springframework.security.config.annotation.configuration.ObjectPostProcessorConfiguration$$EnhancerBySpringCGLIB$$6851d2d&apos;
21:59:34.344 [main] DEBUG o.s.c.a.ConfigurationClassEnhancer - Successfully enhanced org.springframework.security.config.annotation.authentication.configuration.AuthenticationConfiguration; enhanced class name is: org.springframework.security.config.annotation.authentication.configuration.AuthenticationConfiguration$$EnhancerBySpringCGLIB$$524e27a2
21:59:34.344 [main] DEBUG o.s.c.a.ConfigurationClassPostProcessor - Replacing bean definition &apos;org.springframework.security.config.annotation.authentication.configuration.AuthenticationConfiguration&apos; existing class &apos;org.springframework.security.config.annotation.authentication.configuration.AuthenticationConfiguration&apos; with enhanced class &apos;org.springframework.security.config.annotation.authentication.configuration.AuthenticationConfiguration$$EnhancerBySpringCGLIB$$524e27a2&apos;
21:59:34.344 [main] DEBUG o.s.c.a.ConfigurationClassEnhancer - Successfully enhanced org.springframework.security.config.annotation.authentication.configuration.AuthenticationConfiguration; enhanced class name is: org.springframework.security.config.annotation.authentication.configuration.AuthenticationConfiguration$$EnhancerBySpringCGLIB$$524e27a2
21:59:34.344 [main] DEBUG o.s.c.a.ConfigurationClassPostProcessor - Replacing bean definition &apos;enableGlobalAuthenticationAutowiredConfigurer&apos; existing class &apos;org.springframework.security.config.annotation.authentication.configuration.AuthenticationConfiguration&apos; with enhanced class &apos;org.springframework.security.config.annotation.authentication.configuration.AuthenticationConfiguration$$EnhancerBySpringCGLIB$$524e27a2&apos;
21:59:34.344 [main] DEBUG o.s.c.a.ConfigurationClassEnhancer - Successfully enhanced org.springframework.security.config.annotation.authentication.configuration.AuthenticationConfiguration; enhanced class name is: org.springframework.security.config.annotation.authentication.configuration.AuthenticationConfiguration$$EnhancerBySpringCGLIB$$524e27a2
21:59:34.344 [main] DEBUG o.s.c.a.ConfigurationClassPostProcessor - Replacing bean definition &apos;initializeUserDetailsBeanManagerConfigurer&apos; existing class &apos;org.springframework.security.config.annotation.authentication.configuration.AuthenticationConfiguration&apos; with enhanced class &apos;org.springframework.security.config.annotation.authentication.configuration.AuthenticationConfiguration$$EnhancerBySpringCGLIB$$524e27a2&apos;
21:59:34.344 [main] DEBUG o.s.c.a.ConfigurationClassEnhancer - Successfully enhanced org.springframework.security.config.annotation.authentication.configuration.AuthenticationConfiguration; enhanced class name is: org.springframework.security.config.annotation.authentication.configuration.AuthenticationConfiguration$$EnhancerBySpringCGLIB$$524e27a2
21:59:34.344 [main] DEBUG o.s.c.a.ConfigurationClassPostProcessor - Replacing bean definition &apos;initializeAuthenticationProviderBeanManagerConfigurer&apos; existing class &apos;org.springframework.security.config.annotation.authentication.configuration.AuthenticationConfiguration&apos; with enhanced class &apos;org.springframework.security.config.annotation.authentication.configuration.AuthenticationConfiguration$$EnhancerBySpringCGLIB$$524e27a2&apos;
21:59:34.349 [main] DEBUG o.s.c.a.ConfigurationClassEnhancer - Successfully enhanced org.springframework.security.config.annotation.web.configuration.WebSecurityConfiguration; enhanced class name is: org.springframework.security.config.annotation.web.configuration.WebSecurityConfiguration$$EnhancerBySpringCGLIB$$150881e6
21:59:34.349 [main] DEBUG o.s.c.a.ConfigurationClassPostProcessor - Replacing bean definition &apos;org.springframework.security.config.annotation.web.configuration.WebSecurityConfiguration&apos; existing class &apos;org.springframework.security.config.annotation.web.configuration.WebSecurityConfiguration&apos; with enhanced class &apos;org.springframework.security.config.annotation.web.configuration.WebSecurityConfiguration$$EnhancerBySpringCGLIB$$150881e6&apos;
21:59:34.349 [main] DEBUG o.s.c.a.ConfigurationClassEnhancer - Successfully enhanced org.springframework.security.config.annotation.web.configuration.WebSecurityConfiguration; enhanced class name is: org.springframework.security.config.annotation.web.configuration.WebSecurityConfiguration$$EnhancerBySpringCGLIB$$150881e6
21:59:34.349 [main] DEBUG o.s.c.a.ConfigurationClassPostProcessor - Replacing bean definition &apos;delegatingApplicationListener&apos; existing class &apos;org.springframework.security.config.annotation.web.configuration.WebSecurityConfiguration&apos; with enhanced class &apos;org.springframework.security.config.annotation.web.configuration.WebSecurityConfiguration$$EnhancerBySpringCGLIB$$150881e6&apos;
21:59:34.360 [main] DEBUG o.s.c.a.ConfigurationClassEnhancer - Successfully enhanced org.springframework.web.servlet.config.annotation.DelegatingWebMvcConfiguration; enhanced class name is: org.springframework.web.servlet.config.annotation.DelegatingWebMvcConfiguration$$EnhancerBySpringCGLIB$$32983a29
21:59:34.360 [main] DEBUG o.s.c.a.ConfigurationClassPostProcessor - Replacing bean definition &apos;org.springframework.web.servlet.config.annotation.DelegatingWebMvcConfiguration&apos; existing class &apos;org.springframework.web.servlet.config.annotation.DelegatingWebMvcConfiguration&apos; with enhanced class &apos;org.springframework.web.servlet.config.annotation.DelegatingWebMvcConfiguration$$EnhancerBySpringCGLIB$$32983a29&apos;
21:59:34.364 [main] DEBUG o.s.c.a.ConfigurationClassEnhancer - Successfully enhanced org.springframework.security.config.annotation.method.configuration.GlobalMethodSecurityConfiguration; enhanced class name is: org.springframework.security.config.annotation.method.configuration.GlobalMethodSecurityConfiguration$$EnhancerBySpringCGLIB$$2b59bfdf
21
...[truncated 195525 chars]...
ring edu.ncsu.csc.itrust2.controllers.patient.PatientController.viewDemographics(org.springframework.ui.Model)]] with attributes [[authorize: &apos;hasRole(&apos;ROLE_PATIENT&apos;)&apos;, filter: &apos;null&apos;, filterTarget: &apos;null&apos;]]
21:59:35.307 [main] DEBUG o.s.aop.framework.CglibAopProxy - Unable to apply any optimisations to advised method: public java.lang.String edu.ncsu.csc.itrust2.controllers.patient.PatientController.viewDemographics(org.springframework.ui.Model)
21:59:35.307 [main] DEBUG o.s.s.a.p.PrePostAnnotationSecurityMetadataSource - @org.springframework.security.access.prepost.PreAuthorize(value=hasRole(&apos;ROLE_PATIENT&apos;)) found on specific method: public java.lang.String edu.ncsu.csc.itrust2.controllers.patient.PatientController.demographicsSubmit(edu.ncsu.csc.itrust2.forms.hcp_patient.PatientForm,org.springframework.validation.BindingResult,org.springframework.ui.Model)
21:59:35.307 [main] DEBUG o.s.s.a.m.DelegatingMethodSecurityMetadataSource - Caching method [CacheKey[edu.ncsu.csc.itrust2.controllers.patient.PatientController; public java.lang.String edu.ncsu.csc.itrust2.controllers.patient.PatientController.demographicsSubmit(edu.ncsu.csc.itrust2.forms.hcp_patient.PatientForm,org.springframework.validation.BindingResult,org.springframework.ui.Model)]] with attributes [[authorize: &apos;hasRole(&apos;ROLE_PATIENT&apos;)&apos;, filter: &apos;null&apos;, filterTarget: &apos;null&apos;]]
21:59:35.307 [main] DEBUG o.s.aop.framework.CglibAopProxy - Unable to apply any optimisations to advised method: public java.lang.String edu.ncsu.csc.itrust2.controllers.patient.PatientController.demographicsSubmit(edu.ncsu.csc.itrust2.forms.hcp_patient.PatientForm,org.springframework.validation.BindingResult,org.springframework.ui.Model)
21:59:35.307 [main] DEBUG o.s.s.a.p.PrePostAnnotationSecurityMetadataSource - @org.springframework.security.access.prepost.PreAuthorize(value=hasRole(&apos;ROLE_PATIENT&apos;)) found on specific method: public java.lang.String edu.ncsu.csc.itrust2.controllers.patient.PatientController.index(org.springframework.ui.Model)
21:59:35.308 [main] DEBUG o.s.s.a.m.DelegatingMethodSecurityMetadataSource - Caching method [CacheKey[edu.ncsu.csc.itrust2.controllers.patient.PatientController; public java.lang.String edu.ncsu.csc.itrust2.controllers.patient.PatientController.index(org.springframework.ui.Model)]] with attributes [[authorize: &apos;hasRole(&apos;ROLE_PATIENT&apos;)&apos;, filter: &apos;null&apos;, filterTarget: &apos;null&apos;]]
21:59:35.308 [main] DEBUG o.s.aop.framework.CglibAopProxy - Unable to apply any optimisations to advised method: public java.lang.String edu.ncsu.csc.itrust2.controllers.patient.PatientController.index(org.springframework.ui.Model)
21:59:35.308 [main] DEBUG o.s.aop.framework.CglibAopProxy - Found &apos;equals&apos; method: public boolean java.lang.Object.equals(java.lang.Object)
21:59:35.308 [main] DEBUG o.s.aop.framework.CglibAopProxy - Unable to apply any optimisations to advised method: public java.lang.String java.lang.Object.toString()
21:59:35.308 [main] DEBUG o.s.aop.framework.CglibAopProxy - Found &apos;hashCode&apos; method: public native int java.lang.Object.hashCode()
21:59:35.308 [main] DEBUG o.s.aop.framework.CglibAopProxy - Unable to apply any optimisations to advised method: protected native java.lang.Object java.lang.Object.clone() throws java.lang.CloneNotSupportedException
21:59:35.308 [main] DEBUG o.s.aop.framework.CglibAopProxy - Method is declared on Advised interface: public abstract void org.springframework.aop.framework.Advised.setTargetSource(org.springframework.aop.TargetSource)
21:59:35.308 [main] DEBUG o.s.aop.framework.CglibAopProxy - Method is declared on Advised interface: public abstract org.springframework.aop.TargetSource org.springframework.aop.framework.Advised.getTargetSource()
21:59:35.308 [main] DEBUG o.s.aop.framework.CglibAopProxy - Method is declared on Advised interface: public abstract boolean org.springframework.aop.framework.Advised.isProxyTargetClass()
21:59:35.308 [main] DEBUG o.s.aop.framework.CglibAopProxy - Method is declared on Advised interface: public abstract void org.springframework.aop.framework.Advised.addAdvisor(org.springframework.aop.Advisor) throws org.springframework.aop.framework.AopConfigException
21:59:35.308 [main] DEBUG o.s.aop.framework.CglibAopProxy - Method is declared on Advised interface: public abstract void org.springframework.aop.framework.Advised.addAdvisor(int,org.springframework.aop.Advisor) throws org.springframework.aop.framework.AopConfigException
21:59:35.308 [main] DEBUG o.s.aop.framework.CglibAopProxy - Method is declared on Advised interface: public abstract void org.springframework.aop.framework.Advised.setPreFiltered(boolean)
21:59:35.308 [main] DEBUG o.s.aop.framework.CglibAopProxy - Method is declared on Advised interface: public abstract void org.springframework.aop.framework.Advised.setExposeProxy(boolean)
21:59:35.308 [main] DEBUG o.s.aop.framework.CglibAopProxy - Method is declared on Advised interface: public abstract boolean org.springframework.aop.framework.Advised.isExposeProxy()
21:59:35.308 [main] DEBUG o.s.aop.framework.CglibAopProxy - Method is declared on Advised interface: public abstract boolean org.springframework.aop.framework.Advised.isPreFiltered()
21:59:35.308 [main] DEBUG o.s.aop.framework.CglibAopProxy - Method is declared on Advised interface: public abstract java.lang.Class[] org.springframework.aop.framework.Advised.getProxiedInterfaces()
21:59:35.308 [main] DEBUG o.s.aop.framework.CglibAopProxy - Method is declared on Advised interface: public abstract boolean org.springframework.aop.framework.Advised.isInterfaceProxied(java.lang.Class)
21:59:35.308 [main] DEBUG o.s.aop.framework.CglibAopProxy - Method is declared on Advised interface: public abstract org.springframework.aop.Advisor[] org.springframework.aop.framework.Advised.getAdvisors()
21:59:35.308 [main] DEBUG o.s.aop.framework.CglibAopProxy - Method is declared on Advised interface: public abstract void org.springframework.aop.framework.Advised.removeAdvisor(int) throws org.springframework.aop.framework.AopConfigException
21:59:35.308 [main] DEBUG o.s.aop.framework.CglibAopProxy - Method is declared on Advised interface: public abstract boolean org.springframework.aop.framework.Advised.removeAdvisor(org.springframework.aop.Advisor)
21:59:35.308 [main] DEBUG o.s.aop.framework.CglibAopProxy - Method is declared on Advised interface: public abstract boolean org.springframework.aop.framework.Advised.replaceAdvisor(org.springframework.aop.Advisor,org.springframework.aop.Advisor) throws org.springframework.aop.framework.AopConfigException
21:59:35.308 [main] DEBUG o.s.aop.framework.CglibAopProxy - Method is declared on Advised interface: public abstract boolean org.springframework.aop.framework.Advised.removeAdvice(org.aopalliance.aop.Advice)
21:59:35.308 [main] DEBUG o.s.aop.framework.CglibAopProxy - Method is declared on Advised interface: public abstract java.lang.String org.springframework.aop.framework.Advised.toProxyConfigString()
21:59:35.308 [main] DEBUG o.s.aop.framework.CglibAopProxy - Method is declared on Advised interface: public abstract void org.springframework.aop.framework.Advised.addAdvice(int,org.aopalliance.aop.Advice) throws org.springframework.aop.framework.AopConfigException
21:59:35.308 [main] DEBUG o.s.aop.framework.CglibAopProxy - Method is declared on Advised interface: public abstract void org.springframework.aop.framework.Advised.addAdvice(org.aopalliance.aop.Advice) throws org.springframework.aop.framework.AopConfigException
21:59:35.308 [main] DEBUG o.s.aop.framework.CglibAopProxy - Method is declared on Advised interface: public abstract int org.springframework.aop.framework.Advised.indexOf(org.aopalliance.aop.Advice)
21:59:35.308 [main] DEBUG o.s.aop.framework.CglibAopProxy - Method is declared on Advised interface: public abstract int org.springframework.aop.framework.Advised.indexOf(org.springframework.aop.Advisor)
21:59:35.308 [main] DEBUG o.s.aop.framework.CglibAopProxy - Method is declared on Advised interface: public abstract boolean org.springframework.aop.framework.Advised.isFrozen()
21:59:35.308 [main] DEBUG o.s.aop.framework.CglibAopProxy - Method is declared on Advised interface: public abstract java.lang.Class org.springframework.aop.TargetClassAware.getTargetClass()
21:59:35.314 [main] DEBUG o.s.b.f.s.DefaultListableBeanFactory - Finished creating instance of bean &apos;patientController&apos;
21:59:35.314 [main] DEBUG o.s.b.f.s.DefaultListableBeanFactory - Creating shared instance of singleton bean &apos;passwordController&apos;
21:59:35.314 [main] DEBUG o.s.b.f.s.DefaultListableBeanFactory - Creating instance of bean &apos;passwordController&apos;
21:59:35.314 [main] DEBUG o.s.b.f.s.DefaultListableBeanFactory - Eagerly caching bean &apos;passwordController&apos; to allow for resolving potential circular references
21:59:35.315 [main] DEBUG o.s.b.f.s.DefaultListableBeanFactory - Returning cached instance of singleton bean &apos;metaDataSourceAdvisor&apos;
21:59:35.315 [main] DEBUG o.s.b.f.s.DefaultListableBeanFactory - Finished creating instance of bean &apos;passwordController&apos;
21:59:35.315 [main] DEBUG o.s.b.f.s.DefaultListableBeanFactory - Creating shared instance of singleton bean &apos;userController&apos;
21:59:35.315 [main] DEBUG o.s.b.f.s.DefaultListableBeanFactory - Creating instance of bean &apos;userController&apos;
21:59:35.316 [main] DEBUG o.s.b.f.s.DefaultListableBeanFactory - Eagerly caching bean &apos;userController&apos; to allow for resolving potential circular references
21:59:35.317 [main] DEBUG o.s.b.f.s.DefaultListableBeanFactory - Returning cached instance of singleton bean &apos;metaDataSourceAdvisor&apos;
21:59:35.317 [main] DEBUG o.s.s.a.p.PrePostAnnotationSecurityMetadataSource - @org.springframework.security.access.prepost.PreAuthorize(value=hasRole(&apos;ROLE_HCP&apos;) or hasRole(&apos;ROLE_ADMIN&apos;)) found on specific method: public java.lang.String edu.ncsu.csc.itrust2.controllers.personnel.UserController.viewDemographics(org.springframework.ui.Model)
21:59:35.318 [main] DEBUG o.s.s.a.m.DelegatingMethodSecurityMetadataSource - Caching method [CacheKey[edu.ncsu.csc.itrust2.controllers.personnel.UserController; public java.lang.String edu.ncsu.csc.itrust2.controllers.personnel.UserController.viewDemographics(org.springframework.ui.Model)]] with attributes [[authorize: &apos;hasRole(&apos;ROLE_HCP&apos;) or hasRole(&apos;ROLE_ADMIN&apos;)&apos;, filter: &apos;null&apos;, filterTarget: &apos;null&apos;]]
21:59:35.318 [main] DEBUG o.s.a.f.a.InfrastructureAdvisorAutoProxyCreator - Creating implicit proxy for bean &apos;userController&apos; with 0 common interceptors and 1 specific interceptors
21:59:35.318 [main] DEBUG o.s.aop.framework.CglibAopProxy - Creating CGLIB proxy: target source is SingletonTargetSource for target object [edu.ncsu.csc.itrust2.controllers.personnel.UserController@353930c5]
21:59:35.318 [main] DEBUG o.s.aop.framework.CglibAopProxy - Unable to apply any optimisations to advised method: public java.lang.String edu.ncsu.csc.itrust2.controllers.personnel.UserController.viewDemographics(org.springframework.ui.Model)
21:59:35.318 [main] DEBUG o.s.s.a.p.PrePostAnnotationSecurityMetadataSource - @org.springframework.security.access.prepost.PreAuthorize(value=hasRole(&apos;ROLE_HCP&apos;) or hasRole(&apos;ROLE_ADMIN&apos;)) found on specific method: public java.lang.String edu.ncsu.csc.itrust2.controllers.personnel.UserController.demographicsSubmit(edu.ncsu.csc.itrust2.forms.personnel.PersonnelForm,org.springframework.validation.BindingResult,org.springframework.ui.Model)
21:59:35.319 [main] DEBUG o.s.s.a.m.DelegatingMethodSecurityMetadataSource - Caching method [CacheKey[edu.ncsu.csc.itrust2.controllers.personnel.UserController; public java.lang.String edu.ncsu.csc.itrust2.controllers.personnel.UserController.demographicsSubmit(edu.ncsu.csc.itrust2.forms.personnel.PersonnelForm,org.springframework.validation.BindingResult,org.springframework.ui.Model)]] with attributes [[authorize: &apos;hasRole(&apos;ROLE_HCP&apos;) or hasRole(&apos;ROLE_ADMIN&apos;)&apos;, filter: &apos;null&apos;, filterTarget: &apos;null&apos;]]
21:59:35.319 [main] DEBUG o.s.aop.framework.CglibAopProxy - Unable to apply any optimisations to advised method: public java.lang.String edu.ncsu.csc.itrust2.controllers.personnel.UserController.demographicsSubmit(edu.ncsu.csc.itrust2.forms.personnel.PersonnelForm,org.springframework.validation.BindingResult,org.springframework.ui.Model)
21:59:35.319 [main] DEBUG o.s.aop.framework.CglibAopProxy - Found &apos;equals&apos; method: public boolean java.lang.Object.equals(java.lang.Object)
21:59:35.319 [main] DEBUG o.s.aop.framework.CglibAopProxy - Unable to apply any optimisations to advised method: public java.lang.String java.lang.Object.toString()
21:59:35.319 [main] DEBUG o.s.aop.framework.CglibAopProxy - Found &apos;hashCode&apos; method: public native int java.lang.Object.hashCode()
21:59:35.319 [main] DEBUG o.s.aop.framework.CglibAopProxy - Unable to apply any optimisations to advised method: protected native java.lang.Object java.lang.Object.clone() throws java.lang.CloneNotSupportedException
21:59:35.319 [main] DEBUG o.s.aop.framework.CglibAopProxy - Method is declared on Advised interface: public abstract void org.springframework.aop.framework.Advised.setTargetSource(org.springframework.aop.TargetSource)
21:59:35.319 [main] DEBUG o.s.aop.framework.CglibAopProxy - Method is declared on Advised interface: public abstract org.springframework.aop.TargetSource org.springframework.aop.framework.Advised.getTargetSource()
21:59:35.319 [main] DEBUG o.s.aop.framework.CglibAopProxy - Method is declared on Advised interface: public abstract boolean org.springframework.aop.framework.Advised.isProxyTargetClass()
21:59:35.319 [main] DEBUG o.s.aop.framework.CglibAopProxy - Method is declared on Advised interface: public abstract void org.springframework.aop.framework.Advised.addAdvisor(org.springframework.aop.Advisor) throws org.springframework.aop.framework.AopConfigException
21:59:35.319 [main] DEBUG o.s.aop.framework.CglibAopProxy - Method is declared on Advised interface: public abstract void org.springframework.aop.framework.Advised.addAdvisor(int,org.springframework.aop.Advisor) throws org.springframework.aop.framework.AopConfigException
21:59:35.319 [main] DEBUG o.s.aop.framework.CglibAopProxy - Method is declared on Advised interface: public abstract void org.springframework.aop.framework.Advised.setPreFiltered(boolean)
21:59:35.319 [main] DEBUG o.s.aop.framework.CglibAopProxy - Method is declared on Advised interface: public abstract void org.springframework.aop.framework.Advised.setExposeProxy(boolean)
21:59:35.319 [main] DEBUG o.s.aop.framework.CglibAopProxy - Method is declared on Advised interface: public abstract boolean org.springframework.aop.framework.Advised.isExposeProxy()
21:59:35.319 [main] DEBUG o.s.aop.framework.CglibAopProxy - Method is declared on Advised interface: public abstract boolean org.springframework.aop.framework.Advised.isPreFiltered()
21:59:35.319 [main] DEBUG o.s.aop.framework.CglibAopProxy - Method is declared on Advised interface: public abstract java.lang.Class[] org.springframework.aop.framework.Advised.getProxiedInterfaces()
21:59:35.319 [main] DEBUG o.s.aop.framework.CglibAopProxy - Method is declared on Advised interface: public abstract boolean org.springframework.aop.framework.Advised.isInterfaceProxied(java.lang.Class)
21:59:35.319 [main] DEBUG o.s.aop.framework.CglibAopProxy - Method is declared on Advised interface: public abstract org.springframework.aop.Advisor[] org.springframework.aop.framework.Advised.getAdvisors()
21:59:35.319 [main] DEBUG o.s.aop.framework.CglibAopProxy - Method is declared on Advised interface: public abstract void org.springframework.aop.framework.Advised.removeAdvisor(int) throws org.springframework.aop.framework.AopConfigException
21:59:35.319 [main] DEBUG o.s.aop.framework.CglibAopProxy - Method is declared on Advised interface: public abstract boolean org.springframework.aop.framework.Advised.removeAdvisor(org.springframework.aop.Advisor)
21:59:35.319 [main] DEBUG o.s.aop.framework.CglibAopProxy - Method is declared on Advised interface: public abstract boolean org.springframework.aop.framework.Advised.replaceAdvisor(org.springframework.aop.Advisor,org.springframework.aop.Advisor) throws org.springframework.aop.framework.AopConfigException
21:59:35.319 [main] DEBUG o.s.aop.framework.CglibAopProxy - Method is declared on Advised interface: public abstract boolean org.springframework.aop.framework.Advised.removeAdvice(org.aopalliance.aop.Advice)
21:59:35.319 [main] DEBUG o.s.aop.framework.CglibAopProxy - Method is declared on Advised interface: public abstract java.lang.String org.springframework.aop.framework.Advised.toProxyConfigString()
21:59:35.319 [main] DEBUG o.s.aop.framework.CglibAopProxy - Method is declared on Advised interface: public abstract void org.springframework.aop.framework.Advised.addAdvice(int,org.aopalliance.aop.Advice) throws org.springframework.aop.framework.AopConfigException
21:59:35.319 [main] DEBUG o.s.aop.framework.CglibAopProxy - Method is declared on Advised interface: public abstract void org.springframework.aop.framework.Advised.addAdvice(org.aopalliance.aop.Advice) throws org.springframework.aop.framework.AopConfigException
21:59:35.319 [main] DEBUG o.s.aop.framework.CglibAopProxy - Method is declared on Advised interface: public abstract int org.springframework.aop.framework.Advised.indexOf(org.aopalliance.aop.Advice)
21:59:35.319 [main] DEBUG o.s.aop.framework.CglibAopProxy - Method is declared on Advised interface: public abstract int org.springframework.aop.framework.Advised.indexOf(org.springframework.aop.Advisor)
21:59:35.319 [main] DEBUG o.s.aop.framework.CglibAopProxy - Method is declared on Advised interface: public abstract boolean org.springframework.aop.framework.Advised.isFrozen()
21:59:35.319 [main] DEBUG o.s.aop.framework.CglibAopProxy - Method is declared on Advised interface: public abstract java.lang.Class org.springframework.aop.TargetClassAware.getTargetClass()
21:59:35.324 [main] DEBUG o.s.b.f.s.DefaultListableBeanFactory - Finished creating instance of bean &apos;userController&apos;
21:59:35.325 [main] DEBUG o.s.b.f.s.DefaultListableBeanFactory - Returning cached instance of singleton bean &apos;dataSource&apos;
21:59:35.325 [main] DEBUG o.s.b.f.s.DefaultListableBeanFactory - Returning cached instance of singleton bean &apos;org.springframework.security.config.annotation.configuration.ObjectPostProcessorConfiguration&apos;
21:59:35.325 [main] DEBUG o.s.b.f.s.DefaultListableBeanFactory - Returning cached instance of singleton bean &apos;objectPostProcessor&apos;
21:59:35.325 [main] DEBUG o.s.b.f.s.DefaultListableBeanFactory - Returning cached instance of singleton bean &apos;org.springframework.security.config.annotation.authentication.configuration.AuthenticationConfiguration&apos;
21:59:35.325 [main] DEBUG o.s.b.f.s.DefaultListableBeanFactory - Returning cached instance of singleton bean &apos;authenticationManagerBuilder&apos;
21:59:35.325 [main] DEBUG o.s.b.f.s.DefaultListableBeanFactory - Returning cached instance of singleton bean &apos;enableGlobalAuthenticationAutowiredConfigurer&apos;
21:59:35.325 [main] DEBUG o.s.b.f.s.DefaultListableBeanFactory - Returning cached instance of singleton bean &apos;initializeUserDetailsBeanManagerConfigurer&apos;
21:59:35.325 [main] DEBUG o.s.b.f.s.DefaultListableBeanFactory - Returning cached instance of singleton bean &apos;initializeAuthenticationProviderBeanManagerConfigurer&apos;
21:59:35.325 [main] DEBUG o.s.b.f.s.DefaultListableBeanFactory - Creating shared instance of singleton bean &apos;org.springframework.security.config.annotation.web.configuration.WebSecurityConfiguration&apos;
21:59:35.325 [main] DEBUG o.s.b.f.s.DefaultListableBeanFactory - Creating instance of bean &apos;org.springframework.security.config.annotation.web.configuration.WebSecurityConfiguration&apos;
21:59:35.328 [main] DEBUG o.s.b.f.annotation.InjectionMetadata - Registered injected element on class [org.springframework.security.config.annotation.web.configuration.WebSecurityConfiguration$$EnhancerBySpringCGLIB$$150881e6]: AutowiredFieldElement for private org.springframework.security.config.annotation.ObjectPostProcessor org.springframework.security.config.annotation.web.configuration.WebSecurityConfiguration.objectObjectPostProcessor
21:59:35.329 [main] DEBUG o.s.b.f.annotation.InjectionMetadata - Registered injected element on class [org.springframework.security.config.annotation.web.configuration.WebSecurityConfiguration$$EnhancerBySpringCGLIB$$150881e6]: AutowiredMethodElement for public void org.springframework.security.config.annotation.web.configuration.WebSecurityConfiguration.setFilterChainProxySecurityConfigurer(org.springframework.security.config.annotation.ObjectPostProcessor,java.util.List) throws java.lang.Exception
21:59:35.329 [main] DEBUG o.s.b.f.s.DefaultListableBeanFactory - Eagerly caching bean &apos;org.springframework.security.config.annotation.web.configuration.WebSecurityConfiguration&apos; to allow for resolving potential circular references
21:59:35.329 [main] DEBUG o.s.b.f.annotation.InjectionMetadata - Processing injected element of bean &apos;org.springframework.security.config.annotation.web.configuration.WebSecurityConfiguration&apos;: AutowiredFieldElement for private org.springframework.security.config.annotation.ObjectPostProcessor org.springframework.security.config.annotation.web.configuration.WebSecurityConfiguration.objectObjectPostProcessor
21:59:35.329 [main] DEBUG o.s.b.f.s.DefaultListableBeanFactory - Returning cached instance of singleton bean &apos;objectPostProcessor&apos;
21:59:35.329 [main] DEBUG o.s.b.f.a.AutowiredAnnotationBeanPostProcessor - Autowiring by type from bean name &apos;org.springframework.security.config.annotation.web.configuration.WebSecurityConfiguration&apos; to bean named &apos;objectPostProcessor&apos;
21:59:35.329 [main] DEBUG o.s.b.f.annotation.InjectionMetadata - Processing injected element of bean &apos;org.springframework.security.config.annotation.web.configuration.WebSecurityConfiguration&apos;: AutowiredMethodElement for public void org.springframework.security.config.annotation.web.configuration.WebSecurityConfiguration.setFilterChainProxySecurityConfigurer(org.springframework.security.config.annotation.ObjectPostProcessor,java.util.List) throws java.lang.Exception
21:59:35.330 [main] DEBUG o.s.b.f.s.DefaultListableBeanFactory - Returning cached instance of singleton bean &apos;objectPostProcessor&apos;
21:59:35.333 [main] DEBUG o.s.b.f.s.DefaultListableBeanFactory - Creating shared instance of singleton bean &apos;autowiredWebSecurityConfigurersIgnoreParents&apos;
21:59:35.333 [main] DEBUG o.s.b.f.s.DefaultListableBeanFactory - Creating instance of bean &apos;autowiredWebSecurityConfigurersIgnoreParents&apos;
21:59:35.333 [main] DEBUG o.s.b.f.s.DefaultListableBeanFactory - Returning cached instance of singleton bean &apos;metaDataSourceAdvisor&apos;
21:59:35.335 [main] DEBUG o.s.b.f.s.DefaultListableBeanFactory - Returning eagerly cached instance of singleton bean &apos;org.springframework.security.config.annotation.web.configuration.WebSecurityConfiguration&apos; that is not fully initialized yet - a consequence of a circular reference
21:59:35.336 [main] DEBUG o.s.b.f.s.DefaultListableBeanFactory - Autowiring by type from bean name &apos;autowiredWebSecurityConfigurersIgnoreParents&apos; via factory method to bean named &apos;org.springframework.beans.factory.support.DefaultListableBeanFactory@242573cf&apos;
21:59:35.340 [main] DEBUG o.s.b.f.s.DefaultListableBeanFactory - Eagerly caching bean &apos;autowiredWebSecurityConfigurersIgnoreParents&apos; to allow for resolving potential circular references
21:59:35.342 [main] DEBUG o.s.b.f.s.DefaultListableBeanFactory - Returning cached instance of singleton bean &apos;metaDataSourceAdvisor&apos;
21:59:35.342 [main] DEBUG o.s.b.f.s.DefaultListableBeanFactory - Finished creating instance of bean &apos;autowiredWebSecurityConfigurersIgnoreParents&apos;
21:59:35.349 [main] DEBUG o.s.b.f.s.DefaultListableBeanFactory - Returning cached instance of singleton bean &apos;securityConfig&apos;
21:59:35.351 [main] DEBUG o.s.b.f.a.AutowiredAnnotationBeanPostProcessor - Autowiring by type from bean name &apos;org.springframework.security.config.annotation.web.configuration.WebSecurityConfiguration&apos; to bean named &apos;objectPostProcessor&apos;
21:59:35.355 [main] DEBUG o.s.b.f.s.DefaultListableBeanFactory - Returning cached instance of singleton bean &apos;metaDataSourceAdvisor&apos;
21:59:35.361 [main] DEBUG o.s.b.f.s.DefaultListableBeanFactory - Returning cached instance of singleton bean &apos;org.springframework.context.annotation.ConfigurationClassPostProcessor.importRegistry&apos;
21:59:35.361 [main] DEBUG o.s.b.f.s.DefaultListableBeanFactory - Finished creating instance of bean &apos;org.springframework.security.config.annotation.web.configuration.WebSecurityConfiguration&apos;
21:59:35.362 [main] DEBUG o.s.b.f.s.DefaultListableBeanFactory - Creating shared instance of singleton bean &apos;delegatingApplicationListener&apos;
21:59:35.362 [main] DEBUG o.s.b.f.s.DefaultListableBeanFactory - Creating instance of bean &apos;delegatingApplicationListener&apos;
21:59:35.362 [main] DEBUG o.s.b.f.s.DefaultListableBeanFactory - Eagerly caching bean &apos;delegatingApplicationListener&apos; to allow for resolving potential circular references
21:59:35.364 [main] DEBUG o.s.b.f.s.DefaultListableBeanFactory - Returning cached instance of singleton bean &apos;metaDataSourceAdvisor&apos;
21:59:35.364 [main] DEBUG o.s.b.f.s.DefaultListableBeanFactory - Finished creating instance of bean &apos;delegatingApplicationListener&apos;
21:59:35.364 [main] DEBUG o.s.b.f.s.DefaultListableBeanFactory - Creating shared instance of singleton bean &apos;springSecurityFilterChain&apos;
21:59:35.364 [main] DEBUG o.s.b.f.s.DefaultListableBeanFactory - Creating instance of bean &apos;springSecurityFilterChain&apos;
21:59:35.364 [main] DEBUG o.s.b.f.s.DefaultListableBeanFactory - Returning cached instance of singleton bean &apos;org.springframework.security.config.annotation.web.configuration.WebSecurityConfiguration&apos;
21:59:35.364 [main] DEBUG o.s.b.f.s.DefaultListableBeanFactory - Returning cached instance of singleton bean &apos;metaDataSourceAdvisor&apos;
21:59:35.366 [main] DEBUG o.s.b.f.s.DefaultListableBeanFactory - Returning cached instance of singleton bean &apos;webMvcConfiguration&apos;
21:59:35.366 [main] DEBUG o.s.b.f.s.DefaultListableBeanFactory - Returning cached instance of singleton bean &apos;securityConfig&apos;
21:59:35.366 [main] DEBUG o.s.s.c.a.a.c.AuthenticationConfiguration$EnableGlobalAuthenticationAutowiredConfigurer - Eagerly initializing {webMvcConfiguration=edu.ncsu.csc.itrust2.mvc.config.WebMvcConfiguration$$EnhancerBySpringCGLIB$$de7b09d5@7bcef554, securityConfig=edu.ncsu.csc.itrust2.config.SecurityConfig$$EnhancerBySpringCGLIB$$f88fd361@5921db2a}
21:59:35.368 [main] DEBUG o.s.b.f.s.DefaultListableBeanFactory - Invoking afterPropertiesSet() on bean with name &apos;org.springframework.security.authentication.dao.DaoAuthenticationProvider@568563f1&apos;
21:59:35.368 [main] DEBUG o.s.b.f.s.DefaultListableBeanFactory - Returning cached instance of singleton bean &apos;metaDataSourceAdvisor&apos;
21:59:35.373 [main] DEBUG o.s.b.f.s.DefaultListableBeanFactory - Invoking afterPropertiesSet() on bean with name &apos;org.springframework.security.authentication.ProviderManager@12a8809a&apos;
21:59:35.373 [main] DEBUG o.s.b.f.s.DefaultListableBeanFactory - Returning cached instance of singleton bean &apos;metaDataSourceAdvisor&apos;
21:59:35.376 [main] DEBUG o.s.b.f.s.DefaultListableBeanFactory - Returning cached instance of singleton bean &apos;authenticationManagerBuilder&apos;
21:59:35.410 [main] DEBUG o.s.w.c.s.StandardServletEnvironment - Adding [servletConfigInitParams] PropertySource with lowest search precedence
21:59:35.410 [main] DEBUG o.s.w.c.s.StandardServletEnvironment - Adding [servletContextInitParams] PropertySource with lowest search precedence
21:59:35.410 [main] DEBUG o.s.w.c.s.StandardServletEnvironment - Adding [systemProperties] PropertySource with lowest search precedence
21:59:35.410 [main] DEBUG o.s.w.c.s.StandardServletEnvironment - Adding [systemEnvironment] PropertySource with lowest search precedence
21:59:35.410 [main] DEBUG o.s.w.c.s.StandardServletEnvironment - Initialized StandardServletEnvironment with PropertySources [servletConfigInitParams,servletContextInitParams,systemProperties,systemEnvironment]
21:59:35.427 [main] DEBUG o.s.w.c.s.StandardServletEnvironment - Adding [servletConfigInitParams] PropertySource with lowest search precedence
21:59:35.427 [main] DEBUG o.s.w.c.s.StandardServletEnvironment - Adding [servletContextInitParams] PropertySource with lowest search precedence
21:59:35.427 [main] DEBUG o.s.w.c.s.StandardServletEnvironment - Adding [systemProperties] PropertySource with lowest search precedence
21:59:35.427 [main] DEBUG o.s.w.c.s.StandardServletEnvironment - Adding [systemEnvironment] PropertySource with lowest search precedence
21:59:35.427 [main] DEBUG o.s.w.c.s.StandardServletEnvironment - Initialized StandardServletEnvironment with PropertySources [servletConfigInitParams,servletContextInitParams,systemProperties,systemEnvironment]
21:59:35.427 [main] DEBUG o.s.w.c.s.StandardServletEnvironment - Adding [servletConfigInitParams] PropertySource with lowest search precedence
21:59:35.427 [main] DEBUG o.s.w.c.s.StandardServletEnvironment - Adding [servletContextInitParams] PropertySource with lowest search precedence
21:59:35.427 [main] DEBUG o.s.w.c.s.StandardServletEnvironment - Adding [systemProperties] PropertySource with lowest search precedence
21:59:35.428 [main] DEBUG o.s.w.c.s.StandardServletEnvironment - Adding [systemEnvironment] PropertySource with lowest search precedence
21:59:35.428 [main] DEBUG o.s.w.c.s.StandardServletEnvironment - Initialized StandardServletEnvironment with PropertySources [servletConfigInitParams,servletContextInitParams,systemProperties,systemEnvironment]
21:59:35.431 [main] DEBUG o.s.b.f.s.DefaultListableBeanFactory - Creating shared instance of singleton bean &apos;ipBlockFilter&apos;
21:59:35.431 [main] DEBUG o.s.b.f.s.DefaultListableBeanFactory - Creating instance of bean &apos;ipBlockFilter&apos;
21:59:35.431 [main] DEBUG o.s.b.f.s.DefaultListableBeanFactory - Returning cached instance of singleton bean &apos;securityConfig&apos;
21:59:35.432 [main] DEBUG o.s.w.c.s.StandardServletEnvironment - Adding [servletConfigInitParams] PropertySource with lowest search precedence
21:59:35.432 [main] DEBUG o.s.w.c.s.StandardServletEnvironment - Adding [servletContextInitParams] PropertySource with lowest search precedence
21:59:35.432 [main] DEBUG o.s.w.c.s.StandardServletEnvironment - Adding [systemProperties] PropertySource with lowest search precedence
21:59:35.432 [main] DEBUG o.s.w.c.s.StandardServletEnvironment - Adding [systemEnvironment] PropertySource with lowest search precedence
21:59:35.432 [main] DEBUG o.s.w.c.s.StandardServletEnvironment - Initialized StandardServletEnvironment with PropertySources [servletConfigInitParams,servletContextInitParams,systemProperties,systemEnvironment]
21:59:35.432 [main] DEBUG o.s.b.f.s.DefaultListableBeanFactory - Eagerly caching bean &apos;ipBlockFilter&apos; to allow for resolving potential circular references
21:59:35.437 [main] DEBUG o.s.b.f.s.DefaultListableBeanFactory - Invoking afterPropertiesSet() on bean with name &apos;ipBlockFilter&apos;
21:59:35.437 [main] DEBUG o.s.b.f.s.DefaultListableBeanFactory - Returning cached instance of singleton bean &apos;metaDataSourceAdvisor&apos;
21:59:35.437 [main] DEBUG o.s.b.f.s.DefaultListableBeanFactory - Finished creating instance of bean &apos;ipBlockFilter&apos;
21:59:35.445 [main] DEBUG o.s.w.c.s.StandardServletEnvironment - Adding [servletConfigInitParams] PropertySource with lowest search precedence
21:59:35.446 [main] DEBUG o.s.w.c.s.StandardServletEnvironment - Adding [servletContextInitParams] PropertySource with lowest search precedence
21:59:35.446 [main] DEBUG o.s.w.c.s.StandardServletEnvironment - Adding [systemProperties] PropertySource with lowest search precedence
21:59:35.446 [main] DEBUG o.s.w.c.s.StandardServletEnvironment - Adding [systemEnvironment] PropertySource with lowest search precedence
21:59:35.446 [main] DEBUG o.s.w.c.s.StandardServletEnvironment - Initialized StandardServletEnvironment with PropertySources [servletConfigInitParams,servletContextInitParams,systemProperties,systemEnvironment]
21:59:35.454 [main] DEBUG o.s.b.f.s.DefaultListableBeanFactory - Retrieved dependent beans for bean &apos;springSecurityFilterChain&apos;: [webSecurityExpressionHandler]
21:59:35.454 [main] WARN  o.s.w.c.s.GenericWebApplicationContext - Exception encountered during context initialization - cancelling refresh attempt: org.springframework.beans.factory.BeanCreationException: Error creating bean with name &apos;springSecurityFilterChain&apos; defined in class path resource [org/springframework/security/config/annotation/web/configuration/WebSecurityConfiguration.class]: Bean instantiation via factory method failed; nested exception is org.springframework.beans.BeanInstantiationException: Failed to instantiate [javax.servlet.Filter]: Factory method &apos;springSecurityFilterChain&apos; threw exception; nested exception is java.lang.IllegalArgumentException: &apos;Savings Account?error&apos; is not a valid redirect URL
21:59:35.454 [main] DEBUG o.s.b.f.s.DefaultListableBeanFactory - Destroying singletons in org.springframework.beans.factory.support.DefaultListableBeanFactory@242573cf: defining beans [org.springframework.context.annotation.internalConfigurationAnnotationProcessor,org.springframework.context.annotation.internalAutowiredAnnotationProcessor,org.springframework.context.annotation.internalRequiredAnnotationProcessor,org.springframework.context.annotation.internalCommonAnnotationProcessor,org.springframework.context.annotation.internalPersistenceAnnotationProcessor,org.springframework.context.event.internalEventListenerProcessor,org.springframework.context.event.internalEventListenerFactory,rootConfiguration,webMvcConfiguration,dataConfiguration,loginAuditingListener,securityConfig,defaultController,adminController,adminUserController,hospitalController,ICDCodesController,APIAppointmentRequestController,APIDiagnosisController,APIDrugController,APIEnumController,APIHospitalController,APIICDCodeController,APILogEntryController,APIOfficeVisitController,APIPasswordController,APIPatientController,APIPersonnelController,APIPrescriptionController,APIUserController,appointmentControllerHCP,HCPController,officeVisitController,appointmentController,diagnosesController,patientController,passwordController,userController,dataSource,org.springframework.security.config.annotation.configuration.ObjectPostProcessorConfiguration,objectPostProcessor,org.springframework.security.config.annotation.authentication.configuration.AuthenticationConfiguration,authenticationManagerBuilder,enableGlobalAuthenticationAutowiredConfigurer,initializeUserDetailsBeanManagerConfigurer,initializeAuthenticationProviderBeanManagerConfigurer,org.springframework.security.config.annotation.web.configuration.WebSecurityConfiguration,delegatingApplicationListener,webSecurityExpressionHandler,springSecurityFilterChain,privilegeEvaluator,autowiredWebSecurityConfigurersIgnoreParents,org.springframework.security.config.annotation.web.configuration.WebMvcSecurityConfiguration,requestDataValueProcessor,passwordEncoder,defaultAuthenticationEventPublisher,failureHandler,ipBlockFilter,org.springframework.web.servlet.config.annotation.DelegatingWebMvcConfiguration,mvcConversionService,requestMappingHandlerMapping,mvcPathMatcher,mvcUrlPathHelper,mvcContentNegotiationManager,viewControllerHandlerMapping,beanNameHandlerMapping,resourceHandlerMapping,mvcResourceUrlProvider,defaultServletHandlerMapping,requestMappingHandlerAdapter,mvcValidator,mvcUriComponentsContributor,httpRequestHandlerAdapter,simpleControllerHandlerAdapter,handlerExceptionResolver,mvcViewResolver,org.springframework.security.config.annotation.method.configuration.GlobalMethodSecurityConfiguration,methodSecurityInterceptor,methodSecurityMetadataSource,preInvocationAuthorizationAdvice,viewResolver,templateEngine,domainClassConverter,metaDataSourceAdvisor,org.springframework.aop.config.internalAutoProxyCreator]; root of factory hierarchy
21:59:35.455 [main] DEBUG o.s.b.f.s.DisposableBeanAdapter - Invoking destroy() on bean with name &apos;ipBlockFilter&apos;
21:59:35.455 [main] DEBUG o.s.b.f.s.DefaultListableBeanFactory - Retrieved dependent beans for bean &apos;objectPostProcessor&apos;: [org.springframework.security.config.annotation.method.configuration.GlobalMethodSecurityConfiguration, securityConfig, org.springframework.security.config.annotation.authentication.configuration.AuthenticationConfiguration, authenticationManagerBuilder, org.springframework.security.config.annotation.web.configuration.WebSecurityConfiguration]
21:59:35.455 [main] DEBUG o.s.b.f.s.DisposableBeanAdapter - Invoking destroy() on bean with name &apos;objectPostProcessor&apos;
21:59:35.463 [main] ERROR o.s.test.context.TestContextManager - Caught exception while allowing TestExecutionListener [org.springframework.test.context.web.ServletTestExecutionListener@1936fe56] to prepare test instance [edu.ncsu.csc.itrust2.apitest.APIICDCodeTest@32a2d058]
java.lang.IllegalStateException: Failed to load ApplicationContext
	at org.springframework.test.context.cache.DefaultCacheAwareContextLoaderDelegate.loadContext(DefaultCacheAwareContextLoaderDelegate.java:124) ~[spring-test-4.3.5.RELEASE.jar:4.3.5.RELEASE]
	at org.springframework.test.context.support.DefaultTestContext.getApplicationContext(DefaultTestContext.java:83) ~[spring-test-4.3.5.RELEASE.jar:4.3.5.RELEASE]
	at org.springframework.test.context.web.ServletTestExecutionListener.setUpRequestContextIfNecessary(ServletTestExecutionListener.java:189) ~[spring-test-4.3.5.RELEASE.jar:4.3.5.RELEASE]
	at org.springframework.test.context.web.ServletTestExecutionListener.prepareTestInstance(ServletTestExecutionListener.java:131) ~[spring-test-4.3.5.RELEASE.jar:4.3.5.RELEASE]
	at org.springframework.test.context.TestContextManager.prepareTestInstance(TestContextManager.java:230) ~[spring-test-4.3.5.RELEASE.jar:4.3.5.RELEASE]
	at org.springframework.test.context.junit4.SpringJUnit4ClassRunner.createTest(SpringJUnit4ClassRunner.java:228) [spring-test-4.3.5.RELEASE.jar:4.3.5.RELEASE]
	at org.springframework.test.context.junit4.SpringJUnit4ClassRunner$1.runReflectiveCall(SpringJUnit4ClassRunner.java:287) [spring-test-4.3.5.RELEASE.jar:4.3.5.RELEASE]
	at org.junit.internal.runners.model.ReflectiveCallable.run(ReflectiveCallable.java:12) [junit-4.12.jar:4.12]
	at org.springframework.test.context.junit4.SpringJUnit4ClassRunner.methodBlock(SpringJUnit4ClassRunner.java:289) [spring-test-4.3.5.RELEASE.jar:4.3.5.RELEASE]
	at org.springframework.test.context.junit4.SpringJUnit4ClassRunner.runChild(SpringJUnit4ClassRunner.java:247) [spring-test-4.3.5.RELEASE.jar:4.3.5.RELEASE]
	at org.springframework.test.context.junit4.SpringJUnit4ClassRunner.runChild(SpringJUnit4ClassRunner.java:94) [spring-test-4.3.5.RELEASE.jar:4.3.5.RELEASE]
	at org.junit.runners.ParentRunner$3.run(ParentRunner.java:290) [junit-4.12.jar:4.12]
	at org.junit.runners.ParentRunner$1.schedule(ParentRunner.java:71) [junit-4.12.jar:4.12]
	at org.junit.runners.ParentRunner.runChildren(ParentRunner.java:288) [junit-4.12.jar:4.12]
	at org.junit.runners.ParentRunner.access$000(ParentRunner.java:58) [junit-4.12.jar:4.12]
	at org.junit.runners.ParentRunner$2.evaluate(ParentRunner.java:268) [junit-4.12.jar:4.12]
	at org.springframework.test.context.junit4.statements.RunBeforeTestClassCallbacks.evaluate(RunBeforeTestClassCallbacks.java:61) [spring-test-4.3.5.RELEASE.jar:4.3.5.RELEASE]
	at org.springframework.test.context.junit4.statements.RunAfterTestClassCallbacks.evaluate(RunAfterTestClassCallbacks.java:70) [spring-test-4.3.5.RELEASE.jar:4.3.5.RELEASE]
	at org.junit.runners.ParentRunner.run(ParentRunner.java:363) [junit-4.12.jar:4.12]
	at org.springframework.test.context.junit4.SpringJUnit4ClassRunner.run(SpringJUnit4ClassRunner.java:191) [spring-test-4.3.5.RELEASE.jar:4.3.5.RELEASE]
	at org.apache.maven.surefire.junit4.JUnit4Provider.execute(JUnit4Provider.java:365) [surefire-junit4-2.20.jar:2.20]
	at org.apache.maven.surefire.junit4.JUnit4Provider.executeWithRerun(JUnit4Provider.java:272) [surefire-junit4-2.20.jar:2.20]
	at org.apache.maven.surefire.junit4.JUnit4Provider.executeTestSet(JUnit4Provider.java:236) [surefire-junit4-2.20.jar:2.20]
	at org.apache.maven.surefire.junit4.JUnit4Provider.invoke(JUnit4Provider.java:159) [surefire-junit4-2.20.jar:2.20]
	at org.apache.maven.surefire.booter.ForkedBooter.invokeProviderInSameClassLoader(ForkedBooter.java:386) [surefire-booter-2.20.jar:2.20]
	at org.apache.maven.surefire.booter.ForkedBooter.runSuitesInProcess(ForkedBooter.java:323) [surefire-booter-2.20.jar:2.20]
	at org.apache.maven.surefire.booter.ForkedBooter.main(ForkedBooter.java:143) [surefire-booter-2.20.jar:2.20]
Caused by: org.springframework.beans.factory.BeanCreationException: Error creating bean with name &apos;springSecurityFilterChain&apos; defined in class path resource [org/springframework/security/config/annotation/web/configuration/WebSecurityConfiguration.class]: Bean instantiation via factory method failed; nested exception is org.springframework.beans.BeanInstantiationException: Failed to instantiate [javax.servlet.Filter]: Factory method &apos;springSecurityFilterChain&apos; threw exception; nested exception is java.lang.IllegalArgumentException: &apos;Savings Account?error&apos; is not a valid redirect URL
	at org.springframework.beans.factory.support.ConstructorResolver.instantiateUsingFactoryMethod(ConstructorResolver.java:599) ~[spring-beans-4.3.5.RELEASE.jar:4.3.5.RELEASE]
	at org.springframework.beans.factory.support.AbstractAutowireCapableBeanFactory.instantiateUsingFactoryMethod(AbstractAutowireCapableBeanFactory.java:1134) ~[spring-beans-4.3.5.RELEASE.jar:4.3.5.RELEASE]
	at org.springframework.beans.factory.support.AbstractAutowireCapableBeanFactory.createBeanInstance(AbstractAutowireCapableBeanFactory.java:1028) ~[spring-beans-4.3.5.RELEASE.jar:4.3.5.RELEASE]
	at org.springframework.beans.factory.support.AbstractAutowireCapableBeanFactory.doCreateBean(AbstractAutowireCapableBeanFactory.java:513) ~[spring-beans-4.3.5.RELEASE.jar:4.3.5.RELEASE]
	at org.springframework.beans.factory.support.AbstractAutowireCapableBeanFactory.createBean(AbstractAutowireCapableBeanFactory.java:483) ~[spring-beans-4.3.5.RELEASE.jar:4.3.5.RELEASE]
	at org.springframework.beans.factory.support.AbstractBeanFactory$1.getObject(AbstractBeanFactory.java:306) ~[spring-beans-4.3.5.RELEASE.jar:4.3.5.RELEASE]
	at org.springframework.beans.factory.support.DefaultSingletonBeanRegistry.getSingleton(DefaultSingletonBeanRegistry.java:230) ~[spring-beans-4.3.5.RELEASE.jar:4.3.5.RELEASE]
	at org.springframework.beans.factory.support.AbstractBeanFactory.doGetBean(AbstractBeanFactory.java:302) ~[spring-beans-4.3.5.RELEASE.jar:4.3.5.RELEASE]
	at org.springframework.beans.factory.support.AbstractBeanFactory.getBean(AbstractBeanFactory.java:197) ~[spring-beans-4.3.5.RELEASE.jar:4.3.5.RELEASE]
	at org.springframework.beans.factory.support.AbstractBeanFactory.doGetBean(AbstractBeanFactory.java:296) ~[spring-beans-4.3.5.RELEASE.jar:4.3.5.RELEASE]
	at org.springframework.beans.factory.support.AbstractBeanFactory.getBean(AbstractBeanFactory.java:197) ~[spring-beans-4.3.5.RELEASE.jar:4.3.5.RELEASE]
	at org.springframework.beans.factory.support.DefaultListableBeanFactory.preInstantiateSingletons(DefaultListableBeanFactory.java:759) ~[spring-beans-4.3.5.RELEASE.jar:4.3.5.RELEASE]
	at org.springframework.context.support.AbstractApplicationContext.finishBeanFactoryInitialization(AbstractApplicationContext.java:866) ~[spring-context-4.3.5.RELEASE.jar:4.3.5.RELEASE]
	at org.springframework.context.support.AbstractApplicationContext.refresh(AbstractApplicationContext.java:542) ~[spring-context-4.3.5.RELEASE.jar:4.3.5.RELEASE]
	at org.springframework.test.context.web.AbstractGenericWebContextLoader.loadContext(AbstractGenericWebContextLoader.java:134) ~[spring-test-4.3.5.RELEASE.jar:4.3.5.RELEASE]
	at org.springframework.test.context.web.AbstractGenericWebContextLoader.loadContext(AbstractGenericWebContextLoader.java:61) ~[spring-test-4.3.5.RELEASE.jar:4.3.5.RELEASE]
	at org.springframework.test.context.support.AbstractDelegatingSmartContextLoader.delegateLoading(AbstractDelegatingSmartContextLoader.java:108) ~[spring-test-4.3.5.RELEASE.jar:4.3.5.RELEASE]
	at org.springframework.test.context.support.AbstractDelegatingSmartContextLoader.loadContext(AbstractDelegatingSmartContextLoader.java:251) ~[spring-test-4.3.5.RELEASE.jar:4.3.5.RELEASE]
	at org.springframework.test.context.cache.DefaultCacheAwareContextLoaderDelegate.loadContextInternal(DefaultCacheAwareContextLoaderDelegate.java:98) ~[spring-test-4.3.5.RELEASE.jar:4.3.5.RELEASE]
	at org.springframework.test.context.cache.DefaultCacheAwareContextLoaderDelegate.loadContext(DefaultCacheAwareContextLoaderDelegate.java:116) ~[spring-test-4.3.5.RELEASE.jar:4.3.5.RELEASE]
	... 26 common frames omitted
Caused by: org.springframework.beans.BeanInstantiationException: Failed to instantiate [javax.servlet.Filter]: Factory method &apos;springSecurityFilterChain&apos; threw exception; nested exception is java.lang.IllegalArgumentException: &apos;Savings Account?error&apos; is not a valid redirect URL
	at org.springframework.beans.factory.support.SimpleInstantiationStrategy.instantiate(SimpleInstantiationStrategy.java:189) ~[spring-beans-4.3.5.RELEASE.jar:4.3.5.RELEASE]
	at org.springframework.beans.factory.support.ConstructorResolver.instantiateUsingFactoryMethod(ConstructorResolver.java:588) ~[spring-beans-4.3.5.RELEASE.jar:4.3.5.RELEASE]
	... 45 common frames omitted
Caused by: java.lang.IllegalArgumentException: &apos;Savings Account?error&apos; is not a valid redirect URL
	at org.springframework.util.Assert.isTrue(Assert.java:68) ~[spring-core-4.3.5.RELEASE.jar:4.3.5.RELEASE]
	at org.springframework.security.web.authentication.SimpleUrlAuthenticationFailureHandler.setDefaultFailureUrl(SimpleUrlAuthenticationFailureHandler.java:125) ~[spring-security-web-4.2.2.RELEASE.jar:4.2.2.RELEASE]
	at org.springframework.security.web.authentication.SimpleUrlAuthenticationFailureHandler.&lt;init&gt;(SimpleUrlAuthenticationFailureHandler.java:60) ~[spring-security-web-4.2.2.RELEASE.jar:4.2.2.RELEASE]
	at org.springframework.security.config.annotation.web.configurers.AbstractAuthenticationFilterConfigurer.failureUrl(AbstractAuthenticationFilterConfigurer.java:206) ~[spring-security-config-4.2.2.RELEASE.jar:4.2.2.RELEASE]
	at org.springframework.security.config.annotation.web.configurers.AbstractAuthenticationFilterConfigurer.updateAuthenticationDefaults(AbstractAuthenticationFilterConfigurer.java:368) ~[spring-security-config-4.2.2.RELEASE.jar:4.2.2.RELEASE]
	at org.springframework.security.config.annotation.web.configurers.AbstractAuthenticationFilterConfigurer.loginPage(AbstractAuthenticationFilterConfigurer.java:308) ~[spring-security-config-4.2.2.RELEASE.jar:4.2.2.RELEASE]
	at org.springframework.security.config.annotation.web.configurers.FormLoginConfigurer.loginPage(FormLoginConfigurer.java:183) ~[spring-security-config-4.2.2.RELEASE.jar:4.2.2.RELEASE]
	at edu.ncsu.csc.itrust2.config.SecurityConfig.configure(SecurityConfig.java:89) ~[classes/:na]
	at org.springframework.security.config.annotation.web.configuration.WebSecurityConfigurerAdapter.getHttp(WebSecurityConfigurerAdapter.java:224) ~[spring-security-config-4.2.2.RELEASE.jar:4.2.2.RELEASE]
	at org.springframework.security.config.annotation.web.configuration.WebSecurityConfigurerAdapter.init(WebSecurityConfigurerAdapter.java:315) ~[spring-security-config-4.2.2.RELEASE.jar:4.2.2.RELEASE]
	at org.springframework.security.config.annotation.web.configuration.WebSecurityConfigurerAdapter.init(WebSecurityConfigurerAdapter.java:86) ~[spring-security-config-4.2.2.RELEASE.jar:4.2.2.RELEASE]
	at edu.ncsu.csc.itrust2.config.SecurityConfig$$EnhancerBySpringCGLIB$$f88fd361.init(&lt;generated&gt;) ~[classes/:na]
	at org.springframework.security.config.annotation.AbstractConfiguredSecurityBuilder.init(AbstractConfiguredSecurityBuilder.java:371) ~[spring-security-config-4.2.2.RELEASE.jar:4.2.2.RELEASE]
	at org.springframework.security.config.annotation.AbstractConfiguredSecurityBuilder.doBuild(AbstractConfiguredSecurityBuilder.java:325) ~[spring-security-config-4.2.2.RELEASE.jar:4.2.2.RELEASE]
	at org.springframework.security.config.annotation.AbstractSecurityBuilder.build(AbstractSecurityBuilder.java:41) ~[spring-security-config-4.2.2.RELEASE.jar:4.2.2.RELEASE]
	at org.springframework.security.config.annotation.web.configuration.WebSecurityConfiguration.springSecurityFilterChain(WebSecurityConfiguration.java:104) ~[spring-security-config-4.2.2.RELEASE.jar:4.2.2.RELEASE]
	at org.springframework.security.config.annotation.web.configuration.WebSecurityConfiguration$$EnhancerBySpringCGLIB$$150881e6.CGLIB$springSecurityFilterChain$4(&lt;generated&gt;) ~[spring-security-config-4.2.2.RELEASE.jar:4.2.2.RELEASE]
	at org.springframework.security.config.annotation.web.configuration.WebSecurityConfiguration$$EnhancerBySpringCGLIB$$150881e6$$FastClassBySpringCGLIB$$f9839e81.invoke(&lt;generated&gt;) ~[spring-security-config-4.2.2.RELEASE.jar:4.2.2.RELEASE]
	at org.springframework.cglib.proxy.MethodProxy.invokeSuper(MethodProxy.java:228) ~[spring-core-4.3.5.RELEASE.jar:4.3.5.RELEASE]
	at org.springframework.context.annotation.ConfigurationClassEnhancer$BeanMethodInterceptor.intercept(ConfigurationClassEnhancer.java:356) ~[spring-context-4.3.5.RELEASE.jar:4.3.5.RELEASE]
	at org.springframework.security.config.annotation.web.configuration.WebSecurityConfiguration$$EnhancerBySpringCGLIB$$150881e6.springSecurityFilterChain(&lt;generated&gt;) ~[spring-security-config-4.2.2.RELEASE.jar:4.2.2.RELEASE]
	at sun.reflect.NativeMethodAccessorImpl.invoke0(Native Method) ~[na:1.8.0_151]
	at sun.reflect.NativeMethodAccessorImpl.invoke(NativeMethodAccessorImpl.java:62) ~[na:1.8.0_151]
	at sun.reflect.DelegatingMethodAccessorImpl.invoke(DelegatingMethodAccessorImpl.java:43) ~[na:1.8.0_151]
	at java.lang.reflect.Method.invoke(Method.java:498) ~[na:1.8.0_151]
	at org.springframework.beans.factory.support.SimpleInstantiationStrategy.instantiate(SimpleInstantiationStrategy.java:162) ~[spring-beans-4.3.5.RELEASE.jar:4.3.5.RELEASE]
	... 46 common frames omitted
</stdout>
          <failedSince>1</failedSince>
        </case>
      </cases>
    </suite>
    <suite>
      <file>/var/lib/jenkins/jobs/iTrust_Fuzzer/workspace/iTrust2/target/surefire-reports/TEST-edu.ncsu.csc.itrust2.apitest.APILogEntryTest.xml</file>
      <name>edu.ncsu.csc.itrust2.apitest.APILogEntryTest</name>
      <duration>0.009</duration>
      <time>0.009</time>
      <enclosingBlocks/>
      <enclosingBlockNames/>
      <cases>
        <case>
          <duration>0.0</duration>
          <className>edu.ncsu.csc.itrust2.apitest.APILogEntryTest</className>
          <testName>testLogByDateLarge</testName>
          <skipped>false</skipped>
          <errorStackTrace>java.lang.IllegalStateException: Failed to load ApplicationContext
Caused by: org.springframework.beans.factory.BeanCreationException: Error creating bean with name &apos;springSecurityFilterChain&apos; defined in class path resource [org/springframework/security/config/annotation/web/configuration/WebSecurityConfiguration.class]: Bean instantiation via factory method failed; nested exception is org.springframework.beans.BeanInstantiationException: Failed to instantiate [javax.servlet.Filter]: Factory method &apos;springSecurityFilterChain&apos; threw exception; nested exception is java.lang.IllegalArgumentException: &apos;Savings Account?error&apos; is not a valid redirect URL
Caused by: org.springframework.beans.BeanInstantiationException: Failed to instantiate [javax.servlet.Filter]: Factory method &apos;springSecurityFilterChain&apos; threw exception; nested exception is java.lang.IllegalArgumentException: &apos;Savings Account?error&apos; is not a valid redirect URL
Caused by: java.lang.IllegalArgumentException: &apos;Savings Account?error&apos; is not a valid redirect URL
</errorStackTrace>
          <errorDetails>Failed to load ApplicationContext</errorDetails>
          <stdout>21:59:42.241 [main] DEBUG o.s.t.c.j.SpringJUnit4ClassRunner - SpringJUnit4ClassRunner constructor called with [class edu.ncsu.csc.itrust2.apitest.APILogEntryTest]
21:59:42.241 [main] DEBUG o.s.test.context.BootstrapUtils - Instantiating CacheAwareContextLoaderDelegate from class [org.springframework.test.context.cache.DefaultCacheAwareContextLoaderDelegate]
21:59:42.241 [main] DEBUG o.s.test.context.BootstrapUtils - Instantiating BootstrapContext using constructor [public org.springframework.test.context.support.DefaultBootstrapContext(java.lang.Class,org.springframework.test.context.CacheAwareContextLoaderDelegate)]
21:59:42.241 [main] DEBUG o.s.test.context.BootstrapUtils - Instantiating TestContextBootstrapper for test class [edu.ncsu.csc.itrust2.apitest.APILogEntryTest] from class [org.springframework.test.context.web.WebTestContextBootstrapper]
21:59:42.241 [main] DEBUG o.s.t.c.s.AbstractDelegatingSmartContextLoader - Delegating to AnnotationConfigWebContextLoader to process context configuration [ContextConfigurationAttributes@19bcbcc8 declaringClass = &apos;edu.ncsu.csc.itrust2.apitest.APILogEntryTest&apos;, classes = &apos;{class edu.ncsu.csc.itrust2.config.RootConfiguration, class edu.ncsu.csc.itrust2.mvc.config.WebMvcConfiguration}&apos;, locations = &apos;{}&apos;, inheritLocations = true, initializers = &apos;{}&apos;, inheritInitializers = true, name = [null], contextLoaderClass = &apos;org.springframework.test.context.ContextLoader&apos;].
21:59:42.242 [main] DEBUG o.s.t.c.support.ActiveProfilesUtils - Could not find an &apos;annotation declaring class&apos; for annotation type [org.springframework.test.context.ActiveProfiles] and class [edu.ncsu.csc.itrust2.apitest.APILogEntryTest]
21:59:42.242 [main] DEBUG o.s.t.c.w.WebTestContextBootstrapper - @TestExecutionListeners is not present for class [edu.ncsu.csc.itrust2.apitest.APILogEntryTest]: using defaults.
21:59:42.242 [main] INFO  o.s.t.c.w.WebTestContextBootstrapper - Loaded default TestExecutionListener class names from location [META-INF/spring.factories]: [org.springframework.security.test.context.support.WithSecurityContextTestExecutionListener, org.springframework.test.context.web.ServletTestExecutionListener, org.springframework.test.context.support.DirtiesContextBeforeModesTestExecutionListener, org.springframework.test.context.support.DependencyInjectionTestExecutionListener, org.springframework.test.context.support.DirtiesContextTestExecutionListener, org.springframework.test.context.transaction.TransactionalTestExecutionListener, org.springframework.test.context.jdbc.SqlScriptsTestExecutionListener]
21:59:42.243 [main] INFO  o.s.t.c.w.WebTestContextBootstrapper - Using TestExecutionListeners: [org.springframework.test.context.web.ServletTestExecutionListener@451d8fb3, org.springframework.test.context.support.DirtiesContextBeforeModesTestExecutionListener@c568bf9, org.springframework.test.context.support.DependencyInjectionTestExecutionListener@6b005a83, org.springframework.test.context.support.DirtiesContextTestExecutionListener@535c055e, org.springframework.test.context.transaction.TransactionalTestExecutionListener@7a957891, org.springframework.test.context.jdbc.SqlScriptsTestExecutionListener@42a42d79, org.springframework.security.test.context.support.WithSecurityContextTestExecutionListener@2b19a3ec]
21:59:42.243 [main] DEBUG o.s.t.annotation.ProfileValueUtils - Retrieved @ProfileValueSourceConfiguration [null] for test class [edu.ncsu.csc.itrust2.apitest.APILogEntryTest]
21:59:42.243 [main] DEBUG o.s.t.annotation.ProfileValueUtils - Retrieved ProfileValueSource type [class org.springframework.test.annotation.SystemProfileValueSource] for class [edu.ncsu.csc.itrust2.apitest.APILogEntryTest]
21:59:42.243 [main] DEBUG o.s.t.annotation.ProfileValueUtils - Retrieved @ProfileValueSourceConfiguration [null] for test class [edu.ncsu.csc.itrust2.apitest.APILogEntryTest]
21:59:42.243 [main] DEBUG o.s.t.annotation.ProfileValueUtils - Retrieved ProfileValueSource type [class org.springframework.test.annotation.SystemProfileValueSource] for class [edu.ncsu.csc.itrust2.apitest.APILogEntryTest]
21:59:42.243 [main] DEBUG o.s.t.annotation.ProfileValueUtils - Retrieved @ProfileValueSourceConfiguration [null] for test class [edu.ncsu.csc.itrust2.apitest.APILogEntryTest]
21:59:42.243 [main] DEBUG o.s.t.annotation.ProfileValueUtils - Retrieved ProfileValueSource type [class org.springframework.test.annotation.SystemProfileValueSource] for class [edu.ncsu.csc.itrust2.apitest.APILogEntryTest]
21:59:42.243 [main] DEBUG o.s.t.c.s.AbstractDirtiesContextTestExecutionListener - Before test class: context [DefaultTestContext@18dc3524 testClass = APILogEntryTest, testInstance = [null], testMethod = [null], testException = [null], mergedContextConfiguration = [WebMergedContextConfiguration@49dc975e testClass = APILogEntryTest, locations = &apos;{}&apos;, classes = &apos;{class edu.ncsu.csc.itrust2.config.RootConfiguration, class edu.ncsu.csc.itrust2.mvc.config.WebMvcConfiguration}&apos;, contextInitializerClasses = &apos;[]&apos;, activeProfiles = &apos;{}&apos;, propertySourceLocations = &apos;{}&apos;, propertySourceProperties = &apos;{}&apos;, contextCustomizers = set[[empty]], resourceBasePath = &apos;src/main/webapp&apos;, contextLoader = &apos;org.springframework.test.context.web.WebDelegatingSmartContextLoader&apos;, parent = [null]]], class annotated with @DirtiesContext [false] with mode [null].
21:59:42.243 [main] DEBUG o.s.t.annotation.ProfileValueUtils - Retrieved @ProfileValueSourceConfiguration [null] for test class [edu.ncsu.csc.itrust2.apitest.APILogEntryTest]
21:59:42.243 [main] DEBUG o.s.t.annotation.ProfileValueUtils - Retrieved ProfileValueSource type [class org.springframework.test.annotation.SystemProfileValueSource] for class [edu.ncsu.csc.itrust2.apitest.APILogEntryTest]
21:59:42.243 [main] DEBUG o.s.t.c.s.AbstractDelegatingSmartContextLoader - Delegating to AnnotationConfigWebContextLoader to load context from [WebMergedContextConfiguration@49dc975e testClass = APILogEntryTest, locations = &apos;{}&apos;, classes = &apos;{class edu.ncsu.csc.itrust2.config.RootConfiguration, class edu.ncsu.csc.itrust2.mvc.config.WebMvcConfiguration}&apos;, contextInitializerClasses = &apos;[]&apos;, activeProfiles = &apos;{}&apos;, propertySourceLocations = &apos;{}&apos;, propertySourceProperties = &apos;{}&apos;, contextCustomizers = set[[empty]], resourceBasePath = &apos;src/main/webapp&apos;, contextLoader = &apos;org.springframework.test.context.web.WebDelegatingSmartContextLoader&apos;, parent = [null]].
21:59:42.243 [main] DEBUG o.s.t.c.w.AbstractGenericWebContextLoader - Loading WebApplicationContext for merged context configuration [WebMergedContextConfiguration@49dc975e testClass = APILogEntryTest, locations = &apos;{}&apos;, classes = &apos;{class edu.ncsu.csc.itrust2.config.RootConfiguration, class edu.ncsu.csc.itrust2.mvc.config.WebMvcConfiguration}&apos;, contextInitializerClasses = &apos;[]&apos;, activeProfiles = &apos;{}&apos;, propertySourceLocations = &apos;{}&apos;, propertySourceProperties = &apos;{}&apos;, contextCustomizers = set[[empty]], resourceBasePath = &apos;src/main/webapp&apos;, contextLoader = &apos;org.springframework.test.context.web.WebDelegatingSmartContextLoader&apos;, parent = [null]].
21:59:42.243 [main] DEBUG o.s.w.c.s.StandardServletEnvironment - Adding [servletConfigInitParams] PropertySource with lowest search precedence
21:59:42.243 [main] DEBUG o.s.w.c.s.StandardServletEnvironment - Adding [servletContextInitParams] PropertySource with lowest search precedence
21:59:42.243 [main] DEBUG o.s.w.c.s.StandardServletEnvironment - Adding [systemProperties] PropertySource with lowest search precedence
21:59:42.243 [main] DEBUG o.s.w.c.s.StandardServletEnvironment - Adding [systemEnvironment] PropertySource with lowest search precedence
21:59:42.243 [main] DEBUG o.s.w.c.s.StandardServletEnvironment - Initialized StandardServletEnvironment with PropertySources [servletConfigInitParams,servletContextInitParams,systemProperties,systemEnvironment]
21:59:42.243 [main] DEBUG o.s.t.c.w.AnnotationConfigWebContextLoader - Registering annotated classes: {class edu.ncsu.csc.itrust2.config.RootConfiguration, class edu.ncsu.csc.itrust2.mvc.config.WebMvcConfiguration}
21:59:42.244 [main] INFO  o.s.w.c.s.GenericWebApplicationContext - Refreshing org.springframework.web.context.support.GenericWebApplicationContext@2af0b4f9: startup date [Thu Mar 22 21:59:42 UTC 2018]; root of context hierarchy
21:59:42.244 [main] DEBUG o.s.w.c.s.StandardServletEnvironment - Replacing [servletContextInitParams] PropertySource with [servletContextInitParams]
21:59:42.244 [main] DEBUG o.s.w.c.s.GenericWebApplicationContext - Bean factory for org.springframework.web.context.support.GenericWebApplicationContext@2af0b4f9: org.springframework.beans.factory.support.DefaultListableBeanFactory@4c906488: defining beans [org.springframework.context.annotation.internalConfigurationAnnotationProcessor,org.springframework.context.annotation.internalAutowiredAnnotationProcessor,org.springframework.context.annotation.internalRequiredAnnotationProcessor,org.springframework.context.annotation.internalCommonAnnotationProcessor,org.springframework.context.annotation.internalPersistenceAnnotationProcessor,org.springframework.context.event.internalEventListenerProcessor,org.springframework.context.event.internalEventListenerFactory,rootConfiguration,webMvcConfiguration]; root of factory hierarchy
21:59:42.244 [main] DEBUG o.s.b.f.s.DefaultListableBeanFactory - Registering scope &apos;request&apos; with implementation [org.springframework.web.context.request.RequestScope@18d71ab1]
21:59:42.244 [main] DEBUG o.s.b.f.s.DefaultListableBeanFactory - Registering scope &apos;session&apos; with implementation [org.springframework.web.context.request.SessionScope@37af222e]
21:59:42.244 [main] DEBUG o.s.b.f.s.DefaultListableBeanFactory - Registering scope &apos;globalSession&apos; with implementation [org.springframework.web.context.request.SessionScope@7854a477]
21:59:42.244 [main] DEBUG o.s.b.f.s.DefaultListableBeanFactory - Registering scope &apos;application&apos; with implementation [org.springframework.web.context.support.ServletContextScope@2d740b13]
21:59:42.244 [main] DEBUG o.s.b.f.s.DefaultListableBeanFactory - Creating shared instance of singleton bean &apos;org.springframework.context.annotation.internalConfigurationAnnotationProcessor&apos;
21:59:42.244 [main] DEBUG o.s.b.f.s.DefaultListableBeanFactory - Creating instance of bean &apos;org.springframework.context.annotation.internalConfigurationAnnotationProcessor&apos;
21:59:42.244 [main] DEBUG o.s.b.f.s.DefaultListableBeanFactory - Eagerly caching bean &apos;org.springframework.context.annotation.internalConfigurationAnnotationProcessor&apos; to allow for resolving potential circular references
21:59:42.245 [main] DEBUG o.s.b.f.s.DefaultListableBeanFactory - Finished creating instance of bean &apos;org.springframework.context.annotation.internalConfigurationAnnotationProcessor&apos;
21:59:42.245 [main] DEBUG o.s.core.env.StandardEnvironment - Adding [systemProperties] PropertySource with lowest search precedence
21:59:42.245 [main] DEBUG o.s.core.env.StandardEnvironment - Adding [systemEnvironment] PropertySource with lowest search precedence
21:59:42.245 [main] DEBUG o.s.core.env.StandardEnvironment - Initialized StandardEnvironment with PropertySources [systemProperties,systemEnvironment]
21:59:42.246 [main] DEBUG o.s.c.i.s.PathMatchingResourcePatternResolver - Resolved classpath location [edu/ncsu/csc/itrust2/config/] to resources [URL [file:/var/lib/jenkins/jobs/iTrust_Fuzzer/workspace/iTrust2/target/classes/edu/ncsu/csc/itrust2/config/]]
21:59:42.246 [main] DEBUG o.s.c.i.s.PathMatchingResourcePatternResolver - Looking for matching resources in directory tree [/var/lib/jenkins/jobs/iTrust_Fuzzer/workspace/iTrust2/target/classes/edu/ncsu/csc/itrust2/config]
21:59:42.246 [main] DEBUG o.s.c.i.s.PathMatchingResourcePatternResolver - Searching directory [/var/lib/jenkins/jobs/iTrust_Fuzzer/workspace/iTrust2/target/classes/edu/ncsu/csc/itrust2/config] for files matching pattern [/var/lib/jenkins/jobs/iTrust_Fuzzer/workspace/iTrust2/target/classes/edu/ncsu/csc/itrust2/config/**/*.class]
21:59:42.246 [main] DEBUG o.s.c.i.s.PathMatchingResourcePatternResolver - Resolved location pattern [classpath*:edu/ncsu/csc/itrust2/config/**/*.class] to resources [file [/var/lib/jenkins/jobs/iTrust_Fuzzer/workspace/iTrust2/target/classes/edu/ncsu/csc/itrust2/config/ContextListener.class], file [/var/lib/jenkins/jobs/iTrust_Fuzzer/workspace/iTrust2/target/classes/edu/ncsu/csc/itrust2/config/DataConfiguration.class], file [/var/lib/jenkins/jobs/iTrust_Fuzzer/workspace/iTrust2/target/classes/edu/ncsu/csc/itrust2/config/FailureHandler.class], file [/var/lib/jenkins/jobs/iTrust_Fuzzer/workspace/iTrust2/target/classes/edu/ncsu/csc/itrust2/config/IPFilter.class], file [/var/lib/jenkins/jobs/iTrust_Fuzzer/workspace/iTrust2/target/classes/edu/ncsu/csc/itrust2/config/ITrust2ApplicationInitializer.class], file [/var/lib/jenkins/jobs/iTrust_Fuzzer/workspace/iTrust2/target/classes/edu/ncsu/csc/itrust2/config/ITrust2WebApplicationInitializer.class], file [/var/lib/jenkins/jobs/iTrust_Fuzzer/workspace/iTrust2/target/classes/edu/ncsu/csc/itrust2/config/LoginAuditingListener.class], file [/var/lib/jenkins/jobs/iTrust_Fuzzer/workspace/iTrust2/target/classes/edu/ncsu/csc/itrust2/config/RootConfiguration.class], file [/var/lib/jenkins/jobs/iTrust_Fuzzer/workspace/iTrust2/target/classes/edu/ncsu/csc/itrust2/config/SecurityConfig.class]]
21:59:42.246 [main] DEBUG o.s.c.a.ClassPathBeanDefinitionScanner - Identified candidate component class: file [/var/lib/jenkins/jobs/iTrust_Fuzzer/workspace/iTrust2/target/classes/edu/ncsu/csc/itrust2/config/DataConfiguration.class]
21:59:42.246 [main] DEBUG o.s.c.a.ClassPathBeanDefinitionScanner - Identified candidate component class: file [/var/lib/jenkins/jobs/iTrust_Fuzzer/workspace/iTrust2/target/classes/edu/ncsu/csc/itrust2/config/LoginAuditingListener.class]
21:59:42.247 [main] DEBUG o.s.c.a.ClassPathBeanDefinitionScanner - Identified candidate component class: file [/var/lib/jenkins/jobs/iTrust_Fuzzer/workspace/iTrust2/target/classes/edu/ncsu/csc/itrust2/config/SecurityConfig.class]
21:59:42.253 [main] DEBUG o.s.core.env.StandardEnvironment - Adding [systemProperties] PropertySource with lowest search precedence
21:59:42.253 [main] DEBUG o.s.core.env.StandardEnvironment - Adding [systemEnvironment] PropertySource with lowest search precedence
21:59:42.254 [main] DEBUG o.s.core.env.StandardEnvironment - Initialized StandardEnvironment with PropertySources [systemProperties,systemEnvironment]
21:59:42.254 [main] DEBUG o.s.c.i.s.PathMatchingResourcePatternResolver - Resolved classpath location [edu/ncsu/csc/itrust2/controllers/] to resources [URL [file:/var/lib/jenkins/jobs/iTrust_Fuzzer/workspace/iTrust2/target/classes/edu/ncsu/csc/itrust2/controllers/]]
21:59:42.254 [main] DEBUG o.s.c.i.s.PathMatchingResourcePatternResolver - Looking for matching resources in directory tree [/var/lib/jenkins/jobs/iTrust_Fuzzer/workspace/iTrust2/target/classes/edu/ncsu/csc/itrust2/controllers]
21:59:42.254 [main] DEBUG o.s.c.i.s.PathMatchingResourcePatternResolver - Searching directory [/var/lib/jenkins/jobs/iTrust_Fuzzer/workspace/iTrust2/target/classes/edu/ncsu/csc/itrust2/controllers] for files matching pattern [/var/lib/jenkins/jobs/iTrust_Fuzzer/workspace/iTrust2/target/classes/edu/ncsu/csc/itrust2/controllers/**/*.class]
21:59:42.254 [main] DEBUG o.s.c.i.s.PathMatchingResourcePatternResolver - Searching directory [/var/lib/jenkins/jobs/iTrust_Fuzzer/workspace/iTrust2/target/classes/edu/ncsu/csc/itrust2/controllers/admin] for files matching pattern [/var/lib/jenkins/jobs/iTrust_Fuzzer/workspace/iTrust2/target/classes/edu/ncsu/csc/itrust2/controllers/**/*.class]
21:59:42.254 [main] DEBUG o.s.c.i.s.PathMatchingResourcePatternResolver - Searching directory [/var/lib/jenkins/jobs/iTrust_Fuzzer/workspace/iTrust2/target/classes/edu/ncsu/csc/itrust2/controllers/api] for files matching pattern [/var/lib/jenkins/jobs/iTrust_Fuzzer/workspace/iTrust2/target/classes/edu/ncsu/csc/itrust2/controllers/**/*.class]
21:59:42.255 [main] DEBUG o.s.c.i.s.PathMatchingResourcePatternResolver - Searching directory [/var/lib/jenkins/jobs/iTrust_Fuzzer/workspace/iTrust2/target/classes/edu/ncsu/csc/itrust2/controllers/api/comm] for files matching pattern [/var/lib/jenkins/jobs/iTrust_Fuzzer/workspace/iTrust2/target/classes/edu/ncsu/csc/itrust2/controllers/**/*.class]
21:59:42.255 [main] DEBUG o.s.c.i.s.PathMatchingResourcePatternResolver - Searching directory [/var/lib/jenkins/jobs/iTrust_Fuzzer/workspace/iTrust2/target/classes/edu/ncsu/csc/itrust2/controllers/hcp] for files matching pattern [/var/lib/jenkins/jobs/iTrust_Fuzzer/workspace/iTrust2/target/classes/edu/ncsu/csc/itrust2/controllers/**/*.class]
21:59:42.255 [main] DEBUG o.s.c.i.s.PathMatchingResourcePatternResolver - Searching directory [/var/lib/jenkins/jobs/iTrust_Fuzzer/workspace/iTrust2/target/classes/edu/ncsu/csc/itrust2/controllers/patient] for files matching pattern [/var/lib/jenkins/jobs/iTrust_Fuzzer/workspace/iTrust2/target/classes/edu/ncsu/csc/itrust2/controllers/**/*.class]
21:59:42.255 [main] DEBUG o.s.c.i.s.PathMatchingResourcePatternResolver - Searching directory [/var/lib/jenkins/jobs/iTrust_Fuzzer/workspace/iTrust2/target/classes/edu/ncsu/csc/itrust2/controllers/personnel] for files matching pattern [/var/lib/jenkins/jobs/iTrust_Fuzzer/workspace/iTrust2/target/classes/edu/ncsu/csc/itrust2/controllers/**/*.class]
21:59:42.255 [main] DEBUG o.s.c.i.s.PathMatchingResourcePatternResolver - Resolved location pattern [classpath*:edu/ncsu/csc/itrust2/controllers/**/*.class] to resources [file [/var/lib/jenkins/jobs/iTrust_Fuzzer/workspace/iTrust2/target/classes/edu/ncsu/csc/itrust2/controllers/DefaultController.class], file [/var/lib/jenkins/jobs/iTrust_Fuzzer/workspace/iTrust2/target/classes/edu/ncsu/csc/itrust2/controllers/admin/AdminController.class], file [/var/lib/jenkins/jobs/iTrust_Fuzzer/workspace/iTrust2/target/classes/edu/ncsu/csc/itrust2/controllers/admin/AdminUserController$1.class], file [/var/lib/jenkins/jobs/iTrust_Fuzzer/workspace/iTrust2/target/classes/edu/ncsu/csc/itrust2/controllers/admin/AdminUserController.class], file [/var/lib/jenkins/jobs/iTrust_Fuzzer/workspace/iTrust2/target/classes/edu/ncsu/csc/itrust2/controllers/admin/HospitalController.class], file [/var/lib/jenkins/jobs/iTrust_Fuzzer/workspace/iTrust2/target/classes/edu/ncsu/csc/itrust2/controllers/admin/ICDCodesController.class], file [/var/lib/jenkins/jobs/iTrust_Fuzzer/workspace/iTrust2/target/classes/edu/ncsu/csc/itrust2/controllers/api/APIAppointmentRequestController.class], file [/var/lib/jenkins/jobs/iTrust_Fuzzer/workspace/iTrust2/target/classes/edu/ncsu/csc/itrust2/controllers/api/APIController$JSONResponse.class], file [/var/lib/jenkins/jobs/iTrust_Fuzzer/workspace/iTrust2/target/classes/edu/ncsu/csc/itrust2/controllers/api/APIController.class], file [/var/lib/jenkins/jobs/iTrust_Fuzzer/workspace/iTrust2/target/classes/edu/ncsu/csc/itrust2/controllers/api/APIDiagnosisController.class], file [/var/lib/jenkins/jobs/iTrust_Fuzzer/workspace/iTrust2/target/classes/edu/ncsu/csc/itrust2/controllers/api/APIDrugController.class], file [/var/lib/jenkins/jobs/iTrust_Fuzzer/workspace/iTrust2/target/classes/edu/ncsu/csc/itrust2/controllers/api/APIEnumController.class], file [/var/lib/jenkins/jobs/iTrust_Fuzzer/workspace/iTrust2/target/classes/edu/ncsu/csc/itrust2/controllers/api/APIHospitalController.class], file [/var/lib/jenkins/jobs/iTrust_Fuzzer/workspace/iTrust2/target/classes/edu/ncsu/csc/itrust2/controllers/api/APIICDCodeController.class], file [/var/lib/jenkins/jobs/iTrust_Fuzzer/workspace/iTrust2/target/classes/edu/ncsu/csc/itrust2/controllers/api/APILogEntryController.class], file [/var/lib/jenkins/jobs/iTrust_Fuzzer/workspace/iTrust2/target/classes/edu/ncsu/csc/itrust2/controllers/api/APIOfficeVisitController.class], file [/var/lib/jenkins/jobs/iTrust_Fuzzer/workspace/iTrust2/target/classes/edu/ncsu/csc/itrust2/controllers/api/APIPasswordController.class], file [/var/lib/jenkins/jobs/iTrust_Fuzzer/workspace/iTrust2/target/classes/edu/ncsu/csc/itrust2/controllers/api/APIPatientController.class], file [/var/lib/jenkins/jobs/iTrust_Fuzzer/workspace/iTrust2/target/classes/edu/ncsu/csc/itrust2/controllers/api/APIPersonnelController.class], file [/var/lib/jenkins/jobs/iTrust_Fuzzer/workspace/iTrust2/target/classes/edu/ncsu/csc/itrust2/controllers/api/APIPrescriptionController.class], file [/var/lib/jenkins/jobs/iTrust_Fuzzer/workspace/iTrust2/target/classes/edu/ncsu/csc/itrust2/controllers/api/APIUserController.class], file [/var/lib/jenkins/jobs/iTrust_Fuzzer/workspace/iTrust2/target/classes/edu/ncsu/csc/itrust2/controllers/api/comm/LogEntryRequestBody.class], file [/var/lib/jenkins/jobs/iTrust_Fuzzer/workspace/iTrust2/target/classes/edu/ncsu/csc/itrust2/controllers/api/comm/LogEntryTableRow.class], file [/var/lib/jenkins/jobs/iTrust_Fuzzer/workspace/iTrust2/target/classes/edu/ncsu/csc/itrust2/controllers/hcp/AppointmentControllerHCP.class], file [/var/lib/jenkins/jobs/iTrust_Fuzzer/workspace/iTrust2/target/classes/edu/ncsu/csc/itrust2/controllers/hcp/HCPController.class], file [/var/lib/jenkins/jobs/iTrust_Fuzzer/workspace/iTrust2/target/classes/edu/ncsu/csc/itrust2/controllers/hcp/OfficeVisitController.class], file [/var/lib/jenkins/jobs/iTrust_Fuzzer/workspace/iTrust2/target/classes/edu/ncsu/csc/itrust2/controllers/patient/AppointmentController.class], file [/var/lib/jenkins/jobs/iTrust_Fuzzer/workspace/iTrust2/target/classes/edu/ncsu/csc/itrust2/controllers/patient/DiagnosesController.class], file [/var/lib/jenkins/jobs/iTrust_Fuzzer/workspace/iTrust2/target/classes/edu/ncsu/csc/itrust2/controllers/patient/PatientController.class], file [/var/lib/jenkins/jobs/iTrust_Fuzzer/workspace/iTrust2/target/classes/edu/ncsu/csc/itrust2/controllers/personnel/PasswordController.class], file [/var/lib/jenkins/jobs/iTrust_Fuzzer/workspace/iTrust2/target/classes/edu/ncsu/csc/itrust2/controllers/personnel/UserController.class]]
21:59:42.255 [main] DEBUG o.s.c.a.ClassPathBeanDefinitionScanner - Identified candidate component class: file [/var/lib/jenkins/jobs/iTrust_Fuzzer/workspace/iTrust2/target/classes/edu/ncsu/csc/itrust2/controllers/DefaultController.class]
21:59:42.255 [main] DEBUG o.s.c.a.ClassPathBeanDefinitionScanner - Identified candidate component class: file [/var/lib/jenkins/jobs/iTrust_Fuzzer/workspace/iTrust2/target/classes/edu/ncsu/csc/itrust2/controllers/admin/AdminController.class]
21:59:42.256 [main] DEBUG o.s.c.a.ClassPathBeanDefinitionScanner - Identified candidate component class: file [/var/lib/jenkins/jobs/iTrust_Fuzzer/workspace/iTrust2/target/classes/edu/ncsu/csc/itrust2/controllers/admin/AdminUserController.class]
21:59:42.256 [main] DEBUG o.s.c.a.ClassPathBeanDefinitionScanner - Identified candidate component class: file [/var/lib/jenkins/jobs/iTrust_Fuzzer/workspace/iTrust2/target/classes/edu/ncsu/csc/itrust2/controllers/admin/HospitalController.class]
21:59:42.256 [main] DEBUG o.s.c.a.ClassPathBeanDefinitionScanner - Identified candidate component class: file [/var/lib/jenkins/jobs/iTrust_Fuzzer/workspace/iTrust2/target/classes/edu/ncsu/csc/itrust2/controllers/admin/ICDCodesController.class]
21:59:42.256 [main] DEBUG o.s.c.a.ClassPathBeanDefinitionScanner - Identified candidate component class: file [/var/lib/jenkins/jobs/iTrust_Fuzzer/workspace/iTrust2/target/classes/edu/ncsu/csc/itrust2/controllers/api/APIAppointmentRequestController.class]
21:59:42.256 [main] DEBUG o.s.c.a.ClassPathBeanDefinitionScanner - Identified candidate component class: file [/var/lib/jenkins/jobs/iTrust_Fuzzer/workspace/iTrust2/target/classes/edu/ncsu/csc/itrust2/controllers/api/APIDiagnosisController.class]
21:59:42.257 [main] DEBUG o.s.c.a.ClassPathBeanDefinitionScanner - Identified candidate component class: file [/var/lib/jenkins/jobs/iTrust_Fuzzer/workspace/iTrust2/target/classes/edu/ncsu/csc/itrust2/controllers/api/APIDrugController.class]
21:59:42.257 [main] DEBUG o.s.c.a.ClassPathBeanDefinitionScanner - Identified candidate component class: file [/var/lib/jenkins/jobs/iTrust_Fuzzer/workspace/iTrust2/target/classes/edu/ncsu/csc/itrust2/controllers/api/APIEnumController.class]
21:59:42.257 [main] DEBUG o.s.c.a.ClassPathBeanDefinitionScanner - Identified candidate component class: file [/var/lib/jenkins/jobs/iTrust_Fuzzer/workspace/iTrust2/target/classes/edu/ncsu/csc/itrust2/controllers/api/APIHospitalController.class]
21:59:42.257 [main] DEBUG o.s.c.a.ClassPathBeanDefinitionScanner - Identified candidate component class: file [/var/lib/jenkins/jobs/iTrust_Fuzzer/workspace/iTrust2/target/classes/edu/ncsu/csc/itrust2/controllers/api/APIICDCodeController.class]
21:59:42.258 [main] DEBUG o.s.c.a.ClassPathBeanDefinitionScanner - Identified candidate component class: file [/var/lib/jenkins/jobs/iTrust_Fuzzer/workspace/iTrust2/target/classes/edu/ncsu/csc/itrust2/controllers/api/APILogEntryController.class]
21:59:42.258 [main] DEBUG o.s.c.a.ClassPathBeanDefinitionScanner - Identified candidate component class: file [/var/lib/jenkins/jobs/iTrust_Fuzzer/workspace/iTrust2/target/classes/edu/ncsu/csc/itrust2/controllers/api/APIOfficeVisitController.class]
21:59:42.258 [main] DEBUG o.s.c.a.ClassPathBeanDefinitionScanner - Identified candidate component class: file [/var/lib/jenkins/jobs/iTrust_Fuzzer/workspace/iTrust2/target/classes/edu/ncsu/csc/itrust2/controllers/api/APIPasswordController.class]
21:59:42.258 [main] DEBUG o.s.c.a.ClassPathBeanDefinitionScanner - Identified candidate component class: file [/var/lib/jenkins/jobs/iTrust_Fuzzer/workspace/iTrust2/target/classes/edu/ncsu/csc/itrust2/controllers/api/APIPatientController.class]
21:59:42.259 [main] DEBUG o.s.c.a.ClassPathBeanDefinitionScanner - Identified candidate component class: file [/var/lib/jenkins/jobs/iTrust_Fuzzer/workspace/iTrust2/target/classes/edu/ncsu/csc/itrust2/controllers/api/APIPersonnelController.class]
21:59:42.259 [main] DEBUG o.s.c.a.ClassPathBeanDefinitionScanner - Identified candidate component class: file [/var/lib/jenkins/jobs/iTrust_Fuzzer/workspace/iTrust2/target/classes/edu/ncsu/csc/itrust2/controllers/api/APIPrescriptionController.class]
21:59:42.259 [main] DEBUG o.s.c.a.ClassPathBeanDefinitionScanner - Identified candidate component class: file [/var/lib/jenkins/jobs/iTrust_Fuzzer/workspace/iTrust2/target/classes/edu/ncsu/csc/itrust2/controllers/api/APIUserController.class]
21:59:42.260 [main] DEBUG o.s.c.a.ClassPathBeanDefinitionScanner - Identified candidate component class: file [/var/lib/jenkins/jobs/iTrust_Fuzzer/workspace/iTrust2/target/classes/edu/ncsu/csc/itrust2/controllers/hcp/AppointmentControllerHCP.class]
21:59:42.260 [main] DEBUG o.s.c.a.ClassPathBeanDefinitionScanner - Identified candidate component class: file [/var/lib/jenkins/jobs/iTrust_Fuzzer/workspace/iTrust2/target/classes/edu/ncsu/csc/itrust2/controllers/hcp/HCPController.class]
21:59:42.260 [main] DEBUG o.s.c.a.ClassPathBeanDefinitionScanner - Identified candidate component class: file [/var/lib/jenkins/jobs/iTrust_Fuzzer/workspace/iTrust2/target/classes/edu/ncsu/csc/itrust2/controllers/hcp/OfficeVisitController.class]
21:59:42.260 [main] DEBUG o.s.c.a.ClassPathBeanDefinitionScanner - Identified candidate component class: file [/var/lib/jenkins/jobs/iTrust_Fuzzer/workspace/iTrust2/target/classes/edu/ncsu/csc/itrust2/controllers/patient/AppointmentController.class]
21:59:42.260 [main] DEBUG o.s.c.a.ClassPathBeanDefinitionScanner - Identified candidate component class: file [/var/lib/jenkins/jobs/iTrust_Fuzzer/workspace/iTrust2/target/classes/edu/ncsu/csc/itrust2/controllers/patient/DiagnosesController.class]
21:59:42.260 [main] DEBUG o.s.c.a.ClassPathBeanDefinitionScanner - Identified candidate component class: file [/var/lib/jenkins/jobs/iTrust_Fuzzer/workspace/iTrust2/target/classes/edu/ncsu/csc/itrust2/controllers/patient/PatientController.class]
21:59:42.261 [main] DEBUG o.s.c.a.ClassPathBeanDefinitionScanner - Identified candidate component class: file [/var/lib/jenkins/jobs/iTrust_Fuzzer/workspace/iTrust2/target/classes/edu/ncsu/csc/itrust2/controllers/personnel/PasswordController.class]
21:59:42.261 [main] DEBUG o.s.c.a.ClassPathBeanDefinitionScanner - Identified candidate component class: file [/var/lib/jenkins/jobs/iTrust_Fuzzer/workspace/iTrust2/target/classes/edu/ncsu/csc/itrust2/controllers/personnel/UserController.class]
21:59:42.261 [main] DEBUG o.s.c.i.s.PathMatchingResourcePatternResolver - Resolved classpath location [edu/ncsu/csc/itrust2/config/] to resources [URL [file:/var/lib/jenkins/jobs/iTrust_Fuzzer/workspace/iTrust2/target/classes/edu/ncsu/csc/itrust2/config/]]
21:59:42.261 [main] DEBUG o.s.c.i.s.PathMatchingResourcePatternResolver - Looking for matching resources in directory tree [/var/lib/jenkins/jobs/iTrust_Fuzzer/workspace/iTrust2/target/classes/edu/ncsu/csc/itrust2/config]
21:59:42.261 [main] DEBUG o.s.c.i.s.PathMatchingResourcePatternResolver - Searching directory [/var/lib/jenkins/jobs/iTrust_Fuzzer/workspace/iTrust2/target/classes/edu/ncsu/csc/itrust2/config] for files matching pattern [/var/lib/jenkins/jobs/iTrust_Fuzzer/workspace/iTrust2/target/classes/edu/ncsu/csc/itrust2/config/**/*.class]
21:59:42.261 [main] DEBUG o.s.c.i.s.PathMatchingResourcePatternResolver - Resolved location pattern [classpath*:edu/ncsu/csc/itrust2/config/**/*.class] to resources [file [/var/lib/jenkins/jobs/iTrust_Fuzzer/workspace/iTrust2/target/classes/edu/ncsu/csc/itrust2/config/ContextListener.class], file [/var/lib/jenkins/jobs/iTrust_Fuzzer/workspace/iTrust2/target/classes/edu/ncsu/csc/itrust2/config/DataConfiguration.class], file [/var/lib/jenkins/jobs/iTrust_Fuzzer/workspace/iTrust2/target/classes/edu/ncsu/csc/itrust2/config/FailureHandler.class], file [/var/lib/jenkins/jobs/iTrust_Fuzzer/workspace/iTrust2/target/classes/edu/ncsu/csc/itrust2/config/IPFilter.class], file [/var/lib/jenkins/jobs/iTrust_Fuzzer/workspace/iTrust2/target/classes/edu/ncsu/csc/itrust2/config/ITrust2ApplicationInitializer.class], file [/var/lib/jenkins/jobs/iTrust_Fuzzer/workspace/iTrust2/target/classes/edu/ncsu/csc/itrust2/config/ITrust2WebApplicationInitializer.class], file [/var/lib/jenkins/jobs/iTrust_Fuzzer/workspace/iTrust2/target/classes/edu/ncsu/csc/itrust2/config/LoginAuditingListener.class], file [/var/lib/jenkins/jobs/iTrust_Fuzzer/workspace/iTrust2/target/classes/edu/ncsu/csc/itrust2/config/RootConfiguration.class], file [/var/lib/jenkins/jobs/iTrust_Fuzzer/workspace/iTrust2/target/classes/edu/ncsu/csc/itrust2/config/SecurityConfig.class]]
21:59:42.261 [main] DEBUG o.s.c.a.ClassPathBeanDefinitionScanner - Identified candidate component class: file [/var/lib/jenkins/jobs/iTrust_Fuzzer/workspace/iTrust2/target/classes/edu/ncsu/csc/itrust2/config/DataConfiguration.class]
21:59:42.262 [main] DEBUG o.s.c.a.ClassPathBeanDefinitionScanner - Identified candidate component class: file [/var/lib/jenkins/jobs/iTrust_Fuzzer/workspace/iTrust2/target/classes/edu/ncsu/csc/itrust2/config/LoginAuditingListener.class]
21:59:42.262 [main] DEBUG o.s.c.a.ClassPathBeanDefinitionScanner - Identified candidate component class: file [/var/lib/jenkins/jobs/iTrust_Fuzzer/workspace/iTrust2/target/classes/edu/ncsu/csc/itrust2/config/RootConfiguration.class]
21:59:42.262 [main] DEBUG o.s.c.a.ClassPathBeanDefinitionScanner - Identified candidate component class: file [/var/lib/jenkins/jobs/iTrust_Fuzzer/workspace/iTrust2/target/classes/edu/ncsu/csc/itrust2/config/SecurityConfig.class]
21:59:42.274 [main] DEBUG o.s.c.a.ConfigurationClassBeanDefinitionReader - Registering bean definition for @Bean method edu.ncsu.csc.itrust2.config.DataConfiguration.dataSource()
21:59:42.274 [main] DEBUG o.s.c.a.ConfigurationClassBeanDefinitionReader - Registered bean definition for imported class &apos;org.springframework.security.config.annotation.configuration.ObjectPostProcessorConfiguration&apos;
21:59:42.274 [main] DEBUG o.s.c.a.ConfigurationClassBeanDefinitionReader - Registering bean definition for @Bean method org.springframework.security.config.annotation.configuration.ObjectPostProcessorConfiguration.objectPostProcessor()
21:59:42.274 [main] DEBUG o.s.c.a.ConfigurationClassBeanDefinitionReader - Registered bean definition for imported class &apos;org.springframework.security.config.annotation.authentication.configuration.AuthenticationConfiguration&apos;
21:59:42.274 [main] DEBUG o.s.c.a.ConfigurationClassBeanDefinitionReader - Registering bean definition for @Bean method org.springframework.security.config.annotation.authentication.configuration.AuthenticationConfiguration.authenticationManagerBuilder()
21:59:42.274 [main] DEBUG o.s.c.a.ConfigurationClassBeanDefinitionReader - Registering bean definition for @Bean method org.springframework.security.config.annotation.authentication.configuration.AuthenticationConfiguration.enableGlobalAuthenticationAutowiredConfigurer()
21:59:42.274 [main] DEBUG o.s.c.a.ConfigurationClassBeanDefinitionReader - Registering bean definition for @Bean method org.springframework.security.config.annotation.authentication.configuration.AuthenticationConfiguration.initializeUserDetailsBeanManagerConfigurer()
21:59:42.274 [main] DEBUG o.s.c.a.ConfigurationClassBeanDefinitionReader - Registering bean definition for @Bean method org.springframework.security.config.annotation.authentication.configuration.AuthenticationConfiguration.initializeAuthenticationProviderBeanManagerConfigurer()
21:59:42.274 [main] DEBUG o.s.c.a.ConfigurationClassBeanDefinitionReader - Registered bean definition for imported class &apos;org.springframework.security.config.annotation.web.configuration.WebSecurityConfiguration&apos;
21:59:42.275 [main] DEBUG o.s.c.a.ConfigurationClassBeanDefinitionReader - Registering bean definition for @Bean method org.springframework.security.config.annotation.web.configuration.WebSecurityConfiguration.delegatingApplicationListener()
21:59:42.275 [main] DEBUG o.s.c.a.ConfigurationClassBeanDefinitionReader - Registering bean definition for @Bean method org.springframework.security.config.annotation.web.configuration.WebSecurityConfiguration.webSecurityExpressionHandler()
21:59:42.275 [main] DEBUG o.s.c.a.ConfigurationClassBeanDefinitionReader - Registering bean definition for @Bean method org.springframework.security.config.annotation.web.configuration.WebSecurityConfiguration.springSecurityFilterChain()
21:59:42.275 [main] DEBUG o.s.c.a.ConfigurationClassBeanDefinitionReader - Registering bean definition for @Bean method org.springframework.security.config.annotation.web.configuration.WebSecurityConfiguration.privilegeEvaluator()
21:59:42.275 [main] DEBUG o.s.c.a.ConfigurationClassBeanDefinitionReader - Registering bean definition for @Bean method org.springframework.security.config.annotation.web.configuration.WebSecurityConfiguration.autowiredWebSecurityConfigurersIgnoreParents()
21:59:42.275 [main] DEBUG o.s.c.a.ConfigurationClassBeanDefinitionReader - Registered bean definition for imported class &apos;org.springframework.security.config.annotation.web.configuration.WebMvcSecurityConfiguration&apos;
21:59:42.275 [main] DEBUG o.s.c.a.ConfigurationClassBeanDefinitionReader - Registering bean definition for @Bean method org.springframework.security.config.annotation.web.configuration.WebMvcSecurityConfiguration.requestDataValueProcessor()
21:59:42.275 [main] DEBUG o.s.c.a.ConfigurationClassBeanDefinitionReader - Registering bean definition for @Bean method edu.ncsu.csc.itrust2.config.SecurityConfig.passwordEncoder()
21:59:42.275 [main] DEBUG o.s.c.a.ConfigurationClassBeanDefinitionReader - Registering bean definition for @Bean method edu.ncsu.csc.itrust2.config.SecurityConfig.defaultAuthenticationEventPublisher()
21:59:42.275 [main] DEBUG o.s.c.a.ConfigurationClassBeanDefinitionReader - Registering bean definition for @Bean method edu.ncsu.csc.itrust2.config.SecurityConfig.failureHandler()
21:59:42.275 [main] DEBUG o.s.c.a.ConfigurationClassBeanDefinitionReader - Registering bean definition for @Bean method edu.ncsu.csc.itrust2.config.SecurityConfig.ipBlockFilter()
21:59:42.275 [main] DEBUG o.s.c.a.ConfigurationClassBeanDefinitionReader - Registered bean definition for imported class &apos;org.springframework.web.servlet.config.annotation.DelegatingWebMvcConfiguration&apos;
21:59:42.275 [main] DEBUG o.s.c.a.ConfigurationClassBeanDefinitionReader - Registering bean definition for @Bean method org.springframework.web.servlet.config.annotation.DelegatingWebMvcConfiguration.mvcConversionService()
21:59:42.275 [main] DEBUG o.s.c.a.ConfigurationClassBeanDefinitionReader - Registering bean definition for @Bean method org.springframework.web.servlet.config.annotation.DelegatingWebMvcConfiguration.requestMappingHandlerMapping()
21:59:42.275 [main] DEBUG o.s.c.a.ConfigurationClassBeanDefinitionReader - Registering bean definition for @Bean method org.springframework.web.servlet.config.annotation.DelegatingWebMvcConfiguration.mvcPathMatcher()
21:59:42.275 [main] DEBUG o.s.c.a.ConfigurationClassBeanDefinitionReader - Registering bean definition for @Bean method org.springframework.web.servlet.config.annotation.DelegatingWebMvcConfiguration.mvcUrlPathHelper()
21:59:42.275 [main] DEBUG o.s.c.a.ConfigurationClassBeanDefinitionReader - Registering bean definition for @Bean method org.springframework.web.servlet.config.annotation.DelegatingWebMvcConfiguration.mvcContentNegotiationManager()
21:59:42.275 [main] DEBUG o.s.c.a.ConfigurationClassBeanDefinitionReader - Registering bean definition for @Bean method org.springframework.web.servlet.config.annotation.DelegatingWebMvcConfiguration.viewControllerHandlerMapping()
21:59:42.275 [main] DEBUG o.s.c.a.ConfigurationClassBeanDefinitionReader - Registering bean definition for @Bean method org.springframework.web.servlet.config.annotation.DelegatingWebMvcConfiguration.beanNameHandlerMapping()
21:59:42.275 [main] DEBUG o.s.c.a.ConfigurationClassBeanDefinitionReader - Registering bean definition for @Bean method org.springframework.web.servlet.config.annotation.DelegatingWebMvcConfiguration.resourceHandlerMapping()
21:59:42.275 [main] DEBUG o.s.c.a.ConfigurationClassBeanDefinitionReader - Registering bean definition for @Bean method org.springframework.web.servlet.config.annotation.DelegatingWebMvcConfiguration.mvcResourceUrlProvider()
21:59:42.275 [main] DEBUG o.s.c.a.ConfigurationClassBeanDefinitionReader - Registering bean definition for @Bean method org.springframework.web.servlet.config.annotation.DelegatingWebMvcConfiguration.defaultServletHandlerMapping()
21:59:42.276 [main] DEBUG o.s.c.a.ConfigurationClassBeanDefinitionReader - Registering bean definition for @Bean method org.springframework.web.servlet.config.annotation.DelegatingWebMvcConfiguration.requestMappingHandlerAdapter()
21:59:42.276 [main] DEBUG o.s.c.a.ConfigurationClassBeanDefinitionReader - Registering bean definition for @Bean method org.springframework.web.servlet.config.annotation.DelegatingWebMvcConfiguration.mvcValidator()
21:59:42.276 [main] DEBUG o.s.c.a.ConfigurationClassBeanDefinitionReader - Registering bean definition for @Bean method org.springframework.web.servlet.config.annotation.DelegatingWebMvcConfiguration.mvcUriComponentsContributor()
21:59:42.276 [main] DEBUG o.s.c.a.ConfigurationClassBeanDefinitionReader - Registering bean definition for @Bean method org.springframework.web.servlet.config.annotation.DelegatingWebMvcConfiguration.httpRequestHandlerAdapter()
21:59:42.276 [main] DEBUG o.s.c.a.ConfigurationClassBeanDefinitionReader - Registering bean definition for @Bean method org.springframework.web.servlet.config.annotation.DelegatingWebMvcConfiguration.simpleControllerHandlerAdapter()
21:59:42.276 [main] DEBUG o.s.c.a.ConfigurationClassBeanDefinitionReader - Registering bean definition for @Bean method org.springframework.web.servlet.config.annotation.DelegatingWebMvcConfiguration.handlerExceptionResolver()
21:59:42.276 [main] DEBUG o.s.c.a.ConfigurationClassBeanDefinitionReader - Registering bean definition for @Bean method org.springframework.web.servlet.config.annotation.DelegatingWebMvcConfiguration.mvcViewResolver()
21:59:42.276 [main] DEBUG o.s.c.a.ConfigurationClassBeanDefinitionReader - Registered bean definition for imported class &apos;org.springframework.security.config.annotation.method.configuration.GlobalMethodSecurityConfiguration&apos;
21:59:42.276 [main] DEBUG o.s.c.a.ConfigurationClassBeanDefinitionReader - Registering bean definition for @Bean method org.springframework.security.config.annotation.method.configuration.GlobalMethodSecurityConfiguration.methodSecurityInterceptor()
21:59:42.276 [main] DEBUG o.s.c.a.ConfigurationClassBeanDefinitionReader - Registering bean definition for @Bean method org.springframework.security.config.annotation.method.configuration.GlobalMethodSecurityConfiguration.methodSecurityMetadataSource()
21:59:42.276 [main] DEBUG o.s.c.a.ConfigurationClassBeanDefinitionReader - Registering bean definition for @Bean method org.springframework.security.config.annotation.method.configuration.GlobalMethodSecurityConfiguration.preInvocationAuthorizationAdvice()
21:59:42.276 [main] DEBUG o.s.c.a.ConfigurationClassBeanDefinitionReader - Registering bean definition for @Bean method edu.ncsu.csc.itrust2.mvc.config.WebMvcConfiguration.viewResolver()
21:59:42.276 [main] DEBUG o.s.c.a.ConfigurationClassBeanDefinitionReader - Registering bean definition for @Bean method edu.ncsu.csc.itrust2.mvc.config.WebMvcConfiguration.templateEngine()
21:59:42.276 [main] DEBUG o.s.c.a.ConfigurationClassBeanDefinitionReader - Registering bean definition for @Bean method edu.ncsu.csc.itrust2.mvc.config.WebMvcConfiguration.domainClassConverter()
21:59:42.278 [main] DEBUG o.s.c.a.ConfigurationClassEnhancer - Successfully enhanced edu.ncsu.csc.itrust2.config.RootConfiguration; enhanced class name is: edu.ncsu.csc.itrust2.config.RootConfiguration$$EnhancerBySpringCGLIB$$c1d00685
21:59:42.278 [main] DEBUG o.s.c.a.ConfigurationClassPostProcessor - Replacing bean definition &apos;rootConfiguration&apos; existing class &apos;edu.ncsu.csc.itrust2.config.RootConfiguration&apos; with enhanced class &apos;edu.ncsu.csc.itrust2.config.RootConfiguration$$EnhancerBySpringCGLIB$$c1d00685&apos;
21:59:42.278 [main] DEBUG o.s.c.a.ConfigurationClassEnhancer - Successfully enhanced edu.ncsu.csc.itrust2.mvc.config.WebMvcConfiguration; enhanced class name is: edu.ncsu.csc.itrust2.mvc.config.WebMvcConfiguration$$EnhancerBySpringCGLIB$$de7b09d5
21:59:42.278 [main] DEBUG o.s.c.a.ConfigurationClassPostProcessor - Replacing bean definition &apos;webMvcConfiguration&apos; existing class &apos;edu.ncsu.csc.itrust2.mvc.config.WebMvcConfiguration&apos; with enhanced class &apos;edu.ncsu.csc.itrust2.mvc.config.WebMvcConfiguration$$EnhancerBySpringCGLIB$$de7b09d5&apos;
21:59:42.278 [main] DEBUG o.s.c.a.ConfigurationClassEnhancer - Successfully enhanced edu.ncsu.csc.itrust2.config.DataConfiguration; enhanced class name is: edu.ncsu.csc.itrust2.config.DataConfiguration$$EnhancerBySpringCGLIB$$60f4bbd
21:59:42.278 [main] DEBUG o.s.c.a.ConfigurationClassPostProcessor - Replacing bean definition &apos;dataConfiguration&apos; existing class &apos;edu.ncsu.csc.itrust2.config.DataConfiguration&apos; with enhanced class &apos;edu.ncsu.csc.itrust2.config.DataConfiguration$$EnhancerBySpringCGLIB$$60f4bbd&apos;
21:59:42.278 [main] DEBUG o.s.c.a.ConfigurationClassEnhancer - Successfully enhanced edu.ncsu.csc.itrust2.config.SecurityConfig; enhanced class name is: edu.ncsu.csc.itrust2.config.SecurityConfig$$EnhancerBySpringCGLIB$$f88fd361
21:59:42.278 [main] DEBUG o.s.c.a.ConfigurationClassPostProcessor - Replacing bean definition &apos;securityConfig&apos; existing class &apos;edu.ncsu.csc.itrust2.config.SecurityConfig&apos; with enhanced class &apos;edu.ncsu.csc.itrust2.config.SecurityConfig$$EnhancerBySpringCGLIB$$f88fd361&apos;
21:59:42.278 [main] DEBUG o.s.c.a.ConfigurationClassEnhancer - Successfully enhanced org.springframework.security.config.annotation.configuration.ObjectPostProcessorConfiguration; enhanced class name is: org.springframework.security.config.annotation.configuration.ObjectPostProcessorConfiguration$$EnhancerBySpringCGLIB$$6851d2d
21:59:42.278 [main] DEBUG o.s.c.a.ConfigurationClassPostProcessor - Replacing bean definition &apos;org.springframework.security.config.annotation.configuration.ObjectPostProcessorConfiguration&apos; existing class &apos;org.springframework.security.config.annotation.configuration.ObjectPostProcessorConfiguration&apos; with enhanced class &apos;org.springframework.security.config.annotation.configuration.ObjectPostProcessorConfiguration$$EnhancerBySpringCGLIB$$6851d2d&apos;
21:59:42.278 [main] DEBUG o.s.c.a.ConfigurationClassEnhancer - Successfully enhanced org.springframework.security.config.annotation.authentication.configuration.AuthenticationConfiguration; enhanced class name is: org.springframework.security.config.annotation.authentication.configuration.AuthenticationConfiguration$$EnhancerBySpringCGLIB$$524e27a2
21:59:42.278 [main] DEBUG o.s.c.a.ConfigurationClassPostProcessor - Replacing bean definition &apos;org.springframework.security.config.annotation.authentication.configuration.AuthenticationConfiguration&apos; existing class &apos;org.springframework.security.config.annotation.authentication.configuration.AuthenticationConfiguration&apos; with enhanced class &apos;org.springframework.security.config.annotation.authentication.configuration.AuthenticationConfiguration$$EnhancerBySpringCGLIB$$524e27a2&apos;
21:59:42.278 [main] DEBUG o.s.c.a.ConfigurationClassEnhancer - Successfully enhanced org.springframework.security.config.annotation.authentication.configuration.AuthenticationConfiguration; enhanced class name is: org.springframework.security.config.annotation.authentication.configuration.AuthenticationConfiguration$$EnhancerBySpringCGLIB$$524e27a2
21:59:42.278 [main] DEBUG o.s.c.a.ConfigurationClassPostProcessor - Replacing bean definition &apos;enableGlobalAuthenticationAutowiredConfigurer&apos; existing class &apos;org.springframework.security.config.annotation.authentication.configuration.AuthenticationConfiguration&apos; with enhanced class &apos;org.springframework.security.config.annotation.authentication.configuration.AuthenticationConfiguration$$EnhancerBySpringCGLIB$$524e27a2&apos;
21:59:42.278 [main] DEBUG o.s.c.a.ConfigurationClassEnhancer - Successfully enhanced org.springframework.security.config.annotation.authentication.configuration.AuthenticationConfiguration; enhanced class name is: org.springframework.security.config.annotation.authentication.configuration.AuthenticationConfiguration$$EnhancerBySpringCGLIB$$524e27a2
21:59:42.278 [main] DEBUG o.s.c.a.ConfigurationClassPostProcessor - Replacing bean definition &apos;initializeUserDetailsBeanManagerConfigurer&apos; existing class &apos;org.springframework.security.config.annotation.authentication.configuration.AuthenticationConfiguration&apos; with enhanced class &apos;org.springframework.security.config.annotation.authentication.configuration.AuthenticationConfiguration$$EnhancerBySpringCGLIB$$524e27a2&apos;
21:59:42.278 [main] DEBUG o.s.c.a.ConfigurationClassEnhancer - Successfully enhanced org.springframework.security.config.annotation.authentication.configuration.AuthenticationConfiguration; enhanced class name is: org.springframework.security.config.annotation.authentication.configuration.AuthenticationConfiguration$$EnhancerBySpringCGLIB$$524e27a2
21:59:42.278 [main] DEBUG o.s.c.a.ConfigurationClassPostProcessor - Replacing bean definition &apos;initializeAuthenticationProviderBeanManagerConfigurer&apos; existing class &apos;org.springframework.security.config.annotation.authentication.configuration.AuthenticationConfiguration&apos; with enhanced class &apos;org.springframework.security.config.annotation.authentication.configuration.AuthenticationConfiguration$$EnhancerBySpringCGLIB$$524e27a2&apos;
21:59:42.278 [main] DEBUG o.s.c.a.ConfigurationClassEnhancer - Successfully enhanced org.springframework.security.config.annotation.web.configuration.WebSecurityConfiguration; enhanced class name is: org.springframework.security.config.annotation.web.configuration.WebSecurityConfiguration$$EnhancerBySpringCGLIB$$150881e6
21:59:42.278 [main] DEBUG o.s.c.a.ConfigurationClassPostProcessor - Replacing bean definition &apos;org.springframework.security.config.annotation.web.configuration.WebSecurityConfiguration&apos; existing class &apos;org.springframework.security.config.annotation.web.configuration.WebSecurityConfiguration&apos; with enhanced class &apos;org.springframework.security.config.annotation.web.configuration.WebSecurityConfiguration$$EnhancerBySpringCGLIB$$150881e6&apos;
21:59:42.278 [main] DEBUG o.s.c.a.ConfigurationClassEnhancer - Successfully enhanced org.springframework.security.config.annotation.web.configuration.WebSecurityConfiguration; enhanced class name is: org.springframework.security.config.annotation.web.configuration.WebSecurityConfiguration$$EnhancerBySpringCGLIB$$150881e6
21:59:42.278 [main] DEBUG o.s.c.a.ConfigurationClassPostProcessor - Replacing bean definition &apos;delegatingApplicationListener&apos; existing class &apos;org.springframework.security.config.annotation.web.configuration.WebSecurityConfiguration&apos; with enhanced class &apos;org.springframework.security.config.annotation.web.configuration.WebSecurityConfiguration$$EnhancerBySpringCGLIB$$150881e6&apos;
21:59:42.278 [main] DEBUG o.s.c.a.ConfigurationClassEnhancer - Successfully enhanced org.springframework.web.servlet.config.annotation.DelegatingWebMvcConfiguration; enhanced class name is: org.springframework.web.servlet.config.annotation.DelegatingWebMvcConfiguration$$EnhancerBySpringCGLIB$$32983a29
21:59:42.278 [main] DEBUG o.s.c.a.ConfigurationClassPostProcessor - Replacing bean definition &apos;org.springframework.web.servlet.config.annotation.DelegatingWebMvcConfiguration&apos; existing class &apos;org.springframework.web.servlet.config.annotation.DelegatingWebMvcConfiguration&apos; with enhanced class &apos;org.springframework.web.servlet.config.annotation.DelegatingWebMvcConfiguration$$EnhancerBySpringCGLIB$$32983a29&apos;
21:59:42.278 [main] DEBUG o.s.c.a.ConfigurationClassEnhancer - Successfully enhanced org.springframework.security.config.annotation.method.configuration.GlobalMethodSecurityConfiguration; enhanced class name is: org.springframework.security.config.annotation.method.configuration.GlobalMethodSecurityConfiguration$$EnhancerBySpring
...[truncated 195443 chars]...
ching method [CacheKey[edu.ncsu.csc.itrust2.controllers.patient.PatientController; public java.lang.String edu.ncsu.csc.itrust2.controllers.patient.PatientController.viewDemographics(org.springframework.ui.Model)]] with attributes [[authorize: &apos;hasRole(&apos;ROLE_PATIENT&apos;)&apos;, filter: &apos;null&apos;, filterTarget: &apos;null&apos;]]
21:59:42.517 [main] DEBUG o.s.aop.framework.CglibAopProxy - Unable to apply any optimisations to advised method: public java.lang.String edu.ncsu.csc.itrust2.controllers.patient.PatientController.viewDemographics(org.springframework.ui.Model)
21:59:42.517 [main] DEBUG o.s.s.a.p.PrePostAnnotationSecurityMetadataSource - @org.springframework.security.access.prepost.PreAuthorize(value=hasRole(&apos;ROLE_PATIENT&apos;)) found on specific method: public java.lang.String edu.ncsu.csc.itrust2.controllers.patient.PatientController.demographicsSubmit(edu.ncsu.csc.itrust2.forms.hcp_patient.PatientForm,org.springframework.validation.BindingResult,org.springframework.ui.Model)
21:59:42.517 [main] DEBUG o.s.s.a.m.DelegatingMethodSecurityMetadataSource - Caching method [CacheKey[edu.ncsu.csc.itrust2.controllers.patient.PatientController; public java.lang.String edu.ncsu.csc.itrust2.controllers.patient.PatientController.demographicsSubmit(edu.ncsu.csc.itrust2.forms.hcp_patient.PatientForm,org.springframework.validation.BindingResult,org.springframework.ui.Model)]] with attributes [[authorize: &apos;hasRole(&apos;ROLE_PATIENT&apos;)&apos;, filter: &apos;null&apos;, filterTarget: &apos;null&apos;]]
21:59:42.517 [main] DEBUG o.s.aop.framework.CglibAopProxy - Unable to apply any optimisations to advised method: public java.lang.String edu.ncsu.csc.itrust2.controllers.patient.PatientController.demographicsSubmit(edu.ncsu.csc.itrust2.forms.hcp_patient.PatientForm,org.springframework.validation.BindingResult,org.springframework.ui.Model)
21:59:42.517 [main] DEBUG o.s.s.a.p.PrePostAnnotationSecurityMetadataSource - @org.springframework.security.access.prepost.PreAuthorize(value=hasRole(&apos;ROLE_PATIENT&apos;)) found on specific method: public java.lang.String edu.ncsu.csc.itrust2.controllers.patient.PatientController.index(org.springframework.ui.Model)
21:59:42.517 [main] DEBUG o.s.s.a.m.DelegatingMethodSecurityMetadataSource - Caching method [CacheKey[edu.ncsu.csc.itrust2.controllers.patient.PatientController; public java.lang.String edu.ncsu.csc.itrust2.controllers.patient.PatientController.index(org.springframework.ui.Model)]] with attributes [[authorize: &apos;hasRole(&apos;ROLE_PATIENT&apos;)&apos;, filter: &apos;null&apos;, filterTarget: &apos;null&apos;]]
21:59:42.517 [main] DEBUG o.s.aop.framework.CglibAopProxy - Unable to apply any optimisations to advised method: public java.lang.String edu.ncsu.csc.itrust2.controllers.patient.PatientController.index(org.springframework.ui.Model)
21:59:42.517 [main] DEBUG o.s.aop.framework.CglibAopProxy - Found &apos;equals&apos; method: public boolean java.lang.Object.equals(java.lang.Object)
21:59:42.517 [main] DEBUG o.s.aop.framework.CglibAopProxy - Unable to apply any optimisations to advised method: public java.lang.String java.lang.Object.toString()
21:59:42.517 [main] DEBUG o.s.aop.framework.CglibAopProxy - Found &apos;hashCode&apos; method: public native int java.lang.Object.hashCode()
21:59:42.517 [main] DEBUG o.s.aop.framework.CglibAopProxy - Unable to apply any optimisations to advised method: protected native java.lang.Object java.lang.Object.clone() throws java.lang.CloneNotSupportedException
21:59:42.517 [main] DEBUG o.s.aop.framework.CglibAopProxy - Method is declared on Advised interface: public abstract void org.springframework.aop.framework.Advised.setTargetSource(org.springframework.aop.TargetSource)
21:59:42.517 [main] DEBUG o.s.aop.framework.CglibAopProxy - Method is declared on Advised interface: public abstract org.springframework.aop.TargetSource org.springframework.aop.framework.Advised.getTargetSource()
21:59:42.517 [main] DEBUG o.s.aop.framework.CglibAopProxy - Method is declared on Advised interface: public abstract boolean org.springframework.aop.framework.Advised.isProxyTargetClass()
21:59:42.517 [main] DEBUG o.s.aop.framework.CglibAopProxy - Method is declared on Advised interface: public abstract void org.springframework.aop.framework.Advised.addAdvisor(org.springframework.aop.Advisor) throws org.springframework.aop.framework.AopConfigException
21:59:42.517 [main] DEBUG o.s.aop.framework.CglibAopProxy - Method is declared on Advised interface: public abstract void org.springframework.aop.framework.Advised.addAdvisor(int,org.springframework.aop.Advisor) throws org.springframework.aop.framework.AopConfigException
21:59:42.517 [main] DEBUG o.s.aop.framework.CglibAopProxy - Method is declared on Advised interface: public abstract void org.springframework.aop.framework.Advised.setPreFiltered(boolean)
21:59:42.517 [main] DEBUG o.s.aop.framework.CglibAopProxy - Method is declared on Advised interface: public abstract void org.springframework.aop.framework.Advised.setExposeProxy(boolean)
21:59:42.517 [main] DEBUG o.s.aop.framework.CglibAopProxy - Method is declared on Advised interface: public abstract boolean org.springframework.aop.framework.Advised.isExposeProxy()
21:59:42.517 [main] DEBUG o.s.aop.framework.CglibAopProxy - Method is declared on Advised interface: public abstract boolean org.springframework.aop.framework.Advised.isPreFiltered()
21:59:42.517 [main] DEBUG o.s.aop.framework.CglibAopProxy - Method is declared on Advised interface: public abstract java.lang.Class[] org.springframework.aop.framework.Advised.getProxiedInterfaces()
21:59:42.517 [main] DEBUG o.s.aop.framework.CglibAopProxy - Method is declared on Advised interface: public abstract boolean org.springframework.aop.framework.Advised.isInterfaceProxied(java.lang.Class)
21:59:42.517 [main] DEBUG o.s.aop.framework.CglibAopProxy - Method is declared on Advised interface: public abstract org.springframework.aop.Advisor[] org.springframework.aop.framework.Advised.getAdvisors()
21:59:42.517 [main] DEBUG o.s.aop.framework.CglibAopProxy - Method is declared on Advised interface: public abstract void org.springframework.aop.framework.Advised.removeAdvisor(int) throws org.springframework.aop.framework.AopConfigException
21:59:42.517 [main] DEBUG o.s.aop.framework.CglibAopProxy - Method is declared on Advised interface: public abstract boolean org.springframework.aop.framework.Advised.removeAdvisor(org.springframework.aop.Advisor)
21:59:42.517 [main] DEBUG o.s.aop.framework.CglibAopProxy - Method is declared on Advised interface: public abstract boolean org.springframework.aop.framework.Advised.replaceAdvisor(org.springframework.aop.Advisor,org.springframework.aop.Advisor) throws org.springframework.aop.framework.AopConfigException
21:59:42.517 [main] DEBUG o.s.aop.framework.CglibAopProxy - Method is declared on Advised interface: public abstract boolean org.springframework.aop.framework.Advised.removeAdvice(org.aopalliance.aop.Advice)
21:59:42.517 [main] DEBUG o.s.aop.framework.CglibAopProxy - Method is declared on Advised interface: public abstract java.lang.String org.springframework.aop.framework.Advised.toProxyConfigString()
21:59:42.517 [main] DEBUG o.s.aop.framework.CglibAopProxy - Method is declared on Advised interface: public abstract void org.springframework.aop.framework.Advised.addAdvice(int,org.aopalliance.aop.Advice) throws org.springframework.aop.framework.AopConfigException
21:59:42.517 [main] DEBUG o.s.aop.framework.CglibAopProxy - Method is declared on Advised interface: public abstract void org.springframework.aop.framework.Advised.addAdvice(org.aopalliance.aop.Advice) throws org.springframework.aop.framework.AopConfigException
21:59:42.517 [main] DEBUG o.s.aop.framework.CglibAopProxy - Method is declared on Advised interface: public abstract int org.springframework.aop.framework.Advised.indexOf(org.aopalliance.aop.Advice)
21:59:42.517 [main] DEBUG o.s.aop.framework.CglibAopProxy - Method is declared on Advised interface: public abstract int org.springframework.aop.framework.Advised.indexOf(org.springframework.aop.Advisor)
21:59:42.517 [main] DEBUG o.s.aop.framework.CglibAopProxy - Method is declared on Advised interface: public abstract boolean org.springframework.aop.framework.Advised.isFrozen()
21:59:42.517 [main] DEBUG o.s.aop.framework.CglibAopProxy - Method is declared on Advised interface: public abstract java.lang.Class org.springframework.aop.TargetClassAware.getTargetClass()
21:59:42.522 [main] DEBUG o.s.b.f.s.DefaultListableBeanFactory - Finished creating instance of bean &apos;patientController&apos;
21:59:42.522 [main] DEBUG o.s.b.f.s.DefaultListableBeanFactory - Creating shared instance of singleton bean &apos;passwordController&apos;
21:59:42.522 [main] DEBUG o.s.b.f.s.DefaultListableBeanFactory - Creating instance of bean &apos;passwordController&apos;
21:59:42.522 [main] DEBUG o.s.b.f.s.DefaultListableBeanFactory - Eagerly caching bean &apos;passwordController&apos; to allow for resolving potential circular references
21:59:42.522 [main] DEBUG o.s.b.f.s.DefaultListableBeanFactory - Returning cached instance of singleton bean &apos;metaDataSourceAdvisor&apos;
21:59:42.522 [main] DEBUG o.s.b.f.s.DefaultListableBeanFactory - Finished creating instance of bean &apos;passwordController&apos;
21:59:42.522 [main] DEBUG o.s.b.f.s.DefaultListableBeanFactory - Creating shared instance of singleton bean &apos;userController&apos;
21:59:42.522 [main] DEBUG o.s.b.f.s.DefaultListableBeanFactory - Creating instance of bean &apos;userController&apos;
21:59:42.522 [main] DEBUG o.s.b.f.s.DefaultListableBeanFactory - Eagerly caching bean &apos;userController&apos; to allow for resolving potential circular references
21:59:42.522 [main] DEBUG o.s.b.f.s.DefaultListableBeanFactory - Returning cached instance of singleton bean &apos;metaDataSourceAdvisor&apos;
21:59:42.522 [main] DEBUG o.s.s.a.p.PrePostAnnotationSecurityMetadataSource - @org.springframework.security.access.prepost.PreAuthorize(value=hasRole(&apos;ROLE_HCP&apos;) or hasRole(&apos;ROLE_ADMIN&apos;)) found on specific method: public java.lang.String edu.ncsu.csc.itrust2.controllers.personnel.UserController.viewDemographics(org.springframework.ui.Model)
21:59:42.522 [main] DEBUG o.s.s.a.m.DelegatingMethodSecurityMetadataSource - Caching method [CacheKey[edu.ncsu.csc.itrust2.controllers.personnel.UserController; public java.lang.String edu.ncsu.csc.itrust2.controllers.personnel.UserController.viewDemographics(org.springframework.ui.Model)]] with attributes [[authorize: &apos;hasRole(&apos;ROLE_HCP&apos;) or hasRole(&apos;ROLE_ADMIN&apos;)&apos;, filter: &apos;null&apos;, filterTarget: &apos;null&apos;]]
21:59:42.522 [main] DEBUG o.s.a.f.a.InfrastructureAdvisorAutoProxyCreator - Creating implicit proxy for bean &apos;userController&apos; with 0 common interceptors and 1 specific interceptors
21:59:42.522 [main] DEBUG o.s.aop.framework.CglibAopProxy - Creating CGLIB proxy: target source is SingletonTargetSource for target object [edu.ncsu.csc.itrust2.controllers.personnel.UserController@7f7ad55c]
21:59:42.522 [main] DEBUG o.s.aop.framework.CglibAopProxy - Unable to apply any optimisations to advised method: public java.lang.String edu.ncsu.csc.itrust2.controllers.personnel.UserController.viewDemographics(org.springframework.ui.Model)
21:59:42.522 [main] DEBUG o.s.s.a.p.PrePostAnnotationSecurityMetadataSource - @org.springframework.security.access.prepost.PreAuthorize(value=hasRole(&apos;ROLE_HCP&apos;) or hasRole(&apos;ROLE_ADMIN&apos;)) found on specific method: public java.lang.String edu.ncsu.csc.itrust2.controllers.personnel.UserController.demographicsSubmit(edu.ncsu.csc.itrust2.forms.personnel.PersonnelForm,org.springframework.validation.BindingResult,org.springframework.ui.Model)
21:59:42.522 [main] DEBUG o.s.s.a.m.DelegatingMethodSecurityMetadataSource - Caching method [CacheKey[edu.ncsu.csc.itrust2.controllers.personnel.UserController; public java.lang.String edu.ncsu.csc.itrust2.controllers.personnel.UserController.demographicsSubmit(edu.ncsu.csc.itrust2.forms.personnel.PersonnelForm,org.springframework.validation.BindingResult,org.springframework.ui.Model)]] with attributes [[authorize: &apos;hasRole(&apos;ROLE_HCP&apos;) or hasRole(&apos;ROLE_ADMIN&apos;)&apos;, filter: &apos;null&apos;, filterTarget: &apos;null&apos;]]
21:59:42.523 [main] DEBUG o.s.aop.framework.CglibAopProxy - Unable to apply any optimisations to advised method: public java.lang.String edu.ncsu.csc.itrust2.controllers.personnel.UserController.demographicsSubmit(edu.ncsu.csc.itrust2.forms.personnel.PersonnelForm,org.springframework.validation.BindingResult,org.springframework.ui.Model)
21:59:42.523 [main] DEBUG o.s.aop.framework.CglibAopProxy - Found &apos;equals&apos; method: public boolean java.lang.Object.equals(java.lang.Object)
21:59:42.523 [main] DEBUG o.s.aop.framework.CglibAopProxy - Unable to apply any optimisations to advised method: public java.lang.String java.lang.Object.toString()
21:59:42.523 [main] DEBUG o.s.aop.framework.CglibAopProxy - Found &apos;hashCode&apos; method: public native int java.lang.Object.hashCode()
21:59:42.523 [main] DEBUG o.s.aop.framework.CglibAopProxy - Unable to apply any optimisations to advised method: protected native java.lang.Object java.lang.Object.clone() throws java.lang.CloneNotSupportedException
21:59:42.523 [main] DEBUG o.s.aop.framework.CglibAopProxy - Method is declared on Advised interface: public abstract void org.springframework.aop.framework.Advised.setTargetSource(org.springframework.aop.TargetSource)
21:59:42.523 [main] DEBUG o.s.aop.framework.CglibAopProxy - Method is declared on Advised interface: public abstract org.springframework.aop.TargetSource org.springframework.aop.framework.Advised.getTargetSource()
21:59:42.523 [main] DEBUG o.s.aop.framework.CglibAopProxy - Method is declared on Advised interface: public abstract boolean org.springframework.aop.framework.Advised.isProxyTargetClass()
21:59:42.523 [main] DEBUG o.s.aop.framework.CglibAopProxy - Method is declared on Advised interface: public abstract void org.springframework.aop.framework.Advised.addAdvisor(org.springframework.aop.Advisor) throws org.springframework.aop.framework.AopConfigException
21:59:42.523 [main] DEBUG o.s.aop.framework.CglibAopProxy - Method is declared on Advised interface: public abstract void org.springframework.aop.framework.Advised.addAdvisor(int,org.springframework.aop.Advisor) throws org.springframework.aop.framework.AopConfigException
21:59:42.523 [main] DEBUG o.s.aop.framework.CglibAopProxy - Method is declared on Advised interface: public abstract void org.springframework.aop.framework.Advised.setPreFiltered(boolean)
21:59:42.523 [main] DEBUG o.s.aop.framework.CglibAopProxy - Method is declared on Advised interface: public abstract void org.springframework.aop.framework.Advised.setExposeProxy(boolean)
21:59:42.523 [main] DEBUG o.s.aop.framework.CglibAopProxy - Method is declared on Advised interface: public abstract boolean org.springframework.aop.framework.Advised.isExposeProxy()
21:59:42.523 [main] DEBUG o.s.aop.framework.CglibAopProxy - Method is declared on Advised interface: public abstract boolean org.springframework.aop.framework.Advised.isPreFiltered()
21:59:42.523 [main] DEBUG o.s.aop.framework.CglibAopProxy - Method is declared on Advised interface: public abstract java.lang.Class[] org.springframework.aop.framework.Advised.getProxiedInterfaces()
21:59:42.523 [main] DEBUG o.s.aop.framework.CglibAopProxy - Method is declared on Advised interface: public abstract boolean org.springframework.aop.framework.Advised.isInterfaceProxied(java.lang.Class)
21:59:42.523 [main] DEBUG o.s.aop.framework.CglibAopProxy - Method is declared on Advised interface: public abstract org.springframework.aop.Advisor[] org.springframework.aop.framework.Advised.getAdvisors()
21:59:42.523 [main] DEBUG o.s.aop.framework.CglibAopProxy - Method is declared on Advised interface: public abstract void org.springframework.aop.framework.Advised.removeAdvisor(int) throws org.springframework.aop.framework.AopConfigException
21:59:42.523 [main] DEBUG o.s.aop.framework.CglibAopProxy - Method is declared on Advised interface: public abstract boolean org.springframework.aop.framework.Advised.removeAdvisor(org.springframework.aop.Advisor)
21:59:42.523 [main] DEBUG o.s.aop.framework.CglibAopProxy - Method is declared on Advised interface: public abstract boolean org.springframework.aop.framework.Advised.replaceAdvisor(org.springframework.aop.Advisor,org.springframework.aop.Advisor) throws org.springframework.aop.framework.AopConfigException
21:59:42.523 [main] DEBUG o.s.aop.framework.CglibAopProxy - Method is declared on Advised interface: public abstract boolean org.springframework.aop.framework.Advised.removeAdvice(org.aopalliance.aop.Advice)
21:59:42.523 [main] DEBUG o.s.aop.framework.CglibAopProxy - Method is declared on Advised interface: public abstract java.lang.String org.springframework.aop.framework.Advised.toProxyConfigString()
21:59:42.523 [main] DEBUG o.s.aop.framework.CglibAopProxy - Method is declared on Advised interface: public abstract void org.springframework.aop.framework.Advised.addAdvice(int,org.aopalliance.aop.Advice) throws org.springframework.aop.framework.AopConfigException
21:59:42.523 [main] DEBUG o.s.aop.framework.CglibAopProxy - Method is declared on Advised interface: public abstract void org.springframework.aop.framework.Advised.addAdvice(org.aopalliance.aop.Advice) throws org.springframework.aop.framework.AopConfigException
21:59:42.523 [main] DEBUG o.s.aop.framework.CglibAopProxy - Method is declared on Advised interface: public abstract int org.springframework.aop.framework.Advised.indexOf(org.aopalliance.aop.Advice)
21:59:42.523 [main] DEBUG o.s.aop.framework.CglibAopProxy - Method is declared on Advised interface: public abstract int org.springframework.aop.framework.Advised.indexOf(org.springframework.aop.Advisor)
21:59:42.523 [main] DEBUG o.s.aop.framework.CglibAopProxy - Method is declared on Advised interface: public abstract boolean org.springframework.aop.framework.Advised.isFrozen()
21:59:42.523 [main] DEBUG o.s.aop.framework.CglibAopProxy - Method is declared on Advised interface: public abstract java.lang.Class org.springframework.aop.TargetClassAware.getTargetClass()
21:59:42.526 [main] DEBUG o.s.b.f.s.DefaultListableBeanFactory - Finished creating instance of bean &apos;userController&apos;
21:59:42.526 [main] DEBUG o.s.b.f.s.DefaultListableBeanFactory - Returning cached instance of singleton bean &apos;dataSource&apos;
21:59:42.526 [main] DEBUG o.s.b.f.s.DefaultListableBeanFactory - Returning cached instance of singleton bean &apos;org.springframework.security.config.annotation.configuration.ObjectPostProcessorConfiguration&apos;
21:59:42.527 [main] DEBUG o.s.b.f.s.DefaultListableBeanFactory - Returning cached instance of singleton bean &apos;objectPostProcessor&apos;
21:59:42.527 [main] DEBUG o.s.b.f.s.DefaultListableBeanFactory - Returning cached instance of singleton bean &apos;org.springframework.security.config.annotation.authentication.configuration.AuthenticationConfiguration&apos;
21:59:42.527 [main] DEBUG o.s.b.f.s.DefaultListableBeanFactory - Returning cached instance of singleton bean &apos;authenticationManagerBuilder&apos;
21:59:42.527 [main] DEBUG o.s.b.f.s.DefaultListableBeanFactory - Returning cached instance of singleton bean &apos;enableGlobalAuthenticationAutowiredConfigurer&apos;
21:59:42.527 [main] DEBUG o.s.b.f.s.DefaultListableBeanFactory - Returning cached instance of singleton bean &apos;initializeUserDetailsBeanManagerConfigurer&apos;
21:59:42.527 [main] DEBUG o.s.b.f.s.DefaultListableBeanFactory - Returning cached instance of singleton bean &apos;initializeAuthenticationProviderBeanManagerConfigurer&apos;
21:59:42.527 [main] DEBUG o.s.b.f.s.DefaultListableBeanFactory - Creating shared instance of singleton bean &apos;org.springframework.security.config.annotation.web.configuration.WebSecurityConfiguration&apos;
21:59:42.527 [main] DEBUG o.s.b.f.s.DefaultListableBeanFactory - Creating instance of bean &apos;org.springframework.security.config.annotation.web.configuration.WebSecurityConfiguration&apos;
21:59:42.528 [main] DEBUG o.s.b.f.annotation.InjectionMetadata - Registered injected element on class [org.springframework.security.config.annotation.web.configuration.WebSecurityConfiguration$$EnhancerBySpringCGLIB$$150881e6]: AutowiredFieldElement for private org.springframework.security.config.annotation.ObjectPostProcessor org.springframework.security.config.annotation.web.configuration.WebSecurityConfiguration.objectObjectPostProcessor
21:59:42.528 [main] DEBUG o.s.b.f.annotation.InjectionMetadata - Registered injected element on class [org.springframework.security.config.annotation.web.configuration.WebSecurityConfiguration$$EnhancerBySpringCGLIB$$150881e6]: AutowiredMethodElement for public void org.springframework.security.config.annotation.web.configuration.WebSecurityConfiguration.setFilterChainProxySecurityConfigurer(org.springframework.security.config.annotation.ObjectPostProcessor,java.util.List) throws java.lang.Exception
21:59:42.528 [main] DEBUG o.s.b.f.s.DefaultListableBeanFactory - Eagerly caching bean &apos;org.springframework.security.config.annotation.web.configuration.WebSecurityConfiguration&apos; to allow for resolving potential circular references
21:59:42.528 [main] DEBUG o.s.b.f.annotation.InjectionMetadata - Processing injected element of bean &apos;org.springframework.security.config.annotation.web.configuration.WebSecurityConfiguration&apos;: AutowiredFieldElement for private org.springframework.security.config.annotation.ObjectPostProcessor org.springframework.security.config.annotation.web.configuration.WebSecurityConfiguration.objectObjectPostProcessor
21:59:42.528 [main] DEBUG o.s.b.f.s.DefaultListableBeanFactory - Returning cached instance of singleton bean &apos;objectPostProcessor&apos;
21:59:42.528 [main] DEBUG o.s.b.f.a.AutowiredAnnotationBeanPostProcessor - Autowiring by type from bean name &apos;org.springframework.security.config.annotation.web.configuration.WebSecurityConfiguration&apos; to bean named &apos;objectPostProcessor&apos;
21:59:42.528 [main] DEBUG o.s.b.f.annotation.InjectionMetadata - Processing injected element of bean &apos;org.springframework.security.config.annotation.web.configuration.WebSecurityConfiguration&apos;: AutowiredMethodElement for public void org.springframework.security.config.annotation.web.configuration.WebSecurityConfiguration.setFilterChainProxySecurityConfigurer(org.springframework.security.config.annotation.ObjectPostProcessor,java.util.List) throws java.lang.Exception
21:59:42.529 [main] DEBUG o.s.b.f.s.DefaultListableBeanFactory - Returning cached instance of singleton bean &apos;objectPostProcessor&apos;
21:59:42.529 [main] DEBUG o.s.b.f.s.DefaultListableBeanFactory - Creating shared instance of singleton bean &apos;autowiredWebSecurityConfigurersIgnoreParents&apos;
21:59:42.529 [main] DEBUG o.s.b.f.s.DefaultListableBeanFactory - Creating instance of bean &apos;autowiredWebSecurityConfigurersIgnoreParents&apos;
21:59:42.529 [main] DEBUG o.s.b.f.s.DefaultListableBeanFactory - Returning cached instance of singleton bean &apos;metaDataSourceAdvisor&apos;
21:59:42.530 [main] DEBUG o.s.b.f.s.DefaultListableBeanFactory - Returning eagerly cached instance of singleton bean &apos;org.springframework.security.config.annotation.web.configuration.WebSecurityConfiguration&apos; that is not fully initialized yet - a consequence of a circular reference
21:59:42.530 [main] DEBUG o.s.b.f.s.DefaultListableBeanFactory - Autowiring by type from bean name &apos;autowiredWebSecurityConfigurersIgnoreParents&apos; via factory method to bean named &apos;org.springframework.beans.factory.support.DefaultListableBeanFactory@4c906488&apos;
21:59:42.531 [main] DEBUG o.s.b.f.s.DefaultListableBeanFactory - Eagerly caching bean &apos;autowiredWebSecurityConfigurersIgnoreParents&apos; to allow for resolving potential circular references
21:59:42.531 [main] DEBUG o.s.b.f.s.DefaultListableBeanFactory - Returning cached instance of singleton bean &apos;metaDataSourceAdvisor&apos;
21:59:42.531 [main] DEBUG o.s.b.f.s.DefaultListableBeanFactory - Finished creating instance of bean &apos;autowiredWebSecurityConfigurersIgnoreParents&apos;
21:59:42.531 [main] DEBUG o.s.b.f.s.DefaultListableBeanFactory - Returning cached instance of singleton bean &apos;securityConfig&apos;
21:59:42.531 [main] DEBUG o.s.b.f.a.AutowiredAnnotationBeanPostProcessor - Autowiring by type from bean name &apos;org.springframework.security.config.annotation.web.configuration.WebSecurityConfiguration&apos; to bean named &apos;objectPostProcessor&apos;
21:59:42.531 [main] DEBUG o.s.b.f.s.DefaultListableBeanFactory - Returning cached instance of singleton bean &apos;metaDataSourceAdvisor&apos;
21:59:42.534 [main] DEBUG o.s.b.f.s.DefaultListableBeanFactory - Returning cached instance of singleton bean &apos;org.springframework.context.annotation.ConfigurationClassPostProcessor.importRegistry&apos;
21:59:42.534 [main] DEBUG o.s.b.f.s.DefaultListableBeanFactory - Finished creating instance of bean &apos;org.springframework.security.config.annotation.web.configuration.WebSecurityConfiguration&apos;
21:59:42.534 [main] DEBUG o.s.b.f.s.DefaultListableBeanFactory - Creating shared instance of singleton bean &apos;delegatingApplicationListener&apos;
21:59:42.534 [main] DEBUG o.s.b.f.s.DefaultListableBeanFactory - Creating instance of bean &apos;delegatingApplicationListener&apos;
21:59:42.534 [main] DEBUG o.s.b.f.s.DefaultListableBeanFactory - Eagerly caching bean &apos;delegatingApplicationListener&apos; to allow for resolving potential circular references
21:59:42.535 [main] DEBUG o.s.b.f.s.DefaultListableBeanFactory - Returning cached instance of singleton bean &apos;metaDataSourceAdvisor&apos;
21:59:42.535 [main] DEBUG o.s.b.f.s.DefaultListableBeanFactory - Finished creating instance of bean &apos;delegatingApplicationListener&apos;
21:59:42.535 [main] DEBUG o.s.b.f.s.DefaultListableBeanFactory - Creating shared instance of singleton bean &apos;springSecurityFilterChain&apos;
21:59:42.535 [main] DEBUG o.s.b.f.s.DefaultListableBeanFactory - Creating instance of bean &apos;springSecurityFilterChain&apos;
21:59:42.535 [main] DEBUG o.s.b.f.s.DefaultListableBeanFactory - Returning cached instance of singleton bean &apos;org.springframework.security.config.annotation.web.configuration.WebSecurityConfiguration&apos;
21:59:42.535 [main] DEBUG o.s.b.f.s.DefaultListableBeanFactory - Returning cached instance of singleton bean &apos;metaDataSourceAdvisor&apos;
21:59:42.535 [main] DEBUG o.s.b.f.s.DefaultListableBeanFactory - Returning cached instance of singleton bean &apos;webMvcConfiguration&apos;
21:59:42.535 [main] DEBUG o.s.b.f.s.DefaultListableBeanFactory - Returning cached instance of singleton bean &apos;securityConfig&apos;
21:59:42.536 [main] DEBUG o.s.s.c.a.a.c.AuthenticationConfiguration$EnableGlobalAuthenticationAutowiredConfigurer - Eagerly initializing {webMvcConfiguration=edu.ncsu.csc.itrust2.mvc.config.WebMvcConfiguration$$EnhancerBySpringCGLIB$$de7b09d5@538ef6d4, securityConfig=edu.ncsu.csc.itrust2.config.SecurityConfig$$EnhancerBySpringCGLIB$$f88fd361@752103b0}
21:59:42.536 [main] DEBUG o.s.b.f.s.DefaultListableBeanFactory - Invoking afterPropertiesSet() on bean with name &apos;org.springframework.security.authentication.dao.DaoAuthenticationProvider@41604988&apos;
21:59:42.536 [main] DEBUG o.s.b.f.s.DefaultListableBeanFactory - Returning cached instance of singleton bean &apos;metaDataSourceAdvisor&apos;
21:59:42.537 [main] DEBUG o.s.b.f.s.DefaultListableBeanFactory - Invoking afterPropertiesSet() on bean with name &apos;org.springframework.security.authentication.ProviderManager@4ade79e3&apos;
21:59:42.537 [main] DEBUG o.s.b.f.s.DefaultListableBeanFactory - Returning cached instance of singleton bean &apos;metaDataSourceAdvisor&apos;
21:59:42.538 [main] DEBUG o.s.b.f.s.DefaultListableBeanFactory - Returning cached instance of singleton bean &apos;authenticationManagerBuilder&apos;
21:59:42.539 [main] DEBUG o.s.w.c.s.StandardServletEnvironment - Adding [servletConfigInitParams] PropertySource with lowest search precedence
21:59:42.539 [main] DEBUG o.s.w.c.s.StandardServletEnvironment - Adding [servletContextInitParams] PropertySource with lowest search precedence
21:59:42.539 [main] DEBUG o.s.w.c.s.StandardServletEnvironment - Adding [systemProperties] PropertySource with lowest search precedence
21:59:42.539 [main] DEBUG o.s.w.c.s.StandardServletEnvironment - Adding [systemEnvironment] PropertySource with lowest search precedence
21:59:42.539 [main] DEBUG o.s.w.c.s.StandardServletEnvironment - Initialized StandardServletEnvironment with PropertySources [servletConfigInitParams,servletContextInitParams,systemProperties,systemEnvironment]
21:59:42.539 [main] DEBUG o.s.w.c.s.StandardServletEnvironment - Adding [servletConfigInitParams] PropertySource with lowest search precedence
21:59:42.539 [main] DEBUG o.s.w.c.s.StandardServletEnvironment - Adding [servletContextInitParams] PropertySource with lowest search precedence
21:59:42.539 [main] DEBUG o.s.w.c.s.StandardServletEnvironment - Adding [systemProperties] PropertySource with lowest search precedence
21:59:42.539 [main] DEBUG o.s.w.c.s.StandardServletEnvironment - Adding [systemEnvironment] PropertySource with lowest search precedence
21:59:42.539 [main] DEBUG o.s.w.c.s.StandardServletEnvironment - Initialized StandardServletEnvironment with PropertySources [servletConfigInitParams,servletContextInitParams,systemProperties,systemEnvironment]
21:59:42.539 [main] DEBUG o.s.w.c.s.StandardServletEnvironment - Adding [servletConfigInitParams] PropertySource with lowest search precedence
21:59:42.539 [main] DEBUG o.s.w.c.s.StandardServletEnvironment - Adding [servletContextInitParams] PropertySource with lowest search precedence
21:59:42.539 [main] DEBUG o.s.w.c.s.StandardServletEnvironment - Adding [systemProperties] PropertySource with lowest search precedence
21:59:42.539 [main] DEBUG o.s.w.c.s.StandardServletEnvironment - Adding [systemEnvironment] PropertySource with lowest search precedence
21:59:42.539 [main] DEBUG o.s.w.c.s.StandardServletEnvironment - Initialized StandardServletEnvironment with PropertySources [servletConfigInitParams,servletContextInitParams,systemProperties,systemEnvironment]
21:59:42.540 [main] DEBUG o.s.b.f.s.DefaultListableBeanFactory - Creating shared instance of singleton bean &apos;ipBlockFilter&apos;
21:59:42.540 [main] DEBUG o.s.b.f.s.DefaultListableBeanFactory - Creating instance of bean &apos;ipBlockFilter&apos;
21:59:42.540 [main] DEBUG o.s.b.f.s.DefaultListableBeanFactory - Returning cached instance of singleton bean &apos;securityConfig&apos;
21:59:42.540 [main] DEBUG o.s.w.c.s.StandardServletEnvironment - Adding [servletConfigInitParams] PropertySource with lowest search precedence
21:59:42.540 [main] DEBUG o.s.w.c.s.StandardServletEnvironment - Adding [servletContextInitParams] PropertySource with lowest search precedence
21:59:42.540 [main] DEBUG o.s.w.c.s.StandardServletEnvironment - Adding [systemProperties] PropertySource with lowest search precedence
21:59:42.540 [main] DEBUG o.s.w.c.s.StandardServletEnvironment - Adding [systemEnvironment] PropertySource with lowest search precedence
21:59:42.540 [main] DEBUG o.s.w.c.s.StandardServletEnvironment - Initialized StandardServletEnvironment with PropertySources [servletConfigInitParams,servletContextInitParams,systemProperties,systemEnvironment]
21:59:42.540 [main] DEBUG o.s.b.f.s.DefaultListableBeanFactory - Eagerly caching bean &apos;ipBlockFilter&apos; to allow for resolving potential circular references
21:59:42.542 [main] DEBUG o.s.b.f.s.DefaultListableBeanFactory - Invoking afterPropertiesSet() on bean with name &apos;ipBlockFilter&apos;
21:59:42.542 [main] DEBUG o.s.b.f.s.DefaultListableBeanFactory - Returning cached instance of singleton bean &apos;metaDataSourceAdvisor&apos;
21:59:42.543 [main] DEBUG o.s.b.f.s.DefaultListableBeanFactory - Finished creating instance of bean &apos;ipBlockFilter&apos;
21:59:42.543 [main] DEBUG o.s.w.c.s.StandardServletEnvironment - Adding [servletConfigInitParams] PropertySource with lowest search precedence
21:59:42.543 [main] DEBUG o.s.w.c.s.StandardServletEnvironment - Adding [servletContextInitParams] PropertySource with lowest search precedence
21:59:42.543 [main] DEBUG o.s.w.c.s.StandardServletEnvironment - Adding [systemProperties] PropertySource with lowest search precedence
21:59:42.543 [main] DEBUG o.s.w.c.s.StandardServletEnvironment - Adding [systemEnvironment] PropertySource with lowest search precedence
21:59:42.543 [main] DEBUG o.s.w.c.s.StandardServletEnvironment - Initialized StandardServletEnvironment with PropertySources [servletConfigInitParams,servletContextInitParams,systemProperties,systemEnvironment]
21:59:42.543 [main] DEBUG o.s.b.f.s.DefaultListableBeanFactory - Retrieved dependent beans for bean &apos;springSecurityFilterChain&apos;: [webSecurityExpressionHandler]
21:59:42.543 [main] WARN  o.s.w.c.s.GenericWebApplicationContext - Exception encountered during context initialization - cancelling refresh attempt: org.springframework.beans.factory.BeanCreationException: Error creating bean with name &apos;springSecurityFilterChain&apos; defined in class path resource [org/springframework/security/config/annotation/web/configuration/WebSecurityConfiguration.class]: Bean instantiation via factory method failed; nested exception is org.springframework.beans.BeanInstantiationException: Failed to instantiate [javax.servlet.Filter]: Factory method &apos;springSecurityFilterChain&apos; threw exception; nested exception is java.lang.IllegalArgumentException: &apos;Savings Account?error&apos; is not a valid redirect URL
21:59:42.543 [main] DEBUG o.s.b.f.s.DefaultListableBeanFactory - Destroying singletons in org.springframework.beans.factory.support.DefaultListableBeanFactory@4c906488: defining beans [org.springframework.context.annotation.internalConfigurationAnnotationProcessor,org.springframework.context.annotation.internalAutowiredAnnotationProcessor,org.springframework.context.annotation.internalRequiredAnnotationProcessor,org.springframework.context.annotation.internalCommonAnnotationProcessor,org.springframework.context.annotation.internalPersistenceAnnotationProcessor,org.springframework.context.event.internalEventListenerProcessor,org.springframework.context.event.internalEventListenerFactory,rootConfiguration,webMvcConfiguration,dataConfiguration,loginAuditingListener,securityConfig,defaultController,adminController,adminUserController,hospitalController,ICDCodesController,APIAppointmentRequestController,APIDiagnosisController,APIDrugController,APIEnumController,APIHospitalController,APIICDCodeController,APILogEntryController,APIOfficeVisitController,APIPasswordController,APIPatientController,APIPersonnelController,APIPrescriptionController,APIUserController,appointmentControllerHCP,HCPController,officeVisitController,appointmentController,diagnosesController,patientController,passwordController,userController,dataSource,org.springframework.security.config.annotation.configuration.ObjectPostProcessorConfiguration,objectPostProcessor,org.springframework.security.config.annotation.authentication.configuration.AuthenticationConfiguration,authenticationManagerBuilder,enableGlobalAuthenticationAutowiredConfigurer,initializeUserDetailsBeanManagerConfigurer,initializeAuthenticationProviderBeanManagerConfigurer,org.springframework.security.config.annotation.web.configuration.WebSecurityConfiguration,delegatingApplicationListener,webSecurityExpressionHandler,springSecurityFilterChain,privilegeEvaluator,autowiredWebSecurityConfigurersIgnoreParents,org.springframework.security.config.annotation.web.configuration.WebMvcSecurityConfiguration,requestDataValueProcessor,passwordEncoder,defaultAuthenticationEventPublisher,failureHandler,ipBlockFilter,org.springframework.web.servlet.config.annotation.DelegatingWebMvcConfiguration,mvcConversionService,requestMappingHandlerMapping,mvcPathMatcher,mvcUrlPathHelper,mvcContentNegotiationManager,viewControllerHandlerMapping,beanNameHandlerMapping,resourceHandlerMapping,mvcResourceUrlProvider,defaultServletHandlerMapping,requestMappingHandlerAdapter,mvcValidator,mvcUriComponentsContributor,httpRequestHandlerAdapter,simpleControllerHandlerAdapter,handlerExceptionResolver,mvcViewResolver,org.springframework.security.config.annotation.method.configuration.GlobalMethodSecurityConfiguration,methodSecurityInterceptor,methodSecurityMetadataSource,preInvocationAuthorizationAdvice,viewResolver,templateEngine,domainClassConverter,metaDataSourceAdvisor,org.springframework.aop.config.internalAutoProxyCreator]; root of factory hierarchy
21:59:42.543 [main] DEBUG o.s.b.f.s.DisposableBeanAdapter - Invoking destroy() on bean with name &apos;ipBlockFilter&apos;
21:59:42.543 [main] DEBUG o.s.b.f.s.DefaultListableBeanFactory - Retrieved dependent beans for bean &apos;objectPostProcessor&apos;: [org.springframework.security.config.annotation.method.configuration.GlobalMethodSecurityConfiguration, securityConfig, org.springframework.security.config.annotation.authentication.configuration.AuthenticationConfiguration, authenticationManagerBuilder, org.springframework.security.config.annotation.web.configuration.WebSecurityConfiguration]
21:59:42.543 [main] DEBUG o.s.b.f.s.DisposableBeanAdapter - Invoking destroy() on bean with name &apos;objectPostProcessor&apos;
21:59:42.544 [main] ERROR o.s.test.context.TestContextManager - Caught exception while allowing TestExecutionListener [org.springframework.test.context.web.ServletTestExecutionListener@451d8fb3] to prepare test instance [edu.ncsu.csc.itrust2.apitest.APILogEntryTest@26d081b4]
java.lang.IllegalStateException: Failed to load ApplicationContext
	at org.springframework.test.context.cache.DefaultCacheAwareContextLoaderDelegate.loadContext(DefaultCacheAwareContextLoaderDelegate.java:124) ~[spring-test-4.3.5.RELEASE.jar:4.3.5.RELEASE]
	at org.springframework.test.context.support.DefaultTestContext.getApplicationContext(DefaultTestContext.java:83) ~[spring-test-4.3.5.RELEASE.jar:4.3.5.RELEASE]
	at org.springframework.test.context.web.ServletTestExecutionListener.setUpRequestContextIfNecessary(ServletTestExecutionListener.java:189) ~[spring-test-4.3.5.RELEASE.jar:4.3.5.RELEASE]
	at org.springframework.test.context.web.ServletTestExecutionListener.prepareTestInstance(ServletTestExecutionListener.java:131) ~[spring-test-4.3.5.RELEASE.jar:4.3.5.RELEASE]
	at org.springframework.test.context.TestContextManager.prepareTestInstance(TestContextManager.java:230) ~[spring-test-4.3.5.RELEASE.jar:4.3.5.RELEASE]
	at org.springframework.test.context.junit4.SpringJUnit4ClassRunner.createTest(SpringJUnit4ClassRunner.java:228) [spring-test-4.3.5.RELEASE.jar:4.3.5.RELEASE]
	at org.springframework.test.context.junit4.SpringJUnit4ClassRunner$1.runReflectiveCall(SpringJUnit4ClassRunner.java:287) [spring-test-4.3.5.RELEASE.jar:4.3.5.RELEASE]
	at org.junit.internal.runners.model.ReflectiveCallable.run(ReflectiveCallable.java:12) [junit-4.12.jar:4.12]
	at org.springframework.test.context.junit4.SpringJUnit4ClassRunner.methodBlock(SpringJUnit4ClassRunner.java:289) [spring-test-4.3.5.RELEASE.jar:4.3.5.RELEASE]
	at org.springframework.test.context.junit4.SpringJUnit4ClassRunner.runChild(SpringJUnit4ClassRunner.java:247) [spring-test-4.3.5.RELEASE.jar:4.3.5.RELEASE]
	at org.springframework.test.context.junit4.SpringJUnit4ClassRunner.runChild(SpringJUnit4ClassRunner.java:94) [spring-test-4.3.5.RELEASE.jar:4.3.5.RELEASE]
	at org.junit.runners.ParentRunner$3.run(ParentRunner.java:290) [junit-4.12.jar:4.12]
	at org.junit.runners.ParentRunner$1.schedule(ParentRunner.java:71) [junit-4.12.jar:4.12]
	at org.junit.runners.ParentRunner.runChildren(ParentRunner.java:288) [junit-4.12.jar:4.12]
	at org.junit.runners.ParentRunner.access$000(ParentRunner.java:58) [junit-4.12.jar:4.12]
	at org.junit.runners.ParentRunner$2.evaluate(ParentRunner.java:268) [junit-4.12.jar:4.12]
	at org.springframework.test.context.junit4.statements.RunBeforeTestClassCallbacks.evaluate(RunBeforeTestClassCallbacks.java:61) [spring-test-4.3.5.RELEASE.jar:4.3.5.RELEASE]
	at org.springframework.test.context.junit4.statements.RunAfterTestClassCallbacks.evaluate(RunAfterTestClassCallbacks.java:70) [spring-test-4.3.5.RELEASE.jar:4.3.5.RELEASE]
	at org.junit.runners.ParentRunner.run(ParentRunner.java:363) [junit-4.12.jar:4.12]
	at org.springframework.test.context.junit4.SpringJUnit4ClassRunner.run(SpringJUnit4ClassRunner.java:191) [spring-test-4.3.5.RELEASE.jar:4.3.5.RELEASE]
	at org.apache.maven.surefire.junit4.JUnit4Provider.execute(JUnit4Provider.java:365) [surefire-junit4-2.20.jar:2.20]
	at org.apache.maven.surefire.junit4.JUnit4Provider.executeWithRerun(JUnit4Provider.java:272) [surefire-junit4-2.20.jar:2.20]
	at org.apache.maven.surefire.junit4.JUnit4Provider.executeTestSet(JUnit4Provider.java:236) [surefire-junit4-2.20.jar:2.20]
	at org.apache.maven.surefire.junit4.JUnit4Provider.invoke(JUnit4Provider.java:159) [surefire-junit4-2.20.jar:2.20]
	at org.apache.maven.surefire.booter.ForkedBooter.invokeProviderInSameClassLoader(ForkedBooter.java:386) [surefire-booter-2.20.jar:2.20]
	at org.apache.maven.surefire.booter.ForkedBooter.runSuitesInProcess(ForkedBooter.java:323) [surefire-booter-2.20.jar:2.20]
	at org.apache.maven.surefire.booter.ForkedBooter.main(ForkedBooter.java:143) [surefire-booter-2.20.jar:2.20]
Caused by: org.springframework.beans.factory.BeanCreationException: Error creating bean with name &apos;springSecurityFilterChain&apos; defined in class path resource [org/springframework/security/config/annotation/web/configuration/WebSecurityConfiguration.class]: Bean instantiation via factory method failed; nested exception is org.springframework.beans.BeanInstantiationException: Failed to instantiate [javax.servlet.Filter]: Factory method &apos;springSecurityFilterChain&apos; threw exception; nested exception is java.lang.IllegalArgumentException: &apos;Savings Account?error&apos; is not a valid redirect URL
	at org.springframework.beans.factory.support.ConstructorResolver.instantiateUsingFactoryMethod(ConstructorResolver.java:599) ~[spring-beans-4.3.5.RELEASE.jar:4.3.5.RELEASE]
	at org.springframework.beans.factory.support.AbstractAutowireCapableBeanFactory.instantiateUsingFactoryMethod(AbstractAutowireCapableBeanFactory.java:1134) ~[spring-beans-4.3.5.RELEASE.jar:4.3.5.RELEASE]
	at org.springframework.beans.factory.support.AbstractAutowireCapableBeanFactory.createBeanInstance(AbstractAutowireCapableBeanFactory.java:1028) ~[spring-beans-4.3.5.RELEASE.jar:4.3.5.RELEASE]
	at org.springframework.beans.factory.support.AbstractAutowireCapableBeanFactory.doCreateBean(AbstractAutowireCapableBeanFactory.java:513) ~[spring-beans-4.3.5.RELEASE.jar:4.3.5.RELEASE]
	at org.springframework.beans.factory.support.AbstractAutowireCapableBeanFactory.createBean(AbstractAutowireCapableBeanFactory.java:483) ~[spring-beans-4.3.5.RELEASE.jar:4.3.5.RELEASE]
	at org.springframework.beans.factory.support.AbstractBeanFactory$1.getObject(AbstractBeanFactory.java:306) ~[spring-beans-4.3.5.RELEASE.jar:4.3.5.RELEASE]
	at org.springframework.beans.factory.support.DefaultSingletonBeanRegistry.getSingleton(DefaultSingletonBeanRegistry.java:230) ~[spring-beans-4.3.5.RELEASE.jar:4.3.5.RELEASE]
	at org.springframework.beans.factory.support.AbstractBeanFactory.doGetBean(AbstractBeanFactory.java:302) ~[spring-beans-4.3.5.RELEASE.jar:4.3.5.RELEASE]
	at org.springframework.beans.factory.support.AbstractBeanFactory.getBean(AbstractBeanFactory.java:197) ~[spring-beans-4.3.5.RELEASE.jar:4.3.5.RELEASE]
	at org.springframework.beans.factory.support.AbstractBeanFactory.doGetBean(AbstractBeanFactory.java:296) ~[spring-beans-4.3.5.RELEASE.jar:4.3.5.RELEASE]
	at org.springframework.beans.factory.support.AbstractBeanFactory.getBean(AbstractBeanFactory.java:197) ~[spring-beans-4.3.5.RELEASE.jar:4.3.5.RELEASE]
	at org.springframework.beans.factory.support.DefaultListableBeanFactory.preInstantiateSingletons(DefaultListableBeanFactory.java:759) ~[spring-beans-4.3.5.RELEASE.jar:4.3.5.RELEASE]
	at org.springframework.context.support.AbstractApplicationContext.finishBeanFactoryInitialization(AbstractApplicationContext.java:866) ~[spring-context-4.3.5.RELEASE.jar:4.3.5.RELEASE]
	at org.springframework.context.support.AbstractApplicationContext.refresh(AbstractApplicationContext.java:542) ~[spring-context-4.3.5.RELEASE.jar:4.3.5.RELEASE]
	at org.springframework.test.context.web.AbstractGenericWebContextLoader.loadContext(AbstractGenericWebContextLoader.java:134) ~[spring-test-4.3.5.RELEASE.jar:4.3.5.RELEASE]
	at org.springframework.test.context.web.AbstractGenericWebContextLoader.loadContext(AbstractGenericWebContextLoader.java:61) ~[spring-test-4.3.5.RELEASE.jar:4.3.5.RELEASE]
	at org.springframework.test.context.support.AbstractDelegatingSmartContextLoader.delegateLoading(AbstractDelegatingSmartContextLoader.java:108) ~[spring-test-4.3.5.RELEASE.jar:4.3.5.RELEASE]
	at org.springframework.test.context.support.AbstractDelegatingSmartContextLoader.loadContext(AbstractDelegatingSmartContextLoader.java:251) ~[spring-test-4.3.5.RELEASE.jar:4.3.5.RELEASE]
	at org.springframework.test.context.cache.DefaultCacheAwareContextLoaderDelegate.loadContextInternal(DefaultCacheAwareContextLoaderDelegate.java:98) ~[spring-test-4.3.5.RELEASE.jar:4.3.5.RELEASE]
	at org.springframework.test.context.cache.DefaultCacheAwareContextLoaderDelegate.loadContext(DefaultCacheAwareContextLoaderDelegate.java:116) ~[spring-test-4.3.5.RELEASE.jar:4.3.5.RELEASE]
	... 26 common frames omitted
Caused by: org.springframework.beans.BeanInstantiationException: Failed to instantiate [javax.servlet.Filter]: Factory method &apos;springSecurityFilterChain&apos; threw exception; nested exception is java.lang.IllegalArgumentException: &apos;Savings Account?error&apos; is not a valid redirect URL
	at org.springframework.beans.factory.support.SimpleInstantiationStrategy.instantiate(SimpleInstantiationStrategy.java:189) ~[spring-beans-4.3.5.RELEASE.jar:4.3.5.RELEASE]
	at org.springframework.beans.factory.support.ConstructorResolver.instantiateUsingFactoryMethod(ConstructorResolver.java:588) ~[spring-beans-4.3.5.RELEASE.jar:4.3.5.RELEASE]
	... 45 common frames omitted
Caused by: java.lang.IllegalArgumentException: &apos;Savings Account?error&apos; is not a valid redirect URL
	at org.springframework.util.Assert.isTrue(Assert.java:68) ~[spring-core-4.3.5.RELEASE.jar:4.3.5.RELEASE]
	at org.springframework.security.web.authentication.SimpleUrlAuthenticationFailureHandler.setDefaultFailureUrl(SimpleUrlAuthenticationFailureHandler.java:125) ~[spring-security-web-4.2.2.RELEASE.jar:4.2.2.RELEASE]
	at org.springframework.security.web.authentication.SimpleUrlAuthenticationFailureHandler.&lt;init&gt;(SimpleUrlAuthenticationFailureHandler.java:60) ~[spring-security-web-4.2.2.RELEASE.jar:4.2.2.RELEASE]
	at org.springframework.security.config.annotation.web.configurers.AbstractAuthenticationFilterConfigurer.failureUrl(AbstractAuthenticationFilterConfigurer.java:206) ~[spring-security-config-4.2.2.RELEASE.jar:4.2.2.RELEASE]
	at org.springframework.security.config.annotation.web.configurers.AbstractAuthenticationFilterConfigurer.updateAuthenticationDefaults(AbstractAuthenticationFilterConfigurer.java:368) ~[spring-security-config-4.2.2.RELEASE.jar:4.2.2.RELEASE]
	at org.springframework.security.config.annotation.web.configurers.AbstractAuthenticationFilterConfigurer.loginPage(AbstractAuthenticationFilterConfigurer.java:308) ~[spring-security-config-4.2.2.RELEASE.jar:4.2.2.RELEASE]
	at org.springframework.security.config.annotation.web.configurers.FormLoginConfigurer.loginPage(FormLoginConfigurer.java:183) ~[spring-security-config-4.2.2.RELEASE.jar:4.2.2.RELEASE]
	at edu.ncsu.csc.itrust2.config.SecurityConfig.configure(SecurityConfig.java:89) ~[classes/:na]
	at org.springframework.security.config.annotation.web.configuration.WebSecurityConfigurerAdapter.getHttp(WebSecurityConfigurerAdapter.java:224) ~[spring-security-config-4.2.2.RELEASE.jar:4.2.2.RELEASE]
	at org.springframework.security.config.annotation.web.configuration.WebSecurityConfigurerAdapter.init(WebSecurityConfigurerAdapter.java:315) ~[spring-security-config-4.2.2.RELEASE.jar:4.2.2.RELEASE]
	at org.springframework.security.config.annotation.web.configuration.WebSecurityConfigurerAdapter.init(WebSecurityConfigurerAdapter.java:86) ~[spring-security-config-4.2.2.RELEASE.jar:4.2.2.RELEASE]
	at edu.ncsu.csc.itrust2.config.SecurityConfig$$EnhancerBySpringCGLIB$$f88fd361.init(&lt;generated&gt;) ~[classes/:na]
	at org.springframework.security.config.annotation.AbstractConfiguredSecurityBuilder.init(AbstractConfiguredSecurityBuilder.java:371) ~[spring-security-config-4.2.2.RELEASE.jar:4.2.2.RELEASE]
	at org.springframework.security.config.annotation.AbstractConfiguredSecurityBuilder.doBuild(AbstractConfiguredSecurityBuilder.java:325) ~[spring-security-config-4.2.2.RELEASE.jar:4.2.2.RELEASE]
	at org.springframework.security.config.annotation.AbstractSecurityBuilder.build(AbstractSecurityBuilder.java:41) ~[spring-security-config-4.2.2.RELEASE.jar:4.2.2.RELEASE]
	at org.springframework.security.config.annotation.web.configuration.WebSecurityConfiguration.springSecurityFilterChain(WebSecurityConfiguration.java:104) ~[spring-security-config-4.2.2.RELEASE.jar:4.2.2.RELEASE]
	at org.springframework.security.config.annotation.web.configuration.WebSecurityConfiguration$$EnhancerBySpringCGLIB$$150881e6.CGLIB$springSecurityFilterChain$4(&lt;generated&gt;) ~[spring-security-config-4.2.2.RELEASE.jar:4.2.2.RELEASE]
	at org.springframework.security.config.annotation.web.configuration.WebSecurityConfiguration$$EnhancerBySpringCGLIB$$150881e6$$FastClassBySpringCGLIB$$f9839e81.invoke(&lt;generated&gt;) ~[spring-security-config-4.2.2.RELEASE.jar:4.2.2.RELEASE]
	at org.springframework.cglib.proxy.MethodProxy.invokeSuper(MethodProxy.java:228) ~[spring-core-4.3.5.RELEASE.jar:4.3.5.RELEASE]
	at org.springframework.context.annotation.ConfigurationClassEnhancer$BeanMethodInterceptor.intercept(ConfigurationClassEnhancer.java:356) ~[spring-context-4.3.5.RELEASE.jar:4.3.5.RELEASE]
	at org.springframework.security.config.annotation.web.configuration.WebSecurityConfiguration$$EnhancerBySpringCGLIB$$150881e6.springSecurityFilterChain(&lt;generated&gt;) ~[spring-security-config-4.2.2.RELEASE.jar:4.2.2.RELEASE]
	at sun.reflect.GeneratedMethodAccessor103.invoke(Unknown Source) ~[na:na]
	at sun.reflect.DelegatingMethodAccessorImpl.invoke(DelegatingMethodAccessorImpl.java:43) ~[na:1.8.0_151]
	at java.lang.reflect.Method.invoke(Method.java:498) ~[na:1.8.0_151]
	at org.springframework.beans.factory.support.SimpleInstantiationStrategy.instantiate(SimpleInstantiationStrategy.java:162) ~[spring-beans-4.3.5.RELEASE.jar:4.3.5.RELEASE]
	... 46 common frames omitted
</stdout>
          <failedSince>1</failedSince>
        </case>
        <case>
          <duration>0.0</duration>
          <className>edu.ncsu.csc.itrust2.apitest.APILogEntryTest</className>
          <testName>testLogByDate</testName>
          <skipped>false</skipped>
          <errorStackTrace>java.lang.IllegalStateException: Failed to load ApplicationContext
Caused by: org.springframework.beans.factory.BeanCreationException: Error creating bean with name &apos;springSecurityFilterChain&apos; defined in class path resource [org/springframework/security/config/annotation/web/configuration/WebSecurityConfiguration.class]: Bean instantiation via factory method failed; nested exception is org.springframework.beans.BeanInstantiationException: Failed to instantiate [javax.servlet.Filter]: Factory method &apos;springSecurityFilterChain&apos; threw exception; nested exception is java.lang.IllegalArgumentException: &apos;Savings Account?error&apos; is not a valid redirect URL
Caused by: org.springframework.beans.BeanInstantiationException: Failed to instantiate [javax.servlet.Filter]: Factory method &apos;springSecurityFilterChain&apos; threw exception; nested exception is java.lang.IllegalArgumentException: &apos;Savings Account?error&apos; is not a valid redirect URL
Caused by: java.lang.IllegalArgumentException: &apos;Savings Account?error&apos; is not a valid redirect URL
</errorStackTrace>
          <errorDetails>Failed to load ApplicationContext</errorDetails>
          <stdout>21:59:42.545 [main] DEBUG o.s.t.annotation.ProfileValueUtils - Retrieved @ProfileValueSourceConfiguration [null] for test class [edu.ncsu.csc.itrust2.apitest.APILogEntryTest]
21:59:42.545 [main] DEBUG o.s.t.annotation.ProfileValueUtils - Retrieved ProfileValueSource type [class org.springframework.test.annotation.SystemProfileValueSource] for class [edu.ncsu.csc.itrust2.apitest.APILogEntryTest]
21:59:42.545 [main] DEBUG o.s.t.c.s.AbstractDelegatingSmartContextLoader - Delegating to AnnotationConfigWebContextLoader to load context from [WebMergedContextConfiguration@49dc975e testClass = APILogEntryTest, locations = &apos;{}&apos;, classes = &apos;{class edu.ncsu.csc.itrust2.config.RootConfiguration, class edu.ncsu.csc.itrust2.mvc.config.WebMvcConfiguration}&apos;, contextInitializerClasses = &apos;[]&apos;, activeProfiles = &apos;{}&apos;, propertySourceLocations = &apos;{}&apos;, propertySourceProperties = &apos;{}&apos;, contextCustomizers = set[[empty]], resourceBasePath = &apos;src/main/webapp&apos;, contextLoader = &apos;org.springframework.test.context.web.WebDelegatingSmartContextLoader&apos;, parent = [null]].
21:59:42.545 [main] DEBUG o.s.t.c.w.AbstractGenericWebContextLoader - Loading WebApplicationContext for merged context configuration [WebMergedContextConfiguration@49dc975e testClass = APILogEntryTest, locations = &apos;{}&apos;, classes = &apos;{class edu.ncsu.csc.itrust2.config.RootConfiguration, class edu.ncsu.csc.itrust2.mvc.config.WebMvcConfiguration}&apos;, contextInitializerClasses = &apos;[]&apos;, activeProfiles = &apos;{}&apos;, propertySourceLocations = &apos;{}&apos;, propertySourceProperties = &apos;{}&apos;, contextCustomizers = set[[empty]], resourceBasePath = &apos;src/main/webapp&apos;, contextLoader = &apos;org.springframework.test.context.web.WebDelegatingSmartContextLoader&apos;, parent = [null]].
21:59:42.546 [main] DEBUG o.s.w.c.s.StandardServletEnvironment - Adding [servletConfigInitParams] PropertySource with lowest search precedence
21:59:42.546 [main] DEBUG o.s.w.c.s.StandardServletEnvironment - Adding [servletContextInitParams] PropertySource with lowest search precedence
21:59:42.546 [main] DEBUG o.s.w.c.s.StandardServletEnvironment - Adding [systemProperties] PropertySource with lowest search precedence
21:59:42.546 [main] DEBUG o.s.w.c.s.StandardServletEnvironment - Adding [systemEnvironment] PropertySource with lowest search precedence
21:59:42.546 [main] DEBUG o.s.w.c.s.StandardServletEnvironment - Initialized StandardServletEnvironment with PropertySources [servletConfigInitParams,servletContextInitParams,systemProperties,systemEnvironment]
21:59:42.546 [main] DEBUG o.s.t.c.w.AnnotationConfigWebContextLoader - Registering annotated classes: {class edu.ncsu.csc.itrust2.config.RootConfiguration, class edu.ncsu.csc.itrust2.mvc.config.WebMvcConfiguration}
21:59:42.547 [main] INFO  o.s.w.c.s.GenericWebApplicationContext - Refreshing org.springframework.web.context.support.GenericWebApplicationContext@561c9a50: startup date [Thu Mar 22 21:59:42 UTC 2018]; root of context hierarchy
21:59:42.547 [main] DEBUG o.s.w.c.s.StandardServletEnvironment - Replacing [servletContextInitParams] PropertySource with [servletContextInitParams]
21:59:42.547 [main] DEBUG o.s.w.c.s.GenericWebApplicationContext - Bean factory for org.springframework.web.context.support.GenericWebApplicationContext@561c9a50: org.springframework.beans.factory.support.DefaultListableBeanFactory@3f02662: defining beans [org.springframework.context.annotation.internalConfigurationAnnotationProcessor,org.springframework.context.annotation.internalAutowiredAnnotationProcessor,org.springframework.context.annotation.internalRequiredAnnotationProcessor,org.springframework.context.annotation.internalCommonAnnotationProcessor,org.springframework.context.annotation.internalPersistenceAnnotationProcessor,org.springframework.context.event.internalEventListenerProcessor,org.springframework.context.event.internalEventListenerFactory,rootConfiguration,webMvcConfiguration]; root of factory hierarchy
21:59:42.547 [main] DEBUG o.s.b.f.s.DefaultListableBeanFactory - Registering scope &apos;request&apos; with implementation [org.springframework.web.context.request.RequestScope@32e0936]
21:59:42.547 [main] DEBUG o.s.b.f.s.DefaultListableBeanFactory - Registering scope &apos;session&apos; with implementation [org.springframework.web.context.request.SessionScope@31d2cd19]
21:59:42.547 [main] DEBUG o.s.b.f.s.DefaultListableBeanFactory - Registering scope &apos;globalSession&apos; with implementation [org.springframework.web.context.request.SessionScope@33932e77]
21:59:42.547 [main] DEBUG o.s.b.f.s.DefaultListableBeanFactory - Registering scope &apos;application&apos; with implementation [org.springframework.web.context.support.ServletContextScope@1d60dcb5]
21:59:42.547 [main] DEBUG o.s.b.f.s.DefaultListableBeanFactory - Creating shared instance of singleton bean &apos;org.springframework.context.annotation.internalConfigurationAnnotationProcessor&apos;
21:59:42.547 [main] DEBUG o.s.b.f.s.DefaultListableBeanFactory - Creating instance of bean &apos;org.springframework.context.annotation.internalConfigurationAnnotationProcessor&apos;
21:59:42.547 [main] DEBUG o.s.b.f.s.DefaultListableBeanFactory - Eagerly caching bean &apos;org.springframework.context.annotation.internalConfigurationAnnotationProcessor&apos; to allow for resolving potential circular references
21:59:42.547 [main] DEBUG o.s.b.f.s.DefaultListableBeanFactory - Finished creating instance of bean &apos;org.springframework.context.annotation.internalConfigurationAnnotationProcessor&apos;
21:59:42.547 [main] DEBUG o.s.core.env.StandardEnvironment - Adding [systemProperties] PropertySource with lowest search precedence
21:59:42.547 [main] DEBUG o.s.core.env.StandardEnvironment - Adding [systemEnvironment] PropertySource with lowest search precedence
21:59:42.547 [main] DEBUG o.s.core.env.StandardEnvironment - Initialized StandardEnvironment with PropertySources [systemProperties,systemEnvironment]
21:59:42.548 [main] DEBUG o.s.c.i.s.PathMatchingResourcePatternResolver - Resolved classpath location [edu/ncsu/csc/itrust2/config/] to resources [URL [file:/var/lib/jenkins/jobs/iTrust_Fuzzer/workspace/iTrust2/target/classes/edu/ncsu/csc/itrust2/config/]]
21:59:42.548 [main] DEBUG o.s.c.i.s.PathMatchingResourcePatternResolver - Looking for matching resources in directory tree [/var/lib/jenkins/jobs/iTrust_Fuzzer/workspace/iTrust2/target/classes/edu/ncsu/csc/itrust2/config]
21:59:42.548 [main] DEBUG o.s.c.i.s.PathMatchingResourcePatternResolver - Searching directory [/var/lib/jenkins/jobs/iTrust_Fuzzer/workspace/iTrust2/target/classes/edu/ncsu/csc/itrust2/config] for files matching pattern [/var/lib/jenkins/jobs/iTrust_Fuzzer/workspace/iTrust2/target/classes/edu/ncsu/csc/itrust2/config/**/*.class]
21:59:42.548 [main] DEBUG o.s.c.i.s.PathMatchingResourcePatternResolver - Resolved location pattern [classpath*:edu/ncsu/csc/itrust2/config/**/*.class] to resources [file [/var/lib/jenkins/jobs/iTrust_Fuzzer/workspace/iTrust2/target/classes/edu/ncsu/csc/itrust2/config/ContextListener.class], file [/var/lib/jenkins/jobs/iTrust_Fuzzer/workspace/iTrust2/target/classes/edu/ncsu/csc/itrust2/config/DataConfiguration.class], file [/var/lib/jenkins/jobs/iTrust_Fuzzer/workspace/iTrust2/target/classes/edu/ncsu/csc/itrust2/config/FailureHandler.class], file [/var/lib/jenkins/jobs/iTrust_Fuzzer/workspace/iTrust2/target/classes/edu/ncsu/csc/itrust2/config/IPFilter.class], file [/var/lib/jenkins/jobs/iTrust_Fuzzer/workspace/iTrust2/target/classes/edu/ncsu/csc/itrust2/config/ITrust2ApplicationInitializer.class], file [/var/lib/jenkins/jobs/iTrust_Fuzzer/workspace/iTrust2/target/classes/edu/ncsu/csc/itrust2/config/ITrust2WebApplicationInitializer.class], file [/var/lib/jenkins/jobs/iTrust_Fuzzer/workspace/iTrust2/target/classes/edu/ncsu/csc/itrust2/config/LoginAuditingListener.class], file [/var/lib/jenkins/jobs/iTrust_Fuzzer/workspace/iTrust2/target/classes/edu/ncsu/csc/itrust2/config/RootConfiguration.class], file [/var/lib/jenkins/jobs/iTrust_Fuzzer/workspace/iTrust2/target/classes/edu/ncsu/csc/itrust2/config/SecurityConfig.class]]
21:59:42.549 [main] DEBUG o.s.c.a.ClassPathBeanDefinitionScanner - Identified candidate component class: file [/var/lib/jenkins/jobs/iTrust_Fuzzer/workspace/iTrust2/target/classes/edu/ncsu/csc/itrust2/config/DataConfiguration.class]
21:59:42.549 [main] DEBUG o.s.c.a.ClassPathBeanDefinitionScanner - Identified candidate component class: file [/var/lib/jenkins/jobs/iTrust_Fuzzer/workspace/iTrust2/target/classes/edu/ncsu/csc/itrust2/config/LoginAuditingListener.class]
21:59:42.549 [main] DEBUG o.s.c.a.ClassPathBeanDefinitionScanner - Identified candidate component class: file [/var/lib/jenkins/jobs/iTrust_Fuzzer/workspace/iTrust2/target/classes/edu/ncsu/csc/itrust2/config/SecurityConfig.class]
21:59:42.556 [main] DEBUG o.s.core.env.StandardEnvironment - Adding [systemProperties] PropertySource with lowest search precedence
21:59:42.556 [main] DEBUG o.s.core.env.StandardEnvironment - Adding [systemEnvironment] PropertySource with lowest search precedence
21:59:42.556 [main] DEBUG o.s.core.env.StandardEnvironment - Initialized StandardEnvironment with PropertySources [systemProperties,systemEnvironment]
21:59:42.557 [main] DEBUG o.s.c.i.s.PathMatchingResourcePatternResolver - Resolved classpath location [edu/ncsu/csc/itrust2/controllers/] to resources [URL [file:/var/lib/jenkins/jobs/iTrust_Fuzzer/workspace/iTrust2/target/classes/edu/ncsu/csc/itrust2/controllers/]]
21:59:42.557 [main] DEBUG o.s.c.i.s.PathMatchingResourcePatternResolver - Looking for matching resources in directory tree [/var/lib/jenkins/jobs/iTrust_Fuzzer/workspace/iTrust2/target/classes/edu/ncsu/csc/itrust2/controllers]
21:59:42.557 [main] DEBUG o.s.c.i.s.PathMatchingResourcePatternResolver - Searching directory [/var/lib/jenkins/jobs/iTrust_Fuzzer/workspace/iTrust2/target/classes/edu/ncsu/csc/itrust2/controllers] for files matching pattern [/var/lib/jenkins/jobs/iTrust_Fuzzer/workspace/iTrust2/target/classes/edu/ncsu/csc/itrust2/controllers/**/*.class]
21:59:42.557 [main] DEBUG o.s.c.i.s.PathMatchingResourcePatternResolver - Searching directory [/var/lib/jenkins/jobs/iTrust_Fuzzer/workspace/iTrust2/target/classes/edu/ncsu/csc/itrust2/controllers/admin] for files matching pattern [/var/lib/jenkins/jobs/iTrust_Fuzzer/workspace/iTrust2/target/classes/edu/ncsu/csc/itrust2/controllers/**/*.class]
21:59:42.557 [main] DEBUG o.s.c.i.s.PathMatchingResourcePatternResolver - Searching directory [/var/lib/jenkins/jobs/iTrust_Fuzzer/workspace/iTrust2/target/classes/edu/ncsu/csc/itrust2/controllers/api] for files matching pattern [/var/lib/jenkins/jobs/iTrust_Fuzzer/workspace/iTrust2/target/classes/edu/ncsu/csc/itrust2/controllers/**/*.class]
21:59:42.557 [main] DEBUG o.s.c.i.s.PathMatchingResourcePatternResolver - Searching directory [/var/lib/jenkins/jobs/iTrust_Fuzzer/workspace/iTrust2/target/classes/edu/ncsu/csc/itrust2/controllers/api/comm] for files matching pattern [/var/lib/jenkins/jobs/iTrust_Fuzzer/workspace/iTrust2/target/classes/edu/ncsu/csc/itrust2/controllers/**/*.class]
21:59:42.557 [main] DEBUG o.s.c.i.s.PathMatchingResourcePatternResolver - Searching directory [/var/lib/jenkins/jobs/iTrust_Fuzzer/workspace/iTrust2/target/classes/edu/ncsu/csc/itrust2/controllers/hcp] for files matching pattern [/var/lib/jenkins/jobs/iTrust_Fuzzer/workspace/iTrust2/target/classes/edu/ncsu/csc/itrust2/controllers/**/*.class]
21:59:42.557 [main] DEBUG o.s.c.i.s.PathMatchingResourcePatternResolver - Searching directory [/var/lib/jenkins/jobs/iTrust_Fuzzer/workspace/iTrust2/target/classes/edu/ncsu/csc/itrust2/controllers/patient] for files matching pattern [/var/lib/jenkins/jobs/iTrust_Fuzzer/workspace/iTrust2/target/classes/edu/ncsu/csc/itrust2/controllers/**/*.class]
21:59:42.557 [main] DEBUG o.s.c.i.s.PathMatchingResourcePatternResolver - Searching directory [/var/lib/jenkins/jobs/iTrust_Fuzzer/workspace/iTrust2/target/classes/edu/ncsu/csc/itrust2/controllers/personnel] for files matching pattern [/var/lib/jenkins/jobs/iTrust_Fuzzer/workspace/iTrust2/target/classes/edu/ncsu/csc/itrust2/controllers/**/*.class]
21:59:42.557 [main] DEBUG o.s.c.i.s.PathMatchingResourcePatternResolver - Resolved location pattern [classpath*:edu/ncsu/csc/itrust2/controllers/**/*.class] to resources [file [/var/lib/jenkins/jobs/iTrust_Fuzzer/workspace/iTrust2/target/classes/edu/ncsu/csc/itrust2/controllers/DefaultController.class], file [/var/lib/jenkins/jobs/iTrust_Fuzzer/workspace/iTrust2/target/classes/edu/ncsu/csc/itrust2/controllers/admin/AdminController.class], file [/var/lib/jenkins/jobs/iTrust_Fuzzer/workspace/iTrust2/target/classes/edu/ncsu/csc/itrust2/controllers/admin/AdminUserController$1.class], file [/var/lib/jenkins/jobs/iTrust_Fuzzer/workspace/iTrust2/target/classes/edu/ncsu/csc/itrust2/controllers/admin/AdminUserController.class], file [/var/lib/jenkins/jobs/iTrust_Fuzzer/workspace/iTrust2/target/classes/edu/ncsu/csc/itrust2/controllers/admin/HospitalController.class], file [/var/lib/jenkins/jobs/iTrust_Fuzzer/workspace/iTrust2/target/classes/edu/ncsu/csc/itrust2/controllers/admin/ICDCodesController.class], file [/var/lib/jenkins/jobs/iTrust_Fuzzer/workspace/iTrust2/target/classes/edu/ncsu/csc/itrust2/controllers/api/APIAppointmentRequestController.class], file [/var/lib/jenkins/jobs/iTrust_Fuzzer/workspace/iTrust2/target/classes/edu/ncsu/csc/itrust2/controllers/api/APIController$JSONResponse.class], file [/var/lib/jenkins/jobs/iTrust_Fuzzer/workspace/iTrust2/target/classes/edu/ncsu/csc/itrust2/controllers/api/APIController.class], file [/var/lib/jenkins/jobs/iTrust_Fuzzer/workspace/iTrust2/target/classes/edu/ncsu/csc/itrust2/controllers/api/APIDiagnosisController.class], file [/var/lib/jenkins/jobs/iTrust_Fuzzer/workspace/iTrust2/target/classes/edu/ncsu/csc/itrust2/controllers/api/APIDrugController.class], file [/var/lib/jenkins/jobs/iTrust_Fuzzer/workspace/iTrust2/target/classes/edu/ncsu/csc/itrust2/controllers/api/APIEnumController.class], file [/var/lib/jenkins/jobs/iTrust_Fuzzer/workspace/iTrust2/target/classes/edu/ncsu/csc/itrust2/controllers/api/APIHospitalController.class], file [/var/lib/jenkins/jobs/iTrust_Fuzzer/workspace/iTrust2/target/classes/edu/ncsu/csc/itrust2/controllers/api/APIICDCodeController.class], file [/var/lib/jenkins/jobs/iTrust_Fuzzer/workspace/iTrust2/target/classes/edu/ncsu/csc/itrust2/controllers/api/APILogEntryController.class], file [/var/lib/jenkins/jobs/iTrust_Fuzzer/workspace/iTrust2/target/classes/edu/ncsu/csc/itrust2/controllers/api/APIOfficeVisitController.class], file [/var/lib/jenkins/jobs/iTrust_Fuzzer/workspace/iTrust2/target/classes/edu/ncsu/csc/itrust2/controllers/api/APIPasswordController.class], file [/var/lib/jenkins/jobs/iTrust_Fuzzer/workspace/iTrust2/target/classes/edu/ncsu/csc/itrust2/controllers/api/APIPatientController.class], file [/var/lib/jenkins/jobs/iTrust_Fuzzer/workspace/iTrust2/target/classes/edu/ncsu/csc/itrust2/controllers/api/APIPersonnelController.class], file [/var/lib/jenkins/jobs/iTrust_Fuzzer/workspace/iTrust2/target/classes/edu/ncsu/csc/itrust2/controllers/api/APIPrescriptionController.class], file [/var/lib/jenkins/jobs/iTrust_Fuzzer/workspace/iTrust2/target/classes/edu/ncsu/csc/itrust2/controllers/api/APIUserController.class], file [/var/lib/jenkins/jobs/iTrust_Fuzzer/workspace/iTrust2/target/classes/edu/ncsu/csc/itrust2/controllers/api/comm/LogEntryRequestBody.class], file [/var/lib/jenkins/jobs/iTrust_Fuzzer/workspace/iTrust2/target/classes/edu/ncsu/csc/itrust2/controllers/api/comm/LogEntryTableRow.class], file [/var/lib/jenkins/jobs/iTrust_Fuzzer/workspace/iTrust2/target/classes/edu/ncsu/csc/itrust2/controllers/hcp/AppointmentControllerHCP.class], file [/var/lib/jenkins/jobs/iTrust_Fuzzer/workspace/iTrust2/target/classes/edu/ncsu/csc/itrust2/controllers/hcp/HCPController.class], file [/var/lib/jenkins/jobs/iTrust_Fuzzer/workspace/iTrust2/target/classes/edu/ncsu/csc/itrust2/controllers/hcp/OfficeVisitController.class], file [/var/lib/jenkins/jobs/iTrust_Fuzzer/workspace/iTrust2/target/classes/edu/ncsu/csc/itrust2/controllers/patient/AppointmentController.class], file [/var/lib/jenkins/jobs/iTrust_Fuzzer/workspace/iTrust2/target/classes/edu/ncsu/csc/itrust2/controllers/patient/DiagnosesController.class], file [/var/lib/jenkins/jobs/iTrust_Fuzzer/workspace/iTrust2/target/classes/edu/ncsu/csc/itrust2/controllers/patient/PatientController.class], file [/var/lib/jenkins/jobs/iTrust_Fuzzer/workspace/iTrust2/target/classes/edu/ncsu/csc/itrust2/controllers/personnel/PasswordController.class], file [/var/lib/jenkins/jobs/iTrust_Fuzzer/workspace/iTrust2/target/classes/edu/ncsu/csc/itrust2/controllers/personnel/UserController.class]]
21:59:42.558 [main] DEBUG o.s.c.a.ClassPathBeanDefinitionScanner - Identified candidate component class: file [/var/lib/jenkins/jobs/iTrust_Fuzzer/workspace/iTrust2/target/classes/edu/ncsu/csc/itrust2/controllers/DefaultController.class]
21:59:42.558 [main] DEBUG o.s.c.a.ClassPathBeanDefinitionScanner - Identified candidate component class: file [/var/lib/jenkins/jobs/iTrust_Fuzzer/workspace/iTrust2/target/classes/edu/ncsu/csc/itrust2/controllers/admin/AdminController.class]
21:59:42.558 [main] DEBUG o.s.c.a.ClassPathBeanDefinitionScanner - Identified candidate component class: file [/var/lib/jenkins/jobs/iTrust_Fuzzer/workspace/iTrust2/target/classes/edu/ncsu/csc/itrust2/controllers/admin/AdminUserController.class]
21:59:42.558 [main] DEBUG o.s.c.a.ClassPathBeanDefinitionScanner - Identified candidate component class: file [/var/lib/jenkins/jobs/iTrust_Fuzzer/workspace/iTrust2/target/classes/edu/ncsu/csc/itrust2/controllers/admin/HospitalController.class]
21:59:42.558 [main] DEBUG o.s.c.a.ClassPathBeanDefinitionScanner - Identified candidate component class: file [/var/lib/jenkins/jobs/iTrust_Fuzzer/workspace/iTrust2/target/classes/edu/ncsu/csc/itrust2/controllers/admin/ICDCodesController.class]
21:59:42.559 [main] DEBUG o.s.c.a.ClassPathBeanDefinitionScanner - Identified candidate component class: file [/var/lib/jenkins/jobs/iTrust_Fuzzer/workspace/iTrust2/target/classes/edu/ncsu/csc/itrust2/controllers/api/APIAppointmentRequestController.class]
21:59:42.559 [main] DEBUG o.s.c.a.ClassPathBeanDefinitionScanner - Identified candidate component class: file [/var/lib/jenkins/jobs/iTrust_Fuzzer/workspace/iTrust2/target/classes/edu/ncsu/csc/itrust2/controllers/api/APIDiagnosisController.class]
21:59:42.559 [main] DEBUG o.s.c.a.ClassPathBeanDefinitionScanner - Identified candidate component class: file [/var/lib/jenkins/jobs/iTrust_Fuzzer/workspace/iTrust2/target/classes/edu/ncsu/csc/itrust2/controllers/api/APIDrugController.class]
21:59:42.559 [main] DEBUG o.s.c.a.ClassPathBeanDefinitionScanner - Identified candidate component class: file [/var/lib/jenkins/jobs/iTrust_Fuzzer/workspace/iTrust2/target/classes/edu/ncsu/csc/itrust2/controllers/api/APIEnumController.class]
21:59:42.559 [main] DEBUG o.s.c.a.ClassPathBeanDefinitionScanner - Identified candidate component class: file [/var/lib/jenkins/jobs/iTrust_Fuzzer/workspace/iTrust2/target/classes/edu/ncsu/csc/itrust2/controllers/api/APIHospitalController.class]
21:59:42.560 [main] DEBUG o.s.c.a.ClassPathBeanDefinitionScanner - Identified candidate component class: file [/var/lib/jenkins/jobs/iTrust_Fuzzer/workspace/iTrust2/target/classes/edu/ncsu/csc/itrust2/controllers/api/APIICDCodeController.class]
21:59:42.560 [main] DEBUG o.s.c.a.ClassPathBeanDefinitionScanner - Identified candidate component class: file [/var/lib/jenkins/jobs/iTrust_Fuzzer/workspace/iTrust2/target/classes/edu/ncsu/csc/itrust2/controllers/api/APILogEntryController.class]
21:59:42.560 [main] DEBUG o.s.c.a.ClassPathBeanDefinitionScanner - Identified candidate component class: file [/var/lib/jenkins/jobs/iTrust_Fuzzer/workspace/iTrust2/target/classes/edu/ncsu/csc/itrust2/controllers/api/APIOfficeVisitController.class]
21:59:42.561 [main] DEBUG o.s.c.a.ClassPathBeanDefinitionScanner - Identified candidate component class: file [/var/lib/jenkins/jobs/iTrust_Fuzzer/workspace/iTrust2/target/classes/edu/ncsu/csc/itrust2/controllers/api/APIPasswordController.class]
21:59:42.561 [main] DEBUG o.s.c.a.ClassPathBeanDefinitionScanner - Identified candidate component class: file [/var/lib/jenkins/jobs/iTrust_Fuzzer/workspace/iTrust2/target/classes/edu/ncsu/csc/itrust2/controllers/api/APIPatientController.class]
21:59:42.561 [main] DEBUG o.s.c.a.ClassPathBeanDefinitionScanner - Identified candidate component class: file [/var/lib/jenkins/jobs/iTrust_Fuzzer/workspace/iTrust2/target/classes/edu/ncsu/csc/itrust2/controllers/api/APIPersonnelController.class]
21:59:42.561 [main] DEBUG o.s.c.a.ClassPathBeanDefinitionScanner - Identified candidate component class: file [/var/lib/jenkins/jobs/iTrust_Fuzzer/workspace/iTrust2/target/classes/edu/ncsu/csc/itrust2/controllers/api/APIPrescriptionController.class]
21:59:42.562 [main] DEBUG o.s.c.a.ClassPathBeanDefinitionScanner - Identified candidate component class: file [/var/lib/jenkins/jobs/iTrust_Fuzzer/workspace/iTrust2/target/classes/edu/ncsu/csc/itrust2/controllers/api/APIUserController.class]
21:59:42.562 [main] DEBUG o.s.c.a.ClassPathBeanDefinitionScanner - Identified candidate component class: file [/var/lib/jenkins/jobs/iTrust_Fuzzer/workspace/iTrust2/target/classes/edu/ncsu/csc/itrust2/controllers/hcp/AppointmentControllerHCP.class]
21:59:42.562 [main] DEBUG o.s.c.a.ClassPathBeanDefinitionScanner - Identified candidate component class: file [/var/lib/jenkins/jobs/iTrust_Fuzzer/workspace/iTrust2/target/classes/edu/ncsu/csc/itrust2/controllers/hcp/HCPController.class]
21:59:42.562 [main] DEBUG o.s.c.a.ClassPathBeanDefinitionScanner - Identified candidate component class: file [/var/lib/jenkins/jobs/iTrust_Fuzzer/workspace/iTrust2/target/classes/edu/ncsu/csc/itrust2/controllers/hcp/OfficeVisitController.class]
21:59:42.562 [main] DEBUG o.s.c.a.ClassPathBeanDefinitionScanner - Identified candidate component class: file [/var/lib/jenkins/jobs/iTrust_Fuzzer/workspace/iTrust2/target/classes/edu/ncsu/csc/itrust2/controllers/patient/AppointmentController.class]
21:59:42.563 [main] DEBUG o.s.c.a.ClassPathBeanDefinitionScanner - Identified candidate component class: file [/var/lib/jenkins/jobs/iTrust_Fuzzer/workspace/iTrust2/target/classes/edu/ncsu/csc/itrust2/controllers/patient/DiagnosesController.class]
21:59:42.563 [main] DEBUG o.s.c.a.ClassPathBeanDefinitionScanner - Identified candidate component class: file [/var/lib/jenkins/jobs/iTrust_Fuzzer/workspace/iTrust2/target/classes/edu/ncsu/csc/itrust2/controllers/patient/PatientController.class]
21:59:42.563 [main] DEBUG o.s.c.a.ClassPathBeanDefinitionScanner - Identified candidate component class: file [/var/lib/jenkins/jobs/iTrust_Fuzzer/workspace/iTrust2/target/classes/edu/ncsu/csc/itrust2/controllers/personnel/PasswordController.class]
21:59:42.563 [main] DEBUG o.s.c.a.ClassPathBeanDefinitionScanner - Identified candidate component class: file [/var/lib/jenkins/jobs/iTrust_Fuzzer/workspace/iTrust2/target/classes/edu/ncsu/csc/itrust2/controllers/personnel/UserController.class]
21:59:42.563 [main] DEBUG o.s.c.i.s.PathMatchingResourcePatternResolver - Resolved classpath location [edu/ncsu/csc/itrust2/config/] to resources [URL [file:/var/lib/jenkins/jobs/iTrust_Fuzzer/workspace/iTrust2/target/classes/edu/ncsu/csc/itrust2/config/]]
21:59:42.563 [main] DEBUG o.s.c.i.s.PathMatchingResourcePatternResolver - Looking for matching resources in directory tree [/var/lib/jenkins/jobs/iTrust_Fuzzer/workspace/iTrust2/target/classes/edu/ncsu/csc/itrust2/config]
21:59:42.563 [main] DEBUG o.s.c.i.s.PathMatchingResourcePatternResolver - Searching directory [/var/lib/jenkins/jobs/iTrust_Fuzzer/workspace/iTrust2/target/classes/edu/ncsu/csc/itrust2/config] for files matching pattern [/var/lib/jenkins/jobs/iTrust_Fuzzer/workspace/iTrust2/target/classes/edu/ncsu/csc/itrust2/config/**/*.class]
21:59:42.564 [main] DEBUG o.s.c.i.s.PathMatchingResourcePatternResolver - Resolved location pattern [classpath*:edu/ncsu/csc/itrust2/config/**/*.class] to resources [file [/var/lib/jenkins/jobs/iTrust_Fuzzer/workspace/iTrust2/target/classes/edu/ncsu/csc/itrust2/config/ContextListener.class], file [/var/lib/jenkins/jobs/iTrust_Fuzzer/workspace/iTrust2/target/classes/edu/ncsu/csc/itrust2/config/DataConfiguration.class], file [/var/lib/jenkins/jobs/iTrust_Fuzzer/workspace/iTrust2/target/classes/edu/ncsu/csc/itrust2/config/FailureHandler.class], file [/var/lib/jenkins/jobs/iTrust_Fuzzer/workspace/iTrust2/target/classes/edu/ncsu/csc/itrust2/config/IPFilter.class], file [/var/lib/jenkins/jobs/iTrust_Fuzzer/workspace/iTrust2/target/classes/edu/ncsu/csc/itrust2/config/ITrust2ApplicationInitializer.class], file [/var/lib/jenkins/jobs/iTrust_Fuzzer/workspace/iTrust2/target/classes/edu/ncsu/csc/itrust2/config/ITrust2WebApplicationInitializer.class], file [/var/lib/jenkins/jobs/iTrust_Fuzzer/workspace/iTrust2/target/classes/edu/ncsu/csc/itrust2/config/LoginAuditingListener.class], file [/var/lib/jenkins/jobs/iTrust_Fuzzer/workspace/iTrust2/target/classes/edu/ncsu/csc/itrust2/config/RootConfiguration.class], file [/var/lib/jenkins/jobs/iTrust_Fuzzer/workspace/iTrust2/target/classes/edu/ncsu/csc/itrust2/config/SecurityConfig.class]]
21:59:42.564 [main] DEBUG o.s.c.a.ClassPathBeanDefinitionScanner - Identified candidate component class: file [/var/lib/jenkins/jobs/iTrust_Fuzzer/workspace/iTrust2/target/classes/edu/ncsu/csc/itrust2/config/DataConfiguration.class]
21:59:42.564 [main] DEBUG o.s.c.a.ClassPathBeanDefinitionScanner - Identified candidate component class: file [/var/lib/jenkins/jobs/iTrust_Fuzzer/workspace/iTrust2/target/classes/edu/ncsu/csc/itrust2/config/LoginAuditingListener.class]
21:59:42.564 [main] DEBUG o.s.c.a.ClassPathBeanDefinitionScanner - Identified candidate component class: file [/var/lib/jenkins/jobs/iTrust_Fuzzer/workspace/iTrust2/target/classes/edu/ncsu/csc/itrust2/config/RootConfiguration.class]
21:59:42.564 [main] DEBUG o.s.c.a.ClassPathBeanDefinitionScanner - Identified candidate component class: file [/var/lib/jenkins/jobs/iTrust_Fuzzer/workspace/iTrust2/target/classes/edu/ncsu/csc/itrust2/config/SecurityConfig.class]
21:59:42.577 [main] DEBUG o.s.c.a.ConfigurationClassBeanDefinitionReader - Registering bean definition for @Bean method edu.ncsu.csc.itrust2.config.DataConfiguration.dataSource()
21:59:42.577 [main] DEBUG o.s.c.a.ConfigurationClassBeanDefinitionReader - Registered bean definition for imported class &apos;org.springframework.security.config.annotation.configuration.ObjectPostProcessorConfiguration&apos;
21:59:42.577 [main] DEBUG o.s.c.a.ConfigurationClassBeanDefinitionReader - Registering bean definition for @Bean method org.springframework.security.config.annotation.configuration.ObjectPostProcessorConfiguration.objectPostProcessor()
21:59:42.577 [main] DEBUG o.s.c.a.ConfigurationClassBeanDefinitionReader - Registered bean definition for imported class &apos;org.springframework.security.config.annotation.authentication.configuration.AuthenticationConfiguration&apos;
21:59:42.577 [main] DEBUG o.s.c.a.ConfigurationClassBeanDefinitionReader - Registering bean definition for @Bean method org.springframework.security.config.annotation.authentication.configuration.AuthenticationConfiguration.authenticationManagerBuilder()
21:59:42.577 [main] DEBUG o.s.c.a.ConfigurationClassBeanDefinitionReader - Registering bean definition for @Bean method org.springframework.security.config.annotation.authentication.configuration.AuthenticationConfiguration.enableGlobalAuthenticationAutowiredConfigurer()
21:59:42.577 [main] DEBUG o.s.c.a.ConfigurationClassBeanDefinitionReader - Registering bean definition for @Bean method org.springframework.security.config.annotation.authentication.configuration.AuthenticationConfiguration.initializeUserDetailsBeanManagerConfigurer()
21:59:42.577 [main] DEBUG o.s.c.a.ConfigurationClassBeanDefinitionReader - Registering bean definition for @Bean method org.springframework.security.config.annotation.authentication.configuration.AuthenticationConfiguration.initializeAuthenticationProviderBeanManagerConfigurer()
21:59:42.577 [main] DEBUG o.s.c.a.ConfigurationClassBeanDefinitionReader - Registered bean definition for imported class &apos;org.springframework.security.config.annotation.web.configuration.WebSecurityConfiguration&apos;
21:59:42.577 [main] DEBUG o.s.c.a.ConfigurationClassBeanDefinitionReader - Registering bean definition for @Bean method org.springframework.security.config.annotation.web.configuration.WebSecurityConfiguration.delegatingApplicationListener()
21:59:42.577 [main] DEBUG o.s.c.a.ConfigurationClassBeanDefinitionReader - Registering bean definition for @Bean method org.springframework.security.config.annotation.web.configuration.WebSecurityConfiguration.webSecurityExpressionHandler()
21:59:42.577 [main] DEBUG o.s.c.a.ConfigurationClassBeanDefinitionReader - Registering bean definition for @Bean method org.springframework.security.config.annotation.web.configuration.WebSecurityConfiguration.springSecurityFilterChain()
21:59:42.577 [main] DEBUG o.s.c.a.ConfigurationClassBeanDefinitionReader - Registering bean definition for @Bean method org.springframework.security.config.annotation.web.configuration.WebSecurityConfiguration.privilegeEvaluator()
21:59:42.577 [main] DEBUG o.s.c.a.ConfigurationClassBeanDefinitionReader - Registering bean definition for @Bean method org.springframework.security.config.annotation.web.configuration.WebSecurityConfiguration.autowiredWebSecurityConfigurersIgnoreParents()
21:59:42.577 [main] DEBUG o.s.c.a.ConfigurationClassBeanDefinitionReader - Registered bean definition for imported class &apos;org.springframework.security.config.annotation.web.configuration.WebMvcSecurityConfiguration&apos;
21:59:42.577 [main] DEBUG o.s.c.a.ConfigurationClassBeanDefinitionReader - Registering bean definition for @Bean method org.springframework.security.config.annotation.web.configuration.WebMvcSecurityConfiguration.requestDataValueProcessor()
21:59:42.577 [main] DEBUG o.s.c.a.ConfigurationClassBeanDefinitionReader - Registering bean definition for @Bean method edu.ncsu.csc.itrust2.config.SecurityConfig.passwordEncoder()
21:59:42.577 [main] DEBUG o.s.c.a.ConfigurationClassBeanDefinitionReader - Registering bean definition for @Bean method edu.ncsu.csc.itrust2.config.SecurityConfig.defaultAuthenticationEventPublisher()
21:59:42.577 [main] DEBUG o.s.c.a.ConfigurationClassBeanDefinitionReader - Registering bean definition for @Bean method edu.ncsu.csc.itrust2.config.SecurityConfig.failureHandler()
21:59:42.577 [main] DEBUG o.s.c.a.ConfigurationClassBeanDefinitionReader - Registering bean definition for @Bean method edu.ncsu.csc.itrust2.config.SecurityConfig.ipBlockFilter()
21:59:42.577 [main] DEBUG o.s.c.a.ConfigurationClassBeanDefinitionReader - Registered bean definition for imported class &apos;org.springframework.web.servlet.config.annotation.DelegatingWebMvcConfiguration&apos;
21:59:42.577 [main] DEBUG o.s.c.a.ConfigurationClassBeanDefinitionReader - Registering bean definition for @Bean method org.springframework.web.servlet.config.annotation.DelegatingWebMvcConfiguration.mvcConversionService()
21:59:42.577 [main] DEBUG o.s.c.a.ConfigurationClassBeanDefinitionReader - Registering bean definition for @Bean method org.springframework.web.servlet.config.annotation.DelegatingWebMvcConfiguration.requestMappingHandlerMapping()
21:59:42.577 [main] DEBUG o.s.c.a.ConfigurationClassBeanDefinitionReader - Registering bean definition for @Bean method org.springframework.web.servlet.config.annotation.DelegatingWebMvcConfiguration.mvcPathMatcher()
21:59:42.578 [main] DEBUG o.s.c.a.ConfigurationClassBeanDefinitionReader - Registering bean definition for @Bean method org.springframework.web.servlet.config.annotation.DelegatingWebMvcConfiguration.mvcUrlPathHelper()
21:59:42.578 [main] DEBUG o.s.c.a.ConfigurationClassBeanDefinitionReader - Registering bean definition for @Bean method org.springframework.web.servlet.config.annotation.DelegatingWebMvcConfiguration.mvcContentNegotiationManager()
21:59:42.578 [main] DEBUG o.s.c.a.ConfigurationClassBeanDefinitionReader - Registering bean definition for @Bean method org.springframework.web.servlet.config.annotation.DelegatingWebMvcConfiguration.viewControllerHandlerMapping()
21:59:42.578 [main] DEBUG o.s.c.a.ConfigurationClassBeanDefinitionReader - Registering bean definition for @Bean method org.springframework.web.servlet.config.annotation.DelegatingWebMvcConfiguration.beanNameHandlerMapping()
21:59:42.578 [main] DEBUG o.s.c.a.ConfigurationClassBeanDefinitionReader - Registering bean definition for @Bean method org.springframework.web.servlet.config.annotation.DelegatingWebMvcConfiguration.resourceHandlerMapping()
21:59:42.578 [main] DEBUG o.s.c.a.ConfigurationClassBeanDefinitionReader - Registering bean definition for @Bean method org.springframework.web.servlet.config.annotation.DelegatingWebMvcConfiguration.mvcResourceUrlProvider()
21:59:42.578 [main] DEBUG o.s.c.a.ConfigurationClassBeanDefinitionReader - Registering bean definition for @Bean method org.springframework.web.servlet.config.annotation.DelegatingWebMvcConfiguration.defaultServletHandlerMapping()
21:59:42.578 [main] DEBUG o.s.c.a.ConfigurationClassBeanDefinitionReader - Registering bean definition for @Bean method org.springframework.web.servlet.config.annotation.DelegatingWebMvcConfiguration.requestMappingHandlerAdapter()
21:59:42.578 [main] DEBUG o.s.c.a.ConfigurationClassBeanDefinitionReader - Registering bean definition for @Bean method org.springframework.web.servlet.config.annotation.DelegatingWebMvcConfiguration.mvcValidator()
21:59:42.578 [main] DEBUG o.s.c.a.ConfigurationClassBeanDefinitionReader - Registering bean definition for @Bean method org.springframework.web.servlet.config.annotation.DelegatingWebMvcConfiguration.mvcUriComponentsContributor()
21:59:42.578 [main] DEBUG o.s.c.a.ConfigurationClassBeanDefinitionReader - Registering bean definition for @Bean method org.springframework.web.servlet.config.annotation.DelegatingWebMvcConfiguration.httpRequestHandlerAdapter()
21:59:42.578 [main] DEBUG o.s.c.a.ConfigurationClassBeanDefinitionReader - Registering bean definition for @Bean method org.springframework.web.servlet.config.annotation.DelegatingWebMvcConfiguration.simpleControllerHandlerAdapter()
21:59:42.578 [main] DEBUG o.s.c.a.ConfigurationClassBeanDefinitionReader - Registering bean definition for @Bean method org.springframework.web.servlet.config.annotation.DelegatingWebMvcConfiguration.handlerExceptionResolver()
21:59:42.578 [main] DEBUG o.s.c.a.ConfigurationClassBeanDefinitionReader - Registering bean definition for @Bean method org.springframework.web.servlet.config.annotation.DelegatingWebMvcConfiguration.mvcViewResolver()
21:59:42.578 [main] DEBUG o.s.c.a.ConfigurationClassBeanDefinitionReader - Registered bean definition for imported class &apos;org.springframework.security.config.annotation.method.configuration.GlobalMethodSecurityConfiguration&apos;
21:59:42.578 [main] DEBUG o.s.c.a.ConfigurationClassBeanDefinitionReader - Registering bean definition for @Bean method org.springframework.security.config.annotation.method.configuration.GlobalMethodSecurityConfiguration.methodSecurityInterceptor()
21:59:42.578 [main] DEBUG o.s.c.a.ConfigurationClassBeanDefinitionReader - Registering bean definition for @Bean method org.springframework.security.config.annotation.method.configuration.GlobalMethodSecurityConfiguration.methodSecurityMetadataSource()
21:59:42.578 [main] DEBUG o.s.c.a.ConfigurationClassBeanDefinitionReader - Registering bean definition for @Bean method org.springframework.security.config.annotation.method.configuration.GlobalMethodSecurityConfiguration.preInvocationAuthorizationAdvice()
21:59:42.578 [main] DEBUG o.s.c.a.ConfigurationClassBeanDefinitionReader - Registering bean definition for @Bean method edu.ncsu.csc.itrust2.mvc.config.WebMvcConfiguration.viewResolver()
21:59:42.578 [main] DEBUG o.s.c.a.ConfigurationClassBeanDefinitionReader - Registering bean definition for @Bean method edu.ncsu.csc.itrust2.mvc.config.WebMvcConfiguration.templateEngine()
21:59:42.578 [main] DEBUG o.s.c.a.ConfigurationClassBeanDefinitionReader - Registering bean definition for @Bean method edu.ncsu.csc.itrust2.mvc.config.WebMvcConfiguration.domainClassConverter()
21:59:42.580 [main] DEBUG o.s.c.a.ConfigurationClassEnhancer - Successfully enhanced edu.ncsu.csc.itrust2.config.RootConfiguration; enhanced class name is: edu.ncsu.csc.itrust2.config.RootConfiguration$$EnhancerBySpringCGLIB$$c1d00685
21:59:42.580 [main] DEBUG o.s.c.a.ConfigurationClassPostProcessor - Replacing bean definition &apos;rootConfiguration&apos; existing class &apos;edu.ncsu.csc.itrust2.config.RootConfiguration&apos; with enhanced class &apos;edu.ncsu.csc.itrust2.config.RootConfiguration$$EnhancerBySpringCGLIB$$c1d00685&apos;
21:59:42.580 [main] DEBUG o.s.c.a.ConfigurationClassEnhancer - Successfully enhanced edu.ncsu.csc.itrust2.mvc.config.WebMvcConfiguration; enhanced class name is: edu.ncsu.csc.itrust2.mvc.config.WebMvcConfiguration$$EnhancerBySpringCGLIB$$de7b09d5
21:59:42.580 [main] DEBUG o.s.c.a.ConfigurationClassPostProcessor - Replacing bean definition &apos;webMvcConfiguration&apos; existing class &apos;edu.ncsu.csc.itrust2.mvc.config.WebMvcConfiguration&apos; with enhanced class &apos;edu.ncsu.csc.itrust2.mvc.config.WebMvcConfiguration$$EnhancerBySpringCGLIB$$de7b09d5&apos;
21:59:42.580 [main] DEBUG o.s.c.a.ConfigurationClassEnhancer - Successfully enhanced edu.ncsu.csc.itrust2.config.DataConfiguration; enhanced class name is: edu.ncsu.csc.itrust2.config.DataConfiguration$$EnhancerBySpringCGLIB$$60f4bbd
21:59:42.580 [main] DEBUG o.s.c.a.ConfigurationClassPostProcessor - Replacing bean definition &apos;dataConfiguration&apos; existing class &apos;edu.ncsu.csc.itrust2.config.DataConfiguration&apos; with enhanced class &apos;edu.ncsu.csc.itrust2.config.DataConfiguration$$EnhancerBySpringCGLIB$$60f4bbd&apos;
21:59:42.580 [main] DEBUG o.s.c.a.ConfigurationClassEnhancer - Successfully enhanced edu.ncsu.csc.itrust2.config.SecurityConfig; enhanced class name is: edu.ncsu.csc.itrust2.config.SecurityConfig$$EnhancerBySpringCGLIB$$f88fd361
21:59:42.580 [main] DEBUG o.s.c.a.ConfigurationClassPostProcessor - Replacing bean definition &apos;securityConfig&apos; existing class &apos;edu.ncsu.csc.itrust2.config.SecurityConfig&apos; with enhanced class &apos;edu.ncsu.csc.itrust2.config.SecurityConfig$$EnhancerBySpringCGLIB$$f88fd361&apos;
21:59:42.580 [main] DEBUG o.s.c.a.ConfigurationClassEnhancer - Successfully enhanced org.springframework.security.config.annotation.configuration.ObjectPostProcessorConfiguration; enhanced class name is: org.springframework.security.config.annotation.configuration.ObjectPostProcessorConfiguration$$EnhancerBySpringCGLIB$$6851d2d
21:59:42.580 [main] DEBUG o.s.c.a.ConfigurationClassPostProcessor - Replacing bean definition &apos;org.springframework.security.config.annotation.configuration.ObjectPostProcessorConfiguration&apos; existing class &apos;org.springframework.security.config.annotation.configuration.ObjectPostProcessorConfiguration&apos; with enhanced class &apos;org.springframework.security.config.annotation.configuration.ObjectPostProcessorConfiguration$$EnhancerBySpringCGLIB$$6851d2d&apos;
21:59:42.580 [main] DEBUG o.s.c.a.ConfigurationClassEnhancer - Successfully enhanced org.springframework.security.config.annotation.authentication.configuration.AuthenticationConfiguration; enhanced class name is: org.springframework.security.config.annotation.authentication.configuration.AuthenticationConfiguration$$EnhancerBySpringCGLIB$$524e27a2
21:59:42.580 [main] DEBUG o.s.c.a.ConfigurationClassPostProcessor - Replacing bean definition &apos;org.springframework.security.config.annotation.authentication.configuration.AuthenticationConfiguration&apos; existing class &apos;org.springframework.security.config.annotation.authentication.configuration.AuthenticationConfiguration&apos; with enhanced class &apos;org.springframework.security.config.annotation.authentication.configuration.AuthenticationConfiguration$$EnhancerBySpringCGLIB$$524e27a2&apos;
21:59:42.580 [main] DEBUG o.s.c.a.ConfigurationClassEnhancer - Successfully enhanced org.springframework.security.config.annotation.authentication.configuration.AuthenticationConfiguration; enhanced class name is: org.springframework.security.config.annotation.authentication.configuration.AuthenticationConfiguration$$EnhancerBySpringCGLIB$$524e27a2
21:59:42.580 [main] DEBUG o.s.c.a.ConfigurationClassPostProcessor - Replacing bean definition &apos;enableGlobalAuthenticationAutowiredConfigurer&apos; existing class &apos;org.springframework.security.config.annotation.authentication.configuration.AuthenticationConfiguration&apos; with enhanced class &apos;org.springframework.security.config.annotation.authentication.configuration.AuthenticationConfiguration$$EnhancerBySpringCGLIB$$524e27a2&apos;
21:59:42.581 [main] DEBUG o.s.c.a.ConfigurationClassEnhancer - Successfully enhanced org.springframework.security.config.annotation.authentication.configuration.AuthenticationConfiguration; enhanced class name is: org.springframework.security.config.annotation.authentication.configuration.AuthenticationConfiguration$$EnhancerBySpringCGLIB$$524e27a2
21:59:42.581 [main] DEBUG o.s.c.a.ConfigurationClassPostProcessor - Replacing bean definition &apos;initializeUserDetailsBeanManagerConfigurer&apos; existing class &apos;org.springframework.security.config.annotation.authentication.configuration.AuthenticationConfiguration&apos; with enhanced class &apos;org.springframework.security.config.annotation.authentication.configuration.AuthenticationConfiguration$$EnhancerBySpringCGLIB$$524e27a2&apos;
21:59:42.581 [main] DEBUG o.s.c.a.ConfigurationClassEnhancer - Successfully enhanced org.springframework.security.config.annotation.authentication.configuration.AuthenticationConfiguration; enhanced class name is: org.springframework.security.config.annotation.authentication.configuration.AuthenticationConfiguration$$EnhancerBySpringCGLIB$$524e27a2
21:59:42.581 [main] DEBUG o.s.c.a.ConfigurationClassPostProcessor - Replacing bean definition &apos;initializeAuthenticationProviderBeanManagerConfigurer&apos; existing class &apos;org.springframework.security.config.annotation.authentication.configuration.AuthenticationConfiguration&apos; with enhanced class &apos;org.springframework.security.config.annotation.authentication.configuration.AuthenticationConfiguration$$EnhancerBySpringCGLIB$$524e27a2&apos;
21:59:42.581 [main] DEBUG o.s.c.a.ConfigurationClassEnhancer - Successfully enhanced org.springframework.security.config.annotation.web.configuration.WebSecurityConfiguration; enhanced class name is: org.springframework.security.config.annotation.web.configuration.WebSecurityConfiguration$$EnhancerBySpringCGLIB$$150881e6
21:59:42.581 [main] DEBUG o.s.c.a.ConfigurationClassPostProcessor - Replacing bean definition &apos;org.springframework.security.config.annotation.web.configuration.WebSecurityConfiguration&apos; existing class &apos;org.springframework.security.config.annotation.web.configuration.WebSecurityConfiguration&apos; with enhanced class &apos;org.springframework.security.config.annotation.web.configuration.WebSecurityConfiguration$$EnhancerBySpringCGLIB$$150881e6&apos;
21:59:42.581 [main] DEBUG o.s.c.a.ConfigurationClassEnhancer - Successfully enhanced org.springframework.security.config.annotation.web.configuration.WebSecurityConfiguration; enhanced class name is: org.springframework.security.config.annotation.web.configuration.WebSecurityConfiguration$$EnhancerBySpringCGLIB$$150881e6
21:59:42.581 [main] DEBUG o.s.c.a.ConfigurationClassPostProcessor - Replacing bean definition &apos;delegatingApplicationListener&apos; existing class &apos;org.springframework.security.config.annotation.web.configuration.WebSecurityConfiguration&apos; with enhanced class &apos;org.springframework.security.config.annotation.web.configuration.WebSecurityConfiguration$$EnhancerBySpringCGLIB$$150881e6&apos;
21:59:42.581 [main] DEBUG o.s.c.a.ConfigurationClassEnhancer - Successfully enhanced org.springframework.web.servlet.config.annotation.DelegatingWebMvcConfiguration; enhanced class name is: org.springframework.web.servlet.config.annotation.DelegatingWebMvcConfiguration$$EnhancerBySpringCGLIB$$32983a29
21:59:42.581 [main] DEBUG o.s.c.a.ConfigurationClassPostProcessor - Replacing bean definition &apos;org.springframework.web.servlet.config.annotation.DelegatingWebMvcConfiguration&apos; existing class &apos;org.springframework.web.servlet.config.annotation.DelegatingWebMvcConfiguration&apos; with enhanced class &apos;org.springframework.web.servlet.config.annotation.DelegatingWebMvcConfiguration$$EnhancerBySpringCGLIB$$32983a29&apos;
21:59:42.581 [main] DEBUG o.s.c.a.ConfigurationClassEnhancer - Successfully enhanced org.springframework.security.config.annotation.method.configuration.GlobalMethodSecurityConfiguration; enhanced class name is: org.springframework.security.config.annotation.method.configuration.GlobalMethodSecurityConfiguration$$EnhancerBySpringCGLIB$$2b59bfdf
21:59:42.581 [main] DEBUG o.s.c.a.ConfigurationClassPostProcessor - Replacing bean definition &apos;org.springframework.security.config.annotation.method.configuration.GlobalMethodSecurityConfiguration&apos; existing class &apos;org.springframework.security.config.annotation.method.configuration.GlobalMethodSecurityConfiguration&apos; with enhanced class &apos;org.springframework.security.config.annotation.method.configuration.GlobalMethodSecurityConfiguration$$EnhancerBySpringCGLIB$$2b59bfdf&apos;
21:59:42.582 [main] DEBUG o.s.b.f.s.DefaultListableBeanFactory - Creating shared instance of singleton bean &apos;org.springframework.context.annotation.internalAutowiredAnnotationProcessor&apos;
21:59:42.582 [main] DEBUG o.s.b.f.s.DefaultListableBeanFactory - Creating instance of bean &apos;org.springframework.context.annotation.internalAutowiredAnnotationProcessor&apos;
21:59:42.582 [main] DEBUG o.s.b.f.s.DefaultListableBeanFactory - Eagerly caching bean &apos;org.springframework.context.annotation.internalAutowiredAnnotationProcessor&apos; to allow for resolving potential circular references
21:59:42.584 [main] DEBUG o.s.b.f.s.DefaultListableBeanFactory - Finished creating instance of bean &apos;org.springframework.context.annotation.internalAutowiredAnnotationProcessor&apos;
21:59:42.584 [main] DEBUG o.s.b.f.s.DefaultListableBeanFactory - Creating shared instance of singleton bean &apos;org.springframework.context.annotation.internalRequiredAnnotationProcessor&apos;
21:59:42.584 [main] DEBUG o.s.b.f.s.DefaultListableBeanFactory - Creating instance of bean &apos;org.springframework.context.annotation.internalRequiredAnnotationProcessor&apos;
21:59:42.584 [main] DEBUG o.s.b.f.s.DefaultListableBeanFactory - Eagerly caching bean &apos;org.springframework.context.annotation.internalRequiredAnnotationProcessor&apos; to allow for resolving potential circular references
21:59:42.585 [main] DEBUG o.s.b.f.s.DefaultListableBeanFactory - Finished creating instance of bean &apos;org.springframework.context.annotation.internalRequiredAnnotationProcessor&apos;
21:59:42.585 [main] DEBUG o.s.b.f.s.DefaultListableBeanFactory - Creating shared instance of singleton bean &apos;org.springframework.context.annotation.internalCommonAnnotationProcessor&apos;
21:59:42.585 [main] DEBUG o.s.b.f.s.DefaultListableBeanFactory - Creating instance of bean &apos;org.springframework.context.annotation.internalCommonAnnotationProcessor&apos;
21:59:42.585 [main] DEBUG o.s.b.f.s.DefaultListableBeanFactory - Eagerly caching bean &apos;org.springframework.context.annotation.internalCommonAnnotationProcessor&apos; to allow for resolving potential circular references
21:59:42.587 [main] DEBUG o.s.b.f.s.DefaultListableBeanFactory - Finished creating instance of bean &apos;org.springframework.context.annotation.internalCommonAnnotationProcessor&apos;
21:59:42.587 [main] DEBUG o.s.b.f.s.DefaultListableBeanFactory - Creating shared instance of singleton bean &apos;org.springframework.context.annotation.internalPersistenceAnnotationProcessor&apos;
21:59:42.587 [main] DEBUG o.s.b.f.s.DefaultListableBeanFactory - Creating instance of bean &apos;org.springframework.context.annotation.internalPersistenceAnnotationProcessor&apos;
21:59:42.587 [main] DEBUG o.s.b.f.s.DefaultListableBeanFactory - Eagerly caching bean &apos;org.springframework.context.annotation.internalPersistenceAnnotationProcessor&apos; to allow for resolving potential circular references
21:59:42.589 [main] DEBUG o.s.b.f.s.DefaultListableBeanFactory - Finished creating instance of bean &apos;org.springframework.context.annotation.internalPersistenceAnnotationProcessor&apos;
21:59:42.589 [main] DEBUG o.s.b.f.s.DefaultListableBeanFactory - Creating shared instance of singleton bean &apos;org.springframework.aop.config.internalAutoProxyCreator&apos;
21:59:42.589 [main] DEBUG o.s.b.f.s.DefaultListableBeanFactory - Creating instance of bean &apos;org.springframework.aop.config.internalAutoProxyCreator&apos;
21:59:42.589 [main] DEBUG o.s.b.f.s.DefaultListableBeanFactory - Eagerly caching bean &apos;org.springframework.aop.config.internalAutoProxyCreator&apos; to allow for resolving potential circular references
21:59:42.591 [main] DEBUG o.s.b.f.s.DefaultListableBeanFactory - Finished creating instance of bean &apos;org.springframework.aop.config.internalAutoProxyCreator&apos;
21:59:42.591 [main] DEBUG o.s.w.c.s.GenericWebApplicationContext - Unable to locate MessageSource with name &apos;messageSource&apos;: using default [org.springframework.context.support.DelegatingMessageSource@1f44e6f4]
21:59:42.591 [main] DEBUG o.s.w.c.s.GenericWebApplicationContext - Unable to locate ApplicationEventMulticaster with name &apos;applicationEventMulticaster&apos;: using default [org.springframework.context.event.SimpleApplicationEventMulticaster@3e7b45dd]
21:59:42.591 [main] DEBUG o.s.u.c.s.UiApplicationContextUtils - Unable to locate ThemeSource with name &apos;themeSource&apos;: using default [org.springframework.ui.context.support.ResourceBundleThemeSource@2b39f57b]
21:59:42.592 [main] DEBUG o.s.b.f.s.DefaultListableBeanFactory - Pre-instantiating singletons in org.springframework.beans.factory.support.DefaultListableBeanFactory@3f02662: defining beans [org.springframework.context.annotation.internalConfigurationAnnotationProcessor,org.springframework.context.annotation.internalAutowiredAnnotationProcessor,org.springframework.context.annotation.internalRequiredAnnotationProcessor,org.springframework.context.annotation.internalCommonAnnotationProcessor,org.sprin
...[truncated 190115 chars]...
- Caching method [CacheKey[edu.ncsu.csc.itrust2.controllers.patient.PatientController; public java.lang.String edu.ncsu.csc.itrust2.controllers.patient.PatientController.viewDemographics(org.springframework.ui.Model)]] with attributes [[authorize: &apos;hasRole(&apos;ROLE_PATIENT&apos;)&apos;, filter: &apos;null&apos;, filterTarget: &apos;null&apos;]]
21:59:42.815 [main] DEBUG o.s.aop.framework.CglibAopProxy - Unable to apply any optimisations to advised method: public java.lang.String edu.ncsu.csc.itrust2.controllers.patient.PatientController.viewDemographics(org.springframework.ui.Model)
21:59:42.816 [main] DEBUG o.s.s.a.p.PrePostAnnotationSecurityMetadataSource - @org.springframework.security.access.prepost.PreAuthorize(value=hasRole(&apos;ROLE_PATIENT&apos;)) found on specific method: public java.lang.String edu.ncsu.csc.itrust2.controllers.patient.PatientController.demographicsSubmit(edu.ncsu.csc.itrust2.forms.hcp_patient.PatientForm,org.springframework.validation.BindingResult,org.springframework.ui.Model)
21:59:42.816 [main] DEBUG o.s.s.a.m.DelegatingMethodSecurityMetadataSource - Caching method [CacheKey[edu.ncsu.csc.itrust2.controllers.patient.PatientController; public java.lang.String edu.ncsu.csc.itrust2.controllers.patient.PatientController.demographicsSubmit(edu.ncsu.csc.itrust2.forms.hcp_patient.PatientForm,org.springframework.validation.BindingResult,org.springframework.ui.Model)]] with attributes [[authorize: &apos;hasRole(&apos;ROLE_PATIENT&apos;)&apos;, filter: &apos;null&apos;, filterTarget: &apos;null&apos;]]
21:59:42.816 [main] DEBUG o.s.aop.framework.CglibAopProxy - Unable to apply any optimisations to advised method: public java.lang.String edu.ncsu.csc.itrust2.controllers.patient.PatientController.demographicsSubmit(edu.ncsu.csc.itrust2.forms.hcp_patient.PatientForm,org.springframework.validation.BindingResult,org.springframework.ui.Model)
21:59:42.816 [main] DEBUG o.s.s.a.p.PrePostAnnotationSecurityMetadataSource - @org.springframework.security.access.prepost.PreAuthorize(value=hasRole(&apos;ROLE_PATIENT&apos;)) found on specific method: public java.lang.String edu.ncsu.csc.itrust2.controllers.patient.PatientController.index(org.springframework.ui.Model)
21:59:42.816 [main] DEBUG o.s.s.a.m.DelegatingMethodSecurityMetadataSource - Caching method [CacheKey[edu.ncsu.csc.itrust2.controllers.patient.PatientController; public java.lang.String edu.ncsu.csc.itrust2.controllers.patient.PatientController.index(org.springframework.ui.Model)]] with attributes [[authorize: &apos;hasRole(&apos;ROLE_PATIENT&apos;)&apos;, filter: &apos;null&apos;, filterTarget: &apos;null&apos;]]
21:59:42.816 [main] DEBUG o.s.aop.framework.CglibAopProxy - Unable to apply any optimisations to advised method: public java.lang.String edu.ncsu.csc.itrust2.controllers.patient.PatientController.index(org.springframework.ui.Model)
21:59:42.816 [main] DEBUG o.s.aop.framework.CglibAopProxy - Found &apos;equals&apos; method: public boolean java.lang.Object.equals(java.lang.Object)
21:59:42.816 [main] DEBUG o.s.aop.framework.CglibAopProxy - Unable to apply any optimisations to advised method: public java.lang.String java.lang.Object.toString()
21:59:42.816 [main] DEBUG o.s.aop.framework.CglibAopProxy - Found &apos;hashCode&apos; method: public native int java.lang.Object.hashCode()
21:59:42.816 [main] DEBUG o.s.aop.framework.CglibAopProxy - Unable to apply any optimisations to advised method: protected native java.lang.Object java.lang.Object.clone() throws java.lang.CloneNotSupportedException
21:59:42.816 [main] DEBUG o.s.aop.framework.CglibAopProxy - Method is declared on Advised interface: public abstract void org.springframework.aop.framework.Advised.setTargetSource(org.springframework.aop.TargetSource)
21:59:42.816 [main] DEBUG o.s.aop.framework.CglibAopProxy - Method is declared on Advised interface: public abstract org.springframework.aop.TargetSource org.springframework.aop.framework.Advised.getTargetSource()
21:59:42.816 [main] DEBUG o.s.aop.framework.CglibAopProxy - Method is declared on Advised interface: public abstract boolean org.springframework.aop.framework.Advised.isProxyTargetClass()
21:59:42.816 [main] DEBUG o.s.aop.framework.CglibAopProxy - Method is declared on Advised interface: public abstract void org.springframework.aop.framework.Advised.addAdvisor(org.springframework.aop.Advisor) throws org.springframework.aop.framework.AopConfigException
21:59:42.816 [main] DEBUG o.s.aop.framework.CglibAopProxy - Method is declared on Advised interface: public abstract void org.springframework.aop.framework.Advised.addAdvisor(int,org.springframework.aop.Advisor) throws org.springframework.aop.framework.AopConfigException
21:59:42.816 [main] DEBUG o.s.aop.framework.CglibAopProxy - Method is declared on Advised interface: public abstract void org.springframework.aop.framework.Advised.setPreFiltered(boolean)
21:59:42.816 [main] DEBUG o.s.aop.framework.CglibAopProxy - Method is declared on Advised interface: public abstract void org.springframework.aop.framework.Advised.setExposeProxy(boolean)
21:59:42.816 [main] DEBUG o.s.aop.framework.CglibAopProxy - Method is declared on Advised interface: public abstract boolean org.springframework.aop.framework.Advised.isExposeProxy()
21:59:42.816 [main] DEBUG o.s.aop.framework.CglibAopProxy - Method is declared on Advised interface: public abstract boolean org.springframework.aop.framework.Advised.isPreFiltered()
21:59:42.816 [main] DEBUG o.s.aop.framework.CglibAopProxy - Method is declared on Advised interface: public abstract java.lang.Class[] org.springframework.aop.framework.Advised.getProxiedInterfaces()
21:59:42.816 [main] DEBUG o.s.aop.framework.CglibAopProxy - Method is declared on Advised interface: public abstract boolean org.springframework.aop.framework.Advised.isInterfaceProxied(java.lang.Class)
21:59:42.816 [main] DEBUG o.s.aop.framework.CglibAopProxy - Method is declared on Advised interface: public abstract org.springframework.aop.Advisor[] org.springframework.aop.framework.Advised.getAdvisors()
21:59:42.816 [main] DEBUG o.s.aop.framework.CglibAopProxy - Method is declared on Advised interface: public abstract void org.springframework.aop.framework.Advised.removeAdvisor(int) throws org.springframework.aop.framework.AopConfigException
21:59:42.816 [main] DEBUG o.s.aop.framework.CglibAopProxy - Method is declared on Advised interface: public abstract boolean org.springframework.aop.framework.Advised.removeAdvisor(org.springframework.aop.Advisor)
21:59:42.816 [main] DEBUG o.s.aop.framework.CglibAopProxy - Method is declared on Advised interface: public abstract boolean org.springframework.aop.framework.Advised.replaceAdvisor(org.springframework.aop.Advisor,org.springframework.aop.Advisor) throws org.springframework.aop.framework.AopConfigException
21:59:42.816 [main] DEBUG o.s.aop.framework.CglibAopProxy - Method is declared on Advised interface: public abstract boolean org.springframework.aop.framework.Advised.removeAdvice(org.aopalliance.aop.Advice)
21:59:42.816 [main] DEBUG o.s.aop.framework.CglibAopProxy - Method is declared on Advised interface: public abstract java.lang.String org.springframework.aop.framework.Advised.toProxyConfigString()
21:59:42.816 [main] DEBUG o.s.aop.framework.CglibAopProxy - Method is declared on Advised interface: public abstract void org.springframework.aop.framework.Advised.addAdvice(int,org.aopalliance.aop.Advice) throws org.springframework.aop.framework.AopConfigException
21:59:42.816 [main] DEBUG o.s.aop.framework.CglibAopProxy - Method is declared on Advised interface: public abstract void org.springframework.aop.framework.Advised.addAdvice(org.aopalliance.aop.Advice) throws org.springframework.aop.framework.AopConfigException
21:59:42.816 [main] DEBUG o.s.aop.framework.CglibAopProxy - Method is declared on Advised interface: public abstract int org.springframework.aop.framework.Advised.indexOf(org.aopalliance.aop.Advice)
21:59:42.816 [main] DEBUG o.s.aop.framework.CglibAopProxy - Method is declared on Advised interface: public abstract int org.springframework.aop.framework.Advised.indexOf(org.springframework.aop.Advisor)
21:59:42.816 [main] DEBUG o.s.aop.framework.CglibAopProxy - Method is declared on Advised interface: public abstract boolean org.springframework.aop.framework.Advised.isFrozen()
21:59:42.816 [main] DEBUG o.s.aop.framework.CglibAopProxy - Method is declared on Advised interface: public abstract java.lang.Class org.springframework.aop.TargetClassAware.getTargetClass()
21:59:42.820 [main] DEBUG o.s.b.f.s.DefaultListableBeanFactory - Finished creating instance of bean &apos;patientController&apos;
21:59:42.820 [main] DEBUG o.s.b.f.s.DefaultListableBeanFactory - Creating shared instance of singleton bean &apos;passwordController&apos;
21:59:42.820 [main] DEBUG o.s.b.f.s.DefaultListableBeanFactory - Creating instance of bean &apos;passwordController&apos;
21:59:42.820 [main] DEBUG o.s.b.f.s.DefaultListableBeanFactory - Eagerly caching bean &apos;passwordController&apos; to allow for resolving potential circular references
21:59:42.820 [main] DEBUG o.s.b.f.s.DefaultListableBeanFactory - Returning cached instance of singleton bean &apos;metaDataSourceAdvisor&apos;
21:59:42.820 [main] DEBUG o.s.b.f.s.DefaultListableBeanFactory - Finished creating instance of bean &apos;passwordController&apos;
21:59:42.820 [main] DEBUG o.s.b.f.s.DefaultListableBeanFactory - Creating shared instance of singleton bean &apos;userController&apos;
21:59:42.820 [main] DEBUG o.s.b.f.s.DefaultListableBeanFactory - Creating instance of bean &apos;userController&apos;
21:59:42.820 [main] DEBUG o.s.b.f.s.DefaultListableBeanFactory - Eagerly caching bean &apos;userController&apos; to allow for resolving potential circular references
21:59:42.821 [main] DEBUG o.s.b.f.s.DefaultListableBeanFactory - Returning cached instance of singleton bean &apos;metaDataSourceAdvisor&apos;
21:59:42.821 [main] DEBUG o.s.s.a.p.PrePostAnnotationSecurityMetadataSource - @org.springframework.security.access.prepost.PreAuthorize(value=hasRole(&apos;ROLE_HCP&apos;) or hasRole(&apos;ROLE_ADMIN&apos;)) found on specific method: public java.lang.String edu.ncsu.csc.itrust2.controllers.personnel.UserController.viewDemographics(org.springframework.ui.Model)
21:59:42.821 [main] DEBUG o.s.s.a.m.DelegatingMethodSecurityMetadataSource - Caching method [CacheKey[edu.ncsu.csc.itrust2.controllers.personnel.UserController; public java.lang.String edu.ncsu.csc.itrust2.controllers.personnel.UserController.viewDemographics(org.springframework.ui.Model)]] with attributes [[authorize: &apos;hasRole(&apos;ROLE_HCP&apos;) or hasRole(&apos;ROLE_ADMIN&apos;)&apos;, filter: &apos;null&apos;, filterTarget: &apos;null&apos;]]
21:59:42.821 [main] DEBUG o.s.a.f.a.InfrastructureAdvisorAutoProxyCreator - Creating implicit proxy for bean &apos;userController&apos; with 0 common interceptors and 1 specific interceptors
21:59:42.821 [main] DEBUG o.s.aop.framework.CglibAopProxy - Creating CGLIB proxy: target source is SingletonTargetSource for target object [edu.ncsu.csc.itrust2.controllers.personnel.UserController@1111bc0]
21:59:42.821 [main] DEBUG o.s.aop.framework.CglibAopProxy - Unable to apply any optimisations to advised method: public java.lang.String edu.ncsu.csc.itrust2.controllers.personnel.UserController.viewDemographics(org.springframework.ui.Model)
21:59:42.821 [main] DEBUG o.s.s.a.p.PrePostAnnotationSecurityMetadataSource - @org.springframework.security.access.prepost.PreAuthorize(value=hasRole(&apos;ROLE_HCP&apos;) or hasRole(&apos;ROLE_ADMIN&apos;)) found on specific method: public java.lang.String edu.ncsu.csc.itrust2.controllers.personnel.UserController.demographicsSubmit(edu.ncsu.csc.itrust2.forms.personnel.PersonnelForm,org.springframework.validation.BindingResult,org.springframework.ui.Model)
21:59:42.821 [main] DEBUG o.s.s.a.m.DelegatingMethodSecurityMetadataSource - Caching method [CacheKey[edu.ncsu.csc.itrust2.controllers.personnel.UserController; public java.lang.String edu.ncsu.csc.itrust2.controllers.personnel.UserController.demographicsSubmit(edu.ncsu.csc.itrust2.forms.personnel.PersonnelForm,org.springframework.validation.BindingResult,org.springframework.ui.Model)]] with attributes [[authorize: &apos;hasRole(&apos;ROLE_HCP&apos;) or hasRole(&apos;ROLE_ADMIN&apos;)&apos;, filter: &apos;null&apos;, filterTarget: &apos;null&apos;]]
21:59:42.821 [main] DEBUG o.s.aop.framework.CglibAopProxy - Unable to apply any optimisations to advised method: public java.lang.String edu.ncsu.csc.itrust2.controllers.personnel.UserController.demographicsSubmit(edu.ncsu.csc.itrust2.forms.personnel.PersonnelForm,org.springframework.validation.BindingResult,org.springframework.ui.Model)
21:59:42.821 [main] DEBUG o.s.aop.framework.CglibAopProxy - Found &apos;equals&apos; method: public boolean java.lang.Object.equals(java.lang.Object)
21:59:42.821 [main] DEBUG o.s.aop.framework.CglibAopProxy - Unable to apply any optimisations to advised method: public java.lang.String java.lang.Object.toString()
21:59:42.821 [main] DEBUG o.s.aop.framework.CglibAopProxy - Found &apos;hashCode&apos; method: public native int java.lang.Object.hashCode()
21:59:42.821 [main] DEBUG o.s.aop.framework.CglibAopProxy - Unable to apply any optimisations to advised method: protected native java.lang.Object java.lang.Object.clone() throws java.lang.CloneNotSupportedException
21:59:42.821 [main] DEBUG o.s.aop.framework.CglibAopProxy - Method is declared on Advised interface: public abstract void org.springframework.aop.framework.Advised.setTargetSource(org.springframework.aop.TargetSource)
21:59:42.821 [main] DEBUG o.s.aop.framework.CglibAopProxy - Method is declared on Advised interface: public abstract org.springframework.aop.TargetSource org.springframework.aop.framework.Advised.getTargetSource()
21:59:42.821 [main] DEBUG o.s.aop.framework.CglibAopProxy - Method is declared on Advised interface: public abstract boolean org.springframework.aop.framework.Advised.isProxyTargetClass()
21:59:42.821 [main] DEBUG o.s.aop.framework.CglibAopProxy - Method is declared on Advised interface: public abstract void org.springframework.aop.framework.Advised.addAdvisor(org.springframework.aop.Advisor) throws org.springframework.aop.framework.AopConfigException
21:59:42.821 [main] DEBUG o.s.aop.framework.CglibAopProxy - Method is declared on Advised interface: public abstract void org.springframework.aop.framework.Advised.addAdvisor(int,org.springframework.aop.Advisor) throws org.springframework.aop.framework.AopConfigException
21:59:42.821 [main] DEBUG o.s.aop.framework.CglibAopProxy - Method is declared on Advised interface: public abstract void org.springframework.aop.framework.Advised.setPreFiltered(boolean)
21:59:42.821 [main] DEBUG o.s.aop.framework.CglibAopProxy - Method is declared on Advised interface: public abstract void org.springframework.aop.framework.Advised.setExposeProxy(boolean)
21:59:42.821 [main] DEBUG o.s.aop.framework.CglibAopProxy - Method is declared on Advised interface: public abstract boolean org.springframework.aop.framework.Advised.isExposeProxy()
21:59:42.821 [main] DEBUG o.s.aop.framework.CglibAopProxy - Method is declared on Advised interface: public abstract boolean org.springframework.aop.framework.Advised.isPreFiltered()
21:59:42.821 [main] DEBUG o.s.aop.framework.CglibAopProxy - Method is declared on Advised interface: public abstract java.lang.Class[] org.springframework.aop.framework.Advised.getProxiedInterfaces()
21:59:42.821 [main] DEBUG o.s.aop.framework.CglibAopProxy - Method is declared on Advised interface: public abstract boolean org.springframework.aop.framework.Advised.isInterfaceProxied(java.lang.Class)
21:59:42.821 [main] DEBUG o.s.aop.framework.CglibAopProxy - Method is declared on Advised interface: public abstract org.springframework.aop.Advisor[] org.springframework.aop.framework.Advised.getAdvisors()
21:59:42.821 [main] DEBUG o.s.aop.framework.CglibAopProxy - Method is declared on Advised interface: public abstract void org.springframework.aop.framework.Advised.removeAdvisor(int) throws org.springframework.aop.framework.AopConfigException
21:59:42.821 [main] DEBUG o.s.aop.framework.CglibAopProxy - Method is declared on Advised interface: public abstract boolean org.springframework.aop.framework.Advised.removeAdvisor(org.springframework.aop.Advisor)
21:59:42.821 [main] DEBUG o.s.aop.framework.CglibAopProxy - Method is declared on Advised interface: public abstract boolean org.springframework.aop.framework.Advised.replaceAdvisor(org.springframework.aop.Advisor,org.springframework.aop.Advisor) throws org.springframework.aop.framework.AopConfigException
21:59:42.821 [main] DEBUG o.s.aop.framework.CglibAopProxy - Method is declared on Advised interface: public abstract boolean org.springframework.aop.framework.Advised.removeAdvice(org.aopalliance.aop.Advice)
21:59:42.821 [main] DEBUG o.s.aop.framework.CglibAopProxy - Method is declared on Advised interface: public abstract java.lang.String org.springframework.aop.framework.Advised.toProxyConfigString()
21:59:42.821 [main] DEBUG o.s.aop.framework.CglibAopProxy - Method is declared on Advised interface: public abstract void org.springframework.aop.framework.Advised.addAdvice(int,org.aopalliance.aop.Advice) throws org.springframework.aop.framework.AopConfigException
21:59:42.821 [main] DEBUG o.s.aop.framework.CglibAopProxy - Method is declared on Advised interface: public abstract void org.springframework.aop.framework.Advised.addAdvice(org.aopalliance.aop.Advice) throws org.springframework.aop.framework.AopConfigException
21:59:42.821 [main] DEBUG o.s.aop.framework.CglibAopProxy - Method is declared on Advised interface: public abstract int org.springframework.aop.framework.Advised.indexOf(org.aopalliance.aop.Advice)
21:59:42.821 [main] DEBUG o.s.aop.framework.CglibAopProxy - Method is declared on Advised interface: public abstract int org.springframework.aop.framework.Advised.indexOf(org.springframework.aop.Advisor)
21:59:42.821 [main] DEBUG o.s.aop.framework.CglibAopProxy - Method is declared on Advised interface: public abstract boolean org.springframework.aop.framework.Advised.isFrozen()
21:59:42.821 [main] DEBUG o.s.aop.framework.CglibAopProxy - Method is declared on Advised interface: public abstract java.lang.Class org.springframework.aop.TargetClassAware.getTargetClass()
21:59:42.825 [main] DEBUG o.s.b.f.s.DefaultListableBeanFactory - Finished creating instance of bean &apos;userController&apos;
21:59:42.825 [main] DEBUG o.s.b.f.s.DefaultListableBeanFactory - Returning cached instance of singleton bean &apos;dataSource&apos;
21:59:42.825 [main] DEBUG o.s.b.f.s.DefaultListableBeanFactory - Returning cached instance of singleton bean &apos;org.springframework.security.config.annotation.configuration.ObjectPostProcessorConfiguration&apos;
21:59:42.825 [main] DEBUG o.s.b.f.s.DefaultListableBeanFactory - Returning cached instance of singleton bean &apos;objectPostProcessor&apos;
21:59:42.825 [main] DEBUG o.s.b.f.s.DefaultListableBeanFactory - Returning cached instance of singleton bean &apos;org.springframework.security.config.annotation.authentication.configuration.AuthenticationConfiguration&apos;
21:59:42.825 [main] DEBUG o.s.b.f.s.DefaultListableBeanFactory - Returning cached instance of singleton bean &apos;authenticationManagerBuilder&apos;
21:59:42.825 [main] DEBUG o.s.b.f.s.DefaultListableBeanFactory - Returning cached instance of singleton bean &apos;enableGlobalAuthenticationAutowiredConfigurer&apos;
21:59:42.825 [main] DEBUG o.s.b.f.s.DefaultListableBeanFactory - Returning cached instance of singleton bean &apos;initializeUserDetailsBeanManagerConfigurer&apos;
21:59:42.825 [main] DEBUG o.s.b.f.s.DefaultListableBeanFactory - Returning cached instance of singleton bean &apos;initializeAuthenticationProviderBeanManagerConfigurer&apos;
21:59:42.825 [main] DEBUG o.s.b.f.s.DefaultListableBeanFactory - Creating shared instance of singleton bean &apos;org.springframework.security.config.annotation.web.configuration.WebSecurityConfiguration&apos;
21:59:42.825 [main] DEBUG o.s.b.f.s.DefaultListableBeanFactory - Creating instance of bean &apos;org.springframework.security.config.annotation.web.configuration.WebSecurityConfiguration&apos;
21:59:42.827 [main] DEBUG o.s.b.f.annotation.InjectionMetadata - Registered injected element on class [org.springframework.security.config.annotation.web.configuration.WebSecurityConfiguration$$EnhancerBySpringCGLIB$$150881e6]: AutowiredFieldElement for private org.springframework.security.config.annotation.ObjectPostProcessor org.springframework.security.config.annotation.web.configuration.WebSecurityConfiguration.objectObjectPostProcessor
21:59:42.827 [main] DEBUG o.s.b.f.annotation.InjectionMetadata - Registered injected element on class [org.springframework.security.config.annotation.web.configuration.WebSecurityConfiguration$$EnhancerBySpringCGLIB$$150881e6]: AutowiredMethodElement for public void org.springframework.security.config.annotation.web.configuration.WebSecurityConfiguration.setFilterChainProxySecurityConfigurer(org.springframework.security.config.annotation.ObjectPostProcessor,java.util.List) throws java.lang.Exception
21:59:42.827 [main] DEBUG o.s.b.f.s.DefaultListableBeanFactory - Eagerly caching bean &apos;org.springframework.security.config.annotation.web.configuration.WebSecurityConfiguration&apos; to allow for resolving potential circular references
21:59:42.827 [main] DEBUG o.s.b.f.annotation.InjectionMetadata - Processing injected element of bean &apos;org.springframework.security.config.annotation.web.configuration.WebSecurityConfiguration&apos;: AutowiredFieldElement for private org.springframework.security.config.annotation.ObjectPostProcessor org.springframework.security.config.annotation.web.configuration.WebSecurityConfiguration.objectObjectPostProcessor
21:59:42.827 [main] DEBUG o.s.b.f.s.DefaultListableBeanFactory - Returning cached instance of singleton bean &apos;objectPostProcessor&apos;
21:59:42.827 [main] DEBUG o.s.b.f.a.AutowiredAnnotationBeanPostProcessor - Autowiring by type from bean name &apos;org.springframework.security.config.annotation.web.configuration.WebSecurityConfiguration&apos; to bean named &apos;objectPostProcessor&apos;
21:59:42.827 [main] DEBUG o.s.b.f.annotation.InjectionMetadata - Processing injected element of bean &apos;org.springframework.security.config.annotation.web.configuration.WebSecurityConfiguration&apos;: AutowiredMethodElement for public void org.springframework.security.config.annotation.web.configuration.WebSecurityConfiguration.setFilterChainProxySecurityConfigurer(org.springframework.security.config.annotation.ObjectPostProcessor,java.util.List) throws java.lang.Exception
21:59:42.827 [main] DEBUG o.s.b.f.s.DefaultListableBeanFactory - Returning cached instance of singleton bean &apos;objectPostProcessor&apos;
21:59:42.827 [main] DEBUG o.s.b.f.s.DefaultListableBeanFactory - Creating shared instance of singleton bean &apos;autowiredWebSecurityConfigurersIgnoreParents&apos;
21:59:42.827 [main] DEBUG o.s.b.f.s.DefaultListableBeanFactory - Creating instance of bean &apos;autowiredWebSecurityConfigurersIgnoreParents&apos;
21:59:42.827 [main] DEBUG o.s.b.f.s.DefaultListableBeanFactory - Returning cached instance of singleton bean &apos;metaDataSourceAdvisor&apos;
21:59:42.828 [main] DEBUG o.s.b.f.s.DefaultListableBeanFactory - Returning eagerly cached instance of singleton bean &apos;org.springframework.security.config.annotation.web.configuration.WebSecurityConfiguration&apos; that is not fully initialized yet - a consequence of a circular reference
21:59:42.829 [main] DEBUG o.s.b.f.s.DefaultListableBeanFactory - Autowiring by type from bean name &apos;autowiredWebSecurityConfigurersIgnoreParents&apos; via factory method to bean named &apos;org.springframework.beans.factory.support.DefaultListableBeanFactory@3f02662&apos;
21:59:42.829 [main] DEBUG o.s.b.f.s.DefaultListableBeanFactory - Eagerly caching bean &apos;autowiredWebSecurityConfigurersIgnoreParents&apos; to allow for resolving potential circular references
21:59:42.829 [main] DEBUG o.s.b.f.s.DefaultListableBeanFactory - Returning cached instance of singleton bean &apos;metaDataSourceAdvisor&apos;
21:59:42.829 [main] DEBUG o.s.b.f.s.DefaultListableBeanFactory - Finished creating instance of bean &apos;autowiredWebSecurityConfigurersIgnoreParents&apos;
21:59:42.829 [main] DEBUG o.s.b.f.s.DefaultListableBeanFactory - Returning cached instance of singleton bean &apos;securityConfig&apos;
21:59:42.829 [main] DEBUG o.s.b.f.a.AutowiredAnnotationBeanPostProcessor - Autowiring by type from bean name &apos;org.springframework.security.config.annotation.web.configuration.WebSecurityConfiguration&apos; to bean named &apos;objectPostProcessor&apos;
21:59:42.829 [main] DEBUG o.s.b.f.s.DefaultListableBeanFactory - Returning cached instance of singleton bean &apos;metaDataSourceAdvisor&apos;
21:59:42.832 [main] DEBUG o.s.b.f.s.DefaultListableBeanFactory - Returning cached instance of singleton bean &apos;org.springframework.context.annotation.ConfigurationClassPostProcessor.importRegistry&apos;
21:59:42.833 [main] DEBUG o.s.b.f.s.DefaultListableBeanFactory - Finished creating instance of bean &apos;org.springframework.security.config.annotation.web.configuration.WebSecurityConfiguration&apos;
21:59:42.833 [main] DEBUG o.s.b.f.s.DefaultListableBeanFactory - Creating shared instance of singleton bean &apos;delegatingApplicationListener&apos;
21:59:42.833 [main] DEBUG o.s.b.f.s.DefaultListableBeanFactory - Creating instance of bean &apos;delegatingApplicationListener&apos;
21:59:42.833 [main] DEBUG o.s.b.f.s.DefaultListableBeanFactory - Eagerly caching bean &apos;delegatingApplicationListener&apos; to allow for resolving potential circular references
21:59:42.833 [main] DEBUG o.s.b.f.s.DefaultListableBeanFactory - Returning cached instance of singleton bean &apos;metaDataSourceAdvisor&apos;
21:59:42.833 [main] DEBUG o.s.b.f.s.DefaultListableBeanFactory - Finished creating instance of bean &apos;delegatingApplicationListener&apos;
21:59:42.833 [main] DEBUG o.s.b.f.s.DefaultListableBeanFactory - Creating shared instance of singleton bean &apos;springSecurityFilterChain&apos;
21:59:42.833 [main] DEBUG o.s.b.f.s.DefaultListableBeanFactory - Creating instance of bean &apos;springSecurityFilterChain&apos;
21:59:42.833 [main] DEBUG o.s.b.f.s.DefaultListableBeanFactory - Returning cached instance of singleton bean &apos;org.springframework.security.config.annotation.web.configuration.WebSecurityConfiguration&apos;
21:59:42.833 [main] DEBUG o.s.b.f.s.DefaultListableBeanFactory - Returning cached instance of singleton bean &apos;metaDataSourceAdvisor&apos;
21:59:42.834 [main] DEBUG o.s.b.f.s.DefaultListableBeanFactory - Returning cached instance of singleton bean &apos;webMvcConfiguration&apos;
21:59:42.834 [main] DEBUG o.s.b.f.s.DefaultListableBeanFactory - Returning cached instance of singleton bean &apos;securityConfig&apos;
21:59:42.834 [main] DEBUG o.s.s.c.a.a.c.AuthenticationConfiguration$EnableGlobalAuthenticationAutowiredConfigurer - Eagerly initializing {webMvcConfiguration=edu.ncsu.csc.itrust2.mvc.config.WebMvcConfiguration$$EnhancerBySpringCGLIB$$de7b09d5@3214f67, securityConfig=edu.ncsu.csc.itrust2.config.SecurityConfig$$EnhancerBySpringCGLIB$$f88fd361@6dc9919c}
21:59:42.834 [main] DEBUG o.s.b.f.s.DefaultListableBeanFactory - Invoking afterPropertiesSet() on bean with name &apos;org.springframework.security.authentication.dao.DaoAuthenticationProvider@68ef4495&apos;
21:59:42.834 [main] DEBUG o.s.b.f.s.DefaultListableBeanFactory - Returning cached instance of singleton bean &apos;metaDataSourceAdvisor&apos;
21:59:42.836 [main] DEBUG o.s.b.f.s.DefaultListableBeanFactory - Invoking afterPropertiesSet() on bean with name &apos;org.springframework.security.authentication.ProviderManager@2a48b0eb&apos;
21:59:42.836 [main] DEBUG o.s.b.f.s.DefaultListableBeanFactory - Returning cached instance of singleton bean &apos;metaDataSourceAdvisor&apos;
21:59:42.837 [main] DEBUG o.s.b.f.s.DefaultListableBeanFactory - Returning cached instance of singleton bean &apos;authenticationManagerBuilder&apos;
21:59:42.837 [main] DEBUG o.s.w.c.s.StandardServletEnvironment - Adding [servletConfigInitParams] PropertySource with lowest search precedence
21:59:42.837 [main] DEBUG o.s.w.c.s.StandardServletEnvironment - Adding [servletContextInitParams] PropertySource with lowest search precedence
21:59:42.837 [main] DEBUG o.s.w.c.s.StandardServletEnvironment - Adding [systemProperties] PropertySource with lowest search precedence
21:59:42.837 [main] DEBUG o.s.w.c.s.StandardServletEnvironment - Adding [systemEnvironment] PropertySource with lowest search precedence
21:59:42.837 [main] DEBUG o.s.w.c.s.StandardServletEnvironment - Initialized StandardServletEnvironment with PropertySources [servletConfigInitParams,servletContextInitParams,systemProperties,systemEnvironment]
21:59:42.837 [main] DEBUG o.s.w.c.s.StandardServletEnvironment - Adding [servletConfigInitParams] PropertySource with lowest search precedence
21:59:42.837 [main] DEBUG o.s.w.c.s.StandardServletEnvironment - Adding [servletContextInitParams] PropertySource with lowest search precedence
21:59:42.837 [main] DEBUG o.s.w.c.s.StandardServletEnvironment - Adding [systemProperties] PropertySource with lowest search precedence
21:59:42.837 [main] DEBUG o.s.w.c.s.StandardServletEnvironment - Adding [systemEnvironment] PropertySource with lowest search precedence
21:59:42.837 [main] DEBUG o.s.w.c.s.StandardServletEnvironment - Initialized StandardServletEnvironment with PropertySources [servletConfigInitParams,servletContextInitParams,systemProperties,systemEnvironment]
21:59:42.838 [main] DEBUG o.s.w.c.s.StandardServletEnvironment - Adding [servletConfigInitParams] PropertySource with lowest search precedence
21:59:42.838 [main] DEBUG o.s.w.c.s.StandardServletEnvironment - Adding [servletContextInitParams] PropertySource with lowest search precedence
21:59:42.838 [main] DEBUG o.s.w.c.s.StandardServletEnvironment - Adding [systemProperties] PropertySource with lowest search precedence
21:59:42.838 [main] DEBUG o.s.w.c.s.StandardServletEnvironment - Adding [systemEnvironment] PropertySource with lowest search precedence
21:59:42.838 [main] DEBUG o.s.w.c.s.StandardServletEnvironment - Initialized StandardServletEnvironment with PropertySources [servletConfigInitParams,servletContextInitParams,systemProperties,systemEnvironment]
21:59:42.838 [main] DEBUG o.s.b.f.s.DefaultListableBeanFactory - Creating shared instance of singleton bean &apos;ipBlockFilter&apos;
21:59:42.838 [main] DEBUG o.s.b.f.s.DefaultListableBeanFactory - Creating instance of bean &apos;ipBlockFilter&apos;
21:59:42.838 [main] DEBUG o.s.b.f.s.DefaultListableBeanFactory - Returning cached instance of singleton bean &apos;securityConfig&apos;
21:59:42.838 [main] DEBUG o.s.w.c.s.StandardServletEnvironment - Adding [servletConfigInitParams] PropertySource with lowest search precedence
21:59:42.838 [main] DEBUG o.s.w.c.s.StandardServletEnvironment - Adding [servletContextInitParams] PropertySource with lowest search precedence
21:59:42.838 [main] DEBUG o.s.w.c.s.StandardServletEnvironment - Adding [systemProperties] PropertySource with lowest search precedence
21:59:42.839 [main] DEBUG o.s.w.c.s.StandardServletEnvironment - Adding [systemEnvironment] PropertySource with lowest search precedence
21:59:42.839 [main] DEBUG o.s.w.c.s.StandardServletEnvironment - Initialized StandardServletEnvironment with PropertySources [servletConfigInitParams,servletContextInitParams,systemProperties,systemEnvironment]
21:59:42.839 [main] DEBUG o.s.b.f.s.DefaultListableBeanFactory - Eagerly caching bean &apos;ipBlockFilter&apos; to allow for resolving potential circular references
21:59:42.841 [main] DEBUG o.s.b.f.s.DefaultListableBeanFactory - Invoking afterPropertiesSet() on bean with name &apos;ipBlockFilter&apos;
21:59:42.841 [main] DEBUG o.s.b.f.s.DefaultListableBeanFactory - Returning cached instance of singleton bean &apos;metaDataSourceAdvisor&apos;
21:59:42.841 [main] DEBUG o.s.b.f.s.DefaultListableBeanFactory - Finished creating instance of bean &apos;ipBlockFilter&apos;
21:59:42.841 [main] DEBUG o.s.w.c.s.StandardServletEnvironment - Adding [servletConfigInitParams] PropertySource with lowest search precedence
21:59:42.841 [main] DEBUG o.s.w.c.s.StandardServletEnvironment - Adding [servletContextInitParams] PropertySource with lowest search precedence
21:59:42.841 [main] DEBUG o.s.w.c.s.StandardServletEnvironment - Adding [systemProperties] PropertySource with lowest search precedence
21:59:42.841 [main] DEBUG o.s.w.c.s.StandardServletEnvironment - Adding [systemEnvironment] PropertySource with lowest search precedence
21:59:42.841 [main] DEBUG o.s.w.c.s.StandardServletEnvironment - Initialized StandardServletEnvironment with PropertySources [servletConfigInitParams,servletContextInitParams,systemProperties,systemEnvironment]
21:59:42.841 [main] DEBUG o.s.b.f.s.DefaultListableBeanFactory - Retrieved dependent beans for bean &apos;springSecurityFilterChain&apos;: [webSecurityExpressionHandler]
21:59:42.841 [main] WARN  o.s.w.c.s.GenericWebApplicationContext - Exception encountered during context initialization - cancelling refresh attempt: org.springframework.beans.factory.BeanCreationException: Error creating bean with name &apos;springSecurityFilterChain&apos; defined in class path resource [org/springframework/security/config/annotation/web/configuration/WebSecurityConfiguration.class]: Bean instantiation via factory method failed; nested exception is org.springframework.beans.BeanInstantiationException: Failed to instantiate [javax.servlet.Filter]: Factory method &apos;springSecurityFilterChain&apos; threw exception; nested exception is java.lang.IllegalArgumentException: &apos;Savings Account?error&apos; is not a valid redirect URL
21:59:42.841 [main] DEBUG o.s.b.f.s.DefaultListableBeanFactory - Destroying singletons in org.springframework.beans.factory.support.DefaultListableBeanFactory@3f02662: defining beans [org.springframework.context.annotation.internalConfigurationAnnotationProcessor,org.springframework.context.annotation.internalAutowiredAnnotationProcessor,org.springframework.context.annotation.internalRequiredAnnotationProcessor,org.springframework.context.annotation.internalCommonAnnotationProcessor,org.springframework.context.annotation.internalPersistenceAnnotationProcessor,org.springframework.context.event.internalEventListenerProcessor,org.springframework.context.event.internalEventListenerFactory,rootConfiguration,webMvcConfiguration,dataConfiguration,loginAuditingListener,securityConfig,defaultController,adminController,adminUserController,hospitalController,ICDCodesController,APIAppointmentRequestController,APIDiagnosisController,APIDrugController,APIEnumController,APIHospitalController,APIICDCodeController,APILogEntryController,APIOfficeVisitController,APIPasswordController,APIPatientController,APIPersonnelController,APIPrescriptionController,APIUserController,appointmentControllerHCP,HCPController,officeVisitController,appointmentController,diagnosesController,patientController,passwordController,userController,dataSource,org.springframework.security.config.annotation.configuration.ObjectPostProcessorConfiguration,objectPostProcessor,org.springframework.security.config.annotation.authentication.configuration.AuthenticationConfiguration,authenticationManagerBuilder,enableGlobalAuthenticationAutowiredConfigurer,initializeUserDetailsBeanManagerConfigurer,initializeAuthenticationProviderBeanManagerConfigurer,org.springframework.security.config.annotation.web.configuration.WebSecurityConfiguration,delegatingApplicationListener,webSecurityExpressionHandler,springSecurityFilterChain,privilegeEvaluator,autowiredWebSecurityConfigurersIgnoreParents,org.springframework.security.config.annotation.web.configuration.WebMvcSecurityConfiguration,requestDataValueProcessor,passwordEncoder,defaultAuthenticationEventPublisher,failureHandler,ipBlockFilter,org.springframework.web.servlet.config.annotation.DelegatingWebMvcConfiguration,mvcConversionService,requestMappingHandlerMapping,mvcPathMatcher,mvcUrlPathHelper,mvcContentNegotiationManager,viewControllerHandlerMapping,beanNameHandlerMapping,resourceHandlerMapping,mvcResourceUrlProvider,defaultServletHandlerMapping,requestMappingHandlerAdapter,mvcValidator,mvcUriComponentsContributor,httpRequestHandlerAdapter,simpleControllerHandlerAdapter,handlerExceptionResolver,mvcViewResolver,org.springframework.security.config.annotation.method.configuration.GlobalMethodSecurityConfiguration,methodSecurityInterceptor,methodSecurityMetadataSource,preInvocationAuthorizationAdvice,viewResolver,templateEngine,domainClassConverter,metaDataSourceAdvisor,org.springframework.aop.config.internalAutoProxyCreator]; root of factory hierarchy
21:59:42.842 [main] DEBUG o.s.b.f.s.DisposableBeanAdapter - Invoking destroy() on bean with name &apos;ipBlockFilter&apos;
21:59:42.842 [main] DEBUG o.s.b.f.s.DefaultListableBeanFactory - Retrieved dependent beans for bean &apos;objectPostProcessor&apos;: [org.springframework.security.config.annotation.method.configuration.GlobalMethodSecurityConfiguration, securityConfig, org.springframework.security.config.annotation.authentication.configuration.AuthenticationConfiguration, authenticationManagerBuilder, org.springframework.security.config.annotation.web.configuration.WebSecurityConfiguration]
21:59:42.842 [main] DEBUG o.s.b.f.s.DisposableBeanAdapter - Invoking destroy() on bean with name &apos;objectPostProcessor&apos;
21:59:42.843 [main] ERROR o.s.test.context.TestContextManager - Caught exception while allowing TestExecutionListener [org.springframework.test.context.web.ServletTestExecutionListener@451d8fb3] to prepare test instance [edu.ncsu.csc.itrust2.apitest.APILogEntryTest@6b2c2eef]
java.lang.IllegalStateException: Failed to load ApplicationContext
	at org.springframework.test.context.cache.DefaultCacheAwareContextLoaderDelegate.loadContext(DefaultCacheAwareContextLoaderDelegate.java:124) ~[spring-test-4.3.5.RELEASE.jar:4.3.5.RELEASE]
	at org.springframework.test.context.support.DefaultTestContext.getApplicationContext(DefaultTestContext.java:83) ~[spring-test-4.3.5.RELEASE.jar:4.3.5.RELEASE]
	at org.springframework.test.context.web.ServletTestExecutionListener.setUpRequestContextIfNecessary(ServletTestExecutionListener.java:189) ~[spring-test-4.3.5.RELEASE.jar:4.3.5.RELEASE]
	at org.springframework.test.context.web.ServletTestExecutionListener.prepareTestInstance(ServletTestExecutionListener.java:131) ~[spring-test-4.3.5.RELEASE.jar:4.3.5.RELEASE]
	at org.springframework.test.context.TestContextManager.prepareTestInstance(TestContextManager.java:230) ~[spring-test-4.3.5.RELEASE.jar:4.3.5.RELEASE]
	at org.springframework.test.context.junit4.SpringJUnit4ClassRunner.createTest(SpringJUnit4ClassRunner.java:228) [spring-test-4.3.5.RELEASE.jar:4.3.5.RELEASE]
	at org.springframework.test.context.junit4.SpringJUnit4ClassRunner$1.runReflectiveCall(SpringJUnit4ClassRunner.java:287) [spring-test-4.3.5.RELEASE.jar:4.3.5.RELEASE]
	at org.junit.internal.runners.model.ReflectiveCallable.run(ReflectiveCallable.java:12) [junit-4.12.jar:4.12]
	at org.springframework.test.context.junit4.SpringJUnit4ClassRunner.methodBlock(SpringJUnit4ClassRunner.java:289) [spring-test-4.3.5.RELEASE.jar:4.3.5.RELEASE]
	at org.springframework.test.context.junit4.SpringJUnit4ClassRunner.runChild(SpringJUnit4ClassRunner.java:247) [spring-test-4.3.5.RELEASE.jar:4.3.5.RELEASE]
	at org.springframework.test.context.junit4.SpringJUnit4ClassRunner.runChild(SpringJUnit4ClassRunner.java:94) [spring-test-4.3.5.RELEASE.jar:4.3.5.RELEASE]
	at org.junit.runners.ParentRunner$3.run(ParentRunner.java:290) [junit-4.12.jar:4.12]
	at org.junit.runners.ParentRunner$1.schedule(ParentRunner.java:71) [junit-4.12.jar:4.12]
	at org.junit.runners.ParentRunner.runChildren(ParentRunner.java:288) [junit-4.12.jar:4.12]
	at org.junit.runners.ParentRunner.access$000(ParentRunner.java:58) [junit-4.12.jar:4.12]
	at org.junit.runners.ParentRunner$2.evaluate(ParentRunner.java:268) [junit-4.12.jar:4.12]
	at org.springframework.test.context.junit4.statements.RunBeforeTestClassCallbacks.evaluate(RunBeforeTestClassCallbacks.java:61) [spring-test-4.3.5.RELEASE.jar:4.3.5.RELEASE]
	at org.springframework.test.context.junit4.statements.RunAfterTestClassCallbacks.evaluate(RunAfterTestClassCallbacks.java:70) [spring-test-4.3.5.RELEASE.jar:4.3.5.RELEASE]
	at org.junit.runners.ParentRunner.run(ParentRunner.java:363) [junit-4.12.jar:4.12]
	at org.springframework.test.context.junit4.SpringJUnit4ClassRunner.run(SpringJUnit4ClassRunner.java:191) [spring-test-4.3.5.RELEASE.jar:4.3.5.RELEASE]
	at org.apache.maven.surefire.junit4.JUnit4Provider.execute(JUnit4Provider.java:365) [surefire-junit4-2.20.jar:2.20]
	at org.apache.maven.surefire.junit4.JUnit4Provider.executeWithRerun(JUnit4Provider.java:272) [surefire-junit4-2.20.jar:2.20]
	at org.apache.maven.surefire.junit4.JUnit4Provider.executeTestSet(JUnit4Provider.java:236) [surefire-junit4-2.20.jar:2.20]
	at org.apache.maven.surefire.junit4.JUnit4Provider.invoke(JUnit4Provider.java:159) [surefire-junit4-2.20.jar:2.20]
	at org.apache.maven.surefire.booter.ForkedBooter.invokeProviderInSameClassLoader(ForkedBooter.java:386) [surefire-booter-2.20.jar:2.20]
	at org.apache.maven.surefire.booter.ForkedBooter.runSuitesInProcess(ForkedBooter.java:323) [surefire-booter-2.20.jar:2.20]
	at org.apache.maven.surefire.booter.ForkedBooter.main(ForkedBooter.java:143) [surefire-booter-2.20.jar:2.20]
Caused by: org.springframework.beans.factory.BeanCreationException: Error creating bean with name &apos;springSecurityFilterChain&apos; defined in class path resource [org/springframework/security/config/annotation/web/configuration/WebSecurityConfiguration.class]: Bean instantiation via factory method failed; nested exception is org.springframework.beans.BeanInstantiationException: Failed to instantiate [javax.servlet.Filter]: Factory method &apos;springSecurityFilterChain&apos; threw exception; nested exception is java.lang.IllegalArgumentException: &apos;Savings Account?error&apos; is not a valid redirect URL
	at org.springframework.beans.factory.support.ConstructorResolver.instantiateUsingFactoryMethod(ConstructorResolver.java:599) ~[spring-beans-4.3.5.RELEASE.jar:4.3.5.RELEASE]
	at org.springframework.beans.factory.support.AbstractAutowireCapableBeanFactory.instantiateUsingFactoryMethod(AbstractAutowireCapableBeanFactory.java:1134) ~[spring-beans-4.3.5.RELEASE.jar:4.3.5.RELEASE]
	at org.springframework.beans.factory.support.AbstractAutowireCapableBeanFactory.createBeanInstance(AbstractAutowireCapableBeanFactory.java:1028) ~[spring-beans-4.3.5.RELEASE.jar:4.3.5.RELEASE]
	at org.springframework.beans.factory.support.AbstractAutowireCapableBeanFactory.doCreateBean(AbstractAutowireCapableBeanFactory.java:513) ~[spring-beans-4.3.5.RELEASE.jar:4.3.5.RELEASE]
	at org.springframework.beans.factory.support.AbstractAutowireCapableBeanFactory.createBean(AbstractAutowireCapableBeanFactory.java:483) ~[spring-beans-4.3.5.RELEASE.jar:4.3.5.RELEASE]
	at org.springframework.beans.factory.support.AbstractBeanFactory$1.getObject(AbstractBeanFactory.java:306) ~[spring-beans-4.3.5.RELEASE.jar:4.3.5.RELEASE]
	at org.springframework.beans.factory.support.DefaultSingletonBeanRegistry.getSingleton(DefaultSingletonBeanRegistry.java:230) ~[spring-beans-4.3.5.RELEASE.jar:4.3.5.RELEASE]
	at org.springframework.beans.factory.support.AbstractBeanFactory.doGetBean(AbstractBeanFactory.java:302) ~[spring-beans-4.3.5.RELEASE.jar:4.3.5.RELEASE]
	at org.springframework.beans.factory.support.AbstractBeanFactory.getBean(AbstractBeanFactory.java:197) ~[spring-beans-4.3.5.RELEASE.jar:4.3.5.RELEASE]
	at org.springframework.beans.factory.support.AbstractBeanFactory.doGetBean(AbstractBeanFactory.java:296) ~[spring-beans-4.3.5.RELEASE.jar:4.3.5.RELEASE]
	at org.springframework.beans.factory.support.AbstractBeanFactory.getBean(AbstractBeanFactory.java:197) ~[spring-beans-4.3.5.RELEASE.jar:4.3.5.RELEASE]
	at org.springframework.beans.factory.support.DefaultListableBeanFactory.preInstantiateSingletons(DefaultListableBeanFactory.java:759) ~[spring-beans-4.3.5.RELEASE.jar:4.3.5.RELEASE]
	at org.springframework.context.support.AbstractApplicationContext.finishBeanFactoryInitialization(AbstractApplicationContext.java:866) ~[spring-context-4.3.5.RELEASE.jar:4.3.5.RELEASE]
	at org.springframework.context.support.AbstractApplicationContext.refresh(AbstractApplicationContext.java:542) ~[spring-context-4.3.5.RELEASE.jar:4.3.5.RELEASE]
	at org.springframework.test.context.web.AbstractGenericWebContextLoader.loadContext(AbstractGenericWebContextLoader.java:134) ~[spring-test-4.3.5.RELEASE.jar:4.3.5.RELEASE]
	at org.springframework.test.context.web.AbstractGenericWebContextLoader.loadContext(AbstractGenericWebContextLoader.java:61) ~[spring-test-4.3.5.RELEASE.jar:4.3.5.RELEASE]
	at org.springframework.test.context.support.AbstractDelegatingSmartContextLoader.delegateLoading(AbstractDelegatingSmartContextLoader.java:108) ~[spring-test-4.3.5.RELEASE.jar:4.3.5.RELEASE]
	at org.springframework.test.context.support.AbstractDelegatingSmartContextLoader.loadContext(AbstractDelegatingSmartContextLoader.java:251) ~[spring-test-4.3.5.RELEASE.jar:4.3.5.RELEASE]
	at org.springframework.test.context.cache.DefaultCacheAwareContextLoaderDelegate.loadContextInternal(DefaultCacheAwareContextLoaderDelegate.java:98) ~[spring-test-4.3.5.RELEASE.jar:4.3.5.RELEASE]
	at org.springframework.test.context.cache.DefaultCacheAwareContextLoaderDelegate.loadContext(DefaultCacheAwareContextLoaderDelegate.java:116) ~[spring-test-4.3.5.RELEASE.jar:4.3.5.RELEASE]
	... 26 common frames omitted
Caused by: org.springframework.beans.BeanInstantiationException: Failed to instantiate [javax.servlet.Filter]: Factory method &apos;springSecurityFilterChain&apos; threw exception; nested exception is java.lang.IllegalArgumentException: &apos;Savings Account?error&apos; is not a valid redirect URL
	at org.springframework.beans.factory.support.SimpleInstantiationStrategy.instantiate(SimpleInstantiationStrategy.java:189) ~[spring-beans-4.3.5.RELEASE.jar:4.3.5.RELEASE]
	at org.springframework.beans.factory.support.ConstructorResolver.instantiateUsingFactoryMethod(ConstructorResolver.java:588) ~[spring-beans-4.3.5.RELEASE.jar:4.3.5.RELEASE]
	... 45 common frames omitted
Caused by: java.lang.IllegalArgumentException: &apos;Savings Account?error&apos; is not a valid redirect URL
	at org.springframework.util.Assert.isTrue(Assert.java:68) ~[spring-core-4.3.5.RELEASE.jar:4.3.5.RELEASE]
	at org.springframework.security.web.authentication.SimpleUrlAuthenticationFailureHandler.setDefaultFailureUrl(SimpleUrlAuthenticationFailureHandler.java:125) ~[spring-security-web-4.2.2.RELEASE.jar:4.2.2.RELEASE]
	at org.springframework.security.web.authentication.SimpleUrlAuthenticationFailureHandler.&lt;init&gt;(SimpleUrlAuthenticationFailureHandler.java:60) ~[spring-security-web-4.2.2.RELEASE.jar:4.2.2.RELEASE]
	at org.springframework.security.config.annotation.web.configurers.AbstractAuthenticationFilterConfigurer.failureUrl(AbstractAuthenticationFilterConfigurer.java:206) ~[spring-security-config-4.2.2.RELEASE.jar:4.2.2.RELEASE]
	at org.springframework.security.config.annotation.web.configurers.AbstractAuthenticationFilterConfigurer.updateAuthenticationDefaults(AbstractAuthenticationFilterConfigurer.java:368) ~[spring-security-config-4.2.2.RELEASE.jar:4.2.2.RELEASE]
	at org.springframework.security.config.annotation.web.configurers.AbstractAuthenticationFilterConfigurer.loginPage(AbstractAuthenticationFilterConfigurer.java:308) ~[spring-security-config-4.2.2.RELEASE.jar:4.2.2.RELEASE]
	at org.springframework.security.config.annotation.web.configurers.FormLoginConfigurer.loginPage(FormLoginConfigurer.java:183) ~[spring-security-config-4.2.2.RELEASE.jar:4.2.2.RELEASE]
	at edu.ncsu.csc.itrust2.config.SecurityConfig.configure(SecurityConfig.java:89) ~[classes/:na]
	at org.springframework.security.config.annotation.web.configuration.WebSecurityConfigurerAdapter.getHttp(WebSecurityConfigurerAdapter.java:224) ~[spring-security-config-4.2.2.RELEASE.jar:4.2.2.RELEASE]
	at org.springframework.security.config.annotation.web.configuration.WebSecurityConfigurerAdapter.init(WebSecurityConfigurerAdapter.java:315) ~[spring-security-config-4.2.2.RELEASE.jar:4.2.2.RELEASE]
	at org.springframework.security.config.annotation.web.configuration.WebSecurityConfigurerAdapter.init(WebSecurityConfigurerAdapter.java:86) ~[spring-security-config-4.2.2.RELEASE.jar:4.2.2.RELEASE]
	at edu.ncsu.csc.itrust2.config.SecurityConfig$$EnhancerBySpringCGLIB$$f88fd361.init(&lt;generated&gt;) ~[classes/:na]
	at org.springframework.security.config.annotation.AbstractConfiguredSecurityBuilder.init(AbstractConfiguredSecurityBuilder.java:371) ~[spring-security-config-4.2.2.RELEASE.jar:4.2.2.RELEASE]
	at org.springframework.security.config.annotation.AbstractConfiguredSecurityBuilder.doBuild(AbstractConfiguredSecurityBuilder.java:325) ~[spring-security-config-4.2.2.RELEASE.jar:4.2.2.RELEASE]
	at org.springframework.security.config.annotation.AbstractSecurityBuilder.build(AbstractSecurityBuilder.java:41) ~[spring-security-config-4.2.2.RELEASE.jar:4.2.2.RELEASE]
	at org.springframework.security.config.annotation.web.configuration.WebSecurityConfiguration.springSecurityFilterChain(WebSecurityConfiguration.java:104) ~[spring-security-config-4.2.2.RELEASE.jar:4.2.2.RELEASE]
	at org.springframework.security.config.annotation.web.configuration.WebSecurityConfiguration$$EnhancerBySpringCGLIB$$150881e6.CGLIB$springSecurityFilterChain$4(&lt;generated&gt;) ~[spring-security-config-4.2.2.RELEASE.jar:4.2.2.RELEASE]
	at org.springframework.security.config.annotation.web.configuration.WebSecurityConfiguration$$EnhancerBySpringCGLIB$$150881e6$$FastClassBySpringCGLIB$$f9839e81.invoke(&lt;generated&gt;) ~[spring-security-config-4.2.2.RELEASE.jar:4.2.2.RELEASE]
	at org.springframework.cglib.proxy.MethodProxy.invokeSuper(MethodProxy.java:228) ~[spring-core-4.3.5.RELEASE.jar:4.3.5.RELEASE]
	at org.springframework.context.annotation.ConfigurationClassEnhancer$BeanMethodInterceptor.intercept(ConfigurationClassEnhancer.java:356) ~[spring-context-4.3.5.RELEASE.jar:4.3.5.RELEASE]
	at org.springframework.security.config.annotation.web.configuration.WebSecurityConfiguration$$EnhancerBySpringCGLIB$$150881e6.springSecurityFilterChain(&lt;generated&gt;) ~[spring-security-config-4.2.2.RELEASE.jar:4.2.2.RELEASE]
	at sun.reflect.GeneratedMethodAccessor103.invoke(Unknown Source) ~[na:na]
	at sun.reflect.DelegatingMethodAccessorImpl.invoke(DelegatingMethodAccessorImpl.java:43) ~[na:1.8.0_151]
	at java.lang.reflect.Method.invoke(Method.java:498) ~[na:1.8.0_151]
	at org.springframework.beans.factory.support.SimpleInstantiationStrategy.instantiate(SimpleInstantiationStrategy.java:162) ~[spring-beans-4.3.5.RELEASE.jar:4.3.5.RELEASE]
	... 46 common frames omitted
</stdout>
          <failedSince>1</failedSince>
        </case>
      </cases>
    </suite>
    <suite>
      <file>/var/lib/jenkins/jobs/iTrust_Fuzzer/workspace/iTrust2/target/surefire-reports/TEST-edu.ncsu.csc.itrust2.apitest.APIOfficeVisitTest.xml</file>
      <name>edu.ncsu.csc.itrust2.apitest.APIOfficeVisitTest</name>
      <duration>0.035</duration>
      <time>0.035</time>
      <enclosingBlocks/>
      <enclosingBlockNames/>
      <cases>
        <case>
          <duration>0.0</duration>
          <className>edu.ncsu.csc.itrust2.apitest.APIOfficeVisitTest</className>
          <testName>testDeleteNonExistentOfficeVisit</testName>
          <skipped>false</skipped>
          <errorStackTrace>java.lang.IllegalStateException: Failed to load ApplicationContext
Caused by: org.springframework.beans.factory.BeanCreationException: Error creating bean with name &apos;springSecurityFilterChain&apos; defined in class path resource [org/springframework/security/config/annotation/web/configuration/WebSecurityConfiguration.class]: Bean instantiation via factory method failed; nested exception is org.springframework.beans.BeanInstantiationException: Failed to instantiate [javax.servlet.Filter]: Factory method &apos;springSecurityFilterChain&apos; threw exception; nested exception is java.lang.IllegalArgumentException: &apos;Savings Account?error&apos; is not a valid redirect URL
Caused by: org.springframework.beans.BeanInstantiationException: Failed to instantiate [javax.servlet.Filter]: Factory method &apos;springSecurityFilterChain&apos; threw exception; nested exception is java.lang.IllegalArgumentException: &apos;Savings Account?error&apos; is not a valid redirect URL
Caused by: java.lang.IllegalArgumentException: &apos;Savings Account?error&apos; is not a valid redirect URL
</errorStackTrace>
          <errorDetails>Failed to load ApplicationContext</errorDetails>
          <stdout>21:59:39.312 [main] DEBUG o.s.t.c.j.SpringJUnit4ClassRunner - SpringJUnit4ClassRunner constructor called with [class edu.ncsu.csc.itrust2.apitest.APIOfficeVisitTest]
21:59:39.312 [main] DEBUG o.s.test.context.BootstrapUtils - Instantiating CacheAwareContextLoaderDelegate from class [org.springframework.test.context.cache.DefaultCacheAwareContextLoaderDelegate]
21:59:39.312 [main] DEBUG o.s.test.context.BootstrapUtils - Instantiating BootstrapContext using constructor [public org.springframework.test.context.support.DefaultBootstrapContext(java.lang.Class,org.springframework.test.context.CacheAwareContextLoaderDelegate)]
21:59:39.312 [main] DEBUG o.s.test.context.BootstrapUtils - Instantiating TestContextBootstrapper for test class [edu.ncsu.csc.itrust2.apitest.APIOfficeVisitTest] from class [org.springframework.test.context.web.WebTestContextBootstrapper]
21:59:39.313 [main] DEBUG o.s.t.c.s.AbstractDelegatingSmartContextLoader - Delegating to AnnotationConfigWebContextLoader to process context configuration [ContextConfigurationAttributes@50d3d2f declaringClass = &apos;edu.ncsu.csc.itrust2.apitest.APIOfficeVisitTest&apos;, classes = &apos;{class edu.ncsu.csc.itrust2.config.RootConfiguration, class edu.ncsu.csc.itrust2.mvc.config.WebMvcConfiguration}&apos;, locations = &apos;{}&apos;, inheritLocations = true, initializers = &apos;{}&apos;, inheritInitializers = true, name = [null], contextLoaderClass = &apos;org.springframework.test.context.ContextLoader&apos;].
21:59:39.313 [main] DEBUG o.s.t.c.support.ActiveProfilesUtils - Could not find an &apos;annotation declaring class&apos; for annotation type [org.springframework.test.context.ActiveProfiles] and class [edu.ncsu.csc.itrust2.apitest.APIOfficeVisitTest]
21:59:39.313 [main] DEBUG o.s.t.c.w.WebTestContextBootstrapper - @TestExecutionListeners is not present for class [edu.ncsu.csc.itrust2.apitest.APIOfficeVisitTest]: using defaults.
21:59:39.314 [main] INFO  o.s.t.c.w.WebTestContextBootstrapper - Loaded default TestExecutionListener class names from location [META-INF/spring.factories]: [org.springframework.security.test.context.support.WithSecurityContextTestExecutionListener, org.springframework.test.context.web.ServletTestExecutionListener, org.springframework.test.context.support.DirtiesContextBeforeModesTestExecutionListener, org.springframework.test.context.support.DependencyInjectionTestExecutionListener, org.springframework.test.context.support.DirtiesContextTestExecutionListener, org.springframework.test.context.transaction.TransactionalTestExecutionListener, org.springframework.test.context.jdbc.SqlScriptsTestExecutionListener]
21:59:39.314 [main] INFO  o.s.t.c.w.WebTestContextBootstrapper - Using TestExecutionListeners: [org.springframework.test.context.web.ServletTestExecutionListener@758bd34f, org.springframework.test.context.support.DirtiesContextBeforeModesTestExecutionListener@c4e47a7, org.springframework.test.context.support.DependencyInjectionTestExecutionListener@103f7e54, org.springframework.test.context.support.DirtiesContextTestExecutionListener@7bbc6e81, org.springframework.test.context.transaction.TransactionalTestExecutionListener@5086cb12, org.springframework.test.context.jdbc.SqlScriptsTestExecutionListener@2e8bddda, org.springframework.security.test.context.support.WithSecurityContextTestExecutionListener@45addb81]
21:59:39.314 [main] DEBUG o.s.t.annotation.ProfileValueUtils - Retrieved @ProfileValueSourceConfiguration [null] for test class [edu.ncsu.csc.itrust2.apitest.APIOfficeVisitTest]
21:59:39.314 [main] DEBUG o.s.t.annotation.ProfileValueUtils - Retrieved ProfileValueSource type [class org.springframework.test.annotation.SystemProfileValueSource] for class [edu.ncsu.csc.itrust2.apitest.APIOfficeVisitTest]
21:59:39.314 [main] DEBUG o.s.t.annotation.ProfileValueUtils - Retrieved @ProfileValueSourceConfiguration [null] for test class [edu.ncsu.csc.itrust2.apitest.APIOfficeVisitTest]
21:59:39.314 [main] DEBUG o.s.t.annotation.ProfileValueUtils - Retrieved ProfileValueSource type [class org.springframework.test.annotation.SystemProfileValueSource] for class [edu.ncsu.csc.itrust2.apitest.APIOfficeVisitTest]
21:59:39.314 [main] DEBUG o.s.t.annotation.ProfileValueUtils - Retrieved @ProfileValueSourceConfiguration [null] for test class [edu.ncsu.csc.itrust2.apitest.APIOfficeVisitTest]
21:59:39.314 [main] DEBUG o.s.t.annotation.ProfileValueUtils - Retrieved ProfileValueSource type [class org.springframework.test.annotation.SystemProfileValueSource] for class [edu.ncsu.csc.itrust2.apitest.APIOfficeVisitTest]
21:59:39.314 [main] DEBUG o.s.t.c.s.AbstractDirtiesContextTestExecutionListener - Before test class: context [DefaultTestContext@5d7d7dd3 testClass = APIOfficeVisitTest, testInstance = [null], testMethod = [null], testException = [null], mergedContextConfiguration = [WebMergedContextConfiguration@3b45f335 testClass = APIOfficeVisitTest, locations = &apos;{}&apos;, classes = &apos;{class edu.ncsu.csc.itrust2.config.RootConfiguration, class edu.ncsu.csc.itrust2.mvc.config.WebMvcConfiguration}&apos;, contextInitializerClasses = &apos;[]&apos;, activeProfiles = &apos;{}&apos;, propertySourceLocations = &apos;{}&apos;, propertySourceProperties = &apos;{}&apos;, contextCustomizers = set[[empty]], resourceBasePath = &apos;src/main/webapp&apos;, contextLoader = &apos;org.springframework.test.context.web.WebDelegatingSmartContextLoader&apos;, parent = [null]]], class annotated with @DirtiesContext [false] with mode [null].
21:59:39.314 [main] DEBUG o.s.t.annotation.ProfileValueUtils - Retrieved @ProfileValueSourceConfiguration [null] for test class [edu.ncsu.csc.itrust2.apitest.APIOfficeVisitTest]
21:59:39.314 [main] DEBUG o.s.t.annotation.ProfileValueUtils - Retrieved ProfileValueSource type [class org.springframework.test.annotation.SystemProfileValueSource] for class [edu.ncsu.csc.itrust2.apitest.APIOfficeVisitTest]
21:59:39.314 [main] DEBUG o.s.t.c.s.AbstractDelegatingSmartContextLoader - Delegating to AnnotationConfigWebContextLoader to load context from [WebMergedContextConfiguration@3b45f335 testClass = APIOfficeVisitTest, locations = &apos;{}&apos;, classes = &apos;{class edu.ncsu.csc.itrust2.config.RootConfiguration, class edu.ncsu.csc.itrust2.mvc.config.WebMvcConfiguration}&apos;, contextInitializerClasses = &apos;[]&apos;, activeProfiles = &apos;{}&apos;, propertySourceLocations = &apos;{}&apos;, propertySourceProperties = &apos;{}&apos;, contextCustomizers = set[[empty]], resourceBasePath = &apos;src/main/webapp&apos;, contextLoader = &apos;org.springframework.test.context.web.WebDelegatingSmartContextLoader&apos;, parent = [null]].
21:59:39.314 [main] DEBUG o.s.t.c.w.AbstractGenericWebContextLoader - Loading WebApplicationContext for merged context configuration [WebMergedContextConfiguration@3b45f335 testClass = APIOfficeVisitTest, locations = &apos;{}&apos;, classes = &apos;{class edu.ncsu.csc.itrust2.config.RootConfiguration, class edu.ncsu.csc.itrust2.mvc.config.WebMvcConfiguration}&apos;, contextInitializerClasses = &apos;[]&apos;, activeProfiles = &apos;{}&apos;, propertySourceLocations = &apos;{}&apos;, propertySourceProperties = &apos;{}&apos;, contextCustomizers = set[[empty]], resourceBasePath = &apos;src/main/webapp&apos;, contextLoader = &apos;org.springframework.test.context.web.WebDelegatingSmartContextLoader&apos;, parent = [null]].
21:59:39.314 [main] DEBUG o.s.w.c.s.StandardServletEnvironment - Adding [servletConfigInitParams] PropertySource with lowest search precedence
21:59:39.314 [main] DEBUG o.s.w.c.s.StandardServletEnvironment - Adding [servletContextInitParams] PropertySource with lowest search precedence
21:59:39.315 [main] DEBUG o.s.w.c.s.StandardServletEnvironment - Adding [systemProperties] PropertySource with lowest search precedence
21:59:39.315 [main] DEBUG o.s.w.c.s.StandardServletEnvironment - Adding [systemEnvironment] PropertySource with lowest search precedence
21:59:39.315 [main] DEBUG o.s.w.c.s.StandardServletEnvironment - Initialized StandardServletEnvironment with PropertySources [servletConfigInitParams,servletContextInitParams,systemProperties,systemEnvironment]
21:59:39.315 [main] DEBUG o.s.t.c.w.AnnotationConfigWebContextLoader - Registering annotated classes: {class edu.ncsu.csc.itrust2.config.RootConfiguration, class edu.ncsu.csc.itrust2.mvc.config.WebMvcConfiguration}
21:59:39.315 [main] INFO  o.s.w.c.s.GenericWebApplicationContext - Refreshing org.springframework.web.context.support.GenericWebApplicationContext@4bd08c8a: startup date [Thu Mar 22 21:59:39 UTC 2018]; root of context hierarchy
21:59:39.315 [main] DEBUG o.s.w.c.s.StandardServletEnvironment - Replacing [servletContextInitParams] PropertySource with [servletContextInitParams]
21:59:39.316 [main] DEBUG o.s.w.c.s.GenericWebApplicationContext - Bean factory for org.springframework.web.context.support.GenericWebApplicationContext@4bd08c8a: org.springframework.beans.factory.support.DefaultListableBeanFactory@608a27a2: defining beans [org.springframework.context.annotation.internalConfigurationAnnotationProcessor,org.springframework.context.annotation.internalAutowiredAnnotationProcessor,org.springframework.context.annotation.internalRequiredAnnotationProcessor,org.springframework.context.annotation.internalCommonAnnotationProcessor,org.springframework.context.annotation.internalPersistenceAnnotationProcessor,org.springframework.context.event.internalEventListenerProcessor,org.springframework.context.event.internalEventListenerFactory,rootConfiguration,webMvcConfiguration]; root of factory hierarchy
21:59:39.316 [main] DEBUG o.s.b.f.s.DefaultListableBeanFactory - Registering scope &apos;request&apos; with implementation [org.springframework.web.context.request.RequestScope@42e7c03e]
21:59:39.316 [main] DEBUG o.s.b.f.s.DefaultListableBeanFactory - Registering scope &apos;session&apos; with implementation [org.springframework.web.context.request.SessionScope@d9ca034]
21:59:39.316 [main] DEBUG o.s.b.f.s.DefaultListableBeanFactory - Registering scope &apos;globalSession&apos; with implementation [org.springframework.web.context.request.SessionScope@3c1a3112]
21:59:39.316 [main] DEBUG o.s.b.f.s.DefaultListableBeanFactory - Registering scope &apos;application&apos; with implementation [org.springframework.web.context.support.ServletContextScope@10f51061]
21:59:39.316 [main] DEBUG o.s.b.f.s.DefaultListableBeanFactory - Creating shared instance of singleton bean &apos;org.springframework.context.annotation.internalConfigurationAnnotationProcessor&apos;
21:59:39.316 [main] DEBUG o.s.b.f.s.DefaultListableBeanFactory - Creating instance of bean &apos;org.springframework.context.annotation.internalConfigurationAnnotationProcessor&apos;
21:59:39.316 [main] DEBUG o.s.b.f.s.DefaultListableBeanFactory - Eagerly caching bean &apos;org.springframework.context.annotation.internalConfigurationAnnotationProcessor&apos; to allow for resolving potential circular references
21:59:39.316 [main] DEBUG o.s.b.f.s.DefaultListableBeanFactory - Finished creating instance of bean &apos;org.springframework.context.annotation.internalConfigurationAnnotationProcessor&apos;
21:59:39.316 [main] DEBUG o.s.core.env.StandardEnvironment - Adding [systemProperties] PropertySource with lowest search precedence
21:59:39.316 [main] DEBUG o.s.core.env.StandardEnvironment - Adding [systemEnvironment] PropertySource with lowest search precedence
21:59:39.316 [main] DEBUG o.s.core.env.StandardEnvironment - Initialized StandardEnvironment with PropertySources [systemProperties,systemEnvironment]
21:59:39.317 [main] DEBUG o.s.c.i.s.PathMatchingResourcePatternResolver - Resolved classpath location [edu/ncsu/csc/itrust2/config/] to resources [URL [file:/var/lib/jenkins/jobs/iTrust_Fuzzer/workspace/iTrust2/target/classes/edu/ncsu/csc/itrust2/config/]]
21:59:39.317 [main] DEBUG o.s.c.i.s.PathMatchingResourcePatternResolver - Looking for matching resources in directory tree [/var/lib/jenkins/jobs/iTrust_Fuzzer/workspace/iTrust2/target/classes/edu/ncsu/csc/itrust2/config]
21:59:39.317 [main] DEBUG o.s.c.i.s.PathMatchingResourcePatternResolver - Searching directory [/var/lib/jenkins/jobs/iTrust_Fuzzer/workspace/iTrust2/target/classes/edu/ncsu/csc/itrust2/config] for files matching pattern [/var/lib/jenkins/jobs/iTrust_Fuzzer/workspace/iTrust2/target/classes/edu/ncsu/csc/itrust2/config/**/*.class]
21:59:39.317 [main] DEBUG o.s.c.i.s.PathMatchingResourcePatternResolver - Resolved location pattern [classpath*:edu/ncsu/csc/itrust2/config/**/*.class] to resources [file [/var/lib/jenkins/jobs/iTrust_Fuzzer/workspace/iTrust2/target/classes/edu/ncsu/csc/itrust2/config/ContextListener.class], file [/var/lib/jenkins/jobs/iTrust_Fuzzer/workspace/iTrust2/target/classes/edu/ncsu/csc/itrust2/config/DataConfiguration.class], file [/var/lib/jenkins/jobs/iTrust_Fuzzer/workspace/iTrust2/target/classes/edu/ncsu/csc/itrust2/config/FailureHandler.class], file [/var/lib/jenkins/jobs/iTrust_Fuzzer/workspace/iTrust2/target/classes/edu/ncsu/csc/itrust2/config/IPFilter.class], file [/var/lib/jenkins/jobs/iTrust_Fuzzer/workspace/iTrust2/target/classes/edu/ncsu/csc/itrust2/config/ITrust2ApplicationInitializer.class], file [/var/lib/jenkins/jobs/iTrust_Fuzzer/workspace/iTrust2/target/classes/edu/ncsu/csc/itrust2/config/ITrust2WebApplicationInitializer.class], file [/var/lib/jenkins/jobs/iTrust_Fuzzer/workspace/iTrust2/target/classes/edu/ncsu/csc/itrust2/config/LoginAuditingListener.class], file [/var/lib/jenkins/jobs/iTrust_Fuzzer/workspace/iTrust2/target/classes/edu/ncsu/csc/itrust2/config/RootConfiguration.class], file [/var/lib/jenkins/jobs/iTrust_Fuzzer/workspace/iTrust2/target/classes/edu/ncsu/csc/itrust2/config/SecurityConfig.class]]
21:59:39.318 [main] DEBUG o.s.c.a.ClassPathBeanDefinitionScanner - Identified candidate component class: file [/var/lib/jenkins/jobs/iTrust_Fuzzer/workspace/iTrust2/target/classes/edu/ncsu/csc/itrust2/config/DataConfiguration.class]
21:59:39.318 [main] DEBUG o.s.c.a.ClassPathBeanDefinitionScanner - Identified candidate component class: file [/var/lib/jenkins/jobs/iTrust_Fuzzer/workspace/iTrust2/target/classes/edu/ncsu/csc/itrust2/config/LoginAuditingListener.class]
21:59:39.318 [main] DEBUG o.s.c.a.ClassPathBeanDefinitionScanner - Identified candidate component class: file [/var/lib/jenkins/jobs/iTrust_Fuzzer/workspace/iTrust2/target/classes/edu/ncsu/csc/itrust2/config/SecurityConfig.class]
21:59:39.326 [main] DEBUG o.s.core.env.StandardEnvironment - Adding [systemProperties] PropertySource with lowest search precedence
21:59:39.326 [main] DEBUG o.s.core.env.StandardEnvironment - Adding [systemEnvironment] PropertySource with lowest search precedence
21:59:39.326 [main] DEBUG o.s.core.env.StandardEnvironment - Initialized StandardEnvironment with PropertySources [systemProperties,systemEnvironment]
21:59:39.327 [main] DEBUG o.s.c.i.s.PathMatchingResourcePatternResolver - Resolved classpath location [edu/ncsu/csc/itrust2/controllers/] to resources [URL [file:/var/lib/jenkins/jobs/iTrust_Fuzzer/workspace/iTrust2/target/classes/edu/ncsu/csc/itrust2/controllers/]]
21:59:39.327 [main] DEBUG o.s.c.i.s.PathMatchingResourcePatternResolver - Looking for matching resources in directory tree [/var/lib/jenkins/jobs/iTrust_Fuzzer/workspace/iTrust2/target/classes/edu/ncsu/csc/itrust2/controllers]
21:59:39.327 [main] DEBUG o.s.c.i.s.PathMatchingResourcePatternResolver - Searching directory [/var/lib/jenkins/jobs/iTrust_Fuzzer/workspace/iTrust2/target/classes/edu/ncsu/csc/itrust2/controllers] for files matching pattern [/var/lib/jenkins/jobs/iTrust_Fuzzer/workspace/iTrust2/target/classes/edu/ncsu/csc/itrust2/controllers/**/*.class]
21:59:39.327 [main] DEBUG o.s.c.i.s.PathMatchingResourcePatternResolver - Searching directory [/var/lib/jenkins/jobs/iTrust_Fuzzer/workspace/iTrust2/target/classes/edu/ncsu/csc/itrust2/controllers/admin] for files matching pattern [/var/lib/jenkins/jobs/iTrust_Fuzzer/workspace/iTrust2/target/classes/edu/ncsu/csc/itrust2/controllers/**/*.class]
21:59:39.327 [main] DEBUG o.s.c.i.s.PathMatchingResourcePatternResolver - Searching directory [/var/lib/jenkins/jobs/iTrust_Fuzzer/workspace/iTrust2/target/classes/edu/ncsu/csc/itrust2/controllers/api] for files matching pattern [/var/lib/jenkins/jobs/iTrust_Fuzzer/workspace/iTrust2/target/classes/edu/ncsu/csc/itrust2/controllers/**/*.class]
21:59:39.327 [main] DEBUG o.s.c.i.s.PathMatchingResourcePatternResolver - Searching directory [/var/lib/jenkins/jobs/iTrust_Fuzzer/workspace/iTrust2/target/classes/edu/ncsu/csc/itrust2/controllers/api/comm] for files matching pattern [/var/lib/jenkins/jobs/iTrust_Fuzzer/workspace/iTrust2/target/classes/edu/ncsu/csc/itrust2/controllers/**/*.class]
21:59:39.327 [main] DEBUG o.s.c.i.s.PathMatchingResourcePatternResolver - Searching directory [/var/lib/jenkins/jobs/iTrust_Fuzzer/workspace/iTrust2/target/classes/edu/ncsu/csc/itrust2/controllers/hcp] for files matching pattern [/var/lib/jenkins/jobs/iTrust_Fuzzer/workspace/iTrust2/target/classes/edu/ncsu/csc/itrust2/controllers/**/*.class]
21:59:39.328 [main] DEBUG o.s.c.i.s.PathMatchingResourcePatternResolver - Searching directory [/var/lib/jenkins/jobs/iTrust_Fuzzer/workspace/iTrust2/target/classes/edu/ncsu/csc/itrust2/controllers/patient] for files matching pattern [/var/lib/jenkins/jobs/iTrust_Fuzzer/workspace/iTrust2/target/classes/edu/ncsu/csc/itrust2/controllers/**/*.class]
21:59:39.328 [main] DEBUG o.s.c.i.s.PathMatchingResourcePatternResolver - Searching directory [/var/lib/jenkins/jobs/iTrust_Fuzzer/workspace/iTrust2/target/classes/edu/ncsu/csc/itrust2/controllers/personnel] for files matching pattern [/var/lib/jenkins/jobs/iTrust_Fuzzer/workspace/iTrust2/target/classes/edu/ncsu/csc/itrust2/controllers/**/*.class]
21:59:39.328 [main] DEBUG o.s.c.i.s.PathMatchingResourcePatternResolver - Resolved location pattern [classpath*:edu/ncsu/csc/itrust2/controllers/**/*.class] to resources [file [/var/lib/jenkins/jobs/iTrust_Fuzzer/workspace/iTrust2/target/classes/edu/ncsu/csc/itrust2/controllers/DefaultController.class], file [/var/lib/jenkins/jobs/iTrust_Fuzzer/workspace/iTrust2/target/classes/edu/ncsu/csc/itrust2/controllers/admin/AdminController.class], file [/var/lib/jenkins/jobs/iTrust_Fuzzer/workspace/iTrust2/target/classes/edu/ncsu/csc/itrust2/controllers/admin/AdminUserController$1.class], file [/var/lib/jenkins/jobs/iTrust_Fuzzer/workspace/iTrust2/target/classes/edu/ncsu/csc/itrust2/controllers/admin/AdminUserController.class], file [/var/lib/jenkins/jobs/iTrust_Fuzzer/workspace/iTrust2/target/classes/edu/ncsu/csc/itrust2/controllers/admin/HospitalController.class], file [/var/lib/jenkins/jobs/iTrust_Fuzzer/workspace/iTrust2/target/classes/edu/ncsu/csc/itrust2/controllers/admin/ICDCodesController.class], file [/var/lib/jenkins/jobs/iTrust_Fuzzer/workspace/iTrust2/target/classes/edu/ncsu/csc/itrust2/controllers/api/APIAppointmentRequestController.class], file [/var/lib/jenkins/jobs/iTrust_Fuzzer/workspace/iTrust2/target/classes/edu/ncsu/csc/itrust2/controllers/api/APIController$JSONResponse.class], file [/var/lib/jenkins/jobs/iTrust_Fuzzer/workspace/iTrust2/target/classes/edu/ncsu/csc/itrust2/controllers/api/APIController.class], file [/var/lib/jenkins/jobs/iTrust_Fuzzer/workspace/iTrust2/target/classes/edu/ncsu/csc/itrust2/controllers/api/APIDiagnosisController.class], file [/var/lib/jenkins/jobs/iTrust_Fuzzer/workspace/iTrust2/target/classes/edu/ncsu/csc/itrust2/controllers/api/APIDrugController.class], file [/var/lib/jenkins/jobs/iTrust_Fuzzer/workspace/iTrust2/target/classes/edu/ncsu/csc/itrust2/controllers/api/APIEnumController.class], file [/var/lib/jenkins/jobs/iTrust_Fuzzer/workspace/iTrust2/target/classes/edu/ncsu/csc/itrust2/controllers/api/APIHospitalController.class], file [/var/lib/jenkins/jobs/iTrust_Fuzzer/workspace/iTrust2/target/classes/edu/ncsu/csc/itrust2/controllers/api/APIICDCodeController.class], file [/var/lib/jenkins/jobs/iTrust_Fuzzer/workspace/iTrust2/target/classes/edu/ncsu/csc/itrust2/controllers/api/APILogEntryController.class], file [/var/lib/jenkins/jobs/iTrust_Fuzzer/workspace/iTrust2/target/classes/edu/ncsu/csc/itrust2/controllers/api/APIOfficeVisitController.class], file [/var/lib/jenkins/jobs/iTrust_Fuzzer/workspace/iTrust2/target/classes/edu/ncsu/csc/itrust2/controllers/api/APIPasswordController.class], file [/var/lib/jenkins/jobs/iTrust_Fuzzer/workspace/iTrust2/target/classes/edu/ncsu/csc/itrust2/controllers/api/APIPatientController.class], file [/var/lib/jenkins/jobs/iTrust_Fuzzer/workspace/iTrust2/target/classes/edu/ncsu/csc/itrust2/controllers/api/APIPersonnelController.class], file [/var/lib/jenkins/jobs/iTrust_Fuzzer/workspace/iTrust2/target/classes/edu/ncsu/csc/itrust2/controllers/api/APIPrescriptionController.class], file [/var/lib/jenkins/jobs/iTrust_Fuzzer/workspace/iTrust2/target/classes/edu/ncsu/csc/itrust2/controllers/api/APIUserController.class], file [/var/lib/jenkins/jobs/iTrust_Fuzzer/workspace/iTrust2/target/classes/edu/ncsu/csc/itrust2/controllers/api/comm/LogEntryRequestBody.class], file [/var/lib/jenkins/jobs/iTrust_Fuzzer/workspace/iTrust2/target/classes/edu/ncsu/csc/itrust2/controllers/api/comm/LogEntryTableRow.class], file [/var/lib/jenkins/jobs/iTrust_Fuzzer/workspace/iTrust2/target/classes/edu/ncsu/csc/itrust2/controllers/hcp/AppointmentControllerHCP.class], file [/var/lib/jenkins/jobs/iTrust_Fuzzer/workspace/iTrust2/target/classes/edu/ncsu/csc/itrust2/controllers/hcp/HCPController.class], file [/var/lib/jenkins/jobs/iTrust_Fuzzer/workspace/iTrust2/target/classes/edu/ncsu/csc/itrust2/controllers/hcp/OfficeVisitController.class], file [/var/lib/jenkins/jobs/iTrust_Fuzzer/workspace/iTrust2/target/classes/edu/ncsu/csc/itrust2/controllers/patient/AppointmentController.class], file [/var/lib/jenkins/jobs/iTrust_Fuzzer/workspace/iTrust2/target/classes/edu/ncsu/csc/itrust2/controllers/patient/DiagnosesController.class], file [/var/lib/jenkins/jobs/iTrust_Fuzzer/workspace/iTrust2/target/classes/edu/ncsu/csc/itrust2/controllers/patient/PatientController.class], file [/var/lib/jenkins/jobs/iTrust_Fuzzer/workspace/iTrust2/target/classes/edu/ncsu/csc/itrust2/controllers/personnel/PasswordController.class], file [/var/lib/jenkins/jobs/iTrust_Fuzzer/workspace/iTrust2/target/classes/edu/ncsu/csc/itrust2/controllers/personnel/UserController.class]]
21:59:39.328 [main] DEBUG o.s.c.a.ClassPathBeanDefinitionScanner - Identified candidate component class: file [/var/lib/jenkins/jobs/iTrust_Fuzzer/workspace/iTrust2/target/classes/edu/ncsu/csc/itrust2/controllers/DefaultController.class]
21:59:39.328 [main] DEBUG o.s.c.a.ClassPathBeanDefinitionScanner - Identified candidate component class: file [/var/lib/jenkins/jobs/iTrust_Fuzzer/workspace/iTrust2/target/classes/edu/ncsu/csc/itrust2/controllers/admin/AdminController.class]
21:59:39.328 [main] DEBUG o.s.c.a.ClassPathBeanDefinitionScanner - Identified candidate component class: file [/var/lib/jenkins/jobs/iTrust_Fuzzer/workspace/iTrust2/target/classes/edu/ncsu/csc/itrust2/controllers/admin/AdminUserController.class]
21:59:39.329 [main] DEBUG o.s.c.a.ClassPathBeanDefinitionScanner - Identified candidate component class: file [/var/lib/jenkins/jobs/iTrust_Fuzzer/workspace/iTrust2/target/classes/edu/ncsu/csc/itrust2/controllers/admin/HospitalController.class]
21:59:39.329 [main] DEBUG o.s.c.a.ClassPathBeanDefinitionScanner - Identified candidate component class: file [/var/lib/jenkins/jobs/iTrust_Fuzzer/workspace/iTrust2/target/classes/edu/ncsu/csc/itrust2/controllers/admin/ICDCodesController.class]
21:59:39.330 [main] DEBUG o.s.c.a.ClassPathBeanDefinitionScanner - Identified candidate component class: file [/var/lib/jenkins/jobs/iTrust_Fuzzer/workspace/iTrust2/target/classes/edu/ncsu/csc/itrust2/controllers/api/APIAppointmentRequestController.class]
21:59:39.330 [main] DEBUG o.s.c.a.ClassPathBeanDefinitionScanner - Identified candidate component class: file [/var/lib/jenkins/jobs/iTrust_Fuzzer/workspace/iTrust2/target/classes/edu/ncsu/csc/itrust2/controllers/api/APIDiagnosisController.class]
21:59:39.330 [main] DEBUG o.s.c.a.ClassPathBeanDefinitionScanner - Identified candidate component class: file [/var/lib/jenkins/jobs/iTrust_Fuzzer/workspace/iTrust2/target/classes/edu/ncsu/csc/itrust2/controllers/api/APIDrugController.class]
21:59:39.331 [main] DEBUG o.s.c.a.ClassPathBeanDefinitionScanner - Identified candidate component class: file [/var/lib/jenkins/jobs/iTrust_Fuzzer/workspace/iTrust2/target/classes/edu/ncsu/csc/itrust2/controllers/api/APIEnumController.class]
21:59:39.331 [main] DEBUG o.s.c.a.ClassPathBeanDefinitionScanner - Identified candidate component class: file [/var/lib/jenkins/jobs/iTrust_Fuzzer/workspace/iTrust2/target/classes/edu/ncsu/csc/itrust2/controllers/api/APIHospitalController.class]
21:59:39.331 [main] DEBUG o.s.c.a.ClassPathBeanDefinitionScanner - Identified candidate component class: file [/var/lib/jenkins/jobs/iTrust_Fuzzer/workspace/iTrust2/target/classes/edu/ncsu/csc/itrust2/controllers/api/APIICDCodeController.class]
21:59:39.331 [main] DEBUG o.s.c.a.ClassPathBeanDefinitionScanner - Identified candidate component class: file [/var/lib/jenkins/jobs/iTrust_Fuzzer/workspace/iTrust2/target/classes/edu/ncsu/csc/itrust2/controllers/api/APILogEntryController.class]
21:59:39.332 [main] DEBUG o.s.c.a.ClassPathBeanDefinitionScanner - Identified candidate component class: file [/var/lib/jenkins/jobs/iTrust_Fuzzer/workspace/iTrust2/target/classes/edu/ncsu/csc/itrust2/controllers/api/APIOfficeVisitController.class]
21:59:39.332 [main] DEBUG o.s.c.a.ClassPathBeanDefinitionScanner - Identified candidate component class: file [/var/lib/jenkins/jobs/iTrust_Fuzzer/workspace/iTrust2/target/classes/edu/ncsu/csc/itrust2/controllers/api/APIPasswordController.class]
21:59:39.333 [main] DEBUG o.s.c.a.ClassPathBeanDefinitionScanner - Identified candidate component class: file [/var/lib/jenkins/jobs/iTrust_Fuzzer/workspace/iTrust2/target/classes/edu/ncsu/csc/itrust2/controllers/api/APIPatientController.class]
21:59:39.333 [main] DEBUG o.s.c.a.ClassPathBeanDefinitionScanner - Identified candidate component class: file [/var/lib/jenkins/jobs/iTrust_Fuzzer/workspace/iTrust2/target/classes/edu/ncsu/csc/itrust2/controllers/api/APIPersonnelController.class]
21:59:39.333 [main] DEBUG o.s.c.a.ClassPathBeanDefinitionScanner - Identified candidate component class: file [/var/lib/jenkins/jobs/iTrust_Fuzzer/workspace/iTrust2/target/classes/edu/ncsu/csc/itrust2/controllers/api/APIPrescriptionController.class]
21:59:39.333 [main] DEBUG o.s.c.a.ClassPathBeanDefinitionScanner - Identified candidate component class: file [/var/lib/jenkins/jobs/iTrust_Fuzzer/workspace/iTrust2/target/classes/edu/ncsu/csc/itrust2/controllers/api/APIUserController.class]
21:59:39.334 [main] DEBUG o.s.c.a.ClassPathBeanDefinitionScanner - Identified candidate component class: file [/var/lib/jenkins/jobs/iTrust_Fuzzer/workspace/iTrust2/target/classes/edu/ncsu/csc/itrust2/controllers/hcp/AppointmentControllerHCP.class]
21:59:39.334 [main] DEBUG o.s.c.a.ClassPathBeanDefinitionScanner - Identified candidate component class: file [/var/lib/jenkins/jobs/iTrust_Fuzzer/workspace/iTrust2/target/classes/edu/ncsu/csc/itrust2/controllers/hcp/HCPController.class]
21:59:39.334 [main] DEBUG o.s.c.a.ClassPathBeanDefinitionScanner - Identified candidate component class: file [/var/lib/jenkins/jobs/iTrust_Fuzzer/workspace/iTrust2/target/classes/edu/ncsu/csc/itrust2/controllers/hcp/OfficeVisitController.class]
21:59:39.335 [main] DEBUG o.s.c.a.ClassPathBeanDefinitionScanner - Identified candidate component class: file [/var/lib/jenkins/jobs/iTrust_Fuzzer/workspace/iTrust2/target/classes/edu/ncsu/csc/itrust2/controllers/patient/AppointmentController.class]
21:59:39.335 [main] DEBUG o.s.c.a.ClassPathBeanDefinitionScanner - Identified candidate component class: file [/var/lib/jenkins/jobs/iTrust_Fuzzer/workspace/iTrust2/target/classes/edu/ncsu/csc/itrust2/controllers/patient/DiagnosesController.class]
21:59:39.335 [main] DEBUG o.s.c.a.ClassPathBeanDefinitionScanner - Identified candidate component class: file [/var/lib/jenkins/jobs/iTrust_Fuzzer/workspace/iTrust2/target/classes/edu/ncsu/csc/itrust2/controllers/patient/PatientController.class]
21:59:39.335 [main] DEBUG o.s.c.a.ClassPathBeanDefinitionScanner - Identified candidate component class: file [/var/lib/jenkins/jobs/iTrust_Fuzzer/workspace/iTrust2/target/classes/edu/ncsu/csc/itrust2/controllers/personnel/PasswordController.class]
21:59:39.335 [main] DEBUG o.s.c.a.ClassPathBeanDefinitionScanner - Identified candidate component class: file [/var/lib/jenkins/jobs/iTrust_Fuzzer/workspace/iTrust2/target/classes/edu/ncsu/csc/itrust2/controllers/personnel/UserController.class]
21:59:39.336 [main] DEBUG o.s.c.i.s.PathMatchingResourcePatternResolver - Resolved classpath location [edu/ncsu/csc/itrust2/config/] to resources [URL [file:/var/lib/jenkins/jobs/iTrust_Fuzzer/workspace/iTrust2/target/classes/edu/ncsu/csc/itrust2/config/]]
21:59:39.336 [main] DEBUG o.s.c.i.s.PathMatchingResourcePatternResolver - Looking for matching resources in directory tree [/var/lib/jenkins/jobs/iTrust_Fuzzer/workspace/iTrust2/target/classes/edu/ncsu/csc/itrust2/config]
21:59:39.336 [main] DEBUG o.s.c.i.s.PathMatchingResourcePatternResolver - Searching directory [/var/lib/jenkins/jobs/iTrust_Fuzzer/workspace/iTrust2/target/classes/edu/ncsu/csc/itrust2/config] for files matching pattern [/var/lib/jenkins/jobs/iTrust_Fuzzer/workspace/iTrust2/target/classes/edu/ncsu/csc/itrust2/config/**/*.class]
21:59:39.337 [main] DEBUG o.s.c.i.s.PathMatchingResourcePatternResolver - Resolved location pattern [classpath*:edu/ncsu/csc/itrust2/config/**/*.class] to resources [file [/var/lib/jenkins/jobs/iTrust_Fuzzer/workspace/iTrust2/target/classes/edu/ncsu/csc/itrust2/config/ContextListener.class], file [/var/lib/jenkins/jobs/iTrust_Fuzzer/workspace/iTrust2/target/classes/edu/ncsu/csc/itrust2/config/DataConfiguration.class], file [/var/lib/jenkins/jobs/iTrust_Fuzzer/workspace/iTrust2/target/classes/edu/ncsu/csc/itrust2/config/FailureHandler.class], file [/var/lib/jenkins/jobs/iTrust_Fuzzer/workspace/iTrust2/target/classes/edu/ncsu/csc/itrust2/config/IPFilter.class], file [/var/lib/jenkins/jobs/iTrust_Fuzzer/workspace/iTrust2/target/classes/edu/ncsu/csc/itrust2/config/ITrust2ApplicationInitializer.class], file [/var/lib/jenkins/jobs/iTrust_Fuzzer/workspace/iTrust2/target/classes/edu/ncsu/csc/itrust2/config/ITrust2WebApplicationInitializer.class], file [/var/lib/jenkins/jobs/iTrust_Fuzzer/workspace/iTrust2/target/classes/edu/ncsu/csc/itrust2/config/LoginAuditingListener.class], file [/var/lib/jenkins/jobs/iTrust_Fuzzer/workspace/iTrust2/target/classes/edu/ncsu/csc/itrust2/config/RootConfiguration.class], file [/var/lib/jenkins/jobs/iTrust_Fuzzer/workspace/iTrust2/target/classes/edu/ncsu/csc/itrust2/config/SecurityConfig.class]]
21:59:39.337 [main] DEBUG o.s.c.a.ClassPathBeanDefinitionScanner - Identified candidate component class: file [/var/lib/jenkins/jobs/iTrust_Fuzzer/workspace/iTrust2/target/classes/edu/ncsu/csc/itrust2/config/DataConfiguration.class]
21:59:39.337 [main] DEBUG o.s.c.a.ClassPathBeanDefinitionScanner - Identified candidate component class: file [/var/lib/jenkins/jobs/iTrust_Fuzzer/workspace/iTrust2/target/classes/edu/ncsu/csc/itrust2/config/LoginAuditingListener.class]
21:59:39.337 [main] DEBUG o.s.c.a.ClassPathBeanDefinitionScanner - Identified candidate component class: file [/var/lib/jenkins/jobs/iTrust_Fuzzer/workspace/iTrust2/target/classes/edu/ncsu/csc/itrust2/config/RootConfiguration.class]
21:59:39.337 [main] DEBUG o.s.c.a.ClassPathBeanDefinitionScanner - Identified candidate component class: file [/var/lib/jenkins/jobs/iTrust_Fuzzer/workspace/iTrust2/target/classes/edu/ncsu/csc/itrust2/config/SecurityConfig.class]
21:59:39.354 [main] DEBUG o.s.c.a.ConfigurationClassBeanDefinitionReader - Registering bean definition for @Bean method edu.ncsu.csc.itrust2.config.DataConfiguration.dataSource()
21:59:39.354 [main] DEBUG o.s.c.a.ConfigurationClassBeanDefinitionReader - Registered bean definition for imported class &apos;org.springframework.security.config.annotation.configuration.ObjectPostProcessorConfiguration&apos;
21:59:39.354 [main] DEBUG o.s.c.a.ConfigurationClassBeanDefinitionReader - Registering bean definition for @Bean method org.springframework.security.config.annotation.configuration.ObjectPostProcessorConfiguration.objectPostProcessor()
21:59:39.354 [main] DEBUG o.s.c.a.ConfigurationClassBeanDefinitionReader - Registered bean definition for imported class &apos;org.springframework.security.config.annotation.authentication.configuration.AuthenticationConfiguration&apos;
21:59:39.354 [main] DEBUG o.s.c.a.ConfigurationClassBeanDefinitionReader - Registering bean definition for @Bean method org.springframework.security.config.annotation.authentication.configuration.AuthenticationConfiguration.authenticationManagerBuilder()
21:59:39.354 [main] DEBUG o.s.c.a.ConfigurationClassBeanDefinitionReader - Registering bean definition for @Bean method org.springframework.security.config.annotation.authentication.configuration.AuthenticationConfiguration.enableGlobalAuthenticationAutowiredConfigurer()
21:59:39.354 [main] DEBUG o.s.c.a.ConfigurationClassBeanDefinitionReader - Registering bean definition for @Bean method org.springframework.security.config.annotation.authentication.configuration.AuthenticationConfiguration.initializeUserDetailsBeanManagerConfigurer()
21:59:39.354 [main] DEBUG o.s.c.a.ConfigurationClassBeanDefinitionReader - Registering bean definition for @Bean method org.springframework.security.config.annotation.authentication.configuration.AuthenticationConfiguration.initializeAuthenticationProviderBeanManagerConfigurer()
21:59:39.354 [main] DEBUG o.s.c.a.ConfigurationClassBeanDefinitionReader - Registered bean definition for imported class &apos;org.springframework.security.config.annotation.web.configuration.WebSecurityConfiguration&apos;
21:59:39.354 [main] DEBUG o.s.c.a.ConfigurationClassBeanDefinitionReader - Registering bean definition for @Bean method org.springframework.security.config.annotation.web.configuration.WebSecurityConfiguration.delegatingApplicationListener()
21:59:39.354 [main] DEBUG o.s.c.a.ConfigurationClassBeanDefinitionReader - Registering bean definition for @Bean method org.springframework.security.config.annotation.web.configuration.WebSecurityConfiguration.webSecurityExpressionHandler()
21:59:39.354 [main] DEBUG o.s.c.a.ConfigurationClassBeanDefinitionReader - Registering bean definition for @Bean method org.springframework.security.config.annotation.web.configuration.WebSecurityConfiguration.springSecurityFilterChain()
21:59:39.354 [main] DEBUG o.s.c.a.ConfigurationClassBeanDefinitionReader - Registering bean definition for @Bean method org.springframework.security.config.annotation.web.configuration.WebSecurityConfiguration.privilegeEvaluator()
21:59:39.354 [main] DEBUG o.s.c.a.ConfigurationClassBeanDefinitionReader - Registering bean definition for @Bean method org.springframework.security.config.annotation.web.configuration.WebSecurityConfiguration.autowiredWebSecurityConfigurersIgnoreParents()
21:59:39.354 [main] DEBUG o.s.c.a.ConfigurationClassBeanDefinitionReader - Registered bean definition for imported class &apos;org.springframework.security.config.annotation.web.configuration.WebMvcSecurityConfiguration&apos;
21:59:39.354 [main] DEBUG o.s.c.a.ConfigurationClassBeanDefinitionReader - Registering bean definition for @Bean method org.springframework.security.config.annotation.web.configuration.WebMvcSecurityConfiguration.requestDataValueProcessor()
21:59:39.354 [main] DEBUG o.s.c.a.ConfigurationClassBeanDefinitionReader - Registering bean definition for @Bean method edu.ncsu.csc.itrust2.config.SecurityConfig.passwordEncoder()
21:59:39.354 [main] DEBUG o.s.c.a.ConfigurationClassBeanDefinitionReader - Registering bean definition for @Bean method edu.ncsu.csc.itrust2.config.SecurityConfig.defaultAuthenticationEventPublisher()
21:59:39.354 [main] DEBUG o.s.c.a.ConfigurationClassBeanDefinitionReader - Registering bean definition for @Bean method edu.ncsu.csc.itrust2.config.SecurityConfig.failureHandler()
21:59:39.354 [main] DEBUG o.s.c.a.ConfigurationClassBeanDefinitionReader - Registering bean definition for @Bean method edu.ncsu.csc.itrust2.config.SecurityConfig.ipBlockFilter()
21:59:39.355 [main] DEBUG o.s.c.a.ConfigurationClassBeanDefinitionReader - Registered bean definition for imported class &apos;org.springframework.web.servlet.config.annotation.DelegatingWebMvcConfiguration&apos;
21:59:39.355 [main] DEBUG o.s.c.a.ConfigurationClassBeanDefinitionReader - Registering bean definition for @Bean method org.springframework.web.servlet.config.annotation.DelegatingWebMvcConfiguration.mvcConversionService()
21:59:39.355 [main] DEBUG o.s.c.a.ConfigurationClassBeanDefinitionReader - Registering bean definition for @Bean method org.springframework.web.servlet.config.annotation.DelegatingWebMvcConfiguration.requestMappingHandlerMapping()
21:59:39.355 [main] DEBUG o.s.c.a.ConfigurationClassBeanDefinitionReader - Registering bean definition for @Bean method org.springframework.web.servlet.config.annotation.DelegatingWebMvcConfiguration.mvcPathMatcher()
21:59:39.355 [main] DEBUG o.s.c.a.ConfigurationClassBeanDefinitionReader - Registering bean definition for @Bean method org.springframework.web.servlet.config.annotation.DelegatingWebMvcConfiguration.mvcUrlPathHelper()
21:59:39.355 [main] DEBUG o.s.c.a.ConfigurationClassBeanDefinitionReader - Registering bean definition for @Bean method org.springframework.web.servlet.config.annotation.DelegatingWebMvcConfiguration.mvcContentNegotiationManager()
21:59:39.355 [main] DEBUG o.s.c.a.ConfigurationClassBeanDefinitionReader - Registering bean definition for @Bean method org.springframework.web.servlet.config.annotation.DelegatingWebMvcConfiguration.viewControllerHandlerMapping()
21:59:39.355 [main] DEBUG o.s.c.a.ConfigurationClassBeanDefinitionReader - Registering bean definition for @Bean method org.springframework.web.servlet.config.annotation.DelegatingWebMvcConfiguration.beanNameHandlerMapping()
21:59:39.355 [main] DEBUG o.s.c.a.ConfigurationClassBeanDefinitionReader - Registering bean definition for @Bean method org.springframework.web.servlet.config.annotation.DelegatingWebMvcConfiguration.resourceHandlerMapping()
21:59:39.355 [main] DEBUG o.s.c.a.ConfigurationClassBeanDefinitionReader - Registering bean definition for @Bean method org.springframework.web.servlet.config.annotation.DelegatingWebMvcConfiguration.mvcResourceUrlProvider()
21:59:39.355 [main] DEBUG o.s.c.a.ConfigurationClassBeanDefinitionReader - Registering bean definition for @Bean method org.springframework.web.servlet.config.annotation.DelegatingWebMvcConfiguration.defaultServletHandlerMapping()
21:59:39.355 [main] DEBUG o.s.c.a.ConfigurationClassBeanDefinitionReader - Registering bean definition for @Bean method org.springframework.web.servlet.config.annotation.DelegatingWebMvcConfiguration.requestMappingHandlerAdapter()
21:59:39.355 [main] DEBUG o.s.c.a.ConfigurationClassBeanDefinitionReader - Registering bean definition for @Bean method org.springframework.web.servlet.config.annotation.DelegatingWebMvcConfiguration.mvcValidator()
21:59:39.355 [main] DEBUG o.s.c.a.ConfigurationClassBeanDefinitionReader - Registering bean definition for @Bean method org.springframework.web.servlet.config.annotation.DelegatingWebMvcConfiguration.mvcUriComponentsContributor()
21:59:39.355 [main] DEBUG o.s.c.a.ConfigurationClassBeanDefinitionReader - Registering bean definition for @Bean method org.springframework.web.servlet.config.annotation.DelegatingWebMvcConfiguration.httpRequestHandlerAdapter()
21:59:39.356 [main] DEBUG o.s.c.a.ConfigurationClassBeanDefinitionReader - Registering bean definition for @Bean method org.springframework.web.servlet.config.annotation.DelegatingWebMvcConfiguration.simpleControllerHandlerAdapter()
21:59:39.356 [main] DEBUG o.s.c.a.ConfigurationClassBeanDefinitionReader - Registering bean definition for @Bean method org.springframework.web.servlet.config.annotation.DelegatingWebMvcConfiguration.handlerExceptionResolver()
21:59:39.356 [main] DEBUG o.s.c.a.ConfigurationClassBeanDefinitionReader - Registering bean definition for @Bean method org.springframework.web.servlet.config.annotation.DelegatingWebMvcConfiguration.mvcViewResolver()
21:59:39.356 [main] DEBUG o.s.c.a.ConfigurationClassBeanDefinitionReader - Registered bean definition for imported class &apos;org.springframework.security.config.annotation.method.configuration.GlobalMethodSecurityConfiguration&apos;
21:59:39.356 [main] DEBUG o.s.c.a.ConfigurationClassBeanDefinitionReader - Registering bean definition for @Bean method org.springframework.security.config.annotation.method.configuration.GlobalMethodSecurityConfiguration.methodSecurityInterceptor()
21:59:39.356 [main] DEBUG o.s.c.a.ConfigurationClassBeanDefinitionReader - Registering bean definition for @Bean method org.springframework.security.config.annotation.method.configuration.GlobalMethodSecurityConfiguration.methodSecurityMetadataSource()
21:59:39.356 [main] DEBUG o.s.c.a.ConfigurationClassBeanDefinitionReader - Registering bean definition for @Bean method org.springframework.security.config.annotation.method.configuration.GlobalMethodSecurityConfiguration.preInvocationAuthorizationAdvice()
21:59:39.356 [main] DEBUG o.s.c.a.ConfigurationClassBeanDefinitionReader - Registering bean definition for @Bean method edu.ncsu.csc.itrust2.mvc.config.WebMvcConfiguration.viewResolver()
21:59:39.356 [main] DEBUG o.s.c.a.ConfigurationClassBeanDefinitionReader - Registering bean definition for @Bean method edu.ncsu.csc.itrust2.mvc.config.WebMvcConfiguration.templateEngine()
21:59:39.356 [main] DEBUG o.s.c.a.ConfigurationClassBeanDefinitionReader - Registering bean definition for @Bean method edu.ncsu.csc.itrust2.mvc.config.WebMvcConfiguration.domainClassConverter()
21:59:39.358 [main] DEBUG o.s.c.a.ConfigurationClassEnhancer - Successfully enhanced edu.ncsu.csc.itrust2.config.RootConfiguration; enhanced class name is: edu.ncsu.csc.itrust2.config.RootConfiguration$$EnhancerBySpringCGLIB$$c1d00685
21:59:39.358 [main] DEBUG o.s.c.a.ConfigurationClassPostProcessor - Replacing bean definition &apos;rootConfiguration&apos; existing class &apos;edu.ncsu.csc.itrust2.config.RootConfiguration&apos; with enhanced class &apos;edu.ncsu.csc.itrust2.config.RootConfiguration$$EnhancerBySpringCGLIB$$c1d00685&apos;
21:59:39.358 [main] DEBUG o.s.c.a.ConfigurationClassEnhancer - Successfully enhanced edu.ncsu.csc.itrust2.mvc.config.WebMvcConfiguration; enhanced class name is: edu.ncsu.csc.itrust2.mvc.config.WebMvcConfiguration$$EnhancerBySpringCGLIB$$de7b09d5
21:59:39.358 [main] DEBUG o.s.c.a.ConfigurationClassPostProcessor - Replacing bean definition &apos;webMvcConfiguration&apos; existing class &apos;edu.ncsu.csc.itrust2.mvc.config.WebMvcConfiguration&apos; with enhanced class &apos;edu.ncsu.csc.itrust2.mvc.config.WebMvcConfiguration$$EnhancerBySpringCGLIB$$de7b09d5&apos;
21:59:39.358 [main] DEBUG o.s.c.a.ConfigurationClassEnhancer - Successfully enhanced edu.ncsu.csc.itrust2.config.DataConfiguration; enhanced class name is: edu.ncsu.csc.itrust2.config.DataConfiguration$$EnhancerBySpringCGLIB$$60f4bbd
21:59:39.358 [main] DEBUG o.s.c.a.ConfigurationClassPostProcessor - Replacing bean definition &apos;dataConfiguration&apos; existing class &apos;edu.ncsu.csc.itrust2.config.DataConfiguration&apos; with enhanced class &apos;edu.ncsu.csc.itrust2.config.DataConfiguration$$EnhancerBySpringCGLIB$$60f4bbd&apos;
21:59:39.358 [main] DEBUG o.s.c.a.ConfigurationClassEnhancer - Successfully enhanced edu.ncsu.csc.itrust2.config.SecurityConfig; enhanced class name is: edu.ncsu.csc.itrust2.config.SecurityConfig$$EnhancerBySpringCGLIB$$f88fd361
21:59:39.358 [main] DEBUG o.s.c.a.ConfigurationClassPostProcessor - Replacing bean definition &apos;securityConfig&apos; existing class &apos;edu.ncsu.csc.itrust2.config.SecurityConfig&apos; with enhanced class &apos;edu.ncsu.csc.itrust2.config.SecurityConfig$$EnhancerBySpringCGLIB$$f88fd361&apos;
21:59:39.358 [main] DEBUG o.s.c.a.ConfigurationClassEnhancer - Successfully enhanced org.springframework.security.config.annotation.configuration.ObjectPostProcessorConfiguration; enhanced class name is: org.springframework.security.config.annotation.configuration.ObjectPostProcessorConfiguration$$EnhancerBySpringCGLIB$$6851d2d
21:59:39.358 [main] DEBUG o.s.c.a.ConfigurationClassPostProcessor - Replacing bean definition &apos;org.springframework.security.config.annotation.configuration.ObjectPostProcessorConfiguration&apos; existing class &apos;org.springframework.security.config.annotation.configuration.ObjectPostProcessorConfiguration&apos; with enhanced class &apos;org.springframework.security.config.annotation.configuration.ObjectPostProcessorConfiguration$$EnhancerBySpringCGLIB$$6851d2d&apos;
21:59:39.358 [main] DEBUG o.s.c.a.ConfigurationClassEnhancer - Successfully enhanced org.springframework.security.config.annotation.authentication.configuration.AuthenticationConfiguration; enhanced class name is: org.springframework.security.config.annotation.authentication.configuration.AuthenticationConfiguration$$EnhancerBySpringCGLIB$$524e27a2
21:59:39.358 [main] DEBUG o.s.c.a.ConfigurationClassPostProcessor - Replacing bean definition &apos;org.springframework.security.config.annotation.authentication.configuration.AuthenticationConfiguration&apos; existing class &apos;org.springframework.security.config.annotation.authentication.configuration.AuthenticationConfiguration&apos; with enhanced class &apos;org.springframework.security.config.annotation.authentication.configuration.AuthenticationConfiguration$$EnhancerBySpringCGLIB$$524e27a2&apos;
21:59:39.358 [main] DEBUG o.s.c.a.ConfigurationClassEnhancer - Successfully enhanced org.springframework.security.config.annotation.authentication.configuration.AuthenticationConfiguration; enhanced class name is: org.springframework.security.config.annotation.authentication.configuration.AuthenticationConfiguration$$EnhancerBySpringCGLIB$$524e27a2
21:59:39.358 [main] DEBUG o.s.c.a.ConfigurationClassPostProcessor - Replacing bean definition &apos;enableGlobalAuthenticationAutowiredConfigurer&apos; existing class &apos;org.springframework.security.config.annotation.authentication.configuration.AuthenticationConfiguration&apos; with enhanced class &apos;org.springframework.security.config.annotation.authentication.configuration.AuthenticationConfiguration$$EnhancerBySpringCGLIB$$524e27a2&apos;
21:59:39.358 [main] DEBUG o.s.c.a.ConfigurationClassEnhancer - Successfully enhanced org.springframework.security.config.annotation.authentication.configuration.AuthenticationConfiguration; enhanced class name is: org.springframework.security.config.annotation.authentication.configuration.AuthenticationConfiguration$$EnhancerBySpringCGLIB$$524e27a2
21:59:39.358 [main] DEBUG o.s.c.a.ConfigurationClassPostProcessor - Replacing bean definition &apos;initializeUserDetailsBeanManagerConfigurer&apos; existing class &apos;org.springframework.security.config.annotation.authentication.configuration.AuthenticationConfiguration&apos; with enhanced class &apos;org.springframework.security.config.annotation.authentication.configuration.AuthenticationConfiguration$$EnhancerBySpringCGLIB$$524e27a2&apos;
21:59:39.358 [main] DEBUG o.s.c.a.ConfigurationClassEnhancer - Successfully enhanced org.springframework.security.config.annotation.authentication.configuration.AuthenticationConfiguration; enhanced class name is: org.springframework.security.config.annotation.authentication.configuration.AuthenticationConfiguration$$EnhancerBySpringCGLIB$$524e27a2
21:59:39.358 [main] DEBUG o.s.c.a.ConfigurationClassPostProcessor - Replacing bean definition &apos;initializeAuthenticationProviderBeanManagerConfigurer&apos; existing class &apos;org.springframework.security.config.annotation.authentication.configuration.AuthenticationConfiguration&apos; with enhanced class &apos;org.springframework.security.config.annotation.authentication.configuration.AuthenticationConfiguration$$EnhancerBySpringCGLIB$$524e27a2&apos;
21:59:39.358 [main] DEBUG o.s.c.a.ConfigurationClassEnhancer - Successfully enhanced org.springframework.security.config.annotation.web.configuration.WebSecurityConfiguration; enhanced class name is: org.springframework.security.config.annotation.web.configuration.WebSecurityConfiguration$$EnhancerBySpringCGLIB$$150881e6
21:59:39.358 [main] DEBUG o.s.c.a.ConfigurationClassPostProcessor - Replacing bean definition &apos;org.springframework.security.config.annotation.web.configuration.WebSecurityConfiguration&apos; existing class &apos;org.springframework.security.config.annotation.web.configuration.WebSecurityConfiguration&apos; with enhanced class &apos;org.springframework.security.config.annotation.web.configuration.WebSecurityConfiguration$$EnhancerBySpringCGLIB$$150881e6&apos;
21:59:39.358 [main] DEBUG o.s.c.a.ConfigurationClassEnhancer - Successfully enhanced org.springframework.security.config.annotation.web.configuration.WebSecurityConfiguration; enhanced class name is: org.springframework.security.config.annotation.web.configuration.WebSecurityConfiguration$$EnhancerBySpringCGLIB$$150881e6
21:59:39.358 [main] DEBUG o.s.c.a.ConfigurationClassPostProcessor - Replacing bean definition &apos;delegatingApplicationListener&apos; existing class &apos;org.springframework.security.config.annotation.web.configuration.WebSecurityConfiguration&apos; with enhanced class &apos;org.springframework.security.config.annotation.web.configuration.WebSecurityConfiguration$$EnhancerBySpringCGLIB$$150881e6&apos;
21:59:39.358 [main] DEBUG o.s.c.a.ConfigurationClassEnhancer - Successfully enhanced org.springframework.web.servlet.config.annotation.DelegatingWebMvcConfiguration; enhanced class name is: org.springframework.web.servlet.config.annotation.DelegatingWebMvcConfiguration$$EnhancerBySpringCGLIB$$32983a29
21:59:39.358 [main] DEBUG o.s.c.a.ConfigurationClassPostProcessor - Replacing bean definition &apos;org.springframework.web.servlet.config.annotation.DelegatingWebMvcConfiguration&apos; existing class &apos;org.springframework.web.servlet.config.annotation.DelegatingWebMvcConfiguration&apos; with enhanced class &apos;org.springframework.web.servlet.config.annotation.DelegatingWebMvcConfiguration$$EnhancerBySpringCGLIB$$32983a29&apos;
21:59:39.358 [main] DEBUG o.s.c.a.ConfigurationClassEnhancer - Successfully enhanced org.springframework.security.config.annotation.method.configuration.GlobalMethodSecurityConfiguration; enhanced class name is: org.springframework.security.config.annotation.method.configuration.Gl
...[truncated 195597 chars]...
 edu.ncsu.csc.itrust2.controllers.patient.PatientController.viewDemographics(org.springframework.ui.Model)]] with attributes [[authorize: &apos;hasRole(&apos;ROLE_PATIENT&apos;)&apos;, filter: &apos;null&apos;, filterTarget: &apos;null&apos;]]
21:59:39.617 [main] DEBUG o.s.aop.framework.CglibAopProxy - Unable to apply any optimisations to advised method: public java.lang.String edu.ncsu.csc.itrust2.controllers.patient.PatientController.viewDemographics(org.springframework.ui.Model)
21:59:39.618 [main] DEBUG o.s.s.a.p.PrePostAnnotationSecurityMetadataSource - @org.springframework.security.access.prepost.PreAuthorize(value=hasRole(&apos;ROLE_PATIENT&apos;)) found on specific method: public java.lang.String edu.ncsu.csc.itrust2.controllers.patient.PatientController.demographicsSubmit(edu.ncsu.csc.itrust2.forms.hcp_patient.PatientForm,org.springframework.validation.BindingResult,org.springframework.ui.Model)
21:59:39.618 [main] DEBUG o.s.s.a.m.DelegatingMethodSecurityMetadataSource - Caching method [CacheKey[edu.ncsu.csc.itrust2.controllers.patient.PatientController; public java.lang.String edu.ncsu.csc.itrust2.controllers.patient.PatientController.demographicsSubmit(edu.ncsu.csc.itrust2.forms.hcp_patient.PatientForm,org.springframework.validation.BindingResult,org.springframework.ui.Model)]] with attributes [[authorize: &apos;hasRole(&apos;ROLE_PATIENT&apos;)&apos;, filter: &apos;null&apos;, filterTarget: &apos;null&apos;]]
21:59:39.618 [main] DEBUG o.s.aop.framework.CglibAopProxy - Unable to apply any optimisations to advised method: public java.lang.String edu.ncsu.csc.itrust2.controllers.patient.PatientController.demographicsSubmit(edu.ncsu.csc.itrust2.forms.hcp_patient.PatientForm,org.springframework.validation.BindingResult,org.springframework.ui.Model)
21:59:39.618 [main] DEBUG o.s.s.a.p.PrePostAnnotationSecurityMetadataSource - @org.springframework.security.access.prepost.PreAuthorize(value=hasRole(&apos;ROLE_PATIENT&apos;)) found on specific method: public java.lang.String edu.ncsu.csc.itrust2.controllers.patient.PatientController.index(org.springframework.ui.Model)
21:59:39.618 [main] DEBUG o.s.s.a.m.DelegatingMethodSecurityMetadataSource - Caching method [CacheKey[edu.ncsu.csc.itrust2.controllers.patient.PatientController; public java.lang.String edu.ncsu.csc.itrust2.controllers.patient.PatientController.index(org.springframework.ui.Model)]] with attributes [[authorize: &apos;hasRole(&apos;ROLE_PATIENT&apos;)&apos;, filter: &apos;null&apos;, filterTarget: &apos;null&apos;]]
21:59:39.618 [main] DEBUG o.s.aop.framework.CglibAopProxy - Unable to apply any optimisations to advised method: public java.lang.String edu.ncsu.csc.itrust2.controllers.patient.PatientController.index(org.springframework.ui.Model)
21:59:39.618 [main] DEBUG o.s.aop.framework.CglibAopProxy - Found &apos;equals&apos; method: public boolean java.lang.Object.equals(java.lang.Object)
21:59:39.618 [main] DEBUG o.s.aop.framework.CglibAopProxy - Unable to apply any optimisations to advised method: public java.lang.String java.lang.Object.toString()
21:59:39.618 [main] DEBUG o.s.aop.framework.CglibAopProxy - Found &apos;hashCode&apos; method: public native int java.lang.Object.hashCode()
21:59:39.618 [main] DEBUG o.s.aop.framework.CglibAopProxy - Unable to apply any optimisations to advised method: protected native java.lang.Object java.lang.Object.clone() throws java.lang.CloneNotSupportedException
21:59:39.618 [main] DEBUG o.s.aop.framework.CglibAopProxy - Method is declared on Advised interface: public abstract void org.springframework.aop.framework.Advised.setTargetSource(org.springframework.aop.TargetSource)
21:59:39.618 [main] DEBUG o.s.aop.framework.CglibAopProxy - Method is declared on Advised interface: public abstract org.springframework.aop.TargetSource org.springframework.aop.framework.Advised.getTargetSource()
21:59:39.618 [main] DEBUG o.s.aop.framework.CglibAopProxy - Method is declared on Advised interface: public abstract boolean org.springframework.aop.framework.Advised.isProxyTargetClass()
21:59:39.618 [main] DEBUG o.s.aop.framework.CglibAopProxy - Method is declared on Advised interface: public abstract void org.springframework.aop.framework.Advised.addAdvisor(org.springframework.aop.Advisor) throws org.springframework.aop.framework.AopConfigException
21:59:39.618 [main] DEBUG o.s.aop.framework.CglibAopProxy - Method is declared on Advised interface: public abstract void org.springframework.aop.framework.Advised.addAdvisor(int,org.springframework.aop.Advisor) throws org.springframework.aop.framework.AopConfigException
21:59:39.618 [main] DEBUG o.s.aop.framework.CglibAopProxy - Method is declared on Advised interface: public abstract void org.springframework.aop.framework.Advised.setPreFiltered(boolean)
21:59:39.618 [main] DEBUG o.s.aop.framework.CglibAopProxy - Method is declared on Advised interface: public abstract void org.springframework.aop.framework.Advised.setExposeProxy(boolean)
21:59:39.618 [main] DEBUG o.s.aop.framework.CglibAopProxy - Method is declared on Advised interface: public abstract boolean org.springframework.aop.framework.Advised.isExposeProxy()
21:59:39.618 [main] DEBUG o.s.aop.framework.CglibAopProxy - Method is declared on Advised interface: public abstract boolean org.springframework.aop.framework.Advised.isPreFiltered()
21:59:39.618 [main] DEBUG o.s.aop.framework.CglibAopProxy - Method is declared on Advised interface: public abstract java.lang.Class[] org.springframework.aop.framework.Advised.getProxiedInterfaces()
21:59:39.618 [main] DEBUG o.s.aop.framework.CglibAopProxy - Method is declared on Advised interface: public abstract boolean org.springframework.aop.framework.Advised.isInterfaceProxied(java.lang.Class)
21:59:39.618 [main] DEBUG o.s.aop.framework.CglibAopProxy - Method is declared on Advised interface: public abstract org.springframework.aop.Advisor[] org.springframework.aop.framework.Advised.getAdvisors()
21:59:39.618 [main] DEBUG o.s.aop.framework.CglibAopProxy - Method is declared on Advised interface: public abstract void org.springframework.aop.framework.Advised.removeAdvisor(int) throws org.springframework.aop.framework.AopConfigException
21:59:39.618 [main] DEBUG o.s.aop.framework.CglibAopProxy - Method is declared on Advised interface: public abstract boolean org.springframework.aop.framework.Advised.removeAdvisor(org.springframework.aop.Advisor)
21:59:39.618 [main] DEBUG o.s.aop.framework.CglibAopProxy - Method is declared on Advised interface: public abstract boolean org.springframework.aop.framework.Advised.replaceAdvisor(org.springframework.aop.Advisor,org.springframework.aop.Advisor) throws org.springframework.aop.framework.AopConfigException
21:59:39.618 [main] DEBUG o.s.aop.framework.CglibAopProxy - Method is declared on Advised interface: public abstract boolean org.springframework.aop.framework.Advised.removeAdvice(org.aopalliance.aop.Advice)
21:59:39.618 [main] DEBUG o.s.aop.framework.CglibAopProxy - Method is declared on Advised interface: public abstract java.lang.String org.springframework.aop.framework.Advised.toProxyConfigString()
21:59:39.618 [main] DEBUG o.s.aop.framework.CglibAopProxy - Method is declared on Advised interface: public abstract void org.springframework.aop.framework.Advised.addAdvice(int,org.aopalliance.aop.Advice) throws org.springframework.aop.framework.AopConfigException
21:59:39.618 [main] DEBUG o.s.aop.framework.CglibAopProxy - Method is declared on Advised interface: public abstract void org.springframework.aop.framework.Advised.addAdvice(org.aopalliance.aop.Advice) throws org.springframework.aop.framework.AopConfigException
21:59:39.618 [main] DEBUG o.s.aop.framework.CglibAopProxy - Method is declared on Advised interface: public abstract int org.springframework.aop.framework.Advised.indexOf(org.aopalliance.aop.Advice)
21:59:39.618 [main] DEBUG o.s.aop.framework.CglibAopProxy - Method is declared on Advised interface: public abstract int org.springframework.aop.framework.Advised.indexOf(org.springframework.aop.Advisor)
21:59:39.618 [main] DEBUG o.s.aop.framework.CglibAopProxy - Method is declared on Advised interface: public abstract boolean org.springframework.aop.framework.Advised.isFrozen()
21:59:39.618 [main] DEBUG o.s.aop.framework.CglibAopProxy - Method is declared on Advised interface: public abstract java.lang.Class org.springframework.aop.TargetClassAware.getTargetClass()
21:59:39.622 [main] DEBUG o.s.b.f.s.DefaultListableBeanFactory - Finished creating instance of bean &apos;patientController&apos;
21:59:39.622 [main] DEBUG o.s.b.f.s.DefaultListableBeanFactory - Creating shared instance of singleton bean &apos;passwordController&apos;
21:59:39.622 [main] DEBUG o.s.b.f.s.DefaultListableBeanFactory - Creating instance of bean &apos;passwordController&apos;
21:59:39.622 [main] DEBUG o.s.b.f.s.DefaultListableBeanFactory - Eagerly caching bean &apos;passwordController&apos; to allow for resolving potential circular references
21:59:39.622 [main] DEBUG o.s.b.f.s.DefaultListableBeanFactory - Returning cached instance of singleton bean &apos;metaDataSourceAdvisor&apos;
21:59:39.623 [main] DEBUG o.s.b.f.s.DefaultListableBeanFactory - Finished creating instance of bean &apos;passwordController&apos;
21:59:39.623 [main] DEBUG o.s.b.f.s.DefaultListableBeanFactory - Creating shared instance of singleton bean &apos;userController&apos;
21:59:39.623 [main] DEBUG o.s.b.f.s.DefaultListableBeanFactory - Creating instance of bean &apos;userController&apos;
21:59:39.623 [main] DEBUG o.s.b.f.s.DefaultListableBeanFactory - Eagerly caching bean &apos;userController&apos; to allow for resolving potential circular references
21:59:39.623 [main] DEBUG o.s.b.f.s.DefaultListableBeanFactory - Returning cached instance of singleton bean &apos;metaDataSourceAdvisor&apos;
21:59:39.623 [main] DEBUG o.s.s.a.p.PrePostAnnotationSecurityMetadataSource - @org.springframework.security.access.prepost.PreAuthorize(value=hasRole(&apos;ROLE_HCP&apos;) or hasRole(&apos;ROLE_ADMIN&apos;)) found on specific method: public java.lang.String edu.ncsu.csc.itrust2.controllers.personnel.UserController.viewDemographics(org.springframework.ui.Model)
21:59:39.623 [main] DEBUG o.s.s.a.m.DelegatingMethodSecurityMetadataSource - Caching method [CacheKey[edu.ncsu.csc.itrust2.controllers.personnel.UserController; public java.lang.String edu.ncsu.csc.itrust2.controllers.personnel.UserController.viewDemographics(org.springframework.ui.Model)]] with attributes [[authorize: &apos;hasRole(&apos;ROLE_HCP&apos;) or hasRole(&apos;ROLE_ADMIN&apos;)&apos;, filter: &apos;null&apos;, filterTarget: &apos;null&apos;]]
21:59:39.623 [main] DEBUG o.s.a.f.a.InfrastructureAdvisorAutoProxyCreator - Creating implicit proxy for bean &apos;userController&apos; with 0 common interceptors and 1 specific interceptors
21:59:39.623 [main] DEBUG o.s.aop.framework.CglibAopProxy - Creating CGLIB proxy: target source is SingletonTargetSource for target object [edu.ncsu.csc.itrust2.controllers.personnel.UserController@4ec78f1f]
21:59:39.623 [main] DEBUG o.s.aop.framework.CglibAopProxy - Unable to apply any optimisations to advised method: public java.lang.String edu.ncsu.csc.itrust2.controllers.personnel.UserController.viewDemographics(org.springframework.ui.Model)
21:59:39.624 [main] DEBUG o.s.s.a.p.PrePostAnnotationSecurityMetadataSource - @org.springframework.security.access.prepost.PreAuthorize(value=hasRole(&apos;ROLE_HCP&apos;) or hasRole(&apos;ROLE_ADMIN&apos;)) found on specific method: public java.lang.String edu.ncsu.csc.itrust2.controllers.personnel.UserController.demographicsSubmit(edu.ncsu.csc.itrust2.forms.personnel.PersonnelForm,org.springframework.validation.BindingResult,org.springframework.ui.Model)
21:59:39.624 [main] DEBUG o.s.s.a.m.DelegatingMethodSecurityMetadataSource - Caching method [CacheKey[edu.ncsu.csc.itrust2.controllers.personnel.UserController; public java.lang.String edu.ncsu.csc.itrust2.controllers.personnel.UserController.demographicsSubmit(edu.ncsu.csc.itrust2.forms.personnel.PersonnelForm,org.springframework.validation.BindingResult,org.springframework.ui.Model)]] with attributes [[authorize: &apos;hasRole(&apos;ROLE_HCP&apos;) or hasRole(&apos;ROLE_ADMIN&apos;)&apos;, filter: &apos;null&apos;, filterTarget: &apos;null&apos;]]
21:59:39.624 [main] DEBUG o.s.aop.framework.CglibAopProxy - Unable to apply any optimisations to advised method: public java.lang.String edu.ncsu.csc.itrust2.controllers.personnel.UserController.demographicsSubmit(edu.ncsu.csc.itrust2.forms.personnel.PersonnelForm,org.springframework.validation.BindingResult,org.springframework.ui.Model)
21:59:39.624 [main] DEBUG o.s.aop.framework.CglibAopProxy - Found &apos;equals&apos; method: public boolean java.lang.Object.equals(java.lang.Object)
21:59:39.624 [main] DEBUG o.s.aop.framework.CglibAopProxy - Unable to apply any optimisations to advised method: public java.lang.String java.lang.Object.toString()
21:59:39.624 [main] DEBUG o.s.aop.framework.CglibAopProxy - Found &apos;hashCode&apos; method: public native int java.lang.Object.hashCode()
21:59:39.624 [main] DEBUG o.s.aop.framework.CglibAopProxy - Unable to apply any optimisations to advised method: protected native java.lang.Object java.lang.Object.clone() throws java.lang.CloneNotSupportedException
21:59:39.624 [main] DEBUG o.s.aop.framework.CglibAopProxy - Method is declared on Advised interface: public abstract void org.springframework.aop.framework.Advised.setTargetSource(org.springframework.aop.TargetSource)
21:59:39.624 [main] DEBUG o.s.aop.framework.CglibAopProxy - Method is declared on Advised interface: public abstract org.springframework.aop.TargetSource org.springframework.aop.framework.Advised.getTargetSource()
21:59:39.624 [main] DEBUG o.s.aop.framework.CglibAopProxy - Method is declared on Advised interface: public abstract boolean org.springframework.aop.framework.Advised.isProxyTargetClass()
21:59:39.624 [main] DEBUG o.s.aop.framework.CglibAopProxy - Method is declared on Advised interface: public abstract void org.springframework.aop.framework.Advised.addAdvisor(org.springframework.aop.Advisor) throws org.springframework.aop.framework.AopConfigException
21:59:39.624 [main] DEBUG o.s.aop.framework.CglibAopProxy - Method is declared on Advised interface: public abstract void org.springframework.aop.framework.Advised.addAdvisor(int,org.springframework.aop.Advisor) throws org.springframework.aop.framework.AopConfigException
21:59:39.624 [main] DEBUG o.s.aop.framework.CglibAopProxy - Method is declared on Advised interface: public abstract void org.springframework.aop.framework.Advised.setPreFiltered(boolean)
21:59:39.624 [main] DEBUG o.s.aop.framework.CglibAopProxy - Method is declared on Advised interface: public abstract void org.springframework.aop.framework.Advised.setExposeProxy(boolean)
21:59:39.624 [main] DEBUG o.s.aop.framework.CglibAopProxy - Method is declared on Advised interface: public abstract boolean org.springframework.aop.framework.Advised.isExposeProxy()
21:59:39.624 [main] DEBUG o.s.aop.framework.CglibAopProxy - Method is declared on Advised interface: public abstract boolean org.springframework.aop.framework.Advised.isPreFiltered()
21:59:39.624 [main] DEBUG o.s.aop.framework.CglibAopProxy - Method is declared on Advised interface: public abstract java.lang.Class[] org.springframework.aop.framework.Advised.getProxiedInterfaces()
21:59:39.624 [main] DEBUG o.s.aop.framework.CglibAopProxy - Method is declared on Advised interface: public abstract boolean org.springframework.aop.framework.Advised.isInterfaceProxied(java.lang.Class)
21:59:39.624 [main] DEBUG o.s.aop.framework.CglibAopProxy - Method is declared on Advised interface: public abstract org.springframework.aop.Advisor[] org.springframework.aop.framework.Advised.getAdvisors()
21:59:39.624 [main] DEBUG o.s.aop.framework.CglibAopProxy - Method is declared on Advised interface: public abstract void org.springframework.aop.framework.Advised.removeAdvisor(int) throws org.springframework.aop.framework.AopConfigException
21:59:39.624 [main] DEBUG o.s.aop.framework.CglibAopProxy - Method is declared on Advised interface: public abstract boolean org.springframework.aop.framework.Advised.removeAdvisor(org.springframework.aop.Advisor)
21:59:39.624 [main] DEBUG o.s.aop.framework.CglibAopProxy - Method is declared on Advised interface: public abstract boolean org.springframework.aop.framework.Advised.replaceAdvisor(org.springframework.aop.Advisor,org.springframework.aop.Advisor) throws org.springframework.aop.framework.AopConfigException
21:59:39.624 [main] DEBUG o.s.aop.framework.CglibAopProxy - Method is declared on Advised interface: public abstract boolean org.springframework.aop.framework.Advised.removeAdvice(org.aopalliance.aop.Advice)
21:59:39.624 [main] DEBUG o.s.aop.framework.CglibAopProxy - Method is declared on Advised interface: public abstract java.lang.String org.springframework.aop.framework.Advised.toProxyConfigString()
21:59:39.624 [main] DEBUG o.s.aop.framework.CglibAopProxy - Method is declared on Advised interface: public abstract void org.springframework.aop.framework.Advised.addAdvice(int,org.aopalliance.aop.Advice) throws org.springframework.aop.framework.AopConfigException
21:59:39.624 [main] DEBUG o.s.aop.framework.CglibAopProxy - Method is declared on Advised interface: public abstract void org.springframework.aop.framework.Advised.addAdvice(org.aopalliance.aop.Advice) throws org.springframework.aop.framework.AopConfigException
21:59:39.624 [main] DEBUG o.s.aop.framework.CglibAopProxy - Method is declared on Advised interface: public abstract int org.springframework.aop.framework.Advised.indexOf(org.aopalliance.aop.Advice)
21:59:39.624 [main] DEBUG o.s.aop.framework.CglibAopProxy - Method is declared on Advised interface: public abstract int org.springframework.aop.framework.Advised.indexOf(org.springframework.aop.Advisor)
21:59:39.624 [main] DEBUG o.s.aop.framework.CglibAopProxy - Method is declared on Advised interface: public abstract boolean org.springframework.aop.framework.Advised.isFrozen()
21:59:39.624 [main] DEBUG o.s.aop.framework.CglibAopProxy - Method is declared on Advised interface: public abstract java.lang.Class org.springframework.aop.TargetClassAware.getTargetClass()
21:59:39.630 [main] DEBUG o.s.b.f.s.DefaultListableBeanFactory - Finished creating instance of bean &apos;userController&apos;
21:59:39.630 [main] DEBUG o.s.b.f.s.DefaultListableBeanFactory - Returning cached instance of singleton bean &apos;dataSource&apos;
21:59:39.630 [main] DEBUG o.s.b.f.s.DefaultListableBeanFactory - Returning cached instance of singleton bean &apos;org.springframework.security.config.annotation.configuration.ObjectPostProcessorConfiguration&apos;
21:59:39.630 [main] DEBUG o.s.b.f.s.DefaultListableBeanFactory - Returning cached instance of singleton bean &apos;objectPostProcessor&apos;
21:59:39.630 [main] DEBUG o.s.b.f.s.DefaultListableBeanFactory - Returning cached instance of singleton bean &apos;org.springframework.security.config.annotation.authentication.configuration.AuthenticationConfiguration&apos;
21:59:39.630 [main] DEBUG o.s.b.f.s.DefaultListableBeanFactory - Returning cached instance of singleton bean &apos;authenticationManagerBuilder&apos;
21:59:39.630 [main] DEBUG o.s.b.f.s.DefaultListableBeanFactory - Returning cached instance of singleton bean &apos;enableGlobalAuthenticationAutowiredConfigurer&apos;
21:59:39.630 [main] DEBUG o.s.b.f.s.DefaultListableBeanFactory - Returning cached instance of singleton bean &apos;initializeUserDetailsBeanManagerConfigurer&apos;
21:59:39.630 [main] DEBUG o.s.b.f.s.DefaultListableBeanFactory - Returning cached instance of singleton bean &apos;initializeAuthenticationProviderBeanManagerConfigurer&apos;
21:59:39.630 [main] DEBUG o.s.b.f.s.DefaultListableBeanFactory - Creating shared instance of singleton bean &apos;org.springframework.security.config.annotation.web.configuration.WebSecurityConfiguration&apos;
21:59:39.630 [main] DEBUG o.s.b.f.s.DefaultListableBeanFactory - Creating instance of bean &apos;org.springframework.security.config.annotation.web.configuration.WebSecurityConfiguration&apos;
21:59:39.632 [main] DEBUG o.s.b.f.annotation.InjectionMetadata - Registered injected element on class [org.springframework.security.config.annotation.web.configuration.WebSecurityConfiguration$$EnhancerBySpringCGLIB$$150881e6]: AutowiredFieldElement for private org.springframework.security.config.annotation.ObjectPostProcessor org.springframework.security.config.annotation.web.configuration.WebSecurityConfiguration.objectObjectPostProcessor
21:59:39.632 [main] DEBUG o.s.b.f.annotation.InjectionMetadata - Registered injected element on class [org.springframework.security.config.annotation.web.configuration.WebSecurityConfiguration$$EnhancerBySpringCGLIB$$150881e6]: AutowiredMethodElement for public void org.springframework.security.config.annotation.web.configuration.WebSecurityConfiguration.setFilterChainProxySecurityConfigurer(org.springframework.security.config.annotation.ObjectPostProcessor,java.util.List) throws java.lang.Exception
21:59:39.632 [main] DEBUG o.s.b.f.s.DefaultListableBeanFactory - Eagerly caching bean &apos;org.springframework.security.config.annotation.web.configuration.WebSecurityConfiguration&apos; to allow for resolving potential circular references
21:59:39.632 [main] DEBUG o.s.b.f.annotation.InjectionMetadata - Processing injected element of bean &apos;org.springframework.security.config.annotation.web.configuration.WebSecurityConfiguration&apos;: AutowiredFieldElement for private org.springframework.security.config.annotation.ObjectPostProcessor org.springframework.security.config.annotation.web.configuration.WebSecurityConfiguration.objectObjectPostProcessor
21:59:39.632 [main] DEBUG o.s.b.f.s.DefaultListableBeanFactory - Returning cached instance of singleton bean &apos;objectPostProcessor&apos;
21:59:39.632 [main] DEBUG o.s.b.f.a.AutowiredAnnotationBeanPostProcessor - Autowiring by type from bean name &apos;org.springframework.security.config.annotation.web.configuration.WebSecurityConfiguration&apos; to bean named &apos;objectPostProcessor&apos;
21:59:39.632 [main] DEBUG o.s.b.f.annotation.InjectionMetadata - Processing injected element of bean &apos;org.springframework.security.config.annotation.web.configuration.WebSecurityConfiguration&apos;: AutowiredMethodElement for public void org.springframework.security.config.annotation.web.configuration.WebSecurityConfiguration.setFilterChainProxySecurityConfigurer(org.springframework.security.config.annotation.ObjectPostProcessor,java.util.List) throws java.lang.Exception
21:59:39.632 [main] DEBUG o.s.b.f.s.DefaultListableBeanFactory - Returning cached instance of singleton bean &apos;objectPostProcessor&apos;
21:59:39.633 [main] DEBUG o.s.b.f.s.DefaultListableBeanFactory - Creating shared instance of singleton bean &apos;autowiredWebSecurityConfigurersIgnoreParents&apos;
21:59:39.633 [main] DEBUG o.s.b.f.s.DefaultListableBeanFactory - Creating instance of bean &apos;autowiredWebSecurityConfigurersIgnoreParents&apos;
21:59:39.633 [main] DEBUG o.s.b.f.s.DefaultListableBeanFactory - Returning cached instance of singleton bean &apos;metaDataSourceAdvisor&apos;
21:59:39.634 [main] DEBUG o.s.b.f.s.DefaultListableBeanFactory - Returning eagerly cached instance of singleton bean &apos;org.springframework.security.config.annotation.web.configuration.WebSecurityConfiguration&apos; that is not fully initialized yet - a consequence of a circular reference
21:59:39.635 [main] DEBUG o.s.b.f.s.DefaultListableBeanFactory - Autowiring by type from bean name &apos;autowiredWebSecurityConfigurersIgnoreParents&apos; via factory method to bean named &apos;org.springframework.beans.factory.support.DefaultListableBeanFactory@608a27a2&apos;
21:59:39.635 [main] DEBUG o.s.b.f.s.DefaultListableBeanFactory - Eagerly caching bean &apos;autowiredWebSecurityConfigurersIgnoreParents&apos; to allow for resolving potential circular references
21:59:39.635 [main] DEBUG o.s.b.f.s.DefaultListableBeanFactory - Returning cached instance of singleton bean &apos;metaDataSourceAdvisor&apos;
21:59:39.635 [main] DEBUG o.s.b.f.s.DefaultListableBeanFactory - Finished creating instance of bean &apos;autowiredWebSecurityConfigurersIgnoreParents&apos;
21:59:39.635 [main] DEBUG o.s.b.f.s.DefaultListableBeanFactory - Returning cached instance of singleton bean &apos;securityConfig&apos;
21:59:39.635 [main] DEBUG o.s.b.f.a.AutowiredAnnotationBeanPostProcessor - Autowiring by type from bean name &apos;org.springframework.security.config.annotation.web.configuration.WebSecurityConfiguration&apos; to bean named &apos;objectPostProcessor&apos;
21:59:39.635 [main] DEBUG o.s.b.f.s.DefaultListableBeanFactory - Returning cached instance of singleton bean &apos;metaDataSourceAdvisor&apos;
21:59:39.639 [main] DEBUG o.s.b.f.s.DefaultListableBeanFactory - Returning cached instance of singleton bean &apos;org.springframework.context.annotation.ConfigurationClassPostProcessor.importRegistry&apos;
21:59:39.639 [main] DEBUG o.s.b.f.s.DefaultListableBeanFactory - Finished creating instance of bean &apos;org.springframework.security.config.annotation.web.configuration.WebSecurityConfiguration&apos;
21:59:39.639 [main] DEBUG o.s.b.f.s.DefaultListableBeanFactory - Creating shared instance of singleton bean &apos;delegatingApplicationListener&apos;
21:59:39.639 [main] DEBUG o.s.b.f.s.DefaultListableBeanFactory - Creating instance of bean &apos;delegatingApplicationListener&apos;
21:59:39.639 [main] DEBUG o.s.b.f.s.DefaultListableBeanFactory - Eagerly caching bean &apos;delegatingApplicationListener&apos; to allow for resolving potential circular references
21:59:39.639 [main] DEBUG o.s.b.f.s.DefaultListableBeanFactory - Returning cached instance of singleton bean &apos;metaDataSourceAdvisor&apos;
21:59:39.640 [main] DEBUG o.s.b.f.s.DefaultListableBeanFactory - Finished creating instance of bean &apos;delegatingApplicationListener&apos;
21:59:39.640 [main] DEBUG o.s.b.f.s.DefaultListableBeanFactory - Creating shared instance of singleton bean &apos;springSecurityFilterChain&apos;
21:59:39.640 [main] DEBUG o.s.b.f.s.DefaultListableBeanFactory - Creating instance of bean &apos;springSecurityFilterChain&apos;
21:59:39.640 [main] DEBUG o.s.b.f.s.DefaultListableBeanFactory - Returning cached instance of singleton bean &apos;org.springframework.security.config.annotation.web.configuration.WebSecurityConfiguration&apos;
21:59:39.640 [main] DEBUG o.s.b.f.s.DefaultListableBeanFactory - Returning cached instance of singleton bean &apos;metaDataSourceAdvisor&apos;
21:59:39.640 [main] DEBUG o.s.b.f.s.DefaultListableBeanFactory - Returning cached instance of singleton bean &apos;webMvcConfiguration&apos;
21:59:39.640 [main] DEBUG o.s.b.f.s.DefaultListableBeanFactory - Returning cached instance of singleton bean &apos;securityConfig&apos;
21:59:39.640 [main] DEBUG o.s.s.c.a.a.c.AuthenticationConfiguration$EnableGlobalAuthenticationAutowiredConfigurer - Eagerly initializing {webMvcConfiguration=edu.ncsu.csc.itrust2.mvc.config.WebMvcConfiguration$$EnhancerBySpringCGLIB$$de7b09d5@1dd184c7, securityConfig=edu.ncsu.csc.itrust2.config.SecurityConfig$$EnhancerBySpringCGLIB$$f88fd361@18a3fe72}
21:59:39.641 [main] DEBUG o.s.b.f.s.DefaultListableBeanFactory - Invoking afterPropertiesSet() on bean with name &apos;org.springframework.security.authentication.dao.DaoAuthenticationProvider@14e84269&apos;
21:59:39.641 [main] DEBUG o.s.b.f.s.DefaultListableBeanFactory - Returning cached instance of singleton bean &apos;metaDataSourceAdvisor&apos;
21:59:39.642 [main] DEBUG o.s.b.f.s.DefaultListableBeanFactory - Invoking afterPropertiesSet() on bean with name &apos;org.springframework.security.authentication.ProviderManager@3757edb0&apos;
21:59:39.642 [main] DEBUG o.s.b.f.s.DefaultListableBeanFactory - Returning cached instance of singleton bean &apos;metaDataSourceAdvisor&apos;
21:59:39.643 [main] DEBUG o.s.b.f.s.DefaultListableBeanFactory - Returning cached instance of singleton bean &apos;authenticationManagerBuilder&apos;
21:59:39.644 [main] DEBUG o.s.w.c.s.StandardServletEnvironment - Adding [servletConfigInitParams] PropertySource with lowest search precedence
21:59:39.644 [main] DEBUG o.s.w.c.s.StandardServletEnvironment - Adding [servletContextInitParams] PropertySource with lowest search precedence
21:59:39.644 [main] DEBUG o.s.w.c.s.StandardServletEnvironment - Adding [systemProperties] PropertySource with lowest search precedence
21:59:39.644 [main] DEBUG o.s.w.c.s.StandardServletEnvironment - Adding [systemEnvironment] PropertySource with lowest search precedence
21:59:39.644 [main] DEBUG o.s.w.c.s.StandardServletEnvironment - Initialized StandardServletEnvironment with PropertySources [servletConfigInitParams,servletContextInitParams,systemProperties,systemEnvironment]
21:59:39.644 [main] DEBUG o.s.w.c.s.StandardServletEnvironment - Adding [servletConfigInitParams] PropertySource with lowest search precedence
21:59:39.644 [main] DEBUG o.s.w.c.s.StandardServletEnvironment - Adding [servletContextInitParams] PropertySource with lowest search precedence
21:59:39.644 [main] DEBUG o.s.w.c.s.StandardServletEnvironment - Adding [systemProperties] PropertySource with lowest search precedence
21:59:39.644 [main] DEBUG o.s.w.c.s.StandardServletEnvironment - Adding [systemEnvironment] PropertySource with lowest search precedence
21:59:39.644 [main] DEBUG o.s.w.c.s.StandardServletEnvironment - Initialized StandardServletEnvironment with PropertySources [servletConfigInitParams,servletContextInitParams,systemProperties,systemEnvironment]
21:59:39.644 [main] DEBUG o.s.w.c.s.StandardServletEnvironment - Adding [servletConfigInitParams] PropertySource with lowest search precedence
21:59:39.644 [main] DEBUG o.s.w.c.s.StandardServletEnvironment - Adding [servletContextInitParams] PropertySource with lowest search precedence
21:59:39.644 [main] DEBUG o.s.w.c.s.StandardServletEnvironment - Adding [systemProperties] PropertySource with lowest search precedence
21:59:39.644 [main] DEBUG o.s.w.c.s.StandardServletEnvironment - Adding [systemEnvironment] PropertySource with lowest search precedence
21:59:39.644 [main] DEBUG o.s.w.c.s.StandardServletEnvironment - Initialized StandardServletEnvironment with PropertySources [servletConfigInitParams,servletContextInitParams,systemProperties,systemEnvironment]
21:59:39.645 [main] DEBUG o.s.b.f.s.DefaultListableBeanFactory - Creating shared instance of singleton bean &apos;ipBlockFilter&apos;
21:59:39.645 [main] DEBUG o.s.b.f.s.DefaultListableBeanFactory - Creating instance of bean &apos;ipBlockFilter&apos;
21:59:39.645 [main] DEBUG o.s.b.f.s.DefaultListableBeanFactory - Returning cached instance of singleton bean &apos;securityConfig&apos;
21:59:39.645 [main] DEBUG o.s.w.c.s.StandardServletEnvironment - Adding [servletConfigInitParams] PropertySource with lowest search precedence
21:59:39.646 [main] DEBUG o.s.w.c.s.StandardServletEnvironment - Adding [servletContextInitParams] PropertySource with lowest search precedence
21:59:39.646 [main] DEBUG o.s.w.c.s.StandardServletEnvironment - Adding [systemProperties] PropertySource with lowest search precedence
21:59:39.646 [main] DEBUG o.s.w.c.s.StandardServletEnvironment - Adding [systemEnvironment] PropertySource with lowest search precedence
21:59:39.646 [main] DEBUG o.s.w.c.s.StandardServletEnvironment - Initialized StandardServletEnvironment with PropertySources [servletConfigInitParams,servletContextInitParams,systemProperties,systemEnvironment]
21:59:39.646 [main] DEBUG o.s.b.f.s.DefaultListableBeanFactory - Eagerly caching bean &apos;ipBlockFilter&apos; to allow for resolving potential circular references
21:59:39.648 [main] DEBUG o.s.b.f.s.DefaultListableBeanFactory - Invoking afterPropertiesSet() on bean with name &apos;ipBlockFilter&apos;
21:59:39.648 [main] DEBUG o.s.b.f.s.DefaultListableBeanFactory - Returning cached instance of singleton bean &apos;metaDataSourceAdvisor&apos;
21:59:39.648 [main] DEBUG o.s.b.f.s.DefaultListableBeanFactory - Finished creating instance of bean &apos;ipBlockFilter&apos;
21:59:39.648 [main] DEBUG o.s.w.c.s.StandardServletEnvironment - Adding [servletConfigInitParams] PropertySource with lowest search precedence
21:59:39.648 [main] DEBUG o.s.w.c.s.StandardServletEnvironment - Adding [servletContextInitParams] PropertySource with lowest search precedence
21:59:39.648 [main] DEBUG o.s.w.c.s.StandardServletEnvironment - Adding [systemProperties] PropertySource with lowest search precedence
21:59:39.648 [main] DEBUG o.s.w.c.s.StandardServletEnvironment - Adding [systemEnvironment] PropertySource with lowest search precedence
21:59:39.648 [main] DEBUG o.s.w.c.s.StandardServletEnvironment - Initialized StandardServletEnvironment with PropertySources [servletConfigInitParams,servletContextInitParams,systemProperties,systemEnvironment]
21:59:39.648 [main] DEBUG o.s.b.f.s.DefaultListableBeanFactory - Retrieved dependent beans for bean &apos;springSecurityFilterChain&apos;: [webSecurityExpressionHandler]
21:59:39.648 [main] WARN  o.s.w.c.s.GenericWebApplicationContext - Exception encountered during context initialization - cancelling refresh attempt: org.springframework.beans.factory.BeanCreationException: Error creating bean with name &apos;springSecurityFilterChain&apos; defined in class path resource [org/springframework/security/config/annotation/web/configuration/WebSecurityConfiguration.class]: Bean instantiation via factory method failed; nested exception is org.springframework.beans.BeanInstantiationException: Failed to instantiate [javax.servlet.Filter]: Factory method &apos;springSecurityFilterChain&apos; threw exception; nested exception is java.lang.IllegalArgumentException: &apos;Savings Account?error&apos; is not a valid redirect URL
21:59:39.649 [main] DEBUG o.s.b.f.s.DefaultListableBeanFactory - Destroying singletons in org.springframework.beans.factory.support.DefaultListableBeanFactory@608a27a2: defining beans [org.springframework.context.annotation.internalConfigurationAnnotationProcessor,org.springframework.context.annotation.internalAutowiredAnnotationProcessor,org.springframework.context.annotation.internalRequiredAnnotationProcessor,org.springframework.context.annotation.internalCommonAnnotationProcessor,org.springframework.context.annotation.internalPersistenceAnnotationProcessor,org.springframework.context.event.internalEventListenerProcessor,org.springframework.context.event.internalEventListenerFactory,rootConfiguration,webMvcConfiguration,dataConfiguration,loginAuditingListener,securityConfig,defaultController,adminController,adminUserController,hospitalController,ICDCodesController,APIAppointmentRequestController,APIDiagnosisController,APIDrugController,APIEnumController,APIHospitalController,APIICDCodeController,APILogEntryController,APIOfficeVisitController,APIPasswordController,APIPatientController,APIPersonnelController,APIPrescriptionController,APIUserController,appointmentControllerHCP,HCPController,officeVisitController,appointmentController,diagnosesController,patientController,passwordController,userController,dataSource,org.springframework.security.config.annotation.configuration.ObjectPostProcessorConfiguration,objectPostProcessor,org.springframework.security.config.annotation.authentication.configuration.AuthenticationConfiguration,authenticationManagerBuilder,enableGlobalAuthenticationAutowiredConfigurer,initializeUserDetailsBeanManagerConfigurer,initializeAuthenticationProviderBeanManagerConfigurer,org.springframework.security.config.annotation.web.configuration.WebSecurityConfiguration,delegatingApplicationListener,webSecurityExpressionHandler,springSecurityFilterChain,privilegeEvaluator,autowiredWebSecurityConfigurersIgnoreParents,org.springframework.security.config.annotation.web.configuration.WebMvcSecurityConfiguration,requestDataValueProcessor,passwordEncoder,defaultAuthenticationEventPublisher,failureHandler,ipBlockFilter,org.springframework.web.servlet.config.annotation.DelegatingWebMvcConfiguration,mvcConversionService,requestMappingHandlerMapping,mvcPathMatcher,mvcUrlPathHelper,mvcContentNegotiationManager,viewControllerHandlerMapping,beanNameHandlerMapping,resourceHandlerMapping,mvcResourceUrlProvider,defaultServletHandlerMapping,requestMappingHandlerAdapter,mvcValidator,mvcUriComponentsContributor,httpRequestHandlerAdapter,simpleControllerHandlerAdapter,handlerExceptionResolver,mvcViewResolver,org.springframework.security.config.annotation.method.configuration.GlobalMethodSecurityConfiguration,methodSecurityInterceptor,methodSecurityMetadataSource,preInvocationAuthorizationAdvice,viewResolver,templateEngine,domainClassConverter,metaDataSourceAdvisor,org.springframework.aop.config.internalAutoProxyCreator]; root of factory hierarchy
21:59:39.649 [main] DEBUG o.s.b.f.s.DisposableBeanAdapter - Invoking destroy() on bean with name &apos;ipBlockFilter&apos;
21:59:39.649 [main] DEBUG o.s.b.f.s.DefaultListableBeanFactory - Retrieved dependent beans for bean &apos;objectPostProcessor&apos;: [org.springframework.security.config.annotation.method.configuration.GlobalMethodSecurityConfiguration, securityConfig, org.springframework.security.config.annotation.authentication.configuration.AuthenticationConfiguration, authenticationManagerBuilder, org.springframework.security.config.annotation.web.configuration.WebSecurityConfiguration]
21:59:39.649 [main] DEBUG o.s.b.f.s.DisposableBeanAdapter - Invoking destroy() on bean with name &apos;objectPostProcessor&apos;
21:59:39.650 [main] ERROR o.s.test.context.TestContextManager - Caught exception while allowing TestExecutionListener [org.springframework.test.context.web.ServletTestExecutionListener@758bd34f] to prepare test instance [edu.ncsu.csc.itrust2.apitest.APIOfficeVisitTest@74f39ad3]
java.lang.IllegalStateException: Failed to load ApplicationContext
	at org.springframework.test.context.cache.DefaultCacheAwareContextLoaderDelegate.loadContext(DefaultCacheAwareContextLoaderDelegate.java:124) ~[spring-test-4.3.5.RELEASE.jar:4.3.5.RELEASE]
	at org.springframework.test.context.support.DefaultTestContext.getApplicationContext(DefaultTestContext.java:83) ~[spring-test-4.3.5.RELEASE.jar:4.3.5.RELEASE]
	at org.springframework.test.context.web.ServletTestExecutionListener.setUpRequestContextIfNecessary(ServletTestExecutionListener.java:189) ~[spring-test-4.3.5.RELEASE.jar:4.3.5.RELEASE]
	at org.springframework.test.context.web.ServletTestExecutionListener.prepareTestInstance(ServletTestExecutionListener.java:131) ~[spring-test-4.3.5.RELEASE.jar:4.3.5.RELEASE]
	at org.springframework.test.context.TestContextManager.prepareTestInstance(TestContextManager.java:230) ~[spring-test-4.3.5.RELEASE.jar:4.3.5.RELEASE]
	at org.springframework.test.context.junit4.SpringJUnit4ClassRunner.createTest(SpringJUnit4ClassRunner.java:228) [spring-test-4.3.5.RELEASE.jar:4.3.5.RELEASE]
	at org.springframework.test.context.junit4.SpringJUnit4ClassRunner$1.runReflectiveCall(SpringJUnit4ClassRunner.java:287) [spring-test-4.3.5.RELEASE.jar:4.3.5.RELEASE]
	at org.junit.internal.runners.model.ReflectiveCallable.run(ReflectiveCallable.java:12) [junit-4.12.jar:4.12]
	at org.springframework.test.context.junit4.SpringJUnit4ClassRunner.methodBlock(SpringJUnit4ClassRunner.java:289) [spring-test-4.3.5.RELEASE.jar:4.3.5.RELEASE]
	at org.springframework.test.context.junit4.SpringJUnit4ClassRunner.runChild(SpringJUnit4ClassRunner.java:247) [spring-test-4.3.5.RELEASE.jar:4.3.5.RELEASE]
	at org.springframework.test.context.junit4.SpringJUnit4ClassRunner.runChild(SpringJUnit4ClassRunner.java:94) [spring-test-4.3.5.RELEASE.jar:4.3.5.RELEASE]
	at org.junit.runners.ParentRunner$3.run(ParentRunner.java:290) [junit-4.12.jar:4.12]
	at org.junit.runners.ParentRunner$1.schedule(ParentRunner.java:71) [junit-4.12.jar:4.12]
	at org.junit.runners.ParentRunner.runChildren(ParentRunner.java:288) [junit-4.12.jar:4.12]
	at org.junit.runners.ParentRunner.access$000(ParentRunner.java:58) [junit-4.12.jar:4.12]
	at org.junit.runners.ParentRunner$2.evaluate(ParentRunner.java:268) [junit-4.12.jar:4.12]
	at org.springframework.test.context.junit4.statements.RunBeforeTestClassCallbacks.evaluate(RunBeforeTestClassCallbacks.java:61) [spring-test-4.3.5.RELEASE.jar:4.3.5.RELEASE]
	at org.springframework.test.context.junit4.statements.RunAfterTestClassCallbacks.evaluate(RunAfterTestClassCallbacks.java:70) [spring-test-4.3.5.RELEASE.jar:4.3.5.RELEASE]
	at org.junit.runners.ParentRunner.run(ParentRunner.java:363) [junit-4.12.jar:4.12]
	at org.springframework.test.context.junit4.SpringJUnit4ClassRunner.run(SpringJUnit4ClassRunner.java:191) [spring-test-4.3.5.RELEASE.jar:4.3.5.RELEASE]
	at org.apache.maven.surefire.junit4.JUnit4Provider.execute(JUnit4Provider.java:365) [surefire-junit4-2.20.jar:2.20]
	at org.apache.maven.surefire.junit4.JUnit4Provider.executeWithRerun(JUnit4Provider.java:272) [surefire-junit4-2.20.jar:2.20]
	at org.apache.maven.surefire.junit4.JUnit4Provider.executeTestSet(JUnit4Provider.java:236) [surefire-junit4-2.20.jar:2.20]
	at org.apache.maven.surefire.junit4.JUnit4Provider.invoke(JUnit4Provider.java:159) [surefire-junit4-2.20.jar:2.20]
	at org.apache.maven.surefire.booter.ForkedBooter.invokeProviderInSameClassLoader(ForkedBooter.java:386) [surefire-booter-2.20.jar:2.20]
	at org.apache.maven.surefire.booter.ForkedBooter.runSuitesInProcess(ForkedBooter.java:323) [surefire-booter-2.20.jar:2.20]
	at org.apache.maven.surefire.booter.ForkedBooter.main(ForkedBooter.java:143) [surefire-booter-2.20.jar:2.20]
Caused by: org.springframework.beans.factory.BeanCreationException: Error creating bean with name &apos;springSecurityFilterChain&apos; defined in class path resource [org/springframework/security/config/annotation/web/configuration/WebSecurityConfiguration.class]: Bean instantiation via factory method failed; nested exception is org.springframework.beans.BeanInstantiationException: Failed to instantiate [javax.servlet.Filter]: Factory method &apos;springSecurityFilterChain&apos; threw exception; nested exception is java.lang.IllegalArgumentException: &apos;Savings Account?error&apos; is not a valid redirect URL
	at org.springframework.beans.factory.support.ConstructorResolver.instantiateUsingFactoryMethod(ConstructorResolver.java:599) ~[spring-beans-4.3.5.RELEASE.jar:4.3.5.RELEASE]
	at org.springframework.beans.factory.support.AbstractAutowireCapableBeanFactory.instantiateUsingFactoryMethod(AbstractAutowireCapableBeanFactory.java:1134) ~[spring-beans-4.3.5.RELEASE.jar:4.3.5.RELEASE]
	at org.springframework.beans.factory.support.AbstractAutowireCapableBeanFactory.createBeanInstance(AbstractAutowireCapableBeanFactory.java:1028) ~[spring-beans-4.3.5.RELEASE.jar:4.3.5.RELEASE]
	at org.springframework.beans.factory.support.AbstractAutowireCapableBeanFactory.doCreateBean(AbstractAutowireCapableBeanFactory.java:513) ~[spring-beans-4.3.5.RELEASE.jar:4.3.5.RELEASE]
	at org.springframework.beans.factory.support.AbstractAutowireCapableBeanFactory.createBean(AbstractAutowireCapableBeanFactory.java:483) ~[spring-beans-4.3.5.RELEASE.jar:4.3.5.RELEASE]
	at org.springframework.beans.factory.support.AbstractBeanFactory$1.getObject(AbstractBeanFactory.java:306) ~[spring-beans-4.3.5.RELEASE.jar:4.3.5.RELEASE]
	at org.springframework.beans.factory.support.DefaultSingletonBeanRegistry.getSingleton(DefaultSingletonBeanRegistry.java:230) ~[spring-beans-4.3.5.RELEASE.jar:4.3.5.RELEASE]
	at org.springframework.beans.factory.support.AbstractBeanFactory.doGetBean(AbstractBeanFactory.java:302) ~[spring-beans-4.3.5.RELEASE.jar:4.3.5.RELEASE]
	at org.springframework.beans.factory.support.AbstractBeanFactory.getBean(AbstractBeanFactory.java:197) ~[spring-beans-4.3.5.RELEASE.jar:4.3.5.RELEASE]
	at org.springframework.beans.factory.support.AbstractBeanFactory.doGetBean(AbstractBeanFactory.java:296) ~[spring-beans-4.3.5.RELEASE.jar:4.3.5.RELEASE]
	at org.springframework.beans.factory.support.AbstractBeanFactory.getBean(AbstractBeanFactory.java:197) ~[spring-beans-4.3.5.RELEASE.jar:4.3.5.RELEASE]
	at org.springframework.beans.factory.support.DefaultListableBeanFactory.preInstantiateSingletons(DefaultListableBeanFactory.java:759) ~[spring-beans-4.3.5.RELEASE.jar:4.3.5.RELEASE]
	at org.springframework.context.support.AbstractApplicationContext.finishBeanFactoryInitialization(AbstractApplicationContext.java:866) ~[spring-context-4.3.5.RELEASE.jar:4.3.5.RELEASE]
	at org.springframework.context.support.AbstractApplicationContext.refresh(AbstractApplicationContext.java:542) ~[spring-context-4.3.5.RELEASE.jar:4.3.5.RELEASE]
	at org.springframework.test.context.web.AbstractGenericWebContextLoader.loadContext(AbstractGenericWebContextLoader.java:134) ~[spring-test-4.3.5.RELEASE.jar:4.3.5.RELEASE]
	at org.springframework.test.context.web.AbstractGenericWebContextLoader.loadContext(AbstractGenericWebContextLoader.java:61) ~[spring-test-4.3.5.RELEASE.jar:4.3.5.RELEASE]
	at org.springframework.test.context.support.AbstractDelegatingSmartContextLoader.delegateLoading(AbstractDelegatingSmartContextLoader.java:108) ~[spring-test-4.3.5.RELEASE.jar:4.3.5.RELEASE]
	at org.springframework.test.context.support.AbstractDelegatingSmartContextLoader.loadContext(AbstractDelegatingSmartContextLoader.java:251) ~[spring-test-4.3.5.RELEASE.jar:4.3.5.RELEASE]
	at org.springframework.test.context.cache.DefaultCacheAwareContextLoaderDelegate.loadContextInternal(DefaultCacheAwareContextLoaderDelegate.java:98) ~[spring-test-4.3.5.RELEASE.jar:4.3.5.RELEASE]
	at org.springframework.test.context.cache.DefaultCacheAwareContextLoaderDelegate.loadContext(DefaultCacheAwareContextLoaderDelegate.java:116) ~[spring-test-4.3.5.RELEASE.jar:4.3.5.RELEASE]
	... 26 common frames omitted
Caused by: org.springframework.beans.BeanInstantiationException: Failed to instantiate [javax.servlet.Filter]: Factory method &apos;springSecurityFilterChain&apos; threw exception; nested exception is java.lang.IllegalArgumentException: &apos;Savings Account?error&apos; is not a valid redirect URL
	at org.springframework.beans.factory.support.SimpleInstantiationStrategy.instantiate(SimpleInstantiationStrategy.java:189) ~[spring-beans-4.3.5.RELEASE.jar:4.3.5.RELEASE]
	at org.springframework.beans.factory.support.ConstructorResolver.instantiateUsingFactoryMethod(ConstructorResolver.java:588) ~[spring-beans-4.3.5.RELEASE.jar:4.3.5.RELEASE]
	... 45 common frames omitted
Caused by: java.lang.IllegalArgumentException: &apos;Savings Account?error&apos; is not a valid redirect URL
	at org.springframework.util.Assert.isTrue(Assert.java:68) ~[spring-core-4.3.5.RELEASE.jar:4.3.5.RELEASE]
	at org.springframework.security.web.authentication.SimpleUrlAuthenticationFailureHandler.setDefaultFailureUrl(SimpleUrlAuthenticationFailureHandler.java:125) ~[spring-security-web-4.2.2.RELEASE.jar:4.2.2.RELEASE]
	at org.springframework.security.web.authentication.SimpleUrlAuthenticationFailureHandler.&lt;init&gt;(SimpleUrlAuthenticationFailureHandler.java:60) ~[spring-security-web-4.2.2.RELEASE.jar:4.2.2.RELEASE]
	at org.springframework.security.config.annotation.web.configurers.AbstractAuthenticationFilterConfigurer.failureUrl(AbstractAuthenticationFilterConfigurer.java:206) ~[spring-security-config-4.2.2.RELEASE.jar:4.2.2.RELEASE]
	at org.springframework.security.config.annotation.web.configurers.AbstractAuthenticationFilterConfigurer.updateAuthenticationDefaults(AbstractAuthenticationFilterConfigurer.java:368) ~[spring-security-config-4.2.2.RELEASE.jar:4.2.2.RELEASE]
	at org.springframework.security.config.annotation.web.configurers.AbstractAuthenticationFilterConfigurer.loginPage(AbstractAuthenticationFilterConfigurer.java:308) ~[spring-security-config-4.2.2.RELEASE.jar:4.2.2.RELEASE]
	at org.springframework.security.config.annotation.web.configurers.FormLoginConfigurer.loginPage(FormLoginConfigurer.java:183) ~[spring-security-config-4.2.2.RELEASE.jar:4.2.2.RELEASE]
	at edu.ncsu.csc.itrust2.config.SecurityConfig.configure(SecurityConfig.java:89) ~[classes/:na]
	at org.springframework.security.config.annotation.web.configuration.WebSecurityConfigurerAdapter.getHttp(WebSecurityConfigurerAdapter.java:224) ~[spring-security-config-4.2.2.RELEASE.jar:4.2.2.RELEASE]
	at org.springframework.security.config.annotation.web.configuration.WebSecurityConfigurerAdapter.init(WebSecurityConfigurerAdapter.java:315) ~[spring-security-config-4.2.2.RELEASE.jar:4.2.2.RELEASE]
	at org.springframework.security.config.annotation.web.configuration.WebSecurityConfigurerAdapter.init(WebSecurityConfigurerAdapter.java:86) ~[spring-security-config-4.2.2.RELEASE.jar:4.2.2.RELEASE]
	at edu.ncsu.csc.itrust2.config.SecurityConfig$$EnhancerBySpringCGLIB$$f88fd361.init(&lt;generated&gt;) ~[classes/:na]
	at org.springframework.security.config.annotation.AbstractConfiguredSecurityBuilder.init(AbstractConfiguredSecurityBuilder.java:371) ~[spring-security-config-4.2.2.RELEASE.jar:4.2.2.RELEASE]
	at org.springframework.security.config.annotation.AbstractConfiguredSecurityBuilder.doBuild(AbstractConfiguredSecurityBuilder.java:325) ~[spring-security-config-4.2.2.RELEASE.jar:4.2.2.RELEASE]
	at org.springframework.security.config.annotation.AbstractSecurityBuilder.build(AbstractSecurityBuilder.java:41) ~[spring-security-config-4.2.2.RELEASE.jar:4.2.2.RELEASE]
	at org.springframework.security.config.annotation.web.configuration.WebSecurityConfiguration.springSecurityFilterChain(WebSecurityConfiguration.java:104) ~[spring-security-config-4.2.2.RELEASE.jar:4.2.2.RELEASE]
	at org.springframework.security.config.annotation.web.configuration.WebSecurityConfiguration$$EnhancerBySpringCGLIB$$150881e6.CGLIB$springSecurityFilterChain$4(&lt;generated&gt;) ~[spring-security-config-4.2.2.RELEASE.jar:4.2.2.RELEASE]
	at org.springframework.security.config.annotation.web.configuration.WebSecurityConfiguration$$EnhancerBySpringCGLIB$$150881e6$$FastClassBySpringCGLIB$$f9839e81.invoke(&lt;generated&gt;) ~[spring-security-config-4.2.2.RELEASE.jar:4.2.2.RELEASE]
	at org.springframework.cglib.proxy.MethodProxy.invokeSuper(MethodProxy.java:228) ~[spring-core-4.3.5.RELEASE.jar:4.3.5.RELEASE]
	at org.springframework.context.annotation.ConfigurationClassEnhancer$BeanMethodInterceptor.intercept(ConfigurationClassEnhancer.java:356) ~[spring-context-4.3.5.RELEASE.jar:4.3.5.RELEASE]
	at org.springframework.security.config.annotation.web.configuration.WebSecurityConfiguration$$EnhancerBySpringCGLIB$$150881e6.springSecurityFilterChain(&lt;generated&gt;) ~[spring-security-config-4.2.2.RELEASE.jar:4.2.2.RELEASE]
	at sun.reflect.NativeMethodAccessorImpl.invoke0(Native Method) ~[na:1.8.0_151]
	at sun.reflect.NativeMethodAccessorImpl.invoke(NativeMethodAccessorImpl.java:62) ~[na:1.8.0_151]
	at sun.reflect.DelegatingMethodAccessorImpl.invoke(DelegatingMethodAccessorImpl.java:43) ~[na:1.8.0_151]
	at java.lang.reflect.Method.invoke(Method.java:498) ~[na:1.8.0_151]
	at org.springframework.beans.factory.support.SimpleInstantiationStrategy.instantiate(SimpleInstantiationStrategy.java:162) ~[spring-beans-4.3.5.RELEASE.jar:4.3.5.RELEASE]
	... 46 common frames omitted
</stdout>
          <failedSince>1</failedSince>
        </case>
        <case>
          <duration>0.0</duration>
          <className>edu.ncsu.csc.itrust2.apitest.APIOfficeVisitTest</className>
          <testName>testGetNonExistentOfficeVisit</testName>
          <skipped>false</skipped>
          <errorStackTrace>java.lang.IllegalStateException: Failed to load ApplicationContext
Caused by: org.springframework.beans.factory.BeanCreationException: Error creating bean with name &apos;springSecurityFilterChain&apos; defined in class path resource [org/springframework/security/config/annotation/web/configuration/WebSecurityConfiguration.class]: Bean instantiation via factory method failed; nested exception is org.springframework.beans.BeanInstantiationException: Failed to instantiate [javax.servlet.Filter]: Factory method &apos;springSecurityFilterChain&apos; threw exception; nested exception is java.lang.IllegalArgumentException: &apos;Savings Account?error&apos; is not a valid redirect URL
Caused by: org.springframework.beans.BeanInstantiationException: Failed to instantiate [javax.servlet.Filter]: Factory method &apos;springSecurityFilterChain&apos; threw exception; nested exception is java.lang.IllegalArgumentException: &apos;Savings Account?error&apos; is not a valid redirect URL
Caused by: java.lang.IllegalArgumentException: &apos;Savings Account?error&apos; is not a valid redirect URL
</errorStackTrace>
          <errorDetails>Failed to load ApplicationContext</errorDetails>
          <stdout>21:59:39.650 [main] DEBUG o.s.t.annotation.ProfileValueUtils - Retrieved @ProfileValueSourceConfiguration [null] for test class [edu.ncsu.csc.itrust2.apitest.APIOfficeVisitTest]
21:59:39.650 [main] DEBUG o.s.t.annotation.ProfileValueUtils - Retrieved ProfileValueSource type [class org.springframework.test.annotation.SystemProfileValueSource] for class [edu.ncsu.csc.itrust2.apitest.APIOfficeVisitTest]
21:59:39.650 [main] DEBUG o.s.t.c.s.AbstractDelegatingSmartContextLoader - Delegating to AnnotationConfigWebContextLoader to load context from [WebMergedContextConfiguration@3b45f335 testClass = APIOfficeVisitTest, locations = &apos;{}&apos;, classes = &apos;{class edu.ncsu.csc.itrust2.config.RootConfiguration, class edu.ncsu.csc.itrust2.mvc.config.WebMvcConfiguration}&apos;, contextInitializerClasses = &apos;[]&apos;, activeProfiles = &apos;{}&apos;, propertySourceLocations = &apos;{}&apos;, propertySourceProperties = &apos;{}&apos;, contextCustomizers = set[[empty]], resourceBasePath = &apos;src/main/webapp&apos;, contextLoader = &apos;org.springframework.test.context.web.WebDelegatingSmartContextLoader&apos;, parent = [null]].
21:59:39.651 [main] DEBUG o.s.t.c.w.AbstractGenericWebContextLoader - Loading WebApplicationContext for merged context configuration [WebMergedContextConfiguration@3b45f335 testClass = APIOfficeVisitTest, locations = &apos;{}&apos;, classes = &apos;{class edu.ncsu.csc.itrust2.config.RootConfiguration, class edu.ncsu.csc.itrust2.mvc.config.WebMvcConfiguration}&apos;, contextInitializerClasses = &apos;[]&apos;, activeProfiles = &apos;{}&apos;, propertySourceLocations = &apos;{}&apos;, propertySourceProperties = &apos;{}&apos;, contextCustomizers = set[[empty]], resourceBasePath = &apos;src/main/webapp&apos;, contextLoader = &apos;org.springframework.test.context.web.WebDelegatingSmartContextLoader&apos;, parent = [null]].
21:59:39.651 [main] DEBUG o.s.w.c.s.StandardServletEnvironment - Adding [servletConfigInitParams] PropertySource with lowest search precedence
21:59:39.651 [main] DEBUG o.s.w.c.s.StandardServletEnvironment - Adding [servletContextInitParams] PropertySource with lowest search precedence
21:59:39.651 [main] DEBUG o.s.w.c.s.StandardServletEnvironment - Adding [systemProperties] PropertySource with lowest search precedence
21:59:39.651 [main] DEBUG o.s.w.c.s.StandardServletEnvironment - Adding [systemEnvironment] PropertySource with lowest search precedence
21:59:39.651 [main] DEBUG o.s.w.c.s.StandardServletEnvironment - Initialized StandardServletEnvironment with PropertySources [servletConfigInitParams,servletContextInitParams,systemProperties,systemEnvironment]
21:59:39.651 [main] DEBUG o.s.t.c.w.AnnotationConfigWebContextLoader - Registering annotated classes: {class edu.ncsu.csc.itrust2.config.RootConfiguration, class edu.ncsu.csc.itrust2.mvc.config.WebMvcConfiguration}
21:59:39.652 [main] INFO  o.s.w.c.s.GenericWebApplicationContext - Refreshing org.springframework.web.context.support.GenericWebApplicationContext@2f4c9a05: startup date [Thu Mar 22 21:59:39 UTC 2018]; root of context hierarchy
21:59:39.652 [main] DEBUG o.s.w.c.s.StandardServletEnvironment - Replacing [servletContextInitParams] PropertySource with [servletContextInitParams]
21:59:39.652 [main] DEBUG o.s.w.c.s.GenericWebApplicationContext - Bean factory for org.springframework.web.context.support.GenericWebApplicationContext@2f4c9a05: org.springframework.beans.factory.support.DefaultListableBeanFactory@4fd47883: defining beans [org.springframework.context.annotation.internalConfigurationAnnotationProcessor,org.springframework.context.annotation.internalAutowiredAnnotationProcessor,org.springframework.context.annotation.internalRequiredAnnotationProcessor,org.springframework.context.annotation.internalCommonAnnotationProcessor,org.springframework.context.annotation.internalPersistenceAnnotationProcessor,org.springframework.context.event.internalEventListenerProcessor,org.springframework.context.event.internalEventListenerFactory,rootConfiguration,webMvcConfiguration]; root of factory hierarchy
21:59:39.652 [main] DEBUG o.s.b.f.s.DefaultListableBeanFactory - Registering scope &apos;request&apos; with implementation [org.springframework.web.context.request.RequestScope@378cd260]
21:59:39.652 [main] DEBUG o.s.b.f.s.DefaultListableBeanFactory - Registering scope &apos;session&apos; with implementation [org.springframework.web.context.request.SessionScope@7c5bfa26]
21:59:39.652 [main] DEBUG o.s.b.f.s.DefaultListableBeanFactory - Registering scope &apos;globalSession&apos; with implementation [org.springframework.web.context.request.SessionScope@10a7854e]
21:59:39.652 [main] DEBUG o.s.b.f.s.DefaultListableBeanFactory - Registering scope &apos;application&apos; with implementation [org.springframework.web.context.support.ServletContextScope@40c412a5]
21:59:39.652 [main] DEBUG o.s.b.f.s.DefaultListableBeanFactory - Creating shared instance of singleton bean &apos;org.springframework.context.annotation.internalConfigurationAnnotationProcessor&apos;
21:59:39.652 [main] DEBUG o.s.b.f.s.DefaultListableBeanFactory - Creating instance of bean &apos;org.springframework.context.annotation.internalConfigurationAnnotationProcessor&apos;
21:59:39.652 [main] DEBUG o.s.b.f.s.DefaultListableBeanFactory - Eagerly caching bean &apos;org.springframework.context.annotation.internalConfigurationAnnotationProcessor&apos; to allow for resolving potential circular references
21:59:39.652 [main] DEBUG o.s.b.f.s.DefaultListableBeanFactory - Finished creating instance of bean &apos;org.springframework.context.annotation.internalConfigurationAnnotationProcessor&apos;
21:59:39.653 [main] DEBUG o.s.core.env.StandardEnvironment - Adding [systemProperties] PropertySource with lowest search precedence
21:59:39.653 [main] DEBUG o.s.core.env.StandardEnvironment - Adding [systemEnvironment] PropertySource with lowest search precedence
21:59:39.653 [main] DEBUG o.s.core.env.StandardEnvironment - Initialized StandardEnvironment with PropertySources [systemProperties,systemEnvironment]
21:59:39.653 [main] DEBUG o.s.c.i.s.PathMatchingResourcePatternResolver - Resolved classpath location [edu/ncsu/csc/itrust2/config/] to resources [URL [file:/var/lib/jenkins/jobs/iTrust_Fuzzer/workspace/iTrust2/target/classes/edu/ncsu/csc/itrust2/config/]]
21:59:39.653 [main] DEBUG o.s.c.i.s.PathMatchingResourcePatternResolver - Looking for matching resources in directory tree [/var/lib/jenkins/jobs/iTrust_Fuzzer/workspace/iTrust2/target/classes/edu/ncsu/csc/itrust2/config]
21:59:39.654 [main] DEBUG o.s.c.i.s.PathMatchingResourcePatternResolver - Searching directory [/var/lib/jenkins/jobs/iTrust_Fuzzer/workspace/iTrust2/target/classes/edu/ncsu/csc/itrust2/config] for files matching pattern [/var/lib/jenkins/jobs/iTrust_Fuzzer/workspace/iTrust2/target/classes/edu/ncsu/csc/itrust2/config/**/*.class]
21:59:39.654 [main] DEBUG o.s.c.i.s.PathMatchingResourcePatternResolver - Resolved location pattern [classpath*:edu/ncsu/csc/itrust2/config/**/*.class] to resources [file [/var/lib/jenkins/jobs/iTrust_Fuzzer/workspace/iTrust2/target/classes/edu/ncsu/csc/itrust2/config/ContextListener.class], file [/var/lib/jenkins/jobs/iTrust_Fuzzer/workspace/iTrust2/target/classes/edu/ncsu/csc/itrust2/config/DataConfiguration.class], file [/var/lib/jenkins/jobs/iTrust_Fuzzer/workspace/iTrust2/target/classes/edu/ncsu/csc/itrust2/config/FailureHandler.class], file [/var/lib/jenkins/jobs/iTrust_Fuzzer/workspace/iTrust2/target/classes/edu/ncsu/csc/itrust2/config/IPFilter.class], file [/var/lib/jenkins/jobs/iTrust_Fuzzer/workspace/iTrust2/target/classes/edu/ncsu/csc/itrust2/config/ITrust2ApplicationInitializer.class], file [/var/lib/jenkins/jobs/iTrust_Fuzzer/workspace/iTrust2/target/classes/edu/ncsu/csc/itrust2/config/ITrust2WebApplicationInitializer.class], file [/var/lib/jenkins/jobs/iTrust_Fuzzer/workspace/iTrust2/target/classes/edu/ncsu/csc/itrust2/config/LoginAuditingListener.class], file [/var/lib/jenkins/jobs/iTrust_Fuzzer/workspace/iTrust2/target/classes/edu/ncsu/csc/itrust2/config/RootConfiguration.class], file [/var/lib/jenkins/jobs/iTrust_Fuzzer/workspace/iTrust2/target/classes/edu/ncsu/csc/itrust2/config/SecurityConfig.class]]
21:59:39.654 [main] DEBUG o.s.c.a.ClassPathBeanDefinitionScanner - Identified candidate component class: file [/var/lib/jenkins/jobs/iTrust_Fuzzer/workspace/iTrust2/target/classes/edu/ncsu/csc/itrust2/config/DataConfiguration.class]
21:59:39.654 [main] DEBUG o.s.c.a.ClassPathBeanDefinitionScanner - Identified candidate component class: file [/var/lib/jenkins/jobs/iTrust_Fuzzer/workspace/iTrust2/target/classes/edu/ncsu/csc/itrust2/config/LoginAuditingListener.class]
21:59:39.655 [main] DEBUG o.s.c.a.ClassPathBeanDefinitionScanner - Identified candidate component class: file [/var/lib/jenkins/jobs/iTrust_Fuzzer/workspace/iTrust2/target/classes/edu/ncsu/csc/itrust2/config/SecurityConfig.class]
21:59:39.663 [main] DEBUG o.s.core.env.StandardEnvironment - Adding [systemProperties] PropertySource with lowest search precedence
21:59:39.663 [main] DEBUG o.s.core.env.StandardEnvironment - Adding [systemEnvironment] PropertySource with lowest search precedence
21:59:39.663 [main] DEBUG o.s.core.env.StandardEnvironment - Initialized StandardEnvironment with PropertySources [systemProperties,systemEnvironment]
21:59:39.664 [main] DEBUG o.s.c.i.s.PathMatchingResourcePatternResolver - Resolved classpath location [edu/ncsu/csc/itrust2/controllers/] to resources [URL [file:/var/lib/jenkins/jobs/iTrust_Fuzzer/workspace/iTrust2/target/classes/edu/ncsu/csc/itrust2/controllers/]]
21:59:39.664 [main] DEBUG o.s.c.i.s.PathMatchingResourcePatternResolver - Looking for matching resources in directory tree [/var/lib/jenkins/jobs/iTrust_Fuzzer/workspace/iTrust2/target/classes/edu/ncsu/csc/itrust2/controllers]
21:59:39.664 [main] DEBUG o.s.c.i.s.PathMatchingResourcePatternResolver - Searching directory [/var/lib/jenkins/jobs/iTrust_Fuzzer/workspace/iTrust2/target/classes/edu/ncsu/csc/itrust2/controllers] for files matching pattern [/var/lib/jenkins/jobs/iTrust_Fuzzer/workspace/iTrust2/target/classes/edu/ncsu/csc/itrust2/controllers/**/*.class]
21:59:39.664 [main] DEBUG o.s.c.i.s.PathMatchingResourcePatternResolver - Searching directory [/var/lib/jenkins/jobs/iTrust_Fuzzer/workspace/iTrust2/target/classes/edu/ncsu/csc/itrust2/controllers/admin] for files matching pattern [/var/lib/jenkins/jobs/iTrust_Fuzzer/workspace/iTrust2/target/classes/edu/ncsu/csc/itrust2/controllers/**/*.class]
21:59:39.664 [main] DEBUG o.s.c.i.s.PathMatchingResourcePatternResolver - Searching directory [/var/lib/jenkins/jobs/iTrust_Fuzzer/workspace/iTrust2/target/classes/edu/ncsu/csc/itrust2/controllers/api] for files matching pattern [/var/lib/jenkins/jobs/iTrust_Fuzzer/workspace/iTrust2/target/classes/edu/ncsu/csc/itrust2/controllers/**/*.class]
21:59:39.664 [main] DEBUG o.s.c.i.s.PathMatchingResourcePatternResolver - Searching directory [/var/lib/jenkins/jobs/iTrust_Fuzzer/workspace/iTrust2/target/classes/edu/ncsu/csc/itrust2/controllers/api/comm] for files matching pattern [/var/lib/jenkins/jobs/iTrust_Fuzzer/workspace/iTrust2/target/classes/edu/ncsu/csc/itrust2/controllers/**/*.class]
21:59:39.664 [main] DEBUG o.s.c.i.s.PathMatchingResourcePatternResolver - Searching directory [/var/lib/jenkins/jobs/iTrust_Fuzzer/workspace/iTrust2/target/classes/edu/ncsu/csc/itrust2/controllers/hcp] for files matching pattern [/var/lib/jenkins/jobs/iTrust_Fuzzer/workspace/iTrust2/target/classes/edu/ncsu/csc/itrust2/controllers/**/*.class]
21:59:39.664 [main] DEBUG o.s.c.i.s.PathMatchingResourcePatternResolver - Searching directory [/var/lib/jenkins/jobs/iTrust_Fuzzer/workspace/iTrust2/target/classes/edu/ncsu/csc/itrust2/controllers/patient] for files matching pattern [/var/lib/jenkins/jobs/iTrust_Fuzzer/workspace/iTrust2/target/classes/edu/ncsu/csc/itrust2/controllers/**/*.class]
21:59:39.664 [main] DEBUG o.s.c.i.s.PathMatchingResourcePatternResolver - Searching directory [/var/lib/jenkins/jobs/iTrust_Fuzzer/workspace/iTrust2/target/classes/edu/ncsu/csc/itrust2/controllers/personnel] for files matching pattern [/var/lib/jenkins/jobs/iTrust_Fuzzer/workspace/iTrust2/target/classes/edu/ncsu/csc/itrust2/controllers/**/*.class]
21:59:39.665 [main] DEBUG o.s.c.i.s.PathMatchingResourcePatternResolver - Resolved location pattern [classpath*:edu/ncsu/csc/itrust2/controllers/**/*.class] to resources [file [/var/lib/jenkins/jobs/iTrust_Fuzzer/workspace/iTrust2/target/classes/edu/ncsu/csc/itrust2/controllers/DefaultController.class], file [/var/lib/jenkins/jobs/iTrust_Fuzzer/workspace/iTrust2/target/classes/edu/ncsu/csc/itrust2/controllers/admin/AdminController.class], file [/var/lib/jenkins/jobs/iTrust_Fuzzer/workspace/iTrust2/target/classes/edu/ncsu/csc/itrust2/controllers/admin/AdminUserController$1.class], file [/var/lib/jenkins/jobs/iTrust_Fuzzer/workspace/iTrust2/target/classes/edu/ncsu/csc/itrust2/controllers/admin/AdminUserController.class], file [/var/lib/jenkins/jobs/iTrust_Fuzzer/workspace/iTrust2/target/classes/edu/ncsu/csc/itrust2/controllers/admin/HospitalController.class], file [/var/lib/jenkins/jobs/iTrust_Fuzzer/workspace/iTrust2/target/classes/edu/ncsu/csc/itrust2/controllers/admin/ICDCodesController.class], file [/var/lib/jenkins/jobs/iTrust_Fuzzer/workspace/iTrust2/target/classes/edu/ncsu/csc/itrust2/controllers/api/APIAppointmentRequestController.class], file [/var/lib/jenkins/jobs/iTrust_Fuzzer/workspace/iTrust2/target/classes/edu/ncsu/csc/itrust2/controllers/api/APIController$JSONResponse.class], file [/var/lib/jenkins/jobs/iTrust_Fuzzer/workspace/iTrust2/target/classes/edu/ncsu/csc/itrust2/controllers/api/APIController.class], file [/var/lib/jenkins/jobs/iTrust_Fuzzer/workspace/iTrust2/target/classes/edu/ncsu/csc/itrust2/controllers/api/APIDiagnosisController.class], file [/var/lib/jenkins/jobs/iTrust_Fuzzer/workspace/iTrust2/target/classes/edu/ncsu/csc/itrust2/controllers/api/APIDrugController.class], file [/var/lib/jenkins/jobs/iTrust_Fuzzer/workspace/iTrust2/target/classes/edu/ncsu/csc/itrust2/controllers/api/APIEnumController.class], file [/var/lib/jenkins/jobs/iTrust_Fuzzer/workspace/iTrust2/target/classes/edu/ncsu/csc/itrust2/controllers/api/APIHospitalController.class], file [/var/lib/jenkins/jobs/iTrust_Fuzzer/workspace/iTrust2/target/classes/edu/ncsu/csc/itrust2/controllers/api/APIICDCodeController.class], file [/var/lib/jenkins/jobs/iTrust_Fuzzer/workspace/iTrust2/target/classes/edu/ncsu/csc/itrust2/controllers/api/APILogEntryController.class], file [/var/lib/jenkins/jobs/iTrust_Fuzzer/workspace/iTrust2/target/classes/edu/ncsu/csc/itrust2/controllers/api/APIOfficeVisitController.class], file [/var/lib/jenkins/jobs/iTrust_Fuzzer/workspace/iTrust2/target/classes/edu/ncsu/csc/itrust2/controllers/api/APIPasswordController.class], file [/var/lib/jenkins/jobs/iTrust_Fuzzer/workspace/iTrust2/target/classes/edu/ncsu/csc/itrust2/controllers/api/APIPatientController.class], file [/var/lib/jenkins/jobs/iTrust_Fuzzer/workspace/iTrust2/target/classes/edu/ncsu/csc/itrust2/controllers/api/APIPersonnelController.class], file [/var/lib/jenkins/jobs/iTrust_Fuzzer/workspace/iTrust2/target/classes/edu/ncsu/csc/itrust2/controllers/api/APIPrescriptionController.class], file [/var/lib/jenkins/jobs/iTrust_Fuzzer/workspace/iTrust2/target/classes/edu/ncsu/csc/itrust2/controllers/api/APIUserController.class], file [/var/lib/jenkins/jobs/iTrust_Fuzzer/workspace/iTrust2/target/classes/edu/ncsu/csc/itrust2/controllers/api/comm/LogEntryRequestBody.class], file [/var/lib/jenkins/jobs/iTrust_Fuzzer/workspace/iTrust2/target/classes/edu/ncsu/csc/itrust2/controllers/api/comm/LogEntryTableRow.class], file [/var/lib/jenkins/jobs/iTrust_Fuzzer/workspace/iTrust2/target/classes/edu/ncsu/csc/itrust2/controllers/hcp/AppointmentControllerHCP.class], file [/var/lib/jenkins/jobs/iTrust_Fuzzer/workspace/iTrust2/target/classes/edu/ncsu/csc/itrust2/controllers/hcp/HCPController.class], file [/var/lib/jenkins/jobs/iTrust_Fuzzer/workspace/iTrust2/target/classes/edu/ncsu/csc/itrust2/controllers/hcp/OfficeVisitController.class], file [/var/lib/jenkins/jobs/iTrust_Fuzzer/workspace/iTrust2/target/classes/edu/ncsu/csc/itrust2/controllers/patient/AppointmentController.class], file [/var/lib/jenkins/jobs/iTrust_Fuzzer/workspace/iTrust2/target/classes/edu/ncsu/csc/itrust2/controllers/patient/DiagnosesController.class], file [/var/lib/jenkins/jobs/iTrust_Fuzzer/workspace/iTrust2/target/classes/edu/ncsu/csc/itrust2/controllers/patient/PatientController.class], file [/var/lib/jenkins/jobs/iTrust_Fuzzer/workspace/iTrust2/target/classes/edu/ncsu/csc/itrust2/controllers/personnel/PasswordController.class], file [/var/lib/jenkins/jobs/iTrust_Fuzzer/workspace/iTrust2/target/classes/edu/ncsu/csc/itrust2/controllers/personnel/UserController.class]]
21:59:39.665 [main] DEBUG o.s.c.a.ClassPathBeanDefinitionScanner - Identified candidate component class: file [/var/lib/jenkins/jobs/iTrust_Fuzzer/workspace/iTrust2/target/classes/edu/ncsu/csc/itrust2/controllers/DefaultController.class]
21:59:39.665 [main] DEBUG o.s.c.a.ClassPathBeanDefinitionScanner - Identified candidate component class: file [/var/lib/jenkins/jobs/iTrust_Fuzzer/workspace/iTrust2/target/classes/edu/ncsu/csc/itrust2/controllers/admin/AdminController.class]
21:59:39.665 [main] DEBUG o.s.c.a.ClassPathBeanDefinitionScanner - Identified candidate component class: file [/var/lib/jenkins/jobs/iTrust_Fuzzer/workspace/iTrust2/target/classes/edu/ncsu/csc/itrust2/controllers/admin/AdminUserController.class]
21:59:39.665 [main] DEBUG o.s.c.a.ClassPathBeanDefinitionScanner - Identified candidate component class: file [/var/lib/jenkins/jobs/iTrust_Fuzzer/workspace/iTrust2/target/classes/edu/ncsu/csc/itrust2/controllers/admin/HospitalController.class]
21:59:39.666 [main] DEBUG o.s.c.a.ClassPathBeanDefinitionScanner - Identified candidate component class: file [/var/lib/jenkins/jobs/iTrust_Fuzzer/workspace/iTrust2/target/classes/edu/ncsu/csc/itrust2/controllers/admin/ICDCodesController.class]
21:59:39.666 [main] DEBUG o.s.c.a.ClassPathBeanDefinitionScanner - Identified candidate component class: file [/var/lib/jenkins/jobs/iTrust_Fuzzer/workspace/iTrust2/target/classes/edu/ncsu/csc/itrust2/controllers/api/APIAppointmentRequestController.class]
21:59:39.666 [main] DEBUG o.s.c.a.ClassPathBeanDefinitionScanner - Identified candidate component class: file [/var/lib/jenkins/jobs/iTrust_Fuzzer/workspace/iTrust2/target/classes/edu/ncsu/csc/itrust2/controllers/api/APIDiagnosisController.class]
21:59:39.666 [main] DEBUG o.s.c.a.ClassPathBeanDefinitionScanner - Identified candidate component class: file [/var/lib/jenkins/jobs/iTrust_Fuzzer/workspace/iTrust2/target/classes/edu/ncsu/csc/itrust2/controllers/api/APIDrugController.class]
21:59:39.667 [main] DEBUG o.s.c.a.ClassPathBeanDefinitionScanner - Identified candidate component class: file [/var/lib/jenkins/jobs/iTrust_Fuzzer/workspace/iTrust2/target/classes/edu/ncsu/csc/itrust2/controllers/api/APIEnumController.class]
21:59:39.667 [main] DEBUG o.s.c.a.ClassPathBeanDefinitionScanner - Identified candidate component class: file [/var/lib/jenkins/jobs/iTrust_Fuzzer/workspace/iTrust2/target/classes/edu/ncsu/csc/itrust2/controllers/api/APIHospitalController.class]
21:59:39.668 [main] DEBUG o.s.c.a.ClassPathBeanDefinitionScanner - Identified candidate component class: file [/var/lib/jenkins/jobs/iTrust_Fuzzer/workspace/iTrust2/target/classes/edu/ncsu/csc/itrust2/controllers/api/APIICDCodeController.class]
21:59:39.668 [main] DEBUG o.s.c.a.ClassPathBeanDefinitionScanner - Identified candidate component class: file [/var/lib/jenkins/jobs/iTrust_Fuzzer/workspace/iTrust2/target/classes/edu/ncsu/csc/itrust2/controllers/api/APILogEntryController.class]
21:59:39.668 [main] DEBUG o.s.c.a.ClassPathBeanDefinitionScanner - Identified candidate component class: file [/var/lib/jenkins/jobs/iTrust_Fuzzer/workspace/iTrust2/target/classes/edu/ncsu/csc/itrust2/controllers/api/APIOfficeVisitController.class]
21:59:39.669 [main] DEBUG o.s.c.a.ClassPathBeanDefinitionScanner - Identified candidate component class: file [/var/lib/jenkins/jobs/iTrust_Fuzzer/workspace/iTrust2/target/classes/edu/ncsu/csc/itrust2/controllers/api/APIPasswordController.class]
21:59:39.669 [main] DEBUG o.s.c.a.ClassPathBeanDefinitionScanner - Identified candidate component class: file [/var/lib/jenkins/jobs/iTrust_Fuzzer/workspace/iTrust2/target/classes/edu/ncsu/csc/itrust2/controllers/api/APIPatientController.class]
21:59:39.669 [main] DEBUG o.s.c.a.ClassPathBeanDefinitionScanner - Identified candidate component class: file [/var/lib/jenkins/jobs/iTrust_Fuzzer/workspace/iTrust2/target/classes/edu/ncsu/csc/itrust2/controllers/api/APIPersonnelController.class]
21:59:39.670 [main] DEBUG o.s.c.a.ClassPathBeanDefinitionScanner - Identified candidate component class: file [/var/lib/jenkins/jobs/iTrust_Fuzzer/workspace/iTrust2/target/classes/edu/ncsu/csc/itrust2/controllers/api/APIPrescriptionController.class]
21:59:39.670 [main] DEBUG o.s.c.a.ClassPathBeanDefinitionScanner - Identified candidate component class: file [/var/lib/jenkins/jobs/iTrust_Fuzzer/workspace/iTrust2/target/classes/edu/ncsu/csc/itrust2/controllers/api/APIUserController.class]
21:59:39.670 [main] DEBUG o.s.c.a.ClassPathBeanDefinitionScanner - Identified candidate component class: file [/var/lib/jenkins/jobs/iTrust_Fuzzer/workspace/iTrust2/target/classes/edu/ncsu/csc/itrust2/controllers/hcp/AppointmentControllerHCP.class]
21:59:39.670 [main] DEBUG o.s.c.a.ClassPathBeanDefinitionScanner - Identified candidate component class: file [/var/lib/jenkins/jobs/iTrust_Fuzzer/workspace/iTrust2/target/classes/edu/ncsu/csc/itrust2/controllers/hcp/HCPController.class]
21:59:39.671 [main] DEBUG o.s.c.a.ClassPathBeanDefinitionScanner - Identified candidate component class: file [/var/lib/jenkins/jobs/iTrust_Fuzzer/workspace/iTrust2/target/classes/edu/ncsu/csc/itrust2/controllers/hcp/OfficeVisitController.class]
21:59:39.671 [main] DEBUG o.s.c.a.ClassPathBeanDefinitionScanner - Identified candidate component class: file [/var/lib/jenkins/jobs/iTrust_Fuzzer/workspace/iTrust2/target/classes/edu/ncsu/csc/itrust2/controllers/patient/AppointmentController.class]
21:59:39.671 [main] DEBUG o.s.c.a.ClassPathBeanDefinitionScanner - Identified candidate component class: file [/var/lib/jenkins/jobs/iTrust_Fuzzer/workspace/iTrust2/target/classes/edu/ncsu/csc/itrust2/controllers/patient/DiagnosesController.class]
21:59:39.671 [main] DEBUG o.s.c.a.ClassPathBeanDefinitionScanner - Identified candidate component class: file [/var/lib/jenkins/jobs/iTrust_Fuzzer/workspace/iTrust2/target/classes/edu/ncsu/csc/itrust2/controllers/patient/PatientController.class]
21:59:39.671 [main] DEBUG o.s.c.a.ClassPathBeanDefinitionScanner - Identified candidate component class: file [/var/lib/jenkins/jobs/iTrust_Fuzzer/workspace/iTrust2/target/classes/edu/ncsu/csc/itrust2/controllers/personnel/PasswordController.class]
21:59:39.672 [main] DEBUG o.s.c.a.ClassPathBeanDefinitionScanner - Identified candidate component class: file [/var/lib/jenkins/jobs/iTrust_Fuzzer/workspace/iTrust2/target/classes/edu/ncsu/csc/itrust2/controllers/personnel/UserController.class]
21:59:39.672 [main] DEBUG o.s.c.i.s.PathMatchingResourcePatternResolver - Resolved classpath location [edu/ncsu/csc/itrust2/config/] to resources [URL [file:/var/lib/jenkins/jobs/iTrust_Fuzzer/workspace/iTrust2/target/classes/edu/ncsu/csc/itrust2/config/]]
21:59:39.672 [main] DEBUG o.s.c.i.s.PathMatchingResourcePatternResolver - Looking for matching resources in directory tree [/var/lib/jenkins/jobs/iTrust_Fuzzer/workspace/iTrust2/target/classes/edu/ncsu/csc/itrust2/config]
21:59:39.672 [main] DEBUG o.s.c.i.s.PathMatchingResourcePatternResolver - Searching directory [/var/lib/jenkins/jobs/iTrust_Fuzzer/workspace/iTrust2/target/classes/edu/ncsu/csc/itrust2/config] for files matching pattern [/var/lib/jenkins/jobs/iTrust_Fuzzer/workspace/iTrust2/target/classes/edu/ncsu/csc/itrust2/config/**/*.class]
21:59:39.672 [main] DEBUG o.s.c.i.s.PathMatchingResourcePatternResolver - Resolved location pattern [classpath*:edu/ncsu/csc/itrust2/config/**/*.class] to resources [file [/var/lib/jenkins/jobs/iTrust_Fuzzer/workspace/iTrust2/target/classes/edu/ncsu/csc/itrust2/config/ContextListener.class], file [/var/lib/jenkins/jobs/iTrust_Fuzzer/workspace/iTrust2/target/classes/edu/ncsu/csc/itrust2/config/DataConfiguration.class], file [/var/lib/jenkins/jobs/iTrust_Fuzzer/workspace/iTrust2/target/classes/edu/ncsu/csc/itrust2/config/FailureHandler.class], file [/var/lib/jenkins/jobs/iTrust_Fuzzer/workspace/iTrust2/target/classes/edu/ncsu/csc/itrust2/config/IPFilter.class], file [/var/lib/jenkins/jobs/iTrust_Fuzzer/workspace/iTrust2/target/classes/edu/ncsu/csc/itrust2/config/ITrust2ApplicationInitializer.class], file [/var/lib/jenkins/jobs/iTrust_Fuzzer/workspace/iTrust2/target/classes/edu/ncsu/csc/itrust2/config/ITrust2WebApplicationInitializer.class], file [/var/lib/jenkins/jobs/iTrust_Fuzzer/workspace/iTrust2/target/classes/edu/ncsu/csc/itrust2/config/LoginAuditingListener.class], file [/var/lib/jenkins/jobs/iTrust_Fuzzer/workspace/iTrust2/target/classes/edu/ncsu/csc/itrust2/config/RootConfiguration.class], file [/var/lib/jenkins/jobs/iTrust_Fuzzer/workspace/iTrust2/target/classes/edu/ncsu/csc/itrust2/config/SecurityConfig.class]]
21:59:39.673 [main] DEBUG o.s.c.a.ClassPathBeanDefinitionScanner - Identified candidate component class: file [/var/lib/jenkins/jobs/iTrust_Fuzzer/workspace/iTrust2/target/classes/edu/ncsu/csc/itrust2/config/DataConfiguration.class]
21:59:39.673 [main] DEBUG o.s.c.a.ClassPathBeanDefinitionScanner - Identified candidate component class: file [/var/lib/jenkins/jobs/iTrust_Fuzzer/workspace/iTrust2/target/classes/edu/ncsu/csc/itrust2/config/LoginAuditingListener.class]
21:59:39.673 [main] DEBUG o.s.c.a.ClassPathBeanDefinitionScanner - Identified candidate component class: file [/var/lib/jenkins/jobs/iTrust_Fuzzer/workspace/iTrust2/target/classes/edu/ncsu/csc/itrust2/config/RootConfiguration.class]
21:59:39.695 [main] DEBUG o.s.c.a.ClassPathBeanDefinitionScanner - Identified candidate component class: file [/var/lib/jenkins/jobs/iTrust_Fuzzer/workspace/iTrust2/target/classes/edu/ncsu/csc/itrust2/config/SecurityConfig.class]
21:59:39.712 [main] DEBUG o.s.c.a.ConfigurationClassBeanDefinitionReader - Registering bean definition for @Bean method edu.ncsu.csc.itrust2.config.DataConfiguration.dataSource()
21:59:39.712 [main] DEBUG o.s.c.a.ConfigurationClassBeanDefinitionReader - Registered bean definition for imported class &apos;org.springframework.security.config.annotation.configuration.ObjectPostProcessorConfiguration&apos;
21:59:39.712 [main] DEBUG o.s.c.a.ConfigurationClassBeanDefinitionReader - Registering bean definition for @Bean method org.springframework.security.config.annotation.configuration.ObjectPostProcessorConfiguration.objectPostProcessor()
21:59:39.712 [main] DEBUG o.s.c.a.ConfigurationClassBeanDefinitionReader - Registered bean definition for imported class &apos;org.springframework.security.config.annotation.authentication.configuration.AuthenticationConfiguration&apos;
21:59:39.712 [main] DEBUG o.s.c.a.ConfigurationClassBeanDefinitionReader - Registering bean definition for @Bean method org.springframework.security.config.annotation.authentication.configuration.AuthenticationConfiguration.authenticationManagerBuilder()
21:59:39.712 [main] DEBUG o.s.c.a.ConfigurationClassBeanDefinitionReader - Registering bean definition for @Bean method org.springframework.security.config.annotation.authentication.configuration.AuthenticationConfiguration.enableGlobalAuthenticationAutowiredConfigurer()
21:59:39.712 [main] DEBUG o.s.c.a.ConfigurationClassBeanDefinitionReader - Registering bean definition for @Bean method org.springframework.security.config.annotation.authentication.configuration.AuthenticationConfiguration.initializeUserDetailsBeanManagerConfigurer()
21:59:39.713 [main] DEBUG o.s.c.a.ConfigurationClassBeanDefinitionReader - Registering bean definition for @Bean method org.springframework.security.config.annotation.authentication.configuration.AuthenticationConfiguration.initializeAuthenticationProviderBeanManagerConfigurer()
21:59:39.713 [main] DEBUG o.s.c.a.ConfigurationClassBeanDefinitionReader - Registered bean definition for imported class &apos;org.springframework.security.config.annotation.web.configuration.WebSecurityConfiguration&apos;
21:59:39.713 [main] DEBUG o.s.c.a.ConfigurationClassBeanDefinitionReader - Registering bean definition for @Bean method org.springframework.security.config.annotation.web.configuration.WebSecurityConfiguration.delegatingApplicationListener()
21:59:39.713 [main] DEBUG o.s.c.a.ConfigurationClassBeanDefinitionReader - Registering bean definition for @Bean method org.springframework.security.config.annotation.web.configuration.WebSecurityConfiguration.webSecurityExpressionHandler()
21:59:39.713 [main] DEBUG o.s.c.a.ConfigurationClassBeanDefinitionReader - Registering bean definition for @Bean method org.springframework.security.config.annotation.web.configuration.WebSecurityConfiguration.springSecurityFilterChain()
21:59:39.713 [main] DEBUG o.s.c.a.ConfigurationClassBeanDefinitionReader - Registering bean definition for @Bean method org.springframework.security.config.annotation.web.configuration.WebSecurityConfiguration.privilegeEvaluator()
21:59:39.713 [main] DEBUG o.s.c.a.ConfigurationClassBeanDefinitionReader - Registering bean definition for @Bean method org.springframework.security.config.annotation.web.configuration.WebSecurityConfiguration.autowiredWebSecurityConfigurersIgnoreParents()
21:59:39.713 [main] DEBUG o.s.c.a.ConfigurationClassBeanDefinitionReader - Registered bean definition for imported class &apos;org.springframework.security.config.annotation.web.configuration.WebMvcSecurityConfiguration&apos;
21:59:39.713 [main] DEBUG o.s.c.a.ConfigurationClassBeanDefinitionReader - Registering bean definition for @Bean method org.springframework.security.config.annotation.web.configuration.WebMvcSecurityConfiguration.requestDataValueProcessor()
21:59:39.713 [main] DEBUG o.s.c.a.ConfigurationClassBeanDefinitionReader - Registering bean definition for @Bean method edu.ncsu.csc.itrust2.config.SecurityConfig.passwordEncoder()
21:59:39.713 [main] DEBUG o.s.c.a.ConfigurationClassBeanDefinitionReader - Registering bean definition for @Bean method edu.ncsu.csc.itrust2.config.SecurityConfig.defaultAuthenticationEventPublisher()
21:59:39.713 [main] DEBUG o.s.c.a.ConfigurationClassBeanDefinitionReader - Registering bean definition for @Bean method edu.ncsu.csc.itrust2.config.SecurityConfig.failureHandler()
21:59:39.713 [main] DEBUG o.s.c.a.ConfigurationClassBeanDefinitionReader - Registering bean definition for @Bean method edu.ncsu.csc.itrust2.config.SecurityConfig.ipBlockFilter()
21:59:39.713 [main] DEBUG o.s.c.a.ConfigurationClassBeanDefinitionReader - Registered bean definition for imported class &apos;org.springframework.web.servlet.config.annotation.DelegatingWebMvcConfiguration&apos;
21:59:39.713 [main] DEBUG o.s.c.a.ConfigurationClassBeanDefinitionReader - Registering bean definition for @Bean method org.springframework.web.servlet.config.annotation.DelegatingWebMvcConfiguration.mvcConversionService()
21:59:39.713 [main] DEBUG o.s.c.a.ConfigurationClassBeanDefinitionReader - Registering bean definition for @Bean method org.springframework.web.servlet.config.annotation.DelegatingWebMvcConfiguration.requestMappingHandlerMapping()
21:59:39.713 [main] DEBUG o.s.c.a.ConfigurationClassBeanDefinitionReader - Registering bean definition for @Bean method org.springframework.web.servlet.config.annotation.DelegatingWebMvcConfiguration.mvcPathMatcher()
21:59:39.713 [main] DEBUG o.s.c.a.ConfigurationClassBeanDefinitionReader - Registering bean definition for @Bean method org.springframework.web.servlet.config.annotation.DelegatingWebMvcConfiguration.mvcUrlPathHelper()
21:59:39.713 [main] DEBUG o.s.c.a.ConfigurationClassBeanDefinitionReader - Registering bean definition for @Bean method org.springframework.web.servlet.config.annotation.DelegatingWebMvcConfiguration.mvcContentNegotiationManager()
21:59:39.713 [main] DEBUG o.s.c.a.ConfigurationClassBeanDefinitionReader - Registering bean definition for @Bean method org.springframework.web.servlet.config.annotation.DelegatingWebMvcConfiguration.viewControllerHandlerMapping()
21:59:39.713 [main] DEBUG o.s.c.a.ConfigurationClassBeanDefinitionReader - Registering bean definition for @Bean method org.springframework.web.servlet.config.annotation.DelegatingWebMvcConfiguration.beanNameHandlerMapping()
21:59:39.713 [main] DEBUG o.s.c.a.ConfigurationClassBeanDefinitionReader - Registering bean definition for @Bean method org.springframework.web.servlet.config.annotation.DelegatingWebMvcConfiguration.resourceHandlerMapping()
21:59:39.713 [main] DEBUG o.s.c.a.ConfigurationClassBeanDefinitionReader - Registering bean definition for @Bean method org.springframework.web.servlet.config.annotation.DelegatingWebMvcConfiguration.mvcResourceUrlProvider()
21:59:39.713 [main] DEBUG o.s.c.a.ConfigurationClassBeanDefinitionReader - Registering bean definition for @Bean method org.springframework.web.servlet.config.annotation.DelegatingWebMvcConfiguration.defaultServletHandlerMapping()
21:59:39.713 [main] DEBUG o.s.c.a.ConfigurationClassBeanDefinitionReader - Registering bean definition for @Bean method org.springframework.web.servlet.config.annotation.DelegatingWebMvcConfiguration.requestMappingHandlerAdapter()
21:59:39.714 [main] DEBUG o.s.c.a.ConfigurationClassBeanDefinitionReader - Registering bean definition for @Bean method org.springframework.web.servlet.config.annotation.DelegatingWebMvcConfiguration.mvcValidator()
21:59:39.714 [main] DEBUG o.s.c.a.ConfigurationClassBeanDefinitionReader - Registering bean definition for @Bean method org.springframework.web.servlet.config.annotation.DelegatingWebMvcConfiguration.mvcUriComponentsContributor()
21:59:39.714 [main] DEBUG o.s.c.a.ConfigurationClassBeanDefinitionReader - Registering bean definition for @Bean method org.springframework.web.servlet.config.annotation.DelegatingWebMvcConfiguration.httpRequestHandlerAdapter()
21:59:39.714 [main] DEBUG o.s.c.a.ConfigurationClassBeanDefinitionReader - Registering bean definition for @Bean method org.springframework.web.servlet.config.annotation.DelegatingWebMvcConfiguration.simpleControllerHandlerAdapter()
21:59:39.714 [main] DEBUG o.s.c.a.ConfigurationClassBeanDefinitionReader - Registering bean definition for @Bean method org.springframework.web.servlet.config.annotation.DelegatingWebMvcConfiguration.handlerExceptionResolver()
21:59:39.714 [main] DEBUG o.s.c.a.ConfigurationClassBeanDefinitionReader - Registering bean definition for @Bean method org.springframework.web.servlet.config.annotation.DelegatingWebMvcConfiguration.mvcViewResolver()
21:59:39.714 [main] DEBUG o.s.c.a.ConfigurationClassBeanDefinitionReader - Registered bean definition for imported class &apos;org.springframework.security.config.annotation.method.configuration.GlobalMethodSecurityConfiguration&apos;
21:59:39.714 [main] DEBUG o.s.c.a.ConfigurationClassBeanDefinitionReader - Registering bean definition for @Bean method org.springframework.security.config.annotation.method.configuration.GlobalMethodSecurityConfiguration.methodSecurityInterceptor()
21:59:39.714 [main] DEBUG o.s.c.a.ConfigurationClassBeanDefinitionReader - Registering bean definition for @Bean method org.springframework.security.config.annotation.method.configuration.GlobalMethodSecurityConfiguration.methodSecurityMetadataSource()
21:59:39.714 [main] DEBUG o.s.c.a.ConfigurationClassBeanDefinitionReader - Registering bean definition for @Bean method org.springframework.security.config.annotation.method.configuration.GlobalMethodSecurityConfiguration.preInvocationAuthorizationAdvice()
21:59:39.714 [main] DEBUG o.s.c.a.ConfigurationClassBeanDefinitionReader - Registering bean definition for @Bean method edu.ncsu.csc.itrust2.mvc.config.WebMvcConfiguration.viewResolver()
21:59:39.714 [main] DEBUG o.s.c.a.ConfigurationClassBeanDefinitionReader - Registering bean definition for @Bean method edu.ncsu.csc.itrust2.mvc.config.WebMvcConfiguration.templateEngine()
21:59:39.714 [main] DEBUG o.s.c.a.ConfigurationClassBeanDefinitionReader - Registering bean definition for @Bean method edu.ncsu.csc.itrust2.mvc.config.WebMvcConfiguration.domainClassConverter()
21:59:39.716 [main] DEBUG o.s.c.a.ConfigurationClassEnhancer - Successfully enhanced edu.ncsu.csc.itrust2.config.RootConfiguration; enhanced class name is: edu.ncsu.csc.itrust2.config.RootConfiguration$$EnhancerBySpringCGLIB$$c1d00685
21:59:39.716 [main] DEBUG o.s.c.a.ConfigurationClassPostProcessor - Replacing bean definition &apos;rootConfiguration&apos; existing class &apos;edu.ncsu.csc.itrust2.config.RootConfiguration&apos; with enhanced class &apos;edu.ncsu.csc.itrust2.config.RootConfiguration$$EnhancerBySpringCGLIB$$c1d00685&apos;
21:59:39.716 [main] DEBUG o.s.c.a.ConfigurationClassEnhancer - Successfully enhanced edu.ncsu.csc.itrust2.mvc.config.WebMvcConfiguration; enhanced class name is: edu.ncsu.csc.itrust2.mvc.config.WebMvcConfiguration$$EnhancerBySpringCGLIB$$de7b09d5
21:59:39.716 [main] DEBUG o.s.c.a.ConfigurationClassPostProcessor - Replacing bean definition &apos;webMvcConfiguration&apos; existing class &apos;edu.ncsu.csc.itrust2.mvc.config.WebMvcConfiguration&apos; with enhanced class &apos;edu.ncsu.csc.itrust2.mvc.config.WebMvcConfiguration$$EnhancerBySpringCGLIB$$de7b09d5&apos;
21:59:39.716 [main] DEBUG o.s.c.a.ConfigurationClassEnhancer - Successfully enhanced edu.ncsu.csc.itrust2.config.DataConfiguration; enhanced class name is: edu.ncsu.csc.itrust2.config.DataConfiguration$$EnhancerBySpringCGLIB$$60f4bbd
21:59:39.716 [main] DEBUG o.s.c.a.ConfigurationClassPostProcessor - Replacing bean definition &apos;dataConfiguration&apos; existing class &apos;edu.ncsu.csc.itrust2.config.DataConfiguration&apos; with enhanced class &apos;edu.ncsu.csc.itrust2.config.DataConfiguration$$EnhancerBySpringCGLIB$$60f4bbd&apos;
21:59:39.716 [main] DEBUG o.s.c.a.ConfigurationClassEnhancer - Successfully enhanced edu.ncsu.csc.itrust2.config.SecurityConfig; enhanced class name is: edu.ncsu.csc.itrust2.config.SecurityConfig$$EnhancerBySpringCGLIB$$f88fd361
21:59:39.716 [main] DEBUG o.s.c.a.ConfigurationClassPostProcessor - Replacing bean definition &apos;securityConfig&apos; existing class &apos;edu.ncsu.csc.itrust2.config.SecurityConfig&apos; with enhanced class &apos;edu.ncsu.csc.itrust2.config.SecurityConfig$$EnhancerBySpringCGLIB$$f88fd361&apos;
21:59:39.716 [main] DEBUG o.s.c.a.ConfigurationClassEnhancer - Successfully enhanced org.springframework.security.config.annotation.configuration.ObjectPostProcessorConfiguration; enhanced class name is: org.springframework.security.config.annotation.configuration.ObjectPostProcessorConfiguration$$EnhancerBySpringCGLIB$$6851d2d
21:59:39.716 [main] DEBUG o.s.c.a.ConfigurationClassPostProcessor - Replacing bean definition &apos;org.springframework.security.config.annotation.configuration.ObjectPostProcessorConfiguration&apos; existing class &apos;org.springframework.security.config.annotation.configuration.ObjectPostProcessorConfiguration&apos; with enhanced class &apos;org.springframework.security.config.annotation.configuration.ObjectPostProcessorConfiguration$$EnhancerBySpringCGLIB$$6851d2d&apos;
21:59:39.716 [main] DEBUG o.s.c.a.ConfigurationClassEnhancer - Successfully enhanced org.springframework.security.config.annotation.authentication.configuration.AuthenticationConfiguration; enhanced class name is: org.springframework.security.config.annotation.authentication.configuration.AuthenticationConfiguration$$EnhancerBySpringCGLIB$$524e27a2
21:59:39.716 [main] DEBUG o.s.c.a.ConfigurationClassPostProcessor - Replacing bean definition &apos;org.springframework.security.config.annotation.authentication.configuration.AuthenticationConfiguration&apos; existing class &apos;org.springframework.security.config.annotation.authentication.configuration.AuthenticationConfiguration&apos; with enhanced class &apos;org.springframework.security.config.annotation.authentication.configuration.AuthenticationConfiguration$$EnhancerBySpringCGLIB$$524e27a2&apos;
21:59:39.716 [main] DEBUG o.s.c.a.ConfigurationClassEnhancer - Successfully enhanced org.springframework.security.config.annotation.authentication.configuration.AuthenticationConfiguration; enhanced class name is: org.springframework.security.config.annotation.authentication.configuration.AuthenticationConfiguration$$EnhancerBySpringCGLIB$$524e27a2
21:59:39.716 [main] DEBUG o.s.c.a.ConfigurationClassPostProcessor - Replacing bean definition &apos;enableGlobalAuthenticationAutowiredConfigurer&apos; existing class &apos;org.springframework.security.config.annotation.authentication.configuration.AuthenticationConfiguration&apos; with enhanced class &apos;org.springframework.security.config.annotation.authentication.configuration.AuthenticationConfiguration$$EnhancerBySpringCGLIB$$524e27a2&apos;
21:59:39.716 [main] DEBUG o.s.c.a.ConfigurationClassEnhancer - Successfully enhanced org.springframework.security.config.annotation.authentication.configuration.AuthenticationConfiguration; enhanced class name is: org.springframework.security.config.annotation.authentication.configuration.AuthenticationConfiguration$$EnhancerBySpringCGLIB$$524e27a2
21:59:39.716 [main] DEBUG o.s.c.a.ConfigurationClassPostProcessor - Replacing bean definition &apos;initializeUserDetailsBeanManagerConfigurer&apos; existing class &apos;org.springframework.security.config.annotation.authentication.configuration.AuthenticationConfiguration&apos; with enhanced class &apos;org.springframework.security.config.annotation.authentication.configuration.AuthenticationConfiguration$$EnhancerBySpringCGLIB$$524e27a2&apos;
21:59:39.716 [main] DEBUG o.s.c.a.ConfigurationClassEnhancer - Successfully enhanced org.springframework.security.config.annotation.authentication.configuration.AuthenticationConfiguration; enhanced class name is: org.springframework.security.config.annotation.authentication.configuration.AuthenticationConfiguration$$EnhancerBySpringCGLIB$$524e27a2
21:59:39.716 [main] DEBUG o.s.c.a.ConfigurationClassPostProcessor - Replacing bean definition &apos;initializeAuthenticationProviderBeanManagerConfigurer&apos; existing class &apos;org.springframework.security.config.annotation.authentication.configuration.AuthenticationConfiguration&apos; with enhanced class &apos;org.springframework.security.config.annotation.authentication.configuration.AuthenticationConfiguration$$EnhancerBySpringCGLIB$$524e27a2&apos;
21:59:39.716 [main] DEBUG o.s.c.a.ConfigurationClassEnhancer - Successfully enhanced org.springframework.security.config.annotation.web.configuration.WebSecurityConfiguration; enhanced class name is: org.springframework.security.config.annotation.web.configuration.WebSecurityConfiguration$$EnhancerBySpringCGLIB$$150881e6
21:59:39.716 [main] DEBUG o.s.c.a.ConfigurationClassPostProcessor - Replacing bean definition &apos;org.springframework.security.config.annotation.web.configuration.WebSecurityConfiguration&apos; existing class &apos;org.springframework.security.config.annotation.web.configuration.WebSecurityConfiguration&apos; with enhanced class &apos;org.springframework.security.config.annotation.web.configuration.WebSecurityConfiguration$$EnhancerBySpringCGLIB$$150881e6&apos;
21:59:39.716 [main] DEBUG o.s.c.a.ConfigurationClassEnhancer - Successfully enhanced org.springframework.security.config.annotation.web.configuration.WebSecurityConfiguration; enhanced class name is: org.springframework.security.config.annotation.web.configuration.WebSecurityConfiguration$$EnhancerBySpringCGLIB$$150881e6
21:59:39.716 [main] DEBUG o.s.c.a.ConfigurationClassPostProcessor - Replacing bean definition &apos;delegatingApplicationListener&apos; existing class &apos;org.springframework.security.config.annotation.web.configuration.WebSecurityConfiguration&apos; with enhanced class &apos;org.springframework.security.config.annotation.web.configuration.WebSecurityConfiguration$$EnhancerBySpringCGLIB$$150881e6&apos;
21:59:39.716 [main] DEBUG o.s.c.a.ConfigurationClassEnhancer - Successfully enhanced org.springframework.web.servlet.config.annotation.DelegatingWebMvcConfiguration; enhanced class name is: org.springframework.web.servlet.config.annotation.DelegatingWebMvcConfiguration$$EnhancerBySpringCGLIB$$32983a29
21:59:39.716 [main] DEBUG o.s.c.a.ConfigurationClassPostProcessor - Replacing bean definition &apos;org.springframework.web.servlet.config.annotation.DelegatingWebMvcConfiguration&apos; existing class &apos;org.springframework.web.servlet.config.annotation.DelegatingWebMvcConfiguration&apos; with enhanced class &apos;org.springframework.web.servlet.config.annotation.DelegatingWebMvcConfiguration$$EnhancerBySpringCGLIB$$32983a29&apos;
21:59:39.716 [main] DEBUG o.s.c.a.ConfigurationClassEnhancer - Successfully enhanced org.springframework.security.config.annotation.method.configuration.GlobalMethodSecurityConfiguration; enhanced class name is: org.springframework.security.config.annotation.method.configuration.GlobalMethodSecurityConfiguration$$EnhancerBySpringCGLIB$$2b59bfdf
21:59:39.716 [main] DEBUG o.s.c.a.ConfigurationClassPostProcessor - Replacing bean definition &apos;org.springframework.security.config.annotation.method.configuration.GlobalMethodSecurityConfiguration&apos; existing class &apos;org.springframework.security.config.annotation.method.configuration.GlobalMethodSecurityConfiguration&apos; with enhanced class &apos;org.springframework.security.config.annotation.method.configuration.GlobalMethodSecurityConfiguration$$EnhancerBySpringCGLIB$$2b59bfdf&apos;
21:59:39.717 [main] DEBUG o.s.b.f.s.DefaultListableBeanFactory - Creating shared instance of singleton bean &apos;org.springframework.context.annotation.internalAutowiredAnnotationProcessor&apos;
21:59:39.717 [main] DEBUG o.s.b.f.s.DefaultListableBeanFactory - Creating instance of bean &apos;org.springframework.context.annotation.internalAutowiredAnnotationProcessor&apos;
21:59:39.718 [main] DEBUG o.s.b.f.s.DefaultListableBeanFactory - Eagerly caching bean &apos;org.springframework.context.annotation.internalAutowiredAnnotationProcessor&apos; to allow for resolving potential circular references
21:59:39.719 [main] DEBUG o.s.b.f.s.DefaultListableBeanFactory - Finished creating instance of bean &apos;org.springframework.context.annotation.internalAutowiredAnnotationProcessor&apos;
21:59:39.720 [main] DEBUG o.s.b.f.s.DefaultListableBeanFactory - Creating shared instance of singleton bean &apos;org.springframework.context.annotation.internalRequiredAnnotationProcessor&apos;
21:59:39.720 [main] DEBUG o.s.b.f.s.DefaultListableBeanFactory - Creating instance of bean &apos;org.springframework.context.annotation.internalRequiredAnnotationProcessor&apos;
21:59:39.720 [main] DEBUG o.s.b.f.s.DefaultListableBeanFactory - Eagerly caching bean &apos;org.springframework.context.annotation.internalRequiredAnnotationProcessor&apos; to allow for resolving potential circular references
21:59:39.721 [main] DEBUG o.s.b.f.s.DefaultListableBeanFactory - Finished creating instance of bean &apos;org.springframework.context.annotation.internalRequiredAnnotationProcessor&apos;
21:59:39.721 [main] DEBUG o.s.b.f.s.DefaultListableBeanFactory - Creating shared instance of singleton bean &apos;org.springframework.context.annotation.internalCommonAnnotationProcessor&apos;
21:59:39.721 [main] DEBUG o.s.b.f.s.DefaultListableBeanFactory - Creating instance of bean &apos;org.springframework.context.annotation.internalCommonAnnotationProcessor&apos;
21:59:39.721 [main] DEBUG o.s.b.f.s.DefaultListableBeanFactory - Eagerly caching bean &apos;org.springframework.context.annotation.internalCommonAnnotationProcessor&apos; to allow for resolving potential circular references
21:59:39.723 [main] DEBUG o.s.b.f.s.DefaultListableBeanFactory - Finished creating instance of bean &apos;org.springframework.context.annotation.internalCommonAnnotationProcessor&apos;
21:59:39.723 [main] DEBUG o.s.b.f.s.DefaultListableBeanFactory - Creating shared instance of singleton bean &apos;org.springframework.context.annotation.internalPersistenceAnnotationProcessor&apos;
21:59:39.723 [main] DEBUG o.s.b.f.s.DefaultListableBeanFactory - Creating instance of bean &apos;org.springframework.context.annotation.internalPersistenceAnnotationProcessor&apos;
21:59:39.723 [main] DEBUG o.s.b.f.s.DefaultListableBeanFactory - Eagerly caching bean &apos;org.springframework.context.annotation.internalPersistenceAnnotationProcessor&apos; to allow for resolving potential circular references
21:59:39.725 [main] DEBUG o.s.b.f.s.DefaultListableBeanFactory - Finished creating instance of bean &apos;org.springframework.context.annotation.internalPersistenceAnnotationProcessor&apos;
21:59:39.725 [main] DEBUG o.s.b.f.s.DefaultListableBeanFactory - Creating shared instance of singleton bean &apos;org.springframework.aop.config.internalAutoProxyCreator&apos;
21:59:39.725 [main] DEBUG o.s.b.f.s.DefaultListableBeanFactory - Creating instance of bean &apos;org.springframework.aop.config.internalAutoProxyCreator&apos;
21:59:39.725 [main] DEBUG o.s.b.f.s.DefaultListableBeanFactory - Eagerly caching bean &apos;org.springframework.aop.config.internalAutoProxyCreator&apos; to allow for resolving potential circular references
21:59:39.727 [main] DEBUG o.s.b.f.s.DefaultListableBeanFactory - Finished creating instance of bean &apos;org.springframework.aop.config.internalAutoProxyCreator&apos;
21:59:39.727 [main] DEBUG o.s.w.c.s.GenericWebApplicationContext - Unable to locate MessageSource with name &apos;messageSource&apos;: using default [org.springframework.context.support.DelegatingMessageSource@3135a64f]
21:59:39.727 [main] DEBUG o.s.w.c.s.GenericWebApplicationContext - Unable to locate ApplicationEventMulticaster with name &apos;applicationEventMulticaster&apos;: using default [org.springframework.context.event.SimpleApplicationEventMulticaster@2e122b7a]
21:59:39.727 [main] DEBUG o.s.u.c.s.UiApplicationContextUtils - Unable to locate ThemeSource with name &apos;themeSource&apos;: using default [org.springframework.ui.context.support.ResourceBundleThemeSource@1722065e]
21:59:39.728 [main] DEBUG o.s.b.f.s.DefaultListableBeanFactory - Pre-instantiating singletons in org.springframework.beans.factory.support.DefaultListableBeanFactory@4fd47883: defining beans [org.springframework.context.annotation.internalConfigurationAnnotationProcessor,org.springframework.context.annotation.internalAutowiredAnnotationProcessor,org.springframework.context.annotation.internalRequiredAnnotationProcessor,org.springframework.context.annotation.internalCommonAnnotationProc
...[truncated 190243 chars]...
ng edu.ncsu.csc.itrust2.controllers.patient.PatientController.viewDemographics(org.springframework.ui.Model)]] with attributes [[authorize: &apos;hasRole(&apos;ROLE_PATIENT&apos;)&apos;, filter: &apos;null&apos;, filterTarget: &apos;null&apos;]]
21:59:39.965 [main] DEBUG o.s.aop.framework.CglibAopProxy - Unable to apply any optimisations to advised method: public java.lang.String edu.ncsu.csc.itrust2.controllers.patient.PatientController.viewDemographics(org.springframework.ui.Model)
21:59:39.965 [main] DEBUG o.s.s.a.p.PrePostAnnotationSecurityMetadataSource - @org.springframework.security.access.prepost.PreAuthorize(value=hasRole(&apos;ROLE_PATIENT&apos;)) found on specific method: public java.lang.String edu.ncsu.csc.itrust2.controllers.patient.PatientController.demographicsSubmit(edu.ncsu.csc.itrust2.forms.hcp_patient.PatientForm,org.springframework.validation.BindingResult,org.springframework.ui.Model)
21:59:39.965 [main] DEBUG o.s.s.a.m.DelegatingMethodSecurityMetadataSource - Caching method [CacheKey[edu.ncsu.csc.itrust2.controllers.patient.PatientController; public java.lang.String edu.ncsu.csc.itrust2.controllers.patient.PatientController.demographicsSubmit(edu.ncsu.csc.itrust2.forms.hcp_patient.PatientForm,org.springframework.validation.BindingResult,org.springframework.ui.Model)]] with attributes [[authorize: &apos;hasRole(&apos;ROLE_PATIENT&apos;)&apos;, filter: &apos;null&apos;, filterTarget: &apos;null&apos;]]
21:59:39.965 [main] DEBUG o.s.aop.framework.CglibAopProxy - Unable to apply any optimisations to advised method: public java.lang.String edu.ncsu.csc.itrust2.controllers.patient.PatientController.demographicsSubmit(edu.ncsu.csc.itrust2.forms.hcp_patient.PatientForm,org.springframework.validation.BindingResult,org.springframework.ui.Model)
21:59:39.965 [main] DEBUG o.s.s.a.p.PrePostAnnotationSecurityMetadataSource - @org.springframework.security.access.prepost.PreAuthorize(value=hasRole(&apos;ROLE_PATIENT&apos;)) found on specific method: public java.lang.String edu.ncsu.csc.itrust2.controllers.patient.PatientController.index(org.springframework.ui.Model)
21:59:39.965 [main] DEBUG o.s.s.a.m.DelegatingMethodSecurityMetadataSource - Caching method [CacheKey[edu.ncsu.csc.itrust2.controllers.patient.PatientController; public java.lang.String edu.ncsu.csc.itrust2.controllers.patient.PatientController.index(org.springframework.ui.Model)]] with attributes [[authorize: &apos;hasRole(&apos;ROLE_PATIENT&apos;)&apos;, filter: &apos;null&apos;, filterTarget: &apos;null&apos;]]
21:59:39.965 [main] DEBUG o.s.aop.framework.CglibAopProxy - Unable to apply any optimisations to advised method: public java.lang.String edu.ncsu.csc.itrust2.controllers.patient.PatientController.index(org.springframework.ui.Model)
21:59:39.965 [main] DEBUG o.s.aop.framework.CglibAopProxy - Found &apos;equals&apos; method: public boolean java.lang.Object.equals(java.lang.Object)
21:59:39.965 [main] DEBUG o.s.aop.framework.CglibAopProxy - Unable to apply any optimisations to advised method: public java.lang.String java.lang.Object.toString()
21:59:39.965 [main] DEBUG o.s.aop.framework.CglibAopProxy - Found &apos;hashCode&apos; method: public native int java.lang.Object.hashCode()
21:59:39.965 [main] DEBUG o.s.aop.framework.CglibAopProxy - Unable to apply any optimisations to advised method: protected native java.lang.Object java.lang.Object.clone() throws java.lang.CloneNotSupportedException
21:59:39.965 [main] DEBUG o.s.aop.framework.CglibAopProxy - Method is declared on Advised interface: public abstract void org.springframework.aop.framework.Advised.setTargetSource(org.springframework.aop.TargetSource)
21:59:39.965 [main] DEBUG o.s.aop.framework.CglibAopProxy - Method is declared on Advised interface: public abstract org.springframework.aop.TargetSource org.springframework.aop.framework.Advised.getTargetSource()
21:59:39.965 [main] DEBUG o.s.aop.framework.CglibAopProxy - Method is declared on Advised interface: public abstract boolean org.springframework.aop.framework.Advised.isProxyTargetClass()
21:59:39.965 [main] DEBUG o.s.aop.framework.CglibAopProxy - Method is declared on Advised interface: public abstract void org.springframework.aop.framework.Advised.addAdvisor(org.springframework.aop.Advisor) throws org.springframework.aop.framework.AopConfigException
21:59:39.965 [main] DEBUG o.s.aop.framework.CglibAopProxy - Method is declared on Advised interface: public abstract void org.springframework.aop.framework.Advised.addAdvisor(int,org.springframework.aop.Advisor) throws org.springframework.aop.framework.AopConfigException
21:59:39.965 [main] DEBUG o.s.aop.framework.CglibAopProxy - Method is declared on Advised interface: public abstract void org.springframework.aop.framework.Advised.setPreFiltered(boolean)
21:59:39.965 [main] DEBUG o.s.aop.framework.CglibAopProxy - Method is declared on Advised interface: public abstract void org.springframework.aop.framework.Advised.setExposeProxy(boolean)
21:59:39.965 [main] DEBUG o.s.aop.framework.CglibAopProxy - Method is declared on Advised interface: public abstract boolean org.springframework.aop.framework.Advised.isExposeProxy()
21:59:39.965 [main] DEBUG o.s.aop.framework.CglibAopProxy - Method is declared on Advised interface: public abstract boolean org.springframework.aop.framework.Advised.isPreFiltered()
21:59:39.965 [main] DEBUG o.s.aop.framework.CglibAopProxy - Method is declared on Advised interface: public abstract java.lang.Class[] org.springframework.aop.framework.Advised.getProxiedInterfaces()
21:59:39.965 [main] DEBUG o.s.aop.framework.CglibAopProxy - Method is declared on Advised interface: public abstract boolean org.springframework.aop.framework.Advised.isInterfaceProxied(java.lang.Class)
21:59:39.965 [main] DEBUG o.s.aop.framework.CglibAopProxy - Method is declared on Advised interface: public abstract org.springframework.aop.Advisor[] org.springframework.aop.framework.Advised.getAdvisors()
21:59:39.965 [main] DEBUG o.s.aop.framework.CglibAopProxy - Method is declared on Advised interface: public abstract void org.springframework.aop.framework.Advised.removeAdvisor(int) throws org.springframework.aop.framework.AopConfigException
21:59:39.965 [main] DEBUG o.s.aop.framework.CglibAopProxy - Method is declared on Advised interface: public abstract boolean org.springframework.aop.framework.Advised.removeAdvisor(org.springframework.aop.Advisor)
21:59:39.965 [main] DEBUG o.s.aop.framework.CglibAopProxy - Method is declared on Advised interface: public abstract boolean org.springframework.aop.framework.Advised.replaceAdvisor(org.springframework.aop.Advisor,org.springframework.aop.Advisor) throws org.springframework.aop.framework.AopConfigException
21:59:39.965 [main] DEBUG o.s.aop.framework.CglibAopProxy - Method is declared on Advised interface: public abstract boolean org.springframework.aop.framework.Advised.removeAdvice(org.aopalliance.aop.Advice)
21:59:39.965 [main] DEBUG o.s.aop.framework.CglibAopProxy - Method is declared on Advised interface: public abstract java.lang.String org.springframework.aop.framework.Advised.toProxyConfigString()
21:59:39.965 [main] DEBUG o.s.aop.framework.CglibAopProxy - Method is declared on Advised interface: public abstract void org.springframework.aop.framework.Advised.addAdvice(int,org.aopalliance.aop.Advice) throws org.springframework.aop.framework.AopConfigException
21:59:39.965 [main] DEBUG o.s.aop.framework.CglibAopProxy - Method is declared on Advised interface: public abstract void org.springframework.aop.framework.Advised.addAdvice(org.aopalliance.aop.Advice) throws org.springframework.aop.framework.AopConfigException
21:59:39.965 [main] DEBUG o.s.aop.framework.CglibAopProxy - Method is declared on Advised interface: public abstract int org.springframework.aop.framework.Advised.indexOf(org.aopalliance.aop.Advice)
21:59:39.965 [main] DEBUG o.s.aop.framework.CglibAopProxy - Method is declared on Advised interface: public abstract int org.springframework.aop.framework.Advised.indexOf(org.springframework.aop.Advisor)
21:59:39.965 [main] DEBUG o.s.aop.framework.CglibAopProxy - Method is declared on Advised interface: public abstract boolean org.springframework.aop.framework.Advised.isFrozen()
21:59:39.965 [main] DEBUG o.s.aop.framework.CglibAopProxy - Method is declared on Advised interface: public abstract java.lang.Class org.springframework.aop.TargetClassAware.getTargetClass()
21:59:39.970 [main] DEBUG o.s.b.f.s.DefaultListableBeanFactory - Finished creating instance of bean &apos;patientController&apos;
21:59:39.970 [main] DEBUG o.s.b.f.s.DefaultListableBeanFactory - Creating shared instance of singleton bean &apos;passwordController&apos;
21:59:39.970 [main] DEBUG o.s.b.f.s.DefaultListableBeanFactory - Creating instance of bean &apos;passwordController&apos;
21:59:39.970 [main] DEBUG o.s.b.f.s.DefaultListableBeanFactory - Eagerly caching bean &apos;passwordController&apos; to allow for resolving potential circular references
21:59:39.970 [main] DEBUG o.s.b.f.s.DefaultListableBeanFactory - Returning cached instance of singleton bean &apos;metaDataSourceAdvisor&apos;
21:59:39.970 [main] DEBUG o.s.b.f.s.DefaultListableBeanFactory - Finished creating instance of bean &apos;passwordController&apos;
21:59:39.970 [main] DEBUG o.s.b.f.s.DefaultListableBeanFactory - Creating shared instance of singleton bean &apos;userController&apos;
21:59:39.970 [main] DEBUG o.s.b.f.s.DefaultListableBeanFactory - Creating instance of bean &apos;userController&apos;
21:59:39.970 [main] DEBUG o.s.b.f.s.DefaultListableBeanFactory - Eagerly caching bean &apos;userController&apos; to allow for resolving potential circular references
21:59:39.970 [main] DEBUG o.s.b.f.s.DefaultListableBeanFactory - Returning cached instance of singleton bean &apos;metaDataSourceAdvisor&apos;
21:59:39.970 [main] DEBUG o.s.s.a.p.PrePostAnnotationSecurityMetadataSource - @org.springframework.security.access.prepost.PreAuthorize(value=hasRole(&apos;ROLE_HCP&apos;) or hasRole(&apos;ROLE_ADMIN&apos;)) found on specific method: public java.lang.String edu.ncsu.csc.itrust2.controllers.personnel.UserController.viewDemographics(org.springframework.ui.Model)
21:59:39.970 [main] DEBUG o.s.s.a.m.DelegatingMethodSecurityMetadataSource - Caching method [CacheKey[edu.ncsu.csc.itrust2.controllers.personnel.UserController; public java.lang.String edu.ncsu.csc.itrust2.controllers.personnel.UserController.viewDemographics(org.springframework.ui.Model)]] with attributes [[authorize: &apos;hasRole(&apos;ROLE_HCP&apos;) or hasRole(&apos;ROLE_ADMIN&apos;)&apos;, filter: &apos;null&apos;, filterTarget: &apos;null&apos;]]
21:59:39.971 [main] DEBUG o.s.a.f.a.InfrastructureAdvisorAutoProxyCreator - Creating implicit proxy for bean &apos;userController&apos; with 0 common interceptors and 1 specific interceptors
21:59:39.971 [main] DEBUG o.s.aop.framework.CglibAopProxy - Creating CGLIB proxy: target source is SingletonTargetSource for target object [edu.ncsu.csc.itrust2.controllers.personnel.UserController@1fe67163]
21:59:39.971 [main] DEBUG o.s.aop.framework.CglibAopProxy - Unable to apply any optimisations to advised method: public java.lang.String edu.ncsu.csc.itrust2.controllers.personnel.UserController.viewDemographics(org.springframework.ui.Model)
21:59:39.971 [main] DEBUG o.s.s.a.p.PrePostAnnotationSecurityMetadataSource - @org.springframework.security.access.prepost.PreAuthorize(value=hasRole(&apos;ROLE_HCP&apos;) or hasRole(&apos;ROLE_ADMIN&apos;)) found on specific method: public java.lang.String edu.ncsu.csc.itrust2.controllers.personnel.UserController.demographicsSubmit(edu.ncsu.csc.itrust2.forms.personnel.PersonnelForm,org.springframework.validation.BindingResult,org.springframework.ui.Model)
21:59:39.971 [main] DEBUG o.s.s.a.m.DelegatingMethodSecurityMetadataSource - Caching method [CacheKey[edu.ncsu.csc.itrust2.controllers.personnel.UserController; public java.lang.String edu.ncsu.csc.itrust2.controllers.personnel.UserController.demographicsSubmit(edu.ncsu.csc.itrust2.forms.personnel.PersonnelForm,org.springframework.validation.BindingResult,org.springframework.ui.Model)]] with attributes [[authorize: &apos;hasRole(&apos;ROLE_HCP&apos;) or hasRole(&apos;ROLE_ADMIN&apos;)&apos;, filter: &apos;null&apos;, filterTarget: &apos;null&apos;]]
21:59:39.971 [main] DEBUG o.s.aop.framework.CglibAopProxy - Unable to apply any optimisations to advised method: public java.lang.String edu.ncsu.csc.itrust2.controllers.personnel.UserController.demographicsSubmit(edu.ncsu.csc.itrust2.forms.personnel.PersonnelForm,org.springframework.validation.BindingResult,org.springframework.ui.Model)
21:59:39.971 [main] DEBUG o.s.aop.framework.CglibAopProxy - Found &apos;equals&apos; method: public boolean java.lang.Object.equals(java.lang.Object)
21:59:39.971 [main] DEBUG o.s.aop.framework.CglibAopProxy - Unable to apply any optimisations to advised method: public java.lang.String java.lang.Object.toString()
21:59:39.971 [main] DEBUG o.s.aop.framework.CglibAopProxy - Found &apos;hashCode&apos; method: public native int java.lang.Object.hashCode()
21:59:39.971 [main] DEBUG o.s.aop.framework.CglibAopProxy - Unable to apply any optimisations to advised method: protected native java.lang.Object java.lang.Object.clone() throws java.lang.CloneNotSupportedException
21:59:39.971 [main] DEBUG o.s.aop.framework.CglibAopProxy - Method is declared on Advised interface: public abstract void org.springframework.aop.framework.Advised.setTargetSource(org.springframework.aop.TargetSource)
21:59:39.971 [main] DEBUG o.s.aop.framework.CglibAopProxy - Method is declared on Advised interface: public abstract org.springframework.aop.TargetSource org.springframework.aop.framework.Advised.getTargetSource()
21:59:39.971 [main] DEBUG o.s.aop.framework.CglibAopProxy - Method is declared on Advised interface: public abstract boolean org.springframework.aop.framework.Advised.isProxyTargetClass()
21:59:39.971 [main] DEBUG o.s.aop.framework.CglibAopProxy - Method is declared on Advised interface: public abstract void org.springframework.aop.framework.Advised.addAdvisor(org.springframework.aop.Advisor) throws org.springframework.aop.framework.AopConfigException
21:59:39.971 [main] DEBUG o.s.aop.framework.CglibAopProxy - Method is declared on Advised interface: public abstract void org.springframework.aop.framework.Advised.addAdvisor(int,org.springframework.aop.Advisor) throws org.springframework.aop.framework.AopConfigException
21:59:39.971 [main] DEBUG o.s.aop.framework.CglibAopProxy - Method is declared on Advised interface: public abstract void org.springframework.aop.framework.Advised.setPreFiltered(boolean)
21:59:39.971 [main] DEBUG o.s.aop.framework.CglibAopProxy - Method is declared on Advised interface: public abstract void org.springframework.aop.framework.Advised.setExposeProxy(boolean)
21:59:39.971 [main] DEBUG o.s.aop.framework.CglibAopProxy - Method is declared on Advised interface: public abstract boolean org.springframework.aop.framework.Advised.isExposeProxy()
21:59:39.971 [main] DEBUG o.s.aop.framework.CglibAopProxy - Method is declared on Advised interface: public abstract boolean org.springframework.aop.framework.Advised.isPreFiltered()
21:59:39.971 [main] DEBUG o.s.aop.framework.CglibAopProxy - Method is declared on Advised interface: public abstract java.lang.Class[] org.springframework.aop.framework.Advised.getProxiedInterfaces()
21:59:39.971 [main] DEBUG o.s.aop.framework.CglibAopProxy - Method is declared on Advised interface: public abstract boolean org.springframework.aop.framework.Advised.isInterfaceProxied(java.lang.Class)
21:59:39.971 [main] DEBUG o.s.aop.framework.CglibAopProxy - Method is declared on Advised interface: public abstract org.springframework.aop.Advisor[] org.springframework.aop.framework.Advised.getAdvisors()
21:59:39.971 [main] DEBUG o.s.aop.framework.CglibAopProxy - Method is declared on Advised interface: public abstract void org.springframework.aop.framework.Advised.removeAdvisor(int) throws org.springframework.aop.framework.AopConfigException
21:59:39.971 [main] DEBUG o.s.aop.framework.CglibAopProxy - Method is declared on Advised interface: public abstract boolean org.springframework.aop.framework.Advised.removeAdvisor(org.springframework.aop.Advisor)
21:59:39.971 [main] DEBUG o.s.aop.framework.CglibAopProxy - Method is declared on Advised interface: public abstract boolean org.springframework.aop.framework.Advised.replaceAdvisor(org.springframework.aop.Advisor,org.springframework.aop.Advisor) throws org.springframework.aop.framework.AopConfigException
21:59:39.971 [main] DEBUG o.s.aop.framework.CglibAopProxy - Method is declared on Advised interface: public abstract boolean org.springframework.aop.framework.Advised.removeAdvice(org.aopalliance.aop.Advice)
21:59:39.971 [main] DEBUG o.s.aop.framework.CglibAopProxy - Method is declared on Advised interface: public abstract java.lang.String org.springframework.aop.framework.Advised.toProxyConfigString()
21:59:39.971 [main] DEBUG o.s.aop.framework.CglibAopProxy - Method is declared on Advised interface: public abstract void org.springframework.aop.framework.Advised.addAdvice(int,org.aopalliance.aop.Advice) throws org.springframework.aop.framework.AopConfigException
21:59:39.971 [main] DEBUG o.s.aop.framework.CglibAopProxy - Method is declared on Advised interface: public abstract void org.springframework.aop.framework.Advised.addAdvice(org.aopalliance.aop.Advice) throws org.springframework.aop.framework.AopConfigException
21:59:39.971 [main] DEBUG o.s.aop.framework.CglibAopProxy - Method is declared on Advised interface: public abstract int org.springframework.aop.framework.Advised.indexOf(org.aopalliance.aop.Advice)
21:59:39.971 [main] DEBUG o.s.aop.framework.CglibAopProxy - Method is declared on Advised interface: public abstract int org.springframework.aop.framework.Advised.indexOf(org.springframework.aop.Advisor)
21:59:39.971 [main] DEBUG o.s.aop.framework.CglibAopProxy - Method is declared on Advised interface: public abstract boolean org.springframework.aop.framework.Advised.isFrozen()
21:59:39.971 [main] DEBUG o.s.aop.framework.CglibAopProxy - Method is declared on Advised interface: public abstract java.lang.Class org.springframework.aop.TargetClassAware.getTargetClass()
21:59:39.975 [main] DEBUG o.s.b.f.s.DefaultListableBeanFactory - Finished creating instance of bean &apos;userController&apos;
21:59:39.975 [main] DEBUG o.s.b.f.s.DefaultListableBeanFactory - Returning cached instance of singleton bean &apos;dataSource&apos;
21:59:39.975 [main] DEBUG o.s.b.f.s.DefaultListableBeanFactory - Returning cached instance of singleton bean &apos;org.springframework.security.config.annotation.configuration.ObjectPostProcessorConfiguration&apos;
21:59:39.975 [main] DEBUG o.s.b.f.s.DefaultListableBeanFactory - Returning cached instance of singleton bean &apos;objectPostProcessor&apos;
21:59:39.975 [main] DEBUG o.s.b.f.s.DefaultListableBeanFactory - Returning cached instance of singleton bean &apos;org.springframework.security.config.annotation.authentication.configuration.AuthenticationConfiguration&apos;
21:59:39.975 [main] DEBUG o.s.b.f.s.DefaultListableBeanFactory - Returning cached instance of singleton bean &apos;authenticationManagerBuilder&apos;
21:59:39.975 [main] DEBUG o.s.b.f.s.DefaultListableBeanFactory - Returning cached instance of singleton bean &apos;enableGlobalAuthenticationAutowiredConfigurer&apos;
21:59:39.975 [main] DEBUG o.s.b.f.s.DefaultListableBeanFactory - Returning cached instance of singleton bean &apos;initializeUserDetailsBeanManagerConfigurer&apos;
21:59:39.975 [main] DEBUG o.s.b.f.s.DefaultListableBeanFactory - Returning cached instance of singleton bean &apos;initializeAuthenticationProviderBeanManagerConfigurer&apos;
21:59:39.975 [main] DEBUG o.s.b.f.s.DefaultListableBeanFactory - Creating shared instance of singleton bean &apos;org.springframework.security.config.annotation.web.configuration.WebSecurityConfiguration&apos;
21:59:39.975 [main] DEBUG o.s.b.f.s.DefaultListableBeanFactory - Creating instance of bean &apos;org.springframework.security.config.annotation.web.configuration.WebSecurityConfiguration&apos;
21:59:39.977 [main] DEBUG o.s.b.f.annotation.InjectionMetadata - Registered injected element on class [org.springframework.security.config.annotation.web.configuration.WebSecurityConfiguration$$EnhancerBySpringCGLIB$$150881e6]: AutowiredFieldElement for private org.springframework.security.config.annotation.ObjectPostProcessor org.springframework.security.config.annotation.web.configuration.WebSecurityConfiguration.objectObjectPostProcessor
21:59:39.977 [main] DEBUG o.s.b.f.annotation.InjectionMetadata - Registered injected element on class [org.springframework.security.config.annotation.web.configuration.WebSecurityConfiguration$$EnhancerBySpringCGLIB$$150881e6]: AutowiredMethodElement for public void org.springframework.security.config.annotation.web.configuration.WebSecurityConfiguration.setFilterChainProxySecurityConfigurer(org.springframework.security.config.annotation.ObjectPostProcessor,java.util.List) throws java.lang.Exception
21:59:39.977 [main] DEBUG o.s.b.f.s.DefaultListableBeanFactory - Eagerly caching bean &apos;org.springframework.security.config.annotation.web.configuration.WebSecurityConfiguration&apos; to allow for resolving potential circular references
21:59:39.977 [main] DEBUG o.s.b.f.annotation.InjectionMetadata - Processing injected element of bean &apos;org.springframework.security.config.annotation.web.configuration.WebSecurityConfiguration&apos;: AutowiredFieldElement for private org.springframework.security.config.annotation.ObjectPostProcessor org.springframework.security.config.annotation.web.configuration.WebSecurityConfiguration.objectObjectPostProcessor
21:59:39.977 [main] DEBUG o.s.b.f.s.DefaultListableBeanFactory - Returning cached instance of singleton bean &apos;objectPostProcessor&apos;
21:59:39.977 [main] DEBUG o.s.b.f.a.AutowiredAnnotationBeanPostProcessor - Autowiring by type from bean name &apos;org.springframework.security.config.annotation.web.configuration.WebSecurityConfiguration&apos; to bean named &apos;objectPostProcessor&apos;
21:59:39.977 [main] DEBUG o.s.b.f.annotation.InjectionMetadata - Processing injected element of bean &apos;org.springframework.security.config.annotation.web.configuration.WebSecurityConfiguration&apos;: AutowiredMethodElement for public void org.springframework.security.config.annotation.web.configuration.WebSecurityConfiguration.setFilterChainProxySecurityConfigurer(org.springframework.security.config.annotation.ObjectPostProcessor,java.util.List) throws java.lang.Exception
21:59:39.977 [main] DEBUG o.s.b.f.s.DefaultListableBeanFactory - Returning cached instance of singleton bean &apos;objectPostProcessor&apos;
21:59:39.978 [main] DEBUG o.s.b.f.s.DefaultListableBeanFactory - Creating shared instance of singleton bean &apos;autowiredWebSecurityConfigurersIgnoreParents&apos;
21:59:39.978 [main] DEBUG o.s.b.f.s.DefaultListableBeanFactory - Creating instance of bean &apos;autowiredWebSecurityConfigurersIgnoreParents&apos;
21:59:39.978 [main] DEBUG o.s.b.f.s.DefaultListableBeanFactory - Returning cached instance of singleton bean &apos;metaDataSourceAdvisor&apos;
21:59:39.978 [main] DEBUG o.s.b.f.s.DefaultListableBeanFactory - Returning eagerly cached instance of singleton bean &apos;org.springframework.security.config.annotation.web.configuration.WebSecurityConfiguration&apos; that is not fully initialized yet - a consequence of a circular reference
21:59:39.979 [main] DEBUG o.s.b.f.s.DefaultListableBeanFactory - Autowiring by type from bean name &apos;autowiredWebSecurityConfigurersIgnoreParents&apos; via factory method to bean named &apos;org.springframework.beans.factory.support.DefaultListableBeanFactory@4fd47883&apos;
21:59:39.979 [main] DEBUG o.s.b.f.s.DefaultListableBeanFactory - Eagerly caching bean &apos;autowiredWebSecurityConfigurersIgnoreParents&apos; to allow for resolving potential circular references
21:59:39.979 [main] DEBUG o.s.b.f.s.DefaultListableBeanFactory - Returning cached instance of singleton bean &apos;metaDataSourceAdvisor&apos;
21:59:39.980 [main] DEBUG o.s.b.f.s.DefaultListableBeanFactory - Finished creating instance of bean &apos;autowiredWebSecurityConfigurersIgnoreParents&apos;
21:59:39.980 [main] DEBUG o.s.b.f.s.DefaultListableBeanFactory - Returning cached instance of singleton bean &apos;securityConfig&apos;
21:59:39.980 [main] DEBUG o.s.b.f.a.AutowiredAnnotationBeanPostProcessor - Autowiring by type from bean name &apos;org.springframework.security.config.annotation.web.configuration.WebSecurityConfiguration&apos; to bean named &apos;objectPostProcessor&apos;
21:59:39.980 [main] DEBUG o.s.b.f.s.DefaultListableBeanFactory - Returning cached instance of singleton bean &apos;metaDataSourceAdvisor&apos;
21:59:39.983 [main] DEBUG o.s.b.f.s.DefaultListableBeanFactory - Returning cached instance of singleton bean &apos;org.springframework.context.annotation.ConfigurationClassPostProcessor.importRegistry&apos;
21:59:39.983 [main] DEBUG o.s.b.f.s.DefaultListableBeanFactory - Finished creating instance of bean &apos;org.springframework.security.config.annotation.web.configuration.WebSecurityConfiguration&apos;
21:59:39.983 [main] DEBUG o.s.b.f.s.DefaultListableBeanFactory - Creating shared instance of singleton bean &apos;delegatingApplicationListener&apos;
21:59:39.983 [main] DEBUG o.s.b.f.s.DefaultListableBeanFactory - Creating instance of bean &apos;delegatingApplicationListener&apos;
21:59:39.983 [main] DEBUG o.s.b.f.s.DefaultListableBeanFactory - Eagerly caching bean &apos;delegatingApplicationListener&apos; to allow for resolving potential circular references
21:59:39.984 [main] DEBUG o.s.b.f.s.DefaultListableBeanFactory - Returning cached instance of singleton bean &apos;metaDataSourceAdvisor&apos;
21:59:39.984 [main] DEBUG o.s.b.f.s.DefaultListableBeanFactory - Finished creating instance of bean &apos;delegatingApplicationListener&apos;
21:59:39.984 [main] DEBUG o.s.b.f.s.DefaultListableBeanFactory - Creating shared instance of singleton bean &apos;springSecurityFilterChain&apos;
21:59:39.984 [main] DEBUG o.s.b.f.s.DefaultListableBeanFactory - Creating instance of bean &apos;springSecurityFilterChain&apos;
21:59:39.984 [main] DEBUG o.s.b.f.s.DefaultListableBeanFactory - Returning cached instance of singleton bean &apos;org.springframework.security.config.annotation.web.configuration.WebSecurityConfiguration&apos;
21:59:39.984 [main] DEBUG o.s.b.f.s.DefaultListableBeanFactory - Returning cached instance of singleton bean &apos;metaDataSourceAdvisor&apos;
21:59:39.985 [main] DEBUG o.s.b.f.s.DefaultListableBeanFactory - Returning cached instance of singleton bean &apos;webMvcConfiguration&apos;
21:59:39.985 [main] DEBUG o.s.b.f.s.DefaultListableBeanFactory - Returning cached instance of singleton bean &apos;securityConfig&apos;
21:59:39.985 [main] DEBUG o.s.s.c.a.a.c.AuthenticationConfiguration$EnableGlobalAuthenticationAutowiredConfigurer - Eagerly initializing {webMvcConfiguration=edu.ncsu.csc.itrust2.mvc.config.WebMvcConfiguration$$EnhancerBySpringCGLIB$$de7b09d5@4bf487d2, securityConfig=edu.ncsu.csc.itrust2.config.SecurityConfig$$EnhancerBySpringCGLIB$$f88fd361@43db54e5}
21:59:39.985 [main] DEBUG o.s.b.f.s.DefaultListableBeanFactory - Invoking afterPropertiesSet() on bean with name &apos;org.springframework.security.authentication.dao.DaoAuthenticationProvider@5599be56&apos;
21:59:39.985 [main] DEBUG o.s.b.f.s.DefaultListableBeanFactory - Returning cached instance of singleton bean &apos;metaDataSourceAdvisor&apos;
21:59:39.987 [main] DEBUG o.s.b.f.s.DefaultListableBeanFactory - Invoking afterPropertiesSet() on bean with name &apos;org.springframework.security.authentication.ProviderManager@2a046ec&apos;
21:59:39.987 [main] DEBUG o.s.b.f.s.DefaultListableBeanFactory - Returning cached instance of singleton bean &apos;metaDataSourceAdvisor&apos;
21:59:39.988 [main] DEBUG o.s.b.f.s.DefaultListableBeanFactory - Returning cached instance of singleton bean &apos;authenticationManagerBuilder&apos;
21:59:39.988 [main] DEBUG o.s.w.c.s.StandardServletEnvironment - Adding [servletConfigInitParams] PropertySource with lowest search precedence
21:59:39.988 [main] DEBUG o.s.w.c.s.StandardServletEnvironment - Adding [servletContextInitParams] PropertySource with lowest search precedence
21:59:39.988 [main] DEBUG o.s.w.c.s.StandardServletEnvironment - Adding [systemProperties] PropertySource with lowest search precedence
21:59:39.988 [main] DEBUG o.s.w.c.s.StandardServletEnvironment - Adding [systemEnvironment] PropertySource with lowest search precedence
21:59:39.988 [main] DEBUG o.s.w.c.s.StandardServletEnvironment - Initialized StandardServletEnvironment with PropertySources [servletConfigInitParams,servletContextInitParams,systemProperties,systemEnvironment]
21:59:39.988 [main] DEBUG o.s.w.c.s.StandardServletEnvironment - Adding [servletConfigInitParams] PropertySource with lowest search precedence
21:59:39.988 [main] DEBUG o.s.w.c.s.StandardServletEnvironment - Adding [servletContextInitParams] PropertySource with lowest search precedence
21:59:39.988 [main] DEBUG o.s.w.c.s.StandardServletEnvironment - Adding [systemProperties] PropertySource with lowest search precedence
21:59:39.988 [main] DEBUG o.s.w.c.s.StandardServletEnvironment - Adding [systemEnvironment] PropertySource with lowest search precedence
21:59:39.988 [main] DEBUG o.s.w.c.s.StandardServletEnvironment - Initialized StandardServletEnvironment with PropertySources [servletConfigInitParams,servletContextInitParams,systemProperties,systemEnvironment]
21:59:39.988 [main] DEBUG o.s.w.c.s.StandardServletEnvironment - Adding [servletConfigInitParams] PropertySource with lowest search precedence
21:59:39.988 [main] DEBUG o.s.w.c.s.StandardServletEnvironment - Adding [servletContextInitParams] PropertySource with lowest search precedence
21:59:39.988 [main] DEBUG o.s.w.c.s.StandardServletEnvironment - Adding [systemProperties] PropertySource with lowest search precedence
21:59:39.988 [main] DEBUG o.s.w.c.s.StandardServletEnvironment - Adding [systemEnvironment] PropertySource with lowest search precedence
21:59:39.988 [main] DEBUG o.s.w.c.s.StandardServletEnvironment - Initialized StandardServletEnvironment with PropertySources [servletConfigInitParams,servletContextInitParams,systemProperties,systemEnvironment]
21:59:39.989 [main] DEBUG o.s.b.f.s.DefaultListableBeanFactory - Creating shared instance of singleton bean &apos;ipBlockFilter&apos;
21:59:39.989 [main] DEBUG o.s.b.f.s.DefaultListableBeanFactory - Creating instance of bean &apos;ipBlockFilter&apos;
21:59:39.989 [main] DEBUG o.s.b.f.s.DefaultListableBeanFactory - Returning cached instance of singleton bean &apos;securityConfig&apos;
21:59:39.989 [main] DEBUG o.s.w.c.s.StandardServletEnvironment - Adding [servletConfigInitParams] PropertySource with lowest search precedence
21:59:39.989 [main] DEBUG o.s.w.c.s.StandardServletEnvironment - Adding [servletContextInitParams] PropertySource with lowest search precedence
21:59:39.989 [main] DEBUG o.s.w.c.s.StandardServletEnvironment - Adding [systemProperties] PropertySource with lowest search precedence
21:59:39.989 [main] DEBUG o.s.w.c.s.StandardServletEnvironment - Adding [systemEnvironment] PropertySource with lowest search precedence
21:59:39.990 [main] DEBUG o.s.w.c.s.StandardServletEnvironment - Initialized StandardServletEnvironment with PropertySources [servletConfigInitParams,servletContextInitParams,systemProperties,systemEnvironment]
21:59:39.990 [main] DEBUG o.s.b.f.s.DefaultListableBeanFactory - Eagerly caching bean &apos;ipBlockFilter&apos; to allow for resolving potential circular references
21:59:39.992 [main] DEBUG o.s.b.f.s.DefaultListableBeanFactory - Invoking afterPropertiesSet() on bean with name &apos;ipBlockFilter&apos;
21:59:39.992 [main] DEBUG o.s.b.f.s.DefaultListableBeanFactory - Returning cached instance of singleton bean &apos;metaDataSourceAdvisor&apos;
21:59:39.992 [main] DEBUG o.s.b.f.s.DefaultListableBeanFactory - Finished creating instance of bean &apos;ipBlockFilter&apos;
21:59:39.992 [main] DEBUG o.s.w.c.s.StandardServletEnvironment - Adding [servletConfigInitParams] PropertySource with lowest search precedence
21:59:39.992 [main] DEBUG o.s.w.c.s.StandardServletEnvironment - Adding [servletContextInitParams] PropertySource with lowest search precedence
21:59:39.992 [main] DEBUG o.s.w.c.s.StandardServletEnvironment - Adding [systemProperties] PropertySource with lowest search precedence
21:59:39.992 [main] DEBUG o.s.w.c.s.StandardServletEnvironment - Adding [systemEnvironment] PropertySource with lowest search precedence
21:59:39.992 [main] DEBUG o.s.w.c.s.StandardServletEnvironment - Initialized StandardServletEnvironment with PropertySources [servletConfigInitParams,servletContextInitParams,systemProperties,systemEnvironment]
21:59:39.992 [main] DEBUG o.s.b.f.s.DefaultListableBeanFactory - Retrieved dependent beans for bean &apos;springSecurityFilterChain&apos;: [webSecurityExpressionHandler]
21:59:39.992 [main] WARN  o.s.w.c.s.GenericWebApplicationContext - Exception encountered during context initialization - cancelling refresh attempt: org.springframework.beans.factory.BeanCreationException: Error creating bean with name &apos;springSecurityFilterChain&apos; defined in class path resource [org/springframework/security/config/annotation/web/configuration/WebSecurityConfiguration.class]: Bean instantiation via factory method failed; nested exception is org.springframework.beans.BeanInstantiationException: Failed to instantiate [javax.servlet.Filter]: Factory method &apos;springSecurityFilterChain&apos; threw exception; nested exception is java.lang.IllegalArgumentException: &apos;Savings Account?error&apos; is not a valid redirect URL
21:59:39.992 [main] DEBUG o.s.b.f.s.DefaultListableBeanFactory - Destroying singletons in org.springframework.beans.factory.support.DefaultListableBeanFactory@4fd47883: defining beans [org.springframework.context.annotation.internalConfigurationAnnotationProcessor,org.springframework.context.annotation.internalAutowiredAnnotationProcessor,org.springframework.context.annotation.internalRequiredAnnotationProcessor,org.springframework.context.annotation.internalCommonAnnotationProcessor,org.springframework.context.annotation.internalPersistenceAnnotationProcessor,org.springframework.context.event.internalEventListenerProcessor,org.springframework.context.event.internalEventListenerFactory,rootConfiguration,webMvcConfiguration,dataConfiguration,loginAuditingListener,securityConfig,defaultController,adminController,adminUserController,hospitalController,ICDCodesController,APIAppointmentRequestController,APIDiagnosisController,APIDrugController,APIEnumController,APIHospitalController,APIICDCodeController,APILogEntryController,APIOfficeVisitController,APIPasswordController,APIPatientController,APIPersonnelController,APIPrescriptionController,APIUserController,appointmentControllerHCP,HCPController,officeVisitController,appointmentController,diagnosesController,patientController,passwordController,userController,dataSource,org.springframework.security.config.annotation.configuration.ObjectPostProcessorConfiguration,objectPostProcessor,org.springframework.security.config.annotation.authentication.configuration.AuthenticationConfiguration,authenticationManagerBuilder,enableGlobalAuthenticationAutowiredConfigurer,initializeUserDetailsBeanManagerConfigurer,initializeAuthenticationProviderBeanManagerConfigurer,org.springframework.security.config.annotation.web.configuration.WebSecurityConfiguration,delegatingApplicationListener,webSecurityExpressionHandler,springSecurityFilterChain,privilegeEvaluator,autowiredWebSecurityConfigurersIgnoreParents,org.springframework.security.config.annotation.web.configuration.WebMvcSecurityConfiguration,requestDataValueProcessor,passwordEncoder,defaultAuthenticationEventPublisher,failureHandler,ipBlockFilter,org.springframework.web.servlet.config.annotation.DelegatingWebMvcConfiguration,mvcConversionService,requestMappingHandlerMapping,mvcPathMatcher,mvcUrlPathHelper,mvcContentNegotiationManager,viewControllerHandlerMapping,beanNameHandlerMapping,resourceHandlerMapping,mvcResourceUrlProvider,defaultServletHandlerMapping,requestMappingHandlerAdapter,mvcValidator,mvcUriComponentsContributor,httpRequestHandlerAdapter,simpleControllerHandlerAdapter,handlerExceptionResolver,mvcViewResolver,org.springframework.security.config.annotation.method.configuration.GlobalMethodSecurityConfiguration,methodSecurityInterceptor,methodSecurityMetadataSource,preInvocationAuthorizationAdvice,viewResolver,templateEngine,domainClassConverter,metaDataSourceAdvisor,org.springframework.aop.config.internalAutoProxyCreator]; root of factory hierarchy
21:59:39.993 [main] DEBUG o.s.b.f.s.DisposableBeanAdapter - Invoking destroy() on bean with name &apos;ipBlockFilter&apos;
21:59:39.993 [main] DEBUG o.s.b.f.s.DefaultListableBeanFactory - Retrieved dependent beans for bean &apos;objectPostProcessor&apos;: [org.springframework.security.config.annotation.method.configuration.GlobalMethodSecurityConfiguration, securityConfig, org.springframework.security.config.annotation.authentication.configuration.AuthenticationConfiguration, authenticationManagerBuilder, org.springframework.security.config.annotation.web.configuration.WebSecurityConfiguration]
21:59:39.993 [main] DEBUG o.s.b.f.s.DisposableBeanAdapter - Invoking destroy() on bean with name &apos;objectPostProcessor&apos;
21:59:39.994 [main] ERROR o.s.test.context.TestContextManager - Caught exception while allowing TestExecutionListener [org.springframework.test.context.web.ServletTestExecutionListener@758bd34f] to prepare test instance [edu.ncsu.csc.itrust2.apitest.APIOfficeVisitTest@36fa3df]
java.lang.IllegalStateException: Failed to load ApplicationContext
	at org.springframework.test.context.cache.DefaultCacheAwareContextLoaderDelegate.loadContext(DefaultCacheAwareContextLoaderDelegate.java:124) ~[spring-test-4.3.5.RELEASE.jar:4.3.5.RELEASE]
	at org.springframework.test.context.support.DefaultTestContext.getApplicationContext(DefaultTestContext.java:83) ~[spring-test-4.3.5.RELEASE.jar:4.3.5.RELEASE]
	at org.springframework.test.context.web.ServletTestExecutionListener.setUpRequestContextIfNecessary(ServletTestExecutionListener.java:189) ~[spring-test-4.3.5.RELEASE.jar:4.3.5.RELEASE]
	at org.springframework.test.context.web.ServletTestExecutionListener.prepareTestInstance(ServletTestExecutionListener.java:131) ~[spring-test-4.3.5.RELEASE.jar:4.3.5.RELEASE]
	at org.springframework.test.context.TestContextManager.prepareTestInstance(TestContextManager.java:230) ~[spring-test-4.3.5.RELEASE.jar:4.3.5.RELEASE]
	at org.springframework.test.context.junit4.SpringJUnit4ClassRunner.createTest(SpringJUnit4ClassRunner.java:228) [spring-test-4.3.5.RELEASE.jar:4.3.5.RELEASE]
	at org.springframework.test.context.junit4.SpringJUnit4ClassRunner$1.runReflectiveCall(SpringJUnit4ClassRunner.java:287) [spring-test-4.3.5.RELEASE.jar:4.3.5.RELEASE]
	at org.junit.internal.runners.model.ReflectiveCallable.run(ReflectiveCallable.java:12) [junit-4.12.jar:4.12]
	at org.springframework.test.context.junit4.SpringJUnit4ClassRunner.methodBlock(SpringJUnit4ClassRunner.java:289) [spring-test-4.3.5.RELEASE.jar:4.3.5.RELEASE]
	at org.springframework.test.context.junit4.SpringJUnit4ClassRunner.runChild(SpringJUnit4ClassRunner.java:247) [spring-test-4.3.5.RELEASE.jar:4.3.5.RELEASE]
	at org.springframework.test.context.junit4.SpringJUnit4ClassRunner.runChild(SpringJUnit4ClassRunner.java:94) [spring-test-4.3.5.RELEASE.jar:4.3.5.RELEASE]
	at org.junit.runners.ParentRunner$3.run(ParentRunner.java:290) [junit-4.12.jar:4.12]
	at org.junit.runners.ParentRunner$1.schedule(ParentRunner.java:71) [junit-4.12.jar:4.12]
	at org.junit.runners.ParentRunner.runChildren(ParentRunner.java:288) [junit-4.12.jar:4.12]
	at org.junit.runners.ParentRunner.access$000(ParentRunner.java:58) [junit-4.12.jar:4.12]
	at org.junit.runners.ParentRunner$2.evaluate(ParentRunner.java:268) [junit-4.12.jar:4.12]
	at org.springframework.test.context.junit4.statements.RunBeforeTestClassCallbacks.evaluate(RunBeforeTestClassCallbacks.java:61) [spring-test-4.3.5.RELEASE.jar:4.3.5.RELEASE]
	at org.springframework.test.context.junit4.statements.RunAfterTestClassCallbacks.evaluate(RunAfterTestClassCallbacks.java:70) [spring-test-4.3.5.RELEASE.jar:4.3.5.RELEASE]
	at org.junit.runners.ParentRunner.run(ParentRunner.java:363) [junit-4.12.jar:4.12]
	at org.springframework.test.context.junit4.SpringJUnit4ClassRunner.run(SpringJUnit4ClassRunner.java:191) [spring-test-4.3.5.RELEASE.jar:4.3.5.RELEASE]
	at org.apache.maven.surefire.junit4.JUnit4Provider.execute(JUnit4Provider.java:365) [surefire-junit4-2.20.jar:2.20]
	at org.apache.maven.surefire.junit4.JUnit4Provider.executeWithRerun(JUnit4Provider.java:272) [surefire-junit4-2.20.jar:2.20]
	at org.apache.maven.surefire.junit4.JUnit4Provider.executeTestSet(JUnit4Provider.java:236) [surefire-junit4-2.20.jar:2.20]
	at org.apache.maven.surefire.junit4.JUnit4Provider.invoke(JUnit4Provider.java:159) [surefire-junit4-2.20.jar:2.20]
	at org.apache.maven.surefire.booter.ForkedBooter.invokeProviderInSameClassLoader(ForkedBooter.java:386) [surefire-booter-2.20.jar:2.20]
	at org.apache.maven.surefire.booter.ForkedBooter.runSuitesInProcess(ForkedBooter.java:323) [surefire-booter-2.20.jar:2.20]
	at org.apache.maven.surefire.booter.ForkedBooter.main(ForkedBooter.java:143) [surefire-booter-2.20.jar:2.20]
Caused by: org.springframework.beans.factory.BeanCreationException: Error creating bean with name &apos;springSecurityFilterChain&apos; defined in class path resource [org/springframework/security/config/annotation/web/configuration/WebSecurityConfiguration.class]: Bean instantiation via factory method failed; nested exception is org.springframework.beans.BeanInstantiationException: Failed to instantiate [javax.servlet.Filter]: Factory method &apos;springSecurityFilterChain&apos; threw exception; nested exception is java.lang.IllegalArgumentException: &apos;Savings Account?error&apos; is not a valid redirect URL
	at org.springframework.beans.factory.support.ConstructorResolver.instantiateUsingFactoryMethod(ConstructorResolver.java:599) ~[spring-beans-4.3.5.RELEASE.jar:4.3.5.RELEASE]
	at org.springframework.beans.factory.support.AbstractAutowireCapableBeanFactory.instantiateUsingFactoryMethod(AbstractAutowireCapableBeanFactory.java:1134) ~[spring-beans-4.3.5.RELEASE.jar:4.3.5.RELEASE]
	at org.springframework.beans.factory.support.AbstractAutowireCapableBeanFactory.createBeanInstance(AbstractAutowireCapableBeanFactory.java:1028) ~[spring-beans-4.3.5.RELEASE.jar:4.3.5.RELEASE]
	at org.springframework.beans.factory.support.AbstractAutowireCapableBeanFactory.doCreateBean(AbstractAutowireCapableBeanFactory.java:513) ~[spring-beans-4.3.5.RELEASE.jar:4.3.5.RELEASE]
	at org.springframework.beans.factory.support.AbstractAutowireCapableBeanFactory.createBean(AbstractAutowireCapableBeanFactory.java:483) ~[spring-beans-4.3.5.RELEASE.jar:4.3.5.RELEASE]
	at org.springframework.beans.factory.support.AbstractBeanFactory$1.getObject(AbstractBeanFactory.java:306) ~[spring-beans-4.3.5.RELEASE.jar:4.3.5.RELEASE]
	at org.springframework.beans.factory.support.DefaultSingletonBeanRegistry.getSingleton(DefaultSingletonBeanRegistry.java:230) ~[spring-beans-4.3.5.RELEASE.jar:4.3.5.RELEASE]
	at org.springframework.beans.factory.support.AbstractBeanFactory.doGetBean(AbstractBeanFactory.java:302) ~[spring-beans-4.3.5.RELEASE.jar:4.3.5.RELEASE]
	at org.springframework.beans.factory.support.AbstractBeanFactory.getBean(AbstractBeanFactory.java:197) ~[spring-beans-4.3.5.RELEASE.jar:4.3.5.RELEASE]
	at org.springframework.beans.factory.support.AbstractBeanFactory.doGetBean(AbstractBeanFactory.java:296) ~[spring-beans-4.3.5.RELEASE.jar:4.3.5.RELEASE]
	at org.springframework.beans.factory.support.AbstractBeanFactory.getBean(AbstractBeanFactory.java:197) ~[spring-beans-4.3.5.RELEASE.jar:4.3.5.RELEASE]
	at org.springframework.beans.factory.support.DefaultListableBeanFactory.preInstantiateSingletons(DefaultListableBeanFactory.java:759) ~[spring-beans-4.3.5.RELEASE.jar:4.3.5.RELEASE]
	at org.springframework.context.support.AbstractApplicationContext.finishBeanFactoryInitialization(AbstractApplicationContext.java:866) ~[spring-context-4.3.5.RELEASE.jar:4.3.5.RELEASE]
	at org.springframework.context.support.AbstractApplicationContext.refresh(AbstractApplicationContext.java:542) ~[spring-context-4.3.5.RELEASE.jar:4.3.5.RELEASE]
	at org.springframework.test.context.web.AbstractGenericWebContextLoader.loadContext(AbstractGenericWebContextLoader.java:134) ~[spring-test-4.3.5.RELEASE.jar:4.3.5.RELEASE]
	at org.springframework.test.context.web.AbstractGenericWebContextLoader.loadContext(AbstractGenericWebContextLoader.java:61) ~[spring-test-4.3.5.RELEASE.jar:4.3.5.RELEASE]
	at org.springframework.test.context.support.AbstractDelegatingSmartContextLoader.delegateLoading(AbstractDelegatingSmartContextLoader.java:108) ~[spring-test-4.3.5.RELEASE.jar:4.3.5.RELEASE]
	at org.springframework.test.context.support.AbstractDelegatingSmartContextLoader.loadContext(AbstractDelegatingSmartContextLoader.java:251) ~[spring-test-4.3.5.RELEASE.jar:4.3.5.RELEASE]
	at org.springframework.test.context.cache.DefaultCacheAwareContextLoaderDelegate.loadContextInternal(DefaultCacheAwareContextLoaderDelegate.java:98) ~[spring-test-4.3.5.RELEASE.jar:4.3.5.RELEASE]
	at org.springframework.test.context.cache.DefaultCacheAwareContextLoaderDelegate.loadContext(DefaultCacheAwareContextLoaderDelegate.java:116) ~[spring-test-4.3.5.RELEASE.jar:4.3.5.RELEASE]
	... 26 common frames omitted
Caused by: org.springframework.beans.BeanInstantiationException: Failed to instantiate [javax.servlet.Filter]: Factory method &apos;springSecurityFilterChain&apos; threw exception; nested exception is java.lang.IllegalArgumentException: &apos;Savings Account?error&apos; is not a valid redirect URL
	at org.springframework.beans.factory.support.SimpleInstantiationStrategy.instantiate(SimpleInstantiationStrategy.java:189) ~[spring-beans-4.3.5.RELEASE.jar:4.3.5.RELEASE]
	at org.springframework.beans.factory.support.ConstructorResolver.instantiateUsingFactoryMethod(ConstructorResolver.java:588) ~[spring-beans-4.3.5.RELEASE.jar:4.3.5.RELEASE]
	... 45 common frames omitted
Caused by: java.lang.IllegalArgumentException: &apos;Savings Account?error&apos; is not a valid redirect URL
	at org.springframework.util.Assert.isTrue(Assert.java:68) ~[spring-core-4.3.5.RELEASE.jar:4.3.5.RELEASE]
	at org.springframework.security.web.authentication.SimpleUrlAuthenticationFailureHandler.setDefaultFailureUrl(SimpleUrlAuthenticationFailureHandler.java:125) ~[spring-security-web-4.2.2.RELEASE.jar:4.2.2.RELEASE]
	at org.springframework.security.web.authentication.SimpleUrlAuthenticationFailureHandler.&lt;init&gt;(SimpleUrlAuthenticationFailureHandler.java:60) ~[spring-security-web-4.2.2.RELEASE.jar:4.2.2.RELEASE]
	at org.springframework.security.config.annotation.web.configurers.AbstractAuthenticationFilterConfigurer.failureUrl(AbstractAuthenticationFilterConfigurer.java:206) ~[spring-security-config-4.2.2.RELEASE.jar:4.2.2.RELEASE]
	at org.springframework.security.config.annotation.web.configurers.AbstractAuthenticationFilterConfigurer.updateAuthenticationDefaults(AbstractAuthenticationFilterConfigurer.java:368) ~[spring-security-config-4.2.2.RELEASE.jar:4.2.2.RELEASE]
	at org.springframework.security.config.annotation.web.configurers.AbstractAuthenticationFilterConfigurer.loginPage(AbstractAuthenticationFilterConfigurer.java:308) ~[spring-security-config-4.2.2.RELEASE.jar:4.2.2.RELEASE]
	at org.springframework.security.config.annotation.web.configurers.FormLoginConfigurer.loginPage(FormLoginConfigurer.java:183) ~[spring-security-config-4.2.2.RELEASE.jar:4.2.2.RELEASE]
	at edu.ncsu.csc.itrust2.config.SecurityConfig.configure(SecurityConfig.java:89) ~[classes/:na]
	at org.springframework.security.config.annotation.web.configuration.WebSecurityConfigurerAdapter.getHttp(WebSecurityConfigurerAdapter.java:224) ~[spring-security-config-4.2.2.RELEASE.jar:4.2.2.RELEASE]
	at org.springframework.security.config.annotation.web.configuration.WebSecurityConfigurerAdapter.init(WebSecurityConfigurerAdapter.java:315) ~[spring-security-config-4.2.2.RELEASE.jar:4.2.2.RELEASE]
	at org.springframework.security.config.annotation.web.configuration.WebSecurityConfigurerAdapter.init(WebSecurityConfigurerAdapter.java:86) ~[spring-security-config-4.2.2.RELEASE.jar:4.2.2.RELEASE]
	at edu.ncsu.csc.itrust2.config.SecurityConfig$$EnhancerBySpringCGLIB$$f88fd361.init(&lt;generated&gt;) ~[classes/:na]
	at org.springframework.security.config.annotation.AbstractConfiguredSecurityBuilder.init(AbstractConfiguredSecurityBuilder.java:371) ~[spring-security-config-4.2.2.RELEASE.jar:4.2.2.RELEASE]
	at org.springframework.security.config.annotation.AbstractConfiguredSecurityBuilder.doBuild(AbstractConfiguredSecurityBuilder.java:325) ~[spring-security-config-4.2.2.RELEASE.jar:4.2.2.RELEASE]
	at org.springframework.security.config.annotation.AbstractSecurityBuilder.build(AbstractSecurityBuilder.java:41) ~[spring-security-config-4.2.2.RELEASE.jar:4.2.2.RELEASE]
	at org.springframework.security.config.annotation.web.configuration.WebSecurityConfiguration.springSecurityFilterChain(WebSecurityConfiguration.java:104) ~[spring-security-config-4.2.2.RELEASE.jar:4.2.2.RELEASE]
	at org.springframework.security.config.annotation.web.configuration.WebSecurityConfiguration$$EnhancerBySpringCGLIB$$150881e6.CGLIB$springSecurityFilterChain$4(&lt;generated&gt;) ~[spring-security-config-4.2.2.RELEASE.jar:4.2.2.RELEASE]
	at org.springframework.security.config.annotation.web.configuration.WebSecurityConfiguration$$EnhancerBySpringCGLIB$$150881e6$$FastClassBySpringCGLIB$$f9839e81.invoke(&lt;generated&gt;) ~[spring-security-config-4.2.2.RELEASE.jar:4.2.2.RELEASE]
	at org.springframework.cglib.proxy.MethodProxy.invokeSuper(MethodProxy.java:228) ~[spring-core-4.3.5.RELEASE.jar:4.3.5.RELEASE]
	at org.springframework.context.annotation.ConfigurationClassEnhancer$BeanMethodInterceptor.intercept(ConfigurationClassEnhancer.java:356) ~[spring-context-4.3.5.RELEASE.jar:4.3.5.RELEASE]
	at org.springframework.security.config.annotation.web.configuration.WebSecurityConfiguration$$EnhancerBySpringCGLIB$$150881e6.springSecurityFilterChain(&lt;generated&gt;) ~[spring-security-config-4.2.2.RELEASE.jar:4.2.2.RELEASE]
	at sun.reflect.NativeMethodAccessorImpl.invoke0(Native Method) ~[na:1.8.0_151]
	at sun.reflect.NativeMethodAccessorImpl.invoke(NativeMethodAccessorImpl.java:62) ~[na:1.8.0_151]
	at sun.reflect.DelegatingMethodAccessorImpl.invoke(DelegatingMethodAccessorImpl.java:43) ~[na:1.8.0_151]
	at java.lang.reflect.Method.invoke(Method.java:498) ~[na:1.8.0_151]
	at org.springframework.beans.factory.support.SimpleInstantiationStrategy.instantiate(SimpleInstantiationStrategy.java:162) ~[spring-beans-4.3.5.RELEASE.jar:4.3.5.RELEASE]
	... 46 common frames omitted
</stdout>
          <failedSince>1</failedSince>
        </case>
        <case>
          <duration>0.0</duration>
          <className>edu.ncsu.csc.itrust2.apitest.APIOfficeVisitTest</className>
          <testName>testOfficeVisitAPI</testName>
          <skipped>false</skipped>
          <errorStackTrace>java.lang.IllegalStateException: Failed to load ApplicationContext
Caused by: org.springframework.beans.factory.BeanCreationException: Error creating bean with name &apos;springSecurityFilterChain&apos; defined in class path resource [org/springframework/security/config/annotation/web/configuration/WebSecurityConfiguration.class]: Bean instantiation via factory method failed; nested exception is org.springframework.beans.BeanInstantiationException: Failed to instantiate [javax.servlet.Filter]: Factory method &apos;springSecurityFilterChain&apos; threw exception; nested exception is java.lang.IllegalArgumentException: &apos;Savings Account?error&apos; is not a valid redirect URL
Caused by: org.springframework.beans.BeanInstantiationException: Failed to instantiate [javax.servlet.Filter]: Factory method &apos;springSecurityFilterChain&apos; threw exception; nested exception is java.lang.IllegalArgumentException: &apos;Savings Account?error&apos; is not a valid redirect URL
Caused by: java.lang.IllegalArgumentException: &apos;Savings Account?error&apos; is not a valid redirect URL
</errorStackTrace>
          <errorDetails>Failed to load ApplicationContext</errorDetails>
          <stdout>21:59:39.994 [main] DEBUG o.s.t.annotation.ProfileValueUtils - Retrieved @ProfileValueSourceConfiguration [null] for test class [edu.ncsu.csc.itrust2.apitest.APIOfficeVisitTest]
21:59:39.994 [main] DEBUG o.s.t.annotation.ProfileValueUtils - Retrieved ProfileValueSource type [class org.springframework.test.annotation.SystemProfileValueSource] for class [edu.ncsu.csc.itrust2.apitest.APIOfficeVisitTest]
21:59:39.995 [main] DEBUG o.s.t.c.s.AbstractDelegatingSmartContextLoader - Delegating to AnnotationConfigWebContextLoader to load context from [WebMergedContextConfiguration@3b45f335 testClass = APIOfficeVisitTest, locations = &apos;{}&apos;, classes = &apos;{class edu.ncsu.csc.itrust2.config.RootConfiguration, class edu.ncsu.csc.itrust2.mvc.config.WebMvcConfiguration}&apos;, contextInitializerClasses = &apos;[]&apos;, activeProfiles = &apos;{}&apos;, propertySourceLocations = &apos;{}&apos;, propertySourceProperties = &apos;{}&apos;, contextCustomizers = set[[empty]], resourceBasePath = &apos;src/main/webapp&apos;, contextLoader = &apos;org.springframework.test.context.web.WebDelegatingSmartContextLoader&apos;, parent = [null]].
21:59:39.995 [main] DEBUG o.s.t.c.w.AbstractGenericWebContextLoader - Loading WebApplicationContext for merged context configuration [WebMergedContextConfiguration@3b45f335 testClass = APIOfficeVisitTest, locations = &apos;{}&apos;, classes = &apos;{class edu.ncsu.csc.itrust2.config.RootConfiguration, class edu.ncsu.csc.itrust2.mvc.config.WebMvcConfiguration}&apos;, contextInitializerClasses = &apos;[]&apos;, activeProfiles = &apos;{}&apos;, propertySourceLocations = &apos;{}&apos;, propertySourceProperties = &apos;{}&apos;, contextCustomizers = set[[empty]], resourceBasePath = &apos;src/main/webapp&apos;, contextLoader = &apos;org.springframework.test.context.web.WebDelegatingSmartContextLoader&apos;, parent = [null]].
21:59:39.995 [main] DEBUG o.s.w.c.s.StandardServletEnvironment - Adding [servletConfigInitParams] PropertySource with lowest search precedence
21:59:39.995 [main] DEBUG o.s.w.c.s.StandardServletEnvironment - Adding [servletContextInitParams] PropertySource with lowest search precedence
21:59:39.995 [main] DEBUG o.s.w.c.s.StandardServletEnvironment - Adding [systemProperties] PropertySource with lowest search precedence
21:59:39.995 [main] DEBUG o.s.w.c.s.StandardServletEnvironment - Adding [systemEnvironment] PropertySource with lowest search precedence
21:59:39.995 [main] DEBUG o.s.w.c.s.StandardServletEnvironment - Initialized StandardServletEnvironment with PropertySources [servletConfigInitParams,servletContextInitParams,systemProperties,systemEnvironment]
21:59:39.995 [main] DEBUG o.s.t.c.w.AnnotationConfigWebContextLoader - Registering annotated classes: {class edu.ncsu.csc.itrust2.config.RootConfiguration, class edu.ncsu.csc.itrust2.mvc.config.WebMvcConfiguration}
21:59:39.996 [main] INFO  o.s.w.c.s.GenericWebApplicationContext - Refreshing org.springframework.web.context.support.GenericWebApplicationContext@13b0c141: startup date [Thu Mar 22 21:59:39 UTC 2018]; root of context hierarchy
21:59:39.996 [main] DEBUG o.s.w.c.s.StandardServletEnvironment - Replacing [servletContextInitParams] PropertySource with [servletContextInitParams]
21:59:39.996 [main] DEBUG o.s.w.c.s.GenericWebApplicationContext - Bean factory for org.springframework.web.context.support.GenericWebApplicationContext@13b0c141: org.springframework.beans.factory.support.DefaultListableBeanFactory@12155e70: defining beans [org.springframework.context.annotation.internalConfigurationAnnotationProcessor,org.springframework.context.annotation.internalAutowiredAnnotationProcessor,org.springframework.context.annotation.internalRequiredAnnotationProcessor,org.springframework.context.annotation.internalCommonAnnotationProcessor,org.springframework.context.annotation.internalPersistenceAnnotationProcessor,org.springframework.context.event.internalEventListenerProcessor,org.springframework.context.event.internalEventListenerFactory,rootConfiguration,webMvcConfiguration]; root of factory hierarchy
21:59:39.996 [main] DEBUG o.s.b.f.s.DefaultListableBeanFactory - Registering scope &apos;request&apos; with implementation [org.springframework.web.context.request.RequestScope@4b4eec61]
21:59:39.996 [main] DEBUG o.s.b.f.s.DefaultListableBeanFactory - Registering scope &apos;session&apos; with implementation [org.springframework.web.context.request.SessionScope@5ee18680]
21:59:39.996 [main] DEBUG o.s.b.f.s.DefaultListableBeanFactory - Registering scope &apos;globalSession&apos; with implementation [org.springframework.web.context.request.SessionScope@66bfa5f2]
21:59:39.996 [main] DEBUG o.s.b.f.s.DefaultListableBeanFactory - Registering scope &apos;application&apos; with implementation [org.springframework.web.context.support.ServletContextScope@5dc7d2d0]
21:59:39.996 [main] DEBUG o.s.b.f.s.DefaultListableBeanFactory - Creating shared instance of singleton bean &apos;org.springframework.context.annotation.internalConfigurationAnnotationProcessor&apos;
21:59:39.996 [main] DEBUG o.s.b.f.s.DefaultListableBeanFactory - Creating instance of bean &apos;org.springframework.context.annotation.internalConfigurationAnnotationProcessor&apos;
21:59:39.996 [main] DEBUG o.s.b.f.s.DefaultListableBeanFactory - Eagerly caching bean &apos;org.springframework.context.annotation.internalConfigurationAnnotationProcessor&apos; to allow for resolving potential circular references
21:59:39.996 [main] DEBUG o.s.b.f.s.DefaultListableBeanFactory - Finished creating instance of bean &apos;org.springframework.context.annotation.internalConfigurationAnnotationProcessor&apos;
21:59:39.996 [main] DEBUG o.s.core.env.StandardEnvironment - Adding [systemProperties] PropertySource with lowest search precedence
21:59:39.996 [main] DEBUG o.s.core.env.StandardEnvironment - Adding [systemEnvironment] PropertySource with lowest search precedence
21:59:39.996 [main] DEBUG o.s.core.env.StandardEnvironment - Initialized StandardEnvironment with PropertySources [systemProperties,systemEnvironment]
21:59:39.997 [main] DEBUG o.s.c.i.s.PathMatchingResourcePatternResolver - Resolved classpath location [edu/ncsu/csc/itrust2/config/] to resources [URL [file:/var/lib/jenkins/jobs/iTrust_Fuzzer/workspace/iTrust2/target/classes/edu/ncsu/csc/itrust2/config/]]
21:59:39.997 [main] DEBUG o.s.c.i.s.PathMatchingResourcePatternResolver - Looking for matching resources in directory tree [/var/lib/jenkins/jobs/iTrust_Fuzzer/workspace/iTrust2/target/classes/edu/ncsu/csc/itrust2/config]
21:59:39.997 [main] DEBUG o.s.c.i.s.PathMatchingResourcePatternResolver - Searching directory [/var/lib/jenkins/jobs/iTrust_Fuzzer/workspace/iTrust2/target/classes/edu/ncsu/csc/itrust2/config] for files matching pattern [/var/lib/jenkins/jobs/iTrust_Fuzzer/workspace/iTrust2/target/classes/edu/ncsu/csc/itrust2/config/**/*.class]
21:59:39.997 [main] DEBUG o.s.c.i.s.PathMatchingResourcePatternResolver - Resolved location pattern [classpath*:edu/ncsu/csc/itrust2/config/**/*.class] to resources [file [/var/lib/jenkins/jobs/iTrust_Fuzzer/workspace/iTrust2/target/classes/edu/ncsu/csc/itrust2/config/ContextListener.class], file [/var/lib/jenkins/jobs/iTrust_Fuzzer/workspace/iTrust2/target/classes/edu/ncsu/csc/itrust2/config/DataConfiguration.class], file [/var/lib/jenkins/jobs/iTrust_Fuzzer/workspace/iTrust2/target/classes/edu/ncsu/csc/itrust2/config/FailureHandler.class], file [/var/lib/jenkins/jobs/iTrust_Fuzzer/workspace/iTrust2/target/classes/edu/ncsu/csc/itrust2/config/IPFilter.class], file [/var/lib/jenkins/jobs/iTrust_Fuzzer/workspace/iTrust2/target/classes/edu/ncsu/csc/itrust2/config/ITrust2ApplicationInitializer.class], file [/var/lib/jenkins/jobs/iTrust_Fuzzer/workspace/iTrust2/target/classes/edu/ncsu/csc/itrust2/config/ITrust2WebApplicationInitializer.class], file [/var/lib/jenkins/jobs/iTrust_Fuzzer/workspace/iTrust2/target/classes/edu/ncsu/csc/itrust2/config/LoginAuditingListener.class], file [/var/lib/jenkins/jobs/iTrust_Fuzzer/workspace/iTrust2/target/classes/edu/ncsu/csc/itrust2/config/RootConfiguration.class], file [/var/lib/jenkins/jobs/iTrust_Fuzzer/workspace/iTrust2/target/classes/edu/ncsu/csc/itrust2/config/SecurityConfig.class]]
21:59:39.998 [main] DEBUG o.s.c.a.ClassPathBeanDefinitionScanner - Identified candidate component class: file [/var/lib/jenkins/jobs/iTrust_Fuzzer/workspace/iTrust2/target/classes/edu/ncsu/csc/itrust2/config/DataConfiguration.class]
21:59:39.998 [main] DEBUG o.s.c.a.ClassPathBeanDefinitionScanner - Identified candidate component class: file [/var/lib/jenkins/jobs/iTrust_Fuzzer/workspace/iTrust2/target/classes/edu/ncsu/csc/itrust2/config/LoginAuditingListener.class]
21:59:39.998 [main] DEBUG o.s.c.a.ClassPathBeanDefinitionScanner - Identified candidate component class: file [/var/lib/jenkins/jobs/iTrust_Fuzzer/workspace/iTrust2/target/classes/edu/ncsu/csc/itrust2/config/SecurityConfig.class]
21:59:40.006 [main] DEBUG o.s.core.env.StandardEnvironment - Adding [systemProperties] PropertySource with lowest search precedence
21:59:40.006 [main] DEBUG o.s.core.env.StandardEnvironment - Adding [systemEnvironment] PropertySource with lowest search precedence
21:59:40.006 [main] DEBUG o.s.core.env.StandardEnvironment - Initialized StandardEnvironment with PropertySources [systemProperties,systemEnvironment]
21:59:40.007 [main] DEBUG o.s.c.i.s.PathMatchingResourcePatternResolver - Resolved classpath location [edu/ncsu/csc/itrust2/controllers/] to resources [URL [file:/var/lib/jenkins/jobs/iTrust_Fuzzer/workspace/iTrust2/target/classes/edu/ncsu/csc/itrust2/controllers/]]
21:59:40.007 [main] DEBUG o.s.c.i.s.PathMatchingResourcePatternResolver - Looking for matching resources in directory tree [/var/lib/jenkins/jobs/iTrust_Fuzzer/workspace/iTrust2/target/classes/edu/ncsu/csc/itrust2/controllers]
21:59:40.007 [main] DEBUG o.s.c.i.s.PathMatchingResourcePatternResolver - Searching directory [/var/lib/jenkins/jobs/iTrust_Fuzzer/workspace/iTrust2/target/classes/edu/ncsu/csc/itrust2/controllers] for files matching pattern [/var/lib/jenkins/jobs/iTrust_Fuzzer/workspace/iTrust2/target/classes/edu/ncsu/csc/itrust2/controllers/**/*.class]
21:59:40.007 [main] DEBUG o.s.c.i.s.PathMatchingResourcePatternResolver - Searching directory [/var/lib/jenkins/jobs/iTrust_Fuzzer/workspace/iTrust2/target/classes/edu/ncsu/csc/itrust2/controllers/admin] for files matching pattern [/var/lib/jenkins/jobs/iTrust_Fuzzer/workspace/iTrust2/target/classes/edu/ncsu/csc/itrust2/controllers/**/*.class]
21:59:40.007 [main] DEBUG o.s.c.i.s.PathMatchingResourcePatternResolver - Searching directory [/var/lib/jenkins/jobs/iTrust_Fuzzer/workspace/iTrust2/target/classes/edu/ncsu/csc/itrust2/controllers/api] for files matching pattern [/var/lib/jenkins/jobs/iTrust_Fuzzer/workspace/iTrust2/target/classes/edu/ncsu/csc/itrust2/controllers/**/*.class]
21:59:40.007 [main] DEBUG o.s.c.i.s.PathMatchingResourcePatternResolver - Searching directory [/var/lib/jenkins/jobs/iTrust_Fuzzer/workspace/iTrust2/target/classes/edu/ncsu/csc/itrust2/controllers/api/comm] for files matching pattern [/var/lib/jenkins/jobs/iTrust_Fuzzer/workspace/iTrust2/target/classes/edu/ncsu/csc/itrust2/controllers/**/*.class]
21:59:40.007 [main] DEBUG o.s.c.i.s.PathMatchingResourcePatternResolver - Searching directory [/var/lib/jenkins/jobs/iTrust_Fuzzer/workspace/iTrust2/target/classes/edu/ncsu/csc/itrust2/controllers/hcp] for files matching pattern [/var/lib/jenkins/jobs/iTrust_Fuzzer/workspace/iTrust2/target/classes/edu/ncsu/csc/itrust2/controllers/**/*.class]
21:59:40.007 [main] DEBUG o.s.c.i.s.PathMatchingResourcePatternResolver - Searching directory [/var/lib/jenkins/jobs/iTrust_Fuzzer/workspace/iTrust2/target/classes/edu/ncsu/csc/itrust2/controllers/patient] for files matching pattern [/var/lib/jenkins/jobs/iTrust_Fuzzer/workspace/iTrust2/target/classes/edu/ncsu/csc/itrust2/controllers/**/*.class]
21:59:40.008 [main] DEBUG o.s.c.i.s.PathMatchingResourcePatternResolver - Searching directory [/var/lib/jenkins/jobs/iTrust_Fuzzer/workspace/iTrust2/target/classes/edu/ncsu/csc/itrust2/controllers/personnel] for files matching pattern [/var/lib/jenkins/jobs/iTrust_Fuzzer/workspace/iTrust2/target/classes/edu/ncsu/csc/itrust2/controllers/**/*.class]
21:59:40.008 [main] DEBUG o.s.c.i.s.PathMatchingResourcePatternResolver - Resolved location pattern [classpath*:edu/ncsu/csc/itrust2/controllers/**/*.class] to resources [file [/var/lib/jenkins/jobs/iTrust_Fuzzer/workspace/iTrust2/target/classes/edu/ncsu/csc/itrust2/controllers/DefaultController.class], file [/var/lib/jenkins/jobs/iTrust_Fuzzer/workspace/iTrust2/target/classes/edu/ncsu/csc/itrust2/controllers/admin/AdminController.class], file [/var/lib/jenkins/jobs/iTrust_Fuzzer/workspace/iTrust2/target/classes/edu/ncsu/csc/itrust2/controllers/admin/AdminUserController$1.class], file [/var/lib/jenkins/jobs/iTrust_Fuzzer/workspace/iTrust2/target/classes/edu/ncsu/csc/itrust2/controllers/admin/AdminUserController.class], file [/var/lib/jenkins/jobs/iTrust_Fuzzer/workspace/iTrust2/target/classes/edu/ncsu/csc/itrust2/controllers/admin/HospitalController.class], file [/var/lib/jenkins/jobs/iTrust_Fuzzer/workspace/iTrust2/target/classes/edu/ncsu/csc/itrust2/controllers/admin/ICDCodesController.class], file [/var/lib/jenkins/jobs/iTrust_Fuzzer/workspace/iTrust2/target/classes/edu/ncsu/csc/itrust2/controllers/api/APIAppointmentRequestController.class], file [/var/lib/jenkins/jobs/iTrust_Fuzzer/workspace/iTrust2/target/classes/edu/ncsu/csc/itrust2/controllers/api/APIController$JSONResponse.class], file [/var/lib/jenkins/jobs/iTrust_Fuzzer/workspace/iTrust2/target/classes/edu/ncsu/csc/itrust2/controllers/api/APIController.class], file [/var/lib/jenkins/jobs/iTrust_Fuzzer/workspace/iTrust2/target/classes/edu/ncsu/csc/itrust2/controllers/api/APIDiagnosisController.class], file [/var/lib/jenkins/jobs/iTrust_Fuzzer/workspace/iTrust2/target/classes/edu/ncsu/csc/itrust2/controllers/api/APIDrugController.class], file [/var/lib/jenkins/jobs/iTrust_Fuzzer/workspace/iTrust2/target/classes/edu/ncsu/csc/itrust2/controllers/api/APIEnumController.class], file [/var/lib/jenkins/jobs/iTrust_Fuzzer/workspace/iTrust2/target/classes/edu/ncsu/csc/itrust2/controllers/api/APIHospitalController.class], file [/var/lib/jenkins/jobs/iTrust_Fuzzer/workspace/iTrust2/target/classes/edu/ncsu/csc/itrust2/controllers/api/APIICDCodeController.class], file [/var/lib/jenkins/jobs/iTrust_Fuzzer/workspace/iTrust2/target/classes/edu/ncsu/csc/itrust2/controllers/api/APILogEntryController.class], file [/var/lib/jenkins/jobs/iTrust_Fuzzer/workspace/iTrust2/target/classes/edu/ncsu/csc/itrust2/controllers/api/APIOfficeVisitController.class], file [/var/lib/jenkins/jobs/iTrust_Fuzzer/workspace/iTrust2/target/classes/edu/ncsu/csc/itrust2/controllers/api/APIPasswordController.class], file [/var/lib/jenkins/jobs/iTrust_Fuzzer/workspace/iTrust2/target/classes/edu/ncsu/csc/itrust2/controllers/api/APIPatientController.class], file [/var/lib/jenkins/jobs/iTrust_Fuzzer/workspace/iTrust2/target/classes/edu/ncsu/csc/itrust2/controllers/api/APIPersonnelController.class], file [/var/lib/jenkins/jobs/iTrust_Fuzzer/workspace/iTrust2/target/classes/edu/ncsu/csc/itrust2/controllers/api/APIPrescriptionController.class], file [/var/lib/jenkins/jobs/iTrust_Fuzzer/workspace/iTrust2/target/classes/edu/ncsu/csc/itrust2/controllers/api/APIUserController.class], file [/var/lib/jenkins/jobs/iTrust_Fuzzer/workspace/iTrust2/target/classes/edu/ncsu/csc/itrust2/controllers/api/comm/LogEntryRequestBody.class], file [/var/lib/jenkins/jobs/iTrust_Fuzzer/workspace/iTrust2/target/classes/edu/ncsu/csc/itrust2/controllers/api/comm/LogEntryTableRow.class], file [/var/lib/jenkins/jobs/iTrust_Fuzzer/workspace/iTrust2/target/classes/edu/ncsu/csc/itrust2/controllers/hcp/AppointmentControllerHCP.class], file [/var/lib/jenkins/jobs/iTrust_Fuzzer/workspace/iTrust2/target/classes/edu/ncsu/csc/itrust2/controllers/hcp/HCPController.class], file [/var/lib/jenkins/jobs/iTrust_Fuzzer/workspace/iTrust2/target/classes/edu/ncsu/csc/itrust2/controllers/hcp/OfficeVisitController.class], file [/var/lib/jenkins/jobs/iTrust_Fuzzer/workspace/iTrust2/target/classes/edu/ncsu/csc/itrust2/controllers/patient/AppointmentController.class], file [/var/lib/jenkins/jobs/iTrust_Fuzzer/workspace/iTrust2/target/classes/edu/ncsu/csc/itrust2/controllers/patient/DiagnosesController.class], file [/var/lib/jenkins/jobs/iTrust_Fuzzer/workspace/iTrust2/target/classes/edu/ncsu/csc/itrust2/controllers/patient/PatientController.class], file [/var/lib/jenkins/jobs/iTrust_Fuzzer/workspace/iTrust2/target/classes/edu/ncsu/csc/itrust2/controllers/personnel/PasswordController.class], file [/var/lib/jenkins/jobs/iTrust_Fuzzer/workspace/iTrust2/target/classes/edu/ncsu/csc/itrust2/controllers/personnel/UserController.class]]
21:59:40.008 [main] DEBUG o.s.c.a.ClassPathBeanDefinitionScanner - Identified candidate component class: file [/var/lib/jenkins/jobs/iTrust_Fuzzer/workspace/iTrust2/target/classes/edu/ncsu/csc/itrust2/controllers/DefaultController.class]
21:59:40.008 [main] DEBUG o.s.c.a.ClassPathBeanDefinitionScanner - Identified candidate component class: file [/var/lib/jenkins/jobs/iTrust_Fuzzer/workspace/iTrust2/target/classes/edu/ncsu/csc/itrust2/controllers/admin/AdminController.class]
21:59:40.008 [main] DEBUG o.s.c.a.ClassPathBeanDefinitionScanner - Identified candidate component class: file [/var/lib/jenkins/jobs/iTrust_Fuzzer/workspace/iTrust2/target/classes/edu/ncsu/csc/itrust2/controllers/admin/AdminUserController.class]
21:59:40.009 [main] DEBUG o.s.c.a.ClassPathBeanDefinitionScanner - Identified candidate component class: file [/var/lib/jenkins/jobs/iTrust_Fuzzer/workspace/iTrust2/target/classes/edu/ncsu/csc/itrust2/controllers/admin/HospitalController.class]
21:59:40.009 [main] DEBUG o.s.c.a.ClassPathBeanDefinitionScanner - Identified candidate component class: file [/var/lib/jenkins/jobs/iTrust_Fuzzer/workspace/iTrust2/target/classes/edu/ncsu/csc/itrust2/controllers/admin/ICDCodesController.class]
21:59:40.009 [main] DEBUG o.s.c.a.ClassPathBeanDefinitionScanner - Identified candidate component class: file [/var/lib/jenkins/jobs/iTrust_Fuzzer/workspace/iTrust2/target/classes/edu/ncsu/csc/itrust2/controllers/api/APIAppointmentRequestController.class]
21:59:40.009 [main] DEBUG o.s.c.a.ClassPathBeanDefinitionScanner - Identified candidate component class: file [/var/lib/jenkins/jobs/iTrust_Fuzzer/workspace/iTrust2/target/classes/edu/ncsu/csc/itrust2/controllers/api/APIDiagnosisController.class]
21:59:40.010 [main] DEBUG o.s.c.a.ClassPathBeanDefinitionScanner - Identified candidate component class: file [/var/lib/jenkins/jobs/iTrust_Fuzzer/workspace/iTrust2/target/classes/edu/ncsu/csc/itrust2/controllers/api/APIDrugController.class]
21:59:40.010 [main] DEBUG o.s.c.a.ClassPathBeanDefinitionScanner - Identified candidate component class: file [/var/lib/jenkins/jobs/iTrust_Fuzzer/workspace/iTrust2/target/classes/edu/ncsu/csc/itrust2/controllers/api/APIEnumController.class]
21:59:40.010 [main] DEBUG o.s.c.a.ClassPathBeanDefinitionScanner - Identified candidate component class: file [/var/lib/jenkins/jobs/iTrust_Fuzzer/workspace/iTrust2/target/classes/edu/ncsu/csc/itrust2/controllers/api/APIHospitalController.class]
21:59:40.010 [main] DEBUG o.s.c.a.ClassPathBeanDefinitionScanner - Identified candidate component class: file [/var/lib/jenkins/jobs/iTrust_Fuzzer/workspace/iTrust2/target/classes/edu/ncsu/csc/itrust2/controllers/api/APIICDCodeController.class]
21:59:40.011 [main] DEBUG o.s.c.a.ClassPathBeanDefinitionScanner - Identified candidate component class: file [/var/lib/jenkins/jobs/iTrust_Fuzzer/workspace/iTrust2/target/classes/edu/ncsu/csc/itrust2/controllers/api/APILogEntryController.class]
21:59:40.011 [main] DEBUG o.s.c.a.ClassPathBeanDefinitionScanner - Identified candidate component class: file [/var/lib/jenkins/jobs/iTrust_Fuzzer/workspace/iTrust2/target/classes/edu/ncsu/csc/itrust2/controllers/api/APIOfficeVisitController.class]
21:59:40.011 [main] DEBUG o.s.c.a.ClassPathBeanDefinitionScanner - Identified candidate component class: file [/var/lib/jenkins/jobs/iTrust_Fuzzer/workspace/iTrust2/target/classes/edu/ncsu/csc/itrust2/controllers/api/APIPasswordController.class]
21:59:40.012 [main] DEBUG o.s.c.a.ClassPathBeanDefinitionScanner - Identified candidate component class: file [/var/lib/jenkins/jobs/iTrust_Fuzzer/workspace/iTrust2/target/classes/edu/ncsu/csc/itrust2/controllers/api/APIPatientController.class]
21:59:40.012 [main] DEBUG o.s.c.a.ClassPathBeanDefinitionScanner - Identified candidate component class: file [/var/lib/jenkins/jobs/iTrust_Fuzzer/workspace/iTrust2/target/classes/edu/ncsu/csc/itrust2/controllers/api/APIPersonnelController.class]
21:59:40.012 [main] DEBUG o.s.c.a.ClassPathBeanDefinitionScanner - Identified candidate component class: file [/var/lib/jenkins/jobs/iTrust_Fuzzer/workspace/iTrust2/target/classes/edu/ncsu/csc/itrust2/controllers/api/APIPrescriptionController.class]
21:59:40.013 [main] DEBUG o.s.c.a.ClassPathBeanDefinitionScanner - Identified candidate component class: file [/var/lib/jenkins/jobs/iTrust_Fuzzer/workspace/iTrust2/target/classes/edu/ncsu/csc/itrust2/controllers/api/APIUserController.class]
21:59:40.013 [main] DEBUG o.s.c.a.ClassPathBeanDefinitionScanner - Identified candidate component class: file [/var/lib/jenkins/jobs/iTrust_Fuzzer/workspace/iTrust2/target/classes/edu/ncsu/csc/itrust2/controllers/hcp/AppointmentControllerHCP.class]
21:59:40.013 [main] DEBUG o.s.c.a.ClassPathBeanDefinitionScanner - Identified candidate component class: file [/var/lib/jenkins/jobs/iTrust_Fuzzer/workspace/iTrust2/target/classes/edu/ncsu/csc/itrust2/controllers/hcp/HCPController.class]
21:59:40.013 [main] DEBUG o.s.c.a.ClassPathBeanDefinitionScanner - Identified candidate component class: file [/var/lib/jenkins/jobs/iTrust_Fuzzer/workspace/iTrust2/target/classes/edu/ncsu/csc/itrust2/controllers/hcp/OfficeVisitController.class]
21:59:40.014 [main] DEBUG o.s.c.a.ClassPathBeanDefinitionScanner - Identified candidate component class: file [/var/lib/jenkins/jobs/iTrust_Fuzzer/workspace/iTrust2/target/classes/edu/ncsu/csc/itrust2/controllers/patient/AppointmentController.class]
21:59:40.014 [main] DEBUG o.s.c.a.ClassPathBeanDefinitionScanner - Identified candidate component class: file [/var/lib/jenkins/jobs/iTrust_Fuzzer/workspace/iTrust2/target/classes/edu/ncsu/csc/itrust2/controllers/patient/DiagnosesController.class]
21:59:40.014 [main] DEBUG o.s.c.a.ClassPathBeanDefinitionScanner - Identified candidate component class: file [/var/lib/jenkins/jobs/iTrust_Fuzzer/workspace/iTrust2/target/classes/edu/ncsu/csc/itrust2/controllers/patient/PatientController.class]
21:59:40.014 [main] DEBUG o.s.c.a.ClassPathBeanDefinitionScanner - Identified candidate component class: file [/var/lib/jenkins/jobs/iTrust_Fuzzer/workspace/iTrust2/target/classes/edu/ncsu/csc/itrust2/controllers/personnel/PasswordController.class]
21:59:40.014 [main] DEBUG o.s.c.a.ClassPathBeanDefinitionScanner - Identified candidate component class: file [/var/lib/jenkins/jobs/iTrust_Fuzzer/workspace/iTrust2/target/classes/edu/ncsu/csc/itrust2/controllers/personnel/UserController.class]
21:59:40.015 [main] DEBUG o.s.c.i.s.PathMatchingResourcePatternResolver - Resolved classpath location [edu/ncsu/csc/itrust2/config/] to resources [URL [file:/var/lib/jenkins/jobs/iTrust_Fuzzer/workspace/iTrust2/target/classes/edu/ncsu/csc/itrust2/config/]]
21:59:40.015 [main] DEBUG o.s.c.i.s.PathMatchingResourcePatternResolver - Looking for matching resources in directory tree [/var/lib/jenkins/jobs/iTrust_Fuzzer/workspace/iTrust2/target/classes/edu/ncsu/csc/itrust2/config]
21:59:40.015 [main] DEBUG o.s.c.i.s.PathMatchingResourcePatternResolver - Searching directory [/var/lib/jenkins/jobs/iTrust_Fuzzer/workspace/iTrust2/target/classes/edu/ncsu/csc/itrust2/config] for files matching pattern [/var/lib/jenkins/jobs/iTrust_Fuzzer/workspace/iTrust2/target/classes/edu/ncsu/csc/itrust2/config/**/*.class]
21:59:40.015 [main] DEBUG o.s.c.i.s.PathMatchingResourcePatternResolver - Resolved location pattern [classpath*:edu/ncsu/csc/itrust2/config/**/*.class] to resources [file [/var/lib/jenkins/jobs/iTrust_Fuzzer/workspace/iTrust2/target/classes/edu/ncsu/csc/itrust2/config/ContextListener.class], file [/var/lib/jenkins/jobs/iTrust_Fuzzer/workspace/iTrust2/target/classes/edu/ncsu/csc/itrust2/config/DataConfiguration.class], file [/var/lib/jenkins/jobs/iTrust_Fuzzer/workspace/iTrust2/target/classes/edu/ncsu/csc/itrust2/config/FailureHandler.class], file [/var/lib/jenkins/jobs/iTrust_Fuzzer/workspace/iTrust2/target/classes/edu/ncsu/csc/itrust2/config/IPFilter.class], file [/var/lib/jenkins/jobs/iTrust_Fuzzer/workspace/iTrust2/target/classes/edu/ncsu/csc/itrust2/config/ITrust2ApplicationInitializer.class], file [/var/lib/jenkins/jobs/iTrust_Fuzzer/workspace/iTrust2/target/classes/edu/ncsu/csc/itrust2/config/ITrust2WebApplicationInitializer.class], file [/var/lib/jenkins/jobs/iTrust_Fuzzer/workspace/iTrust2/target/classes/edu/ncsu/csc/itrust2/config/LoginAuditingListener.class], file [/var/lib/jenkins/jobs/iTrust_Fuzzer/workspace/iTrust2/target/classes/edu/ncsu/csc/itrust2/config/RootConfiguration.class], file [/var/lib/jenkins/jobs/iTrust_Fuzzer/workspace/iTrust2/target/classes/edu/ncsu/csc/itrust2/config/SecurityConfig.class]]
21:59:40.015 [main] DEBUG o.s.c.a.ClassPathBeanDefinitionScanner - Identified candidate component class: file [/var/lib/jenkins/jobs/iTrust_Fuzzer/workspace/iTrust2/target/classes/edu/ncsu/csc/itrust2/config/DataConfiguration.class]
21:59:40.016 [main] DEBUG o.s.c.a.ClassPathBeanDefinitionScanner - Identified candidate component class: file [/var/lib/jenkins/jobs/iTrust_Fuzzer/workspace/iTrust2/target/classes/edu/ncsu/csc/itrust2/config/LoginAuditingListener.class]
21:59:40.016 [main] DEBUG o.s.c.a.ClassPathBeanDefinitionScanner - Identified candidate component class: file [/var/lib/jenkins/jobs/iTrust_Fuzzer/workspace/iTrust2/target/classes/edu/ncsu/csc/itrust2/config/RootConfiguration.class]
21:59:40.016 [main] DEBUG o.s.c.a.ClassPathBeanDefinitionScanner - Identified candidate component class: file [/var/lib/jenkins/jobs/iTrust_Fuzzer/workspace/iTrust2/target/classes/edu/ncsu/csc/itrust2/config/SecurityConfig.class]
21:59:40.030 [main] DEBUG o.s.c.a.ConfigurationClassBeanDefinitionReader - Registering bean definition for @Bean method edu.ncsu.csc.itrust2.config.DataConfiguration.dataSource()
21:59:40.030 [main] DEBUG o.s.c.a.ConfigurationClassBeanDefinitionReader - Registered bean definition for imported class &apos;org.springframework.security.config.annotation.configuration.ObjectPostProcessorConfiguration&apos;
21:59:40.030 [main] DEBUG o.s.c.a.ConfigurationClassBeanDefinitionReader - Registering bean definition for @Bean method org.springframework.security.config.annotation.configuration.ObjectPostProcessorConfiguration.objectPostProcessor()
21:59:40.030 [main] DEBUG o.s.c.a.ConfigurationClassBeanDefinitionReader - Registered bean definition for imported class &apos;org.springframework.security.config.annotation.authentication.configuration.AuthenticationConfiguration&apos;
21:59:40.030 [main] DEBUG o.s.c.a.ConfigurationClassBeanDefinitionReader - Registering bean definition for @Bean method org.springframework.security.config.annotation.authentication.configuration.AuthenticationConfiguration.authenticationManagerBuilder()
21:59:40.030 [main] DEBUG o.s.c.a.ConfigurationClassBeanDefinitionReader - Registering bean definition for @Bean method org.springframework.security.config.annotation.authentication.configuration.AuthenticationConfiguration.enableGlobalAuthenticationAutowiredConfigurer()
21:59:40.030 [main] DEBUG o.s.c.a.ConfigurationClassBeanDefinitionReader - Registering bean definition for @Bean method org.springframework.security.config.annotation.authentication.configuration.AuthenticationConfiguration.initializeUserDetailsBeanManagerConfigurer()
21:59:40.030 [main] DEBUG o.s.c.a.ConfigurationClassBeanDefinitionReader - Registering bean definition for @Bean method org.springframework.security.config.annotation.authentication.configuration.AuthenticationConfiguration.initializeAuthenticationProviderBeanManagerConfigurer()
21:59:40.030 [main] DEBUG o.s.c.a.ConfigurationClassBeanDefinitionReader - Registered bean definition for imported class &apos;org.springframework.security.config.annotation.web.configuration.WebSecurityConfiguration&apos;
21:59:40.030 [main] DEBUG o.s.c.a.ConfigurationClassBeanDefinitionReader - Registering bean definition for @Bean method org.springframework.security.config.annotation.web.configuration.WebSecurityConfiguration.delegatingApplicationListener()
21:59:40.030 [main] DEBUG o.s.c.a.ConfigurationClassBeanDefinitionReader - Registering bean definition for @Bean method org.springframework.security.config.annotation.web.configuration.WebSecurityConfiguration.webSecurityExpressionHandler()
21:59:40.030 [main] DEBUG o.s.c.a.ConfigurationClassBeanDefinitionReader - Registering bean definition for @Bean method org.springframework.security.config.annotation.web.configuration.WebSecurityConfiguration.springSecurityFilterChain()
21:59:40.030 [main] DEBUG o.s.c.a.ConfigurationClassBeanDefinitionReader - Registering bean definition for @Bean method org.springframework.security.config.annotation.web.configuration.WebSecurityConfiguration.privilegeEvaluator()
21:59:40.030 [main] DEBUG o.s.c.a.ConfigurationClassBeanDefinitionReader - Registering bean definition for @Bean method org.springframework.security.config.annotation.web.configuration.WebSecurityConfiguration.autowiredWebSecurityConfigurersIgnoreParents()
21:59:40.030 [main] DEBUG o.s.c.a.ConfigurationClassBeanDefinitionReader - Registered bean definition for imported class &apos;org.springframework.security.config.annotation.web.configuration.WebMvcSecurityConfiguration&apos;
21:59:40.030 [main] DEBUG o.s.c.a.ConfigurationClassBeanDefinitionReader - Registering bean definition for @Bean method org.springframework.security.config.annotation.web.configuration.WebMvcSecurityConfiguration.requestDataValueProcessor()
21:59:40.030 [main] DEBUG o.s.c.a.ConfigurationClassBeanDefinitionReader - Registering bean definition for @Bean method edu.ncsu.csc.itrust2.config.SecurityConfig.passwordEncoder()
21:59:40.030 [main] DEBUG o.s.c.a.ConfigurationClassBeanDefinitionReader - Registering bean definition for @Bean method edu.ncsu.csc.itrust2.config.SecurityConfig.defaultAuthenticationEventPublisher()
21:59:40.030 [main] DEBUG o.s.c.a.ConfigurationClassBeanDefinitionReader - Registering bean definition for @Bean method edu.ncsu.csc.itrust2.config.SecurityConfig.failureHandler()
21:59:40.030 [main] DEBUG o.s.c.a.ConfigurationClassBeanDefinitionReader - Registering bean definition for @Bean method edu.ncsu.csc.itrust2.config.SecurityConfig.ipBlockFilter()
21:59:40.030 [main] DEBUG o.s.c.a.ConfigurationClassBeanDefinitionReader - Registered bean definition for imported class &apos;org.springframework.web.servlet.config.annotation.DelegatingWebMvcConfiguration&apos;
21:59:40.030 [main] DEBUG o.s.c.a.ConfigurationClassBeanDefinitionReader - Registering bean definition for @Bean method org.springframework.web.servlet.config.annotation.DelegatingWebMvcConfiguration.mvcConversionService()
21:59:40.030 [main] DEBUG o.s.c.a.ConfigurationClassBeanDefinitionReader - Registering bean definition for @Bean method org.springframework.web.servlet.config.annotation.DelegatingWebMvcConfiguration.requestMappingHandlerMapping()
21:59:40.030 [main] DEBUG o.s.c.a.ConfigurationClassBeanDefinitionReader - Registering bean definition for @Bean method org.springframework.web.servlet.config.annotation.DelegatingWebMvcConfiguration.mvcPathMatcher()
21:59:40.031 [main] DEBUG o.s.c.a.ConfigurationClassBeanDefinitionReader - Registering bean definition for @Bean method org.springframework.web.servlet.config.annotation.DelegatingWebMvcConfiguration.mvcUrlPathHelper()
21:59:40.031 [main] DEBUG o.s.c.a.ConfigurationClassBeanDefinitionReader - Registering bean definition for @Bean method org.springframework.web.servlet.config.annotation.DelegatingWebMvcConfiguration.mvcContentNegotiationManager()
21:59:40.031 [main] DEBUG o.s.c.a.ConfigurationClassBeanDefinitionReader - Registering bean definition for @Bean method org.springframework.web.servlet.config.annotation.DelegatingWebMvcConfiguration.viewControllerHandlerMapping()
21:59:40.031 [main] DEBUG o.s.c.a.ConfigurationClassBeanDefinitionReader - Registering bean definition for @Bean method org.springframework.web.servlet.config.annotation.DelegatingWebMvcConfiguration.beanNameHandlerMapping()
21:59:40.031 [main] DEBUG o.s.c.a.ConfigurationClassBeanDefinitionReader - Registering bean definition for @Bean method org.springframework.web.servlet.config.annotation.DelegatingWebMvcConfiguration.resourceHandlerMapping()
21:59:40.031 [main] DEBUG o.s.c.a.ConfigurationClassBeanDefinitionReader - Registering bean definition for @Bean method org.springframework.web.servlet.config.annotation.DelegatingWebMvcConfiguration.mvcResourceUrlProvider()
21:59:40.031 [main] DEBUG o.s.c.a.ConfigurationClassBeanDefinitionReader - Registering bean definition for @Bean method org.springframework.web.servlet.config.annotation.DelegatingWebMvcConfiguration.defaultServletHandlerMapping()
21:59:40.031 [main] DEBUG o.s.c.a.ConfigurationClassBeanDefinitionReader - Registering bean definition for @Bean method org.springframework.web.servlet.config.annotation.DelegatingWebMvcConfiguration.requestMappingHandlerAdapter()
21:59:40.031 [main] DEBUG o.s.c.a.ConfigurationClassBeanDefinitionReader - Registering bean definition for @Bean method org.springframework.web.servlet.config.annotation.DelegatingWebMvcConfiguration.mvcValidator()
21:59:40.031 [main] DEBUG o.s.c.a.ConfigurationClassBeanDefinitionReader - Registering bean definition for @Bean method org.springframework.web.servlet.config.annotation.DelegatingWebMvcConfiguration.mvcUriComponentsContributor()
21:59:40.031 [main] DEBUG o.s.c.a.ConfigurationClassBeanDefinitionReader - Registering bean definition for @Bean method org.springframework.web.servlet.config.annotation.DelegatingWebMvcConfiguration.httpRequestHandlerAdapter()
21:59:40.031 [main] DEBUG o.s.c.a.ConfigurationClassBeanDefinitionReader - Registering bean definition for @Bean method org.springframework.web.servlet.config.annotation.DelegatingWebMvcConfiguration.simpleControllerHandlerAdapter()
21:59:40.031 [main] DEBUG o.s.c.a.ConfigurationClassBeanDefinitionReader - Registering bean definition for @Bean method org.springframework.web.servlet.config.annotation.DelegatingWebMvcConfiguration.handlerExceptionResolver()
21:59:40.031 [main] DEBUG o.s.c.a.ConfigurationClassBeanDefinitionReader - Registering bean definition for @Bean method org.springframework.web.servlet.config.annotation.DelegatingWebMvcConfiguration.mvcViewResolver()
21:59:40.031 [main] DEBUG o.s.c.a.ConfigurationClassBeanDefinitionReader - Registered bean definition for imported class &apos;org.springframework.security.config.annotation.method.configuration.GlobalMethodSecurityConfiguration&apos;
21:59:40.031 [main] DEBUG o.s.c.a.ConfigurationClassBeanDefinitionReader - Registering bean definition for @Bean method org.springframework.security.config.annotation.method.configuration.GlobalMethodSecurityConfiguration.methodSecurityInterceptor()
21:59:40.031 [main] DEBUG o.s.c.a.ConfigurationClassBeanDefinitionReader - Registering bean definition for @Bean method org.springframework.security.config.annotation.method.configuration.GlobalMethodSecurityConfiguration.methodSecurityMetadataSource()
21:59:40.031 [main] DEBUG o.s.c.a.ConfigurationClassBeanDefinitionReader - Registering bean definition for @Bean method org.springframework.security.config.annotation.method.configuration.GlobalMethodSecurityConfiguration.preInvocationAuthorizationAdvice()
21:59:40.031 [main] DEBUG o.s.c.a.ConfigurationClassBeanDefinitionReader - Registering bean definition for @Bean method edu.ncsu.csc.itrust2.mvc.config.WebMvcConfiguration.viewResolver()
21:59:40.031 [main] DEBUG o.s.c.a.ConfigurationClassBeanDefinitionReader - Registering bean definition for @Bean method edu.ncsu.csc.itrust2.mvc.config.WebMvcConfiguration.templateEngine()
21:59:40.032 [main] DEBUG o.s.c.a.ConfigurationClassBeanDefinitionReader - Registering bean definition for @Bean method edu.ncsu.csc.itrust2.mvc.config.WebMvcConfiguration.domainClassConverter()
21:59:40.033 [main] DEBUG o.s.c.a.ConfigurationClassEnhancer - Successfully enhanced edu.ncsu.csc.itrust2.config.RootConfiguration; enhanced class name is: edu.ncsu.csc.itrust2.config.RootConfiguration$$EnhancerBySpringCGLIB$$c1d00685
21:59:40.033 [main] DEBUG o.s.c.a.ConfigurationClassPostProcessor - Replacing bean definition &apos;rootConfiguration&apos; existing class &apos;edu.ncsu.csc.itrust2.config.RootConfiguration&apos; with enhanced class &apos;edu.ncsu.csc.itrust2.config.RootConfiguration$$EnhancerBySpringCGLIB$$c1d00685&apos;
21:59:40.033 [main] DEBUG o.s.c.a.ConfigurationClassEnhancer - Successfully enhanced edu.ncsu.csc.itrust2.mvc.config.WebMvcConfiguration; enhanced class name is: edu.ncsu.csc.itrust2.mvc.config.WebMvcConfiguration$$EnhancerBySpringCGLIB$$de7b09d5
21:59:40.033 [main] DEBUG o.s.c.a.ConfigurationClassPostProcessor - Replacing bean definition &apos;webMvcConfiguration&apos; existing class &apos;edu.ncsu.csc.itrust2.mvc.config.WebMvcConfiguration&apos; with enhanced class &apos;edu.ncsu.csc.itrust2.mvc.config.WebMvcConfiguration$$EnhancerBySpringCGLIB$$de7b09d5&apos;
21:59:40.033 [main] DEBUG o.s.c.a.ConfigurationClassEnhancer - Successfully enhanced edu.ncsu.csc.itrust2.config.DataConfiguration; enhanced class name is: edu.ncsu.csc.itrust2.config.DataConfiguration$$EnhancerBySpringCGLIB$$60f4bbd
21:59:40.033 [main] DEBUG o.s.c.a.ConfigurationClassPostProcessor - Replacing bean definition &apos;dataConfiguration&apos; existing class &apos;edu.ncsu.csc.itrust2.config.DataConfiguration&apos; with enhanced class &apos;edu.ncsu.csc.itrust2.config.DataConfiguration$$EnhancerBySpringCGLIB$$60f4bbd&apos;
21:59:40.033 [main] DEBUG o.s.c.a.ConfigurationClassEnhancer - Successfully enhanced edu.ncsu.csc.itrust2.config.SecurityConfig; enhanced class name is: edu.ncsu.csc.itrust2.config.SecurityConfig$$EnhancerBySpringCGLIB$$f88fd361
21:59:40.033 [main] DEBUG o.s.c.a.ConfigurationClassPostProcessor - Replacing bean definition &apos;securityConfig&apos; existing class &apos;edu.ncsu.csc.itrust2.config.SecurityConfig&apos; with enhanced class &apos;edu.ncsu.csc.itrust2.config.SecurityConfig$$EnhancerBySpringCGLIB$$f88fd361&apos;
21:59:40.033 [main] DEBUG o.s.c.a.ConfigurationClassEnhancer - Successfully enhanced org.springframework.security.config.annotation.configuration.ObjectPostProcessorConfiguration; enhanced class name is: org.springframework.security.config.annotation.configuration.ObjectPostProcessorConfiguration$$EnhancerBySpringCGLIB$$6851d2d
21:59:40.033 [main] DEBUG o.s.c.a.ConfigurationClassPostProcessor - Replacing bean definition &apos;org.springframework.security.config.annotation.configuration.ObjectPostProcessorConfiguration&apos; existing class &apos;org.springframework.security.config.annotation.configuration.ObjectPostProcessorConfiguration&apos; with enhanced class &apos;org.springframework.security.config.annotation.configuration.ObjectPostProcessorConfiguration$$EnhancerBySpringCGLIB$$6851d2d&apos;
21:59:40.033 [main] DEBUG o.s.c.a.ConfigurationClassEnhancer - Successfully enhanced org.springframework.security.config.annotation.authentication.configuration.AuthenticationConfiguration; enhanced class name is: org.springframework.security.config.annotation.authentication.configuration.AuthenticationConfiguration$$EnhancerBySpringCGLIB$$524e27a2
21:59:40.033 [main] DEBUG o.s.c.a.ConfigurationClassPostProcessor - Replacing bean definition &apos;org.springframework.security.config.annotation.authentication.configuration.AuthenticationConfiguration&apos; existing class &apos;org.springframework.security.config.annotation.authentication.configuration.AuthenticationConfiguration&apos; with enhanced class &apos;org.springframework.security.config.annotation.authentication.configuration.AuthenticationConfiguration$$EnhancerBySpringCGLIB$$524e27a2&apos;
21:59:40.033 [main] DEBUG o.s.c.a.ConfigurationClassEnhancer - Successfully enhanced org.springframework.security.config.annotation.authentication.configuration.AuthenticationConfiguration; enhanced class name is: org.springframework.security.config.annotation.authentication.configuration.AuthenticationConfiguration$$EnhancerBySpringCGLIB$$524e27a2
21:59:40.033 [main] DEBUG o.s.c.a.ConfigurationClassPostProcessor - Replacing bean definition &apos;enableGlobalAuthenticationAutowiredConfigurer&apos; existing class &apos;org.springframework.security.config.annotation.authentication.configuration.AuthenticationConfiguration&apos; with enhanced class &apos;org.springframework.security.config.annotation.authentication.configuration.AuthenticationConfiguration$$EnhancerBySpringCGLIB$$524e27a2&apos;
21:59:40.034 [main] DEBUG o.s.c.a.ConfigurationClassEnhancer - Successfully enhanced org.springframework.security.config.annotation.authentication.configuration.AuthenticationConfiguration; enhanced class name is: org.springframework.security.config.annotation.authentication.configuration.AuthenticationConfiguration$$EnhancerBySpringCGLIB$$524e27a2
21:59:40.034 [main] DEBUG o.s.c.a.ConfigurationClassPostProcessor - Replacing bean definition &apos;initializeUserDetailsBeanManagerConfigurer&apos; existing class &apos;org.springframework.security.config.annotation.authentication.configuration.AuthenticationConfiguration&apos; with enhanced class &apos;org.springframework.security.config.annotation.authentication.configuration.AuthenticationConfiguration$$EnhancerBySpringCGLIB$$524e27a2&apos;
21:59:40.034 [main] DEBUG o.s.c.a.ConfigurationClassEnhancer - Successfully enhanced org.springframework.security.config.annotation.authentication.configuration.AuthenticationConfiguration; enhanced class name is: org.springframework.security.config.annotation.authentication.configuration.AuthenticationConfiguration$$EnhancerBySpringCGLIB$$524e27a2
21:59:40.034 [main] DEBUG o.s.c.a.ConfigurationClassPostProcessor - Replacing bean definition &apos;initializeAuthenticationProviderBeanManagerConfigurer&apos; existing class &apos;org.springframework.security.config.annotation.authentication.configuration.AuthenticationConfiguration&apos; with enhanced class &apos;org.springframework.security.config.annotation.authentication.configuration.AuthenticationConfiguration$$EnhancerBySpringCGLIB$$524e27a2&apos;
21:59:40.034 [main] DEBUG o.s.c.a.ConfigurationClassEnhancer - Successfully enhanced org.springframework.security.config.annotation.web.configuration.WebSecurityConfiguration; enhanced class name is: org.springframework.security.config.annotation.web.configuration.WebSecurityConfiguration$$EnhancerBySpringCGLIB$$150881e6
21:59:40.034 [main] DEBUG o.s.c.a.ConfigurationClassPostProcessor - Replacing bean definition &apos;org.springframework.security.config.annotation.web.configuration.WebSecurityConfiguration&apos; existing class &apos;org.springframework.security.config.annotation.web.configuration.WebSecurityConfiguration&apos; with enhanced class &apos;org.springframework.security.config.annotation.web.configuration.WebSecurityConfiguration$$EnhancerBySpringCGLIB$$150881e6&apos;
21:59:40.034 [main] DEBUG o.s.c.a.ConfigurationClassEnhancer - Successfully enhanced org.springframework.security.config.annotation.web.configuration.WebSecurityConfiguration; enhanced class name is: org.springframework.security.config.annotation.web.configuration.WebSecurityConfiguration$$EnhancerBySpringCGLIB$$150881e6
21:59:40.034 [main] DEBUG o.s.c.a.ConfigurationClassPostProcessor - Replacing bean definition &apos;delegatingApplicationListener&apos; existing class &apos;org.springframework.security.config.annotation.web.configuration.WebSecurityConfiguration&apos; with enhanced class &apos;org.springframework.security.config.annotation.web.configuration.WebSecurityConfiguration$$EnhancerBySpringCGLIB$$150881e6&apos;
21:59:40.034 [main] DEBUG o.s.c.a.ConfigurationClassEnhancer - Successfully enhanced org.springframework.web.servlet.config.annotation.DelegatingWebMvcConfiguration; enhanced class name is: org.springframework.web.servlet.config.annotation.DelegatingWebMvcConfiguration$$EnhancerBySpringCGLIB$$32983a29
21:59:40.034 [main] DEBUG o.s.c.a.ConfigurationClassPostProcessor - Replacing bean definition &apos;org.springframework.web.servlet.config.annotation.DelegatingWebMvcConfiguration&apos; existing class &apos;org.springframework.web.servlet.config.annotation.DelegatingWebMvcConfiguration&apos; with enhanced class &apos;org.springframework.web.servlet.config.annotation.DelegatingWebMvcConfiguration$$EnhancerBySpringCGLIB$$32983a29&apos;
21:59:40.034 [main] DEBUG o.s.c.a.ConfigurationClassEnhancer - Successfully enhanced org.springframework.security.config.annotation.method.configuration.GlobalMethodSecurityConfiguration; enhanced class name is: org.springframework.security.config.annotation.method.configuration.GlobalMethodSecurityConfiguration$$EnhancerBySpringCGLIB$$2b59bfdf
21:59:40.034 [main] DEBUG o.s.c.a.ConfigurationClassPostProcessor - Replacing bean definition &apos;org.springframework.security.config.annotation.method.configuration.GlobalMethodSecurityConfiguration&apos; existing class &apos;org.springframework.security.config.annotation.method.configuration.GlobalMethodSecurityConfiguration&apos; with enhanced class &apos;org.springframework.security.config.annotation.method.configuration.GlobalMethodSecurityConfiguration$$EnhancerBySpringCGLIB$$2b59bfdf&apos;
21:59:40.035 [main] DEBUG o.s.b.f.s.DefaultListableBeanFactory - Creating shared instance of singleton bean &apos;org.springframework.context.annotation.internalAutowiredAnnotationProcessor&apos;
21:59:40.035 [main] DEBUG o.s.b.f.s.DefaultListableBeanFactory - Creating instance of bean &apos;org.springframework.context.annotation.internalAutowiredAnnotationProcessor&apos;
21:59:40.035 [main] DEBUG o.s.b.f.s.DefaultListableBeanFactory - Eagerly caching bean &apos;org.springframework.context.annotation.internalAutowiredAnnotationProcessor&apos; to allow for resolving potential circular references
21:59:40.037 [main] DEBUG o.s.b.f.s.DefaultListableBeanFactory - Finished creating instance of bean &apos;org.springframework.context.annotation.internalAutowiredAnnotationProcessor&apos;
21:59:40.037 [main] DEBUG o.s.b.f.s.DefaultListableBeanFactory - Creating shared instance of singleton bean &apos;org.springframework.context.annotation.internalRequiredAnnotationProcessor&apos;
21:59:40.037 [main] DEBUG o.s.b.f.s.DefaultListableBeanFactory - Creating instance of bean &apos;org.springframework.context.annotation.internalRequiredAnnotationProcessor&apos;
21:59:40.037 [main] DEBUG o.s.b.f.s.DefaultListableBeanFactory - Eagerly caching bean &apos;org.springframework.context.annotation.internalRequiredAnnotationProcessor&apos; to allow for resolving potential circular references
21:59:40.038 [main] DEBUG o.s.b.f.s.DefaultListableBeanFactory - Finished creating instance of bean &apos;org.springframework.context.annotation.internalRequiredAnnotationProcessor&apos;
21:59:40.038 [main] DEBUG o.s.b.f.s.DefaultListableBeanFactory - Creating shared instance of singleton bean &apos;org.springframework.context.annotation.internalCommonAnnotationProcessor&apos;
21:59:40.038 [main] DEBUG o.s.b.f.s.DefaultListableBeanFactory - Creating instance of bean &apos;org.springframework.context.annotation.internalCommonAnnotationProcessor&apos;
21:59:40.038 [main] DEBUG o.s.b.f.s.DefaultListableBeanFactory - Eagerly caching bean &apos;org.springframework.context.annotation.internalCommonAnnotationProcessor&apos; to allow for resolving potential circular references
21:59:40.040 [main] DEBUG o.s.b.f.s.DefaultListableBeanFactory - Finished creating instance of bean &apos;org.springframework.context.annotation.internalCommonAnnotationProcessor&apos;
21:59:40.040 [main] DEBUG o.s.b.f.s.DefaultListableBeanFactory - Creating shared instance of singleton bean &apos;org.springframework.context.annotation.internalPersistenceAnnotationProcessor&apos;
21:59:40.040 [main] DEBUG o.s.b.f.s.DefaultListableBeanFactory - Creating instance of bean &apos;org.springframework.context.annotation.internalPersistenceAnnotationProcessor&apos;
21:59:40.040 [main] DEBUG o.s.b.f.s.DefaultListableBeanFactory - Eagerly caching bean &apos;org.springframework.context.annotation.internalPersistenceAnnotationProcessor&apos; to allow for resolving potential circular references
21:59:40.042 [main] DEBUG o.s.b.f.s.DefaultListableBeanFactory - Finished creating instance of bean &apos;org.springframework.context.annotation.internalPersistenceAnnotationProcessor&apos;
21:59:40.042 [main] DEBUG o.s.b.f.s.DefaultListableBeanFactory - Creating shared instance of singleton bean &apos;org.springframework.aop.config.internalAutoProxyCreator&apos;
21:59:40.042 [main] DEBUG o.s.b.f.s.DefaultListableBeanFactory - Creating instance of bean &apos;org.springframework.aop.config.internalAutoProxyCreator&apos;
21:59:40.043 [main] DEBUG o.s.b.f.s.DefaultListableBeanFactory - Eagerly caching bean &apos;org.springframework.aop.config.internalAutoProxyCreator&apos; to allow for resolving potential circular references
21:59:40.045 [main] DEBUG o.s.b.f.s.DefaultListableBeanFactory - Finished creating instance of bean &apos;org.springframework.aop.config.internalAutoProxyCreator&apos;
21:59:40.045 [main] DEBUG o.s.w.c.s.GenericWebApplicationContext - Unable to locate MessageSource with name &apos;messageSource&apos;: using default [org.springframework.context.support.DelegatingMessageSource@1b08f0ef]
21:59:40.045 [main] DEBUG o.s.w.c.s.GenericWebApplicationContext - Unable to locate ApplicationEventMulticaster with name &apos;applicationEventMulticaster&apos;: using default [org.springframework.context.event.SimpleApplicationEventMulticaster@41108434]
21:59:40.045 [main] DEBUG o.s.u.c.s.UiApplicationContextUtils - Unable to locate ThemeSource with name &apos;themeSource&apos;: using default [org.springframework.ui.context.support.ResourceBundleThemeSource@41a5e4bd]
21:59:40.045 [main] DEBUG o.s.b.f.s.DefaultListableBeanFactory - Pre-instantiating singletons in org.springframework.beans.factory.support.DefaultListableBeanFactory@12155e70: defining beans [org.springframework.context.annotation.internalConfigurationAnnotationProcessor,org.springframework.context.annotation.internalAutowiredAnnotationProcessor,org.springframework.context.annotation.internalRequiredAnnotationProcessor,org.springframework.context.annotation.internalCommonAnnotationProc
...[truncated 190242 chars]...
g edu.ncsu.csc.itrust2.controllers.patient.PatientController.viewDemographics(org.springframework.ui.Model)]] with attributes [[authorize: &apos;hasRole(&apos;ROLE_PATIENT&apos;)&apos;, filter: &apos;null&apos;, filterTarget: &apos;null&apos;]]
21:59:40.281 [main] DEBUG o.s.aop.framework.CglibAopProxy - Unable to apply any optimisations to advised method: public java.lang.String edu.ncsu.csc.itrust2.controllers.patient.PatientController.viewDemographics(org.springframework.ui.Model)
21:59:40.281 [main] DEBUG o.s.s.a.p.PrePostAnnotationSecurityMetadataSource - @org.springframework.security.access.prepost.PreAuthorize(value=hasRole(&apos;ROLE_PATIENT&apos;)) found on specific method: public java.lang.String edu.ncsu.csc.itrust2.controllers.patient.PatientController.demographicsSubmit(edu.ncsu.csc.itrust2.forms.hcp_patient.PatientForm,org.springframework.validation.BindingResult,org.springframework.ui.Model)
21:59:40.281 [main] DEBUG o.s.s.a.m.DelegatingMethodSecurityMetadataSource - Caching method [CacheKey[edu.ncsu.csc.itrust2.controllers.patient.PatientController; public java.lang.String edu.ncsu.csc.itrust2.controllers.patient.PatientController.demographicsSubmit(edu.ncsu.csc.itrust2.forms.hcp_patient.PatientForm,org.springframework.validation.BindingResult,org.springframework.ui.Model)]] with attributes [[authorize: &apos;hasRole(&apos;ROLE_PATIENT&apos;)&apos;, filter: &apos;null&apos;, filterTarget: &apos;null&apos;]]
21:59:40.281 [main] DEBUG o.s.aop.framework.CglibAopProxy - Unable to apply any optimisations to advised method: public java.lang.String edu.ncsu.csc.itrust2.controllers.patient.PatientController.demographicsSubmit(edu.ncsu.csc.itrust2.forms.hcp_patient.PatientForm,org.springframework.validation.BindingResult,org.springframework.ui.Model)
21:59:40.281 [main] DEBUG o.s.s.a.p.PrePostAnnotationSecurityMetadataSource - @org.springframework.security.access.prepost.PreAuthorize(value=hasRole(&apos;ROLE_PATIENT&apos;)) found on specific method: public java.lang.String edu.ncsu.csc.itrust2.controllers.patient.PatientController.index(org.springframework.ui.Model)
21:59:40.281 [main] DEBUG o.s.s.a.m.DelegatingMethodSecurityMetadataSource - Caching method [CacheKey[edu.ncsu.csc.itrust2.controllers.patient.PatientController; public java.lang.String edu.ncsu.csc.itrust2.controllers.patient.PatientController.index(org.springframework.ui.Model)]] with attributes [[authorize: &apos;hasRole(&apos;ROLE_PATIENT&apos;)&apos;, filter: &apos;null&apos;, filterTarget: &apos;null&apos;]]
21:59:40.281 [main] DEBUG o.s.aop.framework.CglibAopProxy - Unable to apply any optimisations to advised method: public java.lang.String edu.ncsu.csc.itrust2.controllers.patient.PatientController.index(org.springframework.ui.Model)
21:59:40.281 [main] DEBUG o.s.aop.framework.CglibAopProxy - Found &apos;equals&apos; method: public boolean java.lang.Object.equals(java.lang.Object)
21:59:40.281 [main] DEBUG o.s.aop.framework.CglibAopProxy - Unable to apply any optimisations to advised method: public java.lang.String java.lang.Object.toString()
21:59:40.281 [main] DEBUG o.s.aop.framework.CglibAopProxy - Found &apos;hashCode&apos; method: public native int java.lang.Object.hashCode()
21:59:40.281 [main] DEBUG o.s.aop.framework.CglibAopProxy - Unable to apply any optimisations to advised method: protected native java.lang.Object java.lang.Object.clone() throws java.lang.CloneNotSupportedException
21:59:40.281 [main] DEBUG o.s.aop.framework.CglibAopProxy - Method is declared on Advised interface: public abstract void org.springframework.aop.framework.Advised.setTargetSource(org.springframework.aop.TargetSource)
21:59:40.281 [main] DEBUG o.s.aop.framework.CglibAopProxy - Method is declared on Advised interface: public abstract org.springframework.aop.TargetSource org.springframework.aop.framework.Advised.getTargetSource()
21:59:40.281 [main] DEBUG o.s.aop.framework.CglibAopProxy - Method is declared on Advised interface: public abstract boolean org.springframework.aop.framework.Advised.isProxyTargetClass()
21:59:40.282 [main] DEBUG o.s.aop.framework.CglibAopProxy - Method is declared on Advised interface: public abstract void org.springframework.aop.framework.Advised.addAdvisor(org.springframework.aop.Advisor) throws org.springframework.aop.framework.AopConfigException
21:59:40.282 [main] DEBUG o.s.aop.framework.CglibAopProxy - Method is declared on Advised interface: public abstract void org.springframework.aop.framework.Advised.addAdvisor(int,org.springframework.aop.Advisor) throws org.springframework.aop.framework.AopConfigException
21:59:40.282 [main] DEBUG o.s.aop.framework.CglibAopProxy - Method is declared on Advised interface: public abstract void org.springframework.aop.framework.Advised.setPreFiltered(boolean)
21:59:40.282 [main] DEBUG o.s.aop.framework.CglibAopProxy - Method is declared on Advised interface: public abstract void org.springframework.aop.framework.Advised.setExposeProxy(boolean)
21:59:40.282 [main] DEBUG o.s.aop.framework.CglibAopProxy - Method is declared on Advised interface: public abstract boolean org.springframework.aop.framework.Advised.isExposeProxy()
21:59:40.282 [main] DEBUG o.s.aop.framework.CglibAopProxy - Method is declared on Advised interface: public abstract boolean org.springframework.aop.framework.Advised.isPreFiltered()
21:59:40.282 [main] DEBUG o.s.aop.framework.CglibAopProxy - Method is declared on Advised interface: public abstract java.lang.Class[] org.springframework.aop.framework.Advised.getProxiedInterfaces()
21:59:40.282 [main] DEBUG o.s.aop.framework.CglibAopProxy - Method is declared on Advised interface: public abstract boolean org.springframework.aop.framework.Advised.isInterfaceProxied(java.lang.Class)
21:59:40.282 [main] DEBUG o.s.aop.framework.CglibAopProxy - Method is declared on Advised interface: public abstract org.springframework.aop.Advisor[] org.springframework.aop.framework.Advised.getAdvisors()
21:59:40.282 [main] DEBUG o.s.aop.framework.CglibAopProxy - Method is declared on Advised interface: public abstract void org.springframework.aop.framework.Advised.removeAdvisor(int) throws org.springframework.aop.framework.AopConfigException
21:59:40.282 [main] DEBUG o.s.aop.framework.CglibAopProxy - Method is declared on Advised interface: public abstract boolean org.springframework.aop.framework.Advised.removeAdvisor(org.springframework.aop.Advisor)
21:59:40.282 [main] DEBUG o.s.aop.framework.CglibAopProxy - Method is declared on Advised interface: public abstract boolean org.springframework.aop.framework.Advised.replaceAdvisor(org.springframework.aop.Advisor,org.springframework.aop.Advisor) throws org.springframework.aop.framework.AopConfigException
21:59:40.282 [main] DEBUG o.s.aop.framework.CglibAopProxy - Method is declared on Advised interface: public abstract boolean org.springframework.aop.framework.Advised.removeAdvice(org.aopalliance.aop.Advice)
21:59:40.282 [main] DEBUG o.s.aop.framework.CglibAopProxy - Method is declared on Advised interface: public abstract java.lang.String org.springframework.aop.framework.Advised.toProxyConfigString()
21:59:40.282 [main] DEBUG o.s.aop.framework.CglibAopProxy - Method is declared on Advised interface: public abstract void org.springframework.aop.framework.Advised.addAdvice(int,org.aopalliance.aop.Advice) throws org.springframework.aop.framework.AopConfigException
21:59:40.282 [main] DEBUG o.s.aop.framework.CglibAopProxy - Method is declared on Advised interface: public abstract void org.springframework.aop.framework.Advised.addAdvice(org.aopalliance.aop.Advice) throws org.springframework.aop.framework.AopConfigException
21:59:40.282 [main] DEBUG o.s.aop.framework.CglibAopProxy - Method is declared on Advised interface: public abstract int org.springframework.aop.framework.Advised.indexOf(org.aopalliance.aop.Advice)
21:59:40.282 [main] DEBUG o.s.aop.framework.CglibAopProxy - Method is declared on Advised interface: public abstract int org.springframework.aop.framework.Advised.indexOf(org.springframework.aop.Advisor)
21:59:40.282 [main] DEBUG o.s.aop.framework.CglibAopProxy - Method is declared on Advised interface: public abstract boolean org.springframework.aop.framework.Advised.isFrozen()
21:59:40.282 [main] DEBUG o.s.aop.framework.CglibAopProxy - Method is declared on Advised interface: public abstract java.lang.Class org.springframework.aop.TargetClassAware.getTargetClass()
21:59:40.286 [main] DEBUG o.s.b.f.s.DefaultListableBeanFactory - Finished creating instance of bean &apos;patientController&apos;
21:59:40.286 [main] DEBUG o.s.b.f.s.DefaultListableBeanFactory - Creating shared instance of singleton bean &apos;passwordController&apos;
21:59:40.286 [main] DEBUG o.s.b.f.s.DefaultListableBeanFactory - Creating instance of bean &apos;passwordController&apos;
21:59:40.286 [main] DEBUG o.s.b.f.s.DefaultListableBeanFactory - Eagerly caching bean &apos;passwordController&apos; to allow for resolving potential circular references
21:59:40.286 [main] DEBUG o.s.b.f.s.DefaultListableBeanFactory - Returning cached instance of singleton bean &apos;metaDataSourceAdvisor&apos;
21:59:40.286 [main] DEBUG o.s.b.f.s.DefaultListableBeanFactory - Finished creating instance of bean &apos;passwordController&apos;
21:59:40.286 [main] DEBUG o.s.b.f.s.DefaultListableBeanFactory - Creating shared instance of singleton bean &apos;userController&apos;
21:59:40.286 [main] DEBUG o.s.b.f.s.DefaultListableBeanFactory - Creating instance of bean &apos;userController&apos;
21:59:40.286 [main] DEBUG o.s.b.f.s.DefaultListableBeanFactory - Eagerly caching bean &apos;userController&apos; to allow for resolving potential circular references
21:59:40.287 [main] DEBUG o.s.b.f.s.DefaultListableBeanFactory - Returning cached instance of singleton bean &apos;metaDataSourceAdvisor&apos;
21:59:40.287 [main] DEBUG o.s.s.a.p.PrePostAnnotationSecurityMetadataSource - @org.springframework.security.access.prepost.PreAuthorize(value=hasRole(&apos;ROLE_HCP&apos;) or hasRole(&apos;ROLE_ADMIN&apos;)) found on specific method: public java.lang.String edu.ncsu.csc.itrust2.controllers.personnel.UserController.viewDemographics(org.springframework.ui.Model)
21:59:40.287 [main] DEBUG o.s.s.a.m.DelegatingMethodSecurityMetadataSource - Caching method [CacheKey[edu.ncsu.csc.itrust2.controllers.personnel.UserController; public java.lang.String edu.ncsu.csc.itrust2.controllers.personnel.UserController.viewDemographics(org.springframework.ui.Model)]] with attributes [[authorize: &apos;hasRole(&apos;ROLE_HCP&apos;) or hasRole(&apos;ROLE_ADMIN&apos;)&apos;, filter: &apos;null&apos;, filterTarget: &apos;null&apos;]]
21:59:40.287 [main] DEBUG o.s.a.f.a.InfrastructureAdvisorAutoProxyCreator - Creating implicit proxy for bean &apos;userController&apos; with 0 common interceptors and 1 specific interceptors
21:59:40.287 [main] DEBUG o.s.aop.framework.CglibAopProxy - Creating CGLIB proxy: target source is SingletonTargetSource for target object [edu.ncsu.csc.itrust2.controllers.personnel.UserController@29ef24f5]
21:59:40.287 [main] DEBUG o.s.aop.framework.CglibAopProxy - Unable to apply any optimisations to advised method: public java.lang.String edu.ncsu.csc.itrust2.controllers.personnel.UserController.viewDemographics(org.springframework.ui.Model)
21:59:40.287 [main] DEBUG o.s.s.a.p.PrePostAnnotationSecurityMetadataSource - @org.springframework.security.access.prepost.PreAuthorize(value=hasRole(&apos;ROLE_HCP&apos;) or hasRole(&apos;ROLE_ADMIN&apos;)) found on specific method: public java.lang.String edu.ncsu.csc.itrust2.controllers.personnel.UserController.demographicsSubmit(edu.ncsu.csc.itrust2.forms.personnel.PersonnelForm,org.springframework.validation.BindingResult,org.springframework.ui.Model)
21:59:40.287 [main] DEBUG o.s.s.a.m.DelegatingMethodSecurityMetadataSource - Caching method [CacheKey[edu.ncsu.csc.itrust2.controllers.personnel.UserController; public java.lang.String edu.ncsu.csc.itrust2.controllers.personnel.UserController.demographicsSubmit(edu.ncsu.csc.itrust2.forms.personnel.PersonnelForm,org.springframework.validation.BindingResult,org.springframework.ui.Model)]] with attributes [[authorize: &apos;hasRole(&apos;ROLE_HCP&apos;) or hasRole(&apos;ROLE_ADMIN&apos;)&apos;, filter: &apos;null&apos;, filterTarget: &apos;null&apos;]]
21:59:40.287 [main] DEBUG o.s.aop.framework.CglibAopProxy - Unable to apply any optimisations to advised method: public java.lang.String edu.ncsu.csc.itrust2.controllers.personnel.UserController.demographicsSubmit(edu.ncsu.csc.itrust2.forms.personnel.PersonnelForm,org.springframework.validation.BindingResult,org.springframework.ui.Model)
21:59:40.287 [main] DEBUG o.s.aop.framework.CglibAopProxy - Found &apos;equals&apos; method: public boolean java.lang.Object.equals(java.lang.Object)
21:59:40.287 [main] DEBUG o.s.aop.framework.CglibAopProxy - Unable to apply any optimisations to advised method: public java.lang.String java.lang.Object.toString()
21:59:40.287 [main] DEBUG o.s.aop.framework.CglibAopProxy - Found &apos;hashCode&apos; method: public native int java.lang.Object.hashCode()
21:59:40.287 [main] DEBUG o.s.aop.framework.CglibAopProxy - Unable to apply any optimisations to advised method: protected native java.lang.Object java.lang.Object.clone() throws java.lang.CloneNotSupportedException
21:59:40.287 [main] DEBUG o.s.aop.framework.CglibAopProxy - Method is declared on Advised interface: public abstract void org.springframework.aop.framework.Advised.setTargetSource(org.springframework.aop.TargetSource)
21:59:40.287 [main] DEBUG o.s.aop.framework.CglibAopProxy - Method is declared on Advised interface: public abstract org.springframework.aop.TargetSource org.springframework.aop.framework.Advised.getTargetSource()
21:59:40.287 [main] DEBUG o.s.aop.framework.CglibAopProxy - Method is declared on Advised interface: public abstract boolean org.springframework.aop.framework.Advised.isProxyTargetClass()
21:59:40.287 [main] DEBUG o.s.aop.framework.CglibAopProxy - Method is declared on Advised interface: public abstract void org.springframework.aop.framework.Advised.addAdvisor(org.springframework.aop.Advisor) throws org.springframework.aop.framework.AopConfigException
21:59:40.287 [main] DEBUG o.s.aop.framework.CglibAopProxy - Method is declared on Advised interface: public abstract void org.springframework.aop.framework.Advised.addAdvisor(int,org.springframework.aop.Advisor) throws org.springframework.aop.framework.AopConfigException
21:59:40.287 [main] DEBUG o.s.aop.framework.CglibAopProxy - Method is declared on Advised interface: public abstract void org.springframework.aop.framework.Advised.setPreFiltered(boolean)
21:59:40.287 [main] DEBUG o.s.aop.framework.CglibAopProxy - Method is declared on Advised interface: public abstract void org.springframework.aop.framework.Advised.setExposeProxy(boolean)
21:59:40.287 [main] DEBUG o.s.aop.framework.CglibAopProxy - Method is declared on Advised interface: public abstract boolean org.springframework.aop.framework.Advised.isExposeProxy()
21:59:40.287 [main] DEBUG o.s.aop.framework.CglibAopProxy - Method is declared on Advised interface: public abstract boolean org.springframework.aop.framework.Advised.isPreFiltered()
21:59:40.287 [main] DEBUG o.s.aop.framework.CglibAopProxy - Method is declared on Advised interface: public abstract java.lang.Class[] org.springframework.aop.framework.Advised.getProxiedInterfaces()
21:59:40.287 [main] DEBUG o.s.aop.framework.CglibAopProxy - Method is declared on Advised interface: public abstract boolean org.springframework.aop.framework.Advised.isInterfaceProxied(java.lang.Class)
21:59:40.287 [main] DEBUG o.s.aop.framework.CglibAopProxy - Method is declared on Advised interface: public abstract org.springframework.aop.Advisor[] org.springframework.aop.framework.Advised.getAdvisors()
21:59:40.287 [main] DEBUG o.s.aop.framework.CglibAopProxy - Method is declared on Advised interface: public abstract void org.springframework.aop.framework.Advised.removeAdvisor(int) throws org.springframework.aop.framework.AopConfigException
21:59:40.287 [main] DEBUG o.s.aop.framework.CglibAopProxy - Method is declared on Advised interface: public abstract boolean org.springframework.aop.framework.Advised.removeAdvisor(org.springframework.aop.Advisor)
21:59:40.287 [main] DEBUG o.s.aop.framework.CglibAopProxy - Method is declared on Advised interface: public abstract boolean org.springframework.aop.framework.Advised.replaceAdvisor(org.springframework.aop.Advisor,org.springframework.aop.Advisor) throws org.springframework.aop.framework.AopConfigException
21:59:40.287 [main] DEBUG o.s.aop.framework.CglibAopProxy - Method is declared on Advised interface: public abstract boolean org.springframework.aop.framework.Advised.removeAdvice(org.aopalliance.aop.Advice)
21:59:40.287 [main] DEBUG o.s.aop.framework.CglibAopProxy - Method is declared on Advised interface: public abstract java.lang.String org.springframework.aop.framework.Advised.toProxyConfigString()
21:59:40.287 [main] DEBUG o.s.aop.framework.CglibAopProxy - Method is declared on Advised interface: public abstract void org.springframework.aop.framework.Advised.addAdvice(int,org.aopalliance.aop.Advice) throws org.springframework.aop.framework.AopConfigException
21:59:40.287 [main] DEBUG o.s.aop.framework.CglibAopProxy - Method is declared on Advised interface: public abstract void org.springframework.aop.framework.Advised.addAdvice(org.aopalliance.aop.Advice) throws org.springframework.aop.framework.AopConfigException
21:59:40.287 [main] DEBUG o.s.aop.framework.CglibAopProxy - Method is declared on Advised interface: public abstract int org.springframework.aop.framework.Advised.indexOf(org.aopalliance.aop.Advice)
21:59:40.287 [main] DEBUG o.s.aop.framework.CglibAopProxy - Method is declared on Advised interface: public abstract int org.springframework.aop.framework.Advised.indexOf(org.springframework.aop.Advisor)
21:59:40.287 [main] DEBUG o.s.aop.framework.CglibAopProxy - Method is declared on Advised interface: public abstract boolean org.springframework.aop.framework.Advised.isFrozen()
21:59:40.287 [main] DEBUG o.s.aop.framework.CglibAopProxy - Method is declared on Advised interface: public abstract java.lang.Class org.springframework.aop.TargetClassAware.getTargetClass()
21:59:40.291 [main] DEBUG o.s.b.f.s.DefaultListableBeanFactory - Finished creating instance of bean &apos;userController&apos;
21:59:40.291 [main] DEBUG o.s.b.f.s.DefaultListableBeanFactory - Returning cached instance of singleton bean &apos;dataSource&apos;
21:59:40.291 [main] DEBUG o.s.b.f.s.DefaultListableBeanFactory - Returning cached instance of singleton bean &apos;org.springframework.security.config.annotation.configuration.ObjectPostProcessorConfiguration&apos;
21:59:40.291 [main] DEBUG o.s.b.f.s.DefaultListableBeanFactory - Returning cached instance of singleton bean &apos;objectPostProcessor&apos;
21:59:40.291 [main] DEBUG o.s.b.f.s.DefaultListableBeanFactory - Returning cached instance of singleton bean &apos;org.springframework.security.config.annotation.authentication.configuration.AuthenticationConfiguration&apos;
21:59:40.291 [main] DEBUG o.s.b.f.s.DefaultListableBeanFactory - Returning cached instance of singleton bean &apos;authenticationManagerBuilder&apos;
21:59:40.291 [main] DEBUG o.s.b.f.s.DefaultListableBeanFactory - Returning cached instance of singleton bean &apos;enableGlobalAuthenticationAutowiredConfigurer&apos;
21:59:40.291 [main] DEBUG o.s.b.f.s.DefaultListableBeanFactory - Returning cached instance of singleton bean &apos;initializeUserDetailsBeanManagerConfigurer&apos;
21:59:40.291 [main] DEBUG o.s.b.f.s.DefaultListableBeanFactory - Returning cached instance of singleton bean &apos;initializeAuthenticationProviderBeanManagerConfigurer&apos;
21:59:40.291 [main] DEBUG o.s.b.f.s.DefaultListableBeanFactory - Creating shared instance of singleton bean &apos;org.springframework.security.config.annotation.web.configuration.WebSecurityConfiguration&apos;
21:59:40.291 [main] DEBUG o.s.b.f.s.DefaultListableBeanFactory - Creating instance of bean &apos;org.springframework.security.config.annotation.web.configuration.WebSecurityConfiguration&apos;
21:59:40.293 [main] DEBUG o.s.b.f.annotation.InjectionMetadata - Registered injected element on class [org.springframework.security.config.annotation.web.configuration.WebSecurityConfiguration$$EnhancerBySpringCGLIB$$150881e6]: AutowiredFieldElement for private org.springframework.security.config.annotation.ObjectPostProcessor org.springframework.security.config.annotation.web.configuration.WebSecurityConfiguration.objectObjectPostProcessor
21:59:40.293 [main] DEBUG o.s.b.f.annotation.InjectionMetadata - Registered injected element on class [org.springframework.security.config.annotation.web.configuration.WebSecurityConfiguration$$EnhancerBySpringCGLIB$$150881e6]: AutowiredMethodElement for public void org.springframework.security.config.annotation.web.configuration.WebSecurityConfiguration.setFilterChainProxySecurityConfigurer(org.springframework.security.config.annotation.ObjectPostProcessor,java.util.List) throws java.lang.Exception
21:59:40.293 [main] DEBUG o.s.b.f.s.DefaultListableBeanFactory - Eagerly caching bean &apos;org.springframework.security.config.annotation.web.configuration.WebSecurityConfiguration&apos; to allow for resolving potential circular references
21:59:40.293 [main] DEBUG o.s.b.f.annotation.InjectionMetadata - Processing injected element of bean &apos;org.springframework.security.config.annotation.web.configuration.WebSecurityConfiguration&apos;: AutowiredFieldElement for private org.springframework.security.config.annotation.ObjectPostProcessor org.springframework.security.config.annotation.web.configuration.WebSecurityConfiguration.objectObjectPostProcessor
21:59:40.293 [main] DEBUG o.s.b.f.s.DefaultListableBeanFactory - Returning cached instance of singleton bean &apos;objectPostProcessor&apos;
21:59:40.293 [main] DEBUG o.s.b.f.a.AutowiredAnnotationBeanPostProcessor - Autowiring by type from bean name &apos;org.springframework.security.config.annotation.web.configuration.WebSecurityConfiguration&apos; to bean named &apos;objectPostProcessor&apos;
21:59:40.293 [main] DEBUG o.s.b.f.annotation.InjectionMetadata - Processing injected element of bean &apos;org.springframework.security.config.annotation.web.configuration.WebSecurityConfiguration&apos;: AutowiredMethodElement for public void org.springframework.security.config.annotation.web.configuration.WebSecurityConfiguration.setFilterChainProxySecurityConfigurer(org.springframework.security.config.annotation.ObjectPostProcessor,java.util.List) throws java.lang.Exception
21:59:40.293 [main] DEBUG o.s.b.f.s.DefaultListableBeanFactory - Returning cached instance of singleton bean &apos;objectPostProcessor&apos;
21:59:40.294 [main] DEBUG o.s.b.f.s.DefaultListableBeanFactory - Creating shared instance of singleton bean &apos;autowiredWebSecurityConfigurersIgnoreParents&apos;
21:59:40.294 [main] DEBUG o.s.b.f.s.DefaultListableBeanFactory - Creating instance of bean &apos;autowiredWebSecurityConfigurersIgnoreParents&apos;
21:59:40.294 [main] DEBUG o.s.b.f.s.DefaultListableBeanFactory - Returning cached instance of singleton bean &apos;metaDataSourceAdvisor&apos;
21:59:40.295 [main] DEBUG o.s.b.f.s.DefaultListableBeanFactory - Returning eagerly cached instance of singleton bean &apos;org.springframework.security.config.annotation.web.configuration.WebSecurityConfiguration&apos; that is not fully initialized yet - a consequence of a circular reference
21:59:40.296 [main] DEBUG o.s.b.f.s.DefaultListableBeanFactory - Autowiring by type from bean name &apos;autowiredWebSecurityConfigurersIgnoreParents&apos; via factory method to bean named &apos;org.springframework.beans.factory.support.DefaultListableBeanFactory@12155e70&apos;
21:59:40.296 [main] DEBUG o.s.b.f.s.DefaultListableBeanFactory - Eagerly caching bean &apos;autowiredWebSecurityConfigurersIgnoreParents&apos; to allow for resolving potential circular references
21:59:40.296 [main] DEBUG o.s.b.f.s.DefaultListableBeanFactory - Returning cached instance of singleton bean &apos;metaDataSourceAdvisor&apos;
21:59:40.296 [main] DEBUG o.s.b.f.s.DefaultListableBeanFactory - Finished creating instance of bean &apos;autowiredWebSecurityConfigurersIgnoreParents&apos;
21:59:40.296 [main] DEBUG o.s.b.f.s.DefaultListableBeanFactory - Returning cached instance of singleton bean &apos;securityConfig&apos;
21:59:40.296 [main] DEBUG o.s.b.f.a.AutowiredAnnotationBeanPostProcessor - Autowiring by type from bean name &apos;org.springframework.security.config.annotation.web.configuration.WebSecurityConfiguration&apos; to bean named &apos;objectPostProcessor&apos;
21:59:40.296 [main] DEBUG o.s.b.f.s.DefaultListableBeanFactory - Returning cached instance of singleton bean &apos;metaDataSourceAdvisor&apos;
21:59:40.300 [main] DEBUG o.s.b.f.s.DefaultListableBeanFactory - Returning cached instance of singleton bean &apos;org.springframework.context.annotation.ConfigurationClassPostProcessor.importRegistry&apos;
21:59:40.300 [main] DEBUG o.s.b.f.s.DefaultListableBeanFactory - Finished creating instance of bean &apos;org.springframework.security.config.annotation.web.configuration.WebSecurityConfiguration&apos;
21:59:40.300 [main] DEBUG o.s.b.f.s.DefaultListableBeanFactory - Creating shared instance of singleton bean &apos;delegatingApplicationListener&apos;
21:59:40.300 [main] DEBUG o.s.b.f.s.DefaultListableBeanFactory - Creating instance of bean &apos;delegatingApplicationListener&apos;
21:59:40.300 [main] DEBUG o.s.b.f.s.DefaultListableBeanFactory - Eagerly caching bean &apos;delegatingApplicationListener&apos; to allow for resolving potential circular references
21:59:40.301 [main] DEBUG o.s.b.f.s.DefaultListableBeanFactory - Returning cached instance of singleton bean &apos;metaDataSourceAdvisor&apos;
21:59:40.301 [main] DEBUG o.s.b.f.s.DefaultListableBeanFactory - Finished creating instance of bean &apos;delegatingApplicationListener&apos;
21:59:40.301 [main] DEBUG o.s.b.f.s.DefaultListableBeanFactory - Creating shared instance of singleton bean &apos;springSecurityFilterChain&apos;
21:59:40.301 [main] DEBUG o.s.b.f.s.DefaultListableBeanFactory - Creating instance of bean &apos;springSecurityFilterChain&apos;
21:59:40.301 [main] DEBUG o.s.b.f.s.DefaultListableBeanFactory - Returning cached instance of singleton bean &apos;org.springframework.security.config.annotation.web.configuration.WebSecurityConfiguration&apos;
21:59:40.301 [main] DEBUG o.s.b.f.s.DefaultListableBeanFactory - Returning cached instance of singleton bean &apos;metaDataSourceAdvisor&apos;
21:59:40.301 [main] DEBUG o.s.b.f.s.DefaultListableBeanFactory - Returning cached instance of singleton bean &apos;webMvcConfiguration&apos;
21:59:40.301 [main] DEBUG o.s.b.f.s.DefaultListableBeanFactory - Returning cached instance of singleton bean &apos;securityConfig&apos;
21:59:40.301 [main] DEBUG o.s.s.c.a.a.c.AuthenticationConfiguration$EnableGlobalAuthenticationAutowiredConfigurer - Eagerly initializing {webMvcConfiguration=edu.ncsu.csc.itrust2.mvc.config.WebMvcConfiguration$$EnhancerBySpringCGLIB$$de7b09d5@20126399, securityConfig=edu.ncsu.csc.itrust2.config.SecurityConfig$$EnhancerBySpringCGLIB$$f88fd361@52d82c1}
21:59:40.302 [main] DEBUG o.s.b.f.s.DefaultListableBeanFactory - Invoking afterPropertiesSet() on bean with name &apos;org.springframework.security.authentication.dao.DaoAuthenticationProvider@58ac0ab9&apos;
21:59:40.302 [main] DEBUG o.s.b.f.s.DefaultListableBeanFactory - Returning cached instance of singleton bean &apos;metaDataSourceAdvisor&apos;
21:59:40.303 [main] DEBUG o.s.b.f.s.DefaultListableBeanFactory - Invoking afterPropertiesSet() on bean with name &apos;org.springframework.security.authentication.ProviderManager@50ec4e78&apos;
21:59:40.303 [main] DEBUG o.s.b.f.s.DefaultListableBeanFactory - Returning cached instance of singleton bean &apos;metaDataSourceAdvisor&apos;
21:59:40.305 [main] DEBUG o.s.b.f.s.DefaultListableBeanFactory - Returning cached instance of singleton bean &apos;authenticationManagerBuilder&apos;
21:59:40.305 [main] DEBUG o.s.w.c.s.StandardServletEnvironment - Adding [servletConfigInitParams] PropertySource with lowest search precedence
21:59:40.305 [main] DEBUG o.s.w.c.s.StandardServletEnvironment - Adding [servletContextInitParams] PropertySource with lowest search precedence
21:59:40.305 [main] DEBUG o.s.w.c.s.StandardServletEnvironment - Adding [systemProperties] PropertySource with lowest search precedence
21:59:40.305 [main] DEBUG o.s.w.c.s.StandardServletEnvironment - Adding [systemEnvironment] PropertySource with lowest search precedence
21:59:40.305 [main] DEBUG o.s.w.c.s.StandardServletEnvironment - Initialized StandardServletEnvironment with PropertySources [servletConfigInitParams,servletContextInitParams,systemProperties,systemEnvironment]
21:59:40.305 [main] DEBUG o.s.w.c.s.StandardServletEnvironment - Adding [servletConfigInitParams] PropertySource with lowest search precedence
21:59:40.305 [main] DEBUG o.s.w.c.s.StandardServletEnvironment - Adding [servletContextInitParams] PropertySource with lowest search precedence
21:59:40.305 [main] DEBUG o.s.w.c.s.StandardServletEnvironment - Adding [systemProperties] PropertySource with lowest search precedence
21:59:40.305 [main] DEBUG o.s.w.c.s.StandardServletEnvironment - Adding [systemEnvironment] PropertySource with lowest search precedence
21:59:40.305 [main] DEBUG o.s.w.c.s.StandardServletEnvironment - Initialized StandardServletEnvironment with PropertySources [servletConfigInitParams,servletContextInitParams,systemProperties,systemEnvironment]
21:59:40.305 [main] DEBUG o.s.w.c.s.StandardServletEnvironment - Adding [servletConfigInitParams] PropertySource with lowest search precedence
21:59:40.305 [main] DEBUG o.s.w.c.s.StandardServletEnvironment - Adding [servletContextInitParams] PropertySource with lowest search precedence
21:59:40.305 [main] DEBUG o.s.w.c.s.StandardServletEnvironment - Adding [systemProperties] PropertySource with lowest search precedence
21:59:40.305 [main] DEBUG o.s.w.c.s.StandardServletEnvironment - Adding [systemEnvironment] PropertySource with lowest search precedence
21:59:40.305 [main] DEBUG o.s.w.c.s.StandardServletEnvironment - Initialized StandardServletEnvironment with PropertySources [servletConfigInitParams,servletContextInitParams,systemProperties,systemEnvironment]
21:59:40.306 [main] DEBUG o.s.b.f.s.DefaultListableBeanFactory - Creating shared instance of singleton bean &apos;ipBlockFilter&apos;
21:59:40.306 [main] DEBUG o.s.b.f.s.DefaultListableBeanFactory - Creating instance of bean &apos;ipBlockFilter&apos;
21:59:40.306 [main] DEBUG o.s.b.f.s.DefaultListableBeanFactory - Returning cached instance of singleton bean &apos;securityConfig&apos;
21:59:40.306 [main] DEBUG o.s.w.c.s.StandardServletEnvironment - Adding [servletConfigInitParams] PropertySource with lowest search precedence
21:59:40.306 [main] DEBUG o.s.w.c.s.StandardServletEnvironment - Adding [servletContextInitParams] PropertySource with lowest search precedence
21:59:40.306 [main] DEBUG o.s.w.c.s.StandardServletEnvironment - Adding [systemProperties] PropertySource with lowest search precedence
21:59:40.306 [main] DEBUG o.s.w.c.s.StandardServletEnvironment - Adding [systemEnvironment] PropertySource with lowest search precedence
21:59:40.306 [main] DEBUG o.s.w.c.s.StandardServletEnvironment - Initialized StandardServletEnvironment with PropertySources [servletConfigInitParams,servletContextInitParams,systemProperties,systemEnvironment]
21:59:40.306 [main] DEBUG o.s.b.f.s.DefaultListableBeanFactory - Eagerly caching bean &apos;ipBlockFilter&apos; to allow for resolving potential circular references
21:59:40.308 [main] DEBUG o.s.b.f.s.DefaultListableBeanFactory - Invoking afterPropertiesSet() on bean with name &apos;ipBlockFilter&apos;
21:59:40.308 [main] DEBUG o.s.b.f.s.DefaultListableBeanFactory - Returning cached instance of singleton bean &apos;metaDataSourceAdvisor&apos;
21:59:40.309 [main] DEBUG o.s.b.f.s.DefaultListableBeanFactory - Finished creating instance of bean &apos;ipBlockFilter&apos;
21:59:40.309 [main] DEBUG o.s.w.c.s.StandardServletEnvironment - Adding [servletConfigInitParams] PropertySource with lowest search precedence
21:59:40.309 [main] DEBUG o.s.w.c.s.StandardServletEnvironment - Adding [servletContextInitParams] PropertySource with lowest search precedence
21:59:40.309 [main] DEBUG o.s.w.c.s.StandardServletEnvironment - Adding [systemProperties] PropertySource with lowest search precedence
21:59:40.309 [main] DEBUG o.s.w.c.s.StandardServletEnvironment - Adding [systemEnvironment] PropertySource with lowest search precedence
21:59:40.309 [main] DEBUG o.s.w.c.s.StandardServletEnvironment - Initialized StandardServletEnvironment with PropertySources [servletConfigInitParams,servletContextInitParams,systemProperties,systemEnvironment]
21:59:40.309 [main] DEBUG o.s.b.f.s.DefaultListableBeanFactory - Retrieved dependent beans for bean &apos;springSecurityFilterChain&apos;: [webSecurityExpressionHandler]
21:59:40.309 [main] WARN  o.s.w.c.s.GenericWebApplicationContext - Exception encountered during context initialization - cancelling refresh attempt: org.springframework.beans.factory.BeanCreationException: Error creating bean with name &apos;springSecurityFilterChain&apos; defined in class path resource [org/springframework/security/config/annotation/web/configuration/WebSecurityConfiguration.class]: Bean instantiation via factory method failed; nested exception is org.springframework.beans.BeanInstantiationException: Failed to instantiate [javax.servlet.Filter]: Factory method &apos;springSecurityFilterChain&apos; threw exception; nested exception is java.lang.IllegalArgumentException: &apos;Savings Account?error&apos; is not a valid redirect URL
21:59:40.309 [main] DEBUG o.s.b.f.s.DefaultListableBeanFactory - Destroying singletons in org.springframework.beans.factory.support.DefaultListableBeanFactory@12155e70: defining beans [org.springframework.context.annotation.internalConfigurationAnnotationProcessor,org.springframework.context.annotation.internalAutowiredAnnotationProcessor,org.springframework.context.annotation.internalRequiredAnnotationProcessor,org.springframework.context.annotation.internalCommonAnnotationProcessor,org.springframework.context.annotation.internalPersistenceAnnotationProcessor,org.springframework.context.event.internalEventListenerProcessor,org.springframework.context.event.internalEventListenerFactory,rootConfiguration,webMvcConfiguration,dataConfiguration,loginAuditingListener,securityConfig,defaultController,adminController,adminUserController,hospitalController,ICDCodesController,APIAppointmentRequestController,APIDiagnosisController,APIDrugController,APIEnumController,APIHospitalController,APIICDCodeController,APILogEntryController,APIOfficeVisitController,APIPasswordController,APIPatientController,APIPersonnelController,APIPrescriptionController,APIUserController,appointmentControllerHCP,HCPController,officeVisitController,appointmentController,diagnosesController,patientController,passwordController,userController,dataSource,org.springframework.security.config.annotation.configuration.ObjectPostProcessorConfiguration,objectPostProcessor,org.springframework.security.config.annotation.authentication.configuration.AuthenticationConfiguration,authenticationManagerBuilder,enableGlobalAuthenticationAutowiredConfigurer,initializeUserDetailsBeanManagerConfigurer,initializeAuthenticationProviderBeanManagerConfigurer,org.springframework.security.config.annotation.web.configuration.WebSecurityConfiguration,delegatingApplicationListener,webSecurityExpressionHandler,springSecurityFilterChain,privilegeEvaluator,autowiredWebSecurityConfigurersIgnoreParents,org.springframework.security.config.annotation.web.configuration.WebMvcSecurityConfiguration,requestDataValueProcessor,passwordEncoder,defaultAuthenticationEventPublisher,failureHandler,ipBlockFilter,org.springframework.web.servlet.config.annotation.DelegatingWebMvcConfiguration,mvcConversionService,requestMappingHandlerMapping,mvcPathMatcher,mvcUrlPathHelper,mvcContentNegotiationManager,viewControllerHandlerMapping,beanNameHandlerMapping,resourceHandlerMapping,mvcResourceUrlProvider,defaultServletHandlerMapping,requestMappingHandlerAdapter,mvcValidator,mvcUriComponentsContributor,httpRequestHandlerAdapter,simpleControllerHandlerAdapter,handlerExceptionResolver,mvcViewResolver,org.springframework.security.config.annotation.method.configuration.GlobalMethodSecurityConfiguration,methodSecurityInterceptor,methodSecurityMetadataSource,preInvocationAuthorizationAdvice,viewResolver,templateEngine,domainClassConverter,metaDataSourceAdvisor,org.springframework.aop.config.internalAutoProxyCreator]; root of factory hierarchy
21:59:40.309 [main] DEBUG o.s.b.f.s.DisposableBeanAdapter - Invoking destroy() on bean with name &apos;ipBlockFilter&apos;
21:59:40.309 [main] DEBUG o.s.b.f.s.DefaultListableBeanFactory - Retrieved dependent beans for bean &apos;objectPostProcessor&apos;: [org.springframework.security.config.annotation.method.configuration.GlobalMethodSecurityConfiguration, securityConfig, org.springframework.security.config.annotation.authentication.configuration.AuthenticationConfiguration, authenticationManagerBuilder, org.springframework.security.config.annotation.web.configuration.WebSecurityConfiguration]
21:59:40.310 [main] DEBUG o.s.b.f.s.DisposableBeanAdapter - Invoking destroy() on bean with name &apos;objectPostProcessor&apos;
21:59:40.311 [main] ERROR o.s.test.context.TestContextManager - Caught exception while allowing TestExecutionListener [org.springframework.test.context.web.ServletTestExecutionListener@758bd34f] to prepare test instance [edu.ncsu.csc.itrust2.apitest.APIOfficeVisitTest@12f190db]
java.lang.IllegalStateException: Failed to load ApplicationContext
	at org.springframework.test.context.cache.DefaultCacheAwareContextLoaderDelegate.loadContext(DefaultCacheAwareContextLoaderDelegate.java:124) ~[spring-test-4.3.5.RELEASE.jar:4.3.5.RELEASE]
	at org.springframework.test.context.support.DefaultTestContext.getApplicationContext(DefaultTestContext.java:83) ~[spring-test-4.3.5.RELEASE.jar:4.3.5.RELEASE]
	at org.springframework.test.context.web.ServletTestExecutionListener.setUpRequestContextIfNecessary(ServletTestExecutionListener.java:189) ~[spring-test-4.3.5.RELEASE.jar:4.3.5.RELEASE]
	at org.springframework.test.context.web.ServletTestExecutionListener.prepareTestInstance(ServletTestExecutionListener.java:131) ~[spring-test-4.3.5.RELEASE.jar:4.3.5.RELEASE]
	at org.springframework.test.context.TestContextManager.prepareTestInstance(TestContextManager.java:230) ~[spring-test-4.3.5.RELEASE.jar:4.3.5.RELEASE]
	at org.springframework.test.context.junit4.SpringJUnit4ClassRunner.createTest(SpringJUnit4ClassRunner.java:228) [spring-test-4.3.5.RELEASE.jar:4.3.5.RELEASE]
	at org.springframework.test.context.junit4.SpringJUnit4ClassRunner$1.runReflectiveCall(SpringJUnit4ClassRunner.java:287) [spring-test-4.3.5.RELEASE.jar:4.3.5.RELEASE]
	at org.junit.internal.runners.model.ReflectiveCallable.run(ReflectiveCallable.java:12) [junit-4.12.jar:4.12]
	at org.springframework.test.context.junit4.SpringJUnit4ClassRunner.methodBlock(SpringJUnit4ClassRunner.java:289) [spring-test-4.3.5.RELEASE.jar:4.3.5.RELEASE]
	at org.springframework.test.context.junit4.SpringJUnit4ClassRunner.runChild(SpringJUnit4ClassRunner.java:247) [spring-test-4.3.5.RELEASE.jar:4.3.5.RELEASE]
	at org.springframework.test.context.junit4.SpringJUnit4ClassRunner.runChild(SpringJUnit4ClassRunner.java:94) [spring-test-4.3.5.RELEASE.jar:4.3.5.RELEASE]
	at org.junit.runners.ParentRunner$3.run(ParentRunner.java:290) [junit-4.12.jar:4.12]
	at org.junit.runners.ParentRunner$1.schedule(ParentRunner.java:71) [junit-4.12.jar:4.12]
	at org.junit.runners.ParentRunner.runChildren(ParentRunner.java:288) [junit-4.12.jar:4.12]
	at org.junit.runners.ParentRunner.access$000(ParentRunner.java:58) [junit-4.12.jar:4.12]
	at org.junit.runners.ParentRunner$2.evaluate(ParentRunner.java:268) [junit-4.12.jar:4.12]
	at org.springframework.test.context.junit4.statements.RunBeforeTestClassCallbacks.evaluate(RunBeforeTestClassCallbacks.java:61) [spring-test-4.3.5.RELEASE.jar:4.3.5.RELEASE]
	at org.springframework.test.context.junit4.statements.RunAfterTestClassCallbacks.evaluate(RunAfterTestClassCallbacks.java:70) [spring-test-4.3.5.RELEASE.jar:4.3.5.RELEASE]
	at org.junit.runners.ParentRunner.run(ParentRunner.java:363) [junit-4.12.jar:4.12]
	at org.springframework.test.context.junit4.SpringJUnit4ClassRunner.run(SpringJUnit4ClassRunner.java:191) [spring-test-4.3.5.RELEASE.jar:4.3.5.RELEASE]
	at org.apache.maven.surefire.junit4.JUnit4Provider.execute(JUnit4Provider.java:365) [surefire-junit4-2.20.jar:2.20]
	at org.apache.maven.surefire.junit4.JUnit4Provider.executeWithRerun(JUnit4Provider.java:272) [surefire-junit4-2.20.jar:2.20]
	at org.apache.maven.surefire.junit4.JUnit4Provider.executeTestSet(JUnit4Provider.java:236) [surefire-junit4-2.20.jar:2.20]
	at org.apache.maven.surefire.junit4.JUnit4Provider.invoke(JUnit4Provider.java:159) [surefire-junit4-2.20.jar:2.20]
	at org.apache.maven.surefire.booter.ForkedBooter.invokeProviderInSameClassLoader(ForkedBooter.java:386) [surefire-booter-2.20.jar:2.20]
	at org.apache.maven.surefire.booter.ForkedBooter.runSuitesInProcess(ForkedBooter.java:323) [surefire-booter-2.20.jar:2.20]
	at org.apache.maven.surefire.booter.ForkedBooter.main(ForkedBooter.java:143) [surefire-booter-2.20.jar:2.20]
Caused by: org.springframework.beans.factory.BeanCreationException: Error creating bean with name &apos;springSecurityFilterChain&apos; defined in class path resource [org/springframework/security/config/annotation/web/configuration/WebSecurityConfiguration.class]: Bean instantiation via factory method failed; nested exception is org.springframework.beans.BeanInstantiationException: Failed to instantiate [javax.servlet.Filter]: Factory method &apos;springSecurityFilterChain&apos; threw exception; nested exception is java.lang.IllegalArgumentException: &apos;Savings Account?error&apos; is not a valid redirect URL
	at org.springframework.beans.factory.support.ConstructorResolver.instantiateUsingFactoryMethod(ConstructorResolver.java:599) ~[spring-beans-4.3.5.RELEASE.jar:4.3.5.RELEASE]
	at org.springframework.beans.factory.support.AbstractAutowireCapableBeanFactory.instantiateUsingFactoryMethod(AbstractAutowireCapableBeanFactory.java:1134) ~[spring-beans-4.3.5.RELEASE.jar:4.3.5.RELEASE]
	at org.springframework.beans.factory.support.AbstractAutowireCapableBeanFactory.createBeanInstance(AbstractAutowireCapableBeanFactory.java:1028) ~[spring-beans-4.3.5.RELEASE.jar:4.3.5.RELEASE]
	at org.springframework.beans.factory.support.AbstractAutowireCapableBeanFactory.doCreateBean(AbstractAutowireCapableBeanFactory.java:513) ~[spring-beans-4.3.5.RELEASE.jar:4.3.5.RELEASE]
	at org.springframework.beans.factory.support.AbstractAutowireCapableBeanFactory.createBean(AbstractAutowireCapableBeanFactory.java:483) ~[spring-beans-4.3.5.RELEASE.jar:4.3.5.RELEASE]
	at org.springframework.beans.factory.support.AbstractBeanFactory$1.getObject(AbstractBeanFactory.java:306) ~[spring-beans-4.3.5.RELEASE.jar:4.3.5.RELEASE]
	at org.springframework.beans.factory.support.DefaultSingletonBeanRegistry.getSingleton(DefaultSingletonBeanRegistry.java:230) ~[spring-beans-4.3.5.RELEASE.jar:4.3.5.RELEASE]
	at org.springframework.beans.factory.support.AbstractBeanFactory.doGetBean(AbstractBeanFactory.java:302) ~[spring-beans-4.3.5.RELEASE.jar:4.3.5.RELEASE]
	at org.springframework.beans.factory.support.AbstractBeanFactory.getBean(AbstractBeanFactory.java:197) ~[spring-beans-4.3.5.RELEASE.jar:4.3.5.RELEASE]
	at org.springframework.beans.factory.support.AbstractBeanFactory.doGetBean(AbstractBeanFactory.java:296) ~[spring-beans-4.3.5.RELEASE.jar:4.3.5.RELEASE]
	at org.springframework.beans.factory.support.AbstractBeanFactory.getBean(AbstractBeanFactory.java:197) ~[spring-beans-4.3.5.RELEASE.jar:4.3.5.RELEASE]
	at org.springframework.beans.factory.support.DefaultListableBeanFactory.preInstantiateSingletons(DefaultListableBeanFactory.java:759) ~[spring-beans-4.3.5.RELEASE.jar:4.3.5.RELEASE]
	at org.springframework.context.support.AbstractApplicationContext.finishBeanFactoryInitialization(AbstractApplicationContext.java:866) ~[spring-context-4.3.5.RELEASE.jar:4.3.5.RELEASE]
	at org.springframework.context.support.AbstractApplicationContext.refresh(AbstractApplicationContext.java:542) ~[spring-context-4.3.5.RELEASE.jar:4.3.5.RELEASE]
	at org.springframework.test.context.web.AbstractGenericWebContextLoader.loadContext(AbstractGenericWebContextLoader.java:134) ~[spring-test-4.3.5.RELEASE.jar:4.3.5.RELEASE]
	at org.springframework.test.context.web.AbstractGenericWebContextLoader.loadContext(AbstractGenericWebContextLoader.java:61) ~[spring-test-4.3.5.RELEASE.jar:4.3.5.RELEASE]
	at org.springframework.test.context.support.AbstractDelegatingSmartContextLoader.delegateLoading(AbstractDelegatingSmartContextLoader.java:108) ~[spring-test-4.3.5.RELEASE.jar:4.3.5.RELEASE]
	at org.springframework.test.context.support.AbstractDelegatingSmartContextLoader.loadContext(AbstractDelegatingSmartContextLoader.java:251) ~[spring-test-4.3.5.RELEASE.jar:4.3.5.RELEASE]
	at org.springframework.test.context.cache.DefaultCacheAwareContextLoaderDelegate.loadContextInternal(DefaultCacheAwareContextLoaderDelegate.java:98) ~[spring-test-4.3.5.RELEASE.jar:4.3.5.RELEASE]
	at org.springframework.test.context.cache.DefaultCacheAwareContextLoaderDelegate.loadContext(DefaultCacheAwareContextLoaderDelegate.java:116) ~[spring-test-4.3.5.RELEASE.jar:4.3.5.RELEASE]
	... 26 common frames omitted
Caused by: org.springframework.beans.BeanInstantiationException: Failed to instantiate [javax.servlet.Filter]: Factory method &apos;springSecurityFilterChain&apos; threw exception; nested exception is java.lang.IllegalArgumentException: &apos;Savings Account?error&apos; is not a valid redirect URL
	at org.springframework.beans.factory.support.SimpleInstantiationStrategy.instantiate(SimpleInstantiationStrategy.java:189) ~[spring-beans-4.3.5.RELEASE.jar:4.3.5.RELEASE]
	at org.springframework.beans.factory.support.ConstructorResolver.instantiateUsingFactoryMethod(ConstructorResolver.java:588) ~[spring-beans-4.3.5.RELEASE.jar:4.3.5.RELEASE]
	... 45 common frames omitted
Caused by: java.lang.IllegalArgumentException: &apos;Savings Account?error&apos; is not a valid redirect URL
	at org.springframework.util.Assert.isTrue(Assert.java:68) ~[spring-core-4.3.5.RELEASE.jar:4.3.5.RELEASE]
	at org.springframework.security.web.authentication.SimpleUrlAuthenticationFailureHandler.setDefaultFailureUrl(SimpleUrlAuthenticationFailureHandler.java:125) ~[spring-security-web-4.2.2.RELEASE.jar:4.2.2.RELEASE]
	at org.springframework.security.web.authentication.SimpleUrlAuthenticationFailureHandler.&lt;init&gt;(SimpleUrlAuthenticationFailureHandler.java:60) ~[spring-security-web-4.2.2.RELEASE.jar:4.2.2.RELEASE]
	at org.springframework.security.config.annotation.web.configurers.AbstractAuthenticationFilterConfigurer.failureUrl(AbstractAuthenticationFilterConfigurer.java:206) ~[spring-security-config-4.2.2.RELEASE.jar:4.2.2.RELEASE]
	at org.springframework.security.config.annotation.web.configurers.AbstractAuthenticationFilterConfigurer.updateAuthenticationDefaults(AbstractAuthenticationFilterConfigurer.java:368) ~[spring-security-config-4.2.2.RELEASE.jar:4.2.2.RELEASE]
	at org.springframework.security.config.annotation.web.configurers.AbstractAuthenticationFilterConfigurer.loginPage(AbstractAuthenticationFilterConfigurer.java:308) ~[spring-security-config-4.2.2.RELEASE.jar:4.2.2.RELEASE]
	at org.springframework.security.config.annotation.web.configurers.FormLoginConfigurer.loginPage(FormLoginConfigurer.java:183) ~[spring-security-config-4.2.2.RELEASE.jar:4.2.2.RELEASE]
	at edu.ncsu.csc.itrust2.config.SecurityConfig.configure(SecurityConfig.java:89) ~[classes/:na]
	at org.springframework.security.config.annotation.web.configuration.WebSecurityConfigurerAdapter.getHttp(WebSecurityConfigurerAdapter.java:224) ~[spring-security-config-4.2.2.RELEASE.jar:4.2.2.RELEASE]
	at org.springframework.security.config.annotation.web.configuration.WebSecurityConfigurerAdapter.init(WebSecurityConfigurerAdapter.java:315) ~[spring-security-config-4.2.2.RELEASE.jar:4.2.2.RELEASE]
	at org.springframework.security.config.annotation.web.configuration.WebSecurityConfigurerAdapter.init(WebSecurityConfigurerAdapter.java:86) ~[spring-security-config-4.2.2.RELEASE.jar:4.2.2.RELEASE]
	at edu.ncsu.csc.itrust2.config.SecurityConfig$$EnhancerBySpringCGLIB$$f88fd361.init(&lt;generated&gt;) ~[classes/:na]
	at org.springframework.security.config.annotation.AbstractConfiguredSecurityBuilder.init(AbstractConfiguredSecurityBuilder.java:371) ~[spring-security-config-4.2.2.RELEASE.jar:4.2.2.RELEASE]
	at org.springframework.security.config.annotation.AbstractConfiguredSecurityBuilder.doBuild(AbstractConfiguredSecurityBuilder.java:325) ~[spring-security-config-4.2.2.RELEASE.jar:4.2.2.RELEASE]
	at org.springframework.security.config.annotation.AbstractSecurityBuilder.build(AbstractSecurityBuilder.java:41) ~[spring-security-config-4.2.2.RELEASE.jar:4.2.2.RELEASE]
	at org.springframework.security.config.annotation.web.configuration.WebSecurityConfiguration.springSecurityFilterChain(WebSecurityConfiguration.java:104) ~[spring-security-config-4.2.2.RELEASE.jar:4.2.2.RELEASE]
	at org.springframework.security.config.annotation.web.configuration.WebSecurityConfiguration$$EnhancerBySpringCGLIB$$150881e6.CGLIB$springSecurityFilterChain$4(&lt;generated&gt;) ~[spring-security-config-4.2.2.RELEASE.jar:4.2.2.RELEASE]
	at org.springframework.security.config.annotation.web.configuration.WebSecurityConfiguration$$EnhancerBySpringCGLIB$$150881e6$$FastClassBySpringCGLIB$$f9839e81.invoke(&lt;generated&gt;) ~[spring-security-config-4.2.2.RELEASE.jar:4.2.2.RELEASE]
	at org.springframework.cglib.proxy.MethodProxy.invokeSuper(MethodProxy.java:228) ~[spring-core-4.3.5.RELEASE.jar:4.3.5.RELEASE]
	at org.springframework.context.annotation.ConfigurationClassEnhancer$BeanMethodInterceptor.intercept(ConfigurationClassEnhancer.java:356) ~[spring-context-4.3.5.RELEASE.jar:4.3.5.RELEASE]
	at org.springframework.security.config.annotation.web.configuration.WebSecurityConfiguration$$EnhancerBySpringCGLIB$$150881e6.springSecurityFilterChain(&lt;generated&gt;) ~[spring-security-config-4.2.2.RELEASE.jar:4.2.2.RELEASE]
	at sun.reflect.NativeMethodAccessorImpl.invoke0(Native Method) ~[na:1.8.0_151]
	at sun.reflect.NativeMethodAccessorImpl.invoke(NativeMethodAccessorImpl.java:62) ~[na:1.8.0_151]
	at sun.reflect.DelegatingMethodAccessorImpl.invoke(DelegatingMethodAccessorImpl.java:43) ~[na:1.8.0_151]
	at java.lang.reflect.Method.invoke(Method.java:498) ~[na:1.8.0_151]
	at org.springframework.beans.factory.support.SimpleInstantiationStrategy.instantiate(SimpleInstantiationStrategy.java:162) ~[spring-beans-4.3.5.RELEASE.jar:4.3.5.RELEASE]
	... 46 common frames omitted
</stdout>
          <failedSince>1</failedSince>
        </case>
        <case>
          <duration>0.0</duration>
          <className>edu.ncsu.csc.itrust2.apitest.APIOfficeVisitTest</className>
          <testName>testPreScheduledOfficeVisit</testName>
          <skipped>false</skipped>
          <errorStackTrace>java.lang.IllegalStateException: Failed to load ApplicationContext
Caused by: org.springframework.beans.factory.BeanCreationException: Error creating bean with name &apos;springSecurityFilterChain&apos; defined in class path resource [org/springframework/security/config/annotation/web/configuration/WebSecurityConfiguration.class]: Bean instantiation via factory method failed; nested exception is org.springframework.beans.BeanInstantiationException: Failed to instantiate [javax.servlet.Filter]: Factory method &apos;springSecurityFilterChain&apos; threw exception; nested exception is java.lang.IllegalArgumentException: &apos;Savings Account?error&apos; is not a valid redirect URL
Caused by: org.springframework.beans.BeanInstantiationException: Failed to instantiate [javax.servlet.Filter]: Factory method &apos;springSecurityFilterChain&apos; threw exception; nested exception is java.lang.IllegalArgumentException: &apos;Savings Account?error&apos; is not a valid redirect URL
Caused by: java.lang.IllegalArgumentException: &apos;Savings Account?error&apos; is not a valid redirect URL
</errorStackTrace>
          <errorDetails>Failed to load ApplicationContext</errorDetails>
          <stdout>21:59:40.311 [main] DEBUG o.s.t.annotation.ProfileValueUtils - Retrieved @ProfileValueSourceConfiguration [null] for test class [edu.ncsu.csc.itrust2.apitest.APIOfficeVisitTest]
21:59:40.311 [main] DEBUG o.s.t.annotation.ProfileValueUtils - Retrieved ProfileValueSource type [class org.springframework.test.annotation.SystemProfileValueSource] for class [edu.ncsu.csc.itrust2.apitest.APIOfficeVisitTest]
21:59:40.311 [main] DEBUG o.s.t.c.s.AbstractDelegatingSmartContextLoader - Delegating to AnnotationConfigWebContextLoader to load context from [WebMergedContextConfiguration@3b45f335 testClass = APIOfficeVisitTest, locations = &apos;{}&apos;, classes = &apos;{class edu.ncsu.csc.itrust2.config.RootConfiguration, class edu.ncsu.csc.itrust2.mvc.config.WebMvcConfiguration}&apos;, contextInitializerClasses = &apos;[]&apos;, activeProfiles = &apos;{}&apos;, propertySourceLocations = &apos;{}&apos;, propertySourceProperties = &apos;{}&apos;, contextCustomizers = set[[empty]], resourceBasePath = &apos;src/main/webapp&apos;, contextLoader = &apos;org.springframework.test.context.web.WebDelegatingSmartContextLoader&apos;, parent = [null]].
21:59:40.311 [main] DEBUG o.s.t.c.w.AbstractGenericWebContextLoader - Loading WebApplicationContext for merged context configuration [WebMergedContextConfiguration@3b45f335 testClass = APIOfficeVisitTest, locations = &apos;{}&apos;, classes = &apos;{class edu.ncsu.csc.itrust2.config.RootConfiguration, class edu.ncsu.csc.itrust2.mvc.config.WebMvcConfiguration}&apos;, contextInitializerClasses = &apos;[]&apos;, activeProfiles = &apos;{}&apos;, propertySourceLocations = &apos;{}&apos;, propertySourceProperties = &apos;{}&apos;, contextCustomizers = set[[empty]], resourceBasePath = &apos;src/main/webapp&apos;, contextLoader = &apos;org.springframework.test.context.web.WebDelegatingSmartContextLoader&apos;, parent = [null]].
21:59:40.312 [main] DEBUG o.s.w.c.s.StandardServletEnvironment - Adding [servletConfigInitParams] PropertySource with lowest search precedence
21:59:40.312 [main] DEBUG o.s.w.c.s.StandardServletEnvironment - Adding [servletContextInitParams] PropertySource with lowest search precedence
21:59:40.312 [main] DEBUG o.s.w.c.s.StandardServletEnvironment - Adding [systemProperties] PropertySource with lowest search precedence
21:59:40.312 [main] DEBUG o.s.w.c.s.StandardServletEnvironment - Adding [systemEnvironment] PropertySource with lowest search precedence
21:59:40.312 [main] DEBUG o.s.w.c.s.StandardServletEnvironment - Initialized StandardServletEnvironment with PropertySources [servletConfigInitParams,servletContextInitParams,systemProperties,systemEnvironment]
21:59:40.312 [main] DEBUG o.s.t.c.w.AnnotationConfigWebContextLoader - Registering annotated classes: {class edu.ncsu.csc.itrust2.config.RootConfiguration, class edu.ncsu.csc.itrust2.mvc.config.WebMvcConfiguration}
21:59:40.313 [main] INFO  o.s.w.c.s.GenericWebApplicationContext - Refreshing org.springframework.web.context.support.GenericWebApplicationContext@58057b1f: startup date [Thu Mar 22 21:59:40 UTC 2018]; root of context hierarchy
21:59:40.313 [main] DEBUG o.s.w.c.s.StandardServletEnvironment - Replacing [servletContextInitParams] PropertySource with [servletContextInitParams]
21:59:40.313 [main] DEBUG o.s.w.c.s.GenericWebApplicationContext - Bean factory for org.springframework.web.context.support.GenericWebApplicationContext@58057b1f: org.springframework.beans.factory.support.DefaultListableBeanFactory@7d41615a: defining beans [org.springframework.context.annotation.internalConfigurationAnnotationProcessor,org.springframework.context.annotation.internalAutowiredAnnotationProcessor,org.springframework.context.annotation.internalRequiredAnnotationProcessor,org.springframework.context.annotation.internalCommonAnnotationProcessor,org.springframework.context.annotation.internalPersistenceAnnotationProcessor,org.springframework.context.event.internalEventListenerProcessor,org.springframework.context.event.internalEventListenerFactory,rootConfiguration,webMvcConfiguration]; root of factory hierarchy
21:59:40.313 [main] DEBUG o.s.b.f.s.DefaultListableBeanFactory - Registering scope &apos;request&apos; with implementation [org.springframework.web.context.request.RequestScope@4dfcb1ba]
21:59:40.313 [main] DEBUG o.s.b.f.s.DefaultListableBeanFactory - Registering scope &apos;session&apos; with implementation [org.springframework.web.context.request.SessionScope@3ed2f699]
21:59:40.313 [main] DEBUG o.s.b.f.s.DefaultListableBeanFactory - Registering scope &apos;globalSession&apos; with implementation [org.springframework.web.context.request.SessionScope@48ef0ba8]
21:59:40.313 [main] DEBUG o.s.b.f.s.DefaultListableBeanFactory - Registering scope &apos;application&apos; with implementation [org.springframework.web.context.support.ServletContextScope@3727e922]
21:59:40.313 [main] DEBUG o.s.b.f.s.DefaultListableBeanFactory - Creating shared instance of singleton bean &apos;org.springframework.context.annotation.internalConfigurationAnnotationProcessor&apos;
21:59:40.313 [main] DEBUG o.s.b.f.s.DefaultListableBeanFactory - Creating instance of bean &apos;org.springframework.context.annotation.internalConfigurationAnnotationProcessor&apos;
21:59:40.313 [main] DEBUG o.s.b.f.s.DefaultListableBeanFactory - Eagerly caching bean &apos;org.springframework.context.annotation.internalConfigurationAnnotationProcessor&apos; to allow for resolving potential circular references
21:59:40.313 [main] DEBUG o.s.b.f.s.DefaultListableBeanFactory - Finished creating instance of bean &apos;org.springframework.context.annotation.internalConfigurationAnnotationProcessor&apos;
21:59:40.314 [main] DEBUG o.s.core.env.StandardEnvironment - Adding [systemProperties] PropertySource with lowest search precedence
21:59:40.314 [main] DEBUG o.s.core.env.StandardEnvironment - Adding [systemEnvironment] PropertySource with lowest search precedence
21:59:40.314 [main] DEBUG o.s.core.env.StandardEnvironment - Initialized StandardEnvironment with PropertySources [systemProperties,systemEnvironment]
21:59:40.315 [main] DEBUG o.s.c.i.s.PathMatchingResourcePatternResolver - Resolved classpath location [edu/ncsu/csc/itrust2/config/] to resources [URL [file:/var/lib/jenkins/jobs/iTrust_Fuzzer/workspace/iTrust2/target/classes/edu/ncsu/csc/itrust2/config/]]
21:59:40.315 [main] DEBUG o.s.c.i.s.PathMatchingResourcePatternResolver - Looking for matching resources in directory tree [/var/lib/jenkins/jobs/iTrust_Fuzzer/workspace/iTrust2/target/classes/edu/ncsu/csc/itrust2/config]
21:59:40.315 [main] DEBUG o.s.c.i.s.PathMatchingResourcePatternResolver - Searching directory [/var/lib/jenkins/jobs/iTrust_Fuzzer/workspace/iTrust2/target/classes/edu/ncsu/csc/itrust2/config] for files matching pattern [/var/lib/jenkins/jobs/iTrust_Fuzzer/workspace/iTrust2/target/classes/edu/ncsu/csc/itrust2/config/**/*.class]
21:59:40.315 [main] DEBUG o.s.c.i.s.PathMatchingResourcePatternResolver - Resolved location pattern [classpath*:edu/ncsu/csc/itrust2/config/**/*.class] to resources [file [/var/lib/jenkins/jobs/iTrust_Fuzzer/workspace/iTrust2/target/classes/edu/ncsu/csc/itrust2/config/ContextListener.class], file [/var/lib/jenkins/jobs/iTrust_Fuzzer/workspace/iTrust2/target/classes/edu/ncsu/csc/itrust2/config/DataConfiguration.class], file [/var/lib/jenkins/jobs/iTrust_Fuzzer/workspace/iTrust2/target/classes/edu/ncsu/csc/itrust2/config/FailureHandler.class], file [/var/lib/jenkins/jobs/iTrust_Fuzzer/workspace/iTrust2/target/classes/edu/ncsu/csc/itrust2/config/IPFilter.class], file [/var/lib/jenkins/jobs/iTrust_Fuzzer/workspace/iTrust2/target/classes/edu/ncsu/csc/itrust2/config/ITrust2ApplicationInitializer.class], file [/var/lib/jenkins/jobs/iTrust_Fuzzer/workspace/iTrust2/target/classes/edu/ncsu/csc/itrust2/config/ITrust2WebApplicationInitializer.class], file [/var/lib/jenkins/jobs/iTrust_Fuzzer/workspace/iTrust2/target/classes/edu/ncsu/csc/itrust2/config/LoginAuditingListener.class], file [/var/lib/jenkins/jobs/iTrust_Fuzzer/workspace/iTrust2/target/classes/edu/ncsu/csc/itrust2/config/RootConfiguration.class], file [/var/lib/jenkins/jobs/iTrust_Fuzzer/workspace/iTrust2/target/classes/edu/ncsu/csc/itrust2/config/SecurityConfig.class]]
21:59:40.316 [main] DEBUG o.s.c.a.ClassPathBeanDefinitionScanner - Identified candidate component class: file [/var/lib/jenkins/jobs/iTrust_Fuzzer/workspace/iTrust2/target/classes/edu/ncsu/csc/itrust2/config/DataConfiguration.class]
21:59:40.316 [main] DEBUG o.s.c.a.ClassPathBeanDefinitionScanner - Identified candidate component class: file [/var/lib/jenkins/jobs/iTrust_Fuzzer/workspace/iTrust2/target/classes/edu/ncsu/csc/itrust2/config/LoginAuditingListener.class]
21:59:40.316 [main] DEBUG o.s.c.a.ClassPathBeanDefinitionScanner - Identified candidate component class: file [/var/lib/jenkins/jobs/iTrust_Fuzzer/workspace/iTrust2/target/classes/edu/ncsu/csc/itrust2/config/SecurityConfig.class]
21:59:40.323 [main] DEBUG o.s.core.env.StandardEnvironment - Adding [systemProperties] PropertySource with lowest search precedence
21:59:40.324 [main] DEBUG o.s.core.env.StandardEnvironment - Adding [systemEnvironment] PropertySource with lowest search precedence
21:59:40.324 [main] DEBUG o.s.core.env.StandardEnvironment - Initialized StandardEnvironment with PropertySources [systemProperties,systemEnvironment]
21:59:40.325 [main] DEBUG o.s.c.i.s.PathMatchingResourcePatternResolver - Resolved classpath location [edu/ncsu/csc/itrust2/controllers/] to resources [URL [file:/var/lib/jenkins/jobs/iTrust_Fuzzer/workspace/iTrust2/target/classes/edu/ncsu/csc/itrust2/controllers/]]
21:59:40.325 [main] DEBUG o.s.c.i.s.PathMatchingResourcePatternResolver - Looking for matching resources in directory tree [/var/lib/jenkins/jobs/iTrust_Fuzzer/workspace/iTrust2/target/classes/edu/ncsu/csc/itrust2/controllers]
21:59:40.325 [main] DEBUG o.s.c.i.s.PathMatchingResourcePatternResolver - Searching directory [/var/lib/jenkins/jobs/iTrust_Fuzzer/workspace/iTrust2/target/classes/edu/ncsu/csc/itrust2/controllers] for files matching pattern [/var/lib/jenkins/jobs/iTrust_Fuzzer/workspace/iTrust2/target/classes/edu/ncsu/csc/itrust2/controllers/**/*.class]
21:59:40.325 [main] DEBUG o.s.c.i.s.PathMatchingResourcePatternResolver - Searching directory [/var/lib/jenkins/jobs/iTrust_Fuzzer/workspace/iTrust2/target/classes/edu/ncsu/csc/itrust2/controllers/admin] for files matching pattern [/var/lib/jenkins/jobs/iTrust_Fuzzer/workspace/iTrust2/target/classes/edu/ncsu/csc/itrust2/controllers/**/*.class]
21:59:40.325 [main] DEBUG o.s.c.i.s.PathMatchingResourcePatternResolver - Searching directory [/var/lib/jenkins/jobs/iTrust_Fuzzer/workspace/iTrust2/target/classes/edu/ncsu/csc/itrust2/controllers/api] for files matching pattern [/var/lib/jenkins/jobs/iTrust_Fuzzer/workspace/iTrust2/target/classes/edu/ncsu/csc/itrust2/controllers/**/*.class]
21:59:40.325 [main] DEBUG o.s.c.i.s.PathMatchingResourcePatternResolver - Searching directory [/var/lib/jenkins/jobs/iTrust_Fuzzer/workspace/iTrust2/target/classes/edu/ncsu/csc/itrust2/controllers/api/comm] for files matching pattern [/var/lib/jenkins/jobs/iTrust_Fuzzer/workspace/iTrust2/target/classes/edu/ncsu/csc/itrust2/controllers/**/*.class]
21:59:40.325 [main] DEBUG o.s.c.i.s.PathMatchingResourcePatternResolver - Searching directory [/var/lib/jenkins/jobs/iTrust_Fuzzer/workspace/iTrust2/target/classes/edu/ncsu/csc/itrust2/controllers/hcp] for files matching pattern [/var/lib/jenkins/jobs/iTrust_Fuzzer/workspace/iTrust2/target/classes/edu/ncsu/csc/itrust2/controllers/**/*.class]
21:59:40.325 [main] DEBUG o.s.c.i.s.PathMatchingResourcePatternResolver - Searching directory [/var/lib/jenkins/jobs/iTrust_Fuzzer/workspace/iTrust2/target/classes/edu/ncsu/csc/itrust2/controllers/patient] for files matching pattern [/var/lib/jenkins/jobs/iTrust_Fuzzer/workspace/iTrust2/target/classes/edu/ncsu/csc/itrust2/controllers/**/*.class]
21:59:40.325 [main] DEBUG o.s.c.i.s.PathMatchingResourcePatternResolver - Searching directory [/var/lib/jenkins/jobs/iTrust_Fuzzer/workspace/iTrust2/target/classes/edu/ncsu/csc/itrust2/controllers/personnel] for files matching pattern [/var/lib/jenkins/jobs/iTrust_Fuzzer/workspace/iTrust2/target/classes/edu/ncsu/csc/itrust2/controllers/**/*.class]
21:59:40.326 [main] DEBUG o.s.c.i.s.PathMatchingResourcePatternResolver - Resolved location pattern [classpath*:edu/ncsu/csc/itrust2/controllers/**/*.class] to resources [file [/var/lib/jenkins/jobs/iTrust_Fuzzer/workspace/iTrust2/target/classes/edu/ncsu/csc/itrust2/controllers/DefaultController.class], file [/var/lib/jenkins/jobs/iTrust_Fuzzer/workspace/iTrust2/target/classes/edu/ncsu/csc/itrust2/controllers/admin/AdminController.class], file [/var/lib/jenkins/jobs/iTrust_Fuzzer/workspace/iTrust2/target/classes/edu/ncsu/csc/itrust2/controllers/admin/AdminUserController$1.class], file [/var/lib/jenkins/jobs/iTrust_Fuzzer/workspace/iTrust2/target/classes/edu/ncsu/csc/itrust2/controllers/admin/AdminUserController.class], file [/var/lib/jenkins/jobs/iTrust_Fuzzer/workspace/iTrust2/target/classes/edu/ncsu/csc/itrust2/controllers/admin/HospitalController.class], file [/var/lib/jenkins/jobs/iTrust_Fuzzer/workspace/iTrust2/target/classes/edu/ncsu/csc/itrust2/controllers/admin/ICDCodesController.class], file [/var/lib/jenkins/jobs/iTrust_Fuzzer/workspace/iTrust2/target/classes/edu/ncsu/csc/itrust2/controllers/api/APIAppointmentRequestController.class], file [/var/lib/jenkins/jobs/iTrust_Fuzzer/workspace/iTrust2/target/classes/edu/ncsu/csc/itrust2/controllers/api/APIController$JSONResponse.class], file [/var/lib/jenkins/jobs/iTrust_Fuzzer/workspace/iTrust2/target/classes/edu/ncsu/csc/itrust2/controllers/api/APIController.class], file [/var/lib/jenkins/jobs/iTrust_Fuzzer/workspace/iTrust2/target/classes/edu/ncsu/csc/itrust2/controllers/api/APIDiagnosisController.class], file [/var/lib/jenkins/jobs/iTrust_Fuzzer/workspace/iTrust2/target/classes/edu/ncsu/csc/itrust2/controllers/api/APIDrugController.class], file [/var/lib/jenkins/jobs/iTrust_Fuzzer/workspace/iTrust2/target/classes/edu/ncsu/csc/itrust2/controllers/api/APIEnumController.class], file [/var/lib/jenkins/jobs/iTrust_Fuzzer/workspace/iTrust2/target/classes/edu/ncsu/csc/itrust2/controllers/api/APIHospitalController.class], file [/var/lib/jenkins/jobs/iTrust_Fuzzer/workspace/iTrust2/target/classes/edu/ncsu/csc/itrust2/controllers/api/APIICDCodeController.class], file [/var/lib/jenkins/jobs/iTrust_Fuzzer/workspace/iTrust2/target/classes/edu/ncsu/csc/itrust2/controllers/api/APILogEntryController.class], file [/var/lib/jenkins/jobs/iTrust_Fuzzer/workspace/iTrust2/target/classes/edu/ncsu/csc/itrust2/controllers/api/APIOfficeVisitController.class], file [/var/lib/jenkins/jobs/iTrust_Fuzzer/workspace/iTrust2/target/classes/edu/ncsu/csc/itrust2/controllers/api/APIPasswordController.class], file [/var/lib/jenkins/jobs/iTrust_Fuzzer/workspace/iTrust2/target/classes/edu/ncsu/csc/itrust2/controllers/api/APIPatientController.class], file [/var/lib/jenkins/jobs/iTrust_Fuzzer/workspace/iTrust2/target/classes/edu/ncsu/csc/itrust2/controllers/api/APIPersonnelController.class], file [/var/lib/jenkins/jobs/iTrust_Fuzzer/workspace/iTrust2/target/classes/edu/ncsu/csc/itrust2/controllers/api/APIPrescriptionController.class], file [/var/lib/jenkins/jobs/iTrust_Fuzzer/workspace/iTrust2/target/classes/edu/ncsu/csc/itrust2/controllers/api/APIUserController.class], file [/var/lib/jenkins/jobs/iTrust_Fuzzer/workspace/iTrust2/target/classes/edu/ncsu/csc/itrust2/controllers/api/comm/LogEntryRequestBody.class], file [/var/lib/jenkins/jobs/iTrust_Fuzzer/workspace/iTrust2/target/classes/edu/ncsu/csc/itrust2/controllers/api/comm/LogEntryTableRow.class], file [/var/lib/jenkins/jobs/iTrust_Fuzzer/workspace/iTrust2/target/classes/edu/ncsu/csc/itrust2/controllers/hcp/AppointmentControllerHCP.class], file [/var/lib/jenkins/jobs/iTrust_Fuzzer/workspace/iTrust2/target/classes/edu/ncsu/csc/itrust2/controllers/hcp/HCPController.class], file [/var/lib/jenkins/jobs/iTrust_Fuzzer/workspace/iTrust2/target/classes/edu/ncsu/csc/itrust2/controllers/hcp/OfficeVisitController.class], file [/var/lib/jenkins/jobs/iTrust_Fuzzer/workspace/iTrust2/target/classes/edu/ncsu/csc/itrust2/controllers/patient/AppointmentController.class], file [/var/lib/jenkins/jobs/iTrust_Fuzzer/workspace/iTrust2/target/classes/edu/ncsu/csc/itrust2/controllers/patient/DiagnosesController.class], file [/var/lib/jenkins/jobs/iTrust_Fuzzer/workspace/iTrust2/target/classes/edu/ncsu/csc/itrust2/controllers/patient/PatientController.class], file [/var/lib/jenkins/jobs/iTrust_Fuzzer/workspace/iTrust2/target/classes/edu/ncsu/csc/itrust2/controllers/personnel/PasswordController.class], file [/var/lib/jenkins/jobs/iTrust_Fuzzer/workspace/iTrust2/target/classes/edu/ncsu/csc/itrust2/controllers/personnel/UserController.class]]
21:59:40.326 [main] DEBUG o.s.c.a.ClassPathBeanDefinitionScanner - Identified candidate component class: file [/var/lib/jenkins/jobs/iTrust_Fuzzer/workspace/iTrust2/target/classes/edu/ncsu/csc/itrust2/controllers/DefaultController.class]
21:59:40.326 [main] DEBUG o.s.c.a.ClassPathBeanDefinitionScanner - Identified candidate component class: file [/var/lib/jenkins/jobs/iTrust_Fuzzer/workspace/iTrust2/target/classes/edu/ncsu/csc/itrust2/controllers/admin/AdminController.class]
21:59:40.326 [main] DEBUG o.s.c.a.ClassPathBeanDefinitionScanner - Identified candidate component class: file [/var/lib/jenkins/jobs/iTrust_Fuzzer/workspace/iTrust2/target/classes/edu/ncsu/csc/itrust2/controllers/admin/AdminUserController.class]
21:59:40.326 [main] DEBUG o.s.c.a.ClassPathBeanDefinitionScanner - Identified candidate component class: file [/var/lib/jenkins/jobs/iTrust_Fuzzer/workspace/iTrust2/target/classes/edu/ncsu/csc/itrust2/controllers/admin/HospitalController.class]
21:59:40.326 [main] DEBUG o.s.c.a.ClassPathBeanDefinitionScanner - Identified candidate component class: file [/var/lib/jenkins/jobs/iTrust_Fuzzer/workspace/iTrust2/target/classes/edu/ncsu/csc/itrust2/controllers/admin/ICDCodesController.class]
21:59:40.327 [main] DEBUG o.s.c.a.ClassPathBeanDefinitionScanner - Identified candidate component class: file [/var/lib/jenkins/jobs/iTrust_Fuzzer/workspace/iTrust2/target/classes/edu/ncsu/csc/itrust2/controllers/api/APIAppointmentRequestController.class]
21:59:40.327 [main] DEBUG o.s.c.a.ClassPathBeanDefinitionScanner - Identified candidate component class: file [/var/lib/jenkins/jobs/iTrust_Fuzzer/workspace/iTrust2/target/classes/edu/ncsu/csc/itrust2/controllers/api/APIDiagnosisController.class]
21:59:40.327 [main] DEBUG o.s.c.a.ClassPathBeanDefinitionScanner - Identified candidate component class: file [/var/lib/jenkins/jobs/iTrust_Fuzzer/workspace/iTrust2/target/classes/edu/ncsu/csc/itrust2/controllers/api/APIDrugController.class]
21:59:40.328 [main] DEBUG o.s.c.a.ClassPathBeanDefinitionScanner - Identified candidate component class: file [/var/lib/jenkins/jobs/iTrust_Fuzzer/workspace/iTrust2/target/classes/edu/ncsu/csc/itrust2/controllers/api/APIEnumController.class]
21:59:40.328 [main] DEBUG o.s.c.a.ClassPathBeanDefinitionScanner - Identified candidate component class: file [/var/lib/jenkins/jobs/iTrust_Fuzzer/workspace/iTrust2/target/classes/edu/ncsu/csc/itrust2/controllers/api/APIHospitalController.class]
21:59:40.328 [main] DEBUG o.s.c.a.ClassPathBeanDefinitionScanner - Identified candidate component class: file [/var/lib/jenkins/jobs/iTrust_Fuzzer/workspace/iTrust2/target/classes/edu/ncsu/csc/itrust2/controllers/api/APIICDCodeController.class]
21:59:40.328 [main] DEBUG o.s.c.a.ClassPathBeanDefinitionScanner - Identified candidate component class: file [/var/lib/jenkins/jobs/iTrust_Fuzzer/workspace/iTrust2/target/classes/edu/ncsu/csc/itrust2/controllers/api/APILogEntryController.class]
21:59:40.329 [main] DEBUG o.s.c.a.ClassPathBeanDefinitionScanner - Identified candidate component class: file [/var/lib/jenkins/jobs/iTrust_Fuzzer/workspace/iTrust2/target/classes/edu/ncsu/csc/itrust2/controllers/api/APIOfficeVisitController.class]
21:59:40.329 [main] DEBUG o.s.c.a.ClassPathBeanDefinitionScanner - Identified candidate component class: file [/var/lib/jenkins/jobs/iTrust_Fuzzer/workspace/iTrust2/target/classes/edu/ncsu/csc/itrust2/controllers/api/APIPasswordController.class]
21:59:40.329 [main] DEBUG o.s.c.a.ClassPathBeanDefinitionScanner - Identified candidate component class: file [/var/lib/jenkins/jobs/iTrust_Fuzzer/workspace/iTrust2/target/classes/edu/ncsu/csc/itrust2/controllers/api/APIPatientController.class]
21:59:40.330 [main] DEBUG o.s.c.a.ClassPathBeanDefinitionScanner - Identified candidate component class: file [/var/lib/jenkins/jobs/iTrust_Fuzzer/workspace/iTrust2/target/classes/edu/ncsu/csc/itrust2/controllers/api/APIPersonnelController.class]
21:59:40.330 [main] DEBUG o.s.c.a.ClassPathBeanDefinitionScanner - Identified candidate component class: file [/var/lib/jenkins/jobs/iTrust_Fuzzer/workspace/iTrust2/target/classes/edu/ncsu/csc/itrust2/controllers/api/APIPrescriptionController.class]
21:59:40.330 [main] DEBUG o.s.c.a.ClassPathBeanDefinitionScanner - Identified candidate component class: file [/var/lib/jenkins/jobs/iTrust_Fuzzer/workspace/iTrust2/target/classes/edu/ncsu/csc/itrust2/controllers/api/APIUserController.class]
21:59:40.330 [main] DEBUG o.s.c.a.ClassPathBeanDefinitionScanner - Identified candidate component class: file [/var/lib/jenkins/jobs/iTrust_Fuzzer/workspace/iTrust2/target/classes/edu/ncsu/csc/itrust2/controllers/hcp/AppointmentControllerHCP.class]
21:59:40.331 [main] DEBUG o.s.c.a.ClassPathBeanDefinitionScanner - Identified candidate component class: file [/var/lib/jenkins/jobs/iTrust_Fuzzer/workspace/iTrust2/target/classes/edu/ncsu/csc/itrust2/controllers/hcp/HCPController.class]
21:59:40.331 [main] DEBUG o.s.c.a.ClassPathBeanDefinitionScanner - Identified candidate component class: file [/var/lib/jenkins/jobs/iTrust_Fuzzer/workspace/iTrust2/target/classes/edu/ncsu/csc/itrust2/controllers/hcp/OfficeVisitController.class]
21:59:40.331 [main] DEBUG o.s.c.a.ClassPathBeanDefinitionScanner - Identified candidate component class: file [/var/lib/jenkins/jobs/iTrust_Fuzzer/workspace/iTrust2/target/classes/edu/ncsu/csc/itrust2/controllers/patient/AppointmentController.class]
21:59:40.331 [main] DEBUG o.s.c.a.ClassPathBeanDefinitionScanner - Identified candidate component class: file [/var/lib/jenkins/jobs/iTrust_Fuzzer/workspace/iTrust2/target/classes/edu/ncsu/csc/itrust2/controllers/patient/DiagnosesController.class]
21:59:40.331 [main] DEBUG o.s.c.a.ClassPathBeanDefinitionScanner - Identified candidate component class: file [/var/lib/jenkins/jobs/iTrust_Fuzzer/workspace/iTrust2/target/classes/edu/ncsu/csc/itrust2/controllers/patient/PatientController.class]
21:59:40.331 [main] DEBUG o.s.c.a.ClassPathBeanDefinitionScanner - Identified candidate component class: file [/var/lib/jenkins/jobs/iTrust_Fuzzer/workspace/iTrust2/target/classes/edu/ncsu/csc/itrust2/controllers/personnel/PasswordController.class]
21:59:40.332 [main] DEBUG o.s.c.a.ClassPathBeanDefinitionScanner - Identified candidate component class: file [/var/lib/jenkins/jobs/iTrust_Fuzzer/workspace/iTrust2/target/classes/edu/ncsu/csc/itrust2/controllers/personnel/UserController.class]
21:59:40.332 [main] DEBUG o.s.c.i.s.PathMatchingResourcePatternResolver - Resolved classpath location [edu/ncsu/csc/itrust2/config/] to resources [URL [file:/var/lib/jenkins/jobs/iTrust_Fuzzer/workspace/iTrust2/target/classes/edu/ncsu/csc/itrust2/config/]]
21:59:40.332 [main] DEBUG o.s.c.i.s.PathMatchingResourcePatternResolver - Looking for matching resources in directory tree [/var/lib/jenkins/jobs/iTrust_Fuzzer/workspace/iTrust2/target/classes/edu/ncsu/csc/itrust2/config]
21:59:40.332 [main] DEBUG o.s.c.i.s.PathMatchingResourcePatternResolver - Searching directory [/var/lib/jenkins/jobs/iTrust_Fuzzer/workspace/iTrust2/target/classes/edu/ncsu/csc/itrust2/config] for files matching pattern [/var/lib/jenkins/jobs/iTrust_Fuzzer/workspace/iTrust2/target/classes/edu/ncsu/csc/itrust2/config/**/*.class]
21:59:40.333 [main] DEBUG o.s.c.i.s.PathMatchingResourcePatternResolver - Resolved location pattern [classpath*:edu/ncsu/csc/itrust2/config/**/*.class] to resources [file [/var/lib/jenkins/jobs/iTrust_Fuzzer/workspace/iTrust2/target/classes/edu/ncsu/csc/itrust2/config/ContextListener.class], file [/var/lib/jenkins/jobs/iTrust_Fuzzer/workspace/iTrust2/target/classes/edu/ncsu/csc/itrust2/config/DataConfiguration.class], file [/var/lib/jenkins/jobs/iTrust_Fuzzer/workspace/iTrust2/target/classes/edu/ncsu/csc/itrust2/config/FailureHandler.class], file [/var/lib/jenkins/jobs/iTrust_Fuzzer/workspace/iTrust2/target/classes/edu/ncsu/csc/itrust2/config/IPFilter.class], file [/var/lib/jenkins/jobs/iTrust_Fuzzer/workspace/iTrust2/target/classes/edu/ncsu/csc/itrust2/config/ITrust2ApplicationInitializer.class], file [/var/lib/jenkins/jobs/iTrust_Fuzzer/workspace/iTrust2/target/classes/edu/ncsu/csc/itrust2/config/ITrust2WebApplicationInitializer.class], file [/var/lib/jenkins/jobs/iTrust_Fuzzer/workspace/iTrust2/target/classes/edu/ncsu/csc/itrust2/config/LoginAuditingListener.class], file [/var/lib/jenkins/jobs/iTrust_Fuzzer/workspace/iTrust2/target/classes/edu/ncsu/csc/itrust2/config/RootConfiguration.class], file [/var/lib/jenkins/jobs/iTrust_Fuzzer/workspace/iTrust2/target/classes/edu/ncsu/csc/itrust2/config/SecurityConfig.class]]
21:59:40.333 [main] DEBUG o.s.c.a.ClassPathBeanDefinitionScanner - Identified candidate component class: file [/var/lib/jenkins/jobs/iTrust_Fuzzer/workspace/iTrust2/target/classes/edu/ncsu/csc/itrust2/config/DataConfiguration.class]
21:59:40.333 [main] DEBUG o.s.c.a.ClassPathBeanDefinitionScanner - Identified candidate component class: file [/var/lib/jenkins/jobs/iTrust_Fuzzer/workspace/iTrust2/target/classes/edu/ncsu/csc/itrust2/config/LoginAuditingListener.class]
21:59:40.333 [main] DEBUG o.s.c.a.ClassPathBeanDefinitionScanner - Identified candidate component class: file [/var/lib/jenkins/jobs/iTrust_Fuzzer/workspace/iTrust2/target/classes/edu/ncsu/csc/itrust2/config/RootConfiguration.class]
21:59:40.333 [main] DEBUG o.s.c.a.ClassPathBeanDefinitionScanner - Identified candidate component class: file [/var/lib/jenkins/jobs/iTrust_Fuzzer/workspace/iTrust2/target/classes/edu/ncsu/csc/itrust2/config/SecurityConfig.class]
21:59:40.347 [main] DEBUG o.s.c.a.ConfigurationClassBeanDefinitionReader - Registering bean definition for @Bean method edu.ncsu.csc.itrust2.config.DataConfiguration.dataSource()
21:59:40.347 [main] DEBUG o.s.c.a.ConfigurationClassBeanDefinitionReader - Registered bean definition for imported class &apos;org.springframework.security.config.annotation.configuration.ObjectPostProcessorConfiguration&apos;
21:59:40.347 [main] DEBUG o.s.c.a.ConfigurationClassBeanDefinitionReader - Registering bean definition for @Bean method org.springframework.security.config.annotation.configuration.ObjectPostProcessorConfiguration.objectPostProcessor()
21:59:40.347 [main] DEBUG o.s.c.a.ConfigurationClassBeanDefinitionReader - Registered bean definition for imported class &apos;org.springframework.security.config.annotation.authentication.configuration.AuthenticationConfiguration&apos;
21:59:40.347 [main] DEBUG o.s.c.a.ConfigurationClassBeanDefinitionReader - Registering bean definition for @Bean method org.springframework.security.config.annotation.authentication.configuration.AuthenticationConfiguration.authenticationManagerBuilder()
21:59:40.347 [main] DEBUG o.s.c.a.ConfigurationClassBeanDefinitionReader - Registering bean definition for @Bean method org.springframework.security.config.annotation.authentication.configuration.AuthenticationConfiguration.enableGlobalAuthenticationAutowiredConfigurer()
21:59:40.347 [main] DEBUG o.s.c.a.ConfigurationClassBeanDefinitionReader - Registering bean definition for @Bean method org.springframework.security.config.annotation.authentication.configuration.AuthenticationConfiguration.initializeUserDetailsBeanManagerConfigurer()
21:59:40.347 [main] DEBUG o.s.c.a.ConfigurationClassBeanDefinitionReader - Registering bean definition for @Bean method org.springframework.security.config.annotation.authentication.configuration.AuthenticationConfiguration.initializeAuthenticationProviderBeanManagerConfigurer()
21:59:40.347 [main] DEBUG o.s.c.a.ConfigurationClassBeanDefinitionReader - Registered bean definition for imported class &apos;org.springframework.security.config.annotation.web.configuration.WebSecurityConfiguration&apos;
21:59:40.347 [main] DEBUG o.s.c.a.ConfigurationClassBeanDefinitionReader - Registering bean definition for @Bean method org.springframework.security.config.annotation.web.configuration.WebSecurityConfiguration.delegatingApplicationListener()
21:59:40.347 [main] DEBUG o.s.c.a.ConfigurationClassBeanDefinitionReader - Registering bean definition for @Bean method org.springframework.security.config.annotation.web.configuration.WebSecurityConfiguration.webSecurityExpressionHandler()
21:59:40.347 [main] DEBUG o.s.c.a.ConfigurationClassBeanDefinitionReader - Registering bean definition for @Bean method org.springframework.security.config.annotation.web.configuration.WebSecurityConfiguration.springSecurityFilterChain()
21:59:40.347 [main] DEBUG o.s.c.a.ConfigurationClassBeanDefinitionReader - Registering bean definition for @Bean method org.springframework.security.config.annotation.web.configuration.WebSecurityConfiguration.privilegeEvaluator()
21:59:40.347 [main] DEBUG o.s.c.a.ConfigurationClassBeanDefinitionReader - Registering bean definition for @Bean method org.springframework.security.config.annotation.web.configuration.WebSecurityConfiguration.autowiredWebSecurityConfigurersIgnoreParents()
21:59:40.347 [main] DEBUG o.s.c.a.ConfigurationClassBeanDefinitionReader - Registered bean definition for imported class &apos;org.springframework.security.config.annotation.web.configuration.WebMvcSecurityConfiguration&apos;
21:59:40.347 [main] DEBUG o.s.c.a.ConfigurationClassBeanDefinitionReader - Registering bean definition for @Bean method org.springframework.security.config.annotation.web.configuration.WebMvcSecurityConfiguration.requestDataValueProcessor()
21:59:40.347 [main] DEBUG o.s.c.a.ConfigurationClassBeanDefinitionReader - Registering bean definition for @Bean method edu.ncsu.csc.itrust2.config.SecurityConfig.passwordEncoder()
21:59:40.348 [main] DEBUG o.s.c.a.ConfigurationClassBeanDefinitionReader - Registering bean definition for @Bean method edu.ncsu.csc.itrust2.config.SecurityConfig.defaultAuthenticationEventPublisher()
21:59:40.348 [main] DEBUG o.s.c.a.ConfigurationClassBeanDefinitionReader - Registering bean definition for @Bean method edu.ncsu.csc.itrust2.config.SecurityConfig.failureHandler()
21:59:40.348 [main] DEBUG o.s.c.a.ConfigurationClassBeanDefinitionReader - Registering bean definition for @Bean method edu.ncsu.csc.itrust2.config.SecurityConfig.ipBlockFilter()
21:59:40.348 [main] DEBUG o.s.c.a.ConfigurationClassBeanDefinitionReader - Registered bean definition for imported class &apos;org.springframework.web.servlet.config.annotation.DelegatingWebMvcConfiguration&apos;
21:59:40.348 [main] DEBUG o.s.c.a.ConfigurationClassBeanDefinitionReader - Registering bean definition for @Bean method org.springframework.web.servlet.config.annotation.DelegatingWebMvcConfiguration.mvcConversionService()
21:59:40.348 [main] DEBUG o.s.c.a.ConfigurationClassBeanDefinitionReader - Registering bean definition for @Bean method org.springframework.web.servlet.config.annotation.DelegatingWebMvcConfiguration.requestMappingHandlerMapping()
21:59:40.348 [main] DEBUG o.s.c.a.ConfigurationClassBeanDefinitionReader - Registering bean definition for @Bean method org.springframework.web.servlet.config.annotation.DelegatingWebMvcConfiguration.mvcPathMatcher()
21:59:40.348 [main] DEBUG o.s.c.a.ConfigurationClassBeanDefinitionReader - Registering bean definition for @Bean method org.springframework.web.servlet.config.annotation.DelegatingWebMvcConfiguration.mvcUrlPathHelper()
21:59:40.348 [main] DEBUG o.s.c.a.ConfigurationClassBeanDefinitionReader - Registering bean definition for @Bean method org.springframework.web.servlet.config.annotation.DelegatingWebMvcConfiguration.mvcContentNegotiationManager()
21:59:40.348 [main] DEBUG o.s.c.a.ConfigurationClassBeanDefinitionReader - Registering bean definition for @Bean method org.springframework.web.servlet.config.annotation.DelegatingWebMvcConfiguration.viewControllerHandlerMapping()
21:59:40.348 [main] DEBUG o.s.c.a.ConfigurationClassBeanDefinitionReader - Registering bean definition for @Bean method org.springframework.web.servlet.config.annotation.DelegatingWebMvcConfiguration.beanNameHandlerMapping()
21:59:40.348 [main] DEBUG o.s.c.a.ConfigurationClassBeanDefinitionReader - Registering bean definition for @Bean method org.springframework.web.servlet.config.annotation.DelegatingWebMvcConfiguration.resourceHandlerMapping()
21:59:40.348 [main] DEBUG o.s.c.a.ConfigurationClassBeanDefinitionReader - Registering bean definition for @Bean method org.springframework.web.servlet.config.annotation.DelegatingWebMvcConfiguration.mvcResourceUrlProvider()
21:59:40.348 [main] DEBUG o.s.c.a.ConfigurationClassBeanDefinitionReader - Registering bean definition for @Bean method org.springframework.web.servlet.config.annotation.DelegatingWebMvcConfiguration.defaultServletHandlerMapping()
21:59:40.348 [main] DEBUG o.s.c.a.ConfigurationClassBeanDefinitionReader - Registering bean definition for @Bean method org.springframework.web.servlet.config.annotation.DelegatingWebMvcConfiguration.requestMappingHandlerAdapter()
21:59:40.348 [main] DEBUG o.s.c.a.ConfigurationClassBeanDefinitionReader - Registering bean definition for @Bean method org.springframework.web.servlet.config.annotation.DelegatingWebMvcConfiguration.mvcValidator()
21:59:40.348 [main] DEBUG o.s.c.a.ConfigurationClassBeanDefinitionReader - Registering bean definition for @Bean method org.springframework.web.servlet.config.annotation.DelegatingWebMvcConfiguration.mvcUriComponentsContributor()
21:59:40.348 [main] DEBUG o.s.c.a.ConfigurationClassBeanDefinitionReader - Registering bean definition for @Bean method org.springframework.web.servlet.config.annotation.DelegatingWebMvcConfiguration.httpRequestHandlerAdapter()
21:59:40.349 [main] DEBUG o.s.c.a.ConfigurationClassBeanDefinitionReader - Registering bean definition for @Bean method org.springframework.web.servlet.config.annotation.DelegatingWebMvcConfiguration.simpleControllerHandlerAdapter()
21:59:40.349 [main] DEBUG o.s.c.a.ConfigurationClassBeanDefinitionReader - Registering bean definition for @Bean method org.springframework.web.servlet.config.annotation.DelegatingWebMvcConfiguration.handlerExceptionResolver()
21:59:40.349 [main] DEBUG o.s.c.a.ConfigurationClassBeanDefinitionReader - Registering bean definition for @Bean method org.springframework.web.servlet.config.annotation.DelegatingWebMvcConfiguration.mvcViewResolver()
21:59:40.349 [main] DEBUG o.s.c.a.ConfigurationClassBeanDefinitionReader - Registered bean definition for imported class &apos;org.springframework.security.config.annotation.method.configuration.GlobalMethodSecurityConfiguration&apos;
21:59:40.349 [main] DEBUG o.s.c.a.ConfigurationClassBeanDefinitionReader - Registering bean definition for @Bean method org.springframework.security.config.annotation.method.configuration.GlobalMethodSecurityConfiguration.methodSecurityInterceptor()
21:59:40.349 [main] DEBUG o.s.c.a.ConfigurationClassBeanDefinitionReader - Registering bean definition for @Bean method org.springframework.security.config.annotation.method.configuration.GlobalMethodSecurityConfiguration.methodSecurityMetadataSource()
21:59:40.349 [main] DEBUG o.s.c.a.ConfigurationClassBeanDefinitionReader - Registering bean definition for @Bean method org.springframework.security.config.annotation.method.configuration.GlobalMethodSecurityConfiguration.preInvocationAuthorizationAdvice()
21:59:40.349 [main] DEBUG o.s.c.a.ConfigurationClassBeanDefinitionReader - Registering bean definition for @Bean method edu.ncsu.csc.itrust2.mvc.config.WebMvcConfiguration.viewResolver()
21:59:40.349 [main] DEBUG o.s.c.a.ConfigurationClassBeanDefinitionReader - Registering bean definition for @Bean method edu.ncsu.csc.itrust2.mvc.config.WebMvcConfiguration.templateEngine()
21:59:40.349 [main] DEBUG o.s.c.a.ConfigurationClassBeanDefinitionReader - Registering bean definition for @Bean method edu.ncsu.csc.itrust2.mvc.config.WebMvcConfiguration.domainClassConverter()
21:59:40.351 [main] DEBUG o.s.c.a.ConfigurationClassEnhancer - Successfully enhanced edu.ncsu.csc.itrust2.config.RootConfiguration; enhanced class name is: edu.ncsu.csc.itrust2.config.RootConfiguration$$EnhancerBySpringCGLIB$$c1d00685
21:59:40.351 [main] DEBUG o.s.c.a.ConfigurationClassPostProcessor - Replacing bean definition &apos;rootConfiguration&apos; existing class &apos;edu.ncsu.csc.itrust2.config.RootConfiguration&apos; with enhanced class &apos;edu.ncsu.csc.itrust2.config.RootConfiguration$$EnhancerBySpringCGLIB$$c1d00685&apos;
21:59:40.351 [main] DEBUG o.s.c.a.ConfigurationClassEnhancer - Successfully enhanced edu.ncsu.csc.itrust2.mvc.config.WebMvcConfiguration; enhanced class name is: edu.ncsu.csc.itrust2.mvc.config.WebMvcConfiguration$$EnhancerBySpringCGLIB$$de7b09d5
21:59:40.351 [main] DEBUG o.s.c.a.ConfigurationClassPostProcessor - Replacing bean definition &apos;webMvcConfiguration&apos; existing class &apos;edu.ncsu.csc.itrust2.mvc.config.WebMvcConfiguration&apos; with enhanced class &apos;edu.ncsu.csc.itrust2.mvc.config.WebMvcConfiguration$$EnhancerBySpringCGLIB$$de7b09d5&apos;
21:59:40.351 [main] DEBUG o.s.c.a.ConfigurationClassEnhancer - Successfully enhanced edu.ncsu.csc.itrust2.config.DataConfiguration; enhanced class name is: edu.ncsu.csc.itrust2.config.DataConfiguration$$EnhancerBySpringCGLIB$$60f4bbd
21:59:40.351 [main] DEBUG o.s.c.a.ConfigurationClassPostProcessor - Replacing bean definition &apos;dataConfiguration&apos; existing class &apos;edu.ncsu.csc.itrust2.config.DataConfiguration&apos; with enhanced class &apos;edu.ncsu.csc.itrust2.config.DataConfiguration$$EnhancerBySpringCGLIB$$60f4bbd&apos;
21:59:40.351 [main] DEBUG o.s.c.a.ConfigurationClassEnhancer - Successfully enhanced edu.ncsu.csc.itrust2.config.SecurityConfig; enhanced class name is: edu.ncsu.csc.itrust2.config.SecurityConfig$$EnhancerBySpringCGLIB$$f88fd361
21:59:40.351 [main] DEBUG o.s.c.a.ConfigurationClassPostProcessor - Replacing bean definition &apos;securityConfig&apos; existing class &apos;edu.ncsu.csc.itrust2.config.SecurityConfig&apos; with enhanced class &apos;edu.ncsu.csc.itrust2.config.SecurityConfig$$EnhancerBySpringCGLIB$$f88fd361&apos;
21:59:40.351 [main] DEBUG o.s.c.a.ConfigurationClassEnhancer - Successfully enhanced org.springframework.security.config.annotation.configuration.ObjectPostProcessorConfiguration; enhanced class name is: org.springframework.security.config.annotation.configuration.ObjectPostProcessorConfiguration$$EnhancerBySpringCGLIB$$6851d2d
21:59:40.351 [main] DEBUG o.s.c.a.ConfigurationClassPostProcessor - Replacing bean definition &apos;org.springframework.security.config.annotation.configuration.ObjectPostProcessorConfiguration&apos; existing class &apos;org.springframework.security.config.annotation.configuration.ObjectPostProcessorConfiguration&apos; with enhanced class &apos;org.springframework.security.config.annotation.configuration.ObjectPostProcessorConfiguration$$EnhancerBySpringCGLIB$$6851d2d&apos;
21:59:40.351 [main] DEBUG o.s.c.a.ConfigurationClassEnhancer - Successfully enhanced org.springframework.security.config.annotation.authentication.configuration.AuthenticationConfiguration; enhanced class name is: org.springframework.security.config.annotation.authentication.configuration.AuthenticationConfiguration$$EnhancerBySpringCGLIB$$524e27a2
21:59:40.351 [main] DEBUG o.s.c.a.ConfigurationClassPostProcessor - Replacing bean definition &apos;org.springframework.security.config.annotation.authentication.configuration.AuthenticationConfiguration&apos; existing class &apos;org.springframework.security.config.annotation.authentication.configuration.AuthenticationConfiguration&apos; with enhanced class &apos;org.springframework.security.config.annotation.authentication.configuration.AuthenticationConfiguration$$EnhancerBySpringCGLIB$$524e27a2&apos;
21:59:40.351 [main] DEBUG o.s.c.a.ConfigurationClassEnhancer - Successfully enhanced org.springframework.security.config.annotation.authentication.configuration.AuthenticationConfiguration; enhanced class name is: org.springframework.security.config.annotation.authentication.configuration.AuthenticationConfiguration$$EnhancerBySpringCGLIB$$524e27a2
21:59:40.351 [main] DEBUG o.s.c.a.ConfigurationClassPostProcessor - Replacing bean definition &apos;enableGlobalAuthenticationAutowiredConfigurer&apos; existing class &apos;org.springframework.security.config.annotation.authentication.configuration.AuthenticationConfiguration&apos; with enhanced class &apos;org.springframework.security.config.annotation.authentication.configuration.AuthenticationConfiguration$$EnhancerBySpringCGLIB$$524e27a2&apos;
21:59:40.351 [main] DEBUG o.s.c.a.ConfigurationClassEnhancer - Successfully enhanced org.springframework.security.config.annotation.authentication.configuration.AuthenticationConfiguration; enhanced class name is: org.springframework.security.config.annotation.authentication.configuration.AuthenticationConfiguration$$EnhancerBySpringCGLIB$$524e27a2
21:59:40.351 [main] DEBUG o.s.c.a.ConfigurationClassPostProcessor - Replacing bean definition &apos;initializeUserDetailsBeanManagerConfigurer&apos; existing class &apos;org.springframework.security.config.annotation.authentication.configuration.AuthenticationConfiguration&apos; with enhanced class &apos;org.springframework.security.config.annotation.authentication.configuration.AuthenticationConfiguration$$EnhancerBySpringCGLIB$$524e27a2&apos;
21:59:40.351 [main] DEBUG o.s.c.a.ConfigurationClassEnhancer - Successfully enhanced org.springframework.security.config.annotation.authentication.configuration.AuthenticationConfiguration; enhanced class name is: org.springframework.security.config.annotation.authentication.configuration.AuthenticationConfiguration$$EnhancerBySpringCGLIB$$524e27a2
21:59:40.351 [main] DEBUG o.s.c.a.ConfigurationClassPostProcessor - Replacing bean definition &apos;initializeAuthenticationProviderBeanManagerConfigurer&apos; existing class &apos;org.springframework.security.config.annotation.authentication.configuration.AuthenticationConfiguration&apos; with enhanced class &apos;org.springframework.security.config.annotation.authentication.configuration.AuthenticationConfiguration$$EnhancerBySpringCGLIB$$524e27a2&apos;
21:59:40.351 [main] DEBUG o.s.c.a.ConfigurationClassEnhancer - Successfully enhanced org.springframework.security.config.annotation.web.configuration.WebSecurityConfiguration; enhanced class name is: org.springframework.security.config.annotation.web.configuration.WebSecurityConfiguration$$EnhancerBySpringCGLIB$$150881e6
21:59:40.351 [main] DEBUG o.s.c.a.ConfigurationClassPostProcessor - Replacing bean definition &apos;org.springframework.security.config.annotation.web.configuration.WebSecurityConfiguration&apos; existing class &apos;org.springframework.security.config.annotation.web.configuration.WebSecurityConfiguration&apos; with enhanced class &apos;org.springframework.security.config.annotation.web.configuration.WebSecurityConfiguration$$EnhancerBySpringCGLIB$$150881e6&apos;
21:59:40.351 [main] DEBUG o.s.c.a.ConfigurationClassEnhancer - Successfully enhanced org.springframework.security.config.annotation.web.configuration.WebSecurityConfiguration; enhanced class name is: org.springframework.security.config.annotation.web.configuration.WebSecurityConfiguration$$EnhancerBySpringCGLIB$$150881e6
21:59:40.351 [main] DEBUG o.s.c.a.ConfigurationClassPostProcessor - Replacing bean definition &apos;delegatingApplicationListener&apos; existing class &apos;org.springframework.security.config.annotation.web.configuration.WebSecurityConfiguration&apos; with enhanced class &apos;org.springframework.security.config.annotation.web.configuration.WebSecurityConfiguration$$EnhancerBySpringCGLIB$$150881e6&apos;
21:59:40.351 [main] DEBUG o.s.c.a.ConfigurationClassEnhancer - Successfully enhanced org.springframework.web.servlet.config.annotation.DelegatingWebMvcConfiguration; enhanced class name is: org.springframework.web.servlet.config.annotation.DelegatingWebMvcConfiguration$$EnhancerBySpringCGLIB$$32983a29
21:59:40.351 [main] DEBUG o.s.c.a.ConfigurationClassPostProcessor - Replacing bean definition &apos;org.springframework.web.servlet.config.annotation.DelegatingWebMvcConfiguration&apos; existing class &apos;org.springframework.web.servlet.config.annotation.DelegatingWebMvcConfiguration&apos; with enhanced class &apos;org.springframework.web.servlet.config.annotation.DelegatingWebMvcConfiguration$$EnhancerBySpringCGLIB$$32983a29&apos;
21:59:40.351 [main] DEBUG o.s.c.a.ConfigurationClassEnhancer - Successfully enhanced org.springframework.security.config.annotation.method.configuration.GlobalMethodSecurityConfiguration; enhanced class name is: org.springframework.security.config.annotation.method.configuration.GlobalMethodSecurityConfiguration$$EnhancerBySpringCGLIB$$2b59bfdf
21:59:40.351 [main] DEBUG o.s.c.a.ConfigurationClassPostProcessor - Replacing bean definition &apos;org.springframework.security.config.annotation.method.configuration.GlobalMethodSecurityConfiguration&apos; existing class &apos;org.springframework.security.config.annotation.method.configuration.GlobalMethodSecurityConfiguration&apos; with enhanced class &apos;org.springframework.security.config.annotation.method.configuration.GlobalMethodSecurityConfiguration$$EnhancerBySpringCGLIB$$2b59bfdf&apos;
21:59:40.352 [main] DEBUG o.s.b.f.s.DefaultListableBeanFactory - Creating shared instance of singleton bean &apos;org.springframework.context.annotation.internalAutowiredAnnotationProcessor&apos;
21:59:40.352 [main] DEBUG o.s.b.f.s.DefaultListableBeanFactory - Creating instance of bean &apos;org.springframework.context.annotation.internalAutowiredAnnotationProcessor&apos;
21:59:40.353 [main] DEBUG o.s.b.f.s.DefaultListableBeanFactory - Eagerly caching bean &apos;org.springframework.context.annotation.internalAutowiredAnnotationProcessor&apos; to allow for resolving potential circular references
21:59:40.354 [main] DEBUG o.s.b.f.s.DefaultListableBeanFactory - Finished creating instance of bean &apos;org.springframework.context.annotation.internalAutowiredAnnotationProcessor&apos;
21:59:40.354 [main] DEBUG o.s.b.f.s.DefaultListableBeanFactory - Creating shared instance of singleton bean &apos;org.springframework.context.annotation.internalRequiredAnnotationProcessor&apos;
21:59:40.354 [main] DEBUG o.s.b.f.s.DefaultListableBeanFactory - Creating instance of bean &apos;org.springframework.context.annotation.internalRequiredAnnotationProcessor&apos;
21:59:40.354 [main] DEBUG o.s.b.f.s.DefaultListableBeanFactory - Eagerly caching bean &apos;org.springframework.context.annotation.internalRequiredAnnotationProcessor&apos; to allow for resolving potential circular references
21:59:40.356 [main] DEBUG o.s.b.f.s.DefaultListableBeanFactory - Finished creating instance of bean &apos;org.springframework.context.annotation.internalRequiredAnnotationProcessor&apos;
21:59:40.356 [main] DEBUG o.s.b.f.s.DefaultListableBeanFactory - Creating shared instance of singleton bean &apos;org.springframework.context.annotation.internalCommonAnnotationProcessor&apos;
21:59:40.356 [main] DEBUG o.s.b.f.s.DefaultListableBeanFactory - Creating instance of bean &apos;org.springframework.context.annotation.internalCommonAnnotationProcessor&apos;
21:59:40.356 [main] DEBUG o.s.b.f.s.DefaultListableBeanFactory - Eagerly caching bean &apos;org.springframework.context.annotation.internalCommonAnnotationProcessor&apos; to allow for resolving potential circular references
21:59:40.358 [main] DEBUG o.s.b.f.s.DefaultListableBeanFactory - Finished creating instance of bean &apos;org.springframework.context.annotation.internalCommonAnnotationProcessor&apos;
21:59:40.358 [main] DEBUG o.s.b.f.s.DefaultListableBeanFactory - Creating shared instance of singleton bean &apos;org.springframework.context.annotation.internalPersistenceAnnotationProcessor&apos;
21:59:40.358 [main] DEBUG o.s.b.f.s.DefaultListableBeanFactory - Creating instance of bean &apos;org.springframework.context.annotation.internalPersistenceAnnotationProcessor&apos;
21:59:40.358 [main] DEBUG o.s.b.f.s.DefaultListableBeanFactory - Eagerly caching bean &apos;org.springframework.context.annotation.internalPersistenceAnnotationProcessor&apos; to allow for resolving potential circular references
21:59:40.360 [main] DEBUG o.s.b.f.s.DefaultListableBeanFactory - Finished creating instance of bean &apos;org.springframework.context.annotation.internalPersistenceAnnotationProcessor&apos;
21:59:40.360 [main] DEBUG o.s.b.f.s.DefaultListableBeanFactory - Creating shared instance of singleton bean &apos;org.springframework.aop.config.internalAutoProxyCreator&apos;
21:59:40.360 [main] DEBUG o.s.b.f.s.DefaultListableBeanFactory - Creating instance of bean &apos;org.springframework.aop.config.internalAutoProxyCreator&apos;
21:59:40.360 [main] DEBUG o.s.b.f.s.DefaultListableBeanFactory - Eagerly caching bean &apos;org.springframework.aop.config.internalAutoProxyCreator&apos; to allow for resolving potential circular references
21:59:40.362 [main] DEBUG o.s.b.f.s.DefaultListableBeanFactory - Finished creating instance of bean &apos;org.springframework.aop.config.internalAutoProxyCreator&apos;
21:59:40.363 [main] DEBUG o.s.w.c.s.GenericWebApplicationContext - Unable to locate MessageSource with name &apos;messageSource&apos;: using default [org.springframework.context.support.DelegatingMessageSource@5549a58b]
21:59:40.363 [main] DEBUG o.s.w.c.s.GenericWebApplicationContext - Unable to locate ApplicationEventMulticaster with name &apos;applicationEventMulticaster&apos;: using default [org.springframework.context.event.SimpleApplicationEventMulticaster@188aecbf]
21:59:40.363 [main] DEBUG o.s.u.c.s.UiApplicationContextUtils - Unable to locate ThemeSource with name &apos;themeSource&apos;: using default [org.springframework.ui.context.support.ResourceBundleThemeSource@2e52b070]
21:59:40.363 [main] DEBUG o.s.b.f.s.DefaultListableBeanFactory - Pre-instantiating singletons in org.springframework.beans.factory.support.DefaultListableBeanFactory@7d41615a: defining beans [org.springframework.context.annotation.internalConfigurationAnnotationProcessor,org.springframework.context.annotation.internalAutowiredAnnotationProcessor,org.springframework.context.annotation.internalRequiredAnnotationProcessor,org.springframework.context.annotation.internalCommonAnnotationProc
...[truncated 190241 chars]...
ng edu.ncsu.csc.itrust2.controllers.patient.PatientController.viewDemographics(org.springframework.ui.Model)]] with attributes [[authorize: &apos;hasRole(&apos;ROLE_PATIENT&apos;)&apos;, filter: &apos;null&apos;, filterTarget: &apos;null&apos;]]
21:59:40.600 [main] DEBUG o.s.aop.framework.CglibAopProxy - Unable to apply any optimisations to advised method: public java.lang.String edu.ncsu.csc.itrust2.controllers.patient.PatientController.viewDemographics(org.springframework.ui.Model)
21:59:40.600 [main] DEBUG o.s.s.a.p.PrePostAnnotationSecurityMetadataSource - @org.springframework.security.access.prepost.PreAuthorize(value=hasRole(&apos;ROLE_PATIENT&apos;)) found on specific method: public java.lang.String edu.ncsu.csc.itrust2.controllers.patient.PatientController.demographicsSubmit(edu.ncsu.csc.itrust2.forms.hcp_patient.PatientForm,org.springframework.validation.BindingResult,org.springframework.ui.Model)
21:59:40.600 [main] DEBUG o.s.s.a.m.DelegatingMethodSecurityMetadataSource - Caching method [CacheKey[edu.ncsu.csc.itrust2.controllers.patient.PatientController; public java.lang.String edu.ncsu.csc.itrust2.controllers.patient.PatientController.demographicsSubmit(edu.ncsu.csc.itrust2.forms.hcp_patient.PatientForm,org.springframework.validation.BindingResult,org.springframework.ui.Model)]] with attributes [[authorize: &apos;hasRole(&apos;ROLE_PATIENT&apos;)&apos;, filter: &apos;null&apos;, filterTarget: &apos;null&apos;]]
21:59:40.600 [main] DEBUG o.s.aop.framework.CglibAopProxy - Unable to apply any optimisations to advised method: public java.lang.String edu.ncsu.csc.itrust2.controllers.patient.PatientController.demographicsSubmit(edu.ncsu.csc.itrust2.forms.hcp_patient.PatientForm,org.springframework.validation.BindingResult,org.springframework.ui.Model)
21:59:40.600 [main] DEBUG o.s.s.a.p.PrePostAnnotationSecurityMetadataSource - @org.springframework.security.access.prepost.PreAuthorize(value=hasRole(&apos;ROLE_PATIENT&apos;)) found on specific method: public java.lang.String edu.ncsu.csc.itrust2.controllers.patient.PatientController.index(org.springframework.ui.Model)
21:59:40.600 [main] DEBUG o.s.s.a.m.DelegatingMethodSecurityMetadataSource - Caching method [CacheKey[edu.ncsu.csc.itrust2.controllers.patient.PatientController; public java.lang.String edu.ncsu.csc.itrust2.controllers.patient.PatientController.index(org.springframework.ui.Model)]] with attributes [[authorize: &apos;hasRole(&apos;ROLE_PATIENT&apos;)&apos;, filter: &apos;null&apos;, filterTarget: &apos;null&apos;]]
21:59:40.600 [main] DEBUG o.s.aop.framework.CglibAopProxy - Unable to apply any optimisations to advised method: public java.lang.String edu.ncsu.csc.itrust2.controllers.patient.PatientController.index(org.springframework.ui.Model)
21:59:40.600 [main] DEBUG o.s.aop.framework.CglibAopProxy - Found &apos;equals&apos; method: public boolean java.lang.Object.equals(java.lang.Object)
21:59:40.600 [main] DEBUG o.s.aop.framework.CglibAopProxy - Unable to apply any optimisations to advised method: public java.lang.String java.lang.Object.toString()
21:59:40.600 [main] DEBUG o.s.aop.framework.CglibAopProxy - Found &apos;hashCode&apos; method: public native int java.lang.Object.hashCode()
21:59:40.600 [main] DEBUG o.s.aop.framework.CglibAopProxy - Unable to apply any optimisations to advised method: protected native java.lang.Object java.lang.Object.clone() throws java.lang.CloneNotSupportedException
21:59:40.600 [main] DEBUG o.s.aop.framework.CglibAopProxy - Method is declared on Advised interface: public abstract void org.springframework.aop.framework.Advised.setTargetSource(org.springframework.aop.TargetSource)
21:59:40.600 [main] DEBUG o.s.aop.framework.CglibAopProxy - Method is declared on Advised interface: public abstract org.springframework.aop.TargetSource org.springframework.aop.framework.Advised.getTargetSource()
21:59:40.600 [main] DEBUG o.s.aop.framework.CglibAopProxy - Method is declared on Advised interface: public abstract boolean org.springframework.aop.framework.Advised.isProxyTargetClass()
21:59:40.600 [main] DEBUG o.s.aop.framework.CglibAopProxy - Method is declared on Advised interface: public abstract void org.springframework.aop.framework.Advised.addAdvisor(org.springframework.aop.Advisor) throws org.springframework.aop.framework.AopConfigException
21:59:40.600 [main] DEBUG o.s.aop.framework.CglibAopProxy - Method is declared on Advised interface: public abstract void org.springframework.aop.framework.Advised.addAdvisor(int,org.springframework.aop.Advisor) throws org.springframework.aop.framework.AopConfigException
21:59:40.600 [main] DEBUG o.s.aop.framework.CglibAopProxy - Method is declared on Advised interface: public abstract void org.springframework.aop.framework.Advised.setPreFiltered(boolean)
21:59:40.600 [main] DEBUG o.s.aop.framework.CglibAopProxy - Method is declared on Advised interface: public abstract void org.springframework.aop.framework.Advised.setExposeProxy(boolean)
21:59:40.600 [main] DEBUG o.s.aop.framework.CglibAopProxy - Method is declared on Advised interface: public abstract boolean org.springframework.aop.framework.Advised.isExposeProxy()
21:59:40.600 [main] DEBUG o.s.aop.framework.CglibAopProxy - Method is declared on Advised interface: public abstract boolean org.springframework.aop.framework.Advised.isPreFiltered()
21:59:40.600 [main] DEBUG o.s.aop.framework.CglibAopProxy - Method is declared on Advised interface: public abstract java.lang.Class[] org.springframework.aop.framework.Advised.getProxiedInterfaces()
21:59:40.600 [main] DEBUG o.s.aop.framework.CglibAopProxy - Method is declared on Advised interface: public abstract boolean org.springframework.aop.framework.Advised.isInterfaceProxied(java.lang.Class)
21:59:40.600 [main] DEBUG o.s.aop.framework.CglibAopProxy - Method is declared on Advised interface: public abstract org.springframework.aop.Advisor[] org.springframework.aop.framework.Advised.getAdvisors()
21:59:40.600 [main] DEBUG o.s.aop.framework.CglibAopProxy - Method is declared on Advised interface: public abstract void org.springframework.aop.framework.Advised.removeAdvisor(int) throws org.springframework.aop.framework.AopConfigException
21:59:40.600 [main] DEBUG o.s.aop.framework.CglibAopProxy - Method is declared on Advised interface: public abstract boolean org.springframework.aop.framework.Advised.removeAdvisor(org.springframework.aop.Advisor)
21:59:40.600 [main] DEBUG o.s.aop.framework.CglibAopProxy - Method is declared on Advised interface: public abstract boolean org.springframework.aop.framework.Advised.replaceAdvisor(org.springframework.aop.Advisor,org.springframework.aop.Advisor) throws org.springframework.aop.framework.AopConfigException
21:59:40.600 [main] DEBUG o.s.aop.framework.CglibAopProxy - Method is declared on Advised interface: public abstract boolean org.springframework.aop.framework.Advised.removeAdvice(org.aopalliance.aop.Advice)
21:59:40.600 [main] DEBUG o.s.aop.framework.CglibAopProxy - Method is declared on Advised interface: public abstract java.lang.String org.springframework.aop.framework.Advised.toProxyConfigString()
21:59:40.600 [main] DEBUG o.s.aop.framework.CglibAopProxy - Method is declared on Advised interface: public abstract void org.springframework.aop.framework.Advised.addAdvice(int,org.aopalliance.aop.Advice) throws org.springframework.aop.framework.AopConfigException
21:59:40.600 [main] DEBUG o.s.aop.framework.CglibAopProxy - Method is declared on Advised interface: public abstract void org.springframework.aop.framework.Advised.addAdvice(org.aopalliance.aop.Advice) throws org.springframework.aop.framework.AopConfigException
21:59:40.600 [main] DEBUG o.s.aop.framework.CglibAopProxy - Method is declared on Advised interface: public abstract int org.springframework.aop.framework.Advised.indexOf(org.aopalliance.aop.Advice)
21:59:40.600 [main] DEBUG o.s.aop.framework.CglibAopProxy - Method is declared on Advised interface: public abstract int org.springframework.aop.framework.Advised.indexOf(org.springframework.aop.Advisor)
21:59:40.600 [main] DEBUG o.s.aop.framework.CglibAopProxy - Method is declared on Advised interface: public abstract boolean org.springframework.aop.framework.Advised.isFrozen()
21:59:40.600 [main] DEBUG o.s.aop.framework.CglibAopProxy - Method is declared on Advised interface: public abstract java.lang.Class org.springframework.aop.TargetClassAware.getTargetClass()
21:59:40.604 [main] DEBUG o.s.b.f.s.DefaultListableBeanFactory - Finished creating instance of bean &apos;patientController&apos;
21:59:40.604 [main] DEBUG o.s.b.f.s.DefaultListableBeanFactory - Creating shared instance of singleton bean &apos;passwordController&apos;
21:59:40.604 [main] DEBUG o.s.b.f.s.DefaultListableBeanFactory - Creating instance of bean &apos;passwordController&apos;
21:59:40.604 [main] DEBUG o.s.b.f.s.DefaultListableBeanFactory - Eagerly caching bean &apos;passwordController&apos; to allow for resolving potential circular references
21:59:40.605 [main] DEBUG o.s.b.f.s.DefaultListableBeanFactory - Returning cached instance of singleton bean &apos;metaDataSourceAdvisor&apos;
21:59:40.605 [main] DEBUG o.s.b.f.s.DefaultListableBeanFactory - Finished creating instance of bean &apos;passwordController&apos;
21:59:40.605 [main] DEBUG o.s.b.f.s.DefaultListableBeanFactory - Creating shared instance of singleton bean &apos;userController&apos;
21:59:40.605 [main] DEBUG o.s.b.f.s.DefaultListableBeanFactory - Creating instance of bean &apos;userController&apos;
21:59:40.605 [main] DEBUG o.s.b.f.s.DefaultListableBeanFactory - Eagerly caching bean &apos;userController&apos; to allow for resolving potential circular references
21:59:40.605 [main] DEBUG o.s.b.f.s.DefaultListableBeanFactory - Returning cached instance of singleton bean &apos;metaDataSourceAdvisor&apos;
21:59:40.605 [main] DEBUG o.s.s.a.p.PrePostAnnotationSecurityMetadataSource - @org.springframework.security.access.prepost.PreAuthorize(value=hasRole(&apos;ROLE_HCP&apos;) or hasRole(&apos;ROLE_ADMIN&apos;)) found on specific method: public java.lang.String edu.ncsu.csc.itrust2.controllers.personnel.UserController.viewDemographics(org.springframework.ui.Model)
21:59:40.605 [main] DEBUG o.s.s.a.m.DelegatingMethodSecurityMetadataSource - Caching method [CacheKey[edu.ncsu.csc.itrust2.controllers.personnel.UserController; public java.lang.String edu.ncsu.csc.itrust2.controllers.personnel.UserController.viewDemographics(org.springframework.ui.Model)]] with attributes [[authorize: &apos;hasRole(&apos;ROLE_HCP&apos;) or hasRole(&apos;ROLE_ADMIN&apos;)&apos;, filter: &apos;null&apos;, filterTarget: &apos;null&apos;]]
21:59:40.605 [main] DEBUG o.s.a.f.a.InfrastructureAdvisorAutoProxyCreator - Creating implicit proxy for bean &apos;userController&apos; with 0 common interceptors and 1 specific interceptors
21:59:40.605 [main] DEBUG o.s.aop.framework.CglibAopProxy - Creating CGLIB proxy: target source is SingletonTargetSource for target object [edu.ncsu.csc.itrust2.controllers.personnel.UserController@71b6b244]
21:59:40.605 [main] DEBUG o.s.aop.framework.CglibAopProxy - Unable to apply any optimisations to advised method: public java.lang.String edu.ncsu.csc.itrust2.controllers.personnel.UserController.viewDemographics(org.springframework.ui.Model)
21:59:40.605 [main] DEBUG o.s.s.a.p.PrePostAnnotationSecurityMetadataSource - @org.springframework.security.access.prepost.PreAuthorize(value=hasRole(&apos;ROLE_HCP&apos;) or hasRole(&apos;ROLE_ADMIN&apos;)) found on specific method: public java.lang.String edu.ncsu.csc.itrust2.controllers.personnel.UserController.demographicsSubmit(edu.ncsu.csc.itrust2.forms.personnel.PersonnelForm,org.springframework.validation.BindingResult,org.springframework.ui.Model)
21:59:40.605 [main] DEBUG o.s.s.a.m.DelegatingMethodSecurityMetadataSource - Caching method [CacheKey[edu.ncsu.csc.itrust2.controllers.personnel.UserController; public java.lang.String edu.ncsu.csc.itrust2.controllers.personnel.UserController.demographicsSubmit(edu.ncsu.csc.itrust2.forms.personnel.PersonnelForm,org.springframework.validation.BindingResult,org.springframework.ui.Model)]] with attributes [[authorize: &apos;hasRole(&apos;ROLE_HCP&apos;) or hasRole(&apos;ROLE_ADMIN&apos;)&apos;, filter: &apos;null&apos;, filterTarget: &apos;null&apos;]]
21:59:40.605 [main] DEBUG o.s.aop.framework.CglibAopProxy - Unable to apply any optimisations to advised method: public java.lang.String edu.ncsu.csc.itrust2.controllers.personnel.UserController.demographicsSubmit(edu.ncsu.csc.itrust2.forms.personnel.PersonnelForm,org.springframework.validation.BindingResult,org.springframework.ui.Model)
21:59:40.605 [main] DEBUG o.s.aop.framework.CglibAopProxy - Found &apos;equals&apos; method: public boolean java.lang.Object.equals(java.lang.Object)
21:59:40.605 [main] DEBUG o.s.aop.framework.CglibAopProxy - Unable to apply any optimisations to advised method: public java.lang.String java.lang.Object.toString()
21:59:40.605 [main] DEBUG o.s.aop.framework.CglibAopProxy - Found &apos;hashCode&apos; method: public native int java.lang.Object.hashCode()
21:59:40.605 [main] DEBUG o.s.aop.framework.CglibAopProxy - Unable to apply any optimisations to advised method: protected native java.lang.Object java.lang.Object.clone() throws java.lang.CloneNotSupportedException
21:59:40.605 [main] DEBUG o.s.aop.framework.CglibAopProxy - Method is declared on Advised interface: public abstract void org.springframework.aop.framework.Advised.setTargetSource(org.springframework.aop.TargetSource)
21:59:40.605 [main] DEBUG o.s.aop.framework.CglibAopProxy - Method is declared on Advised interface: public abstract org.springframework.aop.TargetSource org.springframework.aop.framework.Advised.getTargetSource()
21:59:40.605 [main] DEBUG o.s.aop.framework.CglibAopProxy - Method is declared on Advised interface: public abstract boolean org.springframework.aop.framework.Advised.isProxyTargetClass()
21:59:40.605 [main] DEBUG o.s.aop.framework.CglibAopProxy - Method is declared on Advised interface: public abstract void org.springframework.aop.framework.Advised.addAdvisor(org.springframework.aop.Advisor) throws org.springframework.aop.framework.AopConfigException
21:59:40.605 [main] DEBUG o.s.aop.framework.CglibAopProxy - Method is declared on Advised interface: public abstract void org.springframework.aop.framework.Advised.addAdvisor(int,org.springframework.aop.Advisor) throws org.springframework.aop.framework.AopConfigException
21:59:40.605 [main] DEBUG o.s.aop.framework.CglibAopProxy - Method is declared on Advised interface: public abstract void org.springframework.aop.framework.Advised.setPreFiltered(boolean)
21:59:40.605 [main] DEBUG o.s.aop.framework.CglibAopProxy - Method is declared on Advised interface: public abstract void org.springframework.aop.framework.Advised.setExposeProxy(boolean)
21:59:40.605 [main] DEBUG o.s.aop.framework.CglibAopProxy - Method is declared on Advised interface: public abstract boolean org.springframework.aop.framework.Advised.isExposeProxy()
21:59:40.605 [main] DEBUG o.s.aop.framework.CglibAopProxy - Method is declared on Advised interface: public abstract boolean org.springframework.aop.framework.Advised.isPreFiltered()
21:59:40.605 [main] DEBUG o.s.aop.framework.CglibAopProxy - Method is declared on Advised interface: public abstract java.lang.Class[] org.springframework.aop.framework.Advised.getProxiedInterfaces()
21:59:40.605 [main] DEBUG o.s.aop.framework.CglibAopProxy - Method is declared on Advised interface: public abstract boolean org.springframework.aop.framework.Advised.isInterfaceProxied(java.lang.Class)
21:59:40.605 [main] DEBUG o.s.aop.framework.CglibAopProxy - Method is declared on Advised interface: public abstract org.springframework.aop.Advisor[] org.springframework.aop.framework.Advised.getAdvisors()
21:59:40.605 [main] DEBUG o.s.aop.framework.CglibAopProxy - Method is declared on Advised interface: public abstract void org.springframework.aop.framework.Advised.removeAdvisor(int) throws org.springframework.aop.framework.AopConfigException
21:59:40.605 [main] DEBUG o.s.aop.framework.CglibAopProxy - Method is declared on Advised interface: public abstract boolean org.springframework.aop.framework.Advised.removeAdvisor(org.springframework.aop.Advisor)
21:59:40.605 [main] DEBUG o.s.aop.framework.CglibAopProxy - Method is declared on Advised interface: public abstract boolean org.springframework.aop.framework.Advised.replaceAdvisor(org.springframework.aop.Advisor,org.springframework.aop.Advisor) throws org.springframework.aop.framework.AopConfigException
21:59:40.605 [main] DEBUG o.s.aop.framework.CglibAopProxy - Method is declared on Advised interface: public abstract boolean org.springframework.aop.framework.Advised.removeAdvice(org.aopalliance.aop.Advice)
21:59:40.606 [main] DEBUG o.s.aop.framework.CglibAopProxy - Method is declared on Advised interface: public abstract java.lang.String org.springframework.aop.framework.Advised.toProxyConfigString()
21:59:40.606 [main] DEBUG o.s.aop.framework.CglibAopProxy - Method is declared on Advised interface: public abstract void org.springframework.aop.framework.Advised.addAdvice(int,org.aopalliance.aop.Advice) throws org.springframework.aop.framework.AopConfigException
21:59:40.606 [main] DEBUG o.s.aop.framework.CglibAopProxy - Method is declared on Advised interface: public abstract void org.springframework.aop.framework.Advised.addAdvice(org.aopalliance.aop.Advice) throws org.springframework.aop.framework.AopConfigException
21:59:40.606 [main] DEBUG o.s.aop.framework.CglibAopProxy - Method is declared on Advised interface: public abstract int org.springframework.aop.framework.Advised.indexOf(org.aopalliance.aop.Advice)
21:59:40.606 [main] DEBUG o.s.aop.framework.CglibAopProxy - Method is declared on Advised interface: public abstract int org.springframework.aop.framework.Advised.indexOf(org.springframework.aop.Advisor)
21:59:40.606 [main] DEBUG o.s.aop.framework.CglibAopProxy - Method is declared on Advised interface: public abstract boolean org.springframework.aop.framework.Advised.isFrozen()
21:59:40.606 [main] DEBUG o.s.aop.framework.CglibAopProxy - Method is declared on Advised interface: public abstract java.lang.Class org.springframework.aop.TargetClassAware.getTargetClass()
21:59:40.609 [main] DEBUG o.s.b.f.s.DefaultListableBeanFactory - Finished creating instance of bean &apos;userController&apos;
21:59:40.609 [main] DEBUG o.s.b.f.s.DefaultListableBeanFactory - Returning cached instance of singleton bean &apos;dataSource&apos;
21:59:40.609 [main] DEBUG o.s.b.f.s.DefaultListableBeanFactory - Returning cached instance of singleton bean &apos;org.springframework.security.config.annotation.configuration.ObjectPostProcessorConfiguration&apos;
21:59:40.609 [main] DEBUG o.s.b.f.s.DefaultListableBeanFactory - Returning cached instance of singleton bean &apos;objectPostProcessor&apos;
21:59:40.609 [main] DEBUG o.s.b.f.s.DefaultListableBeanFactory - Returning cached instance of singleton bean &apos;org.springframework.security.config.annotation.authentication.configuration.AuthenticationConfiguration&apos;
21:59:40.610 [main] DEBUG o.s.b.f.s.DefaultListableBeanFactory - Returning cached instance of singleton bean &apos;authenticationManagerBuilder&apos;
21:59:40.610 [main] DEBUG o.s.b.f.s.DefaultListableBeanFactory - Returning cached instance of singleton bean &apos;enableGlobalAuthenticationAutowiredConfigurer&apos;
21:59:40.610 [main] DEBUG o.s.b.f.s.DefaultListableBeanFactory - Returning cached instance of singleton bean &apos;initializeUserDetailsBeanManagerConfigurer&apos;
21:59:40.610 [main] DEBUG o.s.b.f.s.DefaultListableBeanFactory - Returning cached instance of singleton bean &apos;initializeAuthenticationProviderBeanManagerConfigurer&apos;
21:59:40.610 [main] DEBUG o.s.b.f.s.DefaultListableBeanFactory - Creating shared instance of singleton bean &apos;org.springframework.security.config.annotation.web.configuration.WebSecurityConfiguration&apos;
21:59:40.610 [main] DEBUG o.s.b.f.s.DefaultListableBeanFactory - Creating instance of bean &apos;org.springframework.security.config.annotation.web.configuration.WebSecurityConfiguration&apos;
21:59:40.611 [main] DEBUG o.s.b.f.annotation.InjectionMetadata - Registered injected element on class [org.springframework.security.config.annotation.web.configuration.WebSecurityConfiguration$$EnhancerBySpringCGLIB$$150881e6]: AutowiredFieldElement for private org.springframework.security.config.annotation.ObjectPostProcessor org.springframework.security.config.annotation.web.configuration.WebSecurityConfiguration.objectObjectPostProcessor
21:59:40.611 [main] DEBUG o.s.b.f.annotation.InjectionMetadata - Registered injected element on class [org.springframework.security.config.annotation.web.configuration.WebSecurityConfiguration$$EnhancerBySpringCGLIB$$150881e6]: AutowiredMethodElement for public void org.springframework.security.config.annotation.web.configuration.WebSecurityConfiguration.setFilterChainProxySecurityConfigurer(org.springframework.security.config.annotation.ObjectPostProcessor,java.util.List) throws java.lang.Exception
21:59:40.611 [main] DEBUG o.s.b.f.s.DefaultListableBeanFactory - Eagerly caching bean &apos;org.springframework.security.config.annotation.web.configuration.WebSecurityConfiguration&apos; to allow for resolving potential circular references
21:59:40.611 [main] DEBUG o.s.b.f.annotation.InjectionMetadata - Processing injected element of bean &apos;org.springframework.security.config.annotation.web.configuration.WebSecurityConfiguration&apos;: AutowiredFieldElement for private org.springframework.security.config.annotation.ObjectPostProcessor org.springframework.security.config.annotation.web.configuration.WebSecurityConfiguration.objectObjectPostProcessor
21:59:40.612 [main] DEBUG o.s.b.f.s.DefaultListableBeanFactory - Returning cached instance of singleton bean &apos;objectPostProcessor&apos;
21:59:40.612 [main] DEBUG o.s.b.f.a.AutowiredAnnotationBeanPostProcessor - Autowiring by type from bean name &apos;org.springframework.security.config.annotation.web.configuration.WebSecurityConfiguration&apos; to bean named &apos;objectPostProcessor&apos;
21:59:40.612 [main] DEBUG o.s.b.f.annotation.InjectionMetadata - Processing injected element of bean &apos;org.springframework.security.config.annotation.web.configuration.WebSecurityConfiguration&apos;: AutowiredMethodElement for public void org.springframework.security.config.annotation.web.configuration.WebSecurityConfiguration.setFilterChainProxySecurityConfigurer(org.springframework.security.config.annotation.ObjectPostProcessor,java.util.List) throws java.lang.Exception
21:59:40.612 [main] DEBUG o.s.b.f.s.DefaultListableBeanFactory - Returning cached instance of singleton bean &apos;objectPostProcessor&apos;
21:59:40.612 [main] DEBUG o.s.b.f.s.DefaultListableBeanFactory - Creating shared instance of singleton bean &apos;autowiredWebSecurityConfigurersIgnoreParents&apos;
21:59:40.612 [main] DEBUG o.s.b.f.s.DefaultListableBeanFactory - Creating instance of bean &apos;autowiredWebSecurityConfigurersIgnoreParents&apos;
21:59:40.612 [main] DEBUG o.s.b.f.s.DefaultListableBeanFactory - Returning cached instance of singleton bean &apos;metaDataSourceAdvisor&apos;
21:59:40.613 [main] DEBUG o.s.b.f.s.DefaultListableBeanFactory - Returning eagerly cached instance of singleton bean &apos;org.springframework.security.config.annotation.web.configuration.WebSecurityConfiguration&apos; that is not fully initialized yet - a consequence of a circular reference
21:59:40.614 [main] DEBUG o.s.b.f.s.DefaultListableBeanFactory - Autowiring by type from bean name &apos;autowiredWebSecurityConfigurersIgnoreParents&apos; via factory method to bean named &apos;org.springframework.beans.factory.support.DefaultListableBeanFactory@7d41615a&apos;
21:59:40.614 [main] DEBUG o.s.b.f.s.DefaultListableBeanFactory - Eagerly caching bean &apos;autowiredWebSecurityConfigurersIgnoreParents&apos; to allow for resolving potential circular references
21:59:40.614 [main] DEBUG o.s.b.f.s.DefaultListableBeanFactory - Returning cached instance of singleton bean &apos;metaDataSourceAdvisor&apos;
21:59:40.614 [main] DEBUG o.s.b.f.s.DefaultListableBeanFactory - Finished creating instance of bean &apos;autowiredWebSecurityConfigurersIgnoreParents&apos;
21:59:40.614 [main] DEBUG o.s.b.f.s.DefaultListableBeanFactory - Returning cached instance of singleton bean &apos;securityConfig&apos;
21:59:40.614 [main] DEBUG o.s.b.f.a.AutowiredAnnotationBeanPostProcessor - Autowiring by type from bean name &apos;org.springframework.security.config.annotation.web.configuration.WebSecurityConfiguration&apos; to bean named &apos;objectPostProcessor&apos;
21:59:40.614 [main] DEBUG o.s.b.f.s.DefaultListableBeanFactory - Returning cached instance of singleton bean &apos;metaDataSourceAdvisor&apos;
21:59:40.618 [main] DEBUG o.s.b.f.s.DefaultListableBeanFactory - Returning cached instance of singleton bean &apos;org.springframework.context.annotation.ConfigurationClassPostProcessor.importRegistry&apos;
21:59:40.618 [main] DEBUG o.s.b.f.s.DefaultListableBeanFactory - Finished creating instance of bean &apos;org.springframework.security.config.annotation.web.configuration.WebSecurityConfiguration&apos;
21:59:40.618 [main] DEBUG o.s.b.f.s.DefaultListableBeanFactory - Creating shared instance of singleton bean &apos;delegatingApplicationListener&apos;
21:59:40.618 [main] DEBUG o.s.b.f.s.DefaultListableBeanFactory - Creating instance of bean &apos;delegatingApplicationListener&apos;
21:59:40.618 [main] DEBUG o.s.b.f.s.DefaultListableBeanFactory - Eagerly caching bean &apos;delegatingApplicationListener&apos; to allow for resolving potential circular references
21:59:40.618 [main] DEBUG o.s.b.f.s.DefaultListableBeanFactory - Returning cached instance of singleton bean &apos;metaDataSourceAdvisor&apos;
21:59:40.619 [main] DEBUG o.s.b.f.s.DefaultListableBeanFactory - Finished creating instance of bean &apos;delegatingApplicationListener&apos;
21:59:40.619 [main] DEBUG o.s.b.f.s.DefaultListableBeanFactory - Creating shared instance of singleton bean &apos;springSecurityFilterChain&apos;
21:59:40.619 [main] DEBUG o.s.b.f.s.DefaultListableBeanFactory - Creating instance of bean &apos;springSecurityFilterChain&apos;
21:59:40.619 [main] DEBUG o.s.b.f.s.DefaultListableBeanFactory - Returning cached instance of singleton bean &apos;org.springframework.security.config.annotation.web.configuration.WebSecurityConfiguration&apos;
21:59:40.619 [main] DEBUG o.s.b.f.s.DefaultListableBeanFactory - Returning cached instance of singleton bean &apos;metaDataSourceAdvisor&apos;
21:59:40.619 [main] DEBUG o.s.b.f.s.DefaultListableBeanFactory - Returning cached instance of singleton bean &apos;webMvcConfiguration&apos;
21:59:40.619 [main] DEBUG o.s.b.f.s.DefaultListableBeanFactory - Returning cached instance of singleton bean &apos;securityConfig&apos;
21:59:40.619 [main] DEBUG o.s.s.c.a.a.c.AuthenticationConfiguration$EnableGlobalAuthenticationAutowiredConfigurer - Eagerly initializing {webMvcConfiguration=edu.ncsu.csc.itrust2.mvc.config.WebMvcConfiguration$$EnhancerBySpringCGLIB$$de7b09d5@a368e85, securityConfig=edu.ncsu.csc.itrust2.config.SecurityConfig$$EnhancerBySpringCGLIB$$f88fd361@69299627}
21:59:40.619 [main] DEBUG o.s.b.f.s.DefaultListableBeanFactory - Invoking afterPropertiesSet() on bean with name &apos;org.springframework.security.authentication.dao.DaoAuthenticationProvider@3dd6e25c&apos;
21:59:40.619 [main] DEBUG o.s.b.f.s.DefaultListableBeanFactory - Returning cached instance of singleton bean &apos;metaDataSourceAdvisor&apos;
21:59:40.621 [main] DEBUG o.s.b.f.s.DefaultListableBeanFactory - Invoking afterPropertiesSet() on bean with name &apos;org.springframework.security.authentication.ProviderManager@5cb2518&apos;
21:59:40.621 [main] DEBUG o.s.b.f.s.DefaultListableBeanFactory - Returning cached instance of singleton bean &apos;metaDataSourceAdvisor&apos;
21:59:40.622 [main] DEBUG o.s.b.f.s.DefaultListableBeanFactory - Returning cached instance of singleton bean &apos;authenticationManagerBuilder&apos;
21:59:40.623 [main] DEBUG o.s.w.c.s.StandardServletEnvironment - Adding [servletConfigInitParams] PropertySource with lowest search precedence
21:59:40.623 [main] DEBUG o.s.w.c.s.StandardServletEnvironment - Adding [servletContextInitParams] PropertySource with lowest search precedence
21:59:40.623 [main] DEBUG o.s.w.c.s.StandardServletEnvironment - Adding [systemProperties] PropertySource with lowest search precedence
21:59:40.623 [main] DEBUG o.s.w.c.s.StandardServletEnvironment - Adding [systemEnvironment] PropertySource with lowest search precedence
21:59:40.623 [main] DEBUG o.s.w.c.s.StandardServletEnvironment - Initialized StandardServletEnvironment with PropertySources [servletConfigInitParams,servletContextInitParams,systemProperties,systemEnvironment]
21:59:40.623 [main] DEBUG o.s.w.c.s.StandardServletEnvironment - Adding [servletConfigInitParams] PropertySource with lowest search precedence
21:59:40.623 [main] DEBUG o.s.w.c.s.StandardServletEnvironment - Adding [servletContextInitParams] PropertySource with lowest search precedence
21:59:40.623 [main] DEBUG o.s.w.c.s.StandardServletEnvironment - Adding [systemProperties] PropertySource with lowest search precedence
21:59:40.623 [main] DEBUG o.s.w.c.s.StandardServletEnvironment - Adding [systemEnvironment] PropertySource with lowest search precedence
21:59:40.623 [main] DEBUG o.s.w.c.s.StandardServletEnvironment - Initialized StandardServletEnvironment with PropertySources [servletConfigInitParams,servletContextInitParams,systemProperties,systemEnvironment]
21:59:40.623 [main] DEBUG o.s.w.c.s.StandardServletEnvironment - Adding [servletConfigInitParams] PropertySource with lowest search precedence
21:59:40.623 [main] DEBUG o.s.w.c.s.StandardServletEnvironment - Adding [servletContextInitParams] PropertySource with lowest search precedence
21:59:40.623 [main] DEBUG o.s.w.c.s.StandardServletEnvironment - Adding [systemProperties] PropertySource with lowest search precedence
21:59:40.623 [main] DEBUG o.s.w.c.s.StandardServletEnvironment - Adding [systemEnvironment] PropertySource with lowest search precedence
21:59:40.623 [main] DEBUG o.s.w.c.s.StandardServletEnvironment - Initialized StandardServletEnvironment with PropertySources [servletConfigInitParams,servletContextInitParams,systemProperties,systemEnvironment]
21:59:40.624 [main] DEBUG o.s.b.f.s.DefaultListableBeanFactory - Creating shared instance of singleton bean &apos;ipBlockFilter&apos;
21:59:40.624 [main] DEBUG o.s.b.f.s.DefaultListableBeanFactory - Creating instance of bean &apos;ipBlockFilter&apos;
21:59:40.624 [main] DEBUG o.s.b.f.s.DefaultListableBeanFactory - Returning cached instance of singleton bean &apos;securityConfig&apos;
21:59:40.624 [main] DEBUG o.s.w.c.s.StandardServletEnvironment - Adding [servletConfigInitParams] PropertySource with lowest search precedence
21:59:40.624 [main] DEBUG o.s.w.c.s.StandardServletEnvironment - Adding [servletContextInitParams] PropertySource with lowest search precedence
21:59:40.624 [main] DEBUG o.s.w.c.s.StandardServletEnvironment - Adding [systemProperties] PropertySource with lowest search precedence
21:59:40.624 [main] DEBUG o.s.w.c.s.StandardServletEnvironment - Adding [systemEnvironment] PropertySource with lowest search precedence
21:59:40.624 [main] DEBUG o.s.w.c.s.StandardServletEnvironment - Initialized StandardServletEnvironment with PropertySources [servletConfigInitParams,servletContextInitParams,systemProperties,systemEnvironment]
21:59:40.624 [main] DEBUG o.s.b.f.s.DefaultListableBeanFactory - Eagerly caching bean &apos;ipBlockFilter&apos; to allow for resolving potential circular references
21:59:40.626 [main] DEBUG o.s.b.f.s.DefaultListableBeanFactory - Invoking afterPropertiesSet() on bean with name &apos;ipBlockFilter&apos;
21:59:40.626 [main] DEBUG o.s.b.f.s.DefaultListableBeanFactory - Returning cached instance of singleton bean &apos;metaDataSourceAdvisor&apos;
21:59:40.627 [main] DEBUG o.s.b.f.s.DefaultListableBeanFactory - Finished creating instance of bean &apos;ipBlockFilter&apos;
21:59:40.627 [main] DEBUG o.s.w.c.s.StandardServletEnvironment - Adding [servletConfigInitParams] PropertySource with lowest search precedence
21:59:40.627 [main] DEBUG o.s.w.c.s.StandardServletEnvironment - Adding [servletContextInitParams] PropertySource with lowest search precedence
21:59:40.627 [main] DEBUG o.s.w.c.s.StandardServletEnvironment - Adding [systemProperties] PropertySource with lowest search precedence
21:59:40.627 [main] DEBUG o.s.w.c.s.StandardServletEnvironment - Adding [systemEnvironment] PropertySource with lowest search precedence
21:59:40.627 [main] DEBUG o.s.w.c.s.StandardServletEnvironment - Initialized StandardServletEnvironment with PropertySources [servletConfigInitParams,servletContextInitParams,systemProperties,systemEnvironment]
21:59:40.627 [main] DEBUG o.s.b.f.s.DefaultListableBeanFactory - Retrieved dependent beans for bean &apos;springSecurityFilterChain&apos;: [webSecurityExpressionHandler]
21:59:40.627 [main] WARN  o.s.w.c.s.GenericWebApplicationContext - Exception encountered during context initialization - cancelling refresh attempt: org.springframework.beans.factory.BeanCreationException: Error creating bean with name &apos;springSecurityFilterChain&apos; defined in class path resource [org/springframework/security/config/annotation/web/configuration/WebSecurityConfiguration.class]: Bean instantiation via factory method failed; nested exception is org.springframework.beans.BeanInstantiationException: Failed to instantiate [javax.servlet.Filter]: Factory method &apos;springSecurityFilterChain&apos; threw exception; nested exception is java.lang.IllegalArgumentException: &apos;Savings Account?error&apos; is not a valid redirect URL
21:59:40.627 [main] DEBUG o.s.b.f.s.DefaultListableBeanFactory - Destroying singletons in org.springframework.beans.factory.support.DefaultListableBeanFactory@7d41615a: defining beans [org.springframework.context.annotation.internalConfigurationAnnotationProcessor,org.springframework.context.annotation.internalAutowiredAnnotationProcessor,org.springframework.context.annotation.internalRequiredAnnotationProcessor,org.springframework.context.annotation.internalCommonAnnotationProcessor,org.springframework.context.annotation.internalPersistenceAnnotationProcessor,org.springframework.context.event.internalEventListenerProcessor,org.springframework.context.event.internalEventListenerFactory,rootConfiguration,webMvcConfiguration,dataConfiguration,loginAuditingListener,securityConfig,defaultController,adminController,adminUserController,hospitalController,ICDCodesController,APIAppointmentRequestController,APIDiagnosisController,APIDrugController,APIEnumController,APIHospitalController,APIICDCodeController,APILogEntryController,APIOfficeVisitController,APIPasswordController,APIPatientController,APIPersonnelController,APIPrescriptionController,APIUserController,appointmentControllerHCP,HCPController,officeVisitController,appointmentController,diagnosesController,patientController,passwordController,userController,dataSource,org.springframework.security.config.annotation.configuration.ObjectPostProcessorConfiguration,objectPostProcessor,org.springframework.security.config.annotation.authentication.configuration.AuthenticationConfiguration,authenticationManagerBuilder,enableGlobalAuthenticationAutowiredConfigurer,initializeUserDetailsBeanManagerConfigurer,initializeAuthenticationProviderBeanManagerConfigurer,org.springframework.security.config.annotation.web.configuration.WebSecurityConfiguration,delegatingApplicationListener,webSecurityExpressionHandler,springSecurityFilterChain,privilegeEvaluator,autowiredWebSecurityConfigurersIgnoreParents,org.springframework.security.config.annotation.web.configuration.WebMvcSecurityConfiguration,requestDataValueProcessor,passwordEncoder,defaultAuthenticationEventPublisher,failureHandler,ipBlockFilter,org.springframework.web.servlet.config.annotation.DelegatingWebMvcConfiguration,mvcConversionService,requestMappingHandlerMapping,mvcPathMatcher,mvcUrlPathHelper,mvcContentNegotiationManager,viewControllerHandlerMapping,beanNameHandlerMapping,resourceHandlerMapping,mvcResourceUrlProvider,defaultServletHandlerMapping,requestMappingHandlerAdapter,mvcValidator,mvcUriComponentsContributor,httpRequestHandlerAdapter,simpleControllerHandlerAdapter,handlerExceptionResolver,mvcViewResolver,org.springframework.security.config.annotation.method.configuration.GlobalMethodSecurityConfiguration,methodSecurityInterceptor,methodSecurityMetadataSource,preInvocationAuthorizationAdvice,viewResolver,templateEngine,domainClassConverter,metaDataSourceAdvisor,org.springframework.aop.config.internalAutoProxyCreator]; root of factory hierarchy
21:59:40.627 [main] DEBUG o.s.b.f.s.DisposableBeanAdapter - Invoking destroy() on bean with name &apos;ipBlockFilter&apos;
21:59:40.627 [main] DEBUG o.s.b.f.s.DefaultListableBeanFactory - Retrieved dependent beans for bean &apos;objectPostProcessor&apos;: [org.springframework.security.config.annotation.method.configuration.GlobalMethodSecurityConfiguration, securityConfig, org.springframework.security.config.annotation.authentication.configuration.AuthenticationConfiguration, authenticationManagerBuilder, org.springframework.security.config.annotation.web.configuration.WebSecurityConfiguration]
21:59:40.627 [main] DEBUG o.s.b.f.s.DisposableBeanAdapter - Invoking destroy() on bean with name &apos;objectPostProcessor&apos;
21:59:40.628 [main] ERROR o.s.test.context.TestContextManager - Caught exception while allowing TestExecutionListener [org.springframework.test.context.web.ServletTestExecutionListener@758bd34f] to prepare test instance [edu.ncsu.csc.itrust2.apitest.APIOfficeVisitTest@6e074366]
java.lang.IllegalStateException: Failed to load ApplicationContext
	at org.springframework.test.context.cache.DefaultCacheAwareContextLoaderDelegate.loadContext(DefaultCacheAwareContextLoaderDelegate.java:124) ~[spring-test-4.3.5.RELEASE.jar:4.3.5.RELEASE]
	at org.springframework.test.context.support.DefaultTestContext.getApplicationContext(DefaultTestContext.java:83) ~[spring-test-4.3.5.RELEASE.jar:4.3.5.RELEASE]
	at org.springframework.test.context.web.ServletTestExecutionListener.setUpRequestContextIfNecessary(ServletTestExecutionListener.java:189) ~[spring-test-4.3.5.RELEASE.jar:4.3.5.RELEASE]
	at org.springframework.test.context.web.ServletTestExecutionListener.prepareTestInstance(ServletTestExecutionListener.java:131) ~[spring-test-4.3.5.RELEASE.jar:4.3.5.RELEASE]
	at org.springframework.test.context.TestContextManager.prepareTestInstance(TestContextManager.java:230) ~[spring-test-4.3.5.RELEASE.jar:4.3.5.RELEASE]
	at org.springframework.test.context.junit4.SpringJUnit4ClassRunner.createTest(SpringJUnit4ClassRunner.java:228) [spring-test-4.3.5.RELEASE.jar:4.3.5.RELEASE]
	at org.springframework.test.context.junit4.SpringJUnit4ClassRunner$1.runReflectiveCall(SpringJUnit4ClassRunner.java:287) [spring-test-4.3.5.RELEASE.jar:4.3.5.RELEASE]
	at org.junit.internal.runners.model.ReflectiveCallable.run(ReflectiveCallable.java:12) [junit-4.12.jar:4.12]
	at org.springframework.test.context.junit4.SpringJUnit4ClassRunner.methodBlock(SpringJUnit4ClassRunner.java:289) [spring-test-4.3.5.RELEASE.jar:4.3.5.RELEASE]
	at org.springframework.test.context.junit4.SpringJUnit4ClassRunner.runChild(SpringJUnit4ClassRunner.java:247) [spring-test-4.3.5.RELEASE.jar:4.3.5.RELEASE]
	at org.springframework.test.context.junit4.SpringJUnit4ClassRunner.runChild(SpringJUnit4ClassRunner.java:94) [spring-test-4.3.5.RELEASE.jar:4.3.5.RELEASE]
	at org.junit.runners.ParentRunner$3.run(ParentRunner.java:290) [junit-4.12.jar:4.12]
	at org.junit.runners.ParentRunner$1.schedule(ParentRunner.java:71) [junit-4.12.jar:4.12]
	at org.junit.runners.ParentRunner.runChildren(ParentRunner.java:288) [junit-4.12.jar:4.12]
	at org.junit.runners.ParentRunner.access$000(ParentRunner.java:58) [junit-4.12.jar:4.12]
	at org.junit.runners.ParentRunner$2.evaluate(ParentRunner.java:268) [junit-4.12.jar:4.12]
	at org.springframework.test.context.junit4.statements.RunBeforeTestClassCallbacks.evaluate(RunBeforeTestClassCallbacks.java:61) [spring-test-4.3.5.RELEASE.jar:4.3.5.RELEASE]
	at org.springframework.test.context.junit4.statements.RunAfterTestClassCallbacks.evaluate(RunAfterTestClassCallbacks.java:70) [spring-test-4.3.5.RELEASE.jar:4.3.5.RELEASE]
	at org.junit.runners.ParentRunner.run(ParentRunner.java:363) [junit-4.12.jar:4.12]
	at org.springframework.test.context.junit4.SpringJUnit4ClassRunner.run(SpringJUnit4ClassRunner.java:191) [spring-test-4.3.5.RELEASE.jar:4.3.5.RELEASE]
	at org.apache.maven.surefire.junit4.JUnit4Provider.execute(JUnit4Provider.java:365) [surefire-junit4-2.20.jar:2.20]
	at org.apache.maven.surefire.junit4.JUnit4Provider.executeWithRerun(JUnit4Provider.java:272) [surefire-junit4-2.20.jar:2.20]
	at org.apache.maven.surefire.junit4.JUnit4Provider.executeTestSet(JUnit4Provider.java:236) [surefire-junit4-2.20.jar:2.20]
	at org.apache.maven.surefire.junit4.JUnit4Provider.invoke(JUnit4Provider.java:159) [surefire-junit4-2.20.jar:2.20]
	at org.apache.maven.surefire.booter.ForkedBooter.invokeProviderInSameClassLoader(ForkedBooter.java:386) [surefire-booter-2.20.jar:2.20]
	at org.apache.maven.surefire.booter.ForkedBooter.runSuitesInProcess(ForkedBooter.java:323) [surefire-booter-2.20.jar:2.20]
	at org.apache.maven.surefire.booter.ForkedBooter.main(ForkedBooter.java:143) [surefire-booter-2.20.jar:2.20]
Caused by: org.springframework.beans.factory.BeanCreationException: Error creating bean with name &apos;springSecurityFilterChain&apos; defined in class path resource [org/springframework/security/config/annotation/web/configuration/WebSecurityConfiguration.class]: Bean instantiation via factory method failed; nested exception is org.springframework.beans.BeanInstantiationException: Failed to instantiate [javax.servlet.Filter]: Factory method &apos;springSecurityFilterChain&apos; threw exception; nested exception is java.lang.IllegalArgumentException: &apos;Savings Account?error&apos; is not a valid redirect URL
	at org.springframework.beans.factory.support.ConstructorResolver.instantiateUsingFactoryMethod(ConstructorResolver.java:599) ~[spring-beans-4.3.5.RELEASE.jar:4.3.5.RELEASE]
	at org.springframework.beans.factory.support.AbstractAutowireCapableBeanFactory.instantiateUsingFactoryMethod(AbstractAutowireCapableBeanFactory.java:1134) ~[spring-beans-4.3.5.RELEASE.jar:4.3.5.RELEASE]
	at org.springframework.beans.factory.support.AbstractAutowireCapableBeanFactory.createBeanInstance(AbstractAutowireCapableBeanFactory.java:1028) ~[spring-beans-4.3.5.RELEASE.jar:4.3.5.RELEASE]
	at org.springframework.beans.factory.support.AbstractAutowireCapableBeanFactory.doCreateBean(AbstractAutowireCapableBeanFactory.java:513) ~[spring-beans-4.3.5.RELEASE.jar:4.3.5.RELEASE]
	at org.springframework.beans.factory.support.AbstractAutowireCapableBeanFactory.createBean(AbstractAutowireCapableBeanFactory.java:483) ~[spring-beans-4.3.5.RELEASE.jar:4.3.5.RELEASE]
	at org.springframework.beans.factory.support.AbstractBeanFactory$1.getObject(AbstractBeanFactory.java:306) ~[spring-beans-4.3.5.RELEASE.jar:4.3.5.RELEASE]
	at org.springframework.beans.factory.support.DefaultSingletonBeanRegistry.getSingleton(DefaultSingletonBeanRegistry.java:230) ~[spring-beans-4.3.5.RELEASE.jar:4.3.5.RELEASE]
	at org.springframework.beans.factory.support.AbstractBeanFactory.doGetBean(AbstractBeanFactory.java:302) ~[spring-beans-4.3.5.RELEASE.jar:4.3.5.RELEASE]
	at org.springframework.beans.factory.support.AbstractBeanFactory.getBean(AbstractBeanFactory.java:197) ~[spring-beans-4.3.5.RELEASE.jar:4.3.5.RELEASE]
	at org.springframework.beans.factory.support.AbstractBeanFactory.doGetBean(AbstractBeanFactory.java:296) ~[spring-beans-4.3.5.RELEASE.jar:4.3.5.RELEASE]
	at org.springframework.beans.factory.support.AbstractBeanFactory.getBean(AbstractBeanFactory.java:197) ~[spring-beans-4.3.5.RELEASE.jar:4.3.5.RELEASE]
	at org.springframework.beans.factory.support.DefaultListableBeanFactory.preInstantiateSingletons(DefaultListableBeanFactory.java:759) ~[spring-beans-4.3.5.RELEASE.jar:4.3.5.RELEASE]
	at org.springframework.context.support.AbstractApplicationContext.finishBeanFactoryInitialization(AbstractApplicationContext.java:866) ~[spring-context-4.3.5.RELEASE.jar:4.3.5.RELEASE]
	at org.springframework.context.support.AbstractApplicationContext.refresh(AbstractApplicationContext.java:542) ~[spring-context-4.3.5.RELEASE.jar:4.3.5.RELEASE]
	at org.springframework.test.context.web.AbstractGenericWebContextLoader.loadContext(AbstractGenericWebContextLoader.java:134) ~[spring-test-4.3.5.RELEASE.jar:4.3.5.RELEASE]
	at org.springframework.test.context.web.AbstractGenericWebContextLoader.loadContext(AbstractGenericWebContextLoader.java:61) ~[spring-test-4.3.5.RELEASE.jar:4.3.5.RELEASE]
	at org.springframework.test.context.support.AbstractDelegatingSmartContextLoader.delegateLoading(AbstractDelegatingSmartContextLoader.java:108) ~[spring-test-4.3.5.RELEASE.jar:4.3.5.RELEASE]
	at org.springframework.test.context.support.AbstractDelegatingSmartContextLoader.loadContext(AbstractDelegatingSmartContextLoader.java:251) ~[spring-test-4.3.5.RELEASE.jar:4.3.5.RELEASE]
	at org.springframework.test.context.cache.DefaultCacheAwareContextLoaderDelegate.loadContextInternal(DefaultCacheAwareContextLoaderDelegate.java:98) ~[spring-test-4.3.5.RELEASE.jar:4.3.5.RELEASE]
	at org.springframework.test.context.cache.DefaultCacheAwareContextLoaderDelegate.loadContext(DefaultCacheAwareContextLoaderDelegate.java:116) ~[spring-test-4.3.5.RELEASE.jar:4.3.5.RELEASE]
	... 26 common frames omitted
Caused by: org.springframework.beans.BeanInstantiationException: Failed to instantiate [javax.servlet.Filter]: Factory method &apos;springSecurityFilterChain&apos; threw exception; nested exception is java.lang.IllegalArgumentException: &apos;Savings Account?error&apos; is not a valid redirect URL
	at org.springframework.beans.factory.support.SimpleInstantiationStrategy.instantiate(SimpleInstantiationStrategy.java:189) ~[spring-beans-4.3.5.RELEASE.jar:4.3.5.RELEASE]
	at org.springframework.beans.factory.support.ConstructorResolver.instantiateUsingFactoryMethod(ConstructorResolver.java:588) ~[spring-beans-4.3.5.RELEASE.jar:4.3.5.RELEASE]
	... 45 common frames omitted
Caused by: java.lang.IllegalArgumentException: &apos;Savings Account?error&apos; is not a valid redirect URL
	at org.springframework.util.Assert.isTrue(Assert.java:68) ~[spring-core-4.3.5.RELEASE.jar:4.3.5.RELEASE]
	at org.springframework.security.web.authentication.SimpleUrlAuthenticationFailureHandler.setDefaultFailureUrl(SimpleUrlAuthenticationFailureHandler.java:125) ~[spring-security-web-4.2.2.RELEASE.jar:4.2.2.RELEASE]
	at org.springframework.security.web.authentication.SimpleUrlAuthenticationFailureHandler.&lt;init&gt;(SimpleUrlAuthenticationFailureHandler.java:60) ~[spring-security-web-4.2.2.RELEASE.jar:4.2.2.RELEASE]
	at org.springframework.security.config.annotation.web.configurers.AbstractAuthenticationFilterConfigurer.failureUrl(AbstractAuthenticationFilterConfigurer.java:206) ~[spring-security-config-4.2.2.RELEASE.jar:4.2.2.RELEASE]
	at org.springframework.security.config.annotation.web.configurers.AbstractAuthenticationFilterConfigurer.updateAuthenticationDefaults(AbstractAuthenticationFilterConfigurer.java:368) ~[spring-security-config-4.2.2.RELEASE.jar:4.2.2.RELEASE]
	at org.springframework.security.config.annotation.web.configurers.AbstractAuthenticationFilterConfigurer.loginPage(AbstractAuthenticationFilterConfigurer.java:308) ~[spring-security-config-4.2.2.RELEASE.jar:4.2.2.RELEASE]
	at org.springframework.security.config.annotation.web.configurers.FormLoginConfigurer.loginPage(FormLoginConfigurer.java:183) ~[spring-security-config-4.2.2.RELEASE.jar:4.2.2.RELEASE]
	at edu.ncsu.csc.itrust2.config.SecurityConfig.configure(SecurityConfig.java:89) ~[classes/:na]
	at org.springframework.security.config.annotation.web.configuration.WebSecurityConfigurerAdapter.getHttp(WebSecurityConfigurerAdapter.java:224) ~[spring-security-config-4.2.2.RELEASE.jar:4.2.2.RELEASE]
	at org.springframework.security.config.annotation.web.configuration.WebSecurityConfigurerAdapter.init(WebSecurityConfigurerAdapter.java:315) ~[spring-security-config-4.2.2.RELEASE.jar:4.2.2.RELEASE]
	at org.springframework.security.config.annotation.web.configuration.WebSecurityConfigurerAdapter.init(WebSecurityConfigurerAdapter.java:86) ~[spring-security-config-4.2.2.RELEASE.jar:4.2.2.RELEASE]
	at edu.ncsu.csc.itrust2.config.SecurityConfig$$EnhancerBySpringCGLIB$$f88fd361.init(&lt;generated&gt;) ~[classes/:na]
	at org.springframework.security.config.annotation.AbstractConfiguredSecurityBuilder.init(AbstractConfiguredSecurityBuilder.java:371) ~[spring-security-config-4.2.2.RELEASE.jar:4.2.2.RELEASE]
	at org.springframework.security.config.annotation.AbstractConfiguredSecurityBuilder.doBuild(AbstractConfiguredSecurityBuilder.java:325) ~[spring-security-config-4.2.2.RELEASE.jar:4.2.2.RELEASE]
	at org.springframework.security.config.annotation.AbstractSecurityBuilder.build(AbstractSecurityBuilder.java:41) ~[spring-security-config-4.2.2.RELEASE.jar:4.2.2.RELEASE]
	at org.springframework.security.config.annotation.web.configuration.WebSecurityConfiguration.springSecurityFilterChain(WebSecurityConfiguration.java:104) ~[spring-security-config-4.2.2.RELEASE.jar:4.2.2.RELEASE]
	at org.springframework.security.config.annotation.web.configuration.WebSecurityConfiguration$$EnhancerBySpringCGLIB$$150881e6.CGLIB$springSecurityFilterChain$4(&lt;generated&gt;) ~[spring-security-config-4.2.2.RELEASE.jar:4.2.2.RELEASE]
	at org.springframework.security.config.annotation.web.configuration.WebSecurityConfiguration$$EnhancerBySpringCGLIB$$150881e6$$FastClassBySpringCGLIB$$f9839e81.invoke(&lt;generated&gt;) ~[spring-security-config-4.2.2.RELEASE.jar:4.2.2.RELEASE]
	at org.springframework.cglib.proxy.MethodProxy.invokeSuper(MethodProxy.java:228) ~[spring-core-4.3.5.RELEASE.jar:4.3.5.RELEASE]
	at org.springframework.context.annotation.ConfigurationClassEnhancer$BeanMethodInterceptor.intercept(ConfigurationClassEnhancer.java:356) ~[spring-context-4.3.5.RELEASE.jar:4.3.5.RELEASE]
	at org.springframework.security.config.annotation.web.configuration.WebSecurityConfiguration$$EnhancerBySpringCGLIB$$150881e6.springSecurityFilterChain(&lt;generated&gt;) ~[spring-security-config-4.2.2.RELEASE.jar:4.2.2.RELEASE]
	at sun.reflect.NativeMethodAccessorImpl.invoke0(Native Method) ~[na:1.8.0_151]
	at sun.reflect.NativeMethodAccessorImpl.invoke(NativeMethodAccessorImpl.java:62) ~[na:1.8.0_151]
	at sun.reflect.DelegatingMethodAccessorImpl.invoke(DelegatingMethodAccessorImpl.java:43) ~[na:1.8.0_151]
	at java.lang.reflect.Method.invoke(Method.java:498) ~[na:1.8.0_151]
	at org.springframework.beans.factory.support.SimpleInstantiationStrategy.instantiate(SimpleInstantiationStrategy.java:162) ~[spring-beans-4.3.5.RELEASE.jar:4.3.5.RELEASE]
	... 46 common frames omitted
</stdout>
          <failedSince>1</failedSince>
        </case>
      </cases>
    </suite>
    <suite>
      <file>/var/lib/jenkins/jobs/iTrust_Fuzzer/workspace/iTrust2/target/surefire-reports/TEST-edu.ncsu.csc.itrust2.apitest.APIPasswordTest.xml</file>
      <name>edu.ncsu.csc.itrust2.apitest.APIPasswordTest</name>
      <duration>0.909</duration>
      <time>0.909</time>
      <enclosingBlocks/>
      <enclosingBlockNames/>
      <cases>
        <case>
          <duration>0.0</duration>
          <className>edu.ncsu.csc.itrust2.apitest.APIPasswordTest</className>
          <testName>testRequestReset</testName>
          <skipped>false</skipped>
          <errorStackTrace>java.lang.IllegalStateException: Failed to load ApplicationContext
Caused by: org.springframework.beans.factory.BeanCreationException: Error creating bean with name &apos;springSecurityFilterChain&apos; defined in class path resource [org/springframework/security/config/annotation/web/configuration/WebSecurityConfiguration.class]: Bean instantiation via factory method failed; nested exception is org.springframework.beans.BeanInstantiationException: Failed to instantiate [javax.servlet.Filter]: Factory method &apos;springSecurityFilterChain&apos; threw exception; nested exception is java.lang.IllegalArgumentException: &apos;Savings Account?error&apos; is not a valid redirect URL
Caused by: org.springframework.beans.BeanInstantiationException: Failed to instantiate [javax.servlet.Filter]: Factory method &apos;springSecurityFilterChain&apos; threw exception; nested exception is java.lang.IllegalArgumentException: &apos;Savings Account?error&apos; is not a valid redirect URL
Caused by: java.lang.IllegalArgumentException: &apos;Savings Account?error&apos; is not a valid redirect URL
</errorStackTrace>
          <errorDetails>Failed to load ApplicationContext</errorDetails>
          <stdout>21:59:35.466 [main] DEBUG o.s.t.c.j.SpringJUnit4ClassRunner - SpringJUnit4ClassRunner constructor called with [class edu.ncsu.csc.itrust2.apitest.APIPasswordTest]
21:59:35.466 [main] DEBUG o.s.test.context.BootstrapUtils - Instantiating CacheAwareContextLoaderDelegate from class [org.springframework.test.context.cache.DefaultCacheAwareContextLoaderDelegate]
21:59:35.466 [main] DEBUG o.s.test.context.BootstrapUtils - Instantiating BootstrapContext using constructor [public org.springframework.test.context.support.DefaultBootstrapContext(java.lang.Class,org.springframework.test.context.CacheAwareContextLoaderDelegate)]
21:59:35.466 [main] DEBUG o.s.test.context.BootstrapUtils - Instantiating TestContextBootstrapper for test class [edu.ncsu.csc.itrust2.apitest.APIPasswordTest] from class [org.springframework.test.context.web.WebTestContextBootstrapper]
21:59:35.467 [main] DEBUG o.s.t.c.s.AbstractDelegatingSmartContextLoader - Delegating to AnnotationConfigWebContextLoader to process context configuration [ContextConfigurationAttributes@3a215a1c declaringClass = &apos;edu.ncsu.csc.itrust2.apitest.APIPasswordTest&apos;, classes = &apos;{class edu.ncsu.csc.itrust2.config.RootConfiguration, class edu.ncsu.csc.itrust2.mvc.config.WebMvcConfiguration}&apos;, locations = &apos;{}&apos;, inheritLocations = true, initializers = &apos;{}&apos;, inheritInitializers = true, name = [null], contextLoaderClass = &apos;org.springframework.test.context.ContextLoader&apos;].
21:59:35.468 [main] DEBUG o.s.t.c.support.ActiveProfilesUtils - Could not find an &apos;annotation declaring class&apos; for annotation type [org.springframework.test.context.ActiveProfiles] and class [edu.ncsu.csc.itrust2.apitest.APIPasswordTest]
21:59:35.468 [main] DEBUG o.s.t.c.w.WebTestContextBootstrapper - @TestExecutionListeners is not present for class [edu.ncsu.csc.itrust2.apitest.APIPasswordTest]: using defaults.
21:59:35.469 [main] INFO  o.s.t.c.w.WebTestContextBootstrapper - Loaded default TestExecutionListener class names from location [META-INF/spring.factories]: [org.springframework.security.test.context.support.WithSecurityContextTestExecutionListener, org.springframework.test.context.web.ServletTestExecutionListener, org.springframework.test.context.support.DirtiesContextBeforeModesTestExecutionListener, org.springframework.test.context.support.DependencyInjectionTestExecutionListener, org.springframework.test.context.support.DirtiesContextTestExecutionListener, org.springframework.test.context.transaction.TransactionalTestExecutionListener, org.springframework.test.context.jdbc.SqlScriptsTestExecutionListener]
21:59:35.469 [main] INFO  o.s.t.c.w.WebTestContextBootstrapper - Using TestExecutionListeners: [org.springframework.test.context.web.ServletTestExecutionListener@2808eac4, org.springframework.test.context.support.DirtiesContextBeforeModesTestExecutionListener@4cb2dabf, org.springframework.test.context.support.DependencyInjectionTestExecutionListener@512f2147, org.springframework.test.context.support.DirtiesContextTestExecutionListener@7039e876, org.springframework.test.context.transaction.TransactionalTestExecutionListener@1f08627f, org.springframework.test.context.jdbc.SqlScriptsTestExecutionListener@45353403, org.springframework.security.test.context.support.WithSecurityContextTestExecutionListener@6d3810fb]
21:59:35.469 [main] DEBUG o.s.t.annotation.ProfileValueUtils - Retrieved @ProfileValueSourceConfiguration [null] for test class [edu.ncsu.csc.itrust2.apitest.APIPasswordTest]
21:59:35.469 [main] DEBUG o.s.t.annotation.ProfileValueUtils - Retrieved ProfileValueSource type [class org.springframework.test.annotation.SystemProfileValueSource] for class [edu.ncsu.csc.itrust2.apitest.APIPasswordTest]
21:59:35.469 [main] DEBUG o.s.t.annotation.ProfileValueUtils - Retrieved @ProfileValueSourceConfiguration [null] for test class [edu.ncsu.csc.itrust2.apitest.APIPasswordTest]
21:59:35.469 [main] DEBUG o.s.t.annotation.ProfileValueUtils - Retrieved ProfileValueSource type [class org.springframework.test.annotation.SystemProfileValueSource] for class [edu.ncsu.csc.itrust2.apitest.APIPasswordTest]
21:59:35.469 [main] DEBUG o.s.t.annotation.ProfileValueUtils - Retrieved @ProfileValueSourceConfiguration [null] for test class [edu.ncsu.csc.itrust2.apitest.APIPasswordTest]
21:59:35.469 [main] DEBUG o.s.t.annotation.ProfileValueUtils - Retrieved ProfileValueSource type [class org.springframework.test.annotation.SystemProfileValueSource] for class [edu.ncsu.csc.itrust2.apitest.APIPasswordTest]
21:59:35.469 [main] DEBUG o.s.t.c.s.AbstractDirtiesContextTestExecutionListener - Before test class: context [DefaultTestContext@527d2f72 testClass = APIPasswordTest, testInstance = [null], testMethod = [null], testException = [null], mergedContextConfiguration = [WebMergedContextConfiguration@ebab4d8 testClass = APIPasswordTest, locations = &apos;{}&apos;, classes = &apos;{class edu.ncsu.csc.itrust2.config.RootConfiguration, class edu.ncsu.csc.itrust2.mvc.config.WebMvcConfiguration}&apos;, contextInitializerClasses = &apos;[]&apos;, activeProfiles = &apos;{}&apos;, propertySourceLocations = &apos;{}&apos;, propertySourceProperties = &apos;{}&apos;, contextCustomizers = set[[empty]], resourceBasePath = &apos;src/main/webapp&apos;, contextLoader = &apos;org.springframework.test.context.web.WebDelegatingSmartContextLoader&apos;, parent = [null]]], class annotated with @DirtiesContext [false] with mode [null].
21:59:35.469 [main] DEBUG o.s.t.annotation.ProfileValueUtils - Retrieved @ProfileValueSourceConfiguration [null] for test class [edu.ncsu.csc.itrust2.apitest.APIPasswordTest]
21:59:35.469 [main] DEBUG o.s.t.annotation.ProfileValueUtils - Retrieved ProfileValueSource type [class org.springframework.test.annotation.SystemProfileValueSource] for class [edu.ncsu.csc.itrust2.apitest.APIPasswordTest]
21:59:35.470 [main] DEBUG o.s.t.c.s.AbstractDelegatingSmartContextLoader - Delegating to AnnotationConfigWebContextLoader to load context from [WebMergedContextConfiguration@ebab4d8 testClass = APIPasswordTest, locations = &apos;{}&apos;, classes = &apos;{class edu.ncsu.csc.itrust2.config.RootConfiguration, class edu.ncsu.csc.itrust2.mvc.config.WebMvcConfiguration}&apos;, contextInitializerClasses = &apos;[]&apos;, activeProfiles = &apos;{}&apos;, propertySourceLocations = &apos;{}&apos;, propertySourceProperties = &apos;{}&apos;, contextCustomizers = set[[empty]], resourceBasePath = &apos;src/main/webapp&apos;, contextLoader = &apos;org.springframework.test.context.web.WebDelegatingSmartContextLoader&apos;, parent = [null]].
21:59:35.470 [main] DEBUG o.s.t.c.w.AbstractGenericWebContextLoader - Loading WebApplicationContext for merged context configuration [WebMergedContextConfiguration@ebab4d8 testClass = APIPasswordTest, locations = &apos;{}&apos;, classes = &apos;{class edu.ncsu.csc.itrust2.config.RootConfiguration, class edu.ncsu.csc.itrust2.mvc.config.WebMvcConfiguration}&apos;, contextInitializerClasses = &apos;[]&apos;, activeProfiles = &apos;{}&apos;, propertySourceLocations = &apos;{}&apos;, propertySourceProperties = &apos;{}&apos;, contextCustomizers = set[[empty]], resourceBasePath = &apos;src/main/webapp&apos;, contextLoader = &apos;org.springframework.test.context.web.WebDelegatingSmartContextLoader&apos;, parent = [null]].
21:59:35.470 [main] DEBUG o.s.w.c.s.StandardServletEnvironment - Adding [servletConfigInitParams] PropertySource with lowest search precedence
21:59:35.470 [main] DEBUG o.s.w.c.s.StandardServletEnvironment - Adding [servletContextInitParams] PropertySource with lowest search precedence
21:59:35.470 [main] DEBUG o.s.w.c.s.StandardServletEnvironment - Adding [systemProperties] PropertySource with lowest search precedence
21:59:35.470 [main] DEBUG o.s.w.c.s.StandardServletEnvironment - Adding [systemEnvironment] PropertySource with lowest search precedence
21:59:35.470 [main] DEBUG o.s.w.c.s.StandardServletEnvironment - Initialized StandardServletEnvironment with PropertySources [servletConfigInitParams,servletContextInitParams,systemProperties,systemEnvironment]
21:59:35.470 [main] DEBUG o.s.t.c.w.AnnotationConfigWebContextLoader - Registering annotated classes: {class edu.ncsu.csc.itrust2.config.RootConfiguration, class edu.ncsu.csc.itrust2.mvc.config.WebMvcConfiguration}
21:59:35.471 [main] INFO  o.s.w.c.s.GenericWebApplicationContext - Refreshing org.springframework.web.context.support.GenericWebApplicationContext@62430c20: startup date [Thu Mar 22 21:59:35 UTC 2018]; root of context hierarchy
21:59:35.471 [main] DEBUG o.s.w.c.s.StandardServletEnvironment - Replacing [servletContextInitParams] PropertySource with [servletContextInitParams]
21:59:35.472 [main] DEBUG o.s.w.c.s.GenericWebApplicationContext - Bean factory for org.springframework.web.context.support.GenericWebApplicationContext@62430c20: org.springframework.beans.factory.support.DefaultListableBeanFactory@4fd1775b: defining beans [org.springframework.context.annotation.internalConfigurationAnnotationProcessor,org.springframework.context.annotation.internalAutowiredAnnotationProcessor,org.springframework.context.annotation.internalRequiredAnnotationProcessor,org.springframework.context.annotation.internalCommonAnnotationProcessor,org.springframework.context.annotation.internalPersistenceAnnotationProcessor,org.springframework.context.event.internalEventListenerProcessor,org.springframework.context.event.internalEventListenerFactory,rootConfiguration,webMvcConfiguration]; root of factory hierarchy
21:59:35.472 [main] DEBUG o.s.b.f.s.DefaultListableBeanFactory - Registering scope &apos;request&apos; with implementation [org.springframework.web.context.request.RequestScope@2f2ba15d]
21:59:35.472 [main] DEBUG o.s.b.f.s.DefaultListableBeanFactory - Registering scope &apos;session&apos; with implementation [org.springframework.web.context.request.SessionScope@55739a94]
21:59:35.472 [main] DEBUG o.s.b.f.s.DefaultListableBeanFactory - Registering scope &apos;globalSession&apos; with implementation [org.springframework.web.context.request.SessionScope@11dc44ce]
21:59:35.472 [main] DEBUG o.s.b.f.s.DefaultListableBeanFactory - Registering scope &apos;application&apos; with implementation [org.springframework.web.context.support.ServletContextScope@319363e]
21:59:35.472 [main] DEBUG o.s.b.f.s.DefaultListableBeanFactory - Creating shared instance of singleton bean &apos;org.springframework.context.annotation.internalConfigurationAnnotationProcessor&apos;
21:59:35.472 [main] DEBUG o.s.b.f.s.DefaultListableBeanFactory - Creating instance of bean &apos;org.springframework.context.annotation.internalConfigurationAnnotationProcessor&apos;
21:59:35.472 [main] DEBUG o.s.b.f.s.DefaultListableBeanFactory - Eagerly caching bean &apos;org.springframework.context.annotation.internalConfigurationAnnotationProcessor&apos; to allow for resolving potential circular references
21:59:35.472 [main] DEBUG o.s.b.f.s.DefaultListableBeanFactory - Finished creating instance of bean &apos;org.springframework.context.annotation.internalConfigurationAnnotationProcessor&apos;
21:59:35.473 [main] DEBUG o.s.core.env.StandardEnvironment - Adding [systemProperties] PropertySource with lowest search precedence
21:59:35.473 [main] DEBUG o.s.core.env.StandardEnvironment - Adding [systemEnvironment] PropertySource with lowest search precedence
21:59:35.473 [main] DEBUG o.s.core.env.StandardEnvironment - Initialized StandardEnvironment with PropertySources [systemProperties,systemEnvironment]
21:59:35.474 [main] DEBUG o.s.c.i.s.PathMatchingResourcePatternResolver - Resolved classpath location [edu/ncsu/csc/itrust2/config/] to resources [URL [file:/var/lib/jenkins/jobs/iTrust_Fuzzer/workspace/iTrust2/target/classes/edu/ncsu/csc/itrust2/config/]]
21:59:35.474 [main] DEBUG o.s.c.i.s.PathMatchingResourcePatternResolver - Looking for matching resources in directory tree [/var/lib/jenkins/jobs/iTrust_Fuzzer/workspace/iTrust2/target/classes/edu/ncsu/csc/itrust2/config]
21:59:35.474 [main] DEBUG o.s.c.i.s.PathMatchingResourcePatternResolver - Searching directory [/var/lib/jenkins/jobs/iTrust_Fuzzer/workspace/iTrust2/target/classes/edu/ncsu/csc/itrust2/config] for files matching pattern [/var/lib/jenkins/jobs/iTrust_Fuzzer/workspace/iTrust2/target/classes/edu/ncsu/csc/itrust2/config/**/*.class]
21:59:35.475 [main] DEBUG o.s.c.i.s.PathMatchingResourcePatternResolver - Resolved location pattern [classpath*:edu/ncsu/csc/itrust2/config/**/*.class] to resources [file [/var/lib/jenkins/jobs/iTrust_Fuzzer/workspace/iTrust2/target/classes/edu/ncsu/csc/itrust2/config/ContextListener.class], file [/var/lib/jenkins/jobs/iTrust_Fuzzer/workspace/iTrust2/target/classes/edu/ncsu/csc/itrust2/config/DataConfiguration.class], file [/var/lib/jenkins/jobs/iTrust_Fuzzer/workspace/iTrust2/target/classes/edu/ncsu/csc/itrust2/config/FailureHandler.class], file [/var/lib/jenkins/jobs/iTrust_Fuzzer/workspace/iTrust2/target/classes/edu/ncsu/csc/itrust2/config/IPFilter.class], file [/var/lib/jenkins/jobs/iTrust_Fuzzer/workspace/iTrust2/target/classes/edu/ncsu/csc/itrust2/config/ITrust2ApplicationInitializer.class], file [/var/lib/jenkins/jobs/iTrust_Fuzzer/workspace/iTrust2/target/classes/edu/ncsu/csc/itrust2/config/ITrust2WebApplicationInitializer.class], file [/var/lib/jenkins/jobs/iTrust_Fuzzer/workspace/iTrust2/target/classes/edu/ncsu/csc/itrust2/config/LoginAuditingListener.class], file [/var/lib/jenkins/jobs/iTrust_Fuzzer/workspace/iTrust2/target/classes/edu/ncsu/csc/itrust2/config/RootConfiguration.class], file [/var/lib/jenkins/jobs/iTrust_Fuzzer/workspace/iTrust2/target/classes/edu/ncsu/csc/itrust2/config/SecurityConfig.class]]
21:59:35.475 [main] DEBUG o.s.c.a.ClassPathBeanDefinitionScanner - Identified candidate component class: file [/var/lib/jenkins/jobs/iTrust_Fuzzer/workspace/iTrust2/target/classes/edu/ncsu/csc/itrust2/config/DataConfiguration.class]
21:59:35.476 [main] DEBUG o.s.c.a.ClassPathBeanDefinitionScanner - Identified candidate component class: file [/var/lib/jenkins/jobs/iTrust_Fuzzer/workspace/iTrust2/target/classes/edu/ncsu/csc/itrust2/config/LoginAuditingListener.class]
21:59:35.476 [main] DEBUG o.s.c.a.ClassPathBeanDefinitionScanner - Identified candidate component class: file [/var/lib/jenkins/jobs/iTrust_Fuzzer/workspace/iTrust2/target/classes/edu/ncsu/csc/itrust2/config/SecurityConfig.class]
21:59:35.488 [main] DEBUG o.s.core.env.StandardEnvironment - Adding [systemProperties] PropertySource with lowest search precedence
21:59:35.488 [main] DEBUG o.s.core.env.StandardEnvironment - Adding [systemEnvironment] PropertySource with lowest search precedence
21:59:35.488 [main] DEBUG o.s.core.env.StandardEnvironment - Initialized StandardEnvironment with PropertySources [systemProperties,systemEnvironment]
21:59:35.489 [main] DEBUG o.s.c.i.s.PathMatchingResourcePatternResolver - Resolved classpath location [edu/ncsu/csc/itrust2/controllers/] to resources [URL [file:/var/lib/jenkins/jobs/iTrust_Fuzzer/workspace/iTrust2/target/classes/edu/ncsu/csc/itrust2/controllers/]]
21:59:35.489 [main] DEBUG o.s.c.i.s.PathMatchingResourcePatternResolver - Looking for matching resources in directory tree [/var/lib/jenkins/jobs/iTrust_Fuzzer/workspace/iTrust2/target/classes/edu/ncsu/csc/itrust2/controllers]
21:59:35.489 [main] DEBUG o.s.c.i.s.PathMatchingResourcePatternResolver - Searching directory [/var/lib/jenkins/jobs/iTrust_Fuzzer/workspace/iTrust2/target/classes/edu/ncsu/csc/itrust2/controllers] for files matching pattern [/var/lib/jenkins/jobs/iTrust_Fuzzer/workspace/iTrust2/target/classes/edu/ncsu/csc/itrust2/controllers/**/*.class]
21:59:35.490 [main] DEBUG o.s.c.i.s.PathMatchingResourcePatternResolver - Searching directory [/var/lib/jenkins/jobs/iTrust_Fuzzer/workspace/iTrust2/target/classes/edu/ncsu/csc/itrust2/controllers/admin] for files matching pattern [/var/lib/jenkins/jobs/iTrust_Fuzzer/workspace/iTrust2/target/classes/edu/ncsu/csc/itrust2/controllers/**/*.class]
21:59:35.490 [main] DEBUG o.s.c.i.s.PathMatchingResourcePatternResolver - Searching directory [/var/lib/jenkins/jobs/iTrust_Fuzzer/workspace/iTrust2/target/classes/edu/ncsu/csc/itrust2/controllers/api] for files matching pattern [/var/lib/jenkins/jobs/iTrust_Fuzzer/workspace/iTrust2/target/classes/edu/ncsu/csc/itrust2/controllers/**/*.class]
21:59:35.490 [main] DEBUG o.s.c.i.s.PathMatchingResourcePatternResolver - Searching directory [/var/lib/jenkins/jobs/iTrust_Fuzzer/workspace/iTrust2/target/classes/edu/ncsu/csc/itrust2/controllers/api/comm] for files matching pattern [/var/lib/jenkins/jobs/iTrust_Fuzzer/workspace/iTrust2/target/classes/edu/ncsu/csc/itrust2/controllers/**/*.class]
21:59:35.491 [main] DEBUG o.s.c.i.s.PathMatchingResourcePatternResolver - Searching directory [/var/lib/jenkins/jobs/iTrust_Fuzzer/workspace/iTrust2/target/classes/edu/ncsu/csc/itrust2/controllers/hcp] for files matching pattern [/var/lib/jenkins/jobs/iTrust_Fuzzer/workspace/iTrust2/target/classes/edu/ncsu/csc/itrust2/controllers/**/*.class]
21:59:35.491 [main] DEBUG o.s.c.i.s.PathMatchingResourcePatternResolver - Searching directory [/var/lib/jenkins/jobs/iTrust_Fuzzer/workspace/iTrust2/target/classes/edu/ncsu/csc/itrust2/controllers/patient] for files matching pattern [/var/lib/jenkins/jobs/iTrust_Fuzzer/workspace/iTrust2/target/classes/edu/ncsu/csc/itrust2/controllers/**/*.class]
21:59:35.491 [main] DEBUG o.s.c.i.s.PathMatchingResourcePatternResolver - Searching directory [/var/lib/jenkins/jobs/iTrust_Fuzzer/workspace/iTrust2/target/classes/edu/ncsu/csc/itrust2/controllers/personnel] for files matching pattern [/var/lib/jenkins/jobs/iTrust_Fuzzer/workspace/iTrust2/target/classes/edu/ncsu/csc/itrust2/controllers/**/*.class]
21:59:35.492 [main] DEBUG o.s.c.i.s.PathMatchingResourcePatternResolver - Resolved location pattern [classpath*:edu/ncsu/csc/itrust2/controllers/**/*.class] to resources [file [/var/lib/jenkins/jobs/iTrust_Fuzzer/workspace/iTrust2/target/classes/edu/ncsu/csc/itrust2/controllers/DefaultController.class], file [/var/lib/jenkins/jobs/iTrust_Fuzzer/workspace/iTrust2/target/classes/edu/ncsu/csc/itrust2/controllers/admin/AdminController.class], file [/var/lib/jenkins/jobs/iTrust_Fuzzer/workspace/iTrust2/target/classes/edu/ncsu/csc/itrust2/controllers/admin/AdminUserController$1.class], file [/var/lib/jenkins/jobs/iTrust_Fuzzer/workspace/iTrust2/target/classes/edu/ncsu/csc/itrust2/controllers/admin/AdminUserController.class], file [/var/lib/jenkins/jobs/iTrust_Fuzzer/workspace/iTrust2/target/classes/edu/ncsu/csc/itrust2/controllers/admin/HospitalController.class], file [/var/lib/jenkins/jobs/iTrust_Fuzzer/workspace/iTrust2/target/classes/edu/ncsu/csc/itrust2/controllers/admin/ICDCodesController.class], file [/var/lib/jenkins/jobs/iTrust_Fuzzer/workspace/iTrust2/target/classes/edu/ncsu/csc/itrust2/controllers/api/APIAppointmentRequestController.class], file [/var/lib/jenkins/jobs/iTrust_Fuzzer/workspace/iTrust2/target/classes/edu/ncsu/csc/itrust2/controllers/api/APIController$JSONResponse.class], file [/var/lib/jenkins/jobs/iTrust_Fuzzer/workspace/iTrust2/target/classes/edu/ncsu/csc/itrust2/controllers/api/APIController.class], file [/var/lib/jenkins/jobs/iTrust_Fuzzer/workspace/iTrust2/target/classes/edu/ncsu/csc/itrust2/controllers/api/APIDiagnosisController.class], file [/var/lib/jenkins/jobs/iTrust_Fuzzer/workspace/iTrust2/target/classes/edu/ncsu/csc/itrust2/controllers/api/APIDrugController.class], file [/var/lib/jenkins/jobs/iTrust_Fuzzer/workspace/iTrust2/target/classes/edu/ncsu/csc/itrust2/controllers/api/APIEnumController.class], file [/var/lib/jenkins/jobs/iTrust_Fuzzer/workspace/iTrust2/target/classes/edu/ncsu/csc/itrust2/controllers/api/APIHospitalController.class], file [/var/lib/jenkins/jobs/iTrust_Fuzzer/workspace/iTrust2/target/classes/edu/ncsu/csc/itrust2/controllers/api/APIICDCodeController.class], file [/var/lib/jenkins/jobs/iTrust_Fuzzer/workspace/iTrust2/target/classes/edu/ncsu/csc/itrust2/controllers/api/APILogEntryController.class], file [/var/lib/jenkins/jobs/iTrust_Fuzzer/workspace/iTrust2/target/classes/edu/ncsu/csc/itrust2/controllers/api/APIOfficeVisitController.class], file [/var/lib/jenkins/jobs/iTrust_Fuzzer/workspace/iTrust2/target/classes/edu/ncsu/csc/itrust2/controllers/api/APIPasswordController.class], file [/var/lib/jenkins/jobs/iTrust_Fuzzer/workspace/iTrust2/target/classes/edu/ncsu/csc/itrust2/controllers/api/APIPatientController.class], file [/var/lib/jenkins/jobs/iTrust_Fuzzer/workspace/iTrust2/target/classes/edu/ncsu/csc/itrust2/controllers/api/APIPersonnelController.class], file [/var/lib/jenkins/jobs/iTrust_Fuzzer/workspace/iTrust2/target/classes/edu/ncsu/csc/itrust2/controllers/api/APIPrescriptionController.class], file [/var/lib/jenkins/jobs/iTrust_Fuzzer/workspace/iTrust2/target/classes/edu/ncsu/csc/itrust2/controllers/api/APIUserController.class], file [/var/lib/jenkins/jobs/iTrust_Fuzzer/workspace/iTrust2/target/classes/edu/ncsu/csc/itrust2/controllers/api/comm/LogEntryRequestBody.class], file [/var/lib/jenkins/jobs/iTrust_Fuzzer/workspace/iTrust2/target/classes/edu/ncsu/csc/itrust2/controllers/api/comm/LogEntryTableRow.class], file [/var/lib/jenkins/jobs/iTrust_Fuzzer/workspace/iTrust2/target/classes/edu/ncsu/csc/itrust2/controllers/hcp/AppointmentControllerHCP.class], file [/var/lib/jenkins/jobs/iTrust_Fuzzer/workspace/iTrust2/target/classes/edu/ncsu/csc/itrust2/controllers/hcp/HCPController.class], file [/var/lib/jenkins/jobs/iTrust_Fuzzer/workspace/iTrust2/target/classes/edu/ncsu/csc/itrust2/controllers/hcp/OfficeVisitController.class], file [/var/lib/jenkins/jobs/iTrust_Fuzzer/workspace/iTrust2/target/classes/edu/ncsu/csc/itrust2/controllers/patient/AppointmentController.class], file [/var/lib/jenkins/jobs/iTrust_Fuzzer/workspace/iTrust2/target/classes/edu/ncsu/csc/itrust2/controllers/patient/DiagnosesController.class], file [/var/lib/jenkins/jobs/iTrust_Fuzzer/workspace/iTrust2/target/classes/edu/ncsu/csc/itrust2/controllers/patient/PatientController.class], file [/var/lib/jenkins/jobs/iTrust_Fuzzer/workspace/iTrust2/target/classes/edu/ncsu/csc/itrust2/controllers/personnel/PasswordController.class], file [/var/lib/jenkins/jobs/iTrust_Fuzzer/workspace/iTrust2/target/classes/edu/ncsu/csc/itrust2/controllers/personnel/UserController.class]]
21:59:35.492 [main] DEBUG o.s.c.a.ClassPathBeanDefinitionScanner - Identified candidate component class: file [/var/lib/jenkins/jobs/iTrust_Fuzzer/workspace/iTrust2/target/classes/edu/ncsu/csc/itrust2/controllers/DefaultController.class]
21:59:35.492 [main] DEBUG o.s.c.a.ClassPathBeanDefinitionScanner - Identified candidate component class: file [/var/lib/jenkins/jobs/iTrust_Fuzzer/workspace/iTrust2/target/classes/edu/ncsu/csc/itrust2/controllers/admin/AdminController.class]
21:59:35.493 [main] DEBUG o.s.c.a.ClassPathBeanDefinitionScanner - Identified candidate component class: file [/var/lib/jenkins/jobs/iTrust_Fuzzer/workspace/iTrust2/target/classes/edu/ncsu/csc/itrust2/controllers/admin/AdminUserController.class]
21:59:35.493 [main] DEBUG o.s.c.a.ClassPathBeanDefinitionScanner - Identified candidate component class: file [/var/lib/jenkins/jobs/iTrust_Fuzzer/workspace/iTrust2/target/classes/edu/ncsu/csc/itrust2/controllers/admin/HospitalController.class]
21:59:35.493 [main] DEBUG o.s.c.a.ClassPathBeanDefinitionScanner - Identified candidate component class: file [/var/lib/jenkins/jobs/iTrust_Fuzzer/workspace/iTrust2/target/classes/edu/ncsu/csc/itrust2/controllers/admin/ICDCodesController.class]
21:59:35.494 [main] DEBUG o.s.c.a.ClassPathBeanDefinitionScanner - Identified candidate component class: file [/var/lib/jenkins/jobs/iTrust_Fuzzer/workspace/iTrust2/target/classes/edu/ncsu/csc/itrust2/controllers/api/APIAppointmentRequestController.class]
21:59:35.495 [main] DEBUG o.s.c.a.ClassPathBeanDefinitionScanner - Identified candidate component class: file [/var/lib/jenkins/jobs/iTrust_Fuzzer/workspace/iTrust2/target/classes/edu/ncsu/csc/itrust2/controllers/api/APIDiagnosisController.class]
21:59:35.496 [main] DEBUG o.s.c.a.ClassPathBeanDefinitionScanner - Identified candidate component class: file [/var/lib/jenkins/jobs/iTrust_Fuzzer/workspace/iTrust2/target/classes/edu/ncsu/csc/itrust2/controllers/api/APIDrugController.class]
21:59:35.496 [main] DEBUG o.s.c.a.ClassPathBeanDefinitionScanner - Identified candidate component class: file [/var/lib/jenkins/jobs/iTrust_Fuzzer/workspace/iTrust2/target/classes/edu/ncsu/csc/itrust2/controllers/api/APIEnumController.class]
21:59:35.497 [main] DEBUG o.s.c.a.ClassPathBeanDefinitionScanner - Identified candidate component class: file [/var/lib/jenkins/jobs/iTrust_Fuzzer/workspace/iTrust2/target/classes/edu/ncsu/csc/itrust2/controllers/api/APIHospitalController.class]
21:59:35.498 [main] DEBUG o.s.c.a.ClassPathBeanDefinitionScanner - Identified candidate component class: file [/var/lib/jenkins/jobs/iTrust_Fuzzer/workspace/iTrust2/target/classes/edu/ncsu/csc/itrust2/controllers/api/APIICDCodeController.class]
21:59:35.498 [main] DEBUG o.s.c.a.ClassPathBeanDefinitionScanner - Identified candidate component class: file [/var/lib/jenkins/jobs/iTrust_Fuzzer/workspace/iTrust2/target/classes/edu/ncsu/csc/itrust2/controllers/api/APILogEntryController.class]
21:59:35.499 [main] DEBUG o.s.c.a.ClassPathBeanDefinitionScanner - Identified candidate component class: file [/var/lib/jenkins/jobs/iTrust_Fuzzer/workspace/iTrust2/target/classes/edu/ncsu/csc/itrust2/controllers/api/APIOfficeVisitController.class]
21:59:35.500 [main] DEBUG o.s.c.a.ClassPathBeanDefinitionScanner - Identified candidate component class: file [/var/lib/jenkins/jobs/iTrust_Fuzzer/workspace/iTrust2/target/classes/edu/ncsu/csc/itrust2/controllers/api/APIPasswordController.class]
21:59:35.501 [main] DEBUG o.s.c.a.ClassPathBeanDefinitionScanner - Identified candidate component class: file [/var/lib/jenkins/jobs/iTrust_Fuzzer/workspace/iTrust2/target/classes/edu/ncsu/csc/itrust2/controllers/api/APIPatientController.class]
21:59:35.501 [main] DEBUG o.s.c.a.ClassPathBeanDefinitionScanner - Identified candidate component class: file [/var/lib/jenkins/jobs/iTrust_Fuzzer/workspace/iTrust2/target/classes/edu/ncsu/csc/itrust2/controllers/api/APIPersonnelController.class]
21:59:35.502 [main] DEBUG o.s.c.a.ClassPathBeanDefinitionScanner - Identified candidate component class: file [/var/lib/jenkins/jobs/iTrust_Fuzzer/workspace/iTrust2/target/classes/edu/ncsu/csc/itrust2/controllers/api/APIPrescriptionController.class]
21:59:35.503 [main] DEBUG o.s.c.a.ClassPathBeanDefinitionScanner - Identified candidate component class: file [/var/lib/jenkins/jobs/iTrust_Fuzzer/workspace/iTrust2/target/classes/edu/ncsu/csc/itrust2/controllers/api/APIUserController.class]
21:59:35.503 [main] DEBUG o.s.c.a.ClassPathBeanDefinitionScanner - Identified candidate component class: file [/var/lib/jenkins/jobs/iTrust_Fuzzer/workspace/iTrust2/target/classes/edu/ncsu/csc/itrust2/controllers/hcp/AppointmentControllerHCP.class]
21:59:35.504 [main] DEBUG o.s.c.a.ClassPathBeanDefinitionScanner - Identified candidate component class: file [/var/lib/jenkins/jobs/iTrust_Fuzzer/workspace/iTrust2/target/classes/edu/ncsu/csc/itrust2/controllers/hcp/HCPController.class]
21:59:35.504 [main] DEBUG o.s.c.a.ClassPathBeanDefinitionScanner - Identified candidate component class: file [/var/lib/jenkins/jobs/iTrust_Fuzzer/workspace/iTrust2/target/classes/edu/ncsu/csc/itrust2/controllers/hcp/OfficeVisitController.class]
21:59:35.505 [main] DEBUG o.s.c.a.ClassPathBeanDefinitionScanner - Identified candidate component class: file [/var/lib/jenkins/jobs/iTrust_Fuzzer/workspace/iTrust2/target/classes/edu/ncsu/csc/itrust2/controllers/patient/AppointmentController.class]
21:59:35.505 [main] DEBUG o.s.c.a.ClassPathBeanDefinitionScanner - Identified candidate component class: file [/var/lib/jenkins/jobs/iTrust_Fuzzer/workspace/iTrust2/target/classes/edu/ncsu/csc/itrust2/controllers/patient/DiagnosesController.class]
21:59:35.506 [main] DEBUG o.s.c.a.ClassPathBeanDefinitionScanner - Identified candidate component class: file [/var/lib/jenkins/jobs/iTrust_Fuzzer/workspace/iTrust2/target/classes/edu/ncsu/csc/itrust2/controllers/patient/PatientController.class]
21:59:35.506 [main] DEBUG o.s.c.a.ClassPathBeanDefinitionScanner - Identified candidate component class: file [/var/lib/jenkins/jobs/iTrust_Fuzzer/workspace/iTrust2/target/classes/edu/ncsu/csc/itrust2/controllers/personnel/PasswordController.class]
21:59:35.506 [main] DEBUG o.s.c.a.ClassPathBeanDefinitionScanner - Identified candidate component class: file [/var/lib/jenkins/jobs/iTrust_Fuzzer/workspace/iTrust2/target/classes/edu/ncsu/csc/itrust2/controllers/personnel/UserController.class]
21:59:35.508 [main] DEBUG o.s.c.i.s.PathMatchingResourcePatternResolver - Resolved classpath location [edu/ncsu/csc/itrust2/config/] to resources [URL [file:/var/lib/jenkins/jobs/iTrust_Fuzzer/workspace/iTrust2/target/classes/edu/ncsu/csc/itrust2/config/]]
21:59:35.508 [main] DEBUG o.s.c.i.s.PathMatchingResourcePatternResolver - Looking for matching resources in directory tree [/var/lib/jenkins/jobs/iTrust_Fuzzer/workspace/iTrust2/target/classes/edu/ncsu/csc/itrust2/config]
21:59:35.508 [main] DEBUG o.s.c.i.s.PathMatchingResourcePatternResolver - Searching directory [/var/lib/jenkins/jobs/iTrust_Fuzzer/workspace/iTrust2/target/classes/edu/ncsu/csc/itrust2/config] for files matching pattern [/var/lib/jenkins/jobs/iTrust_Fuzzer/workspace/iTrust2/target/classes/edu/ncsu/csc/itrust2/config/**/*.class]
21:59:35.508 [main] DEBUG o.s.c.i.s.PathMatchingResourcePatternResolver - Resolved location pattern [classpath*:edu/ncsu/csc/itrust2/config/**/*.class] to resources [file [/var/lib/jenkins/jobs/iTrust_Fuzzer/workspace/iTrust2/target/classes/edu/ncsu/csc/itrust2/config/ContextListener.class], file [/var/lib/jenkins/jobs/iTrust_Fuzzer/workspace/iTrust2/target/classes/edu/ncsu/csc/itrust2/config/DataConfiguration.class], file [/var/lib/jenkins/jobs/iTrust_Fuzzer/workspace/iTrust2/target/classes/edu/ncsu/csc/itrust2/config/FailureHandler.class], file [/var/lib/jenkins/jobs/iTrust_Fuzzer/workspace/iTrust2/target/classes/edu/ncsu/csc/itrust2/config/IPFilter.class], file [/var/lib/jenkins/jobs/iTrust_Fuzzer/workspace/iTrust2/target/classes/edu/ncsu/csc/itrust2/config/ITrust2ApplicationInitializer.class], file [/var/lib/jenkins/jobs/iTrust_Fuzzer/workspace/iTrust2/target/classes/edu/ncsu/csc/itrust2/config/ITrust2WebApplicationInitializer.class], file [/var/lib/jenkins/jobs/iTrust_Fuzzer/workspace/iTrust2/target/classes/edu/ncsu/csc/itrust2/config/LoginAuditingListener.class], file [/var/lib/jenkins/jobs/iTrust_Fuzzer/workspace/iTrust2/target/classes/edu/ncsu/csc/itrust2/config/RootConfiguration.class], file [/var/lib/jenkins/jobs/iTrust_Fuzzer/workspace/iTrust2/target/classes/edu/ncsu/csc/itrust2/config/SecurityConfig.class]]
21:59:35.509 [main] DEBUG o.s.c.a.ClassPathBeanDefinitionScanner - Identified candidate component class: file [/var/lib/jenkins/jobs/iTrust_Fuzzer/workspace/iTrust2/target/classes/edu/ncsu/csc/itrust2/config/DataConfiguration.class]
21:59:35.509 [main] DEBUG o.s.c.a.ClassPathBeanDefinitionScanner - Identified candidate component class: file [/var/lib/jenkins/jobs/iTrust_Fuzzer/workspace/iTrust2/target/classes/edu/ncsu/csc/itrust2/config/LoginAuditingListener.class]
21:59:35.510 [main] DEBUG o.s.c.a.ClassPathBeanDefinitionScanner - Identified candidate component class: file [/var/lib/jenkins/jobs/iTrust_Fuzzer/workspace/iTrust2/target/classes/edu/ncsu/csc/itrust2/config/RootConfiguration.class]
21:59:35.510 [main] DEBUG o.s.c.a.ClassPathBeanDefinitionScanner - Identified candidate component class: file [/var/lib/jenkins/jobs/iTrust_Fuzzer/workspace/iTrust2/target/classes/edu/ncsu/csc/itrust2/config/SecurityConfig.class]
21:59:35.537 [main] DEBUG o.s.c.a.ConfigurationClassBeanDefinitionReader - Registering bean definition for @Bean method edu.ncsu.csc.itrust2.config.DataConfiguration.dataSource()
21:59:35.537 [main] DEBUG o.s.c.a.ConfigurationClassBeanDefinitionReader - Registered bean definition for imported class &apos;org.springframework.security.config.annotation.configuration.ObjectPostProcessorConfiguration&apos;
21:59:35.537 [main] DEBUG o.s.c.a.ConfigurationClassBeanDefinitionReader - Registering bean definition for @Bean method org.springframework.security.config.annotation.configuration.ObjectPostProcessorConfiguration.objectPostProcessor()
21:59:35.537 [main] DEBUG o.s.c.a.ConfigurationClassBeanDefinitionReader - Registered bean definition for imported class &apos;org.springframework.security.config.annotation.authentication.configuration.AuthenticationConfiguration&apos;
21:59:35.537 [main] DEBUG o.s.c.a.ConfigurationClassBeanDefinitionReader - Registering bean definition for @Bean method org.springframework.security.config.annotation.authentication.configuration.AuthenticationConfiguration.authenticationManagerBuilder()
21:59:35.537 [main] DEBUG o.s.c.a.ConfigurationClassBeanDefinitionReader - Registering bean definition for @Bean method org.springframework.security.config.annotation.authentication.configuration.AuthenticationConfiguration.enableGlobalAuthenticationAutowiredConfigurer()
21:59:35.537 [main] DEBUG o.s.c.a.ConfigurationClassBeanDefinitionReader - Registering bean definition for @Bean method org.springframework.security.config.annotation.authentication.configuration.AuthenticationConfiguration.initializeUserDetailsBeanManagerConfigurer()
21:59:35.538 [main] DEBUG o.s.c.a.ConfigurationClassBeanDefinitionReader - Registering bean definition for @Bean method org.springframework.security.config.annotation.authentication.configuration.AuthenticationConfiguration.initializeAuthenticationProviderBeanManagerConfigurer()
21:59:35.538 [main] DEBUG o.s.c.a.ConfigurationClassBeanDefinitionReader - Registered bean definition for imported class &apos;org.springframework.security.config.annotation.web.configuration.WebSecurityConfiguration&apos;
21:59:35.538 [main] DEBUG o.s.c.a.ConfigurationClassBeanDefinitionReader - Registering bean definition for @Bean method org.springframework.security.config.annotation.web.configuration.WebSecurityConfiguration.delegatingApplicationListener()
21:59:35.538 [main] DEBUG o.s.c.a.ConfigurationClassBeanDefinitionReader - Registering bean definition for @Bean method org.springframework.security.config.annotation.web.configuration.WebSecurityConfiguration.webSecurityExpressionHandler()
21:59:35.538 [main] DEBUG o.s.c.a.ConfigurationClassBeanDefinitionReader - Registering bean definition for @Bean method org.springframework.security.config.annotation.web.configuration.WebSecurityConfiguration.springSecurityFilterChain()
21:59:35.538 [main] DEBUG o.s.c.a.ConfigurationClassBeanDefinitionReader - Registering bean definition for @Bean method org.springframework.security.config.annotation.web.configuration.WebSecurityConfiguration.privilegeEvaluator()
21:59:35.538 [main] DEBUG o.s.c.a.ConfigurationClassBeanDefinitionReader - Registering bean definition for @Bean method org.springframework.security.config.annotation.web.configuration.WebSecurityConfiguration.autowiredWebSecurityConfigurersIgnoreParents()
21:59:35.538 [main] DEBUG o.s.c.a.ConfigurationClassBeanDefinitionReader - Registered bean definition for imported class &apos;org.springframework.security.config.annotation.web.configuration.WebMvcSecurityConfiguration&apos;
21:59:35.538 [main] DEBUG o.s.c.a.ConfigurationClassBeanDefinitionReader - Registering bean definition for @Bean method org.springframework.security.config.annotation.web.configuration.WebMvcSecurityConfiguration.requestDataValueProcessor()
21:59:35.538 [main] DEBUG o.s.c.a.ConfigurationClassBeanDefinitionReader - Registering bean definition for @Bean method edu.ncsu.csc.itrust2.config.SecurityConfig.passwordEncoder()
21:59:35.538 [main] DEBUG o.s.c.a.ConfigurationClassBeanDefinitionReader - Registering bean definition for @Bean method edu.ncsu.csc.itrust2.config.SecurityConfig.defaultAuthenticationEventPublisher()
21:59:35.538 [main] DEBUG o.s.c.a.ConfigurationClassBeanDefinitionReader - Registering bean definition for @Bean method edu.ncsu.csc.itrust2.config.SecurityConfig.failureHandler()
21:59:35.538 [main] DEBUG o.s.c.a.ConfigurationClassBeanDefinitionReader - Registering bean definition for @Bean method edu.ncsu.csc.itrust2.config.SecurityConfig.ipBlockFilter()
21:59:35.539 [main] DEBUG o.s.c.a.ConfigurationClassBeanDefinitionReader - Registered bean definition for imported class &apos;org.springframework.web.servlet.config.annotation.DelegatingWebMvcConfiguration&apos;
21:59:35.539 [main] DEBUG o.s.c.a.ConfigurationClassBeanDefinitionReader - Registering bean definition for @Bean method org.springframework.web.servlet.config.annotation.DelegatingWebMvcConfiguration.mvcConversionService()
21:59:35.539 [main] DEBUG o.s.c.a.ConfigurationClassBeanDefinitionReader - Registering bean definition for @Bean method org.springframework.web.servlet.config.annotation.DelegatingWebMvcConfiguration.requestMappingHandlerMapping()
21:59:35.539 [main] DEBUG o.s.c.a.ConfigurationClassBeanDefinitionReader - Registering bean definition for @Bean method org.springframework.web.servlet.config.annotation.DelegatingWebMvcConfiguration.mvcPathMatcher()
21:59:35.539 [main] DEBUG o.s.c.a.ConfigurationClassBeanDefinitionReader - Registering bean definition for @Bean method org.springframework.web.servlet.config.annotation.DelegatingWebMvcConfiguration.mvcUrlPathHelper()
21:59:35.539 [main] DEBUG o.s.c.a.ConfigurationClassBeanDefinitionReader - Registering bean definition for @Bean method org.springframework.web.servlet.config.annotation.DelegatingWebMvcConfiguration.mvcContentNegotiationManager()
21:59:35.540 [main] DEBUG o.s.c.a.ConfigurationClassBeanDefinitionReader - Registering bean definition for @Bean method org.springframework.web.servlet.config.annotation.DelegatingWebMvcConfiguration.viewControllerHandlerMapping()
21:59:35.540 [main] DEBUG o.s.c.a.ConfigurationClassBeanDefinitionReader - Registering bean definition for @Bean method org.springframework.web.servlet.config.annotation.DelegatingWebMvcConfiguration.beanNameHandlerMapping()
21:59:35.540 [main] DEBUG o.s.c.a.ConfigurationClassBeanDefinitionReader - Registering bean definition for @Bean method org.springframework.web.servlet.config.annotation.DelegatingWebMvcConfiguration.resourceHandlerMapping()
21:59:35.540 [main] DEBUG o.s.c.a.ConfigurationClassBeanDefinitionReader - Registering bean definition for @Bean method org.springframework.web.servlet.config.annotation.DelegatingWebMvcConfiguration.mvcResourceUrlProvider()
21:59:35.540 [main] DEBUG o.s.c.a.ConfigurationClassBeanDefinitionReader - Registering bean definition for @Bean method org.springframework.web.servlet.config.annotation.DelegatingWebMvcConfiguration.defaultServletHandlerMapping()
21:59:35.540 [main] DEBUG o.s.c.a.ConfigurationClassBeanDefinitionReader - Registering bean definition for @Bean method org.springframework.web.servlet.config.annotation.DelegatingWebMvcConfiguration.requestMappingHandlerAdapter()
21:59:35.540 [main] DEBUG o.s.c.a.ConfigurationClassBeanDefinitionReader - Registering bean definition for @Bean method org.springframework.web.servlet.config.annotation.DelegatingWebMvcConfiguration.mvcValidator()
21:59:35.540 [main] DEBUG o.s.c.a.ConfigurationClassBeanDefinitionReader - Registering bean definition for @Bean method org.springframework.web.servlet.config.annotation.DelegatingWebMvcConfiguration.mvcUriComponentsContributor()
21:59:35.540 [main] DEBUG o.s.c.a.ConfigurationClassBeanDefinitionReader - Registering bean definition for @Bean method org.springframework.web.servlet.config.annotation.DelegatingWebMvcConfiguration.httpRequestHandlerAdapter()
21:59:35.541 [main] DEBUG o.s.c.a.ConfigurationClassBeanDefinitionReader - Registering bean definition for @Bean method org.springframework.web.servlet.config.annotation.DelegatingWebMvcConfiguration.simpleControllerHandlerAdapter()
21:59:35.541 [main] DEBUG o.s.c.a.ConfigurationClassBeanDefinitionReader - Registering bean definition for @Bean method org.springframework.web.servlet.config.annotation.DelegatingWebMvcConfiguration.handlerExceptionResolver()
21:59:35.541 [main] DEBUG o.s.c.a.ConfigurationClassBeanDefinitionReader - Registering bean definition for @Bean method org.springframework.web.servlet.config.annotation.DelegatingWebMvcConfiguration.mvcViewResolver()
21:59:35.541 [main] DEBUG o.s.c.a.ConfigurationClassBeanDefinitionReader - Registered bean definition for imported class &apos;org.springframework.security.config.annotation.method.configuration.GlobalMethodSecurityConfiguration&apos;
21:59:35.541 [main] DEBUG o.s.c.a.ConfigurationClassBeanDefinitionReader - Registering bean definition for @Bean method org.springframework.security.config.annotation.method.configuration.GlobalMethodSecurityConfiguration.methodSecurityInterceptor()
21:59:35.541 [main] DEBUG o.s.c.a.ConfigurationClassBeanDefinitionReader - Registering bean definition for @Bean method org.springframework.security.config.annotation.method.configuration.GlobalMethodSecurityConfiguration.methodSecurityMetadataSource()
21:59:35.541 [main] DEBUG o.s.c.a.ConfigurationClassBeanDefinitionReader - Registering bean definition for @Bean method org.springframework.security.config.annotation.method.configuration.GlobalMethodSecurityConfiguration.preInvocationAuthorizationAdvice()
21:59:35.541 [main] DEBUG o.s.c.a.ConfigurationClassBeanDefinitionReader - Registering bean definition for @Bean method edu.ncsu.csc.itrust2.mvc.config.WebMvcConfiguration.viewResolver()
21:59:35.542 [main] DEBUG o.s.c.a.ConfigurationClassBeanDefinitionReader - Registering bean definition for @Bean method edu.ncsu.csc.itrust2.mvc.config.WebMvcConfiguration.templateEngine()
21:59:35.542 [main] DEBUG o.s.c.a.ConfigurationClassBeanDefinitionReader - Registering bean definition for @Bean method edu.ncsu.csc.itrust2.mvc.config.WebMvcConfiguration.domainClassConverter()
21:59:35.553 [main] DEBUG o.s.c.a.ConfigurationClassEnhancer - Successfully enhanced edu.ncsu.csc.itrust2.config.RootConfiguration; enhanced class name is: edu.ncsu.csc.itrust2.config.RootConfiguration$$EnhancerBySpringCGLIB$$c1d00685
21:59:35.553 [main] DEBUG o.s.c.a.ConfigurationClassPostProcessor - Replacing bean definition &apos;rootConfiguration&apos; existing class &apos;edu.ncsu.csc.itrust2.config.RootConfiguration&apos; with enhanced class &apos;edu.ncsu.csc.itrust2.config.RootConfiguration$$EnhancerBySpringCGLIB$$c1d00685&apos;
21:59:35.553 [main] DEBUG o.s.c.a.ConfigurationClassEnhancer - Successfully enhanced edu.ncsu.csc.itrust2.mvc.config.WebMvcConfiguration; enhanced class name is: edu.ncsu.csc.itrust2.mvc.config.WebMvcConfiguration$$EnhancerBySpringCGLIB$$de7b09d5
21:59:35.553 [main] DEBUG o.s.c.a.ConfigurationClassPostProcessor - Replacing bean definition &apos;webMvcConfiguration&apos; existing class &apos;edu.ncsu.csc.itrust2.mvc.config.WebMvcConfiguration&apos; with enhanced class &apos;edu.ncsu.csc.itrust2.mvc.config.WebMvcConfiguration$$EnhancerBySpringCGLIB$$de7b09d5&apos;
21:59:35.553 [main] DEBUG o.s.c.a.ConfigurationClassEnhancer - Successfully enhanced edu.ncsu.csc.itrust2.config.DataConfiguration; enhanced class name is: edu.ncsu.csc.itrust2.config.DataConfiguration$$EnhancerBySpringCGLIB$$60f4bbd
21:59:35.553 [main] DEBUG o.s.c.a.ConfigurationClassPostProcessor - Replacing bean definition &apos;dataConfiguration&apos; existing class &apos;edu.ncsu.csc.itrust2.config.DataConfiguration&apos; with enhanced class &apos;edu.ncsu.csc.itrust2.config.DataConfiguration$$EnhancerBySpringCGLIB$$60f4bbd&apos;
21:59:35.553 [main] DEBUG o.s.c.a.ConfigurationClassEnhancer - Successfully enhanced edu.ncsu.csc.itrust2.config.SecurityConfig; enhanced class name is: edu.ncsu.csc.itrust2.config.SecurityConfig$$EnhancerBySpringCGLIB$$f88fd361
21:59:35.553 [main] DEBUG o.s.c.a.ConfigurationClassPostProcessor - Replacing bean definition &apos;securityConfig&apos; existing class &apos;edu.ncsu.csc.itrust2.config.SecurityConfig&apos; with enhanced class &apos;edu.ncsu.csc.itrust2.config.SecurityConfig$$EnhancerBySpringCGLIB$$f88fd361&apos;
21:59:35.553 [main] DEBUG o.s.c.a.ConfigurationClassEnhancer - Successfully enhanced org.springframework.security.config.annotation.configuration.ObjectPostProcessorConfiguration; enhanced class name is: org.springframework.security.config.annotation.configuration.ObjectPostProcessorConfiguration$$EnhancerBySpringCGLIB$$6851d2d
21:59:35.553 [main] DEBUG o.s.c.a.ConfigurationClassPostProcessor - Replacing bean definition &apos;org.springframework.security.config.annotation.configuration.ObjectPostProcessorConfiguration&apos; existing class &apos;org.springframework.security.config.annotation.configuration.ObjectPostProcessorConfiguration&apos; with enhanced class &apos;org.springframework.security.config.annotation.configuration.ObjectPostProcessorConfiguration$$EnhancerBySpringCGLIB$$6851d2d&apos;
21:59:35.553 [main] DEBUG o.s.c.a.ConfigurationClassEnhancer - Successfully enhanced org.springframework.security.config.annotation.authentication.configuration.AuthenticationConfiguration; enhanced class name is: org.springframework.security.config.annotation.authentication.configuration.AuthenticationConfiguration$$EnhancerBySpringCGLIB$$524e27a2
21:59:35.553 [main] DEBUG o.s.c.a.ConfigurationClassPostProcessor - Replacing bean definition &apos;org.springframework.security.config.annotation.authentication.configuration.AuthenticationConfiguration&apos; existing class &apos;org.springframework.security.config.annotation.authentication.configuration.AuthenticationConfiguration&apos; with enhanced class &apos;org.springframework.security.config.annotation.authentication.configuration.AuthenticationConfiguration$$EnhancerBySpringCGLIB$$524e27a2&apos;
21:59:35.553 [main] DEBUG o.s.c.a.ConfigurationClassEnhancer - Successfully enhanced org.springframework.security.config.annotation.authentication.configuration.AuthenticationConfiguration; enhanced class name is: org.springframework.security.config.annotation.authentication.configuration.AuthenticationConfiguration$$EnhancerBySpringCGLIB$$524e27a2
21:59:35.553 [main] DEBUG o.s.c.a.ConfigurationClassPostProcessor - Replacing bean definition &apos;enableGlobalAuthenticationAutowiredConfigurer&apos; existing class &apos;org.springframework.security.config.annotation.authentication.configuration.AuthenticationConfiguration&apos; with enhanced class &apos;org.springframework.security.config.annotation.authentication.configuration.AuthenticationConfiguration$$EnhancerBySpringCGLIB$$524e27a2&apos;
21:59:35.553 [main] DEBUG o.s.c.a.ConfigurationClassEnhancer - Successfully enhanced org.springframework.security.config.annotation.authentication.configuration.AuthenticationConfiguration; enhanced class name is: org.springframework.security.config.annotation.authentication.configuration.AuthenticationConfiguration$$EnhancerBySpringCGLIB$$524e27a2
21:59:35.553 [main] DEBUG o.s.c.a.ConfigurationClassPostProcessor - Replacing bean definition &apos;initializeUserDetailsBeanManagerConfigurer&apos; existing class &apos;org.springframework.security.config.annotation.authentication.configuration.AuthenticationConfiguration&apos; with enhanced class &apos;org.springframework.security.config.annotation.authentication.configuration.AuthenticationConfiguration$$EnhancerBySpringCGLIB$$524e27a2&apos;
21:59:35.553 [main] DEBUG o.s.c.a.ConfigurationClassEnhancer - Successfully enhanced org.springframework.security.config.annotation.authentication.configuration.AuthenticationConfiguration; enhanced class name is: org.springframework.security.config.annotation.authentication.configuration.AuthenticationConfiguration$$EnhancerBySpringCGLIB$$524e27a2
21:59:35.553 [main] DEBUG o.s.c.a.ConfigurationClassPostProcessor - Replacing bean definition &apos;initializeAuthenticationProviderBeanManagerConfigurer&apos; existing class &apos;org.springframework.security.config.annotation.authentication.configuration.AuthenticationConfiguration&apos; with enhanced class &apos;org.springframework.security.config.annotation.authentication.configuration.AuthenticationConfiguration$$EnhancerBySpringCGLIB$$524e27a2&apos;
21:59:35.553 [main] DEBUG o.s.c.a.ConfigurationClassEnhancer - Successfully enhanced org.springframework.security.config.annotation.web.configuration.WebSecurityConfiguration; enhanced class name is: org.springframework.security.config.annotation.web.configuration.WebSecurityConfiguration$$EnhancerBySpringCGLIB$$150881e6
21:59:35.553 [main] DEBUG o.s.c.a.ConfigurationClassPostProcessor - Replacing bean definition &apos;org.springframework.security.config.annotation.web.configuration.WebSecurityConfiguration&apos; existing class &apos;org.springframework.security.config.annotation.web.configuration.WebSecurityConfiguration&apos; with enhanced class &apos;org.springframework.security.config.annotation.web.configuration.WebSecurityConfiguration$$EnhancerBySpringCGLIB$$150881e6&apos;
21:59:35.554 [main] DEBUG o.s.c.a.ConfigurationClassEnhancer - Successfully enhanced org.springframework.security.config.annotation.web.configuration.WebSecurityConfiguration; enhanced class name is: org.springframework.security.config.annotation.web.configuration.WebSecurityConfiguration$$EnhancerBySpringCGLIB$$150881e6
21:59:35.554 [main] DEBUG o.s.c.a.ConfigurationClassPostProcessor - Replacing bean definition &apos;delegatingApplicationListener&apos; existing class &apos;org.springframework.security.config.annotation.web.configuration.WebSecurityConfiguration&apos; with enhanced class &apos;org.springframework.security.config.annotation.web.configuration.WebSecurityConfiguration$$EnhancerBySpringCGLIB$$150881e6&apos;
21:59:35.554 [main] DEBUG o.s.c.a.ConfigurationClassEnhancer - Successfully enhanced org.springframework.web.servlet.config.annotation.DelegatingWebMvcConfiguration; enhanced class name is: org.springframework.web.servlet.config.annotation.DelegatingWebMvcConfiguration$$EnhancerBySpringCGLIB$$32983a29
21:59:35.554 [main] DEBUG o.s.c.a.ConfigurationClassPostProcessor - Replacing bean definition &apos;org.springframework.web.servlet.config.annotation.DelegatingWebMvcConfiguration&apos; existing class &apos;org.springframework.web.servlet.config.annotation.DelegatingWebMvcConfiguration&apos; with enhanced class &apos;org.springframework.web.servlet.config.annotation.DelegatingWebMvcConfiguration$$EnhancerBySpringCGLIB$$32983a29&apos;
21:59:35.554 [main] DEBUG o.s.c.a.ConfigurationClassEnhancer - Successfully enhanced org.springframework.security.config.annotation.method.configuration.GlobalMethodSecurityConfiguration; enhanced class name is: org.springframework.security.config.annotation.method.configuration.GlobalMethodSecurityConfiguration$$EnhancerBySpringCGL
...[truncated 195543 chars]...
ring edu.ncsu.csc.itrust2.controllers.patient.PatientController.viewDemographics(org.springframework.ui.Model)]] with attributes [[authorize: &apos;hasRole(&apos;ROLE_PATIENT&apos;)&apos;, filter: &apos;null&apos;, filterTarget: &apos;null&apos;]]
21:59:35.937 [main] DEBUG o.s.aop.framework.CglibAopProxy - Unable to apply any optimisations to advised method: public java.lang.String edu.ncsu.csc.itrust2.controllers.patient.PatientController.viewDemographics(org.springframework.ui.Model)
21:59:35.937 [main] DEBUG o.s.s.a.p.PrePostAnnotationSecurityMetadataSource - @org.springframework.security.access.prepost.PreAuthorize(value=hasRole(&apos;ROLE_PATIENT&apos;)) found on specific method: public java.lang.String edu.ncsu.csc.itrust2.controllers.patient.PatientController.demographicsSubmit(edu.ncsu.csc.itrust2.forms.hcp_patient.PatientForm,org.springframework.validation.BindingResult,org.springframework.ui.Model)
21:59:35.938 [main] DEBUG o.s.s.a.m.DelegatingMethodSecurityMetadataSource - Caching method [CacheKey[edu.ncsu.csc.itrust2.controllers.patient.PatientController; public java.lang.String edu.ncsu.csc.itrust2.controllers.patient.PatientController.demographicsSubmit(edu.ncsu.csc.itrust2.forms.hcp_patient.PatientForm,org.springframework.validation.BindingResult,org.springframework.ui.Model)]] with attributes [[authorize: &apos;hasRole(&apos;ROLE_PATIENT&apos;)&apos;, filter: &apos;null&apos;, filterTarget: &apos;null&apos;]]
21:59:35.938 [main] DEBUG o.s.aop.framework.CglibAopProxy - Unable to apply any optimisations to advised method: public java.lang.String edu.ncsu.csc.itrust2.controllers.patient.PatientController.demographicsSubmit(edu.ncsu.csc.itrust2.forms.hcp_patient.PatientForm,org.springframework.validation.BindingResult,org.springframework.ui.Model)
21:59:35.938 [main] DEBUG o.s.s.a.p.PrePostAnnotationSecurityMetadataSource - @org.springframework.security.access.prepost.PreAuthorize(value=hasRole(&apos;ROLE_PATIENT&apos;)) found on specific method: public java.lang.String edu.ncsu.csc.itrust2.controllers.patient.PatientController.index(org.springframework.ui.Model)
21:59:35.938 [main] DEBUG o.s.s.a.m.DelegatingMethodSecurityMetadataSource - Caching method [CacheKey[edu.ncsu.csc.itrust2.controllers.patient.PatientController; public java.lang.String edu.ncsu.csc.itrust2.controllers.patient.PatientController.index(org.springframework.ui.Model)]] with attributes [[authorize: &apos;hasRole(&apos;ROLE_PATIENT&apos;)&apos;, filter: &apos;null&apos;, filterTarget: &apos;null&apos;]]
21:59:35.938 [main] DEBUG o.s.aop.framework.CglibAopProxy - Unable to apply any optimisations to advised method: public java.lang.String edu.ncsu.csc.itrust2.controllers.patient.PatientController.index(org.springframework.ui.Model)
21:59:35.938 [main] DEBUG o.s.aop.framework.CglibAopProxy - Found &apos;equals&apos; method: public boolean java.lang.Object.equals(java.lang.Object)
21:59:35.938 [main] DEBUG o.s.aop.framework.CglibAopProxy - Unable to apply any optimisations to advised method: public java.lang.String java.lang.Object.toString()
21:59:35.938 [main] DEBUG o.s.aop.framework.CglibAopProxy - Found &apos;hashCode&apos; method: public native int java.lang.Object.hashCode()
21:59:35.938 [main] DEBUG o.s.aop.framework.CglibAopProxy - Unable to apply any optimisations to advised method: protected native java.lang.Object java.lang.Object.clone() throws java.lang.CloneNotSupportedException
21:59:35.938 [main] DEBUG o.s.aop.framework.CglibAopProxy - Method is declared on Advised interface: public abstract void org.springframework.aop.framework.Advised.setTargetSource(org.springframework.aop.TargetSource)
21:59:35.938 [main] DEBUG o.s.aop.framework.CglibAopProxy - Method is declared on Advised interface: public abstract org.springframework.aop.TargetSource org.springframework.aop.framework.Advised.getTargetSource()
21:59:35.938 [main] DEBUG o.s.aop.framework.CglibAopProxy - Method is declared on Advised interface: public abstract boolean org.springframework.aop.framework.Advised.isProxyTargetClass()
21:59:35.938 [main] DEBUG o.s.aop.framework.CglibAopProxy - Method is declared on Advised interface: public abstract void org.springframework.aop.framework.Advised.addAdvisor(org.springframework.aop.Advisor) throws org.springframework.aop.framework.AopConfigException
21:59:35.938 [main] DEBUG o.s.aop.framework.CglibAopProxy - Method is declared on Advised interface: public abstract void org.springframework.aop.framework.Advised.addAdvisor(int,org.springframework.aop.Advisor) throws org.springframework.aop.framework.AopConfigException
21:59:35.938 [main] DEBUG o.s.aop.framework.CglibAopProxy - Method is declared on Advised interface: public abstract void org.springframework.aop.framework.Advised.setPreFiltered(boolean)
21:59:35.938 [main] DEBUG o.s.aop.framework.CglibAopProxy - Method is declared on Advised interface: public abstract void org.springframework.aop.framework.Advised.setExposeProxy(boolean)
21:59:35.938 [main] DEBUG o.s.aop.framework.CglibAopProxy - Method is declared on Advised interface: public abstract boolean org.springframework.aop.framework.Advised.isExposeProxy()
21:59:35.938 [main] DEBUG o.s.aop.framework.CglibAopProxy - Method is declared on Advised interface: public abstract boolean org.springframework.aop.framework.Advised.isPreFiltered()
21:59:35.938 [main] DEBUG o.s.aop.framework.CglibAopProxy - Method is declared on Advised interface: public abstract java.lang.Class[] org.springframework.aop.framework.Advised.getProxiedInterfaces()
21:59:35.938 [main] DEBUG o.s.aop.framework.CglibAopProxy - Method is declared on Advised interface: public abstract boolean org.springframework.aop.framework.Advised.isInterfaceProxied(java.lang.Class)
21:59:35.938 [main] DEBUG o.s.aop.framework.CglibAopProxy - Method is declared on Advised interface: public abstract org.springframework.aop.Advisor[] org.springframework.aop.framework.Advised.getAdvisors()
21:59:35.938 [main] DEBUG o.s.aop.framework.CglibAopProxy - Method is declared on Advised interface: public abstract void org.springframework.aop.framework.Advised.removeAdvisor(int) throws org.springframework.aop.framework.AopConfigException
21:59:35.938 [main] DEBUG o.s.aop.framework.CglibAopProxy - Method is declared on Advised interface: public abstract boolean org.springframework.aop.framework.Advised.removeAdvisor(org.springframework.aop.Advisor)
21:59:35.938 [main] DEBUG o.s.aop.framework.CglibAopProxy - Method is declared on Advised interface: public abstract boolean org.springframework.aop.framework.Advised.replaceAdvisor(org.springframework.aop.Advisor,org.springframework.aop.Advisor) throws org.springframework.aop.framework.AopConfigException
21:59:35.938 [main] DEBUG o.s.aop.framework.CglibAopProxy - Method is declared on Advised interface: public abstract boolean org.springframework.aop.framework.Advised.removeAdvice(org.aopalliance.aop.Advice)
21:59:35.938 [main] DEBUG o.s.aop.framework.CglibAopProxy - Method is declared on Advised interface: public abstract java.lang.String org.springframework.aop.framework.Advised.toProxyConfigString()
21:59:35.938 [main] DEBUG o.s.aop.framework.CglibAopProxy - Method is declared on Advised interface: public abstract void org.springframework.aop.framework.Advised.addAdvice(int,org.aopalliance.aop.Advice) throws org.springframework.aop.framework.AopConfigException
21:59:35.938 [main] DEBUG o.s.aop.framework.CglibAopProxy - Method is declared on Advised interface: public abstract void org.springframework.aop.framework.Advised.addAdvice(org.aopalliance.aop.Advice) throws org.springframework.aop.framework.AopConfigException
21:59:35.938 [main] DEBUG o.s.aop.framework.CglibAopProxy - Method is declared on Advised interface: public abstract int org.springframework.aop.framework.Advised.indexOf(org.aopalliance.aop.Advice)
21:59:35.938 [main] DEBUG o.s.aop.framework.CglibAopProxy - Method is declared on Advised interface: public abstract int org.springframework.aop.framework.Advised.indexOf(org.springframework.aop.Advisor)
21:59:35.939 [main] DEBUG o.s.aop.framework.CglibAopProxy - Method is declared on Advised interface: public abstract boolean org.springframework.aop.framework.Advised.isFrozen()
21:59:35.939 [main] DEBUG o.s.aop.framework.CglibAopProxy - Method is declared on Advised interface: public abstract java.lang.Class org.springframework.aop.TargetClassAware.getTargetClass()
21:59:35.943 [main] DEBUG o.s.b.f.s.DefaultListableBeanFactory - Finished creating instance of bean &apos;patientController&apos;
21:59:35.943 [main] DEBUG o.s.b.f.s.DefaultListableBeanFactory - Creating shared instance of singleton bean &apos;passwordController&apos;
21:59:35.943 [main] DEBUG o.s.b.f.s.DefaultListableBeanFactory - Creating instance of bean &apos;passwordController&apos;
21:59:35.944 [main] DEBUG o.s.b.f.s.DefaultListableBeanFactory - Eagerly caching bean &apos;passwordController&apos; to allow for resolving potential circular references
21:59:35.944 [main] DEBUG o.s.b.f.s.DefaultListableBeanFactory - Returning cached instance of singleton bean &apos;metaDataSourceAdvisor&apos;
21:59:35.944 [main] DEBUG o.s.b.f.s.DefaultListableBeanFactory - Finished creating instance of bean &apos;passwordController&apos;
21:59:35.944 [main] DEBUG o.s.b.f.s.DefaultListableBeanFactory - Creating shared instance of singleton bean &apos;userController&apos;
21:59:35.944 [main] DEBUG o.s.b.f.s.DefaultListableBeanFactory - Creating instance of bean &apos;userController&apos;
21:59:35.944 [main] DEBUG o.s.b.f.s.DefaultListableBeanFactory - Eagerly caching bean &apos;userController&apos; to allow for resolving potential circular references
21:59:35.944 [main] DEBUG o.s.b.f.s.DefaultListableBeanFactory - Returning cached instance of singleton bean &apos;metaDataSourceAdvisor&apos;
21:59:35.944 [main] DEBUG o.s.s.a.p.PrePostAnnotationSecurityMetadataSource - @org.springframework.security.access.prepost.PreAuthorize(value=hasRole(&apos;ROLE_HCP&apos;) or hasRole(&apos;ROLE_ADMIN&apos;)) found on specific method: public java.lang.String edu.ncsu.csc.itrust2.controllers.personnel.UserController.viewDemographics(org.springframework.ui.Model)
21:59:35.945 [main] DEBUG o.s.s.a.m.DelegatingMethodSecurityMetadataSource - Caching method [CacheKey[edu.ncsu.csc.itrust2.controllers.personnel.UserController; public java.lang.String edu.ncsu.csc.itrust2.controllers.personnel.UserController.viewDemographics(org.springframework.ui.Model)]] with attributes [[authorize: &apos;hasRole(&apos;ROLE_HCP&apos;) or hasRole(&apos;ROLE_ADMIN&apos;)&apos;, filter: &apos;null&apos;, filterTarget: &apos;null&apos;]]
21:59:35.945 [main] DEBUG o.s.a.f.a.InfrastructureAdvisorAutoProxyCreator - Creating implicit proxy for bean &apos;userController&apos; with 0 common interceptors and 1 specific interceptors
21:59:35.945 [main] DEBUG o.s.aop.framework.CglibAopProxy - Creating CGLIB proxy: target source is SingletonTargetSource for target object [edu.ncsu.csc.itrust2.controllers.personnel.UserController@52def70b]
21:59:35.945 [main] DEBUG o.s.aop.framework.CglibAopProxy - Unable to apply any optimisations to advised method: public java.lang.String edu.ncsu.csc.itrust2.controllers.personnel.UserController.viewDemographics(org.springframework.ui.Model)
21:59:35.945 [main] DEBUG o.s.s.a.p.PrePostAnnotationSecurityMetadataSource - @org.springframework.security.access.prepost.PreAuthorize(value=hasRole(&apos;ROLE_HCP&apos;) or hasRole(&apos;ROLE_ADMIN&apos;)) found on specific method: public java.lang.String edu.ncsu.csc.itrust2.controllers.personnel.UserController.demographicsSubmit(edu.ncsu.csc.itrust2.forms.personnel.PersonnelForm,org.springframework.validation.BindingResult,org.springframework.ui.Model)
21:59:35.945 [main] DEBUG o.s.s.a.m.DelegatingMethodSecurityMetadataSource - Caching method [CacheKey[edu.ncsu.csc.itrust2.controllers.personnel.UserController; public java.lang.String edu.ncsu.csc.itrust2.controllers.personnel.UserController.demographicsSubmit(edu.ncsu.csc.itrust2.forms.personnel.PersonnelForm,org.springframework.validation.BindingResult,org.springframework.ui.Model)]] with attributes [[authorize: &apos;hasRole(&apos;ROLE_HCP&apos;) or hasRole(&apos;ROLE_ADMIN&apos;)&apos;, filter: &apos;null&apos;, filterTarget: &apos;null&apos;]]
21:59:35.945 [main] DEBUG o.s.aop.framework.CglibAopProxy - Unable to apply any optimisations to advised method: public java.lang.String edu.ncsu.csc.itrust2.controllers.personnel.UserController.demographicsSubmit(edu.ncsu.csc.itrust2.forms.personnel.PersonnelForm,org.springframework.validation.BindingResult,org.springframework.ui.Model)
21:59:35.945 [main] DEBUG o.s.aop.framework.CglibAopProxy - Found &apos;equals&apos; method: public boolean java.lang.Object.equals(java.lang.Object)
21:59:35.945 [main] DEBUG o.s.aop.framework.CglibAopProxy - Unable to apply any optimisations to advised method: public java.lang.String java.lang.Object.toString()
21:59:35.945 [main] DEBUG o.s.aop.framework.CglibAopProxy - Found &apos;hashCode&apos; method: public native int java.lang.Object.hashCode()
21:59:35.945 [main] DEBUG o.s.aop.framework.CglibAopProxy - Unable to apply any optimisations to advised method: protected native java.lang.Object java.lang.Object.clone() throws java.lang.CloneNotSupportedException
21:59:35.945 [main] DEBUG o.s.aop.framework.CglibAopProxy - Method is declared on Advised interface: public abstract void org.springframework.aop.framework.Advised.setTargetSource(org.springframework.aop.TargetSource)
21:59:35.945 [main] DEBUG o.s.aop.framework.CglibAopProxy - Method is declared on Advised interface: public abstract org.springframework.aop.TargetSource org.springframework.aop.framework.Advised.getTargetSource()
21:59:35.945 [main] DEBUG o.s.aop.framework.CglibAopProxy - Method is declared on Advised interface: public abstract boolean org.springframework.aop.framework.Advised.isProxyTargetClass()
21:59:35.946 [main] DEBUG o.s.aop.framework.CglibAopProxy - Method is declared on Advised interface: public abstract void org.springframework.aop.framework.Advised.addAdvisor(org.springframework.aop.Advisor) throws org.springframework.aop.framework.AopConfigException
21:59:35.946 [main] DEBUG o.s.aop.framework.CglibAopProxy - Method is declared on Advised interface: public abstract void org.springframework.aop.framework.Advised.addAdvisor(int,org.springframework.aop.Advisor) throws org.springframework.aop.framework.AopConfigException
21:59:35.946 [main] DEBUG o.s.aop.framework.CglibAopProxy - Method is declared on Advised interface: public abstract void org.springframework.aop.framework.Advised.setPreFiltered(boolean)
21:59:35.946 [main] DEBUG o.s.aop.framework.CglibAopProxy - Method is declared on Advised interface: public abstract void org.springframework.aop.framework.Advised.setExposeProxy(boolean)
21:59:35.946 [main] DEBUG o.s.aop.framework.CglibAopProxy - Method is declared on Advised interface: public abstract boolean org.springframework.aop.framework.Advised.isExposeProxy()
21:59:35.946 [main] DEBUG o.s.aop.framework.CglibAopProxy - Method is declared on Advised interface: public abstract boolean org.springframework.aop.framework.Advised.isPreFiltered()
21:59:35.946 [main] DEBUG o.s.aop.framework.CglibAopProxy - Method is declared on Advised interface: public abstract java.lang.Class[] org.springframework.aop.framework.Advised.getProxiedInterfaces()
21:59:35.946 [main] DEBUG o.s.aop.framework.CglibAopProxy - Method is declared on Advised interface: public abstract boolean org.springframework.aop.framework.Advised.isInterfaceProxied(java.lang.Class)
21:59:35.946 [main] DEBUG o.s.aop.framework.CglibAopProxy - Method is declared on Advised interface: public abstract org.springframework.aop.Advisor[] org.springframework.aop.framework.Advised.getAdvisors()
21:59:35.946 [main] DEBUG o.s.aop.framework.CglibAopProxy - Method is declared on Advised interface: public abstract void org.springframework.aop.framework.Advised.removeAdvisor(int) throws org.springframework.aop.framework.AopConfigException
21:59:35.946 [main] DEBUG o.s.aop.framework.CglibAopProxy - Method is declared on Advised interface: public abstract boolean org.springframework.aop.framework.Advised.removeAdvisor(org.springframework.aop.Advisor)
21:59:35.946 [main] DEBUG o.s.aop.framework.CglibAopProxy - Method is declared on Advised interface: public abstract boolean org.springframework.aop.framework.Advised.replaceAdvisor(org.springframework.aop.Advisor,org.springframework.aop.Advisor) throws org.springframework.aop.framework.AopConfigException
21:59:35.946 [main] DEBUG o.s.aop.framework.CglibAopProxy - Method is declared on Advised interface: public abstract boolean org.springframework.aop.framework.Advised.removeAdvice(org.aopalliance.aop.Advice)
21:59:35.946 [main] DEBUG o.s.aop.framework.CglibAopProxy - Method is declared on Advised interface: public abstract java.lang.String org.springframework.aop.framework.Advised.toProxyConfigString()
21:59:35.946 [main] DEBUG o.s.aop.framework.CglibAopProxy - Method is declared on Advised interface: public abstract void org.springframework.aop.framework.Advised.addAdvice(int,org.aopalliance.aop.Advice) throws org.springframework.aop.framework.AopConfigException
21:59:35.946 [main] DEBUG o.s.aop.framework.CglibAopProxy - Method is declared on Advised interface: public abstract void org.springframework.aop.framework.Advised.addAdvice(org.aopalliance.aop.Advice) throws org.springframework.aop.framework.AopConfigException
21:59:35.946 [main] DEBUG o.s.aop.framework.CglibAopProxy - Method is declared on Advised interface: public abstract int org.springframework.aop.framework.Advised.indexOf(org.aopalliance.aop.Advice)
21:59:35.946 [main] DEBUG o.s.aop.framework.CglibAopProxy - Method is declared on Advised interface: public abstract int org.springframework.aop.framework.Advised.indexOf(org.springframework.aop.Advisor)
21:59:35.946 [main] DEBUG o.s.aop.framework.CglibAopProxy - Method is declared on Advised interface: public abstract boolean org.springframework.aop.framework.Advised.isFrozen()
21:59:35.946 [main] DEBUG o.s.aop.framework.CglibAopProxy - Method is declared on Advised interface: public abstract java.lang.Class org.springframework.aop.TargetClassAware.getTargetClass()
21:59:35.951 [main] DEBUG o.s.b.f.s.DefaultListableBeanFactory - Finished creating instance of bean &apos;userController&apos;
21:59:35.951 [main] DEBUG o.s.b.f.s.DefaultListableBeanFactory - Returning cached instance of singleton bean &apos;dataSource&apos;
21:59:35.951 [main] DEBUG o.s.b.f.s.DefaultListableBeanFactory - Returning cached instance of singleton bean &apos;org.springframework.security.config.annotation.configuration.ObjectPostProcessorConfiguration&apos;
21:59:35.951 [main] DEBUG o.s.b.f.s.DefaultListableBeanFactory - Returning cached instance of singleton bean &apos;objectPostProcessor&apos;
21:59:35.951 [main] DEBUG o.s.b.f.s.DefaultListableBeanFactory - Returning cached instance of singleton bean &apos;org.springframework.security.config.annotation.authentication.configuration.AuthenticationConfiguration&apos;
21:59:35.951 [main] DEBUG o.s.b.f.s.DefaultListableBeanFactory - Returning cached instance of singleton bean &apos;authenticationManagerBuilder&apos;
21:59:35.951 [main] DEBUG o.s.b.f.s.DefaultListableBeanFactory - Returning cached instance of singleton bean &apos;enableGlobalAuthenticationAutowiredConfigurer&apos;
21:59:35.951 [main] DEBUG o.s.b.f.s.DefaultListableBeanFactory - Returning cached instance of singleton bean &apos;initializeUserDetailsBeanManagerConfigurer&apos;
21:59:35.951 [main] DEBUG o.s.b.f.s.DefaultListableBeanFactory - Returning cached instance of singleton bean &apos;initializeAuthenticationProviderBeanManagerConfigurer&apos;
21:59:35.951 [main] DEBUG o.s.b.f.s.DefaultListableBeanFactory - Creating shared instance of singleton bean &apos;org.springframework.security.config.annotation.web.configuration.WebSecurityConfiguration&apos;
21:59:35.951 [main] DEBUG o.s.b.f.s.DefaultListableBeanFactory - Creating instance of bean &apos;org.springframework.security.config.annotation.web.configuration.WebSecurityConfiguration&apos;
21:59:35.953 [main] DEBUG o.s.b.f.annotation.InjectionMetadata - Registered injected element on class [org.springframework.security.config.annotation.web.configuration.WebSecurityConfiguration$$EnhancerBySpringCGLIB$$150881e6]: AutowiredFieldElement for private org.springframework.security.config.annotation.ObjectPostProcessor org.springframework.security.config.annotation.web.configuration.WebSecurityConfiguration.objectObjectPostProcessor
21:59:35.953 [main] DEBUG o.s.b.f.annotation.InjectionMetadata - Registered injected element on class [org.springframework.security.config.annotation.web.configuration.WebSecurityConfiguration$$EnhancerBySpringCGLIB$$150881e6]: AutowiredMethodElement for public void org.springframework.security.config.annotation.web.configuration.WebSecurityConfiguration.setFilterChainProxySecurityConfigurer(org.springframework.security.config.annotation.ObjectPostProcessor,java.util.List) throws java.lang.Exception
21:59:35.953 [main] DEBUG o.s.b.f.s.DefaultListableBeanFactory - Eagerly caching bean &apos;org.springframework.security.config.annotation.web.configuration.WebSecurityConfiguration&apos; to allow for resolving potential circular references
21:59:35.954 [main] DEBUG o.s.b.f.annotation.InjectionMetadata - Processing injected element of bean &apos;org.springframework.security.config.annotation.web.configuration.WebSecurityConfiguration&apos;: AutowiredFieldElement for private org.springframework.security.config.annotation.ObjectPostProcessor org.springframework.security.config.annotation.web.configuration.WebSecurityConfiguration.objectObjectPostProcessor
21:59:35.954 [main] DEBUG o.s.b.f.s.DefaultListableBeanFactory - Returning cached instance of singleton bean &apos;objectPostProcessor&apos;
21:59:35.954 [main] DEBUG o.s.b.f.a.AutowiredAnnotationBeanPostProcessor - Autowiring by type from bean name &apos;org.springframework.security.config.annotation.web.configuration.WebSecurityConfiguration&apos; to bean named &apos;objectPostProcessor&apos;
21:59:35.954 [main] DEBUG o.s.b.f.annotation.InjectionMetadata - Processing injected element of bean &apos;org.springframework.security.config.annotation.web.configuration.WebSecurityConfiguration&apos;: AutowiredMethodElement for public void org.springframework.security.config.annotation.web.configuration.WebSecurityConfiguration.setFilterChainProxySecurityConfigurer(org.springframework.security.config.annotation.ObjectPostProcessor,java.util.List) throws java.lang.Exception
21:59:35.954 [main] DEBUG o.s.b.f.s.DefaultListableBeanFactory - Returning cached instance of singleton bean &apos;objectPostProcessor&apos;
21:59:35.955 [main] DEBUG o.s.b.f.s.DefaultListableBeanFactory - Creating shared instance of singleton bean &apos;autowiredWebSecurityConfigurersIgnoreParents&apos;
21:59:35.955 [main] DEBUG o.s.b.f.s.DefaultListableBeanFactory - Creating instance of bean &apos;autowiredWebSecurityConfigurersIgnoreParents&apos;
21:59:35.955 [main] DEBUG o.s.b.f.s.DefaultListableBeanFactory - Returning cached instance of singleton bean &apos;metaDataSourceAdvisor&apos;
21:59:35.956 [main] DEBUG o.s.b.f.s.DefaultListableBeanFactory - Returning eagerly cached instance of singleton bean &apos;org.springframework.security.config.annotation.web.configuration.WebSecurityConfiguration&apos; that is not fully initialized yet - a consequence of a circular reference
21:59:35.958 [main] DEBUG o.s.b.f.s.DefaultListableBeanFactory - Autowiring by type from bean name &apos;autowiredWebSecurityConfigurersIgnoreParents&apos; via factory method to bean named &apos;org.springframework.beans.factory.support.DefaultListableBeanFactory@4fd1775b&apos;
21:59:35.958 [main] DEBUG o.s.b.f.s.DefaultListableBeanFactory - Eagerly caching bean &apos;autowiredWebSecurityConfigurersIgnoreParents&apos; to allow for resolving potential circular references
21:59:35.958 [main] DEBUG o.s.b.f.s.DefaultListableBeanFactory - Returning cached instance of singleton bean &apos;metaDataSourceAdvisor&apos;
21:59:35.958 [main] DEBUG o.s.b.f.s.DefaultListableBeanFactory - Finished creating instance of bean &apos;autowiredWebSecurityConfigurersIgnoreParents&apos;
21:59:35.959 [main] DEBUG o.s.b.f.s.DefaultListableBeanFactory - Returning cached instance of singleton bean &apos;securityConfig&apos;
21:59:35.959 [main] DEBUG o.s.b.f.a.AutowiredAnnotationBeanPostProcessor - Autowiring by type from bean name &apos;org.springframework.security.config.annotation.web.configuration.WebSecurityConfiguration&apos; to bean named &apos;objectPostProcessor&apos;
21:59:35.959 [main] DEBUG o.s.b.f.s.DefaultListableBeanFactory - Returning cached instance of singleton bean &apos;metaDataSourceAdvisor&apos;
21:59:35.963 [main] DEBUG o.s.b.f.s.DefaultListableBeanFactory - Returning cached instance of singleton bean &apos;org.springframework.context.annotation.ConfigurationClassPostProcessor.importRegistry&apos;
21:59:35.963 [main] DEBUG o.s.b.f.s.DefaultListableBeanFactory - Finished creating instance of bean &apos;org.springframework.security.config.annotation.web.configuration.WebSecurityConfiguration&apos;
21:59:35.963 [main] DEBUG o.s.b.f.s.DefaultListableBeanFactory - Creating shared instance of singleton bean &apos;delegatingApplicationListener&apos;
21:59:35.963 [main] DEBUG o.s.b.f.s.DefaultListableBeanFactory - Creating instance of bean &apos;delegatingApplicationListener&apos;
21:59:35.963 [main] DEBUG o.s.b.f.s.DefaultListableBeanFactory - Eagerly caching bean &apos;delegatingApplicationListener&apos; to allow for resolving potential circular references
21:59:35.964 [main] DEBUG o.s.b.f.s.DefaultListableBeanFactory - Returning cached instance of singleton bean &apos;metaDataSourceAdvisor&apos;
21:59:35.964 [main] DEBUG o.s.b.f.s.DefaultListableBeanFactory - Finished creating instance of bean &apos;delegatingApplicationListener&apos;
21:59:35.964 [main] DEBUG o.s.b.f.s.DefaultListableBeanFactory - Creating shared instance of singleton bean &apos;springSecurityFilterChain&apos;
21:59:35.964 [main] DEBUG o.s.b.f.s.DefaultListableBeanFactory - Creating instance of bean &apos;springSecurityFilterChain&apos;
21:59:35.964 [main] DEBUG o.s.b.f.s.DefaultListableBeanFactory - Returning cached instance of singleton bean &apos;org.springframework.security.config.annotation.web.configuration.WebSecurityConfiguration&apos;
21:59:35.965 [main] DEBUG o.s.b.f.s.DefaultListableBeanFactory - Returning cached instance of singleton bean &apos;metaDataSourceAdvisor&apos;
21:59:35.965 [main] DEBUG o.s.b.f.s.DefaultListableBeanFactory - Returning cached instance of singleton bean &apos;webMvcConfiguration&apos;
21:59:35.965 [main] DEBUG o.s.b.f.s.DefaultListableBeanFactory - Returning cached instance of singleton bean &apos;securityConfig&apos;
21:59:35.965 [main] DEBUG o.s.s.c.a.a.c.AuthenticationConfiguration$EnableGlobalAuthenticationAutowiredConfigurer - Eagerly initializing {webMvcConfiguration=edu.ncsu.csc.itrust2.mvc.config.WebMvcConfiguration$$EnhancerBySpringCGLIB$$de7b09d5@7f07ca2b, securityConfig=edu.ncsu.csc.itrust2.config.SecurityConfig$$EnhancerBySpringCGLIB$$f88fd361@680cf9bb}
21:59:35.966 [main] DEBUG o.s.b.f.s.DefaultListableBeanFactory - Invoking afterPropertiesSet() on bean with name &apos;org.springframework.security.authentication.dao.DaoAuthenticationProvider@691eda48&apos;
21:59:35.966 [main] DEBUG o.s.b.f.s.DefaultListableBeanFactory - Returning cached instance of singleton bean &apos;metaDataSourceAdvisor&apos;
21:59:35.968 [main] DEBUG o.s.b.f.s.DefaultListableBeanFactory - Invoking afterPropertiesSet() on bean with name &apos;org.springframework.security.authentication.ProviderManager@ac73cdd&apos;
21:59:35.969 [main] DEBUG o.s.b.f.s.DefaultListableBeanFactory - Returning cached instance of singleton bean &apos;metaDataSourceAdvisor&apos;
21:59:35.970 [main] DEBUG o.s.b.f.s.DefaultListableBeanFactory - Returning cached instance of singleton bean &apos;authenticationManagerBuilder&apos;
21:59:35.971 [main] DEBUG o.s.w.c.s.StandardServletEnvironment - Adding [servletConfigInitParams] PropertySource with lowest search precedence
21:59:35.971 [main] DEBUG o.s.w.c.s.StandardServletEnvironment - Adding [servletContextInitParams] PropertySource with lowest search precedence
21:59:35.971 [main] DEBUG o.s.w.c.s.StandardServletEnvironment - Adding [systemProperties] PropertySource with lowest search precedence
21:59:35.971 [main] DEBUG o.s.w.c.s.StandardServletEnvironment - Adding [systemEnvironment] PropertySource with lowest search precedence
21:59:35.971 [main] DEBUG o.s.w.c.s.StandardServletEnvironment - Initialized StandardServletEnvironment with PropertySources [servletConfigInitParams,servletContextInitParams,systemProperties,systemEnvironment]
21:59:35.971 [main] DEBUG o.s.w.c.s.StandardServletEnvironment - Adding [servletConfigInitParams] PropertySource with lowest search precedence
21:59:35.971 [main] DEBUG o.s.w.c.s.StandardServletEnvironment - Adding [servletContextInitParams] PropertySource with lowest search precedence
21:59:35.971 [main] DEBUG o.s.w.c.s.StandardServletEnvironment - Adding [systemProperties] PropertySource with lowest search precedence
21:59:35.971 [main] DEBUG o.s.w.c.s.StandardServletEnvironment - Adding [systemEnvironment] PropertySource with lowest search precedence
21:59:35.971 [main] DEBUG o.s.w.c.s.StandardServletEnvironment - Initialized StandardServletEnvironment with PropertySources [servletConfigInitParams,servletContextInitParams,systemProperties,systemEnvironment]
21:59:35.971 [main] DEBUG o.s.w.c.s.StandardServletEnvironment - Adding [servletConfigInitParams] PropertySource with lowest search precedence
21:59:35.971 [main] DEBUG o.s.w.c.s.StandardServletEnvironment - Adding [servletContextInitParams] PropertySource with lowest search precedence
21:59:35.971 [main] DEBUG o.s.w.c.s.StandardServletEnvironment - Adding [systemProperties] PropertySource with lowest search precedence
21:59:35.971 [main] DEBUG o.s.w.c.s.StandardServletEnvironment - Adding [systemEnvironment] PropertySource with lowest search precedence
21:59:35.971 [main] DEBUG o.s.w.c.s.StandardServletEnvironment - Initialized StandardServletEnvironment with PropertySources [servletConfigInitParams,servletContextInitParams,systemProperties,systemEnvironment]
21:59:35.972 [main] DEBUG o.s.b.f.s.DefaultListableBeanFactory - Creating shared instance of singleton bean &apos;ipBlockFilter&apos;
21:59:35.972 [main] DEBUG o.s.b.f.s.DefaultListableBeanFactory - Creating instance of bean &apos;ipBlockFilter&apos;
21:59:35.972 [main] DEBUG o.s.b.f.s.DefaultListableBeanFactory - Returning cached instance of singleton bean &apos;securityConfig&apos;
21:59:35.973 [main] DEBUG o.s.w.c.s.StandardServletEnvironment - Adding [servletConfigInitParams] PropertySource with lowest search precedence
21:59:35.973 [main] DEBUG o.s.w.c.s.StandardServletEnvironment - Adding [servletContextInitParams] PropertySource with lowest search precedence
21:59:35.973 [main] DEBUG o.s.w.c.s.StandardServletEnvironment - Adding [systemProperties] PropertySource with lowest search precedence
21:59:35.973 [main] DEBUG o.s.w.c.s.StandardServletEnvironment - Adding [systemEnvironment] PropertySource with lowest search precedence
21:59:35.973 [main] DEBUG o.s.w.c.s.StandardServletEnvironment - Initialized StandardServletEnvironment with PropertySources [servletConfigInitParams,servletContextInitParams,systemProperties,systemEnvironment]
21:59:35.973 [main] DEBUG o.s.b.f.s.DefaultListableBeanFactory - Eagerly caching bean &apos;ipBlockFilter&apos; to allow for resolving potential circular references
21:59:35.976 [main] DEBUG o.s.b.f.s.DefaultListableBeanFactory - Invoking afterPropertiesSet() on bean with name &apos;ipBlockFilter&apos;
21:59:35.976 [main] DEBUG o.s.b.f.s.DefaultListableBeanFactory - Returning cached instance of singleton bean &apos;metaDataSourceAdvisor&apos;
21:59:35.977 [main] DEBUG o.s.b.f.s.DefaultListableBeanFactory - Finished creating instance of bean &apos;ipBlockFilter&apos;
21:59:35.977 [main] DEBUG o.s.w.c.s.StandardServletEnvironment - Adding [servletConfigInitParams] PropertySource with lowest search precedence
21:59:35.977 [main] DEBUG o.s.w.c.s.StandardServletEnvironment - Adding [servletContextInitParams] PropertySource with lowest search precedence
21:59:35.977 [main] DEBUG o.s.w.c.s.StandardServletEnvironment - Adding [systemProperties] PropertySource with lowest search precedence
21:59:35.977 [main] DEBUG o.s.w.c.s.StandardServletEnvironment - Adding [systemEnvironment] PropertySource with lowest search precedence
21:59:35.977 [main] DEBUG o.s.w.c.s.StandardServletEnvironment - Initialized StandardServletEnvironment with PropertySources [servletConfigInitParams,servletContextInitParams,systemProperties,systemEnvironment]
21:59:35.978 [main] DEBUG o.s.b.f.s.DefaultListableBeanFactory - Retrieved dependent beans for bean &apos;springSecurityFilterChain&apos;: [webSecurityExpressionHandler]
21:59:35.978 [main] WARN  o.s.w.c.s.GenericWebApplicationContext - Exception encountered during context initialization - cancelling refresh attempt: org.springframework.beans.factory.BeanCreationException: Error creating bean with name &apos;springSecurityFilterChain&apos; defined in class path resource [org/springframework/security/config/annotation/web/configuration/WebSecurityConfiguration.class]: Bean instantiation via factory method failed; nested exception is org.springframework.beans.BeanInstantiationException: Failed to instantiate [javax.servlet.Filter]: Factory method &apos;springSecurityFilterChain&apos; threw exception; nested exception is java.lang.IllegalArgumentException: &apos;Savings Account?error&apos; is not a valid redirect URL
21:59:35.978 [main] DEBUG o.s.b.f.s.DefaultListableBeanFactory - Destroying singletons in org.springframework.beans.factory.support.DefaultListableBeanFactory@4fd1775b: defining beans [org.springframework.context.annotation.internalConfigurationAnnotationProcessor,org.springframework.context.annotation.internalAutowiredAnnotationProcessor,org.springframework.context.annotation.internalRequiredAnnotationProcessor,org.springframework.context.annotation.internalCommonAnnotationProcessor,org.springframework.context.annotation.internalPersistenceAnnotationProcessor,org.springframework.context.event.internalEventListenerProcessor,org.springframework.context.event.internalEventListenerFactory,rootConfiguration,webMvcConfiguration,dataConfiguration,loginAuditingListener,securityConfig,defaultController,adminController,adminUserController,hospitalController,ICDCodesController,APIAppointmentRequestController,APIDiagnosisController,APIDrugController,APIEnumController,APIHospitalController,APIICDCodeController,APILogEntryController,APIOfficeVisitController,APIPasswordController,APIPatientController,APIPersonnelController,APIPrescriptionController,APIUserController,appointmentControllerHCP,HCPController,officeVisitController,appointmentController,diagnosesController,patientController,passwordController,userController,dataSource,org.springframework.security.config.annotation.configuration.ObjectPostProcessorConfiguration,objectPostProcessor,org.springframework.security.config.annotation.authentication.configuration.AuthenticationConfiguration,authenticationManagerBuilder,enableGlobalAuthenticationAutowiredConfigurer,initializeUserDetailsBeanManagerConfigurer,initializeAuthenticationProviderBeanManagerConfigurer,org.springframework.security.config.annotation.web.configuration.WebSecurityConfiguration,delegatingApplicationListener,webSecurityExpressionHandler,springSecurityFilterChain,privilegeEvaluator,autowiredWebSecurityConfigurersIgnoreParents,org.springframework.security.config.annotation.web.configuration.WebMvcSecurityConfiguration,requestDataValueProcessor,passwordEncoder,defaultAuthenticationEventPublisher,failureHandler,ipBlockFilter,org.springframework.web.servlet.config.annotation.DelegatingWebMvcConfiguration,mvcConversionService,requestMappingHandlerMapping,mvcPathMatcher,mvcUrlPathHelper,mvcContentNegotiationManager,viewControllerHandlerMapping,beanNameHandlerMapping,resourceHandlerMapping,mvcResourceUrlProvider,defaultServletHandlerMapping,requestMappingHandlerAdapter,mvcValidator,mvcUriComponentsContributor,httpRequestHandlerAdapter,simpleControllerHandlerAdapter,handlerExceptionResolver,mvcViewResolver,org.springframework.security.config.annotation.method.configuration.GlobalMethodSecurityConfiguration,methodSecurityInterceptor,methodSecurityMetadataSource,preInvocationAuthorizationAdvice,viewResolver,templateEngine,domainClassConverter,metaDataSourceAdvisor,org.springframework.aop.config.internalAutoProxyCreator]; root of factory hierarchy
21:59:35.978 [main] DEBUG o.s.b.f.s.DisposableBeanAdapter - Invoking destroy() on bean with name &apos;ipBlockFilter&apos;
21:59:35.978 [main] DEBUG o.s.b.f.s.DefaultListableBeanFactory - Retrieved dependent beans for bean &apos;objectPostProcessor&apos;: [org.springframework.security.config.annotation.method.configuration.GlobalMethodSecurityConfiguration, securityConfig, org.springframework.security.config.annotation.authentication.configuration.AuthenticationConfiguration, authenticationManagerBuilder, org.springframework.security.config.annotation.web.configuration.WebSecurityConfiguration]
21:59:35.978 [main] DEBUG o.s.b.f.s.DisposableBeanAdapter - Invoking destroy() on bean with name &apos;objectPostProcessor&apos;
21:59:35.979 [main] ERROR o.s.test.context.TestContextManager - Caught exception while allowing TestExecutionListener [org.springframework.test.context.web.ServletTestExecutionListener@2808eac4] to prepare test instance [edu.ncsu.csc.itrust2.apitest.APIPasswordTest@4d62fd49]
java.lang.IllegalStateException: Failed to load ApplicationContext
	at org.springframework.test.context.cache.DefaultCacheAwareContextLoaderDelegate.loadContext(DefaultCacheAwareContextLoaderDelegate.java:124) ~[spring-test-4.3.5.RELEASE.jar:4.3.5.RELEASE]
	at org.springframework.test.context.support.DefaultTestContext.getApplicationContext(DefaultTestContext.java:83) ~[spring-test-4.3.5.RELEASE.jar:4.3.5.RELEASE]
	at org.springframework.test.context.web.ServletTestExecutionListener.setUpRequestContextIfNecessary(ServletTestExecutionListener.java:189) ~[spring-test-4.3.5.RELEASE.jar:4.3.5.RELEASE]
	at org.springframework.test.context.web.ServletTestExecutionListener.prepareTestInstance(ServletTestExecutionListener.java:131) ~[spring-test-4.3.5.RELEASE.jar:4.3.5.RELEASE]
	at org.springframework.test.context.TestContextManager.prepareTestInstance(TestContextManager.java:230) ~[spring-test-4.3.5.RELEASE.jar:4.3.5.RELEASE]
	at org.springframework.test.context.junit4.SpringJUnit4ClassRunner.createTest(SpringJUnit4ClassRunner.java:228) [spring-test-4.3.5.RELEASE.jar:4.3.5.RELEASE]
	at org.springframework.test.context.junit4.SpringJUnit4ClassRunner$1.runReflectiveCall(SpringJUnit4ClassRunner.java:287) [spring-test-4.3.5.RELEASE.jar:4.3.5.RELEASE]
	at org.junit.internal.runners.model.ReflectiveCallable.run(ReflectiveCallable.java:12) [junit-4.12.jar:4.12]
	at org.springframework.test.context.junit4.SpringJUnit4ClassRunner.methodBlock(SpringJUnit4ClassRunner.java:289) [spring-test-4.3.5.RELEASE.jar:4.3.5.RELEASE]
	at org.springframework.test.context.junit4.SpringJUnit4ClassRunner.runChild(SpringJUnit4ClassRunner.java:247) [spring-test-4.3.5.RELEASE.jar:4.3.5.RELEASE]
	at org.springframework.test.context.junit4.SpringJUnit4ClassRunner.runChild(SpringJUnit4ClassRunner.java:94) [spring-test-4.3.5.RELEASE.jar:4.3.5.RELEASE]
	at org.junit.runners.ParentRunner$3.run(ParentRunner.java:290) [junit-4.12.jar:4.12]
	at org.junit.runners.ParentRunner$1.schedule(ParentRunner.java:71) [junit-4.12.jar:4.12]
	at org.junit.runners.ParentRunner.runChildren(ParentRunner.java:288) [junit-4.12.jar:4.12]
	at org.junit.runners.ParentRunner.access$000(ParentRunner.java:58) [junit-4.12.jar:4.12]
	at org.junit.runners.ParentRunner$2.evaluate(ParentRunner.java:268) [junit-4.12.jar:4.12]
	at org.springframework.test.context.junit4.statements.RunBeforeTestClassCallbacks.evaluate(RunBeforeTestClassCallbacks.java:61) [spring-test-4.3.5.RELEASE.jar:4.3.5.RELEASE]
	at org.springframework.test.context.junit4.statements.RunAfterTestClassCallbacks.evaluate(RunAfterTestClassCallbacks.java:70) [spring-test-4.3.5.RELEASE.jar:4.3.5.RELEASE]
	at org.junit.runners.ParentRunner.run(ParentRunner.java:363) [junit-4.12.jar:4.12]
	at org.springframework.test.context.junit4.SpringJUnit4ClassRunner.run(SpringJUnit4ClassRunner.java:191) [spring-test-4.3.5.RELEASE.jar:4.3.5.RELEASE]
	at org.apache.maven.surefire.junit4.JUnit4Provider.execute(JUnit4Provider.java:365) [surefire-junit4-2.20.jar:2.20]
	at org.apache.maven.surefire.junit4.JUnit4Provider.executeWithRerun(JUnit4Provider.java:272) [surefire-junit4-2.20.jar:2.20]
	at org.apache.maven.surefire.junit4.JUnit4Provider.executeTestSet(JUnit4Provider.java:236) [surefire-junit4-2.20.jar:2.20]
	at org.apache.maven.surefire.junit4.JUnit4Provider.invoke(JUnit4Provider.java:159) [surefire-junit4-2.20.jar:2.20]
	at org.apache.maven.surefire.booter.ForkedBooter.invokeProviderInSameClassLoader(ForkedBooter.java:386) [surefire-booter-2.20.jar:2.20]
	at org.apache.maven.surefire.booter.ForkedBooter.runSuitesInProcess(ForkedBooter.java:323) [surefire-booter-2.20.jar:2.20]
	at org.apache.maven.surefire.booter.ForkedBooter.main(ForkedBooter.java:143) [surefire-booter-2.20.jar:2.20]
Caused by: org.springframework.beans.factory.BeanCreationException: Error creating bean with name &apos;springSecurityFilterChain&apos; defined in class path resource [org/springframework/security/config/annotation/web/configuration/WebSecurityConfiguration.class]: Bean instantiation via factory method failed; nested exception is org.springframework.beans.BeanInstantiationException: Failed to instantiate [javax.servlet.Filter]: Factory method &apos;springSecurityFilterChain&apos; threw exception; nested exception is java.lang.IllegalArgumentException: &apos;Savings Account?error&apos; is not a valid redirect URL
	at org.springframework.beans.factory.support.ConstructorResolver.instantiateUsingFactoryMethod(ConstructorResolver.java:599) ~[spring-beans-4.3.5.RELEASE.jar:4.3.5.RELEASE]
	at org.springframework.beans.factory.support.AbstractAutowireCapableBeanFactory.instantiateUsingFactoryMethod(AbstractAutowireCapableBeanFactory.java:1134) ~[spring-beans-4.3.5.RELEASE.jar:4.3.5.RELEASE]
	at org.springframework.beans.factory.support.AbstractAutowireCapableBeanFactory.createBeanInstance(AbstractAutowireCapableBeanFactory.java:1028) ~[spring-beans-4.3.5.RELEASE.jar:4.3.5.RELEASE]
	at org.springframework.beans.factory.support.AbstractAutowireCapableBeanFactory.doCreateBean(AbstractAutowireCapableBeanFactory.java:513) ~[spring-beans-4.3.5.RELEASE.jar:4.3.5.RELEASE]
	at org.springframework.beans.factory.support.AbstractAutowireCapableBeanFactory.createBean(AbstractAutowireCapableBeanFactory.java:483) ~[spring-beans-4.3.5.RELEASE.jar:4.3.5.RELEASE]
	at org.springframework.beans.factory.support.AbstractBeanFactory$1.getObject(AbstractBeanFactory.java:306) ~[spring-beans-4.3.5.RELEASE.jar:4.3.5.RELEASE]
	at org.springframework.beans.factory.support.DefaultSingletonBeanRegistry.getSingleton(DefaultSingletonBeanRegistry.java:230) ~[spring-beans-4.3.5.RELEASE.jar:4.3.5.RELEASE]
	at org.springframework.beans.factory.support.AbstractBeanFactory.doGetBean(AbstractBeanFactory.java:302) ~[spring-beans-4.3.5.RELEASE.jar:4.3.5.RELEASE]
	at org.springframework.beans.factory.support.AbstractBeanFactory.getBean(AbstractBeanFactory.java:197) ~[spring-beans-4.3.5.RELEASE.jar:4.3.5.RELEASE]
	at org.springframework.beans.factory.support.AbstractBeanFactory.doGetBean(AbstractBeanFactory.java:296) ~[spring-beans-4.3.5.RELEASE.jar:4.3.5.RELEASE]
	at org.springframework.beans.factory.support.AbstractBeanFactory.getBean(AbstractBeanFactory.java:197) ~[spring-beans-4.3.5.RELEASE.jar:4.3.5.RELEASE]
	at org.springframework.beans.factory.support.DefaultListableBeanFactory.preInstantiateSingletons(DefaultListableBeanFactory.java:759) ~[spring-beans-4.3.5.RELEASE.jar:4.3.5.RELEASE]
	at org.springframework.context.support.AbstractApplicationContext.finishBeanFactoryInitialization(AbstractApplicationContext.java:866) ~[spring-context-4.3.5.RELEASE.jar:4.3.5.RELEASE]
	at org.springframework.context.support.AbstractApplicationContext.refresh(AbstractApplicationContext.java:542) ~[spring-context-4.3.5.RELEASE.jar:4.3.5.RELEASE]
	at org.springframework.test.context.web.AbstractGenericWebContextLoader.loadContext(AbstractGenericWebContextLoader.java:134) ~[spring-test-4.3.5.RELEASE.jar:4.3.5.RELEASE]
	at org.springframework.test.context.web.AbstractGenericWebContextLoader.loadContext(AbstractGenericWebContextLoader.java:61) ~[spring-test-4.3.5.RELEASE.jar:4.3.5.RELEASE]
	at org.springframework.test.context.support.AbstractDelegatingSmartContextLoader.delegateLoading(AbstractDelegatingSmartContextLoader.java:108) ~[spring-test-4.3.5.RELEASE.jar:4.3.5.RELEASE]
	at org.springframework.test.context.support.AbstractDelegatingSmartContextLoader.loadContext(AbstractDelegatingSmartContextLoader.java:251) ~[spring-test-4.3.5.RELEASE.jar:4.3.5.RELEASE]
	at org.springframework.test.context.cache.DefaultCacheAwareContextLoaderDelegate.loadContextInternal(DefaultCacheAwareContextLoaderDelegate.java:98) ~[spring-test-4.3.5.RELEASE.jar:4.3.5.RELEASE]
	at org.springframework.test.context.cache.DefaultCacheAwareContextLoaderDelegate.loadContext(DefaultCacheAwareContextLoaderDelegate.java:116) ~[spring-test-4.3.5.RELEASE.jar:4.3.5.RELEASE]
	... 26 common frames omitted
Caused by: org.springframework.beans.BeanInstantiationException: Failed to instantiate [javax.servlet.Filter]: Factory method &apos;springSecurityFilterChain&apos; threw exception; nested exception is java.lang.IllegalArgumentException: &apos;Savings Account?error&apos; is not a valid redirect URL
	at org.springframework.beans.factory.support.SimpleInstantiationStrategy.instantiate(SimpleInstantiationStrategy.java:189) ~[spring-beans-4.3.5.RELEASE.jar:4.3.5.RELEASE]
	at org.springframework.beans.factory.support.ConstructorResolver.instantiateUsingFactoryMethod(ConstructorResolver.java:588) ~[spring-beans-4.3.5.RELEASE.jar:4.3.5.RELEASE]
	... 45 common frames omitted
Caused by: java.lang.IllegalArgumentException: &apos;Savings Account?error&apos; is not a valid redirect URL
	at org.springframework.util.Assert.isTrue(Assert.java:68) ~[spring-core-4.3.5.RELEASE.jar:4.3.5.RELEASE]
	at org.springframework.security.web.authentication.SimpleUrlAuthenticationFailureHandler.setDefaultFailureUrl(SimpleUrlAuthenticationFailureHandler.java:125) ~[spring-security-web-4.2.2.RELEASE.jar:4.2.2.RELEASE]
	at org.springframework.security.web.authentication.SimpleUrlAuthenticationFailureHandler.&lt;init&gt;(SimpleUrlAuthenticationFailureHandler.java:60) ~[spring-security-web-4.2.2.RELEASE.jar:4.2.2.RELEASE]
	at org.springframework.security.config.annotation.web.configurers.AbstractAuthenticationFilterConfigurer.failureUrl(AbstractAuthenticationFilterConfigurer.java:206) ~[spring-security-config-4.2.2.RELEASE.jar:4.2.2.RELEASE]
	at org.springframework.security.config.annotation.web.configurers.AbstractAuthenticationFilterConfigurer.updateAuthenticationDefaults(AbstractAuthenticationFilterConfigurer.java:368) ~[spring-security-config-4.2.2.RELEASE.jar:4.2.2.RELEASE]
	at org.springframework.security.config.annotation.web.configurers.AbstractAuthenticationFilterConfigurer.loginPage(AbstractAuthenticationFilterConfigurer.java:308) ~[spring-security-config-4.2.2.RELEASE.jar:4.2.2.RELEASE]
	at org.springframework.security.config.annotation.web.configurers.FormLoginConfigurer.loginPage(FormLoginConfigurer.java:183) ~[spring-security-config-4.2.2.RELEASE.jar:4.2.2.RELEASE]
	at edu.ncsu.csc.itrust2.config.SecurityConfig.configure(SecurityConfig.java:89) ~[classes/:na]
	at org.springframework.security.config.annotation.web.configuration.WebSecurityConfigurerAdapter.getHttp(WebSecurityConfigurerAdapter.java:224) ~[spring-security-config-4.2.2.RELEASE.jar:4.2.2.RELEASE]
	at org.springframework.security.config.annotation.web.configuration.WebSecurityConfigurerAdapter.init(WebSecurityConfigurerAdapter.java:315) ~[spring-security-config-4.2.2.RELEASE.jar:4.2.2.RELEASE]
	at org.springframework.security.config.annotation.web.configuration.WebSecurityConfigurerAdapter.init(WebSecurityConfigurerAdapter.java:86) ~[spring-security-config-4.2.2.RELEASE.jar:4.2.2.RELEASE]
	at edu.ncsu.csc.itrust2.config.SecurityConfig$$EnhancerBySpringCGLIB$$f88fd361.init(&lt;generated&gt;) ~[classes/:na]
	at org.springframework.security.config.annotation.AbstractConfiguredSecurityBuilder.init(AbstractConfiguredSecurityBuilder.java:371) ~[spring-security-config-4.2.2.RELEASE.jar:4.2.2.RELEASE]
	at org.springframework.security.config.annotation.AbstractConfiguredSecurityBuilder.doBuild(AbstractConfiguredSecurityBuilder.java:325) ~[spring-security-config-4.2.2.RELEASE.jar:4.2.2.RELEASE]
	at org.springframework.security.config.annotation.AbstractSecurityBuilder.build(AbstractSecurityBuilder.java:41) ~[spring-security-config-4.2.2.RELEASE.jar:4.2.2.RELEASE]
	at org.springframework.security.config.annotation.web.configuration.WebSecurityConfiguration.springSecurityFilterChain(WebSecurityConfiguration.java:104) ~[spring-security-config-4.2.2.RELEASE.jar:4.2.2.RELEASE]
	at org.springframework.security.config.annotation.web.configuration.WebSecurityConfiguration$$EnhancerBySpringCGLIB$$150881e6.CGLIB$springSecurityFilterChain$4(&lt;generated&gt;) ~[spring-security-config-4.2.2.RELEASE.jar:4.2.2.RELEASE]
	at org.springframework.security.config.annotation.web.configuration.WebSecurityConfiguration$$EnhancerBySpringCGLIB$$150881e6$$FastClassBySpringCGLIB$$f9839e81.invoke(&lt;generated&gt;) ~[spring-security-config-4.2.2.RELEASE.jar:4.2.2.RELEASE]
	at org.springframework.cglib.proxy.MethodProxy.invokeSuper(MethodProxy.java:228) ~[spring-core-4.3.5.RELEASE.jar:4.3.5.RELEASE]
	at org.springframework.context.annotation.ConfigurationClassEnhancer$BeanMethodInterceptor.intercept(ConfigurationClassEnhancer.java:356) ~[spring-context-4.3.5.RELEASE.jar:4.3.5.RELEASE]
	at org.springframework.security.config.annotation.web.configuration.WebSecurityConfiguration$$EnhancerBySpringCGLIB$$150881e6.springSecurityFilterChain(&lt;generated&gt;) ~[spring-security-config-4.2.2.RELEASE.jar:4.2.2.RELEASE]
	at sun.reflect.NativeMethodAccessorImpl.invoke0(Native Method) ~[na:1.8.0_151]
	at sun.reflect.NativeMethodAccessorImpl.invoke(NativeMethodAccessorImpl.java:62) ~[na:1.8.0_151]
	at sun.reflect.DelegatingMethodAccessorImpl.invoke(DelegatingMethodAccessorImpl.java:43) ~[na:1.8.0_151]
	at java.lang.reflect.Method.invoke(Method.java:498) ~[na:1.8.0_151]
	at org.springframework.beans.factory.support.SimpleInstantiationStrategy.instantiate(SimpleInstantiationStrategy.java:162) ~[spring-beans-4.3.5.RELEASE.jar:4.3.5.RELEASE]
	... 46 common frames omitted
</stdout>
          <failedSince>1</failedSince>
        </case>
        <case>
          <duration>0.0</duration>
          <className>edu.ncsu.csc.itrust2.apitest.APIPasswordTest</className>
          <testName>testInvalidPasswordChanges</testName>
          <skipped>false</skipped>
          <errorStackTrace>java.lang.IllegalStateException: Failed to load ApplicationContext
Caused by: org.springframework.beans.factory.BeanCreationException: Error creating bean with name &apos;springSecurityFilterChain&apos; defined in class path resource [org/springframework/security/config/annotation/web/configuration/WebSecurityConfiguration.class]: Bean instantiation via factory method failed; nested exception is org.springframework.beans.BeanInstantiationException: Failed to instantiate [javax.servlet.Filter]: Factory method &apos;springSecurityFilterChain&apos; threw exception; nested exception is java.lang.IllegalArgumentException: &apos;Savings Account?error&apos; is not a valid redirect URL
Caused by: org.springframework.beans.BeanInstantiationException: Failed to instantiate [javax.servlet.Filter]: Factory method &apos;springSecurityFilterChain&apos; threw exception; nested exception is java.lang.IllegalArgumentException: &apos;Savings Account?error&apos; is not a valid redirect URL
Caused by: java.lang.IllegalArgumentException: &apos;Savings Account?error&apos; is not a valid redirect URL
</errorStackTrace>
          <errorDetails>Failed to load ApplicationContext</errorDetails>
          <stdout>21:59:35.980 [main] DEBUG o.s.t.annotation.ProfileValueUtils - Retrieved @ProfileValueSourceConfiguration [null] for test class [edu.ncsu.csc.itrust2.apitest.APIPasswordTest]
21:59:35.980 [main] DEBUG o.s.t.annotation.ProfileValueUtils - Retrieved ProfileValueSource type [class org.springframework.test.annotation.SystemProfileValueSource] for class [edu.ncsu.csc.itrust2.apitest.APIPasswordTest]
21:59:35.980 [main] DEBUG o.s.t.c.s.AbstractDelegatingSmartContextLoader - Delegating to AnnotationConfigWebContextLoader to load context from [WebMergedContextConfiguration@ebab4d8 testClass = APIPasswordTest, locations = &apos;{}&apos;, classes = &apos;{class edu.ncsu.csc.itrust2.config.RootConfiguration, class edu.ncsu.csc.itrust2.mvc.config.WebMvcConfiguration}&apos;, contextInitializerClasses = &apos;[]&apos;, activeProfiles = &apos;{}&apos;, propertySourceLocations = &apos;{}&apos;, propertySourceProperties = &apos;{}&apos;, contextCustomizers = set[[empty]], resourceBasePath = &apos;src/main/webapp&apos;, contextLoader = &apos;org.springframework.test.context.web.WebDelegatingSmartContextLoader&apos;, parent = [null]].
21:59:35.981 [main] DEBUG o.s.t.c.w.AbstractGenericWebContextLoader - Loading WebApplicationContext for merged context configuration [WebMergedContextConfiguration@ebab4d8 testClass = APIPasswordTest, locations = &apos;{}&apos;, classes = &apos;{class edu.ncsu.csc.itrust2.config.RootConfiguration, class edu.ncsu.csc.itrust2.mvc.config.WebMvcConfiguration}&apos;, contextInitializerClasses = &apos;[]&apos;, activeProfiles = &apos;{}&apos;, propertySourceLocations = &apos;{}&apos;, propertySourceProperties = &apos;{}&apos;, contextCustomizers = set[[empty]], resourceBasePath = &apos;src/main/webapp&apos;, contextLoader = &apos;org.springframework.test.context.web.WebDelegatingSmartContextLoader&apos;, parent = [null]].
21:59:35.981 [main] DEBUG o.s.w.c.s.StandardServletEnvironment - Adding [servletConfigInitParams] PropertySource with lowest search precedence
21:59:35.981 [main] DEBUG o.s.w.c.s.StandardServletEnvironment - Adding [servletContextInitParams] PropertySource with lowest search precedence
21:59:35.981 [main] DEBUG o.s.w.c.s.StandardServletEnvironment - Adding [systemProperties] PropertySource with lowest search precedence
21:59:35.981 [main] DEBUG o.s.w.c.s.StandardServletEnvironment - Adding [systemEnvironment] PropertySource with lowest search precedence
21:59:35.981 [main] DEBUG o.s.w.c.s.StandardServletEnvironment - Initialized StandardServletEnvironment with PropertySources [servletConfigInitParams,servletContextInitParams,systemProperties,systemEnvironment]
21:59:35.981 [main] DEBUG o.s.t.c.w.AnnotationConfigWebContextLoader - Registering annotated classes: {class edu.ncsu.csc.itrust2.config.RootConfiguration, class edu.ncsu.csc.itrust2.mvc.config.WebMvcConfiguration}
21:59:35.982 [main] INFO  o.s.w.c.s.GenericWebApplicationContext - Refreshing org.springframework.web.context.support.GenericWebApplicationContext@3cf6f2a6: startup date [Thu Mar 22 21:59:35 UTC 2018]; root of context hierarchy
21:59:35.982 [main] DEBUG o.s.w.c.s.StandardServletEnvironment - Replacing [servletContextInitParams] PropertySource with [servletContextInitParams]
21:59:35.982 [main] DEBUG o.s.w.c.s.GenericWebApplicationContext - Bean factory for org.springframework.web.context.support.GenericWebApplicationContext@3cf6f2a6: org.springframework.beans.factory.support.DefaultListableBeanFactory@2339b8f6: defining beans [org.springframework.context.annotation.internalConfigurationAnnotationProcessor,org.springframework.context.annotation.internalAutowiredAnnotationProcessor,org.springframework.context.annotation.internalRequiredAnnotationProcessor,org.springframework.context.annotation.internalCommonAnnotationProcessor,org.springframework.context.annotation.internalPersistenceAnnotationProcessor,org.springframework.context.event.internalEventListenerProcessor,org.springframework.context.event.internalEventListenerFactory,rootConfiguration,webMvcConfiguration]; root of factory hierarchy
21:59:35.982 [main] DEBUG o.s.b.f.s.DefaultListableBeanFactory - Registering scope &apos;request&apos; with implementation [org.springframework.web.context.request.RequestScope@d36af0c]
21:59:35.982 [main] DEBUG o.s.b.f.s.DefaultListableBeanFactory - Registering scope &apos;session&apos; with implementation [org.springframework.web.context.request.SessionScope@6de1fce]
21:59:35.982 [main] DEBUG o.s.b.f.s.DefaultListableBeanFactory - Registering scope &apos;globalSession&apos; with implementation [org.springframework.web.context.request.SessionScope@684ee9eb]
21:59:35.982 [main] DEBUG o.s.b.f.s.DefaultListableBeanFactory - Registering scope &apos;application&apos; with implementation [org.springframework.web.context.support.ServletContextScope@1b993886]
21:59:35.983 [main] DEBUG o.s.b.f.s.DefaultListableBeanFactory - Creating shared instance of singleton bean &apos;org.springframework.context.annotation.internalConfigurationAnnotationProcessor&apos;
21:59:35.983 [main] DEBUG o.s.b.f.s.DefaultListableBeanFactory - Creating instance of bean &apos;org.springframework.context.annotation.internalConfigurationAnnotationProcessor&apos;
21:59:35.983 [main] DEBUG o.s.b.f.s.DefaultListableBeanFactory - Eagerly caching bean &apos;org.springframework.context.annotation.internalConfigurationAnnotationProcessor&apos; to allow for resolving potential circular references
21:59:35.983 [main] DEBUG o.s.b.f.s.DefaultListableBeanFactory - Finished creating instance of bean &apos;org.springframework.context.annotation.internalConfigurationAnnotationProcessor&apos;
21:59:35.983 [main] DEBUG o.s.core.env.StandardEnvironment - Adding [systemProperties] PropertySource with lowest search precedence
21:59:35.983 [main] DEBUG o.s.core.env.StandardEnvironment - Adding [systemEnvironment] PropertySource with lowest search precedence
21:59:35.983 [main] DEBUG o.s.core.env.StandardEnvironment - Initialized StandardEnvironment with PropertySources [systemProperties,systemEnvironment]
21:59:35.984 [main] DEBUG o.s.c.i.s.PathMatchingResourcePatternResolver - Resolved classpath location [edu/ncsu/csc/itrust2/config/] to resources [URL [file:/var/lib/jenkins/jobs/iTrust_Fuzzer/workspace/iTrust2/target/classes/edu/ncsu/csc/itrust2/config/]]
21:59:35.985 [main] DEBUG o.s.c.i.s.PathMatchingResourcePatternResolver - Looking for matching resources in directory tree [/var/lib/jenkins/jobs/iTrust_Fuzzer/workspace/iTrust2/target/classes/edu/ncsu/csc/itrust2/config]
21:59:35.985 [main] DEBUG o.s.c.i.s.PathMatchingResourcePatternResolver - Searching directory [/var/lib/jenkins/jobs/iTrust_Fuzzer/workspace/iTrust2/target/classes/edu/ncsu/csc/itrust2/config] for files matching pattern [/var/lib/jenkins/jobs/iTrust_Fuzzer/workspace/iTrust2/target/classes/edu/ncsu/csc/itrust2/config/**/*.class]
21:59:35.989 [main] DEBUG o.s.c.i.s.PathMatchingResourcePatternResolver - Resolved location pattern [classpath*:edu/ncsu/csc/itrust2/config/**/*.class] to resources [file [/var/lib/jenkins/jobs/iTrust_Fuzzer/workspace/iTrust2/target/classes/edu/ncsu/csc/itrust2/config/ContextListener.class], file [/var/lib/jenkins/jobs/iTrust_Fuzzer/workspace/iTrust2/target/classes/edu/ncsu/csc/itrust2/config/DataConfiguration.class], file [/var/lib/jenkins/jobs/iTrust_Fuzzer/workspace/iTrust2/target/classes/edu/ncsu/csc/itrust2/config/FailureHandler.class], file [/var/lib/jenkins/jobs/iTrust_Fuzzer/workspace/iTrust2/target/classes/edu/ncsu/csc/itrust2/config/IPFilter.class], file [/var/lib/jenkins/jobs/iTrust_Fuzzer/workspace/iTrust2/target/classes/edu/ncsu/csc/itrust2/config/ITrust2ApplicationInitializer.class], file [/var/lib/jenkins/jobs/iTrust_Fuzzer/workspace/iTrust2/target/classes/edu/ncsu/csc/itrust2/config/ITrust2WebApplicationInitializer.class], file [/var/lib/jenkins/jobs/iTrust_Fuzzer/workspace/iTrust2/target/classes/edu/ncsu/csc/itrust2/config/LoginAuditingListener.class], file [/var/lib/jenkins/jobs/iTrust_Fuzzer/workspace/iTrust2/target/classes/edu/ncsu/csc/itrust2/config/RootConfiguration.class], file [/var/lib/jenkins/jobs/iTrust_Fuzzer/workspace/iTrust2/target/classes/edu/ncsu/csc/itrust2/config/SecurityConfig.class]]
21:59:35.989 [main] DEBUG o.s.c.a.ClassPathBeanDefinitionScanner - Identified candidate component class: file [/var/lib/jenkins/jobs/iTrust_Fuzzer/workspace/iTrust2/target/classes/edu/ncsu/csc/itrust2/config/DataConfiguration.class]
21:59:35.990 [main] DEBUG o.s.c.a.ClassPathBeanDefinitionScanner - Identified candidate component class: file [/var/lib/jenkins/jobs/iTrust_Fuzzer/workspace/iTrust2/target/classes/edu/ncsu/csc/itrust2/config/LoginAuditingListener.class]
21:59:35.991 [main] DEBUG o.s.c.a.ClassPathBeanDefinitionScanner - Identified candidate component class: file [/var/lib/jenkins/jobs/iTrust_Fuzzer/workspace/iTrust2/target/classes/edu/ncsu/csc/itrust2/config/SecurityConfig.class]
21:59:36.013 [main] DEBUG o.s.core.env.StandardEnvironment - Adding [systemProperties] PropertySource with lowest search precedence
21:59:36.013 [main] DEBUG o.s.core.env.StandardEnvironment - Adding [systemEnvironment] PropertySource with lowest search precedence
21:59:36.013 [main] DEBUG o.s.core.env.StandardEnvironment - Initialized StandardEnvironment with PropertySources [systemProperties,systemEnvironment]
21:59:36.014 [main] DEBUG o.s.c.i.s.PathMatchingResourcePatternResolver - Resolved classpath location [edu/ncsu/csc/itrust2/controllers/] to resources [URL [file:/var/lib/jenkins/jobs/iTrust_Fuzzer/workspace/iTrust2/target/classes/edu/ncsu/csc/itrust2/controllers/]]
21:59:36.014 [main] DEBUG o.s.c.i.s.PathMatchingResourcePatternResolver - Looking for matching resources in directory tree [/var/lib/jenkins/jobs/iTrust_Fuzzer/workspace/iTrust2/target/classes/edu/ncsu/csc/itrust2/controllers]
21:59:36.014 [main] DEBUG o.s.c.i.s.PathMatchingResourcePatternResolver - Searching directory [/var/lib/jenkins/jobs/iTrust_Fuzzer/workspace/iTrust2/target/classes/edu/ncsu/csc/itrust2/controllers] for files matching pattern [/var/lib/jenkins/jobs/iTrust_Fuzzer/workspace/iTrust2/target/classes/edu/ncsu/csc/itrust2/controllers/**/*.class]
21:59:36.014 [main] DEBUG o.s.c.i.s.PathMatchingResourcePatternResolver - Searching directory [/var/lib/jenkins/jobs/iTrust_Fuzzer/workspace/iTrust2/target/classes/edu/ncsu/csc/itrust2/controllers/admin] for files matching pattern [/var/lib/jenkins/jobs/iTrust_Fuzzer/workspace/iTrust2/target/classes/edu/ncsu/csc/itrust2/controllers/**/*.class]
21:59:36.014 [main] DEBUG o.s.c.i.s.PathMatchingResourcePatternResolver - Searching directory [/var/lib/jenkins/jobs/iTrust_Fuzzer/workspace/iTrust2/target/classes/edu/ncsu/csc/itrust2/controllers/api] for files matching pattern [/var/lib/jenkins/jobs/iTrust_Fuzzer/workspace/iTrust2/target/classes/edu/ncsu/csc/itrust2/controllers/**/*.class]
21:59:36.015 [main] DEBUG o.s.c.i.s.PathMatchingResourcePatternResolver - Searching directory [/var/lib/jenkins/jobs/iTrust_Fuzzer/workspace/iTrust2/target/classes/edu/ncsu/csc/itrust2/controllers/api/comm] for files matching pattern [/var/lib/jenkins/jobs/iTrust_Fuzzer/workspace/iTrust2/target/classes/edu/ncsu/csc/itrust2/controllers/**/*.class]
21:59:36.015 [main] DEBUG o.s.c.i.s.PathMatchingResourcePatternResolver - Searching directory [/var/lib/jenkins/jobs/iTrust_Fuzzer/workspace/iTrust2/target/classes/edu/ncsu/csc/itrust2/controllers/hcp] for files matching pattern [/var/lib/jenkins/jobs/iTrust_Fuzzer/workspace/iTrust2/target/classes/edu/ncsu/csc/itrust2/controllers/**/*.class]
21:59:36.015 [main] DEBUG o.s.c.i.s.PathMatchingResourcePatternResolver - Searching directory [/var/lib/jenkins/jobs/iTrust_Fuzzer/workspace/iTrust2/target/classes/edu/ncsu/csc/itrust2/controllers/patient] for files matching pattern [/var/lib/jenkins/jobs/iTrust_Fuzzer/workspace/iTrust2/target/classes/edu/ncsu/csc/itrust2/controllers/**/*.class]
21:59:36.015 [main] DEBUG o.s.c.i.s.PathMatchingResourcePatternResolver - Searching directory [/var/lib/jenkins/jobs/iTrust_Fuzzer/workspace/iTrust2/target/classes/edu/ncsu/csc/itrust2/controllers/personnel] for files matching pattern [/var/lib/jenkins/jobs/iTrust_Fuzzer/workspace/iTrust2/target/classes/edu/ncsu/csc/itrust2/controllers/**/*.class]
21:59:36.016 [main] DEBUG o.s.c.i.s.PathMatchingResourcePatternResolver - Resolved location pattern [classpath*:edu/ncsu/csc/itrust2/controllers/**/*.class] to resources [file [/var/lib/jenkins/jobs/iTrust_Fuzzer/workspace/iTrust2/target/classes/edu/ncsu/csc/itrust2/controllers/DefaultController.class], file [/var/lib/jenkins/jobs/iTrust_Fuzzer/workspace/iTrust2/target/classes/edu/ncsu/csc/itrust2/controllers/admin/AdminController.class], file [/var/lib/jenkins/jobs/iTrust_Fuzzer/workspace/iTrust2/target/classes/edu/ncsu/csc/itrust2/controllers/admin/AdminUserController$1.class], file [/var/lib/jenkins/jobs/iTrust_Fuzzer/workspace/iTrust2/target/classes/edu/ncsu/csc/itrust2/controllers/admin/AdminUserController.class], file [/var/lib/jenkins/jobs/iTrust_Fuzzer/workspace/iTrust2/target/classes/edu/ncsu/csc/itrust2/controllers/admin/HospitalController.class], file [/var/lib/jenkins/jobs/iTrust_Fuzzer/workspace/iTrust2/target/classes/edu/ncsu/csc/itrust2/controllers/admin/ICDCodesController.class], file [/var/lib/jenkins/jobs/iTrust_Fuzzer/workspace/iTrust2/target/classes/edu/ncsu/csc/itrust2/controllers/api/APIAppointmentRequestController.class], file [/var/lib/jenkins/jobs/iTrust_Fuzzer/workspace/iTrust2/target/classes/edu/ncsu/csc/itrust2/controllers/api/APIController$JSONResponse.class], file [/var/lib/jenkins/jobs/iTrust_Fuzzer/workspace/iTrust2/target/classes/edu/ncsu/csc/itrust2/controllers/api/APIController.class], file [/var/lib/jenkins/jobs/iTrust_Fuzzer/workspace/iTrust2/target/classes/edu/ncsu/csc/itrust2/controllers/api/APIDiagnosisController.class], file [/var/lib/jenkins/jobs/iTrust_Fuzzer/workspace/iTrust2/target/classes/edu/ncsu/csc/itrust2/controllers/api/APIDrugController.class], file [/var/lib/jenkins/jobs/iTrust_Fuzzer/workspace/iTrust2/target/classes/edu/ncsu/csc/itrust2/controllers/api/APIEnumController.class], file [/var/lib/jenkins/jobs/iTrust_Fuzzer/workspace/iTrust2/target/classes/edu/ncsu/csc/itrust2/controllers/api/APIHospitalController.class], file [/var/lib/jenkins/jobs/iTrust_Fuzzer/workspace/iTrust2/target/classes/edu/ncsu/csc/itrust2/controllers/api/APIICDCodeController.class], file [/var/lib/jenkins/jobs/iTrust_Fuzzer/workspace/iTrust2/target/classes/edu/ncsu/csc/itrust2/controllers/api/APILogEntryController.class], file [/var/lib/jenkins/jobs/iTrust_Fuzzer/workspace/iTrust2/target/classes/edu/ncsu/csc/itrust2/controllers/api/APIOfficeVisitController.class], file [/var/lib/jenkins/jobs/iTrust_Fuzzer/workspace/iTrust2/target/classes/edu/ncsu/csc/itrust2/controllers/api/APIPasswordController.class], file [/var/lib/jenkins/jobs/iTrust_Fuzzer/workspace/iTrust2/target/classes/edu/ncsu/csc/itrust2/controllers/api/APIPatientController.class], file [/var/lib/jenkins/jobs/iTrust_Fuzzer/workspace/iTrust2/target/classes/edu/ncsu/csc/itrust2/controllers/api/APIPersonnelController.class], file [/var/lib/jenkins/jobs/iTrust_Fuzzer/workspace/iTrust2/target/classes/edu/ncsu/csc/itrust2/controllers/api/APIPrescriptionController.class], file [/var/lib/jenkins/jobs/iTrust_Fuzzer/workspace/iTrust2/target/classes/edu/ncsu/csc/itrust2/controllers/api/APIUserController.class], file [/var/lib/jenkins/jobs/iTrust_Fuzzer/workspace/iTrust2/target/classes/edu/ncsu/csc/itrust2/controllers/api/comm/LogEntryRequestBody.class], file [/var/lib/jenkins/jobs/iTrust_Fuzzer/workspace/iTrust2/target/classes/edu/ncsu/csc/itrust2/controllers/api/comm/LogEntryTableRow.class], file [/var/lib/jenkins/jobs/iTrust_Fuzzer/workspace/iTrust2/target/classes/edu/ncsu/csc/itrust2/controllers/hcp/AppointmentControllerHCP.class], file [/var/lib/jenkins/jobs/iTrust_Fuzzer/workspace/iTrust2/target/classes/edu/ncsu/csc/itrust2/controllers/hcp/HCPController.class], file [/var/lib/jenkins/jobs/iTrust_Fuzzer/workspace/iTrust2/target/classes/edu/ncsu/csc/itrust2/controllers/hcp/OfficeVisitController.class], file [/var/lib/jenkins/jobs/iTrust_Fuzzer/workspace/iTrust2/target/classes/edu/ncsu/csc/itrust2/controllers/patient/AppointmentController.class], file [/var/lib/jenkins/jobs/iTrust_Fuzzer/workspace/iTrust2/target/classes/edu/ncsu/csc/itrust2/controllers/patient/DiagnosesController.class], file [/var/lib/jenkins/jobs/iTrust_Fuzzer/workspace/iTrust2/target/classes/edu/ncsu/csc/itrust2/controllers/patient/PatientController.class], file [/var/lib/jenkins/jobs/iTrust_Fuzzer/workspace/iTrust2/target/classes/edu/ncsu/csc/itrust2/controllers/personnel/PasswordController.class], file [/var/lib/jenkins/jobs/iTrust_Fuzzer/workspace/iTrust2/target/classes/edu/ncsu/csc/itrust2/controllers/personnel/UserController.class]]
21:59:36.016 [main] DEBUG o.s.c.a.ClassPathBeanDefinitionScanner - Identified candidate component class: file [/var/lib/jenkins/jobs/iTrust_Fuzzer/workspace/iTrust2/target/classes/edu/ncsu/csc/itrust2/controllers/DefaultController.class]
21:59:36.016 [main] DEBUG o.s.c.a.ClassPathBeanDefinitionScanner - Identified candidate component class: file [/var/lib/jenkins/jobs/iTrust_Fuzzer/workspace/iTrust2/target/classes/edu/ncsu/csc/itrust2/controllers/admin/AdminController.class]
21:59:36.017 [main] DEBUG o.s.c.a.ClassPathBeanDefinitionScanner - Identified candidate component class: file [/var/lib/jenkins/jobs/iTrust_Fuzzer/workspace/iTrust2/target/classes/edu/ncsu/csc/itrust2/controllers/admin/AdminUserController.class]
21:59:36.017 [main] DEBUG o.s.c.a.ClassPathBeanDefinitionScanner - Identified candidate component class: file [/var/lib/jenkins/jobs/iTrust_Fuzzer/workspace/iTrust2/target/classes/edu/ncsu/csc/itrust2/controllers/admin/HospitalController.class]
21:59:36.017 [main] DEBUG o.s.c.a.ClassPathBeanDefinitionScanner - Identified candidate component class: file [/var/lib/jenkins/jobs/iTrust_Fuzzer/workspace/iTrust2/target/classes/edu/ncsu/csc/itrust2/controllers/admin/ICDCodesController.class]
21:59:36.018 [main] DEBUG o.s.c.a.ClassPathBeanDefinitionScanner - Identified candidate component class: file [/var/lib/jenkins/jobs/iTrust_Fuzzer/workspace/iTrust2/target/classes/edu/ncsu/csc/itrust2/controllers/api/APIAppointmentRequestController.class]
21:59:36.019 [main] DEBUG o.s.c.a.ClassPathBeanDefinitionScanner - Identified candidate component class: file [/var/lib/jenkins/jobs/iTrust_Fuzzer/workspace/iTrust2/target/classes/edu/ncsu/csc/itrust2/controllers/api/APIDiagnosisController.class]
21:59:36.019 [main] DEBUG o.s.c.a.ClassPathBeanDefinitionScanner - Identified candidate component class: file [/var/lib/jenkins/jobs/iTrust_Fuzzer/workspace/iTrust2/target/classes/edu/ncsu/csc/itrust2/controllers/api/APIDrugController.class]
21:59:36.020 [main] DEBUG o.s.c.a.ClassPathBeanDefinitionScanner - Identified candidate component class: file [/var/lib/jenkins/jobs/iTrust_Fuzzer/workspace/iTrust2/target/classes/edu/ncsu/csc/itrust2/controllers/api/APIEnumController.class]
21:59:36.020 [main] DEBUG o.s.c.a.ClassPathBeanDefinitionScanner - Identified candidate component class: file [/var/lib/jenkins/jobs/iTrust_Fuzzer/workspace/iTrust2/target/classes/edu/ncsu/csc/itrust2/controllers/api/APIHospitalController.class]
21:59:36.021 [main] DEBUG o.s.c.a.ClassPathBeanDefinitionScanner - Identified candidate component class: file [/var/lib/jenkins/jobs/iTrust_Fuzzer/workspace/iTrust2/target/classes/edu/ncsu/csc/itrust2/controllers/api/APIICDCodeController.class]
21:59:36.021 [main] DEBUG o.s.c.a.ClassPathBeanDefinitionScanner - Identified candidate component class: file [/var/lib/jenkins/jobs/iTrust_Fuzzer/workspace/iTrust2/target/classes/edu/ncsu/csc/itrust2/controllers/api/APILogEntryController.class]
21:59:36.022 [main] DEBUG o.s.c.a.ClassPathBeanDefinitionScanner - Identified candidate component class: file [/var/lib/jenkins/jobs/iTrust_Fuzzer/workspace/iTrust2/target/classes/edu/ncsu/csc/itrust2/controllers/api/APIOfficeVisitController.class]
21:59:36.022 [main] DEBUG o.s.c.a.ClassPathBeanDefinitionScanner - Identified candidate component class: file [/var/lib/jenkins/jobs/iTrust_Fuzzer/workspace/iTrust2/target/classes/edu/ncsu/csc/itrust2/controllers/api/APIPasswordController.class]
21:59:36.023 [main] DEBUG o.s.c.a.ClassPathBeanDefinitionScanner - Identified candidate component class: file [/var/lib/jenkins/jobs/iTrust_Fuzzer/workspace/iTrust2/target/classes/edu/ncsu/csc/itrust2/controllers/api/APIPatientController.class]
21:59:36.024 [main] DEBUG o.s.c.a.ClassPathBeanDefinitionScanner - Identified candidate component class: file [/var/lib/jenkins/jobs/iTrust_Fuzzer/workspace/iTrust2/target/classes/edu/ncsu/csc/itrust2/controllers/api/APIPersonnelController.class]
21:59:36.024 [main] DEBUG o.s.c.a.ClassPathBeanDefinitionScanner - Identified candidate component class: file [/var/lib/jenkins/jobs/iTrust_Fuzzer/workspace/iTrust2/target/classes/edu/ncsu/csc/itrust2/controllers/api/APIPrescriptionController.class]
21:59:36.025 [main] DEBUG o.s.c.a.ClassPathBeanDefinitionScanner - Identified candidate component class: file [/var/lib/jenkins/jobs/iTrust_Fuzzer/workspace/iTrust2/target/classes/edu/ncsu/csc/itrust2/controllers/api/APIUserController.class]
21:59:36.025 [main] DEBUG o.s.c.a.ClassPathBeanDefinitionScanner - Identified candidate component class: file [/var/lib/jenkins/jobs/iTrust_Fuzzer/workspace/iTrust2/target/classes/edu/ncsu/csc/itrust2/controllers/hcp/AppointmentControllerHCP.class]
21:59:36.026 [main] DEBUG o.s.c.a.ClassPathBeanDefinitionScanner - Identified candidate component class: file [/var/lib/jenkins/jobs/iTrust_Fuzzer/workspace/iTrust2/target/classes/edu/ncsu/csc/itrust2/controllers/hcp/HCPController.class]
21:59:36.026 [main] DEBUG o.s.c.a.ClassPathBeanDefinitionScanner - Identified candidate component class: file [/var/lib/jenkins/jobs/iTrust_Fuzzer/workspace/iTrust2/target/classes/edu/ncsu/csc/itrust2/controllers/hcp/OfficeVisitController.class]
21:59:36.027 [main] DEBUG o.s.c.a.ClassPathBeanDefinitionScanner - Identified candidate component class: file [/var/lib/jenkins/jobs/iTrust_Fuzzer/workspace/iTrust2/target/classes/edu/ncsu/csc/itrust2/controllers/patient/AppointmentController.class]
21:59:36.027 [main] DEBUG o.s.c.a.ClassPathBeanDefinitionScanner - Identified candidate component class: file [/var/lib/jenkins/jobs/iTrust_Fuzzer/workspace/iTrust2/target/classes/edu/ncsu/csc/itrust2/controllers/patient/DiagnosesController.class]
21:59:36.028 [main] DEBUG o.s.c.a.ClassPathBeanDefinitionScanner - Identified candidate component class: file [/var/lib/jenkins/jobs/iTrust_Fuzzer/workspace/iTrust2/target/classes/edu/ncsu/csc/itrust2/controllers/patient/PatientController.class]
21:59:36.028 [main] DEBUG o.s.c.a.ClassPathBeanDefinitionScanner - Identified candidate component class: file [/var/lib/jenkins/jobs/iTrust_Fuzzer/workspace/iTrust2/target/classes/edu/ncsu/csc/itrust2/controllers/personnel/PasswordController.class]
21:59:36.028 [main] DEBUG o.s.c.a.ClassPathBeanDefinitionScanner - Identified candidate component class: file [/var/lib/jenkins/jobs/iTrust_Fuzzer/workspace/iTrust2/target/classes/edu/ncsu/csc/itrust2/controllers/personnel/UserController.class]
21:59:36.029 [main] DEBUG o.s.c.i.s.PathMatchingResourcePatternResolver - Resolved classpath location [edu/ncsu/csc/itrust2/config/] to resources [URL [file:/var/lib/jenkins/jobs/iTrust_Fuzzer/workspace/iTrust2/target/classes/edu/ncsu/csc/itrust2/config/]]
21:59:36.029 [main] DEBUG o.s.c.i.s.PathMatchingResourcePatternResolver - Looking for matching resources in directory tree [/var/lib/jenkins/jobs/iTrust_Fuzzer/workspace/iTrust2/target/classes/edu/ncsu/csc/itrust2/config]
21:59:36.029 [main] DEBUG o.s.c.i.s.PathMatchingResourcePatternResolver - Searching directory [/var/lib/jenkins/jobs/iTrust_Fuzzer/workspace/iTrust2/target/classes/edu/ncsu/csc/itrust2/config] for files matching pattern [/var/lib/jenkins/jobs/iTrust_Fuzzer/workspace/iTrust2/target/classes/edu/ncsu/csc/itrust2/config/**/*.class]
21:59:36.030 [main] DEBUG o.s.c.i.s.PathMatchingResourcePatternResolver - Resolved location pattern [classpath*:edu/ncsu/csc/itrust2/config/**/*.class] to resources [file [/var/lib/jenkins/jobs/iTrust_Fuzzer/workspace/iTrust2/target/classes/edu/ncsu/csc/itrust2/config/ContextListener.class], file [/var/lib/jenkins/jobs/iTrust_Fuzzer/workspace/iTrust2/target/classes/edu/ncsu/csc/itrust2/config/DataConfiguration.class], file [/var/lib/jenkins/jobs/iTrust_Fuzzer/workspace/iTrust2/target/classes/edu/ncsu/csc/itrust2/config/FailureHandler.class], file [/var/lib/jenkins/jobs/iTrust_Fuzzer/workspace/iTrust2/target/classes/edu/ncsu/csc/itrust2/config/IPFilter.class], file [/var/lib/jenkins/jobs/iTrust_Fuzzer/workspace/iTrust2/target/classes/edu/ncsu/csc/itrust2/config/ITrust2ApplicationInitializer.class], file [/var/lib/jenkins/jobs/iTrust_Fuzzer/workspace/iTrust2/target/classes/edu/ncsu/csc/itrust2/config/ITrust2WebApplicationInitializer.class], file [/var/lib/jenkins/jobs/iTrust_Fuzzer/workspace/iTrust2/target/classes/edu/ncsu/csc/itrust2/config/LoginAuditingListener.class], file [/var/lib/jenkins/jobs/iTrust_Fuzzer/workspace/iTrust2/target/classes/edu/ncsu/csc/itrust2/config/RootConfiguration.class], file [/var/lib/jenkins/jobs/iTrust_Fuzzer/workspace/iTrust2/target/classes/edu/ncsu/csc/itrust2/config/SecurityConfig.class]]
21:59:36.030 [main] DEBUG o.s.c.a.ClassPathBeanDefinitionScanner - Identified candidate component class: file [/var/lib/jenkins/jobs/iTrust_Fuzzer/workspace/iTrust2/target/classes/edu/ncsu/csc/itrust2/config/DataConfiguration.class]
21:59:36.030 [main] DEBUG o.s.c.a.ClassPathBeanDefinitionScanner - Identified candidate component class: file [/var/lib/jenkins/jobs/iTrust_Fuzzer/workspace/iTrust2/target/classes/edu/ncsu/csc/itrust2/config/LoginAuditingListener.class]
21:59:36.031 [main] DEBUG o.s.c.a.ClassPathBeanDefinitionScanner - Identified candidate component class: file [/var/lib/jenkins/jobs/iTrust_Fuzzer/workspace/iTrust2/target/classes/edu/ncsu/csc/itrust2/config/RootConfiguration.class]
21:59:36.031 [main] DEBUG o.s.c.a.ClassPathBeanDefinitionScanner - Identified candidate component class: file [/var/lib/jenkins/jobs/iTrust_Fuzzer/workspace/iTrust2/target/classes/edu/ncsu/csc/itrust2/config/SecurityConfig.class]
21:59:36.054 [main] DEBUG o.s.c.a.ConfigurationClassBeanDefinitionReader - Registering bean definition for @Bean method edu.ncsu.csc.itrust2.config.DataConfiguration.dataSource()
21:59:36.054 [main] DEBUG o.s.c.a.ConfigurationClassBeanDefinitionReader - Registered bean definition for imported class &apos;org.springframework.security.config.annotation.configuration.ObjectPostProcessorConfiguration&apos;
21:59:36.054 [main] DEBUG o.s.c.a.ConfigurationClassBeanDefinitionReader - Registering bean definition for @Bean method org.springframework.security.config.annotation.configuration.ObjectPostProcessorConfiguration.objectPostProcessor()
21:59:36.055 [main] DEBUG o.s.c.a.ConfigurationClassBeanDefinitionReader - Registered bean definition for imported class &apos;org.springframework.security.config.annotation.authentication.configuration.AuthenticationConfiguration&apos;
21:59:36.055 [main] DEBUG o.s.c.a.ConfigurationClassBeanDefinitionReader - Registering bean definition for @Bean method org.springframework.security.config.annotation.authentication.configuration.AuthenticationConfiguration.authenticationManagerBuilder()
21:59:36.055 [main] DEBUG o.s.c.a.ConfigurationClassBeanDefinitionReader - Registering bean definition for @Bean method org.springframework.security.config.annotation.authentication.configuration.AuthenticationConfiguration.enableGlobalAuthenticationAutowiredConfigurer()
21:59:36.055 [main] DEBUG o.s.c.a.ConfigurationClassBeanDefinitionReader - Registering bean definition for @Bean method org.springframework.security.config.annotation.authentication.configuration.AuthenticationConfiguration.initializeUserDetailsBeanManagerConfigurer()
21:59:36.055 [main] DEBUG o.s.c.a.ConfigurationClassBeanDefinitionReader - Registering bean definition for @Bean method org.springframework.security.config.annotation.authentication.configuration.AuthenticationConfiguration.initializeAuthenticationProviderBeanManagerConfigurer()
21:59:36.055 [main] DEBUG o.s.c.a.ConfigurationClassBeanDefinitionReader - Registered bean definition for imported class &apos;org.springframework.security.config.annotation.web.configuration.WebSecurityConfiguration&apos;
21:59:36.055 [main] DEBUG o.s.c.a.ConfigurationClassBeanDefinitionReader - Registering bean definition for @Bean method org.springframework.security.config.annotation.web.configuration.WebSecurityConfiguration.delegatingApplicationListener()
21:59:36.055 [main] DEBUG o.s.c.a.ConfigurationClassBeanDefinitionReader - Registering bean definition for @Bean method org.springframework.security.config.annotation.web.configuration.WebSecurityConfiguration.webSecurityExpressionHandler()
21:59:36.055 [main] DEBUG o.s.c.a.ConfigurationClassBeanDefinitionReader - Registering bean definition for @Bean method org.springframework.security.config.annotation.web.configuration.WebSecurityConfiguration.springSecurityFilterChain()
21:59:36.055 [main] DEBUG o.s.c.a.ConfigurationClassBeanDefinitionReader - Registering bean definition for @Bean method org.springframework.security.config.annotation.web.configuration.WebSecurityConfiguration.privilegeEvaluator()
21:59:36.055 [main] DEBUG o.s.c.a.ConfigurationClassBeanDefinitionReader - Registering bean definition for @Bean method org.springframework.security.config.annotation.web.configuration.WebSecurityConfiguration.autowiredWebSecurityConfigurersIgnoreParents()
21:59:36.055 [main] DEBUG o.s.c.a.ConfigurationClassBeanDefinitionReader - Registered bean definition for imported class &apos;org.springframework.security.config.annotation.web.configuration.WebMvcSecurityConfiguration&apos;
21:59:36.055 [main] DEBUG o.s.c.a.ConfigurationClassBeanDefinitionReader - Registering bean definition for @Bean method org.springframework.security.config.annotation.web.configuration.WebMvcSecurityConfiguration.requestDataValueProcessor()
21:59:36.055 [main] DEBUG o.s.c.a.ConfigurationClassBeanDefinitionReader - Registering bean definition for @Bean method edu.ncsu.csc.itrust2.config.SecurityConfig.passwordEncoder()
21:59:36.055 [main] DEBUG o.s.c.a.ConfigurationClassBeanDefinitionReader - Registering bean definition for @Bean method edu.ncsu.csc.itrust2.config.SecurityConfig.defaultAuthenticationEventPublisher()
21:59:36.056 [main] DEBUG o.s.c.a.ConfigurationClassBeanDefinitionReader - Registering bean definition for @Bean method edu.ncsu.csc.itrust2.config.SecurityConfig.failureHandler()
21:59:36.056 [main] DEBUG o.s.c.a.ConfigurationClassBeanDefinitionReader - Registering bean definition for @Bean method edu.ncsu.csc.itrust2.config.SecurityConfig.ipBlockFilter()
21:59:36.056 [main] DEBUG o.s.c.a.ConfigurationClassBeanDefinitionReader - Registered bean definition for imported class &apos;org.springframework.web.servlet.config.annotation.DelegatingWebMvcConfiguration&apos;
21:59:36.056 [main] DEBUG o.s.c.a.ConfigurationClassBeanDefinitionReader - Registering bean definition for @Bean method org.springframework.web.servlet.config.annotation.DelegatingWebMvcConfiguration.mvcConversionService()
21:59:36.056 [main] DEBUG o.s.c.a.ConfigurationClassBeanDefinitionReader - Registering bean definition for @Bean method org.springframework.web.servlet.config.annotation.DelegatingWebMvcConfiguration.requestMappingHandlerMapping()
21:59:36.056 [main] DEBUG o.s.c.a.ConfigurationClassBeanDefinitionReader - Registering bean definition for @Bean method org.springframework.web.servlet.config.annotation.DelegatingWebMvcConfiguration.mvcPathMatcher()
21:59:36.056 [main] DEBUG o.s.c.a.ConfigurationClassBeanDefinitionReader - Registering bean definition for @Bean method org.springframework.web.servlet.config.annotation.DelegatingWebMvcConfiguration.mvcUrlPathHelper()
21:59:36.056 [main] DEBUG o.s.c.a.ConfigurationClassBeanDefinitionReader - Registering bean definition for @Bean method org.springframework.web.servlet.config.annotation.DelegatingWebMvcConfiguration.mvcContentNegotiationManager()
21:59:36.056 [main] DEBUG o.s.c.a.ConfigurationClassBeanDefinitionReader - Registering bean definition for @Bean method org.springframework.web.servlet.config.annotation.DelegatingWebMvcConfiguration.viewControllerHandlerMapping()
21:59:36.057 [main] DEBUG o.s.c.a.ConfigurationClassBeanDefinitionReader - Registering bean definition for @Bean method org.springframework.web.servlet.config.annotation.DelegatingWebMvcConfiguration.beanNameHandlerMapping()
21:59:36.057 [main] DEBUG o.s.c.a.ConfigurationClassBeanDefinitionReader - Registering bean definition for @Bean method org.springframework.web.servlet.config.annotation.DelegatingWebMvcConfiguration.resourceHandlerMapping()
21:59:36.057 [main] DEBUG o.s.c.a.ConfigurationClassBeanDefinitionReader - Registering bean definition for @Bean method org.springframework.web.servlet.config.annotation.DelegatingWebMvcConfiguration.mvcResourceUrlProvider()
21:59:36.057 [main] DEBUG o.s.c.a.ConfigurationClassBeanDefinitionReader - Registering bean definition for @Bean method org.springframework.web.servlet.config.annotation.DelegatingWebMvcConfiguration.defaultServletHandlerMapping()
21:59:36.057 [main] DEBUG o.s.c.a.ConfigurationClassBeanDefinitionReader - Registering bean definition for @Bean method org.springframework.web.servlet.config.annotation.DelegatingWebMvcConfiguration.requestMappingHandlerAdapter()
21:59:36.057 [main] DEBUG o.s.c.a.ConfigurationClassBeanDefinitionReader - Registering bean definition for @Bean method org.springframework.web.servlet.config.annotation.DelegatingWebMvcConfiguration.mvcValidator()
21:59:36.058 [main] DEBUG o.s.c.a.ConfigurationClassBeanDefinitionReader - Registering bean definition for @Bean method org.springframework.web.servlet.config.annotation.DelegatingWebMvcConfiguration.mvcUriComponentsContributor()
21:59:36.058 [main] DEBUG o.s.c.a.ConfigurationClassBeanDefinitionReader - Registering bean definition for @Bean method org.springframework.web.servlet.config.annotation.DelegatingWebMvcConfiguration.httpRequestHandlerAdapter()
21:59:36.058 [main] DEBUG o.s.c.a.ConfigurationClassBeanDefinitionReader - Registering bean definition for @Bean method org.springframework.web.servlet.config.annotation.DelegatingWebMvcConfiguration.simpleControllerHandlerAdapter()
21:59:36.058 [main] DEBUG o.s.c.a.ConfigurationClassBeanDefinitionReader - Registering bean definition for @Bean method org.springframework.web.servlet.config.annotation.DelegatingWebMvcConfiguration.handlerExceptionResolver()
21:59:36.058 [main] DEBUG o.s.c.a.ConfigurationClassBeanDefinitionReader - Registering bean definition for @Bean method org.springframework.web.servlet.config.annotation.DelegatingWebMvcConfiguration.mvcViewResolver()
21:59:36.058 [main] DEBUG o.s.c.a.ConfigurationClassBeanDefinitionReader - Registered bean definition for imported class &apos;org.springframework.security.config.annotation.method.configuration.GlobalMethodSecurityConfiguration&apos;
21:59:36.058 [main] DEBUG o.s.c.a.ConfigurationClassBeanDefinitionReader - Registering bean definition for @Bean method org.springframework.security.config.annotation.method.configuration.GlobalMethodSecurityConfiguration.methodSecurityInterceptor()
21:59:36.058 [main] DEBUG o.s.c.a.ConfigurationClassBeanDefinitionReader - Registering bean definition for @Bean method org.springframework.security.config.annotation.method.configuration.GlobalMethodSecurityConfiguration.methodSecurityMetadataSource()
21:59:36.058 [main] DEBUG o.s.c.a.ConfigurationClassBeanDefinitionReader - Registering bean definition for @Bean method org.springframework.security.config.annotation.method.configuration.GlobalMethodSecurityConfiguration.preInvocationAuthorizationAdvice()
21:59:36.058 [main] DEBUG o.s.c.a.ConfigurationClassBeanDefinitionReader - Registering bean definition for @Bean method edu.ncsu.csc.itrust2.mvc.config.WebMvcConfiguration.viewResolver()
21:59:36.058 [main] DEBUG o.s.c.a.ConfigurationClassBeanDefinitionReader - Registering bean definition for @Bean method edu.ncsu.csc.itrust2.mvc.config.WebMvcConfiguration.templateEngine()
21:59:36.059 [main] DEBUG o.s.c.a.ConfigurationClassBeanDefinitionReader - Registering bean definition for @Bean method edu.ncsu.csc.itrust2.mvc.config.WebMvcConfiguration.domainClassConverter()
21:59:36.062 [main] DEBUG o.s.c.a.ConfigurationClassEnhancer - Successfully enhanced edu.ncsu.csc.itrust2.config.RootConfiguration; enhanced class name is: edu.ncsu.csc.itrust2.config.RootConfiguration$$EnhancerBySpringCGLIB$$c1d00685
21:59:36.062 [main] DEBUG o.s.c.a.ConfigurationClassPostProcessor - Replacing bean definition &apos;rootConfiguration&apos; existing class &apos;edu.ncsu.csc.itrust2.config.RootConfiguration&apos; with enhanced class &apos;edu.ncsu.csc.itrust2.config.RootConfiguration$$EnhancerBySpringCGLIB$$c1d00685&apos;
21:59:36.062 [main] DEBUG o.s.c.a.ConfigurationClassEnhancer - Successfully enhanced edu.ncsu.csc.itrust2.mvc.config.WebMvcConfiguration; enhanced class name is: edu.ncsu.csc.itrust2.mvc.config.WebMvcConfiguration$$EnhancerBySpringCGLIB$$de7b09d5
21:59:36.062 [main] DEBUG o.s.c.a.ConfigurationClassPostProcessor - Replacing bean definition &apos;webMvcConfiguration&apos; existing class &apos;edu.ncsu.csc.itrust2.mvc.config.WebMvcConfiguration&apos; with enhanced class &apos;edu.ncsu.csc.itrust2.mvc.config.WebMvcConfiguration$$EnhancerBySpringCGLIB$$de7b09d5&apos;
21:59:36.062 [main] DEBUG o.s.c.a.ConfigurationClassEnhancer - Successfully enhanced edu.ncsu.csc.itrust2.config.DataConfiguration; enhanced class name is: edu.ncsu.csc.itrust2.config.DataConfiguration$$EnhancerBySpringCGLIB$$60f4bbd
21:59:36.062 [main] DEBUG o.s.c.a.ConfigurationClassPostProcessor - Replacing bean definition &apos;dataConfiguration&apos; existing class &apos;edu.ncsu.csc.itrust2.config.DataConfiguration&apos; with enhanced class &apos;edu.ncsu.csc.itrust2.config.DataConfiguration$$EnhancerBySpringCGLIB$$60f4bbd&apos;
21:59:36.062 [main] DEBUG o.s.c.a.ConfigurationClassEnhancer - Successfully enhanced edu.ncsu.csc.itrust2.config.SecurityConfig; enhanced class name is: edu.ncsu.csc.itrust2.config.SecurityConfig$$EnhancerBySpringCGLIB$$f88fd361
21:59:36.062 [main] DEBUG o.s.c.a.ConfigurationClassPostProcessor - Replacing bean definition &apos;securityConfig&apos; existing class &apos;edu.ncsu.csc.itrust2.config.SecurityConfig&apos; with enhanced class &apos;edu.ncsu.csc.itrust2.config.SecurityConfig$$EnhancerBySpringCGLIB$$f88fd361&apos;
21:59:36.062 [main] DEBUG o.s.c.a.ConfigurationClassEnhancer - Successfully enhanced org.springframework.security.config.annotation.configuration.ObjectPostProcessorConfiguration; enhanced class name is: org.springframework.security.config.annotation.configuration.ObjectPostProcessorConfiguration$$EnhancerBySpringCGLIB$$6851d2d
21:59:36.062 [main] DEBUG o.s.c.a.ConfigurationClassPostProcessor - Replacing bean definition &apos;org.springframework.security.config.annotation.configuration.ObjectPostProcessorConfiguration&apos; existing class &apos;org.springframework.security.config.annotation.configuration.ObjectPostProcessorConfiguration&apos; with enhanced class &apos;org.springframework.security.config.annotation.configuration.ObjectPostProcessorConfiguration$$EnhancerBySpringCGLIB$$6851d2d&apos;
21:59:36.062 [main] DEBUG o.s.c.a.ConfigurationClassEnhancer - Successfully enhanced org.springframework.security.config.annotation.authentication.configuration.AuthenticationConfiguration; enhanced class name is: org.springframework.security.config.annotation.authentication.configuration.AuthenticationConfiguration$$EnhancerBySpringCGLIB$$524e27a2
21:59:36.062 [main] DEBUG o.s.c.a.ConfigurationClassPostProcessor - Replacing bean definition &apos;org.springframework.security.config.annotation.authentication.configuration.AuthenticationConfiguration&apos; existing class &apos;org.springframework.security.config.annotation.authentication.configuration.AuthenticationConfiguration&apos; with enhanced class &apos;org.springframework.security.config.annotation.authentication.configuration.AuthenticationConfiguration$$EnhancerBySpringCGLIB$$524e27a2&apos;
21:59:36.062 [main] DEBUG o.s.c.a.ConfigurationClassEnhancer - Successfully enhanced org.springframework.security.config.annotation.authentication.configuration.AuthenticationConfiguration; enhanced class name is: org.springframework.security.config.annotation.authentication.configuration.AuthenticationConfiguration$$EnhancerBySpringCGLIB$$524e27a2
21:59:36.062 [main] DEBUG o.s.c.a.ConfigurationClassPostProcessor - Replacing bean definition &apos;enableGlobalAuthenticationAutowiredConfigurer&apos; existing class &apos;org.springframework.security.config.annotation.authentication.configuration.AuthenticationConfiguration&apos; with enhanced class &apos;org.springframework.security.config.annotation.authentication.configuration.AuthenticationConfiguration$$EnhancerBySpringCGLIB$$524e27a2&apos;
21:59:36.062 [main] DEBUG o.s.c.a.ConfigurationClassEnhancer - Successfully enhanced org.springframework.security.config.annotation.authentication.configuration.AuthenticationConfiguration; enhanced class name is: org.springframework.security.config.annotation.authentication.configuration.AuthenticationConfiguration$$EnhancerBySpringCGLIB$$524e27a2
21:59:36.062 [main] DEBUG o.s.c.a.ConfigurationClassPostProcessor - Replacing bean definition &apos;initializeUserDetailsBeanManagerConfigurer&apos; existing class &apos;org.springframework.security.config.annotation.authentication.configuration.AuthenticationConfiguration&apos; with enhanced class &apos;org.springframework.security.config.annotation.authentication.configuration.AuthenticationConfiguration$$EnhancerBySpringCGLIB$$524e27a2&apos;
21:59:36.062 [main] DEBUG o.s.c.a.ConfigurationClassEnhancer - Successfully enhanced org.springframework.security.config.annotation.authentication.configuration.AuthenticationConfiguration; enhanced class name is: org.springframework.security.config.annotation.authentication.configuration.AuthenticationConfiguration$$EnhancerBySpringCGLIB$$524e27a2
21:59:36.062 [main] DEBUG o.s.c.a.ConfigurationClassPostProcessor - Replacing bean definition &apos;initializeAuthenticationProviderBeanManagerConfigurer&apos; existing class &apos;org.springframework.security.config.annotation.authentication.configuration.AuthenticationConfiguration&apos; with enhanced class &apos;org.springframework.security.config.annotation.authentication.configuration.AuthenticationConfiguration$$EnhancerBySpringCGLIB$$524e27a2&apos;
21:59:36.062 [main] DEBUG o.s.c.a.ConfigurationClassEnhancer - Successfully enhanced org.springframework.security.config.annotation.web.configuration.WebSecurityConfiguration; enhanced class name is: org.springframework.security.config.annotation.web.configuration.WebSecurityConfiguration$$EnhancerBySpringCGLIB$$150881e6
21:59:36.062 [main] DEBUG o.s.c.a.ConfigurationClassPostProcessor - Replacing bean definition &apos;org.springframework.security.config.annotation.web.configuration.WebSecurityConfiguration&apos; existing class &apos;org.springframework.security.config.annotation.web.configuration.WebSecurityConfiguration&apos; with enhanced class &apos;org.springframework.security.config.annotation.web.configuration.WebSecurityConfiguration$$EnhancerBySpringCGLIB$$150881e6&apos;
21:59:36.062 [main] DEBUG o.s.c.a.ConfigurationClassEnhancer - Successfully enhanced org.springframework.security.config.annotation.web.configuration.WebSecurityConfiguration; enhanced class name is: org.springframework.security.config.annotation.web.configuration.WebSecurityConfiguration$$EnhancerBySpringCGLIB$$150881e6
21:59:36.062 [main] DEBUG o.s.c.a.ConfigurationClassPostProcessor - Replacing bean definition &apos;delegatingApplicationListener&apos; existing class &apos;org.springframework.security.config.annotation.web.configuration.WebSecurityConfiguration&apos; with enhanced class &apos;org.springframework.security.config.annotation.web.configuration.WebSecurityConfiguration$$EnhancerBySpringCGLIB$$150881e6&apos;
21:59:36.062 [main] DEBUG o.s.c.a.ConfigurationClassEnhancer - Successfully enhanced org.springframework.web.servlet.config.annotation.DelegatingWebMvcConfiguration; enhanced class name is: org.springframework.web.servlet.config.annotation.DelegatingWebMvcConfiguration$$EnhancerBySpringCGLIB$$32983a29
21:59:36.062 [main] DEBUG o.s.c.a.ConfigurationClassPostProcessor - Replacing bean definition &apos;org.springframework.web.servlet.config.annotation.DelegatingWebMvcConfiguration&apos; existing class &apos;org.springframework.web.servlet.config.annotation.DelegatingWebMvcConfiguration&apos; with enhanced class &apos;org.springframework.web.servlet.config.annotation.DelegatingWebMvcConfiguration$$EnhancerBySpringCGLIB$$32983a29&apos;
21:59:36.062 [main] DEBUG o.s.c.a.ConfigurationClassEnhancer - Successfully enhanced org.springframework.security.config.annotation.method.configuration.GlobalMethodSecurityConfiguration; enhanced class name is: org.springframework.security.config.annotation.method.configuration.GlobalMethodSecurityConfiguration$$EnhancerBySpringCGLIB$$2b59bfdf
21:59:36.062 [main] DEBUG o.s.c.a.ConfigurationClassPostProcessor - Replacing bean definition &apos;org.springframework.security.config.annotation.method.configuration.GlobalMethodSecurityConfiguration&apos; existing class &apos;org.springframework.security.config.annotation.method.configuration.GlobalMethodSecurityConfiguration&apos; with enhanced class &apos;org.springframework.security.config.annotation.method.configuration.GlobalMethodSecurityConfiguration$$EnhancerBySpringCGLIB$$2b59bfdf&apos;
21:59:36.064 [main] DEBUG o.s.b.f.s.DefaultListableBeanFactory - Creating shared instance of singleton bean &apos;org.springframework.context.annotation.internalAutowiredAnnotationProcessor&apos;
21:59:36.064 [main] DEBUG o.s.b.f.s.DefaultListableBeanFactory - Creating instance of bean &apos;org.springframework.context.annotation.internalAutowiredAnnotationProcessor&apos;
21:59:36.065 [main] DEBUG o.s.b.f.s.DefaultListableBeanFactory - Eagerly caching bean &apos;org.springframework.context.annotation.internalAutowiredAnnotationProcessor&apos; to allow for resolving potential circular references
21:59:36.066 [main] DEBUG o.s.b.f.s.DefaultListableBeanFactory - Finished creating instance of bean &apos;org.springframework.context.annotation.internalAutowiredAnnotationProcessor&apos;
21:59:36.066 [main] DEBUG o.s.b.f.s.DefaultListableBeanFactory - Creating shared instance of singleton bean &apos;org.springframework.context.annotation.internalRequiredAnnotationProcessor&apos;
21:59:36.066 [main] DEBUG o.s.b.f.s.DefaultListableBeanFactory - Creating instance of bean &apos;org.springframework.context.annotation.internalRequiredAnnotationProcessor&apos;
21:59:36.067 [main] DEBUG o.s.b.f.s.DefaultListableBeanFactory - Eagerly caching bean &apos;org.springframework.context.annotation.internalRequiredAnnotationProcessor&apos; to allow for resolving potential circular references
21:59:36.068 [main] DEBUG o.s.b.f.s.DefaultListableBeanFactory - Finished creating instance of bean &apos;org.springframework.context.annotation.internalRequiredAnnotationProcessor&apos;
21:59:36.068 [main] DEBUG o.s.b.f.s.DefaultListableBeanFactory - Creating shared instance of singleton bean &apos;org.springframework.context.annotation.internalCommonAnnotationProcessor&apos;
21:59:36.068 [main] DEBUG o.s.b.f.s.DefaultListableBeanFactory - Creating instance of bean &apos;org.springframework.context.annotation.internalCommonAnnotationProcessor&apos;
21:59:36.069 [main] DEBUG o.s.b.f.s.DefaultListableBeanFactory - Eagerly caching bean &apos;org.springframework.context.annotation.internalCommonAnnotationProcessor&apos; to allow for resolving potential circular references
21:59:36.071 [main] DEBUG o.s.b.f.s.DefaultListableBeanFactory - Finished creating instance of bean &apos;org.springframework.context.annotation.internalCommonAnnotationProcessor&apos;
21:59:36.071 [main] DEBUG o.s.b.f.s.DefaultListableBeanFactory - Creating shared instance of singleton bean &apos;org.springframework.context.annotation.internalPersistenceAnnotationProcessor&apos;
21:59:36.071 [main] DEBUG o.s.b.f.s.DefaultListableBeanFactory - Creating instance of bean &apos;org.springframework.context.annotation.internalPersistenceAnnotationProcessor&apos;
21:59:36.071 [main] DEBUG o.s.b.f.s.DefaultListableBeanFactory - Eagerly caching bean &apos;org.springframework.context.annotation.internalPersistenceAnnotationProcessor&apos; to allow for resolving potential circular references
21:59:36.073 [main] DEBUG o.s.b.f.s.DefaultListableBeanFactory - Finished creating instance of bean &apos;org.springframework.context.annotation.internalPersistenceAnnotationProcessor&apos;
21:59:36.073 [main] DEBUG o.s.b.f.s.DefaultListableBeanFactory - Creating shared instance of singleton bean &apos;org.springframework.aop.config.internalAutoProxyCreator&apos;
21:59:36.073 [main] DEBUG o.s.b.f.s.DefaultListableBeanFactory - Creating instance of bean &apos;org.springframework.aop.config.internalAutoProxyCreator&apos;
21:59:36.073 [main] DEBUG o.s.b.f.s.DefaultListableBeanFactory - Eagerly caching bean &apos;org.springframework.aop.config.internalAutoProxyCreator&apos; to allow for resolving potential circular references
21:59:36.076 [main] DEBUG o.s.b.f.s.DefaultListableBeanFactory - Finished creating instance of bean &apos;org.springframework.aop.config.internalAutoProxyCreator&apos;
21:59:36.076 [main] DEBUG o.s.w.c.s.GenericWebApplicationContext - Unable to locate MessageSource with name &apos;messageSource&apos;: using default [org.springframework.context.support.DelegatingMessageSource@e57c95]
21:59:36.076 [main] DEBUG o.s.w.c.s.GenericWebApplicationContext - Unable to locate ApplicationEventMulticaster with name &apos;applicationEventMulticaster&apos;: using default [org.springframework.context.event.SimpleApplicationEventMulticaster@7d6d120b]
21:59:36.076 [main] DEBUG o.s.u.c.s.UiApplicationContextUtils - Unable to locate ThemeSource with name &apos;themeSource&apos;: using default [org.springframework.ui.context.support.ResourceBundleThemeSource@2369db96]
21:59:36.077 [main] DEBUG o.s.b.f.s.DefaultListableBeanFactory - Pre-instantiating singletons in org.springframework.beans.factory.support.DefaultListableBeanFactory@2339b8f6: defining beans [org.springframework.context.annotation.internalConfigurationAnnotationProcessor,org.springframework.context.annotation.internalAutowiredAnnotationProcessor,org.springframework.context.annotation.internalRequiredAnnotationProcessor,org.springframework.context.annotation.internalCommonAnnotationProcessor,org.springfr
...[truncated 190218 chars]...
tring edu.ncsu.csc.itrust2.controllers.patient.PatientController.viewDemographics(org.springframework.ui.Model)]] with attributes [[authorize: &apos;hasRole(&apos;ROLE_PATIENT&apos;)&apos;, filter: &apos;null&apos;, filterTarget: &apos;null&apos;]]
21:59:36.377 [main] DEBUG o.s.aop.framework.CglibAopProxy - Unable to apply any optimisations to advised method: public java.lang.String edu.ncsu.csc.itrust2.controllers.patient.PatientController.viewDemographics(org.springframework.ui.Model)
21:59:36.377 [main] DEBUG o.s.s.a.p.PrePostAnnotationSecurityMetadataSource - @org.springframework.security.access.prepost.PreAuthorize(value=hasRole(&apos;ROLE_PATIENT&apos;)) found on specific method: public java.lang.String edu.ncsu.csc.itrust2.controllers.patient.PatientController.demographicsSubmit(edu.ncsu.csc.itrust2.forms.hcp_patient.PatientForm,org.springframework.validation.BindingResult,org.springframework.ui.Model)
21:59:36.377 [main] DEBUG o.s.s.a.m.DelegatingMethodSecurityMetadataSource - Caching method [CacheKey[edu.ncsu.csc.itrust2.controllers.patient.PatientController; public java.lang.String edu.ncsu.csc.itrust2.controllers.patient.PatientController.demographicsSubmit(edu.ncsu.csc.itrust2.forms.hcp_patient.PatientForm,org.springframework.validation.BindingResult,org.springframework.ui.Model)]] with attributes [[authorize: &apos;hasRole(&apos;ROLE_PATIENT&apos;)&apos;, filter: &apos;null&apos;, filterTarget: &apos;null&apos;]]
21:59:36.377 [main] DEBUG o.s.aop.framework.CglibAopProxy - Unable to apply any optimisations to advised method: public java.lang.String edu.ncsu.csc.itrust2.controllers.patient.PatientController.demographicsSubmit(edu.ncsu.csc.itrust2.forms.hcp_patient.PatientForm,org.springframework.validation.BindingResult,org.springframework.ui.Model)
21:59:36.377 [main] DEBUG o.s.s.a.p.PrePostAnnotationSecurityMetadataSource - @org.springframework.security.access.prepost.PreAuthorize(value=hasRole(&apos;ROLE_PATIENT&apos;)) found on specific method: public java.lang.String edu.ncsu.csc.itrust2.controllers.patient.PatientController.index(org.springframework.ui.Model)
21:59:36.377 [main] DEBUG o.s.s.a.m.DelegatingMethodSecurityMetadataSource - Caching method [CacheKey[edu.ncsu.csc.itrust2.controllers.patient.PatientController; public java.lang.String edu.ncsu.csc.itrust2.controllers.patient.PatientController.index(org.springframework.ui.Model)]] with attributes [[authorize: &apos;hasRole(&apos;ROLE_PATIENT&apos;)&apos;, filter: &apos;null&apos;, filterTarget: &apos;null&apos;]]
21:59:36.377 [main] DEBUG o.s.aop.framework.CglibAopProxy - Unable to apply any optimisations to advised method: public java.lang.String edu.ncsu.csc.itrust2.controllers.patient.PatientController.index(org.springframework.ui.Model)
21:59:36.377 [main] DEBUG o.s.aop.framework.CglibAopProxy - Found &apos;equals&apos; method: public boolean java.lang.Object.equals(java.lang.Object)
21:59:36.377 [main] DEBUG o.s.aop.framework.CglibAopProxy - Unable to apply any optimisations to advised method: public java.lang.String java.lang.Object.toString()
21:59:36.377 [main] DEBUG o.s.aop.framework.CglibAopProxy - Found &apos;hashCode&apos; method: public native int java.lang.Object.hashCode()
21:59:36.377 [main] DEBUG o.s.aop.framework.CglibAopProxy - Unable to apply any optimisations to advised method: protected native java.lang.Object java.lang.Object.clone() throws java.lang.CloneNotSupportedException
21:59:36.377 [main] DEBUG o.s.aop.framework.CglibAopProxy - Method is declared on Advised interface: public abstract void org.springframework.aop.framework.Advised.setTargetSource(org.springframework.aop.TargetSource)
21:59:36.377 [main] DEBUG o.s.aop.framework.CglibAopProxy - Method is declared on Advised interface: public abstract org.springframework.aop.TargetSource org.springframework.aop.framework.Advised.getTargetSource()
21:59:36.377 [main] DEBUG o.s.aop.framework.CglibAopProxy - Method is declared on Advised interface: public abstract boolean org.springframework.aop.framework.Advised.isProxyTargetClass()
21:59:36.377 [main] DEBUG o.s.aop.framework.CglibAopProxy - Method is declared on Advised interface: public abstract void org.springframework.aop.framework.Advised.addAdvisor(org.springframework.aop.Advisor) throws org.springframework.aop.framework.AopConfigException
21:59:36.377 [main] DEBUG o.s.aop.framework.CglibAopProxy - Method is declared on Advised interface: public abstract void org.springframework.aop.framework.Advised.addAdvisor(int,org.springframework.aop.Advisor) throws org.springframework.aop.framework.AopConfigException
21:59:36.377 [main] DEBUG o.s.aop.framework.CglibAopProxy - Method is declared on Advised interface: public abstract void org.springframework.aop.framework.Advised.setPreFiltered(boolean)
21:59:36.377 [main] DEBUG o.s.aop.framework.CglibAopProxy - Method is declared on Advised interface: public abstract void org.springframework.aop.framework.Advised.setExposeProxy(boolean)
21:59:36.377 [main] DEBUG o.s.aop.framework.CglibAopProxy - Method is declared on Advised interface: public abstract boolean org.springframework.aop.framework.Advised.isExposeProxy()
21:59:36.377 [main] DEBUG o.s.aop.framework.CglibAopProxy - Method is declared on Advised interface: public abstract boolean org.springframework.aop.framework.Advised.isPreFiltered()
21:59:36.377 [main] DEBUG o.s.aop.framework.CglibAopProxy - Method is declared on Advised interface: public abstract java.lang.Class[] org.springframework.aop.framework.Advised.getProxiedInterfaces()
21:59:36.377 [main] DEBUG o.s.aop.framework.CglibAopProxy - Method is declared on Advised interface: public abstract boolean org.springframework.aop.framework.Advised.isInterfaceProxied(java.lang.Class)
21:59:36.377 [main] DEBUG o.s.aop.framework.CglibAopProxy - Method is declared on Advised interface: public abstract org.springframework.aop.Advisor[] org.springframework.aop.framework.Advised.getAdvisors()
21:59:36.377 [main] DEBUG o.s.aop.framework.CglibAopProxy - Method is declared on Advised interface: public abstract void org.springframework.aop.framework.Advised.removeAdvisor(int) throws org.springframework.aop.framework.AopConfigException
21:59:36.377 [main] DEBUG o.s.aop.framework.CglibAopProxy - Method is declared on Advised interface: public abstract boolean org.springframework.aop.framework.Advised.removeAdvisor(org.springframework.aop.Advisor)
21:59:36.377 [main] DEBUG o.s.aop.framework.CglibAopProxy - Method is declared on Advised interface: public abstract boolean org.springframework.aop.framework.Advised.replaceAdvisor(org.springframework.aop.Advisor,org.springframework.aop.Advisor) throws org.springframework.aop.framework.AopConfigException
21:59:36.377 [main] DEBUG o.s.aop.framework.CglibAopProxy - Method is declared on Advised interface: public abstract boolean org.springframework.aop.framework.Advised.removeAdvice(org.aopalliance.aop.Advice)
21:59:36.377 [main] DEBUG o.s.aop.framework.CglibAopProxy - Method is declared on Advised interface: public abstract java.lang.String org.springframework.aop.framework.Advised.toProxyConfigString()
21:59:36.377 [main] DEBUG o.s.aop.framework.CglibAopProxy - Method is declared on Advised interface: public abstract void org.springframework.aop.framework.Advised.addAdvice(int,org.aopalliance.aop.Advice) throws org.springframework.aop.framework.AopConfigException
21:59:36.377 [main] DEBUG o.s.aop.framework.CglibAopProxy - Method is declared on Advised interface: public abstract void org.springframework.aop.framework.Advised.addAdvice(org.aopalliance.aop.Advice) throws org.springframework.aop.framework.AopConfigException
21:59:36.377 [main] DEBUG o.s.aop.framework.CglibAopProxy - Method is declared on Advised interface: public abstract int org.springframework.aop.framework.Advised.indexOf(org.aopalliance.aop.Advice)
21:59:36.377 [main] DEBUG o.s.aop.framework.CglibAopProxy - Method is declared on Advised interface: public abstract int org.springframework.aop.framework.Advised.indexOf(org.springframework.aop.Advisor)
21:59:36.377 [main] DEBUG o.s.aop.framework.CglibAopProxy - Method is declared on Advised interface: public abstract boolean org.springframework.aop.framework.Advised.isFrozen()
21:59:36.377 [main] DEBUG o.s.aop.framework.CglibAopProxy - Method is declared on Advised interface: public abstract java.lang.Class org.springframework.aop.TargetClassAware.getTargetClass()
21:59:36.382 [main] DEBUG o.s.b.f.s.DefaultListableBeanFactory - Finished creating instance of bean &apos;patientController&apos;
21:59:36.382 [main] DEBUG o.s.b.f.s.DefaultListableBeanFactory - Creating shared instance of singleton bean &apos;passwordController&apos;
21:59:36.382 [main] DEBUG o.s.b.f.s.DefaultListableBeanFactory - Creating instance of bean &apos;passwordController&apos;
21:59:36.383 [main] DEBUG o.s.b.f.s.DefaultListableBeanFactory - Eagerly caching bean &apos;passwordController&apos; to allow for resolving potential circular references
21:59:36.383 [main] DEBUG o.s.b.f.s.DefaultListableBeanFactory - Returning cached instance of singleton bean &apos;metaDataSourceAdvisor&apos;
21:59:36.383 [main] DEBUG o.s.b.f.s.DefaultListableBeanFactory - Finished creating instance of bean &apos;passwordController&apos;
21:59:36.383 [main] DEBUG o.s.b.f.s.DefaultListableBeanFactory - Creating shared instance of singleton bean &apos;userController&apos;
21:59:36.383 [main] DEBUG o.s.b.f.s.DefaultListableBeanFactory - Creating instance of bean &apos;userController&apos;
21:59:36.383 [main] DEBUG o.s.b.f.s.DefaultListableBeanFactory - Eagerly caching bean &apos;userController&apos; to allow for resolving potential circular references
21:59:36.383 [main] DEBUG o.s.b.f.s.DefaultListableBeanFactory - Returning cached instance of singleton bean &apos;metaDataSourceAdvisor&apos;
21:59:36.383 [main] DEBUG o.s.s.a.p.PrePostAnnotationSecurityMetadataSource - @org.springframework.security.access.prepost.PreAuthorize(value=hasRole(&apos;ROLE_HCP&apos;) or hasRole(&apos;ROLE_ADMIN&apos;)) found on specific method: public java.lang.String edu.ncsu.csc.itrust2.controllers.personnel.UserController.viewDemographics(org.springframework.ui.Model)
21:59:36.383 [main] DEBUG o.s.s.a.m.DelegatingMethodSecurityMetadataSource - Caching method [CacheKey[edu.ncsu.csc.itrust2.controllers.personnel.UserController; public java.lang.String edu.ncsu.csc.itrust2.controllers.personnel.UserController.viewDemographics(org.springframework.ui.Model)]] with attributes [[authorize: &apos;hasRole(&apos;ROLE_HCP&apos;) or hasRole(&apos;ROLE_ADMIN&apos;)&apos;, filter: &apos;null&apos;, filterTarget: &apos;null&apos;]]
21:59:36.383 [main] DEBUG o.s.a.f.a.InfrastructureAdvisorAutoProxyCreator - Creating implicit proxy for bean &apos;userController&apos; with 0 common interceptors and 1 specific interceptors
21:59:36.383 [main] DEBUG o.s.aop.framework.CglibAopProxy - Creating CGLIB proxy: target source is SingletonTargetSource for target object [edu.ncsu.csc.itrust2.controllers.personnel.UserController@4e11c1f]
21:59:36.384 [main] DEBUG o.s.aop.framework.CglibAopProxy - Unable to apply any optimisations to advised method: public java.lang.String edu.ncsu.csc.itrust2.controllers.personnel.UserController.viewDemographics(org.springframework.ui.Model)
21:59:36.384 [main] DEBUG o.s.s.a.p.PrePostAnnotationSecurityMetadataSource - @org.springframework.security.access.prepost.PreAuthorize(value=hasRole(&apos;ROLE_HCP&apos;) or hasRole(&apos;ROLE_ADMIN&apos;)) found on specific method: public java.lang.String edu.ncsu.csc.itrust2.controllers.personnel.UserController.demographicsSubmit(edu.ncsu.csc.itrust2.forms.personnel.PersonnelForm,org.springframework.validation.BindingResult,org.springframework.ui.Model)
21:59:36.384 [main] DEBUG o.s.s.a.m.DelegatingMethodSecurityMetadataSource - Caching method [CacheKey[edu.ncsu.csc.itrust2.controllers.personnel.UserController; public java.lang.String edu.ncsu.csc.itrust2.controllers.personnel.UserController.demographicsSubmit(edu.ncsu.csc.itrust2.forms.personnel.PersonnelForm,org.springframework.validation.BindingResult,org.springframework.ui.Model)]] with attributes [[authorize: &apos;hasRole(&apos;ROLE_HCP&apos;) or hasRole(&apos;ROLE_ADMIN&apos;)&apos;, filter: &apos;null&apos;, filterTarget: &apos;null&apos;]]
21:59:36.384 [main] DEBUG o.s.aop.framework.CglibAopProxy - Unable to apply any optimisations to advised method: public java.lang.String edu.ncsu.csc.itrust2.controllers.personnel.UserController.demographicsSubmit(edu.ncsu.csc.itrust2.forms.personnel.PersonnelForm,org.springframework.validation.BindingResult,org.springframework.ui.Model)
21:59:36.384 [main] DEBUG o.s.aop.framework.CglibAopProxy - Found &apos;equals&apos; method: public boolean java.lang.Object.equals(java.lang.Object)
21:59:36.384 [main] DEBUG o.s.aop.framework.CglibAopProxy - Unable to apply any optimisations to advised method: public java.lang.String java.lang.Object.toString()
21:59:36.384 [main] DEBUG o.s.aop.framework.CglibAopProxy - Found &apos;hashCode&apos; method: public native int java.lang.Object.hashCode()
21:59:36.384 [main] DEBUG o.s.aop.framework.CglibAopProxy - Unable to apply any optimisations to advised method: protected native java.lang.Object java.lang.Object.clone() throws java.lang.CloneNotSupportedException
21:59:36.384 [main] DEBUG o.s.aop.framework.CglibAopProxy - Method is declared on Advised interface: public abstract void org.springframework.aop.framework.Advised.setTargetSource(org.springframework.aop.TargetSource)
21:59:36.384 [main] DEBUG o.s.aop.framework.CglibAopProxy - Method is declared on Advised interface: public abstract org.springframework.aop.TargetSource org.springframework.aop.framework.Advised.getTargetSource()
21:59:36.384 [main] DEBUG o.s.aop.framework.CglibAopProxy - Method is declared on Advised interface: public abstract boolean org.springframework.aop.framework.Advised.isProxyTargetClass()
21:59:36.384 [main] DEBUG o.s.aop.framework.CglibAopProxy - Method is declared on Advised interface: public abstract void org.springframework.aop.framework.Advised.addAdvisor(org.springframework.aop.Advisor) throws org.springframework.aop.framework.AopConfigException
21:59:36.384 [main] DEBUG o.s.aop.framework.CglibAopProxy - Method is declared on Advised interface: public abstract void org.springframework.aop.framework.Advised.addAdvisor(int,org.springframework.aop.Advisor) throws org.springframework.aop.framework.AopConfigException
21:59:36.384 [main] DEBUG o.s.aop.framework.CglibAopProxy - Method is declared on Advised interface: public abstract void org.springframework.aop.framework.Advised.setPreFiltered(boolean)
21:59:36.384 [main] DEBUG o.s.aop.framework.CglibAopProxy - Method is declared on Advised interface: public abstract void org.springframework.aop.framework.Advised.setExposeProxy(boolean)
21:59:36.384 [main] DEBUG o.s.aop.framework.CglibAopProxy - Method is declared on Advised interface: public abstract boolean org.springframework.aop.framework.Advised.isExposeProxy()
21:59:36.384 [main] DEBUG o.s.aop.framework.CglibAopProxy - Method is declared on Advised interface: public abstract boolean org.springframework.aop.framework.Advised.isPreFiltered()
21:59:36.384 [main] DEBUG o.s.aop.framework.CglibAopProxy - Method is declared on Advised interface: public abstract java.lang.Class[] org.springframework.aop.framework.Advised.getProxiedInterfaces()
21:59:36.384 [main] DEBUG o.s.aop.framework.CglibAopProxy - Method is declared on Advised interface: public abstract boolean org.springframework.aop.framework.Advised.isInterfaceProxied(java.lang.Class)
21:59:36.384 [main] DEBUG o.s.aop.framework.CglibAopProxy - Method is declared on Advised interface: public abstract org.springframework.aop.Advisor[] org.springframework.aop.framework.Advised.getAdvisors()
21:59:36.384 [main] DEBUG o.s.aop.framework.CglibAopProxy - Method is declared on Advised interface: public abstract void org.springframework.aop.framework.Advised.removeAdvisor(int) throws org.springframework.aop.framework.AopConfigException
21:59:36.384 [main] DEBUG o.s.aop.framework.CglibAopProxy - Method is declared on Advised interface: public abstract boolean org.springframework.aop.framework.Advised.removeAdvisor(org.springframework.aop.Advisor)
21:59:36.384 [main] DEBUG o.s.aop.framework.CglibAopProxy - Method is declared on Advised interface: public abstract boolean org.springframework.aop.framework.Advised.replaceAdvisor(org.springframework.aop.Advisor,org.springframework.aop.Advisor) throws org.springframework.aop.framework.AopConfigException
21:59:36.384 [main] DEBUG o.s.aop.framework.CglibAopProxy - Method is declared on Advised interface: public abstract boolean org.springframework.aop.framework.Advised.removeAdvice(org.aopalliance.aop.Advice)
21:59:36.384 [main] DEBUG o.s.aop.framework.CglibAopProxy - Method is declared on Advised interface: public abstract java.lang.String org.springframework.aop.framework.Advised.toProxyConfigString()
21:59:36.384 [main] DEBUG o.s.aop.framework.CglibAopProxy - Method is declared on Advised interface: public abstract void org.springframework.aop.framework.Advised.addAdvice(int,org.aopalliance.aop.Advice) throws org.springframework.aop.framework.AopConfigException
21:59:36.384 [main] DEBUG o.s.aop.framework.CglibAopProxy - Method is declared on Advised interface: public abstract void org.springframework.aop.framework.Advised.addAdvice(org.aopalliance.aop.Advice) throws org.springframework.aop.framework.AopConfigException
21:59:36.384 [main] DEBUG o.s.aop.framework.CglibAopProxy - Method is declared on Advised interface: public abstract int org.springframework.aop.framework.Advised.indexOf(org.aopalliance.aop.Advice)
21:59:36.384 [main] DEBUG o.s.aop.framework.CglibAopProxy - Method is declared on Advised interface: public abstract int org.springframework.aop.framework.Advised.indexOf(org.springframework.aop.Advisor)
21:59:36.384 [main] DEBUG o.s.aop.framework.CglibAopProxy - Method is declared on Advised interface: public abstract boolean org.springframework.aop.framework.Advised.isFrozen()
21:59:36.384 [main] DEBUG o.s.aop.framework.CglibAopProxy - Method is declared on Advised interface: public abstract java.lang.Class org.springframework.aop.TargetClassAware.getTargetClass()
21:59:36.389 [main] DEBUG o.s.b.f.s.DefaultListableBeanFactory - Finished creating instance of bean &apos;userController&apos;
21:59:36.389 [main] DEBUG o.s.b.f.s.DefaultListableBeanFactory - Returning cached instance of singleton bean &apos;dataSource&apos;
21:59:36.389 [main] DEBUG o.s.b.f.s.DefaultListableBeanFactory - Returning cached instance of singleton bean &apos;org.springframework.security.config.annotation.configuration.ObjectPostProcessorConfiguration&apos;
21:59:36.389 [main] DEBUG o.s.b.f.s.DefaultListableBeanFactory - Returning cached instance of singleton bean &apos;objectPostProcessor&apos;
21:59:36.389 [main] DEBUG o.s.b.f.s.DefaultListableBeanFactory - Returning cached instance of singleton bean &apos;org.springframework.security.config.annotation.authentication.configuration.AuthenticationConfiguration&apos;
21:59:36.389 [main] DEBUG o.s.b.f.s.DefaultListableBeanFactory - Returning cached instance of singleton bean &apos;authenticationManagerBuilder&apos;
21:59:36.389 [main] DEBUG o.s.b.f.s.DefaultListableBeanFactory - Returning cached instance of singleton bean &apos;enableGlobalAuthenticationAutowiredConfigurer&apos;
21:59:36.389 [main] DEBUG o.s.b.f.s.DefaultListableBeanFactory - Returning cached instance of singleton bean &apos;initializeUserDetailsBeanManagerConfigurer&apos;
21:59:36.389 [main] DEBUG o.s.b.f.s.DefaultListableBeanFactory - Returning cached instance of singleton bean &apos;initializeAuthenticationProviderBeanManagerConfigurer&apos;
21:59:36.389 [main] DEBUG o.s.b.f.s.DefaultListableBeanFactory - Creating shared instance of singleton bean &apos;org.springframework.security.config.annotation.web.configuration.WebSecurityConfiguration&apos;
21:59:36.389 [main] DEBUG o.s.b.f.s.DefaultListableBeanFactory - Creating instance of bean &apos;org.springframework.security.config.annotation.web.configuration.WebSecurityConfiguration&apos;
21:59:36.390 [main] DEBUG o.s.b.f.annotation.InjectionMetadata - Registered injected element on class [org.springframework.security.config.annotation.web.configuration.WebSecurityConfiguration$$EnhancerBySpringCGLIB$$150881e6]: AutowiredFieldElement for private org.springframework.security.config.annotation.ObjectPostProcessor org.springframework.security.config.annotation.web.configuration.WebSecurityConfiguration.objectObjectPostProcessor
21:59:36.391 [main] DEBUG o.s.b.f.annotation.InjectionMetadata - Registered injected element on class [org.springframework.security.config.annotation.web.configuration.WebSecurityConfiguration$$EnhancerBySpringCGLIB$$150881e6]: AutowiredMethodElement for public void org.springframework.security.config.annotation.web.configuration.WebSecurityConfiguration.setFilterChainProxySecurityConfigurer(org.springframework.security.config.annotation.ObjectPostProcessor,java.util.List) throws java.lang.Exception
21:59:36.391 [main] DEBUG o.s.b.f.s.DefaultListableBeanFactory - Eagerly caching bean &apos;org.springframework.security.config.annotation.web.configuration.WebSecurityConfiguration&apos; to allow for resolving potential circular references
21:59:36.391 [main] DEBUG o.s.b.f.annotation.InjectionMetadata - Processing injected element of bean &apos;org.springframework.security.config.annotation.web.configuration.WebSecurityConfiguration&apos;: AutowiredFieldElement for private org.springframework.security.config.annotation.ObjectPostProcessor org.springframework.security.config.annotation.web.configuration.WebSecurityConfiguration.objectObjectPostProcessor
21:59:36.391 [main] DEBUG o.s.b.f.s.DefaultListableBeanFactory - Returning cached instance of singleton bean &apos;objectPostProcessor&apos;
21:59:36.391 [main] DEBUG o.s.b.f.a.AutowiredAnnotationBeanPostProcessor - Autowiring by type from bean name &apos;org.springframework.security.config.annotation.web.configuration.WebSecurityConfiguration&apos; to bean named &apos;objectPostProcessor&apos;
21:59:36.391 [main] DEBUG o.s.b.f.annotation.InjectionMetadata - Processing injected element of bean &apos;org.springframework.security.config.annotation.web.configuration.WebSecurityConfiguration&apos;: AutowiredMethodElement for public void org.springframework.security.config.annotation.web.configuration.WebSecurityConfiguration.setFilterChainProxySecurityConfigurer(org.springframework.security.config.annotation.ObjectPostProcessor,java.util.List) throws java.lang.Exception
21:59:36.391 [main] DEBUG o.s.b.f.s.DefaultListableBeanFactory - Returning cached instance of singleton bean &apos;objectPostProcessor&apos;
21:59:36.392 [main] DEBUG o.s.b.f.s.DefaultListableBeanFactory - Creating shared instance of singleton bean &apos;autowiredWebSecurityConfigurersIgnoreParents&apos;
21:59:36.392 [main] DEBUG o.s.b.f.s.DefaultListableBeanFactory - Creating instance of bean &apos;autowiredWebSecurityConfigurersIgnoreParents&apos;
21:59:36.392 [main] DEBUG o.s.b.f.s.DefaultListableBeanFactory - Returning cached instance of singleton bean &apos;metaDataSourceAdvisor&apos;
21:59:36.393 [main] DEBUG o.s.b.f.s.DefaultListableBeanFactory - Returning eagerly cached instance of singleton bean &apos;org.springframework.security.config.annotation.web.configuration.WebSecurityConfiguration&apos; that is not fully initialized yet - a consequence of a circular reference
21:59:36.394 [main] DEBUG o.s.b.f.s.DefaultListableBeanFactory - Autowiring by type from bean name &apos;autowiredWebSecurityConfigurersIgnoreParents&apos; via factory method to bean named &apos;org.springframework.beans.factory.support.DefaultListableBeanFactory@2339b8f6&apos;
21:59:36.394 [main] DEBUG o.s.b.f.s.DefaultListableBeanFactory - Eagerly caching bean &apos;autowiredWebSecurityConfigurersIgnoreParents&apos; to allow for resolving potential circular references
21:59:36.394 [main] DEBUG o.s.b.f.s.DefaultListableBeanFactory - Returning cached instance of singleton bean &apos;metaDataSourceAdvisor&apos;
21:59:36.394 [main] DEBUG o.s.b.f.s.DefaultListableBeanFactory - Finished creating instance of bean &apos;autowiredWebSecurityConfigurersIgnoreParents&apos;
21:59:36.395 [main] DEBUG o.s.b.f.s.DefaultListableBeanFactory - Returning cached instance of singleton bean &apos;securityConfig&apos;
21:59:36.395 [main] DEBUG o.s.b.f.a.AutowiredAnnotationBeanPostProcessor - Autowiring by type from bean name &apos;org.springframework.security.config.annotation.web.configuration.WebSecurityConfiguration&apos; to bean named &apos;objectPostProcessor&apos;
21:59:36.395 [main] DEBUG o.s.b.f.s.DefaultListableBeanFactory - Returning cached instance of singleton bean &apos;metaDataSourceAdvisor&apos;
21:59:36.399 [main] DEBUG o.s.b.f.s.DefaultListableBeanFactory - Returning cached instance of singleton bean &apos;org.springframework.context.annotation.ConfigurationClassPostProcessor.importRegistry&apos;
21:59:36.399 [main] DEBUG o.s.b.f.s.DefaultListableBeanFactory - Finished creating instance of bean &apos;org.springframework.security.config.annotation.web.configuration.WebSecurityConfiguration&apos;
21:59:36.399 [main] DEBUG o.s.b.f.s.DefaultListableBeanFactory - Creating shared instance of singleton bean &apos;delegatingApplicationListener&apos;
21:59:36.399 [main] DEBUG o.s.b.f.s.DefaultListableBeanFactory - Creating instance of bean &apos;delegatingApplicationListener&apos;
21:59:36.399 [main] DEBUG o.s.b.f.s.DefaultListableBeanFactory - Eagerly caching bean &apos;delegatingApplicationListener&apos; to allow for resolving potential circular references
21:59:36.400 [main] DEBUG o.s.b.f.s.DefaultListableBeanFactory - Returning cached instance of singleton bean &apos;metaDataSourceAdvisor&apos;
21:59:36.400 [main] DEBUG o.s.b.f.s.DefaultListableBeanFactory - Finished creating instance of bean &apos;delegatingApplicationListener&apos;
21:59:36.400 [main] DEBUG o.s.b.f.s.DefaultListableBeanFactory - Creating shared instance of singleton bean &apos;springSecurityFilterChain&apos;
21:59:36.400 [main] DEBUG o.s.b.f.s.DefaultListableBeanFactory - Creating instance of bean &apos;springSecurityFilterChain&apos;
21:59:36.400 [main] DEBUG o.s.b.f.s.DefaultListableBeanFactory - Returning cached instance of singleton bean &apos;org.springframework.security.config.annotation.web.configuration.WebSecurityConfiguration&apos;
21:59:36.401 [main] DEBUG o.s.b.f.s.DefaultListableBeanFactory - Returning cached instance of singleton bean &apos;metaDataSourceAdvisor&apos;
21:59:36.401 [main] DEBUG o.s.b.f.s.DefaultListableBeanFactory - Returning cached instance of singleton bean &apos;webMvcConfiguration&apos;
21:59:36.401 [main] DEBUG o.s.b.f.s.DefaultListableBeanFactory - Returning cached instance of singleton bean &apos;securityConfig&apos;
21:59:36.401 [main] DEBUG o.s.s.c.a.a.c.AuthenticationConfiguration$EnableGlobalAuthenticationAutowiredConfigurer - Eagerly initializing {webMvcConfiguration=edu.ncsu.csc.itrust2.mvc.config.WebMvcConfiguration$$EnhancerBySpringCGLIB$$de7b09d5@6c275adf, securityConfig=edu.ncsu.csc.itrust2.config.SecurityConfig$$EnhancerBySpringCGLIB$$f88fd361@7c8ca407}
21:59:36.402 [main] DEBUG o.s.b.f.s.DefaultListableBeanFactory - Invoking afterPropertiesSet() on bean with name &apos;org.springframework.security.authentication.dao.DaoAuthenticationProvider@45f5ad3f&apos;
21:59:36.402 [main] DEBUG o.s.b.f.s.DefaultListableBeanFactory - Returning cached instance of singleton bean &apos;metaDataSourceAdvisor&apos;
21:59:36.404 [main] DEBUG o.s.b.f.s.DefaultListableBeanFactory - Invoking afterPropertiesSet() on bean with name &apos;org.springframework.security.authentication.ProviderManager@293c110a&apos;
21:59:36.404 [main] DEBUG o.s.b.f.s.DefaultListableBeanFactory - Returning cached instance of singleton bean &apos;metaDataSourceAdvisor&apos;
21:59:36.405 [main] DEBUG o.s.b.f.s.DefaultListableBeanFactory - Returning cached instance of singleton bean &apos;authenticationManagerBuilder&apos;
21:59:36.406 [main] DEBUG o.s.w.c.s.StandardServletEnvironment - Adding [servletConfigInitParams] PropertySource with lowest search precedence
21:59:36.406 [main] DEBUG o.s.w.c.s.StandardServletEnvironment - Adding [servletContextInitParams] PropertySource with lowest search precedence
21:59:36.406 [main] DEBUG o.s.w.c.s.StandardServletEnvironment - Adding [systemProperties] PropertySource with lowest search precedence
21:59:36.406 [main] DEBUG o.s.w.c.s.StandardServletEnvironment - Adding [systemEnvironment] PropertySource with lowest search precedence
21:59:36.406 [main] DEBUG o.s.w.c.s.StandardServletEnvironment - Initialized StandardServletEnvironment with PropertySources [servletConfigInitParams,servletContextInitParams,systemProperties,systemEnvironment]
21:59:36.406 [main] DEBUG o.s.w.c.s.StandardServletEnvironment - Adding [servletConfigInitParams] PropertySource with lowest search precedence
21:59:36.406 [main] DEBUG o.s.w.c.s.StandardServletEnvironment - Adding [servletContextInitParams] PropertySource with lowest search precedence
21:59:36.406 [main] DEBUG o.s.w.c.s.StandardServletEnvironment - Adding [systemProperties] PropertySource with lowest search precedence
21:59:36.406 [main] DEBUG o.s.w.c.s.StandardServletEnvironment - Adding [systemEnvironment] PropertySource with lowest search precedence
21:59:36.406 [main] DEBUG o.s.w.c.s.StandardServletEnvironment - Initialized StandardServletEnvironment with PropertySources [servletConfigInitParams,servletContextInitParams,systemProperties,systemEnvironment]
21:59:36.406 [main] DEBUG o.s.w.c.s.StandardServletEnvironment - Adding [servletConfigInitParams] PropertySource with lowest search precedence
21:59:36.406 [main] DEBUG o.s.w.c.s.StandardServletEnvironment - Adding [servletContextInitParams] PropertySource with lowest search precedence
21:59:36.406 [main] DEBUG o.s.w.c.s.StandardServletEnvironment - Adding [systemProperties] PropertySource with lowest search precedence
21:59:36.406 [main] DEBUG o.s.w.c.s.StandardServletEnvironment - Adding [systemEnvironment] PropertySource with lowest search precedence
21:59:36.406 [main] DEBUG o.s.w.c.s.StandardServletEnvironment - Initialized StandardServletEnvironment with PropertySources [servletConfigInitParams,servletContextInitParams,systemProperties,systemEnvironment]
21:59:36.408 [main] DEBUG o.s.b.f.s.DefaultListableBeanFactory - Creating shared instance of singleton bean &apos;ipBlockFilter&apos;
21:59:36.408 [main] DEBUG o.s.b.f.s.DefaultListableBeanFactory - Creating instance of bean &apos;ipBlockFilter&apos;
21:59:36.408 [main] DEBUG o.s.b.f.s.DefaultListableBeanFactory - Returning cached instance of singleton bean &apos;securityConfig&apos;
21:59:36.408 [main] DEBUG o.s.w.c.s.StandardServletEnvironment - Adding [servletConfigInitParams] PropertySource with lowest search precedence
21:59:36.408 [main] DEBUG o.s.w.c.s.StandardServletEnvironment - Adding [servletContextInitParams] PropertySource with lowest search precedence
21:59:36.408 [main] DEBUG o.s.w.c.s.StandardServletEnvironment - Adding [systemProperties] PropertySource with lowest search precedence
21:59:36.408 [main] DEBUG o.s.w.c.s.StandardServletEnvironment - Adding [systemEnvironment] PropertySource with lowest search precedence
21:59:36.408 [main] DEBUG o.s.w.c.s.StandardServletEnvironment - Initialized StandardServletEnvironment with PropertySources [servletConfigInitParams,servletContextInitParams,systemProperties,systemEnvironment]
21:59:36.408 [main] DEBUG o.s.b.f.s.DefaultListableBeanFactory - Eagerly caching bean &apos;ipBlockFilter&apos; to allow for resolving potential circular references
21:59:36.411 [main] DEBUG o.s.b.f.s.DefaultListableBeanFactory - Invoking afterPropertiesSet() on bean with name &apos;ipBlockFilter&apos;
21:59:36.411 [main] DEBUG o.s.b.f.s.DefaultListableBeanFactory - Returning cached instance of singleton bean &apos;metaDataSourceAdvisor&apos;
21:59:36.411 [main] DEBUG o.s.b.f.s.DefaultListableBeanFactory - Finished creating instance of bean &apos;ipBlockFilter&apos;
21:59:36.411 [main] DEBUG o.s.w.c.s.StandardServletEnvironment - Adding [servletConfigInitParams] PropertySource with lowest search precedence
21:59:36.411 [main] DEBUG o.s.w.c.s.StandardServletEnvironment - Adding [servletContextInitParams] PropertySource with lowest search precedence
21:59:36.411 [main] DEBUG o.s.w.c.s.StandardServletEnvironment - Adding [systemProperties] PropertySource with lowest search precedence
21:59:36.411 [main] DEBUG o.s.w.c.s.StandardServletEnvironment - Adding [systemEnvironment] PropertySource with lowest search precedence
21:59:36.412 [main] DEBUG o.s.w.c.s.StandardServletEnvironment - Initialized StandardServletEnvironment with PropertySources [servletConfigInitParams,servletContextInitParams,systemProperties,systemEnvironment]
21:59:36.412 [main] DEBUG o.s.b.f.s.DefaultListableBeanFactory - Retrieved dependent beans for bean &apos;springSecurityFilterChain&apos;: [webSecurityExpressionHandler]
21:59:36.412 [main] WARN  o.s.w.c.s.GenericWebApplicationContext - Exception encountered during context initialization - cancelling refresh attempt: org.springframework.beans.factory.BeanCreationException: Error creating bean with name &apos;springSecurityFilterChain&apos; defined in class path resource [org/springframework/security/config/annotation/web/configuration/WebSecurityConfiguration.class]: Bean instantiation via factory method failed; nested exception is org.springframework.beans.BeanInstantiationException: Failed to instantiate [javax.servlet.Filter]: Factory method &apos;springSecurityFilterChain&apos; threw exception; nested exception is java.lang.IllegalArgumentException: &apos;Savings Account?error&apos; is not a valid redirect URL
21:59:36.412 [main] DEBUG o.s.b.f.s.DefaultListableBeanFactory - Destroying singletons in org.springframework.beans.factory.support.DefaultListableBeanFactory@2339b8f6: defining beans [org.springframework.context.annotation.internalConfigurationAnnotationProcessor,org.springframework.context.annotation.internalAutowiredAnnotationProcessor,org.springframework.context.annotation.internalRequiredAnnotationProcessor,org.springframework.context.annotation.internalCommonAnnotationProcessor,org.springframework.context.annotation.internalPersistenceAnnotationProcessor,org.springframework.context.event.internalEventListenerProcessor,org.springframework.context.event.internalEventListenerFactory,rootConfiguration,webMvcConfiguration,dataConfiguration,loginAuditingListener,securityConfig,defaultController,adminController,adminUserController,hospitalController,ICDCodesController,APIAppointmentRequestController,APIDiagnosisController,APIDrugController,APIEnumController,APIHospitalController,APIICDCodeController,APILogEntryController,APIOfficeVisitController,APIPasswordController,APIPatientController,APIPersonnelController,APIPrescriptionController,APIUserController,appointmentControllerHCP,HCPController,officeVisitController,appointmentController,diagnosesController,patientController,passwordController,userController,dataSource,org.springframework.security.config.annotation.configuration.ObjectPostProcessorConfiguration,objectPostProcessor,org.springframework.security.config.annotation.authentication.configuration.AuthenticationConfiguration,authenticationManagerBuilder,enableGlobalAuthenticationAutowiredConfigurer,initializeUserDetailsBeanManagerConfigurer,initializeAuthenticationProviderBeanManagerConfigurer,org.springframework.security.config.annotation.web.configuration.WebSecurityConfiguration,delegatingApplicationListener,webSecurityExpressionHandler,springSecurityFilterChain,privilegeEvaluator,autowiredWebSecurityConfigurersIgnoreParents,org.springframework.security.config.annotation.web.configuration.WebMvcSecurityConfiguration,requestDataValueProcessor,passwordEncoder,defaultAuthenticationEventPublisher,failureHandler,ipBlockFilter,org.springframework.web.servlet.config.annotation.DelegatingWebMvcConfiguration,mvcConversionService,requestMappingHandlerMapping,mvcPathMatcher,mvcUrlPathHelper,mvcContentNegotiationManager,viewControllerHandlerMapping,beanNameHandlerMapping,resourceHandlerMapping,mvcResourceUrlProvider,defaultServletHandlerMapping,requestMappingHandlerAdapter,mvcValidator,mvcUriComponentsContributor,httpRequestHandlerAdapter,simpleControllerHandlerAdapter,handlerExceptionResolver,mvcViewResolver,org.springframework.security.config.annotation.method.configuration.GlobalMethodSecurityConfiguration,methodSecurityInterceptor,methodSecurityMetadataSource,preInvocationAuthorizationAdvice,viewResolver,templateEngine,domainClassConverter,metaDataSourceAdvisor,org.springframework.aop.config.internalAutoProxyCreator]; root of factory hierarchy
21:59:36.412 [main] DEBUG o.s.b.f.s.DisposableBeanAdapter - Invoking destroy() on bean with name &apos;ipBlockFilter&apos;
21:59:36.412 [main] DEBUG o.s.b.f.s.DefaultListableBeanFactory - Retrieved dependent beans for bean &apos;objectPostProcessor&apos;: [org.springframework.security.config.annotation.method.configuration.GlobalMethodSecurityConfiguration, securityConfig, org.springframework.security.config.annotation.authentication.configuration.AuthenticationConfiguration, authenticationManagerBuilder, org.springframework.security.config.annotation.web.configuration.WebSecurityConfiguration]
21:59:36.412 [main] DEBUG o.s.b.f.s.DisposableBeanAdapter - Invoking destroy() on bean with name &apos;objectPostProcessor&apos;
21:59:36.414 [main] ERROR o.s.test.context.TestContextManager - Caught exception while allowing TestExecutionListener [org.springframework.test.context.web.ServletTestExecutionListener@2808eac4] to prepare test instance [edu.ncsu.csc.itrust2.apitest.APIPasswordTest@891bb8a]
java.lang.IllegalStateException: Failed to load ApplicationContext
	at org.springframework.test.context.cache.DefaultCacheAwareContextLoaderDelegate.loadContext(DefaultCacheAwareContextLoaderDelegate.java:124) ~[spring-test-4.3.5.RELEASE.jar:4.3.5.RELEASE]
	at org.springframework.test.context.support.DefaultTestContext.getApplicationContext(DefaultTestContext.java:83) ~[spring-test-4.3.5.RELEASE.jar:4.3.5.RELEASE]
	at org.springframework.test.context.web.ServletTestExecutionListener.setUpRequestContextIfNecessary(ServletTestExecutionListener.java:189) ~[spring-test-4.3.5.RELEASE.jar:4.3.5.RELEASE]
	at org.springframework.test.context.web.ServletTestExecutionListener.prepareTestInstance(ServletTestExecutionListener.java:131) ~[spring-test-4.3.5.RELEASE.jar:4.3.5.RELEASE]
	at org.springframework.test.context.TestContextManager.prepareTestInstance(TestContextManager.java:230) ~[spring-test-4.3.5.RELEASE.jar:4.3.5.RELEASE]
	at org.springframework.test.context.junit4.SpringJUnit4ClassRunner.createTest(SpringJUnit4ClassRunner.java:228) [spring-test-4.3.5.RELEASE.jar:4.3.5.RELEASE]
	at org.springframework.test.context.junit4.SpringJUnit4ClassRunner$1.runReflectiveCall(SpringJUnit4ClassRunner.java:287) [spring-test-4.3.5.RELEASE.jar:4.3.5.RELEASE]
	at org.junit.internal.runners.model.ReflectiveCallable.run(ReflectiveCallable.java:12) [junit-4.12.jar:4.12]
	at org.springframework.test.context.junit4.SpringJUnit4ClassRunner.methodBlock(SpringJUnit4ClassRunner.java:289) [spring-test-4.3.5.RELEASE.jar:4.3.5.RELEASE]
	at org.springframework.test.context.junit4.SpringJUnit4ClassRunner.runChild(SpringJUnit4ClassRunner.java:247) [spring-test-4.3.5.RELEASE.jar:4.3.5.RELEASE]
	at org.springframework.test.context.junit4.SpringJUnit4ClassRunner.runChild(SpringJUnit4ClassRunner.java:94) [spring-test-4.3.5.RELEASE.jar:4.3.5.RELEASE]
	at org.junit.runners.ParentRunner$3.run(ParentRunner.java:290) [junit-4.12.jar:4.12]
	at org.junit.runners.ParentRunner$1.schedule(ParentRunner.java:71) [junit-4.12.jar:4.12]
	at org.junit.runners.ParentRunner.runChildren(ParentRunner.java:288) [junit-4.12.jar:4.12]
	at org.junit.runners.ParentRunner.access$000(ParentRunner.java:58) [junit-4.12.jar:4.12]
	at org.junit.runners.ParentRunner$2.evaluate(ParentRunner.java:268) [junit-4.12.jar:4.12]
	at org.springframework.test.context.junit4.statements.RunBeforeTestClassCallbacks.evaluate(RunBeforeTestClassCallbacks.java:61) [spring-test-4.3.5.RELEASE.jar:4.3.5.RELEASE]
	at org.springframework.test.context.junit4.statements.RunAfterTestClassCallbacks.evaluate(RunAfterTestClassCallbacks.java:70) [spring-test-4.3.5.RELEASE.jar:4.3.5.RELEASE]
	at org.junit.runners.ParentRunner.run(ParentRunner.java:363) [junit-4.12.jar:4.12]
	at org.springframework.test.context.junit4.SpringJUnit4ClassRunner.run(SpringJUnit4ClassRunner.java:191) [spring-test-4.3.5.RELEASE.jar:4.3.5.RELEASE]
	at org.apache.maven.surefire.junit4.JUnit4Provider.execute(JUnit4Provider.java:365) [surefire-junit4-2.20.jar:2.20]
	at org.apache.maven.surefire.junit4.JUnit4Provider.executeWithRerun(JUnit4Provider.java:272) [surefire-junit4-2.20.jar:2.20]
	at org.apache.maven.surefire.junit4.JUnit4Provider.executeTestSet(JUnit4Provider.java:236) [surefire-junit4-2.20.jar:2.20]
	at org.apache.maven.surefire.junit4.JUnit4Provider.invoke(JUnit4Provider.java:159) [surefire-junit4-2.20.jar:2.20]
	at org.apache.maven.surefire.booter.ForkedBooter.invokeProviderInSameClassLoader(ForkedBooter.java:386) [surefire-booter-2.20.jar:2.20]
	at org.apache.maven.surefire.booter.ForkedBooter.runSuitesInProcess(ForkedBooter.java:323) [surefire-booter-2.20.jar:2.20]
	at org.apache.maven.surefire.booter.ForkedBooter.main(ForkedBooter.java:143) [surefire-booter-2.20.jar:2.20]
Caused by: org.springframework.beans.factory.BeanCreationException: Error creating bean with name &apos;springSecurityFilterChain&apos; defined in class path resource [org/springframework/security/config/annotation/web/configuration/WebSecurityConfiguration.class]: Bean instantiation via factory method failed; nested exception is org.springframework.beans.BeanInstantiationException: Failed to instantiate [javax.servlet.Filter]: Factory method &apos;springSecurityFilterChain&apos; threw exception; nested exception is java.lang.IllegalArgumentException: &apos;Savings Account?error&apos; is not a valid redirect URL
	at org.springframework.beans.factory.support.ConstructorResolver.instantiateUsingFactoryMethod(ConstructorResolver.java:599) ~[spring-beans-4.3.5.RELEASE.jar:4.3.5.RELEASE]
	at org.springframework.beans.factory.support.AbstractAutowireCapableBeanFactory.instantiateUsingFactoryMethod(AbstractAutowireCapableBeanFactory.java:1134) ~[spring-beans-4.3.5.RELEASE.jar:4.3.5.RELEASE]
	at org.springframework.beans.factory.support.AbstractAutowireCapableBeanFactory.createBeanInstance(AbstractAutowireCapableBeanFactory.java:1028) ~[spring-beans-4.3.5.RELEASE.jar:4.3.5.RELEASE]
	at org.springframework.beans.factory.support.AbstractAutowireCapableBeanFactory.doCreateBean(AbstractAutowireCapableBeanFactory.java:513) ~[spring-beans-4.3.5.RELEASE.jar:4.3.5.RELEASE]
	at org.springframework.beans.factory.support.AbstractAutowireCapableBeanFactory.createBean(AbstractAutowireCapableBeanFactory.java:483) ~[spring-beans-4.3.5.RELEASE.jar:4.3.5.RELEASE]
	at org.springframework.beans.factory.support.AbstractBeanFactory$1.getObject(AbstractBeanFactory.java:306) ~[spring-beans-4.3.5.RELEASE.jar:4.3.5.RELEASE]
	at org.springframework.beans.factory.support.DefaultSingletonBeanRegistry.getSingleton(DefaultSingletonBeanRegistry.java:230) ~[spring-beans-4.3.5.RELEASE.jar:4.3.5.RELEASE]
	at org.springframework.beans.factory.support.AbstractBeanFactory.doGetBean(AbstractBeanFactory.java:302) ~[spring-beans-4.3.5.RELEASE.jar:4.3.5.RELEASE]
	at org.springframework.beans.factory.support.AbstractBeanFactory.getBean(AbstractBeanFactory.java:197) ~[spring-beans-4.3.5.RELEASE.jar:4.3.5.RELEASE]
	at org.springframework.beans.factory.support.AbstractBeanFactory.doGetBean(AbstractBeanFactory.java:296) ~[spring-beans-4.3.5.RELEASE.jar:4.3.5.RELEASE]
	at org.springframework.beans.factory.support.AbstractBeanFactory.getBean(AbstractBeanFactory.java:197) ~[spring-beans-4.3.5.RELEASE.jar:4.3.5.RELEASE]
	at org.springframework.beans.factory.support.DefaultListableBeanFactory.preInstantiateSingletons(DefaultListableBeanFactory.java:759) ~[spring-beans-4.3.5.RELEASE.jar:4.3.5.RELEASE]
	at org.springframework.context.support.AbstractApplicationContext.finishBeanFactoryInitialization(AbstractApplicationContext.java:866) ~[spring-context-4.3.5.RELEASE.jar:4.3.5.RELEASE]
	at org.springframework.context.support.AbstractApplicationContext.refresh(AbstractApplicationContext.java:542) ~[spring-context-4.3.5.RELEASE.jar:4.3.5.RELEASE]
	at org.springframework.test.context.web.AbstractGenericWebContextLoader.loadContext(AbstractGenericWebContextLoader.java:134) ~[spring-test-4.3.5.RELEASE.jar:4.3.5.RELEASE]
	at org.springframework.test.context.web.AbstractGenericWebContextLoader.loadContext(AbstractGenericWebContextLoader.java:61) ~[spring-test-4.3.5.RELEASE.jar:4.3.5.RELEASE]
	at org.springframework.test.context.support.AbstractDelegatingSmartContextLoader.delegateLoading(AbstractDelegatingSmartContextLoader.java:108) ~[spring-test-4.3.5.RELEASE.jar:4.3.5.RELEASE]
	at org.springframework.test.context.support.AbstractDelegatingSmartContextLoader.loadContext(AbstractDelegatingSmartContextLoader.java:251) ~[spring-test-4.3.5.RELEASE.jar:4.3.5.RELEASE]
	at org.springframework.test.context.cache.DefaultCacheAwareContextLoaderDelegate.loadContextInternal(DefaultCacheAwareContextLoaderDelegate.java:98) ~[spring-test-4.3.5.RELEASE.jar:4.3.5.RELEASE]
	at org.springframework.test.context.cache.DefaultCacheAwareContextLoaderDelegate.loadContext(DefaultCacheAwareContextLoaderDelegate.java:116) ~[spring-test-4.3.5.RELEASE.jar:4.3.5.RELEASE]
	... 26 common frames omitted
Caused by: org.springframework.beans.BeanInstantiationException: Failed to instantiate [javax.servlet.Filter]: Factory method &apos;springSecurityFilterChain&apos; threw exception; nested exception is java.lang.IllegalArgumentException: &apos;Savings Account?error&apos; is not a valid redirect URL
	at org.springframework.beans.factory.support.SimpleInstantiationStrategy.instantiate(SimpleInstantiationStrategy.java:189) ~[spring-beans-4.3.5.RELEASE.jar:4.3.5.RELEASE]
	at org.springframework.beans.factory.support.ConstructorResolver.instantiateUsingFactoryMethod(ConstructorResolver.java:588) ~[spring-beans-4.3.5.RELEASE.jar:4.3.5.RELEASE]
	... 45 common frames omitted
Caused by: java.lang.IllegalArgumentException: &apos;Savings Account?error&apos; is not a valid redirect URL
	at org.springframework.util.Assert.isTrue(Assert.java:68) ~[spring-core-4.3.5.RELEASE.jar:4.3.5.RELEASE]
	at org.springframework.security.web.authentication.SimpleUrlAuthenticationFailureHandler.setDefaultFailureUrl(SimpleUrlAuthenticationFailureHandler.java:125) ~[spring-security-web-4.2.2.RELEASE.jar:4.2.2.RELEASE]
	at org.springframework.security.web.authentication.SimpleUrlAuthenticationFailureHandler.&lt;init&gt;(SimpleUrlAuthenticationFailureHandler.java:60) ~[spring-security-web-4.2.2.RELEASE.jar:4.2.2.RELEASE]
	at org.springframework.security.config.annotation.web.configurers.AbstractAuthenticationFilterConfigurer.failureUrl(AbstractAuthenticationFilterConfigurer.java:206) ~[spring-security-config-4.2.2.RELEASE.jar:4.2.2.RELEASE]
	at org.springframework.security.config.annotation.web.configurers.AbstractAuthenticationFilterConfigurer.updateAuthenticationDefaults(AbstractAuthenticationFilterConfigurer.java:368) ~[spring-security-config-4.2.2.RELEASE.jar:4.2.2.RELEASE]
	at org.springframework.security.config.annotation.web.configurers.AbstractAuthenticationFilterConfigurer.loginPage(AbstractAuthenticationFilterConfigurer.java:308) ~[spring-security-config-4.2.2.RELEASE.jar:4.2.2.RELEASE]
	at org.springframework.security.config.annotation.web.configurers.FormLoginConfigurer.loginPage(FormLoginConfigurer.java:183) ~[spring-security-config-4.2.2.RELEASE.jar:4.2.2.RELEASE]
	at edu.ncsu.csc.itrust2.config.SecurityConfig.configure(SecurityConfig.java:89) ~[classes/:na]
	at org.springframework.security.config.annotation.web.configuration.WebSecurityConfigurerAdapter.getHttp(WebSecurityConfigurerAdapter.java:224) ~[spring-security-config-4.2.2.RELEASE.jar:4.2.2.RELEASE]
	at org.springframework.security.config.annotation.web.configuration.WebSecurityConfigurerAdapter.init(WebSecurityConfigurerAdapter.java:315) ~[spring-security-config-4.2.2.RELEASE.jar:4.2.2.RELEASE]
	at org.springframework.security.config.annotation.web.configuration.WebSecurityConfigurerAdapter.init(WebSecurityConfigurerAdapter.java:86) ~[spring-security-config-4.2.2.RELEASE.jar:4.2.2.RELEASE]
	at edu.ncsu.csc.itrust2.config.SecurityConfig$$EnhancerBySpringCGLIB$$f88fd361.init(&lt;generated&gt;) ~[classes/:na]
	at org.springframework.security.config.annotation.AbstractConfiguredSecurityBuilder.init(AbstractConfiguredSecurityBuilder.java:371) ~[spring-security-config-4.2.2.RELEASE.jar:4.2.2.RELEASE]
	at org.springframework.security.config.annotation.AbstractConfiguredSecurityBuilder.doBuild(AbstractConfiguredSecurityBuilder.java:325) ~[spring-security-config-4.2.2.RELEASE.jar:4.2.2.RELEASE]
	at org.springframework.security.config.annotation.AbstractSecurityBuilder.build(AbstractSecurityBuilder.java:41) ~[spring-security-config-4.2.2.RELEASE.jar:4.2.2.RELEASE]
	at org.springframework.security.config.annotation.web.configuration.WebSecurityConfiguration.springSecurityFilterChain(WebSecurityConfiguration.java:104) ~[spring-security-config-4.2.2.RELEASE.jar:4.2.2.RELEASE]
	at org.springframework.security.config.annotation.web.configuration.WebSecurityConfiguration$$EnhancerBySpringCGLIB$$150881e6.CGLIB$springSecurityFilterChain$4(&lt;generated&gt;) ~[spring-security-config-4.2.2.RELEASE.jar:4.2.2.RELEASE]
	at org.springframework.security.config.annotation.web.configuration.WebSecurityConfiguration$$EnhancerBySpringCGLIB$$150881e6$$FastClassBySpringCGLIB$$f9839e81.invoke(&lt;generated&gt;) ~[spring-security-config-4.2.2.RELEASE.jar:4.2.2.RELEASE]
	at org.springframework.cglib.proxy.MethodProxy.invokeSuper(MethodProxy.java:228) ~[spring-core-4.3.5.RELEASE.jar:4.3.5.RELEASE]
	at org.springframework.context.annotation.ConfigurationClassEnhancer$BeanMethodInterceptor.intercept(ConfigurationClassEnhancer.java:356) ~[spring-context-4.3.5.RELEASE.jar:4.3.5.RELEASE]
	at org.springframework.security.config.annotation.web.configuration.WebSecurityConfiguration$$EnhancerBySpringCGLIB$$150881e6.springSecurityFilterChain(&lt;generated&gt;) ~[spring-security-config-4.2.2.RELEASE.jar:4.2.2.RELEASE]
	at sun.reflect.NativeMethodAccessorImpl.invoke0(Native Method) ~[na:1.8.0_151]
	at sun.reflect.NativeMethodAccessorImpl.invoke(NativeMethodAccessorImpl.java:62) ~[na:1.8.0_151]
	at sun.reflect.DelegatingMethodAccessorImpl.invoke(DelegatingMethodAccessorImpl.java:43) ~[na:1.8.0_151]
	at java.lang.reflect.Method.invoke(Method.java:498) ~[na:1.8.0_151]
	at org.springframework.beans.factory.support.SimpleInstantiationStrategy.instantiate(SimpleInstantiationStrategy.java:162) ~[spring-beans-4.3.5.RELEASE.jar:4.3.5.RELEASE]
	... 46 common frames omitted
</stdout>
          <failedSince>1</failedSince>
        </case>
        <case>
          <duration>0.0</duration>
          <className>edu.ncsu.csc.itrust2.apitest.APIPasswordTest</className>
          <testName>testValidPasswordChanges</testName>
          <skipped>false</skipped>
          <errorStackTrace>java.lang.IllegalStateException: Failed to load ApplicationContext
Caused by: org.springframework.beans.factory.BeanCreationException: Error creating bean with name &apos;springSecurityFilterChain&apos; defined in class path resource [org/springframework/security/config/annotation/web/configuration/WebSecurityConfiguration.class]: Bean instantiation via factory method failed; nested exception is org.springframework.beans.BeanInstantiationException: Failed to instantiate [javax.servlet.Filter]: Factory method &apos;springSecurityFilterChain&apos; threw exception; nested exception is java.lang.IllegalArgumentException: &apos;Savings Account?error&apos; is not a valid redirect URL
Caused by: org.springframework.beans.BeanInstantiationException: Failed to instantiate [javax.servlet.Filter]: Factory method &apos;springSecurityFilterChain&apos; threw exception; nested exception is java.lang.IllegalArgumentException: &apos;Savings Account?error&apos; is not a valid redirect URL
Caused by: java.lang.IllegalArgumentException: &apos;Savings Account?error&apos; is not a valid redirect URL
</errorStackTrace>
          <errorDetails>Failed to load ApplicationContext</errorDetails>
          <stdout>21:59:36.414 [main] DEBUG o.s.t.annotation.ProfileValueUtils - Retrieved @ProfileValueSourceConfiguration [null] for test class [edu.ncsu.csc.itrust2.apitest.APIPasswordTest]
21:59:36.414 [main] DEBUG o.s.t.annotation.ProfileValueUtils - Retrieved ProfileValueSource type [class org.springframework.test.annotation.SystemProfileValueSource] for class [edu.ncsu.csc.itrust2.apitest.APIPasswordTest]
21:59:36.415 [main] DEBUG o.s.t.c.s.AbstractDelegatingSmartContextLoader - Delegating to AnnotationConfigWebContextLoader to load context from [WebMergedContextConfiguration@ebab4d8 testClass = APIPasswordTest, locations = &apos;{}&apos;, classes = &apos;{class edu.ncsu.csc.itrust2.config.RootConfiguration, class edu.ncsu.csc.itrust2.mvc.config.WebMvcConfiguration}&apos;, contextInitializerClasses = &apos;[]&apos;, activeProfiles = &apos;{}&apos;, propertySourceLocations = &apos;{}&apos;, propertySourceProperties = &apos;{}&apos;, contextCustomizers = set[[empty]], resourceBasePath = &apos;src/main/webapp&apos;, contextLoader = &apos;org.springframework.test.context.web.WebDelegatingSmartContextLoader&apos;, parent = [null]].
21:59:36.415 [main] DEBUG o.s.t.c.w.AbstractGenericWebContextLoader - Loading WebApplicationContext for merged context configuration [WebMergedContextConfiguration@ebab4d8 testClass = APIPasswordTest, locations = &apos;{}&apos;, classes = &apos;{class edu.ncsu.csc.itrust2.config.RootConfiguration, class edu.ncsu.csc.itrust2.mvc.config.WebMvcConfiguration}&apos;, contextInitializerClasses = &apos;[]&apos;, activeProfiles = &apos;{}&apos;, propertySourceLocations = &apos;{}&apos;, propertySourceProperties = &apos;{}&apos;, contextCustomizers = set[[empty]], resourceBasePath = &apos;src/main/webapp&apos;, contextLoader = &apos;org.springframework.test.context.web.WebDelegatingSmartContextLoader&apos;, parent = [null]].
21:59:36.415 [main] DEBUG o.s.w.c.s.StandardServletEnvironment - Adding [servletConfigInitParams] PropertySource with lowest search precedence
21:59:36.415 [main] DEBUG o.s.w.c.s.StandardServletEnvironment - Adding [servletContextInitParams] PropertySource with lowest search precedence
21:59:36.415 [main] DEBUG o.s.w.c.s.StandardServletEnvironment - Adding [systemProperties] PropertySource with lowest search precedence
21:59:36.415 [main] DEBUG o.s.w.c.s.StandardServletEnvironment - Adding [systemEnvironment] PropertySource with lowest search precedence
21:59:36.415 [main] DEBUG o.s.w.c.s.StandardServletEnvironment - Initialized StandardServletEnvironment with PropertySources [servletConfigInitParams,servletContextInitParams,systemProperties,systemEnvironment]
21:59:36.415 [main] DEBUG o.s.t.c.w.AnnotationConfigWebContextLoader - Registering annotated classes: {class edu.ncsu.csc.itrust2.config.RootConfiguration, class edu.ncsu.csc.itrust2.mvc.config.WebMvcConfiguration}
21:59:36.419 [main] INFO  o.s.w.c.s.GenericWebApplicationContext - Refreshing org.springframework.web.context.support.GenericWebApplicationContext@1653dfbf: startup date [Thu Mar 22 21:59:36 UTC 2018]; root of context hierarchy
21:59:36.419 [main] DEBUG o.s.w.c.s.StandardServletEnvironment - Replacing [servletContextInitParams] PropertySource with [servletContextInitParams]
21:59:36.419 [main] DEBUG o.s.w.c.s.GenericWebApplicationContext - Bean factory for org.springframework.web.context.support.GenericWebApplicationContext@1653dfbf: org.springframework.beans.factory.support.DefaultListableBeanFactory@15fe3f22: defining beans [org.springframework.context.annotation.internalConfigurationAnnotationProcessor,org.springframework.context.annotation.internalAutowiredAnnotationProcessor,org.springframework.context.annotation.internalRequiredAnnotationProcessor,org.springframework.context.annotation.internalCommonAnnotationProcessor,org.springframework.context.annotation.internalPersistenceAnnotationProcessor,org.springframework.context.event.internalEventListenerProcessor,org.springframework.context.event.internalEventListenerFactory,rootConfiguration,webMvcConfiguration]; root of factory hierarchy
21:59:36.419 [main] DEBUG o.s.b.f.s.DefaultListableBeanFactory - Registering scope &apos;request&apos; with implementation [org.springframework.web.context.request.RequestScope@2cfc616]
21:59:36.419 [main] DEBUG o.s.b.f.s.DefaultListableBeanFactory - Registering scope &apos;session&apos; with implementation [org.springframework.web.context.request.SessionScope@6bb0090]
21:59:36.419 [main] DEBUG o.s.b.f.s.DefaultListableBeanFactory - Registering scope &apos;globalSession&apos; with implementation [org.springframework.web.context.request.SessionScope@6258284a]
21:59:36.419 [main] DEBUG o.s.b.f.s.DefaultListableBeanFactory - Registering scope &apos;application&apos; with implementation [org.springframework.web.context.support.ServletContextScope@321d5c58]
21:59:36.420 [main] DEBUG o.s.b.f.s.DefaultListableBeanFactory - Creating shared instance of singleton bean &apos;org.springframework.context.annotation.internalConfigurationAnnotationProcessor&apos;
21:59:36.420 [main] DEBUG o.s.b.f.s.DefaultListableBeanFactory - Creating instance of bean &apos;org.springframework.context.annotation.internalConfigurationAnnotationProcessor&apos;
21:59:36.420 [main] DEBUG o.s.b.f.s.DefaultListableBeanFactory - Eagerly caching bean &apos;org.springframework.context.annotation.internalConfigurationAnnotationProcessor&apos; to allow for resolving potential circular references
21:59:36.420 [main] DEBUG o.s.b.f.s.DefaultListableBeanFactory - Finished creating instance of bean &apos;org.springframework.context.annotation.internalConfigurationAnnotationProcessor&apos;
21:59:36.420 [main] DEBUG o.s.core.env.StandardEnvironment - Adding [systemProperties] PropertySource with lowest search precedence
21:59:36.420 [main] DEBUG o.s.core.env.StandardEnvironment - Adding [systemEnvironment] PropertySource with lowest search precedence
21:59:36.420 [main] DEBUG o.s.core.env.StandardEnvironment - Initialized StandardEnvironment with PropertySources [systemProperties,systemEnvironment]
21:59:36.421 [main] DEBUG o.s.c.i.s.PathMatchingResourcePatternResolver - Resolved classpath location [edu/ncsu/csc/itrust2/config/] to resources [URL [file:/var/lib/jenkins/jobs/iTrust_Fuzzer/workspace/iTrust2/target/classes/edu/ncsu/csc/itrust2/config/]]
21:59:36.421 [main] DEBUG o.s.c.i.s.PathMatchingResourcePatternResolver - Looking for matching resources in directory tree [/var/lib/jenkins/jobs/iTrust_Fuzzer/workspace/iTrust2/target/classes/edu/ncsu/csc/itrust2/config]
21:59:36.421 [main] DEBUG o.s.c.i.s.PathMatchingResourcePatternResolver - Searching directory [/var/lib/jenkins/jobs/iTrust_Fuzzer/workspace/iTrust2/target/classes/edu/ncsu/csc/itrust2/config] for files matching pattern [/var/lib/jenkins/jobs/iTrust_Fuzzer/workspace/iTrust2/target/classes/edu/ncsu/csc/itrust2/config/**/*.class]
21:59:36.422 [main] DEBUG o.s.c.i.s.PathMatchingResourcePatternResolver - Resolved location pattern [classpath*:edu/ncsu/csc/itrust2/config/**/*.class] to resources [file [/var/lib/jenkins/jobs/iTrust_Fuzzer/workspace/iTrust2/target/classes/edu/ncsu/csc/itrust2/config/ContextListener.class], file [/var/lib/jenkins/jobs/iTrust_Fuzzer/workspace/iTrust2/target/classes/edu/ncsu/csc/itrust2/config/DataConfiguration.class], file [/var/lib/jenkins/jobs/iTrust_Fuzzer/workspace/iTrust2/target/classes/edu/ncsu/csc/itrust2/config/FailureHandler.class], file [/var/lib/jenkins/jobs/iTrust_Fuzzer/workspace/iTrust2/target/classes/edu/ncsu/csc/itrust2/config/IPFilter.class], file [/var/lib/jenkins/jobs/iTrust_Fuzzer/workspace/iTrust2/target/classes/edu/ncsu/csc/itrust2/config/ITrust2ApplicationInitializer.class], file [/var/lib/jenkins/jobs/iTrust_Fuzzer/workspace/iTrust2/target/classes/edu/ncsu/csc/itrust2/config/ITrust2WebApplicationInitializer.class], file [/var/lib/jenkins/jobs/iTrust_Fuzzer/workspace/iTrust2/target/classes/edu/ncsu/csc/itrust2/config/LoginAuditingListener.class], file [/var/lib/jenkins/jobs/iTrust_Fuzzer/workspace/iTrust2/target/classes/edu/ncsu/csc/itrust2/config/RootConfiguration.class], file [/var/lib/jenkins/jobs/iTrust_Fuzzer/workspace/iTrust2/target/classes/edu/ncsu/csc/itrust2/config/SecurityConfig.class]]
21:59:36.422 [main] DEBUG o.s.c.a.ClassPathBeanDefinitionScanner - Identified candidate component class: file [/var/lib/jenkins/jobs/iTrust_Fuzzer/workspace/iTrust2/target/classes/edu/ncsu/csc/itrust2/config/DataConfiguration.class]
21:59:36.423 [main] DEBUG o.s.c.a.ClassPathBeanDefinitionScanner - Identified candidate component class: file [/var/lib/jenkins/jobs/iTrust_Fuzzer/workspace/iTrust2/target/classes/edu/ncsu/csc/itrust2/config/LoginAuditingListener.class]
21:59:36.423 [main] DEBUG o.s.c.a.ClassPathBeanDefinitionScanner - Identified candidate component class: file [/var/lib/jenkins/jobs/iTrust_Fuzzer/workspace/iTrust2/target/classes/edu/ncsu/csc/itrust2/config/SecurityConfig.class]
21:59:36.433 [main] DEBUG o.s.core.env.StandardEnvironment - Adding [systemProperties] PropertySource with lowest search precedence
21:59:36.433 [main] DEBUG o.s.core.env.StandardEnvironment - Adding [systemEnvironment] PropertySource with lowest search precedence
21:59:36.433 [main] DEBUG o.s.core.env.StandardEnvironment - Initialized StandardEnvironment with PropertySources [systemProperties,systemEnvironment]
21:59:36.434 [main] DEBUG o.s.c.i.s.PathMatchingResourcePatternResolver - Resolved classpath location [edu/ncsu/csc/itrust2/controllers/] to resources [URL [file:/var/lib/jenkins/jobs/iTrust_Fuzzer/workspace/iTrust2/target/classes/edu/ncsu/csc/itrust2/controllers/]]
21:59:36.434 [main] DEBUG o.s.c.i.s.PathMatchingResourcePatternResolver - Looking for matching resources in directory tree [/var/lib/jenkins/jobs/iTrust_Fuzzer/workspace/iTrust2/target/classes/edu/ncsu/csc/itrust2/controllers]
21:59:36.434 [main] DEBUG o.s.c.i.s.PathMatchingResourcePatternResolver - Searching directory [/var/lib/jenkins/jobs/iTrust_Fuzzer/workspace/iTrust2/target/classes/edu/ncsu/csc/itrust2/controllers] for files matching pattern [/var/lib/jenkins/jobs/iTrust_Fuzzer/workspace/iTrust2/target/classes/edu/ncsu/csc/itrust2/controllers/**/*.class]
21:59:36.434 [main] DEBUG o.s.c.i.s.PathMatchingResourcePatternResolver - Searching directory [/var/lib/jenkins/jobs/iTrust_Fuzzer/workspace/iTrust2/target/classes/edu/ncsu/csc/itrust2/controllers/admin] for files matching pattern [/var/lib/jenkins/jobs/iTrust_Fuzzer/workspace/iTrust2/target/classes/edu/ncsu/csc/itrust2/controllers/**/*.class]
21:59:36.434 [main] DEBUG o.s.c.i.s.PathMatchingResourcePatternResolver - Searching directory [/var/lib/jenkins/jobs/iTrust_Fuzzer/workspace/iTrust2/target/classes/edu/ncsu/csc/itrust2/controllers/api] for files matching pattern [/var/lib/jenkins/jobs/iTrust_Fuzzer/workspace/iTrust2/target/classes/edu/ncsu/csc/itrust2/controllers/**/*.class]
21:59:36.435 [main] DEBUG o.s.c.i.s.PathMatchingResourcePatternResolver - Searching directory [/var/lib/jenkins/jobs/iTrust_Fuzzer/workspace/iTrust2/target/classes/edu/ncsu/csc/itrust2/controllers/api/comm] for files matching pattern [/var/lib/jenkins/jobs/iTrust_Fuzzer/workspace/iTrust2/target/classes/edu/ncsu/csc/itrust2/controllers/**/*.class]
21:59:36.435 [main] DEBUG o.s.c.i.s.PathMatchingResourcePatternResolver - Searching directory [/var/lib/jenkins/jobs/iTrust_Fuzzer/workspace/iTrust2/target/classes/edu/ncsu/csc/itrust2/controllers/hcp] for files matching pattern [/var/lib/jenkins/jobs/iTrust_Fuzzer/workspace/iTrust2/target/classes/edu/ncsu/csc/itrust2/controllers/**/*.class]
21:59:36.435 [main] DEBUG o.s.c.i.s.PathMatchingResourcePatternResolver - Searching directory [/var/lib/jenkins/jobs/iTrust_Fuzzer/workspace/iTrust2/target/classes/edu/ncsu/csc/itrust2/controllers/patient] for files matching pattern [/var/lib/jenkins/jobs/iTrust_Fuzzer/workspace/iTrust2/target/classes/edu/ncsu/csc/itrust2/controllers/**/*.class]
21:59:36.435 [main] DEBUG o.s.c.i.s.PathMatchingResourcePatternResolver - Searching directory [/var/lib/jenkins/jobs/iTrust_Fuzzer/workspace/iTrust2/target/classes/edu/ncsu/csc/itrust2/controllers/personnel] for files matching pattern [/var/lib/jenkins/jobs/iTrust_Fuzzer/workspace/iTrust2/target/classes/edu/ncsu/csc/itrust2/controllers/**/*.class]
21:59:36.436 [main] DEBUG o.s.c.i.s.PathMatchingResourcePatternResolver - Resolved location pattern [classpath*:edu/ncsu/csc/itrust2/controllers/**/*.class] to resources [file [/var/lib/jenkins/jobs/iTrust_Fuzzer/workspace/iTrust2/target/classes/edu/ncsu/csc/itrust2/controllers/DefaultController.class], file [/var/lib/jenkins/jobs/iTrust_Fuzzer/workspace/iTrust2/target/classes/edu/ncsu/csc/itrust2/controllers/admin/AdminController.class], file [/var/lib/jenkins/jobs/iTrust_Fuzzer/workspace/iTrust2/target/classes/edu/ncsu/csc/itrust2/controllers/admin/AdminUserController$1.class], file [/var/lib/jenkins/jobs/iTrust_Fuzzer/workspace/iTrust2/target/classes/edu/ncsu/csc/itrust2/controllers/admin/AdminUserController.class], file [/var/lib/jenkins/jobs/iTrust_Fuzzer/workspace/iTrust2/target/classes/edu/ncsu/csc/itrust2/controllers/admin/HospitalController.class], file [/var/lib/jenkins/jobs/iTrust_Fuzzer/workspace/iTrust2/target/classes/edu/ncsu/csc/itrust2/controllers/admin/ICDCodesController.class], file [/var/lib/jenkins/jobs/iTrust_Fuzzer/workspace/iTrust2/target/classes/edu/ncsu/csc/itrust2/controllers/api/APIAppointmentRequestController.class], file [/var/lib/jenkins/jobs/iTrust_Fuzzer/workspace/iTrust2/target/classes/edu/ncsu/csc/itrust2/controllers/api/APIController$JSONResponse.class], file [/var/lib/jenkins/jobs/iTrust_Fuzzer/workspace/iTrust2/target/classes/edu/ncsu/csc/itrust2/controllers/api/APIController.class], file [/var/lib/jenkins/jobs/iTrust_Fuzzer/workspace/iTrust2/target/classes/edu/ncsu/csc/itrust2/controllers/api/APIDiagnosisController.class], file [/var/lib/jenkins/jobs/iTrust_Fuzzer/workspace/iTrust2/target/classes/edu/ncsu/csc/itrust2/controllers/api/APIDrugController.class], file [/var/lib/jenkins/jobs/iTrust_Fuzzer/workspace/iTrust2/target/classes/edu/ncsu/csc/itrust2/controllers/api/APIEnumController.class], file [/var/lib/jenkins/jobs/iTrust_Fuzzer/workspace/iTrust2/target/classes/edu/ncsu/csc/itrust2/controllers/api/APIHospitalController.class], file [/var/lib/jenkins/jobs/iTrust_Fuzzer/workspace/iTrust2/target/classes/edu/ncsu/csc/itrust2/controllers/api/APIICDCodeController.class], file [/var/lib/jenkins/jobs/iTrust_Fuzzer/workspace/iTrust2/target/classes/edu/ncsu/csc/itrust2/controllers/api/APILogEntryController.class], file [/var/lib/jenkins/jobs/iTrust_Fuzzer/workspace/iTrust2/target/classes/edu/ncsu/csc/itrust2/controllers/api/APIOfficeVisitController.class], file [/var/lib/jenkins/jobs/iTrust_Fuzzer/workspace/iTrust2/target/classes/edu/ncsu/csc/itrust2/controllers/api/APIPasswordController.class], file [/var/lib/jenkins/jobs/iTrust_Fuzzer/workspace/iTrust2/target/classes/edu/ncsu/csc/itrust2/controllers/api/APIPatientController.class], file [/var/lib/jenkins/jobs/iTrust_Fuzzer/workspace/iTrust2/target/classes/edu/ncsu/csc/itrust2/controllers/api/APIPersonnelController.class], file [/var/lib/jenkins/jobs/iTrust_Fuzzer/workspace/iTrust2/target/classes/edu/ncsu/csc/itrust2/controllers/api/APIPrescriptionController.class], file [/var/lib/jenkins/jobs/iTrust_Fuzzer/workspace/iTrust2/target/classes/edu/ncsu/csc/itrust2/controllers/api/APIUserController.class], file [/var/lib/jenkins/jobs/iTrust_Fuzzer/workspace/iTrust2/target/classes/edu/ncsu/csc/itrust2/controllers/api/comm/LogEntryRequestBody.class], file [/var/lib/jenkins/jobs/iTrust_Fuzzer/workspace/iTrust2/target/classes/edu/ncsu/csc/itrust2/controllers/api/comm/LogEntryTableRow.class], file [/var/lib/jenkins/jobs/iTrust_Fuzzer/workspace/iTrust2/target/classes/edu/ncsu/csc/itrust2/controllers/hcp/AppointmentControllerHCP.class], file [/var/lib/jenkins/jobs/iTrust_Fuzzer/workspace/iTrust2/target/classes/edu/ncsu/csc/itrust2/controllers/hcp/HCPController.class], file [/var/lib/jenkins/jobs/iTrust_Fuzzer/workspace/iTrust2/target/classes/edu/ncsu/csc/itrust2/controllers/hcp/OfficeVisitController.class], file [/var/lib/jenkins/jobs/iTrust_Fuzzer/workspace/iTrust2/target/classes/edu/ncsu/csc/itrust2/controllers/patient/AppointmentController.class], file [/var/lib/jenkins/jobs/iTrust_Fuzzer/workspace/iTrust2/target/classes/edu/ncsu/csc/itrust2/controllers/patient/DiagnosesController.class], file [/var/lib/jenkins/jobs/iTrust_Fuzzer/workspace/iTrust2/target/classes/edu/ncsu/csc/itrust2/controllers/patient/PatientController.class], file [/var/lib/jenkins/jobs/iTrust_Fuzzer/workspace/iTrust2/target/classes/edu/ncsu/csc/itrust2/controllers/personnel/PasswordController.class], file [/var/lib/jenkins/jobs/iTrust_Fuzzer/workspace/iTrust2/target/classes/edu/ncsu/csc/itrust2/controllers/personnel/UserController.class]]
21:59:36.436 [main] DEBUG o.s.c.a.ClassPathBeanDefinitionScanner - Identified candidate component class: file [/var/lib/jenkins/jobs/iTrust_Fuzzer/workspace/iTrust2/target/classes/edu/ncsu/csc/itrust2/controllers/DefaultController.class]
21:59:36.436 [main] DEBUG o.s.c.a.ClassPathBeanDefinitionScanner - Identified candidate component class: file [/var/lib/jenkins/jobs/iTrust_Fuzzer/workspace/iTrust2/target/classes/edu/ncsu/csc/itrust2/controllers/admin/AdminController.class]
21:59:36.437 [main] DEBUG o.s.c.a.ClassPathBeanDefinitionScanner - Identified candidate component class: file [/var/lib/jenkins/jobs/iTrust_Fuzzer/workspace/iTrust2/target/classes/edu/ncsu/csc/itrust2/controllers/admin/AdminUserController.class]
21:59:36.437 [main] DEBUG o.s.c.a.ClassPathBeanDefinitionScanner - Identified candidate component class: file [/var/lib/jenkins/jobs/iTrust_Fuzzer/workspace/iTrust2/target/classes/edu/ncsu/csc/itrust2/controllers/admin/HospitalController.class]
21:59:36.437 [main] DEBUG o.s.c.a.ClassPathBeanDefinitionScanner - Identified candidate component class: file [/var/lib/jenkins/jobs/iTrust_Fuzzer/workspace/iTrust2/target/classes/edu/ncsu/csc/itrust2/controllers/admin/ICDCodesController.class]
21:59:36.438 [main] DEBUG o.s.c.a.ClassPathBeanDefinitionScanner - Identified candidate component class: file [/var/lib/jenkins/jobs/iTrust_Fuzzer/workspace/iTrust2/target/classes/edu/ncsu/csc/itrust2/controllers/api/APIAppointmentRequestController.class]
21:59:36.438 [main] DEBUG o.s.c.a.ClassPathBeanDefinitionScanner - Identified candidate component class: file [/var/lib/jenkins/jobs/iTrust_Fuzzer/workspace/iTrust2/target/classes/edu/ncsu/csc/itrust2/controllers/api/APIDiagnosisController.class]
21:59:36.439 [main] DEBUG o.s.c.a.ClassPathBeanDefinitionScanner - Identified candidate component class: file [/var/lib/jenkins/jobs/iTrust_Fuzzer/workspace/iTrust2/target/classes/edu/ncsu/csc/itrust2/controllers/api/APIDrugController.class]
21:59:36.439 [main] DEBUG o.s.c.a.ClassPathBeanDefinitionScanner - Identified candidate component class: file [/var/lib/jenkins/jobs/iTrust_Fuzzer/workspace/iTrust2/target/classes/edu/ncsu/csc/itrust2/controllers/api/APIEnumController.class]
21:59:36.440 [main] DEBUG o.s.c.a.ClassPathBeanDefinitionScanner - Identified candidate component class: file [/var/lib/jenkins/jobs/iTrust_Fuzzer/workspace/iTrust2/target/classes/edu/ncsu/csc/itrust2/controllers/api/APIHospitalController.class]
21:59:36.441 [main] DEBUG o.s.c.a.ClassPathBeanDefinitionScanner - Identified candidate component class: file [/var/lib/jenkins/jobs/iTrust_Fuzzer/workspace/iTrust2/target/classes/edu/ncsu/csc/itrust2/controllers/api/APIICDCodeController.class]
21:59:36.441 [main] DEBUG o.s.c.a.ClassPathBeanDefinitionScanner - Identified candidate component class: file [/var/lib/jenkins/jobs/iTrust_Fuzzer/workspace/iTrust2/target/classes/edu/ncsu/csc/itrust2/controllers/api/APILogEntryController.class]
21:59:36.442 [main] DEBUG o.s.c.a.ClassPathBeanDefinitionScanner - Identified candidate component class: file [/var/lib/jenkins/jobs/iTrust_Fuzzer/workspace/iTrust2/target/classes/edu/ncsu/csc/itrust2/controllers/api/APIOfficeVisitController.class]
21:59:36.442 [main] DEBUG o.s.c.a.ClassPathBeanDefinitionScanner - Identified candidate component class: file [/var/lib/jenkins/jobs/iTrust_Fuzzer/workspace/iTrust2/target/classes/edu/ncsu/csc/itrust2/controllers/api/APIPasswordController.class]
21:59:36.443 [main] DEBUG o.s.c.a.ClassPathBeanDefinitionScanner - Identified candidate component class: file [/var/lib/jenkins/jobs/iTrust_Fuzzer/workspace/iTrust2/target/classes/edu/ncsu/csc/itrust2/controllers/api/APIPatientController.class]
21:59:36.443 [main] DEBUG o.s.c.a.ClassPathBeanDefinitionScanner - Identified candidate component class: file [/var/lib/jenkins/jobs/iTrust_Fuzzer/workspace/iTrust2/target/classes/edu/ncsu/csc/itrust2/controllers/api/APIPersonnelController.class]
21:59:36.444 [main] DEBUG o.s.c.a.ClassPathBeanDefinitionScanner - Identified candidate component class: file [/var/lib/jenkins/jobs/iTrust_Fuzzer/workspace/iTrust2/target/classes/edu/ncsu/csc/itrust2/controllers/api/APIPrescriptionController.class]
21:59:36.444 [main] DEBUG o.s.c.a.ClassPathBeanDefinitionScanner - Identified candidate component class: file [/var/lib/jenkins/jobs/iTrust_Fuzzer/workspace/iTrust2/target/classes/edu/ncsu/csc/itrust2/controllers/api/APIUserController.class]
21:59:36.445 [main] DEBUG o.s.c.a.ClassPathBeanDefinitionScanner - Identified candidate component class: file [/var/lib/jenkins/jobs/iTrust_Fuzzer/workspace/iTrust2/target/classes/edu/ncsu/csc/itrust2/controllers/hcp/AppointmentControllerHCP.class]
21:59:36.445 [main] DEBUG o.s.c.a.ClassPathBeanDefinitionScanner - Identified candidate component class: file [/var/lib/jenkins/jobs/iTrust_Fuzzer/workspace/iTrust2/target/classes/edu/ncsu/csc/itrust2/controllers/hcp/HCPController.class]
21:59:36.445 [main] DEBUG o.s.c.a.ClassPathBeanDefinitionScanner - Identified candidate component class: file [/var/lib/jenkins/jobs/iTrust_Fuzzer/workspace/iTrust2/target/classes/edu/ncsu/csc/itrust2/controllers/hcp/OfficeVisitController.class]
21:59:36.446 [main] DEBUG o.s.c.a.ClassPathBeanDefinitionScanner - Identified candidate component class: file [/var/lib/jenkins/jobs/iTrust_Fuzzer/workspace/iTrust2/target/classes/edu/ncsu/csc/itrust2/controllers/patient/AppointmentController.class]
21:59:36.446 [main] DEBUG o.s.c.a.ClassPathBeanDefinitionScanner - Identified candidate component class: file [/var/lib/jenkins/jobs/iTrust_Fuzzer/workspace/iTrust2/target/classes/edu/ncsu/csc/itrust2/controllers/patient/DiagnosesController.class]
21:59:36.446 [main] DEBUG o.s.c.a.ClassPathBeanDefinitionScanner - Identified candidate component class: file [/var/lib/jenkins/jobs/iTrust_Fuzzer/workspace/iTrust2/target/classes/edu/ncsu/csc/itrust2/controllers/patient/PatientController.class]
21:59:36.447 [main] DEBUG o.s.c.a.ClassPathBeanDefinitionScanner - Identified candidate component class: file [/var/lib/jenkins/jobs/iTrust_Fuzzer/workspace/iTrust2/target/classes/edu/ncsu/csc/itrust2/controllers/personnel/PasswordController.class]
21:59:36.447 [main] DEBUG o.s.c.a.ClassPathBeanDefinitionScanner - Identified candidate component class: file [/var/lib/jenkins/jobs/iTrust_Fuzzer/workspace/iTrust2/target/classes/edu/ncsu/csc/itrust2/controllers/personnel/UserController.class]
21:59:36.448 [main] DEBUG o.s.c.i.s.PathMatchingResourcePatternResolver - Resolved classpath location [edu/ncsu/csc/itrust2/config/] to resources [URL [file:/var/lib/jenkins/jobs/iTrust_Fuzzer/workspace/iTrust2/target/classes/edu/ncsu/csc/itrust2/config/]]
21:59:36.448 [main] DEBUG o.s.c.i.s.PathMatchingResourcePatternResolver - Looking for matching resources in directory tree [/var/lib/jenkins/jobs/iTrust_Fuzzer/workspace/iTrust2/target/classes/edu/ncsu/csc/itrust2/config]
21:59:36.448 [main] DEBUG o.s.c.i.s.PathMatchingResourcePatternResolver - Searching directory [/var/lib/jenkins/jobs/iTrust_Fuzzer/workspace/iTrust2/target/classes/edu/ncsu/csc/itrust2/config] for files matching pattern [/var/lib/jenkins/jobs/iTrust_Fuzzer/workspace/iTrust2/target/classes/edu/ncsu/csc/itrust2/config/**/*.class]
21:59:36.449 [main] DEBUG o.s.c.i.s.PathMatchingResourcePatternResolver - Resolved location pattern [classpath*:edu/ncsu/csc/itrust2/config/**/*.class] to resources [file [/var/lib/jenkins/jobs/iTrust_Fuzzer/workspace/iTrust2/target/classes/edu/ncsu/csc/itrust2/config/ContextListener.class], file [/var/lib/jenkins/jobs/iTrust_Fuzzer/workspace/iTrust2/target/classes/edu/ncsu/csc/itrust2/config/DataConfiguration.class], file [/var/lib/jenkins/jobs/iTrust_Fuzzer/workspace/iTrust2/target/classes/edu/ncsu/csc/itrust2/config/FailureHandler.class], file [/var/lib/jenkins/jobs/iTrust_Fuzzer/workspace/iTrust2/target/classes/edu/ncsu/csc/itrust2/config/IPFilter.class], file [/var/lib/jenkins/jobs/iTrust_Fuzzer/workspace/iTrust2/target/classes/edu/ncsu/csc/itrust2/config/ITrust2ApplicationInitializer.class], file [/var/lib/jenkins/jobs/iTrust_Fuzzer/workspace/iTrust2/target/classes/edu/ncsu/csc/itrust2/config/ITrust2WebApplicationInitializer.class], file [/var/lib/jenkins/jobs/iTrust_Fuzzer/workspace/iTrust2/target/classes/edu/ncsu/csc/itrust2/config/LoginAuditingListener.class], file [/var/lib/jenkins/jobs/iTrust_Fuzzer/workspace/iTrust2/target/classes/edu/ncsu/csc/itrust2/config/RootConfiguration.class], file [/var/lib/jenkins/jobs/iTrust_Fuzzer/workspace/iTrust2/target/classes/edu/ncsu/csc/itrust2/config/SecurityConfig.class]]
21:59:36.449 [main] DEBUG o.s.c.a.ClassPathBeanDefinitionScanner - Identified candidate component class: file [/var/lib/jenkins/jobs/iTrust_Fuzzer/workspace/iTrust2/target/classes/edu/ncsu/csc/itrust2/config/DataConfiguration.class]
21:59:36.449 [main] DEBUG o.s.c.a.ClassPathBeanDefinitionScanner - Identified candidate component class: file [/var/lib/jenkins/jobs/iTrust_Fuzzer/workspace/iTrust2/target/classes/edu/ncsu/csc/itrust2/config/LoginAuditingListener.class]
21:59:36.450 [main] DEBUG o.s.c.a.ClassPathBeanDefinitionScanner - Identified candidate component class: file [/var/lib/jenkins/jobs/iTrust_Fuzzer/workspace/iTrust2/target/classes/edu/ncsu/csc/itrust2/config/RootConfiguration.class]
21:59:36.450 [main] DEBUG o.s.c.a.ClassPathBeanDefinitionScanner - Identified candidate component class: file [/var/lib/jenkins/jobs/iTrust_Fuzzer/workspace/iTrust2/target/classes/edu/ncsu/csc/itrust2/config/SecurityConfig.class]
21:59:36.470 [main] DEBUG o.s.c.a.ConfigurationClassBeanDefinitionReader - Registering bean definition for @Bean method edu.ncsu.csc.itrust2.config.DataConfiguration.dataSource()
21:59:36.470 [main] DEBUG o.s.c.a.ConfigurationClassBeanDefinitionReader - Registered bean definition for imported class &apos;org.springframework.security.config.annotation.configuration.ObjectPostProcessorConfiguration&apos;
21:59:36.470 [main] DEBUG o.s.c.a.ConfigurationClassBeanDefinitionReader - Registering bean definition for @Bean method org.springframework.security.config.annotation.configuration.ObjectPostProcessorConfiguration.objectPostProcessor()
21:59:36.471 [main] DEBUG o.s.c.a.ConfigurationClassBeanDefinitionReader - Registered bean definition for imported class &apos;org.springframework.security.config.annotation.authentication.configuration.AuthenticationConfiguration&apos;
21:59:36.471 [main] DEBUG o.s.c.a.ConfigurationClassBeanDefinitionReader - Registering bean definition for @Bean method org.springframework.security.config.annotation.authentication.configuration.AuthenticationConfiguration.authenticationManagerBuilder()
21:59:36.471 [main] DEBUG o.s.c.a.ConfigurationClassBeanDefinitionReader - Registering bean definition for @Bean method org.springframework.security.config.annotation.authentication.configuration.AuthenticationConfiguration.enableGlobalAuthenticationAutowiredConfigurer()
21:59:36.471 [main] DEBUG o.s.c.a.ConfigurationClassBeanDefinitionReader - Registering bean definition for @Bean method org.springframework.security.config.annotation.authentication.configuration.AuthenticationConfiguration.initializeUserDetailsBeanManagerConfigurer()
21:59:36.471 [main] DEBUG o.s.c.a.ConfigurationClassBeanDefinitionReader - Registering bean definition for @Bean method org.springframework.security.config.annotation.authentication.configuration.AuthenticationConfiguration.initializeAuthenticationProviderBeanManagerConfigurer()
21:59:36.471 [main] DEBUG o.s.c.a.ConfigurationClassBeanDefinitionReader - Registered bean definition for imported class &apos;org.springframework.security.config.annotation.web.configuration.WebSecurityConfiguration&apos;
21:59:36.471 [main] DEBUG o.s.c.a.ConfigurationClassBeanDefinitionReader - Registering bean definition for @Bean method org.springframework.security.config.annotation.web.configuration.WebSecurityConfiguration.delegatingApplicationListener()
21:59:36.471 [main] DEBUG o.s.c.a.ConfigurationClassBeanDefinitionReader - Registering bean definition for @Bean method org.springframework.security.config.annotation.web.configuration.WebSecurityConfiguration.webSecurityExpressionHandler()
21:59:36.471 [main] DEBUG o.s.c.a.ConfigurationClassBeanDefinitionReader - Registering bean definition for @Bean method org.springframework.security.config.annotation.web.configuration.WebSecurityConfiguration.springSecurityFilterChain()
21:59:36.471 [main] DEBUG o.s.c.a.ConfigurationClassBeanDefinitionReader - Registering bean definition for @Bean method org.springframework.security.config.annotation.web.configuration.WebSecurityConfiguration.privilegeEvaluator()
21:59:36.472 [main] DEBUG o.s.c.a.ConfigurationClassBeanDefinitionReader - Registering bean definition for @Bean method org.springframework.security.config.annotation.web.configuration.WebSecurityConfiguration.autowiredWebSecurityConfigurersIgnoreParents()
21:59:36.472 [main] DEBUG o.s.c.a.ConfigurationClassBeanDefinitionReader - Registered bean definition for imported class &apos;org.springframework.security.config.annotation.web.configuration.WebMvcSecurityConfiguration&apos;
21:59:36.472 [main] DEBUG o.s.c.a.ConfigurationClassBeanDefinitionReader - Registering bean definition for @Bean method org.springframework.security.config.annotation.web.configuration.WebMvcSecurityConfiguration.requestDataValueProcessor()
21:59:36.472 [main] DEBUG o.s.c.a.ConfigurationClassBeanDefinitionReader - Registering bean definition for @Bean method edu.ncsu.csc.itrust2.config.SecurityConfig.passwordEncoder()
21:59:36.472 [main] DEBUG o.s.c.a.ConfigurationClassBeanDefinitionReader - Registering bean definition for @Bean method edu.ncsu.csc.itrust2.config.SecurityConfig.defaultAuthenticationEventPublisher()
21:59:36.472 [main] DEBUG o.s.c.a.ConfigurationClassBeanDefinitionReader - Registering bean definition for @Bean method edu.ncsu.csc.itrust2.config.SecurityConfig.failureHandler()
21:59:36.472 [main] DEBUG o.s.c.a.ConfigurationClassBeanDefinitionReader - Registering bean definition for @Bean method edu.ncsu.csc.itrust2.config.SecurityConfig.ipBlockFilter()
21:59:36.472 [main] DEBUG o.s.c.a.ConfigurationClassBeanDefinitionReader - Registered bean definition for imported class &apos;org.springframework.web.servlet.config.annotation.DelegatingWebMvcConfiguration&apos;
21:59:36.473 [main] DEBUG o.s.c.a.ConfigurationClassBeanDefinitionReader - Registering bean definition for @Bean method org.springframework.web.servlet.config.annotation.DelegatingWebMvcConfiguration.mvcConversionService()
21:59:36.473 [main] DEBUG o.s.c.a.ConfigurationClassBeanDefinitionReader - Registering bean definition for @Bean method org.springframework.web.servlet.config.annotation.DelegatingWebMvcConfiguration.requestMappingHandlerMapping()
21:59:36.473 [main] DEBUG o.s.c.a.ConfigurationClassBeanDefinitionReader - Registering bean definition for @Bean method org.springframework.web.servlet.config.annotation.DelegatingWebMvcConfiguration.mvcPathMatcher()
21:59:36.473 [main] DEBUG o.s.c.a.ConfigurationClassBeanDefinitionReader - Registering bean definition for @Bean method org.springframework.web.servlet.config.annotation.DelegatingWebMvcConfiguration.mvcUrlPathHelper()
21:59:36.473 [main] DEBUG o.s.c.a.ConfigurationClassBeanDefinitionReader - Registering bean definition for @Bean method org.springframework.web.servlet.config.annotation.DelegatingWebMvcConfiguration.mvcContentNegotiationManager()
21:59:36.473 [main] DEBUG o.s.c.a.ConfigurationClassBeanDefinitionReader - Registering bean definition for @Bean method org.springframework.web.servlet.config.annotation.DelegatingWebMvcConfiguration.viewControllerHandlerMapping()
21:59:36.473 [main] DEBUG o.s.c.a.ConfigurationClassBeanDefinitionReader - Registering bean definition for @Bean method org.springframework.web.servlet.config.annotation.DelegatingWebMvcConfiguration.beanNameHandlerMapping()
21:59:36.474 [main] DEBUG o.s.c.a.ConfigurationClassBeanDefinitionReader - Registering bean definition for @Bean method org.springframework.web.servlet.config.annotation.DelegatingWebMvcConfiguration.resourceHandlerMapping()
21:59:36.474 [main] DEBUG o.s.c.a.ConfigurationClassBeanDefinitionReader - Registering bean definition for @Bean method org.springframework.web.servlet.config.annotation.DelegatingWebMvcConfiguration.mvcResourceUrlProvider()
21:59:36.474 [main] DEBUG o.s.c.a.ConfigurationClassBeanDefinitionReader - Registering bean definition for @Bean method org.springframework.web.servlet.config.annotation.DelegatingWebMvcConfiguration.defaultServletHandlerMapping()
21:59:36.474 [main] DEBUG o.s.c.a.ConfigurationClassBeanDefinitionReader - Registering bean definition for @Bean method org.springframework.web.servlet.config.annotation.DelegatingWebMvcConfiguration.requestMappingHandlerAdapter()
21:59:36.474 [main] DEBUG o.s.c.a.ConfigurationClassBeanDefinitionReader - Registering bean definition for @Bean method org.springframework.web.servlet.config.annotation.DelegatingWebMvcConfiguration.mvcValidator()
21:59:36.474 [main] DEBUG o.s.c.a.ConfigurationClassBeanDefinitionReader - Registering bean definition for @Bean method org.springframework.web.servlet.config.annotation.DelegatingWebMvcConfiguration.mvcUriComponentsContributor()
21:59:36.474 [main] DEBUG o.s.c.a.ConfigurationClassBeanDefinitionReader - Registering bean definition for @Bean method org.springframework.web.servlet.config.annotation.DelegatingWebMvcConfiguration.httpRequestHandlerAdapter()
21:59:36.474 [main] DEBUG o.s.c.a.ConfigurationClassBeanDefinitionReader - Registering bean definition for @Bean method org.springframework.web.servlet.config.annotation.DelegatingWebMvcConfiguration.simpleControllerHandlerAdapter()
21:59:36.475 [main] DEBUG o.s.c.a.ConfigurationClassBeanDefinitionReader - Registering bean definition for @Bean method org.springframework.web.servlet.config.annotation.DelegatingWebMvcConfiguration.handlerExceptionResolver()
21:59:36.475 [main] DEBUG o.s.c.a.ConfigurationClassBeanDefinitionReader - Registering bean definition for @Bean method org.springframework.web.servlet.config.annotation.DelegatingWebMvcConfiguration.mvcViewResolver()
21:59:36.475 [main] DEBUG o.s.c.a.ConfigurationClassBeanDefinitionReader - Registered bean definition for imported class &apos;org.springframework.security.config.annotation.method.configuration.GlobalMethodSecurityConfiguration&apos;
21:59:36.475 [main] DEBUG o.s.c.a.ConfigurationClassBeanDefinitionReader - Registering bean definition for @Bean method org.springframework.security.config.annotation.method.configuration.GlobalMethodSecurityConfiguration.methodSecurityInterceptor()
21:59:36.475 [main] DEBUG o.s.c.a.ConfigurationClassBeanDefinitionReader - Registering bean definition for @Bean method org.springframework.security.config.annotation.method.configuration.GlobalMethodSecurityConfiguration.methodSecurityMetadataSource()
21:59:36.475 [main] DEBUG o.s.c.a.ConfigurationClassBeanDefinitionReader - Registering bean definition for @Bean method org.springframework.security.config.annotation.method.configuration.GlobalMethodSecurityConfiguration.preInvocationAuthorizationAdvice()
21:59:36.475 [main] DEBUG o.s.c.a.ConfigurationClassBeanDefinitionReader - Registering bean definition for @Bean method edu.ncsu.csc.itrust2.mvc.config.WebMvcConfiguration.viewResolver()
21:59:36.475 [main] DEBUG o.s.c.a.ConfigurationClassBeanDefinitionReader - Registering bean definition for @Bean method edu.ncsu.csc.itrust2.mvc.config.WebMvcConfiguration.templateEngine()
21:59:36.476 [main] DEBUG o.s.c.a.ConfigurationClassBeanDefinitionReader - Registering bean definition for @Bean method edu.ncsu.csc.itrust2.mvc.config.WebMvcConfiguration.domainClassConverter()
21:59:36.478 [main] DEBUG o.s.c.a.ConfigurationClassEnhancer - Successfully enhanced edu.ncsu.csc.itrust2.config.RootConfiguration; enhanced class name is: edu.ncsu.csc.itrust2.config.RootConfiguration$$EnhancerBySpringCGLIB$$c1d00685
21:59:36.478 [main] DEBUG o.s.c.a.ConfigurationClassPostProcessor - Replacing bean definition &apos;rootConfiguration&apos; existing class &apos;edu.ncsu.csc.itrust2.config.RootConfiguration&apos; with enhanced class &apos;edu.ncsu.csc.itrust2.config.RootConfiguration$$EnhancerBySpringCGLIB$$c1d00685&apos;
21:59:36.478 [main] DEBUG o.s.c.a.ConfigurationClassEnhancer - Successfully enhanced edu.ncsu.csc.itrust2.mvc.config.WebMvcConfiguration; enhanced class name is: edu.ncsu.csc.itrust2.mvc.config.WebMvcConfiguration$$EnhancerBySpringCGLIB$$de7b09d5
21:59:36.478 [main] DEBUG o.s.c.a.ConfigurationClassPostProcessor - Replacing bean definition &apos;webMvcConfiguration&apos; existing class &apos;edu.ncsu.csc.itrust2.mvc.config.WebMvcConfiguration&apos; with enhanced class &apos;edu.ncsu.csc.itrust2.mvc.config.WebMvcConfiguration$$EnhancerBySpringCGLIB$$de7b09d5&apos;
21:59:36.478 [main] DEBUG o.s.c.a.ConfigurationClassEnhancer - Successfully enhanced edu.ncsu.csc.itrust2.config.DataConfiguration; enhanced class name is: edu.ncsu.csc.itrust2.config.DataConfiguration$$EnhancerBySpringCGLIB$$60f4bbd
21:59:36.478 [main] DEBUG o.s.c.a.ConfigurationClassPostProcessor - Replacing bean definition &apos;dataConfiguration&apos; existing class &apos;edu.ncsu.csc.itrust2.config.DataConfiguration&apos; with enhanced class &apos;edu.ncsu.csc.itrust2.config.DataConfiguration$$EnhancerBySpringCGLIB$$60f4bbd&apos;
21:59:36.478 [main] DEBUG o.s.c.a.ConfigurationClassEnhancer - Successfully enhanced edu.ncsu.csc.itrust2.config.SecurityConfig; enhanced class name is: edu.ncsu.csc.itrust2.config.SecurityConfig$$EnhancerBySpringCGLIB$$f88fd361
21:59:36.478 [main] DEBUG o.s.c.a.ConfigurationClassPostProcessor - Replacing bean definition &apos;securityConfig&apos; existing class &apos;edu.ncsu.csc.itrust2.config.SecurityConfig&apos; with enhanced class &apos;edu.ncsu.csc.itrust2.config.SecurityConfig$$EnhancerBySpringCGLIB$$f88fd361&apos;
21:59:36.478 [main] DEBUG o.s.c.a.ConfigurationClassEnhancer - Successfully enhanced org.springframework.security.config.annotation.configuration.ObjectPostProcessorConfiguration; enhanced class name is: org.springframework.security.config.annotation.configuration.ObjectPostProcessorConfiguration$$EnhancerBySpringCGLIB$$6851d2d
21:59:36.478 [main] DEBUG o.s.c.a.ConfigurationClassPostProcessor - Replacing bean definition &apos;org.springframework.security.config.annotation.configuration.ObjectPostProcessorConfiguration&apos; existing class &apos;org.springframework.security.config.annotation.configuration.ObjectPostProcessorConfiguration&apos; with enhanced class &apos;org.springframework.security.config.annotation.configuration.ObjectPostProcessorConfiguration$$EnhancerBySpringCGLIB$$6851d2d&apos;
21:59:36.479 [main] DEBUG o.s.c.a.ConfigurationClassEnhancer - Successfully enhanced org.springframework.security.config.annotation.authentication.configuration.AuthenticationConfiguration; enhanced class name is: org.springframework.security.config.annotation.authentication.configuration.AuthenticationConfiguration$$EnhancerBySpringCGLIB$$524e27a2
21:59:36.479 [main] DEBUG o.s.c.a.ConfigurationClassPostProcessor - Replacing bean definition &apos;org.springframework.security.config.annotation.authentication.configuration.AuthenticationConfiguration&apos; existing class &apos;org.springframework.security.config.annotation.authentication.configuration.AuthenticationConfiguration&apos; with enhanced class &apos;org.springframework.security.config.annotation.authentication.configuration.AuthenticationConfiguration$$EnhancerBySpringCGLIB$$524e27a2&apos;
21:59:36.479 [main] DEBUG o.s.c.a.ConfigurationClassEnhancer - Successfully enhanced org.springframework.security.config.annotation.authentication.configuration.AuthenticationConfiguration; enhanced class name is: org.springframework.security.config.annotation.authentication.configuration.AuthenticationConfiguration$$EnhancerBySpringCGLIB$$524e27a2
21:59:36.479 [main] DEBUG o.s.c.a.ConfigurationClassPostProcessor - Replacing bean definition &apos;enableGlobalAuthenticationAutowiredConfigurer&apos; existing class &apos;org.springframework.security.config.annotation.authentication.configuration.AuthenticationConfiguration&apos; with enhanced class &apos;org.springframework.security.config.annotation.authentication.configuration.AuthenticationConfiguration$$EnhancerBySpringCGLIB$$524e27a2&apos;
21:59:36.479 [main] DEBUG o.s.c.a.ConfigurationClassEnhancer - Successfully enhanced org.springframework.security.config.annotation.authentication.configuration.AuthenticationConfiguration; enhanced class name is: org.springframework.security.config.annotation.authentication.configuration.AuthenticationConfiguration$$EnhancerBySpringCGLIB$$524e27a2
21:59:36.479 [main] DEBUG o.s.c.a.ConfigurationClassPostProcessor - Replacing bean definition &apos;initializeUserDetailsBeanManagerConfigurer&apos; existing class &apos;org.springframework.security.config.annotation.authentication.configuration.AuthenticationConfiguration&apos; with enhanced class &apos;org.springframework.security.config.annotation.authentication.configuration.AuthenticationConfiguration$$EnhancerBySpringCGLIB$$524e27a2&apos;
21:59:36.479 [main] DEBUG o.s.c.a.ConfigurationClassEnhancer - Successfully enhanced org.springframework.security.config.annotation.authentication.configuration.AuthenticationConfiguration; enhanced class name is: org.springframework.security.config.annotation.authentication.configuration.AuthenticationConfiguration$$EnhancerBySpringCGLIB$$524e27a2
21:59:36.479 [main] DEBUG o.s.c.a.ConfigurationClassPostProcessor - Replacing bean definition &apos;initializeAuthenticationProviderBeanManagerConfigurer&apos; existing class &apos;org.springframework.security.config.annotation.authentication.configuration.AuthenticationConfiguration&apos; with enhanced class &apos;org.springframework.security.config.annotation.authentication.configuration.AuthenticationConfiguration$$EnhancerBySpringCGLIB$$524e27a2&apos;
21:59:36.479 [main] DEBUG o.s.c.a.ConfigurationClassEnhancer - Successfully enhanced org.springframework.security.config.annotation.web.configuration.WebSecurityConfiguration; enhanced class name is: org.springframework.security.config.annotation.web.configuration.WebSecurityConfiguration$$EnhancerBySpringCGLIB$$150881e6
21:59:36.479 [main] DEBUG o.s.c.a.ConfigurationClassPostProcessor - Replacing bean definition &apos;org.springframework.security.config.annotation.web.configuration.WebSecurityConfiguration&apos; existing class &apos;org.springframework.security.config.annotation.web.configuration.WebSecurityConfiguration&apos; with enhanced class &apos;org.springframework.security.config.annotation.web.configuration.WebSecurityConfiguration$$EnhancerBySpringCGLIB$$150881e6&apos;
21:59:36.480 [main] DEBUG o.s.c.a.ConfigurationClassEnhancer - Successfully enhanced org.springframework.security.config.annotation.web.configuration.WebSecurityConfiguration; enhanced class name is: org.springframework.security.config.annotation.web.configuration.WebSecurityConfiguration$$EnhancerBySpringCGLIB$$150881e6
21:59:36.480 [main] DEBUG o.s.c.a.ConfigurationClassPostProcessor - Replacing bean definition &apos;delegatingApplicationListener&apos; existing class &apos;org.springframework.security.config.annotation.web.configuration.WebSecurityConfiguration&apos; with enhanced class &apos;org.springframework.security.config.annotation.web.configuration.WebSecurityConfiguration$$EnhancerBySpringCGLIB$$150881e6&apos;
21:59:36.480 [main] DEBUG o.s.c.a.ConfigurationClassEnhancer - Successfully enhanced org.springframework.web.servlet.config.annotation.DelegatingWebMvcConfiguration; enhanced class name is: org.springframework.web.servlet.config.annotation.DelegatingWebMvcConfiguration$$EnhancerBySpringCGLIB$$32983a29
21:59:36.480 [main] DEBUG o.s.c.a.ConfigurationClassPostProcessor - Replacing bean definition &apos;org.springframework.web.servlet.config.annotation.DelegatingWebMvcConfiguration&apos; existing class &apos;org.springframework.web.servlet.config.annotation.DelegatingWebMvcConfiguration&apos; with enhanced class &apos;org.springframework.web.servlet.config.annotation.DelegatingWebMvcConfiguration$$EnhancerBySpringCGLIB$$32983a29&apos;
21:59:36.480 [main] DEBUG o.s.c.a.ConfigurationClassEnhancer - Successfully enhanced org.springframework.security.config.annotation.method.configuration.GlobalMethodSecurityConfiguration; enhanced class name is: org.springframework.security.config.annotation.method.configuration.GlobalMethodSecurityConfiguration$$EnhancerBySpringCGLIB$$2b59bfdf
21:59:36.480 [main] DEBUG o.s.c.a.ConfigurationClassPostProcessor - Replacing bean definition &apos;org.springframework.security.config.annotation.method.configuration.GlobalMethodSecurityConfiguration&apos; existing class &apos;org.springframework.security.config.annotation.method.configuration.GlobalMethodSecurityConfiguration&apos; with enhanced class &apos;org.springframework.security.config.annotation.method.configuration.GlobalMethodSecurityConfiguration$$EnhancerBySpringCGLIB$$2b59bfdf&apos;
21:59:36.481 [main] DEBUG o.s.b.f.s.DefaultListableBeanFactory - Creating shared instance of singleton bean &apos;org.springframework.context.annotation.internalAutowiredAnnotationProcessor&apos;
21:59:36.481 [main] DEBUG o.s.b.f.s.DefaultListableBeanFactory - Creating instance of bean &apos;org.springframework.context.annotation.internalAutowiredAnnotationProcessor&apos;
21:59:36.482 [main] DEBUG o.s.b.f.s.DefaultListableBeanFactory - Eagerly caching bean &apos;org.springframework.context.annotation.internalAutowiredAnnotationProcessor&apos; to allow for resolving potential circular references
21:59:36.484 [main] DEBUG o.s.b.f.s.DefaultListableBeanFactory - Finished creating instance of bean &apos;org.springframework.context.annotation.internalAutowiredAnnotationProcessor&apos;
21:59:36.484 [main] DEBUG o.s.b.f.s.DefaultListableBeanFactory - Creating shared instance of singleton bean &apos;org.springframework.context.annotation.internalRequiredAnnotationProcessor&apos;
21:59:36.484 [main] DEBUG o.s.b.f.s.DefaultListableBeanFactory - Creating instance of bean &apos;org.springframework.context.annotation.internalRequiredAnnotationProcessor&apos;
21:59:36.484 [main] DEBUG o.s.b.f.s.DefaultListableBeanFactory - Eagerly caching bean &apos;org.springframework.context.annotation.internalRequiredAnnotationProcessor&apos; to allow for resolving potential circular references
21:59:36.486 [main] DEBUG o.s.b.f.s.DefaultListableBeanFactory - Finished creating instance of bean &apos;org.springframework.context.annotation.internalRequiredAnnotationProcessor&apos;
21:59:36.486 [main] DEBUG o.s.b.f.s.DefaultListableBeanFactory - Creating shared instance of singleton bean &apos;org.springframework.context.annotation.internalCommonAnnotationProcessor&apos;
21:59:36.486 [main] DEBUG o.s.b.f.s.DefaultListableBeanFactory - Creating instance of bean &apos;org.springframework.context.annotation.internalCommonAnnotationProcessor&apos;
21:59:36.486 [main] DEBUG o.s.b.f.s.DefaultListableBeanFactory - Eagerly caching bean &apos;org.springframework.context.annotation.internalCommonAnnotationProcessor&apos; to allow for resolving potential circular references
21:59:36.488 [main] DEBUG o.s.b.f.s.DefaultListableBeanFactory - Finished creating instance of bean &apos;org.springframework.context.annotation.internalCommonAnnotationProcessor&apos;
21:59:36.488 [main] DEBUG o.s.b.f.s.DefaultListableBeanFactory - Creating shared instance of singleton bean &apos;org.springframework.context.annotation.internalPersistenceAnnotationProcessor&apos;
21:59:36.488 [main] DEBUG o.s.b.f.s.DefaultListableBeanFactory - Creating instance of bean &apos;org.springframework.context.annotation.internalPersistenceAnnotationProcessor&apos;
21:59:36.488 [main] DEBUG o.s.b.f.s.DefaultListableBeanFactory - Eagerly caching bean &apos;org.springframework.context.annotation.internalPersistenceAnnotationProcessor&apos; to allow for resolving potential circular references
21:59:36.490 [main] DEBUG o.s.b.f.s.DefaultListableBeanFactory - Finished creating instance of bean &apos;org.springframework.context.annotation.internalPersistenceAnnotationProcessor&apos;
21:59:36.490 [main] DEBUG o.s.b.f.s.DefaultListableBeanFactory - Creating shared instance of singleton bean &apos;org.springframework.aop.config.internalAutoProxyCreator&apos;
21:59:36.490 [main] DEBUG o.s.b.f.s.DefaultListableBeanFactory - Creating instance of bean &apos;org.springframework.aop.config.internalAutoProxyCreator&apos;
21:59:36.491 [main] DEBUG o.s.b.f.s.DefaultListableBeanFactory - Eagerly caching bean &apos;org.springframework.aop.config.internalAutoProxyCreator&apos; to allow for resolving potential circular references
21:59:36.493 [main] DEBUG o.s.b.f.s.DefaultListableBeanFactory - Finished creating instance of bean &apos;org.springframework.aop.config.internalAutoProxyCreator&apos;
21:59:36.493 [main] DEBUG o.s.w.c.s.GenericWebApplicationContext - Unable to locate MessageSource with name &apos;messageSource&apos;: using default [org.springframework.context.support.DelegatingMessageSource@38244b4c]
21:59:36.493 [main] DEBUG o.s.w.c.s.GenericWebApplicationContext - Unable to locate ApplicationEventMulticaster with name &apos;applicationEventMulticaster&apos;: using default [org.springframework.context.event.SimpleApplicationEventMulticaster@5e3b0177]
21:59:36.493 [main] DEBUG o.s.u.c.s.UiApplicationContextUtils - Unable to locate ThemeSource with name &apos;themeSource&apos;: using default [org.springframework.ui.context.support.ResourceBundleThemeSource@1e3fead8]
21:59:36.494 [main] DEBUG o.s.b.f.s.DefaultListableBeanFactory - Pre-instantiating singletons in org.springframework.beans.factory.support.DefaultListableBeanFactory@15fe3f22: defining beans [org.springframework.context.annotation.internalConfigurationAnnotationProcessor,org.springframework.context.annotation.internalAutowiredAnnotationProcessor,org.springframework.context.annotation.internalRequiredAnnotationProcessor,org.springframework.context.annotation.internalCommonAnnotationProcessor,org.spring
...[truncated 190225 chars]...
ing edu.ncsu.csc.itrust2.controllers.patient.PatientController.viewDemographics(org.springframework.ui.Model)]] with attributes [[authorize: &apos;hasRole(&apos;ROLE_PATIENT&apos;)&apos;, filter: &apos;null&apos;, filterTarget: &apos;null&apos;]]
21:59:36.778 [main] DEBUG o.s.aop.framework.CglibAopProxy - Unable to apply any optimisations to advised method: public java.lang.String edu.ncsu.csc.itrust2.controllers.patient.PatientController.viewDemographics(org.springframework.ui.Model)
21:59:36.778 [main] DEBUG o.s.s.a.p.PrePostAnnotationSecurityMetadataSource - @org.springframework.security.access.prepost.PreAuthorize(value=hasRole(&apos;ROLE_PATIENT&apos;)) found on specific method: public java.lang.String edu.ncsu.csc.itrust2.controllers.patient.PatientController.demographicsSubmit(edu.ncsu.csc.itrust2.forms.hcp_patient.PatientForm,org.springframework.validation.BindingResult,org.springframework.ui.Model)
21:59:36.778 [main] DEBUG o.s.s.a.m.DelegatingMethodSecurityMetadataSource - Caching method [CacheKey[edu.ncsu.csc.itrust2.controllers.patient.PatientController; public java.lang.String edu.ncsu.csc.itrust2.controllers.patient.PatientController.demographicsSubmit(edu.ncsu.csc.itrust2.forms.hcp_patient.PatientForm,org.springframework.validation.BindingResult,org.springframework.ui.Model)]] with attributes [[authorize: &apos;hasRole(&apos;ROLE_PATIENT&apos;)&apos;, filter: &apos;null&apos;, filterTarget: &apos;null&apos;]]
21:59:36.778 [main] DEBUG o.s.aop.framework.CglibAopProxy - Unable to apply any optimisations to advised method: public java.lang.String edu.ncsu.csc.itrust2.controllers.patient.PatientController.demographicsSubmit(edu.ncsu.csc.itrust2.forms.hcp_patient.PatientForm,org.springframework.validation.BindingResult,org.springframework.ui.Model)
21:59:36.778 [main] DEBUG o.s.s.a.p.PrePostAnnotationSecurityMetadataSource - @org.springframework.security.access.prepost.PreAuthorize(value=hasRole(&apos;ROLE_PATIENT&apos;)) found on specific method: public java.lang.String edu.ncsu.csc.itrust2.controllers.patient.PatientController.index(org.springframework.ui.Model)
21:59:36.778 [main] DEBUG o.s.s.a.m.DelegatingMethodSecurityMetadataSource - Caching method [CacheKey[edu.ncsu.csc.itrust2.controllers.patient.PatientController; public java.lang.String edu.ncsu.csc.itrust2.controllers.patient.PatientController.index(org.springframework.ui.Model)]] with attributes [[authorize: &apos;hasRole(&apos;ROLE_PATIENT&apos;)&apos;, filter: &apos;null&apos;, filterTarget: &apos;null&apos;]]
21:59:36.778 [main] DEBUG o.s.aop.framework.CglibAopProxy - Unable to apply any optimisations to advised method: public java.lang.String edu.ncsu.csc.itrust2.controllers.patient.PatientController.index(org.springframework.ui.Model)
21:59:36.779 [main] DEBUG o.s.aop.framework.CglibAopProxy - Found &apos;equals&apos; method: public boolean java.lang.Object.equals(java.lang.Object)
21:59:36.779 [main] DEBUG o.s.aop.framework.CglibAopProxy - Unable to apply any optimisations to advised method: public java.lang.String java.lang.Object.toString()
21:59:36.779 [main] DEBUG o.s.aop.framework.CglibAopProxy - Found &apos;hashCode&apos; method: public native int java.lang.Object.hashCode()
21:59:36.779 [main] DEBUG o.s.aop.framework.CglibAopProxy - Unable to apply any optimisations to advised method: protected native java.lang.Object java.lang.Object.clone() throws java.lang.CloneNotSupportedException
21:59:36.779 [main] DEBUG o.s.aop.framework.CglibAopProxy - Method is declared on Advised interface: public abstract void org.springframework.aop.framework.Advised.setTargetSource(org.springframework.aop.TargetSource)
21:59:36.779 [main] DEBUG o.s.aop.framework.CglibAopProxy - Method is declared on Advised interface: public abstract org.springframework.aop.TargetSource org.springframework.aop.framework.Advised.getTargetSource()
21:59:36.779 [main] DEBUG o.s.aop.framework.CglibAopProxy - Method is declared on Advised interface: public abstract boolean org.springframework.aop.framework.Advised.isProxyTargetClass()
21:59:36.779 [main] DEBUG o.s.aop.framework.CglibAopProxy - Method is declared on Advised interface: public abstract void org.springframework.aop.framework.Advised.addAdvisor(org.springframework.aop.Advisor) throws org.springframework.aop.framework.AopConfigException
21:59:36.779 [main] DEBUG o.s.aop.framework.CglibAopProxy - Method is declared on Advised interface: public abstract void org.springframework.aop.framework.Advised.addAdvisor(int,org.springframework.aop.Advisor) throws org.springframework.aop.framework.AopConfigException
21:59:36.779 [main] DEBUG o.s.aop.framework.CglibAopProxy - Method is declared on Advised interface: public abstract void org.springframework.aop.framework.Advised.setPreFiltered(boolean)
21:59:36.779 [main] DEBUG o.s.aop.framework.CglibAopProxy - Method is declared on Advised interface: public abstract void org.springframework.aop.framework.Advised.setExposeProxy(boolean)
21:59:36.779 [main] DEBUG o.s.aop.framework.CglibAopProxy - Method is declared on Advised interface: public abstract boolean org.springframework.aop.framework.Advised.isExposeProxy()
21:59:36.779 [main] DEBUG o.s.aop.framework.CglibAopProxy - Method is declared on Advised interface: public abstract boolean org.springframework.aop.framework.Advised.isPreFiltered()
21:59:36.779 [main] DEBUG o.s.aop.framework.CglibAopProxy - Method is declared on Advised interface: public abstract java.lang.Class[] org.springframework.aop.framework.Advised.getProxiedInterfaces()
21:59:36.779 [main] DEBUG o.s.aop.framework.CglibAopProxy - Method is declared on Advised interface: public abstract boolean org.springframework.aop.framework.Advised.isInterfaceProxied(java.lang.Class)
21:59:36.779 [main] DEBUG o.s.aop.framework.CglibAopProxy - Method is declared on Advised interface: public abstract org.springframework.aop.Advisor[] org.springframework.aop.framework.Advised.getAdvisors()
21:59:36.779 [main] DEBUG o.s.aop.framework.CglibAopProxy - Method is declared on Advised interface: public abstract void org.springframework.aop.framework.Advised.removeAdvisor(int) throws org.springframework.aop.framework.AopConfigException
21:59:36.779 [main] DEBUG o.s.aop.framework.CglibAopProxy - Method is declared on Advised interface: public abstract boolean org.springframework.aop.framework.Advised.removeAdvisor(org.springframework.aop.Advisor)
21:59:36.779 [main] DEBUG o.s.aop.framework.CglibAopProxy - Method is declared on Advised interface: public abstract boolean org.springframework.aop.framework.Advised.replaceAdvisor(org.springframework.aop.Advisor,org.springframework.aop.Advisor) throws org.springframework.aop.framework.AopConfigException
21:59:36.779 [main] DEBUG o.s.aop.framework.CglibAopProxy - Method is declared on Advised interface: public abstract boolean org.springframework.aop.framework.Advised.removeAdvice(org.aopalliance.aop.Advice)
21:59:36.779 [main] DEBUG o.s.aop.framework.CglibAopProxy - Method is declared on Advised interface: public abstract java.lang.String org.springframework.aop.framework.Advised.toProxyConfigString()
21:59:36.779 [main] DEBUG o.s.aop.framework.CglibAopProxy - Method is declared on Advised interface: public abstract void org.springframework.aop.framework.Advised.addAdvice(int,org.aopalliance.aop.Advice) throws org.springframework.aop.framework.AopConfigException
21:59:36.779 [main] DEBUG o.s.aop.framework.CglibAopProxy - Method is declared on Advised interface: public abstract void org.springframework.aop.framework.Advised.addAdvice(org.aopalliance.aop.Advice) throws org.springframework.aop.framework.AopConfigException
21:59:36.779 [main] DEBUG o.s.aop.framework.CglibAopProxy - Method is declared on Advised interface: public abstract int org.springframework.aop.framework.Advised.indexOf(org.aopalliance.aop.Advice)
21:59:36.779 [main] DEBUG o.s.aop.framework.CglibAopProxy - Method is declared on Advised interface: public abstract int org.springframework.aop.framework.Advised.indexOf(org.springframework.aop.Advisor)
21:59:36.779 [main] DEBUG o.s.aop.framework.CglibAopProxy - Method is declared on Advised interface: public abstract boolean org.springframework.aop.framework.Advised.isFrozen()
21:59:36.779 [main] DEBUG o.s.aop.framework.CglibAopProxy - Method is declared on Advised interface: public abstract java.lang.Class org.springframework.aop.TargetClassAware.getTargetClass()
21:59:36.784 [main] DEBUG o.s.b.f.s.DefaultListableBeanFactory - Finished creating instance of bean &apos;patientController&apos;
21:59:36.784 [main] DEBUG o.s.b.f.s.DefaultListableBeanFactory - Creating shared instance of singleton bean &apos;passwordController&apos;
21:59:36.784 [main] DEBUG o.s.b.f.s.DefaultListableBeanFactory - Creating instance of bean &apos;passwordController&apos;
21:59:36.784 [main] DEBUG o.s.b.f.s.DefaultListableBeanFactory - Eagerly caching bean &apos;passwordController&apos; to allow for resolving potential circular references
21:59:36.784 [main] DEBUG o.s.b.f.s.DefaultListableBeanFactory - Returning cached instance of singleton bean &apos;metaDataSourceAdvisor&apos;
21:59:36.784 [main] DEBUG o.s.b.f.s.DefaultListableBeanFactory - Finished creating instance of bean &apos;passwordController&apos;
21:59:36.784 [main] DEBUG o.s.b.f.s.DefaultListableBeanFactory - Creating shared instance of singleton bean &apos;userController&apos;
21:59:36.784 [main] DEBUG o.s.b.f.s.DefaultListableBeanFactory - Creating instance of bean &apos;userController&apos;
21:59:36.784 [main] DEBUG o.s.b.f.s.DefaultListableBeanFactory - Eagerly caching bean &apos;userController&apos; to allow for resolving potential circular references
21:59:36.785 [main] DEBUG o.s.b.f.s.DefaultListableBeanFactory - Returning cached instance of singleton bean &apos;metaDataSourceAdvisor&apos;
21:59:36.785 [main] DEBUG o.s.s.a.p.PrePostAnnotationSecurityMetadataSource - @org.springframework.security.access.prepost.PreAuthorize(value=hasRole(&apos;ROLE_HCP&apos;) or hasRole(&apos;ROLE_ADMIN&apos;)) found on specific method: public java.lang.String edu.ncsu.csc.itrust2.controllers.personnel.UserController.viewDemographics(org.springframework.ui.Model)
21:59:36.785 [main] DEBUG o.s.s.a.m.DelegatingMethodSecurityMetadataSource - Caching method [CacheKey[edu.ncsu.csc.itrust2.controllers.personnel.UserController; public java.lang.String edu.ncsu.csc.itrust2.controllers.personnel.UserController.viewDemographics(org.springframework.ui.Model)]] with attributes [[authorize: &apos;hasRole(&apos;ROLE_HCP&apos;) or hasRole(&apos;ROLE_ADMIN&apos;)&apos;, filter: &apos;null&apos;, filterTarget: &apos;null&apos;]]
21:59:36.785 [main] DEBUG o.s.a.f.a.InfrastructureAdvisorAutoProxyCreator - Creating implicit proxy for bean &apos;userController&apos; with 0 common interceptors and 1 specific interceptors
21:59:36.785 [main] DEBUG o.s.aop.framework.CglibAopProxy - Creating CGLIB proxy: target source is SingletonTargetSource for target object [edu.ncsu.csc.itrust2.controllers.personnel.UserController@408e8235]
21:59:36.785 [main] DEBUG o.s.aop.framework.CglibAopProxy - Unable to apply any optimisations to advised method: public java.lang.String edu.ncsu.csc.itrust2.controllers.personnel.UserController.viewDemographics(org.springframework.ui.Model)
21:59:36.785 [main] DEBUG o.s.s.a.p.PrePostAnnotationSecurityMetadataSource - @org.springframework.security.access.prepost.PreAuthorize(value=hasRole(&apos;ROLE_HCP&apos;) or hasRole(&apos;ROLE_ADMIN&apos;)) found on specific method: public java.lang.String edu.ncsu.csc.itrust2.controllers.personnel.UserController.demographicsSubmit(edu.ncsu.csc.itrust2.forms.personnel.PersonnelForm,org.springframework.validation.BindingResult,org.springframework.ui.Model)
21:59:36.785 [main] DEBUG o.s.s.a.m.DelegatingMethodSecurityMetadataSource - Caching method [CacheKey[edu.ncsu.csc.itrust2.controllers.personnel.UserController; public java.lang.String edu.ncsu.csc.itrust2.controllers.personnel.UserController.demographicsSubmit(edu.ncsu.csc.itrust2.forms.personnel.PersonnelForm,org.springframework.validation.BindingResult,org.springframework.ui.Model)]] with attributes [[authorize: &apos;hasRole(&apos;ROLE_HCP&apos;) or hasRole(&apos;ROLE_ADMIN&apos;)&apos;, filter: &apos;null&apos;, filterTarget: &apos;null&apos;]]
21:59:36.785 [main] DEBUG o.s.aop.framework.CglibAopProxy - Unable to apply any optimisations to advised method: public java.lang.String edu.ncsu.csc.itrust2.controllers.personnel.UserController.demographicsSubmit(edu.ncsu.csc.itrust2.forms.personnel.PersonnelForm,org.springframework.validation.BindingResult,org.springframework.ui.Model)
21:59:36.785 [main] DEBUG o.s.aop.framework.CglibAopProxy - Found &apos;equals&apos; method: public boolean java.lang.Object.equals(java.lang.Object)
21:59:36.785 [main] DEBUG o.s.aop.framework.CglibAopProxy - Unable to apply any optimisations to advised method: public java.lang.String java.lang.Object.toString()
21:59:36.785 [main] DEBUG o.s.aop.framework.CglibAopProxy - Found &apos;hashCode&apos; method: public native int java.lang.Object.hashCode()
21:59:36.785 [main] DEBUG o.s.aop.framework.CglibAopProxy - Unable to apply any optimisations to advised method: protected native java.lang.Object java.lang.Object.clone() throws java.lang.CloneNotSupportedException
21:59:36.786 [main] DEBUG o.s.aop.framework.CglibAopProxy - Method is declared on Advised interface: public abstract void org.springframework.aop.framework.Advised.setTargetSource(org.springframework.aop.TargetSource)
21:59:36.786 [main] DEBUG o.s.aop.framework.CglibAopProxy - Method is declared on Advised interface: public abstract org.springframework.aop.TargetSource org.springframework.aop.framework.Advised.getTargetSource()
21:59:36.786 [main] DEBUG o.s.aop.framework.CglibAopProxy - Method is declared on Advised interface: public abstract boolean org.springframework.aop.framework.Advised.isProxyTargetClass()
21:59:36.786 [main] DEBUG o.s.aop.framework.CglibAopProxy - Method is declared on Advised interface: public abstract void org.springframework.aop.framework.Advised.addAdvisor(org.springframework.aop.Advisor) throws org.springframework.aop.framework.AopConfigException
21:59:36.786 [main] DEBUG o.s.aop.framework.CglibAopProxy - Method is declared on Advised interface: public abstract void org.springframework.aop.framework.Advised.addAdvisor(int,org.springframework.aop.Advisor) throws org.springframework.aop.framework.AopConfigException
21:59:36.786 [main] DEBUG o.s.aop.framework.CglibAopProxy - Method is declared on Advised interface: public abstract void org.springframework.aop.framework.Advised.setPreFiltered(boolean)
21:59:36.786 [main] DEBUG o.s.aop.framework.CglibAopProxy - Method is declared on Advised interface: public abstract void org.springframework.aop.framework.Advised.setExposeProxy(boolean)
21:59:36.786 [main] DEBUG o.s.aop.framework.CglibAopProxy - Method is declared on Advised interface: public abstract boolean org.springframework.aop.framework.Advised.isExposeProxy()
21:59:36.786 [main] DEBUG o.s.aop.framework.CglibAopProxy - Method is declared on Advised interface: public abstract boolean org.springframework.aop.framework.Advised.isPreFiltered()
21:59:36.786 [main] DEBUG o.s.aop.framework.CglibAopProxy - Method is declared on Advised interface: public abstract java.lang.Class[] org.springframework.aop.framework.Advised.getProxiedInterfaces()
21:59:36.786 [main] DEBUG o.s.aop.framework.CglibAopProxy - Method is declared on Advised interface: public abstract boolean org.springframework.aop.framework.Advised.isInterfaceProxied(java.lang.Class)
21:59:36.786 [main] DEBUG o.s.aop.framework.CglibAopProxy - Method is declared on Advised interface: public abstract org.springframework.aop.Advisor[] org.springframework.aop.framework.Advised.getAdvisors()
21:59:36.786 [main] DEBUG o.s.aop.framework.CglibAopProxy - Method is declared on Advised interface: public abstract void org.springframework.aop.framework.Advised.removeAdvisor(int) throws org.springframework.aop.framework.AopConfigException
21:59:36.786 [main] DEBUG o.s.aop.framework.CglibAopProxy - Method is declared on Advised interface: public abstract boolean org.springframework.aop.framework.Advised.removeAdvisor(org.springframework.aop.Advisor)
21:59:36.786 [main] DEBUG o.s.aop.framework.CglibAopProxy - Method is declared on Advised interface: public abstract boolean org.springframework.aop.framework.Advised.replaceAdvisor(org.springframework.aop.Advisor,org.springframework.aop.Advisor) throws org.springframework.aop.framework.AopConfigException
21:59:36.786 [main] DEBUG o.s.aop.framework.CglibAopProxy - Method is declared on Advised interface: public abstract boolean org.springframework.aop.framework.Advised.removeAdvice(org.aopalliance.aop.Advice)
21:59:36.786 [main] DEBUG o.s.aop.framework.CglibAopProxy - Method is declared on Advised interface: public abstract java.lang.String org.springframework.aop.framework.Advised.toProxyConfigString()
21:59:36.786 [main] DEBUG o.s.aop.framework.CglibAopProxy - Method is declared on Advised interface: public abstract void org.springframework.aop.framework.Advised.addAdvice(int,org.aopalliance.aop.Advice) throws org.springframework.aop.framework.AopConfigException
21:59:36.786 [main] DEBUG o.s.aop.framework.CglibAopProxy - Method is declared on Advised interface: public abstract void org.springframework.aop.framework.Advised.addAdvice(org.aopalliance.aop.Advice) throws org.springframework.aop.framework.AopConfigException
21:59:36.786 [main] DEBUG o.s.aop.framework.CglibAopProxy - Method is declared on Advised interface: public abstract int org.springframework.aop.framework.Advised.indexOf(org.aopalliance.aop.Advice)
21:59:36.786 [main] DEBUG o.s.aop.framework.CglibAopProxy - Method is declared on Advised interface: public abstract int org.springframework.aop.framework.Advised.indexOf(org.springframework.aop.Advisor)
21:59:36.786 [main] DEBUG o.s.aop.framework.CglibAopProxy - Method is declared on Advised interface: public abstract boolean org.springframework.aop.framework.Advised.isFrozen()
21:59:36.786 [main] DEBUG o.s.aop.framework.CglibAopProxy - Method is declared on Advised interface: public abstract java.lang.Class org.springframework.aop.TargetClassAware.getTargetClass()
21:59:36.790 [main] DEBUG o.s.b.f.s.DefaultListableBeanFactory - Finished creating instance of bean &apos;userController&apos;
21:59:36.790 [main] DEBUG o.s.b.f.s.DefaultListableBeanFactory - Returning cached instance of singleton bean &apos;dataSource&apos;
21:59:36.790 [main] DEBUG o.s.b.f.s.DefaultListableBeanFactory - Returning cached instance of singleton bean &apos;org.springframework.security.config.annotation.configuration.ObjectPostProcessorConfiguration&apos;
21:59:36.790 [main] DEBUG o.s.b.f.s.DefaultListableBeanFactory - Returning cached instance of singleton bean &apos;objectPostProcessor&apos;
21:59:36.790 [main] DEBUG o.s.b.f.s.DefaultListableBeanFactory - Returning cached instance of singleton bean &apos;org.springframework.security.config.annotation.authentication.configuration.AuthenticationConfiguration&apos;
21:59:36.790 [main] DEBUG o.s.b.f.s.DefaultListableBeanFactory - Returning cached instance of singleton bean &apos;authenticationManagerBuilder&apos;
21:59:36.790 [main] DEBUG o.s.b.f.s.DefaultListableBeanFactory - Returning cached instance of singleton bean &apos;enableGlobalAuthenticationAutowiredConfigurer&apos;
21:59:36.790 [main] DEBUG o.s.b.f.s.DefaultListableBeanFactory - Returning cached instance of singleton bean &apos;initializeUserDetailsBeanManagerConfigurer&apos;
21:59:36.790 [main] DEBUG o.s.b.f.s.DefaultListableBeanFactory - Returning cached instance of singleton bean &apos;initializeAuthenticationProviderBeanManagerConfigurer&apos;
21:59:36.790 [main] DEBUG o.s.b.f.s.DefaultListableBeanFactory - Creating shared instance of singleton bean &apos;org.springframework.security.config.annotation.web.configuration.WebSecurityConfiguration&apos;
21:59:36.790 [main] DEBUG o.s.b.f.s.DefaultListableBeanFactory - Creating instance of bean &apos;org.springframework.security.config.annotation.web.configuration.WebSecurityConfiguration&apos;
21:59:36.792 [main] DEBUG o.s.b.f.annotation.InjectionMetadata - Registered injected element on class [org.springframework.security.config.annotation.web.configuration.WebSecurityConfiguration$$EnhancerBySpringCGLIB$$150881e6]: AutowiredFieldElement for private org.springframework.security.config.annotation.ObjectPostProcessor org.springframework.security.config.annotation.web.configuration.WebSecurityConfiguration.objectObjectPostProcessor
21:59:36.792 [main] DEBUG o.s.b.f.annotation.InjectionMetadata - Registered injected element on class [org.springframework.security.config.annotation.web.configuration.WebSecurityConfiguration$$EnhancerBySpringCGLIB$$150881e6]: AutowiredMethodElement for public void org.springframework.security.config.annotation.web.configuration.WebSecurityConfiguration.setFilterChainProxySecurityConfigurer(org.springframework.security.config.annotation.ObjectPostProcessor,java.util.List) throws java.lang.Exception
21:59:36.792 [main] DEBUG o.s.b.f.s.DefaultListableBeanFactory - Eagerly caching bean &apos;org.springframework.security.config.annotation.web.configuration.WebSecurityConfiguration&apos; to allow for resolving potential circular references
21:59:36.792 [main] DEBUG o.s.b.f.annotation.InjectionMetadata - Processing injected element of bean &apos;org.springframework.security.config.annotation.web.configuration.WebSecurityConfiguration&apos;: AutowiredFieldElement for private org.springframework.security.config.annotation.ObjectPostProcessor org.springframework.security.config.annotation.web.configuration.WebSecurityConfiguration.objectObjectPostProcessor
21:59:36.792 [main] DEBUG o.s.b.f.s.DefaultListableBeanFactory - Returning cached instance of singleton bean &apos;objectPostProcessor&apos;
21:59:36.792 [main] DEBUG o.s.b.f.a.AutowiredAnnotationBeanPostProcessor - Autowiring by type from bean name &apos;org.springframework.security.config.annotation.web.configuration.WebSecurityConfiguration&apos; to bean named &apos;objectPostProcessor&apos;
21:59:36.792 [main] DEBUG o.s.b.f.annotation.InjectionMetadata - Processing injected element of bean &apos;org.springframework.security.config.annotation.web.configuration.WebSecurityConfiguration&apos;: AutowiredMethodElement for public void org.springframework.security.config.annotation.web.configuration.WebSecurityConfiguration.setFilterChainProxySecurityConfigurer(org.springframework.security.config.annotation.ObjectPostProcessor,java.util.List) throws java.lang.Exception
21:59:36.793 [main] DEBUG o.s.b.f.s.DefaultListableBeanFactory - Returning cached instance of singleton bean &apos;objectPostProcessor&apos;
21:59:36.793 [main] DEBUG o.s.b.f.s.DefaultListableBeanFactory - Creating shared instance of singleton bean &apos;autowiredWebSecurityConfigurersIgnoreParents&apos;
21:59:36.793 [main] DEBUG o.s.b.f.s.DefaultListableBeanFactory - Creating instance of bean &apos;autowiredWebSecurityConfigurersIgnoreParents&apos;
21:59:36.793 [main] DEBUG o.s.b.f.s.DefaultListableBeanFactory - Returning cached instance of singleton bean &apos;metaDataSourceAdvisor&apos;
21:59:36.794 [main] DEBUG o.s.b.f.s.DefaultListableBeanFactory - Returning eagerly cached instance of singleton bean &apos;org.springframework.security.config.annotation.web.configuration.WebSecurityConfiguration&apos; that is not fully initialized yet - a consequence of a circular reference
21:59:36.795 [main] DEBUG o.s.b.f.s.DefaultListableBeanFactory - Autowiring by type from bean name &apos;autowiredWebSecurityConfigurersIgnoreParents&apos; via factory method to bean named &apos;org.springframework.beans.factory.support.DefaultListableBeanFactory@15fe3f22&apos;
21:59:36.796 [main] DEBUG o.s.b.f.s.DefaultListableBeanFactory - Eagerly caching bean &apos;autowiredWebSecurityConfigurersIgnoreParents&apos; to allow for resolving potential circular references
21:59:36.796 [main] DEBUG o.s.b.f.s.DefaultListableBeanFactory - Returning cached instance of singleton bean &apos;metaDataSourceAdvisor&apos;
21:59:36.796 [main] DEBUG o.s.b.f.s.DefaultListableBeanFactory - Finished creating instance of bean &apos;autowiredWebSecurityConfigurersIgnoreParents&apos;
21:59:36.796 [main] DEBUG o.s.b.f.s.DefaultListableBeanFactory - Returning cached instance of singleton bean &apos;securityConfig&apos;
21:59:36.796 [main] DEBUG o.s.b.f.a.AutowiredAnnotationBeanPostProcessor - Autowiring by type from bean name &apos;org.springframework.security.config.annotation.web.configuration.WebSecurityConfiguration&apos; to bean named &apos;objectPostProcessor&apos;
21:59:36.796 [main] DEBUG o.s.b.f.s.DefaultListableBeanFactory - Returning cached instance of singleton bean &apos;metaDataSourceAdvisor&apos;
21:59:36.800 [main] DEBUG o.s.b.f.s.DefaultListableBeanFactory - Returning cached instance of singleton bean &apos;org.springframework.context.annotation.ConfigurationClassPostProcessor.importRegistry&apos;
21:59:36.800 [main] DEBUG o.s.b.f.s.DefaultListableBeanFactory - Finished creating instance of bean &apos;org.springframework.security.config.annotation.web.configuration.WebSecurityConfiguration&apos;
21:59:36.800 [main] DEBUG o.s.b.f.s.DefaultListableBeanFactory - Creating shared instance of singleton bean &apos;delegatingApplicationListener&apos;
21:59:36.800 [main] DEBUG o.s.b.f.s.DefaultListableBeanFactory - Creating instance of bean &apos;delegatingApplicationListener&apos;
21:59:36.800 [main] DEBUG o.s.b.f.s.DefaultListableBeanFactory - Eagerly caching bean &apos;delegatingApplicationListener&apos; to allow for resolving potential circular references
21:59:36.801 [main] DEBUG o.s.b.f.s.DefaultListableBeanFactory - Returning cached instance of singleton bean &apos;metaDataSourceAdvisor&apos;
21:59:36.801 [main] DEBUG o.s.b.f.s.DefaultListableBeanFactory - Finished creating instance of bean &apos;delegatingApplicationListener&apos;
21:59:36.801 [main] DEBUG o.s.b.f.s.DefaultListableBeanFactory - Creating shared instance of singleton bean &apos;springSecurityFilterChain&apos;
21:59:36.801 [main] DEBUG o.s.b.f.s.DefaultListableBeanFactory - Creating instance of bean &apos;springSecurityFilterChain&apos;
21:59:36.801 [main] DEBUG o.s.b.f.s.DefaultListableBeanFactory - Returning cached instance of singleton bean &apos;org.springframework.security.config.annotation.web.configuration.WebSecurityConfiguration&apos;
21:59:36.801 [main] DEBUG o.s.b.f.s.DefaultListableBeanFactory - Returning cached instance of singleton bean &apos;metaDataSourceAdvisor&apos;
21:59:36.802 [main] DEBUG o.s.b.f.s.DefaultListableBeanFactory - Returning cached instance of singleton bean &apos;webMvcConfiguration&apos;
21:59:36.802 [main] DEBUG o.s.b.f.s.DefaultListableBeanFactory - Returning cached instance of singleton bean &apos;securityConfig&apos;
21:59:36.802 [main] DEBUG o.s.s.c.a.a.c.AuthenticationConfiguration$EnableGlobalAuthenticationAutowiredConfigurer - Eagerly initializing {webMvcConfiguration=edu.ncsu.csc.itrust2.mvc.config.WebMvcConfiguration$$EnhancerBySpringCGLIB$$de7b09d5@2129f48b, securityConfig=edu.ncsu.csc.itrust2.config.SecurityConfig$$EnhancerBySpringCGLIB$$f88fd361@6868f916}
21:59:36.802 [main] DEBUG o.s.b.f.s.DefaultListableBeanFactory - Invoking afterPropertiesSet() on bean with name &apos;org.springframework.security.authentication.dao.DaoAuthenticationProvider@4ecdface&apos;
21:59:36.802 [main] DEBUG o.s.b.f.s.DefaultListableBeanFactory - Returning cached instance of singleton bean &apos;metaDataSourceAdvisor&apos;
21:59:36.804 [main] DEBUG o.s.b.f.s.DefaultListableBeanFactory - Invoking afterPropertiesSet() on bean with name &apos;org.springframework.security.authentication.ProviderManager@11f8517a&apos;
21:59:36.804 [main] DEBUG o.s.b.f.s.DefaultListableBeanFactory - Returning cached instance of singleton bean &apos;metaDataSourceAdvisor&apos;
21:59:36.806 [main] DEBUG o.s.b.f.s.DefaultListableBeanFactory - Returning cached instance of singleton bean &apos;authenticationManagerBuilder&apos;
21:59:36.806 [main] DEBUG o.s.w.c.s.StandardServletEnvironment - Adding [servletConfigInitParams] PropertySource with lowest search precedence
21:59:36.806 [main] DEBUG o.s.w.c.s.StandardServletEnvironment - Adding [servletContextInitParams] PropertySource with lowest search precedence
21:59:36.806 [main] DEBUG o.s.w.c.s.StandardServletEnvironment - Adding [systemProperties] PropertySource with lowest search precedence
21:59:36.806 [main] DEBUG o.s.w.c.s.StandardServletEnvironment - Adding [systemEnvironment] PropertySource with lowest search precedence
21:59:36.806 [main] DEBUG o.s.w.c.s.StandardServletEnvironment - Initialized StandardServletEnvironment with PropertySources [servletConfigInitParams,servletContextInitParams,systemProperties,systemEnvironment]
21:59:36.806 [main] DEBUG o.s.w.c.s.StandardServletEnvironment - Adding [servletConfigInitParams] PropertySource with lowest search precedence
21:59:36.806 [main] DEBUG o.s.w.c.s.StandardServletEnvironment - Adding [servletContextInitParams] PropertySource with lowest search precedence
21:59:36.806 [main] DEBUG o.s.w.c.s.StandardServletEnvironment - Adding [systemProperties] PropertySource with lowest search precedence
21:59:36.806 [main] DEBUG o.s.w.c.s.StandardServletEnvironment - Adding [systemEnvironment] PropertySource with lowest search precedence
21:59:36.806 [main] DEBUG o.s.w.c.s.StandardServletEnvironment - Initialized StandardServletEnvironment with PropertySources [servletConfigInitParams,servletContextInitParams,systemProperties,systemEnvironment]
21:59:36.806 [main] DEBUG o.s.w.c.s.StandardServletEnvironment - Adding [servletConfigInitParams] PropertySource with lowest search precedence
21:59:36.806 [main] DEBUG o.s.w.c.s.StandardServletEnvironment - Adding [servletContextInitParams] PropertySource with lowest search precedence
21:59:36.806 [main] DEBUG o.s.w.c.s.StandardServletEnvironment - Adding [systemProperties] PropertySource with lowest search precedence
21:59:36.806 [main] DEBUG o.s.w.c.s.StandardServletEnvironment - Adding [systemEnvironment] PropertySource with lowest search precedence
21:59:36.806 [main] DEBUG o.s.w.c.s.StandardServletEnvironment - Initialized StandardServletEnvironment with PropertySources [servletConfigInitParams,servletContextInitParams,systemProperties,systemEnvironment]
21:59:36.808 [main] DEBUG o.s.b.f.s.DefaultListableBeanFactory - Creating shared instance of singleton bean &apos;ipBlockFilter&apos;
21:59:36.808 [main] DEBUG o.s.b.f.s.DefaultListableBeanFactory - Creating instance of bean &apos;ipBlockFilter&apos;
21:59:36.808 [main] DEBUG o.s.b.f.s.DefaultListableBeanFactory - Returning cached instance of singleton bean &apos;securityConfig&apos;
21:59:36.808 [main] DEBUG o.s.w.c.s.StandardServletEnvironment - Adding [servletConfigInitParams] PropertySource with lowest search precedence
21:59:36.808 [main] DEBUG o.s.w.c.s.StandardServletEnvironment - Adding [servletContextInitParams] PropertySource with lowest search precedence
21:59:36.808 [main] DEBUG o.s.w.c.s.StandardServletEnvironment - Adding [systemProperties] PropertySource with lowest search precedence
21:59:36.808 [main] DEBUG o.s.w.c.s.StandardServletEnvironment - Adding [systemEnvironment] PropertySource with lowest search precedence
21:59:36.808 [main] DEBUG o.s.w.c.s.StandardServletEnvironment - Initialized StandardServletEnvironment with PropertySources [servletConfigInitParams,servletContextInitParams,systemProperties,systemEnvironment]
21:59:36.808 [main] DEBUG o.s.b.f.s.DefaultListableBeanFactory - Eagerly caching bean &apos;ipBlockFilter&apos; to allow for resolving potential circular references
21:59:36.810 [main] DEBUG o.s.b.f.s.DefaultListableBeanFactory - Invoking afterPropertiesSet() on bean with name &apos;ipBlockFilter&apos;
21:59:36.810 [main] DEBUG o.s.b.f.s.DefaultListableBeanFactory - Returning cached instance of singleton bean &apos;metaDataSourceAdvisor&apos;
21:59:36.811 [main] DEBUG o.s.b.f.s.DefaultListableBeanFactory - Finished creating instance of bean &apos;ipBlockFilter&apos;
21:59:36.811 [main] DEBUG o.s.w.c.s.StandardServletEnvironment - Adding [servletConfigInitParams] PropertySource with lowest search precedence
21:59:36.811 [main] DEBUG o.s.w.c.s.StandardServletEnvironment - Adding [servletContextInitParams] PropertySource with lowest search precedence
21:59:36.811 [main] DEBUG o.s.w.c.s.StandardServletEnvironment - Adding [systemProperties] PropertySource with lowest search precedence
21:59:36.811 [main] DEBUG o.s.w.c.s.StandardServletEnvironment - Adding [systemEnvironment] PropertySource with lowest search precedence
21:59:36.811 [main] DEBUG o.s.w.c.s.StandardServletEnvironment - Initialized StandardServletEnvironment with PropertySources [servletConfigInitParams,servletContextInitParams,systemProperties,systemEnvironment]
21:59:36.811 [main] DEBUG o.s.b.f.s.DefaultListableBeanFactory - Retrieved dependent beans for bean &apos;springSecurityFilterChain&apos;: [webSecurityExpressionHandler]
21:59:36.811 [main] WARN  o.s.w.c.s.GenericWebApplicationContext - Exception encountered during context initialization - cancelling refresh attempt: org.springframework.beans.factory.BeanCreationException: Error creating bean with name &apos;springSecurityFilterChain&apos; defined in class path resource [org/springframework/security/config/annotation/web/configuration/WebSecurityConfiguration.class]: Bean instantiation via factory method failed; nested exception is org.springframework.beans.BeanInstantiationException: Failed to instantiate [javax.servlet.Filter]: Factory method &apos;springSecurityFilterChain&apos; threw exception; nested exception is java.lang.IllegalArgumentException: &apos;Savings Account?error&apos; is not a valid redirect URL
21:59:36.811 [main] DEBUG o.s.b.f.s.DefaultListableBeanFactory - Destroying singletons in org.springframework.beans.factory.support.DefaultListableBeanFactory@15fe3f22: defining beans [org.springframework.context.annotation.internalConfigurationAnnotationProcessor,org.springframework.context.annotation.internalAutowiredAnnotationProcessor,org.springframework.context.annotation.internalRequiredAnnotationProcessor,org.springframework.context.annotation.internalCommonAnnotationProcessor,org.springframework.context.annotation.internalPersistenceAnnotationProcessor,org.springframework.context.event.internalEventListenerProcessor,org.springframework.context.event.internalEventListenerFactory,rootConfiguration,webMvcConfiguration,dataConfiguration,loginAuditingListener,securityConfig,defaultController,adminController,adminUserController,hospitalController,ICDCodesController,APIAppointmentRequestController,APIDiagnosisController,APIDrugController,APIEnumController,APIHospitalController,APIICDCodeController,APILogEntryController,APIOfficeVisitController,APIPasswordController,APIPatientController,APIPersonnelController,APIPrescriptionController,APIUserController,appointmentControllerHCP,HCPController,officeVisitController,appointmentController,diagnosesController,patientController,passwordController,userController,dataSource,org.springframework.security.config.annotation.configuration.ObjectPostProcessorConfiguration,objectPostProcessor,org.springframework.security.config.annotation.authentication.configuration.AuthenticationConfiguration,authenticationManagerBuilder,enableGlobalAuthenticationAutowiredConfigurer,initializeUserDetailsBeanManagerConfigurer,initializeAuthenticationProviderBeanManagerConfigurer,org.springframework.security.config.annotation.web.configuration.WebSecurityConfiguration,delegatingApplicationListener,webSecurityExpressionHandler,springSecurityFilterChain,privilegeEvaluator,autowiredWebSecurityConfigurersIgnoreParents,org.springframework.security.config.annotation.web.configuration.WebMvcSecurityConfiguration,requestDataValueProcessor,passwordEncoder,defaultAuthenticationEventPublisher,failureHandler,ipBlockFilter,org.springframework.web.servlet.config.annotation.DelegatingWebMvcConfiguration,mvcConversionService,requestMappingHandlerMapping,mvcPathMatcher,mvcUrlPathHelper,mvcContentNegotiationManager,viewControllerHandlerMapping,beanNameHandlerMapping,resourceHandlerMapping,mvcResourceUrlProvider,defaultServletHandlerMapping,requestMappingHandlerAdapter,mvcValidator,mvcUriComponentsContributor,httpRequestHandlerAdapter,simpleControllerHandlerAdapter,handlerExceptionResolver,mvcViewResolver,org.springframework.security.config.annotation.method.configuration.GlobalMethodSecurityConfiguration,methodSecurityInterceptor,methodSecurityMetadataSource,preInvocationAuthorizationAdvice,viewResolver,templateEngine,domainClassConverter,metaDataSourceAdvisor,org.springframework.aop.config.internalAutoProxyCreator]; root of factory hierarchy
21:59:36.811 [main] DEBUG o.s.b.f.s.DisposableBeanAdapter - Invoking destroy() on bean with name &apos;ipBlockFilter&apos;
21:59:36.811 [main] DEBUG o.s.b.f.s.DefaultListableBeanFactory - Retrieved dependent beans for bean &apos;objectPostProcessor&apos;: [org.springframework.security.config.annotation.method.configuration.GlobalMethodSecurityConfiguration, securityConfig, org.springframework.security.config.annotation.authentication.configuration.AuthenticationConfiguration, authenticationManagerBuilder, org.springframework.security.config.annotation.web.configuration.WebSecurityConfiguration]
21:59:36.812 [main] DEBUG o.s.b.f.s.DisposableBeanAdapter - Invoking destroy() on bean with name &apos;objectPostProcessor&apos;
21:59:36.813 [main] ERROR o.s.test.context.TestContextManager - Caught exception while allowing TestExecutionListener [org.springframework.test.context.web.ServletTestExecutionListener@2808eac4] to prepare test instance [edu.ncsu.csc.itrust2.apitest.APIPasswordTest@22a3dcb2]
java.lang.IllegalStateException: Failed to load ApplicationContext
	at org.springframework.test.context.cache.DefaultCacheAwareContextLoaderDelegate.loadContext(DefaultCacheAwareContextLoaderDelegate.java:124) ~[spring-test-4.3.5.RELEASE.jar:4.3.5.RELEASE]
	at org.springframework.test.context.support.DefaultTestContext.getApplicationContext(DefaultTestContext.java:83) ~[spring-test-4.3.5.RELEASE.jar:4.3.5.RELEASE]
	at org.springframework.test.context.web.ServletTestExecutionListener.setUpRequestContextIfNecessary(ServletTestExecutionListener.java:189) ~[spring-test-4.3.5.RELEASE.jar:4.3.5.RELEASE]
	at org.springframework.test.context.web.ServletTestExecutionListener.prepareTestInstance(ServletTestExecutionListener.java:131) ~[spring-test-4.3.5.RELEASE.jar:4.3.5.RELEASE]
	at org.springframework.test.context.TestContextManager.prepareTestInstance(TestContextManager.java:230) ~[spring-test-4.3.5.RELEASE.jar:4.3.5.RELEASE]
	at org.springframework.test.context.junit4.SpringJUnit4ClassRunner.createTest(SpringJUnit4ClassRunner.java:228) [spring-test-4.3.5.RELEASE.jar:4.3.5.RELEASE]
	at org.springframework.test.context.junit4.SpringJUnit4ClassRunner$1.runReflectiveCall(SpringJUnit4ClassRunner.java:287) [spring-test-4.3.5.RELEASE.jar:4.3.5.RELEASE]
	at org.junit.internal.runners.model.ReflectiveCallable.run(ReflectiveCallable.java:12) [junit-4.12.jar:4.12]
	at org.springframework.test.context.junit4.SpringJUnit4ClassRunner.methodBlock(SpringJUnit4ClassRunner.java:289) [spring-test-4.3.5.RELEASE.jar:4.3.5.RELEASE]
	at org.springframework.test.context.junit4.SpringJUnit4ClassRunner.runChild(SpringJUnit4ClassRunner.java:247) [spring-test-4.3.5.RELEASE.jar:4.3.5.RELEASE]
	at org.springframework.test.context.junit4.SpringJUnit4ClassRunner.runChild(SpringJUnit4ClassRunner.java:94) [spring-test-4.3.5.RELEASE.jar:4.3.5.RELEASE]
	at org.junit.runners.ParentRunner$3.run(ParentRunner.java:290) [junit-4.12.jar:4.12]
	at org.junit.runners.ParentRunner$1.schedule(ParentRunner.java:71) [junit-4.12.jar:4.12]
	at org.junit.runners.ParentRunner.runChildren(ParentRunner.java:288) [junit-4.12.jar:4.12]
	at org.junit.runners.ParentRunner.access$000(ParentRunner.java:58) [junit-4.12.jar:4.12]
	at org.junit.runners.ParentRunner$2.evaluate(ParentRunner.java:268) [junit-4.12.jar:4.12]
	at org.springframework.test.context.junit4.statements.RunBeforeTestClassCallbacks.evaluate(RunBeforeTestClassCallbacks.java:61) [spring-test-4.3.5.RELEASE.jar:4.3.5.RELEASE]
	at org.springframework.test.context.junit4.statements.RunAfterTestClassCallbacks.evaluate(RunAfterTestClassCallbacks.java:70) [spring-test-4.3.5.RELEASE.jar:4.3.5.RELEASE]
	at org.junit.runners.ParentRunner.run(ParentRunner.java:363) [junit-4.12.jar:4.12]
	at org.springframework.test.context.junit4.SpringJUnit4ClassRunner.run(SpringJUnit4ClassRunner.java:191) [spring-test-4.3.5.RELEASE.jar:4.3.5.RELEASE]
	at org.apache.maven.surefire.junit4.JUnit4Provider.execute(JUnit4Provider.java:365) [surefire-junit4-2.20.jar:2.20]
	at org.apache.maven.surefire.junit4.JUnit4Provider.executeWithRerun(JUnit4Provider.java:272) [surefire-junit4-2.20.jar:2.20]
	at org.apache.maven.surefire.junit4.JUnit4Provider.executeTestSet(JUnit4Provider.java:236) [surefire-junit4-2.20.jar:2.20]
	at org.apache.maven.surefire.junit4.JUnit4Provider.invoke(JUnit4Provider.java:159) [surefire-junit4-2.20.jar:2.20]
	at org.apache.maven.surefire.booter.ForkedBooter.invokeProviderInSameClassLoader(ForkedBooter.java:386) [surefire-booter-2.20.jar:2.20]
	at org.apache.maven.surefire.booter.ForkedBooter.runSuitesInProcess(ForkedBooter.java:323) [surefire-booter-2.20.jar:2.20]
	at org.apache.maven.surefire.booter.ForkedBooter.main(ForkedBooter.java:143) [surefire-booter-2.20.jar:2.20]
Caused by: org.springframework.beans.factory.BeanCreationException: Error creating bean with name &apos;springSecurityFilterChain&apos; defined in class path resource [org/springframework/security/config/annotation/web/configuration/WebSecurityConfiguration.class]: Bean instantiation via factory method failed; nested exception is org.springframework.beans.BeanInstantiationException: Failed to instantiate [javax.servlet.Filter]: Factory method &apos;springSecurityFilterChain&apos; threw exception; nested exception is java.lang.IllegalArgumentException: &apos;Savings Account?error&apos; is not a valid redirect URL
	at org.springframework.beans.factory.support.ConstructorResolver.instantiateUsingFactoryMethod(ConstructorResolver.java:599) ~[spring-beans-4.3.5.RELEASE.jar:4.3.5.RELEASE]
	at org.springframework.beans.factory.support.AbstractAutowireCapableBeanFactory.instantiateUsingFactoryMethod(AbstractAutowireCapableBeanFactory.java:1134) ~[spring-beans-4.3.5.RELEASE.jar:4.3.5.RELEASE]
	at org.springframework.beans.factory.support.AbstractAutowireCapableBeanFactory.createBeanInstance(AbstractAutowireCapableBeanFactory.java:1028) ~[spring-beans-4.3.5.RELEASE.jar:4.3.5.RELEASE]
	at org.springframework.beans.factory.support.AbstractAutowireCapableBeanFactory.doCreateBean(AbstractAutowireCapableBeanFactory.java:513) ~[spring-beans-4.3.5.RELEASE.jar:4.3.5.RELEASE]
	at org.springframework.beans.factory.support.AbstractAutowireCapableBeanFactory.createBean(AbstractAutowireCapableBeanFactory.java:483) ~[spring-beans-4.3.5.RELEASE.jar:4.3.5.RELEASE]
	at org.springframework.beans.factory.support.AbstractBeanFactory$1.getObject(AbstractBeanFactory.java:306) ~[spring-beans-4.3.5.RELEASE.jar:4.3.5.RELEASE]
	at org.springframework.beans.factory.support.DefaultSingletonBeanRegistry.getSingleton(DefaultSingletonBeanRegistry.java:230) ~[spring-beans-4.3.5.RELEASE.jar:4.3.5.RELEASE]
	at org.springframework.beans.factory.support.AbstractBeanFactory.doGetBean(AbstractBeanFactory.java:302) ~[spring-beans-4.3.5.RELEASE.jar:4.3.5.RELEASE]
	at org.springframework.beans.factory.support.AbstractBeanFactory.getBean(AbstractBeanFactory.java:197) ~[spring-beans-4.3.5.RELEASE.jar:4.3.5.RELEASE]
	at org.springframework.beans.factory.support.AbstractBeanFactory.doGetBean(AbstractBeanFactory.java:296) ~[spring-beans-4.3.5.RELEASE.jar:4.3.5.RELEASE]
	at org.springframework.beans.factory.support.AbstractBeanFactory.getBean(AbstractBeanFactory.java:197) ~[spring-beans-4.3.5.RELEASE.jar:4.3.5.RELEASE]
	at org.springframework.beans.factory.support.DefaultListableBeanFactory.preInstantiateSingletons(DefaultListableBeanFactory.java:759) ~[spring-beans-4.3.5.RELEASE.jar:4.3.5.RELEASE]
	at org.springframework.context.support.AbstractApplicationContext.finishBeanFactoryInitialization(AbstractApplicationContext.java:866) ~[spring-context-4.3.5.RELEASE.jar:4.3.5.RELEASE]
	at org.springframework.context.support.AbstractApplicationContext.refresh(AbstractApplicationContext.java:542) ~[spring-context-4.3.5.RELEASE.jar:4.3.5.RELEASE]
	at org.springframework.test.context.web.AbstractGenericWebContextLoader.loadContext(AbstractGenericWebContextLoader.java:134) ~[spring-test-4.3.5.RELEASE.jar:4.3.5.RELEASE]
	at org.springframework.test.context.web.AbstractGenericWebContextLoader.loadContext(AbstractGenericWebContextLoader.java:61) ~[spring-test-4.3.5.RELEASE.jar:4.3.5.RELEASE]
	at org.springframework.test.context.support.AbstractDelegatingSmartContextLoader.delegateLoading(AbstractDelegatingSmartContextLoader.java:108) ~[spring-test-4.3.5.RELEASE.jar:4.3.5.RELEASE]
	at org.springframework.test.context.support.AbstractDelegatingSmartContextLoader.loadContext(AbstractDelegatingSmartContextLoader.java:251) ~[spring-test-4.3.5.RELEASE.jar:4.3.5.RELEASE]
	at org.springframework.test.context.cache.DefaultCacheAwareContextLoaderDelegate.loadContextInternal(DefaultCacheAwareContextLoaderDelegate.java:98) ~[spring-test-4.3.5.RELEASE.jar:4.3.5.RELEASE]
	at org.springframework.test.context.cache.DefaultCacheAwareContextLoaderDelegate.loadContext(DefaultCacheAwareContextLoaderDelegate.java:116) ~[spring-test-4.3.5.RELEASE.jar:4.3.5.RELEASE]
	... 26 common frames omitted
Caused by: org.springframework.beans.BeanInstantiationException: Failed to instantiate [javax.servlet.Filter]: Factory method &apos;springSecurityFilterChain&apos; threw exception; nested exception is java.lang.IllegalArgumentException: &apos;Savings Account?error&apos; is not a valid redirect URL
	at org.springframework.beans.factory.support.SimpleInstantiationStrategy.instantiate(SimpleInstantiationStrategy.java:189) ~[spring-beans-4.3.5.RELEASE.jar:4.3.5.RELEASE]
	at org.springframework.beans.factory.support.ConstructorResolver.instantiateUsingFactoryMethod(ConstructorResolver.java:588) ~[spring-beans-4.3.5.RELEASE.jar:4.3.5.RELEASE]
	... 45 common frames omitted
Caused by: java.lang.IllegalArgumentException: &apos;Savings Account?error&apos; is not a valid redirect URL
	at org.springframework.util.Assert.isTrue(Assert.java:68) ~[spring-core-4.3.5.RELEASE.jar:4.3.5.RELEASE]
	at org.springframework.security.web.authentication.SimpleUrlAuthenticationFailureHandler.setDefaultFailureUrl(SimpleUrlAuthenticationFailureHandler.java:125) ~[spring-security-web-4.2.2.RELEASE.jar:4.2.2.RELEASE]
	at org.springframework.security.web.authentication.SimpleUrlAuthenticationFailureHandler.&lt;init&gt;(SimpleUrlAuthenticationFailureHandler.java:60) ~[spring-security-web-4.2.2.RELEASE.jar:4.2.2.RELEASE]
	at org.springframework.security.config.annotation.web.configurers.AbstractAuthenticationFilterConfigurer.failureUrl(AbstractAuthenticationFilterConfigurer.java:206) ~[spring-security-config-4.2.2.RELEASE.jar:4.2.2.RELEASE]
	at org.springframework.security.config.annotation.web.configurers.AbstractAuthenticationFilterConfigurer.updateAuthenticationDefaults(AbstractAuthenticationFilterConfigurer.java:368) ~[spring-security-config-4.2.2.RELEASE.jar:4.2.2.RELEASE]
	at org.springframework.security.config.annotation.web.configurers.AbstractAuthenticationFilterConfigurer.loginPage(AbstractAuthenticationFilterConfigurer.java:308) ~[spring-security-config-4.2.2.RELEASE.jar:4.2.2.RELEASE]
	at org.springframework.security.config.annotation.web.configurers.FormLoginConfigurer.loginPage(FormLoginConfigurer.java:183) ~[spring-security-config-4.2.2.RELEASE.jar:4.2.2.RELEASE]
	at edu.ncsu.csc.itrust2.config.SecurityConfig.configure(SecurityConfig.java:89) ~[classes/:na]
	at org.springframework.security.config.annotation.web.configuration.WebSecurityConfigurerAdapter.getHttp(WebSecurityConfigurerAdapter.java:224) ~[spring-security-config-4.2.2.RELEASE.jar:4.2.2.RELEASE]
	at org.springframework.security.config.annotation.web.configuration.WebSecurityConfigurerAdapter.init(WebSecurityConfigurerAdapter.java:315) ~[spring-security-config-4.2.2.RELEASE.jar:4.2.2.RELEASE]
	at org.springframework.security.config.annotation.web.configuration.WebSecurityConfigurerAdapter.init(WebSecurityConfigurerAdapter.java:86) ~[spring-security-config-4.2.2.RELEASE.jar:4.2.2.RELEASE]
	at edu.ncsu.csc.itrust2.config.SecurityConfig$$EnhancerBySpringCGLIB$$f88fd361.init(&lt;generated&gt;) ~[classes/:na]
	at org.springframework.security.config.annotation.AbstractConfiguredSecurityBuilder.init(AbstractConfiguredSecurityBuilder.java:371) ~[spring-security-config-4.2.2.RELEASE.jar:4.2.2.RELEASE]
	at org.springframework.security.config.annotation.AbstractConfiguredSecurityBuilder.doBuild(AbstractConfiguredSecurityBuilder.java:325) ~[spring-security-config-4.2.2.RELEASE.jar:4.2.2.RELEASE]
	at org.springframework.security.config.annotation.AbstractSecurityBuilder.build(AbstractSecurityBuilder.java:41) ~[spring-security-config-4.2.2.RELEASE.jar:4.2.2.RELEASE]
	at org.springframework.security.config.annotation.web.configuration.WebSecurityConfiguration.springSecurityFilterChain(WebSecurityConfiguration.java:104) ~[spring-security-config-4.2.2.RELEASE.jar:4.2.2.RELEASE]
	at org.springframework.security.config.annotation.web.configuration.WebSecurityConfiguration$$EnhancerBySpringCGLIB$$150881e6.CGLIB$springSecurityFilterChain$4(&lt;generated&gt;) ~[spring-security-config-4.2.2.RELEASE.jar:4.2.2.RELEASE]
	at org.springframework.security.config.annotation.web.configuration.WebSecurityConfiguration$$EnhancerBySpringCGLIB$$150881e6$$FastClassBySpringCGLIB$$f9839e81.invoke(&lt;generated&gt;) ~[spring-security-config-4.2.2.RELEASE.jar:4.2.2.RELEASE]
	at org.springframework.cglib.proxy.MethodProxy.invokeSuper(MethodProxy.java:228) ~[spring-core-4.3.5.RELEASE.jar:4.3.5.RELEASE]
	at org.springframework.context.annotation.ConfigurationClassEnhancer$BeanMethodInterceptor.intercept(ConfigurationClassEnhancer.java:356) ~[spring-context-4.3.5.RELEASE.jar:4.3.5.RELEASE]
	at org.springframework.security.config.annotation.web.configuration.WebSecurityConfiguration$$EnhancerBySpringCGLIB$$150881e6.springSecurityFilterChain(&lt;generated&gt;) ~[spring-security-config-4.2.2.RELEASE.jar:4.2.2.RELEASE]
	at sun.reflect.NativeMethodAccessorImpl.invoke0(Native Method) ~[na:1.8.0_151]
	at sun.reflect.NativeMethodAccessorImpl.invoke(NativeMethodAccessorImpl.java:62) ~[na:1.8.0_151]
	at sun.reflect.DelegatingMethodAccessorImpl.invoke(DelegatingMethodAccessorImpl.java:43) ~[na:1.8.0_151]
	at java.lang.reflect.Method.invoke(Method.java:498) ~[na:1.8.0_151]
	at org.springframework.beans.factory.support.SimpleInstantiationStrategy.instantiate(SimpleInstantiationStrategy.java:162) ~[spring-beans-4.3.5.RELEASE.jar:4.3.5.RELEASE]
	... 46 common frames omitted
</stdout>
          <failedSince>1</failedSince>
        </case>
      </cases>
    </suite>
    <suite>
      <file>/var/lib/jenkins/jobs/iTrust_Fuzzer/workspace/iTrust2/target/surefire-reports/TEST-edu.ncsu.csc.itrust2.apitest.APIPatientTest.xml</file>
      <name>edu.ncsu.csc.itrust2.apitest.APIPatientTest</name>
      <duration>0.026</duration>
      <time>0.026</time>
      <enclosingBlocks/>
      <enclosingBlockNames/>
      <cases>
        <case>
          <duration>0.0</duration>
          <className>edu.ncsu.csc.itrust2.apitest.APIPatientTest</className>
          <testName>testGetNonExistentPatient</testName>
          <skipped>false</skipped>
          <errorStackTrace>java.lang.IllegalStateException: Failed to load ApplicationContext
Caused by: org.springframework.beans.factory.BeanCreationException: Error creating bean with name &apos;springSecurityFilterChain&apos; defined in class path resource [org/springframework/security/config/annotation/web/configuration/WebSecurityConfiguration.class]: Bean instantiation via factory method failed; nested exception is org.springframework.beans.BeanInstantiationException: Failed to instantiate [javax.servlet.Filter]: Factory method &apos;springSecurityFilterChain&apos; threw exception; nested exception is java.lang.IllegalArgumentException: &apos;Savings Account?error&apos; is not a valid redirect URL
Caused by: org.springframework.beans.BeanInstantiationException: Failed to instantiate [javax.servlet.Filter]: Factory method &apos;springSecurityFilterChain&apos; threw exception; nested exception is java.lang.IllegalArgumentException: &apos;Savings Account?error&apos; is not a valid redirect URL
Caused by: java.lang.IllegalArgumentException: &apos;Savings Account?error&apos; is not a valid redirect URL
</errorStackTrace>
          <errorDetails>Failed to load ApplicationContext</errorDetails>
          <stdout>21:59:40.630 [main] DEBUG o.s.t.c.j.SpringJUnit4ClassRunner - SpringJUnit4ClassRunner constructor called with [class edu.ncsu.csc.itrust2.apitest.APIPatientTest]
21:59:40.630 [main] DEBUG o.s.test.context.BootstrapUtils - Instantiating CacheAwareContextLoaderDelegate from class [org.springframework.test.context.cache.DefaultCacheAwareContextLoaderDelegate]
21:59:40.630 [main] DEBUG o.s.test.context.BootstrapUtils - Instantiating BootstrapContext using constructor [public org.springframework.test.context.support.DefaultBootstrapContext(java.lang.Class,org.springframework.test.context.CacheAwareContextLoaderDelegate)]
21:59:40.630 [main] DEBUG o.s.test.context.BootstrapUtils - Instantiating TestContextBootstrapper for test class [edu.ncsu.csc.itrust2.apitest.APIPatientTest] from class [org.springframework.test.context.web.WebTestContextBootstrapper]
21:59:40.630 [main] DEBUG o.s.t.c.s.AbstractDelegatingSmartContextLoader - Delegating to AnnotationConfigWebContextLoader to process context configuration [ContextConfigurationAttributes@6e20c1ef declaringClass = &apos;edu.ncsu.csc.itrust2.apitest.APIPatientTest&apos;, classes = &apos;{class edu.ncsu.csc.itrust2.config.RootConfiguration, class edu.ncsu.csc.itrust2.mvc.config.WebMvcConfiguration}&apos;, locations = &apos;{}&apos;, inheritLocations = true, initializers = &apos;{}&apos;, inheritInitializers = true, name = [null], contextLoaderClass = &apos;org.springframework.test.context.ContextLoader&apos;].
21:59:40.631 [main] DEBUG o.s.t.c.support.ActiveProfilesUtils - Could not find an &apos;annotation declaring class&apos; for annotation type [org.springframework.test.context.ActiveProfiles] and class [edu.ncsu.csc.itrust2.apitest.APIPatientTest]
21:59:40.631 [main] DEBUG o.s.t.c.w.WebTestContextBootstrapper - @TestExecutionListeners is not present for class [edu.ncsu.csc.itrust2.apitest.APIPatientTest]: using defaults.
21:59:40.631 [main] INFO  o.s.t.c.w.WebTestContextBootstrapper - Loaded default TestExecutionListener class names from location [META-INF/spring.factories]: [org.springframework.security.test.context.support.WithSecurityContextTestExecutionListener, org.springframework.test.context.web.ServletTestExecutionListener, org.springframework.test.context.support.DirtiesContextBeforeModesTestExecutionListener, org.springframework.test.context.support.DependencyInjectionTestExecutionListener, org.springframework.test.context.support.DirtiesContextTestExecutionListener, org.springframework.test.context.transaction.TransactionalTestExecutionListener, org.springframework.test.context.jdbc.SqlScriptsTestExecutionListener]
21:59:40.632 [main] INFO  o.s.t.c.w.WebTestContextBootstrapper - Using TestExecutionListeners: [org.springframework.test.context.web.ServletTestExecutionListener@44af3cc9, org.springframework.test.context.support.DirtiesContextBeforeModesTestExecutionListener@7d7fa727, org.springframework.test.context.support.DependencyInjectionTestExecutionListener@6b5d5ad, org.springframework.test.context.support.DirtiesContextTestExecutionListener@1b67a3d2, org.springframework.test.context.transaction.TransactionalTestExecutionListener@26939d03, org.springframework.test.context.jdbc.SqlScriptsTestExecutionListener@26d55069, org.springframework.security.test.context.support.WithSecurityContextTestExecutionListener@ee5e1a3]
21:59:40.632 [main] DEBUG o.s.t.annotation.ProfileValueUtils - Retrieved @ProfileValueSourceConfiguration [null] for test class [edu.ncsu.csc.itrust2.apitest.APIPatientTest]
21:59:40.632 [main] DEBUG o.s.t.annotation.ProfileValueUtils - Retrieved ProfileValueSource type [class org.springframework.test.annotation.SystemProfileValueSource] for class [edu.ncsu.csc.itrust2.apitest.APIPatientTest]
21:59:40.632 [main] DEBUG o.s.t.annotation.ProfileValueUtils - Retrieved @ProfileValueSourceConfiguration [null] for test class [edu.ncsu.csc.itrust2.apitest.APIPatientTest]
21:59:40.632 [main] DEBUG o.s.t.annotation.ProfileValueUtils - Retrieved ProfileValueSource type [class org.springframework.test.annotation.SystemProfileValueSource] for class [edu.ncsu.csc.itrust2.apitest.APIPatientTest]
21:59:40.632 [main] DEBUG o.s.t.annotation.ProfileValueUtils - Retrieved @ProfileValueSourceConfiguration [null] for test class [edu.ncsu.csc.itrust2.apitest.APIPatientTest]
21:59:40.632 [main] DEBUG o.s.t.annotation.ProfileValueUtils - Retrieved ProfileValueSource type [class org.springframework.test.annotation.SystemProfileValueSource] for class [edu.ncsu.csc.itrust2.apitest.APIPatientTest]
21:59:40.632 [main] DEBUG o.s.t.c.s.AbstractDirtiesContextTestExecutionListener - Before test class: context [DefaultTestContext@28baba9e testClass = APIPatientTest, testInstance = [null], testMethod = [null], testException = [null], mergedContextConfiguration = [WebMergedContextConfiguration@12fb510f testClass = APIPatientTest, locations = &apos;{}&apos;, classes = &apos;{class edu.ncsu.csc.itrust2.config.RootConfiguration, class edu.ncsu.csc.itrust2.mvc.config.WebMvcConfiguration}&apos;, contextInitializerClasses = &apos;[]&apos;, activeProfiles = &apos;{}&apos;, propertySourceLocations = &apos;{}&apos;, propertySourceProperties = &apos;{}&apos;, contextCustomizers = set[[empty]], resourceBasePath = &apos;src/main/webapp&apos;, contextLoader = &apos;org.springframework.test.context.web.WebDelegatingSmartContextLoader&apos;, parent = [null]]], class annotated with @DirtiesContext [false] with mode [null].
21:59:40.632 [main] DEBUG o.s.t.annotation.ProfileValueUtils - Retrieved @ProfileValueSourceConfiguration [null] for test class [edu.ncsu.csc.itrust2.apitest.APIPatientTest]
21:59:40.632 [main] DEBUG o.s.t.annotation.ProfileValueUtils - Retrieved ProfileValueSource type [class org.springframework.test.annotation.SystemProfileValueSource] for class [edu.ncsu.csc.itrust2.apitest.APIPatientTest]
21:59:40.632 [main] DEBUG o.s.t.c.s.AbstractDelegatingSmartContextLoader - Delegating to AnnotationConfigWebContextLoader to load context from [WebMergedContextConfiguration@12fb510f testClass = APIPatientTest, locations = &apos;{}&apos;, classes = &apos;{class edu.ncsu.csc.itrust2.config.RootConfiguration, class edu.ncsu.csc.itrust2.mvc.config.WebMvcConfiguration}&apos;, contextInitializerClasses = &apos;[]&apos;, activeProfiles = &apos;{}&apos;, propertySourceLocations = &apos;{}&apos;, propertySourceProperties = &apos;{}&apos;, contextCustomizers = set[[empty]], resourceBasePath = &apos;src/main/webapp&apos;, contextLoader = &apos;org.springframework.test.context.web.WebDelegatingSmartContextLoader&apos;, parent = [null]].
21:59:40.632 [main] DEBUG o.s.t.c.w.AbstractGenericWebContextLoader - Loading WebApplicationContext for merged context configuration [WebMergedContextConfiguration@12fb510f testClass = APIPatientTest, locations = &apos;{}&apos;, classes = &apos;{class edu.ncsu.csc.itrust2.config.RootConfiguration, class edu.ncsu.csc.itrust2.mvc.config.WebMvcConfiguration}&apos;, contextInitializerClasses = &apos;[]&apos;, activeProfiles = &apos;{}&apos;, propertySourceLocations = &apos;{}&apos;, propertySourceProperties = &apos;{}&apos;, contextCustomizers = set[[empty]], resourceBasePath = &apos;src/main/webapp&apos;, contextLoader = &apos;org.springframework.test.context.web.WebDelegatingSmartContextLoader&apos;, parent = [null]].
21:59:40.632 [main] DEBUG o.s.w.c.s.StandardServletEnvironment - Adding [servletConfigInitParams] PropertySource with lowest search precedence
21:59:40.632 [main] DEBUG o.s.w.c.s.StandardServletEnvironment - Adding [servletContextInitParams] PropertySource with lowest search precedence
21:59:40.632 [main] DEBUG o.s.w.c.s.StandardServletEnvironment - Adding [systemProperties] PropertySource with lowest search precedence
21:59:40.632 [main] DEBUG o.s.w.c.s.StandardServletEnvironment - Adding [systemEnvironment] PropertySource with lowest search precedence
21:59:40.632 [main] DEBUG o.s.w.c.s.StandardServletEnvironment - Initialized StandardServletEnvironment with PropertySources [servletConfigInitParams,servletContextInitParams,systemProperties,systemEnvironment]
21:59:40.632 [main] DEBUG o.s.t.c.w.AnnotationConfigWebContextLoader - Registering annotated classes: {class edu.ncsu.csc.itrust2.config.RootConfiguration, class edu.ncsu.csc.itrust2.mvc.config.WebMvcConfiguration}
21:59:40.633 [main] INFO  o.s.w.c.s.GenericWebApplicationContext - Refreshing org.springframework.web.context.support.GenericWebApplicationContext@1ea10d21: startup date [Thu Mar 22 21:59:40 UTC 2018]; root of context hierarchy
21:59:40.633 [main] DEBUG o.s.w.c.s.StandardServletEnvironment - Replacing [servletContextInitParams] PropertySource with [servletContextInitParams]
21:59:40.633 [main] DEBUG o.s.w.c.s.GenericWebApplicationContext - Bean factory for org.springframework.web.context.support.GenericWebApplicationContext@1ea10d21: org.springframework.beans.factory.support.DefaultListableBeanFactory@3fe80faf: defining beans [org.springframework.context.annotation.internalConfigurationAnnotationProcessor,org.springframework.context.annotation.internalAutowiredAnnotationProcessor,org.springframework.context.annotation.internalRequiredAnnotationProcessor,org.springframework.context.annotation.internalCommonAnnotationProcessor,org.springframework.context.annotation.internalPersistenceAnnotationProcessor,org.springframework.context.event.internalEventListenerProcessor,org.springframework.context.event.internalEventListenerFactory,rootConfiguration,webMvcConfiguration]; root of factory hierarchy
21:59:40.633 [main] DEBUG o.s.b.f.s.DefaultListableBeanFactory - Registering scope &apos;request&apos; with implementation [org.springframework.web.context.request.RequestScope@ac07eff]
21:59:40.633 [main] DEBUG o.s.b.f.s.DefaultListableBeanFactory - Registering scope &apos;session&apos; with implementation [org.springframework.web.context.request.SessionScope@1c9eb283]
21:59:40.634 [main] DEBUG o.s.b.f.s.DefaultListableBeanFactory - Registering scope &apos;globalSession&apos; with implementation [org.springframework.web.context.request.SessionScope@637443c8]
21:59:40.634 [main] DEBUG o.s.b.f.s.DefaultListableBeanFactory - Registering scope &apos;application&apos; with implementation [org.springframework.web.context.support.ServletContextScope@7870dc3c]
21:59:40.634 [main] DEBUG o.s.b.f.s.DefaultListableBeanFactory - Creating shared instance of singleton bean &apos;org.springframework.context.annotation.internalConfigurationAnnotationProcessor&apos;
21:59:40.634 [main] DEBUG o.s.b.f.s.DefaultListableBeanFactory - Creating instance of bean &apos;org.springframework.context.annotation.internalConfigurationAnnotationProcessor&apos;
21:59:40.634 [main] DEBUG o.s.b.f.s.DefaultListableBeanFactory - Eagerly caching bean &apos;org.springframework.context.annotation.internalConfigurationAnnotationProcessor&apos; to allow for resolving potential circular references
21:59:40.634 [main] DEBUG o.s.b.f.s.DefaultListableBeanFactory - Finished creating instance of bean &apos;org.springframework.context.annotation.internalConfigurationAnnotationProcessor&apos;
21:59:40.634 [main] DEBUG o.s.core.env.StandardEnvironment - Adding [systemProperties] PropertySource with lowest search precedence
21:59:40.634 [main] DEBUG o.s.core.env.StandardEnvironment - Adding [systemEnvironment] PropertySource with lowest search precedence
21:59:40.634 [main] DEBUG o.s.core.env.StandardEnvironment - Initialized StandardEnvironment with PropertySources [systemProperties,systemEnvironment]
21:59:40.635 [main] DEBUG o.s.c.i.s.PathMatchingResourcePatternResolver - Resolved classpath location [edu/ncsu/csc/itrust2/config/] to resources [URL [file:/var/lib/jenkins/jobs/iTrust_Fuzzer/workspace/iTrust2/target/classes/edu/ncsu/csc/itrust2/config/]]
21:59:40.635 [main] DEBUG o.s.c.i.s.PathMatchingResourcePatternResolver - Looking for matching resources in directory tree [/var/lib/jenkins/jobs/iTrust_Fuzzer/workspace/iTrust2/target/classes/edu/ncsu/csc/itrust2/config]
21:59:40.635 [main] DEBUG o.s.c.i.s.PathMatchingResourcePatternResolver - Searching directory [/var/lib/jenkins/jobs/iTrust_Fuzzer/workspace/iTrust2/target/classes/edu/ncsu/csc/itrust2/config] for files matching pattern [/var/lib/jenkins/jobs/iTrust_Fuzzer/workspace/iTrust2/target/classes/edu/ncsu/csc/itrust2/config/**/*.class]
21:59:40.636 [main] DEBUG o.s.c.i.s.PathMatchingResourcePatternResolver - Resolved location pattern [classpath*:edu/ncsu/csc/itrust2/config/**/*.class] to resources [file [/var/lib/jenkins/jobs/iTrust_Fuzzer/workspace/iTrust2/target/classes/edu/ncsu/csc/itrust2/config/ContextListener.class], file [/var/lib/jenkins/jobs/iTrust_Fuzzer/workspace/iTrust2/target/classes/edu/ncsu/csc/itrust2/config/DataConfiguration.class], file [/var/lib/jenkins/jobs/iTrust_Fuzzer/workspace/iTrust2/target/classes/edu/ncsu/csc/itrust2/config/FailureHandler.class], file [/var/lib/jenkins/jobs/iTrust_Fuzzer/workspace/iTrust2/target/classes/edu/ncsu/csc/itrust2/config/IPFilter.class], file [/var/lib/jenkins/jobs/iTrust_Fuzzer/workspace/iTrust2/target/classes/edu/ncsu/csc/itrust2/config/ITrust2ApplicationInitializer.class], file [/var/lib/jenkins/jobs/iTrust_Fuzzer/workspace/iTrust2/target/classes/edu/ncsu/csc/itrust2/config/ITrust2WebApplicationInitializer.class], file [/var/lib/jenkins/jobs/iTrust_Fuzzer/workspace/iTrust2/target/classes/edu/ncsu/csc/itrust2/config/LoginAuditingListener.class], file [/var/lib/jenkins/jobs/iTrust_Fuzzer/workspace/iTrust2/target/classes/edu/ncsu/csc/itrust2/config/RootConfiguration.class], file [/var/lib/jenkins/jobs/iTrust_Fuzzer/workspace/iTrust2/target/classes/edu/ncsu/csc/itrust2/config/SecurityConfig.class]]
21:59:40.636 [main] DEBUG o.s.c.a.ClassPathBeanDefinitionScanner - Identified candidate component class: file [/var/lib/jenkins/jobs/iTrust_Fuzzer/workspace/iTrust2/target/classes/edu/ncsu/csc/itrust2/config/DataConfiguration.class]
21:59:40.636 [main] DEBUG o.s.c.a.ClassPathBeanDefinitionScanner - Identified candidate component class: file [/var/lib/jenkins/jobs/iTrust_Fuzzer/workspace/iTrust2/target/classes/edu/ncsu/csc/itrust2/config/LoginAuditingListener.class]
21:59:40.636 [main] DEBUG o.s.c.a.ClassPathBeanDefinitionScanner - Identified candidate component class: file [/var/lib/jenkins/jobs/iTrust_Fuzzer/workspace/iTrust2/target/classes/edu/ncsu/csc/itrust2/config/SecurityConfig.class]
21:59:40.644 [main] DEBUG o.s.core.env.StandardEnvironment - Adding [systemProperties] PropertySource with lowest search precedence
21:59:40.644 [main] DEBUG o.s.core.env.StandardEnvironment - Adding [systemEnvironment] PropertySource with lowest search precedence
21:59:40.644 [main] DEBUG o.s.core.env.StandardEnvironment - Initialized StandardEnvironment with PropertySources [systemProperties,systemEnvironment]
21:59:40.644 [main] DEBUG o.s.c.i.s.PathMatchingResourcePatternResolver - Resolved classpath location [edu/ncsu/csc/itrust2/controllers/] to resources [URL [file:/var/lib/jenkins/jobs/iTrust_Fuzzer/workspace/iTrust2/target/classes/edu/ncsu/csc/itrust2/controllers/]]
21:59:40.644 [main] DEBUG o.s.c.i.s.PathMatchingResourcePatternResolver - Looking for matching resources in directory tree [/var/lib/jenkins/jobs/iTrust_Fuzzer/workspace/iTrust2/target/classes/edu/ncsu/csc/itrust2/controllers]
21:59:40.644 [main] DEBUG o.s.c.i.s.PathMatchingResourcePatternResolver - Searching directory [/var/lib/jenkins/jobs/iTrust_Fuzzer/workspace/iTrust2/target/classes/edu/ncsu/csc/itrust2/controllers] for files matching pattern [/var/lib/jenkins/jobs/iTrust_Fuzzer/workspace/iTrust2/target/classes/edu/ncsu/csc/itrust2/controllers/**/*.class]
21:59:40.644 [main] DEBUG o.s.c.i.s.PathMatchingResourcePatternResolver - Searching directory [/var/lib/jenkins/jobs/iTrust_Fuzzer/workspace/iTrust2/target/classes/edu/ncsu/csc/itrust2/controllers/admin] for files matching pattern [/var/lib/jenkins/jobs/iTrust_Fuzzer/workspace/iTrust2/target/classes/edu/ncsu/csc/itrust2/controllers/**/*.class]
21:59:40.645 [main] DEBUG o.s.c.i.s.PathMatchingResourcePatternResolver - Searching directory [/var/lib/jenkins/jobs/iTrust_Fuzzer/workspace/iTrust2/target/classes/edu/ncsu/csc/itrust2/controllers/api] for files matching pattern [/var/lib/jenkins/jobs/iTrust_Fuzzer/workspace/iTrust2/target/classes/edu/ncsu/csc/itrust2/controllers/**/*.class]
21:59:40.645 [main] DEBUG o.s.c.i.s.PathMatchingResourcePatternResolver - Searching directory [/var/lib/jenkins/jobs/iTrust_Fuzzer/workspace/iTrust2/target/classes/edu/ncsu/csc/itrust2/controllers/api/comm] for files matching pattern [/var/lib/jenkins/jobs/iTrust_Fuzzer/workspace/iTrust2/target/classes/edu/ncsu/csc/itrust2/controllers/**/*.class]
21:59:40.645 [main] DEBUG o.s.c.i.s.PathMatchingResourcePatternResolver - Searching directory [/var/lib/jenkins/jobs/iTrust_Fuzzer/workspace/iTrust2/target/classes/edu/ncsu/csc/itrust2/controllers/hcp] for files matching pattern [/var/lib/jenkins/jobs/iTrust_Fuzzer/workspace/iTrust2/target/classes/edu/ncsu/csc/itrust2/controllers/**/*.class]
21:59:40.645 [main] DEBUG o.s.c.i.s.PathMatchingResourcePatternResolver - Searching directory [/var/lib/jenkins/jobs/iTrust_Fuzzer/workspace/iTrust2/target/classes/edu/ncsu/csc/itrust2/controllers/patient] for files matching pattern [/var/lib/jenkins/jobs/iTrust_Fuzzer/workspace/iTrust2/target/classes/edu/ncsu/csc/itrust2/controllers/**/*.class]
21:59:40.645 [main] DEBUG o.s.c.i.s.PathMatchingResourcePatternResolver - Searching directory [/var/lib/jenkins/jobs/iTrust_Fuzzer/workspace/iTrust2/target/classes/edu/ncsu/csc/itrust2/controllers/personnel] for files matching pattern [/var/lib/jenkins/jobs/iTrust_Fuzzer/workspace/iTrust2/target/classes/edu/ncsu/csc/itrust2/controllers/**/*.class]
21:59:40.645 [main] DEBUG o.s.c.i.s.PathMatchingResourcePatternResolver - Resolved location pattern [classpath*:edu/ncsu/csc/itrust2/controllers/**/*.class] to resources [file [/var/lib/jenkins/jobs/iTrust_Fuzzer/workspace/iTrust2/target/classes/edu/ncsu/csc/itrust2/controllers/DefaultController.class], file [/var/lib/jenkins/jobs/iTrust_Fuzzer/workspace/iTrust2/target/classes/edu/ncsu/csc/itrust2/controllers/admin/AdminController.class], file [/var/lib/jenkins/jobs/iTrust_Fuzzer/workspace/iTrust2/target/classes/edu/ncsu/csc/itrust2/controllers/admin/AdminUserController$1.class], file [/var/lib/jenkins/jobs/iTrust_Fuzzer/workspace/iTrust2/target/classes/edu/ncsu/csc/itrust2/controllers/admin/AdminUserController.class], file [/var/lib/jenkins/jobs/iTrust_Fuzzer/workspace/iTrust2/target/classes/edu/ncsu/csc/itrust2/controllers/admin/HospitalController.class], file [/var/lib/jenkins/jobs/iTrust_Fuzzer/workspace/iTrust2/target/classes/edu/ncsu/csc/itrust2/controllers/admin/ICDCodesController.class], file [/var/lib/jenkins/jobs/iTrust_Fuzzer/workspace/iTrust2/target/classes/edu/ncsu/csc/itrust2/controllers/api/APIAppointmentRequestController.class], file [/var/lib/jenkins/jobs/iTrust_Fuzzer/workspace/iTrust2/target/classes/edu/ncsu/csc/itrust2/controllers/api/APIController$JSONResponse.class], file [/var/lib/jenkins/jobs/iTrust_Fuzzer/workspace/iTrust2/target/classes/edu/ncsu/csc/itrust2/controllers/api/APIController.class], file [/var/lib/jenkins/jobs/iTrust_Fuzzer/workspace/iTrust2/target/classes/edu/ncsu/csc/itrust2/controllers/api/APIDiagnosisController.class], file [/var/lib/jenkins/jobs/iTrust_Fuzzer/workspace/iTrust2/target/classes/edu/ncsu/csc/itrust2/controllers/api/APIDrugController.class], file [/var/lib/jenkins/jobs/iTrust_Fuzzer/workspace/iTrust2/target/classes/edu/ncsu/csc/itrust2/controllers/api/APIEnumController.class], file [/var/lib/jenkins/jobs/iTrust_Fuzzer/workspace/iTrust2/target/classes/edu/ncsu/csc/itrust2/controllers/api/APIHospitalController.class], file [/var/lib/jenkins/jobs/iTrust_Fuzzer/workspace/iTrust2/target/classes/edu/ncsu/csc/itrust2/controllers/api/APIICDCodeController.class], file [/var/lib/jenkins/jobs/iTrust_Fuzzer/workspace/iTrust2/target/classes/edu/ncsu/csc/itrust2/controllers/api/APILogEntryController.class], file [/var/lib/jenkins/jobs/iTrust_Fuzzer/workspace/iTrust2/target/classes/edu/ncsu/csc/itrust2/controllers/api/APIOfficeVisitController.class], file [/var/lib/jenkins/jobs/iTrust_Fuzzer/workspace/iTrust2/target/classes/edu/ncsu/csc/itrust2/controllers/api/APIPasswordController.class], file [/var/lib/jenkins/jobs/iTrust_Fuzzer/workspace/iTrust2/target/classes/edu/ncsu/csc/itrust2/controllers/api/APIPatientController.class], file [/var/lib/jenkins/jobs/iTrust_Fuzzer/workspace/iTrust2/target/classes/edu/ncsu/csc/itrust2/controllers/api/APIPersonnelController.class], file [/var/lib/jenkins/jobs/iTrust_Fuzzer/workspace/iTrust2/target/classes/edu/ncsu/csc/itrust2/controllers/api/APIPrescriptionController.class], file [/var/lib/jenkins/jobs/iTrust_Fuzzer/workspace/iTrust2/target/classes/edu/ncsu/csc/itrust2/controllers/api/APIUserController.class], file [/var/lib/jenkins/jobs/iTrust_Fuzzer/workspace/iTrust2/target/classes/edu/ncsu/csc/itrust2/controllers/api/comm/LogEntryRequestBody.class], file [/var/lib/jenkins/jobs/iTrust_Fuzzer/workspace/iTrust2/target/classes/edu/ncsu/csc/itrust2/controllers/api/comm/LogEntryTableRow.class], file [/var/lib/jenkins/jobs/iTrust_Fuzzer/workspace/iTrust2/target/classes/edu/ncsu/csc/itrust2/controllers/hcp/AppointmentControllerHCP.class], file [/var/lib/jenkins/jobs/iTrust_Fuzzer/workspace/iTrust2/target/classes/edu/ncsu/csc/itrust2/controllers/hcp/HCPController.class], file [/var/lib/jenkins/jobs/iTrust_Fuzzer/workspace/iTrust2/target/classes/edu/ncsu/csc/itrust2/controllers/hcp/OfficeVisitController.class], file [/var/lib/jenkins/jobs/iTrust_Fuzzer/workspace/iTrust2/target/classes/edu/ncsu/csc/itrust2/controllers/patient/AppointmentController.class], file [/var/lib/jenkins/jobs/iTrust_Fuzzer/workspace/iTrust2/target/classes/edu/ncsu/csc/itrust2/controllers/patient/DiagnosesController.class], file [/var/lib/jenkins/jobs/iTrust_Fuzzer/workspace/iTrust2/target/classes/edu/ncsu/csc/itrust2/controllers/patient/PatientController.class], file [/var/lib/jenkins/jobs/iTrust_Fuzzer/workspace/iTrust2/target/classes/edu/ncsu/csc/itrust2/controllers/personnel/PasswordController.class], file [/var/lib/jenkins/jobs/iTrust_Fuzzer/workspace/iTrust2/target/classes/edu/ncsu/csc/itrust2/controllers/personnel/UserController.class]]
21:59:40.646 [main] DEBUG o.s.c.a.ClassPathBeanDefinitionScanner - Identified candidate component class: file [/var/lib/jenkins/jobs/iTrust_Fuzzer/workspace/iTrust2/target/classes/edu/ncsu/csc/itrust2/controllers/DefaultController.class]
21:59:40.646 [main] DEBUG o.s.c.a.ClassPathBeanDefinitionScanner - Identified candidate component class: file [/var/lib/jenkins/jobs/iTrust_Fuzzer/workspace/iTrust2/target/classes/edu/ncsu/csc/itrust2/controllers/admin/AdminController.class]
21:59:40.646 [main] DEBUG o.s.c.a.ClassPathBeanDefinitionScanner - Identified candidate component class: file [/var/lib/jenkins/jobs/iTrust_Fuzzer/workspace/iTrust2/target/classes/edu/ncsu/csc/itrust2/controllers/admin/AdminUserController.class]
21:59:40.646 [main] DEBUG o.s.c.a.ClassPathBeanDefinitionScanner - Identified candidate component class: file [/var/lib/jenkins/jobs/iTrust_Fuzzer/workspace/iTrust2/target/classes/edu/ncsu/csc/itrust2/controllers/admin/HospitalController.class]
21:59:40.646 [main] DEBUG o.s.c.a.ClassPathBeanDefinitionScanner - Identified candidate component class: file [/var/lib/jenkins/jobs/iTrust_Fuzzer/workspace/iTrust2/target/classes/edu/ncsu/csc/itrust2/controllers/admin/ICDCodesController.class]
21:59:40.647 [main] DEBUG o.s.c.a.ClassPathBeanDefinitionScanner - Identified candidate component class: file [/var/lib/jenkins/jobs/iTrust_Fuzzer/workspace/iTrust2/target/classes/edu/ncsu/csc/itrust2/controllers/api/APIAppointmentRequestController.class]
21:59:40.647 [main] DEBUG o.s.c.a.ClassPathBeanDefinitionScanner - Identified candidate component class: file [/var/lib/jenkins/jobs/iTrust_Fuzzer/workspace/iTrust2/target/classes/edu/ncsu/csc/itrust2/controllers/api/APIDiagnosisController.class]
21:59:40.647 [main] DEBUG o.s.c.a.ClassPathBeanDefinitionScanner - Identified candidate component class: file [/var/lib/jenkins/jobs/iTrust_Fuzzer/workspace/iTrust2/target/classes/edu/ncsu/csc/itrust2/controllers/api/APIDrugController.class]
21:59:40.647 [main] DEBUG o.s.c.a.ClassPathBeanDefinitionScanner - Identified candidate component class: file [/var/lib/jenkins/jobs/iTrust_Fuzzer/workspace/iTrust2/target/classes/edu/ncsu/csc/itrust2/controllers/api/APIEnumController.class]
21:59:40.648 [main] DEBUG o.s.c.a.ClassPathBeanDefinitionScanner - Identified candidate component class: file [/var/lib/jenkins/jobs/iTrust_Fuzzer/workspace/iTrust2/target/classes/edu/ncsu/csc/itrust2/controllers/api/APIHospitalController.class]
21:59:40.648 [main] DEBUG o.s.c.a.ClassPathBeanDefinitionScanner - Identified candidate component class: file [/var/lib/jenkins/jobs/iTrust_Fuzzer/workspace/iTrust2/target/classes/edu/ncsu/csc/itrust2/controllers/api/APIICDCodeController.class]
21:59:40.648 [main] DEBUG o.s.c.a.ClassPathBeanDefinitionScanner - Identified candidate component class: file [/var/lib/jenkins/jobs/iTrust_Fuzzer/workspace/iTrust2/target/classes/edu/ncsu/csc/itrust2/controllers/api/APILogEntryController.class]
21:59:40.648 [main] DEBUG o.s.c.a.ClassPathBeanDefinitionScanner - Identified candidate component class: file [/var/lib/jenkins/jobs/iTrust_Fuzzer/workspace/iTrust2/target/classes/edu/ncsu/csc/itrust2/controllers/api/APIOfficeVisitController.class]
21:59:40.649 [main] DEBUG o.s.c.a.ClassPathBeanDefinitionScanner - Identified candidate component class: file [/var/lib/jenkins/jobs/iTrust_Fuzzer/workspace/iTrust2/target/classes/edu/ncsu/csc/itrust2/controllers/api/APIPasswordController.class]
21:59:40.649 [main] DEBUG o.s.c.a.ClassPathBeanDefinitionScanner - Identified candidate component class: file [/var/lib/jenkins/jobs/iTrust_Fuzzer/workspace/iTrust2/target/classes/edu/ncsu/csc/itrust2/controllers/api/APIPatientController.class]
21:59:40.649 [main] DEBUG o.s.c.a.ClassPathBeanDefinitionScanner - Identified candidate component class: file [/var/lib/jenkins/jobs/iTrust_Fuzzer/workspace/iTrust2/target/classes/edu/ncsu/csc/itrust2/controllers/api/APIPersonnelController.class]
21:59:40.649 [main] DEBUG o.s.c.a.ClassPathBeanDefinitionScanner - Identified candidate component class: file [/var/lib/jenkins/jobs/iTrust_Fuzzer/workspace/iTrust2/target/classes/edu/ncsu/csc/itrust2/controllers/api/APIPrescriptionController.class]
21:59:40.650 [main] DEBUG o.s.c.a.ClassPathBeanDefinitionScanner - Identified candidate component class: file [/var/lib/jenkins/jobs/iTrust_Fuzzer/workspace/iTrust2/target/classes/edu/ncsu/csc/itrust2/controllers/api/APIUserController.class]
21:59:40.650 [main] DEBUG o.s.c.a.ClassPathBeanDefinitionScanner - Identified candidate component class: file [/var/lib/jenkins/jobs/iTrust_Fuzzer/workspace/iTrust2/target/classes/edu/ncsu/csc/itrust2/controllers/hcp/AppointmentControllerHCP.class]
21:59:40.650 [main] DEBUG o.s.c.a.ClassPathBeanDefinitionScanner - Identified candidate component class: file [/var/lib/jenkins/jobs/iTrust_Fuzzer/workspace/iTrust2/target/classes/edu/ncsu/csc/itrust2/controllers/hcp/HCPController.class]
21:59:40.650 [main] DEBUG o.s.c.a.ClassPathBeanDefinitionScanner - Identified candidate component class: file [/var/lib/jenkins/jobs/iTrust_Fuzzer/workspace/iTrust2/target/classes/edu/ncsu/csc/itrust2/controllers/hcp/OfficeVisitController.class]
21:59:40.651 [main] DEBUG o.s.c.a.ClassPathBeanDefinitionScanner - Identified candidate component class: file [/var/lib/jenkins/jobs/iTrust_Fuzzer/workspace/iTrust2/target/classes/edu/ncsu/csc/itrust2/controllers/patient/AppointmentController.class]
21:59:40.651 [main] DEBUG o.s.c.a.ClassPathBeanDefinitionScanner - Identified candidate component class: file [/var/lib/jenkins/jobs/iTrust_Fuzzer/workspace/iTrust2/target/classes/edu/ncsu/csc/itrust2/controllers/patient/DiagnosesController.class]
21:59:40.651 [main] DEBUG o.s.c.a.ClassPathBeanDefinitionScanner - Identified candidate component class: file [/var/lib/jenkins/jobs/iTrust_Fuzzer/workspace/iTrust2/target/classes/edu/ncsu/csc/itrust2/controllers/patient/PatientController.class]
21:59:40.651 [main] DEBUG o.s.c.a.ClassPathBeanDefinitionScanner - Identified candidate component class: file [/var/lib/jenkins/jobs/iTrust_Fuzzer/workspace/iTrust2/target/classes/edu/ncsu/csc/itrust2/controllers/personnel/PasswordController.class]
21:59:40.651 [main] DEBUG o.s.c.a.ClassPathBeanDefinitionScanner - Identified candidate component class: file [/var/lib/jenkins/jobs/iTrust_Fuzzer/workspace/iTrust2/target/classes/edu/ncsu/csc/itrust2/controllers/personnel/UserController.class]
21:59:40.652 [main] DEBUG o.s.c.i.s.PathMatchingResourcePatternResolver - Resolved classpath location [edu/ncsu/csc/itrust2/config/] to resources [URL [file:/var/lib/jenkins/jobs/iTrust_Fuzzer/workspace/iTrust2/target/classes/edu/ncsu/csc/itrust2/config/]]
21:59:40.652 [main] DEBUG o.s.c.i.s.PathMatchingResourcePatternResolver - Looking for matching resources in directory tree [/var/lib/jenkins/jobs/iTrust_Fuzzer/workspace/iTrust2/target/classes/edu/ncsu/csc/itrust2/config]
21:59:40.652 [main] DEBUG o.s.c.i.s.PathMatchingResourcePatternResolver - Searching directory [/var/lib/jenkins/jobs/iTrust_Fuzzer/workspace/iTrust2/target/classes/edu/ncsu/csc/itrust2/config] for files matching pattern [/var/lib/jenkins/jobs/iTrust_Fuzzer/workspace/iTrust2/target/classes/edu/ncsu/csc/itrust2/config/**/*.class]
21:59:40.652 [main] DEBUG o.s.c.i.s.PathMatchingResourcePatternResolver - Resolved location pattern [classpath*:edu/ncsu/csc/itrust2/config/**/*.class] to resources [file [/var/lib/jenkins/jobs/iTrust_Fuzzer/workspace/iTrust2/target/classes/edu/ncsu/csc/itrust2/config/ContextListener.class], file [/var/lib/jenkins/jobs/iTrust_Fuzzer/workspace/iTrust2/target/classes/edu/ncsu/csc/itrust2/config/DataConfiguration.class], file [/var/lib/jenkins/jobs/iTrust_Fuzzer/workspace/iTrust2/target/classes/edu/ncsu/csc/itrust2/config/FailureHandler.class], file [/var/lib/jenkins/jobs/iTrust_Fuzzer/workspace/iTrust2/target/classes/edu/ncsu/csc/itrust2/config/IPFilter.class], file [/var/lib/jenkins/jobs/iTrust_Fuzzer/workspace/iTrust2/target/classes/edu/ncsu/csc/itrust2/config/ITrust2ApplicationInitializer.class], file [/var/lib/jenkins/jobs/iTrust_Fuzzer/workspace/iTrust2/target/classes/edu/ncsu/csc/itrust2/config/ITrust2WebApplicationInitializer.class], file [/var/lib/jenkins/jobs/iTrust_Fuzzer/workspace/iTrust2/target/classes/edu/ncsu/csc/itrust2/config/LoginAuditingListener.class], file [/var/lib/jenkins/jobs/iTrust_Fuzzer/workspace/iTrust2/target/classes/edu/ncsu/csc/itrust2/config/RootConfiguration.class], file [/var/lib/jenkins/jobs/iTrust_Fuzzer/workspace/iTrust2/target/classes/edu/ncsu/csc/itrust2/config/SecurityConfig.class]]
21:59:40.652 [main] DEBUG o.s.c.a.ClassPathBeanDefinitionScanner - Identified candidate component class: file [/var/lib/jenkins/jobs/iTrust_Fuzzer/workspace/iTrust2/target/classes/edu/ncsu/csc/itrust2/config/DataConfiguration.class]
21:59:40.652 [main] DEBUG o.s.c.a.ClassPathBeanDefinitionScanner - Identified candidate component class: file [/var/lib/jenkins/jobs/iTrust_Fuzzer/workspace/iTrust2/target/classes/edu/ncsu/csc/itrust2/config/LoginAuditingListener.class]
21:59:40.653 [main] DEBUG o.s.c.a.ClassPathBeanDefinitionScanner - Identified candidate component class: file [/var/lib/jenkins/jobs/iTrust_Fuzzer/workspace/iTrust2/target/classes/edu/ncsu/csc/itrust2/config/RootConfiguration.class]
21:59:40.653 [main] DEBUG o.s.c.a.ClassPathBeanDefinitionScanner - Identified candidate component class: file [/var/lib/jenkins/jobs/iTrust_Fuzzer/workspace/iTrust2/target/classes/edu/ncsu/csc/itrust2/config/SecurityConfig.class]
21:59:40.666 [main] DEBUG o.s.c.a.ConfigurationClassBeanDefinitionReader - Registering bean definition for @Bean method edu.ncsu.csc.itrust2.config.DataConfiguration.dataSource()
21:59:40.667 [main] DEBUG o.s.c.a.ConfigurationClassBeanDefinitionReader - Registered bean definition for imported class &apos;org.springframework.security.config.annotation.configuration.ObjectPostProcessorConfiguration&apos;
21:59:40.667 [main] DEBUG o.s.c.a.ConfigurationClassBeanDefinitionReader - Registering bean definition for @Bean method org.springframework.security.config.annotation.configuration.ObjectPostProcessorConfiguration.objectPostProcessor()
21:59:40.667 [main] DEBUG o.s.c.a.ConfigurationClassBeanDefinitionReader - Registered bean definition for imported class &apos;org.springframework.security.config.annotation.authentication.configuration.AuthenticationConfiguration&apos;
21:59:40.667 [main] DEBUG o.s.c.a.ConfigurationClassBeanDefinitionReader - Registering bean definition for @Bean method org.springframework.security.config.annotation.authentication.configuration.AuthenticationConfiguration.authenticationManagerBuilder()
21:59:40.667 [main] DEBUG o.s.c.a.ConfigurationClassBeanDefinitionReader - Registering bean definition for @Bean method org.springframework.security.config.annotation.authentication.configuration.AuthenticationConfiguration.enableGlobalAuthenticationAutowiredConfigurer()
21:59:40.667 [main] DEBUG o.s.c.a.ConfigurationClassBeanDefinitionReader - Registering bean definition for @Bean method org.springframework.security.config.annotation.authentication.configuration.AuthenticationConfiguration.initializeUserDetailsBeanManagerConfigurer()
21:59:40.667 [main] DEBUG o.s.c.a.ConfigurationClassBeanDefinitionReader - Registering bean definition for @Bean method org.springframework.security.config.annotation.authentication.configuration.AuthenticationConfiguration.initializeAuthenticationProviderBeanManagerConfigurer()
21:59:40.667 [main] DEBUG o.s.c.a.ConfigurationClassBeanDefinitionReader - Registered bean definition for imported class &apos;org.springframework.security.config.annotation.web.configuration.WebSecurityConfiguration&apos;
21:59:40.667 [main] DEBUG o.s.c.a.ConfigurationClassBeanDefinitionReader - Registering bean definition for @Bean method org.springframework.security.config.annotation.web.configuration.WebSecurityConfiguration.delegatingApplicationListener()
21:59:40.667 [main] DEBUG o.s.c.a.ConfigurationClassBeanDefinitionReader - Registering bean definition for @Bean method org.springframework.security.config.annotation.web.configuration.WebSecurityConfiguration.webSecurityExpressionHandler()
21:59:40.667 [main] DEBUG o.s.c.a.ConfigurationClassBeanDefinitionReader - Registering bean definition for @Bean method org.springframework.security.config.annotation.web.configuration.WebSecurityConfiguration.springSecurityFilterChain()
21:59:40.667 [main] DEBUG o.s.c.a.ConfigurationClassBeanDefinitionReader - Registering bean definition for @Bean method org.springframework.security.config.annotation.web.configuration.WebSecurityConfiguration.privilegeEvaluator()
21:59:40.667 [main] DEBUG o.s.c.a.ConfigurationClassBeanDefinitionReader - Registering bean definition for @Bean method org.springframework.security.config.annotation.web.configuration.WebSecurityConfiguration.autowiredWebSecurityConfigurersIgnoreParents()
21:59:40.667 [main] DEBUG o.s.c.a.ConfigurationClassBeanDefinitionReader - Registered bean definition for imported class &apos;org.springframework.security.config.annotation.web.configuration.WebMvcSecurityConfiguration&apos;
21:59:40.667 [main] DEBUG o.s.c.a.ConfigurationClassBeanDefinitionReader - Registering bean definition for @Bean method org.springframework.security.config.annotation.web.configuration.WebMvcSecurityConfiguration.requestDataValueProcessor()
21:59:40.667 [main] DEBUG o.s.c.a.ConfigurationClassBeanDefinitionReader - Registering bean definition for @Bean method edu.ncsu.csc.itrust2.config.SecurityConfig.passwordEncoder()
21:59:40.667 [main] DEBUG o.s.c.a.ConfigurationClassBeanDefinitionReader - Registering bean definition for @Bean method edu.ncsu.csc.itrust2.config.SecurityConfig.defaultAuthenticationEventPublisher()
21:59:40.667 [main] DEBUG o.s.c.a.ConfigurationClassBeanDefinitionReader - Registering bean definition for @Bean method edu.ncsu.csc.itrust2.config.SecurityConfig.failureHandler()
21:59:40.667 [main] DEBUG o.s.c.a.ConfigurationClassBeanDefinitionReader - Registering bean definition for @Bean method edu.ncsu.csc.itrust2.config.SecurityConfig.ipBlockFilter()
21:59:40.667 [main] DEBUG o.s.c.a.ConfigurationClassBeanDefinitionReader - Registered bean definition for imported class &apos;org.springframework.web.servlet.config.annotation.DelegatingWebMvcConfiguration&apos;
21:59:40.667 [main] DEBUG o.s.c.a.ConfigurationClassBeanDefinitionReader - Registering bean definition for @Bean method org.springframework.web.servlet.config.annotation.DelegatingWebMvcConfiguration.mvcConversionService()
21:59:40.667 [main] DEBUG o.s.c.a.ConfigurationClassBeanDefinitionReader - Registering bean definition for @Bean method org.springframework.web.servlet.config.annotation.DelegatingWebMvcConfiguration.requestMappingHandlerMapping()
21:59:40.667 [main] DEBUG o.s.c.a.ConfigurationClassBeanDefinitionReader - Registering bean definition for @Bean method org.springframework.web.servlet.config.annotation.DelegatingWebMvcConfiguration.mvcPathMatcher()
21:59:40.667 [main] DEBUG o.s.c.a.ConfigurationClassBeanDefinitionReader - Registering bean definition for @Bean method org.springframework.web.servlet.config.annotation.DelegatingWebMvcConfiguration.mvcUrlPathHelper()
21:59:40.667 [main] DEBUG o.s.c.a.ConfigurationClassBeanDefinitionReader - Registering bean definition for @Bean method org.springframework.web.servlet.config.annotation.DelegatingWebMvcConfiguration.mvcContentNegotiationManager()
21:59:40.668 [main] DEBUG o.s.c.a.ConfigurationClassBeanDefinitionReader - Registering bean definition for @Bean method org.springframework.web.servlet.config.annotation.DelegatingWebMvcConfiguration.viewControllerHandlerMapping()
21:59:40.668 [main] DEBUG o.s.c.a.ConfigurationClassBeanDefinitionReader - Registering bean definition for @Bean method org.springframework.web.servlet.config.annotation.DelegatingWebMvcConfiguration.beanNameHandlerMapping()
21:59:40.668 [main] DEBUG o.s.c.a.ConfigurationClassBeanDefinitionReader - Registering bean definition for @Bean method org.springframework.web.servlet.config.annotation.DelegatingWebMvcConfiguration.resourceHandlerMapping()
21:59:40.668 [main] DEBUG o.s.c.a.ConfigurationClassBeanDefinitionReader - Registering bean definition for @Bean method org.springframework.web.servlet.config.annotation.DelegatingWebMvcConfiguration.mvcResourceUrlProvider()
21:59:40.668 [main] DEBUG o.s.c.a.ConfigurationClassBeanDefinitionReader - Registering bean definition for @Bean method org.springframework.web.servlet.config.annotation.DelegatingWebMvcConfiguration.defaultServletHandlerMapping()
21:59:40.668 [main] DEBUG o.s.c.a.ConfigurationClassBeanDefinitionReader - Registering bean definition for @Bean method org.springframework.web.servlet.config.annotation.DelegatingWebMvcConfiguration.requestMappingHandlerAdapter()
21:59:40.668 [main] DEBUG o.s.c.a.ConfigurationClassBeanDefinitionReader - Registering bean definition for @Bean method org.springframework.web.servlet.config.annotation.DelegatingWebMvcConfiguration.mvcValidator()
21:59:40.668 [main] DEBUG o.s.c.a.ConfigurationClassBeanDefinitionReader - Registering bean definition for @Bean method org.springframework.web.servlet.config.annotation.DelegatingWebMvcConfiguration.mvcUriComponentsContributor()
21:59:40.668 [main] DEBUG o.s.c.a.ConfigurationClassBeanDefinitionReader - Registering bean definition for @Bean method org.springframework.web.servlet.config.annotation.DelegatingWebMvcConfiguration.httpRequestHandlerAdapter()
21:59:40.668 [main] DEBUG o.s.c.a.ConfigurationClassBeanDefinitionReader - Registering bean definition for @Bean method org.springframework.web.servlet.config.annotation.DelegatingWebMvcConfiguration.simpleControllerHandlerAdapter()
21:59:40.668 [main] DEBUG o.s.c.a.ConfigurationClassBeanDefinitionReader - Registering bean definition for @Bean method org.springframework.web.servlet.config.annotation.DelegatingWebMvcConfiguration.handlerExceptionResolver()
21:59:40.668 [main] DEBUG o.s.c.a.ConfigurationClassBeanDefinitionReader - Registering bean definition for @Bean method org.springframework.web.servlet.config.annotation.DelegatingWebMvcConfiguration.mvcViewResolver()
21:59:40.668 [main] DEBUG o.s.c.a.ConfigurationClassBeanDefinitionReader - Registered bean definition for imported class &apos;org.springframework.security.config.annotation.method.configuration.GlobalMethodSecurityConfiguration&apos;
21:59:40.668 [main] DEBUG o.s.c.a.ConfigurationClassBeanDefinitionReader - Registering bean definition for @Bean method org.springframework.security.config.annotation.method.configuration.GlobalMethodSecurityConfiguration.methodSecurityInterceptor()
21:59:40.668 [main] DEBUG o.s.c.a.ConfigurationClassBeanDefinitionReader - Registering bean definition for @Bean method org.springframework.security.config.annotation.method.configuration.GlobalMethodSecurityConfiguration.methodSecurityMetadataSource()
21:59:40.668 [main] DEBUG o.s.c.a.ConfigurationClassBeanDefinitionReader - Registering bean definition for @Bean method org.springframework.security.config.annotation.method.configuration.GlobalMethodSecurityConfiguration.preInvocationAuthorizationAdvice()
21:59:40.668 [main] DEBUG o.s.c.a.ConfigurationClassBeanDefinitionReader - Registering bean definition for @Bean method edu.ncsu.csc.itrust2.mvc.config.WebMvcConfiguration.viewResolver()
21:59:40.668 [main] DEBUG o.s.c.a.ConfigurationClassBeanDefinitionReader - Registering bean definition for @Bean method edu.ncsu.csc.itrust2.mvc.config.WebMvcConfiguration.templateEngine()
21:59:40.668 [main] DEBUG o.s.c.a.ConfigurationClassBeanDefinitionReader - Registering bean definition for @Bean method edu.ncsu.csc.itrust2.mvc.config.WebMvcConfiguration.domainClassConverter()
21:59:40.670 [main] DEBUG o.s.c.a.ConfigurationClassEnhancer - Successfully enhanced edu.ncsu.csc.itrust2.config.RootConfiguration; enhanced class name is: edu.ncsu.csc.itrust2.config.RootConfiguration$$EnhancerBySpringCGLIB$$c1d00685
21:59:40.670 [main] DEBUG o.s.c.a.ConfigurationClassPostProcessor - Replacing bean definition &apos;rootConfiguration&apos; existing class &apos;edu.ncsu.csc.itrust2.config.RootConfiguration&apos; with enhanced class &apos;edu.ncsu.csc.itrust2.config.RootConfiguration$$EnhancerBySpringCGLIB$$c1d00685&apos;
21:59:40.670 [main] DEBUG o.s.c.a.ConfigurationClassEnhancer - Successfully enhanced edu.ncsu.csc.itrust2.mvc.config.WebMvcConfiguration; enhanced class name is: edu.ncsu.csc.itrust2.mvc.config.WebMvcConfiguration$$EnhancerBySpringCGLIB$$de7b09d5
21:59:40.670 [main] DEBUG o.s.c.a.ConfigurationClassPostProcessor - Replacing bean definition &apos;webMvcConfiguration&apos; existing class &apos;edu.ncsu.csc.itrust2.mvc.config.WebMvcConfiguration&apos; with enhanced class &apos;edu.ncsu.csc.itrust2.mvc.config.WebMvcConfiguration$$EnhancerBySpringCGLIB$$de7b09d5&apos;
21:59:40.671 [main] DEBUG o.s.c.a.ConfigurationClassEnhancer - Successfully enhanced edu.ncsu.csc.itrust2.config.DataConfiguration; enhanced class name is: edu.ncsu.csc.itrust2.config.DataConfiguration$$EnhancerBySpringCGLIB$$60f4bbd
21:59:40.671 [main] DEBUG o.s.c.a.ConfigurationClassPostProcessor - Replacing bean definition &apos;dataConfiguration&apos; existing class &apos;edu.ncsu.csc.itrust2.config.DataConfiguration&apos; with enhanced class &apos;edu.ncsu.csc.itrust2.config.DataConfiguration$$EnhancerBySpringCGLIB$$60f4bbd&apos;
21:59:40.671 [main] DEBUG o.s.c.a.ConfigurationClassEnhancer - Successfully enhanced edu.ncsu.csc.itrust2.config.SecurityConfig; enhanced class name is: edu.ncsu.csc.itrust2.config.SecurityConfig$$EnhancerBySpringCGLIB$$f88fd361
21:59:40.671 [main] DEBUG o.s.c.a.ConfigurationClassPostProcessor - Replacing bean definition &apos;securityConfig&apos; existing class &apos;edu.ncsu.csc.itrust2.config.SecurityConfig&apos; with enhanced class &apos;edu.ncsu.csc.itrust2.config.SecurityConfig$$EnhancerBySpringCGLIB$$f88fd361&apos;
21:59:40.671 [main] DEBUG o.s.c.a.ConfigurationClassEnhancer - Successfully enhanced org.springframework.security.config.annotation.configuration.ObjectPostProcessorConfiguration; enhanced class name is: org.springframework.security.config.annotation.configuration.ObjectPostProcessorConfiguration$$EnhancerBySpringCGLIB$$6851d2d
21:59:40.671 [main] DEBUG o.s.c.a.ConfigurationClassPostProcessor - Replacing bean definition &apos;org.springframework.security.config.annotation.configuration.ObjectPostProcessorConfiguration&apos; existing class &apos;org.springframework.security.config.annotation.configuration.ObjectPostProcessorConfiguration&apos; with enhanced class &apos;org.springframework.security.config.annotation.configuration.ObjectPostProcessorConfiguration$$EnhancerBySpringCGLIB$$6851d2d&apos;
21:59:40.671 [main] DEBUG o.s.c.a.ConfigurationClassEnhancer - Successfully enhanced org.springframework.security.config.annotation.authentication.configuration.AuthenticationConfiguration; enhanced class name is: org.springframework.security.config.annotation.authentication.configuration.AuthenticationConfiguration$$EnhancerBySpringCGLIB$$524e27a2
21:59:40.671 [main] DEBUG o.s.c.a.ConfigurationClassPostProcessor - Replacing bean definition &apos;org.springframework.security.config.annotation.authentication.configuration.AuthenticationConfiguration&apos; existing class &apos;org.springframework.security.config.annotation.authentication.configuration.AuthenticationConfiguration&apos; with enhanced class &apos;org.springframework.security.config.annotation.authentication.configuration.AuthenticationConfiguration$$EnhancerBySpringCGLIB$$524e27a2&apos;
21:59:40.671 [main] DEBUG o.s.c.a.ConfigurationClassEnhancer - Successfully enhanced org.springframework.security.config.annotation.authentication.configuration.AuthenticationConfiguration; enhanced class name is: org.springframework.security.config.annotation.authentication.configuration.AuthenticationConfiguration$$EnhancerBySpringCGLIB$$524e27a2
21:59:40.671 [main] DEBUG o.s.c.a.ConfigurationClassPostProcessor - Replacing bean definition &apos;enableGlobalAuthenticationAutowiredConfigurer&apos; existing class &apos;org.springframework.security.config.annotation.authentication.configuration.AuthenticationConfiguration&apos; with enhanced class &apos;org.springframework.security.config.annotation.authentication.configuration.AuthenticationConfiguration$$EnhancerBySpringCGLIB$$524e27a2&apos;
21:59:40.671 [main] DEBUG o.s.c.a.ConfigurationClassEnhancer - Successfully enhanced org.springframework.security.config.annotation.authentication.configuration.AuthenticationConfiguration; enhanced class name is: org.springframework.security.config.annotation.authentication.configuration.AuthenticationConfiguration$$EnhancerBySpringCGLIB$$524e27a2
21:59:40.671 [main] DEBUG o.s.c.a.ConfigurationClassPostProcessor - Replacing bean definition &apos;initializeUserDetailsBeanManagerConfigurer&apos; existing class &apos;org.springframework.security.config.annotation.authentication.configuration.AuthenticationConfiguration&apos; with enhanced class &apos;org.springframework.security.config.annotation.authentication.configuration.AuthenticationConfiguration$$EnhancerBySpringCGLIB$$524e27a2&apos;
21:59:40.671 [main] DEBUG o.s.c.a.ConfigurationClassEnhancer - Successfully enhanced org.springframework.security.config.annotation.authentication.configuration.AuthenticationConfiguration; enhanced class name is: org.springframework.security.config.annotation.authentication.configuration.AuthenticationConfiguration$$EnhancerBySpringCGLIB$$524e27a2
21:59:40.671 [main] DEBUG o.s.c.a.ConfigurationClassPostProcessor - Replacing bean definition &apos;initializeAuthenticationProviderBeanManagerConfigurer&apos; existing class &apos;org.springframework.security.config.annotation.authentication.configuration.AuthenticationConfiguration&apos; with enhanced class &apos;org.springframework.security.config.annotation.authentication.configuration.AuthenticationConfiguration$$EnhancerBySpringCGLIB$$524e27a2&apos;
21:59:40.671 [main] DEBUG o.s.c.a.ConfigurationClassEnhancer - Successfully enhanced org.springframework.security.config.annotation.web.configuration.WebSecurityConfiguration; enhanced class name is: org.springframework.security.config.annotation.web.configuration.WebSecurityConfiguration$$EnhancerBySpringCGLIB$$150881e6
21:59:40.671 [main] DEBUG o.s.c.a.ConfigurationClassPostProcessor - Replacing bean definition &apos;org.springframework.security.config.annotation.web.configuration.WebSecurityConfiguration&apos; existing class &apos;org.springframework.security.config.annotation.web.configuration.WebSecurityConfiguration&apos; with enhanced class &apos;org.springframework.security.config.annotation.web.configuration.WebSecurityConfiguration$$EnhancerBySpringCGLIB$$150881e6&apos;
21:59:40.671 [main] DEBUG o.s.c.a.ConfigurationClassEnhancer - Successfully enhanced org.springframework.security.config.annotation.web.configuration.WebSecurityConfiguration; enhanced class name is: org.springframework.security.config.annotation.web.configuration.WebSecurityConfiguration$$EnhancerBySpringCGLIB$$150881e6
21:59:40.671 [main] DEBUG o.s.c.a.ConfigurationClassPostProcessor - Replacing bean definition &apos;delegatingApplicationListener&apos; existing class &apos;org.springframework.security.config.annotation.web.configuration.WebSecurityConfiguration&apos; with enhanced class &apos;org.springframework.security.config.annotation.web.configuration.WebSecurityConfiguration$$EnhancerBySpringCGLIB$$150881e6&apos;
21:59:40.672 [main] DEBUG o.s.c.a.ConfigurationClassEnhancer - Successfully enhanced org.springframework.web.servlet.config.annotation.DelegatingWebMvcConfiguration; enhanced class name is: org.springframework.web.servlet.config.annotation.DelegatingWebMvcConfiguration$$EnhancerBySpringCGLIB$$32983a29
21:59:40.672 [main] DEBUG o.s.c.a.ConfigurationClassPostProcessor - Replacing bean definition &apos;org.springframework.web.servlet.config.annotation.DelegatingWebMvcConfiguration&apos; existing class &apos;org.springframework.web.servlet.config.annotation.DelegatingWebMvcConfiguration&apos; with enhanced class &apos;org.springframework.web.servlet.config.annotation.DelegatingWebMvcConfiguration$$EnhancerBySpringCGLIB$$32983a29&apos;
21:59:40.672 [main] DEBUG o.s.c.a.ConfigurationClassEnhancer - Successfully enhanced org.springframework.security.config.annotation.method.configuration.GlobalMethodSecurityConfiguration; enhanced class name is: org.springframework.security.config.annotation.method.configuration.GlobalMethodSecurityConfiguration$$EnhancerBySpringCGLIB$$2b59bfdf
21:
...[truncated 195522 chars]...
tring edu.ncsu.csc.itrust2.controllers.patient.PatientController.viewDemographics(org.springframework.ui.Model)]] with attributes [[authorize: &apos;hasRole(&apos;ROLE_PATIENT&apos;)&apos;, filter: &apos;null&apos;, filterTarget: &apos;null&apos;]]
21:59:40.936 [main] DEBUG o.s.aop.framework.CglibAopProxy - Unable to apply any optimisations to advised method: public java.lang.String edu.ncsu.csc.itrust2.controllers.patient.PatientController.viewDemographics(org.springframework.ui.Model)
21:59:40.936 [main] DEBUG o.s.s.a.p.PrePostAnnotationSecurityMetadataSource - @org.springframework.security.access.prepost.PreAuthorize(value=hasRole(&apos;ROLE_PATIENT&apos;)) found on specific method: public java.lang.String edu.ncsu.csc.itrust2.controllers.patient.PatientController.demographicsSubmit(edu.ncsu.csc.itrust2.forms.hcp_patient.PatientForm,org.springframework.validation.BindingResult,org.springframework.ui.Model)
21:59:40.936 [main] DEBUG o.s.s.a.m.DelegatingMethodSecurityMetadataSource - Caching method [CacheKey[edu.ncsu.csc.itrust2.controllers.patient.PatientController; public java.lang.String edu.ncsu.csc.itrust2.controllers.patient.PatientController.demographicsSubmit(edu.ncsu.csc.itrust2.forms.hcp_patient.PatientForm,org.springframework.validation.BindingResult,org.springframework.ui.Model)]] with attributes [[authorize: &apos;hasRole(&apos;ROLE_PATIENT&apos;)&apos;, filter: &apos;null&apos;, filterTarget: &apos;null&apos;]]
21:59:40.936 [main] DEBUG o.s.aop.framework.CglibAopProxy - Unable to apply any optimisations to advised method: public java.lang.String edu.ncsu.csc.itrust2.controllers.patient.PatientController.demographicsSubmit(edu.ncsu.csc.itrust2.forms.hcp_patient.PatientForm,org.springframework.validation.BindingResult,org.springframework.ui.Model)
21:59:40.936 [main] DEBUG o.s.s.a.p.PrePostAnnotationSecurityMetadataSource - @org.springframework.security.access.prepost.PreAuthorize(value=hasRole(&apos;ROLE_PATIENT&apos;)) found on specific method: public java.lang.String edu.ncsu.csc.itrust2.controllers.patient.PatientController.index(org.springframework.ui.Model)
21:59:40.936 [main] DEBUG o.s.s.a.m.DelegatingMethodSecurityMetadataSource - Caching method [CacheKey[edu.ncsu.csc.itrust2.controllers.patient.PatientController; public java.lang.String edu.ncsu.csc.itrust2.controllers.patient.PatientController.index(org.springframework.ui.Model)]] with attributes [[authorize: &apos;hasRole(&apos;ROLE_PATIENT&apos;)&apos;, filter: &apos;null&apos;, filterTarget: &apos;null&apos;]]
21:59:40.936 [main] DEBUG o.s.aop.framework.CglibAopProxy - Unable to apply any optimisations to advised method: public java.lang.String edu.ncsu.csc.itrust2.controllers.patient.PatientController.index(org.springframework.ui.Model)
21:59:40.936 [main] DEBUG o.s.aop.framework.CglibAopProxy - Found &apos;equals&apos; method: public boolean java.lang.Object.equals(java.lang.Object)
21:59:40.936 [main] DEBUG o.s.aop.framework.CglibAopProxy - Unable to apply any optimisations to advised method: public java.lang.String java.lang.Object.toString()
21:59:40.936 [main] DEBUG o.s.aop.framework.CglibAopProxy - Found &apos;hashCode&apos; method: public native int java.lang.Object.hashCode()
21:59:40.936 [main] DEBUG o.s.aop.framework.CglibAopProxy - Unable to apply any optimisations to advised method: protected native java.lang.Object java.lang.Object.clone() throws java.lang.CloneNotSupportedException
21:59:40.936 [main] DEBUG o.s.aop.framework.CglibAopProxy - Method is declared on Advised interface: public abstract void org.springframework.aop.framework.Advised.setTargetSource(org.springframework.aop.TargetSource)
21:59:40.936 [main] DEBUG o.s.aop.framework.CglibAopProxy - Method is declared on Advised interface: public abstract org.springframework.aop.TargetSource org.springframework.aop.framework.Advised.getTargetSource()
21:59:40.936 [main] DEBUG o.s.aop.framework.CglibAopProxy - Method is declared on Advised interface: public abstract boolean org.springframework.aop.framework.Advised.isProxyTargetClass()
21:59:40.936 [main] DEBUG o.s.aop.framework.CglibAopProxy - Method is declared on Advised interface: public abstract void org.springframework.aop.framework.Advised.addAdvisor(org.springframework.aop.Advisor) throws org.springframework.aop.framework.AopConfigException
21:59:40.936 [main] DEBUG o.s.aop.framework.CglibAopProxy - Method is declared on Advised interface: public abstract void org.springframework.aop.framework.Advised.addAdvisor(int,org.springframework.aop.Advisor) throws org.springframework.aop.framework.AopConfigException
21:59:40.936 [main] DEBUG o.s.aop.framework.CglibAopProxy - Method is declared on Advised interface: public abstract void org.springframework.aop.framework.Advised.setPreFiltered(boolean)
21:59:40.936 [main] DEBUG o.s.aop.framework.CglibAopProxy - Method is declared on Advised interface: public abstract void org.springframework.aop.framework.Advised.setExposeProxy(boolean)
21:59:40.936 [main] DEBUG o.s.aop.framework.CglibAopProxy - Method is declared on Advised interface: public abstract boolean org.springframework.aop.framework.Advised.isExposeProxy()
21:59:40.936 [main] DEBUG o.s.aop.framework.CglibAopProxy - Method is declared on Advised interface: public abstract boolean org.springframework.aop.framework.Advised.isPreFiltered()
21:59:40.936 [main] DEBUG o.s.aop.framework.CglibAopProxy - Method is declared on Advised interface: public abstract java.lang.Class[] org.springframework.aop.framework.Advised.getProxiedInterfaces()
21:59:40.936 [main] DEBUG o.s.aop.framework.CglibAopProxy - Method is declared on Advised interface: public abstract boolean org.springframework.aop.framework.Advised.isInterfaceProxied(java.lang.Class)
21:59:40.936 [main] DEBUG o.s.aop.framework.CglibAopProxy - Method is declared on Advised interface: public abstract org.springframework.aop.Advisor[] org.springframework.aop.framework.Advised.getAdvisors()
21:59:40.936 [main] DEBUG o.s.aop.framework.CglibAopProxy - Method is declared on Advised interface: public abstract void org.springframework.aop.framework.Advised.removeAdvisor(int) throws org.springframework.aop.framework.AopConfigException
21:59:40.937 [main] DEBUG o.s.aop.framework.CglibAopProxy - Method is declared on Advised interface: public abstract boolean org.springframework.aop.framework.Advised.removeAdvisor(org.springframework.aop.Advisor)
21:59:40.937 [main] DEBUG o.s.aop.framework.CglibAopProxy - Method is declared on Advised interface: public abstract boolean org.springframework.aop.framework.Advised.replaceAdvisor(org.springframework.aop.Advisor,org.springframework.aop.Advisor) throws org.springframework.aop.framework.AopConfigException
21:59:40.937 [main] DEBUG o.s.aop.framework.CglibAopProxy - Method is declared on Advised interface: public abstract boolean org.springframework.aop.framework.Advised.removeAdvice(org.aopalliance.aop.Advice)
21:59:40.937 [main] DEBUG o.s.aop.framework.CglibAopProxy - Method is declared on Advised interface: public abstract java.lang.String org.springframework.aop.framework.Advised.toProxyConfigString()
21:59:40.937 [main] DEBUG o.s.aop.framework.CglibAopProxy - Method is declared on Advised interface: public abstract void org.springframework.aop.framework.Advised.addAdvice(int,org.aopalliance.aop.Advice) throws org.springframework.aop.framework.AopConfigException
21:59:40.937 [main] DEBUG o.s.aop.framework.CglibAopProxy - Method is declared on Advised interface: public abstract void org.springframework.aop.framework.Advised.addAdvice(org.aopalliance.aop.Advice) throws org.springframework.aop.framework.AopConfigException
21:59:40.937 [main] DEBUG o.s.aop.framework.CglibAopProxy - Method is declared on Advised interface: public abstract int org.springframework.aop.framework.Advised.indexOf(org.aopalliance.aop.Advice)
21:59:40.937 [main] DEBUG o.s.aop.framework.CglibAopProxy - Method is declared on Advised interface: public abstract int org.springframework.aop.framework.Advised.indexOf(org.springframework.aop.Advisor)
21:59:40.937 [main] DEBUG o.s.aop.framework.CglibAopProxy - Method is declared on Advised interface: public abstract boolean org.springframework.aop.framework.Advised.isFrozen()
21:59:40.937 [main] DEBUG o.s.aop.framework.CglibAopProxy - Method is declared on Advised interface: public abstract java.lang.Class org.springframework.aop.TargetClassAware.getTargetClass()
21:59:40.941 [main] DEBUG o.s.b.f.s.DefaultListableBeanFactory - Finished creating instance of bean &apos;patientController&apos;
21:59:40.941 [main] DEBUG o.s.b.f.s.DefaultListableBeanFactory - Creating shared instance of singleton bean &apos;passwordController&apos;
21:59:40.941 [main] DEBUG o.s.b.f.s.DefaultListableBeanFactory - Creating instance of bean &apos;passwordController&apos;
21:59:40.941 [main] DEBUG o.s.b.f.s.DefaultListableBeanFactory - Eagerly caching bean &apos;passwordController&apos; to allow for resolving potential circular references
21:59:40.941 [main] DEBUG o.s.b.f.s.DefaultListableBeanFactory - Returning cached instance of singleton bean &apos;metaDataSourceAdvisor&apos;
21:59:40.941 [main] DEBUG o.s.b.f.s.DefaultListableBeanFactory - Finished creating instance of bean &apos;passwordController&apos;
21:59:40.941 [main] DEBUG o.s.b.f.s.DefaultListableBeanFactory - Creating shared instance of singleton bean &apos;userController&apos;
21:59:40.941 [main] DEBUG o.s.b.f.s.DefaultListableBeanFactory - Creating instance of bean &apos;userController&apos;
21:59:40.942 [main] DEBUG o.s.b.f.s.DefaultListableBeanFactory - Eagerly caching bean &apos;userController&apos; to allow for resolving potential circular references
21:59:40.942 [main] DEBUG o.s.b.f.s.DefaultListableBeanFactory - Returning cached instance of singleton bean &apos;metaDataSourceAdvisor&apos;
21:59:40.942 [main] DEBUG o.s.s.a.p.PrePostAnnotationSecurityMetadataSource - @org.springframework.security.access.prepost.PreAuthorize(value=hasRole(&apos;ROLE_HCP&apos;) or hasRole(&apos;ROLE_ADMIN&apos;)) found on specific method: public java.lang.String edu.ncsu.csc.itrust2.controllers.personnel.UserController.viewDemographics(org.springframework.ui.Model)
21:59:40.942 [main] DEBUG o.s.s.a.m.DelegatingMethodSecurityMetadataSource - Caching method [CacheKey[edu.ncsu.csc.itrust2.controllers.personnel.UserController; public java.lang.String edu.ncsu.csc.itrust2.controllers.personnel.UserController.viewDemographics(org.springframework.ui.Model)]] with attributes [[authorize: &apos;hasRole(&apos;ROLE_HCP&apos;) or hasRole(&apos;ROLE_ADMIN&apos;)&apos;, filter: &apos;null&apos;, filterTarget: &apos;null&apos;]]
21:59:40.942 [main] DEBUG o.s.a.f.a.InfrastructureAdvisorAutoProxyCreator - Creating implicit proxy for bean &apos;userController&apos; with 0 common interceptors and 1 specific interceptors
21:59:40.942 [main] DEBUG o.s.aop.framework.CglibAopProxy - Creating CGLIB proxy: target source is SingletonTargetSource for target object [edu.ncsu.csc.itrust2.controllers.personnel.UserController@7a6a7aa8]
21:59:40.942 [main] DEBUG o.s.aop.framework.CglibAopProxy - Unable to apply any optimisations to advised method: public java.lang.String edu.ncsu.csc.itrust2.controllers.personnel.UserController.viewDemographics(org.springframework.ui.Model)
21:59:40.942 [main] DEBUG o.s.s.a.p.PrePostAnnotationSecurityMetadataSource - @org.springframework.security.access.prepost.PreAuthorize(value=hasRole(&apos;ROLE_HCP&apos;) or hasRole(&apos;ROLE_ADMIN&apos;)) found on specific method: public java.lang.String edu.ncsu.csc.itrust2.controllers.personnel.UserController.demographicsSubmit(edu.ncsu.csc.itrust2.forms.personnel.PersonnelForm,org.springframework.validation.BindingResult,org.springframework.ui.Model)
21:59:40.942 [main] DEBUG o.s.s.a.m.DelegatingMethodSecurityMetadataSource - Caching method [CacheKey[edu.ncsu.csc.itrust2.controllers.personnel.UserController; public java.lang.String edu.ncsu.csc.itrust2.controllers.personnel.UserController.demographicsSubmit(edu.ncsu.csc.itrust2.forms.personnel.PersonnelForm,org.springframework.validation.BindingResult,org.springframework.ui.Model)]] with attributes [[authorize: &apos;hasRole(&apos;ROLE_HCP&apos;) or hasRole(&apos;ROLE_ADMIN&apos;)&apos;, filter: &apos;null&apos;, filterTarget: &apos;null&apos;]]
21:59:40.942 [main] DEBUG o.s.aop.framework.CglibAopProxy - Unable to apply any optimisations to advised method: public java.lang.String edu.ncsu.csc.itrust2.controllers.personnel.UserController.demographicsSubmit(edu.ncsu.csc.itrust2.forms.personnel.PersonnelForm,org.springframework.validation.BindingResult,org.springframework.ui.Model)
21:59:40.942 [main] DEBUG o.s.aop.framework.CglibAopProxy - Found &apos;equals&apos; method: public boolean java.lang.Object.equals(java.lang.Object)
21:59:40.942 [main] DEBUG o.s.aop.framework.CglibAopProxy - Unable to apply any optimisations to advised method: public java.lang.String java.lang.Object.toString()
21:59:40.942 [main] DEBUG o.s.aop.framework.CglibAopProxy - Found &apos;hashCode&apos; method: public native int java.lang.Object.hashCode()
21:59:40.942 [main] DEBUG o.s.aop.framework.CglibAopProxy - Unable to apply any optimisations to advised method: protected native java.lang.Object java.lang.Object.clone() throws java.lang.CloneNotSupportedException
21:59:40.942 [main] DEBUG o.s.aop.framework.CglibAopProxy - Method is declared on Advised interface: public abstract void org.springframework.aop.framework.Advised.setTargetSource(org.springframework.aop.TargetSource)
21:59:40.942 [main] DEBUG o.s.aop.framework.CglibAopProxy - Method is declared on Advised interface: public abstract org.springframework.aop.TargetSource org.springframework.aop.framework.Advised.getTargetSource()
21:59:40.942 [main] DEBUG o.s.aop.framework.CglibAopProxy - Method is declared on Advised interface: public abstract boolean org.springframework.aop.framework.Advised.isProxyTargetClass()
21:59:40.942 [main] DEBUG o.s.aop.framework.CglibAopProxy - Method is declared on Advised interface: public abstract void org.springframework.aop.framework.Advised.addAdvisor(org.springframework.aop.Advisor) throws org.springframework.aop.framework.AopConfigException
21:59:40.942 [main] DEBUG o.s.aop.framework.CglibAopProxy - Method is declared on Advised interface: public abstract void org.springframework.aop.framework.Advised.addAdvisor(int,org.springframework.aop.Advisor) throws org.springframework.aop.framework.AopConfigException
21:59:40.942 [main] DEBUG o.s.aop.framework.CglibAopProxy - Method is declared on Advised interface: public abstract void org.springframework.aop.framework.Advised.setPreFiltered(boolean)
21:59:40.942 [main] DEBUG o.s.aop.framework.CglibAopProxy - Method is declared on Advised interface: public abstract void org.springframework.aop.framework.Advised.setExposeProxy(boolean)
21:59:40.942 [main] DEBUG o.s.aop.framework.CglibAopProxy - Method is declared on Advised interface: public abstract boolean org.springframework.aop.framework.Advised.isExposeProxy()
21:59:40.942 [main] DEBUG o.s.aop.framework.CglibAopProxy - Method is declared on Advised interface: public abstract boolean org.springframework.aop.framework.Advised.isPreFiltered()
21:59:40.942 [main] DEBUG o.s.aop.framework.CglibAopProxy - Method is declared on Advised interface: public abstract java.lang.Class[] org.springframework.aop.framework.Advised.getProxiedInterfaces()
21:59:40.942 [main] DEBUG o.s.aop.framework.CglibAopProxy - Method is declared on Advised interface: public abstract boolean org.springframework.aop.framework.Advised.isInterfaceProxied(java.lang.Class)
21:59:40.942 [main] DEBUG o.s.aop.framework.CglibAopProxy - Method is declared on Advised interface: public abstract org.springframework.aop.Advisor[] org.springframework.aop.framework.Advised.getAdvisors()
21:59:40.942 [main] DEBUG o.s.aop.framework.CglibAopProxy - Method is declared on Advised interface: public abstract void org.springframework.aop.framework.Advised.removeAdvisor(int) throws org.springframework.aop.framework.AopConfigException
21:59:40.942 [main] DEBUG o.s.aop.framework.CglibAopProxy - Method is declared on Advised interface: public abstract boolean org.springframework.aop.framework.Advised.removeAdvisor(org.springframework.aop.Advisor)
21:59:40.942 [main] DEBUG o.s.aop.framework.CglibAopProxy - Method is declared on Advised interface: public abstract boolean org.springframework.aop.framework.Advised.replaceAdvisor(org.springframework.aop.Advisor,org.springframework.aop.Advisor) throws org.springframework.aop.framework.AopConfigException
21:59:40.942 [main] DEBUG o.s.aop.framework.CglibAopProxy - Method is declared on Advised interface: public abstract boolean org.springframework.aop.framework.Advised.removeAdvice(org.aopalliance.aop.Advice)
21:59:40.942 [main] DEBUG o.s.aop.framework.CglibAopProxy - Method is declared on Advised interface: public abstract java.lang.String org.springframework.aop.framework.Advised.toProxyConfigString()
21:59:40.942 [main] DEBUG o.s.aop.framework.CglibAopProxy - Method is declared on Advised interface: public abstract void org.springframework.aop.framework.Advised.addAdvice(int,org.aopalliance.aop.Advice) throws org.springframework.aop.framework.AopConfigException
21:59:40.942 [main] DEBUG o.s.aop.framework.CglibAopProxy - Method is declared on Advised interface: public abstract void org.springframework.aop.framework.Advised.addAdvice(org.aopalliance.aop.Advice) throws org.springframework.aop.framework.AopConfigException
21:59:40.942 [main] DEBUG o.s.aop.framework.CglibAopProxy - Method is declared on Advised interface: public abstract int org.springframework.aop.framework.Advised.indexOf(org.aopalliance.aop.Advice)
21:59:40.942 [main] DEBUG o.s.aop.framework.CglibAopProxy - Method is declared on Advised interface: public abstract int org.springframework.aop.framework.Advised.indexOf(org.springframework.aop.Advisor)
21:59:40.942 [main] DEBUG o.s.aop.framework.CglibAopProxy - Method is declared on Advised interface: public abstract boolean org.springframework.aop.framework.Advised.isFrozen()
21:59:40.942 [main] DEBUG o.s.aop.framework.CglibAopProxy - Method is declared on Advised interface: public abstract java.lang.Class org.springframework.aop.TargetClassAware.getTargetClass()
21:59:40.946 [main] DEBUG o.s.b.f.s.DefaultListableBeanFactory - Finished creating instance of bean &apos;userController&apos;
21:59:40.946 [main] DEBUG o.s.b.f.s.DefaultListableBeanFactory - Returning cached instance of singleton bean &apos;dataSource&apos;
21:59:40.946 [main] DEBUG o.s.b.f.s.DefaultListableBeanFactory - Returning cached instance of singleton bean &apos;org.springframework.security.config.annotation.configuration.ObjectPostProcessorConfiguration&apos;
21:59:40.946 [main] DEBUG o.s.b.f.s.DefaultListableBeanFactory - Returning cached instance of singleton bean &apos;objectPostProcessor&apos;
21:59:40.946 [main] DEBUG o.s.b.f.s.DefaultListableBeanFactory - Returning cached instance of singleton bean &apos;org.springframework.security.config.annotation.authentication.configuration.AuthenticationConfiguration&apos;
21:59:40.946 [main] DEBUG o.s.b.f.s.DefaultListableBeanFactory - Returning cached instance of singleton bean &apos;authenticationManagerBuilder&apos;
21:59:40.946 [main] DEBUG o.s.b.f.s.DefaultListableBeanFactory - Returning cached instance of singleton bean &apos;enableGlobalAuthenticationAutowiredConfigurer&apos;
21:59:40.946 [main] DEBUG o.s.b.f.s.DefaultListableBeanFactory - Returning cached instance of singleton bean &apos;initializeUserDetailsBeanManagerConfigurer&apos;
21:59:40.946 [main] DEBUG o.s.b.f.s.DefaultListableBeanFactory - Returning cached instance of singleton bean &apos;initializeAuthenticationProviderBeanManagerConfigurer&apos;
21:59:40.946 [main] DEBUG o.s.b.f.s.DefaultListableBeanFactory - Creating shared instance of singleton bean &apos;org.springframework.security.config.annotation.web.configuration.WebSecurityConfiguration&apos;
21:59:40.946 [main] DEBUG o.s.b.f.s.DefaultListableBeanFactory - Creating instance of bean &apos;org.springframework.security.config.annotation.web.configuration.WebSecurityConfiguration&apos;
21:59:40.948 [main] DEBUG o.s.b.f.annotation.InjectionMetadata - Registered injected element on class [org.springframework.security.config.annotation.web.configuration.WebSecurityConfiguration$$EnhancerBySpringCGLIB$$150881e6]: AutowiredFieldElement for private org.springframework.security.config.annotation.ObjectPostProcessor org.springframework.security.config.annotation.web.configuration.WebSecurityConfiguration.objectObjectPostProcessor
21:59:40.948 [main] DEBUG o.s.b.f.annotation.InjectionMetadata - Registered injected element on class [org.springframework.security.config.annotation.web.configuration.WebSecurityConfiguration$$EnhancerBySpringCGLIB$$150881e6]: AutowiredMethodElement for public void org.springframework.security.config.annotation.web.configuration.WebSecurityConfiguration.setFilterChainProxySecurityConfigurer(org.springframework.security.config.annotation.ObjectPostProcessor,java.util.List) throws java.lang.Exception
21:59:40.948 [main] DEBUG o.s.b.f.s.DefaultListableBeanFactory - Eagerly caching bean &apos;org.springframework.security.config.annotation.web.configuration.WebSecurityConfiguration&apos; to allow for resolving potential circular references
21:59:40.948 [main] DEBUG o.s.b.f.annotation.InjectionMetadata - Processing injected element of bean &apos;org.springframework.security.config.annotation.web.configuration.WebSecurityConfiguration&apos;: AutowiredFieldElement for private org.springframework.security.config.annotation.ObjectPostProcessor org.springframework.security.config.annotation.web.configuration.WebSecurityConfiguration.objectObjectPostProcessor
21:59:40.949 [main] DEBUG o.s.b.f.s.DefaultListableBeanFactory - Returning cached instance of singleton bean &apos;objectPostProcessor&apos;
21:59:40.949 [main] DEBUG o.s.b.f.a.AutowiredAnnotationBeanPostProcessor - Autowiring by type from bean name &apos;org.springframework.security.config.annotation.web.configuration.WebSecurityConfiguration&apos; to bean named &apos;objectPostProcessor&apos;
21:59:40.949 [main] DEBUG o.s.b.f.annotation.InjectionMetadata - Processing injected element of bean &apos;org.springframework.security.config.annotation.web.configuration.WebSecurityConfiguration&apos;: AutowiredMethodElement for public void org.springframework.security.config.annotation.web.configuration.WebSecurityConfiguration.setFilterChainProxySecurityConfigurer(org.springframework.security.config.annotation.ObjectPostProcessor,java.util.List) throws java.lang.Exception
21:59:40.949 [main] DEBUG o.s.b.f.s.DefaultListableBeanFactory - Returning cached instance of singleton bean &apos;objectPostProcessor&apos;
21:59:40.950 [main] DEBUG o.s.b.f.s.DefaultListableBeanFactory - Creating shared instance of singleton bean &apos;autowiredWebSecurityConfigurersIgnoreParents&apos;
21:59:40.950 [main] DEBUG o.s.b.f.s.DefaultListableBeanFactory - Creating instance of bean &apos;autowiredWebSecurityConfigurersIgnoreParents&apos;
21:59:40.950 [main] DEBUG o.s.b.f.s.DefaultListableBeanFactory - Returning cached instance of singleton bean &apos;metaDataSourceAdvisor&apos;
21:59:40.951 [main] DEBUG o.s.b.f.s.DefaultListableBeanFactory - Returning eagerly cached instance of singleton bean &apos;org.springframework.security.config.annotation.web.configuration.WebSecurityConfiguration&apos; that is not fully initialized yet - a consequence of a circular reference
21:59:40.952 [main] DEBUG o.s.b.f.s.DefaultListableBeanFactory - Autowiring by type from bean name &apos;autowiredWebSecurityConfigurersIgnoreParents&apos; via factory method to bean named &apos;org.springframework.beans.factory.support.DefaultListableBeanFactory@3fe80faf&apos;
21:59:40.952 [main] DEBUG o.s.b.f.s.DefaultListableBeanFactory - Eagerly caching bean &apos;autowiredWebSecurityConfigurersIgnoreParents&apos; to allow for resolving potential circular references
21:59:40.952 [main] DEBUG o.s.b.f.s.DefaultListableBeanFactory - Returning cached instance of singleton bean &apos;metaDataSourceAdvisor&apos;
21:59:40.952 [main] DEBUG o.s.b.f.s.DefaultListableBeanFactory - Finished creating instance of bean &apos;autowiredWebSecurityConfigurersIgnoreParents&apos;
21:59:40.953 [main] DEBUG o.s.b.f.s.DefaultListableBeanFactory - Returning cached instance of singleton bean &apos;securityConfig&apos;
21:59:40.953 [main] DEBUG o.s.b.f.a.AutowiredAnnotationBeanPostProcessor - Autowiring by type from bean name &apos;org.springframework.security.config.annotation.web.configuration.WebSecurityConfiguration&apos; to bean named &apos;objectPostProcessor&apos;
21:59:40.953 [main] DEBUG o.s.b.f.s.DefaultListableBeanFactory - Returning cached instance of singleton bean &apos;metaDataSourceAdvisor&apos;
21:59:40.956 [main] DEBUG o.s.b.f.s.DefaultListableBeanFactory - Returning cached instance of singleton bean &apos;org.springframework.context.annotation.ConfigurationClassPostProcessor.importRegistry&apos;
21:59:40.956 [main] DEBUG o.s.b.f.s.DefaultListableBeanFactory - Finished creating instance of bean &apos;org.springframework.security.config.annotation.web.configuration.WebSecurityConfiguration&apos;
21:59:40.956 [main] DEBUG o.s.b.f.s.DefaultListableBeanFactory - Creating shared instance of singleton bean &apos;delegatingApplicationListener&apos;
21:59:40.956 [main] DEBUG o.s.b.f.s.DefaultListableBeanFactory - Creating instance of bean &apos;delegatingApplicationListener&apos;
21:59:40.957 [main] DEBUG o.s.b.f.s.DefaultListableBeanFactory - Eagerly caching bean &apos;delegatingApplicationListener&apos; to allow for resolving potential circular references
21:59:40.957 [main] DEBUG o.s.b.f.s.DefaultListableBeanFactory - Returning cached instance of singleton bean &apos;metaDataSourceAdvisor&apos;
21:59:40.957 [main] DEBUG o.s.b.f.s.DefaultListableBeanFactory - Finished creating instance of bean &apos;delegatingApplicationListener&apos;
21:59:40.957 [main] DEBUG o.s.b.f.s.DefaultListableBeanFactory - Creating shared instance of singleton bean &apos;springSecurityFilterChain&apos;
21:59:40.957 [main] DEBUG o.s.b.f.s.DefaultListableBeanFactory - Creating instance of bean &apos;springSecurityFilterChain&apos;
21:59:40.957 [main] DEBUG o.s.b.f.s.DefaultListableBeanFactory - Returning cached instance of singleton bean &apos;org.springframework.security.config.annotation.web.configuration.WebSecurityConfiguration&apos;
21:59:40.957 [main] DEBUG o.s.b.f.s.DefaultListableBeanFactory - Returning cached instance of singleton bean &apos;metaDataSourceAdvisor&apos;
21:59:40.958 [main] DEBUG o.s.b.f.s.DefaultListableBeanFactory - Returning cached instance of singleton bean &apos;webMvcConfiguration&apos;
21:59:40.958 [main] DEBUG o.s.b.f.s.DefaultListableBeanFactory - Returning cached instance of singleton bean &apos;securityConfig&apos;
21:59:40.958 [main] DEBUG o.s.s.c.a.a.c.AuthenticationConfiguration$EnableGlobalAuthenticationAutowiredConfigurer - Eagerly initializing {webMvcConfiguration=edu.ncsu.csc.itrust2.mvc.config.WebMvcConfiguration$$EnhancerBySpringCGLIB$$de7b09d5@7cfe1552, securityConfig=edu.ncsu.csc.itrust2.config.SecurityConfig$$EnhancerBySpringCGLIB$$f88fd361@3b251a0}
21:59:40.958 [main] DEBUG o.s.b.f.s.DefaultListableBeanFactory - Invoking afterPropertiesSet() on bean with name &apos;org.springframework.security.authentication.dao.DaoAuthenticationProvider@6770e0c1&apos;
21:59:40.958 [main] DEBUG o.s.b.f.s.DefaultListableBeanFactory - Returning cached instance of singleton bean &apos;metaDataSourceAdvisor&apos;
21:59:40.960 [main] DEBUG o.s.b.f.s.DefaultListableBeanFactory - Invoking afterPropertiesSet() on bean with name &apos;org.springframework.security.authentication.ProviderManager@1adf55a2&apos;
21:59:40.960 [main] DEBUG o.s.b.f.s.DefaultListableBeanFactory - Returning cached instance of singleton bean &apos;metaDataSourceAdvisor&apos;
21:59:40.961 [main] DEBUG o.s.b.f.s.DefaultListableBeanFactory - Returning cached instance of singleton bean &apos;authenticationManagerBuilder&apos;
21:59:40.961 [main] DEBUG o.s.w.c.s.StandardServletEnvironment - Adding [servletConfigInitParams] PropertySource with lowest search precedence
21:59:40.961 [main] DEBUG o.s.w.c.s.StandardServletEnvironment - Adding [servletContextInitParams] PropertySource with lowest search precedence
21:59:40.962 [main] DEBUG o.s.w.c.s.StandardServletEnvironment - Adding [systemProperties] PropertySource with lowest search precedence
21:59:40.962 [main] DEBUG o.s.w.c.s.StandardServletEnvironment - Adding [systemEnvironment] PropertySource with lowest search precedence
21:59:40.962 [main] DEBUG o.s.w.c.s.StandardServletEnvironment - Initialized StandardServletEnvironment with PropertySources [servletConfigInitParams,servletContextInitParams,systemProperties,systemEnvironment]
21:59:40.962 [main] DEBUG o.s.w.c.s.StandardServletEnvironment - Adding [servletConfigInitParams] PropertySource with lowest search precedence
21:59:40.962 [main] DEBUG o.s.w.c.s.StandardServletEnvironment - Adding [servletContextInitParams] PropertySource with lowest search precedence
21:59:40.962 [main] DEBUG o.s.w.c.s.StandardServletEnvironment - Adding [systemProperties] PropertySource with lowest search precedence
21:59:40.962 [main] DEBUG o.s.w.c.s.StandardServletEnvironment - Adding [systemEnvironment] PropertySource with lowest search precedence
21:59:40.962 [main] DEBUG o.s.w.c.s.StandardServletEnvironment - Initialized StandardServletEnvironment with PropertySources [servletConfigInitParams,servletContextInitParams,systemProperties,systemEnvironment]
21:59:40.962 [main] DEBUG o.s.w.c.s.StandardServletEnvironment - Adding [servletConfigInitParams] PropertySource with lowest search precedence
21:59:40.962 [main] DEBUG o.s.w.c.s.StandardServletEnvironment - Adding [servletContextInitParams] PropertySource with lowest search precedence
21:59:40.962 [main] DEBUG o.s.w.c.s.StandardServletEnvironment - Adding [systemProperties] PropertySource with lowest search precedence
21:59:40.962 [main] DEBUG o.s.w.c.s.StandardServletEnvironment - Adding [systemEnvironment] PropertySource with lowest search precedence
21:59:40.962 [main] DEBUG o.s.w.c.s.StandardServletEnvironment - Initialized StandardServletEnvironment with PropertySources [servletConfigInitParams,servletContextInitParams,systemProperties,systemEnvironment]
21:59:40.964 [main] DEBUG o.s.b.f.s.DefaultListableBeanFactory - Creating shared instance of singleton bean &apos;ipBlockFilter&apos;
21:59:40.964 [main] DEBUG o.s.b.f.s.DefaultListableBeanFactory - Creating instance of bean &apos;ipBlockFilter&apos;
21:59:40.964 [main] DEBUG o.s.b.f.s.DefaultListableBeanFactory - Returning cached instance of singleton bean &apos;securityConfig&apos;
21:59:40.967 [main] DEBUG o.s.w.c.s.StandardServletEnvironment - Adding [servletConfigInitParams] PropertySource with lowest search precedence
21:59:40.967 [main] DEBUG o.s.w.c.s.StandardServletEnvironment - Adding [servletContextInitParams] PropertySource with lowest search precedence
21:59:40.967 [main] DEBUG o.s.w.c.s.StandardServletEnvironment - Adding [systemProperties] PropertySource with lowest search precedence
21:59:40.967 [main] DEBUG o.s.w.c.s.StandardServletEnvironment - Adding [systemEnvironment] PropertySource with lowest search precedence
21:59:40.967 [main] DEBUG o.s.w.c.s.StandardServletEnvironment - Initialized StandardServletEnvironment with PropertySources [servletConfigInitParams,servletContextInitParams,systemProperties,systemEnvironment]
21:59:40.967 [main] DEBUG o.s.b.f.s.DefaultListableBeanFactory - Eagerly caching bean &apos;ipBlockFilter&apos; to allow for resolving potential circular references
21:59:40.969 [main] DEBUG o.s.b.f.s.DefaultListableBeanFactory - Invoking afterPropertiesSet() on bean with name &apos;ipBlockFilter&apos;
21:59:40.969 [main] DEBUG o.s.b.f.s.DefaultListableBeanFactory - Returning cached instance of singleton bean &apos;metaDataSourceAdvisor&apos;
21:59:40.969 [main] DEBUG o.s.b.f.s.DefaultListableBeanFactory - Finished creating instance of bean &apos;ipBlockFilter&apos;
21:59:40.969 [main] DEBUG o.s.w.c.s.StandardServletEnvironment - Adding [servletConfigInitParams] PropertySource with lowest search precedence
21:59:40.969 [main] DEBUG o.s.w.c.s.StandardServletEnvironment - Adding [servletContextInitParams] PropertySource with lowest search precedence
21:59:40.970 [main] DEBUG o.s.w.c.s.StandardServletEnvironment - Adding [systemProperties] PropertySource with lowest search precedence
21:59:40.970 [main] DEBUG o.s.w.c.s.StandardServletEnvironment - Adding [systemEnvironment] PropertySource with lowest search precedence
21:59:40.970 [main] DEBUG o.s.w.c.s.StandardServletEnvironment - Initialized StandardServletEnvironment with PropertySources [servletConfigInitParams,servletContextInitParams,systemProperties,systemEnvironment]
21:59:40.970 [main] DEBUG o.s.b.f.s.DefaultListableBeanFactory - Retrieved dependent beans for bean &apos;springSecurityFilterChain&apos;: [webSecurityExpressionHandler]
21:59:40.970 [main] WARN  o.s.w.c.s.GenericWebApplicationContext - Exception encountered during context initialization - cancelling refresh attempt: org.springframework.beans.factory.BeanCreationException: Error creating bean with name &apos;springSecurityFilterChain&apos; defined in class path resource [org/springframework/security/config/annotation/web/configuration/WebSecurityConfiguration.class]: Bean instantiation via factory method failed; nested exception is org.springframework.beans.BeanInstantiationException: Failed to instantiate [javax.servlet.Filter]: Factory method &apos;springSecurityFilterChain&apos; threw exception; nested exception is java.lang.IllegalArgumentException: &apos;Savings Account?error&apos; is not a valid redirect URL
21:59:40.970 [main] DEBUG o.s.b.f.s.DefaultListableBeanFactory - Destroying singletons in org.springframework.beans.factory.support.DefaultListableBeanFactory@3fe80faf: defining beans [org.springframework.context.annotation.internalConfigurationAnnotationProcessor,org.springframework.context.annotation.internalAutowiredAnnotationProcessor,org.springframework.context.annotation.internalRequiredAnnotationProcessor,org.springframework.context.annotation.internalCommonAnnotationProcessor,org.springframework.context.annotation.internalPersistenceAnnotationProcessor,org.springframework.context.event.internalEventListenerProcessor,org.springframework.context.event.internalEventListenerFactory,rootConfiguration,webMvcConfiguration,dataConfiguration,loginAuditingListener,securityConfig,defaultController,adminController,adminUserController,hospitalController,ICDCodesController,APIAppointmentRequestController,APIDiagnosisController,APIDrugController,APIEnumController,APIHospitalController,APIICDCodeController,APILogEntryController,APIOfficeVisitController,APIPasswordController,APIPatientController,APIPersonnelController,APIPrescriptionController,APIUserController,appointmentControllerHCP,HCPController,officeVisitController,appointmentController,diagnosesController,patientController,passwordController,userController,dataSource,org.springframework.security.config.annotation.configuration.ObjectPostProcessorConfiguration,objectPostProcessor,org.springframework.security.config.annotation.authentication.configuration.AuthenticationConfiguration,authenticationManagerBuilder,enableGlobalAuthenticationAutowiredConfigurer,initializeUserDetailsBeanManagerConfigurer,initializeAuthenticationProviderBeanManagerConfigurer,org.springframework.security.config.annotation.web.configuration.WebSecurityConfiguration,delegatingApplicationListener,webSecurityExpressionHandler,springSecurityFilterChain,privilegeEvaluator,autowiredWebSecurityConfigurersIgnoreParents,org.springframework.security.config.annotation.web.configuration.WebMvcSecurityConfiguration,requestDataValueProcessor,passwordEncoder,defaultAuthenticationEventPublisher,failureHandler,ipBlockFilter,org.springframework.web.servlet.config.annotation.DelegatingWebMvcConfiguration,mvcConversionService,requestMappingHandlerMapping,mvcPathMatcher,mvcUrlPathHelper,mvcContentNegotiationManager,viewControllerHandlerMapping,beanNameHandlerMapping,resourceHandlerMapping,mvcResourceUrlProvider,defaultServletHandlerMapping,requestMappingHandlerAdapter,mvcValidator,mvcUriComponentsContributor,httpRequestHandlerAdapter,simpleControllerHandlerAdapter,handlerExceptionResolver,mvcViewResolver,org.springframework.security.config.annotation.method.configuration.GlobalMethodSecurityConfiguration,methodSecurityInterceptor,methodSecurityMetadataSource,preInvocationAuthorizationAdvice,viewResolver,templateEngine,domainClassConverter,metaDataSourceAdvisor,org.springframework.aop.config.internalAutoProxyCreator]; root of factory hierarchy
21:59:40.970 [main] DEBUG o.s.b.f.s.DisposableBeanAdapter - Invoking destroy() on bean with name &apos;ipBlockFilter&apos;
21:59:40.970 [main] DEBUG o.s.b.f.s.DefaultListableBeanFactory - Retrieved dependent beans for bean &apos;objectPostProcessor&apos;: [org.springframework.security.config.annotation.method.configuration.GlobalMethodSecurityConfiguration, securityConfig, org.springframework.security.config.annotation.authentication.configuration.AuthenticationConfiguration, authenticationManagerBuilder, org.springframework.security.config.annotation.web.configuration.WebSecurityConfiguration]
21:59:40.971 [main] DEBUG o.s.b.f.s.DisposableBeanAdapter - Invoking destroy() on bean with name &apos;objectPostProcessor&apos;
21:59:40.972 [main] ERROR o.s.test.context.TestContextManager - Caught exception while allowing TestExecutionListener [org.springframework.test.context.web.ServletTestExecutionListener@44af3cc9] to prepare test instance [edu.ncsu.csc.itrust2.apitest.APIPatientTest@20c05725]
java.lang.IllegalStateException: Failed to load ApplicationContext
	at org.springframework.test.context.cache.DefaultCacheAwareContextLoaderDelegate.loadContext(DefaultCacheAwareContextLoaderDelegate.java:124) ~[spring-test-4.3.5.RELEASE.jar:4.3.5.RELEASE]
	at org.springframework.test.context.support.DefaultTestContext.getApplicationContext(DefaultTestContext.java:83) ~[spring-test-4.3.5.RELEASE.jar:4.3.5.RELEASE]
	at org.springframework.test.context.web.ServletTestExecutionListener.setUpRequestContextIfNecessary(ServletTestExecutionListener.java:189) ~[spring-test-4.3.5.RELEASE.jar:4.3.5.RELEASE]
	at org.springframework.test.context.web.ServletTestExecutionListener.prepareTestInstance(ServletTestExecutionListener.java:131) ~[spring-test-4.3.5.RELEASE.jar:4.3.5.RELEASE]
	at org.springframework.test.context.TestContextManager.prepareTestInstance(TestContextManager.java:230) ~[spring-test-4.3.5.RELEASE.jar:4.3.5.RELEASE]
	at org.springframework.test.context.junit4.SpringJUnit4ClassRunner.createTest(SpringJUnit4ClassRunner.java:228) [spring-test-4.3.5.RELEASE.jar:4.3.5.RELEASE]
	at org.springframework.test.context.junit4.SpringJUnit4ClassRunner$1.runReflectiveCall(SpringJUnit4ClassRunner.java:287) [spring-test-4.3.5.RELEASE.jar:4.3.5.RELEASE]
	at org.junit.internal.runners.model.ReflectiveCallable.run(ReflectiveCallable.java:12) [junit-4.12.jar:4.12]
	at org.springframework.test.context.junit4.SpringJUnit4ClassRunner.methodBlock(SpringJUnit4ClassRunner.java:289) [spring-test-4.3.5.RELEASE.jar:4.3.5.RELEASE]
	at org.springframework.test.context.junit4.SpringJUnit4ClassRunner.runChild(SpringJUnit4ClassRunner.java:247) [spring-test-4.3.5.RELEASE.jar:4.3.5.RELEASE]
	at org.springframework.test.context.junit4.SpringJUnit4ClassRunner.runChild(SpringJUnit4ClassRunner.java:94) [spring-test-4.3.5.RELEASE.jar:4.3.5.RELEASE]
	at org.junit.runners.ParentRunner$3.run(ParentRunner.java:290) [junit-4.12.jar:4.12]
	at org.junit.runners.ParentRunner$1.schedule(ParentRunner.java:71) [junit-4.12.jar:4.12]
	at org.junit.runners.ParentRunner.runChildren(ParentRunner.java:288) [junit-4.12.jar:4.12]
	at org.junit.runners.ParentRunner.access$000(ParentRunner.java:58) [junit-4.12.jar:4.12]
	at org.junit.runners.ParentRunner$2.evaluate(ParentRunner.java:268) [junit-4.12.jar:4.12]
	at org.springframework.test.context.junit4.statements.RunBeforeTestClassCallbacks.evaluate(RunBeforeTestClassCallbacks.java:61) [spring-test-4.3.5.RELEASE.jar:4.3.5.RELEASE]
	at org.springframework.test.context.junit4.statements.RunAfterTestClassCallbacks.evaluate(RunAfterTestClassCallbacks.java:70) [spring-test-4.3.5.RELEASE.jar:4.3.5.RELEASE]
	at org.junit.runners.ParentRunner.run(ParentRunner.java:363) [junit-4.12.jar:4.12]
	at org.springframework.test.context.junit4.SpringJUnit4ClassRunner.run(SpringJUnit4ClassRunner.java:191) [spring-test-4.3.5.RELEASE.jar:4.3.5.RELEASE]
	at org.apache.maven.surefire.junit4.JUnit4Provider.execute(JUnit4Provider.java:365) [surefire-junit4-2.20.jar:2.20]
	at org.apache.maven.surefire.junit4.JUnit4Provider.executeWithRerun(JUnit4Provider.java:272) [surefire-junit4-2.20.jar:2.20]
	at org.apache.maven.surefire.junit4.JUnit4Provider.executeTestSet(JUnit4Provider.java:236) [surefire-junit4-2.20.jar:2.20]
	at org.apache.maven.surefire.junit4.JUnit4Provider.invoke(JUnit4Provider.java:159) [surefire-junit4-2.20.jar:2.20]
	at org.apache.maven.surefire.booter.ForkedBooter.invokeProviderInSameClassLoader(ForkedBooter.java:386) [surefire-booter-2.20.jar:2.20]
	at org.apache.maven.surefire.booter.ForkedBooter.runSuitesInProcess(ForkedBooter.java:323) [surefire-booter-2.20.jar:2.20]
	at org.apache.maven.surefire.booter.ForkedBooter.main(ForkedBooter.java:143) [surefire-booter-2.20.jar:2.20]
Caused by: org.springframework.beans.factory.BeanCreationException: Error creating bean with name &apos;springSecurityFilterChain&apos; defined in class path resource [org/springframework/security/config/annotation/web/configuration/WebSecurityConfiguration.class]: Bean instantiation via factory method failed; nested exception is org.springframework.beans.BeanInstantiationException: Failed to instantiate [javax.servlet.Filter]: Factory method &apos;springSecurityFilterChain&apos; threw exception; nested exception is java.lang.IllegalArgumentException: &apos;Savings Account?error&apos; is not a valid redirect URL
	at org.springframework.beans.factory.support.ConstructorResolver.instantiateUsingFactoryMethod(ConstructorResolver.java:599) ~[spring-beans-4.3.5.RELEASE.jar:4.3.5.RELEASE]
	at org.springframework.beans.factory.support.AbstractAutowireCapableBeanFactory.instantiateUsingFactoryMethod(AbstractAutowireCapableBeanFactory.java:1134) ~[spring-beans-4.3.5.RELEASE.jar:4.3.5.RELEASE]
	at org.springframework.beans.factory.support.AbstractAutowireCapableBeanFactory.createBeanInstance(AbstractAutowireCapableBeanFactory.java:1028) ~[spring-beans-4.3.5.RELEASE.jar:4.3.5.RELEASE]
	at org.springframework.beans.factory.support.AbstractAutowireCapableBeanFactory.doCreateBean(AbstractAutowireCapableBeanFactory.java:513) ~[spring-beans-4.3.5.RELEASE.jar:4.3.5.RELEASE]
	at org.springframework.beans.factory.support.AbstractAutowireCapableBeanFactory.createBean(AbstractAutowireCapableBeanFactory.java:483) ~[spring-beans-4.3.5.RELEASE.jar:4.3.5.RELEASE]
	at org.springframework.beans.factory.support.AbstractBeanFactory$1.getObject(AbstractBeanFactory.java:306) ~[spring-beans-4.3.5.RELEASE.jar:4.3.5.RELEASE]
	at org.springframework.beans.factory.support.DefaultSingletonBeanRegistry.getSingleton(DefaultSingletonBeanRegistry.java:230) ~[spring-beans-4.3.5.RELEASE.jar:4.3.5.RELEASE]
	at org.springframework.beans.factory.support.AbstractBeanFactory.doGetBean(AbstractBeanFactory.java:302) ~[spring-beans-4.3.5.RELEASE.jar:4.3.5.RELEASE]
	at org.springframework.beans.factory.support.AbstractBeanFactory.getBean(AbstractBeanFactory.java:197) ~[spring-beans-4.3.5.RELEASE.jar:4.3.5.RELEASE]
	at org.springframework.beans.factory.support.AbstractBeanFactory.doGetBean(AbstractBeanFactory.java:296) ~[spring-beans-4.3.5.RELEASE.jar:4.3.5.RELEASE]
	at org.springframework.beans.factory.support.AbstractBeanFactory.getBean(AbstractBeanFactory.java:197) ~[spring-beans-4.3.5.RELEASE.jar:4.3.5.RELEASE]
	at org.springframework.beans.factory.support.DefaultListableBeanFactory.preInstantiateSingletons(DefaultListableBeanFactory.java:759) ~[spring-beans-4.3.5.RELEASE.jar:4.3.5.RELEASE]
	at org.springframework.context.support.AbstractApplicationContext.finishBeanFactoryInitialization(AbstractApplicationContext.java:866) ~[spring-context-4.3.5.RELEASE.jar:4.3.5.RELEASE]
	at org.springframework.context.support.AbstractApplicationContext.refresh(AbstractApplicationContext.java:542) ~[spring-context-4.3.5.RELEASE.jar:4.3.5.RELEASE]
	at org.springframework.test.context.web.AbstractGenericWebContextLoader.loadContext(AbstractGenericWebContextLoader.java:134) ~[spring-test-4.3.5.RELEASE.jar:4.3.5.RELEASE]
	at org.springframework.test.context.web.AbstractGenericWebContextLoader.loadContext(AbstractGenericWebContextLoader.java:61) ~[spring-test-4.3.5.RELEASE.jar:4.3.5.RELEASE]
	at org.springframework.test.context.support.AbstractDelegatingSmartContextLoader.delegateLoading(AbstractDelegatingSmartContextLoader.java:108) ~[spring-test-4.3.5.RELEASE.jar:4.3.5.RELEASE]
	at org.springframework.test.context.support.AbstractDelegatingSmartContextLoader.loadContext(AbstractDelegatingSmartContextLoader.java:251) ~[spring-test-4.3.5.RELEASE.jar:4.3.5.RELEASE]
	at org.springframework.test.context.cache.DefaultCacheAwareContextLoaderDelegate.loadContextInternal(DefaultCacheAwareContextLoaderDelegate.java:98) ~[spring-test-4.3.5.RELEASE.jar:4.3.5.RELEASE]
	at org.springframework.test.context.cache.DefaultCacheAwareContextLoaderDelegate.loadContext(DefaultCacheAwareContextLoaderDelegate.java:116) ~[spring-test-4.3.5.RELEASE.jar:4.3.5.RELEASE]
	... 26 common frames omitted
Caused by: org.springframework.beans.BeanInstantiationException: Failed to instantiate [javax.servlet.Filter]: Factory method &apos;springSecurityFilterChain&apos; threw exception; nested exception is java.lang.IllegalArgumentException: &apos;Savings Account?error&apos; is not a valid redirect URL
	at org.springframework.beans.factory.support.SimpleInstantiationStrategy.instantiate(SimpleInstantiationStrategy.java:189) ~[spring-beans-4.3.5.RELEASE.jar:4.3.5.RELEASE]
	at org.springframework.beans.factory.support.ConstructorResolver.instantiateUsingFactoryMethod(ConstructorResolver.java:588) ~[spring-beans-4.3.5.RELEASE.jar:4.3.5.RELEASE]
	... 45 common frames omitted
Caused by: java.lang.IllegalArgumentException: &apos;Savings Account?error&apos; is not a valid redirect URL
	at org.springframework.util.Assert.isTrue(Assert.java:68) ~[spring-core-4.3.5.RELEASE.jar:4.3.5.RELEASE]
	at org.springframework.security.web.authentication.SimpleUrlAuthenticationFailureHandler.setDefaultFailureUrl(SimpleUrlAuthenticationFailureHandler.java:125) ~[spring-security-web-4.2.2.RELEASE.jar:4.2.2.RELEASE]
	at org.springframework.security.web.authentication.SimpleUrlAuthenticationFailureHandler.&lt;init&gt;(SimpleUrlAuthenticationFailureHandler.java:60) ~[spring-security-web-4.2.2.RELEASE.jar:4.2.2.RELEASE]
	at org.springframework.security.config.annotation.web.configurers.AbstractAuthenticationFilterConfigurer.failureUrl(AbstractAuthenticationFilterConfigurer.java:206) ~[spring-security-config-4.2.2.RELEASE.jar:4.2.2.RELEASE]
	at org.springframework.security.config.annotation.web.configurers.AbstractAuthenticationFilterConfigurer.updateAuthenticationDefaults(AbstractAuthenticationFilterConfigurer.java:368) ~[spring-security-config-4.2.2.RELEASE.jar:4.2.2.RELEASE]
	at org.springframework.security.config.annotation.web.configurers.AbstractAuthenticationFilterConfigurer.loginPage(AbstractAuthenticationFilterConfigurer.java:308) ~[spring-security-config-4.2.2.RELEASE.jar:4.2.2.RELEASE]
	at org.springframework.security.config.annotation.web.configurers.FormLoginConfigurer.loginPage(FormLoginConfigurer.java:183) ~[spring-security-config-4.2.2.RELEASE.jar:4.2.2.RELEASE]
	at edu.ncsu.csc.itrust2.config.SecurityConfig.configure(SecurityConfig.java:89) ~[classes/:na]
	at org.springframework.security.config.annotation.web.configuration.WebSecurityConfigurerAdapter.getHttp(WebSecurityConfigurerAdapter.java:224) ~[spring-security-config-4.2.2.RELEASE.jar:4.2.2.RELEASE]
	at org.springframework.security.config.annotation.web.configuration.WebSecurityConfigurerAdapter.init(WebSecurityConfigurerAdapter.java:315) ~[spring-security-config-4.2.2.RELEASE.jar:4.2.2.RELEASE]
	at org.springframework.security.config.annotation.web.configuration.WebSecurityConfigurerAdapter.init(WebSecurityConfigurerAdapter.java:86) ~[spring-security-config-4.2.2.RELEASE.jar:4.2.2.RELEASE]
	at edu.ncsu.csc.itrust2.config.SecurityConfig$$EnhancerBySpringCGLIB$$f88fd361.init(&lt;generated&gt;) ~[classes/:na]
	at org.springframework.security.config.annotation.AbstractConfiguredSecurityBuilder.init(AbstractConfiguredSecurityBuilder.java:371) ~[spring-security-config-4.2.2.RELEASE.jar:4.2.2.RELEASE]
	at org.springframework.security.config.annotation.AbstractConfiguredSecurityBuilder.doBuild(AbstractConfiguredSecurityBuilder.java:325) ~[spring-security-config-4.2.2.RELEASE.jar:4.2.2.RELEASE]
	at org.springframework.security.config.annotation.AbstractSecurityBuilder.build(AbstractSecurityBuilder.java:41) ~[spring-security-config-4.2.2.RELEASE.jar:4.2.2.RELEASE]
	at org.springframework.security.config.annotation.web.configuration.WebSecurityConfiguration.springSecurityFilterChain(WebSecurityConfiguration.java:104) ~[spring-security-config-4.2.2.RELEASE.jar:4.2.2.RELEASE]
	at org.springframework.security.config.annotation.web.configuration.WebSecurityConfiguration$$EnhancerBySpringCGLIB$$150881e6.CGLIB$springSecurityFilterChain$4(&lt;generated&gt;) ~[spring-security-config-4.2.2.RELEASE.jar:4.2.2.RELEASE]
	at org.springframework.security.config.annotation.web.configuration.WebSecurityConfiguration$$EnhancerBySpringCGLIB$$150881e6$$FastClassBySpringCGLIB$$f9839e81.invoke(&lt;generated&gt;) ~[spring-security-config-4.2.2.RELEASE.jar:4.2.2.RELEASE]
	at org.springframework.cglib.proxy.MethodProxy.invokeSuper(MethodProxy.java:228) ~[spring-core-4.3.5.RELEASE.jar:4.3.5.RELEASE]
	at org.springframework.context.annotation.ConfigurationClassEnhancer$BeanMethodInterceptor.intercept(ConfigurationClassEnhancer.java:356) ~[spring-context-4.3.5.RELEASE.jar:4.3.5.RELEASE]
	at org.springframework.security.config.annotation.web.configuration.WebSecurityConfiguration$$EnhancerBySpringCGLIB$$150881e6.springSecurityFilterChain(&lt;generated&gt;) ~[spring-security-config-4.2.2.RELEASE.jar:4.2.2.RELEASE]
	at sun.reflect.NativeMethodAccessorImpl.invoke0(Native Method) ~[na:1.8.0_151]
	at sun.reflect.NativeMethodAccessorImpl.invoke(NativeMethodAccessorImpl.java:62) ~[na:1.8.0_151]
	at sun.reflect.DelegatingMethodAccessorImpl.invoke(DelegatingMethodAccessorImpl.java:43) ~[na:1.8.0_151]
	at java.lang.reflect.Method.invoke(Method.java:498) ~[na:1.8.0_151]
	at org.springframework.beans.factory.support.SimpleInstantiationStrategy.instantiate(SimpleInstantiationStrategy.java:162) ~[spring-beans-4.3.5.RELEASE.jar:4.3.5.RELEASE]
	... 46 common frames omitted
</stdout>
          <failedSince>69</failedSince>
        </case>
        <case>
          <duration>0.0</duration>
          <className>edu.ncsu.csc.itrust2.apitest.APIPatientTest</className>
          <testName>testPatientAPI</testName>
          <skipped>false</skipped>
          <errorStackTrace>java.lang.IllegalStateException: Failed to load ApplicationContext
Caused by: org.springframework.beans.factory.BeanCreationException: Error creating bean with name &apos;springSecurityFilterChain&apos; defined in class path resource [org/springframework/security/config/annotation/web/configuration/WebSecurityConfiguration.class]: Bean instantiation via factory method failed; nested exception is org.springframework.beans.BeanInstantiationException: Failed to instantiate [javax.servlet.Filter]: Factory method &apos;springSecurityFilterChain&apos; threw exception; nested exception is java.lang.IllegalArgumentException: &apos;Savings Account?error&apos; is not a valid redirect URL
Caused by: org.springframework.beans.BeanInstantiationException: Failed to instantiate [javax.servlet.Filter]: Factory method &apos;springSecurityFilterChain&apos; threw exception; nested exception is java.lang.IllegalArgumentException: &apos;Savings Account?error&apos; is not a valid redirect URL
Caused by: java.lang.IllegalArgumentException: &apos;Savings Account?error&apos; is not a valid redirect URL
</errorStackTrace>
          <errorDetails>Failed to load ApplicationContext</errorDetails>
          <stdout>21:59:40.973 [main] DEBUG o.s.t.annotation.ProfileValueUtils - Retrieved @ProfileValueSourceConfiguration [null] for test class [edu.ncsu.csc.itrust2.apitest.APIPatientTest]
21:59:40.973 [main] DEBUG o.s.t.annotation.ProfileValueUtils - Retrieved ProfileValueSource type [class org.springframework.test.annotation.SystemProfileValueSource] for class [edu.ncsu.csc.itrust2.apitest.APIPatientTest]
21:59:40.973 [main] DEBUG o.s.t.c.s.AbstractDelegatingSmartContextLoader - Delegating to AnnotationConfigWebContextLoader to load context from [WebMergedContextConfiguration@12fb510f testClass = APIPatientTest, locations = &apos;{}&apos;, classes = &apos;{class edu.ncsu.csc.itrust2.config.RootConfiguration, class edu.ncsu.csc.itrust2.mvc.config.WebMvcConfiguration}&apos;, contextInitializerClasses = &apos;[]&apos;, activeProfiles = &apos;{}&apos;, propertySourceLocations = &apos;{}&apos;, propertySourceProperties = &apos;{}&apos;, contextCustomizers = set[[empty]], resourceBasePath = &apos;src/main/webapp&apos;, contextLoader = &apos;org.springframework.test.context.web.WebDelegatingSmartContextLoader&apos;, parent = [null]].
21:59:40.973 [main] DEBUG o.s.t.c.w.AbstractGenericWebContextLoader - Loading WebApplicationContext for merged context configuration [WebMergedContextConfiguration@12fb510f testClass = APIPatientTest, locations = &apos;{}&apos;, classes = &apos;{class edu.ncsu.csc.itrust2.config.RootConfiguration, class edu.ncsu.csc.itrust2.mvc.config.WebMvcConfiguration}&apos;, contextInitializerClasses = &apos;[]&apos;, activeProfiles = &apos;{}&apos;, propertySourceLocations = &apos;{}&apos;, propertySourceProperties = &apos;{}&apos;, contextCustomizers = set[[empty]], resourceBasePath = &apos;src/main/webapp&apos;, contextLoader = &apos;org.springframework.test.context.web.WebDelegatingSmartContextLoader&apos;, parent = [null]].
21:59:40.973 [main] DEBUG o.s.w.c.s.StandardServletEnvironment - Adding [servletConfigInitParams] PropertySource with lowest search precedence
21:59:40.973 [main] DEBUG o.s.w.c.s.StandardServletEnvironment - Adding [servletContextInitParams] PropertySource with lowest search precedence
21:59:40.973 [main] DEBUG o.s.w.c.s.StandardServletEnvironment - Adding [systemProperties] PropertySource with lowest search precedence
21:59:40.973 [main] DEBUG o.s.w.c.s.StandardServletEnvironment - Adding [systemEnvironment] PropertySource with lowest search precedence
21:59:40.973 [main] DEBUG o.s.w.c.s.StandardServletEnvironment - Initialized StandardServletEnvironment with PropertySources [servletConfigInitParams,servletContextInitParams,systemProperties,systemEnvironment]
21:59:40.973 [main] DEBUG o.s.t.c.w.AnnotationConfigWebContextLoader - Registering annotated classes: {class edu.ncsu.csc.itrust2.config.RootConfiguration, class edu.ncsu.csc.itrust2.mvc.config.WebMvcConfiguration}
21:59:40.974 [main] INFO  o.s.w.c.s.GenericWebApplicationContext - Refreshing org.springframework.web.context.support.GenericWebApplicationContext@62bd6943: startup date [Thu Mar 22 21:59:40 UTC 2018]; root of context hierarchy
21:59:40.974 [main] DEBUG o.s.w.c.s.StandardServletEnvironment - Replacing [servletContextInitParams] PropertySource with [servletContextInitParams]
21:59:40.974 [main] DEBUG o.s.w.c.s.GenericWebApplicationContext - Bean factory for org.springframework.web.context.support.GenericWebApplicationContext@62bd6943: org.springframework.beans.factory.support.DefaultListableBeanFactory@474c1bcd: defining beans [org.springframework.context.annotation.internalConfigurationAnnotationProcessor,org.springframework.context.annotation.internalAutowiredAnnotationProcessor,org.springframework.context.annotation.internalRequiredAnnotationProcessor,org.springframework.context.annotation.internalCommonAnnotationProcessor,org.springframework.context.annotation.internalPersistenceAnnotationProcessor,org.springframework.context.event.internalEventListenerProcessor,org.springframework.context.event.internalEventListenerFactory,rootConfiguration,webMvcConfiguration]; root of factory hierarchy
21:59:40.975 [main] DEBUG o.s.b.f.s.DefaultListableBeanFactory - Registering scope &apos;request&apos; with implementation [org.springframework.web.context.request.RequestScope@618ca314]
21:59:40.975 [main] DEBUG o.s.b.f.s.DefaultListableBeanFactory - Registering scope &apos;session&apos; with implementation [org.springframework.web.context.request.SessionScope@68723917]
21:59:40.975 [main] DEBUG o.s.b.f.s.DefaultListableBeanFactory - Registering scope &apos;globalSession&apos; with implementation [org.springframework.web.context.request.SessionScope@4f47c5a7]
21:59:40.975 [main] DEBUG o.s.b.f.s.DefaultListableBeanFactory - Registering scope &apos;application&apos; with implementation [org.springframework.web.context.support.ServletContextScope@3107ef66]
21:59:40.975 [main] DEBUG o.s.b.f.s.DefaultListableBeanFactory - Creating shared instance of singleton bean &apos;org.springframework.context.annotation.internalConfigurationAnnotationProcessor&apos;
21:59:40.975 [main] DEBUG o.s.b.f.s.DefaultListableBeanFactory - Creating instance of bean &apos;org.springframework.context.annotation.internalConfigurationAnnotationProcessor&apos;
21:59:40.975 [main] DEBUG o.s.b.f.s.DefaultListableBeanFactory - Eagerly caching bean &apos;org.springframework.context.annotation.internalConfigurationAnnotationProcessor&apos; to allow for resolving potential circular references
21:59:40.975 [main] DEBUG o.s.b.f.s.DefaultListableBeanFactory - Finished creating instance of bean &apos;org.springframework.context.annotation.internalConfigurationAnnotationProcessor&apos;
21:59:40.976 [main] DEBUG o.s.core.env.StandardEnvironment - Adding [systemProperties] PropertySource with lowest search precedence
21:59:40.976 [main] DEBUG o.s.core.env.StandardEnvironment - Adding [systemEnvironment] PropertySource with lowest search precedence
21:59:40.976 [main] DEBUG o.s.core.env.StandardEnvironment - Initialized StandardEnvironment with PropertySources [systemProperties,systemEnvironment]
21:59:40.977 [main] DEBUG o.s.c.i.s.PathMatchingResourcePatternResolver - Resolved classpath location [edu/ncsu/csc/itrust2/config/] to resources [URL [file:/var/lib/jenkins/jobs/iTrust_Fuzzer/workspace/iTrust2/target/classes/edu/ncsu/csc/itrust2/config/]]
21:59:40.977 [main] DEBUG o.s.c.i.s.PathMatchingResourcePatternResolver - Looking for matching resources in directory tree [/var/lib/jenkins/jobs/iTrust_Fuzzer/workspace/iTrust2/target/classes/edu/ncsu/csc/itrust2/config]
21:59:40.977 [main] DEBUG o.s.c.i.s.PathMatchingResourcePatternResolver - Searching directory [/var/lib/jenkins/jobs/iTrust_Fuzzer/workspace/iTrust2/target/classes/edu/ncsu/csc/itrust2/config] for files matching pattern [/var/lib/jenkins/jobs/iTrust_Fuzzer/workspace/iTrust2/target/classes/edu/ncsu/csc/itrust2/config/**/*.class]
21:59:40.978 [main] DEBUG o.s.c.i.s.PathMatchingResourcePatternResolver - Resolved location pattern [classpath*:edu/ncsu/csc/itrust2/config/**/*.class] to resources [file [/var/lib/jenkins/jobs/iTrust_Fuzzer/workspace/iTrust2/target/classes/edu/ncsu/csc/itrust2/config/ContextListener.class], file [/var/lib/jenkins/jobs/iTrust_Fuzzer/workspace/iTrust2/target/classes/edu/ncsu/csc/itrust2/config/DataConfiguration.class], file [/var/lib/jenkins/jobs/iTrust_Fuzzer/workspace/iTrust2/target/classes/edu/ncsu/csc/itrust2/config/FailureHandler.class], file [/var/lib/jenkins/jobs/iTrust_Fuzzer/workspace/iTrust2/target/classes/edu/ncsu/csc/itrust2/config/IPFilter.class], file [/var/lib/jenkins/jobs/iTrust_Fuzzer/workspace/iTrust2/target/classes/edu/ncsu/csc/itrust2/config/ITrust2ApplicationInitializer.class], file [/var/lib/jenkins/jobs/iTrust_Fuzzer/workspace/iTrust2/target/classes/edu/ncsu/csc/itrust2/config/ITrust2WebApplicationInitializer.class], file [/var/lib/jenkins/jobs/iTrust_Fuzzer/workspace/iTrust2/target/classes/edu/ncsu/csc/itrust2/config/LoginAuditingListener.class], file [/var/lib/jenkins/jobs/iTrust_Fuzzer/workspace/iTrust2/target/classes/edu/ncsu/csc/itrust2/config/RootConfiguration.class], file [/var/lib/jenkins/jobs/iTrust_Fuzzer/workspace/iTrust2/target/classes/edu/ncsu/csc/itrust2/config/SecurityConfig.class]]
21:59:40.978 [main] DEBUG o.s.c.a.ClassPathBeanDefinitionScanner - Identified candidate component class: file [/var/lib/jenkins/jobs/iTrust_Fuzzer/workspace/iTrust2/target/classes/edu/ncsu/csc/itrust2/config/DataConfiguration.class]
21:59:40.978 [main] DEBUG o.s.c.a.ClassPathBeanDefinitionScanner - Identified candidate component class: file [/var/lib/jenkins/jobs/iTrust_Fuzzer/workspace/iTrust2/target/classes/edu/ncsu/csc/itrust2/config/LoginAuditingListener.class]
21:59:40.978 [main] DEBUG o.s.c.a.ClassPathBeanDefinitionScanner - Identified candidate component class: file [/var/lib/jenkins/jobs/iTrust_Fuzzer/workspace/iTrust2/target/classes/edu/ncsu/csc/itrust2/config/SecurityConfig.class]
21:59:40.985 [main] DEBUG o.s.core.env.StandardEnvironment - Adding [systemProperties] PropertySource with lowest search precedence
21:59:40.985 [main] DEBUG o.s.core.env.StandardEnvironment - Adding [systemEnvironment] PropertySource with lowest search precedence
21:59:40.985 [main] DEBUG o.s.core.env.StandardEnvironment - Initialized StandardEnvironment with PropertySources [systemProperties,systemEnvironment]
21:59:40.986 [main] DEBUG o.s.c.i.s.PathMatchingResourcePatternResolver - Resolved classpath location [edu/ncsu/csc/itrust2/controllers/] to resources [URL [file:/var/lib/jenkins/jobs/iTrust_Fuzzer/workspace/iTrust2/target/classes/edu/ncsu/csc/itrust2/controllers/]]
21:59:40.986 [main] DEBUG o.s.c.i.s.PathMatchingResourcePatternResolver - Looking for matching resources in directory tree [/var/lib/jenkins/jobs/iTrust_Fuzzer/workspace/iTrust2/target/classes/edu/ncsu/csc/itrust2/controllers]
21:59:40.986 [main] DEBUG o.s.c.i.s.PathMatchingResourcePatternResolver - Searching directory [/var/lib/jenkins/jobs/iTrust_Fuzzer/workspace/iTrust2/target/classes/edu/ncsu/csc/itrust2/controllers] for files matching pattern [/var/lib/jenkins/jobs/iTrust_Fuzzer/workspace/iTrust2/target/classes/edu/ncsu/csc/itrust2/controllers/**/*.class]
21:59:40.989 [main] DEBUG o.s.c.i.s.PathMatchingResourcePatternResolver - Searching directory [/var/lib/jenkins/jobs/iTrust_Fuzzer/workspace/iTrust2/target/classes/edu/ncsu/csc/itrust2/controllers/admin] for files matching pattern [/var/lib/jenkins/jobs/iTrust_Fuzzer/workspace/iTrust2/target/classes/edu/ncsu/csc/itrust2/controllers/**/*.class]
21:59:40.989 [main] DEBUG o.s.c.i.s.PathMatchingResourcePatternResolver - Searching directory [/var/lib/jenkins/jobs/iTrust_Fuzzer/workspace/iTrust2/target/classes/edu/ncsu/csc/itrust2/controllers/api] for files matching pattern [/var/lib/jenkins/jobs/iTrust_Fuzzer/workspace/iTrust2/target/classes/edu/ncsu/csc/itrust2/controllers/**/*.class]
21:59:40.989 [main] DEBUG o.s.c.i.s.PathMatchingResourcePatternResolver - Searching directory [/var/lib/jenkins/jobs/iTrust_Fuzzer/workspace/iTrust2/target/classes/edu/ncsu/csc/itrust2/controllers/api/comm] for files matching pattern [/var/lib/jenkins/jobs/iTrust_Fuzzer/workspace/iTrust2/target/classes/edu/ncsu/csc/itrust2/controllers/**/*.class]
21:59:40.989 [main] DEBUG o.s.c.i.s.PathMatchingResourcePatternResolver - Searching directory [/var/lib/jenkins/jobs/iTrust_Fuzzer/workspace/iTrust2/target/classes/edu/ncsu/csc/itrust2/controllers/hcp] for files matching pattern [/var/lib/jenkins/jobs/iTrust_Fuzzer/workspace/iTrust2/target/classes/edu/ncsu/csc/itrust2/controllers/**/*.class]
21:59:40.991 [main] DEBUG o.s.c.i.s.PathMatchingResourcePatternResolver - Searching directory [/var/lib/jenkins/jobs/iTrust_Fuzzer/workspace/iTrust2/target/classes/edu/ncsu/csc/itrust2/controllers/patient] for files matching pattern [/var/lib/jenkins/jobs/iTrust_Fuzzer/workspace/iTrust2/target/classes/edu/ncsu/csc/itrust2/controllers/**/*.class]
21:59:40.991 [main] DEBUG o.s.c.i.s.PathMatchingResourcePatternResolver - Searching directory [/var/lib/jenkins/jobs/iTrust_Fuzzer/workspace/iTrust2/target/classes/edu/ncsu/csc/itrust2/controllers/personnel] for files matching pattern [/var/lib/jenkins/jobs/iTrust_Fuzzer/workspace/iTrust2/target/classes/edu/ncsu/csc/itrust2/controllers/**/*.class]
21:59:40.992 [main] DEBUG o.s.c.i.s.PathMatchingResourcePatternResolver - Resolved location pattern [classpath*:edu/ncsu/csc/itrust2/controllers/**/*.class] to resources [file [/var/lib/jenkins/jobs/iTrust_Fuzzer/workspace/iTrust2/target/classes/edu/ncsu/csc/itrust2/controllers/DefaultController.class], file [/var/lib/jenkins/jobs/iTrust_Fuzzer/workspace/iTrust2/target/classes/edu/ncsu/csc/itrust2/controllers/admin/AdminController.class], file [/var/lib/jenkins/jobs/iTrust_Fuzzer/workspace/iTrust2/target/classes/edu/ncsu/csc/itrust2/controllers/admin/AdminUserController$1.class], file [/var/lib/jenkins/jobs/iTrust_Fuzzer/workspace/iTrust2/target/classes/edu/ncsu/csc/itrust2/controllers/admin/AdminUserController.class], file [/var/lib/jenkins/jobs/iTrust_Fuzzer/workspace/iTrust2/target/classes/edu/ncsu/csc/itrust2/controllers/admin/HospitalController.class], file [/var/lib/jenkins/jobs/iTrust_Fuzzer/workspace/iTrust2/target/classes/edu/ncsu/csc/itrust2/controllers/admin/ICDCodesController.class], file [/var/lib/jenkins/jobs/iTrust_Fuzzer/workspace/iTrust2/target/classes/edu/ncsu/csc/itrust2/controllers/api/APIAppointmentRequestController.class], file [/var/lib/jenkins/jobs/iTrust_Fuzzer/workspace/iTrust2/target/classes/edu/ncsu/csc/itrust2/controllers/api/APIController$JSONResponse.class], file [/var/lib/jenkins/jobs/iTrust_Fuzzer/workspace/iTrust2/target/classes/edu/ncsu/csc/itrust2/controllers/api/APIController.class], file [/var/lib/jenkins/jobs/iTrust_Fuzzer/workspace/iTrust2/target/classes/edu/ncsu/csc/itrust2/controllers/api/APIDiagnosisController.class], file [/var/lib/jenkins/jobs/iTrust_Fuzzer/workspace/iTrust2/target/classes/edu/ncsu/csc/itrust2/controllers/api/APIDrugController.class], file [/var/lib/jenkins/jobs/iTrust_Fuzzer/workspace/iTrust2/target/classes/edu/ncsu/csc/itrust2/controllers/api/APIEnumController.class], file [/var/lib/jenkins/jobs/iTrust_Fuzzer/workspace/iTrust2/target/classes/edu/ncsu/csc/itrust2/controllers/api/APIHospitalController.class], file [/var/lib/jenkins/jobs/iTrust_Fuzzer/workspace/iTrust2/target/classes/edu/ncsu/csc/itrust2/controllers/api/APIICDCodeController.class], file [/var/lib/jenkins/jobs/iTrust_Fuzzer/workspace/iTrust2/target/classes/edu/ncsu/csc/itrust2/controllers/api/APILogEntryController.class], file [/var/lib/jenkins/jobs/iTrust_Fuzzer/workspace/iTrust2/target/classes/edu/ncsu/csc/itrust2/controllers/api/APIOfficeVisitController.class], file [/var/lib/jenkins/jobs/iTrust_Fuzzer/workspace/iTrust2/target/classes/edu/ncsu/csc/itrust2/controllers/api/APIPasswordController.class], file [/var/lib/jenkins/jobs/iTrust_Fuzzer/workspace/iTrust2/target/classes/edu/ncsu/csc/itrust2/controllers/api/APIPatientController.class], file [/var/lib/jenkins/jobs/iTrust_Fuzzer/workspace/iTrust2/target/classes/edu/ncsu/csc/itrust2/controllers/api/APIPersonnelController.class], file [/var/lib/jenkins/jobs/iTrust_Fuzzer/workspace/iTrust2/target/classes/edu/ncsu/csc/itrust2/controllers/api/APIPrescriptionController.class], file [/var/lib/jenkins/jobs/iTrust_Fuzzer/workspace/iTrust2/target/classes/edu/ncsu/csc/itrust2/controllers/api/APIUserController.class], file [/var/lib/jenkins/jobs/iTrust_Fuzzer/workspace/iTrust2/target/classes/edu/ncsu/csc/itrust2/controllers/api/comm/LogEntryRequestBody.class], file [/var/lib/jenkins/jobs/iTrust_Fuzzer/workspace/iTrust2/target/classes/edu/ncsu/csc/itrust2/controllers/api/comm/LogEntryTableRow.class], file [/var/lib/jenkins/jobs/iTrust_Fuzzer/workspace/iTrust2/target/classes/edu/ncsu/csc/itrust2/controllers/hcp/AppointmentControllerHCP.class], file [/var/lib/jenkins/jobs/iTrust_Fuzzer/workspace/iTrust2/target/classes/edu/ncsu/csc/itrust2/controllers/hcp/HCPController.class], file [/var/lib/jenkins/jobs/iTrust_Fuzzer/workspace/iTrust2/target/classes/edu/ncsu/csc/itrust2/controllers/hcp/OfficeVisitController.class], file [/var/lib/jenkins/jobs/iTrust_Fuzzer/workspace/iTrust2/target/classes/edu/ncsu/csc/itrust2/controllers/patient/AppointmentController.class], file [/var/lib/jenkins/jobs/iTrust_Fuzzer/workspace/iTrust2/target/classes/edu/ncsu/csc/itrust2/controllers/patient/DiagnosesController.class], file [/var/lib/jenkins/jobs/iTrust_Fuzzer/workspace/iTrust2/target/classes/edu/ncsu/csc/itrust2/controllers/patient/PatientController.class], file [/var/lib/jenkins/jobs/iTrust_Fuzzer/workspace/iTrust2/target/classes/edu/ncsu/csc/itrust2/controllers/personnel/PasswordController.class], file [/var/lib/jenkins/jobs/iTrust_Fuzzer/workspace/iTrust2/target/classes/edu/ncsu/csc/itrust2/controllers/personnel/UserController.class]]
21:59:40.992 [main] DEBUG o.s.c.a.ClassPathBeanDefinitionScanner - Identified candidate component class: file [/var/lib/jenkins/jobs/iTrust_Fuzzer/workspace/iTrust2/target/classes/edu/ncsu/csc/itrust2/controllers/DefaultController.class]
21:59:40.992 [main] DEBUG o.s.c.a.ClassPathBeanDefinitionScanner - Identified candidate component class: file [/var/lib/jenkins/jobs/iTrust_Fuzzer/workspace/iTrust2/target/classes/edu/ncsu/csc/itrust2/controllers/admin/AdminController.class]
21:59:40.992 [main] DEBUG o.s.c.a.ClassPathBeanDefinitionScanner - Identified candidate component class: file [/var/lib/jenkins/jobs/iTrust_Fuzzer/workspace/iTrust2/target/classes/edu/ncsu/csc/itrust2/controllers/admin/AdminUserController.class]
21:59:40.992 [main] DEBUG o.s.c.a.ClassPathBeanDefinitionScanner - Identified candidate component class: file [/var/lib/jenkins/jobs/iTrust_Fuzzer/workspace/iTrust2/target/classes/edu/ncsu/csc/itrust2/controllers/admin/HospitalController.class]
21:59:40.992 [main] DEBUG o.s.c.a.ClassPathBeanDefinitionScanner - Identified candidate component class: file [/var/lib/jenkins/jobs/iTrust_Fuzzer/workspace/iTrust2/target/classes/edu/ncsu/csc/itrust2/controllers/admin/ICDCodesController.class]
21:59:40.993 [main] DEBUG o.s.c.a.ClassPathBeanDefinitionScanner - Identified candidate component class: file [/var/lib/jenkins/jobs/iTrust_Fuzzer/workspace/iTrust2/target/classes/edu/ncsu/csc/itrust2/controllers/api/APIAppointmentRequestController.class]
21:59:40.993 [main] DEBUG o.s.c.a.ClassPathBeanDefinitionScanner - Identified candidate component class: file [/var/lib/jenkins/jobs/iTrust_Fuzzer/workspace/iTrust2/target/classes/edu/ncsu/csc/itrust2/controllers/api/APIDiagnosisController.class]
21:59:40.993 [main] DEBUG o.s.c.a.ClassPathBeanDefinitionScanner - Identified candidate component class: file [/var/lib/jenkins/jobs/iTrust_Fuzzer/workspace/iTrust2/target/classes/edu/ncsu/csc/itrust2/controllers/api/APIDrugController.class]
21:59:40.993 [main] DEBUG o.s.c.a.ClassPathBeanDefinitionScanner - Identified candidate component class: file [/var/lib/jenkins/jobs/iTrust_Fuzzer/workspace/iTrust2/target/classes/edu/ncsu/csc/itrust2/controllers/api/APIEnumController.class]
21:59:40.994 [main] DEBUG o.s.c.a.ClassPathBeanDefinitionScanner - Identified candidate component class: file [/var/lib/jenkins/jobs/iTrust_Fuzzer/workspace/iTrust2/target/classes/edu/ncsu/csc/itrust2/controllers/api/APIHospitalController.class]
21:59:40.994 [main] DEBUG o.s.c.a.ClassPathBeanDefinitionScanner - Identified candidate component class: file [/var/lib/jenkins/jobs/iTrust_Fuzzer/workspace/iTrust2/target/classes/edu/ncsu/csc/itrust2/controllers/api/APIICDCodeController.class]
21:59:40.994 [main] DEBUG o.s.c.a.ClassPathBeanDefinitionScanner - Identified candidate component class: file [/var/lib/jenkins/jobs/iTrust_Fuzzer/workspace/iTrust2/target/classes/edu/ncsu/csc/itrust2/controllers/api/APILogEntryController.class]
21:59:40.995 [main] DEBUG o.s.c.a.ClassPathBeanDefinitionScanner - Identified candidate component class: file [/var/lib/jenkins/jobs/iTrust_Fuzzer/workspace/iTrust2/target/classes/edu/ncsu/csc/itrust2/controllers/api/APIOfficeVisitController.class]
21:59:40.995 [main] DEBUG o.s.c.a.ClassPathBeanDefinitionScanner - Identified candidate component class: file [/var/lib/jenkins/jobs/iTrust_Fuzzer/workspace/iTrust2/target/classes/edu/ncsu/csc/itrust2/controllers/api/APIPasswordController.class]
21:59:40.995 [main] DEBUG o.s.c.a.ClassPathBeanDefinitionScanner - Identified candidate component class: file [/var/lib/jenkins/jobs/iTrust_Fuzzer/workspace/iTrust2/target/classes/edu/ncsu/csc/itrust2/controllers/api/APIPatientController.class]
21:59:40.995 [main] DEBUG o.s.c.a.ClassPathBeanDefinitionScanner - Identified candidate component class: file [/var/lib/jenkins/jobs/iTrust_Fuzzer/workspace/iTrust2/target/classes/edu/ncsu/csc/itrust2/controllers/api/APIPersonnelController.class]
21:59:40.996 [main] DEBUG o.s.c.a.ClassPathBeanDefinitionScanner - Identified candidate component class: file [/var/lib/jenkins/jobs/iTrust_Fuzzer/workspace/iTrust2/target/classes/edu/ncsu/csc/itrust2/controllers/api/APIPrescriptionController.class]
21:59:40.996 [main] DEBUG o.s.c.a.ClassPathBeanDefinitionScanner - Identified candidate component class: file [/var/lib/jenkins/jobs/iTrust_Fuzzer/workspace/iTrust2/target/classes/edu/ncsu/csc/itrust2/controllers/api/APIUserController.class]
21:59:40.996 [main] DEBUG o.s.c.a.ClassPathBeanDefinitionScanner - Identified candidate component class: file [/var/lib/jenkins/jobs/iTrust_Fuzzer/workspace/iTrust2/target/classes/edu/ncsu/csc/itrust2/controllers/hcp/AppointmentControllerHCP.class]
21:59:40.996 [main] DEBUG o.s.c.a.ClassPathBeanDefinitionScanner - Identified candidate component class: file [/var/lib/jenkins/jobs/iTrust_Fuzzer/workspace/iTrust2/target/classes/edu/ncsu/csc/itrust2/controllers/hcp/HCPController.class]
21:59:40.997 [main] DEBUG o.s.c.a.ClassPathBeanDefinitionScanner - Identified candidate component class: file [/var/lib/jenkins/jobs/iTrust_Fuzzer/workspace/iTrust2/target/classes/edu/ncsu/csc/itrust2/controllers/hcp/OfficeVisitController.class]
21:59:40.997 [main] DEBUG o.s.c.a.ClassPathBeanDefinitionScanner - Identified candidate component class: file [/var/lib/jenkins/jobs/iTrust_Fuzzer/workspace/iTrust2/target/classes/edu/ncsu/csc/itrust2/controllers/patient/AppointmentController.class]
21:59:40.997 [main] DEBUG o.s.c.a.ClassPathBeanDefinitionScanner - Identified candidate component class: file [/var/lib/jenkins/jobs/iTrust_Fuzzer/workspace/iTrust2/target/classes/edu/ncsu/csc/itrust2/controllers/patient/DiagnosesController.class]
21:59:40.997 [main] DEBUG o.s.c.a.ClassPathBeanDefinitionScanner - Identified candidate component class: file [/var/lib/jenkins/jobs/iTrust_Fuzzer/workspace/iTrust2/target/classes/edu/ncsu/csc/itrust2/controllers/patient/PatientController.class]
21:59:40.997 [main] DEBUG o.s.c.a.ClassPathBeanDefinitionScanner - Identified candidate component class: file [/var/lib/jenkins/jobs/iTrust_Fuzzer/workspace/iTrust2/target/classes/edu/ncsu/csc/itrust2/controllers/personnel/PasswordController.class]
21:59:40.997 [main] DEBUG o.s.c.a.ClassPathBeanDefinitionScanner - Identified candidate component class: file [/var/lib/jenkins/jobs/iTrust_Fuzzer/workspace/iTrust2/target/classes/edu/ncsu/csc/itrust2/controllers/personnel/UserController.class]
21:59:40.998 [main] DEBUG o.s.c.i.s.PathMatchingResourcePatternResolver - Resolved classpath location [edu/ncsu/csc/itrust2/config/] to resources [URL [file:/var/lib/jenkins/jobs/iTrust_Fuzzer/workspace/iTrust2/target/classes/edu/ncsu/csc/itrust2/config/]]
21:59:40.998 [main] DEBUG o.s.c.i.s.PathMatchingResourcePatternResolver - Looking for matching resources in directory tree [/var/lib/jenkins/jobs/iTrust_Fuzzer/workspace/iTrust2/target/classes/edu/ncsu/csc/itrust2/config]
21:59:40.998 [main] DEBUG o.s.c.i.s.PathMatchingResourcePatternResolver - Searching directory [/var/lib/jenkins/jobs/iTrust_Fuzzer/workspace/iTrust2/target/classes/edu/ncsu/csc/itrust2/config] for files matching pattern [/var/lib/jenkins/jobs/iTrust_Fuzzer/workspace/iTrust2/target/classes/edu/ncsu/csc/itrust2/config/**/*.class]
21:59:40.999 [main] DEBUG o.s.c.i.s.PathMatchingResourcePatternResolver - Resolved location pattern [classpath*:edu/ncsu/csc/itrust2/config/**/*.class] to resources [file [/var/lib/jenkins/jobs/iTrust_Fuzzer/workspace/iTrust2/target/classes/edu/ncsu/csc/itrust2/config/ContextListener.class], file [/var/lib/jenkins/jobs/iTrust_Fuzzer/workspace/iTrust2/target/classes/edu/ncsu/csc/itrust2/config/DataConfiguration.class], file [/var/lib/jenkins/jobs/iTrust_Fuzzer/workspace/iTrust2/target/classes/edu/ncsu/csc/itrust2/config/FailureHandler.class], file [/var/lib/jenkins/jobs/iTrust_Fuzzer/workspace/iTrust2/target/classes/edu/ncsu/csc/itrust2/config/IPFilter.class], file [/var/lib/jenkins/jobs/iTrust_Fuzzer/workspace/iTrust2/target/classes/edu/ncsu/csc/itrust2/config/ITrust2ApplicationInitializer.class], file [/var/lib/jenkins/jobs/iTrust_Fuzzer/workspace/iTrust2/target/classes/edu/ncsu/csc/itrust2/config/ITrust2WebApplicationInitializer.class], file [/var/lib/jenkins/jobs/iTrust_Fuzzer/workspace/iTrust2/target/classes/edu/ncsu/csc/itrust2/config/LoginAuditingListener.class], file [/var/lib/jenkins/jobs/iTrust_Fuzzer/workspace/iTrust2/target/classes/edu/ncsu/csc/itrust2/config/RootConfiguration.class], file [/var/lib/jenkins/jobs/iTrust_Fuzzer/workspace/iTrust2/target/classes/edu/ncsu/csc/itrust2/config/SecurityConfig.class]]
21:59:40.999 [main] DEBUG o.s.c.a.ClassPathBeanDefinitionScanner - Identified candidate component class: file [/var/lib/jenkins/jobs/iTrust_Fuzzer/workspace/iTrust2/target/classes/edu/ncsu/csc/itrust2/config/DataConfiguration.class]
21:59:40.999 [main] DEBUG o.s.c.a.ClassPathBeanDefinitionScanner - Identified candidate component class: file [/var/lib/jenkins/jobs/iTrust_Fuzzer/workspace/iTrust2/target/classes/edu/ncsu/csc/itrust2/config/LoginAuditingListener.class]
21:59:40.999 [main] DEBUG o.s.c.a.ClassPathBeanDefinitionScanner - Identified candidate component class: file [/var/lib/jenkins/jobs/iTrust_Fuzzer/workspace/iTrust2/target/classes/edu/ncsu/csc/itrust2/config/RootConfiguration.class]
21:59:40.999 [main] DEBUG o.s.c.a.ClassPathBeanDefinitionScanner - Identified candidate component class: file [/var/lib/jenkins/jobs/iTrust_Fuzzer/workspace/iTrust2/target/classes/edu/ncsu/csc/itrust2/config/SecurityConfig.class]
21:59:41.012 [main] DEBUG o.s.c.a.ConfigurationClassBeanDefinitionReader - Registering bean definition for @Bean method edu.ncsu.csc.itrust2.config.DataConfiguration.dataSource()
21:59:41.012 [main] DEBUG o.s.c.a.ConfigurationClassBeanDefinitionReader - Registered bean definition for imported class &apos;org.springframework.security.config.annotation.configuration.ObjectPostProcessorConfiguration&apos;
21:59:41.012 [main] DEBUG o.s.c.a.ConfigurationClassBeanDefinitionReader - Registering bean definition for @Bean method org.springframework.security.config.annotation.configuration.ObjectPostProcessorConfiguration.objectPostProcessor()
21:59:41.012 [main] DEBUG o.s.c.a.ConfigurationClassBeanDefinitionReader - Registered bean definition for imported class &apos;org.springframework.security.config.annotation.authentication.configuration.AuthenticationConfiguration&apos;
21:59:41.013 [main] DEBUG o.s.c.a.ConfigurationClassBeanDefinitionReader - Registering bean definition for @Bean method org.springframework.security.config.annotation.authentication.configuration.AuthenticationConfiguration.authenticationManagerBuilder()
21:59:41.013 [main] DEBUG o.s.c.a.ConfigurationClassBeanDefinitionReader - Registering bean definition for @Bean method org.springframework.security.config.annotation.authentication.configuration.AuthenticationConfiguration.enableGlobalAuthenticationAutowiredConfigurer()
21:59:41.013 [main] DEBUG o.s.c.a.ConfigurationClassBeanDefinitionReader - Registering bean definition for @Bean method org.springframework.security.config.annotation.authentication.configuration.AuthenticationConfiguration.initializeUserDetailsBeanManagerConfigurer()
21:59:41.013 [main] DEBUG o.s.c.a.ConfigurationClassBeanDefinitionReader - Registering bean definition for @Bean method org.springframework.security.config.annotation.authentication.configuration.AuthenticationConfiguration.initializeAuthenticationProviderBeanManagerConfigurer()
21:59:41.013 [main] DEBUG o.s.c.a.ConfigurationClassBeanDefinitionReader - Registered bean definition for imported class &apos;org.springframework.security.config.annotation.web.configuration.WebSecurityConfiguration&apos;
21:59:41.013 [main] DEBUG o.s.c.a.ConfigurationClassBeanDefinitionReader - Registering bean definition for @Bean method org.springframework.security.config.annotation.web.configuration.WebSecurityConfiguration.delegatingApplicationListener()
21:59:41.013 [main] DEBUG o.s.c.a.ConfigurationClassBeanDefinitionReader - Registering bean definition for @Bean method org.springframework.security.config.annotation.web.configuration.WebSecurityConfiguration.webSecurityExpressionHandler()
21:59:41.013 [main] DEBUG o.s.c.a.ConfigurationClassBeanDefinitionReader - Registering bean definition for @Bean method org.springframework.security.config.annotation.web.configuration.WebSecurityConfiguration.springSecurityFilterChain()
21:59:41.013 [main] DEBUG o.s.c.a.ConfigurationClassBeanDefinitionReader - Registering bean definition for @Bean method org.springframework.security.config.annotation.web.configuration.WebSecurityConfiguration.privilegeEvaluator()
21:59:41.013 [main] DEBUG o.s.c.a.ConfigurationClassBeanDefinitionReader - Registering bean definition for @Bean method org.springframework.security.config.annotation.web.configuration.WebSecurityConfiguration.autowiredWebSecurityConfigurersIgnoreParents()
21:59:41.013 [main] DEBUG o.s.c.a.ConfigurationClassBeanDefinitionReader - Registered bean definition for imported class &apos;org.springframework.security.config.annotation.web.configuration.WebMvcSecurityConfiguration&apos;
21:59:41.013 [main] DEBUG o.s.c.a.ConfigurationClassBeanDefinitionReader - Registering bean definition for @Bean method org.springframework.security.config.annotation.web.configuration.WebMvcSecurityConfiguration.requestDataValueProcessor()
21:59:41.013 [main] DEBUG o.s.c.a.ConfigurationClassBeanDefinitionReader - Registering bean definition for @Bean method edu.ncsu.csc.itrust2.config.SecurityConfig.passwordEncoder()
21:59:41.013 [main] DEBUG o.s.c.a.ConfigurationClassBeanDefinitionReader - Registering bean definition for @Bean method edu.ncsu.csc.itrust2.config.SecurityConfig.defaultAuthenticationEventPublisher()
21:59:41.013 [main] DEBUG o.s.c.a.ConfigurationClassBeanDefinitionReader - Registering bean definition for @Bean method edu.ncsu.csc.itrust2.config.SecurityConfig.failureHandler()
21:59:41.013 [main] DEBUG o.s.c.a.ConfigurationClassBeanDefinitionReader - Registering bean definition for @Bean method edu.ncsu.csc.itrust2.config.SecurityConfig.ipBlockFilter()
21:59:41.013 [main] DEBUG o.s.c.a.ConfigurationClassBeanDefinitionReader - Registered bean definition for imported class &apos;org.springframework.web.servlet.config.annotation.DelegatingWebMvcConfiguration&apos;
21:59:41.013 [main] DEBUG o.s.c.a.ConfigurationClassBeanDefinitionReader - Registering bean definition for @Bean method org.springframework.web.servlet.config.annotation.DelegatingWebMvcConfiguration.mvcConversionService()
21:59:41.013 [main] DEBUG o.s.c.a.ConfigurationClassBeanDefinitionReader - Registering bean definition for @Bean method org.springframework.web.servlet.config.annotation.DelegatingWebMvcConfiguration.requestMappingHandlerMapping()
21:59:41.013 [main] DEBUG o.s.c.a.ConfigurationClassBeanDefinitionReader - Registering bean definition for @Bean method org.springframework.web.servlet.config.annotation.DelegatingWebMvcConfiguration.mvcPathMatcher()
21:59:41.013 [main] DEBUG o.s.c.a.ConfigurationClassBeanDefinitionReader - Registering bean definition for @Bean method org.springframework.web.servlet.config.annotation.DelegatingWebMvcConfiguration.mvcUrlPathHelper()
21:59:41.013 [main] DEBUG o.s.c.a.ConfigurationClassBeanDefinitionReader - Registering bean definition for @Bean method org.springframework.web.servlet.config.annotation.DelegatingWebMvcConfiguration.mvcContentNegotiationManager()
21:59:41.013 [main] DEBUG o.s.c.a.ConfigurationClassBeanDefinitionReader - Registering bean definition for @Bean method org.springframework.web.servlet.config.annotation.DelegatingWebMvcConfiguration.viewControllerHandlerMapping()
21:59:41.013 [main] DEBUG o.s.c.a.ConfigurationClassBeanDefinitionReader - Registering bean definition for @Bean method org.springframework.web.servlet.config.annotation.DelegatingWebMvcConfiguration.beanNameHandlerMapping()
21:59:41.013 [main] DEBUG o.s.c.a.ConfigurationClassBeanDefinitionReader - Registering bean definition for @Bean method org.springframework.web.servlet.config.annotation.DelegatingWebMvcConfiguration.resourceHandlerMapping()
21:59:41.014 [main] DEBUG o.s.c.a.ConfigurationClassBeanDefinitionReader - Registering bean definition for @Bean method org.springframework.web.servlet.config.annotation.DelegatingWebMvcConfiguration.mvcResourceUrlProvider()
21:59:41.014 [main] DEBUG o.s.c.a.ConfigurationClassBeanDefinitionReader - Registering bean definition for @Bean method org.springframework.web.servlet.config.annotation.DelegatingWebMvcConfiguration.defaultServletHandlerMapping()
21:59:41.014 [main] DEBUG o.s.c.a.ConfigurationClassBeanDefinitionReader - Registering bean definition for @Bean method org.springframework.web.servlet.config.annotation.DelegatingWebMvcConfiguration.requestMappingHandlerAdapter()
21:59:41.014 [main] DEBUG o.s.c.a.ConfigurationClassBeanDefinitionReader - Registering bean definition for @Bean method org.springframework.web.servlet.config.annotation.DelegatingWebMvcConfiguration.mvcValidator()
21:59:41.014 [main] DEBUG o.s.c.a.ConfigurationClassBeanDefinitionReader - Registering bean definition for @Bean method org.springframework.web.servlet.config.annotation.DelegatingWebMvcConfiguration.mvcUriComponentsContributor()
21:59:41.014 [main] DEBUG o.s.c.a.ConfigurationClassBeanDefinitionReader - Registering bean definition for @Bean method org.springframework.web.servlet.config.annotation.DelegatingWebMvcConfiguration.httpRequestHandlerAdapter()
21:59:41.014 [main] DEBUG o.s.c.a.ConfigurationClassBeanDefinitionReader - Registering bean definition for @Bean method org.springframework.web.servlet.config.annotation.DelegatingWebMvcConfiguration.simpleControllerHandlerAdapter()
21:59:41.014 [main] DEBUG o.s.c.a.ConfigurationClassBeanDefinitionReader - Registering bean definition for @Bean method org.springframework.web.servlet.config.annotation.DelegatingWebMvcConfiguration.handlerExceptionResolver()
21:59:41.014 [main] DEBUG o.s.c.a.ConfigurationClassBeanDefinitionReader - Registering bean definition for @Bean method org.springframework.web.servlet.config.annotation.DelegatingWebMvcConfiguration.mvcViewResolver()
21:59:41.014 [main] DEBUG o.s.c.a.ConfigurationClassBeanDefinitionReader - Registered bean definition for imported class &apos;org.springframework.security.config.annotation.method.configuration.GlobalMethodSecurityConfiguration&apos;
21:59:41.014 [main] DEBUG o.s.c.a.ConfigurationClassBeanDefinitionReader - Registering bean definition for @Bean method org.springframework.security.config.annotation.method.configuration.GlobalMethodSecurityConfiguration.methodSecurityInterceptor()
21:59:41.014 [main] DEBUG o.s.c.a.ConfigurationClassBeanDefinitionReader - Registering bean definition for @Bean method org.springframework.security.config.annotation.method.configuration.GlobalMethodSecurityConfiguration.methodSecurityMetadataSource()
21:59:41.014 [main] DEBUG o.s.c.a.ConfigurationClassBeanDefinitionReader - Registering bean definition for @Bean method org.springframework.security.config.annotation.method.configuration.GlobalMethodSecurityConfiguration.preInvocationAuthorizationAdvice()
21:59:41.014 [main] DEBUG o.s.c.a.ConfigurationClassBeanDefinitionReader - Registering bean definition for @Bean method edu.ncsu.csc.itrust2.mvc.config.WebMvcConfiguration.viewResolver()
21:59:41.014 [main] DEBUG o.s.c.a.ConfigurationClassBeanDefinitionReader - Registering bean definition for @Bean method edu.ncsu.csc.itrust2.mvc.config.WebMvcConfiguration.templateEngine()
21:59:41.014 [main] DEBUG o.s.c.a.ConfigurationClassBeanDefinitionReader - Registering bean definition for @Bean method edu.ncsu.csc.itrust2.mvc.config.WebMvcConfiguration.domainClassConverter()
21:59:41.016 [main] DEBUG o.s.c.a.ConfigurationClassEnhancer - Successfully enhanced edu.ncsu.csc.itrust2.config.RootConfiguration; enhanced class name is: edu.ncsu.csc.itrust2.config.RootConfiguration$$EnhancerBySpringCGLIB$$c1d00685
21:59:41.016 [main] DEBUG o.s.c.a.ConfigurationClassPostProcessor - Replacing bean definition &apos;rootConfiguration&apos; existing class &apos;edu.ncsu.csc.itrust2.config.RootConfiguration&apos; with enhanced class &apos;edu.ncsu.csc.itrust2.config.RootConfiguration$$EnhancerBySpringCGLIB$$c1d00685&apos;
21:59:41.016 [main] DEBUG o.s.c.a.ConfigurationClassEnhancer - Successfully enhanced edu.ncsu.csc.itrust2.mvc.config.WebMvcConfiguration; enhanced class name is: edu.ncsu.csc.itrust2.mvc.config.WebMvcConfiguration$$EnhancerBySpringCGLIB$$de7b09d5
21:59:41.016 [main] DEBUG o.s.c.a.ConfigurationClassPostProcessor - Replacing bean definition &apos;webMvcConfiguration&apos; existing class &apos;edu.ncsu.csc.itrust2.mvc.config.WebMvcConfiguration&apos; with enhanced class &apos;edu.ncsu.csc.itrust2.mvc.config.WebMvcConfiguration$$EnhancerBySpringCGLIB$$de7b09d5&apos;
21:59:41.016 [main] DEBUG o.s.c.a.ConfigurationClassEnhancer - Successfully enhanced edu.ncsu.csc.itrust2.config.DataConfiguration; enhanced class name is: edu.ncsu.csc.itrust2.config.DataConfiguration$$EnhancerBySpringCGLIB$$60f4bbd
21:59:41.016 [main] DEBUG o.s.c.a.ConfigurationClassPostProcessor - Replacing bean definition &apos;dataConfiguration&apos; existing class &apos;edu.ncsu.csc.itrust2.config.DataConfiguration&apos; with enhanced class &apos;edu.ncsu.csc.itrust2.config.DataConfiguration$$EnhancerBySpringCGLIB$$60f4bbd&apos;
21:59:41.016 [main] DEBUG o.s.c.a.ConfigurationClassEnhancer - Successfully enhanced edu.ncsu.csc.itrust2.config.SecurityConfig; enhanced class name is: edu.ncsu.csc.itrust2.config.SecurityConfig$$EnhancerBySpringCGLIB$$f88fd361
21:59:41.016 [main] DEBUG o.s.c.a.ConfigurationClassPostProcessor - Replacing bean definition &apos;securityConfig&apos; existing class &apos;edu.ncsu.csc.itrust2.config.SecurityConfig&apos; with enhanced class &apos;edu.ncsu.csc.itrust2.config.SecurityConfig$$EnhancerBySpringCGLIB$$f88fd361&apos;
21:59:41.016 [main] DEBUG o.s.c.a.ConfigurationClassEnhancer - Successfully enhanced org.springframework.security.config.annotation.configuration.ObjectPostProcessorConfiguration; enhanced class name is: org.springframework.security.config.annotation.configuration.ObjectPostProcessorConfiguration$$EnhancerBySpringCGLIB$$6851d2d
21:59:41.016 [main] DEBUG o.s.c.a.ConfigurationClassPostProcessor - Replacing bean definition &apos;org.springframework.security.config.annotation.configuration.ObjectPostProcessorConfiguration&apos; existing class &apos;org.springframework.security.config.annotation.configuration.ObjectPostProcessorConfiguration&apos; with enhanced class &apos;org.springframework.security.config.annotation.configuration.ObjectPostProcessorConfiguration$$EnhancerBySpringCGLIB$$6851d2d&apos;
21:59:41.016 [main] DEBUG o.s.c.a.ConfigurationClassEnhancer - Successfully enhanced org.springframework.security.config.annotation.authentication.configuration.AuthenticationConfiguration; enhanced class name is: org.springframework.security.config.annotation.authentication.configuration.AuthenticationConfiguration$$EnhancerBySpringCGLIB$$524e27a2
21:59:41.016 [main] DEBUG o.s.c.a.ConfigurationClassPostProcessor - Replacing bean definition &apos;org.springframework.security.config.annotation.authentication.configuration.AuthenticationConfiguration&apos; existing class &apos;org.springframework.security.config.annotation.authentication.configuration.AuthenticationConfiguration&apos; with enhanced class &apos;org.springframework.security.config.annotation.authentication.configuration.AuthenticationConfiguration$$EnhancerBySpringCGLIB$$524e27a2&apos;
21:59:41.016 [main] DEBUG o.s.c.a.ConfigurationClassEnhancer - Successfully enhanced org.springframework.security.config.annotation.authentication.configuration.AuthenticationConfiguration; enhanced class name is: org.springframework.security.config.annotation.authentication.configuration.AuthenticationConfiguration$$EnhancerBySpringCGLIB$$524e27a2
21:59:41.016 [main] DEBUG o.s.c.a.ConfigurationClassPostProcessor - Replacing bean definition &apos;enableGlobalAuthenticationAutowiredConfigurer&apos; existing class &apos;org.springframework.security.config.annotation.authentication.configuration.AuthenticationConfiguration&apos; with enhanced class &apos;org.springframework.security.config.annotation.authentication.configuration.AuthenticationConfiguration$$EnhancerBySpringCGLIB$$524e27a2&apos;
21:59:41.016 [main] DEBUG o.s.c.a.ConfigurationClassEnhancer - Successfully enhanced org.springframework.security.config.annotation.authentication.configuration.AuthenticationConfiguration; enhanced class name is: org.springframework.security.config.annotation.authentication.configuration.AuthenticationConfiguration$$EnhancerBySpringCGLIB$$524e27a2
21:59:41.017 [main] DEBUG o.s.c.a.ConfigurationClassPostProcessor - Replacing bean definition &apos;initializeUserDetailsBeanManagerConfigurer&apos; existing class &apos;org.springframework.security.config.annotation.authentication.configuration.AuthenticationConfiguration&apos; with enhanced class &apos;org.springframework.security.config.annotation.authentication.configuration.AuthenticationConfiguration$$EnhancerBySpringCGLIB$$524e27a2&apos;
21:59:41.017 [main] DEBUG o.s.c.a.ConfigurationClassEnhancer - Successfully enhanced org.springframework.security.config.annotation.authentication.configuration.AuthenticationConfiguration; enhanced class name is: org.springframework.security.config.annotation.authentication.configuration.AuthenticationConfiguration$$EnhancerBySpringCGLIB$$524e27a2
21:59:41.017 [main] DEBUG o.s.c.a.ConfigurationClassPostProcessor - Replacing bean definition &apos;initializeAuthenticationProviderBeanManagerConfigurer&apos; existing class &apos;org.springframework.security.config.annotation.authentication.configuration.AuthenticationConfiguration&apos; with enhanced class &apos;org.springframework.security.config.annotation.authentication.configuration.AuthenticationConfiguration$$EnhancerBySpringCGLIB$$524e27a2&apos;
21:59:41.017 [main] DEBUG o.s.c.a.ConfigurationClassEnhancer - Successfully enhanced org.springframework.security.config.annotation.web.configuration.WebSecurityConfiguration; enhanced class name is: org.springframework.security.config.annotation.web.configuration.WebSecurityConfiguration$$EnhancerBySpringCGLIB$$150881e6
21:59:41.017 [main] DEBUG o.s.c.a.ConfigurationClassPostProcessor - Replacing bean definition &apos;org.springframework.security.config.annotation.web.configuration.WebSecurityConfiguration&apos; existing class &apos;org.springframework.security.config.annotation.web.configuration.WebSecurityConfiguration&apos; with enhanced class &apos;org.springframework.security.config.annotation.web.configuration.WebSecurityConfiguration$$EnhancerBySpringCGLIB$$150881e6&apos;
21:59:41.017 [main] DEBUG o.s.c.a.ConfigurationClassEnhancer - Successfully enhanced org.springframework.security.config.annotation.web.configuration.WebSecurityConfiguration; enhanced class name is: org.springframework.security.config.annotation.web.configuration.WebSecurityConfiguration$$EnhancerBySpringCGLIB$$150881e6
21:59:41.017 [main] DEBUG o.s.c.a.ConfigurationClassPostProcessor - Replacing bean definition &apos;delegatingApplicationListener&apos; existing class &apos;org.springframework.security.config.annotation.web.configuration.WebSecurityConfiguration&apos; with enhanced class &apos;org.springframework.security.config.annotation.web.configuration.WebSecurityConfiguration$$EnhancerBySpringCGLIB$$150881e6&apos;
21:59:41.017 [main] DEBUG o.s.c.a.ConfigurationClassEnhancer - Successfully enhanced org.springframework.web.servlet.config.annotation.DelegatingWebMvcConfiguration; enhanced class name is: org.springframework.web.servlet.config.annotation.DelegatingWebMvcConfiguration$$EnhancerBySpringCGLIB$$32983a29
21:59:41.017 [main] DEBUG o.s.c.a.ConfigurationClassPostProcessor - Replacing bean definition &apos;org.springframework.web.servlet.config.annotation.DelegatingWebMvcConfiguration&apos; existing class &apos;org.springframework.web.servlet.config.annotation.DelegatingWebMvcConfiguration&apos; with enhanced class &apos;org.springframework.web.servlet.config.annotation.DelegatingWebMvcConfiguration$$EnhancerBySpringCGLIB$$32983a29&apos;
21:59:41.017 [main] DEBUG o.s.c.a.ConfigurationClassEnhancer - Successfully enhanced org.springframework.security.config.annotation.method.configuration.GlobalMethodSecurityConfiguration; enhanced class name is: org.springframework.security.config.annotation.method.configuration.GlobalMethodSecurityConfiguration$$EnhancerBySpringCGLIB$$2b59bfdf
21:59:41.017 [main] DEBUG o.s.c.a.ConfigurationClassPostProcessor - Replacing bean definition &apos;org.springframework.security.config.annotation.method.configuration.GlobalMethodSecurityConfiguration&apos; existing class &apos;org.springframework.security.config.annotation.method.configuration.GlobalMethodSecurityConfiguration&apos; with enhanced class &apos;org.springframework.security.config.annotation.method.configuration.GlobalMethodSecurityConfiguration$$EnhancerBySpringCGLIB$$2b59bfdf&apos;
21:59:41.018 [main] DEBUG o.s.b.f.s.DefaultListableBeanFactory - Creating shared instance of singleton bean &apos;org.springframework.context.annotation.internalAutowiredAnnotationProcessor&apos;
21:59:41.018 [main] DEBUG o.s.b.f.s.DefaultListableBeanFactory - Creating instance of bean &apos;org.springframework.context.annotation.internalAutowiredAnnotationProcessor&apos;
21:59:41.018 [main] DEBUG o.s.b.f.s.DefaultListableBeanFactory - Eagerly caching bean &apos;org.springframework.context.annotation.internalAutowiredAnnotationProcessor&apos; to allow for resolving potential circular references
21:59:41.020 [main] DEBUG o.s.b.f.s.DefaultListableBeanFactory - Finished creating instance of bean &apos;org.springframework.context.annotation.internalAutowiredAnnotationProcessor&apos;
21:59:41.020 [main] DEBUG o.s.b.f.s.DefaultListableBeanFactory - Creating shared instance of singleton bean &apos;org.springframework.context.annotation.internalRequiredAnnotationProcessor&apos;
21:59:41.020 [main] DEBUG o.s.b.f.s.DefaultListableBeanFactory - Creating instance of bean &apos;org.springframework.context.annotation.internalRequiredAnnotationProcessor&apos;
21:59:41.020 [main] DEBUG o.s.b.f.s.DefaultListableBeanFactory - Eagerly caching bean &apos;org.springframework.context.annotation.internalRequiredAnnotationProcessor&apos; to allow for resolving potential circular references
21:59:41.022 [main] DEBUG o.s.b.f.s.DefaultListableBeanFactory - Finished creating instance of bean &apos;org.springframework.context.annotation.internalRequiredAnnotationProcessor&apos;
21:59:41.022 [main] DEBUG o.s.b.f.s.DefaultListableBeanFactory - Creating shared instance of singleton bean &apos;org.springframework.context.annotation.internalCommonAnnotationProcessor&apos;
21:59:41.022 [main] DEBUG o.s.b.f.s.DefaultListableBeanFactory - Creating instance of bean &apos;org.springframework.context.annotation.internalCommonAnnotationProcessor&apos;
21:59:41.022 [main] DEBUG o.s.b.f.s.DefaultListableBeanFactory - Eagerly caching bean &apos;org.springframework.context.annotation.internalCommonAnnotationProcessor&apos; to allow for resolving potential circular references
21:59:41.024 [main] DEBUG o.s.b.f.s.DefaultListableBeanFactory - Finished creating instance of bean &apos;org.springframework.context.annotation.internalCommonAnnotationProcessor&apos;
21:59:41.024 [main] DEBUG o.s.b.f.s.DefaultListableBeanFactory - Creating shared instance of singleton bean &apos;org.springframework.context.annotation.internalPersistenceAnnotationProcessor&apos;
21:59:41.024 [main] DEBUG o.s.b.f.s.DefaultListableBeanFactory - Creating instance of bean &apos;org.springframework.context.annotation.internalPersistenceAnnotationProcessor&apos;
21:59:41.024 [main] DEBUG o.s.b.f.s.DefaultListableBeanFactory - Eagerly caching bean &apos;org.springframework.context.annotation.internalPersistenceAnnotationProcessor&apos; to allow for resolving potential circular references
21:59:41.026 [main] DEBUG o.s.b.f.s.DefaultListableBeanFactory - Finished creating instance of bean &apos;org.springframework.context.annotation.internalPersistenceAnnotationProcessor&apos;
21:59:41.026 [main] DEBUG o.s.b.f.s.DefaultListableBeanFactory - Creating shared instance of singleton bean &apos;org.springframework.aop.config.internalAutoProxyCreator&apos;
21:59:41.026 [main] DEBUG o.s.b.f.s.DefaultListableBeanFactory - Creating instance of bean &apos;org.springframework.aop.config.internalAutoProxyCreator&apos;
21:59:41.026 [main] DEBUG o.s.b.f.s.DefaultListableBeanFactory - Eagerly caching bean &apos;org.springframework.aop.config.internalAutoProxyCreator&apos; to allow for resolving potential circular references
21:59:41.028 [main] DEBUG o.s.b.f.s.DefaultListableBeanFactory - Finished creating instance of bean &apos;org.springframework.aop.config.internalAutoProxyCreator&apos;
21:59:41.028 [main] DEBUG o.s.w.c.s.GenericWebApplicationContext - Unable to locate MessageSource with name &apos;messageSource&apos;: using default [org.springframework.context.support.DelegatingMessageSource@552bab01]
21:59:41.028 [main] DEBUG o.s.w.c.s.GenericWebApplicationContext - Unable to locate ApplicationEventMulticaster with name &apos;applicationEventMulticaster&apos;: using default [org.springframework.context.event.SimpleApplicationEventMulticaster@48b4d2ee]
21:59:41.028 [main] DEBUG o.s.u.c.s.UiApplicationContextUtils - Unable to locate ThemeSource with name &apos;themeSource&apos;: using default [org.springframework.ui.context.support.ResourceBundleThemeSource@5643a097]
21:59:41.029 [main] DEBUG o.s.b.f.s.DefaultListableBeanFactory - Pre-instantiating singletons in org.springframework.beans.factory.support.DefaultListableBeanFactory@474c1bcd: defining beans [org.springframework.context.annotation.internalConfigurationAnnotationProcessor,org.springframework.context.annotation.internalAutowiredAnnotationProcessor,org.springframework.context.annotation.internalRequiredAnnotationProcessor,org.springframework.context.annotation.internalCommonAnnotationProcessor,org.spring
...[truncated 190119 chars]...
aching method [CacheKey[edu.ncsu.csc.itrust2.controllers.patient.PatientController; public java.lang.String edu.ncsu.csc.itrust2.controllers.patient.PatientController.viewDemographics(org.springframework.ui.Model)]] with attributes [[authorize: &apos;hasRole(&apos;ROLE_PATIENT&apos;)&apos;, filter: &apos;null&apos;, filterTarget: &apos;null&apos;]]
21:59:41.263 [main] DEBUG o.s.aop.framework.CglibAopProxy - Unable to apply any optimisations to advised method: public java.lang.String edu.ncsu.csc.itrust2.controllers.patient.PatientController.viewDemographics(org.springframework.ui.Model)
21:59:41.263 [main] DEBUG o.s.s.a.p.PrePostAnnotationSecurityMetadataSource - @org.springframework.security.access.prepost.PreAuthorize(value=hasRole(&apos;ROLE_PATIENT&apos;)) found on specific method: public java.lang.String edu.ncsu.csc.itrust2.controllers.patient.PatientController.demographicsSubmit(edu.ncsu.csc.itrust2.forms.hcp_patient.PatientForm,org.springframework.validation.BindingResult,org.springframework.ui.Model)
21:59:41.263 [main] DEBUG o.s.s.a.m.DelegatingMethodSecurityMetadataSource - Caching method [CacheKey[edu.ncsu.csc.itrust2.controllers.patient.PatientController; public java.lang.String edu.ncsu.csc.itrust2.controllers.patient.PatientController.demographicsSubmit(edu.ncsu.csc.itrust2.forms.hcp_patient.PatientForm,org.springframework.validation.BindingResult,org.springframework.ui.Model)]] with attributes [[authorize: &apos;hasRole(&apos;ROLE_PATIENT&apos;)&apos;, filter: &apos;null&apos;, filterTarget: &apos;null&apos;]]
21:59:41.263 [main] DEBUG o.s.aop.framework.CglibAopProxy - Unable to apply any optimisations to advised method: public java.lang.String edu.ncsu.csc.itrust2.controllers.patient.PatientController.demographicsSubmit(edu.ncsu.csc.itrust2.forms.hcp_patient.PatientForm,org.springframework.validation.BindingResult,org.springframework.ui.Model)
21:59:41.263 [main] DEBUG o.s.s.a.p.PrePostAnnotationSecurityMetadataSource - @org.springframework.security.access.prepost.PreAuthorize(value=hasRole(&apos;ROLE_PATIENT&apos;)) found on specific method: public java.lang.String edu.ncsu.csc.itrust2.controllers.patient.PatientController.index(org.springframework.ui.Model)
21:59:41.263 [main] DEBUG o.s.s.a.m.DelegatingMethodSecurityMetadataSource - Caching method [CacheKey[edu.ncsu.csc.itrust2.controllers.patient.PatientController; public java.lang.String edu.ncsu.csc.itrust2.controllers.patient.PatientController.index(org.springframework.ui.Model)]] with attributes [[authorize: &apos;hasRole(&apos;ROLE_PATIENT&apos;)&apos;, filter: &apos;null&apos;, filterTarget: &apos;null&apos;]]
21:59:41.263 [main] DEBUG o.s.aop.framework.CglibAopProxy - Unable to apply any optimisations to advised method: public java.lang.String edu.ncsu.csc.itrust2.controllers.patient.PatientController.index(org.springframework.ui.Model)
21:59:41.263 [main] DEBUG o.s.aop.framework.CglibAopProxy - Found &apos;equals&apos; method: public boolean java.lang.Object.equals(java.lang.Object)
21:59:41.263 [main] DEBUG o.s.aop.framework.CglibAopProxy - Unable to apply any optimisations to advised method: public java.lang.String java.lang.Object.toString()
21:59:41.263 [main] DEBUG o.s.aop.framework.CglibAopProxy - Found &apos;hashCode&apos; method: public native int java.lang.Object.hashCode()
21:59:41.263 [main] DEBUG o.s.aop.framework.CglibAopProxy - Unable to apply any optimisations to advised method: protected native java.lang.Object java.lang.Object.clone() throws java.lang.CloneNotSupportedException
21:59:41.263 [main] DEBUG o.s.aop.framework.CglibAopProxy - Method is declared on Advised interface: public abstract void org.springframework.aop.framework.Advised.setTargetSource(org.springframework.aop.TargetSource)
21:59:41.263 [main] DEBUG o.s.aop.framework.CglibAopProxy - Method is declared on Advised interface: public abstract org.springframework.aop.TargetSource org.springframework.aop.framework.Advised.getTargetSource()
21:59:41.263 [main] DEBUG o.s.aop.framework.CglibAopProxy - Method is declared on Advised interface: public abstract boolean org.springframework.aop.framework.Advised.isProxyTargetClass()
21:59:41.263 [main] DEBUG o.s.aop.framework.CglibAopProxy - Method is declared on Advised interface: public abstract void org.springframework.aop.framework.Advised.addAdvisor(org.springframework.aop.Advisor) throws org.springframework.aop.framework.AopConfigException
21:59:41.263 [main] DEBUG o.s.aop.framework.CglibAopProxy - Method is declared on Advised interface: public abstract void org.springframework.aop.framework.Advised.addAdvisor(int,org.springframework.aop.Advisor) throws org.springframework.aop.framework.AopConfigException
21:59:41.263 [main] DEBUG o.s.aop.framework.CglibAopProxy - Method is declared on Advised interface: public abstract void org.springframework.aop.framework.Advised.setPreFiltered(boolean)
21:59:41.263 [main] DEBUG o.s.aop.framework.CglibAopProxy - Method is declared on Advised interface: public abstract void org.springframework.aop.framework.Advised.setExposeProxy(boolean)
21:59:41.263 [main] DEBUG o.s.aop.framework.CglibAopProxy - Method is declared on Advised interface: public abstract boolean org.springframework.aop.framework.Advised.isExposeProxy()
21:59:41.263 [main] DEBUG o.s.aop.framework.CglibAopProxy - Method is declared on Advised interface: public abstract boolean org.springframework.aop.framework.Advised.isPreFiltered()
21:59:41.263 [main] DEBUG o.s.aop.framework.CglibAopProxy - Method is declared on Advised interface: public abstract java.lang.Class[] org.springframework.aop.framework.Advised.getProxiedInterfaces()
21:59:41.263 [main] DEBUG o.s.aop.framework.CglibAopProxy - Method is declared on Advised interface: public abstract boolean org.springframework.aop.framework.Advised.isInterfaceProxied(java.lang.Class)
21:59:41.263 [main] DEBUG o.s.aop.framework.CglibAopProxy - Method is declared on Advised interface: public abstract org.springframework.aop.Advisor[] org.springframework.aop.framework.Advised.getAdvisors()
21:59:41.263 [main] DEBUG o.s.aop.framework.CglibAopProxy - Method is declared on Advised interface: public abstract void org.springframework.aop.framework.Advised.removeAdvisor(int) throws org.springframework.aop.framework.AopConfigException
21:59:41.263 [main] DEBUG o.s.aop.framework.CglibAopProxy - Method is declared on Advised interface: public abstract boolean org.springframework.aop.framework.Advised.removeAdvisor(org.springframework.aop.Advisor)
21:59:41.263 [main] DEBUG o.s.aop.framework.CglibAopProxy - Method is declared on Advised interface: public abstract boolean org.springframework.aop.framework.Advised.replaceAdvisor(org.springframework.aop.Advisor,org.springframework.aop.Advisor) throws org.springframework.aop.framework.AopConfigException
21:59:41.263 [main] DEBUG o.s.aop.framework.CglibAopProxy - Method is declared on Advised interface: public abstract boolean org.springframework.aop.framework.Advised.removeAdvice(org.aopalliance.aop.Advice)
21:59:41.263 [main] DEBUG o.s.aop.framework.CglibAopProxy - Method is declared on Advised interface: public abstract java.lang.String org.springframework.aop.framework.Advised.toProxyConfigString()
21:59:41.263 [main] DEBUG o.s.aop.framework.CglibAopProxy - Method is declared on Advised interface: public abstract void org.springframework.aop.framework.Advised.addAdvice(int,org.aopalliance.aop.Advice) throws org.springframework.aop.framework.AopConfigException
21:59:41.263 [main] DEBUG o.s.aop.framework.CglibAopProxy - Method is declared on Advised interface: public abstract void org.springframework.aop.framework.Advised.addAdvice(org.aopalliance.aop.Advice) throws org.springframework.aop.framework.AopConfigException
21:59:41.263 [main] DEBUG o.s.aop.framework.CglibAopProxy - Method is declared on Advised interface: public abstract int org.springframework.aop.framework.Advised.indexOf(org.aopalliance.aop.Advice)
21:59:41.263 [main] DEBUG o.s.aop.framework.CglibAopProxy - Method is declared on Advised interface: public abstract int org.springframework.aop.framework.Advised.indexOf(org.springframework.aop.Advisor)
21:59:41.263 [main] DEBUG o.s.aop.framework.CglibAopProxy - Method is declared on Advised interface: public abstract boolean org.springframework.aop.framework.Advised.isFrozen()
21:59:41.263 [main] DEBUG o.s.aop.framework.CglibAopProxy - Method is declared on Advised interface: public abstract java.lang.Class org.springframework.aop.TargetClassAware.getTargetClass()
21:59:41.267 [main] DEBUG o.s.b.f.s.DefaultListableBeanFactory - Finished creating instance of bean &apos;patientController&apos;
21:59:41.267 [main] DEBUG o.s.b.f.s.DefaultListableBeanFactory - Creating shared instance of singleton bean &apos;passwordController&apos;
21:59:41.267 [main] DEBUG o.s.b.f.s.DefaultListableBeanFactory - Creating instance of bean &apos;passwordController&apos;
21:59:41.267 [main] DEBUG o.s.b.f.s.DefaultListableBeanFactory - Eagerly caching bean &apos;passwordController&apos; to allow for resolving potential circular references
21:59:41.268 [main] DEBUG o.s.b.f.s.DefaultListableBeanFactory - Returning cached instance of singleton bean &apos;metaDataSourceAdvisor&apos;
21:59:41.268 [main] DEBUG o.s.b.f.s.DefaultListableBeanFactory - Finished creating instance of bean &apos;passwordController&apos;
21:59:41.268 [main] DEBUG o.s.b.f.s.DefaultListableBeanFactory - Creating shared instance of singleton bean &apos;userController&apos;
21:59:41.268 [main] DEBUG o.s.b.f.s.DefaultListableBeanFactory - Creating instance of bean &apos;userController&apos;
21:59:41.268 [main] DEBUG o.s.b.f.s.DefaultListableBeanFactory - Eagerly caching bean &apos;userController&apos; to allow for resolving potential circular references
21:59:41.268 [main] DEBUG o.s.b.f.s.DefaultListableBeanFactory - Returning cached instance of singleton bean &apos;metaDataSourceAdvisor&apos;
21:59:41.268 [main] DEBUG o.s.s.a.p.PrePostAnnotationSecurityMetadataSource - @org.springframework.security.access.prepost.PreAuthorize(value=hasRole(&apos;ROLE_HCP&apos;) or hasRole(&apos;ROLE_ADMIN&apos;)) found on specific method: public java.lang.String edu.ncsu.csc.itrust2.controllers.personnel.UserController.viewDemographics(org.springframework.ui.Model)
21:59:41.268 [main] DEBUG o.s.s.a.m.DelegatingMethodSecurityMetadataSource - Caching method [CacheKey[edu.ncsu.csc.itrust2.controllers.personnel.UserController; public java.lang.String edu.ncsu.csc.itrust2.controllers.personnel.UserController.viewDemographics(org.springframework.ui.Model)]] with attributes [[authorize: &apos;hasRole(&apos;ROLE_HCP&apos;) or hasRole(&apos;ROLE_ADMIN&apos;)&apos;, filter: &apos;null&apos;, filterTarget: &apos;null&apos;]]
21:59:41.268 [main] DEBUG o.s.a.f.a.InfrastructureAdvisorAutoProxyCreator - Creating implicit proxy for bean &apos;userController&apos; with 0 common interceptors and 1 specific interceptors
21:59:41.268 [main] DEBUG o.s.aop.framework.CglibAopProxy - Creating CGLIB proxy: target source is SingletonTargetSource for target object [edu.ncsu.csc.itrust2.controllers.personnel.UserController@40befd80]
21:59:41.268 [main] DEBUG o.s.aop.framework.CglibAopProxy - Unable to apply any optimisations to advised method: public java.lang.String edu.ncsu.csc.itrust2.controllers.personnel.UserController.viewDemographics(org.springframework.ui.Model)
21:59:41.268 [main] DEBUG o.s.s.a.p.PrePostAnnotationSecurityMetadataSource - @org.springframework.security.access.prepost.PreAuthorize(value=hasRole(&apos;ROLE_HCP&apos;) or hasRole(&apos;ROLE_ADMIN&apos;)) found on specific method: public java.lang.String edu.ncsu.csc.itrust2.controllers.personnel.UserController.demographicsSubmit(edu.ncsu.csc.itrust2.forms.personnel.PersonnelForm,org.springframework.validation.BindingResult,org.springframework.ui.Model)
21:59:41.268 [main] DEBUG o.s.s.a.m.DelegatingMethodSecurityMetadataSource - Caching method [CacheKey[edu.ncsu.csc.itrust2.controllers.personnel.UserController; public java.lang.String edu.ncsu.csc.itrust2.controllers.personnel.UserController.demographicsSubmit(edu.ncsu.csc.itrust2.forms.personnel.PersonnelForm,org.springframework.validation.BindingResult,org.springframework.ui.Model)]] with attributes [[authorize: &apos;hasRole(&apos;ROLE_HCP&apos;) or hasRole(&apos;ROLE_ADMIN&apos;)&apos;, filter: &apos;null&apos;, filterTarget: &apos;null&apos;]]
21:59:41.268 [main] DEBUG o.s.aop.framework.CglibAopProxy - Unable to apply any optimisations to advised method: public java.lang.String edu.ncsu.csc.itrust2.controllers.personnel.UserController.demographicsSubmit(edu.ncsu.csc.itrust2.forms.personnel.PersonnelForm,org.springframework.validation.BindingResult,org.springframework.ui.Model)
21:59:41.268 [main] DEBUG o.s.aop.framework.CglibAopProxy - Found &apos;equals&apos; method: public boolean java.lang.Object.equals(java.lang.Object)
21:59:41.268 [main] DEBUG o.s.aop.framework.CglibAopProxy - Unable to apply any optimisations to advised method: public java.lang.String java.lang.Object.toString()
21:59:41.268 [main] DEBUG o.s.aop.framework.CglibAopProxy - Found &apos;hashCode&apos; method: public native int java.lang.Object.hashCode()
21:59:41.268 [main] DEBUG o.s.aop.framework.CglibAopProxy - Unable to apply any optimisations to advised method: protected native java.lang.Object java.lang.Object.clone() throws java.lang.CloneNotSupportedException
21:59:41.268 [main] DEBUG o.s.aop.framework.CglibAopProxy - Method is declared on Advised interface: public abstract void org.springframework.aop.framework.Advised.setTargetSource(org.springframework.aop.TargetSource)
21:59:41.268 [main] DEBUG o.s.aop.framework.CglibAopProxy - Method is declared on Advised interface: public abstract org.springframework.aop.TargetSource org.springframework.aop.framework.Advised.getTargetSource()
21:59:41.268 [main] DEBUG o.s.aop.framework.CglibAopProxy - Method is declared on Advised interface: public abstract boolean org.springframework.aop.framework.Advised.isProxyTargetClass()
21:59:41.268 [main] DEBUG o.s.aop.framework.CglibAopProxy - Method is declared on Advised interface: public abstract void org.springframework.aop.framework.Advised.addAdvisor(org.springframework.aop.Advisor) throws org.springframework.aop.framework.AopConfigException
21:59:41.268 [main] DEBUG o.s.aop.framework.CglibAopProxy - Method is declared on Advised interface: public abstract void org.springframework.aop.framework.Advised.addAdvisor(int,org.springframework.aop.Advisor) throws org.springframework.aop.framework.AopConfigException
21:59:41.268 [main] DEBUG o.s.aop.framework.CglibAopProxy - Method is declared on Advised interface: public abstract void org.springframework.aop.framework.Advised.setPreFiltered(boolean)
21:59:41.268 [main] DEBUG o.s.aop.framework.CglibAopProxy - Method is declared on Advised interface: public abstract void org.springframework.aop.framework.Advised.setExposeProxy(boolean)
21:59:41.268 [main] DEBUG o.s.aop.framework.CglibAopProxy - Method is declared on Advised interface: public abstract boolean org.springframework.aop.framework.Advised.isExposeProxy()
21:59:41.268 [main] DEBUG o.s.aop.framework.CglibAopProxy - Method is declared on Advised interface: public abstract boolean org.springframework.aop.framework.Advised.isPreFiltered()
21:59:41.268 [main] DEBUG o.s.aop.framework.CglibAopProxy - Method is declared on Advised interface: public abstract java.lang.Class[] org.springframework.aop.framework.Advised.getProxiedInterfaces()
21:59:41.268 [main] DEBUG o.s.aop.framework.CglibAopProxy - Method is declared on Advised interface: public abstract boolean org.springframework.aop.framework.Advised.isInterfaceProxied(java.lang.Class)
21:59:41.268 [main] DEBUG o.s.aop.framework.CglibAopProxy - Method is declared on Advised interface: public abstract org.springframework.aop.Advisor[] org.springframework.aop.framework.Advised.getAdvisors()
21:59:41.268 [main] DEBUG o.s.aop.framework.CglibAopProxy - Method is declared on Advised interface: public abstract void org.springframework.aop.framework.Advised.removeAdvisor(int) throws org.springframework.aop.framework.AopConfigException
21:59:41.268 [main] DEBUG o.s.aop.framework.CglibAopProxy - Method is declared on Advised interface: public abstract boolean org.springframework.aop.framework.Advised.removeAdvisor(org.springframework.aop.Advisor)
21:59:41.268 [main] DEBUG o.s.aop.framework.CglibAopProxy - Method is declared on Advised interface: public abstract boolean org.springframework.aop.framework.Advised.replaceAdvisor(org.springframework.aop.Advisor,org.springframework.aop.Advisor) throws org.springframework.aop.framework.AopConfigException
21:59:41.268 [main] DEBUG o.s.aop.framework.CglibAopProxy - Method is declared on Advised interface: public abstract boolean org.springframework.aop.framework.Advised.removeAdvice(org.aopalliance.aop.Advice)
21:59:41.268 [main] DEBUG o.s.aop.framework.CglibAopProxy - Method is declared on Advised interface: public abstract java.lang.String org.springframework.aop.framework.Advised.toProxyConfigString()
21:59:41.268 [main] DEBUG o.s.aop.framework.CglibAopProxy - Method is declared on Advised interface: public abstract void org.springframework.aop.framework.Advised.addAdvice(int,org.aopalliance.aop.Advice) throws org.springframework.aop.framework.AopConfigException
21:59:41.268 [main] DEBUG o.s.aop.framework.CglibAopProxy - Method is declared on Advised interface: public abstract void org.springframework.aop.framework.Advised.addAdvice(org.aopalliance.aop.Advice) throws org.springframework.aop.framework.AopConfigException
21:59:41.269 [main] DEBUG o.s.aop.framework.CglibAopProxy - Method is declared on Advised interface: public abstract int org.springframework.aop.framework.Advised.indexOf(org.aopalliance.aop.Advice)
21:59:41.269 [main] DEBUG o.s.aop.framework.CglibAopProxy - Method is declared on Advised interface: public abstract int org.springframework.aop.framework.Advised.indexOf(org.springframework.aop.Advisor)
21:59:41.269 [main] DEBUG o.s.aop.framework.CglibAopProxy - Method is declared on Advised interface: public abstract boolean org.springframework.aop.framework.Advised.isFrozen()
21:59:41.269 [main] DEBUG o.s.aop.framework.CglibAopProxy - Method is declared on Advised interface: public abstract java.lang.Class org.springframework.aop.TargetClassAware.getTargetClass()
21:59:41.272 [main] DEBUG o.s.b.f.s.DefaultListableBeanFactory - Finished creating instance of bean &apos;userController&apos;
21:59:41.273 [main] DEBUG o.s.b.f.s.DefaultListableBeanFactory - Returning cached instance of singleton bean &apos;dataSource&apos;
21:59:41.273 [main] DEBUG o.s.b.f.s.DefaultListableBeanFactory - Returning cached instance of singleton bean &apos;org.springframework.security.config.annotation.configuration.ObjectPostProcessorConfiguration&apos;
21:59:41.273 [main] DEBUG o.s.b.f.s.DefaultListableBeanFactory - Returning cached instance of singleton bean &apos;objectPostProcessor&apos;
21:59:41.273 [main] DEBUG o.s.b.f.s.DefaultListableBeanFactory - Returning cached instance of singleton bean &apos;org.springframework.security.config.annotation.authentication.configuration.AuthenticationConfiguration&apos;
21:59:41.273 [main] DEBUG o.s.b.f.s.DefaultListableBeanFactory - Returning cached instance of singleton bean &apos;authenticationManagerBuilder&apos;
21:59:41.273 [main] DEBUG o.s.b.f.s.DefaultListableBeanFactory - Returning cached instance of singleton bean &apos;enableGlobalAuthenticationAutowiredConfigurer&apos;
21:59:41.273 [main] DEBUG o.s.b.f.s.DefaultListableBeanFactory - Returning cached instance of singleton bean &apos;initializeUserDetailsBeanManagerConfigurer&apos;
21:59:41.273 [main] DEBUG o.s.b.f.s.DefaultListableBeanFactory - Returning cached instance of singleton bean &apos;initializeAuthenticationProviderBeanManagerConfigurer&apos;
21:59:41.273 [main] DEBUG o.s.b.f.s.DefaultListableBeanFactory - Creating shared instance of singleton bean &apos;org.springframework.security.config.annotation.web.configuration.WebSecurityConfiguration&apos;
21:59:41.273 [main] DEBUG o.s.b.f.s.DefaultListableBeanFactory - Creating instance of bean &apos;org.springframework.security.config.annotation.web.configuration.WebSecurityConfiguration&apos;
21:59:41.274 [main] DEBUG o.s.b.f.annotation.InjectionMetadata - Registered injected element on class [org.springframework.security.config.annotation.web.configuration.WebSecurityConfiguration$$EnhancerBySpringCGLIB$$150881e6]: AutowiredFieldElement for private org.springframework.security.config.annotation.ObjectPostProcessor org.springframework.security.config.annotation.web.configuration.WebSecurityConfiguration.objectObjectPostProcessor
21:59:41.274 [main] DEBUG o.s.b.f.annotation.InjectionMetadata - Registered injected element on class [org.springframework.security.config.annotation.web.configuration.WebSecurityConfiguration$$EnhancerBySpringCGLIB$$150881e6]: AutowiredMethodElement for public void org.springframework.security.config.annotation.web.configuration.WebSecurityConfiguration.setFilterChainProxySecurityConfigurer(org.springframework.security.config.annotation.ObjectPostProcessor,java.util.List) throws java.lang.Exception
21:59:41.274 [main] DEBUG o.s.b.f.s.DefaultListableBeanFactory - Eagerly caching bean &apos;org.springframework.security.config.annotation.web.configuration.WebSecurityConfiguration&apos; to allow for resolving potential circular references
21:59:41.274 [main] DEBUG o.s.b.f.annotation.InjectionMetadata - Processing injected element of bean &apos;org.springframework.security.config.annotation.web.configuration.WebSecurityConfiguration&apos;: AutowiredFieldElement for private org.springframework.security.config.annotation.ObjectPostProcessor org.springframework.security.config.annotation.web.configuration.WebSecurityConfiguration.objectObjectPostProcessor
21:59:41.275 [main] DEBUG o.s.b.f.s.DefaultListableBeanFactory - Returning cached instance of singleton bean &apos;objectPostProcessor&apos;
21:59:41.275 [main] DEBUG o.s.b.f.a.AutowiredAnnotationBeanPostProcessor - Autowiring by type from bean name &apos;org.springframework.security.config.annotation.web.configuration.WebSecurityConfiguration&apos; to bean named &apos;objectPostProcessor&apos;
21:59:41.275 [main] DEBUG o.s.b.f.annotation.InjectionMetadata - Processing injected element of bean &apos;org.springframework.security.config.annotation.web.configuration.WebSecurityConfiguration&apos;: AutowiredMethodElement for public void org.springframework.security.config.annotation.web.configuration.WebSecurityConfiguration.setFilterChainProxySecurityConfigurer(org.springframework.security.config.annotation.ObjectPostProcessor,java.util.List) throws java.lang.Exception
21:59:41.275 [main] DEBUG o.s.b.f.s.DefaultListableBeanFactory - Returning cached instance of singleton bean &apos;objectPostProcessor&apos;
21:59:41.275 [main] DEBUG o.s.b.f.s.DefaultListableBeanFactory - Creating shared instance of singleton bean &apos;autowiredWebSecurityConfigurersIgnoreParents&apos;
21:59:41.275 [main] DEBUG o.s.b.f.s.DefaultListableBeanFactory - Creating instance of bean &apos;autowiredWebSecurityConfigurersIgnoreParents&apos;
21:59:41.275 [main] DEBUG o.s.b.f.s.DefaultListableBeanFactory - Returning cached instance of singleton bean &apos;metaDataSourceAdvisor&apos;
21:59:41.276 [main] DEBUG o.s.b.f.s.DefaultListableBeanFactory - Returning eagerly cached instance of singleton bean &apos;org.springframework.security.config.annotation.web.configuration.WebSecurityConfiguration&apos; that is not fully initialized yet - a consequence of a circular reference
21:59:41.277 [main] DEBUG o.s.b.f.s.DefaultListableBeanFactory - Autowiring by type from bean name &apos;autowiredWebSecurityConfigurersIgnoreParents&apos; via factory method to bean named &apos;org.springframework.beans.factory.support.DefaultListableBeanFactory@474c1bcd&apos;
21:59:41.277 [main] DEBUG o.s.b.f.s.DefaultListableBeanFactory - Eagerly caching bean &apos;autowiredWebSecurityConfigurersIgnoreParents&apos; to allow for resolving potential circular references
21:59:41.277 [main] DEBUG o.s.b.f.s.DefaultListableBeanFactory - Returning cached instance of singleton bean &apos;metaDataSourceAdvisor&apos;
21:59:41.277 [main] DEBUG o.s.b.f.s.DefaultListableBeanFactory - Finished creating instance of bean &apos;autowiredWebSecurityConfigurersIgnoreParents&apos;
21:59:41.277 [main] DEBUG o.s.b.f.s.DefaultListableBeanFactory - Returning cached instance of singleton bean &apos;securityConfig&apos;
21:59:41.278 [main] DEBUG o.s.b.f.a.AutowiredAnnotationBeanPostProcessor - Autowiring by type from bean name &apos;org.springframework.security.config.annotation.web.configuration.WebSecurityConfiguration&apos; to bean named &apos;objectPostProcessor&apos;
21:59:41.278 [main] DEBUG o.s.b.f.s.DefaultListableBeanFactory - Returning cached instance of singleton bean &apos;metaDataSourceAdvisor&apos;
21:59:41.281 [main] DEBUG o.s.b.f.s.DefaultListableBeanFactory - Returning cached instance of singleton bean &apos;org.springframework.context.annotation.ConfigurationClassPostProcessor.importRegistry&apos;
21:59:41.281 [main] DEBUG o.s.b.f.s.DefaultListableBeanFactory - Finished creating instance of bean &apos;org.springframework.security.config.annotation.web.configuration.WebSecurityConfiguration&apos;
21:59:41.281 [main] DEBUG o.s.b.f.s.DefaultListableBeanFactory - Creating shared instance of singleton bean &apos;delegatingApplicationListener&apos;
21:59:41.281 [main] DEBUG o.s.b.f.s.DefaultListableBeanFactory - Creating instance of bean &apos;delegatingApplicationListener&apos;
21:59:41.281 [main] DEBUG o.s.b.f.s.DefaultListableBeanFactory - Eagerly caching bean &apos;delegatingApplicationListener&apos; to allow for resolving potential circular references
21:59:41.281 [main] DEBUG o.s.b.f.s.DefaultListableBeanFactory - Returning cached instance of singleton bean &apos;metaDataSourceAdvisor&apos;
21:59:41.282 [main] DEBUG o.s.b.f.s.DefaultListableBeanFactory - Finished creating instance of bean &apos;delegatingApplicationListener&apos;
21:59:41.282 [main] DEBUG o.s.b.f.s.DefaultListableBeanFactory - Creating shared instance of singleton bean &apos;springSecurityFilterChain&apos;
21:59:41.282 [main] DEBUG o.s.b.f.s.DefaultListableBeanFactory - Creating instance of bean &apos;springSecurityFilterChain&apos;
21:59:41.282 [main] DEBUG o.s.b.f.s.DefaultListableBeanFactory - Returning cached instance of singleton bean &apos;org.springframework.security.config.annotation.web.configuration.WebSecurityConfiguration&apos;
21:59:41.282 [main] DEBUG o.s.b.f.s.DefaultListableBeanFactory - Returning cached instance of singleton bean &apos;metaDataSourceAdvisor&apos;
21:59:41.282 [main] DEBUG o.s.b.f.s.DefaultListableBeanFactory - Returning cached instance of singleton bean &apos;webMvcConfiguration&apos;
21:59:41.282 [main] DEBUG o.s.b.f.s.DefaultListableBeanFactory - Returning cached instance of singleton bean &apos;securityConfig&apos;
21:59:41.282 [main] DEBUG o.s.s.c.a.a.c.AuthenticationConfiguration$EnableGlobalAuthenticationAutowiredConfigurer - Eagerly initializing {webMvcConfiguration=edu.ncsu.csc.itrust2.mvc.config.WebMvcConfiguration$$EnhancerBySpringCGLIB$$de7b09d5@37e568cb, securityConfig=edu.ncsu.csc.itrust2.config.SecurityConfig$$EnhancerBySpringCGLIB$$f88fd361@6cfed3c8}
21:59:41.282 [main] DEBUG o.s.b.f.s.DefaultListableBeanFactory - Invoking afterPropertiesSet() on bean with name &apos;org.springframework.security.authentication.dao.DaoAuthenticationProvider@7fef745b&apos;
21:59:41.282 [main] DEBUG o.s.b.f.s.DefaultListableBeanFactory - Returning cached instance of singleton bean &apos;metaDataSourceAdvisor&apos;
21:59:41.284 [main] DEBUG o.s.b.f.s.DefaultListableBeanFactory - Invoking afterPropertiesSet() on bean with name &apos;org.springframework.security.authentication.ProviderManager@2d5de439&apos;
21:59:41.284 [main] DEBUG o.s.b.f.s.DefaultListableBeanFactory - Returning cached instance of singleton bean &apos;metaDataSourceAdvisor&apos;
21:59:41.285 [main] DEBUG o.s.b.f.s.DefaultListableBeanFactory - Returning cached instance of singleton bean &apos;authenticationManagerBuilder&apos;
21:59:41.286 [main] DEBUG o.s.w.c.s.StandardServletEnvironment - Adding [servletConfigInitParams] PropertySource with lowest search precedence
21:59:41.286 [main] DEBUG o.s.w.c.s.StandardServletEnvironment - Adding [servletContextInitParams] PropertySource with lowest search precedence
21:59:41.286 [main] DEBUG o.s.w.c.s.StandardServletEnvironment - Adding [systemProperties] PropertySource with lowest search precedence
21:59:41.286 [main] DEBUG o.s.w.c.s.StandardServletEnvironment - Adding [systemEnvironment] PropertySource with lowest search precedence
21:59:41.286 [main] DEBUG o.s.w.c.s.StandardServletEnvironment - Initialized StandardServletEnvironment with PropertySources [servletConfigInitParams,servletContextInitParams,systemProperties,systemEnvironment]
21:59:41.286 [main] DEBUG o.s.w.c.s.StandardServletEnvironment - Adding [servletConfigInitParams] PropertySource with lowest search precedence
21:59:41.286 [main] DEBUG o.s.w.c.s.StandardServletEnvironment - Adding [servletContextInitParams] PropertySource with lowest search precedence
21:59:41.286 [main] DEBUG o.s.w.c.s.StandardServletEnvironment - Adding [systemProperties] PropertySource with lowest search precedence
21:59:41.286 [main] DEBUG o.s.w.c.s.StandardServletEnvironment - Adding [systemEnvironment] PropertySource with lowest search precedence
21:59:41.286 [main] DEBUG o.s.w.c.s.StandardServletEnvironment - Initialized StandardServletEnvironment with PropertySources [servletConfigInitParams,servletContextInitParams,systemProperties,systemEnvironment]
21:59:41.286 [main] DEBUG o.s.w.c.s.StandardServletEnvironment - Adding [servletConfigInitParams] PropertySource with lowest search precedence
21:59:41.286 [main] DEBUG o.s.w.c.s.StandardServletEnvironment - Adding [servletContextInitParams] PropertySource with lowest search precedence
21:59:41.286 [main] DEBUG o.s.w.c.s.StandardServletEnvironment - Adding [systemProperties] PropertySource with lowest search precedence
21:59:41.286 [main] DEBUG o.s.w.c.s.StandardServletEnvironment - Adding [systemEnvironment] PropertySource with lowest search precedence
21:59:41.286 [main] DEBUG o.s.w.c.s.StandardServletEnvironment - Initialized StandardServletEnvironment with PropertySources [servletConfigInitParams,servletContextInitParams,systemProperties,systemEnvironment]
21:59:41.287 [main] DEBUG o.s.b.f.s.DefaultListableBeanFactory - Creating shared instance of singleton bean &apos;ipBlockFilter&apos;
21:59:41.287 [main] DEBUG o.s.b.f.s.DefaultListableBeanFactory - Creating instance of bean &apos;ipBlockFilter&apos;
21:59:41.287 [main] DEBUG o.s.b.f.s.DefaultListableBeanFactory - Returning cached instance of singleton bean &apos;securityConfig&apos;
21:59:41.287 [main] DEBUG o.s.w.c.s.StandardServletEnvironment - Adding [servletConfigInitParams] PropertySource with lowest search precedence
21:59:41.287 [main] DEBUG o.s.w.c.s.StandardServletEnvironment - Adding [servletContextInitParams] PropertySource with lowest search precedence
21:59:41.287 [main] DEBUG o.s.w.c.s.StandardServletEnvironment - Adding [systemProperties] PropertySource with lowest search precedence
21:59:41.287 [main] DEBUG o.s.w.c.s.StandardServletEnvironment - Adding [systemEnvironment] PropertySource with lowest search precedence
21:59:41.287 [main] DEBUG o.s.w.c.s.StandardServletEnvironment - Initialized StandardServletEnvironment with PropertySources [servletConfigInitParams,servletContextInitParams,systemProperties,systemEnvironment]
21:59:41.287 [main] DEBUG o.s.b.f.s.DefaultListableBeanFactory - Eagerly caching bean &apos;ipBlockFilter&apos; to allow for resolving potential circular references
21:59:41.289 [main] DEBUG o.s.b.f.s.DefaultListableBeanFactory - Invoking afterPropertiesSet() on bean with name &apos;ipBlockFilter&apos;
21:59:41.289 [main] DEBUG o.s.b.f.s.DefaultListableBeanFactory - Returning cached instance of singleton bean &apos;metaDataSourceAdvisor&apos;
21:59:41.290 [main] DEBUG o.s.b.f.s.DefaultListableBeanFactory - Finished creating instance of bean &apos;ipBlockFilter&apos;
21:59:41.290 [main] DEBUG o.s.w.c.s.StandardServletEnvironment - Adding [servletConfigInitParams] PropertySource with lowest search precedence
21:59:41.290 [main] DEBUG o.s.w.c.s.StandardServletEnvironment - Adding [servletContextInitParams] PropertySource with lowest search precedence
21:59:41.290 [main] DEBUG o.s.w.c.s.StandardServletEnvironment - Adding [systemProperties] PropertySource with lowest search precedence
21:59:41.290 [main] DEBUG o.s.w.c.s.StandardServletEnvironment - Adding [systemEnvironment] PropertySource with lowest search precedence
21:59:41.290 [main] DEBUG o.s.w.c.s.StandardServletEnvironment - Initialized StandardServletEnvironment with PropertySources [servletConfigInitParams,servletContextInitParams,systemProperties,systemEnvironment]
21:59:41.290 [main] DEBUG o.s.b.f.s.DefaultListableBeanFactory - Retrieved dependent beans for bean &apos;springSecurityFilterChain&apos;: [webSecurityExpressionHandler]
21:59:41.290 [main] WARN  o.s.w.c.s.GenericWebApplicationContext - Exception encountered during context initialization - cancelling refresh attempt: org.springframework.beans.factory.BeanCreationException: Error creating bean with name &apos;springSecurityFilterChain&apos; defined in class path resource [org/springframework/security/config/annotation/web/configuration/WebSecurityConfiguration.class]: Bean instantiation via factory method failed; nested exception is org.springframework.beans.BeanInstantiationException: Failed to instantiate [javax.servlet.Filter]: Factory method &apos;springSecurityFilterChain&apos; threw exception; nested exception is java.lang.IllegalArgumentException: &apos;Savings Account?error&apos; is not a valid redirect URL
21:59:41.290 [main] DEBUG o.s.b.f.s.DefaultListableBeanFactory - Destroying singletons in org.springframework.beans.factory.support.DefaultListableBeanFactory@474c1bcd: defining beans [org.springframework.context.annotation.internalConfigurationAnnotationProcessor,org.springframework.context.annotation.internalAutowiredAnnotationProcessor,org.springframework.context.annotation.internalRequiredAnnotationProcessor,org.springframework.context.annotation.internalCommonAnnotationProcessor,org.springframework.context.annotation.internalPersistenceAnnotationProcessor,org.springframework.context.event.internalEventListenerProcessor,org.springframework.context.event.internalEventListenerFactory,rootConfiguration,webMvcConfiguration,dataConfiguration,loginAuditingListener,securityConfig,defaultController,adminController,adminUserController,hospitalController,ICDCodesController,APIAppointmentRequestController,APIDiagnosisController,APIDrugController,APIEnumController,APIHospitalController,APIICDCodeController,APILogEntryController,APIOfficeVisitController,APIPasswordController,APIPatientController,APIPersonnelController,APIPrescriptionController,APIUserController,appointmentControllerHCP,HCPController,officeVisitController,appointmentController,diagnosesController,patientController,passwordController,userController,dataSource,org.springframework.security.config.annotation.configuration.ObjectPostProcessorConfiguration,objectPostProcessor,org.springframework.security.config.annotation.authentication.configuration.AuthenticationConfiguration,authenticationManagerBuilder,enableGlobalAuthenticationAutowiredConfigurer,initializeUserDetailsBeanManagerConfigurer,initializeAuthenticationProviderBeanManagerConfigurer,org.springframework.security.config.annotation.web.configuration.WebSecurityConfiguration,delegatingApplicationListener,webSecurityExpressionHandler,springSecurityFilterChain,privilegeEvaluator,autowiredWebSecurityConfigurersIgnoreParents,org.springframework.security.config.annotation.web.configuration.WebMvcSecurityConfiguration,requestDataValueProcessor,passwordEncoder,defaultAuthenticationEventPublisher,failureHandler,ipBlockFilter,org.springframework.web.servlet.config.annotation.DelegatingWebMvcConfiguration,mvcConversionService,requestMappingHandlerMapping,mvcPathMatcher,mvcUrlPathHelper,mvcContentNegotiationManager,viewControllerHandlerMapping,beanNameHandlerMapping,resourceHandlerMapping,mvcResourceUrlProvider,defaultServletHandlerMapping,requestMappingHandlerAdapter,mvcValidator,mvcUriComponentsContributor,httpRequestHandlerAdapter,simpleControllerHandlerAdapter,handlerExceptionResolver,mvcViewResolver,org.springframework.security.config.annotation.method.configuration.GlobalMethodSecurityConfiguration,methodSecurityInterceptor,methodSecurityMetadataSource,preInvocationAuthorizationAdvice,viewResolver,templateEngine,domainClassConverter,metaDataSourceAdvisor,org.springframework.aop.config.internalAutoProxyCreator]; root of factory hierarchy
21:59:41.290 [main] DEBUG o.s.b.f.s.DisposableBeanAdapter - Invoking destroy() on bean with name &apos;ipBlockFilter&apos;
21:59:41.290 [main] DEBUG o.s.b.f.s.DefaultListableBeanFactory - Retrieved dependent beans for bean &apos;objectPostProcessor&apos;: [org.springframework.security.config.annotation.method.configuration.GlobalMethodSecurityConfiguration, securityConfig, org.springframework.security.config.annotation.authentication.configuration.AuthenticationConfiguration, authenticationManagerBuilder, org.springframework.security.config.annotation.web.configuration.WebSecurityConfiguration]
21:59:41.290 [main] DEBUG o.s.b.f.s.DisposableBeanAdapter - Invoking destroy() on bean with name &apos;objectPostProcessor&apos;
21:59:41.292 [main] ERROR o.s.test.context.TestContextManager - Caught exception while allowing TestExecutionListener [org.springframework.test.context.web.ServletTestExecutionListener@44af3cc9] to prepare test instance [edu.ncsu.csc.itrust2.apitest.APIPatientTest@56013265]
java.lang.IllegalStateException: Failed to load ApplicationContext
	at org.springframework.test.context.cache.DefaultCacheAwareContextLoaderDelegate.loadContext(DefaultCacheAwareContextLoaderDelegate.java:124) ~[spring-test-4.3.5.RELEASE.jar:4.3.5.RELEASE]
	at org.springframework.test.context.support.DefaultTestContext.getApplicationContext(DefaultTestContext.java:83) ~[spring-test-4.3.5.RELEASE.jar:4.3.5.RELEASE]
	at org.springframework.test.context.web.ServletTestExecutionListener.setUpRequestContextIfNecessary(ServletTestExecutionListener.java:189) ~[spring-test-4.3.5.RELEASE.jar:4.3.5.RELEASE]
	at org.springframework.test.context.web.ServletTestExecutionListener.prepareTestInstance(ServletTestExecutionListener.java:131) ~[spring-test-4.3.5.RELEASE.jar:4.3.5.RELEASE]
	at org.springframework.test.context.TestContextManager.prepareTestInstance(TestContextManager.java:230) ~[spring-test-4.3.5.RELEASE.jar:4.3.5.RELEASE]
	at org.springframework.test.context.junit4.SpringJUnit4ClassRunner.createTest(SpringJUnit4ClassRunner.java:228) [spring-test-4.3.5.RELEASE.jar:4.3.5.RELEASE]
	at org.springframework.test.context.junit4.SpringJUnit4ClassRunner$1.runReflectiveCall(SpringJUnit4ClassRunner.java:287) [spring-test-4.3.5.RELEASE.jar:4.3.5.RELEASE]
	at org.junit.internal.runners.model.ReflectiveCallable.run(ReflectiveCallable.java:12) [junit-4.12.jar:4.12]
	at org.springframework.test.context.junit4.SpringJUnit4ClassRunner.methodBlock(SpringJUnit4ClassRunner.java:289) [spring-test-4.3.5.RELEASE.jar:4.3.5.RELEASE]
	at org.springframework.test.context.junit4.SpringJUnit4ClassRunner.runChild(SpringJUnit4ClassRunner.java:247) [spring-test-4.3.5.RELEASE.jar:4.3.5.RELEASE]
	at org.springframework.test.context.junit4.SpringJUnit4ClassRunner.runChild(SpringJUnit4ClassRunner.java:94) [spring-test-4.3.5.RELEASE.jar:4.3.5.RELEASE]
	at org.junit.runners.ParentRunner$3.run(ParentRunner.java:290) [junit-4.12.jar:4.12]
	at org.junit.runners.ParentRunner$1.schedule(ParentRunner.java:71) [junit-4.12.jar:4.12]
	at org.junit.runners.ParentRunner.runChildren(ParentRunner.java:288) [junit-4.12.jar:4.12]
	at org.junit.runners.ParentRunner.access$000(ParentRunner.java:58) [junit-4.12.jar:4.12]
	at org.junit.runners.ParentRunner$2.evaluate(ParentRunner.java:268) [junit-4.12.jar:4.12]
	at org.springframework.test.context.junit4.statements.RunBeforeTestClassCallbacks.evaluate(RunBeforeTestClassCallbacks.java:61) [spring-test-4.3.5.RELEASE.jar:4.3.5.RELEASE]
	at org.springframework.test.context.junit4.statements.RunAfterTestClassCallbacks.evaluate(RunAfterTestClassCallbacks.java:70) [spring-test-4.3.5.RELEASE.jar:4.3.5.RELEASE]
	at org.junit.runners.ParentRunner.run(ParentRunner.java:363) [junit-4.12.jar:4.12]
	at org.springframework.test.context.junit4.SpringJUnit4ClassRunner.run(SpringJUnit4ClassRunner.java:191) [spring-test-4.3.5.RELEASE.jar:4.3.5.RELEASE]
	at org.apache.maven.surefire.junit4.JUnit4Provider.execute(JUnit4Provider.java:365) [surefire-junit4-2.20.jar:2.20]
	at org.apache.maven.surefire.junit4.JUnit4Provider.executeWithRerun(JUnit4Provider.java:272) [surefire-junit4-2.20.jar:2.20]
	at org.apache.maven.surefire.junit4.JUnit4Provider.executeTestSet(JUnit4Provider.java:236) [surefire-junit4-2.20.jar:2.20]
	at org.apache.maven.surefire.junit4.JUnit4Provider.invoke(JUnit4Provider.java:159) [surefire-junit4-2.20.jar:2.20]
	at org.apache.maven.surefire.booter.ForkedBooter.invokeProviderInSameClassLoader(ForkedBooter.java:386) [surefire-booter-2.20.jar:2.20]
	at org.apache.maven.surefire.booter.ForkedBooter.runSuitesInProcess(ForkedBooter.java:323) [surefire-booter-2.20.jar:2.20]
	at org.apache.maven.surefire.booter.ForkedBooter.main(ForkedBooter.java:143) [surefire-booter-2.20.jar:2.20]
Caused by: org.springframework.beans.factory.BeanCreationException: Error creating bean with name &apos;springSecurityFilterChain&apos; defined in class path resource [org/springframework/security/config/annotation/web/configuration/WebSecurityConfiguration.class]: Bean instantiation via factory method failed; nested exception is org.springframework.beans.BeanInstantiationException: Failed to instantiate [javax.servlet.Filter]: Factory method &apos;springSecurityFilterChain&apos; threw exception; nested exception is java.lang.IllegalArgumentException: &apos;Savings Account?error&apos; is not a valid redirect URL
	at org.springframework.beans.factory.support.ConstructorResolver.instantiateUsingFactoryMethod(ConstructorResolver.java:599) ~[spring-beans-4.3.5.RELEASE.jar:4.3.5.RELEASE]
	at org.springframework.beans.factory.support.AbstractAutowireCapableBeanFactory.instantiateUsingFactoryMethod(AbstractAutowireCapableBeanFactory.java:1134) ~[spring-beans-4.3.5.RELEASE.jar:4.3.5.RELEASE]
	at org.springframework.beans.factory.support.AbstractAutowireCapableBeanFactory.createBeanInstance(AbstractAutowireCapableBeanFactory.java:1028) ~[spring-beans-4.3.5.RELEASE.jar:4.3.5.RELEASE]
	at org.springframework.beans.factory.support.AbstractAutowireCapableBeanFactory.doCreateBean(AbstractAutowireCapableBeanFactory.java:513) ~[spring-beans-4.3.5.RELEASE.jar:4.3.5.RELEASE]
	at org.springframework.beans.factory.support.AbstractAutowireCapableBeanFactory.createBean(AbstractAutowireCapableBeanFactory.java:483) ~[spring-beans-4.3.5.RELEASE.jar:4.3.5.RELEASE]
	at org.springframework.beans.factory.support.AbstractBeanFactory$1.getObject(AbstractBeanFactory.java:306) ~[spring-beans-4.3.5.RELEASE.jar:4.3.5.RELEASE]
	at org.springframework.beans.factory.support.DefaultSingletonBeanRegistry.getSingleton(DefaultSingletonBeanRegistry.java:230) ~[spring-beans-4.3.5.RELEASE.jar:4.3.5.RELEASE]
	at org.springframework.beans.factory.support.AbstractBeanFactory.doGetBean(AbstractBeanFactory.java:302) ~[spring-beans-4.3.5.RELEASE.jar:4.3.5.RELEASE]
	at org.springframework.beans.factory.support.AbstractBeanFactory.getBean(AbstractBeanFactory.java:197) ~[spring-beans-4.3.5.RELEASE.jar:4.3.5.RELEASE]
	at org.springframework.beans.factory.support.AbstractBeanFactory.doGetBean(AbstractBeanFactory.java:296) ~[spring-beans-4.3.5.RELEASE.jar:4.3.5.RELEASE]
	at org.springframework.beans.factory.support.AbstractBeanFactory.getBean(AbstractBeanFactory.java:197) ~[spring-beans-4.3.5.RELEASE.jar:4.3.5.RELEASE]
	at org.springframework.beans.factory.support.DefaultListableBeanFactory.preInstantiateSingletons(DefaultListableBeanFactory.java:759) ~[spring-beans-4.3.5.RELEASE.jar:4.3.5.RELEASE]
	at org.springframework.context.support.AbstractApplicationContext.finishBeanFactoryInitialization(AbstractApplicationContext.java:866) ~[spring-context-4.3.5.RELEASE.jar:4.3.5.RELEASE]
	at org.springframework.context.support.AbstractApplicationContext.refresh(AbstractApplicationContext.java:542) ~[spring-context-4.3.5.RELEASE.jar:4.3.5.RELEASE]
	at org.springframework.test.context.web.AbstractGenericWebContextLoader.loadContext(AbstractGenericWebContextLoader.java:134) ~[spring-test-4.3.5.RELEASE.jar:4.3.5.RELEASE]
	at org.springframework.test.context.web.AbstractGenericWebContextLoader.loadContext(AbstractGenericWebContextLoader.java:61) ~[spring-test-4.3.5.RELEASE.jar:4.3.5.RELEASE]
	at org.springframework.test.context.support.AbstractDelegatingSmartContextLoader.delegateLoading(AbstractDelegatingSmartContextLoader.java:108) ~[spring-test-4.3.5.RELEASE.jar:4.3.5.RELEASE]
	at org.springframework.test.context.support.AbstractDelegatingSmartContextLoader.loadContext(AbstractDelegatingSmartContextLoader.java:251) ~[spring-test-4.3.5.RELEASE.jar:4.3.5.RELEASE]
	at org.springframework.test.context.cache.DefaultCacheAwareContextLoaderDelegate.loadContextInternal(DefaultCacheAwareContextLoaderDelegate.java:98) ~[spring-test-4.3.5.RELEASE.jar:4.3.5.RELEASE]
	at org.springframework.test.context.cache.DefaultCacheAwareContextLoaderDelegate.loadContext(DefaultCacheAwareContextLoaderDelegate.java:116) ~[spring-test-4.3.5.RELEASE.jar:4.3.5.RELEASE]
	... 26 common frames omitted
Caused by: org.springframework.beans.BeanInstantiationException: Failed to instantiate [javax.servlet.Filter]: Factory method &apos;springSecurityFilterChain&apos; threw exception; nested exception is java.lang.IllegalArgumentException: &apos;Savings Account?error&apos; is not a valid redirect URL
	at org.springframework.beans.factory.support.SimpleInstantiationStrategy.instantiate(SimpleInstantiationStrategy.java:189) ~[spring-beans-4.3.5.RELEASE.jar:4.3.5.RELEASE]
	at org.springframework.beans.factory.support.ConstructorResolver.instantiateUsingFactoryMethod(ConstructorResolver.java:588) ~[spring-beans-4.3.5.RELEASE.jar:4.3.5.RELEASE]
	... 45 common frames omitted
Caused by: java.lang.IllegalArgumentException: &apos;Savings Account?error&apos; is not a valid redirect URL
	at org.springframework.util.Assert.isTrue(Assert.java:68) ~[spring-core-4.3.5.RELEASE.jar:4.3.5.RELEASE]
	at org.springframework.security.web.authentication.SimpleUrlAuthenticationFailureHandler.setDefaultFailureUrl(SimpleUrlAuthenticationFailureHandler.java:125) ~[spring-security-web-4.2.2.RELEASE.jar:4.2.2.RELEASE]
	at org.springframework.security.web.authentication.SimpleUrlAuthenticationFailureHandler.&lt;init&gt;(SimpleUrlAuthenticationFailureHandler.java:60) ~[spring-security-web-4.2.2.RELEASE.jar:4.2.2.RELEASE]
	at org.springframework.security.config.annotation.web.configurers.AbstractAuthenticationFilterConfigurer.failureUrl(AbstractAuthenticationFilterConfigurer.java:206) ~[spring-security-config-4.2.2.RELEASE.jar:4.2.2.RELEASE]
	at org.springframework.security.config.annotation.web.configurers.AbstractAuthenticationFilterConfigurer.updateAuthenticationDefaults(AbstractAuthenticationFilterConfigurer.java:368) ~[spring-security-config-4.2.2.RELEASE.jar:4.2.2.RELEASE]
	at org.springframework.security.config.annotation.web.configurers.AbstractAuthenticationFilterConfigurer.loginPage(AbstractAuthenticationFilterConfigurer.java:308) ~[spring-security-config-4.2.2.RELEASE.jar:4.2.2.RELEASE]
	at org.springframework.security.config.annotation.web.configurers.FormLoginConfigurer.loginPage(FormLoginConfigurer.java:183) ~[spring-security-config-4.2.2.RELEASE.jar:4.2.2.RELEASE]
	at edu.ncsu.csc.itrust2.config.SecurityConfig.configure(SecurityConfig.java:89) ~[classes/:na]
	at org.springframework.security.config.annotation.web.configuration.WebSecurityConfigurerAdapter.getHttp(WebSecurityConfigurerAdapter.java:224) ~[spring-security-config-4.2.2.RELEASE.jar:4.2.2.RELEASE]
	at org.springframework.security.config.annotation.web.configuration.WebSecurityConfigurerAdapter.init(WebSecurityConfigurerAdapter.java:315) ~[spring-security-config-4.2.2.RELEASE.jar:4.2.2.RELEASE]
	at org.springframework.security.config.annotation.web.configuration.WebSecurityConfigurerAdapter.init(WebSecurityConfigurerAdapter.java:86) ~[spring-security-config-4.2.2.RELEASE.jar:4.2.2.RELEASE]
	at edu.ncsu.csc.itrust2.config.SecurityConfig$$EnhancerBySpringCGLIB$$f88fd361.init(&lt;generated&gt;) ~[classes/:na]
	at org.springframework.security.config.annotation.AbstractConfiguredSecurityBuilder.init(AbstractConfiguredSecurityBuilder.java:371) ~[spring-security-config-4.2.2.RELEASE.jar:4.2.2.RELEASE]
	at org.springframework.security.config.annotation.AbstractConfiguredSecurityBuilder.doBuild(AbstractConfiguredSecurityBuilder.java:325) ~[spring-security-config-4.2.2.RELEASE.jar:4.2.2.RELEASE]
	at org.springframework.security.config.annotation.AbstractSecurityBuilder.build(AbstractSecurityBuilder.java:41) ~[spring-security-config-4.2.2.RELEASE.jar:4.2.2.RELEASE]
	at org.springframework.security.config.annotation.web.configuration.WebSecurityConfiguration.springSecurityFilterChain(WebSecurityConfiguration.java:104) ~[spring-security-config-4.2.2.RELEASE.jar:4.2.2.RELEASE]
	at org.springframework.security.config.annotation.web.configuration.WebSecurityConfiguration$$EnhancerBySpringCGLIB$$150881e6.CGLIB$springSecurityFilterChain$4(&lt;generated&gt;) ~[spring-security-config-4.2.2.RELEASE.jar:4.2.2.RELEASE]
	at org.springframework.security.config.annotation.web.configuration.WebSecurityConfiguration$$EnhancerBySpringCGLIB$$150881e6$$FastClassBySpringCGLIB$$f9839e81.invoke(&lt;generated&gt;) ~[spring-security-config-4.2.2.RELEASE.jar:4.2.2.RELEASE]
	at org.springframework.cglib.proxy.MethodProxy.invokeSuper(MethodProxy.java:228) ~[spring-core-4.3.5.RELEASE.jar:4.3.5.RELEASE]
	at org.springframework.context.annotation.ConfigurationClassEnhancer$BeanMethodInterceptor.intercept(ConfigurationClassEnhancer.java:356) ~[spring-context-4.3.5.RELEASE.jar:4.3.5.RELEASE]
	at org.springframework.security.config.annotation.web.configuration.WebSecurityConfiguration$$EnhancerBySpringCGLIB$$150881e6.springSecurityFilterChain(&lt;generated&gt;) ~[spring-security-config-4.2.2.RELEASE.jar:4.2.2.RELEASE]
	at sun.reflect.GeneratedMethodAccessor103.invoke(Unknown Source) ~[na:na]
	at sun.reflect.DelegatingMethodAccessorImpl.invoke(DelegatingMethodAccessorImpl.java:43) ~[na:1.8.0_151]
	at java.lang.reflect.Method.invoke(Method.java:498) ~[na:1.8.0_151]
	at org.springframework.beans.factory.support.SimpleInstantiationStrategy.instantiate(SimpleInstantiationStrategy.java:162) ~[spring-beans-4.3.5.RELEASE.jar:4.3.5.RELEASE]
	... 46 common frames omitted
</stdout>
          <failedSince>1</failedSince>
        </case>
        <case>
          <duration>0.0</duration>
          <className>edu.ncsu.csc.itrust2.apitest.APIPatientTest</className>
          <testName>testPatientAsPatient</testName>
          <skipped>false</skipped>
          <errorStackTrace>java.lang.IllegalStateException: Failed to load ApplicationContext
Caused by: org.springframework.beans.factory.BeanCreationException: Error creating bean with name &apos;springSecurityFilterChain&apos; defined in class path resource [org/springframework/security/config/annotation/web/configuration/WebSecurityConfiguration.class]: Bean instantiation via factory method failed; nested exception is org.springframework.beans.BeanInstantiationException: Failed to instantiate [javax.servlet.Filter]: Factory method &apos;springSecurityFilterChain&apos; threw exception; nested exception is java.lang.IllegalArgumentException: &apos;Savings Account?error&apos; is not a valid redirect URL
Caused by: org.springframework.beans.BeanInstantiationException: Failed to instantiate [javax.servlet.Filter]: Factory method &apos;springSecurityFilterChain&apos; threw exception; nested exception is java.lang.IllegalArgumentException: &apos;Savings Account?error&apos; is not a valid redirect URL
Caused by: java.lang.IllegalArgumentException: &apos;Savings Account?error&apos; is not a valid redirect URL
</errorStackTrace>
          <errorDetails>Failed to load ApplicationContext</errorDetails>
          <stdout>21:59:41.292 [main] DEBUG o.s.t.annotation.ProfileValueUtils - Retrieved @ProfileValueSourceConfiguration [null] for test class [edu.ncsu.csc.itrust2.apitest.APIPatientTest]
21:59:41.292 [main] DEBUG o.s.t.annotation.ProfileValueUtils - Retrieved ProfileValueSource type [class org.springframework.test.annotation.SystemProfileValueSource] for class [edu.ncsu.csc.itrust2.apitest.APIPatientTest]
21:59:41.292 [main] DEBUG o.s.t.c.s.AbstractDelegatingSmartContextLoader - Delegating to AnnotationConfigWebContextLoader to load context from [WebMergedContextConfiguration@12fb510f testClass = APIPatientTest, locations = &apos;{}&apos;, classes = &apos;{class edu.ncsu.csc.itrust2.config.RootConfiguration, class edu.ncsu.csc.itrust2.mvc.config.WebMvcConfiguration}&apos;, contextInitializerClasses = &apos;[]&apos;, activeProfiles = &apos;{}&apos;, propertySourceLocations = &apos;{}&apos;, propertySourceProperties = &apos;{}&apos;, contextCustomizers = set[[empty]], resourceBasePath = &apos;src/main/webapp&apos;, contextLoader = &apos;org.springframework.test.context.web.WebDelegatingSmartContextLoader&apos;, parent = [null]].
21:59:41.292 [main] DEBUG o.s.t.c.w.AbstractGenericWebContextLoader - Loading WebApplicationContext for merged context configuration [WebMergedContextConfiguration@12fb510f testClass = APIPatientTest, locations = &apos;{}&apos;, classes = &apos;{class edu.ncsu.csc.itrust2.config.RootConfiguration, class edu.ncsu.csc.itrust2.mvc.config.WebMvcConfiguration}&apos;, contextInitializerClasses = &apos;[]&apos;, activeProfiles = &apos;{}&apos;, propertySourceLocations = &apos;{}&apos;, propertySourceProperties = &apos;{}&apos;, contextCustomizers = set[[empty]], resourceBasePath = &apos;src/main/webapp&apos;, contextLoader = &apos;org.springframework.test.context.web.WebDelegatingSmartContextLoader&apos;, parent = [null]].
21:59:41.293 [main] DEBUG o.s.w.c.s.StandardServletEnvironment - Adding [servletConfigInitParams] PropertySource with lowest search precedence
21:59:41.293 [main] DEBUG o.s.w.c.s.StandardServletEnvironment - Adding [servletContextInitParams] PropertySource with lowest search precedence
21:59:41.293 [main] DEBUG o.s.w.c.s.StandardServletEnvironment - Adding [systemProperties] PropertySource with lowest search precedence
21:59:41.293 [main] DEBUG o.s.w.c.s.StandardServletEnvironment - Adding [systemEnvironment] PropertySource with lowest search precedence
21:59:41.293 [main] DEBUG o.s.w.c.s.StandardServletEnvironment - Initialized StandardServletEnvironment with PropertySources [servletConfigInitParams,servletContextInitParams,systemProperties,systemEnvironment]
21:59:41.293 [main] DEBUG o.s.t.c.w.AnnotationConfigWebContextLoader - Registering annotated classes: {class edu.ncsu.csc.itrust2.config.RootConfiguration, class edu.ncsu.csc.itrust2.mvc.config.WebMvcConfiguration}
21:59:41.294 [main] INFO  o.s.w.c.s.GenericWebApplicationContext - Refreshing org.springframework.web.context.support.GenericWebApplicationContext@7cd507ea: startup date [Thu Mar 22 21:59:41 UTC 2018]; root of context hierarchy
21:59:41.294 [main] DEBUG o.s.w.c.s.StandardServletEnvironment - Replacing [servletContextInitParams] PropertySource with [servletContextInitParams]
21:59:41.294 [main] DEBUG o.s.w.c.s.GenericWebApplicationContext - Bean factory for org.springframework.web.context.support.GenericWebApplicationContext@7cd507ea: org.springframework.beans.factory.support.DefaultListableBeanFactory@3f7689dd: defining beans [org.springframework.context.annotation.internalConfigurationAnnotationProcessor,org.springframework.context.annotation.internalAutowiredAnnotationProcessor,org.springframework.context.annotation.internalRequiredAnnotationProcessor,org.springframework.context.annotation.internalCommonAnnotationProcessor,org.springframework.context.annotation.internalPersistenceAnnotationProcessor,org.springframework.context.event.internalEventListenerProcessor,org.springframework.context.event.internalEventListenerFactory,rootConfiguration,webMvcConfiguration]; root of factory hierarchy
21:59:41.294 [main] DEBUG o.s.b.f.s.DefaultListableBeanFactory - Registering scope &apos;request&apos; with implementation [org.springframework.web.context.request.RequestScope@2a66bca4]
21:59:41.294 [main] DEBUG o.s.b.f.s.DefaultListableBeanFactory - Registering scope &apos;session&apos; with implementation [org.springframework.web.context.request.SessionScope@7e580455]
21:59:41.294 [main] DEBUG o.s.b.f.s.DefaultListableBeanFactory - Registering scope &apos;globalSession&apos; with implementation [org.springframework.web.context.request.SessionScope@75eb4222]
21:59:41.294 [main] DEBUG o.s.b.f.s.DefaultListableBeanFactory - Registering scope &apos;application&apos; with implementation [org.springframework.web.context.support.ServletContextScope@59bf7ebb]
21:59:41.294 [main] DEBUG o.s.b.f.s.DefaultListableBeanFactory - Creating shared instance of singleton bean &apos;org.springframework.context.annotation.internalConfigurationAnnotationProcessor&apos;
21:59:41.294 [main] DEBUG o.s.b.f.s.DefaultListableBeanFactory - Creating instance of bean &apos;org.springframework.context.annotation.internalConfigurationAnnotationProcessor&apos;
21:59:41.294 [main] DEBUG o.s.b.f.s.DefaultListableBeanFactory - Eagerly caching bean &apos;org.springframework.context.annotation.internalConfigurationAnnotationProcessor&apos; to allow for resolving potential circular references
21:59:41.294 [main] DEBUG o.s.b.f.s.DefaultListableBeanFactory - Finished creating instance of bean &apos;org.springframework.context.annotation.internalConfigurationAnnotationProcessor&apos;
21:59:41.294 [main] DEBUG o.s.core.env.StandardEnvironment - Adding [systemProperties] PropertySource with lowest search precedence
21:59:41.294 [main] DEBUG o.s.core.env.StandardEnvironment - Adding [systemEnvironment] PropertySource with lowest search precedence
21:59:41.294 [main] DEBUG o.s.core.env.StandardEnvironment - Initialized StandardEnvironment with PropertySources [systemProperties,systemEnvironment]
21:59:41.295 [main] DEBUG o.s.c.i.s.PathMatchingResourcePatternResolver - Resolved classpath location [edu/ncsu/csc/itrust2/config/] to resources [URL [file:/var/lib/jenkins/jobs/iTrust_Fuzzer/workspace/iTrust2/target/classes/edu/ncsu/csc/itrust2/config/]]
21:59:41.295 [main] DEBUG o.s.c.i.s.PathMatchingResourcePatternResolver - Looking for matching resources in directory tree [/var/lib/jenkins/jobs/iTrust_Fuzzer/workspace/iTrust2/target/classes/edu/ncsu/csc/itrust2/config]
21:59:41.295 [main] DEBUG o.s.c.i.s.PathMatchingResourcePatternResolver - Searching directory [/var/lib/jenkins/jobs/iTrust_Fuzzer/workspace/iTrust2/target/classes/edu/ncsu/csc/itrust2/config] for files matching pattern [/var/lib/jenkins/jobs/iTrust_Fuzzer/workspace/iTrust2/target/classes/edu/ncsu/csc/itrust2/config/**/*.class]
21:59:41.295 [main] DEBUG o.s.c.i.s.PathMatchingResourcePatternResolver - Resolved location pattern [classpath*:edu/ncsu/csc/itrust2/config/**/*.class] to resources [file [/var/lib/jenkins/jobs/iTrust_Fuzzer/workspace/iTrust2/target/classes/edu/ncsu/csc/itrust2/config/ContextListener.class], file [/var/lib/jenkins/jobs/iTrust_Fuzzer/workspace/iTrust2/target/classes/edu/ncsu/csc/itrust2/config/DataConfiguration.class], file [/var/lib/jenkins/jobs/iTrust_Fuzzer/workspace/iTrust2/target/classes/edu/ncsu/csc/itrust2/config/FailureHandler.class], file [/var/lib/jenkins/jobs/iTrust_Fuzzer/workspace/iTrust2/target/classes/edu/ncsu/csc/itrust2/config/IPFilter.class], file [/var/lib/jenkins/jobs/iTrust_Fuzzer/workspace/iTrust2/target/classes/edu/ncsu/csc/itrust2/config/ITrust2ApplicationInitializer.class], file [/var/lib/jenkins/jobs/iTrust_Fuzzer/workspace/iTrust2/target/classes/edu/ncsu/csc/itrust2/config/ITrust2WebApplicationInitializer.class], file [/var/lib/jenkins/jobs/iTrust_Fuzzer/workspace/iTrust2/target/classes/edu/ncsu/csc/itrust2/config/LoginAuditingListener.class], file [/var/lib/jenkins/jobs/iTrust_Fuzzer/workspace/iTrust2/target/classes/edu/ncsu/csc/itrust2/config/RootConfiguration.class], file [/var/lib/jenkins/jobs/iTrust_Fuzzer/workspace/iTrust2/target/classes/edu/ncsu/csc/itrust2/config/SecurityConfig.class]]
21:59:41.296 [main] DEBUG o.s.c.a.ClassPathBeanDefinitionScanner - Identified candidate component class: file [/var/lib/jenkins/jobs/iTrust_Fuzzer/workspace/iTrust2/target/classes/edu/ncsu/csc/itrust2/config/DataConfiguration.class]
21:59:41.296 [main] DEBUG o.s.c.a.ClassPathBeanDefinitionScanner - Identified candidate component class: file [/var/lib/jenkins/jobs/iTrust_Fuzzer/workspace/iTrust2/target/classes/edu/ncsu/csc/itrust2/config/LoginAuditingListener.class]
21:59:41.296 [main] DEBUG o.s.c.a.ClassPathBeanDefinitionScanner - Identified candidate component class: file [/var/lib/jenkins/jobs/iTrust_Fuzzer/workspace/iTrust2/target/classes/edu/ncsu/csc/itrust2/config/SecurityConfig.class]
21:59:41.303 [main] DEBUG o.s.core.env.StandardEnvironment - Adding [systemProperties] PropertySource with lowest search precedence
21:59:41.303 [main] DEBUG o.s.core.env.StandardEnvironment - Adding [systemEnvironment] PropertySource with lowest search precedence
21:59:41.303 [main] DEBUG o.s.core.env.StandardEnvironment - Initialized StandardEnvironment with PropertySources [systemProperties,systemEnvironment]
21:59:41.304 [main] DEBUG o.s.c.i.s.PathMatchingResourcePatternResolver - Resolved classpath location [edu/ncsu/csc/itrust2/controllers/] to resources [URL [file:/var/lib/jenkins/jobs/iTrust_Fuzzer/workspace/iTrust2/target/classes/edu/ncsu/csc/itrust2/controllers/]]
21:59:41.304 [main] DEBUG o.s.c.i.s.PathMatchingResourcePatternResolver - Looking for matching resources in directory tree [/var/lib/jenkins/jobs/iTrust_Fuzzer/workspace/iTrust2/target/classes/edu/ncsu/csc/itrust2/controllers]
21:59:41.304 [main] DEBUG o.s.c.i.s.PathMatchingResourcePatternResolver - Searching directory [/var/lib/jenkins/jobs/iTrust_Fuzzer/workspace/iTrust2/target/classes/edu/ncsu/csc/itrust2/controllers] for files matching pattern [/var/lib/jenkins/jobs/iTrust_Fuzzer/workspace/iTrust2/target/classes/edu/ncsu/csc/itrust2/controllers/**/*.class]
21:59:41.304 [main] DEBUG o.s.c.i.s.PathMatchingResourcePatternResolver - Searching directory [/var/lib/jenkins/jobs/iTrust_Fuzzer/workspace/iTrust2/target/classes/edu/ncsu/csc/itrust2/controllers/admin] for files matching pattern [/var/lib/jenkins/jobs/iTrust_Fuzzer/workspace/iTrust2/target/classes/edu/ncsu/csc/itrust2/controllers/**/*.class]
21:59:41.304 [main] DEBUG o.s.c.i.s.PathMatchingResourcePatternResolver - Searching directory [/var/lib/jenkins/jobs/iTrust_Fuzzer/workspace/iTrust2/target/classes/edu/ncsu/csc/itrust2/controllers/api] for files matching pattern [/var/lib/jenkins/jobs/iTrust_Fuzzer/workspace/iTrust2/target/classes/edu/ncsu/csc/itrust2/controllers/**/*.class]
21:59:41.304 [main] DEBUG o.s.c.i.s.PathMatchingResourcePatternResolver - Searching directory [/var/lib/jenkins/jobs/iTrust_Fuzzer/workspace/iTrust2/target/classes/edu/ncsu/csc/itrust2/controllers/api/comm] for files matching pattern [/var/lib/jenkins/jobs/iTrust_Fuzzer/workspace/iTrust2/target/classes/edu/ncsu/csc/itrust2/controllers/**/*.class]
21:59:41.304 [main] DEBUG o.s.c.i.s.PathMatchingResourcePatternResolver - Searching directory [/var/lib/jenkins/jobs/iTrust_Fuzzer/workspace/iTrust2/target/classes/edu/ncsu/csc/itrust2/controllers/hcp] for files matching pattern [/var/lib/jenkins/jobs/iTrust_Fuzzer/workspace/iTrust2/target/classes/edu/ncsu/csc/itrust2/controllers/**/*.class]
21:59:41.304 [main] DEBUG o.s.c.i.s.PathMatchingResourcePatternResolver - Searching directory [/var/lib/jenkins/jobs/iTrust_Fuzzer/workspace/iTrust2/target/classes/edu/ncsu/csc/itrust2/controllers/patient] for files matching pattern [/var/lib/jenkins/jobs/iTrust_Fuzzer/workspace/iTrust2/target/classes/edu/ncsu/csc/itrust2/controllers/**/*.class]
21:59:41.305 [main] DEBUG o.s.c.i.s.PathMatchingResourcePatternResolver - Searching directory [/var/lib/jenkins/jobs/iTrust_Fuzzer/workspace/iTrust2/target/classes/edu/ncsu/csc/itrust2/controllers/personnel] for files matching pattern [/var/lib/jenkins/jobs/iTrust_Fuzzer/workspace/iTrust2/target/classes/edu/ncsu/csc/itrust2/controllers/**/*.class]
21:59:41.305 [main] DEBUG o.s.c.i.s.PathMatchingResourcePatternResolver - Resolved location pattern [classpath*:edu/ncsu/csc/itrust2/controllers/**/*.class] to resources [file [/var/lib/jenkins/jobs/iTrust_Fuzzer/workspace/iTrust2/target/classes/edu/ncsu/csc/itrust2/controllers/DefaultController.class], file [/var/lib/jenkins/jobs/iTrust_Fuzzer/workspace/iTrust2/target/classes/edu/ncsu/csc/itrust2/controllers/admin/AdminController.class], file [/var/lib/jenkins/jobs/iTrust_Fuzzer/workspace/iTrust2/target/classes/edu/ncsu/csc/itrust2/controllers/admin/AdminUserController$1.class], file [/var/lib/jenkins/jobs/iTrust_Fuzzer/workspace/iTrust2/target/classes/edu/ncsu/csc/itrust2/controllers/admin/AdminUserController.class], file [/var/lib/jenkins/jobs/iTrust_Fuzzer/workspace/iTrust2/target/classes/edu/ncsu/csc/itrust2/controllers/admin/HospitalController.class], file [/var/lib/jenkins/jobs/iTrust_Fuzzer/workspace/iTrust2/target/classes/edu/ncsu/csc/itrust2/controllers/admin/ICDCodesController.class], file [/var/lib/jenkins/jobs/iTrust_Fuzzer/workspace/iTrust2/target/classes/edu/ncsu/csc/itrust2/controllers/api/APIAppointmentRequestController.class], file [/var/lib/jenkins/jobs/iTrust_Fuzzer/workspace/iTrust2/target/classes/edu/ncsu/csc/itrust2/controllers/api/APIController$JSONResponse.class], file [/var/lib/jenkins/jobs/iTrust_Fuzzer/workspace/iTrust2/target/classes/edu/ncsu/csc/itrust2/controllers/api/APIController.class], file [/var/lib/jenkins/jobs/iTrust_Fuzzer/workspace/iTrust2/target/classes/edu/ncsu/csc/itrust2/controllers/api/APIDiagnosisController.class], file [/var/lib/jenkins/jobs/iTrust_Fuzzer/workspace/iTrust2/target/classes/edu/ncsu/csc/itrust2/controllers/api/APIDrugController.class], file [/var/lib/jenkins/jobs/iTrust_Fuzzer/workspace/iTrust2/target/classes/edu/ncsu/csc/itrust2/controllers/api/APIEnumController.class], file [/var/lib/jenkins/jobs/iTrust_Fuzzer/workspace/iTrust2/target/classes/edu/ncsu/csc/itrust2/controllers/api/APIHospitalController.class], file [/var/lib/jenkins/jobs/iTrust_Fuzzer/workspace/iTrust2/target/classes/edu/ncsu/csc/itrust2/controllers/api/APIICDCodeController.class], file [/var/lib/jenkins/jobs/iTrust_Fuzzer/workspace/iTrust2/target/classes/edu/ncsu/csc/itrust2/controllers/api/APILogEntryController.class], file [/var/lib/jenkins/jobs/iTrust_Fuzzer/workspace/iTrust2/target/classes/edu/ncsu/csc/itrust2/controllers/api/APIOfficeVisitController.class], file [/var/lib/jenkins/jobs/iTrust_Fuzzer/workspace/iTrust2/target/classes/edu/ncsu/csc/itrust2/controllers/api/APIPasswordController.class], file [/var/lib/jenkins/jobs/iTrust_Fuzzer/workspace/iTrust2/target/classes/edu/ncsu/csc/itrust2/controllers/api/APIPatientController.class], file [/var/lib/jenkins/jobs/iTrust_Fuzzer/workspace/iTrust2/target/classes/edu/ncsu/csc/itrust2/controllers/api/APIPersonnelController.class], file [/var/lib/jenkins/jobs/iTrust_Fuzzer/workspace/iTrust2/target/classes/edu/ncsu/csc/itrust2/controllers/api/APIPrescriptionController.class], file [/var/lib/jenkins/jobs/iTrust_Fuzzer/workspace/iTrust2/target/classes/edu/ncsu/csc/itrust2/controllers/api/APIUserController.class], file [/var/lib/jenkins/jobs/iTrust_Fuzzer/workspace/iTrust2/target/classes/edu/ncsu/csc/itrust2/controllers/api/comm/LogEntryRequestBody.class], file [/var/lib/jenkins/jobs/iTrust_Fuzzer/workspace/iTrust2/target/classes/edu/ncsu/csc/itrust2/controllers/api/comm/LogEntryTableRow.class], file [/var/lib/jenkins/jobs/iTrust_Fuzzer/workspace/iTrust2/target/classes/edu/ncsu/csc/itrust2/controllers/hcp/AppointmentControllerHCP.class], file [/var/lib/jenkins/jobs/iTrust_Fuzzer/workspace/iTrust2/target/classes/edu/ncsu/csc/itrust2/controllers/hcp/HCPController.class], file [/var/lib/jenkins/jobs/iTrust_Fuzzer/workspace/iTrust2/target/classes/edu/ncsu/csc/itrust2/controllers/hcp/OfficeVisitController.class], file [/var/lib/jenkins/jobs/iTrust_Fuzzer/workspace/iTrust2/target/classes/edu/ncsu/csc/itrust2/controllers/patient/AppointmentController.class], file [/var/lib/jenkins/jobs/iTrust_Fuzzer/workspace/iTrust2/target/classes/edu/ncsu/csc/itrust2/controllers/patient/DiagnosesController.class], file [/var/lib/jenkins/jobs/iTrust_Fuzzer/workspace/iTrust2/target/classes/edu/ncsu/csc/itrust2/controllers/patient/PatientController.class], file [/var/lib/jenkins/jobs/iTrust_Fuzzer/workspace/iTrust2/target/classes/edu/ncsu/csc/itrust2/controllers/personnel/PasswordController.class], file [/var/lib/jenkins/jobs/iTrust_Fuzzer/workspace/iTrust2/target/classes/edu/ncsu/csc/itrust2/controllers/personnel/UserController.class]]
21:59:41.305 [main] DEBUG o.s.c.a.ClassPathBeanDefinitionScanner - Identified candidate component class: file [/var/lib/jenkins/jobs/iTrust_Fuzzer/workspace/iTrust2/target/classes/edu/ncsu/csc/itrust2/controllers/DefaultController.class]
21:59:41.305 [main] DEBUG o.s.c.a.ClassPathBeanDefinitionScanner - Identified candidate component class: file [/var/lib/jenkins/jobs/iTrust_Fuzzer/workspace/iTrust2/target/classes/edu/ncsu/csc/itrust2/controllers/admin/AdminController.class]
21:59:41.305 [main] DEBUG o.s.c.a.ClassPathBeanDefinitionScanner - Identified candidate component class: file [/var/lib/jenkins/jobs/iTrust_Fuzzer/workspace/iTrust2/target/classes/edu/ncsu/csc/itrust2/controllers/admin/AdminUserController.class]
21:59:41.305 [main] DEBUG o.s.c.a.ClassPathBeanDefinitionScanner - Identified candidate component class: file [/var/lib/jenkins/jobs/iTrust_Fuzzer/workspace/iTrust2/target/classes/edu/ncsu/csc/itrust2/controllers/admin/HospitalController.class]
21:59:41.306 [main] DEBUG o.s.c.a.ClassPathBeanDefinitionScanner - Identified candidate component class: file [/var/lib/jenkins/jobs/iTrust_Fuzzer/workspace/iTrust2/target/classes/edu/ncsu/csc/itrust2/controllers/admin/ICDCodesController.class]
21:59:41.306 [main] DEBUG o.s.c.a.ClassPathBeanDefinitionScanner - Identified candidate component class: file [/var/lib/jenkins/jobs/iTrust_Fuzzer/workspace/iTrust2/target/classes/edu/ncsu/csc/itrust2/controllers/api/APIAppointmentRequestController.class]
21:59:41.306 [main] DEBUG o.s.c.a.ClassPathBeanDefinitionScanner - Identified candidate component class: file [/var/lib/jenkins/jobs/iTrust_Fuzzer/workspace/iTrust2/target/classes/edu/ncsu/csc/itrust2/controllers/api/APIDiagnosisController.class]
21:59:41.306 [main] DEBUG o.s.c.a.ClassPathBeanDefinitionScanner - Identified candidate component class: file [/var/lib/jenkins/jobs/iTrust_Fuzzer/workspace/iTrust2/target/classes/edu/ncsu/csc/itrust2/controllers/api/APIDrugController.class]
21:59:41.307 [main] DEBUG o.s.c.a.ClassPathBeanDefinitionScanner - Identified candidate component class: file [/var/lib/jenkins/jobs/iTrust_Fuzzer/workspace/iTrust2/target/classes/edu/ncsu/csc/itrust2/controllers/api/APIEnumController.class]
21:59:41.307 [main] DEBUG o.s.c.a.ClassPathBeanDefinitionScanner - Identified candidate component class: file [/var/lib/jenkins/jobs/iTrust_Fuzzer/workspace/iTrust2/target/classes/edu/ncsu/csc/itrust2/controllers/api/APIHospitalController.class]
21:59:41.308 [main] DEBUG o.s.c.a.ClassPathBeanDefinitionScanner - Identified candidate component class: file [/var/lib/jenkins/jobs/iTrust_Fuzzer/workspace/iTrust2/target/classes/edu/ncsu/csc/itrust2/controllers/api/APIICDCodeController.class]
21:59:41.308 [main] DEBUG o.s.c.a.ClassPathBeanDefinitionScanner - Identified candidate component class: file [/var/lib/jenkins/jobs/iTrust_Fuzzer/workspace/iTrust2/target/classes/edu/ncsu/csc/itrust2/controllers/api/APILogEntryController.class]
21:59:41.308 [main] DEBUG o.s.c.a.ClassPathBeanDefinitionScanner - Identified candidate component class: file [/var/lib/jenkins/jobs/iTrust_Fuzzer/workspace/iTrust2/target/classes/edu/ncsu/csc/itrust2/controllers/api/APIOfficeVisitController.class]
21:59:41.308 [main] DEBUG o.s.c.a.ClassPathBeanDefinitionScanner - Identified candidate component class: file [/var/lib/jenkins/jobs/iTrust_Fuzzer/workspace/iTrust2/target/classes/edu/ncsu/csc/itrust2/controllers/api/APIPasswordController.class]
21:59:41.309 [main] DEBUG o.s.c.a.ClassPathBeanDefinitionScanner - Identified candidate component class: file [/var/lib/jenkins/jobs/iTrust_Fuzzer/workspace/iTrust2/target/classes/edu/ncsu/csc/itrust2/controllers/api/APIPatientController.class]
21:59:41.309 [main] DEBUG o.s.c.a.ClassPathBeanDefinitionScanner - Identified candidate component class: file [/var/lib/jenkins/jobs/iTrust_Fuzzer/workspace/iTrust2/target/classes/edu/ncsu/csc/itrust2/controllers/api/APIPersonnelController.class]
21:59:41.309 [main] DEBUG o.s.c.a.ClassPathBeanDefinitionScanner - Identified candidate component class: file [/var/lib/jenkins/jobs/iTrust_Fuzzer/workspace/iTrust2/target/classes/edu/ncsu/csc/itrust2/controllers/api/APIPrescriptionController.class]
21:59:41.309 [main] DEBUG o.s.c.a.ClassPathBeanDefinitionScanner - Identified candidate component class: file [/var/lib/jenkins/jobs/iTrust_Fuzzer/workspace/iTrust2/target/classes/edu/ncsu/csc/itrust2/controllers/api/APIUserController.class]
21:59:41.310 [main] DEBUG o.s.c.a.ClassPathBeanDefinitionScanner - Identified candidate component class: file [/var/lib/jenkins/jobs/iTrust_Fuzzer/workspace/iTrust2/target/classes/edu/ncsu/csc/itrust2/controllers/hcp/AppointmentControllerHCP.class]
21:59:41.310 [main] DEBUG o.s.c.a.ClassPathBeanDefinitionScanner - Identified candidate component class: file [/var/lib/jenkins/jobs/iTrust_Fuzzer/workspace/iTrust2/target/classes/edu/ncsu/csc/itrust2/controllers/hcp/HCPController.class]
21:59:41.310 [main] DEBUG o.s.c.a.ClassPathBeanDefinitionScanner - Identified candidate component class: file [/var/lib/jenkins/jobs/iTrust_Fuzzer/workspace/iTrust2/target/classes/edu/ncsu/csc/itrust2/controllers/hcp/OfficeVisitController.class]
21:59:41.310 [main] DEBUG o.s.c.a.ClassPathBeanDefinitionScanner - Identified candidate component class: file [/var/lib/jenkins/jobs/iTrust_Fuzzer/workspace/iTrust2/target/classes/edu/ncsu/csc/itrust2/controllers/patient/AppointmentController.class]
21:59:41.310 [main] DEBUG o.s.c.a.ClassPathBeanDefinitionScanner - Identified candidate component class: file [/var/lib/jenkins/jobs/iTrust_Fuzzer/workspace/iTrust2/target/classes/edu/ncsu/csc/itrust2/controllers/patient/DiagnosesController.class]
21:59:41.311 [main] DEBUG o.s.c.a.ClassPathBeanDefinitionScanner - Identified candidate component class: file [/var/lib/jenkins/jobs/iTrust_Fuzzer/workspace/iTrust2/target/classes/edu/ncsu/csc/itrust2/controllers/patient/PatientController.class]
21:59:41.311 [main] DEBUG o.s.c.a.ClassPathBeanDefinitionScanner - Identified candidate component class: file [/var/lib/jenkins/jobs/iTrust_Fuzzer/workspace/iTrust2/target/classes/edu/ncsu/csc/itrust2/controllers/personnel/PasswordController.class]
21:59:41.311 [main] DEBUG o.s.c.a.ClassPathBeanDefinitionScanner - Identified candidate component class: file [/var/lib/jenkins/jobs/iTrust_Fuzzer/workspace/iTrust2/target/classes/edu/ncsu/csc/itrust2/controllers/personnel/UserController.class]
21:59:41.311 [main] DEBUG o.s.c.i.s.PathMatchingResourcePatternResolver - Resolved classpath location [edu/ncsu/csc/itrust2/config/] to resources [URL [file:/var/lib/jenkins/jobs/iTrust_Fuzzer/workspace/iTrust2/target/classes/edu/ncsu/csc/itrust2/config/]]
21:59:41.311 [main] DEBUG o.s.c.i.s.PathMatchingResourcePatternResolver - Looking for matching resources in directory tree [/var/lib/jenkins/jobs/iTrust_Fuzzer/workspace/iTrust2/target/classes/edu/ncsu/csc/itrust2/config]
21:59:41.311 [main] DEBUG o.s.c.i.s.PathMatchingResourcePatternResolver - Searching directory [/var/lib/jenkins/jobs/iTrust_Fuzzer/workspace/iTrust2/target/classes/edu/ncsu/csc/itrust2/config] for files matching pattern [/var/lib/jenkins/jobs/iTrust_Fuzzer/workspace/iTrust2/target/classes/edu/ncsu/csc/itrust2/config/**/*.class]
21:59:41.312 [main] DEBUG o.s.c.i.s.PathMatchingResourcePatternResolver - Resolved location pattern [classpath*:edu/ncsu/csc/itrust2/config/**/*.class] to resources [file [/var/lib/jenkins/jobs/iTrust_Fuzzer/workspace/iTrust2/target/classes/edu/ncsu/csc/itrust2/config/ContextListener.class], file [/var/lib/jenkins/jobs/iTrust_Fuzzer/workspace/iTrust2/target/classes/edu/ncsu/csc/itrust2/config/DataConfiguration.class], file [/var/lib/jenkins/jobs/iTrust_Fuzzer/workspace/iTrust2/target/classes/edu/ncsu/csc/itrust2/config/FailureHandler.class], file [/var/lib/jenkins/jobs/iTrust_Fuzzer/workspace/iTrust2/target/classes/edu/ncsu/csc/itrust2/config/IPFilter.class], file [/var/lib/jenkins/jobs/iTrust_Fuzzer/workspace/iTrust2/target/classes/edu/ncsu/csc/itrust2/config/ITrust2ApplicationInitializer.class], file [/var/lib/jenkins/jobs/iTrust_Fuzzer/workspace/iTrust2/target/classes/edu/ncsu/csc/itrust2/config/ITrust2WebApplicationInitializer.class], file [/var/lib/jenkins/jobs/iTrust_Fuzzer/workspace/iTrust2/target/classes/edu/ncsu/csc/itrust2/config/LoginAuditingListener.class], file [/var/lib/jenkins/jobs/iTrust_Fuzzer/workspace/iTrust2/target/classes/edu/ncsu/csc/itrust2/config/RootConfiguration.class], file [/var/lib/jenkins/jobs/iTrust_Fuzzer/workspace/iTrust2/target/classes/edu/ncsu/csc/itrust2/config/SecurityConfig.class]]
21:59:41.312 [main] DEBUG o.s.c.a.ClassPathBeanDefinitionScanner - Identified candidate component class: file [/var/lib/jenkins/jobs/iTrust_Fuzzer/workspace/iTrust2/target/classes/edu/ncsu/csc/itrust2/config/DataConfiguration.class]
21:59:41.312 [main] DEBUG o.s.c.a.ClassPathBeanDefinitionScanner - Identified candidate component class: file [/var/lib/jenkins/jobs/iTrust_Fuzzer/workspace/iTrust2/target/classes/edu/ncsu/csc/itrust2/config/LoginAuditingListener.class]
21:59:41.312 [main] DEBUG o.s.c.a.ClassPathBeanDefinitionScanner - Identified candidate component class: file [/var/lib/jenkins/jobs/iTrust_Fuzzer/workspace/iTrust2/target/classes/edu/ncsu/csc/itrust2/config/RootConfiguration.class]
21:59:41.312 [main] DEBUG o.s.c.a.ClassPathBeanDefinitionScanner - Identified candidate component class: file [/var/lib/jenkins/jobs/iTrust_Fuzzer/workspace/iTrust2/target/classes/edu/ncsu/csc/itrust2/config/SecurityConfig.class]
21:59:41.325 [main] DEBUG o.s.c.a.ConfigurationClassBeanDefinitionReader - Registering bean definition for @Bean method edu.ncsu.csc.itrust2.config.DataConfiguration.dataSource()
21:59:41.326 [main] DEBUG o.s.c.a.ConfigurationClassBeanDefinitionReader - Registered bean definition for imported class &apos;org.springframework.security.config.annotation.configuration.ObjectPostProcessorConfiguration&apos;
21:59:41.326 [main] DEBUG o.s.c.a.ConfigurationClassBeanDefinitionReader - Registering bean definition for @Bean method org.springframework.security.config.annotation.configuration.ObjectPostProcessorConfiguration.objectPostProcessor()
21:59:41.326 [main] DEBUG o.s.c.a.ConfigurationClassBeanDefinitionReader - Registered bean definition for imported class &apos;org.springframework.security.config.annotation.authentication.configuration.AuthenticationConfiguration&apos;
21:59:41.326 [main] DEBUG o.s.c.a.ConfigurationClassBeanDefinitionReader - Registering bean definition for @Bean method org.springframework.security.config.annotation.authentication.configuration.AuthenticationConfiguration.authenticationManagerBuilder()
21:59:41.326 [main] DEBUG o.s.c.a.ConfigurationClassBeanDefinitionReader - Registering bean definition for @Bean method org.springframework.security.config.annotation.authentication.configuration.AuthenticationConfiguration.enableGlobalAuthenticationAutowiredConfigurer()
21:59:41.326 [main] DEBUG o.s.c.a.ConfigurationClassBeanDefinitionReader - Registering bean definition for @Bean method org.springframework.security.config.annotation.authentication.configuration.AuthenticationConfiguration.initializeUserDetailsBeanManagerConfigurer()
21:59:41.326 [main] DEBUG o.s.c.a.ConfigurationClassBeanDefinitionReader - Registering bean definition for @Bean method org.springframework.security.config.annotation.authentication.configuration.AuthenticationConfiguration.initializeAuthenticationProviderBeanManagerConfigurer()
21:59:41.326 [main] DEBUG o.s.c.a.ConfigurationClassBeanDefinitionReader - Registered bean definition for imported class &apos;org.springframework.security.config.annotation.web.configuration.WebSecurityConfiguration&apos;
21:59:41.326 [main] DEBUG o.s.c.a.ConfigurationClassBeanDefinitionReader - Registering bean definition for @Bean method org.springframework.security.config.annotation.web.configuration.WebSecurityConfiguration.delegatingApplicationListener()
21:59:41.326 [main] DEBUG o.s.c.a.ConfigurationClassBeanDefinitionReader - Registering bean definition for @Bean method org.springframework.security.config.annotation.web.configuration.WebSecurityConfiguration.webSecurityExpressionHandler()
21:59:41.326 [main] DEBUG o.s.c.a.ConfigurationClassBeanDefinitionReader - Registering bean definition for @Bean method org.springframework.security.config.annotation.web.configuration.WebSecurityConfiguration.springSecurityFilterChain()
21:59:41.326 [main] DEBUG o.s.c.a.ConfigurationClassBeanDefinitionReader - Registering bean definition for @Bean method org.springframework.security.config.annotation.web.configuration.WebSecurityConfiguration.privilegeEvaluator()
21:59:41.326 [main] DEBUG o.s.c.a.ConfigurationClassBeanDefinitionReader - Registering bean definition for @Bean method org.springframework.security.config.annotation.web.configuration.WebSecurityConfiguration.autowiredWebSecurityConfigurersIgnoreParents()
21:59:41.326 [main] DEBUG o.s.c.a.ConfigurationClassBeanDefinitionReader - Registered bean definition for imported class &apos;org.springframework.security.config.annotation.web.configuration.WebMvcSecurityConfiguration&apos;
21:59:41.326 [main] DEBUG o.s.c.a.ConfigurationClassBeanDefinitionReader - Registering bean definition for @Bean method org.springframework.security.config.annotation.web.configuration.WebMvcSecurityConfiguration.requestDataValueProcessor()
21:59:41.326 [main] DEBUG o.s.c.a.ConfigurationClassBeanDefinitionReader - Registering bean definition for @Bean method edu.ncsu.csc.itrust2.config.SecurityConfig.passwordEncoder()
21:59:41.326 [main] DEBUG o.s.c.a.ConfigurationClassBeanDefinitionReader - Registering bean definition for @Bean method edu.ncsu.csc.itrust2.config.SecurityConfig.defaultAuthenticationEventPublisher()
21:59:41.326 [main] DEBUG o.s.c.a.ConfigurationClassBeanDefinitionReader - Registering bean definition for @Bean method edu.ncsu.csc.itrust2.config.SecurityConfig.failureHandler()
21:59:41.326 [main] DEBUG o.s.c.a.ConfigurationClassBeanDefinitionReader - Registering bean definition for @Bean method edu.ncsu.csc.itrust2.config.SecurityConfig.ipBlockFilter()
21:59:41.326 [main] DEBUG o.s.c.a.ConfigurationClassBeanDefinitionReader - Registered bean definition for imported class &apos;org.springframework.web.servlet.config.annotation.DelegatingWebMvcConfiguration&apos;
21:59:41.326 [main] DEBUG o.s.c.a.ConfigurationClassBeanDefinitionReader - Registering bean definition for @Bean method org.springframework.web.servlet.config.annotation.DelegatingWebMvcConfiguration.mvcConversionService()
21:59:41.326 [main] DEBUG o.s.c.a.ConfigurationClassBeanDefinitionReader - Registering bean definition for @Bean method org.springframework.web.servlet.config.annotation.DelegatingWebMvcConfiguration.requestMappingHandlerMapping()
21:59:41.326 [main] DEBUG o.s.c.a.ConfigurationClassBeanDefinitionReader - Registering bean definition for @Bean method org.springframework.web.servlet.config.annotation.DelegatingWebMvcConfiguration.mvcPathMatcher()
21:59:41.326 [main] DEBUG o.s.c.a.ConfigurationClassBeanDefinitionReader - Registering bean definition for @Bean method org.springframework.web.servlet.config.annotation.DelegatingWebMvcConfiguration.mvcUrlPathHelper()
21:59:41.327 [main] DEBUG o.s.c.a.ConfigurationClassBeanDefinitionReader - Registering bean definition for @Bean method org.springframework.web.servlet.config.annotation.DelegatingWebMvcConfiguration.mvcContentNegotiationManager()
21:59:41.327 [main] DEBUG o.s.c.a.ConfigurationClassBeanDefinitionReader - Registering bean definition for @Bean method org.springframework.web.servlet.config.annotation.DelegatingWebMvcConfiguration.viewControllerHandlerMapping()
21:59:41.327 [main] DEBUG o.s.c.a.ConfigurationClassBeanDefinitionReader - Registering bean definition for @Bean method org.springframework.web.servlet.config.annotation.DelegatingWebMvcConfiguration.beanNameHandlerMapping()
21:59:41.327 [main] DEBUG o.s.c.a.ConfigurationClassBeanDefinitionReader - Registering bean definition for @Bean method org.springframework.web.servlet.config.annotation.DelegatingWebMvcConfiguration.resourceHandlerMapping()
21:59:41.327 [main] DEBUG o.s.c.a.ConfigurationClassBeanDefinitionReader - Registering bean definition for @Bean method org.springframework.web.servlet.config.annotation.DelegatingWebMvcConfiguration.mvcResourceUrlProvider()
21:59:41.327 [main] DEBUG o.s.c.a.ConfigurationClassBeanDefinitionReader - Registering bean definition for @Bean method org.springframework.web.servlet.config.annotation.DelegatingWebMvcConfiguration.defaultServletHandlerMapping()
21:59:41.327 [main] DEBUG o.s.c.a.ConfigurationClassBeanDefinitionReader - Registering bean definition for @Bean method org.springframework.web.servlet.config.annotation.DelegatingWebMvcConfiguration.requestMappingHandlerAdapter()
21:59:41.327 [main] DEBUG o.s.c.a.ConfigurationClassBeanDefinitionReader - Registering bean definition for @Bean method org.springframework.web.servlet.config.annotation.DelegatingWebMvcConfiguration.mvcValidator()
21:59:41.327 [main] DEBUG o.s.c.a.ConfigurationClassBeanDefinitionReader - Registering bean definition for @Bean method org.springframework.web.servlet.config.annotation.DelegatingWebMvcConfiguration.mvcUriComponentsContributor()
21:59:41.327 [main] DEBUG o.s.c.a.ConfigurationClassBeanDefinitionReader - Registering bean definition for @Bean method org.springframework.web.servlet.config.annotation.DelegatingWebMvcConfiguration.httpRequestHandlerAdapter()
21:59:41.327 [main] DEBUG o.s.c.a.ConfigurationClassBeanDefinitionReader - Registering bean definition for @Bean method org.springframework.web.servlet.config.annotation.DelegatingWebMvcConfiguration.simpleControllerHandlerAdapter()
21:59:41.327 [main] DEBUG o.s.c.a.ConfigurationClassBeanDefinitionReader - Registering bean definition for @Bean method org.springframework.web.servlet.config.annotation.DelegatingWebMvcConfiguration.handlerExceptionResolver()
21:59:41.327 [main] DEBUG o.s.c.a.ConfigurationClassBeanDefinitionReader - Registering bean definition for @Bean method org.springframework.web.servlet.config.annotation.DelegatingWebMvcConfiguration.mvcViewResolver()
21:59:41.327 [main] DEBUG o.s.c.a.ConfigurationClassBeanDefinitionReader - Registered bean definition for imported class &apos;org.springframework.security.config.annotation.method.configuration.GlobalMethodSecurityConfiguration&apos;
21:59:41.327 [main] DEBUG o.s.c.a.ConfigurationClassBeanDefinitionReader - Registering bean definition for @Bean method org.springframework.security.config.annotation.method.configuration.GlobalMethodSecurityConfiguration.methodSecurityInterceptor()
21:59:41.327 [main] DEBUG o.s.c.a.ConfigurationClassBeanDefinitionReader - Registering bean definition for @Bean method org.springframework.security.config.annotation.method.configuration.GlobalMethodSecurityConfiguration.methodSecurityMetadataSource()
21:59:41.327 [main] DEBUG o.s.c.a.ConfigurationClassBeanDefinitionReader - Registering bean definition for @Bean method org.springframework.security.config.annotation.method.configuration.GlobalMethodSecurityConfiguration.preInvocationAuthorizationAdvice()
21:59:41.327 [main] DEBUG o.s.c.a.ConfigurationClassBeanDefinitionReader - Registering bean definition for @Bean method edu.ncsu.csc.itrust2.mvc.config.WebMvcConfiguration.viewResolver()
21:59:41.327 [main] DEBUG o.s.c.a.ConfigurationClassBeanDefinitionReader - Registering bean definition for @Bean method edu.ncsu.csc.itrust2.mvc.config.WebMvcConfiguration.templateEngine()
21:59:41.328 [main] DEBUG o.s.c.a.ConfigurationClassBeanDefinitionReader - Registering bean definition for @Bean method edu.ncsu.csc.itrust2.mvc.config.WebMvcConfiguration.domainClassConverter()
21:59:41.329 [main] DEBUG o.s.c.a.ConfigurationClassEnhancer - Successfully enhanced edu.ncsu.csc.itrust2.config.RootConfiguration; enhanced class name is: edu.ncsu.csc.itrust2.config.RootConfiguration$$EnhancerBySpringCGLIB$$c1d00685
21:59:41.329 [main] DEBUG o.s.c.a.ConfigurationClassPostProcessor - Replacing bean definition &apos;rootConfiguration&apos; existing class &apos;edu.ncsu.csc.itrust2.config.RootConfiguration&apos; with enhanced class &apos;edu.ncsu.csc.itrust2.config.RootConfiguration$$EnhancerBySpringCGLIB$$c1d00685&apos;
21:59:41.329 [main] DEBUG o.s.c.a.ConfigurationClassEnhancer - Successfully enhanced edu.ncsu.csc.itrust2.mvc.config.WebMvcConfiguration; enhanced class name is: edu.ncsu.csc.itrust2.mvc.config.WebMvcConfiguration$$EnhancerBySpringCGLIB$$de7b09d5
21:59:41.329 [main] DEBUG o.s.c.a.ConfigurationClassPostProcessor - Replacing bean definition &apos;webMvcConfiguration&apos; existing class &apos;edu.ncsu.csc.itrust2.mvc.config.WebMvcConfiguration&apos; with enhanced class &apos;edu.ncsu.csc.itrust2.mvc.config.WebMvcConfiguration$$EnhancerBySpringCGLIB$$de7b09d5&apos;
21:59:41.329 [main] DEBUG o.s.c.a.ConfigurationClassEnhancer - Successfully enhanced edu.ncsu.csc.itrust2.config.DataConfiguration; enhanced class name is: edu.ncsu.csc.itrust2.config.DataConfiguration$$EnhancerBySpringCGLIB$$60f4bbd
21:59:41.329 [main] DEBUG o.s.c.a.ConfigurationClassPostProcessor - Replacing bean definition &apos;dataConfiguration&apos; existing class &apos;edu.ncsu.csc.itrust2.config.DataConfiguration&apos; with enhanced class &apos;edu.ncsu.csc.itrust2.config.DataConfiguration$$EnhancerBySpringCGLIB$$60f4bbd&apos;
21:59:41.329 [main] DEBUG o.s.c.a.ConfigurationClassEnhancer - Successfully enhanced edu.ncsu.csc.itrust2.config.SecurityConfig; enhanced class name is: edu.ncsu.csc.itrust2.config.SecurityConfig$$EnhancerBySpringCGLIB$$f88fd361
21:59:41.329 [main] DEBUG o.s.c.a.ConfigurationClassPostProcessor - Replacing bean definition &apos;securityConfig&apos; existing class &apos;edu.ncsu.csc.itrust2.config.SecurityConfig&apos; with enhanced class &apos;edu.ncsu.csc.itrust2.config.SecurityConfig$$EnhancerBySpringCGLIB$$f88fd361&apos;
21:59:41.329 [main] DEBUG o.s.c.a.ConfigurationClassEnhancer - Successfully enhanced org.springframework.security.config.annotation.configuration.ObjectPostProcessorConfiguration; enhanced class name is: org.springframework.security.config.annotation.configuration.ObjectPostProcessorConfiguration$$EnhancerBySpringCGLIB$$6851d2d
21:59:41.329 [main] DEBUG o.s.c.a.ConfigurationClassPostProcessor - Replacing bean definition &apos;org.springframework.security.config.annotation.configuration.ObjectPostProcessorConfiguration&apos; existing class &apos;org.springframework.security.config.annotation.configuration.ObjectPostProcessorConfiguration&apos; with enhanced class &apos;org.springframework.security.config.annotation.configuration.ObjectPostProcessorConfiguration$$EnhancerBySpringCGLIB$$6851d2d&apos;
21:59:41.329 [main] DEBUG o.s.c.a.ConfigurationClassEnhancer - Successfully enhanced org.springframework.security.config.annotation.authentication.configuration.AuthenticationConfiguration; enhanced class name is: org.springframework.security.config.annotation.authentication.configuration.AuthenticationConfiguration$$EnhancerBySpringCGLIB$$524e27a2
21:59:41.329 [main] DEBUG o.s.c.a.ConfigurationClassPostProcessor - Replacing bean definition &apos;org.springframework.security.config.annotation.authentication.configuration.AuthenticationConfiguration&apos; existing class &apos;org.springframework.security.config.annotation.authentication.configuration.AuthenticationConfiguration&apos; with enhanced class &apos;org.springframework.security.config.annotation.authentication.configuration.AuthenticationConfiguration$$EnhancerBySpringCGLIB$$524e27a2&apos;
21:59:41.329 [main] DEBUG o.s.c.a.ConfigurationClassEnhancer - Successfully enhanced org.springframework.security.config.annotation.authentication.configuration.AuthenticationConfiguration; enhanced class name is: org.springframework.security.config.annotation.authentication.configuration.AuthenticationConfiguration$$EnhancerBySpringCGLIB$$524e27a2
21:59:41.329 [main] DEBUG o.s.c.a.ConfigurationClassPostProcessor - Replacing bean definition &apos;enableGlobalAuthenticationAutowiredConfigurer&apos; existing class &apos;org.springframework.security.config.annotation.authentication.configuration.AuthenticationConfiguration&apos; with enhanced class &apos;org.springframework.security.config.annotation.authentication.configuration.AuthenticationConfiguration$$EnhancerBySpringCGLIB$$524e27a2&apos;
21:59:41.329 [main] DEBUG o.s.c.a.ConfigurationClassEnhancer - Successfully enhanced org.springframework.security.config.annotation.authentication.configuration.AuthenticationConfiguration; enhanced class name is: org.springframework.security.config.annotation.authentication.configuration.AuthenticationConfiguration$$EnhancerBySpringCGLIB$$524e27a2
21:59:41.329 [main] DEBUG o.s.c.a.ConfigurationClassPostProcessor - Replacing bean definition &apos;initializeUserDetailsBeanManagerConfigurer&apos; existing class &apos;org.springframework.security.config.annotation.authentication.configuration.AuthenticationConfiguration&apos; with enhanced class &apos;org.springframework.security.config.annotation.authentication.configuration.AuthenticationConfiguration$$EnhancerBySpringCGLIB$$524e27a2&apos;
21:59:41.329 [main] DEBUG o.s.c.a.ConfigurationClassEnhancer - Successfully enhanced org.springframework.security.config.annotation.authentication.configuration.AuthenticationConfiguration; enhanced class name is: org.springframework.security.config.annotation.authentication.configuration.AuthenticationConfiguration$$EnhancerBySpringCGLIB$$524e27a2
21:59:41.329 [main] DEBUG o.s.c.a.ConfigurationClassPostProcessor - Replacing bean definition &apos;initializeAuthenticationProviderBeanManagerConfigurer&apos; existing class &apos;org.springframework.security.config.annotation.authentication.configuration.AuthenticationConfiguration&apos; with enhanced class &apos;org.springframework.security.config.annotation.authentication.configuration.AuthenticationConfiguration$$EnhancerBySpringCGLIB$$524e27a2&apos;
21:59:41.329 [main] DEBUG o.s.c.a.ConfigurationClassEnhancer - Successfully enhanced org.springframework.security.config.annotation.web.configuration.WebSecurityConfiguration; enhanced class name is: org.springframework.security.config.annotation.web.configuration.WebSecurityConfiguration$$EnhancerBySpringCGLIB$$150881e6
21:59:41.329 [main] DEBUG o.s.c.a.ConfigurationClassPostProcessor - Replacing bean definition &apos;org.springframework.security.config.annotation.web.configuration.WebSecurityConfiguration&apos; existing class &apos;org.springframework.security.config.annotation.web.configuration.WebSecurityConfiguration&apos; with enhanced class &apos;org.springframework.security.config.annotation.web.configuration.WebSecurityConfiguration$$EnhancerBySpringCGLIB$$150881e6&apos;
21:59:41.329 [main] DEBUG o.s.c.a.ConfigurationClassEnhancer - Successfully enhanced org.springframework.security.config.annotation.web.configuration.WebSecurityConfiguration; enhanced class name is: org.springframework.security.config.annotation.web.configuration.WebSecurityConfiguration$$EnhancerBySpringCGLIB$$150881e6
21:59:41.329 [main] DEBUG o.s.c.a.ConfigurationClassPostProcessor - Replacing bean definition &apos;delegatingApplicationListener&apos; existing class &apos;org.springframework.security.config.annotation.web.configuration.WebSecurityConfiguration&apos; with enhanced class &apos;org.springframework.security.config.annotation.web.configuration.WebSecurityConfiguration$$EnhancerBySpringCGLIB$$150881e6&apos;
21:59:41.329 [main] DEBUG o.s.c.a.ConfigurationClassEnhancer - Successfully enhanced org.springframework.web.servlet.config.annotation.DelegatingWebMvcConfiguration; enhanced class name is: org.springframework.web.servlet.config.annotation.DelegatingWebMvcConfiguration$$EnhancerBySpringCGLIB$$32983a29
21:59:41.330 [main] DEBUG o.s.c.a.ConfigurationClassPostProcessor - Replacing bean definition &apos;org.springframework.web.servlet.config.annotation.DelegatingWebMvcConfiguration&apos; existing class &apos;org.springframework.web.servlet.config.annotation.DelegatingWebMvcConfiguration&apos; with enhanced class &apos;org.springframework.web.servlet.config.annotation.DelegatingWebMvcConfiguration$$EnhancerBySpringCGLIB$$32983a29&apos;
21:59:41.330 [main] DEBUG o.s.c.a.ConfigurationClassEnhancer - Successfully enhanced org.springframework.security.config.annotation.method.configuration.GlobalMethodSecurityConfiguration; enhanced class name is: org.springframework.security.config.annotation.method.configuration.GlobalMethodSecurityConfiguration$$EnhancerBySpringCGLIB$$2b59bfdf
21:59:41.330 [main] DEBUG o.s.c.a.ConfigurationClassPostProcessor - Replacing bean definition &apos;org.springframework.security.config.annotation.method.configuration.GlobalMethodSecurityConfiguration&apos; existing class &apos;org.springframework.security.config.annotation.method.configuration.GlobalMethodSecurityConfiguration&apos; with enhanced class &apos;org.springframework.security.config.annotation.method.configuration.GlobalMethodSecurityConfiguration$$EnhancerBySpringCGLIB$$2b59bfdf&apos;
21:59:41.330 [main] DEBUG o.s.b.f.s.DefaultListableBeanFactory - Creating shared instance of singleton bean &apos;org.springframework.context.annotation.internalAutowiredAnnotationProcessor&apos;
21:59:41.330 [main] DEBUG o.s.b.f.s.DefaultListableBeanFactory - Creating instance of bean &apos;org.springframework.context.annotation.internalAutowiredAnnotationProcessor&apos;
21:59:41.331 [main] DEBUG o.s.b.f.s.DefaultListableBeanFactory - Eagerly caching bean &apos;org.springframework.context.annotation.internalAutowiredAnnotationProcessor&apos; to allow for resolving potential circular references
21:59:41.332 [main] DEBUG o.s.b.f.s.DefaultListableBeanFactory - Finished creating instance of bean &apos;org.springframework.context.annotation.internalAutowiredAnnotationProcessor&apos;
21:59:41.333 [main] DEBUG o.s.b.f.s.DefaultListableBeanFactory - Creating shared instance of singleton bean &apos;org.springframework.context.annotation.internalRequiredAnnotationProcessor&apos;
21:59:41.333 [main] DEBUG o.s.b.f.s.DefaultListableBeanFactory - Creating instance of bean &apos;org.springframework.context.annotation.internalRequiredAnnotationProcessor&apos;
21:59:41.333 [main] DEBUG o.s.b.f.s.DefaultListableBeanFactory - Eagerly caching bean &apos;org.springframework.context.annotation.internalRequiredAnnotationProcessor&apos; to allow for resolving potential circular references
21:59:41.334 [main] DEBUG o.s.b.f.s.DefaultListableBeanFactory - Finished creating instance of bean &apos;org.springframework.context.annotation.internalRequiredAnnotationProcessor&apos;
21:59:41.334 [main] DEBUG o.s.b.f.s.DefaultListableBeanFactory - Creating shared instance of singleton bean &apos;org.springframework.context.annotation.internalCommonAnnotationProcessor&apos;
21:59:41.334 [main] DEBUG o.s.b.f.s.DefaultListableBeanFactory - Creating instance of bean &apos;org.springframework.context.annotation.internalCommonAnnotationProcessor&apos;
21:59:41.334 [main] DEBUG o.s.b.f.s.DefaultListableBeanFactory - Eagerly caching bean &apos;org.springframework.context.annotation.internalCommonAnnotationProcessor&apos; to allow for resolving potential circular references
21:59:41.336 [main] DEBUG o.s.b.f.s.DefaultListableBeanFactory - Finished creating instance of bean &apos;org.springframework.context.annotation.internalCommonAnnotationProcessor&apos;
21:59:41.336 [main] DEBUG o.s.b.f.s.DefaultListableBeanFactory - Creating shared instance of singleton bean &apos;org.springframework.context.annotation.internalPersistenceAnnotationProcessor&apos;
21:59:41.336 [main] DEBUG o.s.b.f.s.DefaultListableBeanFactory - Creating instance of bean &apos;org.springframework.context.annotation.internalPersistenceAnnotationProcessor&apos;
21:59:41.336 [main] DEBUG o.s.b.f.s.DefaultListableBeanFactory - Eagerly caching bean &apos;org.springframework.context.annotation.internalPersistenceAnnotationProcessor&apos; to allow for resolving potential circular references
21:59:41.338 [main] DEBUG o.s.b.f.s.DefaultListableBeanFactory - Finished creating instance of bean &apos;org.springframework.context.annotation.internalPersistenceAnnotationProcessor&apos;
21:59:41.338 [main] DEBUG o.s.b.f.s.DefaultListableBeanFactory - Creating shared instance of singleton bean &apos;org.springframework.aop.config.internalAutoProxyCreator&apos;
21:59:41.338 [main] DEBUG o.s.b.f.s.DefaultListableBeanFactory - Creating instance of bean &apos;org.springframework.aop.config.internalAutoProxyCreator&apos;
21:59:41.338 [main] DEBUG o.s.b.f.s.DefaultListableBeanFactory - Eagerly caching bean &apos;org.springframework.aop.config.internalAutoProxyCreator&apos; to allow for resolving potential circular references
21:59:41.341 [main] DEBUG o.s.b.f.s.DefaultListableBeanFactory - Finished creating instance of bean &apos;org.springframework.aop.config.internalAutoProxyCreator&apos;
21:59:41.341 [main] DEBUG o.s.w.c.s.GenericWebApplicationContext - Unable to locate MessageSource with name &apos;messageSource&apos;: using default [org.springframework.context.support.DelegatingMessageSource@4e81010d]
21:59:41.341 [main] DEBUG o.s.w.c.s.GenericWebApplicationContext - Unable to locate ApplicationEventMulticaster with name &apos;applicationEventMulticaster&apos;: using default [org.springframework.context.event.SimpleApplicationEventMulticaster@5950ecba]
21:59:41.341 [main] DEBUG o.s.u.c.s.UiApplicationContextUtils - Unable to locate ThemeSource with name &apos;themeSource&apos;: using default [org.springframework.ui.context.support.ResourceBundleThemeSource@66b3db35]
21:59:41.341 [main] DEBUG o.s.b.f.s.DefaultListableBeanFactory - Pre-instantiating singletons in org.springframework.beans.factory.support.DefaultListableBeanFactory@3f7689dd: defining beans [org.springframework.context.annotation.internalConfigurationAnnotationProcessor,org.springframework.context.annotation.internalAutowiredAnnotationProcessor,org.springframework.context.annotation.internalRequiredAnnotationProcessor,org.springframework.context.annotation.internalCommonAnnotationProcessor,org.spring
...[truncated 190116 chars]...
- Caching method [CacheKey[edu.ncsu.csc.itrust2.controllers.patient.PatientController; public java.lang.String edu.ncsu.csc.itrust2.controllers.patient.PatientController.viewDemographics(org.springframework.ui.Model)]] with attributes [[authorize: &apos;hasRole(&apos;ROLE_PATIENT&apos;)&apos;, filter: &apos;null&apos;, filterTarget: &apos;null&apos;]]
21:59:41.596 [main] DEBUG o.s.aop.framework.CglibAopProxy - Unable to apply any optimisations to advised method: public java.lang.String edu.ncsu.csc.itrust2.controllers.patient.PatientController.viewDemographics(org.springframework.ui.Model)
21:59:41.596 [main] DEBUG o.s.s.a.p.PrePostAnnotationSecurityMetadataSource - @org.springframework.security.access.prepost.PreAuthorize(value=hasRole(&apos;ROLE_PATIENT&apos;)) found on specific method: public java.lang.String edu.ncsu.csc.itrust2.controllers.patient.PatientController.demographicsSubmit(edu.ncsu.csc.itrust2.forms.hcp_patient.PatientForm,org.springframework.validation.BindingResult,org.springframework.ui.Model)
21:59:41.596 [main] DEBUG o.s.s.a.m.DelegatingMethodSecurityMetadataSource - Caching method [CacheKey[edu.ncsu.csc.itrust2.controllers.patient.PatientController; public java.lang.String edu.ncsu.csc.itrust2.controllers.patient.PatientController.demographicsSubmit(edu.ncsu.csc.itrust2.forms.hcp_patient.PatientForm,org.springframework.validation.BindingResult,org.springframework.ui.Model)]] with attributes [[authorize: &apos;hasRole(&apos;ROLE_PATIENT&apos;)&apos;, filter: &apos;null&apos;, filterTarget: &apos;null&apos;]]
21:59:41.596 [main] DEBUG o.s.aop.framework.CglibAopProxy - Unable to apply any optimisations to advised method: public java.lang.String edu.ncsu.csc.itrust2.controllers.patient.PatientController.demographicsSubmit(edu.ncsu.csc.itrust2.forms.hcp_patient.PatientForm,org.springframework.validation.BindingResult,org.springframework.ui.Model)
21:59:41.596 [main] DEBUG o.s.s.a.p.PrePostAnnotationSecurityMetadataSource - @org.springframework.security.access.prepost.PreAuthorize(value=hasRole(&apos;ROLE_PATIENT&apos;)) found on specific method: public java.lang.String edu.ncsu.csc.itrust2.controllers.patient.PatientController.index(org.springframework.ui.Model)
21:59:41.596 [main] DEBUG o.s.s.a.m.DelegatingMethodSecurityMetadataSource - Caching method [CacheKey[edu.ncsu.csc.itrust2.controllers.patient.PatientController; public java.lang.String edu.ncsu.csc.itrust2.controllers.patient.PatientController.index(org.springframework.ui.Model)]] with attributes [[authorize: &apos;hasRole(&apos;ROLE_PATIENT&apos;)&apos;, filter: &apos;null&apos;, filterTarget: &apos;null&apos;]]
21:59:41.596 [main] DEBUG o.s.aop.framework.CglibAopProxy - Unable to apply any optimisations to advised method: public java.lang.String edu.ncsu.csc.itrust2.controllers.patient.PatientController.index(org.springframework.ui.Model)
21:59:41.596 [main] DEBUG o.s.aop.framework.CglibAopProxy - Found &apos;equals&apos; method: public boolean java.lang.Object.equals(java.lang.Object)
21:59:41.596 [main] DEBUG o.s.aop.framework.CglibAopProxy - Unable to apply any optimisations to advised method: public java.lang.String java.lang.Object.toString()
21:59:41.596 [main] DEBUG o.s.aop.framework.CglibAopProxy - Found &apos;hashCode&apos; method: public native int java.lang.Object.hashCode()
21:59:41.596 [main] DEBUG o.s.aop.framework.CglibAopProxy - Unable to apply any optimisations to advised method: protected native java.lang.Object java.lang.Object.clone() throws java.lang.CloneNotSupportedException
21:59:41.596 [main] DEBUG o.s.aop.framework.CglibAopProxy - Method is declared on Advised interface: public abstract void org.springframework.aop.framework.Advised.setTargetSource(org.springframework.aop.TargetSource)
21:59:41.596 [main] DEBUG o.s.aop.framework.CglibAopProxy - Method is declared on Advised interface: public abstract org.springframework.aop.TargetSource org.springframework.aop.framework.Advised.getTargetSource()
21:59:41.596 [main] DEBUG o.s.aop.framework.CglibAopProxy - Method is declared on Advised interface: public abstract boolean org.springframework.aop.framework.Advised.isProxyTargetClass()
21:59:41.596 [main] DEBUG o.s.aop.framework.CglibAopProxy - Method is declared on Advised interface: public abstract void org.springframework.aop.framework.Advised.addAdvisor(org.springframework.aop.Advisor) throws org.springframework.aop.framework.AopConfigException
21:59:41.596 [main] DEBUG o.s.aop.framework.CglibAopProxy - Method is declared on Advised interface: public abstract void org.springframework.aop.framework.Advised.addAdvisor(int,org.springframework.aop.Advisor) throws org.springframework.aop.framework.AopConfigException
21:59:41.596 [main] DEBUG o.s.aop.framework.CglibAopProxy - Method is declared on Advised interface: public abstract void org.springframework.aop.framework.Advised.setPreFiltered(boolean)
21:59:41.596 [main] DEBUG o.s.aop.framework.CglibAopProxy - Method is declared on Advised interface: public abstract void org.springframework.aop.framework.Advised.setExposeProxy(boolean)
21:59:41.596 [main] DEBUG o.s.aop.framework.CglibAopProxy - Method is declared on Advised interface: public abstract boolean org.springframework.aop.framework.Advised.isExposeProxy()
21:59:41.596 [main] DEBUG o.s.aop.framework.CglibAopProxy - Method is declared on Advised interface: public abstract boolean org.springframework.aop.framework.Advised.isPreFiltered()
21:59:41.596 [main] DEBUG o.s.aop.framework.CglibAopProxy - Method is declared on Advised interface: public abstract java.lang.Class[] org.springframework.aop.framework.Advised.getProxiedInterfaces()
21:59:41.596 [main] DEBUG o.s.aop.framework.CglibAopProxy - Method is declared on Advised interface: public abstract boolean org.springframework.aop.framework.Advised.isInterfaceProxied(java.lang.Class)
21:59:41.596 [main] DEBUG o.s.aop.framework.CglibAopProxy - Method is declared on Advised interface: public abstract org.springframework.aop.Advisor[] org.springframework.aop.framework.Advised.getAdvisors()
21:59:41.596 [main] DEBUG o.s.aop.framework.CglibAopProxy - Method is declared on Advised interface: public abstract void org.springframework.aop.framework.Advised.removeAdvisor(int) throws org.springframework.aop.framework.AopConfigException
21:59:41.596 [main] DEBUG o.s.aop.framework.CglibAopProxy - Method is declared on Advised interface: public abstract boolean org.springframework.aop.framework.Advised.removeAdvisor(org.springframework.aop.Advisor)
21:59:41.596 [main] DEBUG o.s.aop.framework.CglibAopProxy - Method is declared on Advised interface: public abstract boolean org.springframework.aop.framework.Advised.replaceAdvisor(org.springframework.aop.Advisor,org.springframework.aop.Advisor) throws org.springframework.aop.framework.AopConfigException
21:59:41.596 [main] DEBUG o.s.aop.framework.CglibAopProxy - Method is declared on Advised interface: public abstract boolean org.springframework.aop.framework.Advised.removeAdvice(org.aopalliance.aop.Advice)
21:59:41.596 [main] DEBUG o.s.aop.framework.CglibAopProxy - Method is declared on Advised interface: public abstract java.lang.String org.springframework.aop.framework.Advised.toProxyConfigString()
21:59:41.596 [main] DEBUG o.s.aop.framework.CglibAopProxy - Method is declared on Advised interface: public abstract void org.springframework.aop.framework.Advised.addAdvice(int,org.aopalliance.aop.Advice) throws org.springframework.aop.framework.AopConfigException
21:59:41.596 [main] DEBUG o.s.aop.framework.CglibAopProxy - Method is declared on Advised interface: public abstract void org.springframework.aop.framework.Advised.addAdvice(org.aopalliance.aop.Advice) throws org.springframework.aop.framework.AopConfigException
21:59:41.596 [main] DEBUG o.s.aop.framework.CglibAopProxy - Method is declared on Advised interface: public abstract int org.springframework.aop.framework.Advised.indexOf(org.aopalliance.aop.Advice)
21:59:41.596 [main] DEBUG o.s.aop.framework.CglibAopProxy - Method is declared on Advised interface: public abstract int org.springframework.aop.framework.Advised.indexOf(org.springframework.aop.Advisor)
21:59:41.596 [main] DEBUG o.s.aop.framework.CglibAopProxy - Method is declared on Advised interface: public abstract boolean org.springframework.aop.framework.Advised.isFrozen()
21:59:41.596 [main] DEBUG o.s.aop.framework.CglibAopProxy - Method is declared on Advised interface: public abstract java.lang.Class org.springframework.aop.TargetClassAware.getTargetClass()
21:59:41.601 [main] DEBUG o.s.b.f.s.DefaultListableBeanFactory - Finished creating instance of bean &apos;patientController&apos;
21:59:41.601 [main] DEBUG o.s.b.f.s.DefaultListableBeanFactory - Creating shared instance of singleton bean &apos;passwordController&apos;
21:59:41.601 [main] DEBUG o.s.b.f.s.DefaultListableBeanFactory - Creating instance of bean &apos;passwordController&apos;
21:59:41.601 [main] DEBUG o.s.b.f.s.DefaultListableBeanFactory - Eagerly caching bean &apos;passwordController&apos; to allow for resolving potential circular references
21:59:41.601 [main] DEBUG o.s.b.f.s.DefaultListableBeanFactory - Returning cached instance of singleton bean &apos;metaDataSourceAdvisor&apos;
21:59:41.601 [main] DEBUG o.s.b.f.s.DefaultListableBeanFactory - Finished creating instance of bean &apos;passwordController&apos;
21:59:41.601 [main] DEBUG o.s.b.f.s.DefaultListableBeanFactory - Creating shared instance of singleton bean &apos;userController&apos;
21:59:41.601 [main] DEBUG o.s.b.f.s.DefaultListableBeanFactory - Creating instance of bean &apos;userController&apos;
21:59:41.601 [main] DEBUG o.s.b.f.s.DefaultListableBeanFactory - Eagerly caching bean &apos;userController&apos; to allow for resolving potential circular references
21:59:41.601 [main] DEBUG o.s.b.f.s.DefaultListableBeanFactory - Returning cached instance of singleton bean &apos;metaDataSourceAdvisor&apos;
21:59:41.601 [main] DEBUG o.s.s.a.p.PrePostAnnotationSecurityMetadataSource - @org.springframework.security.access.prepost.PreAuthorize(value=hasRole(&apos;ROLE_HCP&apos;) or hasRole(&apos;ROLE_ADMIN&apos;)) found on specific method: public java.lang.String edu.ncsu.csc.itrust2.controllers.personnel.UserController.viewDemographics(org.springframework.ui.Model)
21:59:41.601 [main] DEBUG o.s.s.a.m.DelegatingMethodSecurityMetadataSource - Caching method [CacheKey[edu.ncsu.csc.itrust2.controllers.personnel.UserController; public java.lang.String edu.ncsu.csc.itrust2.controllers.personnel.UserController.viewDemographics(org.springframework.ui.Model)]] with attributes [[authorize: &apos;hasRole(&apos;ROLE_HCP&apos;) or hasRole(&apos;ROLE_ADMIN&apos;)&apos;, filter: &apos;null&apos;, filterTarget: &apos;null&apos;]]
21:59:41.601 [main] DEBUG o.s.a.f.a.InfrastructureAdvisorAutoProxyCreator - Creating implicit proxy for bean &apos;userController&apos; with 0 common interceptors and 1 specific interceptors
21:59:41.601 [main] DEBUG o.s.aop.framework.CglibAopProxy - Creating CGLIB proxy: target source is SingletonTargetSource for target object [edu.ncsu.csc.itrust2.controllers.personnel.UserController@5354e3a0]
21:59:41.601 [main] DEBUG o.s.aop.framework.CglibAopProxy - Unable to apply any optimisations to advised method: public java.lang.String edu.ncsu.csc.itrust2.controllers.personnel.UserController.viewDemographics(org.springframework.ui.Model)
21:59:41.601 [main] DEBUG o.s.s.a.p.PrePostAnnotationSecurityMetadataSource - @org.springframework.security.access.prepost.PreAuthorize(value=hasRole(&apos;ROLE_HCP&apos;) or hasRole(&apos;ROLE_ADMIN&apos;)) found on specific method: public java.lang.String edu.ncsu.csc.itrust2.controllers.personnel.UserController.demographicsSubmit(edu.ncsu.csc.itrust2.forms.personnel.PersonnelForm,org.springframework.validation.BindingResult,org.springframework.ui.Model)
21:59:41.602 [main] DEBUG o.s.s.a.m.DelegatingMethodSecurityMetadataSource - Caching method [CacheKey[edu.ncsu.csc.itrust2.controllers.personnel.UserController; public java.lang.String edu.ncsu.csc.itrust2.controllers.personnel.UserController.demographicsSubmit(edu.ncsu.csc.itrust2.forms.personnel.PersonnelForm,org.springframework.validation.BindingResult,org.springframework.ui.Model)]] with attributes [[authorize: &apos;hasRole(&apos;ROLE_HCP&apos;) or hasRole(&apos;ROLE_ADMIN&apos;)&apos;, filter: &apos;null&apos;, filterTarget: &apos;null&apos;]]
21:59:41.602 [main] DEBUG o.s.aop.framework.CglibAopProxy - Unable to apply any optimisations to advised method: public java.lang.String edu.ncsu.csc.itrust2.controllers.personnel.UserController.demographicsSubmit(edu.ncsu.csc.itrust2.forms.personnel.PersonnelForm,org.springframework.validation.BindingResult,org.springframework.ui.Model)
21:59:41.602 [main] DEBUG o.s.aop.framework.CglibAopProxy - Found &apos;equals&apos; method: public boolean java.lang.Object.equals(java.lang.Object)
21:59:41.602 [main] DEBUG o.s.aop.framework.CglibAopProxy - Unable to apply any optimisations to advised method: public java.lang.String java.lang.Object.toString()
21:59:41.602 [main] DEBUG o.s.aop.framework.CglibAopProxy - Found &apos;hashCode&apos; method: public native int java.lang.Object.hashCode()
21:59:41.602 [main] DEBUG o.s.aop.framework.CglibAopProxy - Unable to apply any optimisations to advised method: protected native java.lang.Object java.lang.Object.clone() throws java.lang.CloneNotSupportedException
21:59:41.602 [main] DEBUG o.s.aop.framework.CglibAopProxy - Method is declared on Advised interface: public abstract void org.springframework.aop.framework.Advised.setTargetSource(org.springframework.aop.TargetSource)
21:59:41.602 [main] DEBUG o.s.aop.framework.CglibAopProxy - Method is declared on Advised interface: public abstract org.springframework.aop.TargetSource org.springframework.aop.framework.Advised.getTargetSource()
21:59:41.602 [main] DEBUG o.s.aop.framework.CglibAopProxy - Method is declared on Advised interface: public abstract boolean org.springframework.aop.framework.Advised.isProxyTargetClass()
21:59:41.602 [main] DEBUG o.s.aop.framework.CglibAopProxy - Method is declared on Advised interface: public abstract void org.springframework.aop.framework.Advised.addAdvisor(org.springframework.aop.Advisor) throws org.springframework.aop.framework.AopConfigException
21:59:41.602 [main] DEBUG o.s.aop.framework.CglibAopProxy - Method is declared on Advised interface: public abstract void org.springframework.aop.framework.Advised.addAdvisor(int,org.springframework.aop.Advisor) throws org.springframework.aop.framework.AopConfigException
21:59:41.602 [main] DEBUG o.s.aop.framework.CglibAopProxy - Method is declared on Advised interface: public abstract void org.springframework.aop.framework.Advised.setPreFiltered(boolean)
21:59:41.602 [main] DEBUG o.s.aop.framework.CglibAopProxy - Method is declared on Advised interface: public abstract void org.springframework.aop.framework.Advised.setExposeProxy(boolean)
21:59:41.602 [main] DEBUG o.s.aop.framework.CglibAopProxy - Method is declared on Advised interface: public abstract boolean org.springframework.aop.framework.Advised.isExposeProxy()
21:59:41.602 [main] DEBUG o.s.aop.framework.CglibAopProxy - Method is declared on Advised interface: public abstract boolean org.springframework.aop.framework.Advised.isPreFiltered()
21:59:41.602 [main] DEBUG o.s.aop.framework.CglibAopProxy - Method is declared on Advised interface: public abstract java.lang.Class[] org.springframework.aop.framework.Advised.getProxiedInterfaces()
21:59:41.602 [main] DEBUG o.s.aop.framework.CglibAopProxy - Method is declared on Advised interface: public abstract boolean org.springframework.aop.framework.Advised.isInterfaceProxied(java.lang.Class)
21:59:41.602 [main] DEBUG o.s.aop.framework.CglibAopProxy - Method is declared on Advised interface: public abstract org.springframework.aop.Advisor[] org.springframework.aop.framework.Advised.getAdvisors()
21:59:41.602 [main] DEBUG o.s.aop.framework.CglibAopProxy - Method is declared on Advised interface: public abstract void org.springframework.aop.framework.Advised.removeAdvisor(int) throws org.springframework.aop.framework.AopConfigException
21:59:41.602 [main] DEBUG o.s.aop.framework.CglibAopProxy - Method is declared on Advised interface: public abstract boolean org.springframework.aop.framework.Advised.removeAdvisor(org.springframework.aop.Advisor)
21:59:41.602 [main] DEBUG o.s.aop.framework.CglibAopProxy - Method is declared on Advised interface: public abstract boolean org.springframework.aop.framework.Advised.replaceAdvisor(org.springframework.aop.Advisor,org.springframework.aop.Advisor) throws org.springframework.aop.framework.AopConfigException
21:59:41.602 [main] DEBUG o.s.aop.framework.CglibAopProxy - Method is declared on Advised interface: public abstract boolean org.springframework.aop.framework.Advised.removeAdvice(org.aopalliance.aop.Advice)
21:59:41.602 [main] DEBUG o.s.aop.framework.CglibAopProxy - Method is declared on Advised interface: public abstract java.lang.String org.springframework.aop.framework.Advised.toProxyConfigString()
21:59:41.602 [main] DEBUG o.s.aop.framework.CglibAopProxy - Method is declared on Advised interface: public abstract void org.springframework.aop.framework.Advised.addAdvice(int,org.aopalliance.aop.Advice) throws org.springframework.aop.framework.AopConfigException
21:59:41.602 [main] DEBUG o.s.aop.framework.CglibAopProxy - Method is declared on Advised interface: public abstract void org.springframework.aop.framework.Advised.addAdvice(org.aopalliance.aop.Advice) throws org.springframework.aop.framework.AopConfigException
21:59:41.602 [main] DEBUG o.s.aop.framework.CglibAopProxy - Method is declared on Advised interface: public abstract int org.springframework.aop.framework.Advised.indexOf(org.aopalliance.aop.Advice)
21:59:41.602 [main] DEBUG o.s.aop.framework.CglibAopProxy - Method is declared on Advised interface: public abstract int org.springframework.aop.framework.Advised.indexOf(org.springframework.aop.Advisor)
21:59:41.602 [main] DEBUG o.s.aop.framework.CglibAopProxy - Method is declared on Advised interface: public abstract boolean org.springframework.aop.framework.Advised.isFrozen()
21:59:41.602 [main] DEBUG o.s.aop.framework.CglibAopProxy - Method is declared on Advised interface: public abstract java.lang.Class org.springframework.aop.TargetClassAware.getTargetClass()
21:59:41.606 [main] DEBUG o.s.b.f.s.DefaultListableBeanFactory - Finished creating instance of bean &apos;userController&apos;
21:59:41.606 [main] DEBUG o.s.b.f.s.DefaultListableBeanFactory - Returning cached instance of singleton bean &apos;dataSource&apos;
21:59:41.606 [main] DEBUG o.s.b.f.s.DefaultListableBeanFactory - Returning cached instance of singleton bean &apos;org.springframework.security.config.annotation.configuration.ObjectPostProcessorConfiguration&apos;
21:59:41.606 [main] DEBUG o.s.b.f.s.DefaultListableBeanFactory - Returning cached instance of singleton bean &apos;objectPostProcessor&apos;
21:59:41.606 [main] DEBUG o.s.b.f.s.DefaultListableBeanFactory - Returning cached instance of singleton bean &apos;org.springframework.security.config.annotation.authentication.configuration.AuthenticationConfiguration&apos;
21:59:41.606 [main] DEBUG o.s.b.f.s.DefaultListableBeanFactory - Returning cached instance of singleton bean &apos;authenticationManagerBuilder&apos;
21:59:41.606 [main] DEBUG o.s.b.f.s.DefaultListableBeanFactory - Returning cached instance of singleton bean &apos;enableGlobalAuthenticationAutowiredConfigurer&apos;
21:59:41.606 [main] DEBUG o.s.b.f.s.DefaultListableBeanFactory - Returning cached instance of singleton bean &apos;initializeUserDetailsBeanManagerConfigurer&apos;
21:59:41.606 [main] DEBUG o.s.b.f.s.DefaultListableBeanFactory - Returning cached instance of singleton bean &apos;initializeAuthenticationProviderBeanManagerConfigurer&apos;
21:59:41.606 [main] DEBUG o.s.b.f.s.DefaultListableBeanFactory - Creating shared instance of singleton bean &apos;org.springframework.security.config.annotation.web.configuration.WebSecurityConfiguration&apos;
21:59:41.606 [main] DEBUG o.s.b.f.s.DefaultListableBeanFactory - Creating instance of bean &apos;org.springframework.security.config.annotation.web.configuration.WebSecurityConfiguration&apos;
21:59:41.608 [main] DEBUG o.s.b.f.annotation.InjectionMetadata - Registered injected element on class [org.springframework.security.config.annotation.web.configuration.WebSecurityConfiguration$$EnhancerBySpringCGLIB$$150881e6]: AutowiredFieldElement for private org.springframework.security.config.annotation.ObjectPostProcessor org.springframework.security.config.annotation.web.configuration.WebSecurityConfiguration.objectObjectPostProcessor
21:59:41.608 [main] DEBUG o.s.b.f.annotation.InjectionMetadata - Registered injected element on class [org.springframework.security.config.annotation.web.configuration.WebSecurityConfiguration$$EnhancerBySpringCGLIB$$150881e6]: AutowiredMethodElement for public void org.springframework.security.config.annotation.web.configuration.WebSecurityConfiguration.setFilterChainProxySecurityConfigurer(org.springframework.security.config.annotation.ObjectPostProcessor,java.util.List) throws java.lang.Exception
21:59:41.608 [main] DEBUG o.s.b.f.s.DefaultListableBeanFactory - Eagerly caching bean &apos;org.springframework.security.config.annotation.web.configuration.WebSecurityConfiguration&apos; to allow for resolving potential circular references
21:59:41.608 [main] DEBUG o.s.b.f.annotation.InjectionMetadata - Processing injected element of bean &apos;org.springframework.security.config.annotation.web.configuration.WebSecurityConfiguration&apos;: AutowiredFieldElement for private org.springframework.security.config.annotation.ObjectPostProcessor org.springframework.security.config.annotation.web.configuration.WebSecurityConfiguration.objectObjectPostProcessor
21:59:41.608 [main] DEBUG o.s.b.f.s.DefaultListableBeanFactory - Returning cached instance of singleton bean &apos;objectPostProcessor&apos;
21:59:41.608 [main] DEBUG o.s.b.f.a.AutowiredAnnotationBeanPostProcessor - Autowiring by type from bean name &apos;org.springframework.security.config.annotation.web.configuration.WebSecurityConfiguration&apos; to bean named &apos;objectPostProcessor&apos;
21:59:41.608 [main] DEBUG o.s.b.f.annotation.InjectionMetadata - Processing injected element of bean &apos;org.springframework.security.config.annotation.web.configuration.WebSecurityConfiguration&apos;: AutowiredMethodElement for public void org.springframework.security.config.annotation.web.configuration.WebSecurityConfiguration.setFilterChainProxySecurityConfigurer(org.springframework.security.config.annotation.ObjectPostProcessor,java.util.List) throws java.lang.Exception
21:59:41.608 [main] DEBUG o.s.b.f.s.DefaultListableBeanFactory - Returning cached instance of singleton bean &apos;objectPostProcessor&apos;
21:59:41.608 [main] DEBUG o.s.b.f.s.DefaultListableBeanFactory - Creating shared instance of singleton bean &apos;autowiredWebSecurityConfigurersIgnoreParents&apos;
21:59:41.608 [main] DEBUG o.s.b.f.s.DefaultListableBeanFactory - Creating instance of bean &apos;autowiredWebSecurityConfigurersIgnoreParents&apos;
21:59:41.608 [main] DEBUG o.s.b.f.s.DefaultListableBeanFactory - Returning cached instance of singleton bean &apos;metaDataSourceAdvisor&apos;
21:59:41.609 [main] DEBUG o.s.b.f.s.DefaultListableBeanFactory - Returning eagerly cached instance of singleton bean &apos;org.springframework.security.config.annotation.web.configuration.WebSecurityConfiguration&apos; that is not fully initialized yet - a consequence of a circular reference
21:59:41.610 [main] DEBUG o.s.b.f.s.DefaultListableBeanFactory - Autowiring by type from bean name &apos;autowiredWebSecurityConfigurersIgnoreParents&apos; via factory method to bean named &apos;org.springframework.beans.factory.support.DefaultListableBeanFactory@3f7689dd&apos;
21:59:41.610 [main] DEBUG o.s.b.f.s.DefaultListableBeanFactory - Eagerly caching bean &apos;autowiredWebSecurityConfigurersIgnoreParents&apos; to allow for resolving potential circular references
21:59:41.610 [main] DEBUG o.s.b.f.s.DefaultListableBeanFactory - Returning cached instance of singleton bean &apos;metaDataSourceAdvisor&apos;
21:59:41.610 [main] DEBUG o.s.b.f.s.DefaultListableBeanFactory - Finished creating instance of bean &apos;autowiredWebSecurityConfigurersIgnoreParents&apos;
21:59:41.611 [main] DEBUG o.s.b.f.s.DefaultListableBeanFactory - Returning cached instance of singleton bean &apos;securityConfig&apos;
21:59:41.611 [main] DEBUG o.s.b.f.a.AutowiredAnnotationBeanPostProcessor - Autowiring by type from bean name &apos;org.springframework.security.config.annotation.web.configuration.WebSecurityConfiguration&apos; to bean named &apos;objectPostProcessor&apos;
21:59:41.611 [main] DEBUG o.s.b.f.s.DefaultListableBeanFactory - Returning cached instance of singleton bean &apos;metaDataSourceAdvisor&apos;
21:59:41.614 [main] DEBUG o.s.b.f.s.DefaultListableBeanFactory - Returning cached instance of singleton bean &apos;org.springframework.context.annotation.ConfigurationClassPostProcessor.importRegistry&apos;
21:59:41.614 [main] DEBUG o.s.b.f.s.DefaultListableBeanFactory - Finished creating instance of bean &apos;org.springframework.security.config.annotation.web.configuration.WebSecurityConfiguration&apos;
21:59:41.614 [main] DEBUG o.s.b.f.s.DefaultListableBeanFactory - Creating shared instance of singleton bean &apos;delegatingApplicationListener&apos;
21:59:41.614 [main] DEBUG o.s.b.f.s.DefaultListableBeanFactory - Creating instance of bean &apos;delegatingApplicationListener&apos;
21:59:41.614 [main] DEBUG o.s.b.f.s.DefaultListableBeanFactory - Eagerly caching bean &apos;delegatingApplicationListener&apos; to allow for resolving potential circular references
21:59:41.615 [main] DEBUG o.s.b.f.s.DefaultListableBeanFactory - Returning cached instance of singleton bean &apos;metaDataSourceAdvisor&apos;
21:59:41.615 [main] DEBUG o.s.b.f.s.DefaultListableBeanFactory - Finished creating instance of bean &apos;delegatingApplicationListener&apos;
21:59:41.615 [main] DEBUG o.s.b.f.s.DefaultListableBeanFactory - Creating shared instance of singleton bean &apos;springSecurityFilterChain&apos;
21:59:41.615 [main] DEBUG o.s.b.f.s.DefaultListableBeanFactory - Creating instance of bean &apos;springSecurityFilterChain&apos;
21:59:41.615 [main] DEBUG o.s.b.f.s.DefaultListableBeanFactory - Returning cached instance of singleton bean &apos;org.springframework.security.config.annotation.web.configuration.WebSecurityConfiguration&apos;
21:59:41.615 [main] DEBUG o.s.b.f.s.DefaultListableBeanFactory - Returning cached instance of singleton bean &apos;metaDataSourceAdvisor&apos;
21:59:41.615 [main] DEBUG o.s.b.f.s.DefaultListableBeanFactory - Returning cached instance of singleton bean &apos;webMvcConfiguration&apos;
21:59:41.615 [main] DEBUG o.s.b.f.s.DefaultListableBeanFactory - Returning cached instance of singleton bean &apos;securityConfig&apos;
21:59:41.615 [main] DEBUG o.s.s.c.a.a.c.AuthenticationConfiguration$EnableGlobalAuthenticationAutowiredConfigurer - Eagerly initializing {webMvcConfiguration=edu.ncsu.csc.itrust2.mvc.config.WebMvcConfiguration$$EnhancerBySpringCGLIB$$de7b09d5@3428289, securityConfig=edu.ncsu.csc.itrust2.config.SecurityConfig$$EnhancerBySpringCGLIB$$f88fd361@4ecb21}
21:59:41.615 [main] DEBUG o.s.b.f.s.DefaultListableBeanFactory - Invoking afterPropertiesSet() on bean with name &apos;org.springframework.security.authentication.dao.DaoAuthenticationProvider@320e3c0a&apos;
21:59:41.615 [main] DEBUG o.s.b.f.s.DefaultListableBeanFactory - Returning cached instance of singleton bean &apos;metaDataSourceAdvisor&apos;
21:59:41.617 [main] DEBUG o.s.b.f.s.DefaultListableBeanFactory - Invoking afterPropertiesSet() on bean with name &apos;org.springframework.security.authentication.ProviderManager@45187492&apos;
21:59:41.617 [main] DEBUG o.s.b.f.s.DefaultListableBeanFactory - Returning cached instance of singleton bean &apos;metaDataSourceAdvisor&apos;
21:59:41.619 [main] DEBUG o.s.b.f.s.DefaultListableBeanFactory - Returning cached instance of singleton bean &apos;authenticationManagerBuilder&apos;
21:59:41.619 [main] DEBUG o.s.w.c.s.StandardServletEnvironment - Adding [servletConfigInitParams] PropertySource with lowest search precedence
21:59:41.619 [main] DEBUG o.s.w.c.s.StandardServletEnvironment - Adding [servletContextInitParams] PropertySource with lowest search precedence
21:59:41.619 [main] DEBUG o.s.w.c.s.StandardServletEnvironment - Adding [systemProperties] PropertySource with lowest search precedence
21:59:41.619 [main] DEBUG o.s.w.c.s.StandardServletEnvironment - Adding [systemEnvironment] PropertySource with lowest search precedence
21:59:41.619 [main] DEBUG o.s.w.c.s.StandardServletEnvironment - Initialized StandardServletEnvironment with PropertySources [servletConfigInitParams,servletContextInitParams,systemProperties,systemEnvironment]
21:59:41.619 [main] DEBUG o.s.w.c.s.StandardServletEnvironment - Adding [servletConfigInitParams] PropertySource with lowest search precedence
21:59:41.619 [main] DEBUG o.s.w.c.s.StandardServletEnvironment - Adding [servletContextInitParams] PropertySource with lowest search precedence
21:59:41.619 [main] DEBUG o.s.w.c.s.StandardServletEnvironment - Adding [systemProperties] PropertySource with lowest search precedence
21:59:41.619 [main] DEBUG o.s.w.c.s.StandardServletEnvironment - Adding [systemEnvironment] PropertySource with lowest search precedence
21:59:41.619 [main] DEBUG o.s.w.c.s.StandardServletEnvironment - Initialized StandardServletEnvironment with PropertySources [servletConfigInitParams,servletContextInitParams,systemProperties,systemEnvironment]
21:59:41.619 [main] DEBUG o.s.w.c.s.StandardServletEnvironment - Adding [servletConfigInitParams] PropertySource with lowest search precedence
21:59:41.619 [main] DEBUG o.s.w.c.s.StandardServletEnvironment - Adding [servletContextInitParams] PropertySource with lowest search precedence
21:59:41.619 [main] DEBUG o.s.w.c.s.StandardServletEnvironment - Adding [systemProperties] PropertySource with lowest search precedence
21:59:41.619 [main] DEBUG o.s.w.c.s.StandardServletEnvironment - Adding [systemEnvironment] PropertySource with lowest search precedence
21:59:41.619 [main] DEBUG o.s.w.c.s.StandardServletEnvironment - Initialized StandardServletEnvironment with PropertySources [servletConfigInitParams,servletContextInitParams,systemProperties,systemEnvironment]
21:59:41.620 [main] DEBUG o.s.b.f.s.DefaultListableBeanFactory - Creating shared instance of singleton bean &apos;ipBlockFilter&apos;
21:59:41.620 [main] DEBUG o.s.b.f.s.DefaultListableBeanFactory - Creating instance of bean &apos;ipBlockFilter&apos;
21:59:41.620 [main] DEBUG o.s.b.f.s.DefaultListableBeanFactory - Returning cached instance of singleton bean &apos;securityConfig&apos;
21:59:41.620 [main] DEBUG o.s.w.c.s.StandardServletEnvironment - Adding [servletConfigInitParams] PropertySource with lowest search precedence
21:59:41.620 [main] DEBUG o.s.w.c.s.StandardServletEnvironment - Adding [servletContextInitParams] PropertySource with lowest search precedence
21:59:41.620 [main] DEBUG o.s.w.c.s.StandardServletEnvironment - Adding [systemProperties] PropertySource with lowest search precedence
21:59:41.620 [main] DEBUG o.s.w.c.s.StandardServletEnvironment - Adding [systemEnvironment] PropertySource with lowest search precedence
21:59:41.620 [main] DEBUG o.s.w.c.s.StandardServletEnvironment - Initialized StandardServletEnvironment with PropertySources [servletConfigInitParams,servletContextInitParams,systemProperties,systemEnvironment]
21:59:41.620 [main] DEBUG o.s.b.f.s.DefaultListableBeanFactory - Eagerly caching bean &apos;ipBlockFilter&apos; to allow for resolving potential circular references
21:59:41.622 [main] DEBUG o.s.b.f.s.DefaultListableBeanFactory - Invoking afterPropertiesSet() on bean with name &apos;ipBlockFilter&apos;
21:59:41.622 [main] DEBUG o.s.b.f.s.DefaultListableBeanFactory - Returning cached instance of singleton bean &apos;metaDataSourceAdvisor&apos;
21:59:41.623 [main] DEBUG o.s.b.f.s.DefaultListableBeanFactory - Finished creating instance of bean &apos;ipBlockFilter&apos;
21:59:41.623 [main] DEBUG o.s.w.c.s.StandardServletEnvironment - Adding [servletConfigInitParams] PropertySource with lowest search precedence
21:59:41.623 [main] DEBUG o.s.w.c.s.StandardServletEnvironment - Adding [servletContextInitParams] PropertySource with lowest search precedence
21:59:41.623 [main] DEBUG o.s.w.c.s.StandardServletEnvironment - Adding [systemProperties] PropertySource with lowest search precedence
21:59:41.623 [main] DEBUG o.s.w.c.s.StandardServletEnvironment - Adding [systemEnvironment] PropertySource with lowest search precedence
21:59:41.623 [main] DEBUG o.s.w.c.s.StandardServletEnvironment - Initialized StandardServletEnvironment with PropertySources [servletConfigInitParams,servletContextInitParams,systemProperties,systemEnvironment]
21:59:41.623 [main] DEBUG o.s.b.f.s.DefaultListableBeanFactory - Retrieved dependent beans for bean &apos;springSecurityFilterChain&apos;: [webSecurityExpressionHandler]
21:59:41.623 [main] WARN  o.s.w.c.s.GenericWebApplicationContext - Exception encountered during context initialization - cancelling refresh attempt: org.springframework.beans.factory.BeanCreationException: Error creating bean with name &apos;springSecurityFilterChain&apos; defined in class path resource [org/springframework/security/config/annotation/web/configuration/WebSecurityConfiguration.class]: Bean instantiation via factory method failed; nested exception is org.springframework.beans.BeanInstantiationException: Failed to instantiate [javax.servlet.Filter]: Factory method &apos;springSecurityFilterChain&apos; threw exception; nested exception is java.lang.IllegalArgumentException: &apos;Savings Account?error&apos; is not a valid redirect URL
21:59:41.623 [main] DEBUG o.s.b.f.s.DefaultListableBeanFactory - Destroying singletons in org.springframework.beans.factory.support.DefaultListableBeanFactory@3f7689dd: defining beans [org.springframework.context.annotation.internalConfigurationAnnotationProcessor,org.springframework.context.annotation.internalAutowiredAnnotationProcessor,org.springframework.context.annotation.internalRequiredAnnotationProcessor,org.springframework.context.annotation.internalCommonAnnotationProcessor,org.springframework.context.annotation.internalPersistenceAnnotationProcessor,org.springframework.context.event.internalEventListenerProcessor,org.springframework.context.event.internalEventListenerFactory,rootConfiguration,webMvcConfiguration,dataConfiguration,loginAuditingListener,securityConfig,defaultController,adminController,adminUserController,hospitalController,ICDCodesController,APIAppointmentRequestController,APIDiagnosisController,APIDrugController,APIEnumController,APIHospitalController,APIICDCodeController,APILogEntryController,APIOfficeVisitController,APIPasswordController,APIPatientController,APIPersonnelController,APIPrescriptionController,APIUserController,appointmentControllerHCP,HCPController,officeVisitController,appointmentController,diagnosesController,patientController,passwordController,userController,dataSource,org.springframework.security.config.annotation.configuration.ObjectPostProcessorConfiguration,objectPostProcessor,org.springframework.security.config.annotation.authentication.configuration.AuthenticationConfiguration,authenticationManagerBuilder,enableGlobalAuthenticationAutowiredConfigurer,initializeUserDetailsBeanManagerConfigurer,initializeAuthenticationProviderBeanManagerConfigurer,org.springframework.security.config.annotation.web.configuration.WebSecurityConfiguration,delegatingApplicationListener,webSecurityExpressionHandler,springSecurityFilterChain,privilegeEvaluator,autowiredWebSecurityConfigurersIgnoreParents,org.springframework.security.config.annotation.web.configuration.WebMvcSecurityConfiguration,requestDataValueProcessor,passwordEncoder,defaultAuthenticationEventPublisher,failureHandler,ipBlockFilter,org.springframework.web.servlet.config.annotation.DelegatingWebMvcConfiguration,mvcConversionService,requestMappingHandlerMapping,mvcPathMatcher,mvcUrlPathHelper,mvcContentNegotiationManager,viewControllerHandlerMapping,beanNameHandlerMapping,resourceHandlerMapping,mvcResourceUrlProvider,defaultServletHandlerMapping,requestMappingHandlerAdapter,mvcValidator,mvcUriComponentsContributor,httpRequestHandlerAdapter,simpleControllerHandlerAdapter,handlerExceptionResolver,mvcViewResolver,org.springframework.security.config.annotation.method.configuration.GlobalMethodSecurityConfiguration,methodSecurityInterceptor,methodSecurityMetadataSource,preInvocationAuthorizationAdvice,viewResolver,templateEngine,domainClassConverter,metaDataSourceAdvisor,org.springframework.aop.config.internalAutoProxyCreator]; root of factory hierarchy
21:59:41.623 [main] DEBUG o.s.b.f.s.DisposableBeanAdapter - Invoking destroy() on bean with name &apos;ipBlockFilter&apos;
21:59:41.623 [main] DEBUG o.s.b.f.s.DefaultListableBeanFactory - Retrieved dependent beans for bean &apos;objectPostProcessor&apos;: [org.springframework.security.config.annotation.method.configuration.GlobalMethodSecurityConfiguration, securityConfig, org.springframework.security.config.annotation.authentication.configuration.AuthenticationConfiguration, authenticationManagerBuilder, org.springframework.security.config.annotation.web.configuration.WebSecurityConfiguration]
21:59:41.623 [main] DEBUG o.s.b.f.s.DisposableBeanAdapter - Invoking destroy() on bean with name &apos;objectPostProcessor&apos;
21:59:41.624 [main] ERROR o.s.test.context.TestContextManager - Caught exception while allowing TestExecutionListener [org.springframework.test.context.web.ServletTestExecutionListener@44af3cc9] to prepare test instance [edu.ncsu.csc.itrust2.apitest.APIPatientTest@46aacd17]
java.lang.IllegalStateException: Failed to load ApplicationContext
	at org.springframework.test.context.cache.DefaultCacheAwareContextLoaderDelegate.loadContext(DefaultCacheAwareContextLoaderDelegate.java:124) ~[spring-test-4.3.5.RELEASE.jar:4.3.5.RELEASE]
	at org.springframework.test.context.support.DefaultTestContext.getApplicationContext(DefaultTestContext.java:83) ~[spring-test-4.3.5.RELEASE.jar:4.3.5.RELEASE]
	at org.springframework.test.context.web.ServletTestExecutionListener.setUpRequestContextIfNecessary(ServletTestExecutionListener.java:189) ~[spring-test-4.3.5.RELEASE.jar:4.3.5.RELEASE]
	at org.springframework.test.context.web.ServletTestExecutionListener.prepareTestInstance(ServletTestExecutionListener.java:131) ~[spring-test-4.3.5.RELEASE.jar:4.3.5.RELEASE]
	at org.springframework.test.context.TestContextManager.prepareTestInstance(TestContextManager.java:230) ~[spring-test-4.3.5.RELEASE.jar:4.3.5.RELEASE]
	at org.springframework.test.context.junit4.SpringJUnit4ClassRunner.createTest(SpringJUnit4ClassRunner.java:228) [spring-test-4.3.5.RELEASE.jar:4.3.5.RELEASE]
	at org.springframework.test.context.junit4.SpringJUnit4ClassRunner$1.runReflectiveCall(SpringJUnit4ClassRunner.java:287) [spring-test-4.3.5.RELEASE.jar:4.3.5.RELEASE]
	at org.junit.internal.runners.model.ReflectiveCallable.run(ReflectiveCallable.java:12) [junit-4.12.jar:4.12]
	at org.springframework.test.context.junit4.SpringJUnit4ClassRunner.methodBlock(SpringJUnit4ClassRunner.java:289) [spring-test-4.3.5.RELEASE.jar:4.3.5.RELEASE]
	at org.springframework.test.context.junit4.SpringJUnit4ClassRunner.runChild(SpringJUnit4ClassRunner.java:247) [spring-test-4.3.5.RELEASE.jar:4.3.5.RELEASE]
	at org.springframework.test.context.junit4.SpringJUnit4ClassRunner.runChild(SpringJUnit4ClassRunner.java:94) [spring-test-4.3.5.RELEASE.jar:4.3.5.RELEASE]
	at org.junit.runners.ParentRunner$3.run(ParentRunner.java:290) [junit-4.12.jar:4.12]
	at org.junit.runners.ParentRunner$1.schedule(ParentRunner.java:71) [junit-4.12.jar:4.12]
	at org.junit.runners.ParentRunner.runChildren(ParentRunner.java:288) [junit-4.12.jar:4.12]
	at org.junit.runners.ParentRunner.access$000(ParentRunner.java:58) [junit-4.12.jar:4.12]
	at org.junit.runners.ParentRunner$2.evaluate(ParentRunner.java:268) [junit-4.12.jar:4.12]
	at org.springframework.test.context.junit4.statements.RunBeforeTestClassCallbacks.evaluate(RunBeforeTestClassCallbacks.java:61) [spring-test-4.3.5.RELEASE.jar:4.3.5.RELEASE]
	at org.springframework.test.context.junit4.statements.RunAfterTestClassCallbacks.evaluate(RunAfterTestClassCallbacks.java:70) [spring-test-4.3.5.RELEASE.jar:4.3.5.RELEASE]
	at org.junit.runners.ParentRunner.run(ParentRunner.java:363) [junit-4.12.jar:4.12]
	at org.springframework.test.context.junit4.SpringJUnit4ClassRunner.run(SpringJUnit4ClassRunner.java:191) [spring-test-4.3.5.RELEASE.jar:4.3.5.RELEASE]
	at org.apache.maven.surefire.junit4.JUnit4Provider.execute(JUnit4Provider.java:365) [surefire-junit4-2.20.jar:2.20]
	at org.apache.maven.surefire.junit4.JUnit4Provider.executeWithRerun(JUnit4Provider.java:272) [surefire-junit4-2.20.jar:2.20]
	at org.apache.maven.surefire.junit4.JUnit4Provider.executeTestSet(JUnit4Provider.java:236) [surefire-junit4-2.20.jar:2.20]
	at org.apache.maven.surefire.junit4.JUnit4Provider.invoke(JUnit4Provider.java:159) [surefire-junit4-2.20.jar:2.20]
	at org.apache.maven.surefire.booter.ForkedBooter.invokeProviderInSameClassLoader(ForkedBooter.java:386) [surefire-booter-2.20.jar:2.20]
	at org.apache.maven.surefire.booter.ForkedBooter.runSuitesInProcess(ForkedBooter.java:323) [surefire-booter-2.20.jar:2.20]
	at org.apache.maven.surefire.booter.ForkedBooter.main(ForkedBooter.java:143) [surefire-booter-2.20.jar:2.20]
Caused by: org.springframework.beans.factory.BeanCreationException: Error creating bean with name &apos;springSecurityFilterChain&apos; defined in class path resource [org/springframework/security/config/annotation/web/configuration/WebSecurityConfiguration.class]: Bean instantiation via factory method failed; nested exception is org.springframework.beans.BeanInstantiationException: Failed to instantiate [javax.servlet.Filter]: Factory method &apos;springSecurityFilterChain&apos; threw exception; nested exception is java.lang.IllegalArgumentException: &apos;Savings Account?error&apos; is not a valid redirect URL
	at org.springframework.beans.factory.support.ConstructorResolver.instantiateUsingFactoryMethod(ConstructorResolver.java:599) ~[spring-beans-4.3.5.RELEASE.jar:4.3.5.RELEASE]
	at org.springframework.beans.factory.support.AbstractAutowireCapableBeanFactory.instantiateUsingFactoryMethod(AbstractAutowireCapableBeanFactory.java:1134) ~[spring-beans-4.3.5.RELEASE.jar:4.3.5.RELEASE]
	at org.springframework.beans.factory.support.AbstractAutowireCapableBeanFactory.createBeanInstance(AbstractAutowireCapableBeanFactory.java:1028) ~[spring-beans-4.3.5.RELEASE.jar:4.3.5.RELEASE]
	at org.springframework.beans.factory.support.AbstractAutowireCapableBeanFactory.doCreateBean(AbstractAutowireCapableBeanFactory.java:513) ~[spring-beans-4.3.5.RELEASE.jar:4.3.5.RELEASE]
	at org.springframework.beans.factory.support.AbstractAutowireCapableBeanFactory.createBean(AbstractAutowireCapableBeanFactory.java:483) ~[spring-beans-4.3.5.RELEASE.jar:4.3.5.RELEASE]
	at org.springframework.beans.factory.support.AbstractBeanFactory$1.getObject(AbstractBeanFactory.java:306) ~[spring-beans-4.3.5.RELEASE.jar:4.3.5.RELEASE]
	at org.springframework.beans.factory.support.DefaultSingletonBeanRegistry.getSingleton(DefaultSingletonBeanRegistry.java:230) ~[spring-beans-4.3.5.RELEASE.jar:4.3.5.RELEASE]
	at org.springframework.beans.factory.support.AbstractBeanFactory.doGetBean(AbstractBeanFactory.java:302) ~[spring-beans-4.3.5.RELEASE.jar:4.3.5.RELEASE]
	at org.springframework.beans.factory.support.AbstractBeanFactory.getBean(AbstractBeanFactory.java:197) ~[spring-beans-4.3.5.RELEASE.jar:4.3.5.RELEASE]
	at org.springframework.beans.factory.support.AbstractBeanFactory.doGetBean(AbstractBeanFactory.java:296) ~[spring-beans-4.3.5.RELEASE.jar:4.3.5.RELEASE]
	at org.springframework.beans.factory.support.AbstractBeanFactory.getBean(AbstractBeanFactory.java:197) ~[spring-beans-4.3.5.RELEASE.jar:4.3.5.RELEASE]
	at org.springframework.beans.factory.support.DefaultListableBeanFactory.preInstantiateSingletons(DefaultListableBeanFactory.java:759) ~[spring-beans-4.3.5.RELEASE.jar:4.3.5.RELEASE]
	at org.springframework.context.support.AbstractApplicationContext.finishBeanFactoryInitialization(AbstractApplicationContext.java:866) ~[spring-context-4.3.5.RELEASE.jar:4.3.5.RELEASE]
	at org.springframework.context.support.AbstractApplicationContext.refresh(AbstractApplicationContext.java:542) ~[spring-context-4.3.5.RELEASE.jar:4.3.5.RELEASE]
	at org.springframework.test.context.web.AbstractGenericWebContextLoader.loadContext(AbstractGenericWebContextLoader.java:134) ~[spring-test-4.3.5.RELEASE.jar:4.3.5.RELEASE]
	at org.springframework.test.context.web.AbstractGenericWebContextLoader.loadContext(AbstractGenericWebContextLoader.java:61) ~[spring-test-4.3.5.RELEASE.jar:4.3.5.RELEASE]
	at org.springframework.test.context.support.AbstractDelegatingSmartContextLoader.delegateLoading(AbstractDelegatingSmartContextLoader.java:108) ~[spring-test-4.3.5.RELEASE.jar:4.3.5.RELEASE]
	at org.springframework.test.context.support.AbstractDelegatingSmartContextLoader.loadContext(AbstractDelegatingSmartContextLoader.java:251) ~[spring-test-4.3.5.RELEASE.jar:4.3.5.RELEASE]
	at org.springframework.test.context.cache.DefaultCacheAwareContextLoaderDelegate.loadContextInternal(DefaultCacheAwareContextLoaderDelegate.java:98) ~[spring-test-4.3.5.RELEASE.jar:4.3.5.RELEASE]
	at org.springframework.test.context.cache.DefaultCacheAwareContextLoaderDelegate.loadContext(DefaultCacheAwareContextLoaderDelegate.java:116) ~[spring-test-4.3.5.RELEASE.jar:4.3.5.RELEASE]
	... 26 common frames omitted
Caused by: org.springframework.beans.BeanInstantiationException: Failed to instantiate [javax.servlet.Filter]: Factory method &apos;springSecurityFilterChain&apos; threw exception; nested exception is java.lang.IllegalArgumentException: &apos;Savings Account?error&apos; is not a valid redirect URL
	at org.springframework.beans.factory.support.SimpleInstantiationStrategy.instantiate(SimpleInstantiationStrategy.java:189) ~[spring-beans-4.3.5.RELEASE.jar:4.3.5.RELEASE]
	at org.springframework.beans.factory.support.ConstructorResolver.instantiateUsingFactoryMethod(ConstructorResolver.java:588) ~[spring-beans-4.3.5.RELEASE.jar:4.3.5.RELEASE]
	... 45 common frames omitted
Caused by: java.lang.IllegalArgumentException: &apos;Savings Account?error&apos; is not a valid redirect URL
	at org.springframework.util.Assert.isTrue(Assert.java:68) ~[spring-core-4.3.5.RELEASE.jar:4.3.5.RELEASE]
	at org.springframework.security.web.authentication.SimpleUrlAuthenticationFailureHandler.setDefaultFailureUrl(SimpleUrlAuthenticationFailureHandler.java:125) ~[spring-security-web-4.2.2.RELEASE.jar:4.2.2.RELEASE]
	at org.springframework.security.web.authentication.SimpleUrlAuthenticationFailureHandler.&lt;init&gt;(SimpleUrlAuthenticationFailureHandler.java:60) ~[spring-security-web-4.2.2.RELEASE.jar:4.2.2.RELEASE]
	at org.springframework.security.config.annotation.web.configurers.AbstractAuthenticationFilterConfigurer.failureUrl(AbstractAuthenticationFilterConfigurer.java:206) ~[spring-security-config-4.2.2.RELEASE.jar:4.2.2.RELEASE]
	at org.springframework.security.config.annotation.web.configurers.AbstractAuthenticationFilterConfigurer.updateAuthenticationDefaults(AbstractAuthenticationFilterConfigurer.java:368) ~[spring-security-config-4.2.2.RELEASE.jar:4.2.2.RELEASE]
	at org.springframework.security.config.annotation.web.configurers.AbstractAuthenticationFilterConfigurer.loginPage(AbstractAuthenticationFilterConfigurer.java:308) ~[spring-security-config-4.2.2.RELEASE.jar:4.2.2.RELEASE]
	at org.springframework.security.config.annotation.web.configurers.FormLoginConfigurer.loginPage(FormLoginConfigurer.java:183) ~[spring-security-config-4.2.2.RELEASE.jar:4.2.2.RELEASE]
	at edu.ncsu.csc.itrust2.config.SecurityConfig.configure(SecurityConfig.java:89) ~[classes/:na]
	at org.springframework.security.config.annotation.web.configuration.WebSecurityConfigurerAdapter.getHttp(WebSecurityConfigurerAdapter.java:224) ~[spring-security-config-4.2.2.RELEASE.jar:4.2.2.RELEASE]
	at org.springframework.security.config.annotation.web.configuration.WebSecurityConfigurerAdapter.init(WebSecurityConfigurerAdapter.java:315) ~[spring-security-config-4.2.2.RELEASE.jar:4.2.2.RELEASE]
	at org.springframework.security.config.annotation.web.configuration.WebSecurityConfigurerAdapter.init(WebSecurityConfigurerAdapter.java:86) ~[spring-security-config-4.2.2.RELEASE.jar:4.2.2.RELEASE]
	at edu.ncsu.csc.itrust2.config.SecurityConfig$$EnhancerBySpringCGLIB$$f88fd361.init(&lt;generated&gt;) ~[classes/:na]
	at org.springframework.security.config.annotation.AbstractConfiguredSecurityBuilder.init(AbstractConfiguredSecurityBuilder.java:371) ~[spring-security-config-4.2.2.RELEASE.jar:4.2.2.RELEASE]
	at org.springframework.security.config.annotation.AbstractConfiguredSecurityBuilder.doBuild(AbstractConfiguredSecurityBuilder.java:325) ~[spring-security-config-4.2.2.RELEASE.jar:4.2.2.RELEASE]
	at org.springframework.security.config.annotation.AbstractSecurityBuilder.build(AbstractSecurityBuilder.java:41) ~[spring-security-config-4.2.2.RELEASE.jar:4.2.2.RELEASE]
	at org.springframework.security.config.annotation.web.configuration.WebSecurityConfiguration.springSecurityFilterChain(WebSecurityConfiguration.java:104) ~[spring-security-config-4.2.2.RELEASE.jar:4.2.2.RELEASE]
	at org.springframework.security.config.annotation.web.configuration.WebSecurityConfiguration$$EnhancerBySpringCGLIB$$150881e6.CGLIB$springSecurityFilterChain$4(&lt;generated&gt;) ~[spring-security-config-4.2.2.RELEASE.jar:4.2.2.RELEASE]
	at org.springframework.security.config.annotation.web.configuration.WebSecurityConfiguration$$EnhancerBySpringCGLIB$$150881e6$$FastClassBySpringCGLIB$$f9839e81.invoke(&lt;generated&gt;) ~[spring-security-config-4.2.2.RELEASE.jar:4.2.2.RELEASE]
	at org.springframework.cglib.proxy.MethodProxy.invokeSuper(MethodProxy.java:228) ~[spring-core-4.3.5.RELEASE.jar:4.3.5.RELEASE]
	at org.springframework.context.annotation.ConfigurationClassEnhancer$BeanMethodInterceptor.intercept(ConfigurationClassEnhancer.java:356) ~[spring-context-4.3.5.RELEASE.jar:4.3.5.RELEASE]
	at org.springframework.security.config.annotation.web.configuration.WebSecurityConfiguration$$EnhancerBySpringCGLIB$$150881e6.springSecurityFilterChain(&lt;generated&gt;) ~[spring-security-config-4.2.2.RELEASE.jar:4.2.2.RELEASE]
	at sun.reflect.GeneratedMethodAccessor103.invoke(Unknown Source) ~[na:na]
	at sun.reflect.DelegatingMethodAccessorImpl.invoke(DelegatingMethodAccessorImpl.java:43) ~[na:1.8.0_151]
	at java.lang.reflect.Method.invoke(Method.java:498) ~[na:1.8.0_151]
	at org.springframework.beans.factory.support.SimpleInstantiationStrategy.instantiate(SimpleInstantiationStrategy.java:162) ~[spring-beans-4.3.5.RELEASE.jar:4.3.5.RELEASE]
	... 46 common frames omitted
</stdout>
          <failedSince>1</failedSince>
        </case>
        <case>
          <duration>0.0</duration>
          <className>edu.ncsu.csc.itrust2.apitest.APIPatientTest</className>
          <testName>testPatientUnauthenticated</testName>
          <skipped>false</skipped>
          <errorStackTrace>java.lang.IllegalStateException: Failed to load ApplicationContext
Caused by: org.springframework.beans.factory.BeanCreationException: Error creating bean with name &apos;springSecurityFilterChain&apos; defined in class path resource [org/springframework/security/config/annotation/web/configuration/WebSecurityConfiguration.class]: Bean instantiation via factory method failed; nested exception is org.springframework.beans.BeanInstantiationException: Failed to instantiate [javax.servlet.Filter]: Factory method &apos;springSecurityFilterChain&apos; threw exception; nested exception is java.lang.IllegalArgumentException: &apos;Savings Account?error&apos; is not a valid redirect URL
Caused by: org.springframework.beans.BeanInstantiationException: Failed to instantiate [javax.servlet.Filter]: Factory method &apos;springSecurityFilterChain&apos; threw exception; nested exception is java.lang.IllegalArgumentException: &apos;Savings Account?error&apos; is not a valid redirect URL
Caused by: java.lang.IllegalArgumentException: &apos;Savings Account?error&apos; is not a valid redirect URL
</errorStackTrace>
          <errorDetails>Failed to load ApplicationContext</errorDetails>
          <stdout>21:59:41.625 [main] DEBUG o.s.t.annotation.ProfileValueUtils - Retrieved @ProfileValueSourceConfiguration [null] for test class [edu.ncsu.csc.itrust2.apitest.APIPatientTest]
21:59:41.625 [main] DEBUG o.s.t.annotation.ProfileValueUtils - Retrieved ProfileValueSource type [class org.springframework.test.annotation.SystemProfileValueSource] for class [edu.ncsu.csc.itrust2.apitest.APIPatientTest]
21:59:41.625 [main] DEBUG o.s.t.c.s.AbstractDelegatingSmartContextLoader - Delegating to AnnotationConfigWebContextLoader to load context from [WebMergedContextConfiguration@12fb510f testClass = APIPatientTest, locations = &apos;{}&apos;, classes = &apos;{class edu.ncsu.csc.itrust2.config.RootConfiguration, class edu.ncsu.csc.itrust2.mvc.config.WebMvcConfiguration}&apos;, contextInitializerClasses = &apos;[]&apos;, activeProfiles = &apos;{}&apos;, propertySourceLocations = &apos;{}&apos;, propertySourceProperties = &apos;{}&apos;, contextCustomizers = set[[empty]], resourceBasePath = &apos;src/main/webapp&apos;, contextLoader = &apos;org.springframework.test.context.web.WebDelegatingSmartContextLoader&apos;, parent = [null]].
21:59:41.625 [main] DEBUG o.s.t.c.w.AbstractGenericWebContextLoader - Loading WebApplicationContext for merged context configuration [WebMergedContextConfiguration@12fb510f testClass = APIPatientTest, locations = &apos;{}&apos;, classes = &apos;{class edu.ncsu.csc.itrust2.config.RootConfiguration, class edu.ncsu.csc.itrust2.mvc.config.WebMvcConfiguration}&apos;, contextInitializerClasses = &apos;[]&apos;, activeProfiles = &apos;{}&apos;, propertySourceLocations = &apos;{}&apos;, propertySourceProperties = &apos;{}&apos;, contextCustomizers = set[[empty]], resourceBasePath = &apos;src/main/webapp&apos;, contextLoader = &apos;org.springframework.test.context.web.WebDelegatingSmartContextLoader&apos;, parent = [null]].
21:59:41.625 [main] DEBUG o.s.w.c.s.StandardServletEnvironment - Adding [servletConfigInitParams] PropertySource with lowest search precedence
21:59:41.625 [main] DEBUG o.s.w.c.s.StandardServletEnvironment - Adding [servletContextInitParams] PropertySource with lowest search precedence
21:59:41.625 [main] DEBUG o.s.w.c.s.StandardServletEnvironment - Adding [systemProperties] PropertySource with lowest search precedence
21:59:41.625 [main] DEBUG o.s.w.c.s.StandardServletEnvironment - Adding [systemEnvironment] PropertySource with lowest search precedence
21:59:41.625 [main] DEBUG o.s.w.c.s.StandardServletEnvironment - Initialized StandardServletEnvironment with PropertySources [servletConfigInitParams,servletContextInitParams,systemProperties,systemEnvironment]
21:59:41.625 [main] DEBUG o.s.t.c.w.AnnotationConfigWebContextLoader - Registering annotated classes: {class edu.ncsu.csc.itrust2.config.RootConfiguration, class edu.ncsu.csc.itrust2.mvc.config.WebMvcConfiguration}
21:59:41.626 [main] INFO  o.s.w.c.s.GenericWebApplicationContext - Refreshing org.springframework.web.context.support.GenericWebApplicationContext@35ec6ff7: startup date [Thu Mar 22 21:59:41 UTC 2018]; root of context hierarchy
21:59:41.626 [main] DEBUG o.s.w.c.s.StandardServletEnvironment - Replacing [servletContextInitParams] PropertySource with [servletContextInitParams]
21:59:41.626 [main] DEBUG o.s.w.c.s.GenericWebApplicationContext - Bean factory for org.springframework.web.context.support.GenericWebApplicationContext@35ec6ff7: org.springframework.beans.factory.support.DefaultListableBeanFactory@7a8a2118: defining beans [org.springframework.context.annotation.internalConfigurationAnnotationProcessor,org.springframework.context.annotation.internalAutowiredAnnotationProcessor,org.springframework.context.annotation.internalRequiredAnnotationProcessor,org.springframework.context.annotation.internalCommonAnnotationProcessor,org.springframework.context.annotation.internalPersistenceAnnotationProcessor,org.springframework.context.event.internalEventListenerProcessor,org.springframework.context.event.internalEventListenerFactory,rootConfiguration,webMvcConfiguration]; root of factory hierarchy
21:59:41.626 [main] DEBUG o.s.b.f.s.DefaultListableBeanFactory - Registering scope &apos;request&apos; with implementation [org.springframework.web.context.request.RequestScope@d8a7be9]
21:59:41.626 [main] DEBUG o.s.b.f.s.DefaultListableBeanFactory - Registering scope &apos;session&apos; with implementation [org.springframework.web.context.request.SessionScope@5b4f3e78]
21:59:41.626 [main] DEBUG o.s.b.f.s.DefaultListableBeanFactory - Registering scope &apos;globalSession&apos; with implementation [org.springframework.web.context.request.SessionScope@70e656e8]
21:59:41.627 [main] DEBUG o.s.b.f.s.DefaultListableBeanFactory - Registering scope &apos;application&apos; with implementation [org.springframework.web.context.support.ServletContextScope@2b1cb61b]
21:59:41.627 [main] DEBUG o.s.b.f.s.DefaultListableBeanFactory - Creating shared instance of singleton bean &apos;org.springframework.context.annotation.internalConfigurationAnnotationProcessor&apos;
21:59:41.627 [main] DEBUG o.s.b.f.s.DefaultListableBeanFactory - Creating instance of bean &apos;org.springframework.context.annotation.internalConfigurationAnnotationProcessor&apos;
21:59:41.627 [main] DEBUG o.s.b.f.s.DefaultListableBeanFactory - Eagerly caching bean &apos;org.springframework.context.annotation.internalConfigurationAnnotationProcessor&apos; to allow for resolving potential circular references
21:59:41.627 [main] DEBUG o.s.b.f.s.DefaultListableBeanFactory - Finished creating instance of bean &apos;org.springframework.context.annotation.internalConfigurationAnnotationProcessor&apos;
21:59:41.627 [main] DEBUG o.s.core.env.StandardEnvironment - Adding [systemProperties] PropertySource with lowest search precedence
21:59:41.627 [main] DEBUG o.s.core.env.StandardEnvironment - Adding [systemEnvironment] PropertySource with lowest search precedence
21:59:41.627 [main] DEBUG o.s.core.env.StandardEnvironment - Initialized StandardEnvironment with PropertySources [systemProperties,systemEnvironment]
21:59:41.628 [main] DEBUG o.s.c.i.s.PathMatchingResourcePatternResolver - Resolved classpath location [edu/ncsu/csc/itrust2/config/] to resources [URL [file:/var/lib/jenkins/jobs/iTrust_Fuzzer/workspace/iTrust2/target/classes/edu/ncsu/csc/itrust2/config/]]
21:59:41.628 [main] DEBUG o.s.c.i.s.PathMatchingResourcePatternResolver - Looking for matching resources in directory tree [/var/lib/jenkins/jobs/iTrust_Fuzzer/workspace/iTrust2/target/classes/edu/ncsu/csc/itrust2/config]
21:59:41.628 [main] DEBUG o.s.c.i.s.PathMatchingResourcePatternResolver - Searching directory [/var/lib/jenkins/jobs/iTrust_Fuzzer/workspace/iTrust2/target/classes/edu/ncsu/csc/itrust2/config] for files matching pattern [/var/lib/jenkins/jobs/iTrust_Fuzzer/workspace/iTrust2/target/classes/edu/ncsu/csc/itrust2/config/**/*.class]
21:59:41.628 [main] DEBUG o.s.c.i.s.PathMatchingResourcePatternResolver - Resolved location pattern [classpath*:edu/ncsu/csc/itrust2/config/**/*.class] to resources [file [/var/lib/jenkins/jobs/iTrust_Fuzzer/workspace/iTrust2/target/classes/edu/ncsu/csc/itrust2/config/ContextListener.class], file [/var/lib/jenkins/jobs/iTrust_Fuzzer/workspace/iTrust2/target/classes/edu/ncsu/csc/itrust2/config/DataConfiguration.class], file [/var/lib/jenkins/jobs/iTrust_Fuzzer/workspace/iTrust2/target/classes/edu/ncsu/csc/itrust2/config/FailureHandler.class], file [/var/lib/jenkins/jobs/iTrust_Fuzzer/workspace/iTrust2/target/classes/edu/ncsu/csc/itrust2/config/IPFilter.class], file [/var/lib/jenkins/jobs/iTrust_Fuzzer/workspace/iTrust2/target/classes/edu/ncsu/csc/itrust2/config/ITrust2ApplicationInitializer.class], file [/var/lib/jenkins/jobs/iTrust_Fuzzer/workspace/iTrust2/target/classes/edu/ncsu/csc/itrust2/config/ITrust2WebApplicationInitializer.class], file [/var/lib/jenkins/jobs/iTrust_Fuzzer/workspace/iTrust2/target/classes/edu/ncsu/csc/itrust2/config/LoginAuditingListener.class], file [/var/lib/jenkins/jobs/iTrust_Fuzzer/workspace/iTrust2/target/classes/edu/ncsu/csc/itrust2/config/RootConfiguration.class], file [/var/lib/jenkins/jobs/iTrust_Fuzzer/workspace/iTrust2/target/classes/edu/ncsu/csc/itrust2/config/SecurityConfig.class]]
21:59:41.628 [main] DEBUG o.s.c.a.ClassPathBeanDefinitionScanner - Identified candidate component class: file [/var/lib/jenkins/jobs/iTrust_Fuzzer/workspace/iTrust2/target/classes/edu/ncsu/csc/itrust2/config/DataConfiguration.class]
21:59:41.629 [main] DEBUG o.s.c.a.ClassPathBeanDefinitionScanner - Identified candidate component class: file [/var/lib/jenkins/jobs/iTrust_Fuzzer/workspace/iTrust2/target/classes/edu/ncsu/csc/itrust2/config/LoginAuditingListener.class]
21:59:41.629 [main] DEBUG o.s.c.a.ClassPathBeanDefinitionScanner - Identified candidate component class: file [/var/lib/jenkins/jobs/iTrust_Fuzzer/workspace/iTrust2/target/classes/edu/ncsu/csc/itrust2/config/SecurityConfig.class]
21:59:41.636 [main] DEBUG o.s.core.env.StandardEnvironment - Adding [systemProperties] PropertySource with lowest search precedence
21:59:41.636 [main] DEBUG o.s.core.env.StandardEnvironment - Adding [systemEnvironment] PropertySource with lowest search precedence
21:59:41.636 [main] DEBUG o.s.core.env.StandardEnvironment - Initialized StandardEnvironment with PropertySources [systemProperties,systemEnvironment]
21:59:41.636 [main] DEBUG o.s.c.i.s.PathMatchingResourcePatternResolver - Resolved classpath location [edu/ncsu/csc/itrust2/controllers/] to resources [URL [file:/var/lib/jenkins/jobs/iTrust_Fuzzer/workspace/iTrust2/target/classes/edu/ncsu/csc/itrust2/controllers/]]
21:59:41.636 [main] DEBUG o.s.c.i.s.PathMatchingResourcePatternResolver - Looking for matching resources in directory tree [/var/lib/jenkins/jobs/iTrust_Fuzzer/workspace/iTrust2/target/classes/edu/ncsu/csc/itrust2/controllers]
21:59:41.636 [main] DEBUG o.s.c.i.s.PathMatchingResourcePatternResolver - Searching directory [/var/lib/jenkins/jobs/iTrust_Fuzzer/workspace/iTrust2/target/classes/edu/ncsu/csc/itrust2/controllers] for files matching pattern [/var/lib/jenkins/jobs/iTrust_Fuzzer/workspace/iTrust2/target/classes/edu/ncsu/csc/itrust2/controllers/**/*.class]
21:59:41.636 [main] DEBUG o.s.c.i.s.PathMatchingResourcePatternResolver - Searching directory [/var/lib/jenkins/jobs/iTrust_Fuzzer/workspace/iTrust2/target/classes/edu/ncsu/csc/itrust2/controllers/admin] for files matching pattern [/var/lib/jenkins/jobs/iTrust_Fuzzer/workspace/iTrust2/target/classes/edu/ncsu/csc/itrust2/controllers/**/*.class]
21:59:41.637 [main] DEBUG o.s.c.i.s.PathMatchingResourcePatternResolver - Searching directory [/var/lib/jenkins/jobs/iTrust_Fuzzer/workspace/iTrust2/target/classes/edu/ncsu/csc/itrust2/controllers/api] for files matching pattern [/var/lib/jenkins/jobs/iTrust_Fuzzer/workspace/iTrust2/target/classes/edu/ncsu/csc/itrust2/controllers/**/*.class]
21:59:41.637 [main] DEBUG o.s.c.i.s.PathMatchingResourcePatternResolver - Searching directory [/var/lib/jenkins/jobs/iTrust_Fuzzer/workspace/iTrust2/target/classes/edu/ncsu/csc/itrust2/controllers/api/comm] for files matching pattern [/var/lib/jenkins/jobs/iTrust_Fuzzer/workspace/iTrust2/target/classes/edu/ncsu/csc/itrust2/controllers/**/*.class]
21:59:41.637 [main] DEBUG o.s.c.i.s.PathMatchingResourcePatternResolver - Searching directory [/var/lib/jenkins/jobs/iTrust_Fuzzer/workspace/iTrust2/target/classes/edu/ncsu/csc/itrust2/controllers/hcp] for files matching pattern [/var/lib/jenkins/jobs/iTrust_Fuzzer/workspace/iTrust2/target/classes/edu/ncsu/csc/itrust2/controllers/**/*.class]
21:59:41.637 [main] DEBUG o.s.c.i.s.PathMatchingResourcePatternResolver - Searching directory [/var/lib/jenkins/jobs/iTrust_Fuzzer/workspace/iTrust2/target/classes/edu/ncsu/csc/itrust2/controllers/patient] for files matching pattern [/var/lib/jenkins/jobs/iTrust_Fuzzer/workspace/iTrust2/target/classes/edu/ncsu/csc/itrust2/controllers/**/*.class]
21:59:41.637 [main] DEBUG o.s.c.i.s.PathMatchingResourcePatternResolver - Searching directory [/var/lib/jenkins/jobs/iTrust_Fuzzer/workspace/iTrust2/target/classes/edu/ncsu/csc/itrust2/controllers/personnel] for files matching pattern [/var/lib/jenkins/jobs/iTrust_Fuzzer/workspace/iTrust2/target/classes/edu/ncsu/csc/itrust2/controllers/**/*.class]
21:59:41.637 [main] DEBUG o.s.c.i.s.PathMatchingResourcePatternResolver - Resolved location pattern [classpath*:edu/ncsu/csc/itrust2/controllers/**/*.class] to resources [file [/var/lib/jenkins/jobs/iTrust_Fuzzer/workspace/iTrust2/target/classes/edu/ncsu/csc/itrust2/controllers/DefaultController.class], file [/var/lib/jenkins/jobs/iTrust_Fuzzer/workspace/iTrust2/target/classes/edu/ncsu/csc/itrust2/controllers/admin/AdminController.class], file [/var/lib/jenkins/jobs/iTrust_Fuzzer/workspace/iTrust2/target/classes/edu/ncsu/csc/itrust2/controllers/admin/AdminUserController$1.class], file [/var/lib/jenkins/jobs/iTrust_Fuzzer/workspace/iTrust2/target/classes/edu/ncsu/csc/itrust2/controllers/admin/AdminUserController.class], file [/var/lib/jenkins/jobs/iTrust_Fuzzer/workspace/iTrust2/target/classes/edu/ncsu/csc/itrust2/controllers/admin/HospitalController.class], file [/var/lib/jenkins/jobs/iTrust_Fuzzer/workspace/iTrust2/target/classes/edu/ncsu/csc/itrust2/controllers/admin/ICDCodesController.class], file [/var/lib/jenkins/jobs/iTrust_Fuzzer/workspace/iTrust2/target/classes/edu/ncsu/csc/itrust2/controllers/api/APIAppointmentRequestController.class], file [/var/lib/jenkins/jobs/iTrust_Fuzzer/workspace/iTrust2/target/classes/edu/ncsu/csc/itrust2/controllers/api/APIController$JSONResponse.class], file [/var/lib/jenkins/jobs/iTrust_Fuzzer/workspace/iTrust2/target/classes/edu/ncsu/csc/itrust2/controllers/api/APIController.class], file [/var/lib/jenkins/jobs/iTrust_Fuzzer/workspace/iTrust2/target/classes/edu/ncsu/csc/itrust2/controllers/api/APIDiagnosisController.class], file [/var/lib/jenkins/jobs/iTrust_Fuzzer/workspace/iTrust2/target/classes/edu/ncsu/csc/itrust2/controllers/api/APIDrugController.class], file [/var/lib/jenkins/jobs/iTrust_Fuzzer/workspace/iTrust2/target/classes/edu/ncsu/csc/itrust2/controllers/api/APIEnumController.class], file [/var/lib/jenkins/jobs/iTrust_Fuzzer/workspace/iTrust2/target/classes/edu/ncsu/csc/itrust2/controllers/api/APIHospitalController.class], file [/var/lib/jenkins/jobs/iTrust_Fuzzer/workspace/iTrust2/target/classes/edu/ncsu/csc/itrust2/controllers/api/APIICDCodeController.class], file [/var/lib/jenkins/jobs/iTrust_Fuzzer/workspace/iTrust2/target/classes/edu/ncsu/csc/itrust2/controllers/api/APILogEntryController.class], file [/var/lib/jenkins/jobs/iTrust_Fuzzer/workspace/iTrust2/target/classes/edu/ncsu/csc/itrust2/controllers/api/APIOfficeVisitController.class], file [/var/lib/jenkins/jobs/iTrust_Fuzzer/workspace/iTrust2/target/classes/edu/ncsu/csc/itrust2/controllers/api/APIPasswordController.class], file [/var/lib/jenkins/jobs/iTrust_Fuzzer/workspace/iTrust2/target/classes/edu/ncsu/csc/itrust2/controllers/api/APIPatientController.class], file [/var/lib/jenkins/jobs/iTrust_Fuzzer/workspace/iTrust2/target/classes/edu/ncsu/csc/itrust2/controllers/api/APIPersonnelController.class], file [/var/lib/jenkins/jobs/iTrust_Fuzzer/workspace/iTrust2/target/classes/edu/ncsu/csc/itrust2/controllers/api/APIPrescriptionController.class], file [/var/lib/jenkins/jobs/iTrust_Fuzzer/workspace/iTrust2/target/classes/edu/ncsu/csc/itrust2/controllers/api/APIUserController.class], file [/var/lib/jenkins/jobs/iTrust_Fuzzer/workspace/iTrust2/target/classes/edu/ncsu/csc/itrust2/controllers/api/comm/LogEntryRequestBody.class], file [/var/lib/jenkins/jobs/iTrust_Fuzzer/workspace/iTrust2/target/classes/edu/ncsu/csc/itrust2/controllers/api/comm/LogEntryTableRow.class], file [/var/lib/jenkins/jobs/iTrust_Fuzzer/workspace/iTrust2/target/classes/edu/ncsu/csc/itrust2/controllers/hcp/AppointmentControllerHCP.class], file [/var/lib/jenkins/jobs/iTrust_Fuzzer/workspace/iTrust2/target/classes/edu/ncsu/csc/itrust2/controllers/hcp/HCPController.class], file [/var/lib/jenkins/jobs/iTrust_Fuzzer/workspace/iTrust2/target/classes/edu/ncsu/csc/itrust2/controllers/hcp/OfficeVisitController.class], file [/var/lib/jenkins/jobs/iTrust_Fuzzer/workspace/iTrust2/target/classes/edu/ncsu/csc/itrust2/controllers/patient/AppointmentController.class], file [/var/lib/jenkins/jobs/iTrust_Fuzzer/workspace/iTrust2/target/classes/edu/ncsu/csc/itrust2/controllers/patient/DiagnosesController.class], file [/var/lib/jenkins/jobs/iTrust_Fuzzer/workspace/iTrust2/target/classes/edu/ncsu/csc/itrust2/controllers/patient/PatientController.class], file [/var/lib/jenkins/jobs/iTrust_Fuzzer/workspace/iTrust2/target/classes/edu/ncsu/csc/itrust2/controllers/personnel/PasswordController.class], file [/var/lib/jenkins/jobs/iTrust_Fuzzer/workspace/iTrust2/target/classes/edu/ncsu/csc/itrust2/controllers/personnel/UserController.class]]
21:59:41.637 [main] DEBUG o.s.c.a.ClassPathBeanDefinitionScanner - Identified candidate component class: file [/var/lib/jenkins/jobs/iTrust_Fuzzer/workspace/iTrust2/target/classes/edu/ncsu/csc/itrust2/controllers/DefaultController.class]
21:59:41.638 [main] DEBUG o.s.c.a.ClassPathBeanDefinitionScanner - Identified candidate component class: file [/var/lib/jenkins/jobs/iTrust_Fuzzer/workspace/iTrust2/target/classes/edu/ncsu/csc/itrust2/controllers/admin/AdminController.class]
21:59:41.638 [main] DEBUG o.s.c.a.ClassPathBeanDefinitionScanner - Identified candidate component class: file [/var/lib/jenkins/jobs/iTrust_Fuzzer/workspace/iTrust2/target/classes/edu/ncsu/csc/itrust2/controllers/admin/AdminUserController.class]
21:59:41.638 [main] DEBUG o.s.c.a.ClassPathBeanDefinitionScanner - Identified candidate component class: file [/var/lib/jenkins/jobs/iTrust_Fuzzer/workspace/iTrust2/target/classes/edu/ncsu/csc/itrust2/controllers/admin/HospitalController.class]
21:59:41.638 [main] DEBUG o.s.c.a.ClassPathBeanDefinitionScanner - Identified candidate component class: file [/var/lib/jenkins/jobs/iTrust_Fuzzer/workspace/iTrust2/target/classes/edu/ncsu/csc/itrust2/controllers/admin/ICDCodesController.class]
21:59:41.638 [main] DEBUG o.s.c.a.ClassPathBeanDefinitionScanner - Identified candidate component class: file [/var/lib/jenkins/jobs/iTrust_Fuzzer/workspace/iTrust2/target/classes/edu/ncsu/csc/itrust2/controllers/api/APIAppointmentRequestController.class]
21:59:41.639 [main] DEBUG o.s.c.a.ClassPathBeanDefinitionScanner - Identified candidate component class: file [/var/lib/jenkins/jobs/iTrust_Fuzzer/workspace/iTrust2/target/classes/edu/ncsu/csc/itrust2/controllers/api/APIDiagnosisController.class]
21:59:41.639 [main] DEBUG o.s.c.a.ClassPathBeanDefinitionScanner - Identified candidate component class: file [/var/lib/jenkins/jobs/iTrust_Fuzzer/workspace/iTrust2/target/classes/edu/ncsu/csc/itrust2/controllers/api/APIDrugController.class]
21:59:41.639 [main] DEBUG o.s.c.a.ClassPathBeanDefinitionScanner - Identified candidate component class: file [/var/lib/jenkins/jobs/iTrust_Fuzzer/workspace/iTrust2/target/classes/edu/ncsu/csc/itrust2/controllers/api/APIEnumController.class]
21:59:41.639 [main] DEBUG o.s.c.a.ClassPathBeanDefinitionScanner - Identified candidate component class: file [/var/lib/jenkins/jobs/iTrust_Fuzzer/workspace/iTrust2/target/classes/edu/ncsu/csc/itrust2/controllers/api/APIHospitalController.class]
21:59:41.640 [main] DEBUG o.s.c.a.ClassPathBeanDefinitionScanner - Identified candidate component class: file [/var/lib/jenkins/jobs/iTrust_Fuzzer/workspace/iTrust2/target/classes/edu/ncsu/csc/itrust2/controllers/api/APIICDCodeController.class]
21:59:41.640 [main] DEBUG o.s.c.a.ClassPathBeanDefinitionScanner - Identified candidate component class: file [/var/lib/jenkins/jobs/iTrust_Fuzzer/workspace/iTrust2/target/classes/edu/ncsu/csc/itrust2/controllers/api/APILogEntryController.class]
21:59:41.640 [main] DEBUG o.s.c.a.ClassPathBeanDefinitionScanner - Identified candidate component class: file [/var/lib/jenkins/jobs/iTrust_Fuzzer/workspace/iTrust2/target/classes/edu/ncsu/csc/itrust2/controllers/api/APIOfficeVisitController.class]
21:59:41.641 [main] DEBUG o.s.c.a.ClassPathBeanDefinitionScanner - Identified candidate component class: file [/var/lib/jenkins/jobs/iTrust_Fuzzer/workspace/iTrust2/target/classes/edu/ncsu/csc/itrust2/controllers/api/APIPasswordController.class]
21:59:41.641 [main] DEBUG o.s.c.a.ClassPathBeanDefinitionScanner - Identified candidate component class: file [/var/lib/jenkins/jobs/iTrust_Fuzzer/workspace/iTrust2/target/classes/edu/ncsu/csc/itrust2/controllers/api/APIPatientController.class]
21:59:41.641 [main] DEBUG o.s.c.a.ClassPathBeanDefinitionScanner - Identified candidate component class: file [/var/lib/jenkins/jobs/iTrust_Fuzzer/workspace/iTrust2/target/classes/edu/ncsu/csc/itrust2/controllers/api/APIPersonnelController.class]
21:59:41.641 [main] DEBUG o.s.c.a.ClassPathBeanDefinitionScanner - Identified candidate component class: file [/var/lib/jenkins/jobs/iTrust_Fuzzer/workspace/iTrust2/target/classes/edu/ncsu/csc/itrust2/controllers/api/APIPrescriptionController.class]
21:59:41.642 [main] DEBUG o.s.c.a.ClassPathBeanDefinitionScanner - Identified candidate component class: file [/var/lib/jenkins/jobs/iTrust_Fuzzer/workspace/iTrust2/target/classes/edu/ncsu/csc/itrust2/controllers/api/APIUserController.class]
21:59:41.642 [main] DEBUG o.s.c.a.ClassPathBeanDefinitionScanner - Identified candidate component class: file [/var/lib/jenkins/jobs/iTrust_Fuzzer/workspace/iTrust2/target/classes/edu/ncsu/csc/itrust2/controllers/hcp/AppointmentControllerHCP.class]
21:59:41.642 [main] DEBUG o.s.c.a.ClassPathBeanDefinitionScanner - Identified candidate component class: file [/var/lib/jenkins/jobs/iTrust_Fuzzer/workspace/iTrust2/target/classes/edu/ncsu/csc/itrust2/controllers/hcp/HCPController.class]
21:59:41.642 [main] DEBUG o.s.c.a.ClassPathBeanDefinitionScanner - Identified candidate component class: file [/var/lib/jenkins/jobs/iTrust_Fuzzer/workspace/iTrust2/target/classes/edu/ncsu/csc/itrust2/controllers/hcp/OfficeVisitController.class]
21:59:41.642 [main] DEBUG o.s.c.a.ClassPathBeanDefinitionScanner - Identified candidate component class: file [/var/lib/jenkins/jobs/iTrust_Fuzzer/workspace/iTrust2/target/classes/edu/ncsu/csc/itrust2/controllers/patient/AppointmentController.class]
21:59:41.643 [main] DEBUG o.s.c.a.ClassPathBeanDefinitionScanner - Identified candidate component class: file [/var/lib/jenkins/jobs/iTrust_Fuzzer/workspace/iTrust2/target/classes/edu/ncsu/csc/itrust2/controllers/patient/DiagnosesController.class]
21:59:41.643 [main] DEBUG o.s.c.a.ClassPathBeanDefinitionScanner - Identified candidate component class: file [/var/lib/jenkins/jobs/iTrust_Fuzzer/workspace/iTrust2/target/classes/edu/ncsu/csc/itrust2/controllers/patient/PatientController.class]
21:59:41.643 [main] DEBUG o.s.c.a.ClassPathBeanDefinitionScanner - Identified candidate component class: file [/var/lib/jenkins/jobs/iTrust_Fuzzer/workspace/iTrust2/target/classes/edu/ncsu/csc/itrust2/controllers/personnel/PasswordController.class]
21:59:41.643 [main] DEBUG o.s.c.a.ClassPathBeanDefinitionScanner - Identified candidate component class: file [/var/lib/jenkins/jobs/iTrust_Fuzzer/workspace/iTrust2/target/classes/edu/ncsu/csc/itrust2/controllers/personnel/UserController.class]
21:59:41.643 [main] DEBUG o.s.c.i.s.PathMatchingResourcePatternResolver - Resolved classpath location [edu/ncsu/csc/itrust2/config/] to resources [URL [file:/var/lib/jenkins/jobs/iTrust_Fuzzer/workspace/iTrust2/target/classes/edu/ncsu/csc/itrust2/config/]]
21:59:41.644 [main] DEBUG o.s.c.i.s.PathMatchingResourcePatternResolver - Looking for matching resources in directory tree [/var/lib/jenkins/jobs/iTrust_Fuzzer/workspace/iTrust2/target/classes/edu/ncsu/csc/itrust2/config]
21:59:41.644 [main] DEBUG o.s.c.i.s.PathMatchingResourcePatternResolver - Searching directory [/var/lib/jenkins/jobs/iTrust_Fuzzer/workspace/iTrust2/target/classes/edu/ncsu/csc/itrust2/config] for files matching pattern [/var/lib/jenkins/jobs/iTrust_Fuzzer/workspace/iTrust2/target/classes/edu/ncsu/csc/itrust2/config/**/*.class]
21:59:41.644 [main] DEBUG o.s.c.i.s.PathMatchingResourcePatternResolver - Resolved location pattern [classpath*:edu/ncsu/csc/itrust2/config/**/*.class] to resources [file [/var/lib/jenkins/jobs/iTrust_Fuzzer/workspace/iTrust2/target/classes/edu/ncsu/csc/itrust2/config/ContextListener.class], file [/var/lib/jenkins/jobs/iTrust_Fuzzer/workspace/iTrust2/target/classes/edu/ncsu/csc/itrust2/config/DataConfiguration.class], file [/var/lib/jenkins/jobs/iTrust_Fuzzer/workspace/iTrust2/target/classes/edu/ncsu/csc/itrust2/config/FailureHandler.class], file [/var/lib/jenkins/jobs/iTrust_Fuzzer/workspace/iTrust2/target/classes/edu/ncsu/csc/itrust2/config/IPFilter.class], file [/var/lib/jenkins/jobs/iTrust_Fuzzer/workspace/iTrust2/target/classes/edu/ncsu/csc/itrust2/config/ITrust2ApplicationInitializer.class], file [/var/lib/jenkins/jobs/iTrust_Fuzzer/workspace/iTrust2/target/classes/edu/ncsu/csc/itrust2/config/ITrust2WebApplicationInitializer.class], file [/var/lib/jenkins/jobs/iTrust_Fuzzer/workspace/iTrust2/target/classes/edu/ncsu/csc/itrust2/config/LoginAuditingListener.class], file [/var/lib/jenkins/jobs/iTrust_Fuzzer/workspace/iTrust2/target/classes/edu/ncsu/csc/itrust2/config/RootConfiguration.class], file [/var/lib/jenkins/jobs/iTrust_Fuzzer/workspace/iTrust2/target/classes/edu/ncsu/csc/itrust2/config/SecurityConfig.class]]
21:59:41.644 [main] DEBUG o.s.c.a.ClassPathBeanDefinitionScanner - Identified candidate component class: file [/var/lib/jenkins/jobs/iTrust_Fuzzer/workspace/iTrust2/target/classes/edu/ncsu/csc/itrust2/config/DataConfiguration.class]
21:59:41.644 [main] DEBUG o.s.c.a.ClassPathBeanDefinitionScanner - Identified candidate component class: file [/var/lib/jenkins/jobs/iTrust_Fuzzer/workspace/iTrust2/target/classes/edu/ncsu/csc/itrust2/config/LoginAuditingListener.class]
21:59:41.644 [main] DEBUG o.s.c.a.ClassPathBeanDefinitionScanner - Identified candidate component class: file [/var/lib/jenkins/jobs/iTrust_Fuzzer/workspace/iTrust2/target/classes/edu/ncsu/csc/itrust2/config/RootConfiguration.class]
21:59:41.645 [main] DEBUG o.s.c.a.ClassPathBeanDefinitionScanner - Identified candidate component class: file [/var/lib/jenkins/jobs/iTrust_Fuzzer/workspace/iTrust2/target/classes/edu/ncsu/csc/itrust2/config/SecurityConfig.class]
21:59:41.657 [main] DEBUG o.s.c.a.ConfigurationClassBeanDefinitionReader - Registering bean definition for @Bean method edu.ncsu.csc.itrust2.config.DataConfiguration.dataSource()
21:59:41.657 [main] DEBUG o.s.c.a.ConfigurationClassBeanDefinitionReader - Registered bean definition for imported class &apos;org.springframework.security.config.annotation.configuration.ObjectPostProcessorConfiguration&apos;
21:59:41.657 [main] DEBUG o.s.c.a.ConfigurationClassBeanDefinitionReader - Registering bean definition for @Bean method org.springframework.security.config.annotation.configuration.ObjectPostProcessorConfiguration.objectPostProcessor()
21:59:41.657 [main] DEBUG o.s.c.a.ConfigurationClassBeanDefinitionReader - Registered bean definition for imported class &apos;org.springframework.security.config.annotation.authentication.configuration.AuthenticationConfiguration&apos;
21:59:41.657 [main] DEBUG o.s.c.a.ConfigurationClassBeanDefinitionReader - Registering bean definition for @Bean method org.springframework.security.config.annotation.authentication.configuration.AuthenticationConfiguration.authenticationManagerBuilder()
21:59:41.657 [main] DEBUG o.s.c.a.ConfigurationClassBeanDefinitionReader - Registering bean definition for @Bean method org.springframework.security.config.annotation.authentication.configuration.AuthenticationConfiguration.enableGlobalAuthenticationAutowiredConfigurer()
21:59:41.657 [main] DEBUG o.s.c.a.ConfigurationClassBeanDefinitionReader - Registering bean definition for @Bean method org.springframework.security.config.annotation.authentication.configuration.AuthenticationConfiguration.initializeUserDetailsBeanManagerConfigurer()
21:59:41.658 [main] DEBUG o.s.c.a.ConfigurationClassBeanDefinitionReader - Registering bean definition for @Bean method org.springframework.security.config.annotation.authentication.configuration.AuthenticationConfiguration.initializeAuthenticationProviderBeanManagerConfigurer()
21:59:41.658 [main] DEBUG o.s.c.a.ConfigurationClassBeanDefinitionReader - Registered bean definition for imported class &apos;org.springframework.security.config.annotation.web.configuration.WebSecurityConfiguration&apos;
21:59:41.658 [main] DEBUG o.s.c.a.ConfigurationClassBeanDefinitionReader - Registering bean definition for @Bean method org.springframework.security.config.annotation.web.configuration.WebSecurityConfiguration.delegatingApplicationListener()
21:59:41.658 [main] DEBUG o.s.c.a.ConfigurationClassBeanDefinitionReader - Registering bean definition for @Bean method org.springframework.security.config.annotation.web.configuration.WebSecurityConfiguration.webSecurityExpressionHandler()
21:59:41.658 [main] DEBUG o.s.c.a.ConfigurationClassBeanDefinitionReader - Registering bean definition for @Bean method org.springframework.security.config.annotation.web.configuration.WebSecurityConfiguration.springSecurityFilterChain()
21:59:41.658 [main] DEBUG o.s.c.a.ConfigurationClassBeanDefinitionReader - Registering bean definition for @Bean method org.springframework.security.config.annotation.web.configuration.WebSecurityConfiguration.privilegeEvaluator()
21:59:41.658 [main] DEBUG o.s.c.a.ConfigurationClassBeanDefinitionReader - Registering bean definition for @Bean method org.springframework.security.config.annotation.web.configuration.WebSecurityConfiguration.autowiredWebSecurityConfigurersIgnoreParents()
21:59:41.658 [main] DEBUG o.s.c.a.ConfigurationClassBeanDefinitionReader - Registered bean definition for imported class &apos;org.springframework.security.config.annotation.web.configuration.WebMvcSecurityConfiguration&apos;
21:59:41.658 [main] DEBUG o.s.c.a.ConfigurationClassBeanDefinitionReader - Registering bean definition for @Bean method org.springframework.security.config.annotation.web.configuration.WebMvcSecurityConfiguration.requestDataValueProcessor()
21:59:41.658 [main] DEBUG o.s.c.a.ConfigurationClassBeanDefinitionReader - Registering bean definition for @Bean method edu.ncsu.csc.itrust2.config.SecurityConfig.passwordEncoder()
21:59:41.658 [main] DEBUG o.s.c.a.ConfigurationClassBeanDefinitionReader - Registering bean definition for @Bean method edu.ncsu.csc.itrust2.config.SecurityConfig.defaultAuthenticationEventPublisher()
21:59:41.658 [main] DEBUG o.s.c.a.ConfigurationClassBeanDefinitionReader - Registering bean definition for @Bean method edu.ncsu.csc.itrust2.config.SecurityConfig.failureHandler()
21:59:41.658 [main] DEBUG o.s.c.a.ConfigurationClassBeanDefinitionReader - Registering bean definition for @Bean method edu.ncsu.csc.itrust2.config.SecurityConfig.ipBlockFilter()
21:59:41.658 [main] DEBUG o.s.c.a.ConfigurationClassBeanDefinitionReader - Registered bean definition for imported class &apos;org.springframework.web.servlet.config.annotation.DelegatingWebMvcConfiguration&apos;
21:59:41.658 [main] DEBUG o.s.c.a.ConfigurationClassBeanDefinitionReader - Registering bean definition for @Bean method org.springframework.web.servlet.config.annotation.DelegatingWebMvcConfiguration.mvcConversionService()
21:59:41.658 [main] DEBUG o.s.c.a.ConfigurationClassBeanDefinitionReader - Registering bean definition for @Bean method org.springframework.web.servlet.config.annotation.DelegatingWebMvcConfiguration.requestMappingHandlerMapping()
21:59:41.658 [main] DEBUG o.s.c.a.ConfigurationClassBeanDefinitionReader - Registering bean definition for @Bean method org.springframework.web.servlet.config.annotation.DelegatingWebMvcConfiguration.mvcPathMatcher()
21:59:41.658 [main] DEBUG o.s.c.a.ConfigurationClassBeanDefinitionReader - Registering bean definition for @Bean method org.springframework.web.servlet.config.annotation.DelegatingWebMvcConfiguration.mvcUrlPathHelper()
21:59:41.658 [main] DEBUG o.s.c.a.ConfigurationClassBeanDefinitionReader - Registering bean definition for @Bean method org.springframework.web.servlet.config.annotation.DelegatingWebMvcConfiguration.mvcContentNegotiationManager()
21:59:41.658 [main] DEBUG o.s.c.a.ConfigurationClassBeanDefinitionReader - Registering bean definition for @Bean method org.springframework.web.servlet.config.annotation.DelegatingWebMvcConfiguration.viewControllerHandlerMapping()
21:59:41.658 [main] DEBUG o.s.c.a.ConfigurationClassBeanDefinitionReader - Registering bean definition for @Bean method org.springframework.web.servlet.config.annotation.DelegatingWebMvcConfiguration.beanNameHandlerMapping()
21:59:41.658 [main] DEBUG o.s.c.a.ConfigurationClassBeanDefinitionReader - Registering bean definition for @Bean method org.springframework.web.servlet.config.annotation.DelegatingWebMvcConfiguration.resourceHandlerMapping()
21:59:41.658 [main] DEBUG o.s.c.a.ConfigurationClassBeanDefinitionReader - Registering bean definition for @Bean method org.springframework.web.servlet.config.annotation.DelegatingWebMvcConfiguration.mvcResourceUrlProvider()
21:59:41.658 [main] DEBUG o.s.c.a.ConfigurationClassBeanDefinitionReader - Registering bean definition for @Bean method org.springframework.web.servlet.config.annotation.DelegatingWebMvcConfiguration.defaultServletHandlerMapping()
21:59:41.658 [main] DEBUG o.s.c.a.ConfigurationClassBeanDefinitionReader - Registering bean definition for @Bean method org.springframework.web.servlet.config.annotation.DelegatingWebMvcConfiguration.requestMappingHandlerAdapter()
21:59:41.659 [main] DEBUG o.s.c.a.ConfigurationClassBeanDefinitionReader - Registering bean definition for @Bean method org.springframework.web.servlet.config.annotation.DelegatingWebMvcConfiguration.mvcValidator()
21:59:41.659 [main] DEBUG o.s.c.a.ConfigurationClassBeanDefinitionReader - Registering bean definition for @Bean method org.springframework.web.servlet.config.annotation.DelegatingWebMvcConfiguration.mvcUriComponentsContributor()
21:59:41.659 [main] DEBUG o.s.c.a.ConfigurationClassBeanDefinitionReader - Registering bean definition for @Bean method org.springframework.web.servlet.config.annotation.DelegatingWebMvcConfiguration.httpRequestHandlerAdapter()
21:59:41.659 [main] DEBUG o.s.c.a.ConfigurationClassBeanDefinitionReader - Registering bean definition for @Bean method org.springframework.web.servlet.config.annotation.DelegatingWebMvcConfiguration.simpleControllerHandlerAdapter()
21:59:41.659 [main] DEBUG o.s.c.a.ConfigurationClassBeanDefinitionReader - Registering bean definition for @Bean method org.springframework.web.servlet.config.annotation.DelegatingWebMvcConfiguration.handlerExceptionResolver()
21:59:41.659 [main] DEBUG o.s.c.a.ConfigurationClassBeanDefinitionReader - Registering bean definition for @Bean method org.springframework.web.servlet.config.annotation.DelegatingWebMvcConfiguration.mvcViewResolver()
21:59:41.659 [main] DEBUG o.s.c.a.ConfigurationClassBeanDefinitionReader - Registered bean definition for imported class &apos;org.springframework.security.config.annotation.method.configuration.GlobalMethodSecurityConfiguration&apos;
21:59:41.659 [main] DEBUG o.s.c.a.ConfigurationClassBeanDefinitionReader - Registering bean definition for @Bean method org.springframework.security.config.annotation.method.configuration.GlobalMethodSecurityConfiguration.methodSecurityInterceptor()
21:59:41.659 [main] DEBUG o.s.c.a.ConfigurationClassBeanDefinitionReader - Registering bean definition for @Bean method org.springframework.security.config.annotation.method.configuration.GlobalMethodSecurityConfiguration.methodSecurityMetadataSource()
21:59:41.659 [main] DEBUG o.s.c.a.ConfigurationClassBeanDefinitionReader - Registering bean definition for @Bean method org.springframework.security.config.annotation.method.configuration.GlobalMethodSecurityConfiguration.preInvocationAuthorizationAdvice()
21:59:41.659 [main] DEBUG o.s.c.a.ConfigurationClassBeanDefinitionReader - Registering bean definition for @Bean method edu.ncsu.csc.itrust2.mvc.config.WebMvcConfiguration.viewResolver()
21:59:41.659 [main] DEBUG o.s.c.a.ConfigurationClassBeanDefinitionReader - Registering bean definition for @Bean method edu.ncsu.csc.itrust2.mvc.config.WebMvcConfiguration.templateEngine()
21:59:41.659 [main] DEBUG o.s.c.a.ConfigurationClassBeanDefinitionReader - Registering bean definition for @Bean method edu.ncsu.csc.itrust2.mvc.config.WebMvcConfiguration.domainClassConverter()
21:59:41.661 [main] DEBUG o.s.c.a.ConfigurationClassEnhancer - Successfully enhanced edu.ncsu.csc.itrust2.config.RootConfiguration; enhanced class name is: edu.ncsu.csc.itrust2.config.RootConfiguration$$EnhancerBySpringCGLIB$$c1d00685
21:59:41.661 [main] DEBUG o.s.c.a.ConfigurationClassPostProcessor - Replacing bean definition &apos;rootConfiguration&apos; existing class &apos;edu.ncsu.csc.itrust2.config.RootConfiguration&apos; with enhanced class &apos;edu.ncsu.csc.itrust2.config.RootConfiguration$$EnhancerBySpringCGLIB$$c1d00685&apos;
21:59:41.661 [main] DEBUG o.s.c.a.ConfigurationClassEnhancer - Successfully enhanced edu.ncsu.csc.itrust2.mvc.config.WebMvcConfiguration; enhanced class name is: edu.ncsu.csc.itrust2.mvc.config.WebMvcConfiguration$$EnhancerBySpringCGLIB$$de7b09d5
21:59:41.661 [main] DEBUG o.s.c.a.ConfigurationClassPostProcessor - Replacing bean definition &apos;webMvcConfiguration&apos; existing class &apos;edu.ncsu.csc.itrust2.mvc.config.WebMvcConfiguration&apos; with enhanced class &apos;edu.ncsu.csc.itrust2.mvc.config.WebMvcConfiguration$$EnhancerBySpringCGLIB$$de7b09d5&apos;
21:59:41.661 [main] DEBUG o.s.c.a.ConfigurationClassEnhancer - Successfully enhanced edu.ncsu.csc.itrust2.config.DataConfiguration; enhanced class name is: edu.ncsu.csc.itrust2.config.DataConfiguration$$EnhancerBySpringCGLIB$$60f4bbd
21:59:41.661 [main] DEBUG o.s.c.a.ConfigurationClassPostProcessor - Replacing bean definition &apos;dataConfiguration&apos; existing class &apos;edu.ncsu.csc.itrust2.config.DataConfiguration&apos; with enhanced class &apos;edu.ncsu.csc.itrust2.config.DataConfiguration$$EnhancerBySpringCGLIB$$60f4bbd&apos;
21:59:41.661 [main] DEBUG o.s.c.a.ConfigurationClassEnhancer - Successfully enhanced edu.ncsu.csc.itrust2.config.SecurityConfig; enhanced class name is: edu.ncsu.csc.itrust2.config.SecurityConfig$$EnhancerBySpringCGLIB$$f88fd361
21:59:41.661 [main] DEBUG o.s.c.a.ConfigurationClassPostProcessor - Replacing bean definition &apos;securityConfig&apos; existing class &apos;edu.ncsu.csc.itrust2.config.SecurityConfig&apos; with enhanced class &apos;edu.ncsu.csc.itrust2.config.SecurityConfig$$EnhancerBySpringCGLIB$$f88fd361&apos;
21:59:41.661 [main] DEBUG o.s.c.a.ConfigurationClassEnhancer - Successfully enhanced org.springframework.security.config.annotation.configuration.ObjectPostProcessorConfiguration; enhanced class name is: org.springframework.security.config.annotation.configuration.ObjectPostProcessorConfiguration$$EnhancerBySpringCGLIB$$6851d2d
21:59:41.661 [main] DEBUG o.s.c.a.ConfigurationClassPostProcessor - Replacing bean definition &apos;org.springframework.security.config.annotation.configuration.ObjectPostProcessorConfiguration&apos; existing class &apos;org.springframework.security.config.annotation.configuration.ObjectPostProcessorConfiguration&apos; with enhanced class &apos;org.springframework.security.config.annotation.configuration.ObjectPostProcessorConfiguration$$EnhancerBySpringCGLIB$$6851d2d&apos;
21:59:41.661 [main] DEBUG o.s.c.a.ConfigurationClassEnhancer - Successfully enhanced org.springframework.security.config.annotation.authentication.configuration.AuthenticationConfiguration; enhanced class name is: org.springframework.security.config.annotation.authentication.configuration.AuthenticationConfiguration$$EnhancerBySpringCGLIB$$524e27a2
21:59:41.661 [main] DEBUG o.s.c.a.ConfigurationClassPostProcessor - Replacing bean definition &apos;org.springframework.security.config.annotation.authentication.configuration.AuthenticationConfiguration&apos; existing class &apos;org.springframework.security.config.annotation.authentication.configuration.AuthenticationConfiguration&apos; with enhanced class &apos;org.springframework.security.config.annotation.authentication.configuration.AuthenticationConfiguration$$EnhancerBySpringCGLIB$$524e27a2&apos;
21:59:41.661 [main] DEBUG o.s.c.a.ConfigurationClassEnhancer - Successfully enhanced org.springframework.security.config.annotation.authentication.configuration.AuthenticationConfiguration; enhanced class name is: org.springframework.security.config.annotation.authentication.configuration.AuthenticationConfiguration$$EnhancerBySpringCGLIB$$524e27a2
21:59:41.661 [main] DEBUG o.s.c.a.ConfigurationClassPostProcessor - Replacing bean definition &apos;enableGlobalAuthenticationAutowiredConfigurer&apos; existing class &apos;org.springframework.security.config.annotation.authentication.configuration.AuthenticationConfiguration&apos; with enhanced class &apos;org.springframework.security.config.annotation.authentication.configuration.AuthenticationConfiguration$$EnhancerBySpringCGLIB$$524e27a2&apos;
21:59:41.661 [main] DEBUG o.s.c.a.ConfigurationClassEnhancer - Successfully enhanced org.springframework.security.config.annotation.authentication.configuration.AuthenticationConfiguration; enhanced class name is: org.springframework.security.config.annotation.authentication.configuration.AuthenticationConfiguration$$EnhancerBySpringCGLIB$$524e27a2
21:59:41.661 [main] DEBUG o.s.c.a.ConfigurationClassPostProcessor - Replacing bean definition &apos;initializeUserDetailsBeanManagerConfigurer&apos; existing class &apos;org.springframework.security.config.annotation.authentication.configuration.AuthenticationConfiguration&apos; with enhanced class &apos;org.springframework.security.config.annotation.authentication.configuration.AuthenticationConfiguration$$EnhancerBySpringCGLIB$$524e27a2&apos;
21:59:41.661 [main] DEBUG o.s.c.a.ConfigurationClassEnhancer - Successfully enhanced org.springframework.security.config.annotation.authentication.configuration.AuthenticationConfiguration; enhanced class name is: org.springframework.security.config.annotation.authentication.configuration.AuthenticationConfiguration$$EnhancerBySpringCGLIB$$524e27a2
21:59:41.661 [main] DEBUG o.s.c.a.ConfigurationClassPostProcessor - Replacing bean definition &apos;initializeAuthenticationProviderBeanManagerConfigurer&apos; existing class &apos;org.springframework.security.config.annotation.authentication.configuration.AuthenticationConfiguration&apos; with enhanced class &apos;org.springframework.security.config.annotation.authentication.configuration.AuthenticationConfiguration$$EnhancerBySpringCGLIB$$524e27a2&apos;
21:59:41.661 [main] DEBUG o.s.c.a.ConfigurationClassEnhancer - Successfully enhanced org.springframework.security.config.annotation.web.configuration.WebSecurityConfiguration; enhanced class name is: org.springframework.security.config.annotation.web.configuration.WebSecurityConfiguration$$EnhancerBySpringCGLIB$$150881e6
21:59:41.661 [main] DEBUG o.s.c.a.ConfigurationClassPostProcessor - Replacing bean definition &apos;org.springframework.security.config.annotation.web.configuration.WebSecurityConfiguration&apos; existing class &apos;org.springframework.security.config.annotation.web.configuration.WebSecurityConfiguration&apos; with enhanced class &apos;org.springframework.security.config.annotation.web.configuration.WebSecurityConfiguration$$EnhancerBySpringCGLIB$$150881e6&apos;
21:59:41.661 [main] DEBUG o.s.c.a.ConfigurationClassEnhancer - Successfully enhanced org.springframework.security.config.annotation.web.configuration.WebSecurityConfiguration; enhanced class name is: org.springframework.security.config.annotation.web.configuration.WebSecurityConfiguration$$EnhancerBySpringCGLIB$$150881e6
21:59:41.661 [main] DEBUG o.s.c.a.ConfigurationClassPostProcessor - Replacing bean definition &apos;delegatingApplicationListener&apos; existing class &apos;org.springframework.security.config.annotation.web.configuration.WebSecurityConfiguration&apos; with enhanced class &apos;org.springframework.security.config.annotation.web.configuration.WebSecurityConfiguration$$EnhancerBySpringCGLIB$$150881e6&apos;
21:59:41.661 [main] DEBUG o.s.c.a.ConfigurationClassEnhancer - Successfully enhanced org.springframework.web.servlet.config.annotation.DelegatingWebMvcConfiguration; enhanced class name is: org.springframework.web.servlet.config.annotation.DelegatingWebMvcConfiguration$$EnhancerBySpringCGLIB$$32983a29
21:59:41.661 [main] DEBUG o.s.c.a.ConfigurationClassPostProcessor - Replacing bean definition &apos;org.springframework.web.servlet.config.annotation.DelegatingWebMvcConfiguration&apos; existing class &apos;org.springframework.web.servlet.config.annotation.DelegatingWebMvcConfiguration&apos; with enhanced class &apos;org.springframework.web.servlet.config.annotation.DelegatingWebMvcConfiguration$$EnhancerBySpringCGLIB$$32983a29&apos;
21:59:41.661 [main] DEBUG o.s.c.a.ConfigurationClassEnhancer - Successfully enhanced org.springframework.security.config.annotation.method.configuration.GlobalMethodSecurityConfiguration; enhanced class name is: org.springframework.security.config.annotation.method.configuration.GlobalMethodSecurityConfiguration$$EnhancerBySpringCGLIB$$2b59bfdf
21:59:41.661 [main] DEBUG o.s.c.a.ConfigurationClassPostProcessor - Replacing bean definition &apos;org.springframework.security.config.annotation.method.configuration.GlobalMethodSecurityConfiguration&apos; existing class &apos;org.springframework.security.config.annotation.method.configuration.GlobalMethodSecurityConfiguration&apos; with enhanced class &apos;org.springframework.security.config.annotation.method.configuration.GlobalMethodSecurityConfiguration$$EnhancerBySpringCGLIB$$2b59bfdf&apos;
21:59:41.662 [main] DEBUG o.s.b.f.s.DefaultListableBeanFactory - Creating shared instance of singleton bean &apos;org.springframework.context.annotation.internalAutowiredAnnotationProcessor&apos;
21:59:41.662 [main] DEBUG o.s.b.f.s.DefaultListableBeanFactory - Creating instance of bean &apos;org.springframework.context.annotation.internalAutowiredAnnotationProcessor&apos;
21:59:41.663 [main] DEBUG o.s.b.f.s.DefaultListableBeanFactory - Eagerly caching bean &apos;org.springframework.context.annotation.internalAutowiredAnnotationProcessor&apos; to allow for resolving potential circular references
21:59:41.664 [main] DEBUG o.s.b.f.s.DefaultListableBeanFactory - Finished creating instance of bean &apos;org.springframework.context.annotation.internalAutowiredAnnotationProcessor&apos;
21:59:41.664 [main] DEBUG o.s.b.f.s.DefaultListableBeanFactory - Creating shared instance of singleton bean &apos;org.springframework.context.annotation.internalRequiredAnnotationProcessor&apos;
21:59:41.664 [main] DEBUG o.s.b.f.s.DefaultListableBeanFactory - Creating instance of bean &apos;org.springframework.context.annotation.internalRequiredAnnotationProcessor&apos;
21:59:41.664 [main] DEBUG o.s.b.f.s.DefaultListableBeanFactory - Eagerly caching bean &apos;org.springframework.context.annotation.internalRequiredAnnotationProcessor&apos; to allow for resolving potential circular references
21:59:41.666 [main] DEBUG o.s.b.f.s.DefaultListableBeanFactory - Finished creating instance of bean &apos;org.springframework.context.annotation.internalRequiredAnnotationProcessor&apos;
21:59:41.666 [main] DEBUG o.s.b.f.s.DefaultListableBeanFactory - Creating shared instance of singleton bean &apos;org.springframework.context.annotation.internalCommonAnnotationProcessor&apos;
21:59:41.666 [main] DEBUG o.s.b.f.s.DefaultListableBeanFactory - Creating instance of bean &apos;org.springframework.context.annotation.internalCommonAnnotationProcessor&apos;
21:59:41.666 [main] DEBUG o.s.b.f.s.DefaultListableBeanFactory - Eagerly caching bean &apos;org.springframework.context.annotation.internalCommonAnnotationProcessor&apos; to allow for resolving potential circular references
21:59:41.668 [main] DEBUG o.s.b.f.s.DefaultListableBeanFactory - Finished creating instance of bean &apos;org.springframework.context.annotation.internalCommonAnnotationProcessor&apos;
21:59:41.668 [main] DEBUG o.s.b.f.s.DefaultListableBeanFactory - Creating shared instance of singleton bean &apos;org.springframework.context.annotation.internalPersistenceAnnotationProcessor&apos;
21:59:41.668 [main] DEBUG o.s.b.f.s.DefaultListableBeanFactory - Creating instance of bean &apos;org.springframework.context.annotation.internalPersistenceAnnotationProcessor&apos;
21:59:41.668 [main] DEBUG o.s.b.f.s.DefaultListableBeanFactory - Eagerly caching bean &apos;org.springframework.context.annotation.internalPersistenceAnnotationProcessor&apos; to allow for resolving potential circular references
21:59:41.670 [main] DEBUG o.s.b.f.s.DefaultListableBeanFactory - Finished creating instance of bean &apos;org.springframework.context.annotation.internalPersistenceAnnotationProcessor&apos;
21:59:41.670 [main] DEBUG o.s.b.f.s.DefaultListableBeanFactory - Creating shared instance of singleton bean &apos;org.springframework.aop.config.internalAutoProxyCreator&apos;
21:59:41.670 [main] DEBUG o.s.b.f.s.DefaultListableBeanFactory - Creating instance of bean &apos;org.springframework.aop.config.internalAutoProxyCreator&apos;
21:59:41.670 [main] DEBUG o.s.b.f.s.DefaultListableBeanFactory - Eagerly caching bean &apos;org.springframework.aop.config.internalAutoProxyCreator&apos; to allow for resolving potential circular references
21:59:41.672 [main] DEBUG o.s.b.f.s.DefaultListableBeanFactory - Finished creating instance of bean &apos;org.springframework.aop.config.internalAutoProxyCreator&apos;
21:59:41.672 [main] DEBUG o.s.w.c.s.GenericWebApplicationContext - Unable to locate MessageSource with name &apos;messageSource&apos;: using default [org.springframework.context.support.DelegatingMessageSource@2ee86b15]
21:59:41.672 [main] DEBUG o.s.w.c.s.GenericWebApplicationContext - Unable to locate ApplicationEventMulticaster with name &apos;applicationEventMulticaster&apos;: using default [org.springframework.context.event.SimpleApplicationEventMulticaster@687da807]
21:59:41.672 [main] DEBUG o.s.u.c.s.UiApplicationContextUtils - Unable to locate ThemeSource with name &apos;themeSource&apos;: using default [org.springframework.ui.context.support.ResourceBundleThemeSource@3380e4ab]
21:59:41.673 [main] DEBUG o.s.b.f.s.DefaultListableBeanFactory - Pre-instantiating singletons in org.springframework.beans.factory.support.DefaultListableBeanFactory@7a8a2118: defining beans [org.springframework.context.annotation.internalConfigurationAnnotationProcessor,org.springframework.context.annotation.internalAutowiredAnnotationProcessor,org.springframework.context.annotation.internalRequiredAnnotationProcessor,org.springframework.context.annotation.internalCommonAnnotationProcessor,org.springf
...[truncated 190118 chars]...
 Caching method [CacheKey[edu.ncsu.csc.itrust2.controllers.patient.PatientController; public java.lang.String edu.ncsu.csc.itrust2.controllers.patient.PatientController.viewDemographics(org.springframework.ui.Model)]] with attributes [[authorize: &apos;hasRole(&apos;ROLE_PATIENT&apos;)&apos;, filter: &apos;null&apos;, filterTarget: &apos;null&apos;]]
21:59:41.902 [main] DEBUG o.s.aop.framework.CglibAopProxy - Unable to apply any optimisations to advised method: public java.lang.String edu.ncsu.csc.itrust2.controllers.patient.PatientController.viewDemographics(org.springframework.ui.Model)
21:59:41.902 [main] DEBUG o.s.s.a.p.PrePostAnnotationSecurityMetadataSource - @org.springframework.security.access.prepost.PreAuthorize(value=hasRole(&apos;ROLE_PATIENT&apos;)) found on specific method: public java.lang.String edu.ncsu.csc.itrust2.controllers.patient.PatientController.demographicsSubmit(edu.ncsu.csc.itrust2.forms.hcp_patient.PatientForm,org.springframework.validation.BindingResult,org.springframework.ui.Model)
21:59:41.902 [main] DEBUG o.s.s.a.m.DelegatingMethodSecurityMetadataSource - Caching method [CacheKey[edu.ncsu.csc.itrust2.controllers.patient.PatientController; public java.lang.String edu.ncsu.csc.itrust2.controllers.patient.PatientController.demographicsSubmit(edu.ncsu.csc.itrust2.forms.hcp_patient.PatientForm,org.springframework.validation.BindingResult,org.springframework.ui.Model)]] with attributes [[authorize: &apos;hasRole(&apos;ROLE_PATIENT&apos;)&apos;, filter: &apos;null&apos;, filterTarget: &apos;null&apos;]]
21:59:41.902 [main] DEBUG o.s.aop.framework.CglibAopProxy - Unable to apply any optimisations to advised method: public java.lang.String edu.ncsu.csc.itrust2.controllers.patient.PatientController.demographicsSubmit(edu.ncsu.csc.itrust2.forms.hcp_patient.PatientForm,org.springframework.validation.BindingResult,org.springframework.ui.Model)
21:59:41.902 [main] DEBUG o.s.s.a.p.PrePostAnnotationSecurityMetadataSource - @org.springframework.security.access.prepost.PreAuthorize(value=hasRole(&apos;ROLE_PATIENT&apos;)) found on specific method: public java.lang.String edu.ncsu.csc.itrust2.controllers.patient.PatientController.index(org.springframework.ui.Model)
21:59:41.902 [main] DEBUG o.s.s.a.m.DelegatingMethodSecurityMetadataSource - Caching method [CacheKey[edu.ncsu.csc.itrust2.controllers.patient.PatientController; public java.lang.String edu.ncsu.csc.itrust2.controllers.patient.PatientController.index(org.springframework.ui.Model)]] with attributes [[authorize: &apos;hasRole(&apos;ROLE_PATIENT&apos;)&apos;, filter: &apos;null&apos;, filterTarget: &apos;null&apos;]]
21:59:41.902 [main] DEBUG o.s.aop.framework.CglibAopProxy - Unable to apply any optimisations to advised method: public java.lang.String edu.ncsu.csc.itrust2.controllers.patient.PatientController.index(org.springframework.ui.Model)
21:59:41.903 [main] DEBUG o.s.aop.framework.CglibAopProxy - Found &apos;equals&apos; method: public boolean java.lang.Object.equals(java.lang.Object)
21:59:41.903 [main] DEBUG o.s.aop.framework.CglibAopProxy - Unable to apply any optimisations to advised method: public java.lang.String java.lang.Object.toString()
21:59:41.903 [main] DEBUG o.s.aop.framework.CglibAopProxy - Found &apos;hashCode&apos; method: public native int java.lang.Object.hashCode()
21:59:41.903 [main] DEBUG o.s.aop.framework.CglibAopProxy - Unable to apply any optimisations to advised method: protected native java.lang.Object java.lang.Object.clone() throws java.lang.CloneNotSupportedException
21:59:41.903 [main] DEBUG o.s.aop.framework.CglibAopProxy - Method is declared on Advised interface: public abstract void org.springframework.aop.framework.Advised.setTargetSource(org.springframework.aop.TargetSource)
21:59:41.903 [main] DEBUG o.s.aop.framework.CglibAopProxy - Method is declared on Advised interface: public abstract org.springframework.aop.TargetSource org.springframework.aop.framework.Advised.getTargetSource()
21:59:41.903 [main] DEBUG o.s.aop.framework.CglibAopProxy - Method is declared on Advised interface: public abstract boolean org.springframework.aop.framework.Advised.isProxyTargetClass()
21:59:41.903 [main] DEBUG o.s.aop.framework.CglibAopProxy - Method is declared on Advised interface: public abstract void org.springframework.aop.framework.Advised.addAdvisor(org.springframework.aop.Advisor) throws org.springframework.aop.framework.AopConfigException
21:59:41.903 [main] DEBUG o.s.aop.framework.CglibAopProxy - Method is declared on Advised interface: public abstract void org.springframework.aop.framework.Advised.addAdvisor(int,org.springframework.aop.Advisor) throws org.springframework.aop.framework.AopConfigException
21:59:41.903 [main] DEBUG o.s.aop.framework.CglibAopProxy - Method is declared on Advised interface: public abstract void org.springframework.aop.framework.Advised.setPreFiltered(boolean)
21:59:41.903 [main] DEBUG o.s.aop.framework.CglibAopProxy - Method is declared on Advised interface: public abstract void org.springframework.aop.framework.Advised.setExposeProxy(boolean)
21:59:41.903 [main] DEBUG o.s.aop.framework.CglibAopProxy - Method is declared on Advised interface: public abstract boolean org.springframework.aop.framework.Advised.isExposeProxy()
21:59:41.903 [main] DEBUG o.s.aop.framework.CglibAopProxy - Method is declared on Advised interface: public abstract boolean org.springframework.aop.framework.Advised.isPreFiltered()
21:59:41.903 [main] DEBUG o.s.aop.framework.CglibAopProxy - Method is declared on Advised interface: public abstract java.lang.Class[] org.springframework.aop.framework.Advised.getProxiedInterfaces()
21:59:41.903 [main] DEBUG o.s.aop.framework.CglibAopProxy - Method is declared on Advised interface: public abstract boolean org.springframework.aop.framework.Advised.isInterfaceProxied(java.lang.Class)
21:59:41.903 [main] DEBUG o.s.aop.framework.CglibAopProxy - Method is declared on Advised interface: public abstract org.springframework.aop.Advisor[] org.springframework.aop.framework.Advised.getAdvisors()
21:59:41.903 [main] DEBUG o.s.aop.framework.CglibAopProxy - Method is declared on Advised interface: public abstract void org.springframework.aop.framework.Advised.removeAdvisor(int) throws org.springframework.aop.framework.AopConfigException
21:59:41.903 [main] DEBUG o.s.aop.framework.CglibAopProxy - Method is declared on Advised interface: public abstract boolean org.springframework.aop.framework.Advised.removeAdvisor(org.springframework.aop.Advisor)
21:59:41.903 [main] DEBUG o.s.aop.framework.CglibAopProxy - Method is declared on Advised interface: public abstract boolean org.springframework.aop.framework.Advised.replaceAdvisor(org.springframework.aop.Advisor,org.springframework.aop.Advisor) throws org.springframework.aop.framework.AopConfigException
21:59:41.903 [main] DEBUG o.s.aop.framework.CglibAopProxy - Method is declared on Advised interface: public abstract boolean org.springframework.aop.framework.Advised.removeAdvice(org.aopalliance.aop.Advice)
21:59:41.903 [main] DEBUG o.s.aop.framework.CglibAopProxy - Method is declared on Advised interface: public abstract java.lang.String org.springframework.aop.framework.Advised.toProxyConfigString()
21:59:41.903 [main] DEBUG o.s.aop.framework.CglibAopProxy - Method is declared on Advised interface: public abstract void org.springframework.aop.framework.Advised.addAdvice(int,org.aopalliance.aop.Advice) throws org.springframework.aop.framework.AopConfigException
21:59:41.903 [main] DEBUG o.s.aop.framework.CglibAopProxy - Method is declared on Advised interface: public abstract void org.springframework.aop.framework.Advised.addAdvice(org.aopalliance.aop.Advice) throws org.springframework.aop.framework.AopConfigException
21:59:41.903 [main] DEBUG o.s.aop.framework.CglibAopProxy - Method is declared on Advised interface: public abstract int org.springframework.aop.framework.Advised.indexOf(org.aopalliance.aop.Advice)
21:59:41.903 [main] DEBUG o.s.aop.framework.CglibAopProxy - Method is declared on Advised interface: public abstract int org.springframework.aop.framework.Advised.indexOf(org.springframework.aop.Advisor)
21:59:41.903 [main] DEBUG o.s.aop.framework.CglibAopProxy - Method is declared on Advised interface: public abstract boolean org.springframework.aop.framework.Advised.isFrozen()
21:59:41.903 [main] DEBUG o.s.aop.framework.CglibAopProxy - Method is declared on Advised interface: public abstract java.lang.Class org.springframework.aop.TargetClassAware.getTargetClass()
21:59:41.907 [main] DEBUG o.s.b.f.s.DefaultListableBeanFactory - Finished creating instance of bean &apos;patientController&apos;
21:59:41.907 [main] DEBUG o.s.b.f.s.DefaultListableBeanFactory - Creating shared instance of singleton bean &apos;passwordController&apos;
21:59:41.907 [main] DEBUG o.s.b.f.s.DefaultListableBeanFactory - Creating instance of bean &apos;passwordController&apos;
21:59:41.907 [main] DEBUG o.s.b.f.s.DefaultListableBeanFactory - Eagerly caching bean &apos;passwordController&apos; to allow for resolving potential circular references
21:59:41.907 [main] DEBUG o.s.b.f.s.DefaultListableBeanFactory - Returning cached instance of singleton bean &apos;metaDataSourceAdvisor&apos;
21:59:41.907 [main] DEBUG o.s.b.f.s.DefaultListableBeanFactory - Finished creating instance of bean &apos;passwordController&apos;
21:59:41.907 [main] DEBUG o.s.b.f.s.DefaultListableBeanFactory - Creating shared instance of singleton bean &apos;userController&apos;
21:59:41.907 [main] DEBUG o.s.b.f.s.DefaultListableBeanFactory - Creating instance of bean &apos;userController&apos;
21:59:41.907 [main] DEBUG o.s.b.f.s.DefaultListableBeanFactory - Eagerly caching bean &apos;userController&apos; to allow for resolving potential circular references
21:59:41.907 [main] DEBUG o.s.b.f.s.DefaultListableBeanFactory - Returning cached instance of singleton bean &apos;metaDataSourceAdvisor&apos;
21:59:41.907 [main] DEBUG o.s.s.a.p.PrePostAnnotationSecurityMetadataSource - @org.springframework.security.access.prepost.PreAuthorize(value=hasRole(&apos;ROLE_HCP&apos;) or hasRole(&apos;ROLE_ADMIN&apos;)) found on specific method: public java.lang.String edu.ncsu.csc.itrust2.controllers.personnel.UserController.viewDemographics(org.springframework.ui.Model)
21:59:41.907 [main] DEBUG o.s.s.a.m.DelegatingMethodSecurityMetadataSource - Caching method [CacheKey[edu.ncsu.csc.itrust2.controllers.personnel.UserController; public java.lang.String edu.ncsu.csc.itrust2.controllers.personnel.UserController.viewDemographics(org.springframework.ui.Model)]] with attributes [[authorize: &apos;hasRole(&apos;ROLE_HCP&apos;) or hasRole(&apos;ROLE_ADMIN&apos;)&apos;, filter: &apos;null&apos;, filterTarget: &apos;null&apos;]]
21:59:41.907 [main] DEBUG o.s.a.f.a.InfrastructureAdvisorAutoProxyCreator - Creating implicit proxy for bean &apos;userController&apos; with 0 common interceptors and 1 specific interceptors
21:59:41.907 [main] DEBUG o.s.aop.framework.CglibAopProxy - Creating CGLIB proxy: target source is SingletonTargetSource for target object [edu.ncsu.csc.itrust2.controllers.personnel.UserController@14854e79]
21:59:41.908 [main] DEBUG o.s.aop.framework.CglibAopProxy - Unable to apply any optimisations to advised method: public java.lang.String edu.ncsu.csc.itrust2.controllers.personnel.UserController.viewDemographics(org.springframework.ui.Model)
21:59:41.908 [main] DEBUG o.s.s.a.p.PrePostAnnotationSecurityMetadataSource - @org.springframework.security.access.prepost.PreAuthorize(value=hasRole(&apos;ROLE_HCP&apos;) or hasRole(&apos;ROLE_ADMIN&apos;)) found on specific method: public java.lang.String edu.ncsu.csc.itrust2.controllers.personnel.UserController.demographicsSubmit(edu.ncsu.csc.itrust2.forms.personnel.PersonnelForm,org.springframework.validation.BindingResult,org.springframework.ui.Model)
21:59:41.908 [main] DEBUG o.s.s.a.m.DelegatingMethodSecurityMetadataSource - Caching method [CacheKey[edu.ncsu.csc.itrust2.controllers.personnel.UserController; public java.lang.String edu.ncsu.csc.itrust2.controllers.personnel.UserController.demographicsSubmit(edu.ncsu.csc.itrust2.forms.personnel.PersonnelForm,org.springframework.validation.BindingResult,org.springframework.ui.Model)]] with attributes [[authorize: &apos;hasRole(&apos;ROLE_HCP&apos;) or hasRole(&apos;ROLE_ADMIN&apos;)&apos;, filter: &apos;null&apos;, filterTarget: &apos;null&apos;]]
21:59:41.908 [main] DEBUG o.s.aop.framework.CglibAopProxy - Unable to apply any optimisations to advised method: public java.lang.String edu.ncsu.csc.itrust2.controllers.personnel.UserController.demographicsSubmit(edu.ncsu.csc.itrust2.forms.personnel.PersonnelForm,org.springframework.validation.BindingResult,org.springframework.ui.Model)
21:59:41.908 [main] DEBUG o.s.aop.framework.CglibAopProxy - Found &apos;equals&apos; method: public boolean java.lang.Object.equals(java.lang.Object)
21:59:41.908 [main] DEBUG o.s.aop.framework.CglibAopProxy - Unable to apply any optimisations to advised method: public java.lang.String java.lang.Object.toString()
21:59:41.908 [main] DEBUG o.s.aop.framework.CglibAopProxy - Found &apos;hashCode&apos; method: public native int java.lang.Object.hashCode()
21:59:41.908 [main] DEBUG o.s.aop.framework.CglibAopProxy - Unable to apply any optimisations to advised method: protected native java.lang.Object java.lang.Object.clone() throws java.lang.CloneNotSupportedException
21:59:41.908 [main] DEBUG o.s.aop.framework.CglibAopProxy - Method is declared on Advised interface: public abstract void org.springframework.aop.framework.Advised.setTargetSource(org.springframework.aop.TargetSource)
21:59:41.908 [main] DEBUG o.s.aop.framework.CglibAopProxy - Method is declared on Advised interface: public abstract org.springframework.aop.TargetSource org.springframework.aop.framework.Advised.getTargetSource()
21:59:41.908 [main] DEBUG o.s.aop.framework.CglibAopProxy - Method is declared on Advised interface: public abstract boolean org.springframework.aop.framework.Advised.isProxyTargetClass()
21:59:41.908 [main] DEBUG o.s.aop.framework.CglibAopProxy - Method is declared on Advised interface: public abstract void org.springframework.aop.framework.Advised.addAdvisor(org.springframework.aop.Advisor) throws org.springframework.aop.framework.AopConfigException
21:59:41.908 [main] DEBUG o.s.aop.framework.CglibAopProxy - Method is declared on Advised interface: public abstract void org.springframework.aop.framework.Advised.addAdvisor(int,org.springframework.aop.Advisor) throws org.springframework.aop.framework.AopConfigException
21:59:41.908 [main] DEBUG o.s.aop.framework.CglibAopProxy - Method is declared on Advised interface: public abstract void org.springframework.aop.framework.Advised.setPreFiltered(boolean)
21:59:41.908 [main] DEBUG o.s.aop.framework.CglibAopProxy - Method is declared on Advised interface: public abstract void org.springframework.aop.framework.Advised.setExposeProxy(boolean)
21:59:41.908 [main] DEBUG o.s.aop.framework.CglibAopProxy - Method is declared on Advised interface: public abstract boolean org.springframework.aop.framework.Advised.isExposeProxy()
21:59:41.908 [main] DEBUG o.s.aop.framework.CglibAopProxy - Method is declared on Advised interface: public abstract boolean org.springframework.aop.framework.Advised.isPreFiltered()
21:59:41.908 [main] DEBUG o.s.aop.framework.CglibAopProxy - Method is declared on Advised interface: public abstract java.lang.Class[] org.springframework.aop.framework.Advised.getProxiedInterfaces()
21:59:41.908 [main] DEBUG o.s.aop.framework.CglibAopProxy - Method is declared on Advised interface: public abstract boolean org.springframework.aop.framework.Advised.isInterfaceProxied(java.lang.Class)
21:59:41.908 [main] DEBUG o.s.aop.framework.CglibAopProxy - Method is declared on Advised interface: public abstract org.springframework.aop.Advisor[] org.springframework.aop.framework.Advised.getAdvisors()
21:59:41.908 [main] DEBUG o.s.aop.framework.CglibAopProxy - Method is declared on Advised interface: public abstract void org.springframework.aop.framework.Advised.removeAdvisor(int) throws org.springframework.aop.framework.AopConfigException
21:59:41.908 [main] DEBUG o.s.aop.framework.CglibAopProxy - Method is declared on Advised interface: public abstract boolean org.springframework.aop.framework.Advised.removeAdvisor(org.springframework.aop.Advisor)
21:59:41.908 [main] DEBUG o.s.aop.framework.CglibAopProxy - Method is declared on Advised interface: public abstract boolean org.springframework.aop.framework.Advised.replaceAdvisor(org.springframework.aop.Advisor,org.springframework.aop.Advisor) throws org.springframework.aop.framework.AopConfigException
21:59:41.908 [main] DEBUG o.s.aop.framework.CglibAopProxy - Method is declared on Advised interface: public abstract boolean org.springframework.aop.framework.Advised.removeAdvice(org.aopalliance.aop.Advice)
21:59:41.908 [main] DEBUG o.s.aop.framework.CglibAopProxy - Method is declared on Advised interface: public abstract java.lang.String org.springframework.aop.framework.Advised.toProxyConfigString()
21:59:41.908 [main] DEBUG o.s.aop.framework.CglibAopProxy - Method is declared on Advised interface: public abstract void org.springframework.aop.framework.Advised.addAdvice(int,org.aopalliance.aop.Advice) throws org.springframework.aop.framework.AopConfigException
21:59:41.908 [main] DEBUG o.s.aop.framework.CglibAopProxy - Method is declared on Advised interface: public abstract void org.springframework.aop.framework.Advised.addAdvice(org.aopalliance.aop.Advice) throws org.springframework.aop.framework.AopConfigException
21:59:41.908 [main] DEBUG o.s.aop.framework.CglibAopProxy - Method is declared on Advised interface: public abstract int org.springframework.aop.framework.Advised.indexOf(org.aopalliance.aop.Advice)
21:59:41.908 [main] DEBUG o.s.aop.framework.CglibAopProxy - Method is declared on Advised interface: public abstract int org.springframework.aop.framework.Advised.indexOf(org.springframework.aop.Advisor)
21:59:41.908 [main] DEBUG o.s.aop.framework.CglibAopProxy - Method is declared on Advised interface: public abstract boolean org.springframework.aop.framework.Advised.isFrozen()
21:59:41.908 [main] DEBUG o.s.aop.framework.CglibAopProxy - Method is declared on Advised interface: public abstract java.lang.Class org.springframework.aop.TargetClassAware.getTargetClass()
21:59:41.912 [main] DEBUG o.s.b.f.s.DefaultListableBeanFactory - Finished creating instance of bean &apos;userController&apos;
21:59:41.912 [main] DEBUG o.s.b.f.s.DefaultListableBeanFactory - Returning cached instance of singleton bean &apos;dataSource&apos;
21:59:41.912 [main] DEBUG o.s.b.f.s.DefaultListableBeanFactory - Returning cached instance of singleton bean &apos;org.springframework.security.config.annotation.configuration.ObjectPostProcessorConfiguration&apos;
21:59:41.912 [main] DEBUG o.s.b.f.s.DefaultListableBeanFactory - Returning cached instance of singleton bean &apos;objectPostProcessor&apos;
21:59:41.912 [main] DEBUG o.s.b.f.s.DefaultListableBeanFactory - Returning cached instance of singleton bean &apos;org.springframework.security.config.annotation.authentication.configuration.AuthenticationConfiguration&apos;
21:59:41.912 [main] DEBUG o.s.b.f.s.DefaultListableBeanFactory - Returning cached instance of singleton bean &apos;authenticationManagerBuilder&apos;
21:59:41.912 [main] DEBUG o.s.b.f.s.DefaultListableBeanFactory - Returning cached instance of singleton bean &apos;enableGlobalAuthenticationAutowiredConfigurer&apos;
21:59:41.912 [main] DEBUG o.s.b.f.s.DefaultListableBeanFactory - Returning cached instance of singleton bean &apos;initializeUserDetailsBeanManagerConfigurer&apos;
21:59:41.912 [main] DEBUG o.s.b.f.s.DefaultListableBeanFactory - Returning cached instance of singleton bean &apos;initializeAuthenticationProviderBeanManagerConfigurer&apos;
21:59:41.912 [main] DEBUG o.s.b.f.s.DefaultListableBeanFactory - Creating shared instance of singleton bean &apos;org.springframework.security.config.annotation.web.configuration.WebSecurityConfiguration&apos;
21:59:41.912 [main] DEBUG o.s.b.f.s.DefaultListableBeanFactory - Creating instance of bean &apos;org.springframework.security.config.annotation.web.configuration.WebSecurityConfiguration&apos;
21:59:41.913 [main] DEBUG o.s.b.f.annotation.InjectionMetadata - Registered injected element on class [org.springframework.security.config.annotation.web.configuration.WebSecurityConfiguration$$EnhancerBySpringCGLIB$$150881e6]: AutowiredFieldElement for private org.springframework.security.config.annotation.ObjectPostProcessor org.springframework.security.config.annotation.web.configuration.WebSecurityConfiguration.objectObjectPostProcessor
21:59:41.913 [main] DEBUG o.s.b.f.annotation.InjectionMetadata - Registered injected element on class [org.springframework.security.config.annotation.web.configuration.WebSecurityConfiguration$$EnhancerBySpringCGLIB$$150881e6]: AutowiredMethodElement for public void org.springframework.security.config.annotation.web.configuration.WebSecurityConfiguration.setFilterChainProxySecurityConfigurer(org.springframework.security.config.annotation.ObjectPostProcessor,java.util.List) throws java.lang.Exception
21:59:41.913 [main] DEBUG o.s.b.f.s.DefaultListableBeanFactory - Eagerly caching bean &apos;org.springframework.security.config.annotation.web.configuration.WebSecurityConfiguration&apos; to allow for resolving potential circular references
21:59:41.914 [main] DEBUG o.s.b.f.annotation.InjectionMetadata - Processing injected element of bean &apos;org.springframework.security.config.annotation.web.configuration.WebSecurityConfiguration&apos;: AutowiredFieldElement for private org.springframework.security.config.annotation.ObjectPostProcessor org.springframework.security.config.annotation.web.configuration.WebSecurityConfiguration.objectObjectPostProcessor
21:59:41.914 [main] DEBUG o.s.b.f.s.DefaultListableBeanFactory - Returning cached instance of singleton bean &apos;objectPostProcessor&apos;
21:59:41.914 [main] DEBUG o.s.b.f.a.AutowiredAnnotationBeanPostProcessor - Autowiring by type from bean name &apos;org.springframework.security.config.annotation.web.configuration.WebSecurityConfiguration&apos; to bean named &apos;objectPostProcessor&apos;
21:59:41.914 [main] DEBUG o.s.b.f.annotation.InjectionMetadata - Processing injected element of bean &apos;org.springframework.security.config.annotation.web.configuration.WebSecurityConfiguration&apos;: AutowiredMethodElement for public void org.springframework.security.config.annotation.web.configuration.WebSecurityConfiguration.setFilterChainProxySecurityConfigurer(org.springframework.security.config.annotation.ObjectPostProcessor,java.util.List) throws java.lang.Exception
21:59:41.914 [main] DEBUG o.s.b.f.s.DefaultListableBeanFactory - Returning cached instance of singleton bean &apos;objectPostProcessor&apos;
21:59:41.914 [main] DEBUG o.s.b.f.s.DefaultListableBeanFactory - Creating shared instance of singleton bean &apos;autowiredWebSecurityConfigurersIgnoreParents&apos;
21:59:41.914 [main] DEBUG o.s.b.f.s.DefaultListableBeanFactory - Creating instance of bean &apos;autowiredWebSecurityConfigurersIgnoreParents&apos;
21:59:41.914 [main] DEBUG o.s.b.f.s.DefaultListableBeanFactory - Returning cached instance of singleton bean &apos;metaDataSourceAdvisor&apos;
21:59:41.915 [main] DEBUG o.s.b.f.s.DefaultListableBeanFactory - Returning eagerly cached instance of singleton bean &apos;org.springframework.security.config.annotation.web.configuration.WebSecurityConfiguration&apos; that is not fully initialized yet - a consequence of a circular reference
21:59:41.916 [main] DEBUG o.s.b.f.s.DefaultListableBeanFactory - Autowiring by type from bean name &apos;autowiredWebSecurityConfigurersIgnoreParents&apos; via factory method to bean named &apos;org.springframework.beans.factory.support.DefaultListableBeanFactory@7a8a2118&apos;
21:59:41.916 [main] DEBUG o.s.b.f.s.DefaultListableBeanFactory - Eagerly caching bean &apos;autowiredWebSecurityConfigurersIgnoreParents&apos; to allow for resolving potential circular references
21:59:41.917 [main] DEBUG o.s.b.f.s.DefaultListableBeanFactory - Returning cached instance of singleton bean &apos;metaDataSourceAdvisor&apos;
21:59:41.917 [main] DEBUG o.s.b.f.s.DefaultListableBeanFactory - Finished creating instance of bean &apos;autowiredWebSecurityConfigurersIgnoreParents&apos;
21:59:41.917 [main] DEBUG o.s.b.f.s.DefaultListableBeanFactory - Returning cached instance of singleton bean &apos;securityConfig&apos;
21:59:41.917 [main] DEBUG o.s.b.f.a.AutowiredAnnotationBeanPostProcessor - Autowiring by type from bean name &apos;org.springframework.security.config.annotation.web.configuration.WebSecurityConfiguration&apos; to bean named &apos;objectPostProcessor&apos;
21:59:41.917 [main] DEBUG o.s.b.f.s.DefaultListableBeanFactory - Returning cached instance of singleton bean &apos;metaDataSourceAdvisor&apos;
21:59:41.920 [main] DEBUG o.s.b.f.s.DefaultListableBeanFactory - Returning cached instance of singleton bean &apos;org.springframework.context.annotation.ConfigurationClassPostProcessor.importRegistry&apos;
21:59:41.920 [main] DEBUG o.s.b.f.s.DefaultListableBeanFactory - Finished creating instance of bean &apos;org.springframework.security.config.annotation.web.configuration.WebSecurityConfiguration&apos;
21:59:41.920 [main] DEBUG o.s.b.f.s.DefaultListableBeanFactory - Creating shared instance of singleton bean &apos;delegatingApplicationListener&apos;
21:59:41.920 [main] DEBUG o.s.b.f.s.DefaultListableBeanFactory - Creating instance of bean &apos;delegatingApplicationListener&apos;
21:59:41.920 [main] DEBUG o.s.b.f.s.DefaultListableBeanFactory - Eagerly caching bean &apos;delegatingApplicationListener&apos; to allow for resolving potential circular references
21:59:41.921 [main] DEBUG o.s.b.f.s.DefaultListableBeanFactory - Returning cached instance of singleton bean &apos;metaDataSourceAdvisor&apos;
21:59:41.921 [main] DEBUG o.s.b.f.s.DefaultListableBeanFactory - Finished creating instance of bean &apos;delegatingApplicationListener&apos;
21:59:41.921 [main] DEBUG o.s.b.f.s.DefaultListableBeanFactory - Creating shared instance of singleton bean &apos;springSecurityFilterChain&apos;
21:59:41.921 [main] DEBUG o.s.b.f.s.DefaultListableBeanFactory - Creating instance of bean &apos;springSecurityFilterChain&apos;
21:59:41.921 [main] DEBUG o.s.b.f.s.DefaultListableBeanFactory - Returning cached instance of singleton bean &apos;org.springframework.security.config.annotation.web.configuration.WebSecurityConfiguration&apos;
21:59:41.921 [main] DEBUG o.s.b.f.s.DefaultListableBeanFactory - Returning cached instance of singleton bean &apos;metaDataSourceAdvisor&apos;
21:59:41.922 [main] DEBUG o.s.b.f.s.DefaultListableBeanFactory - Returning cached instance of singleton bean &apos;webMvcConfiguration&apos;
21:59:41.922 [main] DEBUG o.s.b.f.s.DefaultListableBeanFactory - Returning cached instance of singleton bean &apos;securityConfig&apos;
21:59:41.922 [main] DEBUG o.s.s.c.a.a.c.AuthenticationConfiguration$EnableGlobalAuthenticationAutowiredConfigurer - Eagerly initializing {webMvcConfiguration=edu.ncsu.csc.itrust2.mvc.config.WebMvcConfiguration$$EnhancerBySpringCGLIB$$de7b09d5@386e79a3, securityConfig=edu.ncsu.csc.itrust2.config.SecurityConfig$$EnhancerBySpringCGLIB$$f88fd361@6cc2f8a}
21:59:41.922 [main] DEBUG o.s.b.f.s.DefaultListableBeanFactory - Invoking afterPropertiesSet() on bean with name &apos;org.springframework.security.authentication.dao.DaoAuthenticationProvider@22df3297&apos;
21:59:41.922 [main] DEBUG o.s.b.f.s.DefaultListableBeanFactory - Returning cached instance of singleton bean &apos;metaDataSourceAdvisor&apos;
21:59:41.923 [main] DEBUG o.s.b.f.s.DefaultListableBeanFactory - Invoking afterPropertiesSet() on bean with name &apos;org.springframework.security.authentication.ProviderManager@28a31fc0&apos;
21:59:41.923 [main] DEBUG o.s.b.f.s.DefaultListableBeanFactory - Returning cached instance of singleton bean &apos;metaDataSourceAdvisor&apos;
21:59:41.925 [main] DEBUG o.s.b.f.s.DefaultListableBeanFactory - Returning cached instance of singleton bean &apos;authenticationManagerBuilder&apos;
21:59:41.925 [main] DEBUG o.s.w.c.s.StandardServletEnvironment - Adding [servletConfigInitParams] PropertySource with lowest search precedence
21:59:41.925 [main] DEBUG o.s.w.c.s.StandardServletEnvironment - Adding [servletContextInitParams] PropertySource with lowest search precedence
21:59:41.925 [main] DEBUG o.s.w.c.s.StandardServletEnvironment - Adding [systemProperties] PropertySource with lowest search precedence
21:59:41.925 [main] DEBUG o.s.w.c.s.StandardServletEnvironment - Adding [systemEnvironment] PropertySource with lowest search precedence
21:59:41.925 [main] DEBUG o.s.w.c.s.StandardServletEnvironment - Initialized StandardServletEnvironment with PropertySources [servletConfigInitParams,servletContextInitParams,systemProperties,systemEnvironment]
21:59:41.925 [main] DEBUG o.s.w.c.s.StandardServletEnvironment - Adding [servletConfigInitParams] PropertySource with lowest search precedence
21:59:41.925 [main] DEBUG o.s.w.c.s.StandardServletEnvironment - Adding [servletContextInitParams] PropertySource with lowest search precedence
21:59:41.925 [main] DEBUG o.s.w.c.s.StandardServletEnvironment - Adding [systemProperties] PropertySource with lowest search precedence
21:59:41.925 [main] DEBUG o.s.w.c.s.StandardServletEnvironment - Adding [systemEnvironment] PropertySource with lowest search precedence
21:59:41.925 [main] DEBUG o.s.w.c.s.StandardServletEnvironment - Initialized StandardServletEnvironment with PropertySources [servletConfigInitParams,servletContextInitParams,systemProperties,systemEnvironment]
21:59:41.925 [main] DEBUG o.s.w.c.s.StandardServletEnvironment - Adding [servletConfigInitParams] PropertySource with lowest search precedence
21:59:41.925 [main] DEBUG o.s.w.c.s.StandardServletEnvironment - Adding [servletContextInitParams] PropertySource with lowest search precedence
21:59:41.925 [main] DEBUG o.s.w.c.s.StandardServletEnvironment - Adding [systemProperties] PropertySource with lowest search precedence
21:59:41.925 [main] DEBUG o.s.w.c.s.StandardServletEnvironment - Adding [systemEnvironment] PropertySource with lowest search precedence
21:59:41.925 [main] DEBUG o.s.w.c.s.StandardServletEnvironment - Initialized StandardServletEnvironment with PropertySources [servletConfigInitParams,servletContextInitParams,systemProperties,systemEnvironment]
21:59:41.926 [main] DEBUG o.s.b.f.s.DefaultListableBeanFactory - Creating shared instance of singleton bean &apos;ipBlockFilter&apos;
21:59:41.926 [main] DEBUG o.s.b.f.s.DefaultListableBeanFactory - Creating instance of bean &apos;ipBlockFilter&apos;
21:59:41.926 [main] DEBUG o.s.b.f.s.DefaultListableBeanFactory - Returning cached instance of singleton bean &apos;securityConfig&apos;
21:59:41.926 [main] DEBUG o.s.w.c.s.StandardServletEnvironment - Adding [servletConfigInitParams] PropertySource with lowest search precedence
21:59:41.926 [main] DEBUG o.s.w.c.s.StandardServletEnvironment - Adding [servletContextInitParams] PropertySource with lowest search precedence
21:59:41.926 [main] DEBUG o.s.w.c.s.StandardServletEnvironment - Adding [systemProperties] PropertySource with lowest search precedence
21:59:41.926 [main] DEBUG o.s.w.c.s.StandardServletEnvironment - Adding [systemEnvironment] PropertySource with lowest search precedence
21:59:41.926 [main] DEBUG o.s.w.c.s.StandardServletEnvironment - Initialized StandardServletEnvironment with PropertySources [servletConfigInitParams,servletContextInitParams,systemProperties,systemEnvironment]
21:59:41.926 [main] DEBUG o.s.b.f.s.DefaultListableBeanFactory - Eagerly caching bean &apos;ipBlockFilter&apos; to allow for resolving potential circular references
21:59:41.928 [main] DEBUG o.s.b.f.s.DefaultListableBeanFactory - Invoking afterPropertiesSet() on bean with name &apos;ipBlockFilter&apos;
21:59:41.928 [main] DEBUG o.s.b.f.s.DefaultListableBeanFactory - Returning cached instance of singleton bean &apos;metaDataSourceAdvisor&apos;
21:59:41.928 [main] DEBUG o.s.b.f.s.DefaultListableBeanFactory - Finished creating instance of bean &apos;ipBlockFilter&apos;
21:59:41.928 [main] DEBUG o.s.w.c.s.StandardServletEnvironment - Adding [servletConfigInitParams] PropertySource with lowest search precedence
21:59:41.929 [main] DEBUG o.s.w.c.s.StandardServletEnvironment - Adding [servletContextInitParams] PropertySource with lowest search precedence
21:59:41.929 [main] DEBUG o.s.w.c.s.StandardServletEnvironment - Adding [systemProperties] PropertySource with lowest search precedence
21:59:41.929 [main] DEBUG o.s.w.c.s.StandardServletEnvironment - Adding [systemEnvironment] PropertySource with lowest search precedence
21:59:41.929 [main] DEBUG o.s.w.c.s.StandardServletEnvironment - Initialized StandardServletEnvironment with PropertySources [servletConfigInitParams,servletContextInitParams,systemProperties,systemEnvironment]
21:59:41.929 [main] DEBUG o.s.b.f.s.DefaultListableBeanFactory - Retrieved dependent beans for bean &apos;springSecurityFilterChain&apos;: [webSecurityExpressionHandler]
21:59:41.929 [main] WARN  o.s.w.c.s.GenericWebApplicationContext - Exception encountered during context initialization - cancelling refresh attempt: org.springframework.beans.factory.BeanCreationException: Error creating bean with name &apos;springSecurityFilterChain&apos; defined in class path resource [org/springframework/security/config/annotation/web/configuration/WebSecurityConfiguration.class]: Bean instantiation via factory method failed; nested exception is org.springframework.beans.BeanInstantiationException: Failed to instantiate [javax.servlet.Filter]: Factory method &apos;springSecurityFilterChain&apos; threw exception; nested exception is java.lang.IllegalArgumentException: &apos;Savings Account?error&apos; is not a valid redirect URL
21:59:41.929 [main] DEBUG o.s.b.f.s.DefaultListableBeanFactory - Destroying singletons in org.springframework.beans.factory.support.DefaultListableBeanFactory@7a8a2118: defining beans [org.springframework.context.annotation.internalConfigurationAnnotationProcessor,org.springframework.context.annotation.internalAutowiredAnnotationProcessor,org.springframework.context.annotation.internalRequiredAnnotationProcessor,org.springframework.context.annotation.internalCommonAnnotationProcessor,org.springframework.context.annotation.internalPersistenceAnnotationProcessor,org.springframework.context.event.internalEventListenerProcessor,org.springframework.context.event.internalEventListenerFactory,rootConfiguration,webMvcConfiguration,dataConfiguration,loginAuditingListener,securityConfig,defaultController,adminController,adminUserController,hospitalController,ICDCodesController,APIAppointmentRequestController,APIDiagnosisController,APIDrugController,APIEnumController,APIHospitalController,APIICDCodeController,APILogEntryController,APIOfficeVisitController,APIPasswordController,APIPatientController,APIPersonnelController,APIPrescriptionController,APIUserController,appointmentControllerHCP,HCPController,officeVisitController,appointmentController,diagnosesController,patientController,passwordController,userController,dataSource,org.springframework.security.config.annotation.configuration.ObjectPostProcessorConfiguration,objectPostProcessor,org.springframework.security.config.annotation.authentication.configuration.AuthenticationConfiguration,authenticationManagerBuilder,enableGlobalAuthenticationAutowiredConfigurer,initializeUserDetailsBeanManagerConfigurer,initializeAuthenticationProviderBeanManagerConfigurer,org.springframework.security.config.annotation.web.configuration.WebSecurityConfiguration,delegatingApplicationListener,webSecurityExpressionHandler,springSecurityFilterChain,privilegeEvaluator,autowiredWebSecurityConfigurersIgnoreParents,org.springframework.security.config.annotation.web.configuration.WebMvcSecurityConfiguration,requestDataValueProcessor,passwordEncoder,defaultAuthenticationEventPublisher,failureHandler,ipBlockFilter,org.springframework.web.servlet.config.annotation.DelegatingWebMvcConfiguration,mvcConversionService,requestMappingHandlerMapping,mvcPathMatcher,mvcUrlPathHelper,mvcContentNegotiationManager,viewControllerHandlerMapping,beanNameHandlerMapping,resourceHandlerMapping,mvcResourceUrlProvider,defaultServletHandlerMapping,requestMappingHandlerAdapter,mvcValidator,mvcUriComponentsContributor,httpRequestHandlerAdapter,simpleControllerHandlerAdapter,handlerExceptionResolver,mvcViewResolver,org.springframework.security.config.annotation.method.configuration.GlobalMethodSecurityConfiguration,methodSecurityInterceptor,methodSecurityMetadataSource,preInvocationAuthorizationAdvice,viewResolver,templateEngine,domainClassConverter,metaDataSourceAdvisor,org.springframework.aop.config.internalAutoProxyCreator]; root of factory hierarchy
21:59:41.929 [main] DEBUG o.s.b.f.s.DisposableBeanAdapter - Invoking destroy() on bean with name &apos;ipBlockFilter&apos;
21:59:41.929 [main] DEBUG o.s.b.f.s.DefaultListableBeanFactory - Retrieved dependent beans for bean &apos;objectPostProcessor&apos;: [org.springframework.security.config.annotation.method.configuration.GlobalMethodSecurityConfiguration, securityConfig, org.springframework.security.config.annotation.authentication.configuration.AuthenticationConfiguration, authenticationManagerBuilder, org.springframework.security.config.annotation.web.configuration.WebSecurityConfiguration]
21:59:41.929 [main] DEBUG o.s.b.f.s.DisposableBeanAdapter - Invoking destroy() on bean with name &apos;objectPostProcessor&apos;
21:59:41.930 [main] ERROR o.s.test.context.TestContextManager - Caught exception while allowing TestExecutionListener [org.springframework.test.context.web.ServletTestExecutionListener@44af3cc9] to prepare test instance [edu.ncsu.csc.itrust2.apitest.APIPatientTest@b4cf921]
java.lang.IllegalStateException: Failed to load ApplicationContext
	at org.springframework.test.context.cache.DefaultCacheAwareContextLoaderDelegate.loadContext(DefaultCacheAwareContextLoaderDelegate.java:124) ~[spring-test-4.3.5.RELEASE.jar:4.3.5.RELEASE]
	at org.springframework.test.context.support.DefaultTestContext.getApplicationContext(DefaultTestContext.java:83) ~[spring-test-4.3.5.RELEASE.jar:4.3.5.RELEASE]
	at org.springframework.test.context.web.ServletTestExecutionListener.setUpRequestContextIfNecessary(ServletTestExecutionListener.java:189) ~[spring-test-4.3.5.RELEASE.jar:4.3.5.RELEASE]
	at org.springframework.test.context.web.ServletTestExecutionListener.prepareTestInstance(ServletTestExecutionListener.java:131) ~[spring-test-4.3.5.RELEASE.jar:4.3.5.RELEASE]
	at org.springframework.test.context.TestContextManager.prepareTestInstance(TestContextManager.java:230) ~[spring-test-4.3.5.RELEASE.jar:4.3.5.RELEASE]
	at org.springframework.test.context.junit4.SpringJUnit4ClassRunner.createTest(SpringJUnit4ClassRunner.java:228) [spring-test-4.3.5.RELEASE.jar:4.3.5.RELEASE]
	at org.springframework.test.context.junit4.SpringJUnit4ClassRunner$1.runReflectiveCall(SpringJUnit4ClassRunner.java:287) [spring-test-4.3.5.RELEASE.jar:4.3.5.RELEASE]
	at org.junit.internal.runners.model.ReflectiveCallable.run(ReflectiveCallable.java:12) [junit-4.12.jar:4.12]
	at org.springframework.test.context.junit4.SpringJUnit4ClassRunner.methodBlock(SpringJUnit4ClassRunner.java:289) [spring-test-4.3.5.RELEASE.jar:4.3.5.RELEASE]
	at org.springframework.test.context.junit4.SpringJUnit4ClassRunner.runChild(SpringJUnit4ClassRunner.java:247) [spring-test-4.3.5.RELEASE.jar:4.3.5.RELEASE]
	at org.springframework.test.context.junit4.SpringJUnit4ClassRunner.runChild(SpringJUnit4ClassRunner.java:94) [spring-test-4.3.5.RELEASE.jar:4.3.5.RELEASE]
	at org.junit.runners.ParentRunner$3.run(ParentRunner.java:290) [junit-4.12.jar:4.12]
	at org.junit.runners.ParentRunner$1.schedule(ParentRunner.java:71) [junit-4.12.jar:4.12]
	at org.junit.runners.ParentRunner.runChildren(ParentRunner.java:288) [junit-4.12.jar:4.12]
	at org.junit.runners.ParentRunner.access$000(ParentRunner.java:58) [junit-4.12.jar:4.12]
	at org.junit.runners.ParentRunner$2.evaluate(ParentRunner.java:268) [junit-4.12.jar:4.12]
	at org.springframework.test.context.junit4.statements.RunBeforeTestClassCallbacks.evaluate(RunBeforeTestClassCallbacks.java:61) [spring-test-4.3.5.RELEASE.jar:4.3.5.RELEASE]
	at org.springframework.test.context.junit4.statements.RunAfterTestClassCallbacks.evaluate(RunAfterTestClassCallbacks.java:70) [spring-test-4.3.5.RELEASE.jar:4.3.5.RELEASE]
	at org.junit.runners.ParentRunner.run(ParentRunner.java:363) [junit-4.12.jar:4.12]
	at org.springframework.test.context.junit4.SpringJUnit4ClassRunner.run(SpringJUnit4ClassRunner.java:191) [spring-test-4.3.5.RELEASE.jar:4.3.5.RELEASE]
	at org.apache.maven.surefire.junit4.JUnit4Provider.execute(JUnit4Provider.java:365) [surefire-junit4-2.20.jar:2.20]
	at org.apache.maven.surefire.junit4.JUnit4Provider.executeWithRerun(JUnit4Provider.java:272) [surefire-junit4-2.20.jar:2.20]
	at org.apache.maven.surefire.junit4.JUnit4Provider.executeTestSet(JUnit4Provider.java:236) [surefire-junit4-2.20.jar:2.20]
	at org.apache.maven.surefire.junit4.JUnit4Provider.invoke(JUnit4Provider.java:159) [surefire-junit4-2.20.jar:2.20]
	at org.apache.maven.surefire.booter.ForkedBooter.invokeProviderInSameClassLoader(ForkedBooter.java:386) [surefire-booter-2.20.jar:2.20]
	at org.apache.maven.surefire.booter.ForkedBooter.runSuitesInProcess(ForkedBooter.java:323) [surefire-booter-2.20.jar:2.20]
	at org.apache.maven.surefire.booter.ForkedBooter.main(ForkedBooter.java:143) [surefire-booter-2.20.jar:2.20]
Caused by: org.springframework.beans.factory.BeanCreationException: Error creating bean with name &apos;springSecurityFilterChain&apos; defined in class path resource [org/springframework/security/config/annotation/web/configuration/WebSecurityConfiguration.class]: Bean instantiation via factory method failed; nested exception is org.springframework.beans.BeanInstantiationException: Failed to instantiate [javax.servlet.Filter]: Factory method &apos;springSecurityFilterChain&apos; threw exception; nested exception is java.lang.IllegalArgumentException: &apos;Savings Account?error&apos; is not a valid redirect URL
	at org.springframework.beans.factory.support.ConstructorResolver.instantiateUsingFactoryMethod(ConstructorResolver.java:599) ~[spring-beans-4.3.5.RELEASE.jar:4.3.5.RELEASE]
	at org.springframework.beans.factory.support.AbstractAutowireCapableBeanFactory.instantiateUsingFactoryMethod(AbstractAutowireCapableBeanFactory.java:1134) ~[spring-beans-4.3.5.RELEASE.jar:4.3.5.RELEASE]
	at org.springframework.beans.factory.support.AbstractAutowireCapableBeanFactory.createBeanInstance(AbstractAutowireCapableBeanFactory.java:1028) ~[spring-beans-4.3.5.RELEASE.jar:4.3.5.RELEASE]
	at org.springframework.beans.factory.support.AbstractAutowireCapableBeanFactory.doCreateBean(AbstractAutowireCapableBeanFactory.java:513) ~[spring-beans-4.3.5.RELEASE.jar:4.3.5.RELEASE]
	at org.springframework.beans.factory.support.AbstractAutowireCapableBeanFactory.createBean(AbstractAutowireCapableBeanFactory.java:483) ~[spring-beans-4.3.5.RELEASE.jar:4.3.5.RELEASE]
	at org.springframework.beans.factory.support.AbstractBeanFactory$1.getObject(AbstractBeanFactory.java:306) ~[spring-beans-4.3.5.RELEASE.jar:4.3.5.RELEASE]
	at org.springframework.beans.factory.support.DefaultSingletonBeanRegistry.getSingleton(DefaultSingletonBeanRegistry.java:230) ~[spring-beans-4.3.5.RELEASE.jar:4.3.5.RELEASE]
	at org.springframework.beans.factory.support.AbstractBeanFactory.doGetBean(AbstractBeanFactory.java:302) ~[spring-beans-4.3.5.RELEASE.jar:4.3.5.RELEASE]
	at org.springframework.beans.factory.support.AbstractBeanFactory.getBean(AbstractBeanFactory.java:197) ~[spring-beans-4.3.5.RELEASE.jar:4.3.5.RELEASE]
	at org.springframework.beans.factory.support.AbstractBeanFactory.doGetBean(AbstractBeanFactory.java:296) ~[spring-beans-4.3.5.RELEASE.jar:4.3.5.RELEASE]
	at org.springframework.beans.factory.support.AbstractBeanFactory.getBean(AbstractBeanFactory.java:197) ~[spring-beans-4.3.5.RELEASE.jar:4.3.5.RELEASE]
	at org.springframework.beans.factory.support.DefaultListableBeanFactory.preInstantiateSingletons(DefaultListableBeanFactory.java:759) ~[spring-beans-4.3.5.RELEASE.jar:4.3.5.RELEASE]
	at org.springframework.context.support.AbstractApplicationContext.finishBeanFactoryInitialization(AbstractApplicationContext.java:866) ~[spring-context-4.3.5.RELEASE.jar:4.3.5.RELEASE]
	at org.springframework.context.support.AbstractApplicationContext.refresh(AbstractApplicationContext.java:542) ~[spring-context-4.3.5.RELEASE.jar:4.3.5.RELEASE]
	at org.springframework.test.context.web.AbstractGenericWebContextLoader.loadContext(AbstractGenericWebContextLoader.java:134) ~[spring-test-4.3.5.RELEASE.jar:4.3.5.RELEASE]
	at org.springframework.test.context.web.AbstractGenericWebContextLoader.loadContext(AbstractGenericWebContextLoader.java:61) ~[spring-test-4.3.5.RELEASE.jar:4.3.5.RELEASE]
	at org.springframework.test.context.support.AbstractDelegatingSmartContextLoader.delegateLoading(AbstractDelegatingSmartContextLoader.java:108) ~[spring-test-4.3.5.RELEASE.jar:4.3.5.RELEASE]
	at org.springframework.test.context.support.AbstractDelegatingSmartContextLoader.loadContext(AbstractDelegatingSmartContextLoader.java:251) ~[spring-test-4.3.5.RELEASE.jar:4.3.5.RELEASE]
	at org.springframework.test.context.cache.DefaultCacheAwareContextLoaderDelegate.loadContextInternal(DefaultCacheAwareContextLoaderDelegate.java:98) ~[spring-test-4.3.5.RELEASE.jar:4.3.5.RELEASE]
	at org.springframework.test.context.cache.DefaultCacheAwareContextLoaderDelegate.loadContext(DefaultCacheAwareContextLoaderDelegate.java:116) ~[spring-test-4.3.5.RELEASE.jar:4.3.5.RELEASE]
	... 26 common frames omitted
Caused by: org.springframework.beans.BeanInstantiationException: Failed to instantiate [javax.servlet.Filter]: Factory method &apos;springSecurityFilterChain&apos; threw exception; nested exception is java.lang.IllegalArgumentException: &apos;Savings Account?error&apos; is not a valid redirect URL
	at org.springframework.beans.factory.support.SimpleInstantiationStrategy.instantiate(SimpleInstantiationStrategy.java:189) ~[spring-beans-4.3.5.RELEASE.jar:4.3.5.RELEASE]
	at org.springframework.beans.factory.support.ConstructorResolver.instantiateUsingFactoryMethod(ConstructorResolver.java:588) ~[spring-beans-4.3.5.RELEASE.jar:4.3.5.RELEASE]
	... 45 common frames omitted
Caused by: java.lang.IllegalArgumentException: &apos;Savings Account?error&apos; is not a valid redirect URL
	at org.springframework.util.Assert.isTrue(Assert.java:68) ~[spring-core-4.3.5.RELEASE.jar:4.3.5.RELEASE]
	at org.springframework.security.web.authentication.SimpleUrlAuthenticationFailureHandler.setDefaultFailureUrl(SimpleUrlAuthenticationFailureHandler.java:125) ~[spring-security-web-4.2.2.RELEASE.jar:4.2.2.RELEASE]
	at org.springframework.security.web.authentication.SimpleUrlAuthenticationFailureHandler.&lt;init&gt;(SimpleUrlAuthenticationFailureHandler.java:60) ~[spring-security-web-4.2.2.RELEASE.jar:4.2.2.RELEASE]
	at org.springframework.security.config.annotation.web.configurers.AbstractAuthenticationFilterConfigurer.failureUrl(AbstractAuthenticationFilterConfigurer.java:206) ~[spring-security-config-4.2.2.RELEASE.jar:4.2.2.RELEASE]
	at org.springframework.security.config.annotation.web.configurers.AbstractAuthenticationFilterConfigurer.updateAuthenticationDefaults(AbstractAuthenticationFilterConfigurer.java:368) ~[spring-security-config-4.2.2.RELEASE.jar:4.2.2.RELEASE]
	at org.springframework.security.config.annotation.web.configurers.AbstractAuthenticationFilterConfigurer.loginPage(AbstractAuthenticationFilterConfigurer.java:308) ~[spring-security-config-4.2.2.RELEASE.jar:4.2.2.RELEASE]
	at org.springframework.security.config.annotation.web.configurers.FormLoginConfigurer.loginPage(FormLoginConfigurer.java:183) ~[spring-security-config-4.2.2.RELEASE.jar:4.2.2.RELEASE]
	at edu.ncsu.csc.itrust2.config.SecurityConfig.configure(SecurityConfig.java:89) ~[classes/:na]
	at org.springframework.security.config.annotation.web.configuration.WebSecurityConfigurerAdapter.getHttp(WebSecurityConfigurerAdapter.java:224) ~[spring-security-config-4.2.2.RELEASE.jar:4.2.2.RELEASE]
	at org.springframework.security.config.annotation.web.configuration.WebSecurityConfigurerAdapter.init(WebSecurityConfigurerAdapter.java:315) ~[spring-security-config-4.2.2.RELEASE.jar:4.2.2.RELEASE]
	at org.springframework.security.config.annotation.web.configuration.WebSecurityConfigurerAdapter.init(WebSecurityConfigurerAdapter.java:86) ~[spring-security-config-4.2.2.RELEASE.jar:4.2.2.RELEASE]
	at edu.ncsu.csc.itrust2.config.SecurityConfig$$EnhancerBySpringCGLIB$$f88fd361.init(&lt;generated&gt;) ~[classes/:na]
	at org.springframework.security.config.annotation.AbstractConfiguredSecurityBuilder.init(AbstractConfiguredSecurityBuilder.java:371) ~[spring-security-config-4.2.2.RELEASE.jar:4.2.2.RELEASE]
	at org.springframework.security.config.annotation.AbstractConfiguredSecurityBuilder.doBuild(AbstractConfiguredSecurityBuilder.java:325) ~[spring-security-config-4.2.2.RELEASE.jar:4.2.2.RELEASE]
	at org.springframework.security.config.annotation.AbstractSecurityBuilder.build(AbstractSecurityBuilder.java:41) ~[spring-security-config-4.2.2.RELEASE.jar:4.2.2.RELEASE]
	at org.springframework.security.config.annotation.web.configuration.WebSecurityConfiguration.springSecurityFilterChain(WebSecurityConfiguration.java:104) ~[spring-security-config-4.2.2.RELEASE.jar:4.2.2.RELEASE]
	at org.springframework.security.config.annotation.web.configuration.WebSecurityConfiguration$$EnhancerBySpringCGLIB$$150881e6.CGLIB$springSecurityFilterChain$4(&lt;generated&gt;) ~[spring-security-config-4.2.2.RELEASE.jar:4.2.2.RELEASE]
	at org.springframework.security.config.annotation.web.configuration.WebSecurityConfiguration$$EnhancerBySpringCGLIB$$150881e6$$FastClassBySpringCGLIB$$f9839e81.invoke(&lt;generated&gt;) ~[spring-security-config-4.2.2.RELEASE.jar:4.2.2.RELEASE]
	at org.springframework.cglib.proxy.MethodProxy.invokeSuper(MethodProxy.java:228) ~[spring-core-4.3.5.RELEASE.jar:4.3.5.RELEASE]
	at org.springframework.context.annotation.ConfigurationClassEnhancer$BeanMethodInterceptor.intercept(ConfigurationClassEnhancer.java:356) ~[spring-context-4.3.5.RELEASE.jar:4.3.5.RELEASE]
	at org.springframework.security.config.annotation.web.configuration.WebSecurityConfiguration$$EnhancerBySpringCGLIB$$150881e6.springSecurityFilterChain(&lt;generated&gt;) ~[spring-security-config-4.2.2.RELEASE.jar:4.2.2.RELEASE]
	at sun.reflect.GeneratedMethodAccessor103.invoke(Unknown Source) ~[na:na]
	at sun.reflect.DelegatingMethodAccessorImpl.invoke(DelegatingMethodAccessorImpl.java:43) ~[na:1.8.0_151]
	at java.lang.reflect.Method.invoke(Method.java:498) ~[na:1.8.0_151]
	at org.springframework.beans.factory.support.SimpleInstantiationStrategy.instantiate(SimpleInstantiationStrategy.java:162) ~[spring-beans-4.3.5.RELEASE.jar:4.3.5.RELEASE]
	... 46 common frames omitted
</stdout>
          <failedSince>1</failedSince>
        </case>
      </cases>
    </suite>
    <suite>
      <file>/var/lib/jenkins/jobs/iTrust_Fuzzer/workspace/iTrust2/target/surefire-reports/TEST-edu.ncsu.csc.itrust2.apitest.APIPersonnelTest.xml</file>
      <name>edu.ncsu.csc.itrust2.apitest.APIPersonnelTest</name>
      <duration>0.008</duration>
      <time>0.008</time>
      <enclosingBlocks/>
      <enclosingBlockNames/>
      <cases>
        <case>
          <duration>0.0</duration>
          <className>edu.ncsu.csc.itrust2.apitest.APIPersonnelTest</className>
          <testName>testGetNonExistentPersonnel</testName>
          <skipped>false</skipped>
          <errorStackTrace>java.lang.IllegalStateException: Failed to load ApplicationContext
Caused by: org.springframework.beans.factory.BeanCreationException: Error creating bean with name &apos;springSecurityFilterChain&apos; defined in class path resource [org/springframework/security/config/annotation/web/configuration/WebSecurityConfiguration.class]: Bean instantiation via factory method failed; nested exception is org.springframework.beans.BeanInstantiationException: Failed to instantiate [javax.servlet.Filter]: Factory method &apos;springSecurityFilterChain&apos; threw exception; nested exception is java.lang.IllegalArgumentException: &apos;Savings Account?error&apos; is not a valid redirect URL
Caused by: org.springframework.beans.BeanInstantiationException: Failed to instantiate [javax.servlet.Filter]: Factory method &apos;springSecurityFilterChain&apos; threw exception; nested exception is java.lang.IllegalArgumentException: &apos;Savings Account?error&apos; is not a valid redirect URL
Caused by: java.lang.IllegalArgumentException: &apos;Savings Account?error&apos; is not a valid redirect URL
</errorStackTrace>
          <errorDetails>Failed to load ApplicationContext</errorDetails>
          <stdout>21:59:42.844 [main] DEBUG o.s.t.c.j.SpringJUnit4ClassRunner - SpringJUnit4ClassRunner constructor called with [class edu.ncsu.csc.itrust2.apitest.APIPersonnelTest]
21:59:42.844 [main] DEBUG o.s.test.context.BootstrapUtils - Instantiating CacheAwareContextLoaderDelegate from class [org.springframework.test.context.cache.DefaultCacheAwareContextLoaderDelegate]
21:59:42.844 [main] DEBUG o.s.test.context.BootstrapUtils - Instantiating BootstrapContext using constructor [public org.springframework.test.context.support.DefaultBootstrapContext(java.lang.Class,org.springframework.test.context.CacheAwareContextLoaderDelegate)]
21:59:42.844 [main] DEBUG o.s.test.context.BootstrapUtils - Instantiating TestContextBootstrapper for test class [edu.ncsu.csc.itrust2.apitest.APIPersonnelTest] from class [org.springframework.test.context.web.WebTestContextBootstrapper]
21:59:42.844 [main] DEBUG o.s.t.c.s.AbstractDelegatingSmartContextLoader - Delegating to AnnotationConfigWebContextLoader to process context configuration [ContextConfigurationAttributes@57d69931 declaringClass = &apos;edu.ncsu.csc.itrust2.apitest.APIPersonnelTest&apos;, classes = &apos;{class edu.ncsu.csc.itrust2.config.RootConfiguration, class edu.ncsu.csc.itrust2.mvc.config.WebMvcConfiguration}&apos;, locations = &apos;{}&apos;, inheritLocations = true, initializers = &apos;{}&apos;, inheritInitializers = true, name = [null], contextLoaderClass = &apos;org.springframework.test.context.ContextLoader&apos;].
21:59:42.845 [main] DEBUG o.s.t.c.support.ActiveProfilesUtils - Could not find an &apos;annotation declaring class&apos; for annotation type [org.springframework.test.context.ActiveProfiles] and class [edu.ncsu.csc.itrust2.apitest.APIPersonnelTest]
21:59:42.845 [main] DEBUG o.s.t.c.w.WebTestContextBootstrapper - @TestExecutionListeners is not present for class [edu.ncsu.csc.itrust2.apitest.APIPersonnelTest]: using defaults.
21:59:42.846 [main] INFO  o.s.t.c.w.WebTestContextBootstrapper - Loaded default TestExecutionListener class names from location [META-INF/spring.factories]: [org.springframework.security.test.context.support.WithSecurityContextTestExecutionListener, org.springframework.test.context.web.ServletTestExecutionListener, org.springframework.test.context.support.DirtiesContextBeforeModesTestExecutionListener, org.springframework.test.context.support.DependencyInjectionTestExecutionListener, org.springframework.test.context.support.DirtiesContextTestExecutionListener, org.springframework.test.context.transaction.TransactionalTestExecutionListener, org.springframework.test.context.jdbc.SqlScriptsTestExecutionListener]
21:59:42.846 [main] INFO  o.s.t.c.w.WebTestContextBootstrapper - Using TestExecutionListeners: [org.springframework.test.context.web.ServletTestExecutionListener@51ceffd1, org.springframework.test.context.support.DirtiesContextBeforeModesTestExecutionListener@1d34a9e6, org.springframework.test.context.support.DependencyInjectionTestExecutionListener@3bb2e71f, org.springframework.test.context.support.DirtiesContextTestExecutionListener@1117b644, org.springframework.test.context.transaction.TransactionalTestExecutionListener@3781e3c0, org.springframework.test.context.jdbc.SqlScriptsTestExecutionListener@fc2074f, org.springframework.security.test.context.support.WithSecurityContextTestExecutionListener@23e493b7]
21:59:42.846 [main] DEBUG o.s.t.annotation.ProfileValueUtils - Retrieved @ProfileValueSourceConfiguration [null] for test class [edu.ncsu.csc.itrust2.apitest.APIPersonnelTest]
21:59:42.846 [main] DEBUG o.s.t.annotation.ProfileValueUtils - Retrieved ProfileValueSource type [class org.springframework.test.annotation.SystemProfileValueSource] for class [edu.ncsu.csc.itrust2.apitest.APIPersonnelTest]
21:59:42.846 [main] DEBUG o.s.t.annotation.ProfileValueUtils - Retrieved @ProfileValueSourceConfiguration [null] for test class [edu.ncsu.csc.itrust2.apitest.APIPersonnelTest]
21:59:42.846 [main] DEBUG o.s.t.annotation.ProfileValueUtils - Retrieved ProfileValueSource type [class org.springframework.test.annotation.SystemProfileValueSource] for class [edu.ncsu.csc.itrust2.apitest.APIPersonnelTest]
21:59:42.846 [main] DEBUG o.s.t.annotation.ProfileValueUtils - Retrieved @ProfileValueSourceConfiguration [null] for test class [edu.ncsu.csc.itrust2.apitest.APIPersonnelTest]
21:59:42.846 [main] DEBUG o.s.t.annotation.ProfileValueUtils - Retrieved ProfileValueSource type [class org.springframework.test.annotation.SystemProfileValueSource] for class [edu.ncsu.csc.itrust2.apitest.APIPersonnelTest]
21:59:42.846 [main] DEBUG o.s.t.c.s.AbstractDirtiesContextTestExecutionListener - Before test class: context [DefaultTestContext@f6db419 testClass = APIPersonnelTest, testInstance = [null], testMethod = [null], testException = [null], mergedContextConfiguration = [WebMergedContextConfiguration@37cad9d7 testClass = APIPersonnelTest, locations = &apos;{}&apos;, classes = &apos;{class edu.ncsu.csc.itrust2.config.RootConfiguration, class edu.ncsu.csc.itrust2.mvc.config.WebMvcConfiguration}&apos;, contextInitializerClasses = &apos;[]&apos;, activeProfiles = &apos;{}&apos;, propertySourceLocations = &apos;{}&apos;, propertySourceProperties = &apos;{}&apos;, contextCustomizers = set[[empty]], resourceBasePath = &apos;src/main/webapp&apos;, contextLoader = &apos;org.springframework.test.context.web.WebDelegatingSmartContextLoader&apos;, parent = [null]]], class annotated with @DirtiesContext [false] with mode [null].
21:59:42.846 [main] DEBUG o.s.t.annotation.ProfileValueUtils - Retrieved @ProfileValueSourceConfiguration [null] for test class [edu.ncsu.csc.itrust2.apitest.APIPersonnelTest]
21:59:42.846 [main] DEBUG o.s.t.annotation.ProfileValueUtils - Retrieved ProfileValueSource type [class org.springframework.test.annotation.SystemProfileValueSource] for class [edu.ncsu.csc.itrust2.apitest.APIPersonnelTest]
21:59:42.846 [main] DEBUG o.s.t.c.s.AbstractDelegatingSmartContextLoader - Delegating to AnnotationConfigWebContextLoader to load context from [WebMergedContextConfiguration@37cad9d7 testClass = APIPersonnelTest, locations = &apos;{}&apos;, classes = &apos;{class edu.ncsu.csc.itrust2.config.RootConfiguration, class edu.ncsu.csc.itrust2.mvc.config.WebMvcConfiguration}&apos;, contextInitializerClasses = &apos;[]&apos;, activeProfiles = &apos;{}&apos;, propertySourceLocations = &apos;{}&apos;, propertySourceProperties = &apos;{}&apos;, contextCustomizers = set[[empty]], resourceBasePath = &apos;src/main/webapp&apos;, contextLoader = &apos;org.springframework.test.context.web.WebDelegatingSmartContextLoader&apos;, parent = [null]].
21:59:42.846 [main] DEBUG o.s.t.c.w.AbstractGenericWebContextLoader - Loading WebApplicationContext for merged context configuration [WebMergedContextConfiguration@37cad9d7 testClass = APIPersonnelTest, locations = &apos;{}&apos;, classes = &apos;{class edu.ncsu.csc.itrust2.config.RootConfiguration, class edu.ncsu.csc.itrust2.mvc.config.WebMvcConfiguration}&apos;, contextInitializerClasses = &apos;[]&apos;, activeProfiles = &apos;{}&apos;, propertySourceLocations = &apos;{}&apos;, propertySourceProperties = &apos;{}&apos;, contextCustomizers = set[[empty]], resourceBasePath = &apos;src/main/webapp&apos;, contextLoader = &apos;org.springframework.test.context.web.WebDelegatingSmartContextLoader&apos;, parent = [null]].
21:59:42.846 [main] DEBUG o.s.w.c.s.StandardServletEnvironment - Adding [servletConfigInitParams] PropertySource with lowest search precedence
21:59:42.846 [main] DEBUG o.s.w.c.s.StandardServletEnvironment - Adding [servletContextInitParams] PropertySource with lowest search precedence
21:59:42.846 [main] DEBUG o.s.w.c.s.StandardServletEnvironment - Adding [systemProperties] PropertySource with lowest search precedence
21:59:42.846 [main] DEBUG o.s.w.c.s.StandardServletEnvironment - Adding [systemEnvironment] PropertySource with lowest search precedence
21:59:42.846 [main] DEBUG o.s.w.c.s.StandardServletEnvironment - Initialized StandardServletEnvironment with PropertySources [servletConfigInitParams,servletContextInitParams,systemProperties,systemEnvironment]
21:59:42.846 [main] DEBUG o.s.t.c.w.AnnotationConfigWebContextLoader - Registering annotated classes: {class edu.ncsu.csc.itrust2.config.RootConfiguration, class edu.ncsu.csc.itrust2.mvc.config.WebMvcConfiguration}
21:59:42.847 [main] INFO  o.s.w.c.s.GenericWebApplicationContext - Refreshing org.springframework.web.context.support.GenericWebApplicationContext@282d481e: startup date [Thu Mar 22 21:59:42 UTC 2018]; root of context hierarchy
21:59:42.847 [main] DEBUG o.s.w.c.s.StandardServletEnvironment - Replacing [servletContextInitParams] PropertySource with [servletContextInitParams]
21:59:42.847 [main] DEBUG o.s.w.c.s.GenericWebApplicationContext - Bean factory for org.springframework.web.context.support.GenericWebApplicationContext@282d481e: org.springframework.beans.factory.support.DefaultListableBeanFactory@2fd30f87: defining beans [org.springframework.context.annotation.internalConfigurationAnnotationProcessor,org.springframework.context.annotation.internalAutowiredAnnotationProcessor,org.springframework.context.annotation.internalRequiredAnnotationProcessor,org.springframework.context.annotation.internalCommonAnnotationProcessor,org.springframework.context.annotation.internalPersistenceAnnotationProcessor,org.springframework.context.event.internalEventListenerProcessor,org.springframework.context.event.internalEventListenerFactory,rootConfiguration,webMvcConfiguration]; root of factory hierarchy
21:59:42.847 [main] DEBUG o.s.b.f.s.DefaultListableBeanFactory - Registering scope &apos;request&apos; with implementation [org.springframework.web.context.request.RequestScope@2c19c711]
21:59:42.847 [main] DEBUG o.s.b.f.s.DefaultListableBeanFactory - Registering scope &apos;session&apos; with implementation [org.springframework.web.context.request.SessionScope@6eb61734]
21:59:42.847 [main] DEBUG o.s.b.f.s.DefaultListableBeanFactory - Registering scope &apos;globalSession&apos; with implementation [org.springframework.web.context.request.SessionScope@59ae9252]
21:59:42.847 [main] DEBUG o.s.b.f.s.DefaultListableBeanFactory - Registering scope &apos;application&apos; with implementation [org.springframework.web.context.support.ServletContextScope@71a2c604]
21:59:42.848 [main] DEBUG o.s.b.f.s.DefaultListableBeanFactory - Creating shared instance of singleton bean &apos;org.springframework.context.annotation.internalConfigurationAnnotationProcessor&apos;
21:59:42.848 [main] DEBUG o.s.b.f.s.DefaultListableBeanFactory - Creating instance of bean &apos;org.springframework.context.annotation.internalConfigurationAnnotationProcessor&apos;
21:59:42.848 [main] DEBUG o.s.b.f.s.DefaultListableBeanFactory - Eagerly caching bean &apos;org.springframework.context.annotation.internalConfigurationAnnotationProcessor&apos; to allow for resolving potential circular references
21:59:42.848 [main] DEBUG o.s.b.f.s.DefaultListableBeanFactory - Finished creating instance of bean &apos;org.springframework.context.annotation.internalConfigurationAnnotationProcessor&apos;
21:59:42.848 [main] DEBUG o.s.core.env.StandardEnvironment - Adding [systemProperties] PropertySource with lowest search precedence
21:59:42.848 [main] DEBUG o.s.core.env.StandardEnvironment - Adding [systemEnvironment] PropertySource with lowest search precedence
21:59:42.848 [main] DEBUG o.s.core.env.StandardEnvironment - Initialized StandardEnvironment with PropertySources [systemProperties,systemEnvironment]
21:59:42.849 [main] DEBUG o.s.c.i.s.PathMatchingResourcePatternResolver - Resolved classpath location [edu/ncsu/csc/itrust2/config/] to resources [URL [file:/var/lib/jenkins/jobs/iTrust_Fuzzer/workspace/iTrust2/target/classes/edu/ncsu/csc/itrust2/config/]]
21:59:42.849 [main] DEBUG o.s.c.i.s.PathMatchingResourcePatternResolver - Looking for matching resources in directory tree [/var/lib/jenkins/jobs/iTrust_Fuzzer/workspace/iTrust2/target/classes/edu/ncsu/csc/itrust2/config]
21:59:42.849 [main] DEBUG o.s.c.i.s.PathMatchingResourcePatternResolver - Searching directory [/var/lib/jenkins/jobs/iTrust_Fuzzer/workspace/iTrust2/target/classes/edu/ncsu/csc/itrust2/config] for files matching pattern [/var/lib/jenkins/jobs/iTrust_Fuzzer/workspace/iTrust2/target/classes/edu/ncsu/csc/itrust2/config/**/*.class]
21:59:42.849 [main] DEBUG o.s.c.i.s.PathMatchingResourcePatternResolver - Resolved location pattern [classpath*:edu/ncsu/csc/itrust2/config/**/*.class] to resources [file [/var/lib/jenkins/jobs/iTrust_Fuzzer/workspace/iTrust2/target/classes/edu/ncsu/csc/itrust2/config/ContextListener.class], file [/var/lib/jenkins/jobs/iTrust_Fuzzer/workspace/iTrust2/target/classes/edu/ncsu/csc/itrust2/config/DataConfiguration.class], file [/var/lib/jenkins/jobs/iTrust_Fuzzer/workspace/iTrust2/target/classes/edu/ncsu/csc/itrust2/config/FailureHandler.class], file [/var/lib/jenkins/jobs/iTrust_Fuzzer/workspace/iTrust2/target/classes/edu/ncsu/csc/itrust2/config/IPFilter.class], file [/var/lib/jenkins/jobs/iTrust_Fuzzer/workspace/iTrust2/target/classes/edu/ncsu/csc/itrust2/config/ITrust2ApplicationInitializer.class], file [/var/lib/jenkins/jobs/iTrust_Fuzzer/workspace/iTrust2/target/classes/edu/ncsu/csc/itrust2/config/ITrust2WebApplicationInitializer.class], file [/var/lib/jenkins/jobs/iTrust_Fuzzer/workspace/iTrust2/target/classes/edu/ncsu/csc/itrust2/config/LoginAuditingListener.class], file [/var/lib/jenkins/jobs/iTrust_Fuzzer/workspace/iTrust2/target/classes/edu/ncsu/csc/itrust2/config/RootConfiguration.class], file [/var/lib/jenkins/jobs/iTrust_Fuzzer/workspace/iTrust2/target/classes/edu/ncsu/csc/itrust2/config/SecurityConfig.class]]
21:59:42.849 [main] DEBUG o.s.c.a.ClassPathBeanDefinitionScanner - Identified candidate component class: file [/var/lib/jenkins/jobs/iTrust_Fuzzer/workspace/iTrust2/target/classes/edu/ncsu/csc/itrust2/config/DataConfiguration.class]
21:59:42.849 [main] DEBUG o.s.c.a.ClassPathBeanDefinitionScanner - Identified candidate component class: file [/var/lib/jenkins/jobs/iTrust_Fuzzer/workspace/iTrust2/target/classes/edu/ncsu/csc/itrust2/config/LoginAuditingListener.class]
21:59:42.850 [main] DEBUG o.s.c.a.ClassPathBeanDefinitionScanner - Identified candidate component class: file [/var/lib/jenkins/jobs/iTrust_Fuzzer/workspace/iTrust2/target/classes/edu/ncsu/csc/itrust2/config/SecurityConfig.class]
21:59:42.856 [main] DEBUG o.s.core.env.StandardEnvironment - Adding [systemProperties] PropertySource with lowest search precedence
21:59:42.856 [main] DEBUG o.s.core.env.StandardEnvironment - Adding [systemEnvironment] PropertySource with lowest search precedence
21:59:42.856 [main] DEBUG o.s.core.env.StandardEnvironment - Initialized StandardEnvironment with PropertySources [systemProperties,systemEnvironment]
21:59:42.857 [main] DEBUG o.s.c.i.s.PathMatchingResourcePatternResolver - Resolved classpath location [edu/ncsu/csc/itrust2/controllers/] to resources [URL [file:/var/lib/jenkins/jobs/iTrust_Fuzzer/workspace/iTrust2/target/classes/edu/ncsu/csc/itrust2/controllers/]]
21:59:42.857 [main] DEBUG o.s.c.i.s.PathMatchingResourcePatternResolver - Looking for matching resources in directory tree [/var/lib/jenkins/jobs/iTrust_Fuzzer/workspace/iTrust2/target/classes/edu/ncsu/csc/itrust2/controllers]
21:59:42.857 [main] DEBUG o.s.c.i.s.PathMatchingResourcePatternResolver - Searching directory [/var/lib/jenkins/jobs/iTrust_Fuzzer/workspace/iTrust2/target/classes/edu/ncsu/csc/itrust2/controllers] for files matching pattern [/var/lib/jenkins/jobs/iTrust_Fuzzer/workspace/iTrust2/target/classes/edu/ncsu/csc/itrust2/controllers/**/*.class]
21:59:42.857 [main] DEBUG o.s.c.i.s.PathMatchingResourcePatternResolver - Searching directory [/var/lib/jenkins/jobs/iTrust_Fuzzer/workspace/iTrust2/target/classes/edu/ncsu/csc/itrust2/controllers/admin] for files matching pattern [/var/lib/jenkins/jobs/iTrust_Fuzzer/workspace/iTrust2/target/classes/edu/ncsu/csc/itrust2/controllers/**/*.class]
21:59:42.857 [main] DEBUG o.s.c.i.s.PathMatchingResourcePatternResolver - Searching directory [/var/lib/jenkins/jobs/iTrust_Fuzzer/workspace/iTrust2/target/classes/edu/ncsu/csc/itrust2/controllers/api] for files matching pattern [/var/lib/jenkins/jobs/iTrust_Fuzzer/workspace/iTrust2/target/classes/edu/ncsu/csc/itrust2/controllers/**/*.class]
21:59:42.858 [main] DEBUG o.s.c.i.s.PathMatchingResourcePatternResolver - Searching directory [/var/lib/jenkins/jobs/iTrust_Fuzzer/workspace/iTrust2/target/classes/edu/ncsu/csc/itrust2/controllers/api/comm] for files matching pattern [/var/lib/jenkins/jobs/iTrust_Fuzzer/workspace/iTrust2/target/classes/edu/ncsu/csc/itrust2/controllers/**/*.class]
21:59:42.858 [main] DEBUG o.s.c.i.s.PathMatchingResourcePatternResolver - Searching directory [/var/lib/jenkins/jobs/iTrust_Fuzzer/workspace/iTrust2/target/classes/edu/ncsu/csc/itrust2/controllers/hcp] for files matching pattern [/var/lib/jenkins/jobs/iTrust_Fuzzer/workspace/iTrust2/target/classes/edu/ncsu/csc/itrust2/controllers/**/*.class]
21:59:42.858 [main] DEBUG o.s.c.i.s.PathMatchingResourcePatternResolver - Searching directory [/var/lib/jenkins/jobs/iTrust_Fuzzer/workspace/iTrust2/target/classes/edu/ncsu/csc/itrust2/controllers/patient] for files matching pattern [/var/lib/jenkins/jobs/iTrust_Fuzzer/workspace/iTrust2/target/classes/edu/ncsu/csc/itrust2/controllers/**/*.class]
21:59:42.858 [main] DEBUG o.s.c.i.s.PathMatchingResourcePatternResolver - Searching directory [/var/lib/jenkins/jobs/iTrust_Fuzzer/workspace/iTrust2/target/classes/edu/ncsu/csc/itrust2/controllers/personnel] for files matching pattern [/var/lib/jenkins/jobs/iTrust_Fuzzer/workspace/iTrust2/target/classes/edu/ncsu/csc/itrust2/controllers/**/*.class]
21:59:42.858 [main] DEBUG o.s.c.i.s.PathMatchingResourcePatternResolver - Resolved location pattern [classpath*:edu/ncsu/csc/itrust2/controllers/**/*.class] to resources [file [/var/lib/jenkins/jobs/iTrust_Fuzzer/workspace/iTrust2/target/classes/edu/ncsu/csc/itrust2/controllers/DefaultController.class], file [/var/lib/jenkins/jobs/iTrust_Fuzzer/workspace/iTrust2/target/classes/edu/ncsu/csc/itrust2/controllers/admin/AdminController.class], file [/var/lib/jenkins/jobs/iTrust_Fuzzer/workspace/iTrust2/target/classes/edu/ncsu/csc/itrust2/controllers/admin/AdminUserController$1.class], file [/var/lib/jenkins/jobs/iTrust_Fuzzer/workspace/iTrust2/target/classes/edu/ncsu/csc/itrust2/controllers/admin/AdminUserController.class], file [/var/lib/jenkins/jobs/iTrust_Fuzzer/workspace/iTrust2/target/classes/edu/ncsu/csc/itrust2/controllers/admin/HospitalController.class], file [/var/lib/jenkins/jobs/iTrust_Fuzzer/workspace/iTrust2/target/classes/edu/ncsu/csc/itrust2/controllers/admin/ICDCodesController.class], file [/var/lib/jenkins/jobs/iTrust_Fuzzer/workspace/iTrust2/target/classes/edu/ncsu/csc/itrust2/controllers/api/APIAppointmentRequestController.class], file [/var/lib/jenkins/jobs/iTrust_Fuzzer/workspace/iTrust2/target/classes/edu/ncsu/csc/itrust2/controllers/api/APIController$JSONResponse.class], file [/var/lib/jenkins/jobs/iTrust_Fuzzer/workspace/iTrust2/target/classes/edu/ncsu/csc/itrust2/controllers/api/APIController.class], file [/var/lib/jenkins/jobs/iTrust_Fuzzer/workspace/iTrust2/target/classes/edu/ncsu/csc/itrust2/controllers/api/APIDiagnosisController.class], file [/var/lib/jenkins/jobs/iTrust_Fuzzer/workspace/iTrust2/target/classes/edu/ncsu/csc/itrust2/controllers/api/APIDrugController.class], file [/var/lib/jenkins/jobs/iTrust_Fuzzer/workspace/iTrust2/target/classes/edu/ncsu/csc/itrust2/controllers/api/APIEnumController.class], file [/var/lib/jenkins/jobs/iTrust_Fuzzer/workspace/iTrust2/target/classes/edu/ncsu/csc/itrust2/controllers/api/APIHospitalController.class], file [/var/lib/jenkins/jobs/iTrust_Fuzzer/workspace/iTrust2/target/classes/edu/ncsu/csc/itrust2/controllers/api/APIICDCodeController.class], file [/var/lib/jenkins/jobs/iTrust_Fuzzer/workspace/iTrust2/target/classes/edu/ncsu/csc/itrust2/controllers/api/APILogEntryController.class], file [/var/lib/jenkins/jobs/iTrust_Fuzzer/workspace/iTrust2/target/classes/edu/ncsu/csc/itrust2/controllers/api/APIOfficeVisitController.class], file [/var/lib/jenkins/jobs/iTrust_Fuzzer/workspace/iTrust2/target/classes/edu/ncsu/csc/itrust2/controllers/api/APIPasswordController.class], file [/var/lib/jenkins/jobs/iTrust_Fuzzer/workspace/iTrust2/target/classes/edu/ncsu/csc/itrust2/controllers/api/APIPatientController.class], file [/var/lib/jenkins/jobs/iTrust_Fuzzer/workspace/iTrust2/target/classes/edu/ncsu/csc/itrust2/controllers/api/APIPersonnelController.class], file [/var/lib/jenkins/jobs/iTrust_Fuzzer/workspace/iTrust2/target/classes/edu/ncsu/csc/itrust2/controllers/api/APIPrescriptionController.class], file [/var/lib/jenkins/jobs/iTrust_Fuzzer/workspace/iTrust2/target/classes/edu/ncsu/csc/itrust2/controllers/api/APIUserController.class], file [/var/lib/jenkins/jobs/iTrust_Fuzzer/workspace/iTrust2/target/classes/edu/ncsu/csc/itrust2/controllers/api/comm/LogEntryRequestBody.class], file [/var/lib/jenkins/jobs/iTrust_Fuzzer/workspace/iTrust2/target/classes/edu/ncsu/csc/itrust2/controllers/api/comm/LogEntryTableRow.class], file [/var/lib/jenkins/jobs/iTrust_Fuzzer/workspace/iTrust2/target/classes/edu/ncsu/csc/itrust2/controllers/hcp/AppointmentControllerHCP.class], file [/var/lib/jenkins/jobs/iTrust_Fuzzer/workspace/iTrust2/target/classes/edu/ncsu/csc/itrust2/controllers/hcp/HCPController.class], file [/var/lib/jenkins/jobs/iTrust_Fuzzer/workspace/iTrust2/target/classes/edu/ncsu/csc/itrust2/controllers/hcp/OfficeVisitController.class], file [/var/lib/jenkins/jobs/iTrust_Fuzzer/workspace/iTrust2/target/classes/edu/ncsu/csc/itrust2/controllers/patient/AppointmentController.class], file [/var/lib/jenkins/jobs/iTrust_Fuzzer/workspace/iTrust2/target/classes/edu/ncsu/csc/itrust2/controllers/patient/DiagnosesController.class], file [/var/lib/jenkins/jobs/iTrust_Fuzzer/workspace/iTrust2/target/classes/edu/ncsu/csc/itrust2/controllers/patient/PatientController.class], file [/var/lib/jenkins/jobs/iTrust_Fuzzer/workspace/iTrust2/target/classes/edu/ncsu/csc/itrust2/controllers/personnel/PasswordController.class], file [/var/lib/jenkins/jobs/iTrust_Fuzzer/workspace/iTrust2/target/classes/edu/ncsu/csc/itrust2/controllers/personnel/UserController.class]]
21:59:42.858 [main] DEBUG o.s.c.a.ClassPathBeanDefinitionScanner - Identified candidate component class: file [/var/lib/jenkins/jobs/iTrust_Fuzzer/workspace/iTrust2/target/classes/edu/ncsu/csc/itrust2/controllers/DefaultController.class]
21:59:42.858 [main] DEBUG o.s.c.a.ClassPathBeanDefinitionScanner - Identified candidate component class: file [/var/lib/jenkins/jobs/iTrust_Fuzzer/workspace/iTrust2/target/classes/edu/ncsu/csc/itrust2/controllers/admin/AdminController.class]
21:59:42.858 [main] DEBUG o.s.c.a.ClassPathBeanDefinitionScanner - Identified candidate component class: file [/var/lib/jenkins/jobs/iTrust_Fuzzer/workspace/iTrust2/target/classes/edu/ncsu/csc/itrust2/controllers/admin/AdminUserController.class]
21:59:42.859 [main] DEBUG o.s.c.a.ClassPathBeanDefinitionScanner - Identified candidate component class: file [/var/lib/jenkins/jobs/iTrust_Fuzzer/workspace/iTrust2/target/classes/edu/ncsu/csc/itrust2/controllers/admin/HospitalController.class]
21:59:42.859 [main] DEBUG o.s.c.a.ClassPathBeanDefinitionScanner - Identified candidate component class: file [/var/lib/jenkins/jobs/iTrust_Fuzzer/workspace/iTrust2/target/classes/edu/ncsu/csc/itrust2/controllers/admin/ICDCodesController.class]
21:59:42.859 [main] DEBUG o.s.c.a.ClassPathBeanDefinitionScanner - Identified candidate component class: file [/var/lib/jenkins/jobs/iTrust_Fuzzer/workspace/iTrust2/target/classes/edu/ncsu/csc/itrust2/controllers/api/APIAppointmentRequestController.class]
21:59:42.859 [main] DEBUG o.s.c.a.ClassPathBeanDefinitionScanner - Identified candidate component class: file [/var/lib/jenkins/jobs/iTrust_Fuzzer/workspace/iTrust2/target/classes/edu/ncsu/csc/itrust2/controllers/api/APIDiagnosisController.class]
21:59:42.860 [main] DEBUG o.s.c.a.ClassPathBeanDefinitionScanner - Identified candidate component class: file [/var/lib/jenkins/jobs/iTrust_Fuzzer/workspace/iTrust2/target/classes/edu/ncsu/csc/itrust2/controllers/api/APIDrugController.class]
21:59:42.860 [main] DEBUG o.s.c.a.ClassPathBeanDefinitionScanner - Identified candidate component class: file [/var/lib/jenkins/jobs/iTrust_Fuzzer/workspace/iTrust2/target/classes/edu/ncsu/csc/itrust2/controllers/api/APIEnumController.class]
21:59:42.860 [main] DEBUG o.s.c.a.ClassPathBeanDefinitionScanner - Identified candidate component class: file [/var/lib/jenkins/jobs/iTrust_Fuzzer/workspace/iTrust2/target/classes/edu/ncsu/csc/itrust2/controllers/api/APIHospitalController.class]
21:59:42.860 [main] DEBUG o.s.c.a.ClassPathBeanDefinitionScanner - Identified candidate component class: file [/var/lib/jenkins/jobs/iTrust_Fuzzer/workspace/iTrust2/target/classes/edu/ncsu/csc/itrust2/controllers/api/APIICDCodeController.class]
21:59:42.860 [main] DEBUG o.s.c.a.ClassPathBeanDefinitionScanner - Identified candidate component class: file [/var/lib/jenkins/jobs/iTrust_Fuzzer/workspace/iTrust2/target/classes/edu/ncsu/csc/itrust2/controllers/api/APILogEntryController.class]
21:59:42.861 [main] DEBUG o.s.c.a.ClassPathBeanDefinitionScanner - Identified candidate component class: file [/var/lib/jenkins/jobs/iTrust_Fuzzer/workspace/iTrust2/target/classes/edu/ncsu/csc/itrust2/controllers/api/APIOfficeVisitController.class]
21:59:42.861 [main] DEBUG o.s.c.a.ClassPathBeanDefinitionScanner - Identified candidate component class: file [/var/lib/jenkins/jobs/iTrust_Fuzzer/workspace/iTrust2/target/classes/edu/ncsu/csc/itrust2/controllers/api/APIPasswordController.class]
21:59:42.861 [main] DEBUG o.s.c.a.ClassPathBeanDefinitionScanner - Identified candidate component class: file [/var/lib/jenkins/jobs/iTrust_Fuzzer/workspace/iTrust2/target/classes/edu/ncsu/csc/itrust2/controllers/api/APIPatientController.class]
21:59:42.862 [main] DEBUG o.s.c.a.ClassPathBeanDefinitionScanner - Identified candidate component class: file [/var/lib/jenkins/jobs/iTrust_Fuzzer/workspace/iTrust2/target/classes/edu/ncsu/csc/itrust2/controllers/api/APIPersonnelController.class]
21:59:42.862 [main] DEBUG o.s.c.a.ClassPathBeanDefinitionScanner - Identified candidate component class: file [/var/lib/jenkins/jobs/iTrust_Fuzzer/workspace/iTrust2/target/classes/edu/ncsu/csc/itrust2/controllers/api/APIPrescriptionController.class]
21:59:42.862 [main] DEBUG o.s.c.a.ClassPathBeanDefinitionScanner - Identified candidate component class: file [/var/lib/jenkins/jobs/iTrust_Fuzzer/workspace/iTrust2/target/classes/edu/ncsu/csc/itrust2/controllers/api/APIUserController.class]
21:59:42.862 [main] DEBUG o.s.c.a.ClassPathBeanDefinitionScanner - Identified candidate component class: file [/var/lib/jenkins/jobs/iTrust_Fuzzer/workspace/iTrust2/target/classes/edu/ncsu/csc/itrust2/controllers/hcp/AppointmentControllerHCP.class]
21:59:42.863 [main] DEBUG o.s.c.a.ClassPathBeanDefinitionScanner - Identified candidate component class: file [/var/lib/jenkins/jobs/iTrust_Fuzzer/workspace/iTrust2/target/classes/edu/ncsu/csc/itrust2/controllers/hcp/HCPController.class]
21:59:42.863 [main] DEBUG o.s.c.a.ClassPathBeanDefinitionScanner - Identified candidate component class: file [/var/lib/jenkins/jobs/iTrust_Fuzzer/workspace/iTrust2/target/classes/edu/ncsu/csc/itrust2/controllers/hcp/OfficeVisitController.class]
21:59:42.863 [main] DEBUG o.s.c.a.ClassPathBeanDefinitionScanner - Identified candidate component class: file [/var/lib/jenkins/jobs/iTrust_Fuzzer/workspace/iTrust2/target/classes/edu/ncsu/csc/itrust2/controllers/patient/AppointmentController.class]
21:59:42.863 [main] DEBUG o.s.c.a.ClassPathBeanDefinitionScanner - Identified candidate component class: file [/var/lib/jenkins/jobs/iTrust_Fuzzer/workspace/iTrust2/target/classes/edu/ncsu/csc/itrust2/controllers/patient/DiagnosesController.class]
21:59:42.863 [main] DEBUG o.s.c.a.ClassPathBeanDefinitionScanner - Identified candidate component class: file [/var/lib/jenkins/jobs/iTrust_Fuzzer/workspace/iTrust2/target/classes/edu/ncsu/csc/itrust2/controllers/patient/PatientController.class]
21:59:42.863 [main] DEBUG o.s.c.a.ClassPathBeanDefinitionScanner - Identified candidate component class: file [/var/lib/jenkins/jobs/iTrust_Fuzzer/workspace/iTrust2/target/classes/edu/ncsu/csc/itrust2/controllers/personnel/PasswordController.class]
21:59:42.863 [main] DEBUG o.s.c.a.ClassPathBeanDefinitionScanner - Identified candidate component class: file [/var/lib/jenkins/jobs/iTrust_Fuzzer/workspace/iTrust2/target/classes/edu/ncsu/csc/itrust2/controllers/personnel/UserController.class]
21:59:42.864 [main] DEBUG o.s.c.i.s.PathMatchingResourcePatternResolver - Resolved classpath location [edu/ncsu/csc/itrust2/config/] to resources [URL [file:/var/lib/jenkins/jobs/iTrust_Fuzzer/workspace/iTrust2/target/classes/edu/ncsu/csc/itrust2/config/]]
21:59:42.864 [main] DEBUG o.s.c.i.s.PathMatchingResourcePatternResolver - Looking for matching resources in directory tree [/var/lib/jenkins/jobs/iTrust_Fuzzer/workspace/iTrust2/target/classes/edu/ncsu/csc/itrust2/config]
21:59:42.864 [main] DEBUG o.s.c.i.s.PathMatchingResourcePatternResolver - Searching directory [/var/lib/jenkins/jobs/iTrust_Fuzzer/workspace/iTrust2/target/classes/edu/ncsu/csc/itrust2/config] for files matching pattern [/var/lib/jenkins/jobs/iTrust_Fuzzer/workspace/iTrust2/target/classes/edu/ncsu/csc/itrust2/config/**/*.class]
21:59:42.864 [main] DEBUG o.s.c.i.s.PathMatchingResourcePatternResolver - Resolved location pattern [classpath*:edu/ncsu/csc/itrust2/config/**/*.class] to resources [file [/var/lib/jenkins/jobs/iTrust_Fuzzer/workspace/iTrust2/target/classes/edu/ncsu/csc/itrust2/config/ContextListener.class], file [/var/lib/jenkins/jobs/iTrust_Fuzzer/workspace/iTrust2/target/classes/edu/ncsu/csc/itrust2/config/DataConfiguration.class], file [/var/lib/jenkins/jobs/iTrust_Fuzzer/workspace/iTrust2/target/classes/edu/ncsu/csc/itrust2/config/FailureHandler.class], file [/var/lib/jenkins/jobs/iTrust_Fuzzer/workspace/iTrust2/target/classes/edu/ncsu/csc/itrust2/config/IPFilter.class], file [/var/lib/jenkins/jobs/iTrust_Fuzzer/workspace/iTrust2/target/classes/edu/ncsu/csc/itrust2/config/ITrust2ApplicationInitializer.class], file [/var/lib/jenkins/jobs/iTrust_Fuzzer/workspace/iTrust2/target/classes/edu/ncsu/csc/itrust2/config/ITrust2WebApplicationInitializer.class], file [/var/lib/jenkins/jobs/iTrust_Fuzzer/workspace/iTrust2/target/classes/edu/ncsu/csc/itrust2/config/LoginAuditingListener.class], file [/var/lib/jenkins/jobs/iTrust_Fuzzer/workspace/iTrust2/target/classes/edu/ncsu/csc/itrust2/config/RootConfiguration.class], file [/var/lib/jenkins/jobs/iTrust_Fuzzer/workspace/iTrust2/target/classes/edu/ncsu/csc/itrust2/config/SecurityConfig.class]]
21:59:42.864 [main] DEBUG o.s.c.a.ClassPathBeanDefinitionScanner - Identified candidate component class: file [/var/lib/jenkins/jobs/iTrust_Fuzzer/workspace/iTrust2/target/classes/edu/ncsu/csc/itrust2/config/DataConfiguration.class]
21:59:42.864 [main] DEBUG o.s.c.a.ClassPathBeanDefinitionScanner - Identified candidate component class: file [/var/lib/jenkins/jobs/iTrust_Fuzzer/workspace/iTrust2/target/classes/edu/ncsu/csc/itrust2/config/LoginAuditingListener.class]
21:59:42.865 [main] DEBUG o.s.c.a.ClassPathBeanDefinitionScanner - Identified candidate component class: file [/var/lib/jenkins/jobs/iTrust_Fuzzer/workspace/iTrust2/target/classes/edu/ncsu/csc/itrust2/config/RootConfiguration.class]
21:59:42.865 [main] DEBUG o.s.c.a.ClassPathBeanDefinitionScanner - Identified candidate component class: file [/var/lib/jenkins/jobs/iTrust_Fuzzer/workspace/iTrust2/target/classes/edu/ncsu/csc/itrust2/config/SecurityConfig.class]
21:59:42.877 [main] DEBUG o.s.c.a.ConfigurationClassBeanDefinitionReader - Registering bean definition for @Bean method edu.ncsu.csc.itrust2.config.DataConfiguration.dataSource()
21:59:42.877 [main] DEBUG o.s.c.a.ConfigurationClassBeanDefinitionReader - Registered bean definition for imported class &apos;org.springframework.security.config.annotation.configuration.ObjectPostProcessorConfiguration&apos;
21:59:42.877 [main] DEBUG o.s.c.a.ConfigurationClassBeanDefinitionReader - Registering bean definition for @Bean method org.springframework.security.config.annotation.configuration.ObjectPostProcessorConfiguration.objectPostProcessor()
21:59:42.877 [main] DEBUG o.s.c.a.ConfigurationClassBeanDefinitionReader - Registered bean definition for imported class &apos;org.springframework.security.config.annotation.authentication.configuration.AuthenticationConfiguration&apos;
21:59:42.877 [main] DEBUG o.s.c.a.ConfigurationClassBeanDefinitionReader - Registering bean definition for @Bean method org.springframework.security.config.annotation.authentication.configuration.AuthenticationConfiguration.authenticationManagerBuilder()
21:59:42.877 [main] DEBUG o.s.c.a.ConfigurationClassBeanDefinitionReader - Registering bean definition for @Bean method org.springframework.security.config.annotation.authentication.configuration.AuthenticationConfiguration.enableGlobalAuthenticationAutowiredConfigurer()
21:59:42.877 [main] DEBUG o.s.c.a.ConfigurationClassBeanDefinitionReader - Registering bean definition for @Bean method org.springframework.security.config.annotation.authentication.configuration.AuthenticationConfiguration.initializeUserDetailsBeanManagerConfigurer()
21:59:42.877 [main] DEBUG o.s.c.a.ConfigurationClassBeanDefinitionReader - Registering bean definition for @Bean method org.springframework.security.config.annotation.authentication.configuration.AuthenticationConfiguration.initializeAuthenticationProviderBeanManagerConfigurer()
21:59:42.877 [main] DEBUG o.s.c.a.ConfigurationClassBeanDefinitionReader - Registered bean definition for imported class &apos;org.springframework.security.config.annotation.web.configuration.WebSecurityConfiguration&apos;
21:59:42.877 [main] DEBUG o.s.c.a.ConfigurationClassBeanDefinitionReader - Registering bean definition for @Bean method org.springframework.security.config.annotation.web.configuration.WebSecurityConfiguration.delegatingApplicationListener()
21:59:42.877 [main] DEBUG o.s.c.a.ConfigurationClassBeanDefinitionReader - Registering bean definition for @Bean method org.springframework.security.config.annotation.web.configuration.WebSecurityConfiguration.webSecurityExpressionHandler()
21:59:42.877 [main] DEBUG o.s.c.a.ConfigurationClassBeanDefinitionReader - Registering bean definition for @Bean method org.springframework.security.config.annotation.web.configuration.WebSecurityConfiguration.springSecurityFilterChain()
21:59:42.877 [main] DEBUG o.s.c.a.ConfigurationClassBeanDefinitionReader - Registering bean definition for @Bean method org.springframework.security.config.annotation.web.configuration.WebSecurityConfiguration.privilegeEvaluator()
21:59:42.877 [main] DEBUG o.s.c.a.ConfigurationClassBeanDefinitionReader - Registering bean definition for @Bean method org.springframework.security.config.annotation.web.configuration.WebSecurityConfiguration.autowiredWebSecurityConfigurersIgnoreParents()
21:59:42.877 [main] DEBUG o.s.c.a.ConfigurationClassBeanDefinitionReader - Registered bean definition for imported class &apos;org.springframework.security.config.annotation.web.configuration.WebMvcSecurityConfiguration&apos;
21:59:42.877 [main] DEBUG o.s.c.a.ConfigurationClassBeanDefinitionReader - Registering bean definition for @Bean method org.springframework.security.config.annotation.web.configuration.WebMvcSecurityConfiguration.requestDataValueProcessor()
21:59:42.877 [main] DEBUG o.s.c.a.ConfigurationClassBeanDefinitionReader - Registering bean definition for @Bean method edu.ncsu.csc.itrust2.config.SecurityConfig.passwordEncoder()
21:59:42.877 [main] DEBUG o.s.c.a.ConfigurationClassBeanDefinitionReader - Registering bean definition for @Bean method edu.ncsu.csc.itrust2.config.SecurityConfig.defaultAuthenticationEventPublisher()
21:59:42.877 [main] DEBUG o.s.c.a.ConfigurationClassBeanDefinitionReader - Registering bean definition for @Bean method edu.ncsu.csc.itrust2.config.SecurityConfig.failureHandler()
21:59:42.877 [main] DEBUG o.s.c.a.ConfigurationClassBeanDefinitionReader - Registering bean definition for @Bean method edu.ncsu.csc.itrust2.config.SecurityConfig.ipBlockFilter()
21:59:42.878 [main] DEBUG o.s.c.a.ConfigurationClassBeanDefinitionReader - Registered bean definition for imported class &apos;org.springframework.web.servlet.config.annotation.DelegatingWebMvcConfiguration&apos;
21:59:42.878 [main] DEBUG o.s.c.a.ConfigurationClassBeanDefinitionReader - Registering bean definition for @Bean method org.springframework.web.servlet.config.annotation.DelegatingWebMvcConfiguration.mvcConversionService()
21:59:42.878 [main] DEBUG o.s.c.a.ConfigurationClassBeanDefinitionReader - Registering bean definition for @Bean method org.springframework.web.servlet.config.annotation.DelegatingWebMvcConfiguration.requestMappingHandlerMapping()
21:59:42.878 [main] DEBUG o.s.c.a.ConfigurationClassBeanDefinitionReader - Registering bean definition for @Bean method org.springframework.web.servlet.config.annotation.DelegatingWebMvcConfiguration.mvcPathMatcher()
21:59:42.878 [main] DEBUG o.s.c.a.ConfigurationClassBeanDefinitionReader - Registering bean definition for @Bean method org.springframework.web.servlet.config.annotation.DelegatingWebMvcConfiguration.mvcUrlPathHelper()
21:59:42.878 [main] DEBUG o.s.c.a.ConfigurationClassBeanDefinitionReader - Registering bean definition for @Bean method org.springframework.web.servlet.config.annotation.DelegatingWebMvcConfiguration.mvcContentNegotiationManager()
21:59:42.878 [main] DEBUG o.s.c.a.ConfigurationClassBeanDefinitionReader - Registering bean definition for @Bean method org.springframework.web.servlet.config.annotation.DelegatingWebMvcConfiguration.viewControllerHandlerMapping()
21:59:42.878 [main] DEBUG o.s.c.a.ConfigurationClassBeanDefinitionReader - Registering bean definition for @Bean method org.springframework.web.servlet.config.annotation.DelegatingWebMvcConfiguration.beanNameHandlerMapping()
21:59:42.878 [main] DEBUG o.s.c.a.ConfigurationClassBeanDefinitionReader - Registering bean definition for @Bean method org.springframework.web.servlet.config.annotation.DelegatingWebMvcConfiguration.resourceHandlerMapping()
21:59:42.878 [main] DEBUG o.s.c.a.ConfigurationClassBeanDefinitionReader - Registering bean definition for @Bean method org.springframework.web.servlet.config.annotation.DelegatingWebMvcConfiguration.mvcResourceUrlProvider()
21:59:42.878 [main] DEBUG o.s.c.a.ConfigurationClassBeanDefinitionReader - Registering bean definition for @Bean method org.springframework.web.servlet.config.annotation.DelegatingWebMvcConfiguration.defaultServletHandlerMapping()
21:59:42.878 [main] DEBUG o.s.c.a.ConfigurationClassBeanDefinitionReader - Registering bean definition for @Bean method org.springframework.web.servlet.config.annotation.DelegatingWebMvcConfiguration.requestMappingHandlerAdapter()
21:59:42.878 [main] DEBUG o.s.c.a.ConfigurationClassBeanDefinitionReader - Registering bean definition for @Bean method org.springframework.web.servlet.config.annotation.DelegatingWebMvcConfiguration.mvcValidator()
21:59:42.878 [main] DEBUG o.s.c.a.ConfigurationClassBeanDefinitionReader - Registering bean definition for @Bean method org.springframework.web.servlet.config.annotation.DelegatingWebMvcConfiguration.mvcUriComponentsContributor()
21:59:42.878 [main] DEBUG o.s.c.a.ConfigurationClassBeanDefinitionReader - Registering bean definition for @Bean method org.springframework.web.servlet.config.annotation.DelegatingWebMvcConfiguration.httpRequestHandlerAdapter()
21:59:42.878 [main] DEBUG o.s.c.a.ConfigurationClassBeanDefinitionReader - Registering bean definition for @Bean method org.springframework.web.servlet.config.annotation.DelegatingWebMvcConfiguration.simpleControllerHandlerAdapter()
21:59:42.878 [main] DEBUG o.s.c.a.ConfigurationClassBeanDefinitionReader - Registering bean definition for @Bean method org.springframework.web.servlet.config.annotation.DelegatingWebMvcConfiguration.handlerExceptionResolver()
21:59:42.878 [main] DEBUG o.s.c.a.ConfigurationClassBeanDefinitionReader - Registering bean definition for @Bean method org.springframework.web.servlet.config.annotation.DelegatingWebMvcConfiguration.mvcViewResolver()
21:59:42.878 [main] DEBUG o.s.c.a.ConfigurationClassBeanDefinitionReader - Registered bean definition for imported class &apos;org.springframework.security.config.annotation.method.configuration.GlobalMethodSecurityConfiguration&apos;
21:59:42.878 [main] DEBUG o.s.c.a.ConfigurationClassBeanDefinitionReader - Registering bean definition for @Bean method org.springframework.security.config.annotation.method.configuration.GlobalMethodSecurityConfiguration.methodSecurityInterceptor()
21:59:42.879 [main] DEBUG o.s.c.a.ConfigurationClassBeanDefinitionReader - Registering bean definition for @Bean method org.springframework.security.config.annotation.method.configuration.GlobalMethodSecurityConfiguration.methodSecurityMetadataSource()
21:59:42.879 [main] DEBUG o.s.c.a.ConfigurationClassBeanDefinitionReader - Registering bean definition for @Bean method org.springframework.security.config.annotation.method.configuration.GlobalMethodSecurityConfiguration.preInvocationAuthorizationAdvice()
21:59:42.879 [main] DEBUG o.s.c.a.ConfigurationClassBeanDefinitionReader - Registering bean definition for @Bean method edu.ncsu.csc.itrust2.mvc.config.WebMvcConfiguration.viewResolver()
21:59:42.879 [main] DEBUG o.s.c.a.ConfigurationClassBeanDefinitionReader - Registering bean definition for @Bean method edu.ncsu.csc.itrust2.mvc.config.WebMvcConfiguration.templateEngine()
21:59:42.879 [main] DEBUG o.s.c.a.ConfigurationClassBeanDefinitionReader - Registering bean definition for @Bean method edu.ncsu.csc.itrust2.mvc.config.WebMvcConfiguration.domainClassConverter()
21:59:42.880 [main] DEBUG o.s.c.a.ConfigurationClassEnhancer - Successfully enhanced edu.ncsu.csc.itrust2.config.RootConfiguration; enhanced class name is: edu.ncsu.csc.itrust2.config.RootConfiguration$$EnhancerBySpringCGLIB$$c1d00685
21:59:42.880 [main] DEBUG o.s.c.a.ConfigurationClassPostProcessor - Replacing bean definition &apos;rootConfiguration&apos; existing class &apos;edu.ncsu.csc.itrust2.config.RootConfiguration&apos; with enhanced class &apos;edu.ncsu.csc.itrust2.config.RootConfiguration$$EnhancerBySpringCGLIB$$c1d00685&apos;
21:59:42.880 [main] DEBUG o.s.c.a.ConfigurationClassEnhancer - Successfully enhanced edu.ncsu.csc.itrust2.mvc.config.WebMvcConfiguration; enhanced class name is: edu.ncsu.csc.itrust2.mvc.config.WebMvcConfiguration$$EnhancerBySpringCGLIB$$de7b09d5
21:59:42.880 [main] DEBUG o.s.c.a.ConfigurationClassPostProcessor - Replacing bean definition &apos;webMvcConfiguration&apos; existing class &apos;edu.ncsu.csc.itrust2.mvc.config.WebMvcConfiguration&apos; with enhanced class &apos;edu.ncsu.csc.itrust2.mvc.config.WebMvcConfiguration$$EnhancerBySpringCGLIB$$de7b09d5&apos;
21:59:42.880 [main] DEBUG o.s.c.a.ConfigurationClassEnhancer - Successfully enhanced edu.ncsu.csc.itrust2.config.DataConfiguration; enhanced class name is: edu.ncsu.csc.itrust2.config.DataConfiguration$$EnhancerBySpringCGLIB$$60f4bbd
21:59:42.880 [main] DEBUG o.s.c.a.ConfigurationClassPostProcessor - Replacing bean definition &apos;dataConfiguration&apos; existing class &apos;edu.ncsu.csc.itrust2.config.DataConfiguration&apos; with enhanced class &apos;edu.ncsu.csc.itrust2.config.DataConfiguration$$EnhancerBySpringCGLIB$$60f4bbd&apos;
21:59:42.880 [main] DEBUG o.s.c.a.ConfigurationClassEnhancer - Successfully enhanced edu.ncsu.csc.itrust2.config.SecurityConfig; enhanced class name is: edu.ncsu.csc.itrust2.config.SecurityConfig$$EnhancerBySpringCGLIB$$f88fd361
21:59:42.880 [main] DEBUG o.s.c.a.ConfigurationClassPostProcessor - Replacing bean definition &apos;securityConfig&apos; existing class &apos;edu.ncsu.csc.itrust2.config.SecurityConfig&apos; with enhanced class &apos;edu.ncsu.csc.itrust2.config.SecurityConfig$$EnhancerBySpringCGLIB$$f88fd361&apos;
21:59:42.880 [main] DEBUG o.s.c.a.ConfigurationClassEnhancer - Successfully enhanced org.springframework.security.config.annotation.configuration.ObjectPostProcessorConfiguration; enhanced class name is: org.springframework.security.config.annotation.configuration.ObjectPostProcessorConfiguration$$EnhancerBySpringCGLIB$$6851d2d
21:59:42.880 [main] DEBUG o.s.c.a.ConfigurationClassPostProcessor - Replacing bean definition &apos;org.springframework.security.config.annotation.configuration.ObjectPostProcessorConfiguration&apos; existing class &apos;org.springframework.security.config.annotation.configuration.ObjectPostProcessorConfiguration&apos; with enhanced class &apos;org.springframework.security.config.annotation.configuration.ObjectPostProcessorConfiguration$$EnhancerBySpringCGLIB$$6851d2d&apos;
21:59:42.880 [main] DEBUG o.s.c.a.ConfigurationClassEnhancer - Successfully enhanced org.springframework.security.config.annotation.authentication.configuration.AuthenticationConfiguration; enhanced class name is: org.springframework.security.config.annotation.authentication.configuration.AuthenticationConfiguration$$EnhancerBySpringCGLIB$$524e27a2
21:59:42.880 [main] DEBUG o.s.c.a.ConfigurationClassPostProcessor - Replacing bean definition &apos;org.springframework.security.config.annotation.authentication.configuration.AuthenticationConfiguration&apos; existing class &apos;org.springframework.security.config.annotation.authentication.configuration.AuthenticationConfiguration&apos; with enhanced class &apos;org.springframework.security.config.annotation.authentication.configuration.AuthenticationConfiguration$$EnhancerBySpringCGLIB$$524e27a2&apos;
21:59:42.880 [main] DEBUG o.s.c.a.ConfigurationClassEnhancer - Successfully enhanced org.springframework.security.config.annotation.authentication.configuration.AuthenticationConfiguration; enhanced class name is: org.springframework.security.config.annotation.authentication.configuration.AuthenticationConfiguration$$EnhancerBySpringCGLIB$$524e27a2
21:59:42.880 [main] DEBUG o.s.c.a.ConfigurationClassPostProcessor - Replacing bean definition &apos;enableGlobalAuthenticationAutowiredConfigurer&apos; existing class &apos;org.springframework.security.config.annotation.authentication.configuration.AuthenticationConfiguration&apos; with enhanced class &apos;org.springframework.security.config.annotation.authentication.configuration.AuthenticationConfiguration$$EnhancerBySpringCGLIB$$524e27a2&apos;
21:59:42.881 [main] DEBUG o.s.c.a.ConfigurationClassEnhancer - Successfully enhanced org.springframework.security.config.annotation.authentication.configuration.AuthenticationConfiguration; enhanced class name is: org.springframework.security.config.annotation.authentication.configuration.AuthenticationConfiguration$$EnhancerBySpringCGLIB$$524e27a2
21:59:42.881 [main] DEBUG o.s.c.a.ConfigurationClassPostProcessor - Replacing bean definition &apos;initializeUserDetailsBeanManagerConfigurer&apos; existing class &apos;org.springframework.security.config.annotation.authentication.configuration.AuthenticationConfiguration&apos; with enhanced class &apos;org.springframework.security.config.annotation.authentication.configuration.AuthenticationConfiguration$$EnhancerBySpringCGLIB$$524e27a2&apos;
21:59:42.881 [main] DEBUG o.s.c.a.ConfigurationClassEnhancer - Successfully enhanced org.springframework.security.config.annotation.authentication.configuration.AuthenticationConfiguration; enhanced class name is: org.springframework.security.config.annotation.authentication.configuration.AuthenticationConfiguration$$EnhancerBySpringCGLIB$$524e27a2
21:59:42.881 [main] DEBUG o.s.c.a.ConfigurationClassPostProcessor - Replacing bean definition &apos;initializeAuthenticationProviderBeanManagerConfigurer&apos; existing class &apos;org.springframework.security.config.annotation.authentication.configuration.AuthenticationConfiguration&apos; with enhanced class &apos;org.springframework.security.config.annotation.authentication.configuration.AuthenticationConfiguration$$EnhancerBySpringCGLIB$$524e27a2&apos;
21:59:42.881 [main] DEBUG o.s.c.a.ConfigurationClassEnhancer - Successfully enhanced org.springframework.security.config.annotation.web.configuration.WebSecurityConfiguration; enhanced class name is: org.springframework.security.config.annotation.web.configuration.WebSecurityConfiguration$$EnhancerBySpringCGLIB$$150881e6
21:59:42.881 [main] DEBUG o.s.c.a.ConfigurationClassPostProcessor - Replacing bean definition &apos;org.springframework.security.config.annotation.web.configuration.WebSecurityConfiguration&apos; existing class &apos;org.springframework.security.config.annotation.web.configuration.WebSecurityConfiguration&apos; with enhanced class &apos;org.springframework.security.config.annotation.web.configuration.WebSecurityConfiguration$$EnhancerBySpringCGLIB$$150881e6&apos;
21:59:42.881 [main] DEBUG o.s.c.a.ConfigurationClassEnhancer - Successfully enhanced org.springframework.security.config.annotation.web.configuration.WebSecurityConfiguration; enhanced class name is: org.springframework.security.config.annotation.web.configuration.WebSecurityConfiguration$$EnhancerBySpringCGLIB$$150881e6
21:59:42.881 [main] DEBUG o.s.c.a.ConfigurationClassPostProcessor - Replacing bean definition &apos;delegatingApplicationListener&apos; existing class &apos;org.springframework.security.config.annotation.web.configuration.WebSecurityConfiguration&apos; with enhanced class &apos;org.springframework.security.config.annotation.web.configuration.WebSecurityConfiguration$$EnhancerBySpringCGLIB$$150881e6&apos;
21:59:42.881 [main] DEBUG o.s.c.a.ConfigurationClassEnhancer - Successfully enhanced org.springframework.web.servlet.config.annotation.DelegatingWebMvcConfiguration; enhanced class name is: org.springframework.web.servlet.config.annotation.DelegatingWebMvcConfiguration$$EnhancerBySpringCGLIB$$32983a29
21:59:42.881 [main] DEBUG o.s.c.a.ConfigurationClassPostProcessor - Replacing bean definition &apos;org.springframework.web.servlet.config.annotation.DelegatingWebMvcConfiguration&apos; existing class &apos;org.springframework.web.servlet.config.annotation.DelegatingWebMvcConfiguration&apos; with enhanced class &apos;org.springframework.web.servlet.config.annotation.DelegatingWebMvcConfiguration$$EnhancerBySpringCGLIB$$32983a29&apos;
21:59:42.881 [main] DEBUG o.s.c.a.ConfigurationClassEnhancer - Successfully enhanced org.springframework.security.config.annotation.method.configuration.GlobalMethodSecurityConfiguration; enhanced class name is: org.springframework.security.config.annotation.method.configuration.GlobalMethodSecurityConfiguration$$
...[truncated 195459 chars]...
ching method [CacheKey[edu.ncsu.csc.itrust2.controllers.patient.PatientController; public java.lang.String edu.ncsu.csc.itrust2.controllers.patient.PatientController.viewDemographics(org.springframework.ui.Model)]] with attributes [[authorize: &apos;hasRole(&apos;ROLE_PATIENT&apos;)&apos;, filter: &apos;null&apos;, filterTarget: &apos;null&apos;]]
21:59:43.126 [main] DEBUG o.s.aop.framework.CglibAopProxy - Unable to apply any optimisations to advised method: public java.lang.String edu.ncsu.csc.itrust2.controllers.patient.PatientController.viewDemographics(org.springframework.ui.Model)
21:59:43.126 [main] DEBUG o.s.s.a.p.PrePostAnnotationSecurityMetadataSource - @org.springframework.security.access.prepost.PreAuthorize(value=hasRole(&apos;ROLE_PATIENT&apos;)) found on specific method: public java.lang.String edu.ncsu.csc.itrust2.controllers.patient.PatientController.demographicsSubmit(edu.ncsu.csc.itrust2.forms.hcp_patient.PatientForm,org.springframework.validation.BindingResult,org.springframework.ui.Model)
21:59:43.126 [main] DEBUG o.s.s.a.m.DelegatingMethodSecurityMetadataSource - Caching method [CacheKey[edu.ncsu.csc.itrust2.controllers.patient.PatientController; public java.lang.String edu.ncsu.csc.itrust2.controllers.patient.PatientController.demographicsSubmit(edu.ncsu.csc.itrust2.forms.hcp_patient.PatientForm,org.springframework.validation.BindingResult,org.springframework.ui.Model)]] with attributes [[authorize: &apos;hasRole(&apos;ROLE_PATIENT&apos;)&apos;, filter: &apos;null&apos;, filterTarget: &apos;null&apos;]]
21:59:43.126 [main] DEBUG o.s.aop.framework.CglibAopProxy - Unable to apply any optimisations to advised method: public java.lang.String edu.ncsu.csc.itrust2.controllers.patient.PatientController.demographicsSubmit(edu.ncsu.csc.itrust2.forms.hcp_patient.PatientForm,org.springframework.validation.BindingResult,org.springframework.ui.Model)
21:59:43.126 [main] DEBUG o.s.s.a.p.PrePostAnnotationSecurityMetadataSource - @org.springframework.security.access.prepost.PreAuthorize(value=hasRole(&apos;ROLE_PATIENT&apos;)) found on specific method: public java.lang.String edu.ncsu.csc.itrust2.controllers.patient.PatientController.index(org.springframework.ui.Model)
21:59:43.126 [main] DEBUG o.s.s.a.m.DelegatingMethodSecurityMetadataSource - Caching method [CacheKey[edu.ncsu.csc.itrust2.controllers.patient.PatientController; public java.lang.String edu.ncsu.csc.itrust2.controllers.patient.PatientController.index(org.springframework.ui.Model)]] with attributes [[authorize: &apos;hasRole(&apos;ROLE_PATIENT&apos;)&apos;, filter: &apos;null&apos;, filterTarget: &apos;null&apos;]]
21:59:43.126 [main] DEBUG o.s.aop.framework.CglibAopProxy - Unable to apply any optimisations to advised method: public java.lang.String edu.ncsu.csc.itrust2.controllers.patient.PatientController.index(org.springframework.ui.Model)
21:59:43.126 [main] DEBUG o.s.aop.framework.CglibAopProxy - Found &apos;equals&apos; method: public boolean java.lang.Object.equals(java.lang.Object)
21:59:43.126 [main] DEBUG o.s.aop.framework.CglibAopProxy - Unable to apply any optimisations to advised method: public java.lang.String java.lang.Object.toString()
21:59:43.126 [main] DEBUG o.s.aop.framework.CglibAopProxy - Found &apos;hashCode&apos; method: public native int java.lang.Object.hashCode()
21:59:43.126 [main] DEBUG o.s.aop.framework.CglibAopProxy - Unable to apply any optimisations to advised method: protected native java.lang.Object java.lang.Object.clone() throws java.lang.CloneNotSupportedException
21:59:43.126 [main] DEBUG o.s.aop.framework.CglibAopProxy - Method is declared on Advised interface: public abstract void org.springframework.aop.framework.Advised.setTargetSource(org.springframework.aop.TargetSource)
21:59:43.126 [main] DEBUG o.s.aop.framework.CglibAopProxy - Method is declared on Advised interface: public abstract org.springframework.aop.TargetSource org.springframework.aop.framework.Advised.getTargetSource()
21:59:43.126 [main] DEBUG o.s.aop.framework.CglibAopProxy - Method is declared on Advised interface: public abstract boolean org.springframework.aop.framework.Advised.isProxyTargetClass()
21:59:43.126 [main] DEBUG o.s.aop.framework.CglibAopProxy - Method is declared on Advised interface: public abstract void org.springframework.aop.framework.Advised.addAdvisor(org.springframework.aop.Advisor) throws org.springframework.aop.framework.AopConfigException
21:59:43.126 [main] DEBUG o.s.aop.framework.CglibAopProxy - Method is declared on Advised interface: public abstract void org.springframework.aop.framework.Advised.addAdvisor(int,org.springframework.aop.Advisor) throws org.springframework.aop.framework.AopConfigException
21:59:43.126 [main] DEBUG o.s.aop.framework.CglibAopProxy - Method is declared on Advised interface: public abstract void org.springframework.aop.framework.Advised.setPreFiltered(boolean)
21:59:43.126 [main] DEBUG o.s.aop.framework.CglibAopProxy - Method is declared on Advised interface: public abstract void org.springframework.aop.framework.Advised.setExposeProxy(boolean)
21:59:43.126 [main] DEBUG o.s.aop.framework.CglibAopProxy - Method is declared on Advised interface: public abstract boolean org.springframework.aop.framework.Advised.isExposeProxy()
21:59:43.126 [main] DEBUG o.s.aop.framework.CglibAopProxy - Method is declared on Advised interface: public abstract boolean org.springframework.aop.framework.Advised.isPreFiltered()
21:59:43.126 [main] DEBUG o.s.aop.framework.CglibAopProxy - Method is declared on Advised interface: public abstract java.lang.Class[] org.springframework.aop.framework.Advised.getProxiedInterfaces()
21:59:43.126 [main] DEBUG o.s.aop.framework.CglibAopProxy - Method is declared on Advised interface: public abstract boolean org.springframework.aop.framework.Advised.isInterfaceProxied(java.lang.Class)
21:59:43.126 [main] DEBUG o.s.aop.framework.CglibAopProxy - Method is declared on Advised interface: public abstract org.springframework.aop.Advisor[] org.springframework.aop.framework.Advised.getAdvisors()
21:59:43.126 [main] DEBUG o.s.aop.framework.CglibAopProxy - Method is declared on Advised interface: public abstract void org.springframework.aop.framework.Advised.removeAdvisor(int) throws org.springframework.aop.framework.AopConfigException
21:59:43.126 [main] DEBUG o.s.aop.framework.CglibAopProxy - Method is declared on Advised interface: public abstract boolean org.springframework.aop.framework.Advised.removeAdvisor(org.springframework.aop.Advisor)
21:59:43.126 [main] DEBUG o.s.aop.framework.CglibAopProxy - Method is declared on Advised interface: public abstract boolean org.springframework.aop.framework.Advised.replaceAdvisor(org.springframework.aop.Advisor,org.springframework.aop.Advisor) throws org.springframework.aop.framework.AopConfigException
21:59:43.126 [main] DEBUG o.s.aop.framework.CglibAopProxy - Method is declared on Advised interface: public abstract boolean org.springframework.aop.framework.Advised.removeAdvice(org.aopalliance.aop.Advice)
21:59:43.126 [main] DEBUG o.s.aop.framework.CglibAopProxy - Method is declared on Advised interface: public abstract java.lang.String org.springframework.aop.framework.Advised.toProxyConfigString()
21:59:43.126 [main] DEBUG o.s.aop.framework.CglibAopProxy - Method is declared on Advised interface: public abstract void org.springframework.aop.framework.Advised.addAdvice(int,org.aopalliance.aop.Advice) throws org.springframework.aop.framework.AopConfigException
21:59:43.126 [main] DEBUG o.s.aop.framework.CglibAopProxy - Method is declared on Advised interface: public abstract void org.springframework.aop.framework.Advised.addAdvice(org.aopalliance.aop.Advice) throws org.springframework.aop.framework.AopConfigException
21:59:43.126 [main] DEBUG o.s.aop.framework.CglibAopProxy - Method is declared on Advised interface: public abstract int org.springframework.aop.framework.Advised.indexOf(org.aopalliance.aop.Advice)
21:59:43.126 [main] DEBUG o.s.aop.framework.CglibAopProxy - Method is declared on Advised interface: public abstract int org.springframework.aop.framework.Advised.indexOf(org.springframework.aop.Advisor)
21:59:43.126 [main] DEBUG o.s.aop.framework.CglibAopProxy - Method is declared on Advised interface: public abstract boolean org.springframework.aop.framework.Advised.isFrozen()
21:59:43.126 [main] DEBUG o.s.aop.framework.CglibAopProxy - Method is declared on Advised interface: public abstract java.lang.Class org.springframework.aop.TargetClassAware.getTargetClass()
21:59:43.130 [main] DEBUG o.s.b.f.s.DefaultListableBeanFactory - Finished creating instance of bean &apos;patientController&apos;
21:59:43.130 [main] DEBUG o.s.b.f.s.DefaultListableBeanFactory - Creating shared instance of singleton bean &apos;passwordController&apos;
21:59:43.130 [main] DEBUG o.s.b.f.s.DefaultListableBeanFactory - Creating instance of bean &apos;passwordController&apos;
21:59:43.130 [main] DEBUG o.s.b.f.s.DefaultListableBeanFactory - Eagerly caching bean &apos;passwordController&apos; to allow for resolving potential circular references
21:59:43.130 [main] DEBUG o.s.b.f.s.DefaultListableBeanFactory - Returning cached instance of singleton bean &apos;metaDataSourceAdvisor&apos;
21:59:43.131 [main] DEBUG o.s.b.f.s.DefaultListableBeanFactory - Finished creating instance of bean &apos;passwordController&apos;
21:59:43.131 [main] DEBUG o.s.b.f.s.DefaultListableBeanFactory - Creating shared instance of singleton bean &apos;userController&apos;
21:59:43.131 [main] DEBUG o.s.b.f.s.DefaultListableBeanFactory - Creating instance of bean &apos;userController&apos;
21:59:43.131 [main] DEBUG o.s.b.f.s.DefaultListableBeanFactory - Eagerly caching bean &apos;userController&apos; to allow for resolving potential circular references
21:59:43.131 [main] DEBUG o.s.b.f.s.DefaultListableBeanFactory - Returning cached instance of singleton bean &apos;metaDataSourceAdvisor&apos;
21:59:43.131 [main] DEBUG o.s.s.a.p.PrePostAnnotationSecurityMetadataSource - @org.springframework.security.access.prepost.PreAuthorize(value=hasRole(&apos;ROLE_HCP&apos;) or hasRole(&apos;ROLE_ADMIN&apos;)) found on specific method: public java.lang.String edu.ncsu.csc.itrust2.controllers.personnel.UserController.viewDemographics(org.springframework.ui.Model)
21:59:43.131 [main] DEBUG o.s.s.a.m.DelegatingMethodSecurityMetadataSource - Caching method [CacheKey[edu.ncsu.csc.itrust2.controllers.personnel.UserController; public java.lang.String edu.ncsu.csc.itrust2.controllers.personnel.UserController.viewDemographics(org.springframework.ui.Model)]] with attributes [[authorize: &apos;hasRole(&apos;ROLE_HCP&apos;) or hasRole(&apos;ROLE_ADMIN&apos;)&apos;, filter: &apos;null&apos;, filterTarget: &apos;null&apos;]]
21:59:43.131 [main] DEBUG o.s.a.f.a.InfrastructureAdvisorAutoProxyCreator - Creating implicit proxy for bean &apos;userController&apos; with 0 common interceptors and 1 specific interceptors
21:59:43.131 [main] DEBUG o.s.aop.framework.CglibAopProxy - Creating CGLIB proxy: target source is SingletonTargetSource for target object [edu.ncsu.csc.itrust2.controllers.personnel.UserController@4284cb43]
21:59:43.131 [main] DEBUG o.s.aop.framework.CglibAopProxy - Unable to apply any optimisations to advised method: public java.lang.String edu.ncsu.csc.itrust2.controllers.personnel.UserController.viewDemographics(org.springframework.ui.Model)
21:59:43.131 [main] DEBUG o.s.s.a.p.PrePostAnnotationSecurityMetadataSource - @org.springframework.security.access.prepost.PreAuthorize(value=hasRole(&apos;ROLE_HCP&apos;) or hasRole(&apos;ROLE_ADMIN&apos;)) found on specific method: public java.lang.String edu.ncsu.csc.itrust2.controllers.personnel.UserController.demographicsSubmit(edu.ncsu.csc.itrust2.forms.personnel.PersonnelForm,org.springframework.validation.BindingResult,org.springframework.ui.Model)
21:59:43.131 [main] DEBUG o.s.s.a.m.DelegatingMethodSecurityMetadataSource - Caching method [CacheKey[edu.ncsu.csc.itrust2.controllers.personnel.UserController; public java.lang.String edu.ncsu.csc.itrust2.controllers.personnel.UserController.demographicsSubmit(edu.ncsu.csc.itrust2.forms.personnel.PersonnelForm,org.springframework.validation.BindingResult,org.springframework.ui.Model)]] with attributes [[authorize: &apos;hasRole(&apos;ROLE_HCP&apos;) or hasRole(&apos;ROLE_ADMIN&apos;)&apos;, filter: &apos;null&apos;, filterTarget: &apos;null&apos;]]
21:59:43.131 [main] DEBUG o.s.aop.framework.CglibAopProxy - Unable to apply any optimisations to advised method: public java.lang.String edu.ncsu.csc.itrust2.controllers.personnel.UserController.demographicsSubmit(edu.ncsu.csc.itrust2.forms.personnel.PersonnelForm,org.springframework.validation.BindingResult,org.springframework.ui.Model)
21:59:43.131 [main] DEBUG o.s.aop.framework.CglibAopProxy - Found &apos;equals&apos; method: public boolean java.lang.Object.equals(java.lang.Object)
21:59:43.131 [main] DEBUG o.s.aop.framework.CglibAopProxy - Unable to apply any optimisations to advised method: public java.lang.String java.lang.Object.toString()
21:59:43.131 [main] DEBUG o.s.aop.framework.CglibAopProxy - Found &apos;hashCode&apos; method: public native int java.lang.Object.hashCode()
21:59:43.131 [main] DEBUG o.s.aop.framework.CglibAopProxy - Unable to apply any optimisations to advised method: protected native java.lang.Object java.lang.Object.clone() throws java.lang.CloneNotSupportedException
21:59:43.131 [main] DEBUG o.s.aop.framework.CglibAopProxy - Method is declared on Advised interface: public abstract void org.springframework.aop.framework.Advised.setTargetSource(org.springframework.aop.TargetSource)
21:59:43.131 [main] DEBUG o.s.aop.framework.CglibAopProxy - Method is declared on Advised interface: public abstract org.springframework.aop.TargetSource org.springframework.aop.framework.Advised.getTargetSource()
21:59:43.131 [main] DEBUG o.s.aop.framework.CglibAopProxy - Method is declared on Advised interface: public abstract boolean org.springframework.aop.framework.Advised.isProxyTargetClass()
21:59:43.131 [main] DEBUG o.s.aop.framework.CglibAopProxy - Method is declared on Advised interface: public abstract void org.springframework.aop.framework.Advised.addAdvisor(org.springframework.aop.Advisor) throws org.springframework.aop.framework.AopConfigException
21:59:43.131 [main] DEBUG o.s.aop.framework.CglibAopProxy - Method is declared on Advised interface: public abstract void org.springframework.aop.framework.Advised.addAdvisor(int,org.springframework.aop.Advisor) throws org.springframework.aop.framework.AopConfigException
21:59:43.131 [main] DEBUG o.s.aop.framework.CglibAopProxy - Method is declared on Advised interface: public abstract void org.springframework.aop.framework.Advised.setPreFiltered(boolean)
21:59:43.131 [main] DEBUG o.s.aop.framework.CglibAopProxy - Method is declared on Advised interface: public abstract void org.springframework.aop.framework.Advised.setExposeProxy(boolean)
21:59:43.131 [main] DEBUG o.s.aop.framework.CglibAopProxy - Method is declared on Advised interface: public abstract boolean org.springframework.aop.framework.Advised.isExposeProxy()
21:59:43.131 [main] DEBUG o.s.aop.framework.CglibAopProxy - Method is declared on Advised interface: public abstract boolean org.springframework.aop.framework.Advised.isPreFiltered()
21:59:43.131 [main] DEBUG o.s.aop.framework.CglibAopProxy - Method is declared on Advised interface: public abstract java.lang.Class[] org.springframework.aop.framework.Advised.getProxiedInterfaces()
21:59:43.131 [main] DEBUG o.s.aop.framework.CglibAopProxy - Method is declared on Advised interface: public abstract boolean org.springframework.aop.framework.Advised.isInterfaceProxied(java.lang.Class)
21:59:43.131 [main] DEBUG o.s.aop.framework.CglibAopProxy - Method is declared on Advised interface: public abstract org.springframework.aop.Advisor[] org.springframework.aop.framework.Advised.getAdvisors()
21:59:43.131 [main] DEBUG o.s.aop.framework.CglibAopProxy - Method is declared on Advised interface: public abstract void org.springframework.aop.framework.Advised.removeAdvisor(int) throws org.springframework.aop.framework.AopConfigException
21:59:43.131 [main] DEBUG o.s.aop.framework.CglibAopProxy - Method is declared on Advised interface: public abstract boolean org.springframework.aop.framework.Advised.removeAdvisor(org.springframework.aop.Advisor)
21:59:43.131 [main] DEBUG o.s.aop.framework.CglibAopProxy - Method is declared on Advised interface: public abstract boolean org.springframework.aop.framework.Advised.replaceAdvisor(org.springframework.aop.Advisor,org.springframework.aop.Advisor) throws org.springframework.aop.framework.AopConfigException
21:59:43.131 [main] DEBUG o.s.aop.framework.CglibAopProxy - Method is declared on Advised interface: public abstract boolean org.springframework.aop.framework.Advised.removeAdvice(org.aopalliance.aop.Advice)
21:59:43.131 [main] DEBUG o.s.aop.framework.CglibAopProxy - Method is declared on Advised interface: public abstract java.lang.String org.springframework.aop.framework.Advised.toProxyConfigString()
21:59:43.131 [main] DEBUG o.s.aop.framework.CglibAopProxy - Method is declared on Advised interface: public abstract void org.springframework.aop.framework.Advised.addAdvice(int,org.aopalliance.aop.Advice) throws org.springframework.aop.framework.AopConfigException
21:59:43.131 [main] DEBUG o.s.aop.framework.CglibAopProxy - Method is declared on Advised interface: public abstract void org.springframework.aop.framework.Advised.addAdvice(org.aopalliance.aop.Advice) throws org.springframework.aop.framework.AopConfigException
21:59:43.131 [main] DEBUG o.s.aop.framework.CglibAopProxy - Method is declared on Advised interface: public abstract int org.springframework.aop.framework.Advised.indexOf(org.aopalliance.aop.Advice)
21:59:43.131 [main] DEBUG o.s.aop.framework.CglibAopProxy - Method is declared on Advised interface: public abstract int org.springframework.aop.framework.Advised.indexOf(org.springframework.aop.Advisor)
21:59:43.131 [main] DEBUG o.s.aop.framework.CglibAopProxy - Method is declared on Advised interface: public abstract boolean org.springframework.aop.framework.Advised.isFrozen()
21:59:43.131 [main] DEBUG o.s.aop.framework.CglibAopProxy - Method is declared on Advised interface: public abstract java.lang.Class org.springframework.aop.TargetClassAware.getTargetClass()
21:59:43.135 [main] DEBUG o.s.b.f.s.DefaultListableBeanFactory - Finished creating instance of bean &apos;userController&apos;
21:59:43.135 [main] DEBUG o.s.b.f.s.DefaultListableBeanFactory - Returning cached instance of singleton bean &apos;dataSource&apos;
21:59:43.135 [main] DEBUG o.s.b.f.s.DefaultListableBeanFactory - Returning cached instance of singleton bean &apos;org.springframework.security.config.annotation.configuration.ObjectPostProcessorConfiguration&apos;
21:59:43.135 [main] DEBUG o.s.b.f.s.DefaultListableBeanFactory - Returning cached instance of singleton bean &apos;objectPostProcessor&apos;
21:59:43.135 [main] DEBUG o.s.b.f.s.DefaultListableBeanFactory - Returning cached instance of singleton bean &apos;org.springframework.security.config.annotation.authentication.configuration.AuthenticationConfiguration&apos;
21:59:43.135 [main] DEBUG o.s.b.f.s.DefaultListableBeanFactory - Returning cached instance of singleton bean &apos;authenticationManagerBuilder&apos;
21:59:43.135 [main] DEBUG o.s.b.f.s.DefaultListableBeanFactory - Returning cached instance of singleton bean &apos;enableGlobalAuthenticationAutowiredConfigurer&apos;
21:59:43.135 [main] DEBUG o.s.b.f.s.DefaultListableBeanFactory - Returning cached instance of singleton bean &apos;initializeUserDetailsBeanManagerConfigurer&apos;
21:59:43.135 [main] DEBUG o.s.b.f.s.DefaultListableBeanFactory - Returning cached instance of singleton bean &apos;initializeAuthenticationProviderBeanManagerConfigurer&apos;
21:59:43.135 [main] DEBUG o.s.b.f.s.DefaultListableBeanFactory - Creating shared instance of singleton bean &apos;org.springframework.security.config.annotation.web.configuration.WebSecurityConfiguration&apos;
21:59:43.135 [main] DEBUG o.s.b.f.s.DefaultListableBeanFactory - Creating instance of bean &apos;org.springframework.security.config.annotation.web.configuration.WebSecurityConfiguration&apos;
21:59:43.137 [main] DEBUG o.s.b.f.annotation.InjectionMetadata - Registered injected element on class [org.springframework.security.config.annotation.web.configuration.WebSecurityConfiguration$$EnhancerBySpringCGLIB$$150881e6]: AutowiredFieldElement for private org.springframework.security.config.annotation.ObjectPostProcessor org.springframework.security.config.annotation.web.configuration.WebSecurityConfiguration.objectObjectPostProcessor
21:59:43.137 [main] DEBUG o.s.b.f.annotation.InjectionMetadata - Registered injected element on class [org.springframework.security.config.annotation.web.configuration.WebSecurityConfiguration$$EnhancerBySpringCGLIB$$150881e6]: AutowiredMethodElement for public void org.springframework.security.config.annotation.web.configuration.WebSecurityConfiguration.setFilterChainProxySecurityConfigurer(org.springframework.security.config.annotation.ObjectPostProcessor,java.util.List) throws java.lang.Exception
21:59:43.137 [main] DEBUG o.s.b.f.s.DefaultListableBeanFactory - Eagerly caching bean &apos;org.springframework.security.config.annotation.web.configuration.WebSecurityConfiguration&apos; to allow for resolving potential circular references
21:59:43.137 [main] DEBUG o.s.b.f.annotation.InjectionMetadata - Processing injected element of bean &apos;org.springframework.security.config.annotation.web.configuration.WebSecurityConfiguration&apos;: AutowiredFieldElement for private org.springframework.security.config.annotation.ObjectPostProcessor org.springframework.security.config.annotation.web.configuration.WebSecurityConfiguration.objectObjectPostProcessor
21:59:43.137 [main] DEBUG o.s.b.f.s.DefaultListableBeanFactory - Returning cached instance of singleton bean &apos;objectPostProcessor&apos;
21:59:43.137 [main] DEBUG o.s.b.f.a.AutowiredAnnotationBeanPostProcessor - Autowiring by type from bean name &apos;org.springframework.security.config.annotation.web.configuration.WebSecurityConfiguration&apos; to bean named &apos;objectPostProcessor&apos;
21:59:43.137 [main] DEBUG o.s.b.f.annotation.InjectionMetadata - Processing injected element of bean &apos;org.springframework.security.config.annotation.web.configuration.WebSecurityConfiguration&apos;: AutowiredMethodElement for public void org.springframework.security.config.annotation.web.configuration.WebSecurityConfiguration.setFilterChainProxySecurityConfigurer(org.springframework.security.config.annotation.ObjectPostProcessor,java.util.List) throws java.lang.Exception
21:59:43.137 [main] DEBUG o.s.b.f.s.DefaultListableBeanFactory - Returning cached instance of singleton bean &apos;objectPostProcessor&apos;
21:59:43.138 [main] DEBUG o.s.b.f.s.DefaultListableBeanFactory - Creating shared instance of singleton bean &apos;autowiredWebSecurityConfigurersIgnoreParents&apos;
21:59:43.138 [main] DEBUG o.s.b.f.s.DefaultListableBeanFactory - Creating instance of bean &apos;autowiredWebSecurityConfigurersIgnoreParents&apos;
21:59:43.138 [main] DEBUG o.s.b.f.s.DefaultListableBeanFactory - Returning cached instance of singleton bean &apos;metaDataSourceAdvisor&apos;
21:59:43.138 [main] DEBUG o.s.b.f.s.DefaultListableBeanFactory - Returning eagerly cached instance of singleton bean &apos;org.springframework.security.config.annotation.web.configuration.WebSecurityConfiguration&apos; that is not fully initialized yet - a consequence of a circular reference
21:59:43.139 [main] DEBUG o.s.b.f.s.DefaultListableBeanFactory - Autowiring by type from bean name &apos;autowiredWebSecurityConfigurersIgnoreParents&apos; via factory method to bean named &apos;org.springframework.beans.factory.support.DefaultListableBeanFactory@2fd30f87&apos;
21:59:43.139 [main] DEBUG o.s.b.f.s.DefaultListableBeanFactory - Eagerly caching bean &apos;autowiredWebSecurityConfigurersIgnoreParents&apos; to allow for resolving potential circular references
21:59:43.139 [main] DEBUG o.s.b.f.s.DefaultListableBeanFactory - Returning cached instance of singleton bean &apos;metaDataSourceAdvisor&apos;
21:59:43.139 [main] DEBUG o.s.b.f.s.DefaultListableBeanFactory - Finished creating instance of bean &apos;autowiredWebSecurityConfigurersIgnoreParents&apos;
21:59:43.140 [main] DEBUG o.s.b.f.s.DefaultListableBeanFactory - Returning cached instance of singleton bean &apos;securityConfig&apos;
21:59:43.140 [main] DEBUG o.s.b.f.a.AutowiredAnnotationBeanPostProcessor - Autowiring by type from bean name &apos;org.springframework.security.config.annotation.web.configuration.WebSecurityConfiguration&apos; to bean named &apos;objectPostProcessor&apos;
21:59:43.140 [main] DEBUG o.s.b.f.s.DefaultListableBeanFactory - Returning cached instance of singleton bean &apos;metaDataSourceAdvisor&apos;
21:59:43.143 [main] DEBUG o.s.b.f.s.DefaultListableBeanFactory - Returning cached instance of singleton bean &apos;org.springframework.context.annotation.ConfigurationClassPostProcessor.importRegistry&apos;
21:59:43.143 [main] DEBUG o.s.b.f.s.DefaultListableBeanFactory - Finished creating instance of bean &apos;org.springframework.security.config.annotation.web.configuration.WebSecurityConfiguration&apos;
21:59:43.143 [main] DEBUG o.s.b.f.s.DefaultListableBeanFactory - Creating shared instance of singleton bean &apos;delegatingApplicationListener&apos;
21:59:43.143 [main] DEBUG o.s.b.f.s.DefaultListableBeanFactory - Creating instance of bean &apos;delegatingApplicationListener&apos;
21:59:43.143 [main] DEBUG o.s.b.f.s.DefaultListableBeanFactory - Eagerly caching bean &apos;delegatingApplicationListener&apos; to allow for resolving potential circular references
21:59:43.144 [main] DEBUG o.s.b.f.s.DefaultListableBeanFactory - Returning cached instance of singleton bean &apos;metaDataSourceAdvisor&apos;
21:59:43.144 [main] DEBUG o.s.b.f.s.DefaultListableBeanFactory - Finished creating instance of bean &apos;delegatingApplicationListener&apos;
21:59:43.144 [main] DEBUG o.s.b.f.s.DefaultListableBeanFactory - Creating shared instance of singleton bean &apos;springSecurityFilterChain&apos;
21:59:43.144 [main] DEBUG o.s.b.f.s.DefaultListableBeanFactory - Creating instance of bean &apos;springSecurityFilterChain&apos;
21:59:43.144 [main] DEBUG o.s.b.f.s.DefaultListableBeanFactory - Returning cached instance of singleton bean &apos;org.springframework.security.config.annotation.web.configuration.WebSecurityConfiguration&apos;
21:59:43.144 [main] DEBUG o.s.b.f.s.DefaultListableBeanFactory - Returning cached instance of singleton bean &apos;metaDataSourceAdvisor&apos;
21:59:43.144 [main] DEBUG o.s.b.f.s.DefaultListableBeanFactory - Returning cached instance of singleton bean &apos;webMvcConfiguration&apos;
21:59:43.144 [main] DEBUG o.s.b.f.s.DefaultListableBeanFactory - Returning cached instance of singleton bean &apos;securityConfig&apos;
21:59:43.144 [main] DEBUG o.s.s.c.a.a.c.AuthenticationConfiguration$EnableGlobalAuthenticationAutowiredConfigurer - Eagerly initializing {webMvcConfiguration=edu.ncsu.csc.itrust2.mvc.config.WebMvcConfiguration$$EnhancerBySpringCGLIB$$de7b09d5@4e1ecf98, securityConfig=edu.ncsu.csc.itrust2.config.SecurityConfig$$EnhancerBySpringCGLIB$$f88fd361@ace044a}
21:59:43.145 [main] DEBUG o.s.b.f.s.DefaultListableBeanFactory - Invoking afterPropertiesSet() on bean with name &apos;org.springframework.security.authentication.dao.DaoAuthenticationProvider@21de06d4&apos;
21:59:43.145 [main] DEBUG o.s.b.f.s.DefaultListableBeanFactory - Returning cached instance of singleton bean &apos;metaDataSourceAdvisor&apos;
21:59:43.146 [main] DEBUG o.s.b.f.s.DefaultListableBeanFactory - Invoking afterPropertiesSet() on bean with name &apos;org.springframework.security.authentication.ProviderManager@581be4f5&apos;
21:59:43.146 [main] DEBUG o.s.b.f.s.DefaultListableBeanFactory - Returning cached instance of singleton bean &apos;metaDataSourceAdvisor&apos;
21:59:43.147 [main] DEBUG o.s.b.f.s.DefaultListableBeanFactory - Returning cached instance of singleton bean &apos;authenticationManagerBuilder&apos;
21:59:43.148 [main] DEBUG o.s.w.c.s.StandardServletEnvironment - Adding [servletConfigInitParams] PropertySource with lowest search precedence
21:59:43.148 [main] DEBUG o.s.w.c.s.StandardServletEnvironment - Adding [servletContextInitParams] PropertySource with lowest search precedence
21:59:43.148 [main] DEBUG o.s.w.c.s.StandardServletEnvironment - Adding [systemProperties] PropertySource with lowest search precedence
21:59:43.148 [main] DEBUG o.s.w.c.s.StandardServletEnvironment - Adding [systemEnvironment] PropertySource with lowest search precedence
21:59:43.148 [main] DEBUG o.s.w.c.s.StandardServletEnvironment - Initialized StandardServletEnvironment with PropertySources [servletConfigInitParams,servletContextInitParams,systemProperties,systemEnvironment]
21:59:43.148 [main] DEBUG o.s.w.c.s.StandardServletEnvironment - Adding [servletConfigInitParams] PropertySource with lowest search precedence
21:59:43.148 [main] DEBUG o.s.w.c.s.StandardServletEnvironment - Adding [servletContextInitParams] PropertySource with lowest search precedence
21:59:43.148 [main] DEBUG o.s.w.c.s.StandardServletEnvironment - Adding [systemProperties] PropertySource with lowest search precedence
21:59:43.148 [main] DEBUG o.s.w.c.s.StandardServletEnvironment - Adding [systemEnvironment] PropertySource with lowest search precedence
21:59:43.148 [main] DEBUG o.s.w.c.s.StandardServletEnvironment - Initialized StandardServletEnvironment with PropertySources [servletConfigInitParams,servletContextInitParams,systemProperties,systemEnvironment]
21:59:43.148 [main] DEBUG o.s.w.c.s.StandardServletEnvironment - Adding [servletConfigInitParams] PropertySource with lowest search precedence
21:59:43.148 [main] DEBUG o.s.w.c.s.StandardServletEnvironment - Adding [servletContextInitParams] PropertySource with lowest search precedence
21:59:43.148 [main] DEBUG o.s.w.c.s.StandardServletEnvironment - Adding [systemProperties] PropertySource with lowest search precedence
21:59:43.148 [main] DEBUG o.s.w.c.s.StandardServletEnvironment - Adding [systemEnvironment] PropertySource with lowest search precedence
21:59:43.148 [main] DEBUG o.s.w.c.s.StandardServletEnvironment - Initialized StandardServletEnvironment with PropertySources [servletConfigInitParams,servletContextInitParams,systemProperties,systemEnvironment]
21:59:43.149 [main] DEBUG o.s.b.f.s.DefaultListableBeanFactory - Creating shared instance of singleton bean &apos;ipBlockFilter&apos;
21:59:43.149 [main] DEBUG o.s.b.f.s.DefaultListableBeanFactory - Creating instance of bean &apos;ipBlockFilter&apos;
21:59:43.149 [main] DEBUG o.s.b.f.s.DefaultListableBeanFactory - Returning cached instance of singleton bean &apos;securityConfig&apos;
21:59:43.149 [main] DEBUG o.s.w.c.s.StandardServletEnvironment - Adding [servletConfigInitParams] PropertySource with lowest search precedence
21:59:43.149 [main] DEBUG o.s.w.c.s.StandardServletEnvironment - Adding [servletContextInitParams] PropertySource with lowest search precedence
21:59:43.149 [main] DEBUG o.s.w.c.s.StandardServletEnvironment - Adding [systemProperties] PropertySource with lowest search precedence
21:59:43.149 [main] DEBUG o.s.w.c.s.StandardServletEnvironment - Adding [systemEnvironment] PropertySource with lowest search precedence
21:59:43.149 [main] DEBUG o.s.w.c.s.StandardServletEnvironment - Initialized StandardServletEnvironment with PropertySources [servletConfigInitParams,servletContextInitParams,systemProperties,systemEnvironment]
21:59:43.149 [main] DEBUG o.s.b.f.s.DefaultListableBeanFactory - Eagerly caching bean &apos;ipBlockFilter&apos; to allow for resolving potential circular references
21:59:43.151 [main] DEBUG o.s.b.f.s.DefaultListableBeanFactory - Invoking afterPropertiesSet() on bean with name &apos;ipBlockFilter&apos;
21:59:43.151 [main] DEBUG o.s.b.f.s.DefaultListableBeanFactory - Returning cached instance of singleton bean &apos;metaDataSourceAdvisor&apos;
21:59:43.151 [main] DEBUG o.s.b.f.s.DefaultListableBeanFactory - Finished creating instance of bean &apos;ipBlockFilter&apos;
21:59:43.151 [main] DEBUG o.s.w.c.s.StandardServletEnvironment - Adding [servletConfigInitParams] PropertySource with lowest search precedence
21:59:43.151 [main] DEBUG o.s.w.c.s.StandardServletEnvironment - Adding [servletContextInitParams] PropertySource with lowest search precedence
21:59:43.151 [main] DEBUG o.s.w.c.s.StandardServletEnvironment - Adding [systemProperties] PropertySource with lowest search precedence
21:59:43.151 [main] DEBUG o.s.w.c.s.StandardServletEnvironment - Adding [systemEnvironment] PropertySource with lowest search precedence
21:59:43.151 [main] DEBUG o.s.w.c.s.StandardServletEnvironment - Initialized StandardServletEnvironment with PropertySources [servletConfigInitParams,servletContextInitParams,systemProperties,systemEnvironment]
21:59:43.152 [main] DEBUG o.s.b.f.s.DefaultListableBeanFactory - Retrieved dependent beans for bean &apos;springSecurityFilterChain&apos;: [webSecurityExpressionHandler]
21:59:43.152 [main] WARN  o.s.w.c.s.GenericWebApplicationContext - Exception encountered during context initialization - cancelling refresh attempt: org.springframework.beans.factory.BeanCreationException: Error creating bean with name &apos;springSecurityFilterChain&apos; defined in class path resource [org/springframework/security/config/annotation/web/configuration/WebSecurityConfiguration.class]: Bean instantiation via factory method failed; nested exception is org.springframework.beans.BeanInstantiationException: Failed to instantiate [javax.servlet.Filter]: Factory method &apos;springSecurityFilterChain&apos; threw exception; nested exception is java.lang.IllegalArgumentException: &apos;Savings Account?error&apos; is not a valid redirect URL
21:59:43.152 [main] DEBUG o.s.b.f.s.DefaultListableBeanFactory - Destroying singletons in org.springframework.beans.factory.support.DefaultListableBeanFactory@2fd30f87: defining beans [org.springframework.context.annotation.internalConfigurationAnnotationProcessor,org.springframework.context.annotation.internalAutowiredAnnotationProcessor,org.springframework.context.annotation.internalRequiredAnnotationProcessor,org.springframework.context.annotation.internalCommonAnnotationProcessor,org.springframework.context.annotation.internalPersistenceAnnotationProcessor,org.springframework.context.event.internalEventListenerProcessor,org.springframework.context.event.internalEventListenerFactory,rootConfiguration,webMvcConfiguration,dataConfiguration,loginAuditingListener,securityConfig,defaultController,adminController,adminUserController,hospitalController,ICDCodesController,APIAppointmentRequestController,APIDiagnosisController,APIDrugController,APIEnumController,APIHospitalController,APIICDCodeController,APILogEntryController,APIOfficeVisitController,APIPasswordController,APIPatientController,APIPersonnelController,APIPrescriptionController,APIUserController,appointmentControllerHCP,HCPController,officeVisitController,appointmentController,diagnosesController,patientController,passwordController,userController,dataSource,org.springframework.security.config.annotation.configuration.ObjectPostProcessorConfiguration,objectPostProcessor,org.springframework.security.config.annotation.authentication.configuration.AuthenticationConfiguration,authenticationManagerBuilder,enableGlobalAuthenticationAutowiredConfigurer,initializeUserDetailsBeanManagerConfigurer,initializeAuthenticationProviderBeanManagerConfigurer,org.springframework.security.config.annotation.web.configuration.WebSecurityConfiguration,delegatingApplicationListener,webSecurityExpressionHandler,springSecurityFilterChain,privilegeEvaluator,autowiredWebSecurityConfigurersIgnoreParents,org.springframework.security.config.annotation.web.configuration.WebMvcSecurityConfiguration,requestDataValueProcessor,passwordEncoder,defaultAuthenticationEventPublisher,failureHandler,ipBlockFilter,org.springframework.web.servlet.config.annotation.DelegatingWebMvcConfiguration,mvcConversionService,requestMappingHandlerMapping,mvcPathMatcher,mvcUrlPathHelper,mvcContentNegotiationManager,viewControllerHandlerMapping,beanNameHandlerMapping,resourceHandlerMapping,mvcResourceUrlProvider,defaultServletHandlerMapping,requestMappingHandlerAdapter,mvcValidator,mvcUriComponentsContributor,httpRequestHandlerAdapter,simpleControllerHandlerAdapter,handlerExceptionResolver,mvcViewResolver,org.springframework.security.config.annotation.method.configuration.GlobalMethodSecurityConfiguration,methodSecurityInterceptor,methodSecurityMetadataSource,preInvocationAuthorizationAdvice,viewResolver,templateEngine,domainClassConverter,metaDataSourceAdvisor,org.springframework.aop.config.internalAutoProxyCreator]; root of factory hierarchy
21:59:43.152 [main] DEBUG o.s.b.f.s.DisposableBeanAdapter - Invoking destroy() on bean with name &apos;ipBlockFilter&apos;
21:59:43.152 [main] DEBUG o.s.b.f.s.DefaultListableBeanFactory - Retrieved dependent beans for bean &apos;objectPostProcessor&apos;: [org.springframework.security.config.annotation.method.configuration.GlobalMethodSecurityConfiguration, securityConfig, org.springframework.security.config.annotation.authentication.configuration.AuthenticationConfiguration, authenticationManagerBuilder, org.springframework.security.config.annotation.web.configuration.WebSecurityConfiguration]
21:59:43.152 [main] DEBUG o.s.b.f.s.DisposableBeanAdapter - Invoking destroy() on bean with name &apos;objectPostProcessor&apos;
21:59:43.153 [main] ERROR o.s.test.context.TestContextManager - Caught exception while allowing TestExecutionListener [org.springframework.test.context.web.ServletTestExecutionListener@51ceffd1] to prepare test instance [edu.ncsu.csc.itrust2.apitest.APIPersonnelTest@7adf90d8]
java.lang.IllegalStateException: Failed to load ApplicationContext
	at org.springframework.test.context.cache.DefaultCacheAwareContextLoaderDelegate.loadContext(DefaultCacheAwareContextLoaderDelegate.java:124) ~[spring-test-4.3.5.RELEASE.jar:4.3.5.RELEASE]
	at org.springframework.test.context.support.DefaultTestContext.getApplicationContext(DefaultTestContext.java:83) ~[spring-test-4.3.5.RELEASE.jar:4.3.5.RELEASE]
	at org.springframework.test.context.web.ServletTestExecutionListener.setUpRequestContextIfNecessary(ServletTestExecutionListener.java:189) ~[spring-test-4.3.5.RELEASE.jar:4.3.5.RELEASE]
	at org.springframework.test.context.web.ServletTestExecutionListener.prepareTestInstance(ServletTestExecutionListener.java:131) ~[spring-test-4.3.5.RELEASE.jar:4.3.5.RELEASE]
	at org.springframework.test.context.TestContextManager.prepareTestInstance(TestContextManager.java:230) ~[spring-test-4.3.5.RELEASE.jar:4.3.5.RELEASE]
	at org.springframework.test.context.junit4.SpringJUnit4ClassRunner.createTest(SpringJUnit4ClassRunner.java:228) [spring-test-4.3.5.RELEASE.jar:4.3.5.RELEASE]
	at org.springframework.test.context.junit4.SpringJUnit4ClassRunner$1.runReflectiveCall(SpringJUnit4ClassRunner.java:287) [spring-test-4.3.5.RELEASE.jar:4.3.5.RELEASE]
	at org.junit.internal.runners.model.ReflectiveCallable.run(ReflectiveCallable.java:12) [junit-4.12.jar:4.12]
	at org.springframework.test.context.junit4.SpringJUnit4ClassRunner.methodBlock(SpringJUnit4ClassRunner.java:289) [spring-test-4.3.5.RELEASE.jar:4.3.5.RELEASE]
	at org.springframework.test.context.junit4.SpringJUnit4ClassRunner.runChild(SpringJUnit4ClassRunner.java:247) [spring-test-4.3.5.RELEASE.jar:4.3.5.RELEASE]
	at org.springframework.test.context.junit4.SpringJUnit4ClassRunner.runChild(SpringJUnit4ClassRunner.java:94) [spring-test-4.3.5.RELEASE.jar:4.3.5.RELEASE]
	at org.junit.runners.ParentRunner$3.run(ParentRunner.java:290) [junit-4.12.jar:4.12]
	at org.junit.runners.ParentRunner$1.schedule(ParentRunner.java:71) [junit-4.12.jar:4.12]
	at org.junit.runners.ParentRunner.runChildren(ParentRunner.java:288) [junit-4.12.jar:4.12]
	at org.junit.runners.ParentRunner.access$000(ParentRunner.java:58) [junit-4.12.jar:4.12]
	at org.junit.runners.ParentRunner$2.evaluate(ParentRunner.java:268) [junit-4.12.jar:4.12]
	at org.springframework.test.context.junit4.statements.RunBeforeTestClassCallbacks.evaluate(RunBeforeTestClassCallbacks.java:61) [spring-test-4.3.5.RELEASE.jar:4.3.5.RELEASE]
	at org.springframework.test.context.junit4.statements.RunAfterTestClassCallbacks.evaluate(RunAfterTestClassCallbacks.java:70) [spring-test-4.3.5.RELEASE.jar:4.3.5.RELEASE]
	at org.junit.runners.ParentRunner.run(ParentRunner.java:363) [junit-4.12.jar:4.12]
	at org.springframework.test.context.junit4.SpringJUnit4ClassRunner.run(SpringJUnit4ClassRunner.java:191) [spring-test-4.3.5.RELEASE.jar:4.3.5.RELEASE]
	at org.apache.maven.surefire.junit4.JUnit4Provider.execute(JUnit4Provider.java:365) [surefire-junit4-2.20.jar:2.20]
	at org.apache.maven.surefire.junit4.JUnit4Provider.executeWithRerun(JUnit4Provider.java:272) [surefire-junit4-2.20.jar:2.20]
	at org.apache.maven.surefire.junit4.JUnit4Provider.executeTestSet(JUnit4Provider.java:236) [surefire-junit4-2.20.jar:2.20]
	at org.apache.maven.surefire.junit4.JUnit4Provider.invoke(JUnit4Provider.java:159) [surefire-junit4-2.20.jar:2.20]
	at org.apache.maven.surefire.booter.ForkedBooter.invokeProviderInSameClassLoader(ForkedBooter.java:386) [surefire-booter-2.20.jar:2.20]
	at org.apache.maven.surefire.booter.ForkedBooter.runSuitesInProcess(ForkedBooter.java:323) [surefire-booter-2.20.jar:2.20]
	at org.apache.maven.surefire.booter.ForkedBooter.main(ForkedBooter.java:143) [surefire-booter-2.20.jar:2.20]
Caused by: org.springframework.beans.factory.BeanCreationException: Error creating bean with name &apos;springSecurityFilterChain&apos; defined in class path resource [org/springframework/security/config/annotation/web/configuration/WebSecurityConfiguration.class]: Bean instantiation via factory method failed; nested exception is org.springframework.beans.BeanInstantiationException: Failed to instantiate [javax.servlet.Filter]: Factory method &apos;springSecurityFilterChain&apos; threw exception; nested exception is java.lang.IllegalArgumentException: &apos;Savings Account?error&apos; is not a valid redirect URL
	at org.springframework.beans.factory.support.ConstructorResolver.instantiateUsingFactoryMethod(ConstructorResolver.java:599) ~[spring-beans-4.3.5.RELEASE.jar:4.3.5.RELEASE]
	at org.springframework.beans.factory.support.AbstractAutowireCapableBeanFactory.instantiateUsingFactoryMethod(AbstractAutowireCapableBeanFactory.java:1134) ~[spring-beans-4.3.5.RELEASE.jar:4.3.5.RELEASE]
	at org.springframework.beans.factory.support.AbstractAutowireCapableBeanFactory.createBeanInstance(AbstractAutowireCapableBeanFactory.java:1028) ~[spring-beans-4.3.5.RELEASE.jar:4.3.5.RELEASE]
	at org.springframework.beans.factory.support.AbstractAutowireCapableBeanFactory.doCreateBean(AbstractAutowireCapableBeanFactory.java:513) ~[spring-beans-4.3.5.RELEASE.jar:4.3.5.RELEASE]
	at org.springframework.beans.factory.support.AbstractAutowireCapableBeanFactory.createBean(AbstractAutowireCapableBeanFactory.java:483) ~[spring-beans-4.3.5.RELEASE.jar:4.3.5.RELEASE]
	at org.springframework.beans.factory.support.AbstractBeanFactory$1.getObject(AbstractBeanFactory.java:306) ~[spring-beans-4.3.5.RELEASE.jar:4.3.5.RELEASE]
	at org.springframework.beans.factory.support.DefaultSingletonBeanRegistry.getSingleton(DefaultSingletonBeanRegistry.java:230) ~[spring-beans-4.3.5.RELEASE.jar:4.3.5.RELEASE]
	at org.springframework.beans.factory.support.AbstractBeanFactory.doGetBean(AbstractBeanFactory.java:302) ~[spring-beans-4.3.5.RELEASE.jar:4.3.5.RELEASE]
	at org.springframework.beans.factory.support.AbstractBeanFactory.getBean(AbstractBeanFactory.java:197) ~[spring-beans-4.3.5.RELEASE.jar:4.3.5.RELEASE]
	at org.springframework.beans.factory.support.AbstractBeanFactory.doGetBean(AbstractBeanFactory.java:296) ~[spring-beans-4.3.5.RELEASE.jar:4.3.5.RELEASE]
	at org.springframework.beans.factory.support.AbstractBeanFactory.getBean(AbstractBeanFactory.java:197) ~[spring-beans-4.3.5.RELEASE.jar:4.3.5.RELEASE]
	at org.springframework.beans.factory.support.DefaultListableBeanFactory.preInstantiateSingletons(DefaultListableBeanFactory.java:759) ~[spring-beans-4.3.5.RELEASE.jar:4.3.5.RELEASE]
	at org.springframework.context.support.AbstractApplicationContext.finishBeanFactoryInitialization(AbstractApplicationContext.java:866) ~[spring-context-4.3.5.RELEASE.jar:4.3.5.RELEASE]
	at org.springframework.context.support.AbstractApplicationContext.refresh(AbstractApplicationContext.java:542) ~[spring-context-4.3.5.RELEASE.jar:4.3.5.RELEASE]
	at org.springframework.test.context.web.AbstractGenericWebContextLoader.loadContext(AbstractGenericWebContextLoader.java:134) ~[spring-test-4.3.5.RELEASE.jar:4.3.5.RELEASE]
	at org.springframework.test.context.web.AbstractGenericWebContextLoader.loadContext(AbstractGenericWebContextLoader.java:61) ~[spring-test-4.3.5.RELEASE.jar:4.3.5.RELEASE]
	at org.springframework.test.context.support.AbstractDelegatingSmartContextLoader.delegateLoading(AbstractDelegatingSmartContextLoader.java:108) ~[spring-test-4.3.5.RELEASE.jar:4.3.5.RELEASE]
	at org.springframework.test.context.support.AbstractDelegatingSmartContextLoader.loadContext(AbstractDelegatingSmartContextLoader.java:251) ~[spring-test-4.3.5.RELEASE.jar:4.3.5.RELEASE]
	at org.springframework.test.context.cache.DefaultCacheAwareContextLoaderDelegate.loadContextInternal(DefaultCacheAwareContextLoaderDelegate.java:98) ~[spring-test-4.3.5.RELEASE.jar:4.3.5.RELEASE]
	at org.springframework.test.context.cache.DefaultCacheAwareContextLoaderDelegate.loadContext(DefaultCacheAwareContextLoaderDelegate.java:116) ~[spring-test-4.3.5.RELEASE.jar:4.3.5.RELEASE]
	... 26 common frames omitted
Caused by: org.springframework.beans.BeanInstantiationException: Failed to instantiate [javax.servlet.Filter]: Factory method &apos;springSecurityFilterChain&apos; threw exception; nested exception is java.lang.IllegalArgumentException: &apos;Savings Account?error&apos; is not a valid redirect URL
	at org.springframework.beans.factory.support.SimpleInstantiationStrategy.instantiate(SimpleInstantiationStrategy.java:189) ~[spring-beans-4.3.5.RELEASE.jar:4.3.5.RELEASE]
	at org.springframework.beans.factory.support.ConstructorResolver.instantiateUsingFactoryMethod(ConstructorResolver.java:588) ~[spring-beans-4.3.5.RELEASE.jar:4.3.5.RELEASE]
	... 45 common frames omitted
Caused by: java.lang.IllegalArgumentException: &apos;Savings Account?error&apos; is not a valid redirect URL
	at org.springframework.util.Assert.isTrue(Assert.java:68) ~[spring-core-4.3.5.RELEASE.jar:4.3.5.RELEASE]
	at org.springframework.security.web.authentication.SimpleUrlAuthenticationFailureHandler.setDefaultFailureUrl(SimpleUrlAuthenticationFailureHandler.java:125) ~[spring-security-web-4.2.2.RELEASE.jar:4.2.2.RELEASE]
	at org.springframework.security.web.authentication.SimpleUrlAuthenticationFailureHandler.&lt;init&gt;(SimpleUrlAuthenticationFailureHandler.java:60) ~[spring-security-web-4.2.2.RELEASE.jar:4.2.2.RELEASE]
	at org.springframework.security.config.annotation.web.configurers.AbstractAuthenticationFilterConfigurer.failureUrl(AbstractAuthenticationFilterConfigurer.java:206) ~[spring-security-config-4.2.2.RELEASE.jar:4.2.2.RELEASE]
	at org.springframework.security.config.annotation.web.configurers.AbstractAuthenticationFilterConfigurer.updateAuthenticationDefaults(AbstractAuthenticationFilterConfigurer.java:368) ~[spring-security-config-4.2.2.RELEASE.jar:4.2.2.RELEASE]
	at org.springframework.security.config.annotation.web.configurers.AbstractAuthenticationFilterConfigurer.loginPage(AbstractAuthenticationFilterConfigurer.java:308) ~[spring-security-config-4.2.2.RELEASE.jar:4.2.2.RELEASE]
	at org.springframework.security.config.annotation.web.configurers.FormLoginConfigurer.loginPage(FormLoginConfigurer.java:183) ~[spring-security-config-4.2.2.RELEASE.jar:4.2.2.RELEASE]
	at edu.ncsu.csc.itrust2.config.SecurityConfig.configure(SecurityConfig.java:89) ~[classes/:na]
	at org.springframework.security.config.annotation.web.configuration.WebSecurityConfigurerAdapter.getHttp(WebSecurityConfigurerAdapter.java:224) ~[spring-security-config-4.2.2.RELEASE.jar:4.2.2.RELEASE]
	at org.springframework.security.config.annotation.web.configuration.WebSecurityConfigurerAdapter.init(WebSecurityConfigurerAdapter.java:315) ~[spring-security-config-4.2.2.RELEASE.jar:4.2.2.RELEASE]
	at org.springframework.security.config.annotation.web.configuration.WebSecurityConfigurerAdapter.init(WebSecurityConfigurerAdapter.java:86) ~[spring-security-config-4.2.2.RELEASE.jar:4.2.2.RELEASE]
	at edu.ncsu.csc.itrust2.config.SecurityConfig$$EnhancerBySpringCGLIB$$f88fd361.init(&lt;generated&gt;) ~[classes/:na]
	at org.springframework.security.config.annotation.AbstractConfiguredSecurityBuilder.init(AbstractConfiguredSecurityBuilder.java:371) ~[spring-security-config-4.2.2.RELEASE.jar:4.2.2.RELEASE]
	at org.springframework.security.config.annotation.AbstractConfiguredSecurityBuilder.doBuild(AbstractConfiguredSecurityBuilder.java:325) ~[spring-security-config-4.2.2.RELEASE.jar:4.2.2.RELEASE]
	at org.springframework.security.config.annotation.AbstractSecurityBuilder.build(AbstractSecurityBuilder.java:41) ~[spring-security-config-4.2.2.RELEASE.jar:4.2.2.RELEASE]
	at org.springframework.security.config.annotation.web.configuration.WebSecurityConfiguration.springSecurityFilterChain(WebSecurityConfiguration.java:104) ~[spring-security-config-4.2.2.RELEASE.jar:4.2.2.RELEASE]
	at org.springframework.security.config.annotation.web.configuration.WebSecurityConfiguration$$EnhancerBySpringCGLIB$$150881e6.CGLIB$springSecurityFilterChain$4(&lt;generated&gt;) ~[spring-security-config-4.2.2.RELEASE.jar:4.2.2.RELEASE]
	at org.springframework.security.config.annotation.web.configuration.WebSecurityConfiguration$$EnhancerBySpringCGLIB$$150881e6$$FastClassBySpringCGLIB$$f9839e81.invoke(&lt;generated&gt;) ~[spring-security-config-4.2.2.RELEASE.jar:4.2.2.RELEASE]
	at org.springframework.cglib.proxy.MethodProxy.invokeSuper(MethodProxy.java:228) ~[spring-core-4.3.5.RELEASE.jar:4.3.5.RELEASE]
	at org.springframework.context.annotation.ConfigurationClassEnhancer$BeanMethodInterceptor.intercept(ConfigurationClassEnhancer.java:356) ~[spring-context-4.3.5.RELEASE.jar:4.3.5.RELEASE]
	at org.springframework.security.config.annotation.web.configuration.WebSecurityConfiguration$$EnhancerBySpringCGLIB$$150881e6.springSecurityFilterChain(&lt;generated&gt;) ~[spring-security-config-4.2.2.RELEASE.jar:4.2.2.RELEASE]
	at sun.reflect.GeneratedMethodAccessor103.invoke(Unknown Source) ~[na:na]
	at sun.reflect.DelegatingMethodAccessorImpl.invoke(DelegatingMethodAccessorImpl.java:43) ~[na:1.8.0_151]
	at java.lang.reflect.Method.invoke(Method.java:498) ~[na:1.8.0_151]
	at org.springframework.beans.factory.support.SimpleInstantiationStrategy.instantiate(SimpleInstantiationStrategy.java:162) ~[spring-beans-4.3.5.RELEASE.jar:4.3.5.RELEASE]
	... 46 common frames omitted
</stdout>
          <failedSince>69</failedSince>
        </case>
        <case>
          <duration>0.0</duration>
          <className>edu.ncsu.csc.itrust2.apitest.APIPersonnelTest</className>
          <testName>testPersonnelAPI</testName>
          <skipped>false</skipped>
          <errorStackTrace>java.lang.IllegalStateException: Failed to load ApplicationContext
Caused by: org.springframework.beans.factory.BeanCreationException: Error creating bean with name &apos;springSecurityFilterChain&apos; defined in class path resource [org/springframework/security/config/annotation/web/configuration/WebSecurityConfiguration.class]: Bean instantiation via factory method failed; nested exception is org.springframework.beans.BeanInstantiationException: Failed to instantiate [javax.servlet.Filter]: Factory method &apos;springSecurityFilterChain&apos; threw exception; nested exception is java.lang.IllegalArgumentException: &apos;Savings Account?error&apos; is not a valid redirect URL
Caused by: org.springframework.beans.BeanInstantiationException: Failed to instantiate [javax.servlet.Filter]: Factory method &apos;springSecurityFilterChain&apos; threw exception; nested exception is java.lang.IllegalArgumentException: &apos;Savings Account?error&apos; is not a valid redirect URL
Caused by: java.lang.IllegalArgumentException: &apos;Savings Account?error&apos; is not a valid redirect URL
</errorStackTrace>
          <errorDetails>Failed to load ApplicationContext</errorDetails>
          <stdout>21:59:43.154 [main] DEBUG o.s.t.annotation.ProfileValueUtils - Retrieved @ProfileValueSourceConfiguration [null] for test class [edu.ncsu.csc.itrust2.apitest.APIPersonnelTest]
21:59:43.154 [main] DEBUG o.s.t.annotation.ProfileValueUtils - Retrieved ProfileValueSource type [class org.springframework.test.annotation.SystemProfileValueSource] for class [edu.ncsu.csc.itrust2.apitest.APIPersonnelTest]
21:59:43.154 [main] DEBUG o.s.t.c.s.AbstractDelegatingSmartContextLoader - Delegating to AnnotationConfigWebContextLoader to load context from [WebMergedContextConfiguration@37cad9d7 testClass = APIPersonnelTest, locations = &apos;{}&apos;, classes = &apos;{class edu.ncsu.csc.itrust2.config.RootConfiguration, class edu.ncsu.csc.itrust2.mvc.config.WebMvcConfiguration}&apos;, contextInitializerClasses = &apos;[]&apos;, activeProfiles = &apos;{}&apos;, propertySourceLocations = &apos;{}&apos;, propertySourceProperties = &apos;{}&apos;, contextCustomizers = set[[empty]], resourceBasePath = &apos;src/main/webapp&apos;, contextLoader = &apos;org.springframework.test.context.web.WebDelegatingSmartContextLoader&apos;, parent = [null]].
21:59:43.154 [main] DEBUG o.s.t.c.w.AbstractGenericWebContextLoader - Loading WebApplicationContext for merged context configuration [WebMergedContextConfiguration@37cad9d7 testClass = APIPersonnelTest, locations = &apos;{}&apos;, classes = &apos;{class edu.ncsu.csc.itrust2.config.RootConfiguration, class edu.ncsu.csc.itrust2.mvc.config.WebMvcConfiguration}&apos;, contextInitializerClasses = &apos;[]&apos;, activeProfiles = &apos;{}&apos;, propertySourceLocations = &apos;{}&apos;, propertySourceProperties = &apos;{}&apos;, contextCustomizers = set[[empty]], resourceBasePath = &apos;src/main/webapp&apos;, contextLoader = &apos;org.springframework.test.context.web.WebDelegatingSmartContextLoader&apos;, parent = [null]].
21:59:43.154 [main] DEBUG o.s.w.c.s.StandardServletEnvironment - Adding [servletConfigInitParams] PropertySource with lowest search precedence
21:59:43.154 [main] DEBUG o.s.w.c.s.StandardServletEnvironment - Adding [servletContextInitParams] PropertySource with lowest search precedence
21:59:43.154 [main] DEBUG o.s.w.c.s.StandardServletEnvironment - Adding [systemProperties] PropertySource with lowest search precedence
21:59:43.154 [main] DEBUG o.s.w.c.s.StandardServletEnvironment - Adding [systemEnvironment] PropertySource with lowest search precedence
21:59:43.154 [main] DEBUG o.s.w.c.s.StandardServletEnvironment - Initialized StandardServletEnvironment with PropertySources [servletConfigInitParams,servletContextInitParams,systemProperties,systemEnvironment]
21:59:43.154 [main] DEBUG o.s.t.c.w.AnnotationConfigWebContextLoader - Registering annotated classes: {class edu.ncsu.csc.itrust2.config.RootConfiguration, class edu.ncsu.csc.itrust2.mvc.config.WebMvcConfiguration}
21:59:43.155 [main] INFO  o.s.w.c.s.GenericWebApplicationContext - Refreshing org.springframework.web.context.support.GenericWebApplicationContext@4b612966: startup date [Thu Mar 22 21:59:43 UTC 2018]; root of context hierarchy
21:59:43.155 [main] DEBUG o.s.w.c.s.StandardServletEnvironment - Replacing [servletContextInitParams] PropertySource with [servletContextInitParams]
21:59:43.155 [main] DEBUG o.s.w.c.s.GenericWebApplicationContext - Bean factory for org.springframework.web.context.support.GenericWebApplicationContext@4b612966: org.springframework.beans.factory.support.DefaultListableBeanFactory@7be6bf48: defining beans [org.springframework.context.annotation.internalConfigurationAnnotationProcessor,org.springframework.context.annotation.internalAutowiredAnnotationProcessor,org.springframework.context.annotation.internalRequiredAnnotationProcessor,org.springframework.context.annotation.internalCommonAnnotationProcessor,org.springframework.context.annotation.internalPersistenceAnnotationProcessor,org.springframework.context.event.internalEventListenerProcessor,org.springframework.context.event.internalEventListenerFactory,rootConfiguration,webMvcConfiguration]; root of factory hierarchy
21:59:43.155 [main] DEBUG o.s.b.f.s.DefaultListableBeanFactory - Registering scope &apos;request&apos; with implementation [org.springframework.web.context.request.RequestScope@72284935]
21:59:43.155 [main] DEBUG o.s.b.f.s.DefaultListableBeanFactory - Registering scope &apos;session&apos; with implementation [org.springframework.web.context.request.SessionScope@30c0740f]
21:59:43.155 [main] DEBUG o.s.b.f.s.DefaultListableBeanFactory - Registering scope &apos;globalSession&apos; with implementation [org.springframework.web.context.request.SessionScope@7e1281a0]
21:59:43.155 [main] DEBUG o.s.b.f.s.DefaultListableBeanFactory - Registering scope &apos;application&apos; with implementation [org.springframework.web.context.support.ServletContextScope@305ace07]
21:59:43.156 [main] DEBUG o.s.b.f.s.DefaultListableBeanFactory - Creating shared instance of singleton bean &apos;org.springframework.context.annotation.internalConfigurationAnnotationProcessor&apos;
21:59:43.156 [main] DEBUG o.s.b.f.s.DefaultListableBeanFactory - Creating instance of bean &apos;org.springframework.context.annotation.internalConfigurationAnnotationProcessor&apos;
21:59:43.156 [main] DEBUG o.s.b.f.s.DefaultListableBeanFactory - Eagerly caching bean &apos;org.springframework.context.annotation.internalConfigurationAnnotationProcessor&apos; to allow for resolving potential circular references
21:59:43.156 [main] DEBUG o.s.b.f.s.DefaultListableBeanFactory - Finished creating instance of bean &apos;org.springframework.context.annotation.internalConfigurationAnnotationProcessor&apos;
21:59:43.156 [main] DEBUG o.s.core.env.StandardEnvironment - Adding [systemProperties] PropertySource with lowest search precedence
21:59:43.156 [main] DEBUG o.s.core.env.StandardEnvironment - Adding [systemEnvironment] PropertySource with lowest search precedence
21:59:43.156 [main] DEBUG o.s.core.env.StandardEnvironment - Initialized StandardEnvironment with PropertySources [systemProperties,systemEnvironment]
21:59:43.157 [main] DEBUG o.s.c.i.s.PathMatchingResourcePatternResolver - Resolved classpath location [edu/ncsu/csc/itrust2/config/] to resources [URL [file:/var/lib/jenkins/jobs/iTrust_Fuzzer/workspace/iTrust2/target/classes/edu/ncsu/csc/itrust2/config/]]
21:59:43.157 [main] DEBUG o.s.c.i.s.PathMatchingResourcePatternResolver - Looking for matching resources in directory tree [/var/lib/jenkins/jobs/iTrust_Fuzzer/workspace/iTrust2/target/classes/edu/ncsu/csc/itrust2/config]
21:59:43.157 [main] DEBUG o.s.c.i.s.PathMatchingResourcePatternResolver - Searching directory [/var/lib/jenkins/jobs/iTrust_Fuzzer/workspace/iTrust2/target/classes/edu/ncsu/csc/itrust2/config] for files matching pattern [/var/lib/jenkins/jobs/iTrust_Fuzzer/workspace/iTrust2/target/classes/edu/ncsu/csc/itrust2/config/**/*.class]
21:59:43.157 [main] DEBUG o.s.c.i.s.PathMatchingResourcePatternResolver - Resolved location pattern [classpath*:edu/ncsu/csc/itrust2/config/**/*.class] to resources [file [/var/lib/jenkins/jobs/iTrust_Fuzzer/workspace/iTrust2/target/classes/edu/ncsu/csc/itrust2/config/ContextListener.class], file [/var/lib/jenkins/jobs/iTrust_Fuzzer/workspace/iTrust2/target/classes/edu/ncsu/csc/itrust2/config/DataConfiguration.class], file [/var/lib/jenkins/jobs/iTrust_Fuzzer/workspace/iTrust2/target/classes/edu/ncsu/csc/itrust2/config/FailureHandler.class], file [/var/lib/jenkins/jobs/iTrust_Fuzzer/workspace/iTrust2/target/classes/edu/ncsu/csc/itrust2/config/IPFilter.class], file [/var/lib/jenkins/jobs/iTrust_Fuzzer/workspace/iTrust2/target/classes/edu/ncsu/csc/itrust2/config/ITrust2ApplicationInitializer.class], file [/var/lib/jenkins/jobs/iTrust_Fuzzer/workspace/iTrust2/target/classes/edu/ncsu/csc/itrust2/config/ITrust2WebApplicationInitializer.class], file [/var/lib/jenkins/jobs/iTrust_Fuzzer/workspace/iTrust2/target/classes/edu/ncsu/csc/itrust2/config/LoginAuditingListener.class], file [/var/lib/jenkins/jobs/iTrust_Fuzzer/workspace/iTrust2/target/classes/edu/ncsu/csc/itrust2/config/RootConfiguration.class], file [/var/lib/jenkins/jobs/iTrust_Fuzzer/workspace/iTrust2/target/classes/edu/ncsu/csc/itrust2/config/SecurityConfig.class]]
21:59:43.157 [main] DEBUG o.s.c.a.ClassPathBeanDefinitionScanner - Identified candidate component class: file [/var/lib/jenkins/jobs/iTrust_Fuzzer/workspace/iTrust2/target/classes/edu/ncsu/csc/itrust2/config/DataConfiguration.class]
21:59:43.158 [main] DEBUG o.s.c.a.ClassPathBeanDefinitionScanner - Identified candidate component class: file [/var/lib/jenkins/jobs/iTrust_Fuzzer/workspace/iTrust2/target/classes/edu/ncsu/csc/itrust2/config/LoginAuditingListener.class]
21:59:43.158 [main] DEBUG o.s.c.a.ClassPathBeanDefinitionScanner - Identified candidate component class: file [/var/lib/jenkins/jobs/iTrust_Fuzzer/workspace/iTrust2/target/classes/edu/ncsu/csc/itrust2/config/SecurityConfig.class]
21:59:43.164 [main] DEBUG o.s.core.env.StandardEnvironment - Adding [systemProperties] PropertySource with lowest search precedence
21:59:43.164 [main] DEBUG o.s.core.env.StandardEnvironment - Adding [systemEnvironment] PropertySource with lowest search precedence
21:59:43.164 [main] DEBUG o.s.core.env.StandardEnvironment - Initialized StandardEnvironment with PropertySources [systemProperties,systemEnvironment]
21:59:43.165 [main] DEBUG o.s.c.i.s.PathMatchingResourcePatternResolver - Resolved classpath location [edu/ncsu/csc/itrust2/controllers/] to resources [URL [file:/var/lib/jenkins/jobs/iTrust_Fuzzer/workspace/iTrust2/target/classes/edu/ncsu/csc/itrust2/controllers/]]
21:59:43.165 [main] DEBUG o.s.c.i.s.PathMatchingResourcePatternResolver - Looking for matching resources in directory tree [/var/lib/jenkins/jobs/iTrust_Fuzzer/workspace/iTrust2/target/classes/edu/ncsu/csc/itrust2/controllers]
21:59:43.165 [main] DEBUG o.s.c.i.s.PathMatchingResourcePatternResolver - Searching directory [/var/lib/jenkins/jobs/iTrust_Fuzzer/workspace/iTrust2/target/classes/edu/ncsu/csc/itrust2/controllers] for files matching pattern [/var/lib/jenkins/jobs/iTrust_Fuzzer/workspace/iTrust2/target/classes/edu/ncsu/csc/itrust2/controllers/**/*.class]
21:59:43.165 [main] DEBUG o.s.c.i.s.PathMatchingResourcePatternResolver - Searching directory [/var/lib/jenkins/jobs/iTrust_Fuzzer/workspace/iTrust2/target/classes/edu/ncsu/csc/itrust2/controllers/admin] for files matching pattern [/var/lib/jenkins/jobs/iTrust_Fuzzer/workspace/iTrust2/target/classes/edu/ncsu/csc/itrust2/controllers/**/*.class]
21:59:43.165 [main] DEBUG o.s.c.i.s.PathMatchingResourcePatternResolver - Searching directory [/var/lib/jenkins/jobs/iTrust_Fuzzer/workspace/iTrust2/target/classes/edu/ncsu/csc/itrust2/controllers/api] for files matching pattern [/var/lib/jenkins/jobs/iTrust_Fuzzer/workspace/iTrust2/target/classes/edu/ncsu/csc/itrust2/controllers/**/*.class]
21:59:43.166 [main] DEBUG o.s.c.i.s.PathMatchingResourcePatternResolver - Searching directory [/var/lib/jenkins/jobs/iTrust_Fuzzer/workspace/iTrust2/target/classes/edu/ncsu/csc/itrust2/controllers/api/comm] for files matching pattern [/var/lib/jenkins/jobs/iTrust_Fuzzer/workspace/iTrust2/target/classes/edu/ncsu/csc/itrust2/controllers/**/*.class]
21:59:43.166 [main] DEBUG o.s.c.i.s.PathMatchingResourcePatternResolver - Searching directory [/var/lib/jenkins/jobs/iTrust_Fuzzer/workspace/iTrust2/target/classes/edu/ncsu/csc/itrust2/controllers/hcp] for files matching pattern [/var/lib/jenkins/jobs/iTrust_Fuzzer/workspace/iTrust2/target/classes/edu/ncsu/csc/itrust2/controllers/**/*.class]
21:59:43.166 [main] DEBUG o.s.c.i.s.PathMatchingResourcePatternResolver - Searching directory [/var/lib/jenkins/jobs/iTrust_Fuzzer/workspace/iTrust2/target/classes/edu/ncsu/csc/itrust2/controllers/patient] for files matching pattern [/var/lib/jenkins/jobs/iTrust_Fuzzer/workspace/iTrust2/target/classes/edu/ncsu/csc/itrust2/controllers/**/*.class]
21:59:43.166 [main] DEBUG o.s.c.i.s.PathMatchingResourcePatternResolver - Searching directory [/var/lib/jenkins/jobs/iTrust_Fuzzer/workspace/iTrust2/target/classes/edu/ncsu/csc/itrust2/controllers/personnel] for files matching pattern [/var/lib/jenkins/jobs/iTrust_Fuzzer/workspace/iTrust2/target/classes/edu/ncsu/csc/itrust2/controllers/**/*.class]
21:59:43.166 [main] DEBUG o.s.c.i.s.PathMatchingResourcePatternResolver - Resolved location pattern [classpath*:edu/ncsu/csc/itrust2/controllers/**/*.class] to resources [file [/var/lib/jenkins/jobs/iTrust_Fuzzer/workspace/iTrust2/target/classes/edu/ncsu/csc/itrust2/controllers/DefaultController.class], file [/var/lib/jenkins/jobs/iTrust_Fuzzer/workspace/iTrust2/target/classes/edu/ncsu/csc/itrust2/controllers/admin/AdminController.class], file [/var/lib/jenkins/jobs/iTrust_Fuzzer/workspace/iTrust2/target/classes/edu/ncsu/csc/itrust2/controllers/admin/AdminUserController$1.class], file [/var/lib/jenkins/jobs/iTrust_Fuzzer/workspace/iTrust2/target/classes/edu/ncsu/csc/itrust2/controllers/admin/AdminUserController.class], file [/var/lib/jenkins/jobs/iTrust_Fuzzer/workspace/iTrust2/target/classes/edu/ncsu/csc/itrust2/controllers/admin/HospitalController.class], file [/var/lib/jenkins/jobs/iTrust_Fuzzer/workspace/iTrust2/target/classes/edu/ncsu/csc/itrust2/controllers/admin/ICDCodesController.class], file [/var/lib/jenkins/jobs/iTrust_Fuzzer/workspace/iTrust2/target/classes/edu/ncsu/csc/itrust2/controllers/api/APIAppointmentRequestController.class], file [/var/lib/jenkins/jobs/iTrust_Fuzzer/workspace/iTrust2/target/classes/edu/ncsu/csc/itrust2/controllers/api/APIController$JSONResponse.class], file [/var/lib/jenkins/jobs/iTrust_Fuzzer/workspace/iTrust2/target/classes/edu/ncsu/csc/itrust2/controllers/api/APIController.class], file [/var/lib/jenkins/jobs/iTrust_Fuzzer/workspace/iTrust2/target/classes/edu/ncsu/csc/itrust2/controllers/api/APIDiagnosisController.class], file [/var/lib/jenkins/jobs/iTrust_Fuzzer/workspace/iTrust2/target/classes/edu/ncsu/csc/itrust2/controllers/api/APIDrugController.class], file [/var/lib/jenkins/jobs/iTrust_Fuzzer/workspace/iTrust2/target/classes/edu/ncsu/csc/itrust2/controllers/api/APIEnumController.class], file [/var/lib/jenkins/jobs/iTrust_Fuzzer/workspace/iTrust2/target/classes/edu/ncsu/csc/itrust2/controllers/api/APIHospitalController.class], file [/var/lib/jenkins/jobs/iTrust_Fuzzer/workspace/iTrust2/target/classes/edu/ncsu/csc/itrust2/controllers/api/APIICDCodeController.class], file [/var/lib/jenkins/jobs/iTrust_Fuzzer/workspace/iTrust2/target/classes/edu/ncsu/csc/itrust2/controllers/api/APILogEntryController.class], file [/var/lib/jenkins/jobs/iTrust_Fuzzer/workspace/iTrust2/target/classes/edu/ncsu/csc/itrust2/controllers/api/APIOfficeVisitController.class], file [/var/lib/jenkins/jobs/iTrust_Fuzzer/workspace/iTrust2/target/classes/edu/ncsu/csc/itrust2/controllers/api/APIPasswordController.class], file [/var/lib/jenkins/jobs/iTrust_Fuzzer/workspace/iTrust2/target/classes/edu/ncsu/csc/itrust2/controllers/api/APIPatientController.class], file [/var/lib/jenkins/jobs/iTrust_Fuzzer/workspace/iTrust2/target/classes/edu/ncsu/csc/itrust2/controllers/api/APIPersonnelController.class], file [/var/lib/jenkins/jobs/iTrust_Fuzzer/workspace/iTrust2/target/classes/edu/ncsu/csc/itrust2/controllers/api/APIPrescriptionController.class], file [/var/lib/jenkins/jobs/iTrust_Fuzzer/workspace/iTrust2/target/classes/edu/ncsu/csc/itrust2/controllers/api/APIUserController.class], file [/var/lib/jenkins/jobs/iTrust_Fuzzer/workspace/iTrust2/target/classes/edu/ncsu/csc/itrust2/controllers/api/comm/LogEntryRequestBody.class], file [/var/lib/jenkins/jobs/iTrust_Fuzzer/workspace/iTrust2/target/classes/edu/ncsu/csc/itrust2/controllers/api/comm/LogEntryTableRow.class], file [/var/lib/jenkins/jobs/iTrust_Fuzzer/workspace/iTrust2/target/classes/edu/ncsu/csc/itrust2/controllers/hcp/AppointmentControllerHCP.class], file [/var/lib/jenkins/jobs/iTrust_Fuzzer/workspace/iTrust2/target/classes/edu/ncsu/csc/itrust2/controllers/hcp/HCPController.class], file [/var/lib/jenkins/jobs/iTrust_Fuzzer/workspace/iTrust2/target/classes/edu/ncsu/csc/itrust2/controllers/hcp/OfficeVisitController.class], file [/var/lib/jenkins/jobs/iTrust_Fuzzer/workspace/iTrust2/target/classes/edu/ncsu/csc/itrust2/controllers/patient/AppointmentController.class], file [/var/lib/jenkins/jobs/iTrust_Fuzzer/workspace/iTrust2/target/classes/edu/ncsu/csc/itrust2/controllers/patient/DiagnosesController.class], file [/var/lib/jenkins/jobs/iTrust_Fuzzer/workspace/iTrust2/target/classes/edu/ncsu/csc/itrust2/controllers/patient/PatientController.class], file [/var/lib/jenkins/jobs/iTrust_Fuzzer/workspace/iTrust2/target/classes/edu/ncsu/csc/itrust2/controllers/personnel/PasswordController.class], file [/var/lib/jenkins/jobs/iTrust_Fuzzer/workspace/iTrust2/target/classes/edu/ncsu/csc/itrust2/controllers/personnel/UserController.class]]
21:59:43.166 [main] DEBUG o.s.c.a.ClassPathBeanDefinitionScanner - Identified candidate component class: file [/var/lib/jenkins/jobs/iTrust_Fuzzer/workspace/iTrust2/target/classes/edu/ncsu/csc/itrust2/controllers/DefaultController.class]
21:59:43.166 [main] DEBUG o.s.c.a.ClassPathBeanDefinitionScanner - Identified candidate component class: file [/var/lib/jenkins/jobs/iTrust_Fuzzer/workspace/iTrust2/target/classes/edu/ncsu/csc/itrust2/controllers/admin/AdminController.class]
21:59:43.167 [main] DEBUG o.s.c.a.ClassPathBeanDefinitionScanner - Identified candidate component class: file [/var/lib/jenkins/jobs/iTrust_Fuzzer/workspace/iTrust2/target/classes/edu/ncsu/csc/itrust2/controllers/admin/AdminUserController.class]
21:59:43.167 [main] DEBUG o.s.c.a.ClassPathBeanDefinitionScanner - Identified candidate component class: file [/var/lib/jenkins/jobs/iTrust_Fuzzer/workspace/iTrust2/target/classes/edu/ncsu/csc/itrust2/controllers/admin/HospitalController.class]
21:59:43.167 [main] DEBUG o.s.c.a.ClassPathBeanDefinitionScanner - Identified candidate component class: file [/var/lib/jenkins/jobs/iTrust_Fuzzer/workspace/iTrust2/target/classes/edu/ncsu/csc/itrust2/controllers/admin/ICDCodesController.class]
21:59:43.167 [main] DEBUG o.s.c.a.ClassPathBeanDefinitionScanner - Identified candidate component class: file [/var/lib/jenkins/jobs/iTrust_Fuzzer/workspace/iTrust2/target/classes/edu/ncsu/csc/itrust2/controllers/api/APIAppointmentRequestController.class]
21:59:43.167 [main] DEBUG o.s.c.a.ClassPathBeanDefinitionScanner - Identified candidate component class: file [/var/lib/jenkins/jobs/iTrust_Fuzzer/workspace/iTrust2/target/classes/edu/ncsu/csc/itrust2/controllers/api/APIDiagnosisController.class]
21:59:43.168 [main] DEBUG o.s.c.a.ClassPathBeanDefinitionScanner - Identified candidate component class: file [/var/lib/jenkins/jobs/iTrust_Fuzzer/workspace/iTrust2/target/classes/edu/ncsu/csc/itrust2/controllers/api/APIDrugController.class]
21:59:43.168 [main] DEBUG o.s.c.a.ClassPathBeanDefinitionScanner - Identified candidate component class: file [/var/lib/jenkins/jobs/iTrust_Fuzzer/workspace/iTrust2/target/classes/edu/ncsu/csc/itrust2/controllers/api/APIEnumController.class]
21:59:43.168 [main] DEBUG o.s.c.a.ClassPathBeanDefinitionScanner - Identified candidate component class: file [/var/lib/jenkins/jobs/iTrust_Fuzzer/workspace/iTrust2/target/classes/edu/ncsu/csc/itrust2/controllers/api/APIHospitalController.class]
21:59:43.168 [main] DEBUG o.s.c.a.ClassPathBeanDefinitionScanner - Identified candidate component class: file [/var/lib/jenkins/jobs/iTrust_Fuzzer/workspace/iTrust2/target/classes/edu/ncsu/csc/itrust2/controllers/api/APIICDCodeController.class]
21:59:43.169 [main] DEBUG o.s.c.a.ClassPathBeanDefinitionScanner - Identified candidate component class: file [/var/lib/jenkins/jobs/iTrust_Fuzzer/workspace/iTrust2/target/classes/edu/ncsu/csc/itrust2/controllers/api/APILogEntryController.class]
21:59:43.169 [main] DEBUG o.s.c.a.ClassPathBeanDefinitionScanner - Identified candidate component class: file [/var/lib/jenkins/jobs/iTrust_Fuzzer/workspace/iTrust2/target/classes/edu/ncsu/csc/itrust2/controllers/api/APIOfficeVisitController.class]
21:59:43.169 [main] DEBUG o.s.c.a.ClassPathBeanDefinitionScanner - Identified candidate component class: file [/var/lib/jenkins/jobs/iTrust_Fuzzer/workspace/iTrust2/target/classes/edu/ncsu/csc/itrust2/controllers/api/APIPasswordController.class]
21:59:43.169 [main] DEBUG o.s.c.a.ClassPathBeanDefinitionScanner - Identified candidate component class: file [/var/lib/jenkins/jobs/iTrust_Fuzzer/workspace/iTrust2/target/classes/edu/ncsu/csc/itrust2/controllers/api/APIPatientController.class]
21:59:43.170 [main] DEBUG o.s.c.a.ClassPathBeanDefinitionScanner - Identified candidate component class: file [/var/lib/jenkins/jobs/iTrust_Fuzzer/workspace/iTrust2/target/classes/edu/ncsu/csc/itrust2/controllers/api/APIPersonnelController.class]
21:59:43.170 [main] DEBUG o.s.c.a.ClassPathBeanDefinitionScanner - Identified candidate component class: file [/var/lib/jenkins/jobs/iTrust_Fuzzer/workspace/iTrust2/target/classes/edu/ncsu/csc/itrust2/controllers/api/APIPrescriptionController.class]
21:59:43.170 [main] DEBUG o.s.c.a.ClassPathBeanDefinitionScanner - Identified candidate component class: file [/var/lib/jenkins/jobs/iTrust_Fuzzer/workspace/iTrust2/target/classes/edu/ncsu/csc/itrust2/controllers/api/APIUserController.class]
21:59:43.170 [main] DEBUG o.s.c.a.ClassPathBeanDefinitionScanner - Identified candidate component class: file [/var/lib/jenkins/jobs/iTrust_Fuzzer/workspace/iTrust2/target/classes/edu/ncsu/csc/itrust2/controllers/hcp/AppointmentControllerHCP.class]
21:59:43.171 [main] DEBUG o.s.c.a.ClassPathBeanDefinitionScanner - Identified candidate component class: file [/var/lib/jenkins/jobs/iTrust_Fuzzer/workspace/iTrust2/target/classes/edu/ncsu/csc/itrust2/controllers/hcp/HCPController.class]
21:59:43.171 [main] DEBUG o.s.c.a.ClassPathBeanDefinitionScanner - Identified candidate component class: file [/var/lib/jenkins/jobs/iTrust_Fuzzer/workspace/iTrust2/target/classes/edu/ncsu/csc/itrust2/controllers/hcp/OfficeVisitController.class]
21:59:43.171 [main] DEBUG o.s.c.a.ClassPathBeanDefinitionScanner - Identified candidate component class: file [/var/lib/jenkins/jobs/iTrust_Fuzzer/workspace/iTrust2/target/classes/edu/ncsu/csc/itrust2/controllers/patient/AppointmentController.class]
21:59:43.171 [main] DEBUG o.s.c.a.ClassPathBeanDefinitionScanner - Identified candidate component class: file [/var/lib/jenkins/jobs/iTrust_Fuzzer/workspace/iTrust2/target/classes/edu/ncsu/csc/itrust2/controllers/patient/DiagnosesController.class]
21:59:43.171 [main] DEBUG o.s.c.a.ClassPathBeanDefinitionScanner - Identified candidate component class: file [/var/lib/jenkins/jobs/iTrust_Fuzzer/workspace/iTrust2/target/classes/edu/ncsu/csc/itrust2/controllers/patient/PatientController.class]
21:59:43.171 [main] DEBUG o.s.c.a.ClassPathBeanDefinitionScanner - Identified candidate component class: file [/var/lib/jenkins/jobs/iTrust_Fuzzer/workspace/iTrust2/target/classes/edu/ncsu/csc/itrust2/controllers/personnel/PasswordController.class]
21:59:43.172 [main] DEBUG o.s.c.a.ClassPathBeanDefinitionScanner - Identified candidate component class: file [/var/lib/jenkins/jobs/iTrust_Fuzzer/workspace/iTrust2/target/classes/edu/ncsu/csc/itrust2/controllers/personnel/UserController.class]
21:59:43.172 [main] DEBUG o.s.c.i.s.PathMatchingResourcePatternResolver - Resolved classpath location [edu/ncsu/csc/itrust2/config/] to resources [URL [file:/var/lib/jenkins/jobs/iTrust_Fuzzer/workspace/iTrust2/target/classes/edu/ncsu/csc/itrust2/config/]]
21:59:43.172 [main] DEBUG o.s.c.i.s.PathMatchingResourcePatternResolver - Looking for matching resources in directory tree [/var/lib/jenkins/jobs/iTrust_Fuzzer/workspace/iTrust2/target/classes/edu/ncsu/csc/itrust2/config]
21:59:43.172 [main] DEBUG o.s.c.i.s.PathMatchingResourcePatternResolver - Searching directory [/var/lib/jenkins/jobs/iTrust_Fuzzer/workspace/iTrust2/target/classes/edu/ncsu/csc/itrust2/config] for files matching pattern [/var/lib/jenkins/jobs/iTrust_Fuzzer/workspace/iTrust2/target/classes/edu/ncsu/csc/itrust2/config/**/*.class]
21:59:43.172 [main] DEBUG o.s.c.i.s.PathMatchingResourcePatternResolver - Resolved location pattern [classpath*:edu/ncsu/csc/itrust2/config/**/*.class] to resources [file [/var/lib/jenkins/jobs/iTrust_Fuzzer/workspace/iTrust2/target/classes/edu/ncsu/csc/itrust2/config/ContextListener.class], file [/var/lib/jenkins/jobs/iTrust_Fuzzer/workspace/iTrust2/target/classes/edu/ncsu/csc/itrust2/config/DataConfiguration.class], file [/var/lib/jenkins/jobs/iTrust_Fuzzer/workspace/iTrust2/target/classes/edu/ncsu/csc/itrust2/config/FailureHandler.class], file [/var/lib/jenkins/jobs/iTrust_Fuzzer/workspace/iTrust2/target/classes/edu/ncsu/csc/itrust2/config/IPFilter.class], file [/var/lib/jenkins/jobs/iTrust_Fuzzer/workspace/iTrust2/target/classes/edu/ncsu/csc/itrust2/config/ITrust2ApplicationInitializer.class], file [/var/lib/jenkins/jobs/iTrust_Fuzzer/workspace/iTrust2/target/classes/edu/ncsu/csc/itrust2/config/ITrust2WebApplicationInitializer.class], file [/var/lib/jenkins/jobs/iTrust_Fuzzer/workspace/iTrust2/target/classes/edu/ncsu/csc/itrust2/config/LoginAuditingListener.class], file [/var/lib/jenkins/jobs/iTrust_Fuzzer/workspace/iTrust2/target/classes/edu/ncsu/csc/itrust2/config/RootConfiguration.class], file [/var/lib/jenkins/jobs/iTrust_Fuzzer/workspace/iTrust2/target/classes/edu/ncsu/csc/itrust2/config/SecurityConfig.class]]
21:59:43.172 [main] DEBUG o.s.c.a.ClassPathBeanDefinitionScanner - Identified candidate component class: file [/var/lib/jenkins/jobs/iTrust_Fuzzer/workspace/iTrust2/target/classes/edu/ncsu/csc/itrust2/config/DataConfiguration.class]
21:59:43.173 [main] DEBUG o.s.c.a.ClassPathBeanDefinitionScanner - Identified candidate component class: file [/var/lib/jenkins/jobs/iTrust_Fuzzer/workspace/iTrust2/target/classes/edu/ncsu/csc/itrust2/config/LoginAuditingListener.class]
21:59:43.173 [main] DEBUG o.s.c.a.ClassPathBeanDefinitionScanner - Identified candidate component class: file [/var/lib/jenkins/jobs/iTrust_Fuzzer/workspace/iTrust2/target/classes/edu/ncsu/csc/itrust2/config/RootConfiguration.class]
21:59:43.173 [main] DEBUG o.s.c.a.ClassPathBeanDefinitionScanner - Identified candidate component class: file [/var/lib/jenkins/jobs/iTrust_Fuzzer/workspace/iTrust2/target/classes/edu/ncsu/csc/itrust2/config/SecurityConfig.class]
21:59:43.185 [main] DEBUG o.s.c.a.ConfigurationClassBeanDefinitionReader - Registering bean definition for @Bean method edu.ncsu.csc.itrust2.config.DataConfiguration.dataSource()
21:59:43.185 [main] DEBUG o.s.c.a.ConfigurationClassBeanDefinitionReader - Registered bean definition for imported class &apos;org.springframework.security.config.annotation.configuration.ObjectPostProcessorConfiguration&apos;
21:59:43.185 [main] DEBUG o.s.c.a.ConfigurationClassBeanDefinitionReader - Registering bean definition for @Bean method org.springframework.security.config.annotation.configuration.ObjectPostProcessorConfiguration.objectPostProcessor()
21:59:43.186 [main] DEBUG o.s.c.a.ConfigurationClassBeanDefinitionReader - Registered bean definition for imported class &apos;org.springframework.security.config.annotation.authentication.configuration.AuthenticationConfiguration&apos;
21:59:43.186 [main] DEBUG o.s.c.a.ConfigurationClassBeanDefinitionReader - Registering bean definition for @Bean method org.springframework.security.config.annotation.authentication.configuration.AuthenticationConfiguration.authenticationManagerBuilder()
21:59:43.186 [main] DEBUG o.s.c.a.ConfigurationClassBeanDefinitionReader - Registering bean definition for @Bean method org.springframework.security.config.annotation.authentication.configuration.AuthenticationConfiguration.enableGlobalAuthenticationAutowiredConfigurer()
21:59:43.186 [main] DEBUG o.s.c.a.ConfigurationClassBeanDefinitionReader - Registering bean definition for @Bean method org.springframework.security.config.annotation.authentication.configuration.AuthenticationConfiguration.initializeUserDetailsBeanManagerConfigurer()
21:59:43.186 [main] DEBUG o.s.c.a.ConfigurationClassBeanDefinitionReader - Registering bean definition for @Bean method org.springframework.security.config.annotation.authentication.configuration.AuthenticationConfiguration.initializeAuthenticationProviderBeanManagerConfigurer()
21:59:43.186 [main] DEBUG o.s.c.a.ConfigurationClassBeanDefinitionReader - Registered bean definition for imported class &apos;org.springframework.security.config.annotation.web.configuration.WebSecurityConfiguration&apos;
21:59:43.186 [main] DEBUG o.s.c.a.ConfigurationClassBeanDefinitionReader - Registering bean definition for @Bean method org.springframework.security.config.annotation.web.configuration.WebSecurityConfiguration.delegatingApplicationListener()
21:59:43.186 [main] DEBUG o.s.c.a.ConfigurationClassBeanDefinitionReader - Registering bean definition for @Bean method org.springframework.security.config.annotation.web.configuration.WebSecurityConfiguration.webSecurityExpressionHandler()
21:59:43.186 [main] DEBUG o.s.c.a.ConfigurationClassBeanDefinitionReader - Registering bean definition for @Bean method org.springframework.security.config.annotation.web.configuration.WebSecurityConfiguration.springSecurityFilterChain()
21:59:43.186 [main] DEBUG o.s.c.a.ConfigurationClassBeanDefinitionReader - Registering bean definition for @Bean method org.springframework.security.config.annotation.web.configuration.WebSecurityConfiguration.privilegeEvaluator()
21:59:43.186 [main] DEBUG o.s.c.a.ConfigurationClassBeanDefinitionReader - Registering bean definition for @Bean method org.springframework.security.config.annotation.web.configuration.WebSecurityConfiguration.autowiredWebSecurityConfigurersIgnoreParents()
21:59:43.186 [main] DEBUG o.s.c.a.ConfigurationClassBeanDefinitionReader - Registered bean definition for imported class &apos;org.springframework.security.config.annotation.web.configuration.WebMvcSecurityConfiguration&apos;
21:59:43.186 [main] DEBUG o.s.c.a.ConfigurationClassBeanDefinitionReader - Registering bean definition for @Bean method org.springframework.security.config.annotation.web.configuration.WebMvcSecurityConfiguration.requestDataValueProcessor()
21:59:43.186 [main] DEBUG o.s.c.a.ConfigurationClassBeanDefinitionReader - Registering bean definition for @Bean method edu.ncsu.csc.itrust2.config.SecurityConfig.passwordEncoder()
21:59:43.186 [main] DEBUG o.s.c.a.ConfigurationClassBeanDefinitionReader - Registering bean definition for @Bean method edu.ncsu.csc.itrust2.config.SecurityConfig.defaultAuthenticationEventPublisher()
21:59:43.186 [main] DEBUG o.s.c.a.ConfigurationClassBeanDefinitionReader - Registering bean definition for @Bean method edu.ncsu.csc.itrust2.config.SecurityConfig.failureHandler()
21:59:43.186 [main] DEBUG o.s.c.a.ConfigurationClassBeanDefinitionReader - Registering bean definition for @Bean method edu.ncsu.csc.itrust2.config.SecurityConfig.ipBlockFilter()
21:59:43.186 [main] DEBUG o.s.c.a.ConfigurationClassBeanDefinitionReader - Registered bean definition for imported class &apos;org.springframework.web.servlet.config.annotation.DelegatingWebMvcConfiguration&apos;
21:59:43.186 [main] DEBUG o.s.c.a.ConfigurationClassBeanDefinitionReader - Registering bean definition for @Bean method org.springframework.web.servlet.config.annotation.DelegatingWebMvcConfiguration.mvcConversionService()
21:59:43.186 [main] DEBUG o.s.c.a.ConfigurationClassBeanDefinitionReader - Registering bean definition for @Bean method org.springframework.web.servlet.config.annotation.DelegatingWebMvcConfiguration.requestMappingHandlerMapping()
21:59:43.186 [main] DEBUG o.s.c.a.ConfigurationClassBeanDefinitionReader - Registering bean definition for @Bean method org.springframework.web.servlet.config.annotation.DelegatingWebMvcConfiguration.mvcPathMatcher()
21:59:43.186 [main] DEBUG o.s.c.a.ConfigurationClassBeanDefinitionReader - Registering bean definition for @Bean method org.springframework.web.servlet.config.annotation.DelegatingWebMvcConfiguration.mvcUrlPathHelper()
21:59:43.186 [main] DEBUG o.s.c.a.ConfigurationClassBeanDefinitionReader - Registering bean definition for @Bean method org.springframework.web.servlet.config.annotation.DelegatingWebMvcConfiguration.mvcContentNegotiationManager()
21:59:43.186 [main] DEBUG o.s.c.a.ConfigurationClassBeanDefinitionReader - Registering bean definition for @Bean method org.springframework.web.servlet.config.annotation.DelegatingWebMvcConfiguration.viewControllerHandlerMapping()
21:59:43.186 [main] DEBUG o.s.c.a.ConfigurationClassBeanDefinitionReader - Registering bean definition for @Bean method org.springframework.web.servlet.config.annotation.DelegatingWebMvcConfiguration.beanNameHandlerMapping()
21:59:43.186 [main] DEBUG o.s.c.a.ConfigurationClassBeanDefinitionReader - Registering bean definition for @Bean method org.springframework.web.servlet.config.annotation.DelegatingWebMvcConfiguration.resourceHandlerMapping()
21:59:43.186 [main] DEBUG o.s.c.a.ConfigurationClassBeanDefinitionReader - Registering bean definition for @Bean method org.springframework.web.servlet.config.annotation.DelegatingWebMvcConfiguration.mvcResourceUrlProvider()
21:59:43.187 [main] DEBUG o.s.c.a.ConfigurationClassBeanDefinitionReader - Registering bean definition for @Bean method org.springframework.web.servlet.config.annotation.DelegatingWebMvcConfiguration.defaultServletHandlerMapping()
21:59:43.187 [main] DEBUG o.s.c.a.ConfigurationClassBeanDefinitionReader - Registering bean definition for @Bean method org.springframework.web.servlet.config.annotation.DelegatingWebMvcConfiguration.requestMappingHandlerAdapter()
21:59:43.187 [main] DEBUG o.s.c.a.ConfigurationClassBeanDefinitionReader - Registering bean definition for @Bean method org.springframework.web.servlet.config.annotation.DelegatingWebMvcConfiguration.mvcValidator()
21:59:43.187 [main] DEBUG o.s.c.a.ConfigurationClassBeanDefinitionReader - Registering bean definition for @Bean method org.springframework.web.servlet.config.annotation.DelegatingWebMvcConfiguration.mvcUriComponentsContributor()
21:59:43.187 [main] DEBUG o.s.c.a.ConfigurationClassBeanDefinitionReader - Registering bean definition for @Bean method org.springframework.web.servlet.config.annotation.DelegatingWebMvcConfiguration.httpRequestHandlerAdapter()
21:59:43.187 [main] DEBUG o.s.c.a.ConfigurationClassBeanDefinitionReader - Registering bean definition for @Bean method org.springframework.web.servlet.config.annotation.DelegatingWebMvcConfiguration.simpleControllerHandlerAdapter()
21:59:43.187 [main] DEBUG o.s.c.a.ConfigurationClassBeanDefinitionReader - Registering bean definition for @Bean method org.springframework.web.servlet.config.annotation.DelegatingWebMvcConfiguration.handlerExceptionResolver()
21:59:43.187 [main] DEBUG o.s.c.a.ConfigurationClassBeanDefinitionReader - Registering bean definition for @Bean method org.springframework.web.servlet.config.annotation.DelegatingWebMvcConfiguration.mvcViewResolver()
21:59:43.187 [main] DEBUG o.s.c.a.ConfigurationClassBeanDefinitionReader - Registered bean definition for imported class &apos;org.springframework.security.config.annotation.method.configuration.GlobalMethodSecurityConfiguration&apos;
21:59:43.187 [main] DEBUG o.s.c.a.ConfigurationClassBeanDefinitionReader - Registering bean definition for @Bean method org.springframework.security.config.annotation.method.configuration.GlobalMethodSecurityConfiguration.methodSecurityInterceptor()
21:59:43.187 [main] DEBUG o.s.c.a.ConfigurationClassBeanDefinitionReader - Registering bean definition for @Bean method org.springframework.security.config.annotation.method.configuration.GlobalMethodSecurityConfiguration.methodSecurityMetadataSource()
21:59:43.187 [main] DEBUG o.s.c.a.ConfigurationClassBeanDefinitionReader - Registering bean definition for @Bean method org.springframework.security.config.annotation.method.configuration.GlobalMethodSecurityConfiguration.preInvocationAuthorizationAdvice()
21:59:43.187 [main] DEBUG o.s.c.a.ConfigurationClassBeanDefinitionReader - Registering bean definition for @Bean method edu.ncsu.csc.itrust2.mvc.config.WebMvcConfiguration.viewResolver()
21:59:43.187 [main] DEBUG o.s.c.a.ConfigurationClassBeanDefinitionReader - Registering bean definition for @Bean method edu.ncsu.csc.itrust2.mvc.config.WebMvcConfiguration.templateEngine()
21:59:43.187 [main] DEBUG o.s.c.a.ConfigurationClassBeanDefinitionReader - Registering bean definition for @Bean method edu.ncsu.csc.itrust2.mvc.config.WebMvcConfiguration.domainClassConverter()
21:59:43.189 [main] DEBUG o.s.c.a.ConfigurationClassEnhancer - Successfully enhanced edu.ncsu.csc.itrust2.config.RootConfiguration; enhanced class name is: edu.ncsu.csc.itrust2.config.RootConfiguration$$EnhancerBySpringCGLIB$$c1d00685
21:59:43.189 [main] DEBUG o.s.c.a.ConfigurationClassPostProcessor - Replacing bean definition &apos;rootConfiguration&apos; existing class &apos;edu.ncsu.csc.itrust2.config.RootConfiguration&apos; with enhanced class &apos;edu.ncsu.csc.itrust2.config.RootConfiguration$$EnhancerBySpringCGLIB$$c1d00685&apos;
21:59:43.189 [main] DEBUG o.s.c.a.ConfigurationClassEnhancer - Successfully enhanced edu.ncsu.csc.itrust2.mvc.config.WebMvcConfiguration; enhanced class name is: edu.ncsu.csc.itrust2.mvc.config.WebMvcConfiguration$$EnhancerBySpringCGLIB$$de7b09d5
21:59:43.189 [main] DEBUG o.s.c.a.ConfigurationClassPostProcessor - Replacing bean definition &apos;webMvcConfiguration&apos; existing class &apos;edu.ncsu.csc.itrust2.mvc.config.WebMvcConfiguration&apos; with enhanced class &apos;edu.ncsu.csc.itrust2.mvc.config.WebMvcConfiguration$$EnhancerBySpringCGLIB$$de7b09d5&apos;
21:59:43.189 [main] DEBUG o.s.c.a.ConfigurationClassEnhancer - Successfully enhanced edu.ncsu.csc.itrust2.config.DataConfiguration; enhanced class name is: edu.ncsu.csc.itrust2.config.DataConfiguration$$EnhancerBySpringCGLIB$$60f4bbd
21:59:43.189 [main] DEBUG o.s.c.a.ConfigurationClassPostProcessor - Replacing bean definition &apos;dataConfiguration&apos; existing class &apos;edu.ncsu.csc.itrust2.config.DataConfiguration&apos; with enhanced class &apos;edu.ncsu.csc.itrust2.config.DataConfiguration$$EnhancerBySpringCGLIB$$60f4bbd&apos;
21:59:43.189 [main] DEBUG o.s.c.a.ConfigurationClassEnhancer - Successfully enhanced edu.ncsu.csc.itrust2.config.SecurityConfig; enhanced class name is: edu.ncsu.csc.itrust2.config.SecurityConfig$$EnhancerBySpringCGLIB$$f88fd361
21:59:43.189 [main] DEBUG o.s.c.a.ConfigurationClassPostProcessor - Replacing bean definition &apos;securityConfig&apos; existing class &apos;edu.ncsu.csc.itrust2.config.SecurityConfig&apos; with enhanced class &apos;edu.ncsu.csc.itrust2.config.SecurityConfig$$EnhancerBySpringCGLIB$$f88fd361&apos;
21:59:43.189 [main] DEBUG o.s.c.a.ConfigurationClassEnhancer - Successfully enhanced org.springframework.security.config.annotation.configuration.ObjectPostProcessorConfiguration; enhanced class name is: org.springframework.security.config.annotation.configuration.ObjectPostProcessorConfiguration$$EnhancerBySpringCGLIB$$6851d2d
21:59:43.189 [main] DEBUG o.s.c.a.ConfigurationClassPostProcessor - Replacing bean definition &apos;org.springframework.security.config.annotation.configuration.ObjectPostProcessorConfiguration&apos; existing class &apos;org.springframework.security.config.annotation.configuration.ObjectPostProcessorConfiguration&apos; with enhanced class &apos;org.springframework.security.config.annotation.configuration.ObjectPostProcessorConfiguration$$EnhancerBySpringCGLIB$$6851d2d&apos;
21:59:43.189 [main] DEBUG o.s.c.a.ConfigurationClassEnhancer - Successfully enhanced org.springframework.security.config.annotation.authentication.configuration.AuthenticationConfiguration; enhanced class name is: org.springframework.security.config.annotation.authentication.configuration.AuthenticationConfiguration$$EnhancerBySpringCGLIB$$524e27a2
21:59:43.189 [main] DEBUG o.s.c.a.ConfigurationClassPostProcessor - Replacing bean definition &apos;org.springframework.security.config.annotation.authentication.configuration.AuthenticationConfiguration&apos; existing class &apos;org.springframework.security.config.annotation.authentication.configuration.AuthenticationConfiguration&apos; with enhanced class &apos;org.springframework.security.config.annotation.authentication.configuration.AuthenticationConfiguration$$EnhancerBySpringCGLIB$$524e27a2&apos;
21:59:43.189 [main] DEBUG o.s.c.a.ConfigurationClassEnhancer - Successfully enhanced org.springframework.security.config.annotation.authentication.configuration.AuthenticationConfiguration; enhanced class name is: org.springframework.security.config.annotation.authentication.configuration.AuthenticationConfiguration$$EnhancerBySpringCGLIB$$524e27a2
21:59:43.189 [main] DEBUG o.s.c.a.ConfigurationClassPostProcessor - Replacing bean definition &apos;enableGlobalAuthenticationAutowiredConfigurer&apos; existing class &apos;org.springframework.security.config.annotation.authentication.configuration.AuthenticationConfiguration&apos; with enhanced class &apos;org.springframework.security.config.annotation.authentication.configuration.AuthenticationConfiguration$$EnhancerBySpringCGLIB$$524e27a2&apos;
21:59:43.189 [main] DEBUG o.s.c.a.ConfigurationClassEnhancer - Successfully enhanced org.springframework.security.config.annotation.authentication.configuration.AuthenticationConfiguration; enhanced class name is: org.springframework.security.config.annotation.authentication.configuration.AuthenticationConfiguration$$EnhancerBySpringCGLIB$$524e27a2
21:59:43.189 [main] DEBUG o.s.c.a.ConfigurationClassPostProcessor - Replacing bean definition &apos;initializeUserDetailsBeanManagerConfigurer&apos; existing class &apos;org.springframework.security.config.annotation.authentication.configuration.AuthenticationConfiguration&apos; with enhanced class &apos;org.springframework.security.config.annotation.authentication.configuration.AuthenticationConfiguration$$EnhancerBySpringCGLIB$$524e27a2&apos;
21:59:43.189 [main] DEBUG o.s.c.a.ConfigurationClassEnhancer - Successfully enhanced org.springframework.security.config.annotation.authentication.configuration.AuthenticationConfiguration; enhanced class name is: org.springframework.security.config.annotation.authentication.configuration.AuthenticationConfiguration$$EnhancerBySpringCGLIB$$524e27a2
21:59:43.189 [main] DEBUG o.s.c.a.ConfigurationClassPostProcessor - Replacing bean definition &apos;initializeAuthenticationProviderBeanManagerConfigurer&apos; existing class &apos;org.springframework.security.config.annotation.authentication.configuration.AuthenticationConfiguration&apos; with enhanced class &apos;org.springframework.security.config.annotation.authentication.configuration.AuthenticationConfiguration$$EnhancerBySpringCGLIB$$524e27a2&apos;
21:59:43.189 [main] DEBUG o.s.c.a.ConfigurationClassEnhancer - Successfully enhanced org.springframework.security.config.annotation.web.configuration.WebSecurityConfiguration; enhanced class name is: org.springframework.security.config.annotation.web.configuration.WebSecurityConfiguration$$EnhancerBySpringCGLIB$$150881e6
21:59:43.189 [main] DEBUG o.s.c.a.ConfigurationClassPostProcessor - Replacing bean definition &apos;org.springframework.security.config.annotation.web.configuration.WebSecurityConfiguration&apos; existing class &apos;org.springframework.security.config.annotation.web.configuration.WebSecurityConfiguration&apos; with enhanced class &apos;org.springframework.security.config.annotation.web.configuration.WebSecurityConfiguration$$EnhancerBySpringCGLIB$$150881e6&apos;
21:59:43.189 [main] DEBUG o.s.c.a.ConfigurationClassEnhancer - Successfully enhanced org.springframework.security.config.annotation.web.configuration.WebSecurityConfiguration; enhanced class name is: org.springframework.security.config.annotation.web.configuration.WebSecurityConfiguration$$EnhancerBySpringCGLIB$$150881e6
21:59:43.189 [main] DEBUG o.s.c.a.ConfigurationClassPostProcessor - Replacing bean definition &apos;delegatingApplicationListener&apos; existing class &apos;org.springframework.security.config.annotation.web.configuration.WebSecurityConfiguration&apos; with enhanced class &apos;org.springframework.security.config.annotation.web.configuration.WebSecurityConfiguration$$EnhancerBySpringCGLIB$$150881e6&apos;
21:59:43.189 [main] DEBUG o.s.c.a.ConfigurationClassEnhancer - Successfully enhanced org.springframework.web.servlet.config.annotation.DelegatingWebMvcConfiguration; enhanced class name is: org.springframework.web.servlet.config.annotation.DelegatingWebMvcConfiguration$$EnhancerBySpringCGLIB$$32983a29
21:59:43.189 [main] DEBUG o.s.c.a.ConfigurationClassPostProcessor - Replacing bean definition &apos;org.springframework.web.servlet.config.annotation.DelegatingWebMvcConfiguration&apos; existing class &apos;org.springframework.web.servlet.config.annotation.DelegatingWebMvcConfiguration&apos; with enhanced class &apos;org.springframework.web.servlet.config.annotation.DelegatingWebMvcConfiguration$$EnhancerBySpringCGLIB$$32983a29&apos;
21:59:43.189 [main] DEBUG o.s.c.a.ConfigurationClassEnhancer - Successfully enhanced org.springframework.security.config.annotation.method.configuration.GlobalMethodSecurityConfiguration; enhanced class name is: org.springframework.security.config.annotation.method.configuration.GlobalMethodSecurityConfiguration$$EnhancerBySpringCGLIB$$2b59bfdf
21:59:43.189 [main] DEBUG o.s.c.a.ConfigurationClassPostProcessor - Replacing bean definition &apos;org.springframework.security.config.annotation.method.configuration.GlobalMethodSecurityConfiguration&apos; existing class &apos;org.springframework.security.config.annotation.method.configuration.GlobalMethodSecurityConfiguration&apos; with enhanced class &apos;org.springframework.security.config.annotation.method.configuration.GlobalMethodSecurityConfiguration$$EnhancerBySpringCGLIB$$2b59bfdf&apos;
21:59:43.190 [main] DEBUG o.s.b.f.s.DefaultListableBeanFactory - Creating shared instance of singleton bean &apos;org.springframework.context.annotation.internalAutowiredAnnotationProcessor&apos;
21:59:43.190 [main] DEBUG o.s.b.f.s.DefaultListableBeanFactory - Creating instance of bean &apos;org.springframework.context.annotation.internalAutowiredAnnotationProcessor&apos;
21:59:43.190 [main] DEBUG o.s.b.f.s.DefaultListableBeanFactory - Eagerly caching bean &apos;org.springframework.context.annotation.internalAutowiredAnnotationProcessor&apos; to allow for resolving potential circular references
21:59:43.192 [main] DEBUG o.s.b.f.s.DefaultListableBeanFactory - Finished creating instance of bean &apos;org.springframework.context.annotation.internalAutowiredAnnotationProcessor&apos;
21:59:43.192 [main] DEBUG o.s.b.f.s.DefaultListableBeanFactory - Creating shared instance of singleton bean &apos;org.springframework.context.annotation.internalRequiredAnnotationProcessor&apos;
21:59:43.192 [main] DEBUG o.s.b.f.s.DefaultListableBeanFactory - Creating instance of bean &apos;org.springframework.context.annotation.internalRequiredAnnotationProcessor&apos;
21:59:43.192 [main] DEBUG o.s.b.f.s.DefaultListableBeanFactory - Eagerly caching bean &apos;org.springframework.context.annotation.internalRequiredAnnotationProcessor&apos; to allow for resolving potential circular references
21:59:43.193 [main] DEBUG o.s.b.f.s.DefaultListableBeanFactory - Finished creating instance of bean &apos;org.springframework.context.annotation.internalRequiredAnnotationProcessor&apos;
21:59:43.194 [main] DEBUG o.s.b.f.s.DefaultListableBeanFactory - Creating shared instance of singleton bean &apos;org.springframework.context.annotation.internalCommonAnnotationProcessor&apos;
21:59:43.194 [main] DEBUG o.s.b.f.s.DefaultListableBeanFactory - Creating instance of bean &apos;org.springframework.context.annotation.internalCommonAnnotationProcessor&apos;
21:59:43.194 [main] DEBUG o.s.b.f.s.DefaultListableBeanFactory - Eagerly caching bean &apos;org.springframework.context.annotation.internalCommonAnnotationProcessor&apos; to allow for resolving potential circular references
21:59:43.196 [main] DEBUG o.s.b.f.s.DefaultListableBeanFactory - Finished creating instance of bean &apos;org.springframework.context.annotation.internalCommonAnnotationProcessor&apos;
21:59:43.196 [main] DEBUG o.s.b.f.s.DefaultListableBeanFactory - Creating shared instance of singleton bean &apos;org.springframework.context.annotation.internalPersistenceAnnotationProcessor&apos;
21:59:43.196 [main] DEBUG o.s.b.f.s.DefaultListableBeanFactory - Creating instance of bean &apos;org.springframework.context.annotation.internalPersistenceAnnotationProcessor&apos;
21:59:43.196 [main] DEBUG o.s.b.f.s.DefaultListableBeanFactory - Eagerly caching bean &apos;org.springframework.context.annotation.internalPersistenceAnnotationProcessor&apos; to allow for resolving potential circular references
21:59:43.198 [main] DEBUG o.s.b.f.s.DefaultListableBeanFactory - Finished creating instance of bean &apos;org.springframework.context.annotation.internalPersistenceAnnotationProcessor&apos;
21:59:43.198 [main] DEBUG o.s.b.f.s.DefaultListableBeanFactory - Creating shared instance of singleton bean &apos;org.springframework.aop.config.internalAutoProxyCreator&apos;
21:59:43.198 [main] DEBUG o.s.b.f.s.DefaultListableBeanFactory - Creating instance of bean &apos;org.springframework.aop.config.internalAutoProxyCreator&apos;
21:59:43.198 [main] DEBUG o.s.b.f.s.DefaultListableBeanFactory - Eagerly caching bean &apos;org.springframework.aop.config.internalAutoProxyCreator&apos; to allow for resolving potential circular references
21:59:43.200 [main] DEBUG o.s.b.f.s.DefaultListableBeanFactory - Finished creating instance of bean &apos;org.springframework.aop.config.internalAutoProxyCreator&apos;
21:59:43.200 [main] DEBUG o.s.w.c.s.GenericWebApplicationContext - Unable to locate MessageSource with name &apos;messageSource&apos;: using default [org.springframework.context.support.DelegatingMessageSource@61a3049f]
21:59:43.200 [main] DEBUG o.s.w.c.s.GenericWebApplicationContext - Unable to locate ApplicationEventMulticaster with name &apos;applicationEventMulticaster&apos;: using default [org.springframework.context.event.SimpleApplicationEventMulticaster@626f87ba]
21:59:43.200 [main] DEBUG o.s.u.c.s.UiApplicationContextUtils - Unable to locate ThemeSource with name &apos;themeSource&apos;: using default [org.springframework.ui.context.support.ResourceBundleThemeSource@603484c1]
21:59:43.200 [main] DEBUG o.s.b.f.s.DefaultListableBeanFactory - Pre-instantiating singletons in org.springframework.beans.factory.support.DefaultListableBeanFactory@7be6bf48: defining beans [org.springframework.context.annotation.internalConfigurationAnnotationProcessor,org.springframework.context.annotation.internalAutowiredAnnotationProcessor,org.springframework.context.annotation.internalRequiredAnnotationProcessor,org.springframework.context.annotation.internalCommonAnnotationProcessor,or
...[truncated 190127 chars]...
ching method [CacheKey[edu.ncsu.csc.itrust2.controllers.patient.PatientController; public java.lang.String edu.ncsu.csc.itrust2.controllers.patient.PatientController.viewDemographics(org.springframework.ui.Model)]] with attributes [[authorize: &apos;hasRole(&apos;ROLE_PATIENT&apos;)&apos;, filter: &apos;null&apos;, filterTarget: &apos;null&apos;]]
21:59:43.431 [main] DEBUG o.s.aop.framework.CglibAopProxy - Unable to apply any optimisations to advised method: public java.lang.String edu.ncsu.csc.itrust2.controllers.patient.PatientController.viewDemographics(org.springframework.ui.Model)
21:59:43.431 [main] DEBUG o.s.s.a.p.PrePostAnnotationSecurityMetadataSource - @org.springframework.security.access.prepost.PreAuthorize(value=hasRole(&apos;ROLE_PATIENT&apos;)) found on specific method: public java.lang.String edu.ncsu.csc.itrust2.controllers.patient.PatientController.demographicsSubmit(edu.ncsu.csc.itrust2.forms.hcp_patient.PatientForm,org.springframework.validation.BindingResult,org.springframework.ui.Model)
21:59:43.431 [main] DEBUG o.s.s.a.m.DelegatingMethodSecurityMetadataSource - Caching method [CacheKey[edu.ncsu.csc.itrust2.controllers.patient.PatientController; public java.lang.String edu.ncsu.csc.itrust2.controllers.patient.PatientController.demographicsSubmit(edu.ncsu.csc.itrust2.forms.hcp_patient.PatientForm,org.springframework.validation.BindingResult,org.springframework.ui.Model)]] with attributes [[authorize: &apos;hasRole(&apos;ROLE_PATIENT&apos;)&apos;, filter: &apos;null&apos;, filterTarget: &apos;null&apos;]]
21:59:43.431 [main] DEBUG o.s.aop.framework.CglibAopProxy - Unable to apply any optimisations to advised method: public java.lang.String edu.ncsu.csc.itrust2.controllers.patient.PatientController.demographicsSubmit(edu.ncsu.csc.itrust2.forms.hcp_patient.PatientForm,org.springframework.validation.BindingResult,org.springframework.ui.Model)
21:59:43.431 [main] DEBUG o.s.s.a.p.PrePostAnnotationSecurityMetadataSource - @org.springframework.security.access.prepost.PreAuthorize(value=hasRole(&apos;ROLE_PATIENT&apos;)) found on specific method: public java.lang.String edu.ncsu.csc.itrust2.controllers.patient.PatientController.index(org.springframework.ui.Model)
21:59:43.431 [main] DEBUG o.s.s.a.m.DelegatingMethodSecurityMetadataSource - Caching method [CacheKey[edu.ncsu.csc.itrust2.controllers.patient.PatientController; public java.lang.String edu.ncsu.csc.itrust2.controllers.patient.PatientController.index(org.springframework.ui.Model)]] with attributes [[authorize: &apos;hasRole(&apos;ROLE_PATIENT&apos;)&apos;, filter: &apos;null&apos;, filterTarget: &apos;null&apos;]]
21:59:43.431 [main] DEBUG o.s.aop.framework.CglibAopProxy - Unable to apply any optimisations to advised method: public java.lang.String edu.ncsu.csc.itrust2.controllers.patient.PatientController.index(org.springframework.ui.Model)
21:59:43.431 [main] DEBUG o.s.aop.framework.CglibAopProxy - Found &apos;equals&apos; method: public boolean java.lang.Object.equals(java.lang.Object)
21:59:43.431 [main] DEBUG o.s.aop.framework.CglibAopProxy - Unable to apply any optimisations to advised method: public java.lang.String java.lang.Object.toString()
21:59:43.431 [main] DEBUG o.s.aop.framework.CglibAopProxy - Found &apos;hashCode&apos; method: public native int java.lang.Object.hashCode()
21:59:43.431 [main] DEBUG o.s.aop.framework.CglibAopProxy - Unable to apply any optimisations to advised method: protected native java.lang.Object java.lang.Object.clone() throws java.lang.CloneNotSupportedException
21:59:43.431 [main] DEBUG o.s.aop.framework.CglibAopProxy - Method is declared on Advised interface: public abstract void org.springframework.aop.framework.Advised.setTargetSource(org.springframework.aop.TargetSource)
21:59:43.431 [main] DEBUG o.s.aop.framework.CglibAopProxy - Method is declared on Advised interface: public abstract org.springframework.aop.TargetSource org.springframework.aop.framework.Advised.getTargetSource()
21:59:43.431 [main] DEBUG o.s.aop.framework.CglibAopProxy - Method is declared on Advised interface: public abstract boolean org.springframework.aop.framework.Advised.isProxyTargetClass()
21:59:43.431 [main] DEBUG o.s.aop.framework.CglibAopProxy - Method is declared on Advised interface: public abstract void org.springframework.aop.framework.Advised.addAdvisor(org.springframework.aop.Advisor) throws org.springframework.aop.framework.AopConfigException
21:59:43.431 [main] DEBUG o.s.aop.framework.CglibAopProxy - Method is declared on Advised interface: public abstract void org.springframework.aop.framework.Advised.addAdvisor(int,org.springframework.aop.Advisor) throws org.springframework.aop.framework.AopConfigException
21:59:43.431 [main] DEBUG o.s.aop.framework.CglibAopProxy - Method is declared on Advised interface: public abstract void org.springframework.aop.framework.Advised.setPreFiltered(boolean)
21:59:43.431 [main] DEBUG o.s.aop.framework.CglibAopProxy - Method is declared on Advised interface: public abstract void org.springframework.aop.framework.Advised.setExposeProxy(boolean)
21:59:43.431 [main] DEBUG o.s.aop.framework.CglibAopProxy - Method is declared on Advised interface: public abstract boolean org.springframework.aop.framework.Advised.isExposeProxy()
21:59:43.431 [main] DEBUG o.s.aop.framework.CglibAopProxy - Method is declared on Advised interface: public abstract boolean org.springframework.aop.framework.Advised.isPreFiltered()
21:59:43.431 [main] DEBUG o.s.aop.framework.CglibAopProxy - Method is declared on Advised interface: public abstract java.lang.Class[] org.springframework.aop.framework.Advised.getProxiedInterfaces()
21:59:43.431 [main] DEBUG o.s.aop.framework.CglibAopProxy - Method is declared on Advised interface: public abstract boolean org.springframework.aop.framework.Advised.isInterfaceProxied(java.lang.Class)
21:59:43.431 [main] DEBUG o.s.aop.framework.CglibAopProxy - Method is declared on Advised interface: public abstract org.springframework.aop.Advisor[] org.springframework.aop.framework.Advised.getAdvisors()
21:59:43.431 [main] DEBUG o.s.aop.framework.CglibAopProxy - Method is declared on Advised interface: public abstract void org.springframework.aop.framework.Advised.removeAdvisor(int) throws org.springframework.aop.framework.AopConfigException
21:59:43.431 [main] DEBUG o.s.aop.framework.CglibAopProxy - Method is declared on Advised interface: public abstract boolean org.springframework.aop.framework.Advised.removeAdvisor(org.springframework.aop.Advisor)
21:59:43.431 [main] DEBUG o.s.aop.framework.CglibAopProxy - Method is declared on Advised interface: public abstract boolean org.springframework.aop.framework.Advised.replaceAdvisor(org.springframework.aop.Advisor,org.springframework.aop.Advisor) throws org.springframework.aop.framework.AopConfigException
21:59:43.431 [main] DEBUG o.s.aop.framework.CglibAopProxy - Method is declared on Advised interface: public abstract boolean org.springframework.aop.framework.Advised.removeAdvice(org.aopalliance.aop.Advice)
21:59:43.431 [main] DEBUG o.s.aop.framework.CglibAopProxy - Method is declared on Advised interface: public abstract java.lang.String org.springframework.aop.framework.Advised.toProxyConfigString()
21:59:43.431 [main] DEBUG o.s.aop.framework.CglibAopProxy - Method is declared on Advised interface: public abstract void org.springframework.aop.framework.Advised.addAdvice(int,org.aopalliance.aop.Advice) throws org.springframework.aop.framework.AopConfigException
21:59:43.431 [main] DEBUG o.s.aop.framework.CglibAopProxy - Method is declared on Advised interface: public abstract void org.springframework.aop.framework.Advised.addAdvice(org.aopalliance.aop.Advice) throws org.springframework.aop.framework.AopConfigException
21:59:43.431 [main] DEBUG o.s.aop.framework.CglibAopProxy - Method is declared on Advised interface: public abstract int org.springframework.aop.framework.Advised.indexOf(org.aopalliance.aop.Advice)
21:59:43.431 [main] DEBUG o.s.aop.framework.CglibAopProxy - Method is declared on Advised interface: public abstract int org.springframework.aop.framework.Advised.indexOf(org.springframework.aop.Advisor)
21:59:43.431 [main] DEBUG o.s.aop.framework.CglibAopProxy - Method is declared on Advised interface: public abstract boolean org.springframework.aop.framework.Advised.isFrozen()
21:59:43.431 [main] DEBUG o.s.aop.framework.CglibAopProxy - Method is declared on Advised interface: public abstract java.lang.Class org.springframework.aop.TargetClassAware.getTargetClass()
21:59:43.435 [main] DEBUG o.s.b.f.s.DefaultListableBeanFactory - Finished creating instance of bean &apos;patientController&apos;
21:59:43.435 [main] DEBUG o.s.b.f.s.DefaultListableBeanFactory - Creating shared instance of singleton bean &apos;passwordController&apos;
21:59:43.435 [main] DEBUG o.s.b.f.s.DefaultListableBeanFactory - Creating instance of bean &apos;passwordController&apos;
21:59:43.435 [main] DEBUG o.s.b.f.s.DefaultListableBeanFactory - Eagerly caching bean &apos;passwordController&apos; to allow for resolving potential circular references
21:59:43.435 [main] DEBUG o.s.b.f.s.DefaultListableBeanFactory - Returning cached instance of singleton bean &apos;metaDataSourceAdvisor&apos;
21:59:43.435 [main] DEBUG o.s.b.f.s.DefaultListableBeanFactory - Finished creating instance of bean &apos;passwordController&apos;
21:59:43.435 [main] DEBUG o.s.b.f.s.DefaultListableBeanFactory - Creating shared instance of singleton bean &apos;userController&apos;
21:59:43.435 [main] DEBUG o.s.b.f.s.DefaultListableBeanFactory - Creating instance of bean &apos;userController&apos;
21:59:43.436 [main] DEBUG o.s.b.f.s.DefaultListableBeanFactory - Eagerly caching bean &apos;userController&apos; to allow for resolving potential circular references
21:59:43.436 [main] DEBUG o.s.b.f.s.DefaultListableBeanFactory - Returning cached instance of singleton bean &apos;metaDataSourceAdvisor&apos;
21:59:43.436 [main] DEBUG o.s.s.a.p.PrePostAnnotationSecurityMetadataSource - @org.springframework.security.access.prepost.PreAuthorize(value=hasRole(&apos;ROLE_HCP&apos;) or hasRole(&apos;ROLE_ADMIN&apos;)) found on specific method: public java.lang.String edu.ncsu.csc.itrust2.controllers.personnel.UserController.viewDemographics(org.springframework.ui.Model)
21:59:43.436 [main] DEBUG o.s.s.a.m.DelegatingMethodSecurityMetadataSource - Caching method [CacheKey[edu.ncsu.csc.itrust2.controllers.personnel.UserController; public java.lang.String edu.ncsu.csc.itrust2.controllers.personnel.UserController.viewDemographics(org.springframework.ui.Model)]] with attributes [[authorize: &apos;hasRole(&apos;ROLE_HCP&apos;) or hasRole(&apos;ROLE_ADMIN&apos;)&apos;, filter: &apos;null&apos;, filterTarget: &apos;null&apos;]]
21:59:43.436 [main] DEBUG o.s.a.f.a.InfrastructureAdvisorAutoProxyCreator - Creating implicit proxy for bean &apos;userController&apos; with 0 common interceptors and 1 specific interceptors
21:59:43.436 [main] DEBUG o.s.aop.framework.CglibAopProxy - Creating CGLIB proxy: target source is SingletonTargetSource for target object [edu.ncsu.csc.itrust2.controllers.personnel.UserController@68b66654]
21:59:43.436 [main] DEBUG o.s.aop.framework.CglibAopProxy - Unable to apply any optimisations to advised method: public java.lang.String edu.ncsu.csc.itrust2.controllers.personnel.UserController.viewDemographics(org.springframework.ui.Model)
21:59:43.436 [main] DEBUG o.s.s.a.p.PrePostAnnotationSecurityMetadataSource - @org.springframework.security.access.prepost.PreAuthorize(value=hasRole(&apos;ROLE_HCP&apos;) or hasRole(&apos;ROLE_ADMIN&apos;)) found on specific method: public java.lang.String edu.ncsu.csc.itrust2.controllers.personnel.UserController.demographicsSubmit(edu.ncsu.csc.itrust2.forms.personnel.PersonnelForm,org.springframework.validation.BindingResult,org.springframework.ui.Model)
21:59:43.437 [main] DEBUG o.s.s.a.m.DelegatingMethodSecurityMetadataSource - Caching method [CacheKey[edu.ncsu.csc.itrust2.controllers.personnel.UserController; public java.lang.String edu.ncsu.csc.itrust2.controllers.personnel.UserController.demographicsSubmit(edu.ncsu.csc.itrust2.forms.personnel.PersonnelForm,org.springframework.validation.BindingResult,org.springframework.ui.Model)]] with attributes [[authorize: &apos;hasRole(&apos;ROLE_HCP&apos;) or hasRole(&apos;ROLE_ADMIN&apos;)&apos;, filter: &apos;null&apos;, filterTarget: &apos;null&apos;]]
21:59:43.437 [main] DEBUG o.s.aop.framework.CglibAopProxy - Unable to apply any optimisations to advised method: public java.lang.String edu.ncsu.csc.itrust2.controllers.personnel.UserController.demographicsSubmit(edu.ncsu.csc.itrust2.forms.personnel.PersonnelForm,org.springframework.validation.BindingResult,org.springframework.ui.Model)
21:59:43.437 [main] DEBUG o.s.aop.framework.CglibAopProxy - Found &apos;equals&apos; method: public boolean java.lang.Object.equals(java.lang.Object)
21:59:43.437 [main] DEBUG o.s.aop.framework.CglibAopProxy - Unable to apply any optimisations to advised method: public java.lang.String java.lang.Object.toString()
21:59:43.437 [main] DEBUG o.s.aop.framework.CglibAopProxy - Found &apos;hashCode&apos; method: public native int java.lang.Object.hashCode()
21:59:43.437 [main] DEBUG o.s.aop.framework.CglibAopProxy - Unable to apply any optimisations to advised method: protected native java.lang.Object java.lang.Object.clone() throws java.lang.CloneNotSupportedException
21:59:43.437 [main] DEBUG o.s.aop.framework.CglibAopProxy - Method is declared on Advised interface: public abstract void org.springframework.aop.framework.Advised.setTargetSource(org.springframework.aop.TargetSource)
21:59:43.437 [main] DEBUG o.s.aop.framework.CglibAopProxy - Method is declared on Advised interface: public abstract org.springframework.aop.TargetSource org.springframework.aop.framework.Advised.getTargetSource()
21:59:43.437 [main] DEBUG o.s.aop.framework.CglibAopProxy - Method is declared on Advised interface: public abstract boolean org.springframework.aop.framework.Advised.isProxyTargetClass()
21:59:43.437 [main] DEBUG o.s.aop.framework.CglibAopProxy - Method is declared on Advised interface: public abstract void org.springframework.aop.framework.Advised.addAdvisor(org.springframework.aop.Advisor) throws org.springframework.aop.framework.AopConfigException
21:59:43.437 [main] DEBUG o.s.aop.framework.CglibAopProxy - Method is declared on Advised interface: public abstract void org.springframework.aop.framework.Advised.addAdvisor(int,org.springframework.aop.Advisor) throws org.springframework.aop.framework.AopConfigException
21:59:43.437 [main] DEBUG o.s.aop.framework.CglibAopProxy - Method is declared on Advised interface: public abstract void org.springframework.aop.framework.Advised.setPreFiltered(boolean)
21:59:43.437 [main] DEBUG o.s.aop.framework.CglibAopProxy - Method is declared on Advised interface: public abstract void org.springframework.aop.framework.Advised.setExposeProxy(boolean)
21:59:43.437 [main] DEBUG o.s.aop.framework.CglibAopProxy - Method is declared on Advised interface: public abstract boolean org.springframework.aop.framework.Advised.isExposeProxy()
21:59:43.437 [main] DEBUG o.s.aop.framework.CglibAopProxy - Method is declared on Advised interface: public abstract boolean org.springframework.aop.framework.Advised.isPreFiltered()
21:59:43.437 [main] DEBUG o.s.aop.framework.CglibAopProxy - Method is declared on Advised interface: public abstract java.lang.Class[] org.springframework.aop.framework.Advised.getProxiedInterfaces()
21:59:43.437 [main] DEBUG o.s.aop.framework.CglibAopProxy - Method is declared on Advised interface: public abstract boolean org.springframework.aop.framework.Advised.isInterfaceProxied(java.lang.Class)
21:59:43.437 [main] DEBUG o.s.aop.framework.CglibAopProxy - Method is declared on Advised interface: public abstract org.springframework.aop.Advisor[] org.springframework.aop.framework.Advised.getAdvisors()
21:59:43.437 [main] DEBUG o.s.aop.framework.CglibAopProxy - Method is declared on Advised interface: public abstract void org.springframework.aop.framework.Advised.removeAdvisor(int) throws org.springframework.aop.framework.AopConfigException
21:59:43.437 [main] DEBUG o.s.aop.framework.CglibAopProxy - Method is declared on Advised interface: public abstract boolean org.springframework.aop.framework.Advised.removeAdvisor(org.springframework.aop.Advisor)
21:59:43.437 [main] DEBUG o.s.aop.framework.CglibAopProxy - Method is declared on Advised interface: public abstract boolean org.springframework.aop.framework.Advised.replaceAdvisor(org.springframework.aop.Advisor,org.springframework.aop.Advisor) throws org.springframework.aop.framework.AopConfigException
21:59:43.437 [main] DEBUG o.s.aop.framework.CglibAopProxy - Method is declared on Advised interface: public abstract boolean org.springframework.aop.framework.Advised.removeAdvice(org.aopalliance.aop.Advice)
21:59:43.437 [main] DEBUG o.s.aop.framework.CglibAopProxy - Method is declared on Advised interface: public abstract java.lang.String org.springframework.aop.framework.Advised.toProxyConfigString()
21:59:43.437 [main] DEBUG o.s.aop.framework.CglibAopProxy - Method is declared on Advised interface: public abstract void org.springframework.aop.framework.Advised.addAdvice(int,org.aopalliance.aop.Advice) throws org.springframework.aop.framework.AopConfigException
21:59:43.437 [main] DEBUG o.s.aop.framework.CglibAopProxy - Method is declared on Advised interface: public abstract void org.springframework.aop.framework.Advised.addAdvice(org.aopalliance.aop.Advice) throws org.springframework.aop.framework.AopConfigException
21:59:43.437 [main] DEBUG o.s.aop.framework.CglibAopProxy - Method is declared on Advised interface: public abstract int org.springframework.aop.framework.Advised.indexOf(org.aopalliance.aop.Advice)
21:59:43.437 [main] DEBUG o.s.aop.framework.CglibAopProxy - Method is declared on Advised interface: public abstract int org.springframework.aop.framework.Advised.indexOf(org.springframework.aop.Advisor)
21:59:43.437 [main] DEBUG o.s.aop.framework.CglibAopProxy - Method is declared on Advised interface: public abstract boolean org.springframework.aop.framework.Advised.isFrozen()
21:59:43.437 [main] DEBUG o.s.aop.framework.CglibAopProxy - Method is declared on Advised interface: public abstract java.lang.Class org.springframework.aop.TargetClassAware.getTargetClass()
21:59:43.441 [main] DEBUG o.s.b.f.s.DefaultListableBeanFactory - Finished creating instance of bean &apos;userController&apos;
21:59:43.441 [main] DEBUG o.s.b.f.s.DefaultListableBeanFactory - Returning cached instance of singleton bean &apos;dataSource&apos;
21:59:43.441 [main] DEBUG o.s.b.f.s.DefaultListableBeanFactory - Returning cached instance of singleton bean &apos;org.springframework.security.config.annotation.configuration.ObjectPostProcessorConfiguration&apos;
21:59:43.441 [main] DEBUG o.s.b.f.s.DefaultListableBeanFactory - Returning cached instance of singleton bean &apos;objectPostProcessor&apos;
21:59:43.441 [main] DEBUG o.s.b.f.s.DefaultListableBeanFactory - Returning cached instance of singleton bean &apos;org.springframework.security.config.annotation.authentication.configuration.AuthenticationConfiguration&apos;
21:59:43.441 [main] DEBUG o.s.b.f.s.DefaultListableBeanFactory - Returning cached instance of singleton bean &apos;authenticationManagerBuilder&apos;
21:59:43.441 [main] DEBUG o.s.b.f.s.DefaultListableBeanFactory - Returning cached instance of singleton bean &apos;enableGlobalAuthenticationAutowiredConfigurer&apos;
21:59:43.441 [main] DEBUG o.s.b.f.s.DefaultListableBeanFactory - Returning cached instance of singleton bean &apos;initializeUserDetailsBeanManagerConfigurer&apos;
21:59:43.441 [main] DEBUG o.s.b.f.s.DefaultListableBeanFactory - Returning cached instance of singleton bean &apos;initializeAuthenticationProviderBeanManagerConfigurer&apos;
21:59:43.441 [main] DEBUG o.s.b.f.s.DefaultListableBeanFactory - Creating shared instance of singleton bean &apos;org.springframework.security.config.annotation.web.configuration.WebSecurityConfiguration&apos;
21:59:43.441 [main] DEBUG o.s.b.f.s.DefaultListableBeanFactory - Creating instance of bean &apos;org.springframework.security.config.annotation.web.configuration.WebSecurityConfiguration&apos;
21:59:43.442 [main] DEBUG o.s.b.f.annotation.InjectionMetadata - Registered injected element on class [org.springframework.security.config.annotation.web.configuration.WebSecurityConfiguration$$EnhancerBySpringCGLIB$$150881e6]: AutowiredFieldElement for private org.springframework.security.config.annotation.ObjectPostProcessor org.springframework.security.config.annotation.web.configuration.WebSecurityConfiguration.objectObjectPostProcessor
21:59:43.442 [main] DEBUG o.s.b.f.annotation.InjectionMetadata - Registered injected element on class [org.springframework.security.config.annotation.web.configuration.WebSecurityConfiguration$$EnhancerBySpringCGLIB$$150881e6]: AutowiredMethodElement for public void org.springframework.security.config.annotation.web.configuration.WebSecurityConfiguration.setFilterChainProxySecurityConfigurer(org.springframework.security.config.annotation.ObjectPostProcessor,java.util.List) throws java.lang.Exception
21:59:43.442 [main] DEBUG o.s.b.f.s.DefaultListableBeanFactory - Eagerly caching bean &apos;org.springframework.security.config.annotation.web.configuration.WebSecurityConfiguration&apos; to allow for resolving potential circular references
21:59:43.442 [main] DEBUG o.s.b.f.annotation.InjectionMetadata - Processing injected element of bean &apos;org.springframework.security.config.annotation.web.configuration.WebSecurityConfiguration&apos;: AutowiredFieldElement for private org.springframework.security.config.annotation.ObjectPostProcessor org.springframework.security.config.annotation.web.configuration.WebSecurityConfiguration.objectObjectPostProcessor
21:59:43.443 [main] DEBUG o.s.b.f.s.DefaultListableBeanFactory - Returning cached instance of singleton bean &apos;objectPostProcessor&apos;
21:59:43.443 [main] DEBUG o.s.b.f.a.AutowiredAnnotationBeanPostProcessor - Autowiring by type from bean name &apos;org.springframework.security.config.annotation.web.configuration.WebSecurityConfiguration&apos; to bean named &apos;objectPostProcessor&apos;
21:59:43.443 [main] DEBUG o.s.b.f.annotation.InjectionMetadata - Processing injected element of bean &apos;org.springframework.security.config.annotation.web.configuration.WebSecurityConfiguration&apos;: AutowiredMethodElement for public void org.springframework.security.config.annotation.web.configuration.WebSecurityConfiguration.setFilterChainProxySecurityConfigurer(org.springframework.security.config.annotation.ObjectPostProcessor,java.util.List) throws java.lang.Exception
21:59:43.443 [main] DEBUG o.s.b.f.s.DefaultListableBeanFactory - Returning cached instance of singleton bean &apos;objectPostProcessor&apos;
21:59:43.443 [main] DEBUG o.s.b.f.s.DefaultListableBeanFactory - Creating shared instance of singleton bean &apos;autowiredWebSecurityConfigurersIgnoreParents&apos;
21:59:43.443 [main] DEBUG o.s.b.f.s.DefaultListableBeanFactory - Creating instance of bean &apos;autowiredWebSecurityConfigurersIgnoreParents&apos;
21:59:43.443 [main] DEBUG o.s.b.f.s.DefaultListableBeanFactory - Returning cached instance of singleton bean &apos;metaDataSourceAdvisor&apos;
21:59:43.444 [main] DEBUG o.s.b.f.s.DefaultListableBeanFactory - Returning eagerly cached instance of singleton bean &apos;org.springframework.security.config.annotation.web.configuration.WebSecurityConfiguration&apos; that is not fully initialized yet - a consequence of a circular reference
21:59:43.445 [main] DEBUG o.s.b.f.s.DefaultListableBeanFactory - Autowiring by type from bean name &apos;autowiredWebSecurityConfigurersIgnoreParents&apos; via factory method to bean named &apos;org.springframework.beans.factory.support.DefaultListableBeanFactory@7be6bf48&apos;
21:59:43.445 [main] DEBUG o.s.b.f.s.DefaultListableBeanFactory - Eagerly caching bean &apos;autowiredWebSecurityConfigurersIgnoreParents&apos; to allow for resolving potential circular references
21:59:43.445 [main] DEBUG o.s.b.f.s.DefaultListableBeanFactory - Returning cached instance of singleton bean &apos;metaDataSourceAdvisor&apos;
21:59:43.445 [main] DEBUG o.s.b.f.s.DefaultListableBeanFactory - Finished creating instance of bean &apos;autowiredWebSecurityConfigurersIgnoreParents&apos;
21:59:43.445 [main] DEBUG o.s.b.f.s.DefaultListableBeanFactory - Returning cached instance of singleton bean &apos;securityConfig&apos;
21:59:43.445 [main] DEBUG o.s.b.f.a.AutowiredAnnotationBeanPostProcessor - Autowiring by type from bean name &apos;org.springframework.security.config.annotation.web.configuration.WebSecurityConfiguration&apos; to bean named &apos;objectPostProcessor&apos;
21:59:43.446 [main] DEBUG o.s.b.f.s.DefaultListableBeanFactory - Returning cached instance of singleton bean &apos;metaDataSourceAdvisor&apos;
21:59:43.449 [main] DEBUG o.s.b.f.s.DefaultListableBeanFactory - Returning cached instance of singleton bean &apos;org.springframework.context.annotation.ConfigurationClassPostProcessor.importRegistry&apos;
21:59:43.449 [main] DEBUG o.s.b.f.s.DefaultListableBeanFactory - Finished creating instance of bean &apos;org.springframework.security.config.annotation.web.configuration.WebSecurityConfiguration&apos;
21:59:43.449 [main] DEBUG o.s.b.f.s.DefaultListableBeanFactory - Creating shared instance of singleton bean &apos;delegatingApplicationListener&apos;
21:59:43.449 [main] DEBUG o.s.b.f.s.DefaultListableBeanFactory - Creating instance of bean &apos;delegatingApplicationListener&apos;
21:59:43.449 [main] DEBUG o.s.b.f.s.DefaultListableBeanFactory - Eagerly caching bean &apos;delegatingApplicationListener&apos; to allow for resolving potential circular references
21:59:43.449 [main] DEBUG o.s.b.f.s.DefaultListableBeanFactory - Returning cached instance of singleton bean &apos;metaDataSourceAdvisor&apos;
21:59:43.450 [main] DEBUG o.s.b.f.s.DefaultListableBeanFactory - Finished creating instance of bean &apos;delegatingApplicationListener&apos;
21:59:43.450 [main] DEBUG o.s.b.f.s.DefaultListableBeanFactory - Creating shared instance of singleton bean &apos;springSecurityFilterChain&apos;
21:59:43.450 [main] DEBUG o.s.b.f.s.DefaultListableBeanFactory - Creating instance of bean &apos;springSecurityFilterChain&apos;
21:59:43.450 [main] DEBUG o.s.b.f.s.DefaultListableBeanFactory - Returning cached instance of singleton bean &apos;org.springframework.security.config.annotation.web.configuration.WebSecurityConfiguration&apos;
21:59:43.450 [main] DEBUG o.s.b.f.s.DefaultListableBeanFactory - Returning cached instance of singleton bean &apos;metaDataSourceAdvisor&apos;
21:59:43.450 [main] DEBUG o.s.b.f.s.DefaultListableBeanFactory - Returning cached instance of singleton bean &apos;webMvcConfiguration&apos;
21:59:43.450 [main] DEBUG o.s.b.f.s.DefaultListableBeanFactory - Returning cached instance of singleton bean &apos;securityConfig&apos;
21:59:43.450 [main] DEBUG o.s.s.c.a.a.c.AuthenticationConfiguration$EnableGlobalAuthenticationAutowiredConfigurer - Eagerly initializing {webMvcConfiguration=edu.ncsu.csc.itrust2.mvc.config.WebMvcConfiguration$$EnhancerBySpringCGLIB$$de7b09d5@1ea2247d, securityConfig=edu.ncsu.csc.itrust2.config.SecurityConfig$$EnhancerBySpringCGLIB$$f88fd361@4fd5cc8a}
21:59:43.450 [main] DEBUG o.s.b.f.s.DefaultListableBeanFactory - Invoking afterPropertiesSet() on bean with name &apos;org.springframework.security.authentication.dao.DaoAuthenticationProvider@69a4e0a8&apos;
21:59:43.450 [main] DEBUG o.s.b.f.s.DefaultListableBeanFactory - Returning cached instance of singleton bean &apos;metaDataSourceAdvisor&apos;
21:59:43.452 [main] DEBUG o.s.b.f.s.DefaultListableBeanFactory - Invoking afterPropertiesSet() on bean with name &apos;org.springframework.security.authentication.ProviderManager@58533ab&apos;
21:59:43.452 [main] DEBUG o.s.b.f.s.DefaultListableBeanFactory - Returning cached instance of singleton bean &apos;metaDataSourceAdvisor&apos;
21:59:43.453 [main] DEBUG o.s.b.f.s.DefaultListableBeanFactory - Returning cached instance of singleton bean &apos;authenticationManagerBuilder&apos;
21:59:43.453 [main] DEBUG o.s.w.c.s.StandardServletEnvironment - Adding [servletConfigInitParams] PropertySource with lowest search precedence
21:59:43.453 [main] DEBUG o.s.w.c.s.StandardServletEnvironment - Adding [servletContextInitParams] PropertySource with lowest search precedence
21:59:43.453 [main] DEBUG o.s.w.c.s.StandardServletEnvironment - Adding [systemProperties] PropertySource with lowest search precedence
21:59:43.453 [main] DEBUG o.s.w.c.s.StandardServletEnvironment - Adding [systemEnvironment] PropertySource with lowest search precedence
21:59:43.453 [main] DEBUG o.s.w.c.s.StandardServletEnvironment - Initialized StandardServletEnvironment with PropertySources [servletConfigInitParams,servletContextInitParams,systemProperties,systemEnvironment]
21:59:43.454 [main] DEBUG o.s.w.c.s.StandardServletEnvironment - Adding [servletConfigInitParams] PropertySource with lowest search precedence
21:59:43.454 [main] DEBUG o.s.w.c.s.StandardServletEnvironment - Adding [servletContextInitParams] PropertySource with lowest search precedence
21:59:43.454 [main] DEBUG o.s.w.c.s.StandardServletEnvironment - Adding [systemProperties] PropertySource with lowest search precedence
21:59:43.454 [main] DEBUG o.s.w.c.s.StandardServletEnvironment - Adding [systemEnvironment] PropertySource with lowest search precedence
21:59:43.454 [main] DEBUG o.s.w.c.s.StandardServletEnvironment - Initialized StandardServletEnvironment with PropertySources [servletConfigInitParams,servletContextInitParams,systemProperties,systemEnvironment]
21:59:43.454 [main] DEBUG o.s.w.c.s.StandardServletEnvironment - Adding [servletConfigInitParams] PropertySource with lowest search precedence
21:59:43.454 [main] DEBUG o.s.w.c.s.StandardServletEnvironment - Adding [servletContextInitParams] PropertySource with lowest search precedence
21:59:43.454 [main] DEBUG o.s.w.c.s.StandardServletEnvironment - Adding [systemProperties] PropertySource with lowest search precedence
21:59:43.454 [main] DEBUG o.s.w.c.s.StandardServletEnvironment - Adding [systemEnvironment] PropertySource with lowest search precedence
21:59:43.454 [main] DEBUG o.s.w.c.s.StandardServletEnvironment - Initialized StandardServletEnvironment with PropertySources [servletConfigInitParams,servletContextInitParams,systemProperties,systemEnvironment]
21:59:43.455 [main] DEBUG o.s.b.f.s.DefaultListableBeanFactory - Creating shared instance of singleton bean &apos;ipBlockFilter&apos;
21:59:43.455 [main] DEBUG o.s.b.f.s.DefaultListableBeanFactory - Creating instance of bean &apos;ipBlockFilter&apos;
21:59:43.455 [main] DEBUG o.s.b.f.s.DefaultListableBeanFactory - Returning cached instance of singleton bean &apos;securityConfig&apos;
21:59:43.455 [main] DEBUG o.s.w.c.s.StandardServletEnvironment - Adding [servletConfigInitParams] PropertySource with lowest search precedence
21:59:43.455 [main] DEBUG o.s.w.c.s.StandardServletEnvironment - Adding [servletContextInitParams] PropertySource with lowest search precedence
21:59:43.455 [main] DEBUG o.s.w.c.s.StandardServletEnvironment - Adding [systemProperties] PropertySource with lowest search precedence
21:59:43.455 [main] DEBUG o.s.w.c.s.StandardServletEnvironment - Adding [systemEnvironment] PropertySource with lowest search precedence
21:59:43.455 [main] DEBUG o.s.w.c.s.StandardServletEnvironment - Initialized StandardServletEnvironment with PropertySources [servletConfigInitParams,servletContextInitParams,systemProperties,systemEnvironment]
21:59:43.455 [main] DEBUG o.s.b.f.s.DefaultListableBeanFactory - Eagerly caching bean &apos;ipBlockFilter&apos; to allow for resolving potential circular references
21:59:43.457 [main] DEBUG o.s.b.f.s.DefaultListableBeanFactory - Invoking afterPropertiesSet() on bean with name &apos;ipBlockFilter&apos;
21:59:43.457 [main] DEBUG o.s.b.f.s.DefaultListableBeanFactory - Returning cached instance of singleton bean &apos;metaDataSourceAdvisor&apos;
21:59:43.457 [main] DEBUG o.s.b.f.s.DefaultListableBeanFactory - Finished creating instance of bean &apos;ipBlockFilter&apos;
21:59:43.457 [main] DEBUG o.s.w.c.s.StandardServletEnvironment - Adding [servletConfigInitParams] PropertySource with lowest search precedence
21:59:43.457 [main] DEBUG o.s.w.c.s.StandardServletEnvironment - Adding [servletContextInitParams] PropertySource with lowest search precedence
21:59:43.458 [main] DEBUG o.s.w.c.s.StandardServletEnvironment - Adding [systemProperties] PropertySource with lowest search precedence
21:59:43.458 [main] DEBUG o.s.w.c.s.StandardServletEnvironment - Adding [systemEnvironment] PropertySource with lowest search precedence
21:59:43.458 [main] DEBUG o.s.w.c.s.StandardServletEnvironment - Initialized StandardServletEnvironment with PropertySources [servletConfigInitParams,servletContextInitParams,systemProperties,systemEnvironment]
21:59:43.458 [main] DEBUG o.s.b.f.s.DefaultListableBeanFactory - Retrieved dependent beans for bean &apos;springSecurityFilterChain&apos;: [webSecurityExpressionHandler]
21:59:43.458 [main] WARN  o.s.w.c.s.GenericWebApplicationContext - Exception encountered during context initialization - cancelling refresh attempt: org.springframework.beans.factory.BeanCreationException: Error creating bean with name &apos;springSecurityFilterChain&apos; defined in class path resource [org/springframework/security/config/annotation/web/configuration/WebSecurityConfiguration.class]: Bean instantiation via factory method failed; nested exception is org.springframework.beans.BeanInstantiationException: Failed to instantiate [javax.servlet.Filter]: Factory method &apos;springSecurityFilterChain&apos; threw exception; nested exception is java.lang.IllegalArgumentException: &apos;Savings Account?error&apos; is not a valid redirect URL
21:59:43.458 [main] DEBUG o.s.b.f.s.DefaultListableBeanFactory - Destroying singletons in org.springframework.beans.factory.support.DefaultListableBeanFactory@7be6bf48: defining beans [org.springframework.context.annotation.internalConfigurationAnnotationProcessor,org.springframework.context.annotation.internalAutowiredAnnotationProcessor,org.springframework.context.annotation.internalRequiredAnnotationProcessor,org.springframework.context.annotation.internalCommonAnnotationProcessor,org.springframework.context.annotation.internalPersistenceAnnotationProcessor,org.springframework.context.event.internalEventListenerProcessor,org.springframework.context.event.internalEventListenerFactory,rootConfiguration,webMvcConfiguration,dataConfiguration,loginAuditingListener,securityConfig,defaultController,adminController,adminUserController,hospitalController,ICDCodesController,APIAppointmentRequestController,APIDiagnosisController,APIDrugController,APIEnumController,APIHospitalController,APIICDCodeController,APILogEntryController,APIOfficeVisitController,APIPasswordController,APIPatientController,APIPersonnelController,APIPrescriptionController,APIUserController,appointmentControllerHCP,HCPController,officeVisitController,appointmentController,diagnosesController,patientController,passwordController,userController,dataSource,org.springframework.security.config.annotation.configuration.ObjectPostProcessorConfiguration,objectPostProcessor,org.springframework.security.config.annotation.authentication.configuration.AuthenticationConfiguration,authenticationManagerBuilder,enableGlobalAuthenticationAutowiredConfigurer,initializeUserDetailsBeanManagerConfigurer,initializeAuthenticationProviderBeanManagerConfigurer,org.springframework.security.config.annotation.web.configuration.WebSecurityConfiguration,delegatingApplicationListener,webSecurityExpressionHandler,springSecurityFilterChain,privilegeEvaluator,autowiredWebSecurityConfigurersIgnoreParents,org.springframework.security.config.annotation.web.configuration.WebMvcSecurityConfiguration,requestDataValueProcessor,passwordEncoder,defaultAuthenticationEventPublisher,failureHandler,ipBlockFilter,org.springframework.web.servlet.config.annotation.DelegatingWebMvcConfiguration,mvcConversionService,requestMappingHandlerMapping,mvcPathMatcher,mvcUrlPathHelper,mvcContentNegotiationManager,viewControllerHandlerMapping,beanNameHandlerMapping,resourceHandlerMapping,mvcResourceUrlProvider,defaultServletHandlerMapping,requestMappingHandlerAdapter,mvcValidator,mvcUriComponentsContributor,httpRequestHandlerAdapter,simpleControllerHandlerAdapter,handlerExceptionResolver,mvcViewResolver,org.springframework.security.config.annotation.method.configuration.GlobalMethodSecurityConfiguration,methodSecurityInterceptor,methodSecurityMetadataSource,preInvocationAuthorizationAdvice,viewResolver,templateEngine,domainClassConverter,metaDataSourceAdvisor,org.springframework.aop.config.internalAutoProxyCreator]; root of factory hierarchy
21:59:43.458 [main] DEBUG o.s.b.f.s.DisposableBeanAdapter - Invoking destroy() on bean with name &apos;ipBlockFilter&apos;
21:59:43.458 [main] DEBUG o.s.b.f.s.DefaultListableBeanFactory - Retrieved dependent beans for bean &apos;objectPostProcessor&apos;: [org.springframework.security.config.annotation.method.configuration.GlobalMethodSecurityConfiguration, securityConfig, org.springframework.security.config.annotation.authentication.configuration.AuthenticationConfiguration, authenticationManagerBuilder, org.springframework.security.config.annotation.web.configuration.WebSecurityConfiguration]
21:59:43.458 [main] DEBUG o.s.b.f.s.DisposableBeanAdapter - Invoking destroy() on bean with name &apos;objectPostProcessor&apos;
21:59:43.459 [main] ERROR o.s.test.context.TestContextManager - Caught exception while allowing TestExecutionListener [org.springframework.test.context.web.ServletTestExecutionListener@51ceffd1] to prepare test instance [edu.ncsu.csc.itrust2.apitest.APIPersonnelTest@2171bbf0]
java.lang.IllegalStateException: Failed to load ApplicationContext
	at org.springframework.test.context.cache.DefaultCacheAwareContextLoaderDelegate.loadContext(DefaultCacheAwareContextLoaderDelegate.java:124) ~[spring-test-4.3.5.RELEASE.jar:4.3.5.RELEASE]
	at org.springframework.test.context.support.DefaultTestContext.getApplicationContext(DefaultTestContext.java:83) ~[spring-test-4.3.5.RELEASE.jar:4.3.5.RELEASE]
	at org.springframework.test.context.web.ServletTestExecutionListener.setUpRequestContextIfNecessary(ServletTestExecutionListener.java:189) ~[spring-test-4.3.5.RELEASE.jar:4.3.5.RELEASE]
	at org.springframework.test.context.web.ServletTestExecutionListener.prepareTestInstance(ServletTestExecutionListener.java:131) ~[spring-test-4.3.5.RELEASE.jar:4.3.5.RELEASE]
	at org.springframework.test.context.TestContextManager.prepareTestInstance(TestContextManager.java:230) ~[spring-test-4.3.5.RELEASE.jar:4.3.5.RELEASE]
	at org.springframework.test.context.junit4.SpringJUnit4ClassRunner.createTest(SpringJUnit4ClassRunner.java:228) [spring-test-4.3.5.RELEASE.jar:4.3.5.RELEASE]
	at org.springframework.test.context.junit4.SpringJUnit4ClassRunner$1.runReflectiveCall(SpringJUnit4ClassRunner.java:287) [spring-test-4.3.5.RELEASE.jar:4.3.5.RELEASE]
	at org.junit.internal.runners.model.ReflectiveCallable.run(ReflectiveCallable.java:12) [junit-4.12.jar:4.12]
	at org.springframework.test.context.junit4.SpringJUnit4ClassRunner.methodBlock(SpringJUnit4ClassRunner.java:289) [spring-test-4.3.5.RELEASE.jar:4.3.5.RELEASE]
	at org.springframework.test.context.junit4.SpringJUnit4ClassRunner.runChild(SpringJUnit4ClassRunner.java:247) [spring-test-4.3.5.RELEASE.jar:4.3.5.RELEASE]
	at org.springframework.test.context.junit4.SpringJUnit4ClassRunner.runChild(SpringJUnit4ClassRunner.java:94) [spring-test-4.3.5.RELEASE.jar:4.3.5.RELEASE]
	at org.junit.runners.ParentRunner$3.run(ParentRunner.java:290) [junit-4.12.jar:4.12]
	at org.junit.runners.ParentRunner$1.schedule(ParentRunner.java:71) [junit-4.12.jar:4.12]
	at org.junit.runners.ParentRunner.runChildren(ParentRunner.java:288) [junit-4.12.jar:4.12]
	at org.junit.runners.ParentRunner.access$000(ParentRunner.java:58) [junit-4.12.jar:4.12]
	at org.junit.runners.ParentRunner$2.evaluate(ParentRunner.java:268) [junit-4.12.jar:4.12]
	at org.springframework.test.context.junit4.statements.RunBeforeTestClassCallbacks.evaluate(RunBeforeTestClassCallbacks.java:61) [spring-test-4.3.5.RELEASE.jar:4.3.5.RELEASE]
	at org.springframework.test.context.junit4.statements.RunAfterTestClassCallbacks.evaluate(RunAfterTestClassCallbacks.java:70) [spring-test-4.3.5.RELEASE.jar:4.3.5.RELEASE]
	at org.junit.runners.ParentRunner.run(ParentRunner.java:363) [junit-4.12.jar:4.12]
	at org.springframework.test.context.junit4.SpringJUnit4ClassRunner.run(SpringJUnit4ClassRunner.java:191) [spring-test-4.3.5.RELEASE.jar:4.3.5.RELEASE]
	at org.apache.maven.surefire.junit4.JUnit4Provider.execute(JUnit4Provider.java:365) [surefire-junit4-2.20.jar:2.20]
	at org.apache.maven.surefire.junit4.JUnit4Provider.executeWithRerun(JUnit4Provider.java:272) [surefire-junit4-2.20.jar:2.20]
	at org.apache.maven.surefire.junit4.JUnit4Provider.executeTestSet(JUnit4Provider.java:236) [surefire-junit4-2.20.jar:2.20]
	at org.apache.maven.surefire.junit4.JUnit4Provider.invoke(JUnit4Provider.java:159) [surefire-junit4-2.20.jar:2.20]
	at org.apache.maven.surefire.booter.ForkedBooter.invokeProviderInSameClassLoader(ForkedBooter.java:386) [surefire-booter-2.20.jar:2.20]
	at org.apache.maven.surefire.booter.ForkedBooter.runSuitesInProcess(ForkedBooter.java:323) [surefire-booter-2.20.jar:2.20]
	at org.apache.maven.surefire.booter.ForkedBooter.main(ForkedBooter.java:143) [surefire-booter-2.20.jar:2.20]
Caused by: org.springframework.beans.factory.BeanCreationException: Error creating bean with name &apos;springSecurityFilterChain&apos; defined in class path resource [org/springframework/security/config/annotation/web/configuration/WebSecurityConfiguration.class]: Bean instantiation via factory method failed; nested exception is org.springframework.beans.BeanInstantiationException: Failed to instantiate [javax.servlet.Filter]: Factory method &apos;springSecurityFilterChain&apos; threw exception; nested exception is java.lang.IllegalArgumentException: &apos;Savings Account?error&apos; is not a valid redirect URL
	at org.springframework.beans.factory.support.ConstructorResolver.instantiateUsingFactoryMethod(ConstructorResolver.java:599) ~[spring-beans-4.3.5.RELEASE.jar:4.3.5.RELEASE]
	at org.springframework.beans.factory.support.AbstractAutowireCapableBeanFactory.instantiateUsingFactoryMethod(AbstractAutowireCapableBeanFactory.java:1134) ~[spring-beans-4.3.5.RELEASE.jar:4.3.5.RELEASE]
	at org.springframework.beans.factory.support.AbstractAutowireCapableBeanFactory.createBeanInstance(AbstractAutowireCapableBeanFactory.java:1028) ~[spring-beans-4.3.5.RELEASE.jar:4.3.5.RELEASE]
	at org.springframework.beans.factory.support.AbstractAutowireCapableBeanFactory.doCreateBean(AbstractAutowireCapableBeanFactory.java:513) ~[spring-beans-4.3.5.RELEASE.jar:4.3.5.RELEASE]
	at org.springframework.beans.factory.support.AbstractAutowireCapableBeanFactory.createBean(AbstractAutowireCapableBeanFactory.java:483) ~[spring-beans-4.3.5.RELEASE.jar:4.3.5.RELEASE]
	at org.springframework.beans.factory.support.AbstractBeanFactory$1.getObject(AbstractBeanFactory.java:306) ~[spring-beans-4.3.5.RELEASE.jar:4.3.5.RELEASE]
	at org.springframework.beans.factory.support.DefaultSingletonBeanRegistry.getSingleton(DefaultSingletonBeanRegistry.java:230) ~[spring-beans-4.3.5.RELEASE.jar:4.3.5.RELEASE]
	at org.springframework.beans.factory.support.AbstractBeanFactory.doGetBean(AbstractBeanFactory.java:302) ~[spring-beans-4.3.5.RELEASE.jar:4.3.5.RELEASE]
	at org.springframework.beans.factory.support.AbstractBeanFactory.getBean(AbstractBeanFactory.java:197) ~[spring-beans-4.3.5.RELEASE.jar:4.3.5.RELEASE]
	at org.springframework.beans.factory.support.AbstractBeanFactory.doGetBean(AbstractBeanFactory.java:296) ~[spring-beans-4.3.5.RELEASE.jar:4.3.5.RELEASE]
	at org.springframework.beans.factory.support.AbstractBeanFactory.getBean(AbstractBeanFactory.java:197) ~[spring-beans-4.3.5.RELEASE.jar:4.3.5.RELEASE]
	at org.springframework.beans.factory.support.DefaultListableBeanFactory.preInstantiateSingletons(DefaultListableBeanFactory.java:759) ~[spring-beans-4.3.5.RELEASE.jar:4.3.5.RELEASE]
	at org.springframework.context.support.AbstractApplicationContext.finishBeanFactoryInitialization(AbstractApplicationContext.java:866) ~[spring-context-4.3.5.RELEASE.jar:4.3.5.RELEASE]
	at org.springframework.context.support.AbstractApplicationContext.refresh(AbstractApplicationContext.java:542) ~[spring-context-4.3.5.RELEASE.jar:4.3.5.RELEASE]
	at org.springframework.test.context.web.AbstractGenericWebContextLoader.loadContext(AbstractGenericWebContextLoader.java:134) ~[spring-test-4.3.5.RELEASE.jar:4.3.5.RELEASE]
	at org.springframework.test.context.web.AbstractGenericWebContextLoader.loadContext(AbstractGenericWebContextLoader.java:61) ~[spring-test-4.3.5.RELEASE.jar:4.3.5.RELEASE]
	at org.springframework.test.context.support.AbstractDelegatingSmartContextLoader.delegateLoading(AbstractDelegatingSmartContextLoader.java:108) ~[spring-test-4.3.5.RELEASE.jar:4.3.5.RELEASE]
	at org.springframework.test.context.support.AbstractDelegatingSmartContextLoader.loadContext(AbstractDelegatingSmartContextLoader.java:251) ~[spring-test-4.3.5.RELEASE.jar:4.3.5.RELEASE]
	at org.springframework.test.context.cache.DefaultCacheAwareContextLoaderDelegate.loadContextInternal(DefaultCacheAwareContextLoaderDelegate.java:98) ~[spring-test-4.3.5.RELEASE.jar:4.3.5.RELEASE]
	at org.springframework.test.context.cache.DefaultCacheAwareContextLoaderDelegate.loadContext(DefaultCacheAwareContextLoaderDelegate.java:116) ~[spring-test-4.3.5.RELEASE.jar:4.3.5.RELEASE]
	... 26 common frames omitted
Caused by: org.springframework.beans.BeanInstantiationException: Failed to instantiate [javax.servlet.Filter]: Factory method &apos;springSecurityFilterChain&apos; threw exception; nested exception is java.lang.IllegalArgumentException: &apos;Savings Account?error&apos; is not a valid redirect URL
	at org.springframework.beans.factory.support.SimpleInstantiationStrategy.instantiate(SimpleInstantiationStrategy.java:189) ~[spring-beans-4.3.5.RELEASE.jar:4.3.5.RELEASE]
	at org.springframework.beans.factory.support.ConstructorResolver.instantiateUsingFactoryMethod(ConstructorResolver.java:588) ~[spring-beans-4.3.5.RELEASE.jar:4.3.5.RELEASE]
	... 45 common frames omitted
Caused by: java.lang.IllegalArgumentException: &apos;Savings Account?error&apos; is not a valid redirect URL
	at org.springframework.util.Assert.isTrue(Assert.java:68) ~[spring-core-4.3.5.RELEASE.jar:4.3.5.RELEASE]
	at org.springframework.security.web.authentication.SimpleUrlAuthenticationFailureHandler.setDefaultFailureUrl(SimpleUrlAuthenticationFailureHandler.java:125) ~[spring-security-web-4.2.2.RELEASE.jar:4.2.2.RELEASE]
	at org.springframework.security.web.authentication.SimpleUrlAuthenticationFailureHandler.&lt;init&gt;(SimpleUrlAuthenticationFailureHandler.java:60) ~[spring-security-web-4.2.2.RELEASE.jar:4.2.2.RELEASE]
	at org.springframework.security.config.annotation.web.configurers.AbstractAuthenticationFilterConfigurer.failureUrl(AbstractAuthenticationFilterConfigurer.java:206) ~[spring-security-config-4.2.2.RELEASE.jar:4.2.2.RELEASE]
	at org.springframework.security.config.annotation.web.configurers.AbstractAuthenticationFilterConfigurer.updateAuthenticationDefaults(AbstractAuthenticationFilterConfigurer.java:368) ~[spring-security-config-4.2.2.RELEASE.jar:4.2.2.RELEASE]
	at org.springframework.security.config.annotation.web.configurers.AbstractAuthenticationFilterConfigurer.loginPage(AbstractAuthenticationFilterConfigurer.java:308) ~[spring-security-config-4.2.2.RELEASE.jar:4.2.2.RELEASE]
	at org.springframework.security.config.annotation.web.configurers.FormLoginConfigurer.loginPage(FormLoginConfigurer.java:183) ~[spring-security-config-4.2.2.RELEASE.jar:4.2.2.RELEASE]
	at edu.ncsu.csc.itrust2.config.SecurityConfig.configure(SecurityConfig.java:89) ~[classes/:na]
	at org.springframework.security.config.annotation.web.configuration.WebSecurityConfigurerAdapter.getHttp(WebSecurityConfigurerAdapter.java:224) ~[spring-security-config-4.2.2.RELEASE.jar:4.2.2.RELEASE]
	at org.springframework.security.config.annotation.web.configuration.WebSecurityConfigurerAdapter.init(WebSecurityConfigurerAdapter.java:315) ~[spring-security-config-4.2.2.RELEASE.jar:4.2.2.RELEASE]
	at org.springframework.security.config.annotation.web.configuration.WebSecurityConfigurerAdapter.init(WebSecurityConfigurerAdapter.java:86) ~[spring-security-config-4.2.2.RELEASE.jar:4.2.2.RELEASE]
	at edu.ncsu.csc.itrust2.config.SecurityConfig$$EnhancerBySpringCGLIB$$f88fd361.init(&lt;generated&gt;) ~[classes/:na]
	at org.springframework.security.config.annotation.AbstractConfiguredSecurityBuilder.init(AbstractConfiguredSecurityBuilder.java:371) ~[spring-security-config-4.2.2.RELEASE.jar:4.2.2.RELEASE]
	at org.springframework.security.config.annotation.AbstractConfiguredSecurityBuilder.doBuild(AbstractConfiguredSecurityBuilder.java:325) ~[spring-security-config-4.2.2.RELEASE.jar:4.2.2.RELEASE]
	at org.springframework.security.config.annotation.AbstractSecurityBuilder.build(AbstractSecurityBuilder.java:41) ~[spring-security-config-4.2.2.RELEASE.jar:4.2.2.RELEASE]
	at org.springframework.security.config.annotation.web.configuration.WebSecurityConfiguration.springSecurityFilterChain(WebSecurityConfiguration.java:104) ~[spring-security-config-4.2.2.RELEASE.jar:4.2.2.RELEASE]
	at org.springframework.security.config.annotation.web.configuration.WebSecurityConfiguration$$EnhancerBySpringCGLIB$$150881e6.CGLIB$springSecurityFilterChain$4(&lt;generated&gt;) ~[spring-security-config-4.2.2.RELEASE.jar:4.2.2.RELEASE]
	at org.springframework.security.config.annotation.web.configuration.WebSecurityConfiguration$$EnhancerBySpringCGLIB$$150881e6$$FastClassBySpringCGLIB$$f9839e81.invoke(&lt;generated&gt;) ~[spring-security-config-4.2.2.RELEASE.jar:4.2.2.RELEASE]
	at org.springframework.cglib.proxy.MethodProxy.invokeSuper(MethodProxy.java:228) ~[spring-core-4.3.5.RELEASE.jar:4.3.5.RELEASE]
	at org.springframework.context.annotation.ConfigurationClassEnhancer$BeanMethodInterceptor.intercept(ConfigurationClassEnhancer.java:356) ~[spring-context-4.3.5.RELEASE.jar:4.3.5.RELEASE]
	at org.springframework.security.config.annotation.web.configuration.WebSecurityConfiguration$$EnhancerBySpringCGLIB$$150881e6.springSecurityFilterChain(&lt;generated&gt;) ~[spring-security-config-4.2.2.RELEASE.jar:4.2.2.RELEASE]
	at sun.reflect.GeneratedMethodAccessor103.invoke(Unknown Source) ~[na:na]
	at sun.reflect.DelegatingMethodAccessorImpl.invoke(DelegatingMethodAccessorImpl.java:43) ~[na:1.8.0_151]
	at java.lang.reflect.Method.invoke(Method.java:498) ~[na:1.8.0_151]
	at org.springframework.beans.factory.support.SimpleInstantiationStrategy.instantiate(SimpleInstantiationStrategy.java:162) ~[spring-beans-4.3.5.RELEASE.jar:4.3.5.RELEASE]
	... 46 common frames omitted
</stdout>
          <failedSince>1</failedSince>
        </case>
      </cases>
    </suite>
    <suite>
      <file>/var/lib/jenkins/jobs/iTrust_Fuzzer/workspace/iTrust2/target/surefire-reports/TEST-edu.ncsu.csc.itrust2.apitest.APIPrescriptionTest.xml</file>
      <name>edu.ncsu.csc.itrust2.apitest.APIPrescriptionTest</name>
      <duration>0.004</duration>
      <time>0.004</time>
      <enclosingBlocks/>
      <enclosingBlockNames/>
      <cases>
        <case>
          <duration>0.0</duration>
          <className>edu.ncsu.csc.itrust2.apitest.APIPrescriptionTest</className>
          <testName>testPrescriptionAPI</testName>
          <skipped>false</skipped>
          <errorStackTrace>java.lang.IllegalStateException: Failed to load ApplicationContext
Caused by: org.springframework.beans.factory.BeanCreationException: Error creating bean with name &apos;springSecurityFilterChain&apos; defined in class path resource [org/springframework/security/config/annotation/web/configuration/WebSecurityConfiguration.class]: Bean instantiation via factory method failed; nested exception is org.springframework.beans.BeanInstantiationException: Failed to instantiate [javax.servlet.Filter]: Factory method &apos;springSecurityFilterChain&apos; threw exception; nested exception is java.lang.IllegalArgumentException: &apos;Savings Account?error&apos; is not a valid redirect URL
Caused by: org.springframework.beans.BeanInstantiationException: Failed to instantiate [javax.servlet.Filter]: Factory method &apos;springSecurityFilterChain&apos; threw exception; nested exception is java.lang.IllegalArgumentException: &apos;Savings Account?error&apos; is not a valid redirect URL
Caused by: java.lang.IllegalArgumentException: &apos;Savings Account?error&apos; is not a valid redirect URL
</errorStackTrace>
          <errorDetails>Failed to load ApplicationContext</errorDetails>
          <stdout>21:59:43.794 [main] DEBUG o.s.t.c.j.SpringJUnit4ClassRunner - SpringJUnit4ClassRunner constructor called with [class edu.ncsu.csc.itrust2.apitest.APIPrescriptionTest]
21:59:43.794 [main] DEBUG o.s.test.context.BootstrapUtils - Instantiating CacheAwareContextLoaderDelegate from class [org.springframework.test.context.cache.DefaultCacheAwareContextLoaderDelegate]
21:59:43.794 [main] DEBUG o.s.test.context.BootstrapUtils - Instantiating BootstrapContext using constructor [public org.springframework.test.context.support.DefaultBootstrapContext(java.lang.Class,org.springframework.test.context.CacheAwareContextLoaderDelegate)]
21:59:43.794 [main] DEBUG o.s.test.context.BootstrapUtils - Instantiating TestContextBootstrapper for test class [edu.ncsu.csc.itrust2.apitest.APIPrescriptionTest] from class [org.springframework.test.context.web.WebTestContextBootstrapper]
21:59:43.794 [main] DEBUG o.s.t.c.s.AbstractDelegatingSmartContextLoader - Delegating to AnnotationConfigWebContextLoader to process context configuration [ContextConfigurationAttributes@35f43f72 declaringClass = &apos;edu.ncsu.csc.itrust2.apitest.APIPrescriptionTest&apos;, classes = &apos;{class edu.ncsu.csc.itrust2.config.RootConfiguration, class edu.ncsu.csc.itrust2.mvc.config.WebMvcConfiguration}&apos;, locations = &apos;{}&apos;, inheritLocations = true, initializers = &apos;{}&apos;, inheritInitializers = true, name = [null], contextLoaderClass = &apos;org.springframework.test.context.ContextLoader&apos;].
21:59:43.795 [main] DEBUG o.s.t.c.support.ActiveProfilesUtils - Could not find an &apos;annotation declaring class&apos; for annotation type [org.springframework.test.context.ActiveProfiles] and class [edu.ncsu.csc.itrust2.apitest.APIPrescriptionTest]
21:59:43.795 [main] DEBUG o.s.t.c.w.WebTestContextBootstrapper - @TestExecutionListeners is not present for class [edu.ncsu.csc.itrust2.apitest.APIPrescriptionTest]: using defaults.
21:59:43.795 [main] INFO  o.s.t.c.w.WebTestContextBootstrapper - Loaded default TestExecutionListener class names from location [META-INF/spring.factories]: [org.springframework.security.test.context.support.WithSecurityContextTestExecutionListener, org.springframework.test.context.web.ServletTestExecutionListener, org.springframework.test.context.support.DirtiesContextBeforeModesTestExecutionListener, org.springframework.test.context.support.DependencyInjectionTestExecutionListener, org.springframework.test.context.support.DirtiesContextTestExecutionListener, org.springframework.test.context.transaction.TransactionalTestExecutionListener, org.springframework.test.context.jdbc.SqlScriptsTestExecutionListener]
21:59:43.795 [main] INFO  o.s.t.c.w.WebTestContextBootstrapper - Using TestExecutionListeners: [org.springframework.test.context.web.ServletTestExecutionListener@79e4e46d, org.springframework.test.context.support.DirtiesContextBeforeModesTestExecutionListener@3f6683a5, org.springframework.test.context.support.DependencyInjectionTestExecutionListener@3e33ddaa, org.springframework.test.context.support.DirtiesContextTestExecutionListener@37414081, org.springframework.test.context.transaction.TransactionalTestExecutionListener@69d81d88, org.springframework.test.context.jdbc.SqlScriptsTestExecutionListener@6228d0bd, org.springframework.security.test.context.support.WithSecurityContextTestExecutionListener@42d68fdf]
21:59:43.795 [main] DEBUG o.s.t.annotation.ProfileValueUtils - Retrieved @ProfileValueSourceConfiguration [null] for test class [edu.ncsu.csc.itrust2.apitest.APIPrescriptionTest]
21:59:43.796 [main] DEBUG o.s.t.annotation.ProfileValueUtils - Retrieved ProfileValueSource type [class org.springframework.test.annotation.SystemProfileValueSource] for class [edu.ncsu.csc.itrust2.apitest.APIPrescriptionTest]
21:59:43.796 [main] DEBUG o.s.t.annotation.ProfileValueUtils - Retrieved @ProfileValueSourceConfiguration [null] for test class [edu.ncsu.csc.itrust2.apitest.APIPrescriptionTest]
21:59:43.796 [main] DEBUG o.s.t.annotation.ProfileValueUtils - Retrieved ProfileValueSource type [class org.springframework.test.annotation.SystemProfileValueSource] for class [edu.ncsu.csc.itrust2.apitest.APIPrescriptionTest]
21:59:43.796 [main] DEBUG o.s.t.annotation.ProfileValueUtils - Retrieved @ProfileValueSourceConfiguration [null] for test class [edu.ncsu.csc.itrust2.apitest.APIPrescriptionTest]
21:59:43.796 [main] DEBUG o.s.t.annotation.ProfileValueUtils - Retrieved ProfileValueSource type [class org.springframework.test.annotation.SystemProfileValueSource] for class [edu.ncsu.csc.itrust2.apitest.APIPrescriptionTest]
21:59:43.796 [main] DEBUG o.s.t.c.s.AbstractDirtiesContextTestExecutionListener - Before test class: context [DefaultTestContext@7f2e8a4c testClass = APIPrescriptionTest, testInstance = [null], testMethod = [null], testException = [null], mergedContextConfiguration = [WebMergedContextConfiguration@5633fc7c testClass = APIPrescriptionTest, locations = &apos;{}&apos;, classes = &apos;{class edu.ncsu.csc.itrust2.config.RootConfiguration, class edu.ncsu.csc.itrust2.mvc.config.WebMvcConfiguration}&apos;, contextInitializerClasses = &apos;[]&apos;, activeProfiles = &apos;{}&apos;, propertySourceLocations = &apos;{}&apos;, propertySourceProperties = &apos;{}&apos;, contextCustomizers = set[[empty]], resourceBasePath = &apos;src/main/webapp&apos;, contextLoader = &apos;org.springframework.test.context.web.WebDelegatingSmartContextLoader&apos;, parent = [null]]], class annotated with @DirtiesContext [false] with mode [null].
21:59:43.796 [main] DEBUG o.s.t.annotation.ProfileValueUtils - Retrieved @ProfileValueSourceConfiguration [null] for test class [edu.ncsu.csc.itrust2.apitest.APIPrescriptionTest]
21:59:43.796 [main] DEBUG o.s.t.annotation.ProfileValueUtils - Retrieved ProfileValueSource type [class org.springframework.test.annotation.SystemProfileValueSource] for class [edu.ncsu.csc.itrust2.apitest.APIPrescriptionTest]
21:59:43.796 [main] DEBUG o.s.t.c.s.AbstractDelegatingSmartContextLoader - Delegating to AnnotationConfigWebContextLoader to load context from [WebMergedContextConfiguration@5633fc7c testClass = APIPrescriptionTest, locations = &apos;{}&apos;, classes = &apos;{class edu.ncsu.csc.itrust2.config.RootConfiguration, class edu.ncsu.csc.itrust2.mvc.config.WebMvcConfiguration}&apos;, contextInitializerClasses = &apos;[]&apos;, activeProfiles = &apos;{}&apos;, propertySourceLocations = &apos;{}&apos;, propertySourceProperties = &apos;{}&apos;, contextCustomizers = set[[empty]], resourceBasePath = &apos;src/main/webapp&apos;, contextLoader = &apos;org.springframework.test.context.web.WebDelegatingSmartContextLoader&apos;, parent = [null]].
21:59:43.796 [main] DEBUG o.s.t.c.w.AbstractGenericWebContextLoader - Loading WebApplicationContext for merged context configuration [WebMergedContextConfiguration@5633fc7c testClass = APIPrescriptionTest, locations = &apos;{}&apos;, classes = &apos;{class edu.ncsu.csc.itrust2.config.RootConfiguration, class edu.ncsu.csc.itrust2.mvc.config.WebMvcConfiguration}&apos;, contextInitializerClasses = &apos;[]&apos;, activeProfiles = &apos;{}&apos;, propertySourceLocations = &apos;{}&apos;, propertySourceProperties = &apos;{}&apos;, contextCustomizers = set[[empty]], resourceBasePath = &apos;src/main/webapp&apos;, contextLoader = &apos;org.springframework.test.context.web.WebDelegatingSmartContextLoader&apos;, parent = [null]].
21:59:43.796 [main] DEBUG o.s.w.c.s.StandardServletEnvironment - Adding [servletConfigInitParams] PropertySource with lowest search precedence
21:59:43.796 [main] DEBUG o.s.w.c.s.StandardServletEnvironment - Adding [servletContextInitParams] PropertySource with lowest search precedence
21:59:43.796 [main] DEBUG o.s.w.c.s.StandardServletEnvironment - Adding [systemProperties] PropertySource with lowest search precedence
21:59:43.796 [main] DEBUG o.s.w.c.s.StandardServletEnvironment - Adding [systemEnvironment] PropertySource with lowest search precedence
21:59:43.796 [main] DEBUG o.s.w.c.s.StandardServletEnvironment - Initialized StandardServletEnvironment with PropertySources [servletConfigInitParams,servletContextInitParams,systemProperties,systemEnvironment]
21:59:43.796 [main] DEBUG o.s.t.c.w.AnnotationConfigWebContextLoader - Registering annotated classes: {class edu.ncsu.csc.itrust2.config.RootConfiguration, class edu.ncsu.csc.itrust2.mvc.config.WebMvcConfiguration}
21:59:43.797 [main] INFO  o.s.w.c.s.GenericWebApplicationContext - Refreshing org.springframework.web.context.support.GenericWebApplicationContext@72ba733f: startup date [Thu Mar 22 21:59:43 UTC 2018]; root of context hierarchy
21:59:43.797 [main] DEBUG o.s.w.c.s.StandardServletEnvironment - Replacing [servletContextInitParams] PropertySource with [servletContextInitParams]
21:59:43.797 [main] DEBUG o.s.w.c.s.GenericWebApplicationContext - Bean factory for org.springframework.web.context.support.GenericWebApplicationContext@72ba733f: org.springframework.beans.factory.support.DefaultListableBeanFactory@4e4b2c0: defining beans [org.springframework.context.annotation.internalConfigurationAnnotationProcessor,org.springframework.context.annotation.internalAutowiredAnnotationProcessor,org.springframework.context.annotation.internalRequiredAnnotationProcessor,org.springframework.context.annotation.internalCommonAnnotationProcessor,org.springframework.context.annotation.internalPersistenceAnnotationProcessor,org.springframework.context.event.internalEventListenerProcessor,org.springframework.context.event.internalEventListenerFactory,rootConfiguration,webMvcConfiguration]; root of factory hierarchy
21:59:43.797 [main] DEBUG o.s.b.f.s.DefaultListableBeanFactory - Registering scope &apos;request&apos; with implementation [org.springframework.web.context.request.RequestScope@468af978]
21:59:43.797 [main] DEBUG o.s.b.f.s.DefaultListableBeanFactory - Registering scope &apos;session&apos; with implementation [org.springframework.web.context.request.SessionScope@6788491d]
21:59:43.797 [main] DEBUG o.s.b.f.s.DefaultListableBeanFactory - Registering scope &apos;globalSession&apos; with implementation [org.springframework.web.context.request.SessionScope@46db959e]
21:59:43.797 [main] DEBUG o.s.b.f.s.DefaultListableBeanFactory - Registering scope &apos;application&apos; with implementation [org.springframework.web.context.support.ServletContextScope@50f94d4b]
21:59:43.797 [main] DEBUG o.s.b.f.s.DefaultListableBeanFactory - Creating shared instance of singleton bean &apos;org.springframework.context.annotation.internalConfigurationAnnotationProcessor&apos;
21:59:43.797 [main] DEBUG o.s.b.f.s.DefaultListableBeanFactory - Creating instance of bean &apos;org.springframework.context.annotation.internalConfigurationAnnotationProcessor&apos;
21:59:43.797 [main] DEBUG o.s.b.f.s.DefaultListableBeanFactory - Eagerly caching bean &apos;org.springframework.context.annotation.internalConfigurationAnnotationProcessor&apos; to allow for resolving potential circular references
21:59:43.797 [main] DEBUG o.s.b.f.s.DefaultListableBeanFactory - Finished creating instance of bean &apos;org.springframework.context.annotation.internalConfigurationAnnotationProcessor&apos;
21:59:43.798 [main] DEBUG o.s.core.env.StandardEnvironment - Adding [systemProperties] PropertySource with lowest search precedence
21:59:43.798 [main] DEBUG o.s.core.env.StandardEnvironment - Adding [systemEnvironment] PropertySource with lowest search precedence
21:59:43.798 [main] DEBUG o.s.core.env.StandardEnvironment - Initialized StandardEnvironment with PropertySources [systemProperties,systemEnvironment]
21:59:43.798 [main] DEBUG o.s.c.i.s.PathMatchingResourcePatternResolver - Resolved classpath location [edu/ncsu/csc/itrust2/config/] to resources [URL [file:/var/lib/jenkins/jobs/iTrust_Fuzzer/workspace/iTrust2/target/classes/edu/ncsu/csc/itrust2/config/]]
21:59:43.799 [main] DEBUG o.s.c.i.s.PathMatchingResourcePatternResolver - Looking for matching resources in directory tree [/var/lib/jenkins/jobs/iTrust_Fuzzer/workspace/iTrust2/target/classes/edu/ncsu/csc/itrust2/config]
21:59:43.799 [main] DEBUG o.s.c.i.s.PathMatchingResourcePatternResolver - Searching directory [/var/lib/jenkins/jobs/iTrust_Fuzzer/workspace/iTrust2/target/classes/edu/ncsu/csc/itrust2/config] for files matching pattern [/var/lib/jenkins/jobs/iTrust_Fuzzer/workspace/iTrust2/target/classes/edu/ncsu/csc/itrust2/config/**/*.class]
21:59:43.799 [main] DEBUG o.s.c.i.s.PathMatchingResourcePatternResolver - Resolved location pattern [classpath*:edu/ncsu/csc/itrust2/config/**/*.class] to resources [file [/var/lib/jenkins/jobs/iTrust_Fuzzer/workspace/iTrust2/target/classes/edu/ncsu/csc/itrust2/config/ContextListener.class], file [/var/lib/jenkins/jobs/iTrust_Fuzzer/workspace/iTrust2/target/classes/edu/ncsu/csc/itrust2/config/DataConfiguration.class], file [/var/lib/jenkins/jobs/iTrust_Fuzzer/workspace/iTrust2/target/classes/edu/ncsu/csc/itrust2/config/FailureHandler.class], file [/var/lib/jenkins/jobs/iTrust_Fuzzer/workspace/iTrust2/target/classes/edu/ncsu/csc/itrust2/config/IPFilter.class], file [/var/lib/jenkins/jobs/iTrust_Fuzzer/workspace/iTrust2/target/classes/edu/ncsu/csc/itrust2/config/ITrust2ApplicationInitializer.class], file [/var/lib/jenkins/jobs/iTrust_Fuzzer/workspace/iTrust2/target/classes/edu/ncsu/csc/itrust2/config/ITrust2WebApplicationInitializer.class], file [/var/lib/jenkins/jobs/iTrust_Fuzzer/workspace/iTrust2/target/classes/edu/ncsu/csc/itrust2/config/LoginAuditingListener.class], file [/var/lib/jenkins/jobs/iTrust_Fuzzer/workspace/iTrust2/target/classes/edu/ncsu/csc/itrust2/config/RootConfiguration.class], file [/var/lib/jenkins/jobs/iTrust_Fuzzer/workspace/iTrust2/target/classes/edu/ncsu/csc/itrust2/config/SecurityConfig.class]]
21:59:43.799 [main] DEBUG o.s.c.a.ClassPathBeanDefinitionScanner - Identified candidate component class: file [/var/lib/jenkins/jobs/iTrust_Fuzzer/workspace/iTrust2/target/classes/edu/ncsu/csc/itrust2/config/DataConfiguration.class]
21:59:43.799 [main] DEBUG o.s.c.a.ClassPathBeanDefinitionScanner - Identified candidate component class: file [/var/lib/jenkins/jobs/iTrust_Fuzzer/workspace/iTrust2/target/classes/edu/ncsu/csc/itrust2/config/LoginAuditingListener.class]
21:59:43.800 [main] DEBUG o.s.c.a.ClassPathBeanDefinitionScanner - Identified candidate component class: file [/var/lib/jenkins/jobs/iTrust_Fuzzer/workspace/iTrust2/target/classes/edu/ncsu/csc/itrust2/config/SecurityConfig.class]
21:59:43.806 [main] DEBUG o.s.core.env.StandardEnvironment - Adding [systemProperties] PropertySource with lowest search precedence
21:59:43.806 [main] DEBUG o.s.core.env.StandardEnvironment - Adding [systemEnvironment] PropertySource with lowest search precedence
21:59:43.806 [main] DEBUG o.s.core.env.StandardEnvironment - Initialized StandardEnvironment with PropertySources [systemProperties,systemEnvironment]
21:59:43.807 [main] DEBUG o.s.c.i.s.PathMatchingResourcePatternResolver - Resolved classpath location [edu/ncsu/csc/itrust2/controllers/] to resources [URL [file:/var/lib/jenkins/jobs/iTrust_Fuzzer/workspace/iTrust2/target/classes/edu/ncsu/csc/itrust2/controllers/]]
21:59:43.807 [main] DEBUG o.s.c.i.s.PathMatchingResourcePatternResolver - Looking for matching resources in directory tree [/var/lib/jenkins/jobs/iTrust_Fuzzer/workspace/iTrust2/target/classes/edu/ncsu/csc/itrust2/controllers]
21:59:43.807 [main] DEBUG o.s.c.i.s.PathMatchingResourcePatternResolver - Searching directory [/var/lib/jenkins/jobs/iTrust_Fuzzer/workspace/iTrust2/target/classes/edu/ncsu/csc/itrust2/controllers] for files matching pattern [/var/lib/jenkins/jobs/iTrust_Fuzzer/workspace/iTrust2/target/classes/edu/ncsu/csc/itrust2/controllers/**/*.class]
21:59:43.807 [main] DEBUG o.s.c.i.s.PathMatchingResourcePatternResolver - Searching directory [/var/lib/jenkins/jobs/iTrust_Fuzzer/workspace/iTrust2/target/classes/edu/ncsu/csc/itrust2/controllers/admin] for files matching pattern [/var/lib/jenkins/jobs/iTrust_Fuzzer/workspace/iTrust2/target/classes/edu/ncsu/csc/itrust2/controllers/**/*.class]
21:59:43.807 [main] DEBUG o.s.c.i.s.PathMatchingResourcePatternResolver - Searching directory [/var/lib/jenkins/jobs/iTrust_Fuzzer/workspace/iTrust2/target/classes/edu/ncsu/csc/itrust2/controllers/api] for files matching pattern [/var/lib/jenkins/jobs/iTrust_Fuzzer/workspace/iTrust2/target/classes/edu/ncsu/csc/itrust2/controllers/**/*.class]
21:59:43.807 [main] DEBUG o.s.c.i.s.PathMatchingResourcePatternResolver - Searching directory [/var/lib/jenkins/jobs/iTrust_Fuzzer/workspace/iTrust2/target/classes/edu/ncsu/csc/itrust2/controllers/api/comm] for files matching pattern [/var/lib/jenkins/jobs/iTrust_Fuzzer/workspace/iTrust2/target/classes/edu/ncsu/csc/itrust2/controllers/**/*.class]
21:59:43.807 [main] DEBUG o.s.c.i.s.PathMatchingResourcePatternResolver - Searching directory [/var/lib/jenkins/jobs/iTrust_Fuzzer/workspace/iTrust2/target/classes/edu/ncsu/csc/itrust2/controllers/hcp] for files matching pattern [/var/lib/jenkins/jobs/iTrust_Fuzzer/workspace/iTrust2/target/classes/edu/ncsu/csc/itrust2/controllers/**/*.class]
21:59:43.807 [main] DEBUG o.s.c.i.s.PathMatchingResourcePatternResolver - Searching directory [/var/lib/jenkins/jobs/iTrust_Fuzzer/workspace/iTrust2/target/classes/edu/ncsu/csc/itrust2/controllers/patient] for files matching pattern [/var/lib/jenkins/jobs/iTrust_Fuzzer/workspace/iTrust2/target/classes/edu/ncsu/csc/itrust2/controllers/**/*.class]
21:59:43.807 [main] DEBUG o.s.c.i.s.PathMatchingResourcePatternResolver - Searching directory [/var/lib/jenkins/jobs/iTrust_Fuzzer/workspace/iTrust2/target/classes/edu/ncsu/csc/itrust2/controllers/personnel] for files matching pattern [/var/lib/jenkins/jobs/iTrust_Fuzzer/workspace/iTrust2/target/classes/edu/ncsu/csc/itrust2/controllers/**/*.class]
21:59:43.808 [main] DEBUG o.s.c.i.s.PathMatchingResourcePatternResolver - Resolved location pattern [classpath*:edu/ncsu/csc/itrust2/controllers/**/*.class] to resources [file [/var/lib/jenkins/jobs/iTrust_Fuzzer/workspace/iTrust2/target/classes/edu/ncsu/csc/itrust2/controllers/DefaultController.class], file [/var/lib/jenkins/jobs/iTrust_Fuzzer/workspace/iTrust2/target/classes/edu/ncsu/csc/itrust2/controllers/admin/AdminController.class], file [/var/lib/jenkins/jobs/iTrust_Fuzzer/workspace/iTrust2/target/classes/edu/ncsu/csc/itrust2/controllers/admin/AdminUserController$1.class], file [/var/lib/jenkins/jobs/iTrust_Fuzzer/workspace/iTrust2/target/classes/edu/ncsu/csc/itrust2/controllers/admin/AdminUserController.class], file [/var/lib/jenkins/jobs/iTrust_Fuzzer/workspace/iTrust2/target/classes/edu/ncsu/csc/itrust2/controllers/admin/HospitalController.class], file [/var/lib/jenkins/jobs/iTrust_Fuzzer/workspace/iTrust2/target/classes/edu/ncsu/csc/itrust2/controllers/admin/ICDCodesController.class], file [/var/lib/jenkins/jobs/iTrust_Fuzzer/workspace/iTrust2/target/classes/edu/ncsu/csc/itrust2/controllers/api/APIAppointmentRequestController.class], file [/var/lib/jenkins/jobs/iTrust_Fuzzer/workspace/iTrust2/target/classes/edu/ncsu/csc/itrust2/controllers/api/APIController$JSONResponse.class], file [/var/lib/jenkins/jobs/iTrust_Fuzzer/workspace/iTrust2/target/classes/edu/ncsu/csc/itrust2/controllers/api/APIController.class], file [/var/lib/jenkins/jobs/iTrust_Fuzzer/workspace/iTrust2/target/classes/edu/ncsu/csc/itrust2/controllers/api/APIDiagnosisController.class], file [/var/lib/jenkins/jobs/iTrust_Fuzzer/workspace/iTrust2/target/classes/edu/ncsu/csc/itrust2/controllers/api/APIDrugController.class], file [/var/lib/jenkins/jobs/iTrust_Fuzzer/workspace/iTrust2/target/classes/edu/ncsu/csc/itrust2/controllers/api/APIEnumController.class], file [/var/lib/jenkins/jobs/iTrust_Fuzzer/workspace/iTrust2/target/classes/edu/ncsu/csc/itrust2/controllers/api/APIHospitalController.class], file [/var/lib/jenkins/jobs/iTrust_Fuzzer/workspace/iTrust2/target/classes/edu/ncsu/csc/itrust2/controllers/api/APIICDCodeController.class], file [/var/lib/jenkins/jobs/iTrust_Fuzzer/workspace/iTrust2/target/classes/edu/ncsu/csc/itrust2/controllers/api/APILogEntryController.class], file [/var/lib/jenkins/jobs/iTrust_Fuzzer/workspace/iTrust2/target/classes/edu/ncsu/csc/itrust2/controllers/api/APIOfficeVisitController.class], file [/var/lib/jenkins/jobs/iTrust_Fuzzer/workspace/iTrust2/target/classes/edu/ncsu/csc/itrust2/controllers/api/APIPasswordController.class], file [/var/lib/jenkins/jobs/iTrust_Fuzzer/workspace/iTrust2/target/classes/edu/ncsu/csc/itrust2/controllers/api/APIPatientController.class], file [/var/lib/jenkins/jobs/iTrust_Fuzzer/workspace/iTrust2/target/classes/edu/ncsu/csc/itrust2/controllers/api/APIPersonnelController.class], file [/var/lib/jenkins/jobs/iTrust_Fuzzer/workspace/iTrust2/target/classes/edu/ncsu/csc/itrust2/controllers/api/APIPrescriptionController.class], file [/var/lib/jenkins/jobs/iTrust_Fuzzer/workspace/iTrust2/target/classes/edu/ncsu/csc/itrust2/controllers/api/APIUserController.class], file [/var/lib/jenkins/jobs/iTrust_Fuzzer/workspace/iTrust2/target/classes/edu/ncsu/csc/itrust2/controllers/api/comm/LogEntryRequestBody.class], file [/var/lib/jenkins/jobs/iTrust_Fuzzer/workspace/iTrust2/target/classes/edu/ncsu/csc/itrust2/controllers/api/comm/LogEntryTableRow.class], file [/var/lib/jenkins/jobs/iTrust_Fuzzer/workspace/iTrust2/target/classes/edu/ncsu/csc/itrust2/controllers/hcp/AppointmentControllerHCP.class], file [/var/lib/jenkins/jobs/iTrust_Fuzzer/workspace/iTrust2/target/classes/edu/ncsu/csc/itrust2/controllers/hcp/HCPController.class], file [/var/lib/jenkins/jobs/iTrust_Fuzzer/workspace/iTrust2/target/classes/edu/ncsu/csc/itrust2/controllers/hcp/OfficeVisitController.class], file [/var/lib/jenkins/jobs/iTrust_Fuzzer/workspace/iTrust2/target/classes/edu/ncsu/csc/itrust2/controllers/patient/AppointmentController.class], file [/var/lib/jenkins/jobs/iTrust_Fuzzer/workspace/iTrust2/target/classes/edu/ncsu/csc/itrust2/controllers/patient/DiagnosesController.class], file [/var/lib/jenkins/jobs/iTrust_Fuzzer/workspace/iTrust2/target/classes/edu/ncsu/csc/itrust2/controllers/patient/PatientController.class], file [/var/lib/jenkins/jobs/iTrust_Fuzzer/workspace/iTrust2/target/classes/edu/ncsu/csc/itrust2/controllers/personnel/PasswordController.class], file [/var/lib/jenkins/jobs/iTrust_Fuzzer/workspace/iTrust2/target/classes/edu/ncsu/csc/itrust2/controllers/personnel/UserController.class]]
21:59:43.808 [main] DEBUG o.s.c.a.ClassPathBeanDefinitionScanner - Identified candidate component class: file [/var/lib/jenkins/jobs/iTrust_Fuzzer/workspace/iTrust2/target/classes/edu/ncsu/csc/itrust2/controllers/DefaultController.class]
21:59:43.808 [main] DEBUG o.s.c.a.ClassPathBeanDefinitionScanner - Identified candidate component class: file [/var/lib/jenkins/jobs/iTrust_Fuzzer/workspace/iTrust2/target/classes/edu/ncsu/csc/itrust2/controllers/admin/AdminController.class]
21:59:43.808 [main] DEBUG o.s.c.a.ClassPathBeanDefinitionScanner - Identified candidate component class: file [/var/lib/jenkins/jobs/iTrust_Fuzzer/workspace/iTrust2/target/classes/edu/ncsu/csc/itrust2/controllers/admin/AdminUserController.class]
21:59:43.808 [main] DEBUG o.s.c.a.ClassPathBeanDefinitionScanner - Identified candidate component class: file [/var/lib/jenkins/jobs/iTrust_Fuzzer/workspace/iTrust2/target/classes/edu/ncsu/csc/itrust2/controllers/admin/HospitalController.class]
21:59:43.808 [main] DEBUG o.s.c.a.ClassPathBeanDefinitionScanner - Identified candidate component class: file [/var/lib/jenkins/jobs/iTrust_Fuzzer/workspace/iTrust2/target/classes/edu/ncsu/csc/itrust2/controllers/admin/ICDCodesController.class]
21:59:43.809 [main] DEBUG o.s.c.a.ClassPathBeanDefinitionScanner - Identified candidate component class: file [/var/lib/jenkins/jobs/iTrust_Fuzzer/workspace/iTrust2/target/classes/edu/ncsu/csc/itrust2/controllers/api/APIAppointmentRequestController.class]
21:59:43.809 [main] DEBUG o.s.c.a.ClassPathBeanDefinitionScanner - Identified candidate component class: file [/var/lib/jenkins/jobs/iTrust_Fuzzer/workspace/iTrust2/target/classes/edu/ncsu/csc/itrust2/controllers/api/APIDiagnosisController.class]
21:59:43.809 [main] DEBUG o.s.c.a.ClassPathBeanDefinitionScanner - Identified candidate component class: file [/var/lib/jenkins/jobs/iTrust_Fuzzer/workspace/iTrust2/target/classes/edu/ncsu/csc/itrust2/controllers/api/APIDrugController.class]
21:59:43.809 [main] DEBUG o.s.c.a.ClassPathBeanDefinitionScanner - Identified candidate component class: file [/var/lib/jenkins/jobs/iTrust_Fuzzer/workspace/iTrust2/target/classes/edu/ncsu/csc/itrust2/controllers/api/APIEnumController.class]
21:59:43.810 [main] DEBUG o.s.c.a.ClassPathBeanDefinitionScanner - Identified candidate component class: file [/var/lib/jenkins/jobs/iTrust_Fuzzer/workspace/iTrust2/target/classes/edu/ncsu/csc/itrust2/controllers/api/APIHospitalController.class]
21:59:43.810 [main] DEBUG o.s.c.a.ClassPathBeanDefinitionScanner - Identified candidate component class: file [/var/lib/jenkins/jobs/iTrust_Fuzzer/workspace/iTrust2/target/classes/edu/ncsu/csc/itrust2/controllers/api/APIICDCodeController.class]
21:59:43.810 [main] DEBUG o.s.c.a.ClassPathBeanDefinitionScanner - Identified candidate component class: file [/var/lib/jenkins/jobs/iTrust_Fuzzer/workspace/iTrust2/target/classes/edu/ncsu/csc/itrust2/controllers/api/APILogEntryController.class]
21:59:43.811 [main] DEBUG o.s.c.a.ClassPathBeanDefinitionScanner - Identified candidate component class: file [/var/lib/jenkins/jobs/iTrust_Fuzzer/workspace/iTrust2/target/classes/edu/ncsu/csc/itrust2/controllers/api/APIOfficeVisitController.class]
21:59:43.811 [main] DEBUG o.s.c.a.ClassPathBeanDefinitionScanner - Identified candidate component class: file [/var/lib/jenkins/jobs/iTrust_Fuzzer/workspace/iTrust2/target/classes/edu/ncsu/csc/itrust2/controllers/api/APIPasswordController.class]
21:59:43.811 [main] DEBUG o.s.c.a.ClassPathBeanDefinitionScanner - Identified candidate component class: file [/var/lib/jenkins/jobs/iTrust_Fuzzer/workspace/iTrust2/target/classes/edu/ncsu/csc/itrust2/controllers/api/APIPatientController.class]
21:59:43.811 [main] DEBUG o.s.c.a.ClassPathBeanDefinitionScanner - Identified candidate component class: file [/var/lib/jenkins/jobs/iTrust_Fuzzer/workspace/iTrust2/target/classes/edu/ncsu/csc/itrust2/controllers/api/APIPersonnelController.class]
21:59:43.812 [main] DEBUG o.s.c.a.ClassPathBeanDefinitionScanner - Identified candidate component class: file [/var/lib/jenkins/jobs/iTrust_Fuzzer/workspace/iTrust2/target/classes/edu/ncsu/csc/itrust2/controllers/api/APIPrescriptionController.class]
21:59:43.812 [main] DEBUG o.s.c.a.ClassPathBeanDefinitionScanner - Identified candidate component class: file [/var/lib/jenkins/jobs/iTrust_Fuzzer/workspace/iTrust2/target/classes/edu/ncsu/csc/itrust2/controllers/api/APIUserController.class]
21:59:43.812 [main] DEBUG o.s.c.a.ClassPathBeanDefinitionScanner - Identified candidate component class: file [/var/lib/jenkins/jobs/iTrust_Fuzzer/workspace/iTrust2/target/classes/edu/ncsu/csc/itrust2/controllers/hcp/AppointmentControllerHCP.class]
21:59:43.812 [main] DEBUG o.s.c.a.ClassPathBeanDefinitionScanner - Identified candidate component class: file [/var/lib/jenkins/jobs/iTrust_Fuzzer/workspace/iTrust2/target/classes/edu/ncsu/csc/itrust2/controllers/hcp/HCPController.class]
21:59:43.812 [main] DEBUG o.s.c.a.ClassPathBeanDefinitionScanner - Identified candidate component class: file [/var/lib/jenkins/jobs/iTrust_Fuzzer/workspace/iTrust2/target/classes/edu/ncsu/csc/itrust2/controllers/hcp/OfficeVisitController.class]
21:59:43.813 [main] DEBUG o.s.c.a.ClassPathBeanDefinitionScanner - Identified candidate component class: file [/var/lib/jenkins/jobs/iTrust_Fuzzer/workspace/iTrust2/target/classes/edu/ncsu/csc/itrust2/controllers/patient/AppointmentController.class]
21:59:43.813 [main] DEBUG o.s.c.a.ClassPathBeanDefinitionScanner - Identified candidate component class: file [/var/lib/jenkins/jobs/iTrust_Fuzzer/workspace/iTrust2/target/classes/edu/ncsu/csc/itrust2/controllers/patient/DiagnosesController.class]
21:59:43.813 [main] DEBUG o.s.c.a.ClassPathBeanDefinitionScanner - Identified candidate component class: file [/var/lib/jenkins/jobs/iTrust_Fuzzer/workspace/iTrust2/target/classes/edu/ncsu/csc/itrust2/controllers/patient/PatientController.class]
21:59:43.813 [main] DEBUG o.s.c.a.ClassPathBeanDefinitionScanner - Identified candidate component class: file [/var/lib/jenkins/jobs/iTrust_Fuzzer/workspace/iTrust2/target/classes/edu/ncsu/csc/itrust2/controllers/personnel/PasswordController.class]
21:59:43.813 [main] DEBUG o.s.c.a.ClassPathBeanDefinitionScanner - Identified candidate component class: file [/var/lib/jenkins/jobs/iTrust_Fuzzer/workspace/iTrust2/target/classes/edu/ncsu/csc/itrust2/controllers/personnel/UserController.class]
21:59:43.813 [main] DEBUG o.s.c.i.s.PathMatchingResourcePatternResolver - Resolved classpath location [edu/ncsu/csc/itrust2/config/] to resources [URL [file:/var/lib/jenkins/jobs/iTrust_Fuzzer/workspace/iTrust2/target/classes/edu/ncsu/csc/itrust2/config/]]
21:59:43.814 [main] DEBUG o.s.c.i.s.PathMatchingResourcePatternResolver - Looking for matching resources in directory tree [/var/lib/jenkins/jobs/iTrust_Fuzzer/workspace/iTrust2/target/classes/edu/ncsu/csc/itrust2/config]
21:59:43.814 [main] DEBUG o.s.c.i.s.PathMatchingResourcePatternResolver - Searching directory [/var/lib/jenkins/jobs/iTrust_Fuzzer/workspace/iTrust2/target/classes/edu/ncsu/csc/itrust2/config] for files matching pattern [/var/lib/jenkins/jobs/iTrust_Fuzzer/workspace/iTrust2/target/classes/edu/ncsu/csc/itrust2/config/**/*.class]
21:59:43.814 [main] DEBUG o.s.c.i.s.PathMatchingResourcePatternResolver - Resolved location pattern [classpath*:edu/ncsu/csc/itrust2/config/**/*.class] to resources [file [/var/lib/jenkins/jobs/iTrust_Fuzzer/workspace/iTrust2/target/classes/edu/ncsu/csc/itrust2/config/ContextListener.class], file [/var/lib/jenkins/jobs/iTrust_Fuzzer/workspace/iTrust2/target/classes/edu/ncsu/csc/itrust2/config/DataConfiguration.class], file [/var/lib/jenkins/jobs/iTrust_Fuzzer/workspace/iTrust2/target/classes/edu/ncsu/csc/itrust2/config/FailureHandler.class], file [/var/lib/jenkins/jobs/iTrust_Fuzzer/workspace/iTrust2/target/classes/edu/ncsu/csc/itrust2/config/IPFilter.class], file [/var/lib/jenkins/jobs/iTrust_Fuzzer/workspace/iTrust2/target/classes/edu/ncsu/csc/itrust2/config/ITrust2ApplicationInitializer.class], file [/var/lib/jenkins/jobs/iTrust_Fuzzer/workspace/iTrust2/target/classes/edu/ncsu/csc/itrust2/config/ITrust2WebApplicationInitializer.class], file [/var/lib/jenkins/jobs/iTrust_Fuzzer/workspace/iTrust2/target/classes/edu/ncsu/csc/itrust2/config/LoginAuditingListener.class], file [/var/lib/jenkins/jobs/iTrust_Fuzzer/workspace/iTrust2/target/classes/edu/ncsu/csc/itrust2/config/RootConfiguration.class], file [/var/lib/jenkins/jobs/iTrust_Fuzzer/workspace/iTrust2/target/classes/edu/ncsu/csc/itrust2/config/SecurityConfig.class]]
21:59:43.814 [main] DEBUG o.s.c.a.ClassPathBeanDefinitionScanner - Identified candidate component class: file [/var/lib/jenkins/jobs/iTrust_Fuzzer/workspace/iTrust2/target/classes/edu/ncsu/csc/itrust2/config/DataConfiguration.class]
21:59:43.814 [main] DEBUG o.s.c.a.ClassPathBeanDefinitionScanner - Identified candidate component class: file [/var/lib/jenkins/jobs/iTrust_Fuzzer/workspace/iTrust2/target/classes/edu/ncsu/csc/itrust2/config/LoginAuditingListener.class]
21:59:43.814 [main] DEBUG o.s.c.a.ClassPathBeanDefinitionScanner - Identified candidate component class: file [/var/lib/jenkins/jobs/iTrust_Fuzzer/workspace/iTrust2/target/classes/edu/ncsu/csc/itrust2/config/RootConfiguration.class]
21:59:43.814 [main] DEBUG o.s.c.a.ClassPathBeanDefinitionScanner - Identified candidate component class: file [/var/lib/jenkins/jobs/iTrust_Fuzzer/workspace/iTrust2/target/classes/edu/ncsu/csc/itrust2/config/SecurityConfig.class]
21:59:43.827 [main] DEBUG o.s.c.a.ConfigurationClassBeanDefinitionReader - Registering bean definition for @Bean method edu.ncsu.csc.itrust2.config.DataConfiguration.dataSource()
21:59:43.827 [main] DEBUG o.s.c.a.ConfigurationClassBeanDefinitionReader - Registered bean definition for imported class &apos;org.springframework.security.config.annotation.configuration.ObjectPostProcessorConfiguration&apos;
21:59:43.827 [main] DEBUG o.s.c.a.ConfigurationClassBeanDefinitionReader - Registering bean definition for @Bean method org.springframework.security.config.annotation.configuration.ObjectPostProcessorConfiguration.objectPostProcessor()
21:59:43.827 [main] DEBUG o.s.c.a.ConfigurationClassBeanDefinitionReader - Registered bean definition for imported class &apos;org.springframework.security.config.annotation.authentication.configuration.AuthenticationConfiguration&apos;
21:59:43.827 [main] DEBUG o.s.c.a.ConfigurationClassBeanDefinitionReader - Registering bean definition for @Bean method org.springframework.security.config.annotation.authentication.configuration.AuthenticationConfiguration.authenticationManagerBuilder()
21:59:43.827 [main] DEBUG o.s.c.a.ConfigurationClassBeanDefinitionReader - Registering bean definition for @Bean method org.springframework.security.config.annotation.authentication.configuration.AuthenticationConfiguration.enableGlobalAuthenticationAutowiredConfigurer()
21:59:43.827 [main] DEBUG o.s.c.a.ConfigurationClassBeanDefinitionReader - Registering bean definition for @Bean method org.springframework.security.config.annotation.authentication.configuration.AuthenticationConfiguration.initializeUserDetailsBeanManagerConfigurer()
21:59:43.827 [main] DEBUG o.s.c.a.ConfigurationClassBeanDefinitionReader - Registering bean definition for @Bean method org.springframework.security.config.annotation.authentication.configuration.AuthenticationConfiguration.initializeAuthenticationProviderBeanManagerConfigurer()
21:59:43.827 [main] DEBUG o.s.c.a.ConfigurationClassBeanDefinitionReader - Registered bean definition for imported class &apos;org.springframework.security.config.annotation.web.configuration.WebSecurityConfiguration&apos;
21:59:43.827 [main] DEBUG o.s.c.a.ConfigurationClassBeanDefinitionReader - Registering bean definition for @Bean method org.springframework.security.config.annotation.web.configuration.WebSecurityConfiguration.delegatingApplicationListener()
21:59:43.827 [main] DEBUG o.s.c.a.ConfigurationClassBeanDefinitionReader - Registering bean definition for @Bean method org.springframework.security.config.annotation.web.configuration.WebSecurityConfiguration.webSecurityExpressionHandler()
21:59:43.827 [main] DEBUG o.s.c.a.ConfigurationClassBeanDefinitionReader - Registering bean definition for @Bean method org.springframework.security.config.annotation.web.configuration.WebSecurityConfiguration.springSecurityFilterChain()
21:59:43.827 [main] DEBUG o.s.c.a.ConfigurationClassBeanDefinitionReader - Registering bean definition for @Bean method org.springframework.security.config.annotation.web.configuration.WebSecurityConfiguration.privilegeEvaluator()
21:59:43.827 [main] DEBUG o.s.c.a.ConfigurationClassBeanDefinitionReader - Registering bean definition for @Bean method org.springframework.security.config.annotation.web.configuration.WebSecurityConfiguration.autowiredWebSecurityConfigurersIgnoreParents()
21:59:43.827 [main] DEBUG o.s.c.a.ConfigurationClassBeanDefinitionReader - Registered bean definition for imported class &apos;org.springframework.security.config.annotation.web.configuration.WebMvcSecurityConfiguration&apos;
21:59:43.827 [main] DEBUG o.s.c.a.ConfigurationClassBeanDefinitionReader - Registering bean definition for @Bean method org.springframework.security.config.annotation.web.configuration.WebMvcSecurityConfiguration.requestDataValueProcessor()
21:59:43.827 [main] DEBUG o.s.c.a.ConfigurationClassBeanDefinitionReader - Registering bean definition for @Bean method edu.ncsu.csc.itrust2.config.SecurityConfig.passwordEncoder()
21:59:43.827 [main] DEBUG o.s.c.a.ConfigurationClassBeanDefinitionReader - Registering bean definition for @Bean method edu.ncsu.csc.itrust2.config.SecurityConfig.defaultAuthenticationEventPublisher()
21:59:43.827 [main] DEBUG o.s.c.a.ConfigurationClassBeanDefinitionReader - Registering bean definition for @Bean method edu.ncsu.csc.itrust2.config.SecurityConfig.failureHandler()
21:59:43.827 [main] DEBUG o.s.c.a.ConfigurationClassBeanDefinitionReader - Registering bean definition for @Bean method edu.ncsu.csc.itrust2.config.SecurityConfig.ipBlockFilter()
21:59:43.827 [main] DEBUG o.s.c.a.ConfigurationClassBeanDefinitionReader - Registered bean definition for imported class &apos;org.springframework.web.servlet.config.annotation.DelegatingWebMvcConfiguration&apos;
21:59:43.827 [main] DEBUG o.s.c.a.ConfigurationClassBeanDefinitionReader - Registering bean definition for @Bean method org.springframework.web.servlet.config.annotation.DelegatingWebMvcConfiguration.mvcConversionService()
21:59:43.827 [main] DEBUG o.s.c.a.ConfigurationClassBeanDefinitionReader - Registering bean definition for @Bean method org.springframework.web.servlet.config.annotation.DelegatingWebMvcConfiguration.requestMappingHandlerMapping()
21:59:43.828 [main] DEBUG o.s.c.a.ConfigurationClassBeanDefinitionReader - Registering bean definition for @Bean method org.springframework.web.servlet.config.annotation.DelegatingWebMvcConfiguration.mvcPathMatcher()
21:59:43.828 [main] DEBUG o.s.c.a.ConfigurationClassBeanDefinitionReader - Registering bean definition for @Bean method org.springframework.web.servlet.config.annotation.DelegatingWebMvcConfiguration.mvcUrlPathHelper()
21:59:43.828 [main] DEBUG o.s.c.a.ConfigurationClassBeanDefinitionReader - Registering bean definition for @Bean method org.springframework.web.servlet.config.annotation.DelegatingWebMvcConfiguration.mvcContentNegotiationManager()
21:59:43.828 [main] DEBUG o.s.c.a.ConfigurationClassBeanDefinitionReader - Registering bean definition for @Bean method org.springframework.web.servlet.config.annotation.DelegatingWebMvcConfiguration.viewControllerHandlerMapping()
21:59:43.828 [main] DEBUG o.s.c.a.ConfigurationClassBeanDefinitionReader - Registering bean definition for @Bean method org.springframework.web.servlet.config.annotation.DelegatingWebMvcConfiguration.beanNameHandlerMapping()
21:59:43.828 [main] DEBUG o.s.c.a.ConfigurationClassBeanDefinitionReader - Registering bean definition for @Bean method org.springframework.web.servlet.config.annotation.DelegatingWebMvcConfiguration.resourceHandlerMapping()
21:59:43.828 [main] DEBUG o.s.c.a.ConfigurationClassBeanDefinitionReader - Registering bean definition for @Bean method org.springframework.web.servlet.config.annotation.DelegatingWebMvcConfiguration.mvcResourceUrlProvider()
21:59:43.828 [main] DEBUG o.s.c.a.ConfigurationClassBeanDefinitionReader - Registering bean definition for @Bean method org.springframework.web.servlet.config.annotation.DelegatingWebMvcConfiguration.defaultServletHandlerMapping()
21:59:43.828 [main] DEBUG o.s.c.a.ConfigurationClassBeanDefinitionReader - Registering bean definition for @Bean method org.springframework.web.servlet.config.annotation.DelegatingWebMvcConfiguration.requestMappingHandlerAdapter()
21:59:43.828 [main] DEBUG o.s.c.a.ConfigurationClassBeanDefinitionReader - Registering bean definition for @Bean method org.springframework.web.servlet.config.annotation.DelegatingWebMvcConfiguration.mvcValidator()
21:59:43.828 [main] DEBUG o.s.c.a.ConfigurationClassBeanDefinitionReader - Registering bean definition for @Bean method org.springframework.web.servlet.config.annotation.DelegatingWebMvcConfiguration.mvcUriComponentsContributor()
21:59:43.828 [main] DEBUG o.s.c.a.ConfigurationClassBeanDefinitionReader - Registering bean definition for @Bean method org.springframework.web.servlet.config.annotation.DelegatingWebMvcConfiguration.httpRequestHandlerAdapter()
21:59:43.828 [main] DEBUG o.s.c.a.ConfigurationClassBeanDefinitionReader - Registering bean definition for @Bean method org.springframework.web.servlet.config.annotation.DelegatingWebMvcConfiguration.simpleControllerHandlerAdapter()
21:59:43.828 [main] DEBUG o.s.c.a.ConfigurationClassBeanDefinitionReader - Registering bean definition for @Bean method org.springframework.web.servlet.config.annotation.DelegatingWebMvcConfiguration.handlerExceptionResolver()
21:59:43.828 [main] DEBUG o.s.c.a.ConfigurationClassBeanDefinitionReader - Registering bean definition for @Bean method org.springframework.web.servlet.config.annotation.DelegatingWebMvcConfiguration.mvcViewResolver()
21:59:43.828 [main] DEBUG o.s.c.a.ConfigurationClassBeanDefinitionReader - Registered bean definition for imported class &apos;org.springframework.security.config.annotation.method.configuration.GlobalMethodSecurityConfiguration&apos;
21:59:43.828 [main] DEBUG o.s.c.a.ConfigurationClassBeanDefinitionReader - Registering bean definition for @Bean method org.springframework.security.config.annotation.method.configuration.GlobalMethodSecurityConfiguration.methodSecurityInterceptor()
21:59:43.828 [main] DEBUG o.s.c.a.ConfigurationClassBeanDefinitionReader - Registering bean definition for @Bean method org.springframework.security.config.annotation.method.configuration.GlobalMethodSecurityConfiguration.methodSecurityMetadataSource()
21:59:43.828 [main] DEBUG o.s.c.a.ConfigurationClassBeanDefinitionReader - Registering bean definition for @Bean method org.springframework.security.config.annotation.method.configuration.GlobalMethodSecurityConfiguration.preInvocationAuthorizationAdvice()
21:59:43.828 [main] DEBUG o.s.c.a.ConfigurationClassBeanDefinitionReader - Registering bean definition for @Bean method edu.ncsu.csc.itrust2.mvc.config.WebMvcConfiguration.viewResolver()
21:59:43.828 [main] DEBUG o.s.c.a.ConfigurationClassBeanDefinitionReader - Registering bean definition for @Bean method edu.ncsu.csc.itrust2.mvc.config.WebMvcConfiguration.templateEngine()
21:59:43.829 [main] DEBUG o.s.c.a.ConfigurationClassBeanDefinitionReader - Registering bean definition for @Bean method edu.ncsu.csc.itrust2.mvc.config.WebMvcConfiguration.domainClassConverter()
21:59:43.830 [main] DEBUG o.s.c.a.ConfigurationClassEnhancer - Successfully enhanced edu.ncsu.csc.itrust2.config.RootConfiguration; enhanced class name is: edu.ncsu.csc.itrust2.config.RootConfiguration$$EnhancerBySpringCGLIB$$c1d00685
21:59:43.830 [main] DEBUG o.s.c.a.ConfigurationClassPostProcessor - Replacing bean definition &apos;rootConfiguration&apos; existing class &apos;edu.ncsu.csc.itrust2.config.RootConfiguration&apos; with enhanced class &apos;edu.ncsu.csc.itrust2.config.RootConfiguration$$EnhancerBySpringCGLIB$$c1d00685&apos;
21:59:43.830 [main] DEBUG o.s.c.a.ConfigurationClassEnhancer - Successfully enhanced edu.ncsu.csc.itrust2.mvc.config.WebMvcConfiguration; enhanced class name is: edu.ncsu.csc.itrust2.mvc.config.WebMvcConfiguration$$EnhancerBySpringCGLIB$$de7b09d5
21:59:43.830 [main] DEBUG o.s.c.a.ConfigurationClassPostProcessor - Replacing bean definition &apos;webMvcConfiguration&apos; existing class &apos;edu.ncsu.csc.itrust2.mvc.config.WebMvcConfiguration&apos; with enhanced class &apos;edu.ncsu.csc.itrust2.mvc.config.WebMvcConfiguration$$EnhancerBySpringCGLIB$$de7b09d5&apos;
21:59:43.830 [main] DEBUG o.s.c.a.ConfigurationClassEnhancer - Successfully enhanced edu.ncsu.csc.itrust2.config.DataConfiguration; enhanced class name is: edu.ncsu.csc.itrust2.config.DataConfiguration$$EnhancerBySpringCGLIB$$60f4bbd
21:59:43.830 [main] DEBUG o.s.c.a.ConfigurationClassPostProcessor - Replacing bean definition &apos;dataConfiguration&apos; existing class &apos;edu.ncsu.csc.itrust2.config.DataConfiguration&apos; with enhanced class &apos;edu.ncsu.csc.itrust2.config.DataConfiguration$$EnhancerBySpringCGLIB$$60f4bbd&apos;
21:59:43.830 [main] DEBUG o.s.c.a.ConfigurationClassEnhancer - Successfully enhanced edu.ncsu.csc.itrust2.config.SecurityConfig; enhanced class name is: edu.ncsu.csc.itrust2.config.SecurityConfig$$EnhancerBySpringCGLIB$$f88fd361
21:59:43.830 [main] DEBUG o.s.c.a.ConfigurationClassPostProcessor - Replacing bean definition &apos;securityConfig&apos; existing class &apos;edu.ncsu.csc.itrust2.config.SecurityConfig&apos; with enhanced class &apos;edu.ncsu.csc.itrust2.config.SecurityConfig$$EnhancerBySpringCGLIB$$f88fd361&apos;
21:59:43.830 [main] DEBUG o.s.c.a.ConfigurationClassEnhancer - Successfully enhanced org.springframework.security.config.annotation.configuration.ObjectPostProcessorConfiguration; enhanced class name is: org.springframework.security.config.annotation.configuration.ObjectPostProcessorConfiguration$$EnhancerBySpringCGLIB$$6851d2d
21:59:43.830 [main] DEBUG o.s.c.a.ConfigurationClassPostProcessor - Replacing bean definition &apos;org.springframework.security.config.annotation.configuration.ObjectPostProcessorConfiguration&apos; existing class &apos;org.springframework.security.config.annotation.configuration.ObjectPostProcessorConfiguration&apos; with enhanced class &apos;org.springframework.security.config.annotation.configuration.ObjectPostProcessorConfiguration$$EnhancerBySpringCGLIB$$6851d2d&apos;
21:59:43.830 [main] DEBUG o.s.c.a.ConfigurationClassEnhancer - Successfully enhanced org.springframework.security.config.annotation.authentication.configuration.AuthenticationConfiguration; enhanced class name is: org.springframework.security.config.annotation.authentication.configuration.AuthenticationConfiguration$$EnhancerBySpringCGLIB$$524e27a2
21:59:43.830 [main] DEBUG o.s.c.a.ConfigurationClassPostProcessor - Replacing bean definition &apos;org.springframework.security.config.annotation.authentication.configuration.AuthenticationConfiguration&apos; existing class &apos;org.springframework.security.config.annotation.authentication.configuration.AuthenticationConfiguration&apos; with enhanced class &apos;org.springframework.security.config.annotation.authentication.configuration.AuthenticationConfiguration$$EnhancerBySpringCGLIB$$524e27a2&apos;
21:59:43.830 [main] DEBUG o.s.c.a.ConfigurationClassEnhancer - Successfully enhanced org.springframework.security.config.annotation.authentication.configuration.AuthenticationConfiguration; enhanced class name is: org.springframework.security.config.annotation.authentication.configuration.AuthenticationConfiguration$$EnhancerBySpringCGLIB$$524e27a2
21:59:43.830 [main] DEBUG o.s.c.a.ConfigurationClassPostProcessor - Replacing bean definition &apos;enableGlobalAuthenticationAutowiredConfigurer&apos; existing class &apos;org.springframework.security.config.annotation.authentication.configuration.AuthenticationConfiguration&apos; with enhanced class &apos;org.springframework.security.config.annotation.authentication.configuration.AuthenticationConfiguration$$EnhancerBySpringCGLIB$$524e27a2&apos;
21:59:43.830 [main] DEBUG o.s.c.a.ConfigurationClassEnhancer - Successfully enhanced org.springframework.security.config.annotation.authentication.configuration.AuthenticationConfiguration; enhanced class name is: org.springframework.security.config.annotation.authentication.configuration.AuthenticationConfiguration$$EnhancerBySpringCGLIB$$524e27a2
21:59:43.830 [main] DEBUG o.s.c.a.ConfigurationClassPostProcessor - Replacing bean definition &apos;initializeUserDetailsBeanManagerConfigurer&apos; existing class &apos;org.springframework.security.config.annotation.authentication.configuration.AuthenticationConfiguration&apos; with enhanced class &apos;org.springframework.security.config.annotation.authentication.configuration.AuthenticationConfiguration$$EnhancerBySpringCGLIB$$524e27a2&apos;
21:59:43.830 [main] DEBUG o.s.c.a.ConfigurationClassEnhancer - Successfully enhanced org.springframework.security.config.annotation.authentication.configuration.AuthenticationConfiguration; enhanced class name is: org.springframework.security.config.annotation.authentication.configuration.AuthenticationConfiguration$$EnhancerBySpringCGLIB$$524e27a2
21:59:43.830 [main] DEBUG o.s.c.a.ConfigurationClassPostProcessor - Replacing bean definition &apos;initializeAuthenticationProviderBeanManagerConfigurer&apos; existing class &apos;org.springframework.security.config.annotation.authentication.configuration.AuthenticationConfiguration&apos; with enhanced class &apos;org.springframework.security.config.annotation.authentication.configuration.AuthenticationConfiguration$$EnhancerBySpringCGLIB$$524e27a2&apos;
21:59:43.830 [main] DEBUG o.s.c.a.ConfigurationClassEnhancer - Successfully enhanced org.springframework.security.config.annotation.web.configuration.WebSecurityConfiguration; enhanced class name is: org.springframework.security.config.annotation.web.configuration.WebSecurityConfiguration$$EnhancerBySpringCGLIB$$150881e6
21:59:43.830 [main] DEBUG o.s.c.a.ConfigurationClassPostProcessor - Replacing bean definition &apos;org.springframework.security.config.annotation.web.configuration.WebSecurityConfiguration&apos; existing class &apos;org.springframework.security.config.annotation.web.configuration.WebSecurityConfiguration&apos; with enhanced class &apos;org.springframework.security.config.annotation.web.configuration.WebSecurityConfiguration$$EnhancerBySpringCGLIB$$150881e6&apos;
21:59:43.830 [main] DEBUG o.s.c.a.ConfigurationClassEnhancer - Successfully enhanced org.springframework.security.config.annotation.web.configuration.WebSecurityConfiguration; enhanced class name is: org.springframework.security.config.annotation.web.configuration.WebSecurityConfiguration$$EnhancerBySpringCGLIB$$150881e6
21:59:43.830 [main] DEBUG o.s.c.a.ConfigurationClassPostProcessor - Replacing bean definition &apos;delegatingApplicationListener&apos; existing class &apos;org.springframework.security.config.annotation.web.configuration.WebSecurityConfiguration&apos; with enhanced class &apos;org.springframework.security.config.annotation.web.configuration.WebSecurityConfiguration$$EnhancerBySpringCGLIB$$150881e6&apos;
21:59:43.830 [main] DEBUG o.s.c.a.ConfigurationClassEnhancer - Successfully enhanced org.springframework.web.servlet.config.annotation.DelegatingWebMvcConfiguration; enhanced class name is: org.springframework.web.servlet.config.annotation.DelegatingWebMvcConfiguration$$EnhancerBySpringCGLIB$$32983a29
21:59:43.830 [main] DEBUG o.s.c.a.ConfigurationClassPostProcessor - Replacing bean definition &apos;org.springframework.web.servlet.config.annotation.DelegatingWebMvcConfiguration&apos; existing class &apos;org.springframework.web.servlet.config.annotation.DelegatingWebMvcConfiguration&apos; with enhanced class &apos;org.springframework.web.servlet.config.annotation.DelegatingWebMvcConfiguration$$EnhancerBySpringCGLIB$$32983a29&apos;
21:59:43.830 [main] DEBUG o.s.c.a.ConfigurationClassEnhancer - Successfully enhanced org.springframework.security.config.annotation.method.configuration.GlobalMethodSecurityConfiguration; enhanced class name is: org.springframework.security.config.annotation.meth
...[truncated 195510 chars]...
ching method [CacheKey[edu.ncsu.csc.itrust2.controllers.patient.PatientController; public java.lang.String edu.ncsu.csc.itrust2.controllers.patient.PatientController.viewDemographics(org.springframework.ui.Model)]] with attributes [[authorize: &apos;hasRole(&apos;ROLE_PATIENT&apos;)&apos;, filter: &apos;null&apos;, filterTarget: &apos;null&apos;]]
21:59:44.065 [main] DEBUG o.s.aop.framework.CglibAopProxy - Unable to apply any optimisations to advised method: public java.lang.String edu.ncsu.csc.itrust2.controllers.patient.PatientController.viewDemographics(org.springframework.ui.Model)
21:59:44.065 [main] DEBUG o.s.s.a.p.PrePostAnnotationSecurityMetadataSource - @org.springframework.security.access.prepost.PreAuthorize(value=hasRole(&apos;ROLE_PATIENT&apos;)) found on specific method: public java.lang.String edu.ncsu.csc.itrust2.controllers.patient.PatientController.demographicsSubmit(edu.ncsu.csc.itrust2.forms.hcp_patient.PatientForm,org.springframework.validation.BindingResult,org.springframework.ui.Model)
21:59:44.065 [main] DEBUG o.s.s.a.m.DelegatingMethodSecurityMetadataSource - Caching method [CacheKey[edu.ncsu.csc.itrust2.controllers.patient.PatientController; public java.lang.String edu.ncsu.csc.itrust2.controllers.patient.PatientController.demographicsSubmit(edu.ncsu.csc.itrust2.forms.hcp_patient.PatientForm,org.springframework.validation.BindingResult,org.springframework.ui.Model)]] with attributes [[authorize: &apos;hasRole(&apos;ROLE_PATIENT&apos;)&apos;, filter: &apos;null&apos;, filterTarget: &apos;null&apos;]]
21:59:44.065 [main] DEBUG o.s.aop.framework.CglibAopProxy - Unable to apply any optimisations to advised method: public java.lang.String edu.ncsu.csc.itrust2.controllers.patient.PatientController.demographicsSubmit(edu.ncsu.csc.itrust2.forms.hcp_patient.PatientForm,org.springframework.validation.BindingResult,org.springframework.ui.Model)
21:59:44.065 [main] DEBUG o.s.s.a.p.PrePostAnnotationSecurityMetadataSource - @org.springframework.security.access.prepost.PreAuthorize(value=hasRole(&apos;ROLE_PATIENT&apos;)) found on specific method: public java.lang.String edu.ncsu.csc.itrust2.controllers.patient.PatientController.index(org.springframework.ui.Model)
21:59:44.065 [main] DEBUG o.s.s.a.m.DelegatingMethodSecurityMetadataSource - Caching method [CacheKey[edu.ncsu.csc.itrust2.controllers.patient.PatientController; public java.lang.String edu.ncsu.csc.itrust2.controllers.patient.PatientController.index(org.springframework.ui.Model)]] with attributes [[authorize: &apos;hasRole(&apos;ROLE_PATIENT&apos;)&apos;, filter: &apos;null&apos;, filterTarget: &apos;null&apos;]]
21:59:44.066 [main] DEBUG o.s.aop.framework.CglibAopProxy - Unable to apply any optimisations to advised method: public java.lang.String edu.ncsu.csc.itrust2.controllers.patient.PatientController.index(org.springframework.ui.Model)
21:59:44.066 [main] DEBUG o.s.aop.framework.CglibAopProxy - Found &apos;equals&apos; method: public boolean java.lang.Object.equals(java.lang.Object)
21:59:44.066 [main] DEBUG o.s.aop.framework.CglibAopProxy - Unable to apply any optimisations to advised method: public java.lang.String java.lang.Object.toString()
21:59:44.066 [main] DEBUG o.s.aop.framework.CglibAopProxy - Found &apos;hashCode&apos; method: public native int java.lang.Object.hashCode()
21:59:44.066 [main] DEBUG o.s.aop.framework.CglibAopProxy - Unable to apply any optimisations to advised method: protected native java.lang.Object java.lang.Object.clone() throws java.lang.CloneNotSupportedException
21:59:44.066 [main] DEBUG o.s.aop.framework.CglibAopProxy - Method is declared on Advised interface: public abstract void org.springframework.aop.framework.Advised.setTargetSource(org.springframework.aop.TargetSource)
21:59:44.066 [main] DEBUG o.s.aop.framework.CglibAopProxy - Method is declared on Advised interface: public abstract org.springframework.aop.TargetSource org.springframework.aop.framework.Advised.getTargetSource()
21:59:44.066 [main] DEBUG o.s.aop.framework.CglibAopProxy - Method is declared on Advised interface: public abstract boolean org.springframework.aop.framework.Advised.isProxyTargetClass()
21:59:44.066 [main] DEBUG o.s.aop.framework.CglibAopProxy - Method is declared on Advised interface: public abstract void org.springframework.aop.framework.Advised.addAdvisor(org.springframework.aop.Advisor) throws org.springframework.aop.framework.AopConfigException
21:59:44.066 [main] DEBUG o.s.aop.framework.CglibAopProxy - Method is declared on Advised interface: public abstract void org.springframework.aop.framework.Advised.addAdvisor(int,org.springframework.aop.Advisor) throws org.springframework.aop.framework.AopConfigException
21:59:44.066 [main] DEBUG o.s.aop.framework.CglibAopProxy - Method is declared on Advised interface: public abstract void org.springframework.aop.framework.Advised.setPreFiltered(boolean)
21:59:44.066 [main] DEBUG o.s.aop.framework.CglibAopProxy - Method is declared on Advised interface: public abstract void org.springframework.aop.framework.Advised.setExposeProxy(boolean)
21:59:44.066 [main] DEBUG o.s.aop.framework.CglibAopProxy - Method is declared on Advised interface: public abstract boolean org.springframework.aop.framework.Advised.isExposeProxy()
21:59:44.066 [main] DEBUG o.s.aop.framework.CglibAopProxy - Method is declared on Advised interface: public abstract boolean org.springframework.aop.framework.Advised.isPreFiltered()
21:59:44.066 [main] DEBUG o.s.aop.framework.CglibAopProxy - Method is declared on Advised interface: public abstract java.lang.Class[] org.springframework.aop.framework.Advised.getProxiedInterfaces()
21:59:44.066 [main] DEBUG o.s.aop.framework.CglibAopProxy - Method is declared on Advised interface: public abstract boolean org.springframework.aop.framework.Advised.isInterfaceProxied(java.lang.Class)
21:59:44.066 [main] DEBUG o.s.aop.framework.CglibAopProxy - Method is declared on Advised interface: public abstract org.springframework.aop.Advisor[] org.springframework.aop.framework.Advised.getAdvisors()
21:59:44.066 [main] DEBUG o.s.aop.framework.CglibAopProxy - Method is declared on Advised interface: public abstract void org.springframework.aop.framework.Advised.removeAdvisor(int) throws org.springframework.aop.framework.AopConfigException
21:59:44.066 [main] DEBUG o.s.aop.framework.CglibAopProxy - Method is declared on Advised interface: public abstract boolean org.springframework.aop.framework.Advised.removeAdvisor(org.springframework.aop.Advisor)
21:59:44.066 [main] DEBUG o.s.aop.framework.CglibAopProxy - Method is declared on Advised interface: public abstract boolean org.springframework.aop.framework.Advised.replaceAdvisor(org.springframework.aop.Advisor,org.springframework.aop.Advisor) throws org.springframework.aop.framework.AopConfigException
21:59:44.066 [main] DEBUG o.s.aop.framework.CglibAopProxy - Method is declared on Advised interface: public abstract boolean org.springframework.aop.framework.Advised.removeAdvice(org.aopalliance.aop.Advice)
21:59:44.066 [main] DEBUG o.s.aop.framework.CglibAopProxy - Method is declared on Advised interface: public abstract java.lang.String org.springframework.aop.framework.Advised.toProxyConfigString()
21:59:44.066 [main] DEBUG o.s.aop.framework.CglibAopProxy - Method is declared on Advised interface: public abstract void org.springframework.aop.framework.Advised.addAdvice(int,org.aopalliance.aop.Advice) throws org.springframework.aop.framework.AopConfigException
21:59:44.066 [main] DEBUG o.s.aop.framework.CglibAopProxy - Method is declared on Advised interface: public abstract void org.springframework.aop.framework.Advised.addAdvice(org.aopalliance.aop.Advice) throws org.springframework.aop.framework.AopConfigException
21:59:44.066 [main] DEBUG o.s.aop.framework.CglibAopProxy - Method is declared on Advised interface: public abstract int org.springframework.aop.framework.Advised.indexOf(org.aopalliance.aop.Advice)
21:59:44.066 [main] DEBUG o.s.aop.framework.CglibAopProxy - Method is declared on Advised interface: public abstract int org.springframework.aop.framework.Advised.indexOf(org.springframework.aop.Advisor)
21:59:44.066 [main] DEBUG o.s.aop.framework.CglibAopProxy - Method is declared on Advised interface: public abstract boolean org.springframework.aop.framework.Advised.isFrozen()
21:59:44.066 [main] DEBUG o.s.aop.framework.CglibAopProxy - Method is declared on Advised interface: public abstract java.lang.Class org.springframework.aop.TargetClassAware.getTargetClass()
21:59:44.070 [main] DEBUG o.s.b.f.s.DefaultListableBeanFactory - Finished creating instance of bean &apos;patientController&apos;
21:59:44.070 [main] DEBUG o.s.b.f.s.DefaultListableBeanFactory - Creating shared instance of singleton bean &apos;passwordController&apos;
21:59:44.070 [main] DEBUG o.s.b.f.s.DefaultListableBeanFactory - Creating instance of bean &apos;passwordController&apos;
21:59:44.070 [main] DEBUG o.s.b.f.s.DefaultListableBeanFactory - Eagerly caching bean &apos;passwordController&apos; to allow for resolving potential circular references
21:59:44.070 [main] DEBUG o.s.b.f.s.DefaultListableBeanFactory - Returning cached instance of singleton bean &apos;metaDataSourceAdvisor&apos;
21:59:44.070 [main] DEBUG o.s.b.f.s.DefaultListableBeanFactory - Finished creating instance of bean &apos;passwordController&apos;
21:59:44.070 [main] DEBUG o.s.b.f.s.DefaultListableBeanFactory - Creating shared instance of singleton bean &apos;userController&apos;
21:59:44.070 [main] DEBUG o.s.b.f.s.DefaultListableBeanFactory - Creating instance of bean &apos;userController&apos;
21:59:44.070 [main] DEBUG o.s.b.f.s.DefaultListableBeanFactory - Eagerly caching bean &apos;userController&apos; to allow for resolving potential circular references
21:59:44.070 [main] DEBUG o.s.b.f.s.DefaultListableBeanFactory - Returning cached instance of singleton bean &apos;metaDataSourceAdvisor&apos;
21:59:44.070 [main] DEBUG o.s.s.a.p.PrePostAnnotationSecurityMetadataSource - @org.springframework.security.access.prepost.PreAuthorize(value=hasRole(&apos;ROLE_HCP&apos;) or hasRole(&apos;ROLE_ADMIN&apos;)) found on specific method: public java.lang.String edu.ncsu.csc.itrust2.controllers.personnel.UserController.viewDemographics(org.springframework.ui.Model)
21:59:44.070 [main] DEBUG o.s.s.a.m.DelegatingMethodSecurityMetadataSource - Caching method [CacheKey[edu.ncsu.csc.itrust2.controllers.personnel.UserController; public java.lang.String edu.ncsu.csc.itrust2.controllers.personnel.UserController.viewDemographics(org.springframework.ui.Model)]] with attributes [[authorize: &apos;hasRole(&apos;ROLE_HCP&apos;) or hasRole(&apos;ROLE_ADMIN&apos;)&apos;, filter: &apos;null&apos;, filterTarget: &apos;null&apos;]]
21:59:44.070 [main] DEBUG o.s.a.f.a.InfrastructureAdvisorAutoProxyCreator - Creating implicit proxy for bean &apos;userController&apos; with 0 common interceptors and 1 specific interceptors
21:59:44.070 [main] DEBUG o.s.aop.framework.CglibAopProxy - Creating CGLIB proxy: target source is SingletonTargetSource for target object [edu.ncsu.csc.itrust2.controllers.personnel.UserController@1fa276d]
21:59:44.071 [main] DEBUG o.s.aop.framework.CglibAopProxy - Unable to apply any optimisations to advised method: public java.lang.String edu.ncsu.csc.itrust2.controllers.personnel.UserController.viewDemographics(org.springframework.ui.Model)
21:59:44.071 [main] DEBUG o.s.s.a.p.PrePostAnnotationSecurityMetadataSource - @org.springframework.security.access.prepost.PreAuthorize(value=hasRole(&apos;ROLE_HCP&apos;) or hasRole(&apos;ROLE_ADMIN&apos;)) found on specific method: public java.lang.String edu.ncsu.csc.itrust2.controllers.personnel.UserController.demographicsSubmit(edu.ncsu.csc.itrust2.forms.personnel.PersonnelForm,org.springframework.validation.BindingResult,org.springframework.ui.Model)
21:59:44.071 [main] DEBUG o.s.s.a.m.DelegatingMethodSecurityMetadataSource - Caching method [CacheKey[edu.ncsu.csc.itrust2.controllers.personnel.UserController; public java.lang.String edu.ncsu.csc.itrust2.controllers.personnel.UserController.demographicsSubmit(edu.ncsu.csc.itrust2.forms.personnel.PersonnelForm,org.springframework.validation.BindingResult,org.springframework.ui.Model)]] with attributes [[authorize: &apos;hasRole(&apos;ROLE_HCP&apos;) or hasRole(&apos;ROLE_ADMIN&apos;)&apos;, filter: &apos;null&apos;, filterTarget: &apos;null&apos;]]
21:59:44.071 [main] DEBUG o.s.aop.framework.CglibAopProxy - Unable to apply any optimisations to advised method: public java.lang.String edu.ncsu.csc.itrust2.controllers.personnel.UserController.demographicsSubmit(edu.ncsu.csc.itrust2.forms.personnel.PersonnelForm,org.springframework.validation.BindingResult,org.springframework.ui.Model)
21:59:44.071 [main] DEBUG o.s.aop.framework.CglibAopProxy - Found &apos;equals&apos; method: public boolean java.lang.Object.equals(java.lang.Object)
21:59:44.071 [main] DEBUG o.s.aop.framework.CglibAopProxy - Unable to apply any optimisations to advised method: public java.lang.String java.lang.Object.toString()
21:59:44.071 [main] DEBUG o.s.aop.framework.CglibAopProxy - Found &apos;hashCode&apos; method: public native int java.lang.Object.hashCode()
21:59:44.071 [main] DEBUG o.s.aop.framework.CglibAopProxy - Unable to apply any optimisations to advised method: protected native java.lang.Object java.lang.Object.clone() throws java.lang.CloneNotSupportedException
21:59:44.071 [main] DEBUG o.s.aop.framework.CglibAopProxy - Method is declared on Advised interface: public abstract void org.springframework.aop.framework.Advised.setTargetSource(org.springframework.aop.TargetSource)
21:59:44.071 [main] DEBUG o.s.aop.framework.CglibAopProxy - Method is declared on Advised interface: public abstract org.springframework.aop.TargetSource org.springframework.aop.framework.Advised.getTargetSource()
21:59:44.071 [main] DEBUG o.s.aop.framework.CglibAopProxy - Method is declared on Advised interface: public abstract boolean org.springframework.aop.framework.Advised.isProxyTargetClass()
21:59:44.071 [main] DEBUG o.s.aop.framework.CglibAopProxy - Method is declared on Advised interface: public abstract void org.springframework.aop.framework.Advised.addAdvisor(org.springframework.aop.Advisor) throws org.springframework.aop.framework.AopConfigException
21:59:44.071 [main] DEBUG o.s.aop.framework.CglibAopProxy - Method is declared on Advised interface: public abstract void org.springframework.aop.framework.Advised.addAdvisor(int,org.springframework.aop.Advisor) throws org.springframework.aop.framework.AopConfigException
21:59:44.071 [main] DEBUG o.s.aop.framework.CglibAopProxy - Method is declared on Advised interface: public abstract void org.springframework.aop.framework.Advised.setPreFiltered(boolean)
21:59:44.071 [main] DEBUG o.s.aop.framework.CglibAopProxy - Method is declared on Advised interface: public abstract void org.springframework.aop.framework.Advised.setExposeProxy(boolean)
21:59:44.071 [main] DEBUG o.s.aop.framework.CglibAopProxy - Method is declared on Advised interface: public abstract boolean org.springframework.aop.framework.Advised.isExposeProxy()
21:59:44.071 [main] DEBUG o.s.aop.framework.CglibAopProxy - Method is declared on Advised interface: public abstract boolean org.springframework.aop.framework.Advised.isPreFiltered()
21:59:44.071 [main] DEBUG o.s.aop.framework.CglibAopProxy - Method is declared on Advised interface: public abstract java.lang.Class[] org.springframework.aop.framework.Advised.getProxiedInterfaces()
21:59:44.071 [main] DEBUG o.s.aop.framework.CglibAopProxy - Method is declared on Advised interface: public abstract boolean org.springframework.aop.framework.Advised.isInterfaceProxied(java.lang.Class)
21:59:44.071 [main] DEBUG o.s.aop.framework.CglibAopProxy - Method is declared on Advised interface: public abstract org.springframework.aop.Advisor[] org.springframework.aop.framework.Advised.getAdvisors()
21:59:44.071 [main] DEBUG o.s.aop.framework.CglibAopProxy - Method is declared on Advised interface: public abstract void org.springframework.aop.framework.Advised.removeAdvisor(int) throws org.springframework.aop.framework.AopConfigException
21:59:44.071 [main] DEBUG o.s.aop.framework.CglibAopProxy - Method is declared on Advised interface: public abstract boolean org.springframework.aop.framework.Advised.removeAdvisor(org.springframework.aop.Advisor)
21:59:44.071 [main] DEBUG o.s.aop.framework.CglibAopProxy - Method is declared on Advised interface: public abstract boolean org.springframework.aop.framework.Advised.replaceAdvisor(org.springframework.aop.Advisor,org.springframework.aop.Advisor) throws org.springframework.aop.framework.AopConfigException
21:59:44.071 [main] DEBUG o.s.aop.framework.CglibAopProxy - Method is declared on Advised interface: public abstract boolean org.springframework.aop.framework.Advised.removeAdvice(org.aopalliance.aop.Advice)
21:59:44.071 [main] DEBUG o.s.aop.framework.CglibAopProxy - Method is declared on Advised interface: public abstract java.lang.String org.springframework.aop.framework.Advised.toProxyConfigString()
21:59:44.071 [main] DEBUG o.s.aop.framework.CglibAopProxy - Method is declared on Advised interface: public abstract void org.springframework.aop.framework.Advised.addAdvice(int,org.aopalliance.aop.Advice) throws org.springframework.aop.framework.AopConfigException
21:59:44.071 [main] DEBUG o.s.aop.framework.CglibAopProxy - Method is declared on Advised interface: public abstract void org.springframework.aop.framework.Advised.addAdvice(org.aopalliance.aop.Advice) throws org.springframework.aop.framework.AopConfigException
21:59:44.071 [main] DEBUG o.s.aop.framework.CglibAopProxy - Method is declared on Advised interface: public abstract int org.springframework.aop.framework.Advised.indexOf(org.aopalliance.aop.Advice)
21:59:44.071 [main] DEBUG o.s.aop.framework.CglibAopProxy - Method is declared on Advised interface: public abstract int org.springframework.aop.framework.Advised.indexOf(org.springframework.aop.Advisor)
21:59:44.071 [main] DEBUG o.s.aop.framework.CglibAopProxy - Method is declared on Advised interface: public abstract boolean org.springframework.aop.framework.Advised.isFrozen()
21:59:44.071 [main] DEBUG o.s.aop.framework.CglibAopProxy - Method is declared on Advised interface: public abstract java.lang.Class org.springframework.aop.TargetClassAware.getTargetClass()
21:59:44.075 [main] DEBUG o.s.b.f.s.DefaultListableBeanFactory - Finished creating instance of bean &apos;userController&apos;
21:59:44.075 [main] DEBUG o.s.b.f.s.DefaultListableBeanFactory - Returning cached instance of singleton bean &apos;dataSource&apos;
21:59:44.075 [main] DEBUG o.s.b.f.s.DefaultListableBeanFactory - Returning cached instance of singleton bean &apos;org.springframework.security.config.annotation.configuration.ObjectPostProcessorConfiguration&apos;
21:59:44.075 [main] DEBUG o.s.b.f.s.DefaultListableBeanFactory - Returning cached instance of singleton bean &apos;objectPostProcessor&apos;
21:59:44.075 [main] DEBUG o.s.b.f.s.DefaultListableBeanFactory - Returning cached instance of singleton bean &apos;org.springframework.security.config.annotation.authentication.configuration.AuthenticationConfiguration&apos;
21:59:44.075 [main] DEBUG o.s.b.f.s.DefaultListableBeanFactory - Returning cached instance of singleton bean &apos;authenticationManagerBuilder&apos;
21:59:44.075 [main] DEBUG o.s.b.f.s.DefaultListableBeanFactory - Returning cached instance of singleton bean &apos;enableGlobalAuthenticationAutowiredConfigurer&apos;
21:59:44.075 [main] DEBUG o.s.b.f.s.DefaultListableBeanFactory - Returning cached instance of singleton bean &apos;initializeUserDetailsBeanManagerConfigurer&apos;
21:59:44.075 [main] DEBUG o.s.b.f.s.DefaultListableBeanFactory - Returning cached instance of singleton bean &apos;initializeAuthenticationProviderBeanManagerConfigurer&apos;
21:59:44.075 [main] DEBUG o.s.b.f.s.DefaultListableBeanFactory - Creating shared instance of singleton bean &apos;org.springframework.security.config.annotation.web.configuration.WebSecurityConfiguration&apos;
21:59:44.075 [main] DEBUG o.s.b.f.s.DefaultListableBeanFactory - Creating instance of bean &apos;org.springframework.security.config.annotation.web.configuration.WebSecurityConfiguration&apos;
21:59:44.076 [main] DEBUG o.s.b.f.annotation.InjectionMetadata - Registered injected element on class [org.springframework.security.config.annotation.web.configuration.WebSecurityConfiguration$$EnhancerBySpringCGLIB$$150881e6]: AutowiredFieldElement for private org.springframework.security.config.annotation.ObjectPostProcessor org.springframework.security.config.annotation.web.configuration.WebSecurityConfiguration.objectObjectPostProcessor
21:59:44.076 [main] DEBUG o.s.b.f.annotation.InjectionMetadata - Registered injected element on class [org.springframework.security.config.annotation.web.configuration.WebSecurityConfiguration$$EnhancerBySpringCGLIB$$150881e6]: AutowiredMethodElement for public void org.springframework.security.config.annotation.web.configuration.WebSecurityConfiguration.setFilterChainProxySecurityConfigurer(org.springframework.security.config.annotation.ObjectPostProcessor,java.util.List) throws java.lang.Exception
21:59:44.076 [main] DEBUG o.s.b.f.s.DefaultListableBeanFactory - Eagerly caching bean &apos;org.springframework.security.config.annotation.web.configuration.WebSecurityConfiguration&apos; to allow for resolving potential circular references
21:59:44.076 [main] DEBUG o.s.b.f.annotation.InjectionMetadata - Processing injected element of bean &apos;org.springframework.security.config.annotation.web.configuration.WebSecurityConfiguration&apos;: AutowiredFieldElement for private org.springframework.security.config.annotation.ObjectPostProcessor org.springframework.security.config.annotation.web.configuration.WebSecurityConfiguration.objectObjectPostProcessor
21:59:44.077 [main] DEBUG o.s.b.f.s.DefaultListableBeanFactory - Returning cached instance of singleton bean &apos;objectPostProcessor&apos;
21:59:44.077 [main] DEBUG o.s.b.f.a.AutowiredAnnotationBeanPostProcessor - Autowiring by type from bean name &apos;org.springframework.security.config.annotation.web.configuration.WebSecurityConfiguration&apos; to bean named &apos;objectPostProcessor&apos;
21:59:44.077 [main] DEBUG o.s.b.f.annotation.InjectionMetadata - Processing injected element of bean &apos;org.springframework.security.config.annotation.web.configuration.WebSecurityConfiguration&apos;: AutowiredMethodElement for public void org.springframework.security.config.annotation.web.configuration.WebSecurityConfiguration.setFilterChainProxySecurityConfigurer(org.springframework.security.config.annotation.ObjectPostProcessor,java.util.List) throws java.lang.Exception
21:59:44.077 [main] DEBUG o.s.b.f.s.DefaultListableBeanFactory - Returning cached instance of singleton bean &apos;objectPostProcessor&apos;
21:59:44.077 [main] DEBUG o.s.b.f.s.DefaultListableBeanFactory - Creating shared instance of singleton bean &apos;autowiredWebSecurityConfigurersIgnoreParents&apos;
21:59:44.077 [main] DEBUG o.s.b.f.s.DefaultListableBeanFactory - Creating instance of bean &apos;autowiredWebSecurityConfigurersIgnoreParents&apos;
21:59:44.077 [main] DEBUG o.s.b.f.s.DefaultListableBeanFactory - Returning cached instance of singleton bean &apos;metaDataSourceAdvisor&apos;
21:59:44.078 [main] DEBUG o.s.b.f.s.DefaultListableBeanFactory - Returning eagerly cached instance of singleton bean &apos;org.springframework.security.config.annotation.web.configuration.WebSecurityConfiguration&apos; that is not fully initialized yet - a consequence of a circular reference
21:59:44.079 [main] DEBUG o.s.b.f.s.DefaultListableBeanFactory - Autowiring by type from bean name &apos;autowiredWebSecurityConfigurersIgnoreParents&apos; via factory method to bean named &apos;org.springframework.beans.factory.support.DefaultListableBeanFactory@4e4b2c0&apos;
21:59:44.079 [main] DEBUG o.s.b.f.s.DefaultListableBeanFactory - Eagerly caching bean &apos;autowiredWebSecurityConfigurersIgnoreParents&apos; to allow for resolving potential circular references
21:59:44.079 [main] DEBUG o.s.b.f.s.DefaultListableBeanFactory - Returning cached instance of singleton bean &apos;metaDataSourceAdvisor&apos;
21:59:44.079 [main] DEBUG o.s.b.f.s.DefaultListableBeanFactory - Finished creating instance of bean &apos;autowiredWebSecurityConfigurersIgnoreParents&apos;
21:59:44.079 [main] DEBUG o.s.b.f.s.DefaultListableBeanFactory - Returning cached instance of singleton bean &apos;securityConfig&apos;
21:59:44.079 [main] DEBUG o.s.b.f.a.AutowiredAnnotationBeanPostProcessor - Autowiring by type from bean name &apos;org.springframework.security.config.annotation.web.configuration.WebSecurityConfiguration&apos; to bean named &apos;objectPostProcessor&apos;
21:59:44.079 [main] DEBUG o.s.b.f.s.DefaultListableBeanFactory - Returning cached instance of singleton bean &apos;metaDataSourceAdvisor&apos;
21:59:44.082 [main] DEBUG o.s.b.f.s.DefaultListableBeanFactory - Returning cached instance of singleton bean &apos;org.springframework.context.annotation.ConfigurationClassPostProcessor.importRegistry&apos;
21:59:44.082 [main] DEBUG o.s.b.f.s.DefaultListableBeanFactory - Finished creating instance of bean &apos;org.springframework.security.config.annotation.web.configuration.WebSecurityConfiguration&apos;
21:59:44.082 [main] DEBUG o.s.b.f.s.DefaultListableBeanFactory - Creating shared instance of singleton bean &apos;delegatingApplicationListener&apos;
21:59:44.082 [main] DEBUG o.s.b.f.s.DefaultListableBeanFactory - Creating instance of bean &apos;delegatingApplicationListener&apos;
21:59:44.083 [main] DEBUG o.s.b.f.s.DefaultListableBeanFactory - Eagerly caching bean &apos;delegatingApplicationListener&apos; to allow for resolving potential circular references
21:59:44.083 [main] DEBUG o.s.b.f.s.DefaultListableBeanFactory - Returning cached instance of singleton bean &apos;metaDataSourceAdvisor&apos;
21:59:44.083 [main] DEBUG o.s.b.f.s.DefaultListableBeanFactory - Finished creating instance of bean &apos;delegatingApplicationListener&apos;
21:59:44.083 [main] DEBUG o.s.b.f.s.DefaultListableBeanFactory - Creating shared instance of singleton bean &apos;springSecurityFilterChain&apos;
21:59:44.083 [main] DEBUG o.s.b.f.s.DefaultListableBeanFactory - Creating instance of bean &apos;springSecurityFilterChain&apos;
21:59:44.083 [main] DEBUG o.s.b.f.s.DefaultListableBeanFactory - Returning cached instance of singleton bean &apos;org.springframework.security.config.annotation.web.configuration.WebSecurityConfiguration&apos;
21:59:44.083 [main] DEBUG o.s.b.f.s.DefaultListableBeanFactory - Returning cached instance of singleton bean &apos;metaDataSourceAdvisor&apos;
21:59:44.084 [main] DEBUG o.s.b.f.s.DefaultListableBeanFactory - Returning cached instance of singleton bean &apos;webMvcConfiguration&apos;
21:59:44.084 [main] DEBUG o.s.b.f.s.DefaultListableBeanFactory - Returning cached instance of singleton bean &apos;securityConfig&apos;
21:59:44.084 [main] DEBUG o.s.s.c.a.a.c.AuthenticationConfiguration$EnableGlobalAuthenticationAutowiredConfigurer - Eagerly initializing {webMvcConfiguration=edu.ncsu.csc.itrust2.mvc.config.WebMvcConfiguration$$EnhancerBySpringCGLIB$$de7b09d5@7a5a5cd4, securityConfig=edu.ncsu.csc.itrust2.config.SecurityConfig$$EnhancerBySpringCGLIB$$f88fd361@707a05a0}
21:59:44.084 [main] DEBUG o.s.b.f.s.DefaultListableBeanFactory - Invoking afterPropertiesSet() on bean with name &apos;org.springframework.security.authentication.dao.DaoAuthenticationProvider@60790e91&apos;
21:59:44.084 [main] DEBUG o.s.b.f.s.DefaultListableBeanFactory - Returning cached instance of singleton bean &apos;metaDataSourceAdvisor&apos;
21:59:44.086 [main] DEBUG o.s.b.f.s.DefaultListableBeanFactory - Invoking afterPropertiesSet() on bean with name &apos;org.springframework.security.authentication.ProviderManager@44376af&apos;
21:59:44.086 [main] DEBUG o.s.b.f.s.DefaultListableBeanFactory - Returning cached instance of singleton bean &apos;metaDataSourceAdvisor&apos;
21:59:44.087 [main] DEBUG o.s.b.f.s.DefaultListableBeanFactory - Returning cached instance of singleton bean &apos;authenticationManagerBuilder&apos;
21:59:44.087 [main] DEBUG o.s.w.c.s.StandardServletEnvironment - Adding [servletConfigInitParams] PropertySource with lowest search precedence
21:59:44.087 [main] DEBUG o.s.w.c.s.StandardServletEnvironment - Adding [servletContextInitParams] PropertySource with lowest search precedence
21:59:44.087 [main] DEBUG o.s.w.c.s.StandardServletEnvironment - Adding [systemProperties] PropertySource with lowest search precedence
21:59:44.087 [main] DEBUG o.s.w.c.s.StandardServletEnvironment - Adding [systemEnvironment] PropertySource with lowest search precedence
21:59:44.087 [main] DEBUG o.s.w.c.s.StandardServletEnvironment - Initialized StandardServletEnvironment with PropertySources [servletConfigInitParams,servletContextInitParams,systemProperties,systemEnvironment]
21:59:44.087 [main] DEBUG o.s.w.c.s.StandardServletEnvironment - Adding [servletConfigInitParams] PropertySource with lowest search precedence
21:59:44.087 [main] DEBUG o.s.w.c.s.StandardServletEnvironment - Adding [servletContextInitParams] PropertySource with lowest search precedence
21:59:44.087 [main] DEBUG o.s.w.c.s.StandardServletEnvironment - Adding [systemProperties] PropertySource with lowest search precedence
21:59:44.087 [main] DEBUG o.s.w.c.s.StandardServletEnvironment - Adding [systemEnvironment] PropertySource with lowest search precedence
21:59:44.087 [main] DEBUG o.s.w.c.s.StandardServletEnvironment - Initialized StandardServletEnvironment with PropertySources [servletConfigInitParams,servletContextInitParams,systemProperties,systemEnvironment]
21:59:44.087 [main] DEBUG o.s.w.c.s.StandardServletEnvironment - Adding [servletConfigInitParams] PropertySource with lowest search precedence
21:59:44.087 [main] DEBUG o.s.w.c.s.StandardServletEnvironment - Adding [servletContextInitParams] PropertySource with lowest search precedence
21:59:44.087 [main] DEBUG o.s.w.c.s.StandardServletEnvironment - Adding [systemProperties] PropertySource with lowest search precedence
21:59:44.088 [main] DEBUG o.s.w.c.s.StandardServletEnvironment - Adding [systemEnvironment] PropertySource with lowest search precedence
21:59:44.088 [main] DEBUG o.s.w.c.s.StandardServletEnvironment - Initialized StandardServletEnvironment with PropertySources [servletConfigInitParams,servletContextInitParams,systemProperties,systemEnvironment]
21:59:44.088 [main] DEBUG o.s.b.f.s.DefaultListableBeanFactory - Creating shared instance of singleton bean &apos;ipBlockFilter&apos;
21:59:44.088 [main] DEBUG o.s.b.f.s.DefaultListableBeanFactory - Creating instance of bean &apos;ipBlockFilter&apos;
21:59:44.088 [main] DEBUG o.s.b.f.s.DefaultListableBeanFactory - Returning cached instance of singleton bean &apos;securityConfig&apos;
21:59:44.088 [main] DEBUG o.s.w.c.s.StandardServletEnvironment - Adding [servletConfigInitParams] PropertySource with lowest search precedence
21:59:44.088 [main] DEBUG o.s.w.c.s.StandardServletEnvironment - Adding [servletContextInitParams] PropertySource with lowest search precedence
21:59:44.088 [main] DEBUG o.s.w.c.s.StandardServletEnvironment - Adding [systemProperties] PropertySource with lowest search precedence
21:59:44.088 [main] DEBUG o.s.w.c.s.StandardServletEnvironment - Adding [systemEnvironment] PropertySource with lowest search precedence
21:59:44.088 [main] DEBUG o.s.w.c.s.StandardServletEnvironment - Initialized StandardServletEnvironment with PropertySources [servletConfigInitParams,servletContextInitParams,systemProperties,systemEnvironment]
21:59:44.089 [main] DEBUG o.s.b.f.s.DefaultListableBeanFactory - Eagerly caching bean &apos;ipBlockFilter&apos; to allow for resolving potential circular references
21:59:44.091 [main] DEBUG o.s.b.f.s.DefaultListableBeanFactory - Invoking afterPropertiesSet() on bean with name &apos;ipBlockFilter&apos;
21:59:44.091 [main] DEBUG o.s.b.f.s.DefaultListableBeanFactory - Returning cached instance of singleton bean &apos;metaDataSourceAdvisor&apos;
21:59:44.091 [main] DEBUG o.s.b.f.s.DefaultListableBeanFactory - Finished creating instance of bean &apos;ipBlockFilter&apos;
21:59:44.091 [main] DEBUG o.s.w.c.s.StandardServletEnvironment - Adding [servletConfigInitParams] PropertySource with lowest search precedence
21:59:44.091 [main] DEBUG o.s.w.c.s.StandardServletEnvironment - Adding [servletContextInitParams] PropertySource with lowest search precedence
21:59:44.091 [main] DEBUG o.s.w.c.s.StandardServletEnvironment - Adding [systemProperties] PropertySource with lowest search precedence
21:59:44.091 [main] DEBUG o.s.w.c.s.StandardServletEnvironment - Adding [systemEnvironment] PropertySource with lowest search precedence
21:59:44.091 [main] DEBUG o.s.w.c.s.StandardServletEnvironment - Initialized StandardServletEnvironment with PropertySources [servletConfigInitParams,servletContextInitParams,systemProperties,systemEnvironment]
21:59:44.091 [main] DEBUG o.s.b.f.s.DefaultListableBeanFactory - Retrieved dependent beans for bean &apos;springSecurityFilterChain&apos;: [webSecurityExpressionHandler]
21:59:44.091 [main] WARN  o.s.w.c.s.GenericWebApplicationContext - Exception encountered during context initialization - cancelling refresh attempt: org.springframework.beans.factory.BeanCreationException: Error creating bean with name &apos;springSecurityFilterChain&apos; defined in class path resource [org/springframework/security/config/annotation/web/configuration/WebSecurityConfiguration.class]: Bean instantiation via factory method failed; nested exception is org.springframework.beans.BeanInstantiationException: Failed to instantiate [javax.servlet.Filter]: Factory method &apos;springSecurityFilterChain&apos; threw exception; nested exception is java.lang.IllegalArgumentException: &apos;Savings Account?error&apos; is not a valid redirect URL
21:59:44.091 [main] DEBUG o.s.b.f.s.DefaultListableBeanFactory - Destroying singletons in org.springframework.beans.factory.support.DefaultListableBeanFactory@4e4b2c0: defining beans [org.springframework.context.annotation.internalConfigurationAnnotationProcessor,org.springframework.context.annotation.internalAutowiredAnnotationProcessor,org.springframework.context.annotation.internalRequiredAnnotationProcessor,org.springframework.context.annotation.internalCommonAnnotationProcessor,org.springframework.context.annotation.internalPersistenceAnnotationProcessor,org.springframework.context.event.internalEventListenerProcessor,org.springframework.context.event.internalEventListenerFactory,rootConfiguration,webMvcConfiguration,dataConfiguration,loginAuditingListener,securityConfig,defaultController,adminController,adminUserController,hospitalController,ICDCodesController,APIAppointmentRequestController,APIDiagnosisController,APIDrugController,APIEnumController,APIHospitalController,APIICDCodeController,APILogEntryController,APIOfficeVisitController,APIPasswordController,APIPatientController,APIPersonnelController,APIPrescriptionController,APIUserController,appointmentControllerHCP,HCPController,officeVisitController,appointmentController,diagnosesController,patientController,passwordController,userController,dataSource,org.springframework.security.config.annotation.configuration.ObjectPostProcessorConfiguration,objectPostProcessor,org.springframework.security.config.annotation.authentication.configuration.AuthenticationConfiguration,authenticationManagerBuilder,enableGlobalAuthenticationAutowiredConfigurer,initializeUserDetailsBeanManagerConfigurer,initializeAuthenticationProviderBeanManagerConfigurer,org.springframework.security.config.annotation.web.configuration.WebSecurityConfiguration,delegatingApplicationListener,webSecurityExpressionHandler,springSecurityFilterChain,privilegeEvaluator,autowiredWebSecurityConfigurersIgnoreParents,org.springframework.security.config.annotation.web.configuration.WebMvcSecurityConfiguration,requestDataValueProcessor,passwordEncoder,defaultAuthenticationEventPublisher,failureHandler,ipBlockFilter,org.springframework.web.servlet.config.annotation.DelegatingWebMvcConfiguration,mvcConversionService,requestMappingHandlerMapping,mvcPathMatcher,mvcUrlPathHelper,mvcContentNegotiationManager,viewControllerHandlerMapping,beanNameHandlerMapping,resourceHandlerMapping,mvcResourceUrlProvider,defaultServletHandlerMapping,requestMappingHandlerAdapter,mvcValidator,mvcUriComponentsContributor,httpRequestHandlerAdapter,simpleControllerHandlerAdapter,handlerExceptionResolver,mvcViewResolver,org.springframework.security.config.annotation.method.configuration.GlobalMethodSecurityConfiguration,methodSecurityInterceptor,methodSecurityMetadataSource,preInvocationAuthorizationAdvice,viewResolver,templateEngine,domainClassConverter,metaDataSourceAdvisor,org.springframework.aop.config.internalAutoProxyCreator]; root of factory hierarchy
21:59:44.091 [main] DEBUG o.s.b.f.s.DisposableBeanAdapter - Invoking destroy() on bean with name &apos;ipBlockFilter&apos;
21:59:44.091 [main] DEBUG o.s.b.f.s.DefaultListableBeanFactory - Retrieved dependent beans for bean &apos;objectPostProcessor&apos;: [org.springframework.security.config.annotation.method.configuration.GlobalMethodSecurityConfiguration, securityConfig, org.springframework.security.config.annotation.authentication.configuration.AuthenticationConfiguration, authenticationManagerBuilder, org.springframework.security.config.annotation.web.configuration.WebSecurityConfiguration]
21:59:44.091 [main] DEBUG o.s.b.f.s.DisposableBeanAdapter - Invoking destroy() on bean with name &apos;objectPostProcessor&apos;
21:59:44.093 [main] ERROR o.s.test.context.TestContextManager - Caught exception while allowing TestExecutionListener [org.springframework.test.context.web.ServletTestExecutionListener@79e4e46d] to prepare test instance [edu.ncsu.csc.itrust2.apitest.APIPrescriptionTest@45b32b4d]
java.lang.IllegalStateException: Failed to load ApplicationContext
	at org.springframework.test.context.cache.DefaultCacheAwareContextLoaderDelegate.loadContext(DefaultCacheAwareContextLoaderDelegate.java:124) ~[spring-test-4.3.5.RELEASE.jar:4.3.5.RELEASE]
	at org.springframework.test.context.support.DefaultTestContext.getApplicationContext(DefaultTestContext.java:83) ~[spring-test-4.3.5.RELEASE.jar:4.3.5.RELEASE]
	at org.springframework.test.context.web.ServletTestExecutionListener.setUpRequestContextIfNecessary(ServletTestExecutionListener.java:189) ~[spring-test-4.3.5.RELEASE.jar:4.3.5.RELEASE]
	at org.springframework.test.context.web.ServletTestExecutionListener.prepareTestInstance(ServletTestExecutionListener.java:131) ~[spring-test-4.3.5.RELEASE.jar:4.3.5.RELEASE]
	at org.springframework.test.context.TestContextManager.prepareTestInstance(TestContextManager.java:230) ~[spring-test-4.3.5.RELEASE.jar:4.3.5.RELEASE]
	at org.springframework.test.context.junit4.SpringJUnit4ClassRunner.createTest(SpringJUnit4ClassRunner.java:228) [spring-test-4.3.5.RELEASE.jar:4.3.5.RELEASE]
	at org.springframework.test.context.junit4.SpringJUnit4ClassRunner$1.runReflectiveCall(SpringJUnit4ClassRunner.java:287) [spring-test-4.3.5.RELEASE.jar:4.3.5.RELEASE]
	at org.junit.internal.runners.model.ReflectiveCallable.run(ReflectiveCallable.java:12) [junit-4.12.jar:4.12]
	at org.springframework.test.context.junit4.SpringJUnit4ClassRunner.methodBlock(SpringJUnit4ClassRunner.java:289) [spring-test-4.3.5.RELEASE.jar:4.3.5.RELEASE]
	at org.springframework.test.context.junit4.SpringJUnit4ClassRunner.runChild(SpringJUnit4ClassRunner.java:247) [spring-test-4.3.5.RELEASE.jar:4.3.5.RELEASE]
	at org.springframework.test.context.junit4.SpringJUnit4ClassRunner.runChild(SpringJUnit4ClassRunner.java:94) [spring-test-4.3.5.RELEASE.jar:4.3.5.RELEASE]
	at org.junit.runners.ParentRunner$3.run(ParentRunner.java:290) [junit-4.12.jar:4.12]
	at org.junit.runners.ParentRunner$1.schedule(ParentRunner.java:71) [junit-4.12.jar:4.12]
	at org.junit.runners.ParentRunner.runChildren(ParentRunner.java:288) [junit-4.12.jar:4.12]
	at org.junit.runners.ParentRunner.access$000(ParentRunner.java:58) [junit-4.12.jar:4.12]
	at org.junit.runners.ParentRunner$2.evaluate(ParentRunner.java:268) [junit-4.12.jar:4.12]
	at org.springframework.test.context.junit4.statements.RunBeforeTestClassCallbacks.evaluate(RunBeforeTestClassCallbacks.java:61) [spring-test-4.3.5.RELEASE.jar:4.3.5.RELEASE]
	at org.springframework.test.context.junit4.statements.RunAfterTestClassCallbacks.evaluate(RunAfterTestClassCallbacks.java:70) [spring-test-4.3.5.RELEASE.jar:4.3.5.RELEASE]
	at org.junit.runners.ParentRunner.run(ParentRunner.java:363) [junit-4.12.jar:4.12]
	at org.springframework.test.context.junit4.SpringJUnit4ClassRunner.run(SpringJUnit4ClassRunner.java:191) [spring-test-4.3.5.RELEASE.jar:4.3.5.RELEASE]
	at org.apache.maven.surefire.junit4.JUnit4Provider.execute(JUnit4Provider.java:365) [surefire-junit4-2.20.jar:2.20]
	at org.apache.maven.surefire.junit4.JUnit4Provider.executeWithRerun(JUnit4Provider.java:272) [surefire-junit4-2.20.jar:2.20]
	at org.apache.maven.surefire.junit4.JUnit4Provider.executeTestSet(JUnit4Provider.java:236) [surefire-junit4-2.20.jar:2.20]
	at org.apache.maven.surefire.junit4.JUnit4Provider.invoke(JUnit4Provider.java:159) [surefire-junit4-2.20.jar:2.20]
	at org.apache.maven.surefire.booter.ForkedBooter.invokeProviderInSameClassLoader(ForkedBooter.java:386) [surefire-booter-2.20.jar:2.20]
	at org.apache.maven.surefire.booter.ForkedBooter.runSuitesInProcess(ForkedBooter.java:323) [surefire-booter-2.20.jar:2.20]
	at org.apache.maven.surefire.booter.ForkedBooter.main(ForkedBooter.java:143) [surefire-booter-2.20.jar:2.20]
Caused by: org.springframework.beans.factory.BeanCreationException: Error creating bean with name &apos;springSecurityFilterChain&apos; defined in class path resource [org/springframework/security/config/annotation/web/configuration/WebSecurityConfiguration.class]: Bean instantiation via factory method failed; nested exception is org.springframework.beans.BeanInstantiationException: Failed to instantiate [javax.servlet.Filter]: Factory method &apos;springSecurityFilterChain&apos; threw exception; nested exception is java.lang.IllegalArgumentException: &apos;Savings Account?error&apos; is not a valid redirect URL
	at org.springframework.beans.factory.support.ConstructorResolver.instantiateUsingFactoryMethod(ConstructorResolver.java:599) ~[spring-beans-4.3.5.RELEASE.jar:4.3.5.RELEASE]
	at org.springframework.beans.factory.support.AbstractAutowireCapableBeanFactory.instantiateUsingFactoryMethod(AbstractAutowireCapableBeanFactory.java:1134) ~[spring-beans-4.3.5.RELEASE.jar:4.3.5.RELEASE]
	at org.springframework.beans.factory.support.AbstractAutowireCapableBeanFactory.createBeanInstance(AbstractAutowireCapableBeanFactory.java:1028) ~[spring-beans-4.3.5.RELEASE.jar:4.3.5.RELEASE]
	at org.springframework.beans.factory.support.AbstractAutowireCapableBeanFactory.doCreateBean(AbstractAutowireCapableBeanFactory.java:513) ~[spring-beans-4.3.5.RELEASE.jar:4.3.5.RELEASE]
	at org.springframework.beans.factory.support.AbstractAutowireCapableBeanFactory.createBean(AbstractAutowireCapableBeanFactory.java:483) ~[spring-beans-4.3.5.RELEASE.jar:4.3.5.RELEASE]
	at org.springframework.beans.factory.support.AbstractBeanFactory$1.getObject(AbstractBeanFactory.java:306) ~[spring-beans-4.3.5.RELEASE.jar:4.3.5.RELEASE]
	at org.springframework.beans.factory.support.DefaultSingletonBeanRegistry.getSingleton(DefaultSingletonBeanRegistry.java:230) ~[spring-beans-4.3.5.RELEASE.jar:4.3.5.RELEASE]
	at org.springframework.beans.factory.support.AbstractBeanFactory.doGetBean(AbstractBeanFactory.java:302) ~[spring-beans-4.3.5.RELEASE.jar:4.3.5.RELEASE]
	at org.springframework.beans.factory.support.AbstractBeanFactory.getBean(AbstractBeanFactory.java:197) ~[spring-beans-4.3.5.RELEASE.jar:4.3.5.RELEASE]
	at org.springframework.beans.factory.support.AbstractBeanFactory.doGetBean(AbstractBeanFactory.java:296) ~[spring-beans-4.3.5.RELEASE.jar:4.3.5.RELEASE]
	at org.springframework.beans.factory.support.AbstractBeanFactory.getBean(AbstractBeanFactory.java:197) ~[spring-beans-4.3.5.RELEASE.jar:4.3.5.RELEASE]
	at org.springframework.beans.factory.support.DefaultListableBeanFactory.preInstantiateSingletons(DefaultListableBeanFactory.java:759) ~[spring-beans-4.3.5.RELEASE.jar:4.3.5.RELEASE]
	at org.springframework.context.support.AbstractApplicationContext.finishBeanFactoryInitialization(AbstractApplicationContext.java:866) ~[spring-context-4.3.5.RELEASE.jar:4.3.5.RELEASE]
	at org.springframework.context.support.AbstractApplicationContext.refresh(AbstractApplicationContext.java:542) ~[spring-context-4.3.5.RELEASE.jar:4.3.5.RELEASE]
	at org.springframework.test.context.web.AbstractGenericWebContextLoader.loadContext(AbstractGenericWebContextLoader.java:134) ~[spring-test-4.3.5.RELEASE.jar:4.3.5.RELEASE]
	at org.springframework.test.context.web.AbstractGenericWebContextLoader.loadContext(AbstractGenericWebContextLoader.java:61) ~[spring-test-4.3.5.RELEASE.jar:4.3.5.RELEASE]
	at org.springframework.test.context.support.AbstractDelegatingSmartContextLoader.delegateLoading(AbstractDelegatingSmartContextLoader.java:108) ~[spring-test-4.3.5.RELEASE.jar:4.3.5.RELEASE]
	at org.springframework.test.context.support.AbstractDelegatingSmartContextLoader.loadContext(AbstractDelegatingSmartContextLoader.java:251) ~[spring-test-4.3.5.RELEASE.jar:4.3.5.RELEASE]
	at org.springframework.test.context.cache.DefaultCacheAwareContextLoaderDelegate.loadContextInternal(DefaultCacheAwareContextLoaderDelegate.java:98) ~[spring-test-4.3.5.RELEASE.jar:4.3.5.RELEASE]
	at org.springframework.test.context.cache.DefaultCacheAwareContextLoaderDelegate.loadContext(DefaultCacheAwareContextLoaderDelegate.java:116) ~[spring-test-4.3.5.RELEASE.jar:4.3.5.RELEASE]
	... 26 common frames omitted
Caused by: org.springframework.beans.BeanInstantiationException: Failed to instantiate [javax.servlet.Filter]: Factory method &apos;springSecurityFilterChain&apos; threw exception; nested exception is java.lang.IllegalArgumentException: &apos;Savings Account?error&apos; is not a valid redirect URL
	at org.springframework.beans.factory.support.SimpleInstantiationStrategy.instantiate(SimpleInstantiationStrategy.java:189) ~[spring-beans-4.3.5.RELEASE.jar:4.3.5.RELEASE]
	at org.springframework.beans.factory.support.ConstructorResolver.instantiateUsingFactoryMethod(ConstructorResolver.java:588) ~[spring-beans-4.3.5.RELEASE.jar:4.3.5.RELEASE]
	... 45 common frames omitted
Caused by: java.lang.IllegalArgumentException: &apos;Savings Account?error&apos; is not a valid redirect URL
	at org.springframework.util.Assert.isTrue(Assert.java:68) ~[spring-core-4.3.5.RELEASE.jar:4.3.5.RELEASE]
	at org.springframework.security.web.authentication.SimpleUrlAuthenticationFailureHandler.setDefaultFailureUrl(SimpleUrlAuthenticationFailureHandler.java:125) ~[spring-security-web-4.2.2.RELEASE.jar:4.2.2.RELEASE]
	at org.springframework.security.web.authentication.SimpleUrlAuthenticationFailureHandler.&lt;init&gt;(SimpleUrlAuthenticationFailureHandler.java:60) ~[spring-security-web-4.2.2.RELEASE.jar:4.2.2.RELEASE]
	at org.springframework.security.config.annotation.web.configurers.AbstractAuthenticationFilterConfigurer.failureUrl(AbstractAuthenticationFilterConfigurer.java:206) ~[spring-security-config-4.2.2.RELEASE.jar:4.2.2.RELEASE]
	at org.springframework.security.config.annotation.web.configurers.AbstractAuthenticationFilterConfigurer.updateAuthenticationDefaults(AbstractAuthenticationFilterConfigurer.java:368) ~[spring-security-config-4.2.2.RELEASE.jar:4.2.2.RELEASE]
	at org.springframework.security.config.annotation.web.configurers.AbstractAuthenticationFilterConfigurer.loginPage(AbstractAuthenticationFilterConfigurer.java:308) ~[spring-security-config-4.2.2.RELEASE.jar:4.2.2.RELEASE]
	at org.springframework.security.config.annotation.web.configurers.FormLoginConfigurer.loginPage(FormLoginConfigurer.java:183) ~[spring-security-config-4.2.2.RELEASE.jar:4.2.2.RELEASE]
	at edu.ncsu.csc.itrust2.config.SecurityConfig.configure(SecurityConfig.java:89) ~[classes/:na]
	at org.springframework.security.config.annotation.web.configuration.WebSecurityConfigurerAdapter.getHttp(WebSecurityConfigurerAdapter.java:224) ~[spring-security-config-4.2.2.RELEASE.jar:4.2.2.RELEASE]
	at org.springframework.security.config.annotation.web.configuration.WebSecurityConfigurerAdapter.init(WebSecurityConfigurerAdapter.java:315) ~[spring-security-config-4.2.2.RELEASE.jar:4.2.2.RELEASE]
	at org.springframework.security.config.annotation.web.configuration.WebSecurityConfigurerAdapter.init(WebSecurityConfigurerAdapter.java:86) ~[spring-security-config-4.2.2.RELEASE.jar:4.2.2.RELEASE]
	at edu.ncsu.csc.itrust2.config.SecurityConfig$$EnhancerBySpringCGLIB$$f88fd361.init(&lt;generated&gt;) ~[classes/:na]
	at org.springframework.security.config.annotation.AbstractConfiguredSecurityBuilder.init(AbstractConfiguredSecurityBuilder.java:371) ~[spring-security-config-4.2.2.RELEASE.jar:4.2.2.RELEASE]
	at org.springframework.security.config.annotation.AbstractConfiguredSecurityBuilder.doBuild(AbstractConfiguredSecurityBuilder.java:325) ~[spring-security-config-4.2.2.RELEASE.jar:4.2.2.RELEASE]
	at org.springframework.security.config.annotation.AbstractSecurityBuilder.build(AbstractSecurityBuilder.java:41) ~[spring-security-config-4.2.2.RELEASE.jar:4.2.2.RELEASE]
	at org.springframework.security.config.annotation.web.configuration.WebSecurityConfiguration.springSecurityFilterChain(WebSecurityConfiguration.java:104) ~[spring-security-config-4.2.2.RELEASE.jar:4.2.2.RELEASE]
	at org.springframework.security.config.annotation.web.configuration.WebSecurityConfiguration$$EnhancerBySpringCGLIB$$150881e6.CGLIB$springSecurityFilterChain$4(&lt;generated&gt;) ~[spring-security-config-4.2.2.RELEASE.jar:4.2.2.RELEASE]
	at org.springframework.security.config.annotation.web.configuration.WebSecurityConfiguration$$EnhancerBySpringCGLIB$$150881e6$$FastClassBySpringCGLIB$$f9839e81.invoke(&lt;generated&gt;) ~[spring-security-config-4.2.2.RELEASE.jar:4.2.2.RELEASE]
	at org.springframework.cglib.proxy.MethodProxy.invokeSuper(MethodProxy.java:228) ~[spring-core-4.3.5.RELEASE.jar:4.3.5.RELEASE]
	at org.springframework.context.annotation.ConfigurationClassEnhancer$BeanMethodInterceptor.intercept(ConfigurationClassEnhancer.java:356) ~[spring-context-4.3.5.RELEASE.jar:4.3.5.RELEASE]
	at org.springframework.security.config.annotation.web.configuration.WebSecurityConfiguration$$EnhancerBySpringCGLIB$$150881e6.springSecurityFilterChain(&lt;generated&gt;) ~[spring-security-config-4.2.2.RELEASE.jar:4.2.2.RELEASE]
	at sun.reflect.GeneratedMethodAccessor103.invoke(Unknown Source) ~[na:na]
	at sun.reflect.DelegatingMethodAccessorImpl.invoke(DelegatingMethodAccessorImpl.java:43) ~[na:1.8.0_151]
	at java.lang.reflect.Method.invoke(Method.java:498) ~[na:1.8.0_151]
	at org.springframework.beans.factory.support.SimpleInstantiationStrategy.instantiate(SimpleInstantiationStrategy.java:162) ~[spring-beans-4.3.5.RELEASE.jar:4.3.5.RELEASE]
	... 46 common frames omitted
</stdout>
          <failedSince>1</failedSince>
        </case>
      </cases>
    </suite>
    <suite>
      <file>/var/lib/jenkins/jobs/iTrust_Fuzzer/workspace/iTrust2/target/surefire-reports/TEST-edu.ncsu.csc.itrust2.apitest.APIUserTest.xml</file>
      <name>edu.ncsu.csc.itrust2.apitest.APIUserTest</name>
      <duration>0.008</duration>
      <time>0.008</time>
      <enclosingBlocks/>
      <enclosingBlockNames/>
      <cases>
        <case>
          <duration>0.0</duration>
          <className>edu.ncsu.csc.itrust2.apitest.APIUserTest</className>
          <testName>testUserAPI</testName>
          <skipped>false</skipped>
          <errorStackTrace>java.lang.IllegalStateException: Failed to load ApplicationContext
Caused by: org.springframework.beans.factory.BeanCreationException: Error creating bean with name &apos;springSecurityFilterChain&apos; defined in class path resource [org/springframework/security/config/annotation/web/configuration/WebSecurityConfiguration.class]: Bean instantiation via factory method failed; nested exception is org.springframework.beans.BeanInstantiationException: Failed to instantiate [javax.servlet.Filter]: Factory method &apos;springSecurityFilterChain&apos; threw exception; nested exception is java.lang.IllegalArgumentException: &apos;Savings Account?error&apos; is not a valid redirect URL
Caused by: org.springframework.beans.BeanInstantiationException: Failed to instantiate [javax.servlet.Filter]: Factory method &apos;springSecurityFilterChain&apos; threw exception; nested exception is java.lang.IllegalArgumentException: &apos;Savings Account?error&apos; is not a valid redirect URL
Caused by: java.lang.IllegalArgumentException: &apos;Savings Account?error&apos; is not a valid redirect URL
</errorStackTrace>
          <errorDetails>Failed to load ApplicationContext</errorDetails>
          <stdout>21:59:37.225 [main] DEBUG o.s.t.c.j.SpringJUnit4ClassRunner - SpringJUnit4ClassRunner constructor called with [class edu.ncsu.csc.itrust2.apitest.APIUserTest]
21:59:37.225 [main] DEBUG o.s.test.context.BootstrapUtils - Instantiating CacheAwareContextLoaderDelegate from class [org.springframework.test.context.cache.DefaultCacheAwareContextLoaderDelegate]
21:59:37.225 [main] DEBUG o.s.test.context.BootstrapUtils - Instantiating BootstrapContext using constructor [public org.springframework.test.context.support.DefaultBootstrapContext(java.lang.Class,org.springframework.test.context.CacheAwareContextLoaderDelegate)]
21:59:37.225 [main] DEBUG o.s.test.context.BootstrapUtils - Instantiating TestContextBootstrapper for test class [edu.ncsu.csc.itrust2.apitest.APIUserTest] from class [org.springframework.test.context.web.WebTestContextBootstrapper]
21:59:37.226 [main] DEBUG o.s.t.c.s.AbstractDelegatingSmartContextLoader - Delegating to AnnotationConfigWebContextLoader to process context configuration [ContextConfigurationAttributes@9efbb1b declaringClass = &apos;edu.ncsu.csc.itrust2.apitest.APIUserTest&apos;, classes = &apos;{class edu.ncsu.csc.itrust2.config.RootConfiguration, class edu.ncsu.csc.itrust2.mvc.config.WebMvcConfiguration}&apos;, locations = &apos;{}&apos;, inheritLocations = true, initializers = &apos;{}&apos;, inheritInitializers = true, name = [null], contextLoaderClass = &apos;org.springframework.test.context.ContextLoader&apos;].
21:59:37.227 [main] DEBUG o.s.t.c.support.ActiveProfilesUtils - Could not find an &apos;annotation declaring class&apos; for annotation type [org.springframework.test.context.ActiveProfiles] and class [edu.ncsu.csc.itrust2.apitest.APIUserTest]
21:59:37.227 [main] DEBUG o.s.t.c.w.WebTestContextBootstrapper - @TestExecutionListeners is not present for class [edu.ncsu.csc.itrust2.apitest.APIUserTest]: using defaults.
21:59:37.228 [main] INFO  o.s.t.c.w.WebTestContextBootstrapper - Loaded default TestExecutionListener class names from location [META-INF/spring.factories]: [org.springframework.security.test.context.support.WithSecurityContextTestExecutionListener, org.springframework.test.context.web.ServletTestExecutionListener, org.springframework.test.context.support.DirtiesContextBeforeModesTestExecutionListener, org.springframework.test.context.support.DependencyInjectionTestExecutionListener, org.springframework.test.context.support.DirtiesContextTestExecutionListener, org.springframework.test.context.transaction.TransactionalTestExecutionListener, org.springframework.test.context.jdbc.SqlScriptsTestExecutionListener]
21:59:37.228 [main] INFO  o.s.t.c.w.WebTestContextBootstrapper - Using TestExecutionListeners: [org.springframework.test.context.web.ServletTestExecutionListener@715d9d0f, org.springframework.test.context.support.DirtiesContextBeforeModesTestExecutionListener@341ce4d9, org.springframework.test.context.support.DependencyInjectionTestExecutionListener@2b2f3983, org.springframework.test.context.support.DirtiesContextTestExecutionListener@3a9d80d, org.springframework.test.context.transaction.TransactionalTestExecutionListener@1e019892, org.springframework.test.context.jdbc.SqlScriptsTestExecutionListener@4de89da7, org.springframework.security.test.context.support.WithSecurityContextTestExecutionListener@1fd956b8]
21:59:37.229 [main] DEBUG o.s.t.annotation.ProfileValueUtils - Retrieved @ProfileValueSourceConfiguration [null] for test class [edu.ncsu.csc.itrust2.apitest.APIUserTest]
21:59:37.229 [main] DEBUG o.s.t.annotation.ProfileValueUtils - Retrieved ProfileValueSource type [class org.springframework.test.annotation.SystemProfileValueSource] for class [edu.ncsu.csc.itrust2.apitest.APIUserTest]
21:59:37.229 [main] DEBUG o.s.t.annotation.ProfileValueUtils - Retrieved @ProfileValueSourceConfiguration [null] for test class [edu.ncsu.csc.itrust2.apitest.APIUserTest]
21:59:37.229 [main] DEBUG o.s.t.annotation.ProfileValueUtils - Retrieved ProfileValueSource type [class org.springframework.test.annotation.SystemProfileValueSource] for class [edu.ncsu.csc.itrust2.apitest.APIUserTest]
21:59:37.229 [main] DEBUG o.s.t.annotation.ProfileValueUtils - Retrieved @ProfileValueSourceConfiguration [null] for test class [edu.ncsu.csc.itrust2.apitest.APIUserTest]
21:59:37.229 [main] DEBUG o.s.t.annotation.ProfileValueUtils - Retrieved ProfileValueSource type [class org.springframework.test.annotation.SystemProfileValueSource] for class [edu.ncsu.csc.itrust2.apitest.APIUserTest]
21:59:37.229 [main] DEBUG o.s.t.c.s.AbstractDirtiesContextTestExecutionListener - Before test class: context [DefaultTestContext@527d9cfe testClass = APIUserTest, testInstance = [null], testMethod = [null], testException = [null], mergedContextConfiguration = [WebMergedContextConfiguration@402a5b2b testClass = APIUserTest, locations = &apos;{}&apos;, classes = &apos;{class edu.ncsu.csc.itrust2.config.RootConfiguration, class edu.ncsu.csc.itrust2.mvc.config.WebMvcConfiguration}&apos;, contextInitializerClasses = &apos;[]&apos;, activeProfiles = &apos;{}&apos;, propertySourceLocations = &apos;{}&apos;, propertySourceProperties = &apos;{}&apos;, contextCustomizers = set[[empty]], resourceBasePath = &apos;src/main/webapp&apos;, contextLoader = &apos;org.springframework.test.context.web.WebDelegatingSmartContextLoader&apos;, parent = [null]]], class annotated with @DirtiesContext [false] with mode [null].
21:59:37.229 [main] DEBUG o.s.t.annotation.ProfileValueUtils - Retrieved @ProfileValueSourceConfiguration [null] for test class [edu.ncsu.csc.itrust2.apitest.APIUserTest]
21:59:37.229 [main] DEBUG o.s.t.annotation.ProfileValueUtils - Retrieved ProfileValueSource type [class org.springframework.test.annotation.SystemProfileValueSource] for class [edu.ncsu.csc.itrust2.apitest.APIUserTest]
21:59:37.230 [main] DEBUG o.s.t.c.s.AbstractDelegatingSmartContextLoader - Delegating to AnnotationConfigWebContextLoader to load context from [WebMergedContextConfiguration@402a5b2b testClass = APIUserTest, locations = &apos;{}&apos;, classes = &apos;{class edu.ncsu.csc.itrust2.config.RootConfiguration, class edu.ncsu.csc.itrust2.mvc.config.WebMvcConfiguration}&apos;, contextInitializerClasses = &apos;[]&apos;, activeProfiles = &apos;{}&apos;, propertySourceLocations = &apos;{}&apos;, propertySourceProperties = &apos;{}&apos;, contextCustomizers = set[[empty]], resourceBasePath = &apos;src/main/webapp&apos;, contextLoader = &apos;org.springframework.test.context.web.WebDelegatingSmartContextLoader&apos;, parent = [null]].
21:59:37.230 [main] DEBUG o.s.t.c.w.AbstractGenericWebContextLoader - Loading WebApplicationContext for merged context configuration [WebMergedContextConfiguration@402a5b2b testClass = APIUserTest, locations = &apos;{}&apos;, classes = &apos;{class edu.ncsu.csc.itrust2.config.RootConfiguration, class edu.ncsu.csc.itrust2.mvc.config.WebMvcConfiguration}&apos;, contextInitializerClasses = &apos;[]&apos;, activeProfiles = &apos;{}&apos;, propertySourceLocations = &apos;{}&apos;, propertySourceProperties = &apos;{}&apos;, contextCustomizers = set[[empty]], resourceBasePath = &apos;src/main/webapp&apos;, contextLoader = &apos;org.springframework.test.context.web.WebDelegatingSmartContextLoader&apos;, parent = [null]].
21:59:37.230 [main] DEBUG o.s.w.c.s.StandardServletEnvironment - Adding [servletConfigInitParams] PropertySource with lowest search precedence
21:59:37.230 [main] DEBUG o.s.w.c.s.StandardServletEnvironment - Adding [servletContextInitParams] PropertySource with lowest search precedence
21:59:37.231 [main] DEBUG o.s.w.c.s.StandardServletEnvironment - Adding [systemProperties] PropertySource with lowest search precedence
21:59:37.231 [main] DEBUG o.s.w.c.s.StandardServletEnvironment - Adding [systemEnvironment] PropertySource with lowest search precedence
21:59:37.231 [main] DEBUG o.s.w.c.s.StandardServletEnvironment - Initialized StandardServletEnvironment with PropertySources [servletConfigInitParams,servletContextInitParams,systemProperties,systemEnvironment]
21:59:37.231 [main] DEBUG o.s.t.c.w.AnnotationConfigWebContextLoader - Registering annotated classes: {class edu.ncsu.csc.itrust2.config.RootConfiguration, class edu.ncsu.csc.itrust2.mvc.config.WebMvcConfiguration}
21:59:37.232 [main] INFO  o.s.w.c.s.GenericWebApplicationContext - Refreshing org.springframework.web.context.support.GenericWebApplicationContext@4926e32c: startup date [Thu Mar 22 21:59:37 UTC 2018]; root of context hierarchy
21:59:37.232 [main] DEBUG o.s.w.c.s.StandardServletEnvironment - Replacing [servletContextInitParams] PropertySource with [servletContextInitParams]
21:59:37.232 [main] DEBUG o.s.w.c.s.GenericWebApplicationContext - Bean factory for org.springframework.web.context.support.GenericWebApplicationContext@4926e32c: org.springframework.beans.factory.support.DefaultListableBeanFactory@1c1f0026: defining beans [org.springframework.context.annotation.internalConfigurationAnnotationProcessor,org.springframework.context.annotation.internalAutowiredAnnotationProcessor,org.springframework.context.annotation.internalRequiredAnnotationProcessor,org.springframework.context.annotation.internalCommonAnnotationProcessor,org.springframework.context.annotation.internalPersistenceAnnotationProcessor,org.springframework.context.event.internalEventListenerProcessor,org.springframework.context.event.internalEventListenerFactory,rootConfiguration,webMvcConfiguration]; root of factory hierarchy
21:59:37.232 [main] DEBUG o.s.b.f.s.DefaultListableBeanFactory - Registering scope &apos;request&apos; with implementation [org.springframework.web.context.request.RequestScope@305a1158]
21:59:37.232 [main] DEBUG o.s.b.f.s.DefaultListableBeanFactory - Registering scope &apos;session&apos; with implementation [org.springframework.web.context.request.SessionScope@4e9bbbfc]
21:59:37.232 [main] DEBUG o.s.b.f.s.DefaultListableBeanFactory - Registering scope &apos;globalSession&apos; with implementation [org.springframework.web.context.request.SessionScope@2ae19c39]
21:59:37.232 [main] DEBUG o.s.b.f.s.DefaultListableBeanFactory - Registering scope &apos;application&apos; with implementation [org.springframework.web.context.support.ServletContextScope@570ed60f]
21:59:37.232 [main] DEBUG o.s.b.f.s.DefaultListableBeanFactory - Creating shared instance of singleton bean &apos;org.springframework.context.annotation.internalConfigurationAnnotationProcessor&apos;
21:59:37.232 [main] DEBUG o.s.b.f.s.DefaultListableBeanFactory - Creating instance of bean &apos;org.springframework.context.annotation.internalConfigurationAnnotationProcessor&apos;
21:59:37.232 [main] DEBUG o.s.b.f.s.DefaultListableBeanFactory - Eagerly caching bean &apos;org.springframework.context.annotation.internalConfigurationAnnotationProcessor&apos; to allow for resolving potential circular references
21:59:37.232 [main] DEBUG o.s.b.f.s.DefaultListableBeanFactory - Finished creating instance of bean &apos;org.springframework.context.annotation.internalConfigurationAnnotationProcessor&apos;
21:59:37.232 [main] DEBUG o.s.core.env.StandardEnvironment - Adding [systemProperties] PropertySource with lowest search precedence
21:59:37.232 [main] DEBUG o.s.core.env.StandardEnvironment - Adding [systemEnvironment] PropertySource with lowest search precedence
21:59:37.232 [main] DEBUG o.s.core.env.StandardEnvironment - Initialized StandardEnvironment with PropertySources [systemProperties,systemEnvironment]
21:59:37.233 [main] DEBUG o.s.c.i.s.PathMatchingResourcePatternResolver - Resolved classpath location [edu/ncsu/csc/itrust2/config/] to resources [URL [file:/var/lib/jenkins/jobs/iTrust_Fuzzer/workspace/iTrust2/target/classes/edu/ncsu/csc/itrust2/config/]]
21:59:37.233 [main] DEBUG o.s.c.i.s.PathMatchingResourcePatternResolver - Looking for matching resources in directory tree [/var/lib/jenkins/jobs/iTrust_Fuzzer/workspace/iTrust2/target/classes/edu/ncsu/csc/itrust2/config]
21:59:37.233 [main] DEBUG o.s.c.i.s.PathMatchingResourcePatternResolver - Searching directory [/var/lib/jenkins/jobs/iTrust_Fuzzer/workspace/iTrust2/target/classes/edu/ncsu/csc/itrust2/config] for files matching pattern [/var/lib/jenkins/jobs/iTrust_Fuzzer/workspace/iTrust2/target/classes/edu/ncsu/csc/itrust2/config/**/*.class]
21:59:37.234 [main] DEBUG o.s.c.i.s.PathMatchingResourcePatternResolver - Resolved location pattern [classpath*:edu/ncsu/csc/itrust2/config/**/*.class] to resources [file [/var/lib/jenkins/jobs/iTrust_Fuzzer/workspace/iTrust2/target/classes/edu/ncsu/csc/itrust2/config/ContextListener.class], file [/var/lib/jenkins/jobs/iTrust_Fuzzer/workspace/iTrust2/target/classes/edu/ncsu/csc/itrust2/config/DataConfiguration.class], file [/var/lib/jenkins/jobs/iTrust_Fuzzer/workspace/iTrust2/target/classes/edu/ncsu/csc/itrust2/config/FailureHandler.class], file [/var/lib/jenkins/jobs/iTrust_Fuzzer/workspace/iTrust2/target/classes/edu/ncsu/csc/itrust2/config/IPFilter.class], file [/var/lib/jenkins/jobs/iTrust_Fuzzer/workspace/iTrust2/target/classes/edu/ncsu/csc/itrust2/config/ITrust2ApplicationInitializer.class], file [/var/lib/jenkins/jobs/iTrust_Fuzzer/workspace/iTrust2/target/classes/edu/ncsu/csc/itrust2/config/ITrust2WebApplicationInitializer.class], file [/var/lib/jenkins/jobs/iTrust_Fuzzer/workspace/iTrust2/target/classes/edu/ncsu/csc/itrust2/config/LoginAuditingListener.class], file [/var/lib/jenkins/jobs/iTrust_Fuzzer/workspace/iTrust2/target/classes/edu/ncsu/csc/itrust2/config/RootConfiguration.class], file [/var/lib/jenkins/jobs/iTrust_Fuzzer/workspace/iTrust2/target/classes/edu/ncsu/csc/itrust2/config/SecurityConfig.class]]
21:59:37.234 [main] DEBUG o.s.c.a.ClassPathBeanDefinitionScanner - Identified candidate component class: file [/var/lib/jenkins/jobs/iTrust_Fuzzer/workspace/iTrust2/target/classes/edu/ncsu/csc/itrust2/config/DataConfiguration.class]
21:59:37.235 [main] DEBUG o.s.c.a.ClassPathBeanDefinitionScanner - Identified candidate component class: file [/var/lib/jenkins/jobs/iTrust_Fuzzer/workspace/iTrust2/target/classes/edu/ncsu/csc/itrust2/config/LoginAuditingListener.class]
21:59:37.235 [main] DEBUG o.s.c.a.ClassPathBeanDefinitionScanner - Identified candidate component class: file [/var/lib/jenkins/jobs/iTrust_Fuzzer/workspace/iTrust2/target/classes/edu/ncsu/csc/itrust2/config/SecurityConfig.class]
21:59:37.246 [main] DEBUG o.s.core.env.StandardEnvironment - Adding [systemProperties] PropertySource with lowest search precedence
21:59:37.246 [main] DEBUG o.s.core.env.StandardEnvironment - Adding [systemEnvironment] PropertySource with lowest search precedence
21:59:37.246 [main] DEBUG o.s.core.env.StandardEnvironment - Initialized StandardEnvironment with PropertySources [systemProperties,systemEnvironment]
21:59:37.246 [main] DEBUG o.s.c.i.s.PathMatchingResourcePatternResolver - Resolved classpath location [edu/ncsu/csc/itrust2/controllers/] to resources [URL [file:/var/lib/jenkins/jobs/iTrust_Fuzzer/workspace/iTrust2/target/classes/edu/ncsu/csc/itrust2/controllers/]]
21:59:37.247 [main] DEBUG o.s.c.i.s.PathMatchingResourcePatternResolver - Looking for matching resources in directory tree [/var/lib/jenkins/jobs/iTrust_Fuzzer/workspace/iTrust2/target/classes/edu/ncsu/csc/itrust2/controllers]
21:59:37.247 [main] DEBUG o.s.c.i.s.PathMatchingResourcePatternResolver - Searching directory [/var/lib/jenkins/jobs/iTrust_Fuzzer/workspace/iTrust2/target/classes/edu/ncsu/csc/itrust2/controllers] for files matching pattern [/var/lib/jenkins/jobs/iTrust_Fuzzer/workspace/iTrust2/target/classes/edu/ncsu/csc/itrust2/controllers/**/*.class]
21:59:37.247 [main] DEBUG o.s.c.i.s.PathMatchingResourcePatternResolver - Searching directory [/var/lib/jenkins/jobs/iTrust_Fuzzer/workspace/iTrust2/target/classes/edu/ncsu/csc/itrust2/controllers/admin] for files matching pattern [/var/lib/jenkins/jobs/iTrust_Fuzzer/workspace/iTrust2/target/classes/edu/ncsu/csc/itrust2/controllers/**/*.class]
21:59:37.247 [main] DEBUG o.s.c.i.s.PathMatchingResourcePatternResolver - Searching directory [/var/lib/jenkins/jobs/iTrust_Fuzzer/workspace/iTrust2/target/classes/edu/ncsu/csc/itrust2/controllers/api] for files matching pattern [/var/lib/jenkins/jobs/iTrust_Fuzzer/workspace/iTrust2/target/classes/edu/ncsu/csc/itrust2/controllers/**/*.class]
21:59:37.247 [main] DEBUG o.s.c.i.s.PathMatchingResourcePatternResolver - Searching directory [/var/lib/jenkins/jobs/iTrust_Fuzzer/workspace/iTrust2/target/classes/edu/ncsu/csc/itrust2/controllers/api/comm] for files matching pattern [/var/lib/jenkins/jobs/iTrust_Fuzzer/workspace/iTrust2/target/classes/edu/ncsu/csc/itrust2/controllers/**/*.class]
21:59:37.247 [main] DEBUG o.s.c.i.s.PathMatchingResourcePatternResolver - Searching directory [/var/lib/jenkins/jobs/iTrust_Fuzzer/workspace/iTrust2/target/classes/edu/ncsu/csc/itrust2/controllers/hcp] for files matching pattern [/var/lib/jenkins/jobs/iTrust_Fuzzer/workspace/iTrust2/target/classes/edu/ncsu/csc/itrust2/controllers/**/*.class]
21:59:37.247 [main] DEBUG o.s.c.i.s.PathMatchingResourcePatternResolver - Searching directory [/var/lib/jenkins/jobs/iTrust_Fuzzer/workspace/iTrust2/target/classes/edu/ncsu/csc/itrust2/controllers/patient] for files matching pattern [/var/lib/jenkins/jobs/iTrust_Fuzzer/workspace/iTrust2/target/classes/edu/ncsu/csc/itrust2/controllers/**/*.class]
21:59:37.248 [main] DEBUG o.s.c.i.s.PathMatchingResourcePatternResolver - Searching directory [/var/lib/jenkins/jobs/iTrust_Fuzzer/workspace/iTrust2/target/classes/edu/ncsu/csc/itrust2/controllers/personnel] for files matching pattern [/var/lib/jenkins/jobs/iTrust_Fuzzer/workspace/iTrust2/target/classes/edu/ncsu/csc/itrust2/controllers/**/*.class]
21:59:37.248 [main] DEBUG o.s.c.i.s.PathMatchingResourcePatternResolver - Resolved location pattern [classpath*:edu/ncsu/csc/itrust2/controllers/**/*.class] to resources [file [/var/lib/jenkins/jobs/iTrust_Fuzzer/workspace/iTrust2/target/classes/edu/ncsu/csc/itrust2/controllers/DefaultController.class], file [/var/lib/jenkins/jobs/iTrust_Fuzzer/workspace/iTrust2/target/classes/edu/ncsu/csc/itrust2/controllers/admin/AdminController.class], file [/var/lib/jenkins/jobs/iTrust_Fuzzer/workspace/iTrust2/target/classes/edu/ncsu/csc/itrust2/controllers/admin/AdminUserController$1.class], file [/var/lib/jenkins/jobs/iTrust_Fuzzer/workspace/iTrust2/target/classes/edu/ncsu/csc/itrust2/controllers/admin/AdminUserController.class], file [/var/lib/jenkins/jobs/iTrust_Fuzzer/workspace/iTrust2/target/classes/edu/ncsu/csc/itrust2/controllers/admin/HospitalController.class], file [/var/lib/jenkins/jobs/iTrust_Fuzzer/workspace/iTrust2/target/classes/edu/ncsu/csc/itrust2/controllers/admin/ICDCodesController.class], file [/var/lib/jenkins/jobs/iTrust_Fuzzer/workspace/iTrust2/target/classes/edu/ncsu/csc/itrust2/controllers/api/APIAppointmentRequestController.class], file [/var/lib/jenkins/jobs/iTrust_Fuzzer/workspace/iTrust2/target/classes/edu/ncsu/csc/itrust2/controllers/api/APIController$JSONResponse.class], file [/var/lib/jenkins/jobs/iTrust_Fuzzer/workspace/iTrust2/target/classes/edu/ncsu/csc/itrust2/controllers/api/APIController.class], file [/var/lib/jenkins/jobs/iTrust_Fuzzer/workspace/iTrust2/target/classes/edu/ncsu/csc/itrust2/controllers/api/APIDiagnosisController.class], file [/var/lib/jenkins/jobs/iTrust_Fuzzer/workspace/iTrust2/target/classes/edu/ncsu/csc/itrust2/controllers/api/APIDrugController.class], file [/var/lib/jenkins/jobs/iTrust_Fuzzer/workspace/iTrust2/target/classes/edu/ncsu/csc/itrust2/controllers/api/APIEnumController.class], file [/var/lib/jenkins/jobs/iTrust_Fuzzer/workspace/iTrust2/target/classes/edu/ncsu/csc/itrust2/controllers/api/APIHospitalController.class], file [/var/lib/jenkins/jobs/iTrust_Fuzzer/workspace/iTrust2/target/classes/edu/ncsu/csc/itrust2/controllers/api/APIICDCodeController.class], file [/var/lib/jenkins/jobs/iTrust_Fuzzer/workspace/iTrust2/target/classes/edu/ncsu/csc/itrust2/controllers/api/APILogEntryController.class], file [/var/lib/jenkins/jobs/iTrust_Fuzzer/workspace/iTrust2/target/classes/edu/ncsu/csc/itrust2/controllers/api/APIOfficeVisitController.class], file [/var/lib/jenkins/jobs/iTrust_Fuzzer/workspace/iTrust2/target/classes/edu/ncsu/csc/itrust2/controllers/api/APIPasswordController.class], file [/var/lib/jenkins/jobs/iTrust_Fuzzer/workspace/iTrust2/target/classes/edu/ncsu/csc/itrust2/controllers/api/APIPatientController.class], file [/var/lib/jenkins/jobs/iTrust_Fuzzer/workspace/iTrust2/target/classes/edu/ncsu/csc/itrust2/controllers/api/APIPersonnelController.class], file [/var/lib/jenkins/jobs/iTrust_Fuzzer/workspace/iTrust2/target/classes/edu/ncsu/csc/itrust2/controllers/api/APIPrescriptionController.class], file [/var/lib/jenkins/jobs/iTrust_Fuzzer/workspace/iTrust2/target/classes/edu/ncsu/csc/itrust2/controllers/api/APIUserController.class], file [/var/lib/jenkins/jobs/iTrust_Fuzzer/workspace/iTrust2/target/classes/edu/ncsu/csc/itrust2/controllers/api/comm/LogEntryRequestBody.class], file [/var/lib/jenkins/jobs/iTrust_Fuzzer/workspace/iTrust2/target/classes/edu/ncsu/csc/itrust2/controllers/api/comm/LogEntryTableRow.class], file [/var/lib/jenkins/jobs/iTrust_Fuzzer/workspace/iTrust2/target/classes/edu/ncsu/csc/itrust2/controllers/hcp/AppointmentControllerHCP.class], file [/var/lib/jenkins/jobs/iTrust_Fuzzer/workspace/iTrust2/target/classes/edu/ncsu/csc/itrust2/controllers/hcp/HCPController.class], file [/var/lib/jenkins/jobs/iTrust_Fuzzer/workspace/iTrust2/target/classes/edu/ncsu/csc/itrust2/controllers/hcp/OfficeVisitController.class], file [/var/lib/jenkins/jobs/iTrust_Fuzzer/workspace/iTrust2/target/classes/edu/ncsu/csc/itrust2/controllers/patient/AppointmentController.class], file [/var/lib/jenkins/jobs/iTrust_Fuzzer/workspace/iTrust2/target/classes/edu/ncsu/csc/itrust2/controllers/patient/DiagnosesController.class], file [/var/lib/jenkins/jobs/iTrust_Fuzzer/workspace/iTrust2/target/classes/edu/ncsu/csc/itrust2/controllers/patient/PatientController.class], file [/var/lib/jenkins/jobs/iTrust_Fuzzer/workspace/iTrust2/target/classes/edu/ncsu/csc/itrust2/controllers/personnel/PasswordController.class], file [/var/lib/jenkins/jobs/iTrust_Fuzzer/workspace/iTrust2/target/classes/edu/ncsu/csc/itrust2/controllers/personnel/UserController.class]]
21:59:37.249 [main] DEBUG o.s.c.a.ClassPathBeanDefinitionScanner - Identified candidate component class: file [/var/lib/jenkins/jobs/iTrust_Fuzzer/workspace/iTrust2/target/classes/edu/ncsu/csc/itrust2/controllers/DefaultController.class]
21:59:37.249 [main] DEBUG o.s.c.a.ClassPathBeanDefinitionScanner - Identified candidate component class: file [/var/lib/jenkins/jobs/iTrust_Fuzzer/workspace/iTrust2/target/classes/edu/ncsu/csc/itrust2/controllers/admin/AdminController.class]
21:59:37.250 [main] DEBUG o.s.c.a.ClassPathBeanDefinitionScanner - Identified candidate component class: file [/var/lib/jenkins/jobs/iTrust_Fuzzer/workspace/iTrust2/target/classes/edu/ncsu/csc/itrust2/controllers/admin/AdminUserController.class]
21:59:37.250 [main] DEBUG o.s.c.a.ClassPathBeanDefinitionScanner - Identified candidate component class: file [/var/lib/jenkins/jobs/iTrust_Fuzzer/workspace/iTrust2/target/classes/edu/ncsu/csc/itrust2/controllers/admin/HospitalController.class]
21:59:37.250 [main] DEBUG o.s.c.a.ClassPathBeanDefinitionScanner - Identified candidate component class: file [/var/lib/jenkins/jobs/iTrust_Fuzzer/workspace/iTrust2/target/classes/edu/ncsu/csc/itrust2/controllers/admin/ICDCodesController.class]
21:59:37.251 [main] DEBUG o.s.c.a.ClassPathBeanDefinitionScanner - Identified candidate component class: file [/var/lib/jenkins/jobs/iTrust_Fuzzer/workspace/iTrust2/target/classes/edu/ncsu/csc/itrust2/controllers/api/APIAppointmentRequestController.class]
21:59:37.251 [main] DEBUG o.s.c.a.ClassPathBeanDefinitionScanner - Identified candidate component class: file [/var/lib/jenkins/jobs/iTrust_Fuzzer/workspace/iTrust2/target/classes/edu/ncsu/csc/itrust2/controllers/api/APIDiagnosisController.class]
21:59:37.252 [main] DEBUG o.s.c.a.ClassPathBeanDefinitionScanner - Identified candidate component class: file [/var/lib/jenkins/jobs/iTrust_Fuzzer/workspace/iTrust2/target/classes/edu/ncsu/csc/itrust2/controllers/api/APIDrugController.class]
21:59:37.253 [main] DEBUG o.s.c.a.ClassPathBeanDefinitionScanner - Identified candidate component class: file [/var/lib/jenkins/jobs/iTrust_Fuzzer/workspace/iTrust2/target/classes/edu/ncsu/csc/itrust2/controllers/api/APIEnumController.class]
21:59:37.253 [main] DEBUG o.s.c.a.ClassPathBeanDefinitionScanner - Identified candidate component class: file [/var/lib/jenkins/jobs/iTrust_Fuzzer/workspace/iTrust2/target/classes/edu/ncsu/csc/itrust2/controllers/api/APIHospitalController.class]
21:59:37.253 [main] DEBUG o.s.c.a.ClassPathBeanDefinitionScanner - Identified candidate component class: file [/var/lib/jenkins/jobs/iTrust_Fuzzer/workspace/iTrust2/target/classes/edu/ncsu/csc/itrust2/controllers/api/APIICDCodeController.class]
21:59:37.254 [main] DEBUG o.s.c.a.ClassPathBeanDefinitionScanner - Identified candidate component class: file [/var/lib/jenkins/jobs/iTrust_Fuzzer/workspace/iTrust2/target/classes/edu/ncsu/csc/itrust2/controllers/api/APILogEntryController.class]
21:59:37.254 [main] DEBUG o.s.c.a.ClassPathBeanDefinitionScanner - Identified candidate component class: file [/var/lib/jenkins/jobs/iTrust_Fuzzer/workspace/iTrust2/target/classes/edu/ncsu/csc/itrust2/controllers/api/APIOfficeVisitController.class]
21:59:37.255 [main] DEBUG o.s.c.a.ClassPathBeanDefinitionScanner - Identified candidate component class: file [/var/lib/jenkins/jobs/iTrust_Fuzzer/workspace/iTrust2/target/classes/edu/ncsu/csc/itrust2/controllers/api/APIPasswordController.class]
21:59:37.255 [main] DEBUG o.s.c.a.ClassPathBeanDefinitionScanner - Identified candidate component class: file [/var/lib/jenkins/jobs/iTrust_Fuzzer/workspace/iTrust2/target/classes/edu/ncsu/csc/itrust2/controllers/api/APIPatientController.class]
21:59:37.256 [main] DEBUG o.s.c.a.ClassPathBeanDefinitionScanner - Identified candidate component class: file [/var/lib/jenkins/jobs/iTrust_Fuzzer/workspace/iTrust2/target/classes/edu/ncsu/csc/itrust2/controllers/api/APIPersonnelController.class]
21:59:37.256 [main] DEBUG o.s.c.a.ClassPathBeanDefinitionScanner - Identified candidate component class: file [/var/lib/jenkins/jobs/iTrust_Fuzzer/workspace/iTrust2/target/classes/edu/ncsu/csc/itrust2/controllers/api/APIPrescriptionController.class]
21:59:37.257 [main] DEBUG o.s.c.a.ClassPathBeanDefinitionScanner - Identified candidate component class: file [/var/lib/jenkins/jobs/iTrust_Fuzzer/workspace/iTrust2/target/classes/edu/ncsu/csc/itrust2/controllers/api/APIUserController.class]
21:59:37.257 [main] DEBUG o.s.c.a.ClassPathBeanDefinitionScanner - Identified candidate component class: file [/var/lib/jenkins/jobs/iTrust_Fuzzer/workspace/iTrust2/target/classes/edu/ncsu/csc/itrust2/controllers/hcp/AppointmentControllerHCP.class]
21:59:37.257 [main] DEBUG o.s.c.a.ClassPathBeanDefinitionScanner - Identified candidate component class: file [/var/lib/jenkins/jobs/iTrust_Fuzzer/workspace/iTrust2/target/classes/edu/ncsu/csc/itrust2/controllers/hcp/HCPController.class]
21:59:37.258 [main] DEBUG o.s.c.a.ClassPathBeanDefinitionScanner - Identified candidate component class: file [/var/lib/jenkins/jobs/iTrust_Fuzzer/workspace/iTrust2/target/classes/edu/ncsu/csc/itrust2/controllers/hcp/OfficeVisitController.class]
21:59:37.258 [main] DEBUG o.s.c.a.ClassPathBeanDefinitionScanner - Identified candidate component class: file [/var/lib/jenkins/jobs/iTrust_Fuzzer/workspace/iTrust2/target/classes/edu/ncsu/csc/itrust2/controllers/patient/AppointmentController.class]
21:59:37.258 [main] DEBUG o.s.c.a.ClassPathBeanDefinitionScanner - Identified candidate component class: file [/var/lib/jenkins/jobs/iTrust_Fuzzer/workspace/iTrust2/target/classes/edu/ncsu/csc/itrust2/controllers/patient/DiagnosesController.class]
21:59:37.259 [main] DEBUG o.s.c.a.ClassPathBeanDefinitionScanner - Identified candidate component class: file [/var/lib/jenkins/jobs/iTrust_Fuzzer/workspace/iTrust2/target/classes/edu/ncsu/csc/itrust2/controllers/patient/PatientController.class]
21:59:37.259 [main] DEBUG o.s.c.a.ClassPathBeanDefinitionScanner - Identified candidate component class: file [/var/lib/jenkins/jobs/iTrust_Fuzzer/workspace/iTrust2/target/classes/edu/ncsu/csc/itrust2/controllers/personnel/PasswordController.class]
21:59:37.259 [main] DEBUG o.s.c.a.ClassPathBeanDefinitionScanner - Identified candidate component class: file [/var/lib/jenkins/jobs/iTrust_Fuzzer/workspace/iTrust2/target/classes/edu/ncsu/csc/itrust2/controllers/personnel/UserController.class]
21:59:37.260 [main] DEBUG o.s.c.i.s.PathMatchingResourcePatternResolver - Resolved classpath location [edu/ncsu/csc/itrust2/config/] to resources [URL [file:/var/lib/jenkins/jobs/iTrust_Fuzzer/workspace/iTrust2/target/classes/edu/ncsu/csc/itrust2/config/]]
21:59:37.260 [main] DEBUG o.s.c.i.s.PathMatchingResourcePatternResolver - Looking for matching resources in directory tree [/var/lib/jenkins/jobs/iTrust_Fuzzer/workspace/iTrust2/target/classes/edu/ncsu/csc/itrust2/config]
21:59:37.260 [main] DEBUG o.s.c.i.s.PathMatchingResourcePatternResolver - Searching directory [/var/lib/jenkins/jobs/iTrust_Fuzzer/workspace/iTrust2/target/classes/edu/ncsu/csc/itrust2/config] for files matching pattern [/var/lib/jenkins/jobs/iTrust_Fuzzer/workspace/iTrust2/target/classes/edu/ncsu/csc/itrust2/config/**/*.class]
21:59:37.260 [main] DEBUG o.s.c.i.s.PathMatchingResourcePatternResolver - Resolved location pattern [classpath*:edu/ncsu/csc/itrust2/config/**/*.class] to resources [file [/var/lib/jenkins/jobs/iTrust_Fuzzer/workspace/iTrust2/target/classes/edu/ncsu/csc/itrust2/config/ContextListener.class], file [/var/lib/jenkins/jobs/iTrust_Fuzzer/workspace/iTrust2/target/classes/edu/ncsu/csc/itrust2/config/DataConfiguration.class], file [/var/lib/jenkins/jobs/iTrust_Fuzzer/workspace/iTrust2/target/classes/edu/ncsu/csc/itrust2/config/FailureHandler.class], file [/var/lib/jenkins/jobs/iTrust_Fuzzer/workspace/iTrust2/target/classes/edu/ncsu/csc/itrust2/config/IPFilter.class], file [/var/lib/jenkins/jobs/iTrust_Fuzzer/workspace/iTrust2/target/classes/edu/ncsu/csc/itrust2/config/ITrust2ApplicationInitializer.class], file [/var/lib/jenkins/jobs/iTrust_Fuzzer/workspace/iTrust2/target/classes/edu/ncsu/csc/itrust2/config/ITrust2WebApplicationInitializer.class], file [/var/lib/jenkins/jobs/iTrust_Fuzzer/workspace/iTrust2/target/classes/edu/ncsu/csc/itrust2/config/LoginAuditingListener.class], file [/var/lib/jenkins/jobs/iTrust_Fuzzer/workspace/iTrust2/target/classes/edu/ncsu/csc/itrust2/config/RootConfiguration.class], file [/var/lib/jenkins/jobs/iTrust_Fuzzer/workspace/iTrust2/target/classes/edu/ncsu/csc/itrust2/config/SecurityConfig.class]]
21:59:37.260 [main] DEBUG o.s.c.a.ClassPathBeanDefinitionScanner - Identified candidate component class: file [/var/lib/jenkins/jobs/iTrust_Fuzzer/workspace/iTrust2/target/classes/edu/ncsu/csc/itrust2/config/DataConfiguration.class]
21:59:37.261 [main] DEBUG o.s.c.a.ClassPathBeanDefinitionScanner - Identified candidate component class: file [/var/lib/jenkins/jobs/iTrust_Fuzzer/workspace/iTrust2/target/classes/edu/ncsu/csc/itrust2/config/LoginAuditingListener.class]
21:59:37.261 [main] DEBUG o.s.c.a.ClassPathBeanDefinitionScanner - Identified candidate component class: file [/var/lib/jenkins/jobs/iTrust_Fuzzer/workspace/iTrust2/target/classes/edu/ncsu/csc/itrust2/config/RootConfiguration.class]
21:59:37.261 [main] DEBUG o.s.c.a.ClassPathBeanDefinitionScanner - Identified candidate component class: file [/var/lib/jenkins/jobs/iTrust_Fuzzer/workspace/iTrust2/target/classes/edu/ncsu/csc/itrust2/config/SecurityConfig.class]
21:59:37.279 [main] DEBUG o.s.c.a.ConfigurationClassBeanDefinitionReader - Registering bean definition for @Bean method edu.ncsu.csc.itrust2.config.DataConfiguration.dataSource()
21:59:37.279 [main] DEBUG o.s.c.a.ConfigurationClassBeanDefinitionReader - Registered bean definition for imported class &apos;org.springframework.security.config.annotation.configuration.ObjectPostProcessorConfiguration&apos;
21:59:37.280 [main] DEBUG o.s.c.a.ConfigurationClassBeanDefinitionReader - Registering bean definition for @Bean method org.springframework.security.config.annotation.configuration.ObjectPostProcessorConfiguration.objectPostProcessor()
21:59:37.280 [main] DEBUG o.s.c.a.ConfigurationClassBeanDefinitionReader - Registered bean definition for imported class &apos;org.springframework.security.config.annotation.authentication.configuration.AuthenticationConfiguration&apos;
21:59:37.280 [main] DEBUG o.s.c.a.ConfigurationClassBeanDefinitionReader - Registering bean definition for @Bean method org.springframework.security.config.annotation.authentication.configuration.AuthenticationConfiguration.authenticationManagerBuilder()
21:59:37.280 [main] DEBUG o.s.c.a.ConfigurationClassBeanDefinitionReader - Registering bean definition for @Bean method org.springframework.security.config.annotation.authentication.configuration.AuthenticationConfiguration.enableGlobalAuthenticationAutowiredConfigurer()
21:59:37.280 [main] DEBUG o.s.c.a.ConfigurationClassBeanDefinitionReader - Registering bean definition for @Bean method org.springframework.security.config.annotation.authentication.configuration.AuthenticationConfiguration.initializeUserDetailsBeanManagerConfigurer()
21:59:37.280 [main] DEBUG o.s.c.a.ConfigurationClassBeanDefinitionReader - Registering bean definition for @Bean method org.springframework.security.config.annotation.authentication.configuration.AuthenticationConfiguration.initializeAuthenticationProviderBeanManagerConfigurer()
21:59:37.280 [main] DEBUG o.s.c.a.ConfigurationClassBeanDefinitionReader - Registered bean definition for imported class &apos;org.springframework.security.config.annotation.web.configuration.WebSecurityConfiguration&apos;
21:59:37.280 [main] DEBUG o.s.c.a.ConfigurationClassBeanDefinitionReader - Registering bean definition for @Bean method org.springframework.security.config.annotation.web.configuration.WebSecurityConfiguration.delegatingApplicationListener()
21:59:37.280 [main] DEBUG o.s.c.a.ConfigurationClassBeanDefinitionReader - Registering bean definition for @Bean method org.springframework.security.config.annotation.web.configuration.WebSecurityConfiguration.webSecurityExpressionHandler()
21:59:37.280 [main] DEBUG o.s.c.a.ConfigurationClassBeanDefinitionReader - Registering bean definition for @Bean method org.springframework.security.config.annotation.web.configuration.WebSecurityConfiguration.springSecurityFilterChain()
21:59:37.280 [main] DEBUG o.s.c.a.ConfigurationClassBeanDefinitionReader - Registering bean definition for @Bean method org.springframework.security.config.annotation.web.configuration.WebSecurityConfiguration.privilegeEvaluator()
21:59:37.280 [main] DEBUG o.s.c.a.ConfigurationClassBeanDefinitionReader - Registering bean definition for @Bean method org.springframework.security.config.annotation.web.configuration.WebSecurityConfiguration.autowiredWebSecurityConfigurersIgnoreParents()
21:59:37.280 [main] DEBUG o.s.c.a.ConfigurationClassBeanDefinitionReader - Registered bean definition for imported class &apos;org.springframework.security.config.annotation.web.configuration.WebMvcSecurityConfiguration&apos;
21:59:37.280 [main] DEBUG o.s.c.a.ConfigurationClassBeanDefinitionReader - Registering bean definition for @Bean method org.springframework.security.config.annotation.web.configuration.WebMvcSecurityConfiguration.requestDataValueProcessor()
21:59:37.280 [main] DEBUG o.s.c.a.ConfigurationClassBeanDefinitionReader - Registering bean definition for @Bean method edu.ncsu.csc.itrust2.config.SecurityConfig.passwordEncoder()
21:59:37.280 [main] DEBUG o.s.c.a.ConfigurationClassBeanDefinitionReader - Registering bean definition for @Bean method edu.ncsu.csc.itrust2.config.SecurityConfig.defaultAuthenticationEventPublisher()
21:59:37.280 [main] DEBUG o.s.c.a.ConfigurationClassBeanDefinitionReader - Registering bean definition for @Bean method edu.ncsu.csc.itrust2.config.SecurityConfig.failureHandler()
21:59:37.280 [main] DEBUG o.s.c.a.ConfigurationClassBeanDefinitionReader - Registering bean definition for @Bean method edu.ncsu.csc.itrust2.config.SecurityConfig.ipBlockFilter()
21:59:37.280 [main] DEBUG o.s.c.a.ConfigurationClassBeanDefinitionReader - Registered bean definition for imported class &apos;org.springframework.web.servlet.config.annotation.DelegatingWebMvcConfiguration&apos;
21:59:37.281 [main] DEBUG o.s.c.a.ConfigurationClassBeanDefinitionReader - Registering bean definition for @Bean method org.springframework.web.servlet.config.annotation.DelegatingWebMvcConfiguration.mvcConversionService()
21:59:37.281 [main] DEBUG o.s.c.a.ConfigurationClassBeanDefinitionReader - Registering bean definition for @Bean method org.springframework.web.servlet.config.annotation.DelegatingWebMvcConfiguration.requestMappingHandlerMapping()
21:59:37.281 [main] DEBUG o.s.c.a.ConfigurationClassBeanDefinitionReader - Registering bean definition for @Bean method org.springframework.web.servlet.config.annotation.DelegatingWebMvcConfiguration.mvcPathMatcher()
21:59:37.281 [main] DEBUG o.s.c.a.ConfigurationClassBeanDefinitionReader - Registering bean definition for @Bean method org.springframework.web.servlet.config.annotation.DelegatingWebMvcConfiguration.mvcUrlPathHelper()
21:59:37.281 [main] DEBUG o.s.c.a.ConfigurationClassBeanDefinitionReader - Registering bean definition for @Bean method org.springframework.web.servlet.config.annotation.DelegatingWebMvcConfiguration.mvcContentNegotiationManager()
21:59:37.281 [main] DEBUG o.s.c.a.ConfigurationClassBeanDefinitionReader - Registering bean definition for @Bean method org.springframework.web.servlet.config.annotation.DelegatingWebMvcConfiguration.viewControllerHandlerMapping()
21:59:37.281 [main] DEBUG o.s.c.a.ConfigurationClassBeanDefinitionReader - Registering bean definition for @Bean method org.springframework.web.servlet.config.annotation.DelegatingWebMvcConfiguration.beanNameHandlerMapping()
21:59:37.281 [main] DEBUG o.s.c.a.ConfigurationClassBeanDefinitionReader - Registering bean definition for @Bean method org.springframework.web.servlet.config.annotation.DelegatingWebMvcConfiguration.resourceHandlerMapping()
21:59:37.281 [main] DEBUG o.s.c.a.ConfigurationClassBeanDefinitionReader - Registering bean definition for @Bean method org.springframework.web.servlet.config.annotation.DelegatingWebMvcConfiguration.mvcResourceUrlProvider()
21:59:37.281 [main] DEBUG o.s.c.a.ConfigurationClassBeanDefinitionReader - Registering bean definition for @Bean method org.springframework.web.servlet.config.annotation.DelegatingWebMvcConfiguration.defaultServletHandlerMapping()
21:59:37.281 [main] DEBUG o.s.c.a.ConfigurationClassBeanDefinitionReader - Registering bean definition for @Bean method org.springframework.web.servlet.config.annotation.DelegatingWebMvcConfiguration.requestMappingHandlerAdapter()
21:59:37.281 [main] DEBUG o.s.c.a.ConfigurationClassBeanDefinitionReader - Registering bean definition for @Bean method org.springframework.web.servlet.config.annotation.DelegatingWebMvcConfiguration.mvcValidator()
21:59:37.281 [main] DEBUG o.s.c.a.ConfigurationClassBeanDefinitionReader - Registering bean definition for @Bean method org.springframework.web.servlet.config.annotation.DelegatingWebMvcConfiguration.mvcUriComponentsContributor()
21:59:37.282 [main] DEBUG o.s.c.a.ConfigurationClassBeanDefinitionReader - Registering bean definition for @Bean method org.springframework.web.servlet.config.annotation.DelegatingWebMvcConfiguration.httpRequestHandlerAdapter()
21:59:37.282 [main] DEBUG o.s.c.a.ConfigurationClassBeanDefinitionReader - Registering bean definition for @Bean method org.springframework.web.servlet.config.annotation.DelegatingWebMvcConfiguration.simpleControllerHandlerAdapter()
21:59:37.282 [main] DEBUG o.s.c.a.ConfigurationClassBeanDefinitionReader - Registering bean definition for @Bean method org.springframework.web.servlet.config.annotation.DelegatingWebMvcConfiguration.handlerExceptionResolver()
21:59:37.282 [main] DEBUG o.s.c.a.ConfigurationClassBeanDefinitionReader - Registering bean definition for @Bean method org.springframework.web.servlet.config.annotation.DelegatingWebMvcConfiguration.mvcViewResolver()
21:59:37.282 [main] DEBUG o.s.c.a.ConfigurationClassBeanDefinitionReader - Registered bean definition for imported class &apos;org.springframework.security.config.annotation.method.configuration.GlobalMethodSecurityConfiguration&apos;
21:59:37.282 [main] DEBUG o.s.c.a.ConfigurationClassBeanDefinitionReader - Registering bean definition for @Bean method org.springframework.security.config.annotation.method.configuration.GlobalMethodSecurityConfiguration.methodSecurityInterceptor()
21:59:37.282 [main] DEBUG o.s.c.a.ConfigurationClassBeanDefinitionReader - Registering bean definition for @Bean method org.springframework.security.config.annotation.method.configuration.GlobalMethodSecurityConfiguration.methodSecurityMetadataSource()
21:59:37.282 [main] DEBUG o.s.c.a.ConfigurationClassBeanDefinitionReader - Registering bean definition for @Bean method org.springframework.security.config.annotation.method.configuration.GlobalMethodSecurityConfiguration.preInvocationAuthorizationAdvice()
21:59:37.282 [main] DEBUG o.s.c.a.ConfigurationClassBeanDefinitionReader - Registering bean definition for @Bean method edu.ncsu.csc.itrust2.mvc.config.WebMvcConfiguration.viewResolver()
21:59:37.282 [main] DEBUG o.s.c.a.ConfigurationClassBeanDefinitionReader - Registering bean definition for @Bean method edu.ncsu.csc.itrust2.mvc.config.WebMvcConfiguration.templateEngine()
21:59:37.282 [main] DEBUG o.s.c.a.ConfigurationClassBeanDefinitionReader - Registering bean definition for @Bean method edu.ncsu.csc.itrust2.mvc.config.WebMvcConfiguration.domainClassConverter()
21:59:37.284 [main] DEBUG o.s.c.a.ConfigurationClassEnhancer - Successfully enhanced edu.ncsu.csc.itrust2.config.RootConfiguration; enhanced class name is: edu.ncsu.csc.itrust2.config.RootConfiguration$$EnhancerBySpringCGLIB$$c1d00685
21:59:37.284 [main] DEBUG o.s.c.a.ConfigurationClassPostProcessor - Replacing bean definition &apos;rootConfiguration&apos; existing class &apos;edu.ncsu.csc.itrust2.config.RootConfiguration&apos; with enhanced class &apos;edu.ncsu.csc.itrust2.config.RootConfiguration$$EnhancerBySpringCGLIB$$c1d00685&apos;
21:59:37.284 [main] DEBUG o.s.c.a.ConfigurationClassEnhancer - Successfully enhanced edu.ncsu.csc.itrust2.mvc.config.WebMvcConfiguration; enhanced class name is: edu.ncsu.csc.itrust2.mvc.config.WebMvcConfiguration$$EnhancerBySpringCGLIB$$de7b09d5
21:59:37.284 [main] DEBUG o.s.c.a.ConfigurationClassPostProcessor - Replacing bean definition &apos;webMvcConfiguration&apos; existing class &apos;edu.ncsu.csc.itrust2.mvc.config.WebMvcConfiguration&apos; with enhanced class &apos;edu.ncsu.csc.itrust2.mvc.config.WebMvcConfiguration$$EnhancerBySpringCGLIB$$de7b09d5&apos;
21:59:37.284 [main] DEBUG o.s.c.a.ConfigurationClassEnhancer - Successfully enhanced edu.ncsu.csc.itrust2.config.DataConfiguration; enhanced class name is: edu.ncsu.csc.itrust2.config.DataConfiguration$$EnhancerBySpringCGLIB$$60f4bbd
21:59:37.284 [main] DEBUG o.s.c.a.ConfigurationClassPostProcessor - Replacing bean definition &apos;dataConfiguration&apos; existing class &apos;edu.ncsu.csc.itrust2.config.DataConfiguration&apos; with enhanced class &apos;edu.ncsu.csc.itrust2.config.DataConfiguration$$EnhancerBySpringCGLIB$$60f4bbd&apos;
21:59:37.284 [main] DEBUG o.s.c.a.ConfigurationClassEnhancer - Successfully enhanced edu.ncsu.csc.itrust2.config.SecurityConfig; enhanced class name is: edu.ncsu.csc.itrust2.config.SecurityConfig$$EnhancerBySpringCGLIB$$f88fd361
21:59:37.284 [main] DEBUG o.s.c.a.ConfigurationClassPostProcessor - Replacing bean definition &apos;securityConfig&apos; existing class &apos;edu.ncsu.csc.itrust2.config.SecurityConfig&apos; with enhanced class &apos;edu.ncsu.csc.itrust2.config.SecurityConfig$$EnhancerBySpringCGLIB$$f88fd361&apos;
21:59:37.284 [main] DEBUG o.s.c.a.ConfigurationClassEnhancer - Successfully enhanced org.springframework.security.config.annotation.configuration.ObjectPostProcessorConfiguration; enhanced class name is: org.springframework.security.config.annotation.configuration.ObjectPostProcessorConfiguration$$EnhancerBySpringCGLIB$$6851d2d
21:59:37.284 [main] DEBUG o.s.c.a.ConfigurationClassPostProcessor - Replacing bean definition &apos;org.springframework.security.config.annotation.configuration.ObjectPostProcessorConfiguration&apos; existing class &apos;org.springframework.security.config.annotation.configuration.ObjectPostProcessorConfiguration&apos; with enhanced class &apos;org.springframework.security.config.annotation.configuration.ObjectPostProcessorConfiguration$$EnhancerBySpringCGLIB$$6851d2d&apos;
21:59:37.284 [main] DEBUG o.s.c.a.ConfigurationClassEnhancer - Successfully enhanced org.springframework.security.config.annotation.authentication.configuration.AuthenticationConfiguration; enhanced class name is: org.springframework.security.config.annotation.authentication.configuration.AuthenticationConfiguration$$EnhancerBySpringCGLIB$$524e27a2
21:59:37.285 [main] DEBUG o.s.c.a.ConfigurationClassPostProcessor - Replacing bean definition &apos;org.springframework.security.config.annotation.authentication.configuration.AuthenticationConfiguration&apos; existing class &apos;org.springframework.security.config.annotation.authentication.configuration.AuthenticationConfiguration&apos; with enhanced class &apos;org.springframework.security.config.annotation.authentication.configuration.AuthenticationConfiguration$$EnhancerBySpringCGLIB$$524e27a2&apos;
21:59:37.285 [main] DEBUG o.s.c.a.ConfigurationClassEnhancer - Successfully enhanced org.springframework.security.config.annotation.authentication.configuration.AuthenticationConfiguration; enhanced class name is: org.springframework.security.config.annotation.authentication.configuration.AuthenticationConfiguration$$EnhancerBySpringCGLIB$$524e27a2
21:59:37.285 [main] DEBUG o.s.c.a.ConfigurationClassPostProcessor - Replacing bean definition &apos;enableGlobalAuthenticationAutowiredConfigurer&apos; existing class &apos;org.springframework.security.config.annotation.authentication.configuration.AuthenticationConfiguration&apos; with enhanced class &apos;org.springframework.security.config.annotation.authentication.configuration.AuthenticationConfiguration$$EnhancerBySpringCGLIB$$524e27a2&apos;
21:59:37.285 [main] DEBUG o.s.c.a.ConfigurationClassEnhancer - Successfully enhanced org.springframework.security.config.annotation.authentication.configuration.AuthenticationConfiguration; enhanced class name is: org.springframework.security.config.annotation.authentication.configuration.AuthenticationConfiguration$$EnhancerBySpringCGLIB$$524e27a2
21:59:37.285 [main] DEBUG o.s.c.a.ConfigurationClassPostProcessor - Replacing bean definition &apos;initializeUserDetailsBeanManagerConfigurer&apos; existing class &apos;org.springframework.security.config.annotation.authentication.configuration.AuthenticationConfiguration&apos; with enhanced class &apos;org.springframework.security.config.annotation.authentication.configuration.AuthenticationConfiguration$$EnhancerBySpringCGLIB$$524e27a2&apos;
21:59:37.285 [main] DEBUG o.s.c.a.ConfigurationClassEnhancer - Successfully enhanced org.springframework.security.config.annotation.authentication.configuration.AuthenticationConfiguration; enhanced class name is: org.springframework.security.config.annotation.authentication.configuration.AuthenticationConfiguration$$EnhancerBySpringCGLIB$$524e27a2
21:59:37.285 [main] DEBUG o.s.c.a.ConfigurationClassPostProcessor - Replacing bean definition &apos;initializeAuthenticationProviderBeanManagerConfigurer&apos; existing class &apos;org.springframework.security.config.annotation.authentication.configuration.AuthenticationConfiguration&apos; with enhanced class &apos;org.springframework.security.config.annotation.authentication.configuration.AuthenticationConfiguration$$EnhancerBySpringCGLIB$$524e27a2&apos;
21:59:37.285 [main] DEBUG o.s.c.a.ConfigurationClassEnhancer - Successfully enhanced org.springframework.security.config.annotation.web.configuration.WebSecurityConfiguration; enhanced class name is: org.springframework.security.config.annotation.web.configuration.WebSecurityConfiguration$$EnhancerBySpringCGLIB$$150881e6
21:59:37.285 [main] DEBUG o.s.c.a.ConfigurationClassPostProcessor - Replacing bean definition &apos;org.springframework.security.config.annotation.web.configuration.WebSecurityConfiguration&apos; existing class &apos;org.springframework.security.config.annotation.web.configuration.WebSecurityConfiguration&apos; with enhanced class &apos;org.springframework.security.config.annotation.web.configuration.WebSecurityConfiguration$$EnhancerBySpringCGLIB$$150881e6&apos;
21:59:37.285 [main] DEBUG o.s.c.a.ConfigurationClassEnhancer - Successfully enhanced org.springframework.security.config.annotation.web.configuration.WebSecurityConfiguration; enhanced class name is: org.springframework.security.config.annotation.web.configuration.WebSecurityConfiguration$$EnhancerBySpringCGLIB$$150881e6
21:59:37.285 [main] DEBUG o.s.c.a.ConfigurationClassPostProcessor - Replacing bean definition &apos;delegatingApplicationListener&apos; existing class &apos;org.springframework.security.config.annotation.web.configuration.WebSecurityConfiguration&apos; with enhanced class &apos;org.springframework.security.config.annotation.web.configuration.WebSecurityConfiguration$$EnhancerBySpringCGLIB$$150881e6&apos;
21:59:37.285 [main] DEBUG o.s.c.a.ConfigurationClassEnhancer - Successfully enhanced org.springframework.web.servlet.config.annotation.DelegatingWebMvcConfiguration; enhanced class name is: org.springframework.web.servlet.config.annotation.DelegatingWebMvcConfiguration$$EnhancerBySpringCGLIB$$32983a29
21:59:37.285 [main] DEBUG o.s.c.a.ConfigurationClassPostProcessor - Replacing bean definition &apos;org.springframework.web.servlet.config.annotation.DelegatingWebMvcConfiguration&apos; existing class &apos;org.springframework.web.servlet.config.annotation.DelegatingWebMvcConfiguration&apos; with enhanced class &apos;org.springframework.web.servlet.config.annotation.DelegatingWebMvcConfiguration$$EnhancerBySpringCGLIB$$32983a29&apos;
21:59:37.285 [main] DEBUG o.s.c.a.ConfigurationClassEnhancer - Successfully enhanced org.springframework.security.config.annotation.method.configuration.GlobalMethodSecurityConfiguration; enhanced class name is: org.springframework.security.config.annotation.method.configuration.GlobalMethodSecurityConfiguration$$EnhancerBySpringCGLIB$$2b59bfdf
21:59:37.285 [main] DEBUG o.s.c.a.ConfigurationClassP
...[truncated 195471 chars]...
g.String edu.ncsu.csc.itrust2.controllers.patient.PatientController.viewDemographics(org.springframework.ui.Model)]] with attributes [[authorize: &apos;hasRole(&apos;ROLE_PATIENT&apos;)&apos;, filter: &apos;null&apos;, filterTarget: &apos;null&apos;]]
21:59:37.551 [main] DEBUG o.s.aop.framework.CglibAopProxy - Unable to apply any optimisations to advised method: public java.lang.String edu.ncsu.csc.itrust2.controllers.patient.PatientController.viewDemographics(org.springframework.ui.Model)
21:59:37.551 [main] DEBUG o.s.s.a.p.PrePostAnnotationSecurityMetadataSource - @org.springframework.security.access.prepost.PreAuthorize(value=hasRole(&apos;ROLE_PATIENT&apos;)) found on specific method: public java.lang.String edu.ncsu.csc.itrust2.controllers.patient.PatientController.demographicsSubmit(edu.ncsu.csc.itrust2.forms.hcp_patient.PatientForm,org.springframework.validation.BindingResult,org.springframework.ui.Model)
21:59:37.551 [main] DEBUG o.s.s.a.m.DelegatingMethodSecurityMetadataSource - Caching method [CacheKey[edu.ncsu.csc.itrust2.controllers.patient.PatientController; public java.lang.String edu.ncsu.csc.itrust2.controllers.patient.PatientController.demographicsSubmit(edu.ncsu.csc.itrust2.forms.hcp_patient.PatientForm,org.springframework.validation.BindingResult,org.springframework.ui.Model)]] with attributes [[authorize: &apos;hasRole(&apos;ROLE_PATIENT&apos;)&apos;, filter: &apos;null&apos;, filterTarget: &apos;null&apos;]]
21:59:37.551 [main] DEBUG o.s.aop.framework.CglibAopProxy - Unable to apply any optimisations to advised method: public java.lang.String edu.ncsu.csc.itrust2.controllers.patient.PatientController.demographicsSubmit(edu.ncsu.csc.itrust2.forms.hcp_patient.PatientForm,org.springframework.validation.BindingResult,org.springframework.ui.Model)
21:59:37.551 [main] DEBUG o.s.s.a.p.PrePostAnnotationSecurityMetadataSource - @org.springframework.security.access.prepost.PreAuthorize(value=hasRole(&apos;ROLE_PATIENT&apos;)) found on specific method: public java.lang.String edu.ncsu.csc.itrust2.controllers.patient.PatientController.index(org.springframework.ui.Model)
21:59:37.551 [main] DEBUG o.s.s.a.m.DelegatingMethodSecurityMetadataSource - Caching method [CacheKey[edu.ncsu.csc.itrust2.controllers.patient.PatientController; public java.lang.String edu.ncsu.csc.itrust2.controllers.patient.PatientController.index(org.springframework.ui.Model)]] with attributes [[authorize: &apos;hasRole(&apos;ROLE_PATIENT&apos;)&apos;, filter: &apos;null&apos;, filterTarget: &apos;null&apos;]]
21:59:37.551 [main] DEBUG o.s.aop.framework.CglibAopProxy - Unable to apply any optimisations to advised method: public java.lang.String edu.ncsu.csc.itrust2.controllers.patient.PatientController.index(org.springframework.ui.Model)
21:59:37.551 [main] DEBUG o.s.aop.framework.CglibAopProxy - Found &apos;equals&apos; method: public boolean java.lang.Object.equals(java.lang.Object)
21:59:37.551 [main] DEBUG o.s.aop.framework.CglibAopProxy - Unable to apply any optimisations to advised method: public java.lang.String java.lang.Object.toString()
21:59:37.551 [main] DEBUG o.s.aop.framework.CglibAopProxy - Found &apos;hashCode&apos; method: public native int java.lang.Object.hashCode()
21:59:37.551 [main] DEBUG o.s.aop.framework.CglibAopProxy - Unable to apply any optimisations to advised method: protected native java.lang.Object java.lang.Object.clone() throws java.lang.CloneNotSupportedException
21:59:37.552 [main] DEBUG o.s.aop.framework.CglibAopProxy - Method is declared on Advised interface: public abstract void org.springframework.aop.framework.Advised.setTargetSource(org.springframework.aop.TargetSource)
21:59:37.552 [main] DEBUG o.s.aop.framework.CglibAopProxy - Method is declared on Advised interface: public abstract org.springframework.aop.TargetSource org.springframework.aop.framework.Advised.getTargetSource()
21:59:37.552 [main] DEBUG o.s.aop.framework.CglibAopProxy - Method is declared on Advised interface: public abstract boolean org.springframework.aop.framework.Advised.isProxyTargetClass()
21:59:37.552 [main] DEBUG o.s.aop.framework.CglibAopProxy - Method is declared on Advised interface: public abstract void org.springframework.aop.framework.Advised.addAdvisor(org.springframework.aop.Advisor) throws org.springframework.aop.framework.AopConfigException
21:59:37.552 [main] DEBUG o.s.aop.framework.CglibAopProxy - Method is declared on Advised interface: public abstract void org.springframework.aop.framework.Advised.addAdvisor(int,org.springframework.aop.Advisor) throws org.springframework.aop.framework.AopConfigException
21:59:37.552 [main] DEBUG o.s.aop.framework.CglibAopProxy - Method is declared on Advised interface: public abstract void org.springframework.aop.framework.Advised.setPreFiltered(boolean)
21:59:37.552 [main] DEBUG o.s.aop.framework.CglibAopProxy - Method is declared on Advised interface: public abstract void org.springframework.aop.framework.Advised.setExposeProxy(boolean)
21:59:37.552 [main] DEBUG o.s.aop.framework.CglibAopProxy - Method is declared on Advised interface: public abstract boolean org.springframework.aop.framework.Advised.isExposeProxy()
21:59:37.552 [main] DEBUG o.s.aop.framework.CglibAopProxy - Method is declared on Advised interface: public abstract boolean org.springframework.aop.framework.Advised.isPreFiltered()
21:59:37.552 [main] DEBUG o.s.aop.framework.CglibAopProxy - Method is declared on Advised interface: public abstract java.lang.Class[] org.springframework.aop.framework.Advised.getProxiedInterfaces()
21:59:37.552 [main] DEBUG o.s.aop.framework.CglibAopProxy - Method is declared on Advised interface: public abstract boolean org.springframework.aop.framework.Advised.isInterfaceProxied(java.lang.Class)
21:59:37.552 [main] DEBUG o.s.aop.framework.CglibAopProxy - Method is declared on Advised interface: public abstract org.springframework.aop.Advisor[] org.springframework.aop.framework.Advised.getAdvisors()
21:59:37.552 [main] DEBUG o.s.aop.framework.CglibAopProxy - Method is declared on Advised interface: public abstract void org.springframework.aop.framework.Advised.removeAdvisor(int) throws org.springframework.aop.framework.AopConfigException
21:59:37.552 [main] DEBUG o.s.aop.framework.CglibAopProxy - Method is declared on Advised interface: public abstract boolean org.springframework.aop.framework.Advised.removeAdvisor(org.springframework.aop.Advisor)
21:59:37.552 [main] DEBUG o.s.aop.framework.CglibAopProxy - Method is declared on Advised interface: public abstract boolean org.springframework.aop.framework.Advised.replaceAdvisor(org.springframework.aop.Advisor,org.springframework.aop.Advisor) throws org.springframework.aop.framework.AopConfigException
21:59:37.552 [main] DEBUG o.s.aop.framework.CglibAopProxy - Method is declared on Advised interface: public abstract boolean org.springframework.aop.framework.Advised.removeAdvice(org.aopalliance.aop.Advice)
21:59:37.552 [main] DEBUG o.s.aop.framework.CglibAopProxy - Method is declared on Advised interface: public abstract java.lang.String org.springframework.aop.framework.Advised.toProxyConfigString()
21:59:37.552 [main] DEBUG o.s.aop.framework.CglibAopProxy - Method is declared on Advised interface: public abstract void org.springframework.aop.framework.Advised.addAdvice(int,org.aopalliance.aop.Advice) throws org.springframework.aop.framework.AopConfigException
21:59:37.552 [main] DEBUG o.s.aop.framework.CglibAopProxy - Method is declared on Advised interface: public abstract void org.springframework.aop.framework.Advised.addAdvice(org.aopalliance.aop.Advice) throws org.springframework.aop.framework.AopConfigException
21:59:37.552 [main] DEBUG o.s.aop.framework.CglibAopProxy - Method is declared on Advised interface: public abstract int org.springframework.aop.framework.Advised.indexOf(org.aopalliance.aop.Advice)
21:59:37.552 [main] DEBUG o.s.aop.framework.CglibAopProxy - Method is declared on Advised interface: public abstract int org.springframework.aop.framework.Advised.indexOf(org.springframework.aop.Advisor)
21:59:37.552 [main] DEBUG o.s.aop.framework.CglibAopProxy - Method is declared on Advised interface: public abstract boolean org.springframework.aop.framework.Advised.isFrozen()
21:59:37.552 [main] DEBUG o.s.aop.framework.CglibAopProxy - Method is declared on Advised interface: public abstract java.lang.Class org.springframework.aop.TargetClassAware.getTargetClass()
21:59:37.556 [main] DEBUG o.s.b.f.s.DefaultListableBeanFactory - Finished creating instance of bean &apos;patientController&apos;
21:59:37.557 [main] DEBUG o.s.b.f.s.DefaultListableBeanFactory - Creating shared instance of singleton bean &apos;passwordController&apos;
21:59:37.557 [main] DEBUG o.s.b.f.s.DefaultListableBeanFactory - Creating instance of bean &apos;passwordController&apos;
21:59:37.557 [main] DEBUG o.s.b.f.s.DefaultListableBeanFactory - Eagerly caching bean &apos;passwordController&apos; to allow for resolving potential circular references
21:59:37.557 [main] DEBUG o.s.b.f.s.DefaultListableBeanFactory - Returning cached instance of singleton bean &apos;metaDataSourceAdvisor&apos;
21:59:37.557 [main] DEBUG o.s.b.f.s.DefaultListableBeanFactory - Finished creating instance of bean &apos;passwordController&apos;
21:59:37.557 [main] DEBUG o.s.b.f.s.DefaultListableBeanFactory - Creating shared instance of singleton bean &apos;userController&apos;
21:59:37.557 [main] DEBUG o.s.b.f.s.DefaultListableBeanFactory - Creating instance of bean &apos;userController&apos;
21:59:37.557 [main] DEBUG o.s.b.f.s.DefaultListableBeanFactory - Eagerly caching bean &apos;userController&apos; to allow for resolving potential circular references
21:59:37.557 [main] DEBUG o.s.b.f.s.DefaultListableBeanFactory - Returning cached instance of singleton bean &apos;metaDataSourceAdvisor&apos;
21:59:37.557 [main] DEBUG o.s.s.a.p.PrePostAnnotationSecurityMetadataSource - @org.springframework.security.access.prepost.PreAuthorize(value=hasRole(&apos;ROLE_HCP&apos;) or hasRole(&apos;ROLE_ADMIN&apos;)) found on specific method: public java.lang.String edu.ncsu.csc.itrust2.controllers.personnel.UserController.viewDemographics(org.springframework.ui.Model)
21:59:37.557 [main] DEBUG o.s.s.a.m.DelegatingMethodSecurityMetadataSource - Caching method [CacheKey[edu.ncsu.csc.itrust2.controllers.personnel.UserController; public java.lang.String edu.ncsu.csc.itrust2.controllers.personnel.UserController.viewDemographics(org.springframework.ui.Model)]] with attributes [[authorize: &apos;hasRole(&apos;ROLE_HCP&apos;) or hasRole(&apos;ROLE_ADMIN&apos;)&apos;, filter: &apos;null&apos;, filterTarget: &apos;null&apos;]]
21:59:37.558 [main] DEBUG o.s.a.f.a.InfrastructureAdvisorAutoProxyCreator - Creating implicit proxy for bean &apos;userController&apos; with 0 common interceptors and 1 specific interceptors
21:59:37.558 [main] DEBUG o.s.aop.framework.CglibAopProxy - Creating CGLIB proxy: target source is SingletonTargetSource for target object [edu.ncsu.csc.itrust2.controllers.personnel.UserController@17aab35b]
21:59:37.558 [main] DEBUG o.s.aop.framework.CglibAopProxy - Unable to apply any optimisations to advised method: public java.lang.String edu.ncsu.csc.itrust2.controllers.personnel.UserController.viewDemographics(org.springframework.ui.Model)
21:59:37.558 [main] DEBUG o.s.s.a.p.PrePostAnnotationSecurityMetadataSource - @org.springframework.security.access.prepost.PreAuthorize(value=hasRole(&apos;ROLE_HCP&apos;) or hasRole(&apos;ROLE_ADMIN&apos;)) found on specific method: public java.lang.String edu.ncsu.csc.itrust2.controllers.personnel.UserController.demographicsSubmit(edu.ncsu.csc.itrust2.forms.personnel.PersonnelForm,org.springframework.validation.BindingResult,org.springframework.ui.Model)
21:59:37.558 [main] DEBUG o.s.s.a.m.DelegatingMethodSecurityMetadataSource - Caching method [CacheKey[edu.ncsu.csc.itrust2.controllers.personnel.UserController; public java.lang.String edu.ncsu.csc.itrust2.controllers.personnel.UserController.demographicsSubmit(edu.ncsu.csc.itrust2.forms.personnel.PersonnelForm,org.springframework.validation.BindingResult,org.springframework.ui.Model)]] with attributes [[authorize: &apos;hasRole(&apos;ROLE_HCP&apos;) or hasRole(&apos;ROLE_ADMIN&apos;)&apos;, filter: &apos;null&apos;, filterTarget: &apos;null&apos;]]
21:59:37.558 [main] DEBUG o.s.aop.framework.CglibAopProxy - Unable to apply any optimisations to advised method: public java.lang.String edu.ncsu.csc.itrust2.controllers.personnel.UserController.demographicsSubmit(edu.ncsu.csc.itrust2.forms.personnel.PersonnelForm,org.springframework.validation.BindingResult,org.springframework.ui.Model)
21:59:37.558 [main] DEBUG o.s.aop.framework.CglibAopProxy - Found &apos;equals&apos; method: public boolean java.lang.Object.equals(java.lang.Object)
21:59:37.558 [main] DEBUG o.s.aop.framework.CglibAopProxy - Unable to apply any optimisations to advised method: public java.lang.String java.lang.Object.toString()
21:59:37.558 [main] DEBUG o.s.aop.framework.CglibAopProxy - Found &apos;hashCode&apos; method: public native int java.lang.Object.hashCode()
21:59:37.558 [main] DEBUG o.s.aop.framework.CglibAopProxy - Unable to apply any optimisations to advised method: protected native java.lang.Object java.lang.Object.clone() throws java.lang.CloneNotSupportedException
21:59:37.558 [main] DEBUG o.s.aop.framework.CglibAopProxy - Method is declared on Advised interface: public abstract void org.springframework.aop.framework.Advised.setTargetSource(org.springframework.aop.TargetSource)
21:59:37.558 [main] DEBUG o.s.aop.framework.CglibAopProxy - Method is declared on Advised interface: public abstract org.springframework.aop.TargetSource org.springframework.aop.framework.Advised.getTargetSource()
21:59:37.558 [main] DEBUG o.s.aop.framework.CglibAopProxy - Method is declared on Advised interface: public abstract boolean org.springframework.aop.framework.Advised.isProxyTargetClass()
21:59:37.558 [main] DEBUG o.s.aop.framework.CglibAopProxy - Method is declared on Advised interface: public abstract void org.springframework.aop.framework.Advised.addAdvisor(org.springframework.aop.Advisor) throws org.springframework.aop.framework.AopConfigException
21:59:37.558 [main] DEBUG o.s.aop.framework.CglibAopProxy - Method is declared on Advised interface: public abstract void org.springframework.aop.framework.Advised.addAdvisor(int,org.springframework.aop.Advisor) throws org.springframework.aop.framework.AopConfigException
21:59:37.558 [main] DEBUG o.s.aop.framework.CglibAopProxy - Method is declared on Advised interface: public abstract void org.springframework.aop.framework.Advised.setPreFiltered(boolean)
21:59:37.558 [main] DEBUG o.s.aop.framework.CglibAopProxy - Method is declared on Advised interface: public abstract void org.springframework.aop.framework.Advised.setExposeProxy(boolean)
21:59:37.558 [main] DEBUG o.s.aop.framework.CglibAopProxy - Method is declared on Advised interface: public abstract boolean org.springframework.aop.framework.Advised.isExposeProxy()
21:59:37.558 [main] DEBUG o.s.aop.framework.CglibAopProxy - Method is declared on Advised interface: public abstract boolean org.springframework.aop.framework.Advised.isPreFiltered()
21:59:37.558 [main] DEBUG o.s.aop.framework.CglibAopProxy - Method is declared on Advised interface: public abstract java.lang.Class[] org.springframework.aop.framework.Advised.getProxiedInterfaces()
21:59:37.558 [main] DEBUG o.s.aop.framework.CglibAopProxy - Method is declared on Advised interface: public abstract boolean org.springframework.aop.framework.Advised.isInterfaceProxied(java.lang.Class)
21:59:37.558 [main] DEBUG o.s.aop.framework.CglibAopProxy - Method is declared on Advised interface: public abstract org.springframework.aop.Advisor[] org.springframework.aop.framework.Advised.getAdvisors()
21:59:37.558 [main] DEBUG o.s.aop.framework.CglibAopProxy - Method is declared on Advised interface: public abstract void org.springframework.aop.framework.Advised.removeAdvisor(int) throws org.springframework.aop.framework.AopConfigException
21:59:37.558 [main] DEBUG o.s.aop.framework.CglibAopProxy - Method is declared on Advised interface: public abstract boolean org.springframework.aop.framework.Advised.removeAdvisor(org.springframework.aop.Advisor)
21:59:37.558 [main] DEBUG o.s.aop.framework.CglibAopProxy - Method is declared on Advised interface: public abstract boolean org.springframework.aop.framework.Advised.replaceAdvisor(org.springframework.aop.Advisor,org.springframework.aop.Advisor) throws org.springframework.aop.framework.AopConfigException
21:59:37.558 [main] DEBUG o.s.aop.framework.CglibAopProxy - Method is declared on Advised interface: public abstract boolean org.springframework.aop.framework.Advised.removeAdvice(org.aopalliance.aop.Advice)
21:59:37.558 [main] DEBUG o.s.aop.framework.CglibAopProxy - Method is declared on Advised interface: public abstract java.lang.String org.springframework.aop.framework.Advised.toProxyConfigString()
21:59:37.558 [main] DEBUG o.s.aop.framework.CglibAopProxy - Method is declared on Advised interface: public abstract void org.springframework.aop.framework.Advised.addAdvice(int,org.aopalliance.aop.Advice) throws org.springframework.aop.framework.AopConfigException
21:59:37.558 [main] DEBUG o.s.aop.framework.CglibAopProxy - Method is declared on Advised interface: public abstract void org.springframework.aop.framework.Advised.addAdvice(org.aopalliance.aop.Advice) throws org.springframework.aop.framework.AopConfigException
21:59:37.558 [main] DEBUG o.s.aop.framework.CglibAopProxy - Method is declared on Advised interface: public abstract int org.springframework.aop.framework.Advised.indexOf(org.aopalliance.aop.Advice)
21:59:37.558 [main] DEBUG o.s.aop.framework.CglibAopProxy - Method is declared on Advised interface: public abstract int org.springframework.aop.framework.Advised.indexOf(org.springframework.aop.Advisor)
21:59:37.558 [main] DEBUG o.s.aop.framework.CglibAopProxy - Method is declared on Advised interface: public abstract boolean org.springframework.aop.framework.Advised.isFrozen()
21:59:37.558 [main] DEBUG o.s.aop.framework.CglibAopProxy - Method is declared on Advised interface: public abstract java.lang.Class org.springframework.aop.TargetClassAware.getTargetClass()
21:59:37.563 [main] DEBUG o.s.b.f.s.DefaultListableBeanFactory - Finished creating instance of bean &apos;userController&apos;
21:59:37.563 [main] DEBUG o.s.b.f.s.DefaultListableBeanFactory - Returning cached instance of singleton bean &apos;dataSource&apos;
21:59:37.563 [main] DEBUG o.s.b.f.s.DefaultListableBeanFactory - Returning cached instance of singleton bean &apos;org.springframework.security.config.annotation.configuration.ObjectPostProcessorConfiguration&apos;
21:59:37.563 [main] DEBUG o.s.b.f.s.DefaultListableBeanFactory - Returning cached instance of singleton bean &apos;objectPostProcessor&apos;
21:59:37.563 [main] DEBUG o.s.b.f.s.DefaultListableBeanFactory - Returning cached instance of singleton bean &apos;org.springframework.security.config.annotation.authentication.configuration.AuthenticationConfiguration&apos;
21:59:37.563 [main] DEBUG o.s.b.f.s.DefaultListableBeanFactory - Returning cached instance of singleton bean &apos;authenticationManagerBuilder&apos;
21:59:37.563 [main] DEBUG o.s.b.f.s.DefaultListableBeanFactory - Returning cached instance of singleton bean &apos;enableGlobalAuthenticationAutowiredConfigurer&apos;
21:59:37.563 [main] DEBUG o.s.b.f.s.DefaultListableBeanFactory - Returning cached instance of singleton bean &apos;initializeUserDetailsBeanManagerConfigurer&apos;
21:59:37.563 [main] DEBUG o.s.b.f.s.DefaultListableBeanFactory - Returning cached instance of singleton bean &apos;initializeAuthenticationProviderBeanManagerConfigurer&apos;
21:59:37.563 [main] DEBUG o.s.b.f.s.DefaultListableBeanFactory - Creating shared instance of singleton bean &apos;org.springframework.security.config.annotation.web.configuration.WebSecurityConfiguration&apos;
21:59:37.563 [main] DEBUG o.s.b.f.s.DefaultListableBeanFactory - Creating instance of bean &apos;org.springframework.security.config.annotation.web.configuration.WebSecurityConfiguration&apos;
21:59:37.565 [main] DEBUG o.s.b.f.annotation.InjectionMetadata - Registered injected element on class [org.springframework.security.config.annotation.web.configuration.WebSecurityConfiguration$$EnhancerBySpringCGLIB$$150881e6]: AutowiredFieldElement for private org.springframework.security.config.annotation.ObjectPostProcessor org.springframework.security.config.annotation.web.configuration.WebSecurityConfiguration.objectObjectPostProcessor
21:59:37.565 [main] DEBUG o.s.b.f.annotation.InjectionMetadata - Registered injected element on class [org.springframework.security.config.annotation.web.configuration.WebSecurityConfiguration$$EnhancerBySpringCGLIB$$150881e6]: AutowiredMethodElement for public void org.springframework.security.config.annotation.web.configuration.WebSecurityConfiguration.setFilterChainProxySecurityConfigurer(org.springframework.security.config.annotation.ObjectPostProcessor,java.util.List) throws java.lang.Exception
21:59:37.565 [main] DEBUG o.s.b.f.s.DefaultListableBeanFactory - Eagerly caching bean &apos;org.springframework.security.config.annotation.web.configuration.WebSecurityConfiguration&apos; to allow for resolving potential circular references
21:59:37.565 [main] DEBUG o.s.b.f.annotation.InjectionMetadata - Processing injected element of bean &apos;org.springframework.security.config.annotation.web.configuration.WebSecurityConfiguration&apos;: AutowiredFieldElement for private org.springframework.security.config.annotation.ObjectPostProcessor org.springframework.security.config.annotation.web.configuration.WebSecurityConfiguration.objectObjectPostProcessor
21:59:37.565 [main] DEBUG o.s.b.f.s.DefaultListableBeanFactory - Returning cached instance of singleton bean &apos;objectPostProcessor&apos;
21:59:37.565 [main] DEBUG o.s.b.f.a.AutowiredAnnotationBeanPostProcessor - Autowiring by type from bean name &apos;org.springframework.security.config.annotation.web.configuration.WebSecurityConfiguration&apos; to bean named &apos;objectPostProcessor&apos;
21:59:37.565 [main] DEBUG o.s.b.f.annotation.InjectionMetadata - Processing injected element of bean &apos;org.springframework.security.config.annotation.web.configuration.WebSecurityConfiguration&apos;: AutowiredMethodElement for public void org.springframework.security.config.annotation.web.configuration.WebSecurityConfiguration.setFilterChainProxySecurityConfigurer(org.springframework.security.config.annotation.ObjectPostProcessor,java.util.List) throws java.lang.Exception
21:59:37.565 [main] DEBUG o.s.b.f.s.DefaultListableBeanFactory - Returning cached instance of singleton bean &apos;objectPostProcessor&apos;
21:59:37.566 [main] DEBUG o.s.b.f.s.DefaultListableBeanFactory - Creating shared instance of singleton bean &apos;autowiredWebSecurityConfigurersIgnoreParents&apos;
21:59:37.566 [main] DEBUG o.s.b.f.s.DefaultListableBeanFactory - Creating instance of bean &apos;autowiredWebSecurityConfigurersIgnoreParents&apos;
21:59:37.566 [main] DEBUG o.s.b.f.s.DefaultListableBeanFactory - Returning cached instance of singleton bean &apos;metaDataSourceAdvisor&apos;
21:59:37.567 [main] DEBUG o.s.b.f.s.DefaultListableBeanFactory - Returning eagerly cached instance of singleton bean &apos;org.springframework.security.config.annotation.web.configuration.WebSecurityConfiguration&apos; that is not fully initialized yet - a consequence of a circular reference
21:59:37.568 [main] DEBUG o.s.b.f.s.DefaultListableBeanFactory - Autowiring by type from bean name &apos;autowiredWebSecurityConfigurersIgnoreParents&apos; via factory method to bean named &apos;org.springframework.beans.factory.support.DefaultListableBeanFactory@1c1f0026&apos;
21:59:37.568 [main] DEBUG o.s.b.f.s.DefaultListableBeanFactory - Eagerly caching bean &apos;autowiredWebSecurityConfigurersIgnoreParents&apos; to allow for resolving potential circular references
21:59:37.568 [main] DEBUG o.s.b.f.s.DefaultListableBeanFactory - Returning cached instance of singleton bean &apos;metaDataSourceAdvisor&apos;
21:59:37.568 [main] DEBUG o.s.b.f.s.DefaultListableBeanFactory - Finished creating instance of bean &apos;autowiredWebSecurityConfigurersIgnoreParents&apos;
21:59:37.568 [main] DEBUG o.s.b.f.s.DefaultListableBeanFactory - Returning cached instance of singleton bean &apos;securityConfig&apos;
21:59:37.568 [main] DEBUG o.s.b.f.a.AutowiredAnnotationBeanPostProcessor - Autowiring by type from bean name &apos;org.springframework.security.config.annotation.web.configuration.WebSecurityConfiguration&apos; to bean named &apos;objectPostProcessor&apos;
21:59:37.569 [main] DEBUG o.s.b.f.s.DefaultListableBeanFactory - Returning cached instance of singleton bean &apos;metaDataSourceAdvisor&apos;
21:59:37.572 [main] DEBUG o.s.b.f.s.DefaultListableBeanFactory - Returning cached instance of singleton bean &apos;org.springframework.context.annotation.ConfigurationClassPostProcessor.importRegistry&apos;
21:59:37.572 [main] DEBUG o.s.b.f.s.DefaultListableBeanFactory - Finished creating instance of bean &apos;org.springframework.security.config.annotation.web.configuration.WebSecurityConfiguration&apos;
21:59:37.572 [main] DEBUG o.s.b.f.s.DefaultListableBeanFactory - Creating shared instance of singleton bean &apos;delegatingApplicationListener&apos;
21:59:37.572 [main] DEBUG o.s.b.f.s.DefaultListableBeanFactory - Creating instance of bean &apos;delegatingApplicationListener&apos;
21:59:37.572 [main] DEBUG o.s.b.f.s.DefaultListableBeanFactory - Eagerly caching bean &apos;delegatingApplicationListener&apos; to allow for resolving potential circular references
21:59:37.573 [main] DEBUG o.s.b.f.s.DefaultListableBeanFactory - Returning cached instance of singleton bean &apos;metaDataSourceAdvisor&apos;
21:59:37.573 [main] DEBUG o.s.b.f.s.DefaultListableBeanFactory - Finished creating instance of bean &apos;delegatingApplicationListener&apos;
21:59:37.573 [main] DEBUG o.s.b.f.s.DefaultListableBeanFactory - Creating shared instance of singleton bean &apos;springSecurityFilterChain&apos;
21:59:37.573 [main] DEBUG o.s.b.f.s.DefaultListableBeanFactory - Creating instance of bean &apos;springSecurityFilterChain&apos;
21:59:37.573 [main] DEBUG o.s.b.f.s.DefaultListableBeanFactory - Returning cached instance of singleton bean &apos;org.springframework.security.config.annotation.web.configuration.WebSecurityConfiguration&apos;
21:59:37.573 [main] DEBUG o.s.b.f.s.DefaultListableBeanFactory - Returning cached instance of singleton bean &apos;metaDataSourceAdvisor&apos;
21:59:37.574 [main] DEBUG o.s.b.f.s.DefaultListableBeanFactory - Returning cached instance of singleton bean &apos;webMvcConfiguration&apos;
21:59:37.574 [main] DEBUG o.s.b.f.s.DefaultListableBeanFactory - Returning cached instance of singleton bean &apos;securityConfig&apos;
21:59:37.574 [main] DEBUG o.s.s.c.a.a.c.AuthenticationConfiguration$EnableGlobalAuthenticationAutowiredConfigurer - Eagerly initializing {webMvcConfiguration=edu.ncsu.csc.itrust2.mvc.config.WebMvcConfiguration$$EnhancerBySpringCGLIB$$de7b09d5@3720c2ec, securityConfig=edu.ncsu.csc.itrust2.config.SecurityConfig$$EnhancerBySpringCGLIB$$f88fd361@551909ec}
21:59:37.574 [main] DEBUG o.s.b.f.s.DefaultListableBeanFactory - Invoking afterPropertiesSet() on bean with name &apos;org.springframework.security.authentication.dao.DaoAuthenticationProvider@481f9953&apos;
21:59:37.574 [main] DEBUG o.s.b.f.s.DefaultListableBeanFactory - Returning cached instance of singleton bean &apos;metaDataSourceAdvisor&apos;
21:59:37.576 [main] DEBUG o.s.b.f.s.DefaultListableBeanFactory - Invoking afterPropertiesSet() on bean with name &apos;org.springframework.security.authentication.ProviderManager@42d1e56c&apos;
21:59:37.576 [main] DEBUG o.s.b.f.s.DefaultListableBeanFactory - Returning cached instance of singleton bean &apos;metaDataSourceAdvisor&apos;
21:59:37.577 [main] DEBUG o.s.b.f.s.DefaultListableBeanFactory - Returning cached instance of singleton bean &apos;authenticationManagerBuilder&apos;
21:59:37.578 [main] DEBUG o.s.w.c.s.StandardServletEnvironment - Adding [servletConfigInitParams] PropertySource with lowest search precedence
21:59:37.578 [main] DEBUG o.s.w.c.s.StandardServletEnvironment - Adding [servletContextInitParams] PropertySource with lowest search precedence
21:59:37.578 [main] DEBUG o.s.w.c.s.StandardServletEnvironment - Adding [systemProperties] PropertySource with lowest search precedence
21:59:37.578 [main] DEBUG o.s.w.c.s.StandardServletEnvironment - Adding [systemEnvironment] PropertySource with lowest search precedence
21:59:37.578 [main] DEBUG o.s.w.c.s.StandardServletEnvironment - Initialized StandardServletEnvironment with PropertySources [servletConfigInitParams,servletContextInitParams,systemProperties,systemEnvironment]
21:59:37.578 [main] DEBUG o.s.w.c.s.StandardServletEnvironment - Adding [servletConfigInitParams] PropertySource with lowest search precedence
21:59:37.578 [main] DEBUG o.s.w.c.s.StandardServletEnvironment - Adding [servletContextInitParams] PropertySource with lowest search precedence
21:59:37.578 [main] DEBUG o.s.w.c.s.StandardServletEnvironment - Adding [systemProperties] PropertySource with lowest search precedence
21:59:37.578 [main] DEBUG o.s.w.c.s.StandardServletEnvironment - Adding [systemEnvironment] PropertySource with lowest search precedence
21:59:37.578 [main] DEBUG o.s.w.c.s.StandardServletEnvironment - Initialized StandardServletEnvironment with PropertySources [servletConfigInitParams,servletContextInitParams,systemProperties,systemEnvironment]
21:59:37.578 [main] DEBUG o.s.w.c.s.StandardServletEnvironment - Adding [servletConfigInitParams] PropertySource with lowest search precedence
21:59:37.578 [main] DEBUG o.s.w.c.s.StandardServletEnvironment - Adding [servletContextInitParams] PropertySource with lowest search precedence
21:59:37.578 [main] DEBUG o.s.w.c.s.StandardServletEnvironment - Adding [systemProperties] PropertySource with lowest search precedence
21:59:37.578 [main] DEBUG o.s.w.c.s.StandardServletEnvironment - Adding [systemEnvironment] PropertySource with lowest search precedence
21:59:37.578 [main] DEBUG o.s.w.c.s.StandardServletEnvironment - Initialized StandardServletEnvironment with PropertySources [servletConfigInitParams,servletContextInitParams,systemProperties,systemEnvironment]
21:59:37.579 [main] DEBUG o.s.b.f.s.DefaultListableBeanFactory - Creating shared instance of singleton bean &apos;ipBlockFilter&apos;
21:59:37.579 [main] DEBUG o.s.b.f.s.DefaultListableBeanFactory - Creating instance of bean &apos;ipBlockFilter&apos;
21:59:37.579 [main] DEBUG o.s.b.f.s.DefaultListableBeanFactory - Returning cached instance of singleton bean &apos;securityConfig&apos;
21:59:37.579 [main] DEBUG o.s.w.c.s.StandardServletEnvironment - Adding [servletConfigInitParams] PropertySource with lowest search precedence
21:59:37.579 [main] DEBUG o.s.w.c.s.StandardServletEnvironment - Adding [servletContextInitParams] PropertySource with lowest search precedence
21:59:37.579 [main] DEBUG o.s.w.c.s.StandardServletEnvironment - Adding [systemProperties] PropertySource with lowest search precedence
21:59:37.579 [main] DEBUG o.s.w.c.s.StandardServletEnvironment - Adding [systemEnvironment] PropertySource with lowest search precedence
21:59:37.580 [main] DEBUG o.s.w.c.s.StandardServletEnvironment - Initialized StandardServletEnvironment with PropertySources [servletConfigInitParams,servletContextInitParams,systemProperties,systemEnvironment]
21:59:37.580 [main] DEBUG o.s.b.f.s.DefaultListableBeanFactory - Eagerly caching bean &apos;ipBlockFilter&apos; to allow for resolving potential circular references
21:59:37.582 [main] DEBUG o.s.b.f.s.DefaultListableBeanFactory - Invoking afterPropertiesSet() on bean with name &apos;ipBlockFilter&apos;
21:59:37.582 [main] DEBUG o.s.b.f.s.DefaultListableBeanFactory - Returning cached instance of singleton bean &apos;metaDataSourceAdvisor&apos;
21:59:37.582 [main] DEBUG o.s.b.f.s.DefaultListableBeanFactory - Finished creating instance of bean &apos;ipBlockFilter&apos;
21:59:37.582 [main] DEBUG o.s.w.c.s.StandardServletEnvironment - Adding [servletConfigInitParams] PropertySource with lowest search precedence
21:59:37.582 [main] DEBUG o.s.w.c.s.StandardServletEnvironment - Adding [servletContextInitParams] PropertySource with lowest search precedence
21:59:37.582 [main] DEBUG o.s.w.c.s.StandardServletEnvironment - Adding [systemProperties] PropertySource with lowest search precedence
21:59:37.582 [main] DEBUG o.s.w.c.s.StandardServletEnvironment - Adding [systemEnvironment] PropertySource with lowest search precedence
21:59:37.582 [main] DEBUG o.s.w.c.s.StandardServletEnvironment - Initialized StandardServletEnvironment with PropertySources [servletConfigInitParams,servletContextInitParams,systemProperties,systemEnvironment]
21:59:37.583 [main] DEBUG o.s.b.f.s.DefaultListableBeanFactory - Retrieved dependent beans for bean &apos;springSecurityFilterChain&apos;: [webSecurityExpressionHandler]
21:59:37.583 [main] WARN  o.s.w.c.s.GenericWebApplicationContext - Exception encountered during context initialization - cancelling refresh attempt: org.springframework.beans.factory.BeanCreationException: Error creating bean with name &apos;springSecurityFilterChain&apos; defined in class path resource [org/springframework/security/config/annotation/web/configuration/WebSecurityConfiguration.class]: Bean instantiation via factory method failed; nested exception is org.springframework.beans.BeanInstantiationException: Failed to instantiate [javax.servlet.Filter]: Factory method &apos;springSecurityFilterChain&apos; threw exception; nested exception is java.lang.IllegalArgumentException: &apos;Savings Account?error&apos; is not a valid redirect URL
21:59:37.583 [main] DEBUG o.s.b.f.s.DefaultListableBeanFactory - Destroying singletons in org.springframework.beans.factory.support.DefaultListableBeanFactory@1c1f0026: defining beans [org.springframework.context.annotation.internalConfigurationAnnotationProcessor,org.springframework.context.annotation.internalAutowiredAnnotationProcessor,org.springframework.context.annotation.internalRequiredAnnotationProcessor,org.springframework.context.annotation.internalCommonAnnotationProcessor,org.springframework.context.annotation.internalPersistenceAnnotationProcessor,org.springframework.context.event.internalEventListenerProcessor,org.springframework.context.event.internalEventListenerFactory,rootConfiguration,webMvcConfiguration,dataConfiguration,loginAuditingListener,securityConfig,defaultController,adminController,adminUserController,hospitalController,ICDCodesController,APIAppointmentRequestController,APIDiagnosisController,APIDrugController,APIEnumController,APIHospitalController,APIICDCodeController,APILogEntryController,APIOfficeVisitController,APIPasswordController,APIPatientController,APIPersonnelController,APIPrescriptionController,APIUserController,appointmentControllerHCP,HCPController,officeVisitController,appointmentController,diagnosesController,patientController,passwordController,userController,dataSource,org.springframework.security.config.annotation.configuration.ObjectPostProcessorConfiguration,objectPostProcessor,org.springframework.security.config.annotation.authentication.configuration.AuthenticationConfiguration,authenticationManagerBuilder,enableGlobalAuthenticationAutowiredConfigurer,initializeUserDetailsBeanManagerConfigurer,initializeAuthenticationProviderBeanManagerConfigurer,org.springframework.security.config.annotation.web.configuration.WebSecurityConfiguration,delegatingApplicationListener,webSecurityExpressionHandler,springSecurityFilterChain,privilegeEvaluator,autowiredWebSecurityConfigurersIgnoreParents,org.springframework.security.config.annotation.web.configuration.WebMvcSecurityConfiguration,requestDataValueProcessor,passwordEncoder,defaultAuthenticationEventPublisher,failureHandler,ipBlockFilter,org.springframework.web.servlet.config.annotation.DelegatingWebMvcConfiguration,mvcConversionService,requestMappingHandlerMapping,mvcPathMatcher,mvcUrlPathHelper,mvcContentNegotiationManager,viewControllerHandlerMapping,beanNameHandlerMapping,resourceHandlerMapping,mvcResourceUrlProvider,defaultServletHandlerMapping,requestMappingHandlerAdapter,mvcValidator,mvcUriComponentsContributor,httpRequestHandlerAdapter,simpleControllerHandlerAdapter,handlerExceptionResolver,mvcViewResolver,org.springframework.security.config.annotation.method.configuration.GlobalMethodSecurityConfiguration,methodSecurityInterceptor,methodSecurityMetadataSource,preInvocationAuthorizationAdvice,viewResolver,templateEngine,domainClassConverter,metaDataSourceAdvisor,org.springframework.aop.config.internalAutoProxyCreator]; root of factory hierarchy
21:59:37.583 [main] DEBUG o.s.b.f.s.DisposableBeanAdapter - Invoking destroy() on bean with name &apos;ipBlockFilter&apos;
21:59:37.583 [main] DEBUG o.s.b.f.s.DefaultListableBeanFactory - Retrieved dependent beans for bean &apos;objectPostProcessor&apos;: [org.springframework.security.config.annotation.method.configuration.GlobalMethodSecurityConfiguration, securityConfig, org.springframework.security.config.annotation.authentication.configuration.AuthenticationConfiguration, authenticationManagerBuilder, org.springframework.security.config.annotation.web.configuration.WebSecurityConfiguration]
21:59:37.583 [main] DEBUG o.s.b.f.s.DisposableBeanAdapter - Invoking destroy() on bean with name &apos;objectPostProcessor&apos;
21:59:37.584 [main] ERROR o.s.test.context.TestContextManager - Caught exception while allowing TestExecutionListener [org.springframework.test.context.web.ServletTestExecutionListener@715d9d0f] to prepare test instance [edu.ncsu.csc.itrust2.apitest.APIUserTest@bdc8448]
java.lang.IllegalStateException: Failed to load ApplicationContext
	at org.springframework.test.context.cache.DefaultCacheAwareContextLoaderDelegate.loadContext(DefaultCacheAwareContextLoaderDelegate.java:124) ~[spring-test-4.3.5.RELEASE.jar:4.3.5.RELEASE]
	at org.springframework.test.context.support.DefaultTestContext.getApplicationContext(DefaultTestContext.java:83) ~[spring-test-4.3.5.RELEASE.jar:4.3.5.RELEASE]
	at org.springframework.test.context.web.ServletTestExecutionListener.setUpRequestContextIfNecessary(ServletTestExecutionListener.java:189) ~[spring-test-4.3.5.RELEASE.jar:4.3.5.RELEASE]
	at org.springframework.test.context.web.ServletTestExecutionListener.prepareTestInstance(ServletTestExecutionListener.java:131) ~[spring-test-4.3.5.RELEASE.jar:4.3.5.RELEASE]
	at org.springframework.test.context.TestContextManager.prepareTestInstance(TestContextManager.java:230) ~[spring-test-4.3.5.RELEASE.jar:4.3.5.RELEASE]
	at org.springframework.test.context.junit4.SpringJUnit4ClassRunner.createTest(SpringJUnit4ClassRunner.java:228) [spring-test-4.3.5.RELEASE.jar:4.3.5.RELEASE]
	at org.springframework.test.context.junit4.SpringJUnit4ClassRunner$1.runReflectiveCall(SpringJUnit4ClassRunner.java:287) [spring-test-4.3.5.RELEASE.jar:4.3.5.RELEASE]
	at org.junit.internal.runners.model.ReflectiveCallable.run(ReflectiveCallable.java:12) [junit-4.12.jar:4.12]
	at org.springframework.test.context.junit4.SpringJUnit4ClassRunner.methodBlock(SpringJUnit4ClassRunner.java:289) [spring-test-4.3.5.RELEASE.jar:4.3.5.RELEASE]
	at org.springframework.test.context.junit4.SpringJUnit4ClassRunner.runChild(SpringJUnit4ClassRunner.java:247) [spring-test-4.3.5.RELEASE.jar:4.3.5.RELEASE]
	at org.springframework.test.context.junit4.SpringJUnit4ClassRunner.runChild(SpringJUnit4ClassRunner.java:94) [spring-test-4.3.5.RELEASE.jar:4.3.5.RELEASE]
	at org.junit.runners.ParentRunner$3.run(ParentRunner.java:290) [junit-4.12.jar:4.12]
	at org.junit.runners.ParentRunner$1.schedule(ParentRunner.java:71) [junit-4.12.jar:4.12]
	at org.junit.runners.ParentRunner.runChildren(ParentRunner.java:288) [junit-4.12.jar:4.12]
	at org.junit.runners.ParentRunner.access$000(ParentRunner.java:58) [junit-4.12.jar:4.12]
	at org.junit.runners.ParentRunner$2.evaluate(ParentRunner.java:268) [junit-4.12.jar:4.12]
	at org.springframework.test.context.junit4.statements.RunBeforeTestClassCallbacks.evaluate(RunBeforeTestClassCallbacks.java:61) [spring-test-4.3.5.RELEASE.jar:4.3.5.RELEASE]
	at org.springframework.test.context.junit4.statements.RunAfterTestClassCallbacks.evaluate(RunAfterTestClassCallbacks.java:70) [spring-test-4.3.5.RELEASE.jar:4.3.5.RELEASE]
	at org.junit.runners.ParentRunner.run(ParentRunner.java:363) [junit-4.12.jar:4.12]
	at org.springframework.test.context.junit4.SpringJUnit4ClassRunner.run(SpringJUnit4ClassRunner.java:191) [spring-test-4.3.5.RELEASE.jar:4.3.5.RELEASE]
	at org.apache.maven.surefire.junit4.JUnit4Provider.execute(JUnit4Provider.java:365) [surefire-junit4-2.20.jar:2.20]
	at org.apache.maven.surefire.junit4.JUnit4Provider.executeWithRerun(JUnit4Provider.java:272) [surefire-junit4-2.20.jar:2.20]
	at org.apache.maven.surefire.junit4.JUnit4Provider.executeTestSet(JUnit4Provider.java:236) [surefire-junit4-2.20.jar:2.20]
	at org.apache.maven.surefire.junit4.JUnit4Provider.invoke(JUnit4Provider.java:159) [surefire-junit4-2.20.jar:2.20]
	at org.apache.maven.surefire.booter.ForkedBooter.invokeProviderInSameClassLoader(ForkedBooter.java:386) [surefire-booter-2.20.jar:2.20]
	at org.apache.maven.surefire.booter.ForkedBooter.runSuitesInProcess(ForkedBooter.java:323) [surefire-booter-2.20.jar:2.20]
	at org.apache.maven.surefire.booter.ForkedBooter.main(ForkedBooter.java:143) [surefire-booter-2.20.jar:2.20]
Caused by: org.springframework.beans.factory.BeanCreationException: Error creating bean with name &apos;springSecurityFilterChain&apos; defined in class path resource [org/springframework/security/config/annotation/web/configuration/WebSecurityConfiguration.class]: Bean instantiation via factory method failed; nested exception is org.springframework.beans.BeanInstantiationException: Failed to instantiate [javax.servlet.Filter]: Factory method &apos;springSecurityFilterChain&apos; threw exception; nested exception is java.lang.IllegalArgumentException: &apos;Savings Account?error&apos; is not a valid redirect URL
	at org.springframework.beans.factory.support.ConstructorResolver.instantiateUsingFactoryMethod(ConstructorResolver.java:599) ~[spring-beans-4.3.5.RELEASE.jar:4.3.5.RELEASE]
	at org.springframework.beans.factory.support.AbstractAutowireCapableBeanFactory.instantiateUsingFactoryMethod(AbstractAutowireCapableBeanFactory.java:1134) ~[spring-beans-4.3.5.RELEASE.jar:4.3.5.RELEASE]
	at org.springframework.beans.factory.support.AbstractAutowireCapableBeanFactory.createBeanInstance(AbstractAutowireCapableBeanFactory.java:1028) ~[spring-beans-4.3.5.RELEASE.jar:4.3.5.RELEASE]
	at org.springframework.beans.factory.support.AbstractAutowireCapableBeanFactory.doCreateBean(AbstractAutowireCapableBeanFactory.java:513) ~[spring-beans-4.3.5.RELEASE.jar:4.3.5.RELEASE]
	at org.springframework.beans.factory.support.AbstractAutowireCapableBeanFactory.createBean(AbstractAutowireCapableBeanFactory.java:483) ~[spring-beans-4.3.5.RELEASE.jar:4.3.5.RELEASE]
	at org.springframework.beans.factory.support.AbstractBeanFactory$1.getObject(AbstractBeanFactory.java:306) ~[spring-beans-4.3.5.RELEASE.jar:4.3.5.RELEASE]
	at org.springframework.beans.factory.support.DefaultSingletonBeanRegistry.getSingleton(DefaultSingletonBeanRegistry.java:230) ~[spring-beans-4.3.5.RELEASE.jar:4.3.5.RELEASE]
	at org.springframework.beans.factory.support.AbstractBeanFactory.doGetBean(AbstractBeanFactory.java:302) ~[spring-beans-4.3.5.RELEASE.jar:4.3.5.RELEASE]
	at org.springframework.beans.factory.support.AbstractBeanFactory.getBean(AbstractBeanFactory.java:197) ~[spring-beans-4.3.5.RELEASE.jar:4.3.5.RELEASE]
	at org.springframework.beans.factory.support.AbstractBeanFactory.doGetBean(AbstractBeanFactory.java:296) ~[spring-beans-4.3.5.RELEASE.jar:4.3.5.RELEASE]
	at org.springframework.beans.factory.support.AbstractBeanFactory.getBean(AbstractBeanFactory.java:197) ~[spring-beans-4.3.5.RELEASE.jar:4.3.5.RELEASE]
	at org.springframework.beans.factory.support.DefaultListableBeanFactory.preInstantiateSingletons(DefaultListableBeanFactory.java:759) ~[spring-beans-4.3.5.RELEASE.jar:4.3.5.RELEASE]
	at org.springframework.context.support.AbstractApplicationContext.finishBeanFactoryInitialization(AbstractApplicationContext.java:866) ~[spring-context-4.3.5.RELEASE.jar:4.3.5.RELEASE]
	at org.springframework.context.support.AbstractApplicationContext.refresh(AbstractApplicationContext.java:542) ~[spring-context-4.3.5.RELEASE.jar:4.3.5.RELEASE]
	at org.springframework.test.context.web.AbstractGenericWebContextLoader.loadContext(AbstractGenericWebContextLoader.java:134) ~[spring-test-4.3.5.RELEASE.jar:4.3.5.RELEASE]
	at org.springframework.test.context.web.AbstractGenericWebContextLoader.loadContext(AbstractGenericWebContextLoader.java:61) ~[spring-test-4.3.5.RELEASE.jar:4.3.5.RELEASE]
	at org.springframework.test.context.support.AbstractDelegatingSmartContextLoader.delegateLoading(AbstractDelegatingSmartContextLoader.java:108) ~[spring-test-4.3.5.RELEASE.jar:4.3.5.RELEASE]
	at org.springframework.test.context.support.AbstractDelegatingSmartContextLoader.loadContext(AbstractDelegatingSmartContextLoader.java:251) ~[spring-test-4.3.5.RELEASE.jar:4.3.5.RELEASE]
	at org.springframework.test.context.cache.DefaultCacheAwareContextLoaderDelegate.loadContextInternal(DefaultCacheAwareContextLoaderDelegate.java:98) ~[spring-test-4.3.5.RELEASE.jar:4.3.5.RELEASE]
	at org.springframework.test.context.cache.DefaultCacheAwareContextLoaderDelegate.loadContext(DefaultCacheAwareContextLoaderDelegate.java:116) ~[spring-test-4.3.5.RELEASE.jar:4.3.5.RELEASE]
	... 26 common frames omitted
Caused by: org.springframework.beans.BeanInstantiationException: Failed to instantiate [javax.servlet.Filter]: Factory method &apos;springSecurityFilterChain&apos; threw exception; nested exception is java.lang.IllegalArgumentException: &apos;Savings Account?error&apos; is not a valid redirect URL
	at org.springframework.beans.factory.support.SimpleInstantiationStrategy.instantiate(SimpleInstantiationStrategy.java:189) ~[spring-beans-4.3.5.RELEASE.jar:4.3.5.RELEASE]
	at org.springframework.beans.factory.support.ConstructorResolver.instantiateUsingFactoryMethod(ConstructorResolver.java:588) ~[spring-beans-4.3.5.RELEASE.jar:4.3.5.RELEASE]
	... 45 common frames omitted
Caused by: java.lang.IllegalArgumentException: &apos;Savings Account?error&apos; is not a valid redirect URL
	at org.springframework.util.Assert.isTrue(Assert.java:68) ~[spring-core-4.3.5.RELEASE.jar:4.3.5.RELEASE]
	at org.springframework.security.web.authentication.SimpleUrlAuthenticationFailureHandler.setDefaultFailureUrl(SimpleUrlAuthenticationFailureHandler.java:125) ~[spring-security-web-4.2.2.RELEASE.jar:4.2.2.RELEASE]
	at org.springframework.security.web.authentication.SimpleUrlAuthenticationFailureHandler.&lt;init&gt;(SimpleUrlAuthenticationFailureHandler.java:60) ~[spring-security-web-4.2.2.RELEASE.jar:4.2.2.RELEASE]
	at org.springframework.security.config.annotation.web.configurers.AbstractAuthenticationFilterConfigurer.failureUrl(AbstractAuthenticationFilterConfigurer.java:206) ~[spring-security-config-4.2.2.RELEASE.jar:4.2.2.RELEASE]
	at org.springframework.security.config.annotation.web.configurers.AbstractAuthenticationFilterConfigurer.updateAuthenticationDefaults(AbstractAuthenticationFilterConfigurer.java:368) ~[spring-security-config-4.2.2.RELEASE.jar:4.2.2.RELEASE]
	at org.springframework.security.config.annotation.web.configurers.AbstractAuthenticationFilterConfigurer.loginPage(AbstractAuthenticationFilterConfigurer.java:308) ~[spring-security-config-4.2.2.RELEASE.jar:4.2.2.RELEASE]
	at org.springframework.security.config.annotation.web.configurers.FormLoginConfigurer.loginPage(FormLoginConfigurer.java:183) ~[spring-security-config-4.2.2.RELEASE.jar:4.2.2.RELEASE]
	at edu.ncsu.csc.itrust2.config.SecurityConfig.configure(SecurityConfig.java:89) ~[classes/:na]
	at org.springframework.security.config.annotation.web.configuration.WebSecurityConfigurerAdapter.getHttp(WebSecurityConfigurerAdapter.java:224) ~[spring-security-config-4.2.2.RELEASE.jar:4.2.2.RELEASE]
	at org.springframework.security.config.annotation.web.configuration.WebSecurityConfigurerAdapter.init(WebSecurityConfigurerAdapter.java:315) ~[spring-security-config-4.2.2.RELEASE.jar:4.2.2.RELEASE]
	at org.springframework.security.config.annotation.web.configuration.WebSecurityConfigurerAdapter.init(WebSecurityConfigurerAdapter.java:86) ~[spring-security-config-4.2.2.RELEASE.jar:4.2.2.RELEASE]
	at edu.ncsu.csc.itrust2.config.SecurityConfig$$EnhancerBySpringCGLIB$$f88fd361.init(&lt;generated&gt;) ~[classes/:na]
	at org.springframework.security.config.annotation.AbstractConfiguredSecurityBuilder.init(AbstractConfiguredSecurityBuilder.java:371) ~[spring-security-config-4.2.2.RELEASE.jar:4.2.2.RELEASE]
	at org.springframework.security.config.annotation.AbstractConfiguredSecurityBuilder.doBuild(AbstractConfiguredSecurityBuilder.java:325) ~[spring-security-config-4.2.2.RELEASE.jar:4.2.2.RELEASE]
	at org.springframework.security.config.annotation.AbstractSecurityBuilder.build(AbstractSecurityBuilder.java:41) ~[spring-security-config-4.2.2.RELEASE.jar:4.2.2.RELEASE]
	at org.springframework.security.config.annotation.web.configuration.WebSecurityConfiguration.springSecurityFilterChain(WebSecurityConfiguration.java:104) ~[spring-security-config-4.2.2.RELEASE.jar:4.2.2.RELEASE]
	at org.springframework.security.config.annotation.web.configuration.WebSecurityConfiguration$$EnhancerBySpringCGLIB$$150881e6.CGLIB$springSecurityFilterChain$4(&lt;generated&gt;) ~[spring-security-config-4.2.2.RELEASE.jar:4.2.2.RELEASE]
	at org.springframework.security.config.annotation.web.configuration.WebSecurityConfiguration$$EnhancerBySpringCGLIB$$150881e6$$FastClassBySpringCGLIB$$f9839e81.invoke(&lt;generated&gt;) ~[spring-security-config-4.2.2.RELEASE.jar:4.2.2.RELEASE]
	at org.springframework.cglib.proxy.MethodProxy.invokeSuper(MethodProxy.java:228) ~[spring-core-4.3.5.RELEASE.jar:4.3.5.RELEASE]
	at org.springframework.context.annotation.ConfigurationClassEnhancer$BeanMethodInterceptor.intercept(ConfigurationClassEnhancer.java:356) ~[spring-context-4.3.5.RELEASE.jar:4.3.5.RELEASE]
	at org.springframework.security.config.annotation.web.configuration.WebSecurityConfiguration$$EnhancerBySpringCGLIB$$150881e6.springSecurityFilterChain(&lt;generated&gt;) ~[spring-security-config-4.2.2.RELEASE.jar:4.2.2.RELEASE]
	at sun.reflect.NativeMethodAccessorImpl.invoke0(Native Method) ~[na:1.8.0_151]
	at sun.reflect.NativeMethodAccessorImpl.invoke(NativeMethodAccessorImpl.java:62) ~[na:1.8.0_151]
	at sun.reflect.DelegatingMethodAccessorImpl.invoke(DelegatingMethodAccessorImpl.java:43) ~[na:1.8.0_151]
	at java.lang.reflect.Method.invoke(Method.java:498) ~[na:1.8.0_151]
	at org.springframework.beans.factory.support.SimpleInstantiationStrategy.instantiate(SimpleInstantiationStrategy.java:162) ~[spring-beans-4.3.5.RELEASE.jar:4.3.5.RELEASE]
	... 46 common frames omitted
</stdout>
          <failedSince>1</failedSince>
        </case>
        <case>
          <duration>0.0</duration>
          <className>edu.ncsu.csc.itrust2.apitest.APIUserTest</className>
          <testName>testGetNonExistentUser</testName>
          <skipped>false</skipped>
          <errorStackTrace>java.lang.IllegalStateException: Failed to load ApplicationContext
Caused by: org.springframework.beans.factory.BeanCreationException: Error creating bean with name &apos;springSecurityFilterChain&apos; defined in class path resource [org/springframework/security/config/annotation/web/configuration/WebSecurityConfiguration.class]: Bean instantiation via factory method failed; nested exception is org.springframework.beans.BeanInstantiationException: Failed to instantiate [javax.servlet.Filter]: Factory method &apos;springSecurityFilterChain&apos; threw exception; nested exception is java.lang.IllegalArgumentException: &apos;Savings Account?error&apos; is not a valid redirect URL
Caused by: org.springframework.beans.BeanInstantiationException: Failed to instantiate [javax.servlet.Filter]: Factory method &apos;springSecurityFilterChain&apos; threw exception; nested exception is java.lang.IllegalArgumentException: &apos;Savings Account?error&apos; is not a valid redirect URL
Caused by: java.lang.IllegalArgumentException: &apos;Savings Account?error&apos; is not a valid redirect URL
</errorStackTrace>
          <errorDetails>Failed to load ApplicationContext</errorDetails>
          <stdout>21:59:37.585 [main] DEBUG o.s.t.annotation.ProfileValueUtils - Retrieved @ProfileValueSourceConfiguration [null] for test class [edu.ncsu.csc.itrust2.apitest.APIUserTest]
21:59:37.585 [main] DEBUG o.s.t.annotation.ProfileValueUtils - Retrieved ProfileValueSource type [class org.springframework.test.annotation.SystemProfileValueSource] for class [edu.ncsu.csc.itrust2.apitest.APIUserTest]
21:59:37.585 [main] DEBUG o.s.t.c.s.AbstractDelegatingSmartContextLoader - Delegating to AnnotationConfigWebContextLoader to load context from [WebMergedContextConfiguration@402a5b2b testClass = APIUserTest, locations = &apos;{}&apos;, classes = &apos;{class edu.ncsu.csc.itrust2.config.RootConfiguration, class edu.ncsu.csc.itrust2.mvc.config.WebMvcConfiguration}&apos;, contextInitializerClasses = &apos;[]&apos;, activeProfiles = &apos;{}&apos;, propertySourceLocations = &apos;{}&apos;, propertySourceProperties = &apos;{}&apos;, contextCustomizers = set[[empty]], resourceBasePath = &apos;src/main/webapp&apos;, contextLoader = &apos;org.springframework.test.context.web.WebDelegatingSmartContextLoader&apos;, parent = [null]].
21:59:37.585 [main] DEBUG o.s.t.c.w.AbstractGenericWebContextLoader - Loading WebApplicationContext for merged context configuration [WebMergedContextConfiguration@402a5b2b testClass = APIUserTest, locations = &apos;{}&apos;, classes = &apos;{class edu.ncsu.csc.itrust2.config.RootConfiguration, class edu.ncsu.csc.itrust2.mvc.config.WebMvcConfiguration}&apos;, contextInitializerClasses = &apos;[]&apos;, activeProfiles = &apos;{}&apos;, propertySourceLocations = &apos;{}&apos;, propertySourceProperties = &apos;{}&apos;, contextCustomizers = set[[empty]], resourceBasePath = &apos;src/main/webapp&apos;, contextLoader = &apos;org.springframework.test.context.web.WebDelegatingSmartContextLoader&apos;, parent = [null]].
21:59:37.585 [main] DEBUG o.s.w.c.s.StandardServletEnvironment - Adding [servletConfigInitParams] PropertySource with lowest search precedence
21:59:37.585 [main] DEBUG o.s.w.c.s.StandardServletEnvironment - Adding [servletContextInitParams] PropertySource with lowest search precedence
21:59:37.585 [main] DEBUG o.s.w.c.s.StandardServletEnvironment - Adding [systemProperties] PropertySource with lowest search precedence
21:59:37.585 [main] DEBUG o.s.w.c.s.StandardServletEnvironment - Adding [systemEnvironment] PropertySource with lowest search precedence
21:59:37.585 [main] DEBUG o.s.w.c.s.StandardServletEnvironment - Initialized StandardServletEnvironment with PropertySources [servletConfigInitParams,servletContextInitParams,systemProperties,systemEnvironment]
21:59:37.585 [main] DEBUG o.s.t.c.w.AnnotationConfigWebContextLoader - Registering annotated classes: {class edu.ncsu.csc.itrust2.config.RootConfiguration, class edu.ncsu.csc.itrust2.mvc.config.WebMvcConfiguration}
21:59:37.586 [main] INFO  o.s.w.c.s.GenericWebApplicationContext - Refreshing org.springframework.web.context.support.GenericWebApplicationContext@3d6948a: startup date [Thu Mar 22 21:59:37 UTC 2018]; root of context hierarchy
21:59:37.586 [main] DEBUG o.s.w.c.s.StandardServletEnvironment - Replacing [servletContextInitParams] PropertySource with [servletContextInitParams]
21:59:37.586 [main] DEBUG o.s.w.c.s.GenericWebApplicationContext - Bean factory for org.springframework.web.context.support.GenericWebApplicationContext@3d6948a: org.springframework.beans.factory.support.DefaultListableBeanFactory@2e8a3352: defining beans [org.springframework.context.annotation.internalConfigurationAnnotationProcessor,org.springframework.context.annotation.internalAutowiredAnnotationProcessor,org.springframework.context.annotation.internalRequiredAnnotationProcessor,org.springframework.context.annotation.internalCommonAnnotationProcessor,org.springframework.context.annotation.internalPersistenceAnnotationProcessor,org.springframework.context.event.internalEventListenerProcessor,org.springframework.context.event.internalEventListenerFactory,rootConfiguration,webMvcConfiguration]; root of factory hierarchy
21:59:37.587 [main] DEBUG o.s.b.f.s.DefaultListableBeanFactory - Registering scope &apos;request&apos; with implementation [org.springframework.web.context.request.RequestScope@615990bb]
21:59:37.587 [main] DEBUG o.s.b.f.s.DefaultListableBeanFactory - Registering scope &apos;session&apos; with implementation [org.springframework.web.context.request.SessionScope@569c2ade]
21:59:37.587 [main] DEBUG o.s.b.f.s.DefaultListableBeanFactory - Registering scope &apos;globalSession&apos; with implementation [org.springframework.web.context.request.SessionScope@297383fc]
21:59:37.587 [main] DEBUG o.s.b.f.s.DefaultListableBeanFactory - Registering scope &apos;application&apos; with implementation [org.springframework.web.context.support.ServletContextScope@62afcae7]
21:59:37.587 [main] DEBUG o.s.b.f.s.DefaultListableBeanFactory - Creating shared instance of singleton bean &apos;org.springframework.context.annotation.internalConfigurationAnnotationProcessor&apos;
21:59:37.587 [main] DEBUG o.s.b.f.s.DefaultListableBeanFactory - Creating instance of bean &apos;org.springframework.context.annotation.internalConfigurationAnnotationProcessor&apos;
21:59:37.587 [main] DEBUG o.s.b.f.s.DefaultListableBeanFactory - Eagerly caching bean &apos;org.springframework.context.annotation.internalConfigurationAnnotationProcessor&apos; to allow for resolving potential circular references
21:59:37.587 [main] DEBUG o.s.b.f.s.DefaultListableBeanFactory - Finished creating instance of bean &apos;org.springframework.context.annotation.internalConfigurationAnnotationProcessor&apos;
21:59:37.587 [main] DEBUG o.s.core.env.StandardEnvironment - Adding [systemProperties] PropertySource with lowest search precedence
21:59:37.587 [main] DEBUG o.s.core.env.StandardEnvironment - Adding [systemEnvironment] PropertySource with lowest search precedence
21:59:37.587 [main] DEBUG o.s.core.env.StandardEnvironment - Initialized StandardEnvironment with PropertySources [systemProperties,systemEnvironment]
21:59:37.588 [main] DEBUG o.s.c.i.s.PathMatchingResourcePatternResolver - Resolved classpath location [edu/ncsu/csc/itrust2/config/] to resources [URL [file:/var/lib/jenkins/jobs/iTrust_Fuzzer/workspace/iTrust2/target/classes/edu/ncsu/csc/itrust2/config/]]
21:59:37.588 [main] DEBUG o.s.c.i.s.PathMatchingResourcePatternResolver - Looking for matching resources in directory tree [/var/lib/jenkins/jobs/iTrust_Fuzzer/workspace/iTrust2/target/classes/edu/ncsu/csc/itrust2/config]
21:59:37.588 [main] DEBUG o.s.c.i.s.PathMatchingResourcePatternResolver - Searching directory [/var/lib/jenkins/jobs/iTrust_Fuzzer/workspace/iTrust2/target/classes/edu/ncsu/csc/itrust2/config] for files matching pattern [/var/lib/jenkins/jobs/iTrust_Fuzzer/workspace/iTrust2/target/classes/edu/ncsu/csc/itrust2/config/**/*.class]
21:59:37.589 [main] DEBUG o.s.c.i.s.PathMatchingResourcePatternResolver - Resolved location pattern [classpath*:edu/ncsu/csc/itrust2/config/**/*.class] to resources [file [/var/lib/jenkins/jobs/iTrust_Fuzzer/workspace/iTrust2/target/classes/edu/ncsu/csc/itrust2/config/ContextListener.class], file [/var/lib/jenkins/jobs/iTrust_Fuzzer/workspace/iTrust2/target/classes/edu/ncsu/csc/itrust2/config/DataConfiguration.class], file [/var/lib/jenkins/jobs/iTrust_Fuzzer/workspace/iTrust2/target/classes/edu/ncsu/csc/itrust2/config/FailureHandler.class], file [/var/lib/jenkins/jobs/iTrust_Fuzzer/workspace/iTrust2/target/classes/edu/ncsu/csc/itrust2/config/IPFilter.class], file [/var/lib/jenkins/jobs/iTrust_Fuzzer/workspace/iTrust2/target/classes/edu/ncsu/csc/itrust2/config/ITrust2ApplicationInitializer.class], file [/var/lib/jenkins/jobs/iTrust_Fuzzer/workspace/iTrust2/target/classes/edu/ncsu/csc/itrust2/config/ITrust2WebApplicationInitializer.class], file [/var/lib/jenkins/jobs/iTrust_Fuzzer/workspace/iTrust2/target/classes/edu/ncsu/csc/itrust2/config/LoginAuditingListener.class], file [/var/lib/jenkins/jobs/iTrust_Fuzzer/workspace/iTrust2/target/classes/edu/ncsu/csc/itrust2/config/RootConfiguration.class], file [/var/lib/jenkins/jobs/iTrust_Fuzzer/workspace/iTrust2/target/classes/edu/ncsu/csc/itrust2/config/SecurityConfig.class]]
21:59:37.589 [main] DEBUG o.s.c.a.ClassPathBeanDefinitionScanner - Identified candidate component class: file [/var/lib/jenkins/jobs/iTrust_Fuzzer/workspace/iTrust2/target/classes/edu/ncsu/csc/itrust2/config/DataConfiguration.class]
21:59:37.589 [main] DEBUG o.s.c.a.ClassPathBeanDefinitionScanner - Identified candidate component class: file [/var/lib/jenkins/jobs/iTrust_Fuzzer/workspace/iTrust2/target/classes/edu/ncsu/csc/itrust2/config/LoginAuditingListener.class]
21:59:37.590 [main] DEBUG o.s.c.a.ClassPathBeanDefinitionScanner - Identified candidate component class: file [/var/lib/jenkins/jobs/iTrust_Fuzzer/workspace/iTrust2/target/classes/edu/ncsu/csc/itrust2/config/SecurityConfig.class]
21:59:37.599 [main] DEBUG o.s.core.env.StandardEnvironment - Adding [systemProperties] PropertySource with lowest search precedence
21:59:37.599 [main] DEBUG o.s.core.env.StandardEnvironment - Adding [systemEnvironment] PropertySource with lowest search precedence
21:59:37.599 [main] DEBUG o.s.core.env.StandardEnvironment - Initialized StandardEnvironment with PropertySources [systemProperties,systemEnvironment]
21:59:37.599 [main] DEBUG o.s.c.i.s.PathMatchingResourcePatternResolver - Resolved classpath location [edu/ncsu/csc/itrust2/controllers/] to resources [URL [file:/var/lib/jenkins/jobs/iTrust_Fuzzer/workspace/iTrust2/target/classes/edu/ncsu/csc/itrust2/controllers/]]
21:59:37.599 [main] DEBUG o.s.c.i.s.PathMatchingResourcePatternResolver - Looking for matching resources in directory tree [/var/lib/jenkins/jobs/iTrust_Fuzzer/workspace/iTrust2/target/classes/edu/ncsu/csc/itrust2/controllers]
21:59:37.599 [main] DEBUG o.s.c.i.s.PathMatchingResourcePatternResolver - Searching directory [/var/lib/jenkins/jobs/iTrust_Fuzzer/workspace/iTrust2/target/classes/edu/ncsu/csc/itrust2/controllers] for files matching pattern [/var/lib/jenkins/jobs/iTrust_Fuzzer/workspace/iTrust2/target/classes/edu/ncsu/csc/itrust2/controllers/**/*.class]
21:59:37.599 [main] DEBUG o.s.c.i.s.PathMatchingResourcePatternResolver - Searching directory [/var/lib/jenkins/jobs/iTrust_Fuzzer/workspace/iTrust2/target/classes/edu/ncsu/csc/itrust2/controllers/admin] for files matching pattern [/var/lib/jenkins/jobs/iTrust_Fuzzer/workspace/iTrust2/target/classes/edu/ncsu/csc/itrust2/controllers/**/*.class]
21:59:37.600 [main] DEBUG o.s.c.i.s.PathMatchingResourcePatternResolver - Searching directory [/var/lib/jenkins/jobs/iTrust_Fuzzer/workspace/iTrust2/target/classes/edu/ncsu/csc/itrust2/controllers/api] for files matching pattern [/var/lib/jenkins/jobs/iTrust_Fuzzer/workspace/iTrust2/target/classes/edu/ncsu/csc/itrust2/controllers/**/*.class]
21:59:37.600 [main] DEBUG o.s.c.i.s.PathMatchingResourcePatternResolver - Searching directory [/var/lib/jenkins/jobs/iTrust_Fuzzer/workspace/iTrust2/target/classes/edu/ncsu/csc/itrust2/controllers/api/comm] for files matching pattern [/var/lib/jenkins/jobs/iTrust_Fuzzer/workspace/iTrust2/target/classes/edu/ncsu/csc/itrust2/controllers/**/*.class]
21:59:37.600 [main] DEBUG o.s.c.i.s.PathMatchingResourcePatternResolver - Searching directory [/var/lib/jenkins/jobs/iTrust_Fuzzer/workspace/iTrust2/target/classes/edu/ncsu/csc/itrust2/controllers/hcp] for files matching pattern [/var/lib/jenkins/jobs/iTrust_Fuzzer/workspace/iTrust2/target/classes/edu/ncsu/csc/itrust2/controllers/**/*.class]
21:59:37.600 [main] DEBUG o.s.c.i.s.PathMatchingResourcePatternResolver - Searching directory [/var/lib/jenkins/jobs/iTrust_Fuzzer/workspace/iTrust2/target/classes/edu/ncsu/csc/itrust2/controllers/patient] for files matching pattern [/var/lib/jenkins/jobs/iTrust_Fuzzer/workspace/iTrust2/target/classes/edu/ncsu/csc/itrust2/controllers/**/*.class]
21:59:37.600 [main] DEBUG o.s.c.i.s.PathMatchingResourcePatternResolver - Searching directory [/var/lib/jenkins/jobs/iTrust_Fuzzer/workspace/iTrust2/target/classes/edu/ncsu/csc/itrust2/controllers/personnel] for files matching pattern [/var/lib/jenkins/jobs/iTrust_Fuzzer/workspace/iTrust2/target/classes/edu/ncsu/csc/itrust2/controllers/**/*.class]
21:59:37.601 [main] DEBUG o.s.c.i.s.PathMatchingResourcePatternResolver - Resolved location pattern [classpath*:edu/ncsu/csc/itrust2/controllers/**/*.class] to resources [file [/var/lib/jenkins/jobs/iTrust_Fuzzer/workspace/iTrust2/target/classes/edu/ncsu/csc/itrust2/controllers/DefaultController.class], file [/var/lib/jenkins/jobs/iTrust_Fuzzer/workspace/iTrust2/target/classes/edu/ncsu/csc/itrust2/controllers/admin/AdminController.class], file [/var/lib/jenkins/jobs/iTrust_Fuzzer/workspace/iTrust2/target/classes/edu/ncsu/csc/itrust2/controllers/admin/AdminUserController$1.class], file [/var/lib/jenkins/jobs/iTrust_Fuzzer/workspace/iTrust2/target/classes/edu/ncsu/csc/itrust2/controllers/admin/AdminUserController.class], file [/var/lib/jenkins/jobs/iTrust_Fuzzer/workspace/iTrust2/target/classes/edu/ncsu/csc/itrust2/controllers/admin/HospitalController.class], file [/var/lib/jenkins/jobs/iTrust_Fuzzer/workspace/iTrust2/target/classes/edu/ncsu/csc/itrust2/controllers/admin/ICDCodesController.class], file [/var/lib/jenkins/jobs/iTrust_Fuzzer/workspace/iTrust2/target/classes/edu/ncsu/csc/itrust2/controllers/api/APIAppointmentRequestController.class], file [/var/lib/jenkins/jobs/iTrust_Fuzzer/workspace/iTrust2/target/classes/edu/ncsu/csc/itrust2/controllers/api/APIController$JSONResponse.class], file [/var/lib/jenkins/jobs/iTrust_Fuzzer/workspace/iTrust2/target/classes/edu/ncsu/csc/itrust2/controllers/api/APIController.class], file [/var/lib/jenkins/jobs/iTrust_Fuzzer/workspace/iTrust2/target/classes/edu/ncsu/csc/itrust2/controllers/api/APIDiagnosisController.class], file [/var/lib/jenkins/jobs/iTrust_Fuzzer/workspace/iTrust2/target/classes/edu/ncsu/csc/itrust2/controllers/api/APIDrugController.class], file [/var/lib/jenkins/jobs/iTrust_Fuzzer/workspace/iTrust2/target/classes/edu/ncsu/csc/itrust2/controllers/api/APIEnumController.class], file [/var/lib/jenkins/jobs/iTrust_Fuzzer/workspace/iTrust2/target/classes/edu/ncsu/csc/itrust2/controllers/api/APIHospitalController.class], file [/var/lib/jenkins/jobs/iTrust_Fuzzer/workspace/iTrust2/target/classes/edu/ncsu/csc/itrust2/controllers/api/APIICDCodeController.class], file [/var/lib/jenkins/jobs/iTrust_Fuzzer/workspace/iTrust2/target/classes/edu/ncsu/csc/itrust2/controllers/api/APILogEntryController.class], file [/var/lib/jenkins/jobs/iTrust_Fuzzer/workspace/iTrust2/target/classes/edu/ncsu/csc/itrust2/controllers/api/APIOfficeVisitController.class], file [/var/lib/jenkins/jobs/iTrust_Fuzzer/workspace/iTrust2/target/classes/edu/ncsu/csc/itrust2/controllers/api/APIPasswordController.class], file [/var/lib/jenkins/jobs/iTrust_Fuzzer/workspace/iTrust2/target/classes/edu/ncsu/csc/itrust2/controllers/api/APIPatientController.class], file [/var/lib/jenkins/jobs/iTrust_Fuzzer/workspace/iTrust2/target/classes/edu/ncsu/csc/itrust2/controllers/api/APIPersonnelController.class], file [/var/lib/jenkins/jobs/iTrust_Fuzzer/workspace/iTrust2/target/classes/edu/ncsu/csc/itrust2/controllers/api/APIPrescriptionController.class], file [/var/lib/jenkins/jobs/iTrust_Fuzzer/workspace/iTrust2/target/classes/edu/ncsu/csc/itrust2/controllers/api/APIUserController.class], file [/var/lib/jenkins/jobs/iTrust_Fuzzer/workspace/iTrust2/target/classes/edu/ncsu/csc/itrust2/controllers/api/comm/LogEntryRequestBody.class], file [/var/lib/jenkins/jobs/iTrust_Fuzzer/workspace/iTrust2/target/classes/edu/ncsu/csc/itrust2/controllers/api/comm/LogEntryTableRow.class], file [/var/lib/jenkins/jobs/iTrust_Fuzzer/workspace/iTrust2/target/classes/edu/ncsu/csc/itrust2/controllers/hcp/AppointmentControllerHCP.class], file [/var/lib/jenkins/jobs/iTrust_Fuzzer/workspace/iTrust2/target/classes/edu/ncsu/csc/itrust2/controllers/hcp/HCPController.class], file [/var/lib/jenkins/jobs/iTrust_Fuzzer/workspace/iTrust2/target/classes/edu/ncsu/csc/itrust2/controllers/hcp/OfficeVisitController.class], file [/var/lib/jenkins/jobs/iTrust_Fuzzer/workspace/iTrust2/target/classes/edu/ncsu/csc/itrust2/controllers/patient/AppointmentController.class], file [/var/lib/jenkins/jobs/iTrust_Fuzzer/workspace/iTrust2/target/classes/edu/ncsu/csc/itrust2/controllers/patient/DiagnosesController.class], file [/var/lib/jenkins/jobs/iTrust_Fuzzer/workspace/iTrust2/target/classes/edu/ncsu/csc/itrust2/controllers/patient/PatientController.class], file [/var/lib/jenkins/jobs/iTrust_Fuzzer/workspace/iTrust2/target/classes/edu/ncsu/csc/itrust2/controllers/personnel/PasswordController.class], file [/var/lib/jenkins/jobs/iTrust_Fuzzer/workspace/iTrust2/target/classes/edu/ncsu/csc/itrust2/controllers/personnel/UserController.class]]
21:59:37.601 [main] DEBUG o.s.c.a.ClassPathBeanDefinitionScanner - Identified candidate component class: file [/var/lib/jenkins/jobs/iTrust_Fuzzer/workspace/iTrust2/target/classes/edu/ncsu/csc/itrust2/controllers/DefaultController.class]
21:59:37.601 [main] DEBUG o.s.c.a.ClassPathBeanDefinitionScanner - Identified candidate component class: file [/var/lib/jenkins/jobs/iTrust_Fuzzer/workspace/iTrust2/target/classes/edu/ncsu/csc/itrust2/controllers/admin/AdminController.class]
21:59:37.601 [main] DEBUG o.s.c.a.ClassPathBeanDefinitionScanner - Identified candidate component class: file [/var/lib/jenkins/jobs/iTrust_Fuzzer/workspace/iTrust2/target/classes/edu/ncsu/csc/itrust2/controllers/admin/AdminUserController.class]
21:59:37.602 [main] DEBUG o.s.c.a.ClassPathBeanDefinitionScanner - Identified candidate component class: file [/var/lib/jenkins/jobs/iTrust_Fuzzer/workspace/iTrust2/target/classes/edu/ncsu/csc/itrust2/controllers/admin/HospitalController.class]
21:59:37.602 [main] DEBUG o.s.c.a.ClassPathBeanDefinitionScanner - Identified candidate component class: file [/var/lib/jenkins/jobs/iTrust_Fuzzer/workspace/iTrust2/target/classes/edu/ncsu/csc/itrust2/controllers/admin/ICDCodesController.class]
21:59:37.602 [main] DEBUG o.s.c.a.ClassPathBeanDefinitionScanner - Identified candidate component class: file [/var/lib/jenkins/jobs/iTrust_Fuzzer/workspace/iTrust2/target/classes/edu/ncsu/csc/itrust2/controllers/api/APIAppointmentRequestController.class]
21:59:37.603 [main] DEBUG o.s.c.a.ClassPathBeanDefinitionScanner - Identified candidate component class: file [/var/lib/jenkins/jobs/iTrust_Fuzzer/workspace/iTrust2/target/classes/edu/ncsu/csc/itrust2/controllers/api/APIDiagnosisController.class]
21:59:37.603 [main] DEBUG o.s.c.a.ClassPathBeanDefinitionScanner - Identified candidate component class: file [/var/lib/jenkins/jobs/iTrust_Fuzzer/workspace/iTrust2/target/classes/edu/ncsu/csc/itrust2/controllers/api/APIDrugController.class]
21:59:37.604 [main] DEBUG o.s.c.a.ClassPathBeanDefinitionScanner - Identified candidate component class: file [/var/lib/jenkins/jobs/iTrust_Fuzzer/workspace/iTrust2/target/classes/edu/ncsu/csc/itrust2/controllers/api/APIEnumController.class]
21:59:37.604 [main] DEBUG o.s.c.a.ClassPathBeanDefinitionScanner - Identified candidate component class: file [/var/lib/jenkins/jobs/iTrust_Fuzzer/workspace/iTrust2/target/classes/edu/ncsu/csc/itrust2/controllers/api/APIHospitalController.class]
21:59:37.604 [main] DEBUG o.s.c.a.ClassPathBeanDefinitionScanner - Identified candidate component class: file [/var/lib/jenkins/jobs/iTrust_Fuzzer/workspace/iTrust2/target/classes/edu/ncsu/csc/itrust2/controllers/api/APIICDCodeController.class]
21:59:37.605 [main] DEBUG o.s.c.a.ClassPathBeanDefinitionScanner - Identified candidate component class: file [/var/lib/jenkins/jobs/iTrust_Fuzzer/workspace/iTrust2/target/classes/edu/ncsu/csc/itrust2/controllers/api/APILogEntryController.class]
21:59:37.605 [main] DEBUG o.s.c.a.ClassPathBeanDefinitionScanner - Identified candidate component class: file [/var/lib/jenkins/jobs/iTrust_Fuzzer/workspace/iTrust2/target/classes/edu/ncsu/csc/itrust2/controllers/api/APIOfficeVisitController.class]
21:59:37.606 [main] DEBUG o.s.c.a.ClassPathBeanDefinitionScanner - Identified candidate component class: file [/var/lib/jenkins/jobs/iTrust_Fuzzer/workspace/iTrust2/target/classes/edu/ncsu/csc/itrust2/controllers/api/APIPasswordController.class]
21:59:37.606 [main] DEBUG o.s.c.a.ClassPathBeanDefinitionScanner - Identified candidate component class: file [/var/lib/jenkins/jobs/iTrust_Fuzzer/workspace/iTrust2/target/classes/edu/ncsu/csc/itrust2/controllers/api/APIPatientController.class]
21:59:37.606 [main] DEBUG o.s.c.a.ClassPathBeanDefinitionScanner - Identified candidate component class: file [/var/lib/jenkins/jobs/iTrust_Fuzzer/workspace/iTrust2/target/classes/edu/ncsu/csc/itrust2/controllers/api/APIPersonnelController.class]
21:59:37.607 [main] DEBUG o.s.c.a.ClassPathBeanDefinitionScanner - Identified candidate component class: file [/var/lib/jenkins/jobs/iTrust_Fuzzer/workspace/iTrust2/target/classes/edu/ncsu/csc/itrust2/controllers/api/APIPrescriptionController.class]
21:59:37.607 [main] DEBUG o.s.c.a.ClassPathBeanDefinitionScanner - Identified candidate component class: file [/var/lib/jenkins/jobs/iTrust_Fuzzer/workspace/iTrust2/target/classes/edu/ncsu/csc/itrust2/controllers/api/APIUserController.class]
21:59:37.608 [main] DEBUG o.s.c.a.ClassPathBeanDefinitionScanner - Identified candidate component class: file [/var/lib/jenkins/jobs/iTrust_Fuzzer/workspace/iTrust2/target/classes/edu/ncsu/csc/itrust2/controllers/hcp/AppointmentControllerHCP.class]
21:59:37.608 [main] DEBUG o.s.c.a.ClassPathBeanDefinitionScanner - Identified candidate component class: file [/var/lib/jenkins/jobs/iTrust_Fuzzer/workspace/iTrust2/target/classes/edu/ncsu/csc/itrust2/controllers/hcp/HCPController.class]
21:59:37.608 [main] DEBUG o.s.c.a.ClassPathBeanDefinitionScanner - Identified candidate component class: file [/var/lib/jenkins/jobs/iTrust_Fuzzer/workspace/iTrust2/target/classes/edu/ncsu/csc/itrust2/controllers/hcp/OfficeVisitController.class]
21:59:37.609 [main] DEBUG o.s.c.a.ClassPathBeanDefinitionScanner - Identified candidate component class: file [/var/lib/jenkins/jobs/iTrust_Fuzzer/workspace/iTrust2/target/classes/edu/ncsu/csc/itrust2/controllers/patient/AppointmentController.class]
21:59:37.609 [main] DEBUG o.s.c.a.ClassPathBeanDefinitionScanner - Identified candidate component class: file [/var/lib/jenkins/jobs/iTrust_Fuzzer/workspace/iTrust2/target/classes/edu/ncsu/csc/itrust2/controllers/patient/DiagnosesController.class]
21:59:37.609 [main] DEBUG o.s.c.a.ClassPathBeanDefinitionScanner - Identified candidate component class: file [/var/lib/jenkins/jobs/iTrust_Fuzzer/workspace/iTrust2/target/classes/edu/ncsu/csc/itrust2/controllers/patient/PatientController.class]
21:59:37.609 [main] DEBUG o.s.c.a.ClassPathBeanDefinitionScanner - Identified candidate component class: file [/var/lib/jenkins/jobs/iTrust_Fuzzer/workspace/iTrust2/target/classes/edu/ncsu/csc/itrust2/controllers/personnel/PasswordController.class]
21:59:37.609 [main] DEBUG o.s.c.a.ClassPathBeanDefinitionScanner - Identified candidate component class: file [/var/lib/jenkins/jobs/iTrust_Fuzzer/workspace/iTrust2/target/classes/edu/ncsu/csc/itrust2/controllers/personnel/UserController.class]
21:59:37.610 [main] DEBUG o.s.c.i.s.PathMatchingResourcePatternResolver - Resolved classpath location [edu/ncsu/csc/itrust2/config/] to resources [URL [file:/var/lib/jenkins/jobs/iTrust_Fuzzer/workspace/iTrust2/target/classes/edu/ncsu/csc/itrust2/config/]]
21:59:37.610 [main] DEBUG o.s.c.i.s.PathMatchingResourcePatternResolver - Looking for matching resources in directory tree [/var/lib/jenkins/jobs/iTrust_Fuzzer/workspace/iTrust2/target/classes/edu/ncsu/csc/itrust2/config]
21:59:37.610 [main] DEBUG o.s.c.i.s.PathMatchingResourcePatternResolver - Searching directory [/var/lib/jenkins/jobs/iTrust_Fuzzer/workspace/iTrust2/target/classes/edu/ncsu/csc/itrust2/config] for files matching pattern [/var/lib/jenkins/jobs/iTrust_Fuzzer/workspace/iTrust2/target/classes/edu/ncsu/csc/itrust2/config/**/*.class]
21:59:37.610 [main] DEBUG o.s.c.i.s.PathMatchingResourcePatternResolver - Resolved location pattern [classpath*:edu/ncsu/csc/itrust2/config/**/*.class] to resources [file [/var/lib/jenkins/jobs/iTrust_Fuzzer/workspace/iTrust2/target/classes/edu/ncsu/csc/itrust2/config/ContextListener.class], file [/var/lib/jenkins/jobs/iTrust_Fuzzer/workspace/iTrust2/target/classes/edu/ncsu/csc/itrust2/config/DataConfiguration.class], file [/var/lib/jenkins/jobs/iTrust_Fuzzer/workspace/iTrust2/target/classes/edu/ncsu/csc/itrust2/config/FailureHandler.class], file [/var/lib/jenkins/jobs/iTrust_Fuzzer/workspace/iTrust2/target/classes/edu/ncsu/csc/itrust2/config/IPFilter.class], file [/var/lib/jenkins/jobs/iTrust_Fuzzer/workspace/iTrust2/target/classes/edu/ncsu/csc/itrust2/config/ITrust2ApplicationInitializer.class], file [/var/lib/jenkins/jobs/iTrust_Fuzzer/workspace/iTrust2/target/classes/edu/ncsu/csc/itrust2/config/ITrust2WebApplicationInitializer.class], file [/var/lib/jenkins/jobs/iTrust_Fuzzer/workspace/iTrust2/target/classes/edu/ncsu/csc/itrust2/config/LoginAuditingListener.class], file [/var/lib/jenkins/jobs/iTrust_Fuzzer/workspace/iTrust2/target/classes/edu/ncsu/csc/itrust2/config/RootConfiguration.class], file [/var/lib/jenkins/jobs/iTrust_Fuzzer/workspace/iTrust2/target/classes/edu/ncsu/csc/itrust2/config/SecurityConfig.class]]
21:59:37.611 [main] DEBUG o.s.c.a.ClassPathBeanDefinitionScanner - Identified candidate component class: file [/var/lib/jenkins/jobs/iTrust_Fuzzer/workspace/iTrust2/target/classes/edu/ncsu/csc/itrust2/config/DataConfiguration.class]
21:59:37.611 [main] DEBUG o.s.c.a.ClassPathBeanDefinitionScanner - Identified candidate component class: file [/var/lib/jenkins/jobs/iTrust_Fuzzer/workspace/iTrust2/target/classes/edu/ncsu/csc/itrust2/config/LoginAuditingListener.class]
21:59:37.611 [main] DEBUG o.s.c.a.ClassPathBeanDefinitionScanner - Identified candidate component class: file [/var/lib/jenkins/jobs/iTrust_Fuzzer/workspace/iTrust2/target/classes/edu/ncsu/csc/itrust2/config/RootConfiguration.class]
21:59:37.611 [main] DEBUG o.s.c.a.ClassPathBeanDefinitionScanner - Identified candidate component class: file [/var/lib/jenkins/jobs/iTrust_Fuzzer/workspace/iTrust2/target/classes/edu/ncsu/csc/itrust2/config/SecurityConfig.class]
21:59:37.629 [main] DEBUG o.s.c.a.ConfigurationClassBeanDefinitionReader - Registering bean definition for @Bean method edu.ncsu.csc.itrust2.config.DataConfiguration.dataSource()
21:59:37.629 [main] DEBUG o.s.c.a.ConfigurationClassBeanDefinitionReader - Registered bean definition for imported class &apos;org.springframework.security.config.annotation.configuration.ObjectPostProcessorConfiguration&apos;
21:59:37.629 [main] DEBUG o.s.c.a.ConfigurationClassBeanDefinitionReader - Registering bean definition for @Bean method org.springframework.security.config.annotation.configuration.ObjectPostProcessorConfiguration.objectPostProcessor()
21:59:37.629 [main] DEBUG o.s.c.a.ConfigurationClassBeanDefinitionReader - Registered bean definition for imported class &apos;org.springframework.security.config.annotation.authentication.configuration.AuthenticationConfiguration&apos;
21:59:37.629 [main] DEBUG o.s.c.a.ConfigurationClassBeanDefinitionReader - Registering bean definition for @Bean method org.springframework.security.config.annotation.authentication.configuration.AuthenticationConfiguration.authenticationManagerBuilder()
21:59:37.629 [main] DEBUG o.s.c.a.ConfigurationClassBeanDefinitionReader - Registering bean definition for @Bean method org.springframework.security.config.annotation.authentication.configuration.AuthenticationConfiguration.enableGlobalAuthenticationAutowiredConfigurer()
21:59:37.629 [main] DEBUG o.s.c.a.ConfigurationClassBeanDefinitionReader - Registering bean definition for @Bean method org.springframework.security.config.annotation.authentication.configuration.AuthenticationConfiguration.initializeUserDetailsBeanManagerConfigurer()
21:59:37.629 [main] DEBUG o.s.c.a.ConfigurationClassBeanDefinitionReader - Registering bean definition for @Bean method org.springframework.security.config.annotation.authentication.configuration.AuthenticationConfiguration.initializeAuthenticationProviderBeanManagerConfigurer()
21:59:37.629 [main] DEBUG o.s.c.a.ConfigurationClassBeanDefinitionReader - Registered bean definition for imported class &apos;org.springframework.security.config.annotation.web.configuration.WebSecurityConfiguration&apos;
21:59:37.629 [main] DEBUG o.s.c.a.ConfigurationClassBeanDefinitionReader - Registering bean definition for @Bean method org.springframework.security.config.annotation.web.configuration.WebSecurityConfiguration.delegatingApplicationListener()
21:59:37.629 [main] DEBUG o.s.c.a.ConfigurationClassBeanDefinitionReader - Registering bean definition for @Bean method org.springframework.security.config.annotation.web.configuration.WebSecurityConfiguration.webSecurityExpressionHandler()
21:59:37.629 [main] DEBUG o.s.c.a.ConfigurationClassBeanDefinitionReader - Registering bean definition for @Bean method org.springframework.security.config.annotation.web.configuration.WebSecurityConfiguration.springSecurityFilterChain()
21:59:37.629 [main] DEBUG o.s.c.a.ConfigurationClassBeanDefinitionReader - Registering bean definition for @Bean method org.springframework.security.config.annotation.web.configuration.WebSecurityConfiguration.privilegeEvaluator()
21:59:37.630 [main] DEBUG o.s.c.a.ConfigurationClassBeanDefinitionReader - Registering bean definition for @Bean method org.springframework.security.config.annotation.web.configuration.WebSecurityConfiguration.autowiredWebSecurityConfigurersIgnoreParents()
21:59:37.630 [main] DEBUG o.s.c.a.ConfigurationClassBeanDefinitionReader - Registered bean definition for imported class &apos;org.springframework.security.config.annotation.web.configuration.WebMvcSecurityConfiguration&apos;
21:59:37.630 [main] DEBUG o.s.c.a.ConfigurationClassBeanDefinitionReader - Registering bean definition for @Bean method org.springframework.security.config.annotation.web.configuration.WebMvcSecurityConfiguration.requestDataValueProcessor()
21:59:37.630 [main] DEBUG o.s.c.a.ConfigurationClassBeanDefinitionReader - Registering bean definition for @Bean method edu.ncsu.csc.itrust2.config.SecurityConfig.passwordEncoder()
21:59:37.630 [main] DEBUG o.s.c.a.ConfigurationClassBeanDefinitionReader - Registering bean definition for @Bean method edu.ncsu.csc.itrust2.config.SecurityConfig.defaultAuthenticationEventPublisher()
21:59:37.630 [main] DEBUG o.s.c.a.ConfigurationClassBeanDefinitionReader - Registering bean definition for @Bean method edu.ncsu.csc.itrust2.config.SecurityConfig.failureHandler()
21:59:37.630 [main] DEBUG o.s.c.a.ConfigurationClassBeanDefinitionReader - Registering bean definition for @Bean method edu.ncsu.csc.itrust2.config.SecurityConfig.ipBlockFilter()
21:59:37.630 [main] DEBUG o.s.c.a.ConfigurationClassBeanDefinitionReader - Registered bean definition for imported class &apos;org.springframework.web.servlet.config.annotation.DelegatingWebMvcConfiguration&apos;
21:59:37.630 [main] DEBUG o.s.c.a.ConfigurationClassBeanDefinitionReader - Registering bean definition for @Bean method org.springframework.web.servlet.config.annotation.DelegatingWebMvcConfiguration.mvcConversionService()
21:59:37.630 [main] DEBUG o.s.c.a.ConfigurationClassBeanDefinitionReader - Registering bean definition for @Bean method org.springframework.web.servlet.config.annotation.DelegatingWebMvcConfiguration.requestMappingHandlerMapping()
21:59:37.630 [main] DEBUG o.s.c.a.ConfigurationClassBeanDefinitionReader - Registering bean definition for @Bean method org.springframework.web.servlet.config.annotation.DelegatingWebMvcConfiguration.mvcPathMatcher()
21:59:37.630 [main] DEBUG o.s.c.a.ConfigurationClassBeanDefinitionReader - Registering bean definition for @Bean method org.springframework.web.servlet.config.annotation.DelegatingWebMvcConfiguration.mvcUrlPathHelper()
21:59:37.630 [main] DEBUG o.s.c.a.ConfigurationClassBeanDefinitionReader - Registering bean definition for @Bean method org.springframework.web.servlet.config.annotation.DelegatingWebMvcConfiguration.mvcContentNegotiationManager()
21:59:37.631 [main] DEBUG o.s.c.a.ConfigurationClassBeanDefinitionReader - Registering bean definition for @Bean method org.springframework.web.servlet.config.annotation.DelegatingWebMvcConfiguration.viewControllerHandlerMapping()
21:59:37.631 [main] DEBUG o.s.c.a.ConfigurationClassBeanDefinitionReader - Registering bean definition for @Bean method org.springframework.web.servlet.config.annotation.DelegatingWebMvcConfiguration.beanNameHandlerMapping()
21:59:37.631 [main] DEBUG o.s.c.a.ConfigurationClassBeanDefinitionReader - Registering bean definition for @Bean method org.springframework.web.servlet.config.annotation.DelegatingWebMvcConfiguration.resourceHandlerMapping()
21:59:37.631 [main] DEBUG o.s.c.a.ConfigurationClassBeanDefinitionReader - Registering bean definition for @Bean method org.springframework.web.servlet.config.annotation.DelegatingWebMvcConfiguration.mvcResourceUrlProvider()
21:59:37.631 [main] DEBUG o.s.c.a.ConfigurationClassBeanDefinitionReader - Registering bean definition for @Bean method org.springframework.web.servlet.config.annotation.DelegatingWebMvcConfiguration.defaultServletHandlerMapping()
21:59:37.631 [main] DEBUG o.s.c.a.ConfigurationClassBeanDefinitionReader - Registering bean definition for @Bean method org.springframework.web.servlet.config.annotation.DelegatingWebMvcConfiguration.requestMappingHandlerAdapter()
21:59:37.631 [main] DEBUG o.s.c.a.ConfigurationClassBeanDefinitionReader - Registering bean definition for @Bean method org.springframework.web.servlet.config.annotation.DelegatingWebMvcConfiguration.mvcValidator()
21:59:37.631 [main] DEBUG o.s.c.a.ConfigurationClassBeanDefinitionReader - Registering bean definition for @Bean method org.springframework.web.servlet.config.annotation.DelegatingWebMvcConfiguration.mvcUriComponentsContributor()
21:59:37.631 [main] DEBUG o.s.c.a.ConfigurationClassBeanDefinitionReader - Registering bean definition for @Bean method org.springframework.web.servlet.config.annotation.DelegatingWebMvcConfiguration.httpRequestHandlerAdapter()
21:59:37.631 [main] DEBUG o.s.c.a.ConfigurationClassBeanDefinitionReader - Registering bean definition for @Bean method org.springframework.web.servlet.config.annotation.DelegatingWebMvcConfiguration.simpleControllerHandlerAdapter()
21:59:37.631 [main] DEBUG o.s.c.a.ConfigurationClassBeanDefinitionReader - Registering bean definition for @Bean method org.springframework.web.servlet.config.annotation.DelegatingWebMvcConfiguration.handlerExceptionResolver()
21:59:37.631 [main] DEBUG o.s.c.a.ConfigurationClassBeanDefinitionReader - Registering bean definition for @Bean method org.springframework.web.servlet.config.annotation.DelegatingWebMvcConfiguration.mvcViewResolver()
21:59:37.631 [main] DEBUG o.s.c.a.ConfigurationClassBeanDefinitionReader - Registered bean definition for imported class &apos;org.springframework.security.config.annotation.method.configuration.GlobalMethodSecurityConfiguration&apos;
21:59:37.632 [main] DEBUG o.s.c.a.ConfigurationClassBeanDefinitionReader - Registering bean definition for @Bean method org.springframework.security.config.annotation.method.configuration.GlobalMethodSecurityConfiguration.methodSecurityInterceptor()
21:59:37.632 [main] DEBUG o.s.c.a.ConfigurationClassBeanDefinitionReader - Registering bean definition for @Bean method org.springframework.security.config.annotation.method.configuration.GlobalMethodSecurityConfiguration.methodSecurityMetadataSource()
21:59:37.632 [main] DEBUG o.s.c.a.ConfigurationClassBeanDefinitionReader - Registering bean definition for @Bean method org.springframework.security.config.annotation.method.configuration.GlobalMethodSecurityConfiguration.preInvocationAuthorizationAdvice()
21:59:37.632 [main] DEBUG o.s.c.a.ConfigurationClassBeanDefinitionReader - Registering bean definition for @Bean method edu.ncsu.csc.itrust2.mvc.config.WebMvcConfiguration.viewResolver()
21:59:37.632 [main] DEBUG o.s.c.a.ConfigurationClassBeanDefinitionReader - Registering bean definition for @Bean method edu.ncsu.csc.itrust2.mvc.config.WebMvcConfiguration.templateEngine()
21:59:37.632 [main] DEBUG o.s.c.a.ConfigurationClassBeanDefinitionReader - Registering bean definition for @Bean method edu.ncsu.csc.itrust2.mvc.config.WebMvcConfiguration.domainClassConverter()
21:59:37.634 [main] DEBUG o.s.c.a.ConfigurationClassEnhancer - Successfully enhanced edu.ncsu.csc.itrust2.config.RootConfiguration; enhanced class name is: edu.ncsu.csc.itrust2.config.RootConfiguration$$EnhancerBySpringCGLIB$$c1d00685
21:59:37.634 [main] DEBUG o.s.c.a.ConfigurationClassPostProcessor - Replacing bean definition &apos;rootConfiguration&apos; existing class &apos;edu.ncsu.csc.itrust2.config.RootConfiguration&apos; with enhanced class &apos;edu.ncsu.csc.itrust2.config.RootConfiguration$$EnhancerBySpringCGLIB$$c1d00685&apos;
21:59:37.634 [main] DEBUG o.s.c.a.ConfigurationClassEnhancer - Successfully enhanced edu.ncsu.csc.itrust2.mvc.config.WebMvcConfiguration; enhanced class name is: edu.ncsu.csc.itrust2.mvc.config.WebMvcConfiguration$$EnhancerBySpringCGLIB$$de7b09d5
21:59:37.634 [main] DEBUG o.s.c.a.ConfigurationClassPostProcessor - Replacing bean definition &apos;webMvcConfiguration&apos; existing class &apos;edu.ncsu.csc.itrust2.mvc.config.WebMvcConfiguration&apos; with enhanced class &apos;edu.ncsu.csc.itrust2.mvc.config.WebMvcConfiguration$$EnhancerBySpringCGLIB$$de7b09d5&apos;
21:59:37.634 [main] DEBUG o.s.c.a.ConfigurationClassEnhancer - Successfully enhanced edu.ncsu.csc.itrust2.config.DataConfiguration; enhanced class name is: edu.ncsu.csc.itrust2.config.DataConfiguration$$EnhancerBySpringCGLIB$$60f4bbd
21:59:37.634 [main] DEBUG o.s.c.a.ConfigurationClassPostProcessor - Replacing bean definition &apos;dataConfiguration&apos; existing class &apos;edu.ncsu.csc.itrust2.config.DataConfiguration&apos; with enhanced class &apos;edu.ncsu.csc.itrust2.config.DataConfiguration$$EnhancerBySpringCGLIB$$60f4bbd&apos;
21:59:37.634 [main] DEBUG o.s.c.a.ConfigurationClassEnhancer - Successfully enhanced edu.ncsu.csc.itrust2.config.SecurityConfig; enhanced class name is: edu.ncsu.csc.itrust2.config.SecurityConfig$$EnhancerBySpringCGLIB$$f88fd361
21:59:37.634 [main] DEBUG o.s.c.a.ConfigurationClassPostProcessor - Replacing bean definition &apos;securityConfig&apos; existing class &apos;edu.ncsu.csc.itrust2.config.SecurityConfig&apos; with enhanced class &apos;edu.ncsu.csc.itrust2.config.SecurityConfig$$EnhancerBySpringCGLIB$$f88fd361&apos;
21:59:37.634 [main] DEBUG o.s.c.a.ConfigurationClassEnhancer - Successfully enhanced org.springframework.security.config.annotation.configuration.ObjectPostProcessorConfiguration; enhanced class name is: org.springframework.security.config.annotation.configuration.ObjectPostProcessorConfiguration$$EnhancerBySpringCGLIB$$6851d2d
21:59:37.634 [main] DEBUG o.s.c.a.ConfigurationClassPostProcessor - Replacing bean definition &apos;org.springframework.security.config.annotation.configuration.ObjectPostProcessorConfiguration&apos; existing class &apos;org.springframework.security.config.annotation.configuration.ObjectPostProcessorConfiguration&apos; with enhanced class &apos;org.springframework.security.config.annotation.configuration.ObjectPostProcessorConfiguration$$EnhancerBySpringCGLIB$$6851d2d&apos;
21:59:37.634 [main] DEBUG o.s.c.a.ConfigurationClassEnhancer - Successfully enhanced org.springframework.security.config.annotation.authentication.configuration.AuthenticationConfiguration; enhanced class name is: org.springframework.security.config.annotation.authentication.configuration.AuthenticationConfiguration$$EnhancerBySpringCGLIB$$524e27a2
21:59:37.634 [main] DEBUG o.s.c.a.ConfigurationClassPostProcessor - Replacing bean definition &apos;org.springframework.security.config.annotation.authentication.configuration.AuthenticationConfiguration&apos; existing class &apos;org.springframework.security.config.annotation.authentication.configuration.AuthenticationConfiguration&apos; with enhanced class &apos;org.springframework.security.config.annotation.authentication.configuration.AuthenticationConfiguration$$EnhancerBySpringCGLIB$$524e27a2&apos;
21:59:37.634 [main] DEBUG o.s.c.a.ConfigurationClassEnhancer - Successfully enhanced org.springframework.security.config.annotation.authentication.configuration.AuthenticationConfiguration; enhanced class name is: org.springframework.security.config.annotation.authentication.configuration.AuthenticationConfiguration$$EnhancerBySpringCGLIB$$524e27a2
21:59:37.634 [main] DEBUG o.s.c.a.ConfigurationClassPostProcessor - Replacing bean definition &apos;enableGlobalAuthenticationAutowiredConfigurer&apos; existing class &apos;org.springframework.security.config.annotation.authentication.configuration.AuthenticationConfiguration&apos; with enhanced class &apos;org.springframework.security.config.annotation.authentication.configuration.AuthenticationConfiguration$$EnhancerBySpringCGLIB$$524e27a2&apos;
21:59:37.634 [main] DEBUG o.s.c.a.ConfigurationClassEnhancer - Successfully enhanced org.springframework.security.config.annotation.authentication.configuration.AuthenticationConfiguration; enhanced class name is: org.springframework.security.config.annotation.authentication.configuration.AuthenticationConfiguration$$EnhancerBySpringCGLIB$$524e27a2
21:59:37.634 [main] DEBUG o.s.c.a.ConfigurationClassPostProcessor - Replacing bean definition &apos;initializeUserDetailsBeanManagerConfigurer&apos; existing class &apos;org.springframework.security.config.annotation.authentication.configuration.AuthenticationConfiguration&apos; with enhanced class &apos;org.springframework.security.config.annotation.authentication.configuration.AuthenticationConfiguration$$EnhancerBySpringCGLIB$$524e27a2&apos;
21:59:37.634 [main] DEBUG o.s.c.a.ConfigurationClassEnhancer - Successfully enhanced org.springframework.security.config.annotation.authentication.configuration.AuthenticationConfiguration; enhanced class name is: org.springframework.security.config.annotation.authentication.configuration.AuthenticationConfiguration$$EnhancerBySpringCGLIB$$524e27a2
21:59:37.634 [main] DEBUG o.s.c.a.ConfigurationClassPostProcessor - Replacing bean definition &apos;initializeAuthenticationProviderBeanManagerConfigurer&apos; existing class &apos;org.springframework.security.config.annotation.authentication.configuration.AuthenticationConfiguration&apos; with enhanced class &apos;org.springframework.security.config.annotation.authentication.configuration.AuthenticationConfiguration$$EnhancerBySpringCGLIB$$524e27a2&apos;
21:59:37.634 [main] DEBUG o.s.c.a.ConfigurationClassEnhancer - Successfully enhanced org.springframework.security.config.annotation.web.configuration.WebSecurityConfiguration; enhanced class name is: org.springframework.security.config.annotation.web.configuration.WebSecurityConfiguration$$EnhancerBySpringCGLIB$$150881e6
21:59:37.634 [main] DEBUG o.s.c.a.ConfigurationClassPostProcessor - Replacing bean definition &apos;org.springframework.security.config.annotation.web.configuration.WebSecurityConfiguration&apos; existing class &apos;org.springframework.security.config.annotation.web.configuration.WebSecurityConfiguration&apos; with enhanced class &apos;org.springframework.security.config.annotation.web.configuration.WebSecurityConfiguration$$EnhancerBySpringCGLIB$$150881e6&apos;
21:59:37.634 [main] DEBUG o.s.c.a.ConfigurationClassEnhancer - Successfully enhanced org.springframework.security.config.annotation.web.configuration.WebSecurityConfiguration; enhanced class name is: org.springframework.security.config.annotation.web.configuration.WebSecurityConfiguration$$EnhancerBySpringCGLIB$$150881e6
21:59:37.635 [main] DEBUG o.s.c.a.ConfigurationClassPostProcessor - Replacing bean definition &apos;delegatingApplicationListener&apos; existing class &apos;org.springframework.security.config.annotation.web.configuration.WebSecurityConfiguration&apos; with enhanced class &apos;org.springframework.security.config.annotation.web.configuration.WebSecurityConfiguration$$EnhancerBySpringCGLIB$$150881e6&apos;
21:59:37.635 [main] DEBUG o.s.c.a.ConfigurationClassEnhancer - Successfully enhanced org.springframework.web.servlet.config.annotation.DelegatingWebMvcConfiguration; enhanced class name is: org.springframework.web.servlet.config.annotation.DelegatingWebMvcConfiguration$$EnhancerBySpringCGLIB$$32983a29
21:59:37.635 [main] DEBUG o.s.c.a.ConfigurationClassPostProcessor - Replacing bean definition &apos;org.springframework.web.servlet.config.annotation.DelegatingWebMvcConfiguration&apos; existing class &apos;org.springframework.web.servlet.config.annotation.DelegatingWebMvcConfiguration&apos; with enhanced class &apos;org.springframework.web.servlet.config.annotation.DelegatingWebMvcConfiguration$$EnhancerBySpringCGLIB$$32983a29&apos;
21:59:37.635 [main] DEBUG o.s.c.a.ConfigurationClassEnhancer - Successfully enhanced org.springframework.security.config.annotation.method.configuration.GlobalMethodSecurityConfiguration; enhanced class name is: org.springframework.security.config.annotation.method.configuration.GlobalMethodSecurityConfiguration$$EnhancerBySpringCGLIB$$2b59bfdf
21:59:37.635 [main] DEBUG o.s.c.a.ConfigurationClassPostProcessor - Replacing bean definition &apos;org.springframework.security.config.annotation.method.configuration.GlobalMethodSecurityConfiguration&apos; existing class &apos;org.springframework.security.config.annotation.method.configuration.GlobalMethodSecurityConfiguration&apos; with enhanced class &apos;org.springframework.security.config.annotation.method.configuration.GlobalMethodSecurityConfiguration$$EnhancerBySpringCGLIB$$2b59bfdf&apos;
21:59:37.636 [main] DEBUG o.s.b.f.s.DefaultListableBeanFactory - Creating shared instance of singleton bean &apos;org.springframework.context.annotation.internalAutowiredAnnotationProcessor&apos;
21:59:37.636 [main] DEBUG o.s.b.f.s.DefaultListableBeanFactory - Creating instance of bean &apos;org.springframework.context.annotation.internalAutowiredAnnotationProcessor&apos;
21:59:37.636 [main] DEBUG o.s.b.f.s.DefaultListableBeanFactory - Eagerly caching bean &apos;org.springframework.context.annotation.internalAutowiredAnnotationProcessor&apos; to allow for resolving potential circular references
21:59:37.638 [main] DEBUG o.s.b.f.s.DefaultListableBeanFactory - Finished creating instance of bean &apos;org.springframework.context.annotation.internalAutowiredAnnotationProcessor&apos;
21:59:37.638 [main] DEBUG o.s.b.f.s.DefaultListableBeanFactory - Creating shared instance of singleton bean &apos;org.springframework.context.annotation.internalRequiredAnnotationProcessor&apos;
21:59:37.638 [main] DEBUG o.s.b.f.s.DefaultListableBeanFactory - Creating instance of bean &apos;org.springframework.context.annotation.internalRequiredAnnotationProcessor&apos;
21:59:37.638 [main] DEBUG o.s.b.f.s.DefaultListableBeanFactory - Eagerly caching bean &apos;org.springframework.context.annotation.internalRequiredAnnotationProcessor&apos; to allow for resolving potential circular references
21:59:37.639 [main] DEBUG o.s.b.f.s.DefaultListableBeanFactory - Finished creating instance of bean &apos;org.springframework.context.annotation.internalRequiredAnnotationProcessor&apos;
21:59:37.639 [main] DEBUG o.s.b.f.s.DefaultListableBeanFactory - Creating shared instance of singleton bean &apos;org.springframework.context.annotation.internalCommonAnnotationProcessor&apos;
21:59:37.639 [main] DEBUG o.s.b.f.s.DefaultListableBeanFactory - Creating instance of bean &apos;org.springframework.context.annotation.internalCommonAnnotationProcessor&apos;
21:59:37.639 [main] DEBUG o.s.b.f.s.DefaultListableBeanFactory - Eagerly caching bean &apos;org.springframework.context.annotation.internalCommonAnnotationProcessor&apos; to allow for resolving potential circular references
21:59:37.642 [main] DEBUG o.s.b.f.s.DefaultListableBeanFactory - Finished creating instance of bean &apos;org.springframework.context.annotation.internalCommonAnnotationProcessor&apos;
21:59:37.642 [main] DEBUG o.s.b.f.s.DefaultListableBeanFactory - Creating shared instance of singleton bean &apos;org.springframework.context.annotation.internalPersistenceAnnotationProcessor&apos;
21:59:37.642 [main] DEBUG o.s.b.f.s.DefaultListableBeanFactory - Creating instance of bean &apos;org.springframework.context.annotation.internalPersistenceAnnotationProcessor&apos;
21:59:37.642 [main] DEBUG o.s.b.f.s.DefaultListableBeanFactory - Eagerly caching bean &apos;org.springframework.context.annotation.internalPersistenceAnnotationProcessor&apos; to allow for resolving potential circular references
21:59:37.644 [main] DEBUG o.s.b.f.s.DefaultListableBeanFactory - Finished creating instance of bean &apos;org.springframework.context.annotation.internalPersistenceAnnotationProcessor&apos;
21:59:37.644 [main] DEBUG o.s.b.f.s.DefaultListableBeanFactory - Creating shared instance of singleton bean &apos;org.springframework.aop.config.internalAutoProxyCreator&apos;
21:59:37.644 [main] DEBUG o.s.b.f.s.DefaultListableBeanFactory - Creating instance of bean &apos;org.springframework.aop.config.internalAutoProxyCreator&apos;
21:59:37.644 [main] DEBUG o.s.b.f.s.DefaultListableBeanFactory - Eagerly caching bean &apos;org.springframework.aop.config.internalAutoProxyCreator&apos; to allow for resolving potential circular references
21:59:37.646 [main] DEBUG o.s.b.f.s.DefaultListableBeanFactory - Finished creating instance of bean &apos;org.springframework.aop.config.internalAutoProxyCreator&apos;
21:59:37.646 [main] DEBUG o.s.w.c.s.GenericWebApplicationContext - Unable to locate MessageSource with name &apos;messageSource&apos;: using default [org.springframework.context.support.DelegatingMessageSource@5cd73a86]
21:59:37.646 [main] DEBUG o.s.w.c.s.GenericWebApplicationContext - Unable to locate ApplicationEventMulticaster with name &apos;applicationEventMulticaster&apos;: using default [org.springframework.context.event.SimpleApplicationEventMulticaster@289a04b4]
21:59:37.646 [main] DEBUG o.s.u.c.s.UiApplicationContextUtils - Unable to locate ThemeSource with name &apos;themeSource&apos;: using default [org.springframework.ui.context.support.ResourceBundleThemeSource@2e5b2e23]
21:59:37.647 [main] DEBUG o.s.b.f.s.DefaultListableBeanFactory - Pre-instantiating singletons in org.springframework.beans.factory.support.DefaultListableBeanFactory@2e8a3352: defining beans [org.springframework.context.annotation.internalConfigurationAnnotationProcessor,org.springframework.context.annotation.internalAutowiredAnnotationProcessor,org.springframework.context.annotation.internalRequiredAnnotationProcessor,org.springframework.context.annotation.internalCommonAnnotationProcessor,org.springframework.cont
...[truncated 190197 chars]...
ng.String edu.ncsu.csc.itrust2.controllers.patient.PatientController.viewDemographics(org.springframework.ui.Model)]] with attributes [[authorize: &apos;hasRole(&apos;ROLE_PATIENT&apos;)&apos;, filter: &apos;null&apos;, filterTarget: &apos;null&apos;]]
21:59:37.921 [main] DEBUG o.s.aop.framework.CglibAopProxy - Unable to apply any optimisations to advised method: public java.lang.String edu.ncsu.csc.itrust2.controllers.patient.PatientController.viewDemographics(org.springframework.ui.Model)
21:59:37.921 [main] DEBUG o.s.s.a.p.PrePostAnnotationSecurityMetadataSource - @org.springframework.security.access.prepost.PreAuthorize(value=hasRole(&apos;ROLE_PATIENT&apos;)) found on specific method: public java.lang.String edu.ncsu.csc.itrust2.controllers.patient.PatientController.demographicsSubmit(edu.ncsu.csc.itrust2.forms.hcp_patient.PatientForm,org.springframework.validation.BindingResult,org.springframework.ui.Model)
21:59:37.921 [main] DEBUG o.s.s.a.m.DelegatingMethodSecurityMetadataSource - Caching method [CacheKey[edu.ncsu.csc.itrust2.controllers.patient.PatientController; public java.lang.String edu.ncsu.csc.itrust2.controllers.patient.PatientController.demographicsSubmit(edu.ncsu.csc.itrust2.forms.hcp_patient.PatientForm,org.springframework.validation.BindingResult,org.springframework.ui.Model)]] with attributes [[authorize: &apos;hasRole(&apos;ROLE_PATIENT&apos;)&apos;, filter: &apos;null&apos;, filterTarget: &apos;null&apos;]]
21:59:37.921 [main] DEBUG o.s.aop.framework.CglibAopProxy - Unable to apply any optimisations to advised method: public java.lang.String edu.ncsu.csc.itrust2.controllers.patient.PatientController.demographicsSubmit(edu.ncsu.csc.itrust2.forms.hcp_patient.PatientForm,org.springframework.validation.BindingResult,org.springframework.ui.Model)
21:59:37.921 [main] DEBUG o.s.s.a.p.PrePostAnnotationSecurityMetadataSource - @org.springframework.security.access.prepost.PreAuthorize(value=hasRole(&apos;ROLE_PATIENT&apos;)) found on specific method: public java.lang.String edu.ncsu.csc.itrust2.controllers.patient.PatientController.index(org.springframework.ui.Model)
21:59:37.921 [main] DEBUG o.s.s.a.m.DelegatingMethodSecurityMetadataSource - Caching method [CacheKey[edu.ncsu.csc.itrust2.controllers.patient.PatientController; public java.lang.String edu.ncsu.csc.itrust2.controllers.patient.PatientController.index(org.springframework.ui.Model)]] with attributes [[authorize: &apos;hasRole(&apos;ROLE_PATIENT&apos;)&apos;, filter: &apos;null&apos;, filterTarget: &apos;null&apos;]]
21:59:37.921 [main] DEBUG o.s.aop.framework.CglibAopProxy - Unable to apply any optimisations to advised method: public java.lang.String edu.ncsu.csc.itrust2.controllers.patient.PatientController.index(org.springframework.ui.Model)
21:59:37.921 [main] DEBUG o.s.aop.framework.CglibAopProxy - Found &apos;equals&apos; method: public boolean java.lang.Object.equals(java.lang.Object)
21:59:37.921 [main] DEBUG o.s.aop.framework.CglibAopProxy - Unable to apply any optimisations to advised method: public java.lang.String java.lang.Object.toString()
21:59:37.921 [main] DEBUG o.s.aop.framework.CglibAopProxy - Found &apos;hashCode&apos; method: public native int java.lang.Object.hashCode()
21:59:37.921 [main] DEBUG o.s.aop.framework.CglibAopProxy - Unable to apply any optimisations to advised method: protected native java.lang.Object java.lang.Object.clone() throws java.lang.CloneNotSupportedException
21:59:37.921 [main] DEBUG o.s.aop.framework.CglibAopProxy - Method is declared on Advised interface: public abstract void org.springframework.aop.framework.Advised.setTargetSource(org.springframework.aop.TargetSource)
21:59:37.921 [main] DEBUG o.s.aop.framework.CglibAopProxy - Method is declared on Advised interface: public abstract org.springframework.aop.TargetSource org.springframework.aop.framework.Advised.getTargetSource()
21:59:37.921 [main] DEBUG o.s.aop.framework.CglibAopProxy - Method is declared on Advised interface: public abstract boolean org.springframework.aop.framework.Advised.isProxyTargetClass()
21:59:37.921 [main] DEBUG o.s.aop.framework.CglibAopProxy - Method is declared on Advised interface: public abstract void org.springframework.aop.framework.Advised.addAdvisor(org.springframework.aop.Advisor) throws org.springframework.aop.framework.AopConfigException
21:59:37.921 [main] DEBUG o.s.aop.framework.CglibAopProxy - Method is declared on Advised interface: public abstract void org.springframework.aop.framework.Advised.addAdvisor(int,org.springframework.aop.Advisor) throws org.springframework.aop.framework.AopConfigException
21:59:37.921 [main] DEBUG o.s.aop.framework.CglibAopProxy - Method is declared on Advised interface: public abstract void org.springframework.aop.framework.Advised.setPreFiltered(boolean)
21:59:37.921 [main] DEBUG o.s.aop.framework.CglibAopProxy - Method is declared on Advised interface: public abstract void org.springframework.aop.framework.Advised.setExposeProxy(boolean)
21:59:37.921 [main] DEBUG o.s.aop.framework.CglibAopProxy - Method is declared on Advised interface: public abstract boolean org.springframework.aop.framework.Advised.isExposeProxy()
21:59:37.921 [main] DEBUG o.s.aop.framework.CglibAopProxy - Method is declared on Advised interface: public abstract boolean org.springframework.aop.framework.Advised.isPreFiltered()
21:59:37.921 [main] DEBUG o.s.aop.framework.CglibAopProxy - Method is declared on Advised interface: public abstract java.lang.Class[] org.springframework.aop.framework.Advised.getProxiedInterfaces()
21:59:37.921 [main] DEBUG o.s.aop.framework.CglibAopProxy - Method is declared on Advised interface: public abstract boolean org.springframework.aop.framework.Advised.isInterfaceProxied(java.lang.Class)
21:59:37.921 [main] DEBUG o.s.aop.framework.CglibAopProxy - Method is declared on Advised interface: public abstract org.springframework.aop.Advisor[] org.springframework.aop.framework.Advised.getAdvisors()
21:59:37.921 [main] DEBUG o.s.aop.framework.CglibAopProxy - Method is declared on Advised interface: public abstract void org.springframework.aop.framework.Advised.removeAdvisor(int) throws org.springframework.aop.framework.AopConfigException
21:59:37.921 [main] DEBUG o.s.aop.framework.CglibAopProxy - Method is declared on Advised interface: public abstract boolean org.springframework.aop.framework.Advised.removeAdvisor(org.springframework.aop.Advisor)
21:59:37.921 [main] DEBUG o.s.aop.framework.CglibAopProxy - Method is declared on Advised interface: public abstract boolean org.springframework.aop.framework.Advised.replaceAdvisor(org.springframework.aop.Advisor,org.springframework.aop.Advisor) throws org.springframework.aop.framework.AopConfigException
21:59:37.921 [main] DEBUG o.s.aop.framework.CglibAopProxy - Method is declared on Advised interface: public abstract boolean org.springframework.aop.framework.Advised.removeAdvice(org.aopalliance.aop.Advice)
21:59:37.921 [main] DEBUG o.s.aop.framework.CglibAopProxy - Method is declared on Advised interface: public abstract java.lang.String org.springframework.aop.framework.Advised.toProxyConfigString()
21:59:37.921 [main] DEBUG o.s.aop.framework.CglibAopProxy - Method is declared on Advised interface: public abstract void org.springframework.aop.framework.Advised.addAdvice(int,org.aopalliance.aop.Advice) throws org.springframework.aop.framework.AopConfigException
21:59:37.921 [main] DEBUG o.s.aop.framework.CglibAopProxy - Method is declared on Advised interface: public abstract void org.springframework.aop.framework.Advised.addAdvice(org.aopalliance.aop.Advice) throws org.springframework.aop.framework.AopConfigException
21:59:37.921 [main] DEBUG o.s.aop.framework.CglibAopProxy - Method is declared on Advised interface: public abstract int org.springframework.aop.framework.Advised.indexOf(org.aopalliance.aop.Advice)
21:59:37.921 [main] DEBUG o.s.aop.framework.CglibAopProxy - Method is declared on Advised interface: public abstract int org.springframework.aop.framework.Advised.indexOf(org.springframework.aop.Advisor)
21:59:37.921 [main] DEBUG o.s.aop.framework.CglibAopProxy - Method is declared on Advised interface: public abstract boolean org.springframework.aop.framework.Advised.isFrozen()
21:59:37.921 [main] DEBUG o.s.aop.framework.CglibAopProxy - Method is declared on Advised interface: public abstract java.lang.Class org.springframework.aop.TargetClassAware.getTargetClass()
21:59:37.926 [main] DEBUG o.s.b.f.s.DefaultListableBeanFactory - Finished creating instance of bean &apos;patientController&apos;
21:59:37.926 [main] DEBUG o.s.b.f.s.DefaultListableBeanFactory - Creating shared instance of singleton bean &apos;passwordController&apos;
21:59:37.926 [main] DEBUG o.s.b.f.s.DefaultListableBeanFactory - Creating instance of bean &apos;passwordController&apos;
21:59:37.926 [main] DEBUG o.s.b.f.s.DefaultListableBeanFactory - Eagerly caching bean &apos;passwordController&apos; to allow for resolving potential circular references
21:59:37.926 [main] DEBUG o.s.b.f.s.DefaultListableBeanFactory - Returning cached instance of singleton bean &apos;metaDataSourceAdvisor&apos;
21:59:37.926 [main] DEBUG o.s.b.f.s.DefaultListableBeanFactory - Finished creating instance of bean &apos;passwordController&apos;
21:59:37.926 [main] DEBUG o.s.b.f.s.DefaultListableBeanFactory - Creating shared instance of singleton bean &apos;userController&apos;
21:59:37.926 [main] DEBUG o.s.b.f.s.DefaultListableBeanFactory - Creating instance of bean &apos;userController&apos;
21:59:37.927 [main] DEBUG o.s.b.f.s.DefaultListableBeanFactory - Eagerly caching bean &apos;userController&apos; to allow for resolving potential circular references
21:59:37.927 [main] DEBUG o.s.b.f.s.DefaultListableBeanFactory - Returning cached instance of singleton bean &apos;metaDataSourceAdvisor&apos;
21:59:37.927 [main] DEBUG o.s.s.a.p.PrePostAnnotationSecurityMetadataSource - @org.springframework.security.access.prepost.PreAuthorize(value=hasRole(&apos;ROLE_HCP&apos;) or hasRole(&apos;ROLE_ADMIN&apos;)) found on specific method: public java.lang.String edu.ncsu.csc.itrust2.controllers.personnel.UserController.viewDemographics(org.springframework.ui.Model)
21:59:37.927 [main] DEBUG o.s.s.a.m.DelegatingMethodSecurityMetadataSource - Caching method [CacheKey[edu.ncsu.csc.itrust2.controllers.personnel.UserController; public java.lang.String edu.ncsu.csc.itrust2.controllers.personnel.UserController.viewDemographics(org.springframework.ui.Model)]] with attributes [[authorize: &apos;hasRole(&apos;ROLE_HCP&apos;) or hasRole(&apos;ROLE_ADMIN&apos;)&apos;, filter: &apos;null&apos;, filterTarget: &apos;null&apos;]]
21:59:37.927 [main] DEBUG o.s.a.f.a.InfrastructureAdvisorAutoProxyCreator - Creating implicit proxy for bean &apos;userController&apos; with 0 common interceptors and 1 specific interceptors
21:59:37.927 [main] DEBUG o.s.aop.framework.CglibAopProxy - Creating CGLIB proxy: target source is SingletonTargetSource for target object [edu.ncsu.csc.itrust2.controllers.personnel.UserController@e991ee5]
21:59:37.927 [main] DEBUG o.s.aop.framework.CglibAopProxy - Unable to apply any optimisations to advised method: public java.lang.String edu.ncsu.csc.itrust2.controllers.personnel.UserController.viewDemographics(org.springframework.ui.Model)
21:59:37.927 [main] DEBUG o.s.s.a.p.PrePostAnnotationSecurityMetadataSource - @org.springframework.security.access.prepost.PreAuthorize(value=hasRole(&apos;ROLE_HCP&apos;) or hasRole(&apos;ROLE_ADMIN&apos;)) found on specific method: public java.lang.String edu.ncsu.csc.itrust2.controllers.personnel.UserController.demographicsSubmit(edu.ncsu.csc.itrust2.forms.personnel.PersonnelForm,org.springframework.validation.BindingResult,org.springframework.ui.Model)
21:59:37.927 [main] DEBUG o.s.s.a.m.DelegatingMethodSecurityMetadataSource - Caching method [CacheKey[edu.ncsu.csc.itrust2.controllers.personnel.UserController; public java.lang.String edu.ncsu.csc.itrust2.controllers.personnel.UserController.demographicsSubmit(edu.ncsu.csc.itrust2.forms.personnel.PersonnelForm,org.springframework.validation.BindingResult,org.springframework.ui.Model)]] with attributes [[authorize: &apos;hasRole(&apos;ROLE_HCP&apos;) or hasRole(&apos;ROLE_ADMIN&apos;)&apos;, filter: &apos;null&apos;, filterTarget: &apos;null&apos;]]
21:59:37.927 [main] DEBUG o.s.aop.framework.CglibAopProxy - Unable to apply any optimisations to advised method: public java.lang.String edu.ncsu.csc.itrust2.controllers.personnel.UserController.demographicsSubmit(edu.ncsu.csc.itrust2.forms.personnel.PersonnelForm,org.springframework.validation.BindingResult,org.springframework.ui.Model)
21:59:37.927 [main] DEBUG o.s.aop.framework.CglibAopProxy - Found &apos;equals&apos; method: public boolean java.lang.Object.equals(java.lang.Object)
21:59:37.927 [main] DEBUG o.s.aop.framework.CglibAopProxy - Unable to apply any optimisations to advised method: public java.lang.String java.lang.Object.toString()
21:59:37.927 [main] DEBUG o.s.aop.framework.CglibAopProxy - Found &apos;hashCode&apos; method: public native int java.lang.Object.hashCode()
21:59:37.927 [main] DEBUG o.s.aop.framework.CglibAopProxy - Unable to apply any optimisations to advised method: protected native java.lang.Object java.lang.Object.clone() throws java.lang.CloneNotSupportedException
21:59:37.927 [main] DEBUG o.s.aop.framework.CglibAopProxy - Method is declared on Advised interface: public abstract void org.springframework.aop.framework.Advised.setTargetSource(org.springframework.aop.TargetSource)
21:59:37.927 [main] DEBUG o.s.aop.framework.CglibAopProxy - Method is declared on Advised interface: public abstract org.springframework.aop.TargetSource org.springframework.aop.framework.Advised.getTargetSource()
21:59:37.927 [main] DEBUG o.s.aop.framework.CglibAopProxy - Method is declared on Advised interface: public abstract boolean org.springframework.aop.framework.Advised.isProxyTargetClass()
21:59:37.927 [main] DEBUG o.s.aop.framework.CglibAopProxy - Method is declared on Advised interface: public abstract void org.springframework.aop.framework.Advised.addAdvisor(org.springframework.aop.Advisor) throws org.springframework.aop.framework.AopConfigException
21:59:37.927 [main] DEBUG o.s.aop.framework.CglibAopProxy - Method is declared on Advised interface: public abstract void org.springframework.aop.framework.Advised.addAdvisor(int,org.springframework.aop.Advisor) throws org.springframework.aop.framework.AopConfigException
21:59:37.927 [main] DEBUG o.s.aop.framework.CglibAopProxy - Method is declared on Advised interface: public abstract void org.springframework.aop.framework.Advised.setPreFiltered(boolean)
21:59:37.927 [main] DEBUG o.s.aop.framework.CglibAopProxy - Method is declared on Advised interface: public abstract void org.springframework.aop.framework.Advised.setExposeProxy(boolean)
21:59:37.927 [main] DEBUG o.s.aop.framework.CglibAopProxy - Method is declared on Advised interface: public abstract boolean org.springframework.aop.framework.Advised.isExposeProxy()
21:59:37.927 [main] DEBUG o.s.aop.framework.CglibAopProxy - Method is declared on Advised interface: public abstract boolean org.springframework.aop.framework.Advised.isPreFiltered()
21:59:37.927 [main] DEBUG o.s.aop.framework.CglibAopProxy - Method is declared on Advised interface: public abstract java.lang.Class[] org.springframework.aop.framework.Advised.getProxiedInterfaces()
21:59:37.927 [main] DEBUG o.s.aop.framework.CglibAopProxy - Method is declared on Advised interface: public abstract boolean org.springframework.aop.framework.Advised.isInterfaceProxied(java.lang.Class)
21:59:37.927 [main] DEBUG o.s.aop.framework.CglibAopProxy - Method is declared on Advised interface: public abstract org.springframework.aop.Advisor[] org.springframework.aop.framework.Advised.getAdvisors()
21:59:37.927 [main] DEBUG o.s.aop.framework.CglibAopProxy - Method is declared on Advised interface: public abstract void org.springframework.aop.framework.Advised.removeAdvisor(int) throws org.springframework.aop.framework.AopConfigException
21:59:37.927 [main] DEBUG o.s.aop.framework.CglibAopProxy - Method is declared on Advised interface: public abstract boolean org.springframework.aop.framework.Advised.removeAdvisor(org.springframework.aop.Advisor)
21:59:37.927 [main] DEBUG o.s.aop.framework.CglibAopProxy - Method is declared on Advised interface: public abstract boolean org.springframework.aop.framework.Advised.replaceAdvisor(org.springframework.aop.Advisor,org.springframework.aop.Advisor) throws org.springframework.aop.framework.AopConfigException
21:59:37.927 [main] DEBUG o.s.aop.framework.CglibAopProxy - Method is declared on Advised interface: public abstract boolean org.springframework.aop.framework.Advised.removeAdvice(org.aopalliance.aop.Advice)
21:59:37.928 [main] DEBUG o.s.aop.framework.CglibAopProxy - Method is declared on Advised interface: public abstract java.lang.String org.springframework.aop.framework.Advised.toProxyConfigString()
21:59:37.928 [main] DEBUG o.s.aop.framework.CglibAopProxy - Method is declared on Advised interface: public abstract void org.springframework.aop.framework.Advised.addAdvice(int,org.aopalliance.aop.Advice) throws org.springframework.aop.framework.AopConfigException
21:59:37.928 [main] DEBUG o.s.aop.framework.CglibAopProxy - Method is declared on Advised interface: public abstract void org.springframework.aop.framework.Advised.addAdvice(org.aopalliance.aop.Advice) throws org.springframework.aop.framework.AopConfigException
21:59:37.928 [main] DEBUG o.s.aop.framework.CglibAopProxy - Method is declared on Advised interface: public abstract int org.springframework.aop.framework.Advised.indexOf(org.aopalliance.aop.Advice)
21:59:37.928 [main] DEBUG o.s.aop.framework.CglibAopProxy - Method is declared on Advised interface: public abstract int org.springframework.aop.framework.Advised.indexOf(org.springframework.aop.Advisor)
21:59:37.928 [main] DEBUG o.s.aop.framework.CglibAopProxy - Method is declared on Advised interface: public abstract boolean org.springframework.aop.framework.Advised.isFrozen()
21:59:37.928 [main] DEBUG o.s.aop.framework.CglibAopProxy - Method is declared on Advised interface: public abstract java.lang.Class org.springframework.aop.TargetClassAware.getTargetClass()
21:59:37.932 [main] DEBUG o.s.b.f.s.DefaultListableBeanFactory - Finished creating instance of bean &apos;userController&apos;
21:59:37.932 [main] DEBUG o.s.b.f.s.DefaultListableBeanFactory - Returning cached instance of singleton bean &apos;dataSource&apos;
21:59:37.932 [main] DEBUG o.s.b.f.s.DefaultListableBeanFactory - Returning cached instance of singleton bean &apos;org.springframework.security.config.annotation.configuration.ObjectPostProcessorConfiguration&apos;
21:59:37.932 [main] DEBUG o.s.b.f.s.DefaultListableBeanFactory - Returning cached instance of singleton bean &apos;objectPostProcessor&apos;
21:59:37.932 [main] DEBUG o.s.b.f.s.DefaultListableBeanFactory - Returning cached instance of singleton bean &apos;org.springframework.security.config.annotation.authentication.configuration.AuthenticationConfiguration&apos;
21:59:37.932 [main] DEBUG o.s.b.f.s.DefaultListableBeanFactory - Returning cached instance of singleton bean &apos;authenticationManagerBuilder&apos;
21:59:37.932 [main] DEBUG o.s.b.f.s.DefaultListableBeanFactory - Returning cached instance of singleton bean &apos;enableGlobalAuthenticationAutowiredConfigurer&apos;
21:59:37.932 [main] DEBUG o.s.b.f.s.DefaultListableBeanFactory - Returning cached instance of singleton bean &apos;initializeUserDetailsBeanManagerConfigurer&apos;
21:59:37.932 [main] DEBUG o.s.b.f.s.DefaultListableBeanFactory - Returning cached instance of singleton bean &apos;initializeAuthenticationProviderBeanManagerConfigurer&apos;
21:59:37.932 [main] DEBUG o.s.b.f.s.DefaultListableBeanFactory - Creating shared instance of singleton bean &apos;org.springframework.security.config.annotation.web.configuration.WebSecurityConfiguration&apos;
21:59:37.932 [main] DEBUG o.s.b.f.s.DefaultListableBeanFactory - Creating instance of bean &apos;org.springframework.security.config.annotation.web.configuration.WebSecurityConfiguration&apos;
21:59:37.934 [main] DEBUG o.s.b.f.annotation.InjectionMetadata - Registered injected element on class [org.springframework.security.config.annotation.web.configuration.WebSecurityConfiguration$$EnhancerBySpringCGLIB$$150881e6]: AutowiredFieldElement for private org.springframework.security.config.annotation.ObjectPostProcessor org.springframework.security.config.annotation.web.configuration.WebSecurityConfiguration.objectObjectPostProcessor
21:59:37.934 [main] DEBUG o.s.b.f.annotation.InjectionMetadata - Registered injected element on class [org.springframework.security.config.annotation.web.configuration.WebSecurityConfiguration$$EnhancerBySpringCGLIB$$150881e6]: AutowiredMethodElement for public void org.springframework.security.config.annotation.web.configuration.WebSecurityConfiguration.setFilterChainProxySecurityConfigurer(org.springframework.security.config.annotation.ObjectPostProcessor,java.util.List) throws java.lang.Exception
21:59:37.934 [main] DEBUG o.s.b.f.s.DefaultListableBeanFactory - Eagerly caching bean &apos;org.springframework.security.config.annotation.web.configuration.WebSecurityConfiguration&apos; to allow for resolving potential circular references
21:59:37.934 [main] DEBUG o.s.b.f.annotation.InjectionMetadata - Processing injected element of bean &apos;org.springframework.security.config.annotation.web.configuration.WebSecurityConfiguration&apos;: AutowiredFieldElement for private org.springframework.security.config.annotation.ObjectPostProcessor org.springframework.security.config.annotation.web.configuration.WebSecurityConfiguration.objectObjectPostProcessor
21:59:37.934 [main] DEBUG o.s.b.f.s.DefaultListableBeanFactory - Returning cached instance of singleton bean &apos;objectPostProcessor&apos;
21:59:37.934 [main] DEBUG o.s.b.f.a.AutowiredAnnotationBeanPostProcessor - Autowiring by type from bean name &apos;org.springframework.security.config.annotation.web.configuration.WebSecurityConfiguration&apos; to bean named &apos;objectPostProcessor&apos;
21:59:37.934 [main] DEBUG o.s.b.f.annotation.InjectionMetadata - Processing injected element of bean &apos;org.springframework.security.config.annotation.web.configuration.WebSecurityConfiguration&apos;: AutowiredMethodElement for public void org.springframework.security.config.annotation.web.configuration.WebSecurityConfiguration.setFilterChainProxySecurityConfigurer(org.springframework.security.config.annotation.ObjectPostProcessor,java.util.List) throws java.lang.Exception
21:59:37.936 [main] DEBUG o.s.b.f.s.DefaultListableBeanFactory - Returning cached instance of singleton bean &apos;objectPostProcessor&apos;
21:59:37.936 [main] DEBUG o.s.b.f.s.DefaultListableBeanFactory - Creating shared instance of singleton bean &apos;autowiredWebSecurityConfigurersIgnoreParents&apos;
21:59:37.936 [main] DEBUG o.s.b.f.s.DefaultListableBeanFactory - Creating instance of bean &apos;autowiredWebSecurityConfigurersIgnoreParents&apos;
21:59:37.937 [main] DEBUG o.s.b.f.s.DefaultListableBeanFactory - Returning cached instance of singleton bean &apos;metaDataSourceAdvisor&apos;
21:59:37.938 [main] DEBUG o.s.b.f.s.DefaultListableBeanFactory - Returning eagerly cached instance of singleton bean &apos;org.springframework.security.config.annotation.web.configuration.WebSecurityConfiguration&apos; that is not fully initialized yet - a consequence of a circular reference
21:59:37.939 [main] DEBUG o.s.b.f.s.DefaultListableBeanFactory - Autowiring by type from bean name &apos;autowiredWebSecurityConfigurersIgnoreParents&apos; via factory method to bean named &apos;org.springframework.beans.factory.support.DefaultListableBeanFactory@2e8a3352&apos;
21:59:37.939 [main] DEBUG o.s.b.f.s.DefaultListableBeanFactory - Eagerly caching bean &apos;autowiredWebSecurityConfigurersIgnoreParents&apos; to allow for resolving potential circular references
21:59:37.939 [main] DEBUG o.s.b.f.s.DefaultListableBeanFactory - Returning cached instance of singleton bean &apos;metaDataSourceAdvisor&apos;
21:59:37.939 [main] DEBUG o.s.b.f.s.DefaultListableBeanFactory - Finished creating instance of bean &apos;autowiredWebSecurityConfigurersIgnoreParents&apos;
21:59:37.940 [main] DEBUG o.s.b.f.s.DefaultListableBeanFactory - Returning cached instance of singleton bean &apos;securityConfig&apos;
21:59:37.940 [main] DEBUG o.s.b.f.a.AutowiredAnnotationBeanPostProcessor - Autowiring by type from bean name &apos;org.springframework.security.config.annotation.web.configuration.WebSecurityConfiguration&apos; to bean named &apos;objectPostProcessor&apos;
21:59:37.940 [main] DEBUG o.s.b.f.s.DefaultListableBeanFactory - Returning cached instance of singleton bean &apos;metaDataSourceAdvisor&apos;
21:59:37.944 [main] DEBUG o.s.b.f.s.DefaultListableBeanFactory - Returning cached instance of singleton bean &apos;org.springframework.context.annotation.ConfigurationClassPostProcessor.importRegistry&apos;
21:59:37.944 [main] DEBUG o.s.b.f.s.DefaultListableBeanFactory - Finished creating instance of bean &apos;org.springframework.security.config.annotation.web.configuration.WebSecurityConfiguration&apos;
21:59:37.944 [main] DEBUG o.s.b.f.s.DefaultListableBeanFactory - Creating shared instance of singleton bean &apos;delegatingApplicationListener&apos;
21:59:37.944 [main] DEBUG o.s.b.f.s.DefaultListableBeanFactory - Creating instance of bean &apos;delegatingApplicationListener&apos;
21:59:37.944 [main] DEBUG o.s.b.f.s.DefaultListableBeanFactory - Eagerly caching bean &apos;delegatingApplicationListener&apos; to allow for resolving potential circular references
21:59:37.944 [main] DEBUG o.s.b.f.s.DefaultListableBeanFactory - Returning cached instance of singleton bean &apos;metaDataSourceAdvisor&apos;
21:59:37.945 [main] DEBUG o.s.b.f.s.DefaultListableBeanFactory - Finished creating instance of bean &apos;delegatingApplicationListener&apos;
21:59:37.945 [main] DEBUG o.s.b.f.s.DefaultListableBeanFactory - Creating shared instance of singleton bean &apos;springSecurityFilterChain&apos;
21:59:37.945 [main] DEBUG o.s.b.f.s.DefaultListableBeanFactory - Creating instance of bean &apos;springSecurityFilterChain&apos;
21:59:37.945 [main] DEBUG o.s.b.f.s.DefaultListableBeanFactory - Returning cached instance of singleton bean &apos;org.springframework.security.config.annotation.web.configuration.WebSecurityConfiguration&apos;
21:59:37.945 [main] DEBUG o.s.b.f.s.DefaultListableBeanFactory - Returning cached instance of singleton bean &apos;metaDataSourceAdvisor&apos;
21:59:37.946 [main] DEBUG o.s.b.f.s.DefaultListableBeanFactory - Returning cached instance of singleton bean &apos;webMvcConfiguration&apos;
21:59:37.946 [main] DEBUG o.s.b.f.s.DefaultListableBeanFactory - Returning cached instance of singleton bean &apos;securityConfig&apos;
21:59:37.946 [main] DEBUG o.s.s.c.a.a.c.AuthenticationConfiguration$EnableGlobalAuthenticationAutowiredConfigurer - Eagerly initializing {webMvcConfiguration=edu.ncsu.csc.itrust2.mvc.config.WebMvcConfiguration$$EnhancerBySpringCGLIB$$de7b09d5@a197271, securityConfig=edu.ncsu.csc.itrust2.config.SecurityConfig$$EnhancerBySpringCGLIB$$f88fd361@12fb9952}
21:59:37.946 [main] DEBUG o.s.b.f.s.DefaultListableBeanFactory - Invoking afterPropertiesSet() on bean with name &apos;org.springframework.security.authentication.dao.DaoAuthenticationProvider@4823c725&apos;
21:59:37.946 [main] DEBUG o.s.b.f.s.DefaultListableBeanFactory - Returning cached instance of singleton bean &apos;metaDataSourceAdvisor&apos;
21:59:37.948 [main] DEBUG o.s.b.f.s.DefaultListableBeanFactory - Invoking afterPropertiesSet() on bean with name &apos;org.springframework.security.authentication.ProviderManager@46fec362&apos;
21:59:37.948 [main] DEBUG o.s.b.f.s.DefaultListableBeanFactory - Returning cached instance of singleton bean &apos;metaDataSourceAdvisor&apos;
21:59:37.949 [main] DEBUG o.s.b.f.s.DefaultListableBeanFactory - Returning cached instance of singleton bean &apos;authenticationManagerBuilder&apos;
21:59:37.949 [main] DEBUG o.s.w.c.s.StandardServletEnvironment - Adding [servletConfigInitParams] PropertySource with lowest search precedence
21:59:37.950 [main] DEBUG o.s.w.c.s.StandardServletEnvironment - Adding [servletContextInitParams] PropertySource with lowest search precedence
21:59:37.950 [main] DEBUG o.s.w.c.s.StandardServletEnvironment - Adding [systemProperties] PropertySource with lowest search precedence
21:59:37.950 [main] DEBUG o.s.w.c.s.StandardServletEnvironment - Adding [systemEnvironment] PropertySource with lowest search precedence
21:59:37.950 [main] DEBUG o.s.w.c.s.StandardServletEnvironment - Initialized StandardServletEnvironment with PropertySources [servletConfigInitParams,servletContextInitParams,systemProperties,systemEnvironment]
21:59:37.950 [main] DEBUG o.s.w.c.s.StandardServletEnvironment - Adding [servletConfigInitParams] PropertySource with lowest search precedence
21:59:37.950 [main] DEBUG o.s.w.c.s.StandardServletEnvironment - Adding [servletContextInitParams] PropertySource with lowest search precedence
21:59:37.950 [main] DEBUG o.s.w.c.s.StandardServletEnvironment - Adding [systemProperties] PropertySource with lowest search precedence
21:59:37.950 [main] DEBUG o.s.w.c.s.StandardServletEnvironment - Adding [systemEnvironment] PropertySource with lowest search precedence
21:59:37.950 [main] DEBUG o.s.w.c.s.StandardServletEnvironment - Initialized StandardServletEnvironment with PropertySources [servletConfigInitParams,servletContextInitParams,systemProperties,systemEnvironment]
21:59:37.950 [main] DEBUG o.s.w.c.s.StandardServletEnvironment - Adding [servletConfigInitParams] PropertySource with lowest search precedence
21:59:37.950 [main] DEBUG o.s.w.c.s.StandardServletEnvironment - Adding [servletContextInitParams] PropertySource with lowest search precedence
21:59:37.950 [main] DEBUG o.s.w.c.s.StandardServletEnvironment - Adding [systemProperties] PropertySource with lowest search precedence
21:59:37.950 [main] DEBUG o.s.w.c.s.StandardServletEnvironment - Adding [systemEnvironment] PropertySource with lowest search precedence
21:59:37.950 [main] DEBUG o.s.w.c.s.StandardServletEnvironment - Initialized StandardServletEnvironment with PropertySources [servletConfigInitParams,servletContextInitParams,systemProperties,systemEnvironment]
21:59:37.952 [main] DEBUG o.s.b.f.s.DefaultListableBeanFactory - Creating shared instance of singleton bean &apos;ipBlockFilter&apos;
21:59:37.952 [main] DEBUG o.s.b.f.s.DefaultListableBeanFactory - Creating instance of bean &apos;ipBlockFilter&apos;
21:59:37.952 [main] DEBUG o.s.b.f.s.DefaultListableBeanFactory - Returning cached instance of singleton bean &apos;securityConfig&apos;
21:59:37.952 [main] DEBUG o.s.w.c.s.StandardServletEnvironment - Adding [servletConfigInitParams] PropertySource with lowest search precedence
21:59:37.952 [main] DEBUG o.s.w.c.s.StandardServletEnvironment - Adding [servletContextInitParams] PropertySource with lowest search precedence
21:59:37.952 [main] DEBUG o.s.w.c.s.StandardServletEnvironment - Adding [systemProperties] PropertySource with lowest search precedence
21:59:37.952 [main] DEBUG o.s.w.c.s.StandardServletEnvironment - Adding [systemEnvironment] PropertySource with lowest search precedence
21:59:37.952 [main] DEBUG o.s.w.c.s.StandardServletEnvironment - Initialized StandardServletEnvironment with PropertySources [servletConfigInitParams,servletContextInitParams,systemProperties,systemEnvironment]
21:59:37.952 [main] DEBUG o.s.b.f.s.DefaultListableBeanFactory - Eagerly caching bean &apos;ipBlockFilter&apos; to allow for resolving potential circular references
21:59:37.954 [main] DEBUG o.s.b.f.s.DefaultListableBeanFactory - Invoking afterPropertiesSet() on bean with name &apos;ipBlockFilter&apos;
21:59:37.954 [main] DEBUG o.s.b.f.s.DefaultListableBeanFactory - Returning cached instance of singleton bean &apos;metaDataSourceAdvisor&apos;
21:59:37.955 [main] DEBUG o.s.b.f.s.DefaultListableBeanFactory - Finished creating instance of bean &apos;ipBlockFilter&apos;
21:59:37.955 [main] DEBUG o.s.w.c.s.StandardServletEnvironment - Adding [servletConfigInitParams] PropertySource with lowest search precedence
21:59:37.955 [main] DEBUG o.s.w.c.s.StandardServletEnvironment - Adding [servletContextInitParams] PropertySource with lowest search precedence
21:59:37.955 [main] DEBUG o.s.w.c.s.StandardServletEnvironment - Adding [systemProperties] PropertySource with lowest search precedence
21:59:37.955 [main] DEBUG o.s.w.c.s.StandardServletEnvironment - Adding [systemEnvironment] PropertySource with lowest search precedence
21:59:37.955 [main] DEBUG o.s.w.c.s.StandardServletEnvironment - Initialized StandardServletEnvironment with PropertySources [servletConfigInitParams,servletContextInitParams,systemProperties,systemEnvironment]
21:59:37.955 [main] DEBUG o.s.b.f.s.DefaultListableBeanFactory - Retrieved dependent beans for bean &apos;springSecurityFilterChain&apos;: [webSecurityExpressionHandler]
21:59:37.956 [main] WARN  o.s.w.c.s.GenericWebApplicationContext - Exception encountered during context initialization - cancelling refresh attempt: org.springframework.beans.factory.BeanCreationException: Error creating bean with name &apos;springSecurityFilterChain&apos; defined in class path resource [org/springframework/security/config/annotation/web/configuration/WebSecurityConfiguration.class]: Bean instantiation via factory method failed; nested exception is org.springframework.beans.BeanInstantiationException: Failed to instantiate [javax.servlet.Filter]: Factory method &apos;springSecurityFilterChain&apos; threw exception; nested exception is java.lang.IllegalArgumentException: &apos;Savings Account?error&apos; is not a valid redirect URL
21:59:37.956 [main] DEBUG o.s.b.f.s.DefaultListableBeanFactory - Destroying singletons in org.springframework.beans.factory.support.DefaultListableBeanFactory@2e8a3352: defining beans [org.springframework.context.annotation.internalConfigurationAnnotationProcessor,org.springframework.context.annotation.internalAutowiredAnnotationProcessor,org.springframework.context.annotation.internalRequiredAnnotationProcessor,org.springframework.context.annotation.internalCommonAnnotationProcessor,org.springframework.context.annotation.internalPersistenceAnnotationProcessor,org.springframework.context.event.internalEventListenerProcessor,org.springframework.context.event.internalEventListenerFactory,rootConfiguration,webMvcConfiguration,dataConfiguration,loginAuditingListener,securityConfig,defaultController,adminController,adminUserController,hospitalController,ICDCodesController,APIAppointmentRequestController,APIDiagnosisController,APIDrugController,APIEnumController,APIHospitalController,APIICDCodeController,APILogEntryController,APIOfficeVisitController,APIPasswordController,APIPatientController,APIPersonnelController,APIPrescriptionController,APIUserController,appointmentControllerHCP,HCPController,officeVisitController,appointmentController,diagnosesController,patientController,passwordController,userController,dataSource,org.springframework.security.config.annotation.configuration.ObjectPostProcessorConfiguration,objectPostProcessor,org.springframework.security.config.annotation.authentication.configuration.AuthenticationConfiguration,authenticationManagerBuilder,enableGlobalAuthenticationAutowiredConfigurer,initializeUserDetailsBeanManagerConfigurer,initializeAuthenticationProviderBeanManagerConfigurer,org.springframework.security.config.annotation.web.configuration.WebSecurityConfiguration,delegatingApplicationListener,webSecurityExpressionHandler,springSecurityFilterChain,privilegeEvaluator,autowiredWebSecurityConfigurersIgnoreParents,org.springframework.security.config.annotation.web.configuration.WebMvcSecurityConfiguration,requestDataValueProcessor,passwordEncoder,defaultAuthenticationEventPublisher,failureHandler,ipBlockFilter,org.springframework.web.servlet.config.annotation.DelegatingWebMvcConfiguration,mvcConversionService,requestMappingHandlerMapping,mvcPathMatcher,mvcUrlPathHelper,mvcContentNegotiationManager,viewControllerHandlerMapping,beanNameHandlerMapping,resourceHandlerMapping,mvcResourceUrlProvider,defaultServletHandlerMapping,requestMappingHandlerAdapter,mvcValidator,mvcUriComponentsContributor,httpRequestHandlerAdapter,simpleControllerHandlerAdapter,handlerExceptionResolver,mvcViewResolver,org.springframework.security.config.annotation.method.configuration.GlobalMethodSecurityConfiguration,methodSecurityInterceptor,methodSecurityMetadataSource,preInvocationAuthorizationAdvice,viewResolver,templateEngine,domainClassConverter,metaDataSourceAdvisor,org.springframework.aop.config.internalAutoProxyCreator]; root of factory hierarchy
21:59:37.956 [main] DEBUG o.s.b.f.s.DisposableBeanAdapter - Invoking destroy() on bean with name &apos;ipBlockFilter&apos;
21:59:37.956 [main] DEBUG o.s.b.f.s.DefaultListableBeanFactory - Retrieved dependent beans for bean &apos;objectPostProcessor&apos;: [org.springframework.security.config.annotation.method.configuration.GlobalMethodSecurityConfiguration, securityConfig, org.springframework.security.config.annotation.authentication.configuration.AuthenticationConfiguration, authenticationManagerBuilder, org.springframework.security.config.annotation.web.configuration.WebSecurityConfiguration]
21:59:37.956 [main] DEBUG o.s.b.f.s.DisposableBeanAdapter - Invoking destroy() on bean with name &apos;objectPostProcessor&apos;
21:59:37.958 [main] ERROR o.s.test.context.TestContextManager - Caught exception while allowing TestExecutionListener [org.springframework.test.context.web.ServletTestExecutionListener@715d9d0f] to prepare test instance [edu.ncsu.csc.itrust2.apitest.APIUserTest@208bf9b5]
java.lang.IllegalStateException: Failed to load ApplicationContext
	at org.springframework.test.context.cache.DefaultCacheAwareContextLoaderDelegate.loadContext(DefaultCacheAwareContextLoaderDelegate.java:124) ~[spring-test-4.3.5.RELEASE.jar:4.3.5.RELEASE]
	at org.springframework.test.context.support.DefaultTestContext.getApplicationContext(DefaultTestContext.java:83) ~[spring-test-4.3.5.RELEASE.jar:4.3.5.RELEASE]
	at org.springframework.test.context.web.ServletTestExecutionListener.setUpRequestContextIfNecessary(ServletTestExecutionListener.java:189) ~[spring-test-4.3.5.RELEASE.jar:4.3.5.RELEASE]
	at org.springframework.test.context.web.ServletTestExecutionListener.prepareTestInstance(ServletTestExecutionListener.java:131) ~[spring-test-4.3.5.RELEASE.jar:4.3.5.RELEASE]
	at org.springframework.test.context.TestContextManager.prepareTestInstance(TestContextManager.java:230) ~[spring-test-4.3.5.RELEASE.jar:4.3.5.RELEASE]
	at org.springframework.test.context.junit4.SpringJUnit4ClassRunner.createTest(SpringJUnit4ClassRunner.java:228) [spring-test-4.3.5.RELEASE.jar:4.3.5.RELEASE]
	at org.springframework.test.context.junit4.SpringJUnit4ClassRunner$1.runReflectiveCall(SpringJUnit4ClassRunner.java:287) [spring-test-4.3.5.RELEASE.jar:4.3.5.RELEASE]
	at org.junit.internal.runners.model.ReflectiveCallable.run(ReflectiveCallable.java:12) [junit-4.12.jar:4.12]
	at org.springframework.test.context.junit4.SpringJUnit4ClassRunner.methodBlock(SpringJUnit4ClassRunner.java:289) [spring-test-4.3.5.RELEASE.jar:4.3.5.RELEASE]
	at org.springframework.test.context.junit4.SpringJUnit4ClassRunner.runChild(SpringJUnit4ClassRunner.java:247) [spring-test-4.3.5.RELEASE.jar:4.3.5.RELEASE]
	at org.springframework.test.context.junit4.SpringJUnit4ClassRunner.runChild(SpringJUnit4ClassRunner.java:94) [spring-test-4.3.5.RELEASE.jar:4.3.5.RELEASE]
	at org.junit.runners.ParentRunner$3.run(ParentRunner.java:290) [junit-4.12.jar:4.12]
	at org.junit.runners.ParentRunner$1.schedule(ParentRunner.java:71) [junit-4.12.jar:4.12]
	at org.junit.runners.ParentRunner.runChildren(ParentRunner.java:288) [junit-4.12.jar:4.12]
	at org.junit.runners.ParentRunner.access$000(ParentRunner.java:58) [junit-4.12.jar:4.12]
	at org.junit.runners.ParentRunner$2.evaluate(ParentRunner.java:268) [junit-4.12.jar:4.12]
	at org.springframework.test.context.junit4.statements.RunBeforeTestClassCallbacks.evaluate(RunBeforeTestClassCallbacks.java:61) [spring-test-4.3.5.RELEASE.jar:4.3.5.RELEASE]
	at org.springframework.test.context.junit4.statements.RunAfterTestClassCallbacks.evaluate(RunAfterTestClassCallbacks.java:70) [spring-test-4.3.5.RELEASE.jar:4.3.5.RELEASE]
	at org.junit.runners.ParentRunner.run(ParentRunner.java:363) [junit-4.12.jar:4.12]
	at org.springframework.test.context.junit4.SpringJUnit4ClassRunner.run(SpringJUnit4ClassRunner.java:191) [spring-test-4.3.5.RELEASE.jar:4.3.5.RELEASE]
	at org.apache.maven.surefire.junit4.JUnit4Provider.execute(JUnit4Provider.java:365) [surefire-junit4-2.20.jar:2.20]
	at org.apache.maven.surefire.junit4.JUnit4Provider.executeWithRerun(JUnit4Provider.java:272) [surefire-junit4-2.20.jar:2.20]
	at org.apache.maven.surefire.junit4.JUnit4Provider.executeTestSet(JUnit4Provider.java:236) [surefire-junit4-2.20.jar:2.20]
	at org.apache.maven.surefire.junit4.JUnit4Provider.invoke(JUnit4Provider.java:159) [surefire-junit4-2.20.jar:2.20]
	at org.apache.maven.surefire.booter.ForkedBooter.invokeProviderInSameClassLoader(ForkedBooter.java:386) [surefire-booter-2.20.jar:2.20]
	at org.apache.maven.surefire.booter.ForkedBooter.runSuitesInProcess(ForkedBooter.java:323) [surefire-booter-2.20.jar:2.20]
	at org.apache.maven.surefire.booter.ForkedBooter.main(ForkedBooter.java:143) [surefire-booter-2.20.jar:2.20]
Caused by: org.springframework.beans.factory.BeanCreationException: Error creating bean with name &apos;springSecurityFilterChain&apos; defined in class path resource [org/springframework/security/config/annotation/web/configuration/WebSecurityConfiguration.class]: Bean instantiation via factory method failed; nested exception is org.springframework.beans.BeanInstantiationException: Failed to instantiate [javax.servlet.Filter]: Factory method &apos;springSecurityFilterChain&apos; threw exception; nested exception is java.lang.IllegalArgumentException: &apos;Savings Account?error&apos; is not a valid redirect URL
	at org.springframework.beans.factory.support.ConstructorResolver.instantiateUsingFactoryMethod(ConstructorResolver.java:599) ~[spring-beans-4.3.5.RELEASE.jar:4.3.5.RELEASE]
	at org.springframework.beans.factory.support.AbstractAutowireCapableBeanFactory.instantiateUsingFactoryMethod(AbstractAutowireCapableBeanFactory.java:1134) ~[spring-beans-4.3.5.RELEASE.jar:4.3.5.RELEASE]
	at org.springframework.beans.factory.support.AbstractAutowireCapableBeanFactory.createBeanInstance(AbstractAutowireCapableBeanFactory.java:1028) ~[spring-beans-4.3.5.RELEASE.jar:4.3.5.RELEASE]
	at org.springframework.beans.factory.support.AbstractAutowireCapableBeanFactory.doCreateBean(AbstractAutowireCapableBeanFactory.java:513) ~[spring-beans-4.3.5.RELEASE.jar:4.3.5.RELEASE]
	at org.springframework.beans.factory.support.AbstractAutowireCapableBeanFactory.createBean(AbstractAutowireCapableBeanFactory.java:483) ~[spring-beans-4.3.5.RELEASE.jar:4.3.5.RELEASE]
	at org.springframework.beans.factory.support.AbstractBeanFactory$1.getObject(AbstractBeanFactory.java:306) ~[spring-beans-4.3.5.RELEASE.jar:4.3.5.RELEASE]
	at org.springframework.beans.factory.support.DefaultSingletonBeanRegistry.getSingleton(DefaultSingletonBeanRegistry.java:230) ~[spring-beans-4.3.5.RELEASE.jar:4.3.5.RELEASE]
	at org.springframework.beans.factory.support.AbstractBeanFactory.doGetBean(AbstractBeanFactory.java:302) ~[spring-beans-4.3.5.RELEASE.jar:4.3.5.RELEASE]
	at org.springframework.beans.factory.support.AbstractBeanFactory.getBean(AbstractBeanFactory.java:197) ~[spring-beans-4.3.5.RELEASE.jar:4.3.5.RELEASE]
	at org.springframework.beans.factory.support.AbstractBeanFactory.doGetBean(AbstractBeanFactory.java:296) ~[spring-beans-4.3.5.RELEASE.jar:4.3.5.RELEASE]
	at org.springframework.beans.factory.support.AbstractBeanFactory.getBean(AbstractBeanFactory.java:197) ~[spring-beans-4.3.5.RELEASE.jar:4.3.5.RELEASE]
	at org.springframework.beans.factory.support.DefaultListableBeanFactory.preInstantiateSingletons(DefaultListableBeanFactory.java:759) ~[spring-beans-4.3.5.RELEASE.jar:4.3.5.RELEASE]
	at org.springframework.context.support.AbstractApplicationContext.finishBeanFactoryInitialization(AbstractApplicationContext.java:866) ~[spring-context-4.3.5.RELEASE.jar:4.3.5.RELEASE]
	at org.springframework.context.support.AbstractApplicationContext.refresh(AbstractApplicationContext.java:542) ~[spring-context-4.3.5.RELEASE.jar:4.3.5.RELEASE]
	at org.springframework.test.context.web.AbstractGenericWebContextLoader.loadContext(AbstractGenericWebContextLoader.java:134) ~[spring-test-4.3.5.RELEASE.jar:4.3.5.RELEASE]
	at org.springframework.test.context.web.AbstractGenericWebContextLoader.loadContext(AbstractGenericWebContextLoader.java:61) ~[spring-test-4.3.5.RELEASE.jar:4.3.5.RELEASE]
	at org.springframework.test.context.support.AbstractDelegatingSmartContextLoader.delegateLoading(AbstractDelegatingSmartContextLoader.java:108) ~[spring-test-4.3.5.RELEASE.jar:4.3.5.RELEASE]
	at org.springframework.test.context.support.AbstractDelegatingSmartContextLoader.loadContext(AbstractDelegatingSmartContextLoader.java:251) ~[spring-test-4.3.5.RELEASE.jar:4.3.5.RELEASE]
	at org.springframework.test.context.cache.DefaultCacheAwareContextLoaderDelegate.loadContextInternal(DefaultCacheAwareContextLoaderDelegate.java:98) ~[spring-test-4.3.5.RELEASE.jar:4.3.5.RELEASE]
	at org.springframework.test.context.cache.DefaultCacheAwareContextLoaderDelegate.loadContext(DefaultCacheAwareContextLoaderDelegate.java:116) ~[spring-test-4.3.5.RELEASE.jar:4.3.5.RELEASE]
	... 26 common frames omitted
Caused by: org.springframework.beans.BeanInstantiationException: Failed to instantiate [javax.servlet.Filter]: Factory method &apos;springSecurityFilterChain&apos; threw exception; nested exception is java.lang.IllegalArgumentException: &apos;Savings Account?error&apos; is not a valid redirect URL
	at org.springframework.beans.factory.support.SimpleInstantiationStrategy.instantiate(SimpleInstantiationStrategy.java:189) ~[spring-beans-4.3.5.RELEASE.jar:4.3.5.RELEASE]
	at org.springframework.beans.factory.support.ConstructorResolver.instantiateUsingFactoryMethod(ConstructorResolver.java:588) ~[spring-beans-4.3.5.RELEASE.jar:4.3.5.RELEASE]
	... 45 common frames omitted
Caused by: java.lang.IllegalArgumentException: &apos;Savings Account?error&apos; is not a valid redirect URL
	at org.springframework.util.Assert.isTrue(Assert.java:68) ~[spring-core-4.3.5.RELEASE.jar:4.3.5.RELEASE]
	at org.springframework.security.web.authentication.SimpleUrlAuthenticationFailureHandler.setDefaultFailureUrl(SimpleUrlAuthenticationFailureHandler.java:125) ~[spring-security-web-4.2.2.RELEASE.jar:4.2.2.RELEASE]
	at org.springframework.security.web.authentication.SimpleUrlAuthenticationFailureHandler.&lt;init&gt;(SimpleUrlAuthenticationFailureHandler.java:60) ~[spring-security-web-4.2.2.RELEASE.jar:4.2.2.RELEASE]
	at org.springframework.security.config.annotation.web.configurers.AbstractAuthenticationFilterConfigurer.failureUrl(AbstractAuthenticationFilterConfigurer.java:206) ~[spring-security-config-4.2.2.RELEASE.jar:4.2.2.RELEASE]
	at org.springframework.security.config.annotation.web.configurers.AbstractAuthenticationFilterConfigurer.updateAuthenticationDefaults(AbstractAuthenticationFilterConfigurer.java:368) ~[spring-security-config-4.2.2.RELEASE.jar:4.2.2.RELEASE]
	at org.springframework.security.config.annotation.web.configurers.AbstractAuthenticationFilterConfigurer.loginPage(AbstractAuthenticationFilterConfigurer.java:308) ~[spring-security-config-4.2.2.RELEASE.jar:4.2.2.RELEASE]
	at org.springframework.security.config.annotation.web.configurers.FormLoginConfigurer.loginPage(FormLoginConfigurer.java:183) ~[spring-security-config-4.2.2.RELEASE.jar:4.2.2.RELEASE]
	at edu.ncsu.csc.itrust2.config.SecurityConfig.configure(SecurityConfig.java:89) ~[classes/:na]
	at org.springframework.security.config.annotation.web.configuration.WebSecurityConfigurerAdapter.getHttp(WebSecurityConfigurerAdapter.java:224) ~[spring-security-config-4.2.2.RELEASE.jar:4.2.2.RELEASE]
	at org.springframework.security.config.annotation.web.configuration.WebSecurityConfigurerAdapter.init(WebSecurityConfigurerAdapter.java:315) ~[spring-security-config-4.2.2.RELEASE.jar:4.2.2.RELEASE]
	at org.springframework.security.config.annotation.web.configuration.WebSecurityConfigurerAdapter.init(WebSecurityConfigurerAdapter.java:86) ~[spring-security-config-4.2.2.RELEASE.jar:4.2.2.RELEASE]
	at edu.ncsu.csc.itrust2.config.SecurityConfig$$EnhancerBySpringCGLIB$$f88fd361.init(&lt;generated&gt;) ~[classes/:na]
	at org.springframework.security.config.annotation.AbstractConfiguredSecurityBuilder.init(AbstractConfiguredSecurityBuilder.java:371) ~[spring-security-config-4.2.2.RELEASE.jar:4.2.2.RELEASE]
	at org.springframework.security.config.annotation.AbstractConfiguredSecurityBuilder.doBuild(AbstractConfiguredSecurityBuilder.java:325) ~[spring-security-config-4.2.2.RELEASE.jar:4.2.2.RELEASE]
	at org.springframework.security.config.annotation.AbstractSecurityBuilder.build(AbstractSecurityBuilder.java:41) ~[spring-security-config-4.2.2.RELEASE.jar:4.2.2.RELEASE]
	at org.springframework.security.config.annotation.web.configuration.WebSecurityConfiguration.springSecurityFilterChain(WebSecurityConfiguration.java:104) ~[spring-security-config-4.2.2.RELEASE.jar:4.2.2.RELEASE]
	at org.springframework.security.config.annotation.web.configuration.WebSecurityConfiguration$$EnhancerBySpringCGLIB$$150881e6.CGLIB$springSecurityFilterChain$4(&lt;generated&gt;) ~[spring-security-config-4.2.2.RELEASE.jar:4.2.2.RELEASE]
	at org.springframework.security.config.annotation.web.configuration.WebSecurityConfiguration$$EnhancerBySpringCGLIB$$150881e6$$FastClassBySpringCGLIB$$f9839e81.invoke(&lt;generated&gt;) ~[spring-security-config-4.2.2.RELEASE.jar:4.2.2.RELEASE]
	at org.springframework.cglib.proxy.MethodProxy.invokeSuper(MethodProxy.java:228) ~[spring-core-4.3.5.RELEASE.jar:4.3.5.RELEASE]
	at org.springframework.context.annotation.ConfigurationClassEnhancer$BeanMethodInterceptor.intercept(ConfigurationClassEnhancer.java:356) ~[spring-context-4.3.5.RELEASE.jar:4.3.5.RELEASE]
	at org.springframework.security.config.annotation.web.configuration.WebSecurityConfiguration$$EnhancerBySpringCGLIB$$150881e6.springSecurityFilterChain(&lt;generated&gt;) ~[spring-security-config-4.2.2.RELEASE.jar:4.2.2.RELEASE]
	at sun.reflect.NativeMethodAccessorImpl.invoke0(Native Method) ~[na:1.8.0_151]
	at sun.reflect.NativeMethodAccessorImpl.invoke(NativeMethodAccessorImpl.java:62) ~[na:1.8.0_151]
	at sun.reflect.DelegatingMethodAccessorImpl.invoke(DelegatingMethodAccessorImpl.java:43) ~[na:1.8.0_151]
	at java.lang.reflect.Method.invoke(Method.java:498) ~[na:1.8.0_151]
	at org.springframework.beans.factory.support.SimpleInstantiationStrategy.instantiate(SimpleInstantiationStrategy.java:162) ~[spring-beans-4.3.5.RELEASE.jar:4.3.5.RELEASE]
	... 46 common frames omitted
</stdout>
          <failedSince>69</failedSince>
        </case>
      </cases>
    </suite>
    <suite>
      <file>/var/lib/jenkins/jobs/iTrust_Fuzzer/workspace/iTrust2/target/surefire-reports/TEST-edu.ncsu.csc.itrust2.unit.DomainObjectTest.xml</file>
      <name>edu.ncsu.csc.itrust2.unit.DomainObjectTest</name>
      <duration>0.001</duration>
      <time>0.001</time>
      <enclosingBlocks/>
      <enclosingBlockNames/>
      <cases>
        <case>
          <duration>0.0</duration>
          <className>edu.ncsu.csc.itrust2.unit.DomainObjectTest</className>
          <testName>testCreateDomainObject</testName>
          <skipped>false</skipped>
          <errorStackTrace>java.lang.NoClassDefFoundError: Could not initialize class edu.ncsu.csc.itrust2.utils.HibernateUtil
	at edu.ncsu.csc.itrust2.unit.DomainObjectTest.testCreateDomainObject(DomainObjectTest.java:26)
</errorStackTrace>
          <errorDetails>Could not initialize class edu.ncsu.csc.itrust2.utils.HibernateUtil</errorDetails>
          <failedSince>1</failedSince>
        </case>
        <case>
          <duration>0.0</duration>
          <className>edu.ncsu.csc.itrust2.unit.DomainObjectTest</className>
          <testName>testRetrieveDomainObject</testName>
          <skipped>false</skipped>
          <errorStackTrace>java.lang.NoClassDefFoundError: Could not initialize class edu.ncsu.csc.itrust2.utils.HibernateUtil
	at edu.ncsu.csc.itrust2.unit.DomainObjectTest.testRetrieveDomainObject(DomainObjectTest.java:41)
</errorStackTrace>
          <errorDetails>Could not initialize class edu.ncsu.csc.itrust2.utils.HibernateUtil</errorDetails>
          <failedSince>1</failedSince>
        </case>
        <case>
          <duration>0.0</duration>
          <className>edu.ncsu.csc.itrust2.unit.DomainObjectTest</className>
          <testName>testDelete</testName>
          <skipped>false</skipped>
          <errorStackTrace>java.lang.NoClassDefFoundError: Could not initialize class edu.ncsu.csc.itrust2.utils.HibernateUtil
	at edu.ncsu.csc.itrust2.unit.DomainObjectTest.testDelete(DomainObjectTest.java:56)
</errorStackTrace>
          <errorDetails>Could not initialize class edu.ncsu.csc.itrust2.utils.HibernateUtil</errorDetails>
          <failedSince>1</failedSince>
        </case>
      </cases>
    </suite>
    <suite>
      <file>/var/lib/jenkins/jobs/iTrust_Fuzzer/workspace/iTrust2/target/surefire-reports/TEST-edu.ncsu.csc.itrust2.unit.EmailUtilTest.xml</file>
      <name>edu.ncsu.csc.itrust2.unit.EmailUtilTest</name>
      <duration>2.497</duration>
      <time>2.497</time>
      <enclosingBlocks/>
      <enclosingBlockNames/>
      <cases>
        <case>
          <duration>2.496</duration>
          <className>edu.ncsu.csc.itrust2.unit.EmailUtilTest</className>
          <testName>testEmail</testName>
          <skipped>false</skipped>
          <errorStackTrace>java.lang.ExceptionInInitializerError
	at edu.ncsu.csc.itrust2.unit.EmailUtilTest.testEmail(EmailUtilTest.java:25)
Caused by: java.lang.UnsupportedOperationException: The application must supply JDBC connections
	at edu.ncsu.csc.itrust2.unit.EmailUtilTest.testEmail(EmailUtilTest.java:25)
</errorStackTrace>
          <stdout>21:59:30.469 [main] DEBUG org.jboss.logging - Logging Provider: org.jboss.logging.Slf4jLoggerProvider
21:59:30.485 [main] DEBUG o.h.i.internal.IntegratorServiceImpl - Adding Integrator [org.hibernate.cfg.beanvalidation.BeanValidationIntegrator].
21:59:30.488 [main] DEBUG o.h.i.internal.IntegratorServiceImpl - Adding Integrator [org.hibernate.secure.spi.JaccIntegrator].
21:59:30.491 [main] DEBUG o.h.i.internal.IntegratorServiceImpl - Adding Integrator [org.hibernate.cache.internal.CollectionCacheInvalidator].
21:59:30.613 [main] INFO  org.hibernate.Version - HHH000412: Hibernate Core {5.0.11.Final}
21:59:30.616 [main] INFO  org.hibernate.cfg.Environment - HHH000206: hibernate.properties not found
21:59:30.618 [main] INFO  org.hibernate.cfg.Environment - HHH000021: Bytecode provider name : javassist
21:59:30.654 [main] DEBUG o.h.b.j.i.s.LocalXmlResourceResolver - Interpreting public/system identifier : [null] - [http://www.hibernate.org/dtd/hibernate-configuration-3.0.dtd]
21:59:30.655 [main] DEBUG o.h.b.j.i.s.LocalXmlResourceResolver - Recognized hibernate-configuration identifier; attempting to resolve on classpath under org/hibernate/
21:59:30.658 [main] DEBUG o.h.b.c.internal.JaxbCfgProcessor - cfg.xml document did not define namespaces; wrapping in custom event reader to introduce namespace information
21:59:31.066 [main] DEBUG org.hibernate.cfg.Configuration - Building session factory using internal StandardServiceRegistryBuilder
21:59:31.075 [main] DEBUG o.h.service.spi.ServiceBinding - Overriding existing service binding [org.hibernate.secure.spi.JaccService]
21:59:31.075 [main] DEBUG org.hibernate.cfg.Configuration - Building session factory using provided StandardServiceRegistry
21:59:31.094 [main] DEBUG o.h.c.i.RegionFactoryInitiator - Cache region factory : org.hibernate.cache.internal.NoCachingRegionFactory
21:59:31.104 [main] INFO  o.h.annotations.common.Version - HCANN000001: Hibernate Commons Annotations {5.0.1.Final}
21:59:31.135 [main] DEBUG org.hibernate.type.BasicTypeRegistry - Adding type registration boolean -&gt; org.hibernate.type.BooleanType@42ebece0
21:59:31.135 [main] DEBUG org.hibernate.type.BasicTypeRegistry - Adding type registration boolean -&gt; org.hibernate.type.BooleanType@42ebece0
21:59:31.135 [main] DEBUG org.hibernate.type.BasicTypeRegistry - Adding type registration java.lang.Boolean -&gt; org.hibernate.type.BooleanType@42ebece0
21:59:31.136 [main] DEBUG org.hibernate.type.BasicTypeRegistry - Adding type registration numeric_boolean -&gt; org.hibernate.type.NumericBooleanType@6d695ec4
21:59:31.138 [main] DEBUG org.hibernate.type.BasicTypeRegistry - Adding type registration true_false -&gt; org.hibernate.type.TrueFalseType@6e90cec8
21:59:31.139 [main] DEBUG org.hibernate.type.BasicTypeRegistry - Adding type registration yes_no -&gt; org.hibernate.type.YesNoType@1eb7ec59
21:59:31.141 [main] DEBUG org.hibernate.type.BasicTypeRegistry - Adding type registration byte -&gt; org.hibernate.type.ByteType@1835b783
21:59:31.141 [main] DEBUG org.hibernate.type.BasicTypeRegistry - Adding type registration byte -&gt; org.hibernate.type.ByteType@1835b783
21:59:31.141 [main] DEBUG org.hibernate.type.BasicTypeRegistry - Adding type registration java.lang.Byte -&gt; org.hibernate.type.ByteType@1835b783
21:59:31.142 [main] DEBUG org.hibernate.type.BasicTypeRegistry - Adding type registration character -&gt; org.hibernate.type.CharacterType@5ddf5118
21:59:31.142 [main] DEBUG org.hibernate.type.BasicTypeRegistry - Adding type registration char -&gt; org.hibernate.type.CharacterType@5ddf5118
21:59:31.142 [main] DEBUG org.hibernate.type.BasicTypeRegistry - Adding type registration java.lang.Character -&gt; org.hibernate.type.CharacterType@5ddf5118
21:59:31.144 [main] DEBUG org.hibernate.type.BasicTypeRegistry - Adding type registration short -&gt; org.hibernate.type.ShortType@6c8ad6d7
21:59:31.144 [main] DEBUG org.hibernate.type.BasicTypeRegistry - Adding type registration short -&gt; org.hibernate.type.ShortType@6c8ad6d7
21:59:31.144 [main] DEBUG org.hibernate.type.BasicTypeRegistry - Adding type registration java.lang.Short -&gt; org.hibernate.type.ShortType@6c8ad6d7
21:59:31.146 [main] DEBUG org.hibernate.type.BasicTypeRegistry - Adding type registration integer -&gt; org.hibernate.type.IntegerType@96075c0
21:59:31.146 [main] DEBUG org.hibernate.type.BasicTypeRegistry - Adding type registration int -&gt; org.hibernate.type.IntegerType@96075c0
21:59:31.146 [main] DEBUG org.hibernate.type.BasicTypeRegistry - Adding type registration java.lang.Integer -&gt; org.hibernate.type.IntegerType@96075c0
21:59:31.148 [main] DEBUG org.hibernate.type.BasicTypeRegistry - Adding type registration long -&gt; org.hibernate.type.LongType@2573b149
21:59:31.148 [main] DEBUG org.hibernate.type.BasicTypeRegistry - Adding type registration long -&gt; org.hibernate.type.LongType@2573b149
21:59:31.148 [main] DEBUG org.hibernate.type.BasicTypeRegistry - Adding type registration java.lang.Long -&gt; org.hibernate.type.LongType@2573b149
21:59:31.150 [main] DEBUG org.hibernate.type.BasicTypeRegistry - Adding type registration float -&gt; org.hibernate.type.FloatType@5c9e6d95
21:59:31.151 [main] DEBUG org.hibernate.type.BasicTypeRegistry - Adding type registration float -&gt; org.hibernate.type.FloatType@5c9e6d95
21:59:31.151 [main] DEBUG org.hibernate.type.BasicTypeRegistry - Adding type registration java.lang.Float -&gt; org.hibernate.type.FloatType@5c9e6d95
21:59:31.152 [main] DEBUG org.hibernate.type.BasicTypeRegistry - Adding type registration double -&gt; org.hibernate.type.DoubleType@3a8ead9
21:59:31.153 [main] DEBUG org.hibernate.type.BasicTypeRegistry - Adding type registration double -&gt; org.hibernate.type.DoubleType@3a8ead9
21:59:31.153 [main] DEBUG org.hibernate.type.BasicTypeRegistry - Adding type registration java.lang.Double -&gt; org.hibernate.type.DoubleType@3a8ead9
21:59:31.155 [main] DEBUG org.hibernate.type.BasicTypeRegistry - Adding type registration big_decimal -&gt; org.hibernate.type.BigDecimalType@6cc44207
21:59:31.155 [main] DEBUG org.hibernate.type.BasicTypeRegistry - Adding type registration java.math.BigDecimal -&gt; org.hibernate.type.BigDecimalType@6cc44207
21:59:31.156 [main] DEBUG org.hibernate.type.BasicTypeRegistry - Adding type registration big_integer -&gt; org.hibernate.type.BigIntegerType@a251135
21:59:31.156 [main] DEBUG org.hibernate.type.BasicTypeRegistry - Adding type registration java.math.BigInteger -&gt; org.hibernate.type.BigIntegerType@a251135
21:59:31.158 [main] DEBUG org.hibernate.type.BasicTypeRegistry - Adding type registration string -&gt; org.hibernate.type.StringType@2ac3d530
21:59:31.158 [main] DEBUG org.hibernate.type.BasicTypeRegistry - Adding type registration java.lang.String -&gt; org.hibernate.type.StringType@2ac3d530
21:59:31.159 [main] DEBUG org.hibernate.type.BasicTypeRegistry - Adding type registration nstring -&gt; org.hibernate.type.StringNVarcharType@5db90818
21:59:31.160 [main] DEBUG org.hibernate.type.BasicTypeRegistry - Adding type registration ncharacter -&gt; org.hibernate.type.CharacterNCharType@2dcd451f
21:59:31.161 [main] DEBUG org.hibernate.type.BasicTypeRegistry - Adding type registration url -&gt; org.hibernate.type.UrlType@56dde9f7
21:59:31.161 [main] DEBUG org.hibernate.type.BasicTypeRegistry - Adding type registration java.net.URL -&gt; org.hibernate.type.UrlType@56dde9f7
21:59:31.164 [main] DEBUG org.hibernate.type.BasicTypeRegistry - Adding type registration date -&gt; org.hibernate.type.DateType@48144f1a
21:59:31.164 [main] DEBUG org.hibernate.type.BasicTypeRegistry - Adding type registration java.sql.Date -&gt; org.hibernate.type.DateType@48144f1a
21:59:31.166 [main] DEBUG org.hibernate.type.BasicTypeRegistry - Adding type registration time -&gt; org.hibernate.type.TimeType@87f6ab5
21:59:31.166 [main] DEBUG org.hibernate.type.BasicTypeRegistry - Adding type registration java.sql.Time -&gt; org.hibernate.type.TimeType@87f6ab5
21:59:31.168 [main] DEBUG org.hibernate.type.BasicTypeRegistry - Adding type registration timestamp -&gt; org.hibernate.type.TimestampType@55c8fc60
21:59:31.169 [main] DEBUG org.hibernate.type.BasicTypeRegistry - Adding type registration java.sql.Timestamp -&gt; org.hibernate.type.TimestampType@55c8fc60
21:59:31.169 [main] DEBUG org.hibernate.type.BasicTypeRegistry - Adding type registration java.util.Date -&gt; org.hibernate.type.TimestampType@55c8fc60
21:59:31.171 [main] DEBUG org.hibernate.type.BasicTypeRegistry - Adding type registration dbtimestamp -&gt; org.hibernate.type.DbTimestampType@4e4af370
21:59:31.172 [main] DEBUG org.hibernate.type.BasicTypeRegistry - Adding type registration calendar -&gt; org.hibernate.type.CalendarType@50e6ee24
21:59:31.172 [main] DEBUG org.hibernate.type.BasicTypeRegistry - Adding type registration java.util.Calendar -&gt; org.hibernate.type.CalendarType@50e6ee24
21:59:31.172 [main] DEBUG org.hibernate.type.BasicTypeRegistry - Adding type registration java.util.GregorianCalendar -&gt; org.hibernate.type.CalendarType@50e6ee24
21:59:31.173 [main] DEBUG org.hibernate.type.BasicTypeRegistry - Adding type registration calendar_date -&gt; org.hibernate.type.CalendarDateType@3ca6bd01
21:59:31.175 [main] DEBUG org.hibernate.type.BasicTypeRegistry - Adding type registration locale -&gt; org.hibernate.type.LocaleType@1abf951a
21:59:31.175 [main] DEBUG org.hibernate.type.BasicTypeRegistry - Adding type registration java.util.Locale -&gt; org.hibernate.type.LocaleType@1abf951a
21:59:31.176 [main] DEBUG org.hibernate.type.BasicTypeRegistry - Adding type registration currency -&gt; org.hibernate.type.CurrencyType@27a6384b
21:59:31.176 [main] DEBUG org.hibernate.type.BasicTypeRegistry - Adding type registration java.util.Currency -&gt; org.hibernate.type.CurrencyType@27a6384b
21:59:31.178 [main] DEBUG org.hibernate.type.BasicTypeRegistry - Adding type registration timezone -&gt; org.hibernate.type.TimeZoneType@f4d391c
21:59:31.178 [main] DEBUG org.hibernate.type.BasicTypeRegistry - Adding type registration java.util.TimeZone -&gt; org.hibernate.type.TimeZoneType@f4d391c
21:59:31.179 [main] DEBUG org.hibernate.type.BasicTypeRegistry - Adding type registration class -&gt; org.hibernate.type.ClassType@20f99c18
21:59:31.179 [main] DEBUG org.hibernate.type.BasicTypeRegistry - Adding type registration java.lang.Class -&gt; org.hibernate.type.ClassType@20f99c18
21:59:31.181 [main] DEBUG org.hibernate.type.BasicTypeRegistry - Adding type registration uuid-binary -&gt; org.hibernate.type.UUIDBinaryType@5ae16aa
21:59:31.181 [main] DEBUG org.hibernate.type.BasicTypeRegistry - Adding type registration java.util.UUID -&gt; org.hibernate.type.UUIDBinaryType@5ae16aa
21:59:31.182 [main] DEBUG org.hibernate.type.BasicTypeRegistry - Adding type registration uuid-char -&gt; org.hibernate.type.UUIDCharType@6d9ee75a
21:59:31.183 [main] DEBUG org.hibernate.type.BasicTypeRegistry - Adding type registration binary -&gt; org.hibernate.type.BinaryType@41abee65
21:59:31.183 [main] DEBUG org.hibernate.type.BasicTypeRegistry - Adding type registration byte[] -&gt; org.hibernate.type.BinaryType@41abee65
21:59:31.184 [main] DEBUG org.hibernate.type.BasicTypeRegistry - Adding type registration [B -&gt; org.hibernate.type.BinaryType@41abee65
21:59:31.185 [main] DEBUG org.hibernate.type.BasicTypeRegistry - Adding type registration wrapper-binary -&gt; org.hibernate.type.WrapperBinaryType@4e26040f
21:59:31.185 [main] DEBUG org.hibernate.type.BasicTypeRegistry - Adding type registration Byte[] -&gt; org.hibernate.type.WrapperBinaryType@4e26040f
21:59:31.185 [main] DEBUG org.hibernate.type.BasicTypeRegistry - Adding type registration [Ljava.lang.Byte; -&gt; org.hibernate.type.WrapperBinaryType@4e26040f
21:59:31.187 [main] DEBUG org.hibernate.type.BasicTypeRegistry - Adding type registration row_version -&gt; org.hibernate.type.RowVersionType@36fe83d
21:59:31.188 [main] DEBUG org.hibernate.type.BasicTypeRegistry - Adding type registration image -&gt; org.hibernate.type.ImageType@e04b8a0
21:59:31.189 [main] DEBUG org.hibernate.type.BasicTypeRegistry - Adding type registration characters -&gt; org.hibernate.type.CharArrayType@5d75f90e
21:59:31.189 [main] DEBUG org.hibernate.type.BasicTypeRegistry - Adding type registration char[] -&gt; org.hibernate.type.CharArrayType@5d75f90e
21:59:31.189 [main] DEBUG org.hibernate.type.BasicTypeRegistry - Adding type registration [C -&gt; org.hibernate.type.CharArrayType@5d75f90e
21:59:31.191 [main] DEBUG org.hibernate.type.BasicTypeRegistry - Adding type registration wrapper-characters -&gt; org.hibernate.type.CharacterArrayType@20a9fb01
21:59:31.191 [main] DEBUG org.hibernate.type.BasicTypeRegistry - Adding type registration [Ljava.lang.Character; -&gt; org.hibernate.type.CharacterArrayType@20a9fb01
21:59:31.191 [main] DEBUG org.hibernate.type.BasicTypeRegistry - Adding type registration Character[] -&gt; org.hibernate.type.CharacterArrayType@20a9fb01
21:59:31.192 [main] DEBUG org.hibernate.type.BasicTypeRegistry - Adding type registration text -&gt; org.hibernate.type.TextType@2651e783
21:59:31.193 [main] DEBUG org.hibernate.type.BasicTypeRegistry - Adding type registration ntext -&gt; org.hibernate.type.NTextType@20db19ff
21:59:31.199 [main] DEBUG org.hibernate.type.BasicTypeRegistry - Adding type registration blob -&gt; org.hibernate.type.BlobType@6c46dc02
21:59:31.199 [main] DEBUG org.hibernate.type.BasicTypeRegistry - Adding type registration java.sql.Blob -&gt; org.hibernate.type.BlobType@6c46dc02
21:59:31.199 [main] DEBUG org.hibernate.type.BasicTypeRegistry - Adding type registration materialized_blob -&gt; org.hibernate.type.MaterializedBlobType@37f71e8
21:59:31.205 [main] DEBUG org.hibernate.type.BasicTypeRegistry - Adding type registration clob -&gt; org.hibernate.type.ClobType@e5c52fa
21:59:31.205 [main] DEBUG org.hibernate.type.BasicTypeRegistry - Adding type registration java.sql.Clob -&gt; org.hibernate.type.ClobType@e5c52fa
21:59:31.209 [main] DEBUG org.hibernate.type.BasicTypeRegistry - Adding type registration nclob -&gt; org.hibernate.type.NClobType@4e0802e0
21:59:31.209 [main] DEBUG org.hibernate.type.BasicTypeRegistry - Adding type registration java.sql.NClob -&gt; org.hibernate.type.NClobType@4e0802e0
21:59:31.210 [main] DEBUG org.hibernate.type.BasicTypeRegistry - Adding type registration materialized_clob -&gt; org.hibernate.type.MaterializedClobType@7646c9f5
21:59:31.211 [main] DEBUG org.hibernate.type.BasicTypeRegistry - Adding type registration materialized_nclob -&gt; org.hibernate.type.MaterializedNClobType@6eadd342
21:59:31.212 [main] DEBUG org.hibernate.type.BasicTypeRegistry - Adding type registration serializable -&gt; org.hibernate.type.SerializableType@7f8f5d37
21:59:31.216 [main] DEBUG org.hibernate.type.BasicTypeRegistry - Adding type registration object -&gt; org.hibernate.type.ObjectType@7a522157
21:59:31.216 [main] DEBUG org.hibernate.type.BasicTypeRegistry - Adding type registration java.lang.Object -&gt; org.hibernate.type.ObjectType@7a522157
21:59:31.217 [main] DEBUG org.hibernate.type.BasicTypeRegistry - Adding type registration imm_date -&gt; org.hibernate.type.AdaptedImmutableType@7bdf94f2
21:59:31.217 [main] DEBUG org.hibernate.type.BasicTypeRegistry - Adding type registration imm_time -&gt; org.hibernate.type.AdaptedImmutableType@6b92a0d1
21:59:31.217 [main] DEBUG org.hibernate.type.BasicTypeRegistry - Adding type registration imm_timestamp -&gt; org.hibernate.type.AdaptedImmutableType@4b9ed99d
21:59:31.218 [main] DEBUG org.hibernate.type.BasicTypeRegistry - Adding type registration imm_dbtimestamp -&gt; org.hibernate.type.AdaptedImmutableType@39b95a80
21:59:31.218 [main] DEBUG org.hibernate.type.BasicTypeRegistry - Adding type registration imm_calendar -&gt; org.hibernate.type.AdaptedImmutableType@3ec62141
21:59:31.218 [main] DEBUG org.hibernate.type.BasicTypeRegistry - Adding type registration imm_calendar_date -&gt; org.hibernate.type.AdaptedImmutableType@402c9a60
21:59:31.218 [main] DEBUG org.hibernate.type.BasicTypeRegistry - Adding type registration imm_binary -&gt; org.hibernate.type.AdaptedImmutableType@7d43f1c9
21:59:31.218 [main] DEBUG org.hibernate.type.BasicTypeRegistry - Adding type registration imm_serializable -&gt; org.hibernate.type.AdaptedImmutableType@eddc9bb
21:59:31.229 [main] WARN  o.h.e.j.c.i.ConnectionProviderInitiator - HHH000181: No appropriate connection provider encountered, assuming application will be supplying connections
21:59:31.230 [main] WARN  o.h.e.j.e.i.JdbcEnvironmentInitiator - HHH000342: Could not obtain connection to query metadata : The application must supply JDBC connections
21:59:31.249 [main] INFO  org.hibernate.dialect.Dialect - HHH000400: Using dialect: org.hibernate.dialect.MySQLDialect
21:59:31.271 [main] DEBUG o.h.e.j.e.s.IdentifierHelperBuilder - IdentifierCaseStrategy for both quoted and unquoted identifiers was set to the same strategy [MIXED]; that will likely lead to problems in schema update and validation if using quoted identifiers
21:59:31.278 [main] INFO  o.h.e.j.e.i.LobCreatorBuilderImpl - HHH000422: Disabling contextual LOB creation as connection was null
21:59:31.318 [main] DEBUG o.h.i.f.i.DefaultIdentifierGeneratorFactory - Registering IdentifierGenerator strategy [uuid2] -&gt; [org.hibernate.id.UUIDGenerator]
21:59:31.319 [main] DEBUG o.h.i.f.i.DefaultIdentifierGeneratorFactory - Registering IdentifierGenerator strategy [guid] -&gt; [org.hibernate.id.GUIDGenerator]
21:59:31.320 [main] DEBUG o.h.i.f.i.DefaultIdentifierGeneratorFactory - Registering IdentifierGenerator strategy [uuid] -&gt; [org.hibernate.id.UUIDHexGenerator]
21:59:31.320 [main] DEBUG o.h.i.f.i.DefaultIdentifierGeneratorFactory - Registering IdentifierGenerator strategy [uuid.hex] -&gt; [org.hibernate.id.UUIDHexGenerator]
21:59:31.321 [main] DEBUG o.h.i.f.i.DefaultIdentifierGeneratorFactory - Registering IdentifierGenerator strategy [assigned] -&gt; [org.hibernate.id.Assigned]
21:59:31.322 [main] DEBUG o.h.i.f.i.DefaultIdentifierGeneratorFactory - Registering IdentifierGenerator strategy [identity] -&gt; [org.hibernate.id.IdentityGenerator]
21:59:31.322 [main] DEBUG o.h.i.f.i.DefaultIdentifierGeneratorFactory - Registering IdentifierGenerator strategy [select] -&gt; [org.hibernate.id.SelectGenerator]
21:59:31.324 [main] DEBUG o.h.i.f.i.DefaultIdentifierGeneratorFactory - Registering IdentifierGenerator strategy [sequence] -&gt; [org.hibernate.id.enhanced.SequenceStyleGenerator]
21:59:31.325 [main] DEBUG o.h.i.f.i.DefaultIdentifierGeneratorFactory - Registering IdentifierGenerator strategy [seqhilo] -&gt; [org.hibernate.id.SequenceHiLoGenerator]
21:59:31.326 [main] DEBUG o.h.i.f.i.DefaultIdentifierGeneratorFactory - Registering IdentifierGenerator strategy [increment] -&gt; [org.hibernate.id.IncrementGenerator]
21:59:31.327 [main] DEBUG o.h.i.f.i.DefaultIdentifierGeneratorFactory - Registering IdentifierGenerator strategy [foreign] -&gt; [org.hibernate.id.ForeignGenerator]
21:59:31.327 [main] DEBUG o.h.i.f.i.DefaultIdentifierGeneratorFactory - Registering IdentifierGenerator strategy [sequence-identity] -&gt; [org.hibernate.id.SequenceIdentityGenerator]
21:59:31.328 [main] DEBUG o.h.i.f.i.DefaultIdentifierGeneratorFactory - Registering IdentifierGenerator strategy [enhanced-sequence] -&gt; [org.hibernate.id.enhanced.SequenceStyleGenerator]
21:59:31.329 [main] DEBUG o.h.i.f.i.DefaultIdentifierGeneratorFactory - Registering IdentifierGenerator strategy [enhanced-table] -&gt; [org.hibernate.id.enhanced.TableGenerator]
21:59:31.375 [main] DEBUG o.h.boot.model.relational.Namespace - Created database namespace [logicalName=Name{catalog=null, schema=null}, physicalName=Name{catalog=null, schema=null}]
21:59:31.435 [main] DEBUG org.hibernate.cfg.AnnotationBinder - Binding entity from annotated class: edu.ncsu.csc.itrust2.models.persistent.LogEntry
21:59:31.469 [main] DEBUG org.hibernate.cfg.Ejb3Column - Binding column: Ejb3DiscriminatorColumn{logicalColumnName&apos;DTYPE&apos;, discriminatorTypeName=&apos;string&apos;}
21:59:31.477 [main] DEBUG o.h.cfg.annotations.EntityBinder - Import with entity name LogEntry
21:59:31.481 [main] DEBUG o.h.cfg.annotations.EntityBinder - Bind entity edu.ncsu.csc.itrust2.models.persistent.LogEntry on table LogEntries
21:59:31.514 [main] DEBUG org.hibernate.cfg.Ejb3Column - Binding column: Ejb3Column{table=org.hibernate.mapping.Table(LogEntries), mappingColumn=id, insertable=true, updatable=true, unique=false}
21:59:31.517 [main] DEBUG o.h.cfg.annotations.PropertyBinder - MetadataSourceProcessor property id with lazy=false
21:59:31.520 [main] DEBUG o.h.cfg.AbstractPropertyHolder - Attempting to locate auto-apply AttributeConverter for property [edu.ncsu.csc.itrust2.models.persistent.LogEntry:id]
21:59:31.521 [main] DEBUG o.h.c.annotations.SimpleValueBinder - building SimpleValue for id
21:59:31.524 [main] DEBUG o.h.cfg.annotations.PropertyBinder - Building property id
21:59:31.527 [main] DEBUG org.hibernate.cfg.Ejb3Column - Binding column: Ejb3Column{table=org.hibernate.mapping.Table(LogEntries), mappingColumn=logCode, insertable=true, updatable=true, unique=false}
21:59:31.527 [main] DEBUG o.h.cfg.annotations.PropertyBinder - MetadataSourceProcessor property logCode with lazy=false
21:59:31.528 [main] DEBUG o.h.cfg.AbstractPropertyHolder - Attempting to locate auto-apply AttributeConverter for property [edu.ncsu.csc.itrust2.models.persistent.LogEntry:logCode]
21:59:31.530 [main] DEBUG o.h.c.annotations.SimpleValueBinder - building SimpleValue for logCode
21:59:31.530 [main] DEBUG o.h.cfg.annotations.PropertyBinder - Building property logCode
21:59:31.532 [main] DEBUG org.hibernate.cfg.Ejb3Column - Binding column: Ejb3Column{table=org.hibernate.mapping.Table(LogEntries), mappingColumn=message, insertable=true, updatable=true, unique=false}
21:59:31.532 [main] DEBUG o.h.cfg.annotations.PropertyBinder - MetadataSourceProcessor property message with lazy=false
21:59:31.532 [main] DEBUG o.h.cfg.AbstractPropertyHolder - Attempting to locate auto-apply AttributeConverter for property [edu.ncsu.csc.itrust2.models.persistent.LogEntry:message]
21:59:31.532 [main] DEBUG o.h.c.annotations.SimpleValueBinder - building SimpleValue for message
21:59:31.532 [main] DEBUG o.h.cfg.annotations.PropertyBinder - Building property message
21:59:31.533 [main] DEBUG org.hibernate.cfg.Ejb3Column - Binding column: Ejb3Column{table=org.hibernate.mapping.Table(LogEntries), mappingColumn=primaryUser, insertable=true, updatable=true, unique=false}
21:59:31.533 [main] DEBUG o.h.cfg.annotations.PropertyBinder - MetadataSourceProcessor property primaryUser with lazy=false
21:59:31.533 [main] DEBUG o.h.cfg.AbstractPropertyHolder - Attempting to locate auto-apply AttributeConverter for property [edu.ncsu.csc.itrust2.models.persistent.LogEntry:primaryUser]
21:59:31.533 [main] DEBUG o.h.c.annotations.SimpleValueBinder - building SimpleValue for primaryUser
21:59:31.533 [main] DEBUG o.h.cfg.annotations.PropertyBinder - Building property primaryUser
21:59:31.533 [main] DEBUG org.hibernate.cfg.Ejb3Column - Binding column: Ejb3Column{table=org.hibernate.mapping.Table(LogEntries), mappingColumn=secondaryUser, insertable=true, updatable=true, unique=false}
21:59:31.533 [main] DEBUG o.h.cfg.annotations.PropertyBinder - MetadataSourceProcessor property secondaryUser with lazy=false
21:59:31.534 [main] DEBUG o.h.cfg.AbstractPropertyHolder - Attempting to locate auto-apply AttributeConverter for property [edu.ncsu.csc.itrust2.models.persistent.LogEntry:secondaryUser]
21:59:31.534 [main] DEBUG o.h.c.annotations.SimpleValueBinder - building SimpleValue for secondaryUser
21:59:31.534 [main] DEBUG o.h.cfg.annotations.PropertyBinder - Building property secondaryUser
21:59:31.534 [main] DEBUG org.hibernate.cfg.Ejb3Column - Binding column: Ejb3Column{table=org.hibernate.mapping.Table(LogEntries), mappingColumn=time, insertable=true, updatable=true, unique=false}
21:59:31.534 [main] DEBUG o.h.cfg.annotations.PropertyBinder - MetadataSourceProcessor property time with lazy=false
21:59:31.534 [main] DEBUG o.h.cfg.AbstractPropertyHolder - Attempting to locate auto-apply AttributeConverter for property [edu.ncsu.csc.itrust2.models.persistent.LogEntry:time]
21:59:31.534 [main] DEBUG o.h.c.annotations.SimpleValueBinder - building SimpleValue for time
21:59:31.535 [main] DEBUG o.h.cfg.annotations.PropertyBinder - Building property time
21:59:31.536 [main] DEBUG org.hibernate.cfg.AnnotationBinder - Binding entity from annotated class: edu.ncsu.csc.itrust2.models.persistent.AppointmentRequest
21:59:31.536 [main] DEBUG org.hibernate.cfg.Ejb3Column - Binding column: Ejb3DiscriminatorColumn{logicalColumnName&apos;DTYPE&apos;, discriminatorTypeName=&apos;string&apos;}
21:59:31.536 [main] DEBUG o.h.cfg.annotations.EntityBinder - Import with entity name AppointmentRequest
21:59:31.536 [main] DEBUG o.h.cfg.annotations.EntityBinder - Bind entity edu.ncsu.csc.itrust2.models.persistent.AppointmentRequest on table AppointmentRequests
21:59:31.544 [main] DEBUG org.hibernate.cfg.Ejb3Column - Binding column: Ejb3Column{table=org.hibernate.mapping.Table(AppointmentRequests), mappingColumn=id, insertable=true, updatable=true, unique=false}
21:59:31.545 [main] DEBUG o.h.cfg.annotations.PropertyBinder - MetadataSourceProcessor property id with lazy=false
21:59:31.545 [main] DEBUG o.h.cfg.AbstractPropertyHolder - Attempting to locate auto-apply AttributeConverter for property [edu.ncsu.csc.itrust2.models.persistent.AppointmentRequest:id]
21:59:31.545 [main] DEBUG o.h.c.annotations.SimpleValueBinder - building SimpleValue for id
21:59:31.545 [main] DEBUG o.h.cfg.annotations.PropertyBinder - Building property id
21:59:31.545 [main] DEBUG org.hibernate.cfg.Ejb3Column - Binding column: Ejb3Column{table=org.hibernate.mapping.Table(AppointmentRequests), mappingColumn=comments, insertable=true, updatable=true, unique=false}
21:59:31.546 [main] DEBUG o.h.cfg.annotations.PropertyBinder - MetadataSourceProcessor property comments with lazy=false
21:59:31.546 [main] DEBUG o.h.cfg.AbstractPropertyHolder - Attempting to locate auto-apply AttributeConverter for property [edu.ncsu.csc.itrust2.models.persistent.AppointmentRequest:comments]
21:59:31.546 [main] DEBUG o.h.c.annotations.SimpleValueBinder - building SimpleValue for comments
21:59:31.546 [main] DEBUG o.h.cfg.annotations.PropertyBinder - Building property comments
21:59:31.546 [main] DEBUG org.hibernate.cfg.Ejb3Column - Binding column: Ejb3Column{table=org.hibernate.mapping.Table(AppointmentRequests), mappingColumn=date, insertable=true, updatable=true, unique=false}
21:59:31.546 [main] DEBUG o.h.cfg.annotations.PropertyBinder - MetadataSourceProcessor property date with lazy=false
21:59:31.546 [main] DEBUG o.h.cfg.AbstractPropertyHolder - Attempting to locate auto-apply AttributeConverter for property [edu.ncsu.csc.itrust2.models.persistent.AppointmentRequest:date]
21:59:31.547 [main] DEBUG o.h.c.annotations.SimpleValueBinder - building SimpleValue for date
21:59:31.547 [main] DEBUG o.h.cfg.annotations.PropertyBinder - Building property date
21:59:31.548 [main] DEBUG org.hibernate.cfg.Ejb3Column - Binding column: Ejb3JoinColumn{logicalColumnName=&apos;hcp_id&apos;, referencedColumn=&apos;&apos;, mappedBy=&apos;&apos;}
21:59:31.548 [main] DEBUG org.hibernate.cfg.Ejb3Column - Binding column: Ejb3Column{table=org.hibernate.mapping.Table(AppointmentRequests), mappingColumn=hcp, insertable=true, updatable=true, unique=false}
21:59:31.552 [main] DEBUG o.h.cfg.annotations.PropertyBinder - Building property hcp
21:59:31.553 [main] DEBUG org.hibernate.cfg.Ejb3Column - Binding column: Ejb3JoinColumn{logicalColumnName=&apos;patient_id&apos;, referencedColumn=&apos;&apos;, mappedBy=&apos;&apos;}
21:59:31.553 [main] DEBUG org.hibernate.cfg.Ejb3Column - Binding column: Ejb3Column{table=org.hibernate.mapping.Table(AppointmentRequests), mappingColumn=patient, insertable=true, updatable=true, unique=false}
21:59:31.553 [main] DEBUG o.h.cfg.annotations.PropertyBinder - Building property patient
21:59:31.553 [main] DEBUG org.hibernate.cfg.Ejb3Column - Binding column: Ejb3Column{table=org.hibernate.mapping.Table(AppointmentRequests), mappingColumn=status, insertable=true, updatable=true, unique=false}
21:59:31.554 [main] DEBUG o.h.cfg.annotations.PropertyBinder - MetadataSourceProcessor property status with lazy=false
21:59:31.554 [main] DEBUG o.h.cfg.AbstractPropertyHolder - Attempting to locate auto-apply AttributeConverter for property [edu.ncsu.csc.itrust2.models.persistent.AppointmentRequest:status]
21:59:31.554 [main] DEBUG o.h.c.annotations.SimpleValueBinder - building SimpleValue for status
21:59:31.554 [main] DEBUG o.h.cfg.annotations.PropertyBinder - Building property status
21:59:31.554 [main] DEBUG org.hibernate.cfg.Ejb3Column - Binding column: Ejb3Column{table=org.hibernate.mapping.Table(AppointmentRequests), mappingColumn=type, insertable=true, updatable=true, unique=false}
21:59:31.554 [main] DEBUG o.h.cfg.annotations.PropertyBinder - MetadataSourceProcessor property type with lazy=false
21:59:31.554 [main] DEBUG o.h.cfg.AbstractPropertyHolder - Attempting to locate auto-apply AttributeConverter for property [edu.ncsu.csc.itrust2.models.persistent.AppointmentRequest:type]
21:59:31.555 [main] DEBUG o.h.c.annotations.SimpleValueBinder - building SimpleValue for type
21:59:31.555 [main] DEBUG o.h.cfg.annotations.PropertyBinder - Building property type
21:59:31.555 [main] DEBUG org.hibernate.cfg.AnnotationBinder - Binding entity from annotated class: edu.ncsu.csc.itrust2.models.persistent.User
21:59:31.555 [main] DEBUG org.hibernate.cfg.Ejb3Column - Binding column: Ejb3DiscriminatorColumn{logicalColumnName&apos;DTYPE&apos;, discriminatorTypeName=&apos;string&apos;}
21:59:31.555 [main] DEBUG o.h.cfg.annotations.EntityBinder - Import with entity name User
21:59:31.555 [main] DEBUG o.h.cfg.annotations.EntityBinder - Bind entity edu.ncsu.csc.itrust2.models.persistent.User on table Users
21:59:31.561 [main] DEBUG org.hibernate.cfg.Ejb3Column - Binding column: Ejb3Column{table=org.hibernate.mapping.Table(Users), mappingColumn=username, insertable=true, updatable=true, unique=false}
21:59:31.561 [main] DEBUG o.h.cfg.annotations.PropertyBinder - MetadataSourceProcessor property username with lazy=false
21:59:31.561 [main] DEBUG o.h.cfg.AbstractPropertyHolder - Attempting to locate auto-apply AttributeConverter for property [edu.ncsu.csc.itrust2.models.persistent.User:username]
21:59:31.561 [main] DEBUG o.h.c.annotations.SimpleValueBinder - building SimpleValue for username
21:59:31.561 [main] DEBUG o.h.cfg.annotations.PropertyBinder - Building property username
21:59:31.562 [main] DEBUG org.hibernate.cfg.Ejb3Column - Binding column: Ejb3Column{table=org.hibernate.mapping.Table(Users), mappingColumn=enabled, insertable=true, updatable=true, unique=false}
21:59:31.562 [main] DEBUG o.h.cfg.annotations.PropertyBinder - MetadataSourceProcessor property enabled with lazy=false
21:59:31.562 [main] DEBUG o.h.cfg.AbstractPropertyHolder - Attempting to locate auto-apply AttributeConverter for property [edu.ncsu.csc.itrust2.models.persistent.User:enabled]
21:59:31.562 [main] DEBUG o.h.c.annotations.SimpleValueBinder - building SimpleValue for enabled
21:59:31.562 [main] DEBUG o.h.cfg.annotations.PropertyBinder - Building property enabled
21:59:31.563 [main] DEBUG org.hibernate.cfg.Ejb3Column - Binding column: Ejb3Column{table=org.hibernate.mapping.Table(Users), mappingColumn=password, insertable=true, updatable=true, unique=false}
21:59:31.563 [main] DEBUG o.h.cfg.annotations.PropertyBinder - MetadataSourceProcessor property password with lazy=false
21:59:31.563 [main] DEBUG o.h.cfg.AbstractPropertyHolder - Attempting to locate auto-apply AttributeConverter for property [edu.ncsu.csc.itrust2.models.persistent.User:password]
21:59:31.563 [main] DEBUG o.h.c.annotations.SimpleValueBinder - building SimpleValue for password
21:59:31.563 [main] DEBUG o.h.cfg.annotations.PropertyBinder - Building property password
21:59:31.564 [main] DEBUG org.hibernate.cfg.Ejb3Column - Binding column: Ejb3Column{table=org.hibernate.mapping.Table(Users), mappingColumn=role, insertable=true, updatable=true, unique=false}
21:59:31.564 [main] DEBUG o.h.cfg.annotations.PropertyBinder - MetadataSourceProcessor property role with lazy=false
21:59:31.564 [main] DEBUG o.h.cfg.AbstractPropertyHolder - Attempting to locate auto-apply AttributeConverter for property [edu.ncsu.csc.itrust2.models.persistent.User:role]
21:59:31.564 [main] DEBUG o.h.c.annotations.SimpleValueBinder - building SimpleValue for role
21:59:31.564 [main] DEBUG o.h.cfg.annotations.PropertyBinder - Building property role
21:59:31.564 [main] DEBUG org.hibernate.cfg.AnnotationBinder - Binding entity from annotated class: edu.ncsu.csc.itrust2.models.persistent.OfficeVisit
21:59:31.565 [main] DEBUG org.hibernate.cfg.Ejb3Column - Binding column: Ejb3DiscriminatorColumn{logicalColumnName&apos;DTYPE&apos;, discriminatorTypeName=&apos;string&apos;}
21:59:31.565 [main] DEBUG o.h.cfg.annotations.EntityBinder - Import with entity name OfficeVisit
21:59:31.565 [main] DEBUG o.h.cfg.annotations.EntityBinder - Bind entity edu.ncsu.csc.itrust2.models.persistent.OfficeVisit on table OfficeVisits
21:59:31.570 [main] DEBUG org.hibernate.cfg.Ejb3Column - Binding column: Ejb3Column{table=org.hibernate.mapping.Table(OfficeVisits), mappingColumn=id, insertable=true, updatable=true, unique=false}
21:59:31.571 [main] DEBUG o.h.cfg.annotations.PropertyBinder - MetadataSourceProcessor property id with lazy=false
21:59:31.571 [main] DEBUG o.h.cfg.AbstractPropertyHolder - Attempting to locate auto-apply AttributeConverter for property [edu.ncsu.csc.itrust2.models.persistent.OfficeVisit:id]
21:59:31.571 [main] DEBUG o.h.c.annotations.SimpleValueBinder - building SimpleValue for id
21:59:31.571 [main] DEBUG o.h.cfg.annotations.PropertyBinder - Building property id
21:59:31.571 [main] DEBUG org.hibernate.cfg.Ejb3Column - Binding column: Ejb3JoinColumn{logicalColumnName=&apos;appointment_id&apos;, referencedColumn=&apos;&apos;, mappedBy=&apos;&apos;}
21:59:31.571 [main] DEBUG org.hibernate.cfg.Ejb3Column - Binding column: Ejb3Column{table=org.hibernate.mapping.Table(OfficeVisits), mappingColumn=appointment, insertable=true, updatable=true, unique=false}
21:59:31.572 [main] DEBUG o.h.cfg.annotations.PropertyBinder - Building property appointment
21:59:31.572 [main] DEBUG org.hibernate.cfg.Ejb3Column - Binding column: Ejb3JoinColumn{logicalColumnName=&apos;basichealthmetrics_id&apos;, referencedColumn=&apos;&apos;, mappedBy=&apos;&apos;}
21:59:31.572 [main] DEBUG org.hibernate.cfg.Ejb3Column - Binding column: Ejb3Column{table=org.hibernate.mapping.Table(OfficeVisits), mappingColumn=basicHealthMetrics, insertable=true, updatable=true, unique=false}
21:59:31.572 [main] DEBUG o.h.cfg.annotations.PropertyBinder - Building property basicHealthMetrics
21:59:31.572 [main] DEBUG org.hibernate.cfg.Ejb3Column - Binding column: Ejb3Column{table=org.hibernate.mapping.Table(OfficeVisits), mappingColumn=date, insertable=true, updatable=true, unique=false}
21:59:31.573 [main] DEBUG o.h.cfg.annotations.PropertyBinder - MetadataSourceProcessor property date with lazy=false
21:59:31.573 [main] DEBUG o.h.cfg.AbstractPropertyHolder - Attempting to locate auto-apply AttributeConverter for property [edu.ncsu.csc.itrust2.models.persistent.OfficeVisit:date]
21:59:31.573 [main] DEBUG o.h.c.annotations.SimpleValueBinder - building SimpleValue for date
21:59:31.573 [main] DEBUG o.h.cfg.annotations.PropertyBinder - Building property date
21:59:31.573 [main] DEBUG org.hibernate.cfg.Ejb3Column - Binding column: Ejb3JoinColumn{logicalColumnName=&apos;hcp_id&apos;, referencedColumn=&apos;&apos;, mappedBy=&apos;&apos;}
21:59:31.573 [main] DEBUG org.hibernate.cfg.Ejb3Column - Binding column: Ejb3Column{table=org.hibernate.mapping.Table(OfficeVisits), mappingColumn=hcp, insertable=true, updatable=true, unique=false}
21:59:31.573 [main] DEBUG o.h.cfg.annotations.PropertyBinder - Building property hcp
21:59:31.573 [main] DEBUG org.hibernate.cfg.Ejb3Column - Binding column: Ejb3JoinColumn{logicalColumnName=&apos;hospital_id&apos;, referencedColumn=&apos;&apos;, mappedBy=&apos;&apos;}
21:59:31.574 [main] DEBUG org.hibernate.cfg.Ejb3Column - Binding column: Ejb3Column{table=org.hibernate.mapping.Table(OfficeVisits), mappingColumn=hospital, insertable=true, updatable=true, unique=false}
21:59:31.574 [main] DEBUG o.h.cfg.annotations.PropertyBinder - Building property hospital
21:59:31.574 [main] DEBUG org.hibernate.cfg.Ejb3Column - Binding column: Ejb3Column{table=org.hibernate.mapping.Table(OfficeVisits), mappingColumn=notes, insertable=true, updatable=true, unique=false}
21:59:31.574 [main] DEBUG o.h.cfg.annotations.PropertyBinder - MetadataSourceProcessor property notes with lazy=false
21:59:31.574 [main] DEBUG o.h.cfg.AbstractPropertyHolder - Attempting to locate auto-apply AttributeConverter for property [edu.ncsu.csc.itrust2.models.persistent.OfficeVisit:notes]
21:59:31.574 [main] DEBUG o.h.c.annotations.SimpleValueBinder - building SimpleValue for notes
21:59:31.574 [main] DEBUG o.h.cfg.annotations.PropertyBinder - Building property notes
21:59:31.575 [main] DEBUG org.hibernate.cfg.Ejb3Column - Binding column: Ejb3JoinColumn{logicalColumnName=&apos;patient_id&apos;, referencedColumn=&apos;&apos;, mappedBy=&apos;&apos;}
21:59:31.575 [main] DEBUG org.hibernate.cfg.Ejb3Column - Binding column: Ejb3Column{table=org.hibernate.mapping.Table(OfficeVisits), mappingColumn=patient, insertable=true, updatable=true, unique=false}
21:59:31.575 [main] DEBUG o.h.cfg.annotations.PropertyBinder - Building property patient
21:59:31.575 [main] DEBUG org.hibernate.cfg.Ejb3Column - Binding column: Ejb3JoinColumn{logicalColumnName=&apos;prescriptions_id&apos;, referencedColumn=&apos;&apos;, mappedBy=&apos;&apos;}
21:59:31.575 [main] DEBUG org.hibernate.cfg.Ejb3Column - Binding column: Ejb3Column{table=org.hibernate.mapping.Table(OfficeVisits), mappingColumn=prescriptions, insertable=true, updatable=true, unique=false}
21:59:31.577 [main] DEBUG org.hibernate.cfg.Ejb3Column - Binding column: Ejb3Column{table=org.hibernate.mapping.Table(OfficeVisits), mappingColumn=null, insertable=true, updatable=true, unique=false}
21:59:31.591 [main] DEBUG org.hibernate.cfg.Ejb3Column - Binding column: Ejb3Column{table=org.hibernate.mapping.Table(OfficeVisits), mappingColumn=element, insertable=true, updatable=true, unique=false}
21:59:31.591 [main] DEBUG org.hibernate.cfg.Ejb3Column - Binding column: Ejb3Column{table=org.hibernate.mapping.Table(OfficeVisits), mappingColumn=prescriptions_KEY, insertable=true, updatable=true, unique=false}
21:59:31.626 [main] DEBUG org.hibernate.cfg.Ejb3Column - Binding column: Ejb3JoinColumn{logicalColumnName=&apos;prescriptions_KEY&apos;, referencedColumn=&apos;null&apos;, mappedBy=&apos;null&apos;}
21:59:31.627 [main] DEBUG org.hibernate.cfg.Ejb3Column - Binding column: Ejb3JoinColumn{logicalColumnName=&apos;null&apos;, referencedColumn=&apos;null&apos;, mappedBy=&apos;&apos;}
21:59:31.627 [main] DEBUG org.hibernate.cfg.Ejb3Column - Binding column: Ejb3JoinColumn{logicalColumnName=&apos;null&apos;, referencedColumn=&apos;null&apos;, mappedBy=&apos;&apos;}
21:59:31.628 [main] DEBUG o.h.cfg.annotations.CollectionBinder - Collection role: edu.ncsu.csc.itrust2.models.persistent.OfficeVisit.prescriptions
21:59:31.630 [main] DEBUG o.h.cfg.annotations.PropertyBinder - Building property prescriptions
21:59:31.631 [main] DEBUG org.hibernate.cfg.Ejb3Column - Binding column: Ejb3Column{table=org.hibernate.mapping.Table(OfficeVisits), mappingColumn=type, insertable=true, updatable=true, unique=false}
21:59:31.631 [main] DEBUG o.h.cfg.annotations.PropertyBinder - MetadataSourceProcessor property type with lazy=false
21:59:31.631 [main] DEBUG o.h.cfg.AbstractPropertyHolder - Attempting to locate auto-apply AttributeConverter for property [edu.ncsu.csc.itrust2.models.persistent.OfficeVisit:type]
21:59:31.631 [main] DEBUG o.h.c.annotations.SimpleValueBinder - building SimpleValue for type
21:59:31.631 [main] DEBUG o.h.cfg.annotations.PropertyBinder - Building property type
21:59:31.631 [main] DEBUG org.hibernate.cfg.AnnotationBinder - Binding entity from annotated class: edu.ncsu.csc.itrust2.models.persistent.Hospital
21:59:31.631 [main] DEBUG org.hibernate.cfg.Ejb3Column - Binding column: Ejb3DiscriminatorColumn{logicalColumnName&apos;DTYPE&apos;, discriminatorTypeName=&apos;string&apos;}
21:59:31.631 [main] DEBUG o.h.cfg.annotations.EntityBinder - Import with entity name Hospital
21:59:31.632 [main] DEBUG o.h.cfg.annotations.EntityBinder - Bind entity edu.ncsu.csc.itrust2.models.persistent.Hospital on table Hospitals
21:59:31.634 [main] DEBUG org.hibernate.cfg.Ejb3Column - Binding column: Ejb3Column{table=org.hibernate.mapping.Table(Hospitals), mappingColumn=name, insertable=true, updatable=true, unique=false}
21:59:31.637 [main] DEBUG o.h.cfg.annotations.PropertyBinder - MetadataSourceProcessor property name with lazy=false
21:59:31.637 [main] DEBUG o.h.cfg.AbstractPropertyHolder - Attempting to locate auto-apply AttributeConverter for property [edu.ncsu.csc.itrust2.models.persistent.Hospital:name]
21:59:31.637 [main] DEBUG o.h.c.annotations.SimpleValueBinder - building SimpleValue for name
21:59:31.637 [main] DEBUG o.h.cfg.annotations.PropertyBinder - Building property name
21:59:31.639 [main] DEBUG org.hibernate.cfg.Ejb3Column - Binding column: Ejb3Column{table=org.hibernate.mapping.Table(Hospitals), mappingColumn=address, insertable=true, updatable=true, unique=false}
21:59:31.640 [main] DEBUG o.h.cfg.annotations.PropertyBinder - MetadataSourceProcessor property address with lazy=false
21:59:31.640 [main] DEBUG o.h.cfg.AbstractPropertyHolder - Attempting to locate auto-apply AttributeConverter for property [edu.ncsu.csc.itrust2.models.persistent.Hospital:address]
21:59:31.640 [main] DEBUG o.h.c.annotations.SimpleValueBinder - building SimpleValue for address
21:59:31.640 [main] DEBUG o.h.cfg.annotations.PropertyBinder - Building property address
21:59:31.640 [main] DEBUG org.hibernate.cfg.Ejb3Column - Binding column: Ejb3Column{table=org.hibernate.mapping.Table(Hospitals), mappingColumn=state, insertable=true, updatable=true, unique=false}
21:59:31.641 [main] DEBUG o.h.cfg.annotations.PropertyBinder - MetadataSourceProcessor property state with lazy=false
21:59:31.641 [main] DEBUG o.h.cfg.AbstractPropertyHolder - Attempting to locate auto-apply AttributeConverter for property [edu.ncsu.csc.itrust2.models.persistent.Hospital:state]
21:59:31.641 [main] DEBUG o.h.c.annotations.SimpleValueBinder - building SimpleValue for state
21:59:31.641 [main] DEBUG o.h.cfg.annotations.PropertyBinder - Building property state
21:59:31.641 [main] DEBUG org.hibernate.cfg.Ejb3Column - Binding column: Ejb3Column{table=org.hibernate.mapping.Table(Hospitals), mappingColumn=zip, insertable=true, updatable=true, unique=false}
21:59:31.641 [main] DEBUG o.h.cfg.annotations.PropertyBinder - MetadataSourceProcessor property zip with lazy=false
21:59:31.641 [main] DEBUG o.h.cfg.AbstractPropertyHolder - Attempting to locate auto-apply AttributeConverter for property [edu.ncsu.csc.itrust2.models.persistent.Hospital:zip]
21:59:31.641 [main] DEBUG o.h.c.annotations.SimpleValueBinder - building SimpleValue for zip
21:59:31.642 [main] DEBUG o.h.cfg.annotations.PropertyBinder - Building property zip
21:59:31.642 [main] DEBUG org.hibernate.cfg.AnnotationBinder - Binding entity from annotated class: edu.ncsu.csc.itrust2.models.persistent.Patient
21:59:31.642 [main] DEBUG org.hibernate.cfg.Ejb3Column - Binding column: Ejb3DiscriminatorColumn{logicalColumnName&apos;DTYPE&apos;, discriminatorTypeName=&apos;string&apos;}
21:59:31.642 [main] DEBUG o.h.cfg.annotations.EntityBinder - Import with entity name Patient
21:59:31.642 [main] DEBUG o.h.cfg.annotations.EntityBinder - Bind entity edu.ncsu.csc.itrust2.models.persistent.Patient on table Patients
21:59:31.646 [main] DEBUG org.hibernate.cfg.Ejb3Column - Binding column: Ejb3JoinColumn{logicalColumnName=&apos;self_id&apos;, referencedColumn=&apos;&apos;, mappedBy=&apos;&apos;}
21:59:31.646 [main] DEBUG org.hibernate.cfg.Ejb3Column - Binding column: Ejb3Column{table=org.hibernate.mapping.Table(Patients), mappingColumn=self, insertable=true, updatable=true, unique=false}
21:59:31.647 [main] DEBUG o.h.cfg.annotations.PropertyBinder - Building property self
21:59:31.651 [main] DEBUG org.hibernate.cfg.Ejb3Column - Binding column: Ejb3Column{table=org.hibernate.mapping.Table(Patients), mappingColumn=address1, insertable=true, updatable=true, unique=false}
21:59:31.651 [main] DEBUG o.h.cfg.annotations.PropertyBinder - MetadataSourceProcessor property address1 with lazy=false
21:59:31.651 [main] DEBUG o.h.cfg.AbstractPropertyHolder - Attempting to locate auto-apply AttributeConverter for property [edu.ncsu.csc.itrust2.models.persistent.Patient:address1]
21:59:31.651 [main] DEBUG o.h.c.annotations.SimpleValueBinder - building SimpleValue for address1
21:59:31.651 [main] DEBUG o.h.cfg.annotations.PropertyBinder - Building property address1
21:59:31.651 [main] DEBUG org.hibernate.cfg.Ejb3Column - Binding column: Ejb3Column{table=org.hibernate.mapping.Table(Patients), mappingColumn=address2, insertable=true, updatable=true, unique=false}
21:59:31.652 [main] DEBUG o.h.cfg.annotations.PropertyBinder - MetadataSourceProcessor property address2 with lazy=false
21:59:31.652 [main] DEBUG o.h.cfg.AbstractPropertyHolder - Attempting to locate auto-apply AttributeConverter for property [edu.ncsu.csc.itrust2.models.persistent.Patient:address2]
21:59:31.652 [main] DEBUG o.h.c.annotations.SimpleValueBinder - building SimpleValue for address2
21:59:31.652 [main] DEBUG o.h.cfg.annotations.PropertyBinder - Building property address2
21:59:31.652 [main] DEBUG org.hibernate.cfg.Ejb3Column - Binding column: Ejb3Column{table=org.hibernate.mapping.Table(Patients), mappingColumn=bloodType, insertable=true, updatable=true, unique=false}
21:59:31.652 [main] DEBUG o.h.cfg.annotations.PropertyBinder - MetadataSourceProcessor property bloodType with lazy=false
21:59:31.652 [main] DEBUG o.h.cfg.AbstractPropertyHolder - Attempting to locate auto-apply AttributeConverter for property [edu.ncsu.csc.itrust2.models.persistent.Patient:bloodType]
21:59:31.652 [main] DEBUG o.h.c.annotations.SimpleValueBinder - building SimpleValue for bloodType
21:59:31.653 [main] DEBUG o.h.cfg.annotations.PropertyBinder - Building property bloodType
21:59:31.653 [main] DEBUG org.hibernate.cfg.Ejb3Column - Binding column: Ejb3Column{table=org.hibernate.mapping.Table(Patients), mappingColumn=causeOfDeath, insertable=true, updatable=true, unique=false}
21:59:31.653 [main] DEBUG o.h.cfg.annotations.PropertyBinder - MetadataSourceProcessor property causeOfDeath with lazy=false
21:59:31.653 [main] DEBUG o.h.cfg.AbstractPropertyHolder - Attempting to locate auto-apply AttributeConverter for property [edu.ncsu.csc.itrust2.models.persistent.Patient:causeOfDeath]
21:59:31.653 [main] DEBUG o.h.c.annotations.SimpleValueBinder - building SimpleValue for causeOfDeath
21:59:31.653 [main] DEBUG o.h.cfg.annotations.PropertyBinder - Building property causeOfDeath
21:59:31.654 [main] DEBUG org.hibernate.cfg.Ejb3Column - Binding column: Ejb3Column{table=org.hibernate.mapping.Table(Patients), mappingColumn=city, insertable=true, updatable=true, unique=false}
21:59:31.654 [main] DEBUG o.h.cfg.annotations.PropertyBinder - MetadataSourceProcessor property city with lazy=false
21:59:31.654 [main] DEBUG o.h.cfg.AbstractPropertyHolder - Attempting to locate auto-apply AttributeConverter for property [edu.ncsu.csc.itrust2.models.persistent.Patient:city]
21:59:31.654 [main] DEBUG o.h.c.annotations.SimpleValueBinder - building SimpleValue for city
21:59:31.654 [main] DEBUG o.h.cfg.annotations.PropertyBinder - Building property city
21:59:31.654 [main] DEBUG org.hibernate.cfg.Ejb3Column - Binding column: Ejb3Column{table=org.hibernate.mapping.Table(Patients), mappingColumn=dateOfBirth, insertable=true, updatable=true, unique=false}
21:59:31.655 [main] DEBUG o.h.cfg.annotations.PropertyBinder - MetadataSourceProcessor property dateOfBirth with lazy=false
21:59:31.655 [main] DEBUG o.h.cfg.AbstractPropertyHolder - Attempting to locate auto-apply AttributeConverter for property [edu.ncsu.csc.itrust2.models.persistent.Patient:dateOfBirth]
21:59:31.655 [main] DEBUG o.h.c.annotations.SimpleValueBinder - building SimpleValue for dateOfBirth
21:59:31.655 [main] DEBUG o.h.cfg.annotations.PropertyBinder - Building property dateOfBirth
21:59:31.655 [main] DEBUG org.hibernate.cfg.Ejb3Column - Binding column: Ejb3Column{table=org.hibernate.mapping.Table(Patients), mappingColumn=dateOfDeath, insertable=true, updatable=true, unique=false}
21:59:31.656 [main] DEBUG o.h.cfg.annotations.PropertyBinder - MetadataSourceProcessor property dateOfDeath with lazy=false
21:59:31.656 [main] DEBUG o.h.cfg.AbstractPropertyHolder - Attempting to locate auto-apply AttributeConverter for property [edu.ncsu.csc.itrust2.models.persistent.Patient:dateOfDeath]
21:59:31.656 [main] DEBUG o.h.c.annotations.SimpleValueBinder - building SimpleValue for dateOfDeath
21:59:31.656 [main] DEBUG o.h.cfg.annotations.PropertyBinder - Building property dateOfDeath
21:59:31.656 [main] DEBUG org.hibernate.cfg.Ejb3Column - Binding column: Ejb3Column{table=org.hibernate.mapping.Table(Patients), mappingColumn=email, insertable=true, updatable=true, unique=false}
21:59:31.656 [main] DEBUG o.h.cfg.annotations.PropertyBinder - MetadataSourceProcessor property email with lazy=false
21:59:31.657 [main] DEBUG o.h.cfg.AbstractPropertyHolder - Attempting to locate auto-apply AttributeConverter for property [edu.ncsu.csc.itrust2.models.persistent.Patient:email]
21:59:31.657 [main] DEBUG o.h.c.annotations.SimpleValueBinder - building SimpleValue for email
21:59:31.657 [main] DEBUG o.h.cfg.annotations.PropertyBinder - Building property email
21:59:31.657 [main] DEBUG org.hibernate.cfg.Ejb3Column - Binding column: Ejb3Column{table=org.hibernate.mapping.Table(Patients), mappingColumn=ethnicity, insertable=true, updatable=true, unique=false}
21:59:31.657 [main] DEBUG o.h.cfg.annotations.PropertyBinder - MetadataSourceProcessor property ethnicity with lazy=false
21:59:31.657 [main] DEBUG o.h.cfg.AbstractPropertyHolder - Attempting to locate auto-apply AttributeConverter for property [edu.ncsu.csc.itrust2.models.persistent.Patient:ethnicity]
21:59:31.657 [main] DEBUG o.h.c.annotations.SimpleValueBinder - building SimpleValue for ethnicity
21:59:31.657 [main] DEBUG o.h.cfg.annotations.PropertyBinder - Building property ethnicity
21:59:31.658 [main] DEBUG org.hibernate.cfg.Ejb3Column - Binding column: Ejb3JoinColumn{logicalColumnName=&apos;father_id&apos;, referencedColumn=&apos;&apos;, mapp
...[truncated 642790 chars]...
EntityQuerySpaceImpl@77019c94]
21:59:32.768 [main] DEBUG o.h.p.w.spi.MetamodelGraphWalker - Visiting attribute path : creationTime
21:59:32.768 [main] DEBUG o.h.p.w.spi.MetamodelGraphWalker - Visiting attribute path : tempPassword
21:59:32.768 [main] DEBUG o.h.p.w.spi.MetamodelGraphWalker - Visiting attribute path : user
21:59:32.768 [main] DEBUG o.h.l.p.b.i.spaces.QuerySpacesImpl - Adding QuerySpace : uid = &lt;gen:1&gt; -&gt; org.hibernate.loader.plan.build.internal.spaces.EntityQuerySpaceImpl@7f439e1a]
21:59:32.768 [main] DEBUG o.h.l.p.b.i.FetchStyleLoadPlanBuildingAssociationVisitationStrategy - Building LoadPlan...
21:59:32.768 [main] DEBUG o.h.l.p.e.i.LoadQueryJoinAndFetchProcessor - processing queryspace &lt;gen:0&gt;
21:59:32.768 [main] DEBUG o.h.l.p.b.spi.LoadPlanTreePrinter - LoadPlan(entity=edu.ncsu.csc.itrust2.models.persistent.PasswordResetToken)
    - Returns
       - EntityReturnImpl(entity=edu.ncsu.csc.itrust2.models.persistent.PasswordResetToken, querySpaceUid=&lt;gen:0&gt;, path=edu.ncsu.csc.itrust2.models.persistent.PasswordResetToken)
          - EntityAttributeFetchImpl(entity=edu.ncsu.csc.itrust2.models.persistent.User, querySpaceUid=&lt;gen:1&gt;, path=edu.ncsu.csc.itrust2.models.persistent.PasswordResetToken.user)
    - QuerySpaces
       - EntityQuerySpaceImpl(uid=&lt;gen:0&gt;, entity=edu.ncsu.csc.itrust2.models.persistent.PasswordResetToken)
          - SQL table alias mapping - passwordre0_
          - alias suffix - 0_
          - suffixed key columns - {id1_11_0_}

21:59:32.768 [main] DEBUG o.h.loader.entity.plan.EntityLoader - Static select for entity edu.ncsu.csc.itrust2.models.persistent.PasswordResetToken [PESSIMISTIC_WRITE]: select passwordre0_.id as id1_11_0_, passwordre0_.creationTime as creation2_11_0_, passwordre0_.tempPassword as tempPass3_11_0_, passwordre0_.user_id as user_id4_11_0_ from PasswordResetTokens passwordre0_ where passwordre0_.id=? for update
21:59:32.768 [main] DEBUG o.h.l.p.b.i.spaces.QuerySpacesImpl - Adding QuerySpace : uid = &lt;gen:0&gt; -&gt; org.hibernate.loader.plan.build.internal.spaces.EntityQuerySpaceImpl@c86a448]
21:59:32.768 [main] DEBUG o.h.p.w.spi.MetamodelGraphWalker - Visiting attribute path : creationTime
21:59:32.768 [main] DEBUG o.h.p.w.spi.MetamodelGraphWalker - Visiting attribute path : tempPassword
21:59:32.768 [main] DEBUG o.h.p.w.spi.MetamodelGraphWalker - Visiting attribute path : user
21:59:32.769 [main] DEBUG o.h.l.p.b.i.spaces.QuerySpacesImpl - Adding QuerySpace : uid = &lt;gen:1&gt; -&gt; org.hibernate.loader.plan.build.internal.spaces.EntityQuerySpaceImpl@660da0d7]
21:59:32.769 [main] DEBUG o.h.l.p.b.i.FetchStyleLoadPlanBuildingAssociationVisitationStrategy - Building LoadPlan...
21:59:32.769 [main] DEBUG o.h.l.p.e.i.LoadQueryJoinAndFetchProcessor - processing queryspace &lt;gen:0&gt;
21:59:32.769 [main] DEBUG o.h.l.p.b.spi.LoadPlanTreePrinter - LoadPlan(entity=edu.ncsu.csc.itrust2.models.persistent.PasswordResetToken)
    - Returns
       - EntityReturnImpl(entity=edu.ncsu.csc.itrust2.models.persistent.PasswordResetToken, querySpaceUid=&lt;gen:0&gt;, path=edu.ncsu.csc.itrust2.models.persistent.PasswordResetToken)
          - EntityAttributeFetchImpl(entity=edu.ncsu.csc.itrust2.models.persistent.User, querySpaceUid=&lt;gen:1&gt;, path=edu.ncsu.csc.itrust2.models.persistent.PasswordResetToken.user)
    - QuerySpaces
       - EntityQuerySpaceImpl(uid=&lt;gen:0&gt;, entity=edu.ncsu.csc.itrust2.models.persistent.PasswordResetToken)
          - SQL table alias mapping - passwordre0_
          - alias suffix - 0_
          - suffixed key columns - {id1_11_0_}

21:59:32.769 [main] DEBUG o.h.loader.entity.plan.EntityLoader - Static select for entity edu.ncsu.csc.itrust2.models.persistent.PasswordResetToken [PESSIMISTIC_FORCE_INCREMENT]: select passwordre0_.id as id1_11_0_, passwordre0_.creationTime as creation2_11_0_, passwordre0_.tempPassword as tempPass3_11_0_, passwordre0_.user_id as user_id4_11_0_ from PasswordResetTokens passwordre0_ where passwordre0_.id=? for update
21:59:32.769 [main] DEBUG o.h.l.p.b.i.spaces.QuerySpacesImpl - Adding QuerySpace : uid = &lt;gen:0&gt; -&gt; org.hibernate.loader.plan.build.internal.spaces.EntityQuerySpaceImpl@5dd5142]
21:59:32.769 [main] DEBUG o.h.p.w.spi.MetamodelGraphWalker - Visiting attribute path : creationTime
21:59:32.769 [main] DEBUG o.h.p.w.spi.MetamodelGraphWalker - Visiting attribute path : tempPassword
21:59:32.769 [main] DEBUG o.h.p.w.spi.MetamodelGraphWalker - Visiting attribute path : user
21:59:32.769 [main] DEBUG o.h.l.p.b.i.spaces.QuerySpacesImpl - Adding QuerySpace : uid = &lt;gen:1&gt; -&gt; org.hibernate.loader.plan.build.internal.spaces.EntityQuerySpaceImpl@80f1151]
21:59:32.769 [main] DEBUG o.h.l.p.b.i.FetchStyleLoadPlanBuildingAssociationVisitationStrategy - Building LoadPlan...
21:59:32.769 [main] DEBUG o.h.l.p.e.i.LoadQueryJoinAndFetchProcessor - processing queryspace &lt;gen:0&gt;
21:59:32.769 [main] DEBUG o.h.l.p.b.spi.LoadPlanTreePrinter - LoadPlan(entity=edu.ncsu.csc.itrust2.models.persistent.PasswordResetToken)
    - Returns
       - EntityReturnImpl(entity=edu.ncsu.csc.itrust2.models.persistent.PasswordResetToken, querySpaceUid=&lt;gen:0&gt;, path=edu.ncsu.csc.itrust2.models.persistent.PasswordResetToken)
          - EntityAttributeFetchImpl(entity=edu.ncsu.csc.itrust2.models.persistent.User, querySpaceUid=&lt;gen:1&gt;, path=edu.ncsu.csc.itrust2.models.persistent.PasswordResetToken.user)
    - QuerySpaces
       - EntityQuerySpaceImpl(uid=&lt;gen:0&gt;, entity=edu.ncsu.csc.itrust2.models.persistent.PasswordResetToken)
          - SQL table alias mapping - passwordre0_
          - alias suffix - 0_
          - suffixed key columns - {id1_11_0_}

21:59:32.769 [main] DEBUG o.h.loader.entity.plan.EntityLoader - Static select for entity edu.ncsu.csc.itrust2.models.persistent.PasswordResetToken [OPTIMISTIC]: select passwordre0_.id as id1_11_0_, passwordre0_.creationTime as creation2_11_0_, passwordre0_.tempPassword as tempPass3_11_0_, passwordre0_.user_id as user_id4_11_0_ from PasswordResetTokens passwordre0_ where passwordre0_.id=?
21:59:32.769 [main] DEBUG o.h.l.p.b.i.spaces.QuerySpacesImpl - Adding QuerySpace : uid = &lt;gen:0&gt; -&gt; org.hibernate.loader.plan.build.internal.spaces.EntityQuerySpaceImpl@30f139f]
21:59:32.770 [main] DEBUG o.h.p.w.spi.MetamodelGraphWalker - Visiting attribute path : creationTime
21:59:32.770 [main] DEBUG o.h.p.w.spi.MetamodelGraphWalker - Visiting attribute path : tempPassword
21:59:32.770 [main] DEBUG o.h.p.w.spi.MetamodelGraphWalker - Visiting attribute path : user
21:59:32.770 [main] DEBUG o.h.l.p.b.i.spaces.QuerySpacesImpl - Adding QuerySpace : uid = &lt;gen:1&gt; -&gt; org.hibernate.loader.plan.build.internal.spaces.EntityQuerySpaceImpl@50416b87]
21:59:32.770 [main] DEBUG o.h.l.p.b.i.FetchStyleLoadPlanBuildingAssociationVisitationStrategy - Building LoadPlan...
21:59:32.770 [main] DEBUG o.h.l.p.e.i.LoadQueryJoinAndFetchProcessor - processing queryspace &lt;gen:0&gt;
21:59:32.770 [main] DEBUG o.h.l.p.b.spi.LoadPlanTreePrinter - LoadPlan(entity=edu.ncsu.csc.itrust2.models.persistent.PasswordResetToken)
    - Returns
       - EntityReturnImpl(entity=edu.ncsu.csc.itrust2.models.persistent.PasswordResetToken, querySpaceUid=&lt;gen:0&gt;, path=edu.ncsu.csc.itrust2.models.persistent.PasswordResetToken)
          - EntityAttributeFetchImpl(entity=edu.ncsu.csc.itrust2.models.persistent.User, querySpaceUid=&lt;gen:1&gt;, path=edu.ncsu.csc.itrust2.models.persistent.PasswordResetToken.user)
    - QuerySpaces
       - EntityQuerySpaceImpl(uid=&lt;gen:0&gt;, entity=edu.ncsu.csc.itrust2.models.persistent.PasswordResetToken)
          - SQL table alias mapping - passwordre0_
          - alias suffix - 0_
          - suffixed key columns - {id1_11_0_}

21:59:32.770 [main] DEBUG o.h.loader.entity.plan.EntityLoader - Static select for entity edu.ncsu.csc.itrust2.models.persistent.PasswordResetToken [OPTIMISTIC_FORCE_INCREMENT]: select passwordre0_.id as id1_11_0_, passwordre0_.creationTime as creation2_11_0_, passwordre0_.tempPassword as tempPass3_11_0_, passwordre0_.user_id as user_id4_11_0_ from PasswordResetTokens passwordre0_ where passwordre0_.id=?
21:59:32.770 [main] DEBUG org.hibernate.loader.Loader - Static select for action ACTION_MERGE on entity edu.ncsu.csc.itrust2.models.persistent.PasswordResetToken: select passwordre0_.id as id1_11_0_, passwordre0_.creationTime as creation2_11_0_, passwordre0_.tempPassword as tempPass3_11_0_, passwordre0_.user_id as user_id4_11_0_ from PasswordResetTokens passwordre0_ where passwordre0_.id=?
21:59:32.770 [main] DEBUG org.hibernate.loader.Loader - Static select for action ACTION_REFRESH on entity edu.ncsu.csc.itrust2.models.persistent.PasswordResetToken: select passwordre0_.id as id1_11_0_, passwordre0_.creationTime as creation2_11_0_, passwordre0_.tempPassword as tempPass3_11_0_, passwordre0_.user_id as user_id4_11_0_ from PasswordResetTokens passwordre0_ where passwordre0_.id=?
21:59:32.770 [main] DEBUG o.h.p.entity.AbstractEntityPersister - Static SQL for entity: edu.ncsu.csc.itrust2.models.persistent.Prescription
21:59:32.770 [main] DEBUG o.h.p.entity.AbstractEntityPersister -  Version select: select id from Prescriptions where id =?
21:59:32.770 [main] DEBUG o.h.p.entity.AbstractEntityPersister -  Snapshot select: select prescripti_.id, prescripti_.dosage as dosage2_14_, prescripti_.drug_id as drug_id6_14_, prescripti_.endDate as endDate3_14_, prescripti_.patient_id as patient_7_14_, prescripti_.renewals as renewals4_14_, prescripti_.startDate as startDat5_14_ from Prescriptions prescripti_ where prescripti_.id=?
21:59:32.771 [main] DEBUG o.h.p.entity.AbstractEntityPersister -  Insert 0: insert into Prescriptions (dosage, drug_id, endDate, patient_id, renewals, startDate, id) values (?, ?, ?, ?, ?, ?, ?)
21:59:32.771 [main] DEBUG o.h.p.entity.AbstractEntityPersister -  Update 0: update Prescriptions set dosage=?, drug_id=?, endDate=?, patient_id=?, renewals=?, startDate=? where id=?
21:59:32.771 [main] DEBUG o.h.p.entity.AbstractEntityPersister -  Delete 0: delete from Prescriptions where id=?
21:59:32.771 [main] DEBUG o.h.l.p.b.i.spaces.QuerySpacesImpl - Adding QuerySpace : uid = &lt;gen:0&gt; -&gt; org.hibernate.loader.plan.build.internal.spaces.EntityQuerySpaceImpl@20347d47]
21:59:32.771 [main] DEBUG o.h.p.w.spi.MetamodelGraphWalker - Visiting attribute path : dosage
21:59:32.771 [main] DEBUG o.h.p.w.spi.MetamodelGraphWalker - Visiting attribute path : drug
21:59:32.771 [main] DEBUG o.h.l.p.b.i.spaces.QuerySpacesImpl - Adding QuerySpace : uid = &lt;gen:1&gt; -&gt; org.hibernate.loader.plan.build.internal.spaces.EntityQuerySpaceImpl@f90ff5e]
21:59:32.771 [main] DEBUG o.h.p.w.spi.MetamodelGraphWalker - Visiting attribute path : drug.code
21:59:32.771 [main] DEBUG o.h.p.w.spi.MetamodelGraphWalker - Visiting attribute path : drug.description
21:59:32.771 [main] DEBUG o.h.p.w.spi.MetamodelGraphWalker - Visiting attribute path : drug.name
21:59:32.771 [main] DEBUG o.h.p.w.spi.MetamodelGraphWalker - Visiting attribute path : endDate
21:59:32.771 [main] DEBUG o.h.p.w.spi.MetamodelGraphWalker - Visiting attribute path : patient
21:59:32.771 [main] DEBUG o.h.l.p.b.i.spaces.QuerySpacesImpl - Adding QuerySpace : uid = &lt;gen:2&gt; -&gt; org.hibernate.loader.plan.build.internal.spaces.EntityQuerySpaceImpl@570b21e0]
21:59:32.771 [main] DEBUG o.h.p.w.spi.MetamodelGraphWalker - Visiting attribute path : patient.enabled
21:59:32.771 [main] DEBUG o.h.p.w.spi.MetamodelGraphWalker - Visiting attribute path : patient.password
21:59:32.771 [main] DEBUG o.h.p.w.spi.MetamodelGraphWalker - Visiting attribute path : patient.role
21:59:32.771 [main] DEBUG o.h.p.w.spi.MetamodelGraphWalker - Visiting attribute path : renewals
21:59:32.771 [main] DEBUG o.h.p.w.spi.MetamodelGraphWalker - Visiting attribute path : startDate
21:59:32.771 [main] DEBUG o.h.l.p.b.i.FetchStyleLoadPlanBuildingAssociationVisitationStrategy - Building LoadPlan...
21:59:32.771 [main] DEBUG o.h.l.p.e.i.LoadQueryJoinAndFetchProcessor - processing queryspace &lt;gen:0&gt;
21:59:32.772 [main] DEBUG o.h.l.p.b.spi.LoadPlanTreePrinter - LoadPlan(entity=edu.ncsu.csc.itrust2.models.persistent.Prescription)
    - Returns
       - EntityReturnImpl(entity=edu.ncsu.csc.itrust2.models.persistent.Prescription, querySpaceUid=&lt;gen:0&gt;, path=edu.ncsu.csc.itrust2.models.persistent.Prescription)
          - EntityAttributeFetchImpl(entity=edu.ncsu.csc.itrust2.models.persistent.Drug, querySpaceUid=&lt;gen:1&gt;, path=edu.ncsu.csc.itrust2.models.persistent.Prescription.drug)
          - EntityAttributeFetchImpl(entity=edu.ncsu.csc.itrust2.models.persistent.User, querySpaceUid=&lt;gen:2&gt;, path=edu.ncsu.csc.itrust2.models.persistent.Prescription.patient)
    - QuerySpaces
       - EntityQuerySpaceImpl(uid=&lt;gen:0&gt;, entity=edu.ncsu.csc.itrust2.models.persistent.Prescription)
          - SQL table alias mapping - prescripti0_
          - alias suffix - 0_
          - suffixed key columns - {id1_14_0_}
          - JOIN (JoinDefinedByMetadata(drug)) : &lt;gen:0&gt; -&gt; &lt;gen:1&gt;
             - EntityQuerySpaceImpl(uid=&lt;gen:1&gt;, entity=edu.ncsu.csc.itrust2.models.persistent.Drug)
                - SQL table alias mapping - drug1_
                - alias suffix - 1_
                - suffixed key columns - {id1_3_1_}
          - JOIN (JoinDefinedByMetadata(patient)) : &lt;gen:0&gt; -&gt; &lt;gen:2&gt;
             - EntityQuerySpaceImpl(uid=&lt;gen:2&gt;, entity=edu.ncsu.csc.itrust2.models.persistent.User)
                - SQL table alias mapping - user2_
                - alias suffix - 2_
                - suffixed key columns - {username1_15_2_}

21:59:32.772 [main] DEBUG o.h.loader.entity.plan.EntityLoader - Static select for entity edu.ncsu.csc.itrust2.models.persistent.Prescription [NONE]: select prescripti0_.id as id1_14_0_, prescripti0_.dosage as dosage2_14_0_, prescripti0_.drug_id as drug_id6_14_0_, prescripti0_.endDate as endDate3_14_0_, prescripti0_.patient_id as patient_7_14_0_, prescripti0_.renewals as renewals4_14_0_, prescripti0_.startDate as startDat5_14_0_, drug1_.id as id1_3_1_, drug1_.code as code2_3_1_, drug1_.description as descript3_3_1_, drug1_.name as name4_3_1_, user2_.username as username1_15_2_, user2_.enabled as enabled2_15_2_, user2_.password as password3_15_2_, user2_.role as role4_15_2_ from Prescriptions prescripti0_ inner join Drugs drug1_ on prescripti0_.drug_id=drug1_.id inner join Users user2_ on prescripti0_.patient_id=user2_.username where prescripti0_.id=?
21:59:32.772 [main] DEBUG o.h.l.p.b.i.spaces.QuerySpacesImpl - Adding QuerySpace : uid = &lt;gen:0&gt; -&gt; org.hibernate.loader.plan.build.internal.spaces.EntityQuerySpaceImpl@64073f50]
21:59:32.772 [main] DEBUG o.h.p.w.spi.MetamodelGraphWalker - Visiting attribute path : dosage
21:59:32.772 [main] DEBUG o.h.p.w.spi.MetamodelGraphWalker - Visiting attribute path : drug
21:59:32.772 [main] DEBUG o.h.l.p.b.i.spaces.QuerySpacesImpl - Adding QuerySpace : uid = &lt;gen:1&gt; -&gt; org.hibernate.loader.plan.build.internal.spaces.EntityQuerySpaceImpl@b39a3bf]
21:59:32.772 [main] DEBUG o.h.p.w.spi.MetamodelGraphWalker - Visiting attribute path : drug.code
21:59:32.772 [main] DEBUG o.h.p.w.spi.MetamodelGraphWalker - Visiting attribute path : drug.description
21:59:32.772 [main] DEBUG o.h.p.w.spi.MetamodelGraphWalker - Visiting attribute path : drug.name
21:59:32.772 [main] DEBUG o.h.p.w.spi.MetamodelGraphWalker - Visiting attribute path : endDate
21:59:32.772 [main] DEBUG o.h.p.w.spi.MetamodelGraphWalker - Visiting attribute path : patient
21:59:32.772 [main] DEBUG o.h.l.p.b.i.spaces.QuerySpacesImpl - Adding QuerySpace : uid = &lt;gen:2&gt; -&gt; org.hibernate.loader.plan.build.internal.spaces.EntityQuerySpaceImpl@10060f31]
21:59:32.772 [main] DEBUG o.h.p.w.spi.MetamodelGraphWalker - Visiting attribute path : patient.enabled
21:59:32.772 [main] DEBUG o.h.p.w.spi.MetamodelGraphWalker - Visiting attribute path : patient.password
21:59:32.772 [main] DEBUG o.h.p.w.spi.MetamodelGraphWalker - Visiting attribute path : patient.role
21:59:32.772 [main] DEBUG o.h.p.w.spi.MetamodelGraphWalker - Visiting attribute path : renewals
21:59:32.772 [main] DEBUG o.h.p.w.spi.MetamodelGraphWalker - Visiting attribute path : startDate
21:59:32.772 [main] DEBUG o.h.l.p.b.i.FetchStyleLoadPlanBuildingAssociationVisitationStrategy - Building LoadPlan...
21:59:32.772 [main] DEBUG o.h.l.p.e.i.LoadQueryJoinAndFetchProcessor - processing queryspace &lt;gen:0&gt;
21:59:32.773 [main] DEBUG o.h.l.p.b.spi.LoadPlanTreePrinter - LoadPlan(entity=edu.ncsu.csc.itrust2.models.persistent.Prescription)
    - Returns
       - EntityReturnImpl(entity=edu.ncsu.csc.itrust2.models.persistent.Prescription, querySpaceUid=&lt;gen:0&gt;, path=edu.ncsu.csc.itrust2.models.persistent.Prescription)
          - EntityAttributeFetchImpl(entity=edu.ncsu.csc.itrust2.models.persistent.Drug, querySpaceUid=&lt;gen:1&gt;, path=edu.ncsu.csc.itrust2.models.persistent.Prescription.drug)
          - EntityAttributeFetchImpl(entity=edu.ncsu.csc.itrust2.models.persistent.User, querySpaceUid=&lt;gen:2&gt;, path=edu.ncsu.csc.itrust2.models.persistent.Prescription.patient)
    - QuerySpaces
       - EntityQuerySpaceImpl(uid=&lt;gen:0&gt;, entity=edu.ncsu.csc.itrust2.models.persistent.Prescription)
          - SQL table alias mapping - prescripti0_
          - alias suffix - 0_
          - suffixed key columns - {id1_14_0_}
          - JOIN (JoinDefinedByMetadata(drug)) : &lt;gen:0&gt; -&gt; &lt;gen:1&gt;
             - EntityQuerySpaceImpl(uid=&lt;gen:1&gt;, entity=edu.ncsu.csc.itrust2.models.persistent.Drug)
                - SQL table alias mapping - drug1_
                - alias suffix - 1_
                - suffixed key columns - {id1_3_1_}
          - JOIN (JoinDefinedByMetadata(patient)) : &lt;gen:0&gt; -&gt; &lt;gen:2&gt;
             - EntityQuerySpaceImpl(uid=&lt;gen:2&gt;, entity=edu.ncsu.csc.itrust2.models.persistent.User)
                - SQL table alias mapping - user2_
                - alias suffix - 2_
                - suffixed key columns - {username1_15_2_}

21:59:32.773 [main] DEBUG o.h.loader.entity.plan.EntityLoader - Static select for entity edu.ncsu.csc.itrust2.models.persistent.Prescription [READ]: select prescripti0_.id as id1_14_0_, prescripti0_.dosage as dosage2_14_0_, prescripti0_.drug_id as drug_id6_14_0_, prescripti0_.endDate as endDate3_14_0_, prescripti0_.patient_id as patient_7_14_0_, prescripti0_.renewals as renewals4_14_0_, prescripti0_.startDate as startDat5_14_0_, drug1_.id as id1_3_1_, drug1_.code as code2_3_1_, drug1_.description as descript3_3_1_, drug1_.name as name4_3_1_, user2_.username as username1_15_2_, user2_.enabled as enabled2_15_2_, user2_.password as password3_15_2_, user2_.role as role4_15_2_ from Prescriptions prescripti0_ inner join Drugs drug1_ on prescripti0_.drug_id=drug1_.id inner join Users user2_ on prescripti0_.patient_id=user2_.username where prescripti0_.id=?
21:59:32.773 [main] DEBUG o.h.l.p.b.i.spaces.QuerySpacesImpl - Adding QuerySpace : uid = &lt;gen:0&gt; -&gt; org.hibernate.loader.plan.build.internal.spaces.EntityQuerySpaceImpl@4f7820f8]
21:59:32.773 [main] DEBUG o.h.p.w.spi.MetamodelGraphWalker - Visiting attribute path : dosage
21:59:32.773 [main] DEBUG o.h.p.w.spi.MetamodelGraphWalker - Visiting attribute path : drug
21:59:32.773 [main] DEBUG o.h.l.p.b.i.spaces.QuerySpacesImpl - Adding QuerySpace : uid = &lt;gen:1&gt; -&gt; org.hibernate.loader.plan.build.internal.spaces.EntityQuerySpaceImpl@105dc6df]
21:59:32.773 [main] DEBUG o.h.p.w.spi.MetamodelGraphWalker - Visiting attribute path : endDate
21:59:32.773 [main] DEBUG o.h.p.w.spi.MetamodelGraphWalker - Visiting attribute path : patient
21:59:32.773 [main] DEBUG o.h.l.p.b.i.spaces.QuerySpacesImpl - Adding QuerySpace : uid = &lt;gen:2&gt; -&gt; org.hibernate.loader.plan.build.internal.spaces.EntityQuerySpaceImpl@4b6d894d]
21:59:32.773 [main] DEBUG o.h.p.w.spi.MetamodelGraphWalker - Visiting attribute path : renewals
21:59:32.773 [main] DEBUG o.h.p.w.spi.MetamodelGraphWalker - Visiting attribute path : startDate
21:59:32.773 [main] DEBUG o.h.l.p.b.i.FetchStyleLoadPlanBuildingAssociationVisitationStrategy - Building LoadPlan...
21:59:32.773 [main] DEBUG o.h.l.p.e.i.LoadQueryJoinAndFetchProcessor - processing queryspace &lt;gen:0&gt;
21:59:32.773 [main] DEBUG o.h.l.p.b.spi.LoadPlanTreePrinter - LoadPlan(entity=edu.ncsu.csc.itrust2.models.persistent.Prescription)
    - Returns
       - EntityReturnImpl(entity=edu.ncsu.csc.itrust2.models.persistent.Prescription, querySpaceUid=&lt;gen:0&gt;, path=edu.ncsu.csc.itrust2.models.persistent.Prescription)
          - EntityAttributeFetchImpl(entity=edu.ncsu.csc.itrust2.models.persistent.Drug, querySpaceUid=&lt;gen:1&gt;, path=edu.ncsu.csc.itrust2.models.persistent.Prescription.drug)
          - EntityAttributeFetchImpl(entity=edu.ncsu.csc.itrust2.models.persistent.User, querySpaceUid=&lt;gen:2&gt;, path=edu.ncsu.csc.itrust2.models.persistent.Prescription.patient)
    - QuerySpaces
       - EntityQuerySpaceImpl(uid=&lt;gen:0&gt;, entity=edu.ncsu.csc.itrust2.models.persistent.Prescription)
          - SQL table alias mapping - prescripti0_
          - alias suffix - 0_
          - suffixed key columns - {id1_14_0_}

21:59:32.773 [main] DEBUG o.h.loader.entity.plan.EntityLoader - Static select for entity edu.ncsu.csc.itrust2.models.persistent.Prescription [UPGRADE]: select prescripti0_.id as id1_14_0_, prescripti0_.dosage as dosage2_14_0_, prescripti0_.drug_id as drug_id6_14_0_, prescripti0_.endDate as endDate3_14_0_, prescripti0_.patient_id as patient_7_14_0_, prescripti0_.renewals as renewals4_14_0_, prescripti0_.startDate as startDat5_14_0_ from Prescriptions prescripti0_ where prescripti0_.id=? for update
21:59:32.773 [main] DEBUG o.h.l.p.b.i.spaces.QuerySpacesImpl - Adding QuerySpace : uid = &lt;gen:0&gt; -&gt; org.hibernate.loader.plan.build.internal.spaces.EntityQuerySpaceImpl@459c0f38]
21:59:32.773 [main] DEBUG o.h.p.w.spi.MetamodelGraphWalker - Visiting attribute path : dosage
21:59:32.773 [main] DEBUG o.h.p.w.spi.MetamodelGraphWalker - Visiting attribute path : drug
21:59:32.773 [main] DEBUG o.h.l.p.b.i.spaces.QuerySpacesImpl - Adding QuerySpace : uid = &lt;gen:1&gt; -&gt; org.hibernate.loader.plan.build.internal.spaces.EntityQuerySpaceImpl@1a696f6c]
21:59:32.774 [main] DEBUG o.h.p.w.spi.MetamodelGraphWalker - Visiting attribute path : endDate
21:59:32.774 [main] DEBUG o.h.p.w.spi.MetamodelGraphWalker - Visiting attribute path : patient
21:59:32.774 [main] DEBUG o.h.l.p.b.i.spaces.QuerySpacesImpl - Adding QuerySpace : uid = &lt;gen:2&gt; -&gt; org.hibernate.loader.plan.build.internal.spaces.EntityQuerySpaceImpl@3de9aa8d]
21:59:32.774 [main] DEBUG o.h.p.w.spi.MetamodelGraphWalker - Visiting attribute path : renewals
21:59:32.774 [main] DEBUG o.h.p.w.spi.MetamodelGraphWalker - Visiting attribute path : startDate
21:59:32.774 [main] DEBUG o.h.l.p.b.i.FetchStyleLoadPlanBuildingAssociationVisitationStrategy - Building LoadPlan...
21:59:32.774 [main] DEBUG o.h.l.p.e.i.LoadQueryJoinAndFetchProcessor - processing queryspace &lt;gen:0&gt;
21:59:32.774 [main] DEBUG o.h.l.p.b.spi.LoadPlanTreePrinter - LoadPlan(entity=edu.ncsu.csc.itrust2.models.persistent.Prescription)
    - Returns
       - EntityReturnImpl(entity=edu.ncsu.csc.itrust2.models.persistent.Prescription, querySpaceUid=&lt;gen:0&gt;, path=edu.ncsu.csc.itrust2.models.persistent.Prescription)
          - EntityAttributeFetchImpl(entity=edu.ncsu.csc.itrust2.models.persistent.Drug, querySpaceUid=&lt;gen:1&gt;, path=edu.ncsu.csc.itrust2.models.persistent.Prescription.drug)
          - EntityAttributeFetchImpl(entity=edu.ncsu.csc.itrust2.models.persistent.User, querySpaceUid=&lt;gen:2&gt;, path=edu.ncsu.csc.itrust2.models.persistent.Prescription.patient)
    - QuerySpaces
       - EntityQuerySpaceImpl(uid=&lt;gen:0&gt;, entity=edu.ncsu.csc.itrust2.models.persistent.Prescription)
          - SQL table alias mapping - prescripti0_
          - alias suffix - 0_
          - suffixed key columns - {id1_14_0_}

21:59:32.774 [main] DEBUG o.h.loader.entity.plan.EntityLoader - Static select for entity edu.ncsu.csc.itrust2.models.persistent.Prescription [UPGRADE_NOWAIT]: select prescripti0_.id as id1_14_0_, prescripti0_.dosage as dosage2_14_0_, prescripti0_.drug_id as drug_id6_14_0_, prescripti0_.endDate as endDate3_14_0_, prescripti0_.patient_id as patient_7_14_0_, prescripti0_.renewals as renewals4_14_0_, prescripti0_.startDate as startDat5_14_0_ from Prescriptions prescripti0_ where prescripti0_.id=? for update
21:59:32.774 [main] DEBUG o.h.l.p.b.i.spaces.QuerySpacesImpl - Adding QuerySpace : uid = &lt;gen:0&gt; -&gt; org.hibernate.loader.plan.build.internal.spaces.EntityQuerySpaceImpl@18a997c7]
21:59:32.774 [main] DEBUG o.h.p.w.spi.MetamodelGraphWalker - Visiting attribute path : dosage
21:59:32.774 [main] DEBUG o.h.p.w.spi.MetamodelGraphWalker - Visiting attribute path : drug
21:59:32.774 [main] DEBUG o.h.l.p.b.i.spaces.QuerySpacesImpl - Adding QuerySpace : uid = &lt;gen:1&gt; -&gt; org.hibernate.loader.plan.build.internal.spaces.EntityQuerySpaceImpl@4c23f0b9]
21:59:32.774 [main] DEBUG o.h.p.w.spi.MetamodelGraphWalker - Visiting attribute path : endDate
21:59:32.774 [main] DEBUG o.h.p.w.spi.MetamodelGraphWalker - Visiting attribute path : patient
21:59:32.775 [main] DEBUG o.h.l.p.b.i.spaces.QuerySpacesImpl - Adding QuerySpace : uid = &lt;gen:2&gt; -&gt; org.hibernate.loader.plan.build.internal.spaces.EntityQuerySpaceImpl@3c6e8672]
21:59:32.775 [main] DEBUG o.h.p.w.spi.MetamodelGraphWalker - Visiting attribute path : renewals
21:59:32.775 [main] DEBUG o.h.p.w.spi.MetamodelGraphWalker - Visiting attribute path : startDate
21:59:32.775 [main] DEBUG o.h.l.p.b.i.FetchStyleLoadPlanBuildingAssociationVisitationStrategy - Building LoadPlan...
21:59:32.775 [main] DEBUG o.h.l.p.e.i.LoadQueryJoinAndFetchProcessor - processing queryspace &lt;gen:0&gt;
21:59:32.775 [main] DEBUG o.h.l.p.b.spi.LoadPlanTreePrinter - LoadPlan(entity=edu.ncsu.csc.itrust2.models.persistent.Prescription)
    - Returns
       - EntityReturnImpl(entity=edu.ncsu.csc.itrust2.models.persistent.Prescription, querySpaceUid=&lt;gen:0&gt;, path=edu.ncsu.csc.itrust2.models.persistent.Prescription)
          - EntityAttributeFetchImpl(entity=edu.ncsu.csc.itrust2.models.persistent.Drug, querySpaceUid=&lt;gen:1&gt;, path=edu.ncsu.csc.itrust2.models.persistent.Prescription.drug)
          - EntityAttributeFetchImpl(entity=edu.ncsu.csc.itrust2.models.persistent.User, querySpaceUid=&lt;gen:2&gt;, path=edu.ncsu.csc.itrust2.models.persistent.Prescription.patient)
    - QuerySpaces
       - EntityQuerySpaceImpl(uid=&lt;gen:0&gt;, entity=edu.ncsu.csc.itrust2.models.persistent.Prescription)
          - SQL table alias mapping - prescripti0_
          - alias suffix - 0_
          - suffixed key columns - {id1_14_0_}

21:59:32.775 [main] DEBUG o.h.loader.entity.plan.EntityLoader - Static select for entity edu.ncsu.csc.itrust2.models.persistent.Prescription [UPGRADE_SKIPLOCKED]: select prescripti0_.id as id1_14_0_, prescripti0_.dosage as dosage2_14_0_, prescripti0_.drug_id as drug_id6_14_0_, prescripti0_.endDate as endDate3_14_0_, prescripti0_.patient_id as patient_7_14_0_, prescripti0_.renewals as renewals4_14_0_, prescripti0_.startDate as startDat5_14_0_ from Prescriptions prescripti0_ where prescripti0_.id=? for update
21:59:32.775 [main] DEBUG o.h.l.p.b.i.spaces.QuerySpacesImpl - Adding QuerySpace : uid = &lt;gen:0&gt; -&gt; org.hibernate.loader.plan.build.internal.spaces.EntityQuerySpaceImpl@682d2997]
21:59:32.775 [main] DEBUG o.h.p.w.spi.MetamodelGraphWalker - Visiting attribute path : dosage
21:59:32.775 [main] DEBUG o.h.p.w.spi.MetamodelGraphWalker - Visiting attribute path : drug
21:59:32.776 [main] DEBUG o.h.l.p.b.i.spaces.QuerySpacesImpl - Adding QuerySpace : uid = &lt;gen:1&gt; -&gt; org.hibernate.loader.plan.build.internal.spaces.EntityQuerySpaceImpl@21d1f97f]
21:59:32.776 [main] DEBUG o.h.p.w.spi.MetamodelGraphWalker - Visiting attribute path : endDate
21:59:32.776 [main] DEBUG o.h.p.w.spi.MetamodelGraphWalker - Visiting attribute path : patient
21:59:32.776 [main] DEBUG o.h.l.p.b.i.spaces.QuerySpacesImpl - Adding QuerySpace : uid = &lt;gen:2&gt; -&gt; org.hibernate.loader.plan.build.internal.spaces.EntityQuerySpaceImpl@6944a621]
21:59:32.776 [main] DEBUG o.h.p.w.spi.MetamodelGraphWalker - Visiting attribute path : renewals
21:59:32.776 [main] DEBUG o.h.p.w.spi.MetamodelGraphWalker - Visiting attribute path : startDate
21:59:32.776 [main] DEBUG o.h.l.p.b.i.FetchStyleLoadPlanBuildingAssociationVisitationStrategy - Building LoadPlan...
21:59:32.776 [main] DEBUG o.h.l.p.e.i.LoadQueryJoinAndFetchProcessor - processing queryspace &lt;gen:0&gt;
21:59:32.776 [main] DEBUG o.h.l.p.b.spi.LoadPlanTreePrinter - LoadPlan(entity=edu.ncsu.csc.itrust2.models.persistent.Prescription)
    - Returns
       - EntityReturnImpl(entity=edu.ncsu.csc.itrust2.models.persistent.Prescription, querySpaceUid=&lt;gen:0&gt;, path=edu.ncsu.csc.itrust2.models.persistent.Prescription)
          - EntityAttributeFetchImpl(entity=edu.ncsu.csc.itrust2.models.persistent.Drug, querySpaceUid=&lt;gen:1&gt;, path=edu.ncsu.csc.itrust2.models.persistent.Prescription.drug)
          - EntityAttributeFetchImpl(entity=edu.ncsu.csc.itrust2.models.persistent.User, querySpaceUid=&lt;gen:2&gt;, path=edu.ncsu.csc.itrust2.models.persistent.Prescription.patient)
    - QuerySpaces
       - EntityQuerySpaceImpl(uid=&lt;gen:0&gt;, entity=edu.ncsu.csc.itrust2.models.persistent.Prescription)
          - SQL table alias mapping - prescripti0_
          - alias suffix - 0_
          - suffixed key columns - {id1_14_0_}

21:59:32.776 [main] DEBUG o.h.loader.entity.plan.EntityLoader - Static select for entity edu.ncsu.csc.itrust2.models.persistent.Prescription [FORCE]: select prescripti0_.id as id1_14_0_, prescripti0_.dosage as dosage2_14_0_, prescripti0_.drug_id as drug_id6_14_0_, prescripti0_.endDate as endDate3_14_0_, prescripti0_.patient_id as patient_7_14_0_, prescripti0_.renewals as renewals4_14_0_, prescripti0_.startDate as startDat5_14_0_ from Prescriptions prescripti0_ where prescripti0_.id=? for update
21:59:32.777 [main] DEBUG o.h.l.p.b.i.spaces.QuerySpacesImpl - Adding QuerySpace : uid = &lt;gen:0&gt; -&gt; org.hibernate.loader.plan.build.internal.spaces.EntityQuerySpaceImpl@68a45b0f]
21:59:32.777 [main] DEBUG o.h.p.w.spi.MetamodelGraphWalker - Visiting attribute path : dosage
21:59:32.777 [main] DEBUG o.h.p.w.spi.MetamodelGraphWalker - Visiting attribute path : drug
21:59:32.777 [main] DEBUG o.h.l.p.b.i.spaces.QuerySpacesImpl - Adding QuerySpace : uid = &lt;gen:1&gt; -&gt; org.hibernate.loader.plan.build.internal.spaces.EntityQuerySpaceImpl@17a81a45]
21:59:32.777 [main] DEBUG o.h.p.w.spi.MetamodelGraphWalker - Visiting attribute path : endDate
21:59:32.777 [main] DEBUG o.h.p.w.spi.MetamodelGraphWalker - Visiting attribute path : patient
21:59:32.777 [main] DEBUG o.h.l.p.b.i.spaces.QuerySpacesImpl - Adding QuerySpace : uid = &lt;gen:2&gt; -&gt; org.hibernate.loader.plan.build.internal.spaces.EntityQuerySpaceImpl@5b91c33f]
21:59:32.777 [main] DEBUG o.h.p.w.spi.MetamodelGraphWalker - Visiting attribute path : renewals
21:59:32.777 [main] DEBUG o.h.p.w.spi.MetamodelGraphWalker - Visiting attribute path : startDate
21:59:32.777 [main] DEBUG o.h.l.p.b.i.FetchStyleLoadPlanBuildingAssociationVisitationStrategy - Building LoadPlan...
21:59:32.777 [main] DEBUG o.h.l.p.e.i.LoadQueryJoinAndFetchProcessor - processing queryspace &lt;gen:0&gt;
21:59:32.777 [main] DEBUG o.h.l.p.b.spi.LoadPlanTreePrinter - LoadPlan(entity=edu.ncsu.csc.itrust2.models.persistent.Prescription)
    - Returns
       - EntityReturnImpl(entity=edu.ncsu.csc.itrust2.models.persistent.Prescription, querySpaceUid=&lt;gen:0&gt;, path=edu.ncsu.csc.itrust2.models.persistent.Prescription)
          - EntityAttributeFetchImpl(entity=edu.ncsu.csc.itrust2.models.persistent.Drug, querySpaceUid=&lt;gen:1&gt;, path=edu.ncsu.csc.itrust2.models.persistent.Prescription.drug)
          - EntityAttributeFetchImpl(entity=edu.ncsu.csc.itrust2.models.persistent.User, querySpaceUid=&lt;gen:2&gt;, path=edu.ncsu.csc.itrust2.models.persistent.Prescription.patient)
    - QuerySpaces
       - EntityQuerySpaceImpl(uid=&lt;gen:0&gt;, entity=edu.ncsu.csc.itrust2.models.persistent.Prescription)
          - SQL table alias mapping - prescripti0_
          - alias suffix - 0_
          - suffixed key columns - {id1_14_0_}

21:59:32.778 [main] DEBUG o.h.loader.entity.plan.EntityLoader - Static select for entity edu.ncsu.csc.itrust2.models.persistent.Prescription [PESSIMISTIC_READ]: select prescripti0_.id as id1_14_0_, prescripti0_.dosage as dosage2_14_0_, prescripti0_.drug_id as drug_id6_14_0_, prescripti0_.endDate as endDate3_14_0_, prescripti0_.patient_id as patient_7_14_0_, prescripti0_.renewals as renewals4_14_0_, prescripti0_.startDate as startDat5_14_0_ from Prescriptions prescripti0_ where prescripti0_.id=? lock in share mode
21:59:32.778 [main] DEBUG o.h.l.p.b.i.spaces.QuerySpacesImpl - Adding QuerySpace : uid = &lt;gen:0&gt; -&gt; org.hibernate.loader.plan.build.internal.spaces.EntityQuerySpaceImpl@11279761]
21:59:32.778 [main] DEBUG o.h.p.w.spi.MetamodelGraphWalker - Visiting attribute path : dosage
21:59:32.778 [main] DEBUG o.h.p.w.spi.MetamodelGraphWalker - Visiting attribute path : drug
21:59:32.778 [main] DEBUG o.h.l.p.b.i.spaces.QuerySpacesImpl - Adding QuerySpace : uid = &lt;gen:1&gt; -&gt; org.hibernate.loader.plan.build.internal.spaces.EntityQuerySpaceImpl@1f7f2e76]
21:59:32.778 [main] DEBUG o.h.p.w.spi.MetamodelGraphWalker - Visiting attribute path : endDate
21:59:32.778 [main] DEBUG o.h.p.w.spi.MetamodelGraphWalker - Visiting attribute path : patient
21:59:32.778 [main] DEBUG o.h.l.p.b.i.spaces.QuerySpacesImpl - Adding QuerySpace : uid = &lt;gen:2&gt; -&gt; org.hibernate.loader.plan.build.internal.spaces.EntityQuerySpaceImpl@4a229e9d]
21:59:32.778 [main] DEBUG o.h.p.w.spi.MetamodelGraphWalker - Visiting attribute path : renewals
21:59:32.778 [main] DEBUG o.h.p.w.spi.MetamodelGraphWalker - Visiting attribute path : startDate
21:59:32.778 [main] DEBUG o.h.l.p.b.i.FetchStyleLoadPlanBuildingAssociationVisitationStrategy - Building LoadPlan...
21:59:32.778 [main] DEBUG o.h.l.p.e.i.LoadQueryJoinAndFetchProcessor - processing queryspace &lt;gen:0&gt;
21:59:32.779 [main] DEBUG o.h.l.p.b.spi.LoadPlanTreePrinter - LoadPlan(entity=edu.ncsu.csc.itrust2.models.persistent.Prescription)
    - Returns
       - EntityReturnImpl(entity=edu.ncsu.csc.itrust2.models.persistent.Prescription, querySpaceUid=&lt;gen:0&gt;, path=edu.ncsu.csc.itrust2.models.persistent.Prescription)
          - EntityAttributeFetchImpl(entity=edu.ncsu.csc.itrust2.models.persistent.Drug, querySpaceUid=&lt;gen:1&gt;, path=edu.ncsu.csc.itrust2.models.persistent.Prescription.drug)
          - EntityAttributeFetchImpl(entity=edu.ncsu.csc.itrust2.models.persistent.User, querySpaceUid=&lt;gen:2&gt;, path=edu.ncsu.csc.itrust2.models.persistent.Prescription.patient)
    - QuerySpaces
       - EntityQuerySpaceImpl(uid=&lt;gen:0&gt;, entity=edu.ncsu.csc.itrust2.models.persistent.Prescription)
          - SQL table alias mapping - prescripti0_
          - alias suffix - 0_
          - suffixed key columns - {id1_14_0_}

21:59:32.779 [main] DEBUG o.h.loader.entity.plan.EntityLoader - Static select for entity edu.ncsu.csc.itrust2.models.persistent.Prescription [PESSIMISTIC_WRITE]: select prescripti0_.id as id1_14_0_, prescripti0_.dosage as dosage2_14_0_, prescripti0_.drug_id as drug_id6_14_0_, prescripti0_.endDate as endDate3_14_0_, prescripti0_.patient_id as patient_7_14_0_, prescripti0_.renewals as renewals4_14_0_, prescripti0_.startDate as startDat5_14_0_ from Prescriptions prescripti0_ where prescripti0_.id=? for update
21:59:32.779 [main] DEBUG o.h.l.p.b.i.spaces.QuerySpacesImpl - Adding QuerySpace : uid = &lt;gen:0&gt; -&gt; org.hibernate.loader.plan.build.internal.spaces.EntityQuerySpaceImpl@67138427]
21:59:32.779 [main] DEBUG o.h.p.w.spi.MetamodelGraphWalker - Visiting attribute path : dosage
21:59:32.779 [main] DEBUG o.h.p.w.spi.MetamodelGraphWalker - Visiting attribute path : drug
21:59:32.779 [main] DEBUG o.h.l.p.b.i.spaces.QuerySpacesImpl - Adding QuerySpace : uid = &lt;gen:1&gt; -&gt; org.hibernate.loader.plan.build.internal.spaces.EntityQuerySpaceImpl@5a08108d]
21:59:32.779 [main] DEBUG o.h.p.w.spi.MetamodelGraphWalker - Visiting attribute path : endDate
21:59:32.779 [main] DEBUG o.h.p.w.spi.MetamodelGraphWalker - Visiting attribute path : patient
21:59:32.779 [main] DEBUG o.h.l.p.b.i.spaces.QuerySpacesImpl - Adding QuerySpace : uid = &lt;gen:2&gt; -&gt; org.hibernate.loader.plan.build.internal.spaces.EntityQuerySpaceImpl@400bb27]
21:59:32.779 [main] DEBUG o.h.p.w.spi.MetamodelGraphWalker - Visiting attribute path : renewals
21:59:32.779 [main] DEBUG o.h.p.w.spi.MetamodelGraphWalker - Visiting attribute path : startDate
21:59:32.779 [main] DEBUG o.h.l.p.b.i.FetchStyleLoadPlanBuildingAssociationVisitationStrategy - Building LoadPlan...
21:59:32.779 [main] DEBUG o.h.l.p.e.i.LoadQueryJoinAndFetchProcessor - processing queryspace &lt;gen:0&gt;
21:59:32.780 [main] DEBUG o.h.l.p.b.spi.LoadPlanTreePrinter - LoadPlan(entity=edu.ncsu.csc.itrust2.models.persistent.Prescription)
    - Returns
       - EntityReturnImpl(entity=edu.ncsu.csc.itrust2.models.persistent.Prescription, querySpaceUid=&lt;gen:0&gt;, path=edu.ncsu.csc.itrust2.models.persistent.Prescription)
          - EntityAttributeFetchImpl(entity=edu.ncsu.csc.itrust2.models.persistent.Drug, querySpaceUid=&lt;gen:1&gt;, path=edu.ncsu.csc.itrust2.models.persistent.Prescription.drug)
          - EntityAttributeFetchImpl(entity=edu.ncsu.csc.itrust2.models.persistent.User, querySpaceUid=&lt;gen:2&gt;, path=edu.ncsu.csc.itrust2.models.persistent.Prescription.patient)
    - QuerySpaces
       - EntityQuerySpaceImpl(uid=&lt;gen:0&gt;, entity=edu.ncsu.csc.itrust2.models.persistent.Prescription)
          - SQL table alias mapping - prescripti0_
          - alias suffix - 0_
          - suffixed key columns - {id1_14_0_}

21:59:32.780 [main] DEBUG o.h.loader.entity.plan.EntityLoader - Static select for entity edu.ncsu.csc.itrust2.models.persistent.Prescription [PESSIMISTIC_FORCE_INCREMENT]: select prescripti0_.id as id1_14_0_, prescripti0_.dosage as dosage2_14_0_, prescripti0_.drug_id as drug_id6_14_0_, prescripti0_.endDate as endDate3_14_0_, prescripti0_.patient_id as patient_7_14_0_, prescripti0_.renewals as renewals4_14_0_, prescripti0_.startDate as startDat5_14_0_ from Prescriptions prescripti0_ where prescripti0_.id=? for update
21:59:32.780 [main] DEBUG o.h.l.p.b.i.spaces.QuerySpacesImpl - Adding QuerySpace : uid = &lt;gen:0&gt; -&gt; org.hibernate.loader.plan.build.internal.spaces.EntityQuerySpaceImpl@7fc9253c]
21:59:32.780 [main] DEBUG o.h.p.w.spi.MetamodelGraphWalker - Visiting attribute path : dosage
21:59:32.780 [main] DEBUG o.h.p.w.spi.MetamodelGraphWalker - Visiting attribute path : drug
21:59:32.780 [main] DEBUG o.h.l.p.b.i.spaces.QuerySpacesImpl - Adding QuerySpace : uid = &lt;gen:1&gt; -&gt; org.hibernate.loader.plan.build.internal.spaces.EntityQuerySpaceImpl@4dbad471]
21:59:32.780 [main] DEBUG o.h.p.w.spi.MetamodelGraphWalker - Visiting attribute path : endDate
21:59:32.780 [main] DEBUG o.h.p.w.spi.MetamodelGraphWalker - Visiting attribute path : patient
21:59:32.780 [main] DEBUG o.h.l.p.b.i.spaces.QuerySpacesImpl - Adding QuerySpace : uid = &lt;gen:2&gt; -&gt; org.hibernate.loader.plan.build.internal.spaces.EntityQuerySpaceImpl@4ce29762]
21:59:32.780 [main] DEBUG o.h.p.w.spi.MetamodelGraphWalker - Visiting attribute path : renewals
21:59:32.780 [main] DEBUG o.h.p.w.spi.MetamodelGraphWalker - Visiting attribute path : startDate
21:59:32.780 [main] DEBUG o.h.l.p.b.i.FetchStyleLoadPlanBuildingAssociationVisitationStrategy - Building LoadPlan...
21:59:32.781 [main] DEBUG o.h.l.p.e.i.LoadQueryJoinAndFetchProcessor - processing queryspace &lt;gen:0&gt;
21:59:32.781 [main] DEBUG o.h.l.p.b.spi.LoadPlanTreePrinter - LoadPlan(entity=edu.ncsu.csc.itrust2.models.persistent.Prescription)
    - Returns
       - EntityReturnImpl(entity=edu.ncsu.csc.itrust2.models.persistent.Prescription, querySpaceUid=&lt;gen:0&gt;, path=edu.ncsu.csc.itrust2.models.persistent.Prescription)
          - EntityAttributeFetchImpl(entity=edu.ncsu.csc.itrust2.models.persistent.Drug, querySpaceUid=&lt;gen:1&gt;, path=edu.ncsu.csc.itrust2.models.persistent.Prescription.drug)
          - EntityAttributeFetchImpl(entity=edu.ncsu.csc.itrust2.models.persistent.User, querySpaceUid=&lt;gen:2&gt;, path=edu.ncsu.csc.itrust2.models.persistent.Prescription.patient)
    - QuerySpaces
       - EntityQuerySpaceImpl(uid=&lt;gen:0&gt;, entity=edu.ncsu.csc.itrust2.models.persistent.Prescription)
          - SQL table alias mapping - prescripti0_
          - alias suffix - 0_
          - suffixed key columns - {id1_14_0_}

21:59:32.781 [main] DEBUG o.h.loader.entity.plan.EntityLoader - Static select for entity edu.ncsu.csc.itrust2.models.persistent.Prescription [OPTIMISTIC]: select prescripti0_.id as id1_14_0_, prescripti0_.dosage as dosage2_14_0_, prescripti0_.drug_id as drug_id6_14_0_, prescripti0_.endDate as endDate3_14_0_, prescripti0_.patient_id as patient_7_14_0_, prescripti0_.renewals as renewals4_14_0_, prescripti0_.startDate as startDat5_14_0_ from Prescriptions prescripti0_ where prescripti0_.id=?
21:59:32.781 [main] DEBUG o.h.l.p.b.i.spaces.QuerySpacesImpl - Adding QuerySpace : uid = &lt;gen:0&gt; -&gt; org.hibernate.loader.plan.build.internal.spaces.EntityQuerySpaceImpl@7a34bb07]
21:59:32.781 [main] DEBUG o.h.p.w.spi.MetamodelGraphWalker - Visiting attribute path : dosage
21:59:32.781 [main] DEBUG o.h.p.w.spi.MetamodelGraphWalker - Visiting attribute path : drug
21:59:32.781 [main] DEBUG o.h.l.p.b.i.spaces.QuerySpacesImpl - Adding QuerySpace : uid = &lt;gen:1&gt; -&gt; org.hibernate.loader.plan.build.internal.spaces.EntityQuerySpaceImpl@577f25b0]
21:59:32.781 [main] DEBUG o.h.p.w.spi.MetamodelGraphWalker - Visiting attribute path : endDate
21:59:32.781 [main] DEBUG o.h.p.w.spi.MetamodelGraphWalker - Visiting attribute path : patient
21:59:32.781 [main] DEBUG o.h.l.p.b.i.spaces.QuerySpacesImpl - Adding QuerySpace : uid = &lt;gen:2&gt; -&gt; org.hibernate.loader.plan.build.internal.spaces.EntityQuerySpaceImpl@f7ee1ba]
21:59:32.781 [main] DEBUG o.h.p.w.spi.MetamodelGraphWalker - Visiting attribute path : renewals
21:59:32.781 [main] DEBUG o.h.p.w.spi.MetamodelGraphWalker - Visiting attribute path : startDate
21:59:32.782 [main] DEBUG o.h.l.p.b.i.FetchStyleLoadPlanBuildingAssociationVisitationStrategy - Building LoadPlan...
21:59:32.782 [main] DEBUG o.h.l.p.e.i.LoadQueryJoinAndFetchProcessor - processing queryspace &lt;gen:0&gt;
21:59:32.782 [main] DEBUG o.h.l.p.b.spi.LoadPlanTreePrinter - LoadPlan(entity=edu.ncsu.csc.itrust2.models.persistent.Prescription)
    - Returns
       - EntityReturnImpl(entity=edu.ncsu.csc.itrust2.models.persistent.Prescription, querySpaceUid=&lt;gen:0&gt;, path=edu.ncsu.csc.itrust2.models.persistent.Prescription)
          - EntityAttributeFetchImpl(entity=edu.ncsu.csc.itrust2.models.persistent.Drug, querySpaceUid=&lt;gen:1&gt;, path=edu.ncsu.csc.itrust2.models.persistent.Prescription.drug)
          - EntityAttributeFetchImpl(entity=edu.ncsu.csc.itrust2.models.persistent.User, querySpaceUid=&lt;gen:2&gt;, path=edu.ncsu.csc.itrust2.models.persistent.Prescription.patient)
    - QuerySpaces
       - EntityQuerySpaceImpl(uid=&lt;gen:0&gt;, entity=edu.ncsu.csc.itrust2.models.persistent.Prescription)
          - SQL table alias mapping - prescripti0_
          - alias suffix - 0_
          - suffixed key columns - {id1_14_0_}

21:59:32.782 [main] DEBUG o.h.loader.entity.plan.EntityLoader - Static select for entity edu.ncsu.csc.itrust2.models.persistent.Prescription [OPTIMISTIC_FORCE_INCREMENT]: select prescripti0_.id as id1_14_0_, prescripti0_.dosage as dosage2_14_0_, prescripti0_.drug_id as drug_id6_14_0_, prescripti0_.endDate as endDate3_14_0_, prescripti0_.patient_id as patient_7_14_0_, prescripti0_.renewals as renewals4_14_0_, prescripti0_.startDate as startDat5_14_0_ from Prescriptions prescripti0_ where prescripti0_.id=?
21:59:32.782 [main] DEBUG org.hibernate.loader.Loader - Static select for action ACTION_MERGE on entity edu.ncsu.csc.itrust2.models.persistent.Prescription: select prescripti0_.id as id1_14_0_, prescripti0_.dosage as dosage2_14_0_, prescripti0_.drug_id as drug_id6_14_0_, prescripti0_.endDate as endDate3_14_0_, prescripti0_.patient_id as patient_7_14_0_, prescripti0_.renewals as renewals4_14_0_, prescripti0_.startDate as startDat5_14_0_ from Prescriptions prescripti0_ where prescripti0_.id=?
21:59:32.782 [main] DEBUG org.hibernate.loader.Loader - Static select for action ACTION_REFRESH on entity edu.ncsu.csc.itrust2.models.persistent.Prescription: select prescripti0_.id as id1_14_0_, prescripti0_.dosage as dosage2_14_0_, prescripti0_.drug_id as drug_id6_14_0_, prescripti0_.endDate as endDate3_14_0_, prescripti0_.patient_id as patient_7_14_0_, prescripti0_.renewals as renewals4_14_0_, prescripti0_.startDate as startDat5_14_0_ from Prescriptions prescripti0_ where prescripti0_.id=?
21:59:32.790 [main] DEBUG o.h.l.p.b.i.spaces.QuerySpacesImpl - Adding QuerySpace : uid = &lt;gen:0&gt; -&gt; org.hibernate.loader.plan.build.internal.spaces.CollectionQuerySpaceImpl@3f64099c]
21:59:32.790 [main] DEBUG o.h.l.p.b.i.spaces.QuerySpacesImpl - Adding QuerySpace : uid = &lt;gen:1&gt; -&gt; org.hibernate.loader.plan.build.internal.spaces.EntityQuerySpaceImpl@1c08cd61]
21:59:32.790 [main] DEBUG o.h.p.w.spi.MetamodelGraphWalker - Visiting attribute path : dosage
21:59:32.790 [main] DEBUG o.h.p.w.spi.MetamodelGraphWalker - Visiting attribute path : drug
21:59:32.790 [main] DEBUG o.h.l.p.b.i.spaces.QuerySpacesImpl - Adding QuerySpace : uid = &lt;gen:2&gt; -&gt; org.hibernate.loader.plan.build.internal.spaces.EntityQuerySpaceImpl@6534e741]
21:59:32.790 [main] DEBUG o.h.p.w.spi.MetamodelGraphWalker - Visiting attribute path : drug.code
21:59:32.790 [main] DEBUG o.h.p.w.spi.MetamodelGraphWalker - Visiting attribute path : drug.description
21:59:32.790 [main] DEBUG o.h.p.w.spi.MetamodelGraphWalker - Visiting attribute path : drug.name
21:59:32.790 [main] DEBUG o.h.p.w.spi.MetamodelGraphWalker - Visiting attribute path : endDate
21:59:32.791 [main] DEBUG o.h.p.w.spi.MetamodelGraphWalker - Visiting attribute path : patient
21:59:32.791 [main] DEBUG o.h.l.p.b.i.spaces.QuerySpacesImpl - Adding QuerySpace : uid = &lt;gen:3&gt; -&gt; org.hibernate.loader.plan.build.internal.spaces.EntityQuerySpaceImpl@281a0c26]
21:59:32.791 [main] DEBUG o.h.p.w.spi.MetamodelGraphWalker - Visiting attribute path : patient.enabled
21:59:32.791 [main] DEBUG o.h.p.w.spi.MetamodelGraphWalker - Visiting attribute path : patient.password
21:59:32.791 [main] DEBUG o.h.p.w.spi.MetamodelGraphWalker - Visiting attribute path : patient.role
21:59:32.791 [main] DEBUG o.h.p.w.spi.MetamodelGraphWalker - Visiting attribute path : renewals
21:59:32.791 [main] DEBUG o.h.p.w.spi.MetamodelGraphWalker - Visiting attribute path : startDate
21:59:32.791 [main] DEBUG o.h.l.p.b.i.FetchStyleLoadPlanBuildingAssociationVisitationStrategy - Building LoadPlan...
21:59:32.793 [main] DEBUG o.h.l.p.e.i.LoadQueryJoinAndFetchProcessor - processing queryspace &lt;gen:0&gt;
21:59:32.793 [main] DEBUG o.h.l.p.b.spi.LoadPlanTreePrinter - LoadPlan(collection=edu.ncsu.csc.itrust2.models.persistent.OfficeVisit.prescriptions)
    - Returns
       - CollectionReturnImpl(collection=edu.ncsu.csc.itrust2.models.persistent.OfficeVisit.prescriptions, querySpaceUid=&lt;gen:0&gt;, path=[edu.ncsu.csc.itrust2.models.persistent.OfficeVisit.prescriptions])
          - (collection element) CollectionFetchableElementEntityGraph(entity=edu.ncsu.csc.itrust2.models.persistent.Prescription, querySpaceUid=&lt;gen:1&gt;, path=[edu.ncsu.csc.itrust2.models.persistent.OfficeVisit.prescriptions].&lt;elements&gt;)
             - EntityAttributeFetchImpl(entity=edu.ncsu.csc.itrust2.models.persistent.Drug, querySpaceUid=&lt;gen:2&gt;, path=[edu.ncsu.csc.itrust2.models.persistent.OfficeVisit.prescriptions].&lt;elements&gt;.drug)
             - EntityAttributeFetchImpl(entity=edu.ncsu.csc.itrust2.models.persistent.User, querySpaceUid=&lt;gen:3&gt;, path=[edu.ncsu.csc.itrust2.models.persistent.OfficeVisit.prescriptions].&lt;elements&gt;.patient)
    - QuerySpaces
       - CollectionQuerySpaceImpl(uid=&lt;gen:0&gt;, collection=edu.ncsu.csc.itrust2.models.persistent.OfficeVisit.prescriptions)
          - SQL table alias mapping - prescripti0_
          - alias suffix - 0_
          - suffixed key columns - {prescrip8_14_0_}
          - entity-element alias suffix - 1_
          - 1_entity-element suffixed key columns - id1_14_1_
          - JOIN (JoinDefinedByMetadata(elements)) : &lt;gen:0&gt; -&gt; &lt;gen:1&gt;
             - EntityQuerySpaceImpl(uid=&lt;gen:1&gt;, entity=edu.ncsu.csc.itrust2.models.persistent.Prescription)
                - SQL table alias mapping - prescripti0_
                - alias suffix - 1_
                - suffixed key columns - {id1_14_1_}
                - JOIN (JoinDefinedByMetadata(drug)) : &lt;gen:1&gt; -&gt; &lt;gen:2&gt;
                   - EntityQuerySpaceImpl(uid=&lt;gen:2&gt;, entity=edu.ncsu.csc.itrust2.models.persistent.Drug)
                      - SQL table alias mapping - drug1_
                      - alias suffix - 2_
                      - suffixed key columns - {id1_3_2_}
                - JOIN (JoinDefinedByMetadata(patient)) : &lt;gen:1&gt; -&gt; &lt;gen:3&gt;
                   - EntityQuerySpaceImpl(uid=&lt;gen:3&gt;, entity=edu.ncsu.csc.itrust2.models.persistent.User)
                      - SQL table alias mapping - user2_
                      - alias suffix - 3_
                      - suffixed key columns - {username1_15_3_}

21:59:32.794 [main] DEBUG o.h.l.c.plan.CollectionLoader - Static select for collection edu.ncsu.csc.itrust2.models.persistent.OfficeVisit.prescriptions: select prescripti0_.prescriptions_id as prescrip8_14_0_, prescripti0_.id as id1_14_0_, prescripti0_.id as id1_14_1_, prescripti0_.dosage as dosage2_14_1_, prescripti0_.drug_id as drug_id6_14_1_, prescripti0_.endDate as endDate3_14_1_, prescripti0_.patient_id as patient_7_14_1_, prescripti0_.renewals as renewals4_14_1_, prescripti0_.startDate as startDat5_14_1_, drug1_.id as id1_3_2_, drug1_.code as code2_3_2_, drug1_.description as descript3_3_2_, drug1_.name as name4_3_2_, user2_.username as username1_15_3_, user2_.enabled as enabled2_15_3_, user2_.password as password3_15_3_, user2_.role as role4_15_3_ from Prescriptions prescripti0_ inner join Drugs drug1_ on prescripti0_.drug_id=drug1_.id inner join Users user2_ on prescripti0_.patient_id=user2_.username where prescripti0_.prescriptions_id=?
21:59:32.794 [main] DEBUG o.h.internal.SessionFactoryImpl - Instantiated session factory
21:59:32.798 [main] INFO  o.h.tool.hbm2ddl.SchemaUpdate - HHH000228: Running hbm2ddl schema update
</stdout>
          <failedSince>1</failedSince>
        </case>
        <case>
          <duration>0.001</duration>
          <className>edu.ncsu.csc.itrust2.unit.EmailUtilTest</className>
          <testName>testSendEmail</testName>
          <skipped>false</skipped>
          <errorStackTrace>java.lang.NullPointerException: invoice
	at edu.ncsu.csc.itrust2.unit.EmailUtilTest.testSendEmail(EmailUtilTest.java:31)
</errorStackTrace>
          <errorDetails>invoice</errorDetails>
          <failedSince>1</failedSince>
        </case>
      </cases>
    </suite>
    <suite>
      <file>/var/lib/jenkins/jobs/iTrust_Fuzzer/workspace/iTrust2/target/surefire-reports/TEST-edu.ncsu.csc.itrust2.unit.HospitalFormTest.xml</file>
      <name>edu.ncsu.csc.itrust2.unit.HospitalFormTest</name>
      <duration>0.0</duration>
      <time>0</time>
      <enclosingBlocks/>
      <enclosingBlockNames/>
      <cases>
        <case>
          <duration>0.0</duration>
          <className>edu.ncsu.csc.itrust2.unit.HospitalFormTest</className>
          <testName>testHospitalForm</testName>
          <skipped>false</skipped>
          <failedSince>0</failedSince>
        </case>
      </cases>
    </suite>
    <suite>
      <file>/var/lib/jenkins/jobs/iTrust_Fuzzer/workspace/iTrust2/target/surefire-reports/TEST-edu.ncsu.csc.itrust2.unit.ICDCodeTest.xml</file>
      <name>edu.ncsu.csc.itrust2.unit.ICDCodeTest</name>
      <duration>0.0</duration>
      <time>0</time>
      <enclosingBlocks/>
      <enclosingBlockNames/>
      <cases>
        <case>
          <duration>0.0</duration>
          <className>edu.ncsu.csc.itrust2.unit.ICDCodeTest</className>
          <testName>testCodes</testName>
          <skipped>false</skipped>
          <failedSince>0</failedSince>
        </case>
        <case>
          <duration>0.0</duration>
          <className>edu.ncsu.csc.itrust2.unit.ICDCodeTest</className>
          <testName>testInvalidCodes</testName>
          <skipped>false</skipped>
          <errorStackTrace>org.junit.ComparisonFailure: expected:&lt;[Code must begin with a capital letter: ]111&gt; but was:&lt;[Montana]111&gt;
	at edu.ncsu.csc.itrust2.unit.ICDCodeTest.testInvalidCodes(ICDCodeTest.java:57)
</errorStackTrace>
          <errorDetails>expected:&lt;[Code must begin with a capital letter: ]111&gt; but was:&lt;[Montana]111&gt;</errorDetails>
          <failedSince>1</failedSince>
        </case>
      </cases>
    </suite>
    <suite>
      <file>/var/lib/jenkins/jobs/iTrust_Fuzzer/workspace/iTrust2/target/surefire-reports/TEST-edu.ncsu.csc.itrust2.unit.LockoutTest.xml</file>
      <name>edu.ncsu.csc.itrust2.unit.LockoutTest</name>
      <duration>0.001</duration>
      <time>0.001</time>
      <enclosingBlocks/>
      <enclosingBlockNames/>
      <cases>
        <case>
          <duration>0.0</duration>
          <className>edu.ncsu.csc.itrust2.unit.LockoutTest</className>
          <testName>testUserLockouts</testName>
          <skipped>false</skipped>
          <errorStackTrace>java.lang.NoClassDefFoundError: Could not initialize class edu.ncsu.csc.itrust2.utils.HibernateUtil
	at edu.ncsu.csc.itrust2.unit.LockoutTest.testUserLockouts(LockoutTest.java:24)
</errorStackTrace>
          <errorDetails>Could not initialize class edu.ncsu.csc.itrust2.utils.HibernateUtil</errorDetails>
          <failedSince>1</failedSince>
        </case>
        <case>
          <duration>0.001</duration>
          <className>edu.ncsu.csc.itrust2.unit.LockoutTest</className>
          <testName>testIPLockouts</testName>
          <skipped>false</skipped>
          <errorStackTrace>java.lang.NoClassDefFoundError: Could not initialize class edu.ncsu.csc.itrust2.utils.HibernateUtil
	at edu.ncsu.csc.itrust2.unit.LockoutTest.testIPLockouts(LockoutTest.java:95)
</errorStackTrace>
          <errorDetails>Could not initialize class edu.ncsu.csc.itrust2.utils.HibernateUtil</errorDetails>
          <failedSince>1</failedSince>
        </case>
      </cases>
    </suite>
    <suite>
      <file>/var/lib/jenkins/jobs/iTrust_Fuzzer/workspace/iTrust2/target/surefire-reports/TEST-edu.ncsu.csc.itrust2.unit.LogTest.xml</file>
      <name>edu.ncsu.csc.itrust2.unit.LogTest</name>
      <duration>0.001</duration>
      <time>0.001</time>
      <enclosingBlocks/>
      <enclosingBlockNames/>
      <cases>
        <case>
          <duration>0.001</duration>
          <className>edu.ncsu.csc.itrust2.unit.LogTest</className>
          <testName>testLogging</testName>
          <skipped>false</skipped>
          <errorStackTrace>java.lang.NoClassDefFoundError: Could not initialize class edu.ncsu.csc.itrust2.utils.HibernateUtil
	at edu.ncsu.csc.itrust2.unit.LogTest.testLogging(LogTest.java:28)
</errorStackTrace>
          <errorDetails>Could not initialize class edu.ncsu.csc.itrust2.utils.HibernateUtil</errorDetails>
          <failedSince>1</failedSince>
        </case>
      </cases>
    </suite>
    <suite>
      <file>/var/lib/jenkins/jobs/iTrust_Fuzzer/workspace/iTrust2/target/surefire-reports/TEST-edu.ncsu.csc.itrust2.unit.OfficeVisitTest.xml</file>
      <name>edu.ncsu.csc.itrust2.unit.OfficeVisitTest</name>
      <duration>0.0</duration>
      <time>0</time>
      <enclosingBlocks/>
      <enclosingBlockNames/>
      <cases>
        <case>
          <duration>0.0</duration>
          <className>edu.ncsu.csc.itrust2.unit.OfficeVisitTest</className>
          <testName>testOfficeVisit</testName>
          <skipped>false</skipped>
          <errorStackTrace>java.lang.NoClassDefFoundError: Could not initialize class edu.ncsu.csc.itrust2.utils.HibernateUtil
	at edu.ncsu.csc.itrust2.unit.OfficeVisitTest.testOfficeVisit(OfficeVisitTest.java:27)
</errorStackTrace>
          <errorDetails>Could not initialize class edu.ncsu.csc.itrust2.utils.HibernateUtil</errorDetails>
          <failedSince>1</failedSince>
        </case>
      </cases>
    </suite>
    <suite>
      <file>/var/lib/jenkins/jobs/iTrust_Fuzzer/workspace/iTrust2/target/surefire-reports/TEST-edu.ncsu.csc.itrust2.unit.PasswordChangeTest.xml</file>
      <name>edu.ncsu.csc.itrust2.unit.PasswordChangeTest</name>
      <duration>0.001</duration>
      <time>0.001</time>
      <enclosingBlocks/>
      <enclosingBlockNames/>
      <cases>
        <case>
          <duration>0.0</duration>
          <className>edu.ncsu.csc.itrust2.unit.PasswordChangeTest</className>
          <testName>testPasswordReset</testName>
          <skipped>false</skipped>
          <errorStackTrace>java.lang.NoClassDefFoundError: Could not initialize class edu.ncsu.csc.itrust2.utils.HibernateUtil
	at edu.ncsu.csc.itrust2.unit.PasswordChangeTest.testPasswordReset(PasswordChangeTest.java:89)
</errorStackTrace>
          <errorDetails>Could not initialize class edu.ncsu.csc.itrust2.utils.HibernateUtil</errorDetails>
          <failedSince>1</failedSince>
        </case>
        <case>
          <duration>0.0</duration>
          <className>edu.ncsu.csc.itrust2.unit.PasswordChangeTest</className>
          <testName>testPasswordChangeForm</testName>
          <skipped>false</skipped>
          <errorStackTrace>org.junit.ComparisonFailure: expected:&lt;[Incorrect password.]&gt; but was:&lt;[Avon]&gt;
	at edu.ncsu.csc.itrust2.unit.PasswordChangeTest.testPasswordChangeForm(PasswordChangeTest.java:58)
</errorStackTrace>
          <errorDetails>expected:&lt;[Incorrect password.]&gt; but was:&lt;[Avon]&gt;</errorDetails>
          <failedSince>1</failedSince>
        </case>
      </cases>
    </suite>
    <suite>
      <file>/var/lib/jenkins/jobs/iTrust_Fuzzer/workspace/iTrust2/target/surefire-reports/TEST-edu.ncsu.csc.itrust2.unit.PatientTest.xml</file>
      <name>edu.ncsu.csc.itrust2.unit.PatientTest</name>
      <duration>0.0</duration>
      <time>0</time>
      <enclosingBlocks/>
      <enclosingBlockNames/>
      <cases>
        <case>
          <duration>0.0</duration>
          <className>edu.ncsu.csc.itrust2.unit.PatientTest</className>
          <testName>testPatientDateOfDeath</testName>
          <skipped>false</skipped>
          <errorStackTrace>java.lang.NoClassDefFoundError: Could not initialize class edu.ncsu.csc.itrust2.utils.HibernateUtil
	at edu.ncsu.csc.itrust2.unit.PatientTest.testPatientDateOfDeath(PatientTest.java:42)
</errorStackTrace>
          <errorDetails>Could not initialize class edu.ncsu.csc.itrust2.utils.HibernateUtil</errorDetails>
          <failedSince>1</failedSince>
        </case>
        <case>
          <duration>0.0</duration>
          <className>edu.ncsu.csc.itrust2.unit.PatientTest</className>
          <testName>testFieldValidation</testName>
          <skipped>false</skipped>
          <failedSince>0</failedSince>
        </case>
      </cases>
    </suite>
    <suite>
      <file>/var/lib/jenkins/jobs/iTrust_Fuzzer/workspace/iTrust2/target/surefire-reports/TEST-edu.ncsu.csc.itrust2.unit.PersonnelFormTest.xml</file>
      <name>edu.ncsu.csc.itrust2.unit.PersonnelFormTest</name>
      <duration>0.063</duration>
      <time>0.063</time>
      <enclosingBlocks/>
      <enclosingBlockNames/>
      <cases>
        <case>
          <duration>0.022</duration>
          <className>edu.ncsu.csc.itrust2.unit.PersonnelFormTest</className>
          <testName>testPersonnelForm</testName>
          <skipped>false</skipped>
          <failedSince>0</failedSince>
        </case>
      </cases>
    </suite>
    <suite>
      <file>/var/lib/jenkins/jobs/iTrust_Fuzzer/workspace/iTrust2/target/surefire-reports/TEST-edu.ncsu.csc.itrust2.unit.UserTest.xml</file>
      <name>edu.ncsu.csc.itrust2.unit.UserTest</name>
      <duration>0.0</duration>
      <time>0</time>
      <enclosingBlocks/>
      <enclosingBlockNames/>
      <cases>
        <case>
          <duration>0.0</duration>
          <className>edu.ncsu.csc.itrust2.unit.UserTest</className>
          <testName>testEqualsAndProperties</testName>
          <skipped>false</skipped>
          <errorStackTrace>java.lang.AssertionError
	at edu.ncsu.csc.itrust2.unit.UserTest.testEqualsAndProperties(UserTest.java:29)
</errorStackTrace>
          <failedSince>56</failedSince>
        </case>
      </cases>
    </suite>
  </suites>
  <duration>5.2939997</duration>
  <keepLongStdio>false</keepLongStdio>
</result>